[runlim] version:		1.17
[runlim] host:			c3n23
[runlim] time limit:		311040000 seconds
[runlim] real time limit:	3600 seconds
[runlim] space limit:		120000 MB
[runlim] argv[0]:		./run-conps-btormc-no-thp.sh
[runlim] argv[1]:		/tmp/ORG6R6MR.btor
[runlim] start:			Thu Oct 17 19:25:50 2019
[runlim] child:			7725
[runlim] sample:		9.98 time, 10.02 real, 182 MB
[runlim] sample:		19.98 time, 20.01 real, 321 MB
[runlim] sample:		29.98 time, 30.02 real, 475 MB
[runlim] sample:		39.98 time, 40.02 real, 580 MB
[runlim] sample:		49.98 time, 50.02 real, 687 MB
[runlim] sample:		59.98 time, 60.02 real, 810 MB
[runlim] sample:		69.98 time, 70.02 real, 876 MB
[runlim] sample:		79.98 time, 80.02 real, 894 MB
[runlim] sample:		89.98 time, 90.02 real, 1069 MB
[runlim] sample:		99.98 time, 100.02 real, 1104 MB
[runlim] end:			Thu Oct 17 19:27:36 2019
[runlim] status:		ok
[runlim] result:		0
[runlim] children:		3
[runlim] real:			106.06 seconds
[runlim] time:			105.98 seconds
[runlim] space:			1147 MB
[runlim] samples:		1060
