[runlim] version:		1.17
[runlim] host:			c3n15
[runlim] time limit:		311040000 seconds
[runlim] real time limit:	3600 seconds
[runlim] space limit:		120000 MB
[runlim] argv[0]:		./run-conps-btormc-no-thp.sh
[runlim] argv[1]:		/tmp/ya3kxTuF.btor
[runlim] start:			Thu Oct 17 21:26:29 2019
[runlim] child:			31424
[runlim] sample:		9.98 time, 10.01 real, 135 MB
[runlim] sample:		19.98 time, 20.01 real, 236 MB
[runlim] sample:		29.98 time, 30.02 real, 344 MB
[runlim] sample:		39.98 time, 40.02 real, 459 MB
[runlim] sample:		49.98 time, 50.02 real, 463 MB
[runlim] sample:		59.98 time, 60.02 real, 497 MB
[runlim] sample:		69.98 time, 70.02 real, 664 MB
[runlim] sample:		79.98 time, 80.01 real, 709 MB
[runlim] sample:		89.98 time, 90.02 real, 736 MB
[runlim] sample:		99.98 time, 100.01 real, 811 MB
[runlim] sample:		109.98 time, 110.02 real, 869 MB
[runlim] sample:		119.98 time, 120.01 real, 773 MB
[runlim] sample:		129.98 time, 130.02 real, 882 MB
[runlim] sample:		139.98 time, 140.02 real, 851 MB
[runlim] sample:		149.98 time, 150.02 real, 923 MB
[runlim] sample:		159.98 time, 160.02 real, 845 MB
[runlim] sample:		169.98 time, 170.01 real, 857 MB
[runlim] sample:		179.97 time, 180.02 real, 867 MB
[runlim] sample:		189.97 time, 190.02 real, 867 MB
[runlim] sample:		199.97 time, 200.02 real, 867 MB
[runlim] sample:		209.98 time, 210.02 real, 998 MB
[runlim] sample:		219.98 time, 220.02 real, 957 MB
[runlim] sample:		229.98 time, 230.01 real, 967 MB
[runlim] sample:		239.98 time, 240.02 real, 1097 MB
[runlim] sample:		249.98 time, 250.02 real, 1000 MB
[runlim] sample:		259.97 time, 260.01 real, 1002 MB
[runlim] sample:		269.98 time, 270.02 real, 1093 MB
[runlim] sample:		279.98 time, 280.02 real, 1177 MB
[runlim] sample:		289.98 time, 290.02 real, 1177 MB
[runlim] sample:		299.98 time, 300.02 real, 1109 MB
[runlim] sample:		309.98 time, 310.02 real, 1090 MB
[runlim] sample:		319.97 time, 320.02 real, 1090 MB
[runlim] sample:		329.98 time, 330.02 real, 1219 MB
[runlim] sample:		339.98 time, 340.02 real, 1219 MB
[runlim] sample:		349.98 time, 350.02 real, 1091 MB
[runlim] sample:		359.98 time, 360.02 real, 1126 MB
[runlim] sample:		369.98 time, 370.02 real, 1123 MB
[runlim] sample:		379.97 time, 380.02 real, 1266 MB
[runlim] sample:		389.97 time, 390.02 real, 1270 MB
[runlim] sample:		399.98 time, 400.02 real, 1261 MB
[runlim] sample:		409.98 time, 410.02 real, 1175 MB
[runlim] sample:		419.97 time, 420.02 real, 1273 MB
[runlim] sample:		429.98 time, 430.02 real, 1140 MB
[runlim] sample:		439.98 time, 440.02 real, 1109 MB
[runlim] sample:		449.98 time, 450.02 real, 1246 MB
[runlim] sample:		459.97 time, 460.02 real, 1301 MB
[runlim] sample:		469.98 time, 470.02 real, 1267 MB
[runlim] sample:		479.97 time, 480.02 real, 1177 MB
[runlim] sample:		489.97 time, 490.02 real, 1371 MB
[runlim] sample:		499.97 time, 500.02 real, 1427 MB
[runlim] sample:		509.97 time, 510.02 real, 1370 MB
[runlim] sample:		519.97 time, 520.01 real, 1306 MB
[runlim] sample:		529.98 time, 530.02 real, 1306 MB
[runlim] sample:		539.98 time, 540.02 real, 1457 MB
[runlim] sample:		549.98 time, 550.02 real, 1308 MB
[runlim] sample:		559.98 time, 560.02 real, 1342 MB
[runlim] sample:		569.97 time, 570.02 real, 1342 MB
[runlim] sample:		579.97 time, 580.02 real, 1550 MB
[runlim] sample:		589.97 time, 590.02 real, 1456 MB
[runlim] sample:		599.97 time, 600.02 real, 1347 MB
[runlim] sample:		609.97 time, 610.02 real, 1500 MB
[runlim] sample:		619.97 time, 620.02 real, 1446 MB
[runlim] sample:		629.97 time, 630.02 real, 1347 MB
[runlim] sample:		639.97 time, 640.01 real, 1347 MB
[runlim] sample:		649.98 time, 650.02 real, 1347 MB
[runlim] sample:		659.97 time, 660.02 real, 1481 MB
[runlim] sample:		669.97 time, 670.02 real, 1415 MB
[runlim] sample:		679.97 time, 680.02 real, 1360 MB
[runlim] sample:		689.97 time, 690.02 real, 1384 MB
[runlim] sample:		699.97 time, 700.01 real, 1367 MB
[runlim] sample:		709.97 time, 710.02 real, 1395 MB
[runlim] sample:		719.97 time, 720.02 real, 1514 MB
[runlim] sample:		729.97 time, 730.02 real, 1377 MB
[runlim] sample:		739.97 time, 740.02 real, 1389 MB
[runlim] sample:		749.97 time, 750.02 real, 1389 MB
[runlim] sample:		759.98 time, 760.02 real, 1389 MB
[runlim] sample:		769.98 time, 770.02 real, 1389 MB
[runlim] sample:		779.97 time, 780.02 real, 1562 MB
[runlim] sample:		789.97 time, 790.02 real, 1505 MB
[runlim] sample:		799.97 time, 800.02 real, 1505 MB
[runlim] sample:		809.97 time, 810.02 real, 1505 MB
[runlim] sample:		819.97 time, 820.02 real, 1539 MB
[runlim] sample:		829.97 time, 830.02 real, 1497 MB
[runlim] sample:		839.97 time, 840.02 real, 1412 MB
[runlim] sample:		849.97 time, 850.02 real, 1412 MB
[runlim] sample:		859.97 time, 860.02 real, 1412 MB
[runlim] sample:		869.97 time, 870.02 real, 1412 MB
[runlim] sample:		879.97 time, 880.01 real, 1412 MB
[runlim] sample:		889.97 time, 890.02 real, 1441 MB
[runlim] sample:		899.97 time, 900.02 real, 1441 MB
[runlim] sample:		909.97 time, 910.02 real, 1441 MB
[runlim] sample:		919.97 time, 920.02 real, 1976 MB
[runlim] sample:		929.97 time, 930.02 real, 1976 MB
[runlim] sample:		939.97 time, 940.02 real, 1642 MB
[runlim] sample:		949.97 time, 950.02 real, 1592 MB
[runlim] sample:		959.97 time, 960.02 real, 1515 MB
[runlim] sample:		969.97 time, 970.02 real, 1478 MB
[runlim] sample:		979.96 time, 980.02 real, 1478 MB
[runlim] sample:		989.97 time, 990.02 real, 1664 MB
[runlim] sample:		999.97 time, 1000.02 real, 1651 MB
[runlim] sample:		1009.97 time, 1010.02 real, 1485 MB
[runlim] sample:		1019.97 time, 1020.02 real, 1479 MB
[runlim] sample:		1029.97 time, 1030.02 real, 1479 MB
[runlim] sample:		1039.97 time, 1040.02 real, 1661 MB
[runlim] sample:		1049.97 time, 1050.02 real, 1718 MB
[runlim] sample:		1059.97 time, 1060.01 real, 1559 MB
[runlim] sample:		1069.97 time, 1070.02 real, 1559 MB
[runlim] sample:		1079.96 time, 1080.02 real, 1559 MB
[runlim] sample:		1089.97 time, 1090.02 real, 1743 MB
[runlim] sample:		1099.97 time, 1100.02 real, 1557 MB
[runlim] sample:		1109.97 time, 1110.02 real, 1557 MB
[runlim] sample:		1119.97 time, 1120.02 real, 1557 MB
[runlim] sample:		1129.97 time, 1130.02 real, 1557 MB
[runlim] sample:		1139.96 time, 1140.02 real, 1701 MB
[runlim] sample:		1149.97 time, 1150.02 real, 1536 MB
[runlim] sample:		1159.97 time, 1160.02 real, 1538 MB
[runlim] sample:		1169.97 time, 1170.02 real, 1538 MB
[runlim] sample:		1179.97 time, 1180.02 real, 1538 MB
[runlim] sample:		1189.97 time, 1190.02 real, 1539 MB
[runlim] sample:		1199.96 time, 1200.02 real, 1650 MB
[runlim] sample:		1209.96 time, 1210.02 real, 1541 MB
[runlim] sample:		1219.97 time, 1220.02 real, 1541 MB
[runlim] sample:		1229.97 time, 1230.02 real, 1712 MB
[runlim] sample:		1239.97 time, 1240.02 real, 1712 MB
[runlim] sample:		1249.97 time, 1250.02 real, 1712 MB
[runlim] sample:		1259.97 time, 1260.02 real, 1712 MB
[runlim] sample:		1269.96 time, 1270.02 real, 1712 MB
[runlim] sample:		1279.96 time, 1280.02 real, 1712 MB
[runlim] sample:		1289.97 time, 1290.02 real, 1712 MB
[runlim] sample:		1299.97 time, 1300.02 real, 1712 MB
[runlim] sample:		1309.96 time, 1310.02 real, 2253 MB
[runlim] sample:		1319.96 time, 1320.02 real, 2253 MB
[runlim] sample:		1329.97 time, 1330.02 real, 2477 MB
[runlim] sample:		1339.96 time, 1340.02 real, 2456 MB
[runlim] sample:		1349.97 time, 1350.02 real, 2347 MB
[runlim] sample:		1359.96 time, 1360.02 real, 2350 MB
[runlim] sample:		1369.96 time, 1370.02 real, 2270 MB
[runlim] sample:		1379.96 time, 1380.02 real, 2270 MB
[runlim] sample:		1389.96 time, 1390.02 real, 2270 MB
[runlim] sample:		1399.96 time, 1400.02 real, 2270 MB
[runlim] sample:		1409.96 time, 1410.02 real, 2270 MB
[runlim] sample:		1419.97 time, 1420.02 real, 2270 MB
[runlim] sample:		1429.96 time, 1430.02 real, 2369 MB
[runlim] sample:		1439.96 time, 1440.01 real, 2331 MB
[runlim] sample:		1449.97 time, 1450.02 real, 2332 MB
[runlim] sample:		1459.96 time, 1460.02 real, 2378 MB
[runlim] sample:		1469.96 time, 1470.01 real, 2378 MB
[runlim] sample:		1479.96 time, 1480.01 real, 2441 MB
[runlim] sample:		1489.97 time, 1490.02 real, 2441 MB
[runlim] sample:		1499.96 time, 1500.02 real, 2479 MB
[runlim] sample:		1509.97 time, 1510.01 real, 2479 MB
[runlim] sample:		1519.97 time, 1520.01 real, 2479 MB
[runlim] sample:		1529.96 time, 1530.01 real, 2479 MB
[runlim] sample:		1539.96 time, 1540.01 real, 2479 MB
[runlim] sample:		1549.96 time, 1550.01 real, 2479 MB
[runlim] sample:		1559.97 time, 1560.01 real, 2511 MB
[runlim] sample:		1569.96 time, 1570.02 real, 2511 MB
[runlim] sample:		1579.96 time, 1580.01 real, 2511 MB
[runlim] sample:		1589.96 time, 1590.01 real, 2511 MB
[runlim] sample:		1599.96 time, 1600.01 real, 2511 MB
[runlim] sample:		1609.96 time, 1610.02 real, 2511 MB
[runlim] sample:		1619.96 time, 1620.02 real, 2511 MB
[runlim] sample:		1629.96 time, 1630.02 real, 2561 MB
[runlim] sample:		1639.97 time, 1640.01 real, 2561 MB
[runlim] sample:		1649.96 time, 1650.01 real, 2561 MB
[runlim] sample:		1659.96 time, 1660.01 real, 2561 MB
[runlim] sample:		1669.96 time, 1670.01 real, 2561 MB
[runlim] sample:		1679.96 time, 1680.02 real, 2561 MB
[runlim] sample:		1689.96 time, 1690.02 real, 2586 MB
[runlim] sample:		1699.96 time, 1700.01 real, 2586 MB
[runlim] sample:		1709.96 time, 1710.01 real, 2586 MB
[runlim] sample:		1719.96 time, 1720.01 real, 2586 MB
[runlim] sample:		1729.96 time, 1730.02 real, 2588 MB
[runlim] sample:		1739.96 time, 1740.02 real, 2588 MB
[runlim] sample:		1749.96 time, 1750.02 real, 2588 MB
[runlim] sample:		1759.96 time, 1760.02 real, 2588 MB
[runlim] sample:		1769.96 time, 1770.02 real, 2588 MB
[runlim] sample:		1779.96 time, 1780.02 real, 2588 MB
[runlim] sample:		1789.96 time, 1790.02 real, 2588 MB
[runlim] sample:		1799.96 time, 1800.02 real, 2588 MB
[runlim] sample:		1809.96 time, 1810.02 real, 2588 MB
[runlim] sample:		1819.96 time, 1820.02 real, 2588 MB
[runlim] sample:		1829.96 time, 1830.02 real, 2722 MB
[runlim] sample:		1839.96 time, 1840.01 real, 2588 MB
[runlim] sample:		1849.96 time, 1850.01 real, 2588 MB
[runlim] sample:		1859.96 time, 1860.02 real, 2588 MB
[runlim] sample:		1869.96 time, 1870.02 real, 2588 MB
[runlim] sample:		1879.96 time, 1880.02 real, 2588 MB
[runlim] sample:		1889.96 time, 1890.02 real, 2588 MB
[runlim] sample:		1899.96 time, 1900.02 real, 2588 MB
[runlim] sample:		1909.96 time, 1910.02 real, 2588 MB
[runlim] sample:		1919.96 time, 1920.02 real, 2588 MB
[runlim] sample:		1929.96 time, 1930.02 real, 2588 MB
[runlim] sample:		1939.96 time, 1940.02 real, 2588 MB
[runlim] sample:		1949.96 time, 1950.02 real, 2589 MB
[runlim] sample:		1959.96 time, 1960.02 real, 2589 MB
[runlim] sample:		1969.96 time, 1970.01 real, 2589 MB
[runlim] sample:		1979.96 time, 1980.01 real, 2589 MB
[runlim] sample:		1989.96 time, 1990.02 real, 2589 MB
[runlim] sample:		1999.96 time, 2000.02 real, 2589 MB
[runlim] sample:		2009.96 time, 2010.02 real, 2589 MB
[runlim] sample:		2019.96 time, 2020.02 real, 2589 MB
[runlim] sample:		2029.95 time, 2030.02 real, 2589 MB
[runlim] sample:		2039.95 time, 2040.02 real, 2589 MB
[runlim] sample:		2049.96 time, 2050.02 real, 2589 MB
[runlim] sample:		2059.96 time, 2060.02 real, 2590 MB
[runlim] sample:		2069.96 time, 2070.02 real, 2590 MB
[runlim] sample:		2079.96 time, 2080.02 real, 2590 MB
[runlim] sample:		2089.96 time, 2090.01 real, 2590 MB
[runlim] sample:		2099.95 time, 2100.02 real, 2590 MB
[runlim] sample:		2109.96 time, 2110.01 real, 2590 MB
[runlim] sample:		2119.96 time, 2120.01 real, 2590 MB
[runlim] sample:		2129.95 time, 2130.01 real, 2590 MB
[runlim] sample:		2139.96 time, 2140.01 real, 2590 MB
[runlim] sample:		2149.96 time, 2150.01 real, 2590 MB
[runlim] sample:		2159.96 time, 2160.02 real, 2590 MB
[runlim] sample:		2169.96 time, 2170.02 real, 2590 MB
[runlim] sample:		2179.96 time, 2180.01 real, 2590 MB
[runlim] sample:		2189.96 time, 2190.01 real, 2590 MB
[runlim] sample:		2199.96 time, 2200.01 real, 2590 MB
[runlim] sample:		2209.96 time, 2210.02 real, 2590 MB
[runlim] sample:		2219.95 time, 2220.01 real, 2590 MB
[runlim] sample:		2229.95 time, 2230.02 real, 2590 MB
[runlim] sample:		2239.96 time, 2240.02 real, 2591 MB
[runlim] sample:		2249.95 time, 2250.02 real, 2591 MB
[runlim] sample:		2259.95 time, 2260.02 real, 2591 MB
[runlim] sample:		2269.96 time, 2270.01 real, 2591 MB
[runlim] sample:		2279.96 time, 2280.01 real, 2591 MB
[runlim] sample:		2289.96 time, 2290.02 real, 2591 MB
[runlim] sample:		2299.96 time, 2300.02 real, 2591 MB
[runlim] sample:		2309.95 time, 2310.02 real, 2591 MB
[runlim] sample:		2319.95 time, 2320.02 real, 2591 MB
[runlim] sample:		2329.96 time, 2330.02 real, 2591 MB
[runlim] sample:		2339.96 time, 2340.02 real, 2591 MB
[runlim] sample:		2349.96 time, 2350.01 real, 2591 MB
[runlim] sample:		2359.96 time, 2360.02 real, 2591 MB
[runlim] sample:		2369.96 time, 2370.02 real, 2591 MB
[runlim] sample:		2379.96 time, 2380.01 real, 2591 MB
[runlim] sample:		2389.95 time, 2390.01 real, 2591 MB
[runlim] sample:		2399.95 time, 2400.01 real, 2591 MB
[runlim] sample:		2409.95 time, 2410.01 real, 2591 MB
[runlim] sample:		2419.96 time, 2420.02 real, 2591 MB
[runlim] sample:		2429.96 time, 2430.02 real, 2591 MB
[runlim] sample:		2439.96 time, 2440.02 real, 2591 MB
[runlim] sample:		2449.96 time, 2450.01 real, 2591 MB
[runlim] sample:		2459.96 time, 2460.01 real, 2591 MB
[runlim] sample:		2469.96 time, 2470.01 real, 2591 MB
[runlim] sample:		2479.95 time, 2480.01 real, 2591 MB
[runlim] sample:		2489.95 time, 2490.02 real, 2591 MB
[runlim] sample:		2499.95 time, 2500.01 real, 2591 MB
[runlim] sample:		2509.95 time, 2510.02 real, 2591 MB
[runlim] sample:		2519.95 time, 2520.02 real, 2591 MB
[runlim] sample:		2529.96 time, 2530.01 real, 2591 MB
[runlim] sample:		2539.96 time, 2540.02 real, 2591 MB
[runlim] sample:		2549.96 time, 2550.02 real, 2591 MB
[runlim] sample:		2559.95 time, 2560.01 real, 2591 MB
[runlim] sample:		2569.95 time, 2570.02 real, 2591 MB
[runlim] sample:		2579.95 time, 2580.01 real, 2591 MB
[runlim] sample:		2589.95 time, 2590.02 real, 2591 MB
[runlim] sample:		2599.96 time, 2600.02 real, 2591 MB
[runlim] sample:		2609.96 time, 2610.02 real, 2591 MB
[runlim] sample:		2619.95 time, 2620.02 real, 1750 MB
[runlim] sample:		2629.95 time, 2630.02 real, 1750 MB
[runlim] sample:		2639.96 time, 2640.02 real, 1750 MB
[runlim] sample:		2649.95 time, 2650.02 real, 1750 MB
[runlim] sample:		2659.95 time, 2660.02 real, 1515 MB
[runlim] sample:		2669.96 time, 2670.02 real, 1644 MB
[runlim] sample:		2679.96 time, 2680.02 real, 1602 MB
[runlim] sample:		2689.95 time, 2690.02 real, 1776 MB
[runlim] sample:		2699.95 time, 2700.02 real, 1776 MB
[runlim] sample:		2709.96 time, 2710.02 real, 1776 MB
[runlim] sample:		2719.95 time, 2720.01 real, 1776 MB
[runlim] sample:		2729.95 time, 2730.02 real, 1776 MB
[runlim] sample:		2739.95 time, 2740.02 real, 1621 MB
[runlim] sample:		2749.95 time, 2750.02 real, 1547 MB
[runlim] sample:		2759.95 time, 2760.02 real, 1548 MB
[runlim] sample:		2769.95 time, 2770.02 real, 1548 MB
[runlim] sample:		2779.96 time, 2780.02 real, 1548 MB
[runlim] sample:		2789.95 time, 2790.02 real, 1548 MB
[runlim] sample:		2799.96 time, 2800.02 real, 2117 MB
[runlim] sample:		2809.95 time, 2810.02 real, 2117 MB
[runlim] sample:		2819.95 time, 2820.02 real, 2117 MB
[runlim] sample:		2829.95 time, 2830.02 real, 2117 MB
[runlim] sample:		2839.95 time, 2840.02 real, 2133 MB
[runlim] sample:		2849.96 time, 2850.02 real, 2241 MB
[runlim] sample:		2859.95 time, 2860.01 real, 2253 MB
[runlim] sample:		2869.95 time, 2870.02 real, 2341 MB
[runlim] sample:		2879.95 time, 2880.02 real, 2246 MB
[runlim] sample:		2889.96 time, 2890.02 real, 2246 MB
[runlim] sample:		2899.96 time, 2900.02 real, 2246 MB
[runlim] sample:		2909.95 time, 2910.02 real, 2246 MB
[runlim] sample:		2919.95 time, 2920.02 real, 2246 MB
[runlim] sample:		2929.95 time, 2930.02 real, 2415 MB
[runlim] sample:		2939.95 time, 2940.02 real, 2305 MB
[runlim] sample:		2949.95 time, 2950.01 real, 2263 MB
[runlim] sample:		2959.95 time, 2960.01 real, 2309 MB
[runlim] sample:		2969.95 time, 2970.02 real, 2309 MB
[runlim] sample:		2979.95 time, 2980.01 real, 2309 MB
[runlim] sample:		2989.95 time, 2990.01 real, 2309 MB
[runlim] sample:		2999.95 time, 3000.01 real, 2401 MB
[runlim] sample:		3009.95 time, 3010.01 real, 2401 MB
[runlim] sample:		3019.95 time, 3020.01 real, 2401 MB
[runlim] sample:		3029.95 time, 3030.01 real, 2401 MB
[runlim] sample:		3039.95 time, 3040.01 real, 2501 MB
[runlim] sample:		3049.95 time, 3050.01 real, 2501 MB
[runlim] sample:		3059.95 time, 3060.01 real, 2501 MB
[runlim] sample:		3069.95 time, 3070.02 real, 2510 MB
[runlim] sample:		3079.95 time, 3080.02 real, 2519 MB
[runlim] sample:		3089.95 time, 3090.01 real, 2519 MB
[runlim] sample:		3099.95 time, 3100.01 real, 2519 MB
[runlim] sample:		3109.95 time, 3110.01 real, 2519 MB
[runlim] sample:		3119.95 time, 3120.02 real, 2519 MB
[runlim] sample:		3129.95 time, 3130.02 real, 2760 MB
[runlim] sample:		3139.95 time, 3140.01 real, 2546 MB
[runlim] sample:		3149.95 time, 3150.01 real, 2546 MB
[runlim] sample:		3159.95 time, 3160.02 real, 2546 MB
[runlim] sample:		3169.95 time, 3170.02 real, 2546 MB
[runlim] sample:		3179.95 time, 3180.02 real, 2546 MB
[runlim] sample:		3189.95 time, 3190.01 real, 2546 MB
[runlim] sample:		3199.95 time, 3200.02 real, 2546 MB
[runlim] sample:		3209.95 time, 3210.02 real, 2546 MB
[runlim] sample:		3219.95 time, 3220.02 real, 2546 MB
[runlim] sample:		3229.95 time, 3230.02 real, 2547 MB
[runlim] sample:		3239.94 time, 3240.01 real, 2547 MB
[runlim] sample:		3249.94 time, 3250.01 real, 2547 MB
[runlim] sample:		3259.94 time, 3260.01 real, 2547 MB
[runlim] sample:		3269.95 time, 3270.01 real, 2547 MB
[runlim] sample:		3279.95 time, 3280.02 real, 2548 MB
[runlim] sample:		3289.94 time, 3290.02 real, 2548 MB
[runlim] sample:		3299.95 time, 3300.02 real, 2548 MB
[runlim] sample:		3309.95 time, 3310.02 real, 2548 MB
[runlim] sample:		3319.95 time, 3320.02 real, 2548 MB
[runlim] sample:		3329.95 time, 3330.02 real, 2548 MB
[runlim] sample:		3339.95 time, 3340.02 real, 2548 MB
[runlim] sample:		3349.94 time, 3350.02 real, 2548 MB
[runlim] sample:		3359.95 time, 3360.02 real, 2548 MB
[runlim] sample:		3369.95 time, 3370.01 real, 2548 MB
[runlim] sample:		3379.95 time, 3380.02 real, 2548 MB
[runlim] sample:		3389.94 time, 3390.02 real, 2548 MB
[runlim] sample:		3399.95 time, 3400.02 real, 2548 MB
[runlim] sample:		3409.95 time, 3410.02 real, 2548 MB
[runlim] sample:		3419.95 time, 3420.02 real, 2548 MB
[runlim] sample:		3429.95 time, 3430.01 real, 2548 MB
[runlim] sample:		3439.95 time, 3440.01 real, 2548 MB
[runlim] sample:		3449.94 time, 3450.02 real, 2548 MB
[runlim] sample:		3459.95 time, 3460.02 real, 2548 MB
[runlim] sample:		3469.95 time, 3470.02 real, 2548 MB
[runlim] sample:		3479.95 time, 3480.02 real, 2548 MB
[runlim] sample:		3489.95 time, 3490.02 real, 2548 MB
[runlim] sample:		3499.94 time, 3500.02 real, 2548 MB
[runlim] sample:		3509.94 time, 3510.02 real, 2548 MB
[runlim] sample:		3519.95 time, 3520.02 real, 2548 MB
[runlim] sample:		3529.95 time, 3530.01 real, 2548 MB
[runlim] sample:		3539.95 time, 3540.01 real, 2548 MB
[runlim] sample:		3549.94 time, 3550.01 real, 2548 MB
[runlim] sample:		3559.94 time, 3560.01 real, 2548 MB
[runlim] sample:		3569.94 time, 3570.01 real, 2548 MB
[runlim] sample:		3579.94 time, 3580.01 real, 2548 MB
[runlim] sample:		3589.95 time, 3590.02 real, 2548 MB
[runlim] sample:		3599.95 time, 3600.02 real, 2548 MB
[runlim] end:			Thu Oct 17 22:26:29 2019
[runlim] status:		out of time
[runlim] result:		2
[runlim] children:		3
[runlim] real:			3600.10 seconds
[runlim] time:			3599.95 seconds
[runlim] space:			2915 MB
[runlim] samples:		36000
