[runlim] version:		1.17
[runlim] host:			c3n20
[runlim] time limit:		311040000 seconds
[runlim] real time limit:	3600 seconds
[runlim] space limit:		120000 MB
[runlim] argv[0]:		./run-conps-btormc-no-thp.sh
[runlim] argv[1]:		/tmp/wcg9bli6.btor
[runlim] start:			Thu Oct 17 19:45:03 2019
[runlim] child:			29041
[runlim] sample:		9.98 time, 10.02 real, 264 MB
[runlim] sample:		19.98 time, 20.02 real, 386 MB
[runlim] sample:		29.98 time, 30.02 real, 465 MB
[runlim] sample:		39.98 time, 40.02 real, 594 MB
[runlim] sample:		49.98 time, 50.02 real, 642 MB
[runlim] sample:		59.98 time, 60.02 real, 690 MB
[runlim] sample:		69.98 time, 70.02 real, 738 MB
[runlim] sample:		79.98 time, 80.02 real, 803 MB
[runlim] sample:		89.98 time, 90.02 real, 854 MB
[runlim] end:			Thu Oct 17 19:46:38 2019
[runlim] status:		ok
[runlim] result:		0
[runlim] children:		3
[runlim] real:			95.06 seconds
[runlim] time:			94.98 seconds
[runlim] space:			873 MB
[runlim] samples:		950
