[runlim] version:		1.17
[runlim] host:			c3n27
[runlim] time limit:		311040000 seconds
[runlim] real time limit:	3600 seconds
[runlim] space limit:		120000 MB
[runlim] argv[0]:		./run-conps-btormc-no-thp.sh
[runlim] argv[1]:		/tmp/2vfyYuKv.btor
[runlim] start:			Thu Oct 17 22:42:05 2019
[runlim] child:			27080
[runlim] sample:		9.98 time, 10.02 real, 507 MB
[runlim] sample:		19.98 time, 20.02 real, 713 MB
[runlim] sample:		29.98 time, 30.02 real, 820 MB
[runlim] sample:		39.98 time, 40.02 real, 1083 MB
[runlim] sample:		49.98 time, 50.02 real, 1226 MB
[runlim] sample:		59.98 time, 60.02 real, 1320 MB
[runlim] sample:		69.98 time, 70.02 real, 1444 MB
[runlim] sample:		79.98 time, 80.02 real, 1470 MB
[runlim] sample:		89.98 time, 90.02 real, 1524 MB
[runlim] sample:		99.98 time, 100.02 real, 1639 MB
[runlim] sample:		109.98 time, 110.02 real, 1656 MB
[runlim] sample:		119.98 time, 120.02 real, 2000 MB
[runlim] sample:		129.98 time, 130.02 real, 2092 MB
[runlim] sample:		139.98 time, 140.02 real, 2142 MB
[runlim] sample:		149.97 time, 150.02 real, 2260 MB
[runlim] sample:		159.97 time, 160.02 real, 2281 MB
[runlim] sample:		169.98 time, 170.02 real, 2393 MB
[runlim] sample:		179.98 time, 180.02 real, 2443 MB
[runlim] sample:		189.98 time, 190.02 real, 2432 MB
[runlim] sample:		199.97 time, 200.02 real, 2575 MB
[runlim] sample:		209.97 time, 210.02 real, 2591 MB
[runlim] sample:		219.97 time, 220.02 real, 2710 MB
[runlim] sample:		229.97 time, 230.02 real, 2637 MB
[runlim] sample:		239.97 time, 240.02 real, 2726 MB
[runlim] sample:		249.98 time, 250.02 real, 2720 MB
[runlim] sample:		259.97 time, 260.02 real, 2764 MB
[runlim] sample:		269.97 time, 270.02 real, 2822 MB
[runlim] sample:		279.98 time, 280.02 real, 2844 MB
[runlim] sample:		289.98 time, 290.02 real, 2917 MB
[runlim] sample:		299.97 time, 300.02 real, 2917 MB
[runlim] sample:		309.97 time, 310.02 real, 3094 MB
[runlim] sample:		319.98 time, 320.02 real, 2994 MB
[runlim] sample:		329.98 time, 330.02 real, 3198 MB
[runlim] sample:		339.97 time, 340.02 real, 3064 MB
[runlim] sample:		349.97 time, 350.02 real, 3117 MB
[runlim] sample:		359.97 time, 360.02 real, 3215 MB
[runlim] sample:		369.97 time, 370.02 real, 3179 MB
[runlim] sample:		379.97 time, 380.02 real, 3403 MB
[runlim] sample:		389.97 time, 390.02 real, 3376 MB
[runlim] sample:		399.97 time, 400.02 real, 3264 MB
[runlim] sample:		409.97 time, 410.02 real, 3350 MB
[runlim] sample:		419.97 time, 420.02 real, 3522 MB
[runlim] sample:		429.97 time, 430.02 real, 3971 MB
[runlim] sample:		439.97 time, 440.02 real, 4096 MB
[runlim] sample:		449.97 time, 450.02 real, 4003 MB
[runlim] sample:		459.96 time, 460.02 real, 4050 MB
[runlim] sample:		469.97 time, 470.02 real, 4226 MB
[runlim] sample:		479.96 time, 480.02 real, 4031 MB
[runlim] sample:		489.97 time, 490.02 real, 4152 MB
[runlim] sample:		499.96 time, 500.02 real, 4138 MB
[runlim] sample:		509.97 time, 510.02 real, 4345 MB
[runlim] sample:		519.96 time, 520.02 real, 4173 MB
[runlim] sample:		529.97 time, 530.02 real, 4413 MB
[runlim] sample:		539.97 time, 540.02 real, 4355 MB
[runlim] sample:		549.97 time, 550.02 real, 4317 MB
[runlim] sample:		559.96 time, 560.02 real, 4283 MB
[runlim] sample:		569.97 time, 570.02 real, 4674 MB
[runlim] sample:		579.96 time, 580.02 real, 4513 MB
[runlim] sample:		589.96 time, 590.02 real, 4569 MB
[runlim] sample:		599.96 time, 600.02 real, 4669 MB
[runlim] sample:		609.97 time, 610.02 real, 4574 MB
[runlim] sample:		619.97 time, 620.02 real, 4599 MB
[runlim] sample:		629.97 time, 630.02 real, 4624 MB
[runlim] sample:		639.96 time, 640.02 real, 4690 MB
[runlim] sample:		649.97 time, 650.02 real, 4676 MB
[runlim] sample:		659.96 time, 660.02 real, 4700 MB
[runlim] sample:		669.96 time, 670.02 real, 4793 MB
[runlim] sample:		679.96 time, 680.02 real, 4871 MB
[runlim] sample:		689.96 time, 690.02 real, 4779 MB
[runlim] sample:		699.96 time, 700.02 real, 4993 MB
[runlim] sample:		709.96 time, 710.02 real, 4825 MB
[runlim] sample:		719.96 time, 720.02 real, 5044 MB
[runlim] sample:		729.96 time, 730.02 real, 4994 MB
[runlim] sample:		739.96 time, 740.02 real, 5115 MB
[runlim] sample:		749.96 time, 750.02 real, 4920 MB
[runlim] sample:		759.96 time, 760.02 real, 4955 MB
[runlim] sample:		769.96 time, 770.02 real, 5000 MB
[runlim] sample:		779.96 time, 780.02 real, 5162 MB
[runlim] sample:		789.96 time, 790.02 real, 5104 MB
[runlim] sample:		799.96 time, 800.02 real, 5083 MB
[runlim] sample:		809.95 time, 810.02 real, 5157 MB
[runlim] sample:		819.96 time, 820.02 real, 5084 MB
[runlim] sample:		829.96 time, 830.02 real, 5103 MB
[runlim] sample:		839.96 time, 840.02 real, 5263 MB
[runlim] sample:		849.95 time, 850.02 real, 5216 MB
[runlim] sample:		859.96 time, 860.02 real, 5422 MB
[runlim] sample:		869.95 time, 870.02 real, 5248 MB
[runlim] sample:		879.95 time, 880.02 real, 5386 MB
[runlim] sample:		889.96 time, 890.02 real, 5364 MB
[runlim] sample:		899.96 time, 900.02 real, 5312 MB
[runlim] sample:		909.95 time, 910.02 real, 5386 MB
[runlim] sample:		919.96 time, 920.02 real, 5365 MB
[runlim] end:			Thu Oct 17 22:57:30 2019
[runlim] status:		ok
[runlim] result:		0
[runlim] children:		3
[runlim] real:			925.04 seconds
[runlim] time:			924.95 seconds
[runlim] space:			5670 MB
[runlim] samples:		9250
