[runlim] version:		1.17
[runlim] host:			c3n10
[runlim] time limit:		311040000 seconds
[runlim] real time limit:	3600 seconds
[runlim] space limit:		120000 MB
[runlim] argv[0]:		./run-conps-btormc-no-thp.sh
[runlim] argv[1]:		/tmp/2rUK7tHD.btor
[runlim] start:			Thu Oct 17 22:32:23 2019
[runlim] child:			3094
[runlim] sample:		9.98 time, 10.01 real, 185 MB
[runlim] sample:		19.98 time, 20.02 real, 465 MB
[runlim] sample:		29.98 time, 30.02 real, 593 MB
[runlim] sample:		39.98 time, 40.02 real, 852 MB
[runlim] sample:		49.98 time, 50.02 real, 972 MB
[runlim] sample:		59.98 time, 60.02 real, 1031 MB
[runlim] sample:		69.98 time, 70.02 real, 1196 MB
[runlim] sample:		79.98 time, 80.02 real, 1259 MB
[runlim] sample:		89.98 time, 90.02 real, 1384 MB
[runlim] sample:		99.98 time, 100.02 real, 1460 MB
[runlim] sample:		109.98 time, 110.02 real, 1539 MB
[runlim] sample:		119.98 time, 120.02 real, 1683 MB
[runlim] sample:		129.98 time, 130.02 real, 1531 MB
[runlim] sample:		139.98 time, 140.02 real, 1787 MB
[runlim] sample:		149.98 time, 150.02 real, 1871 MB
[runlim] sample:		159.98 time, 160.02 real, 1882 MB
[runlim] sample:		169.97 time, 170.02 real, 1962 MB
[runlim] sample:		179.98 time, 180.02 real, 2071 MB
[runlim] sample:		189.98 time, 190.02 real, 2219 MB
[runlim] sample:		199.97 time, 200.02 real, 2248 MB
[runlim] sample:		209.97 time, 210.02 real, 2263 MB
[runlim] sample:		219.97 time, 220.02 real, 2319 MB
[runlim] sample:		229.97 time, 230.02 real, 2348 MB
[runlim] sample:		239.97 time, 240.02 real, 2463 MB
[runlim] sample:		249.97 time, 250.02 real, 2482 MB
[runlim] sample:		259.98 time, 260.02 real, 2515 MB
[runlim] sample:		269.97 time, 270.02 real, 2560 MB
[runlim] sample:		279.97 time, 280.02 real, 2666 MB
[runlim] sample:		289.97 time, 290.02 real, 2649 MB
[runlim] sample:		299.97 time, 300.02 real, 2689 MB
[runlim] sample:		309.97 time, 310.02 real, 2740 MB
[runlim] sample:		319.97 time, 320.02 real, 2907 MB
[runlim] sample:		329.98 time, 330.02 real, 3188 MB
[runlim] sample:		339.97 time, 340.02 real, 3174 MB
[runlim] sample:		349.98 time, 350.02 real, 2961 MB
[runlim] sample:		359.98 time, 360.02 real, 2885 MB
[runlim] sample:		369.97 time, 370.02 real, 3431 MB
[runlim] sample:		379.97 time, 380.02 real, 3407 MB
[runlim] sample:		389.97 time, 390.02 real, 3377 MB
[runlim] sample:		399.97 time, 400.02 real, 3474 MB
[runlim] sample:		409.97 time, 410.02 real, 3410 MB
[runlim] sample:		419.97 time, 420.02 real, 3506 MB
[runlim] sample:		429.97 time, 430.02 real, 3450 MB
[runlim] sample:		439.97 time, 440.02 real, 3646 MB
[runlim] sample:		449.97 time, 450.02 real, 3632 MB
[runlim] sample:		459.97 time, 460.02 real, 3697 MB
[runlim] sample:		469.97 time, 470.02 real, 3775 MB
[runlim] sample:		479.97 time, 480.02 real, 3728 MB
[runlim] sample:		489.96 time, 490.02 real, 3662 MB
[runlim] sample:		499.97 time, 500.02 real, 3740 MB
[runlim] sample:		509.96 time, 510.02 real, 3726 MB
[runlim] sample:		519.96 time, 520.02 real, 3868 MB
[runlim] sample:		529.97 time, 530.02 real, 3891 MB
[runlim] sample:		539.96 time, 540.02 real, 3818 MB
[runlim] sample:		549.97 time, 550.02 real, 3853 MB
[runlim] sample:		559.96 time, 560.02 real, 4090 MB
[runlim] sample:		569.96 time, 570.02 real, 4080 MB
[runlim] sample:		579.96 time, 580.02 real, 4175 MB
[runlim] sample:		589.97 time, 590.02 real, 4088 MB
[runlim] sample:		599.97 time, 600.02 real, 4087 MB
[runlim] sample:		609.97 time, 610.02 real, 4200 MB
[runlim] sample:		619.97 time, 620.02 real, 4333 MB
[runlim] sample:		629.96 time, 630.02 real, 4493 MB
[runlim] sample:		639.96 time, 640.02 real, 4292 MB
[runlim] sample:		649.96 time, 650.02 real, 4344 MB
[runlim] sample:		659.97 time, 660.02 real, 4402 MB
[runlim] sample:		669.96 time, 670.02 real, 4376 MB
[runlim] sample:		679.97 time, 680.02 real, 4642 MB
[runlim] sample:		689.96 time, 690.02 real, 4405 MB
[runlim] sample:		699.96 time, 700.02 real, 4434 MB
[runlim] sample:		709.96 time, 710.02 real, 4463 MB
[runlim] sample:		719.96 time, 720.02 real, 4621 MB
[runlim] sample:		729.96 time, 730.02 real, 4680 MB
[runlim] sample:		739.96 time, 740.02 real, 4548 MB
[runlim] sample:		749.96 time, 750.02 real, 4638 MB
[runlim] sample:		759.96 time, 760.02 real, 4760 MB
[runlim] sample:		769.96 time, 770.02 real, 4658 MB
[runlim] sample:		779.96 time, 780.02 real, 4639 MB
[runlim] sample:		789.96 time, 790.02 real, 4834 MB
[runlim] sample:		799.97 time, 800.02 real, 4689 MB
[runlim] sample:		809.96 time, 810.02 real, 4982 MB
[runlim] sample:		819.96 time, 820.02 real, 4771 MB
[runlim] sample:		829.96 time, 830.02 real, 4761 MB
[runlim] sample:		839.96 time, 840.02 real, 4820 MB
[runlim] sample:		849.96 time, 850.02 real, 4940 MB
[runlim] sample:		859.96 time, 860.02 real, 5065 MB
[runlim] sample:		869.96 time, 870.02 real, 5022 MB
[runlim] sample:		879.96 time, 880.02 real, 4887 MB
[runlim] sample:		889.96 time, 890.02 real, 4907 MB
[runlim] sample:		899.96 time, 900.02 real, 4997 MB
[runlim] sample:		909.95 time, 910.02 real, 5007 MB
[runlim] sample:		919.96 time, 920.02 real, 5336 MB
[runlim] sample:		929.95 time, 930.02 real, 5209 MB
[runlim] sample:		939.96 time, 940.02 real, 5367 MB
[runlim] sample:		949.96 time, 950.02 real, 5411 MB
[runlim] sample:		959.96 time, 960.02 real, 5135 MB
[runlim] end:			Thu Oct 17 22:48:30 2019
[runlim] status:		ok
[runlim] result:		0
[runlim] children:		3
[runlim] real:			966.70 seconds
[runlim] time:			966.55 seconds
[runlim] space:			5439 MB
[runlim] samples:		9666
