[runlim] version:		1.17
[runlim] host:			c3n06
[runlim] time limit:		311040000 seconds
[runlim] real time limit:	3600 seconds
[runlim] space limit:		120000 MB
[runlim] argv[0]:		./run-conps-btormc-no-thp.sh
[runlim] argv[1]:		/tmp/prIivPVI.btor
[runlim] start:			Thu Oct 17 19:41:40 2019
[runlim] child:			4096
[runlim] sample:		9.99 time, 10.02 real, 261 MB
[runlim] sample:		19.98 time, 20.02 real, 412 MB
[runlim] sample:		29.99 time, 30.02 real, 509 MB
[runlim] sample:		39.98 time, 40.02 real, 575 MB
[runlim] sample:		49.98 time, 50.02 real, 697 MB
[runlim] sample:		59.99 time, 60.02 real, 764 MB
[runlim] sample:		69.99 time, 70.02 real, 803 MB
[runlim] sample:		79.98 time, 80.02 real, 863 MB
[runlim] sample:		89.98 time, 90.02 real, 890 MB
[runlim] sample:		99.98 time, 100.02 real, 959 MB
[runlim] sample:		109.98 time, 110.02 real, 976 MB
[runlim] sample:		119.98 time, 120.02 real, 1010 MB
[runlim] sample:		129.98 time, 130.02 real, 1090 MB
[runlim] sample:		139.98 time, 140.02 real, 1125 MB
[runlim] end:			Thu Oct 17 19:44:03 2019
[runlim] status:		ok
[runlim] result:		0
[runlim] children:		3
[runlim] real:			142.90 seconds
[runlim] time:			142.78 seconds
[runlim] space:			1125 MB
[runlim] samples:		1428
