[runlim] version:		1.17
[runlim] host:			c3n11
[runlim] time limit:		311040000 seconds
[runlim] real time limit:	3600 seconds
[runlim] space limit:		120000 MB
[runlim] argv[0]:		./run-conps-btormc-no-thp.sh
[runlim] argv[1]:		/tmp/kiPHQmQN.btor
[runlim] start:			Thu Oct 17 18:43:46 2019
[runlim] child:			24592
[runlim] sample:		9.99 time, 10.01 real, 68 MB
[runlim] sample:		19.98 time, 20.01 real, 82 MB
[runlim] sample:		29.99 time, 30.01 real, 91 MB
[runlim] sample:		39.98 time, 40.01 real, 92 MB
[runlim] sample:		49.98 time, 50.01 real, 94 MB
[runlim] sample:		59.98 time, 60.01 real, 108 MB
[runlim] sample:		69.98 time, 70.01 real, 108 MB
[runlim] sample:		79.98 time, 80.01 real, 108 MB
[runlim] sample:		89.98 time, 90.01 real, 145 MB
[runlim] sample:		99.98 time, 100.01 real, 146 MB
[runlim] sample:		109.98 time, 110.01 real, 161 MB
[runlim] sample:		119.98 time, 120.01 real, 161 MB
[runlim] sample:		129.98 time, 130.01 real, 161 MB
[runlim] sample:		139.98 time, 140.01 real, 161 MB
[runlim] sample:		149.98 time, 150.01 real, 161 MB
[runlim] sample:		159.98 time, 160.01 real, 161 MB
[runlim] sample:		169.98 time, 170.01 real, 127 MB
[runlim] sample:		179.98 time, 180.01 real, 127 MB
[runlim] sample:		189.98 time, 190.01 real, 127 MB
[runlim] sample:		199.98 time, 200.01 real, 127 MB
[runlim] sample:		209.98 time, 210.01 real, 127 MB
[runlim] sample:		219.98 time, 220.01 real, 127 MB
[runlim] sample:		229.98 time, 230.01 real, 127 MB
[runlim] sample:		239.98 time, 240.01 real, 164 MB
[runlim] sample:		249.98 time, 250.01 real, 130 MB
[runlim] sample:		259.98 time, 260.01 real, 130 MB
[runlim] sample:		269.98 time, 270.01 real, 130 MB
[runlim] sample:		279.98 time, 280.01 real, 130 MB
[runlim] sample:		289.98 time, 290.01 real, 130 MB
[runlim] sample:		299.97 time, 300.01 real, 130 MB
[runlim] sample:		309.97 time, 310.01 real, 130 MB
[runlim] sample:		319.97 time, 320.01 real, 130 MB
[runlim] sample:		329.97 time, 330.01 real, 130 MB
[runlim] sample:		339.97 time, 340.01 real, 130 MB
[runlim] sample:		349.97 time, 350.01 real, 130 MB
[runlim] sample:		359.97 time, 360.01 real, 130 MB
[runlim] sample:		369.98 time, 370.01 real, 131 MB
[runlim] sample:		379.97 time, 380.01 real, 135 MB
[runlim] sample:		389.97 time, 390.01 real, 135 MB
[runlim] sample:		399.97 time, 400.01 real, 135 MB
[runlim] sample:		409.97 time, 410.01 real, 135 MB
[runlim] sample:		419.97 time, 420.01 real, 175 MB
[runlim] sample:		429.97 time, 430.01 real, 175 MB
[runlim] sample:		439.97 time, 440.01 real, 175 MB
[runlim] sample:		449.97 time, 450.01 real, 175 MB
[runlim] sample:		459.97 time, 460.01 real, 175 MB
[runlim] sample:		469.97 time, 470.01 real, 175 MB
[runlim] sample:		479.97 time, 480.01 real, 175 MB
[runlim] sample:		489.97 time, 490.01 real, 175 MB
[runlim] sample:		499.97 time, 500.01 real, 175 MB
[runlim] sample:		509.97 time, 510.01 real, 195 MB
[runlim] sample:		519.97 time, 520.01 real, 195 MB
[runlim] sample:		529.98 time, 530.01 real, 213 MB
[runlim] sample:		539.98 time, 540.01 real, 213 MB
[runlim] sample:		549.98 time, 550.01 real, 213 MB
[runlim] sample:		559.97 time, 560.01 real, 124 MB
[runlim] sample:		569.97 time, 570.01 real, 124 MB
[runlim] sample:		579.97 time, 580.01 real, 124 MB
[runlim] sample:		589.97 time, 590.01 real, 124 MB
[runlim] sample:		599.97 time, 600.01 real, 124 MB
[runlim] sample:		609.97 time, 610.01 real, 124 MB
[runlim] sample:		619.97 time, 620.01 real, 136 MB
[runlim] sample:		629.97 time, 630.01 real, 136 MB
[runlim] sample:		639.97 time, 640.01 real, 136 MB
[runlim] sample:		649.97 time, 650.01 real, 136 MB
[runlim] sample:		659.97 time, 660.01 real, 136 MB
[runlim] sample:		669.97 time, 670.01 real, 136 MB
[runlim] sample:		679.97 time, 680.01 real, 136 MB
[runlim] sample:		689.97 time, 690.01 real, 136 MB
[runlim] sample:		699.97 time, 700.01 real, 136 MB
[runlim] sample:		709.97 time, 710.01 real, 136 MB
[runlim] sample:		719.97 time, 720.01 real, 175 MB
[runlim] sample:		729.97 time, 730.01 real, 194 MB
[runlim] sample:		739.97 time, 740.01 real, 194 MB
[runlim] sample:		749.97 time, 750.01 real, 208 MB
[runlim] sample:		759.97 time, 760.01 real, 208 MB
[runlim] sample:		769.97 time, 770.01 real, 208 MB
[runlim] sample:		779.97 time, 780.01 real, 208 MB
[runlim] sample:		789.97 time, 790.01 real, 208 MB
[runlim] sample:		799.97 time, 800.01 real, 208 MB
[runlim] sample:		809.97 time, 810.01 real, 208 MB
[runlim] sample:		819.97 time, 820.01 real, 208 MB
[runlim] sample:		829.97 time, 830.01 real, 208 MB
[runlim] sample:		839.97 time, 840.01 real, 208 MB
[runlim] sample:		849.97 time, 850.01 real, 208 MB
[runlim] sample:		859.97 time, 860.01 real, 208 MB
[runlim] sample:		869.97 time, 870.01 real, 208 MB
[runlim] sample:		879.97 time, 880.01 real, 208 MB
[runlim] sample:		889.97 time, 890.01 real, 208 MB
[runlim] sample:		899.97 time, 900.01 real, 208 MB
[runlim] sample:		909.97 time, 910.01 real, 208 MB
[runlim] sample:		919.97 time, 920.01 real, 208 MB
[runlim] sample:		929.97 time, 930.01 real, 208 MB
[runlim] sample:		939.97 time, 940.01 real, 208 MB
[runlim] sample:		949.97 time, 950.01 real, 208 MB
[runlim] sample:		959.97 time, 960.01 real, 208 MB
[runlim] sample:		969.96 time, 970.01 real, 144 MB
[runlim] sample:		979.96 time, 980.01 real, 153 MB
[runlim] sample:		989.96 time, 990.01 real, 153 MB
[runlim] sample:		999.96 time, 1000.01 real, 153 MB
[runlim] sample:		1009.96 time, 1010.01 real, 153 MB
[runlim] sample:		1019.96 time, 1020.01 real, 153 MB
[runlim] sample:		1029.96 time, 1030.01 real, 153 MB
[runlim] sample:		1039.96 time, 1040.01 real, 153 MB
[runlim] sample:		1049.96 time, 1050.01 real, 153 MB
[runlim] sample:		1059.96 time, 1060.01 real, 153 MB
[runlim] sample:		1069.96 time, 1070.01 real, 153 MB
[runlim] sample:		1079.96 time, 1080.01 real, 153 MB
[runlim] sample:		1089.96 time, 1090.01 real, 153 MB
[runlim] sample:		1099.96 time, 1100.01 real, 209 MB
[runlim] sample:		1109.96 time, 1110.01 real, 214 MB
[runlim] sample:		1119.96 time, 1120.01 real, 233 MB
[runlim] sample:		1129.96 time, 1130.01 real, 260 MB
[runlim] sample:		1139.96 time, 1140.01 real, 145 MB
[runlim] sample:		1149.97 time, 1150.01 real, 161 MB
[runlim] sample:		1159.97 time, 1160.01 real, 161 MB
[runlim] sample:		1169.97 time, 1170.01 real, 161 MB
[runlim] sample:		1179.97 time, 1180.01 real, 161 MB
[runlim] sample:		1189.97 time, 1190.01 real, 161 MB
[runlim] sample:		1199.97 time, 1200.01 real, 161 MB
[runlim] sample:		1209.96 time, 1210.01 real, 161 MB
[runlim] sample:		1219.96 time, 1220.01 real, 161 MB
[runlim] sample:		1229.96 time, 1230.01 real, 161 MB
[runlim] sample:		1239.96 time, 1240.01 real, 161 MB
[runlim] sample:		1249.96 time, 1250.01 real, 161 MB
[runlim] sample:		1259.96 time, 1260.01 real, 161 MB
[runlim] sample:		1269.96 time, 1270.01 real, 213 MB
[runlim] sample:		1279.96 time, 1280.01 real, 213 MB
[runlim] sample:		1289.96 time, 1290.01 real, 171 MB
[runlim] sample:		1299.96 time, 1300.01 real, 171 MB
[runlim] sample:		1309.96 time, 1310.01 real, 171 MB
[runlim] sample:		1319.96 time, 1320.01 real, 171 MB
[runlim] sample:		1329.96 time, 1330.01 real, 171 MB
[runlim] sample:		1339.96 time, 1340.01 real, 171 MB
[runlim] sample:		1349.96 time, 1350.01 real, 171 MB
[runlim] sample:		1359.96 time, 1360.01 real, 171 MB
[runlim] sample:		1369.96 time, 1370.01 real, 171 MB
[runlim] sample:		1379.96 time, 1380.01 real, 171 MB
[runlim] sample:		1389.96 time, 1390.01 real, 171 MB
[runlim] sample:		1399.96 time, 1400.01 real, 171 MB
[runlim] sample:		1409.96 time, 1410.01 real, 171 MB
[runlim] sample:		1419.96 time, 1420.01 real, 171 MB
[runlim] sample:		1429.96 time, 1430.01 real, 171 MB
[runlim] sample:		1439.96 time, 1440.01 real, 171 MB
[runlim] sample:		1449.96 time, 1450.01 real, 171 MB
[runlim] sample:		1459.96 time, 1460.01 real, 171 MB
[runlim] sample:		1469.96 time, 1470.01 real, 171 MB
[runlim] sample:		1479.96 time, 1480.01 real, 171 MB
[runlim] sample:		1489.96 time, 1490.01 real, 171 MB
[runlim] sample:		1499.96 time, 1500.01 real, 171 MB
[runlim] sample:		1509.95 time, 1510.01 real, 172 MB
[runlim] sample:		1519.95 time, 1520.01 real, 172 MB
[runlim] sample:		1529.95 time, 1530.01 real, 214 MB
[runlim] sample:		1539.95 time, 1540.01 real, 214 MB
[runlim] sample:		1549.95 time, 1550.01 real, 214 MB
[runlim] sample:		1559.95 time, 1560.01 real, 214 MB
[runlim] sample:		1569.95 time, 1570.01 real, 214 MB
[runlim] sample:		1579.95 time, 1580.01 real, 214 MB
[runlim] sample:		1589.96 time, 1590.01 real, 172 MB
[runlim] sample:		1599.96 time, 1600.01 real, 172 MB
[runlim] sample:		1609.96 time, 1610.01 real, 172 MB
[runlim] end:			Thu Oct 17 19:10:37 2019
[runlim] status:		ok
[runlim] result:		0
[runlim] children:		3
[runlim] real:			1610.49 seconds
[runlim] time:			1610.36 seconds
[runlim] space:			260 MB
[runlim] samples:		16104
