[runlim] version:		1.17
[runlim] host:			c3n31
[runlim] time limit:		311040000 seconds
[runlim] real time limit:	3600 seconds
[runlim] space limit:		120000 MB
[runlim] argv[0]:		./run-conps-btormc-no-thp.sh
[runlim] argv[1]:		/tmp/9AQGtAny.btor
[runlim] start:			Thu Oct 17 19:22:13 2019
[runlim] child:			30917
[runlim] sample:		9.98 time, 10.02 real, 359 MB
[runlim] sample:		19.98 time, 20.01 real, 620 MB
[runlim] sample:		29.98 time, 30.02 real, 842 MB
[runlim] sample:		39.98 time, 40.02 real, 1034 MB
[runlim] sample:		49.98 time, 50.02 real, 1135 MB
[runlim] sample:		59.98 time, 60.02 real, 1317 MB
[runlim] sample:		69.98 time, 70.02 real, 1478 MB
[runlim] sample:		79.98 time, 80.02 real, 1495 MB
[runlim] sample:		89.98 time, 90.02 real, 1726 MB
[runlim] sample:		99.98 time, 100.01 real, 1695 MB
[runlim] end:			Thu Oct 17 19:24:01 2019
[runlim] status:		ok
[runlim] result:		0
[runlim] children:		3
[runlim] real:			108.44 seconds
[runlim] time:			108.38 seconds
[runlim] space:			1823 MB
[runlim] samples:		1084
