[runlim] version:		1.17
[runlim] host:			c3n10
[runlim] time limit:		311040000 seconds
[runlim] real time limit:	3600 seconds
[runlim] space limit:		120000 MB
[runlim] argv[0]:		./run-conps-btormc-no-thp.sh
[runlim] argv[1]:		/tmp/ZkWt5Wbj.btor
[runlim] start:			Thu Oct 17 19:22:27 2019
[runlim] child:			2372
[runlim] sample:		9.99 time, 10.02 real, 100 MB
[runlim] sample:		19.98 time, 20.02 real, 160 MB
[runlim] sample:		29.98 time, 30.01 real, 205 MB
[runlim] sample:		39.98 time, 40.02 real, 282 MB
[runlim] sample:		49.98 time, 50.02 real, 320 MB
[runlim] sample:		59.98 time, 60.02 real, 365 MB
[runlim] sample:		69.98 time, 70.02 real, 394 MB
[runlim] sample:		79.98 time, 80.02 real, 448 MB
[runlim] sample:		89.98 time, 90.02 real, 487 MB
[runlim] sample:		99.98 time, 100.02 real, 514 MB
[runlim] sample:		109.98 time, 110.02 real, 568 MB
[runlim] sample:		119.98 time, 120.02 real, 611 MB
[runlim] sample:		129.98 time, 130.02 real, 650 MB
[runlim] sample:		139.98 time, 140.02 real, 625 MB
[runlim] sample:		149.98 time, 150.02 real, 685 MB
[runlim] sample:		159.98 time, 160.02 real, 687 MB
[runlim] sample:		169.98 time, 170.02 real, 748 MB
[runlim] sample:		179.98 time, 180.02 real, 763 MB
[runlim] sample:		189.98 time, 190.02 real, 829 MB
[runlim] sample:		199.98 time, 200.01 real, 831 MB
[runlim] sample:		209.98 time, 210.02 real, 831 MB
[runlim] sample:		219.98 time, 220.02 real, 866 MB
[runlim] sample:		229.98 time, 230.02 real, 870 MB
[runlim] sample:		239.98 time, 240.02 real, 872 MB
[runlim] sample:		249.98 time, 250.02 real, 874 MB
[runlim] sample:		259.98 time, 260.02 real, 905 MB
[runlim] sample:		269.98 time, 270.02 real, 940 MB
[runlim] sample:		279.98 time, 280.02 real, 889 MB
[runlim] sample:		289.98 time, 290.02 real, 991 MB
[runlim] sample:		299.98 time, 300.02 real, 1021 MB
[runlim] sample:		309.98 time, 310.02 real, 1022 MB
[runlim] sample:		319.97 time, 320.02 real, 1022 MB
[runlim] sample:		329.98 time, 330.02 real, 1055 MB
[runlim] sample:		339.98 time, 340.02 real, 1055 MB
[runlim] sample:		349.97 time, 350.02 real, 1056 MB
[runlim] sample:		359.98 time, 360.02 real, 1037 MB
[runlim] sample:		369.98 time, 370.02 real, 1049 MB
[runlim] sample:		379.98 time, 380.02 real, 1081 MB
[runlim] sample:		389.98 time, 390.02 real, 1123 MB
[runlim] sample:		399.98 time, 400.02 real, 1140 MB
[runlim] sample:		409.97 time, 410.02 real, 1192 MB
[runlim] sample:		419.98 time, 420.02 real, 1190 MB
[runlim] sample:		429.98 time, 430.02 real, 1162 MB
[runlim] sample:		439.98 time, 440.02 real, 1045 MB
[runlim] sample:		449.98 time, 450.02 real, 1084 MB
[runlim] sample:		459.98 time, 460.02 real, 1187 MB
[runlim] sample:		469.98 time, 470.02 real, 1153 MB
[runlim] sample:		479.98 time, 480.02 real, 1156 MB
[runlim] sample:		489.98 time, 490.02 real, 1156 MB
[runlim] sample:		499.98 time, 500.02 real, 1193 MB
[runlim] sample:		509.98 time, 510.02 real, 1095 MB
[runlim] sample:		519.98 time, 520.02 real, 1180 MB
[runlim] sample:		529.98 time, 530.02 real, 1222 MB
[runlim] sample:		539.98 time, 540.02 real, 1223 MB
[runlim] sample:		549.98 time, 550.02 real, 1224 MB
[runlim] sample:		559.98 time, 560.02 real, 1227 MB
[runlim] sample:		569.97 time, 570.02 real, 1238 MB
[runlim] sample:		579.97 time, 580.02 real, 1230 MB
[runlim] sample:		589.97 time, 590.02 real, 1233 MB
[runlim] sample:		599.97 time, 600.02 real, 1235 MB
[runlim] sample:		609.97 time, 610.02 real, 1236 MB
[runlim] sample:		619.97 time, 620.02 real, 1237 MB
[runlim] sample:		629.97 time, 630.02 real, 1306 MB
[runlim] sample:		639.98 time, 640.02 real, 1186 MB
[runlim] sample:		649.98 time, 650.02 real, 1186 MB
[runlim] sample:		659.98 time, 660.02 real, 1289 MB
[runlim] sample:		669.97 time, 670.02 real, 1222 MB
[runlim] sample:		679.98 time, 680.02 real, 1339 MB
[runlim] sample:		689.98 time, 690.02 real, 1361 MB
[runlim] sample:		699.98 time, 700.02 real, 1343 MB
[runlim] sample:		709.97 time, 710.02 real, 1345 MB
[runlim] sample:		719.97 time, 720.02 real, 1347 MB
[runlim] sample:		729.97 time, 730.02 real, 1347 MB
[runlim] sample:		739.97 time, 740.02 real, 1348 MB
[runlim] end:			Thu Oct 17 19:34:48 2019
[runlim] status:		ok
[runlim] result:		0
[runlim] children:		3
[runlim] real:			741.21 seconds
[runlim] time:			741.07 seconds
[runlim] space:			1493 MB
[runlim] samples:		7411
