[runlim] version:		1.17
[runlim] host:			c3n26
[runlim] time limit:		311040000 seconds
[runlim] real time limit:	3600 seconds
[runlim] space limit:		120000 MB
[runlim] argv[0]:		./run-conps-btormc-no-thp.sh
[runlim] argv[1]:		/tmp/HI5E4ZTj.btor
[runlim] start:			Thu Oct 17 20:06:05 2019
[runlim] child:			13518
[runlim] sample:		9.99 time, 10.01 real, 231 MB
[runlim] sample:		19.99 time, 20.02 real, 396 MB
[runlim] sample:		29.98 time, 30.02 real, 733 MB
[runlim] sample:		39.98 time, 40.02 real, 701 MB
[runlim] sample:		49.98 time, 50.02 real, 1125 MB
[runlim] sample:		59.99 time, 60.02 real, 1089 MB
[runlim] sample:		69.98 time, 70.02 real, 1240 MB
[runlim] sample:		79.98 time, 80.02 real, 1400 MB
[runlim] sample:		89.98 time, 90.02 real, 1595 MB
[runlim] sample:		99.98 time, 100.02 real, 1711 MB
[runlim] sample:		109.98 time, 110.02 real, 1579 MB
[runlim] sample:		119.98 time, 120.02 real, 1821 MB
[runlim] sample:		129.98 time, 130.02 real, 1922 MB
[runlim] sample:		139.98 time, 140.02 real, 2091 MB
[runlim] sample:		149.98 time, 150.02 real, 2116 MB
[runlim] sample:		159.98 time, 160.02 real, 2327 MB
[runlim] sample:		169.97 time, 170.02 real, 2349 MB
[runlim] sample:		179.98 time, 180.02 real, 2433 MB
[runlim] sample:		189.98 time, 190.02 real, 2508 MB
[runlim] sample:		199.98 time, 200.02 real, 2548 MB
[runlim] sample:		209.97 time, 210.02 real, 2817 MB
[runlim] sample:		219.98 time, 220.02 real, 2636 MB
[runlim] sample:		229.97 time, 230.02 real, 2563 MB
[runlim] sample:		239.97 time, 240.02 real, 2563 MB
[runlim] sample:		249.98 time, 250.02 real, 2576 MB
[runlim] sample:		259.98 time, 260.02 real, 2553 MB
[runlim] sample:		269.98 time, 270.02 real, 2553 MB
[runlim] sample:		279.97 time, 280.02 real, 2553 MB
[runlim] sample:		289.98 time, 290.02 real, 2553 MB
[runlim] sample:		299.97 time, 300.02 real, 2553 MB
[runlim] sample:		309.98 time, 310.02 real, 2553 MB
[runlim] sample:		319.97 time, 320.02 real, 2553 MB
[runlim] sample:		329.98 time, 330.02 real, 2553 MB
[runlim] sample:		339.98 time, 340.02 real, 2877 MB
[runlim] sample:		349.97 time, 350.02 real, 3021 MB
[runlim] sample:		359.97 time, 360.01 real, 2624 MB
[runlim] sample:		369.98 time, 370.02 real, 2542 MB
[runlim] sample:		379.97 time, 380.02 real, 3710 MB
[runlim] sample:		389.98 time, 390.02 real, 3782 MB
[runlim] sample:		399.97 time, 400.02 real, 4023 MB
[runlim] sample:		409.98 time, 410.02 real, 3850 MB
[runlim] sample:		419.97 time, 420.02 real, 3767 MB
[runlim] sample:		429.97 time, 430.02 real, 3788 MB
[runlim] sample:		439.97 time, 440.02 real, 4133 MB
[runlim] sample:		449.97 time, 450.02 real, 3906 MB
[runlim] sample:		459.97 time, 460.02 real, 4147 MB
[runlim] sample:		469.98 time, 470.02 real, 3774 MB
[runlim] sample:		479.97 time, 480.02 real, 3774 MB
[runlim] sample:		489.97 time, 490.02 real, 3783 MB
[runlim] sample:		499.97 time, 500.02 real, 3753 MB
[runlim] sample:		509.97 time, 510.02 real, 3769 MB
[runlim] sample:		519.97 time, 520.02 real, 4157 MB
[runlim] sample:		529.96 time, 530.02 real, 3782 MB
[runlim] sample:		539.96 time, 540.02 real, 3850 MB
[runlim] sample:		549.97 time, 550.02 real, 3812 MB
[runlim] sample:		559.97 time, 560.02 real, 3812 MB
[runlim] sample:		569.97 time, 570.02 real, 3812 MB
[runlim] sample:		579.97 time, 580.02 real, 3812 MB
[runlim] sample:		589.97 time, 590.02 real, 4133 MB
[runlim] sample:		599.97 time, 600.02 real, 3953 MB
[runlim] sample:		609.97 time, 610.02 real, 3900 MB
[runlim] sample:		619.96 time, 620.02 real, 3811 MB
[runlim] sample:		629.96 time, 630.02 real, 3844 MB
[runlim] sample:		639.96 time, 640.02 real, 3844 MB
[runlim] sample:		649.97 time, 650.02 real, 3845 MB
[runlim] sample:		659.97 time, 660.01 real, 3882 MB
[runlim] sample:		669.97 time, 670.02 real, 3824 MB
[runlim] sample:		679.96 time, 680.02 real, 3828 MB
[runlim] sample:		689.96 time, 690.02 real, 3828 MB
[runlim] sample:		699.96 time, 700.02 real, 3828 MB
[runlim] sample:		709.96 time, 710.01 real, 3828 MB
[runlim] sample:		719.96 time, 720.02 real, 3967 MB
[runlim] sample:		729.97 time, 730.02 real, 3850 MB
[runlim] sample:		739.96 time, 740.01 real, 3895 MB
[runlim] sample:		749.96 time, 750.02 real, 4153 MB
[runlim] sample:		759.96 time, 760.02 real, 3813 MB
[runlim] sample:		769.97 time, 770.02 real, 4001 MB
[runlim] sample:		779.96 time, 780.02 real, 3841 MB
[runlim] sample:		789.96 time, 790.02 real, 3869 MB
[runlim] sample:		799.96 time, 800.02 real, 3879 MB
[runlim] sample:		809.96 time, 810.02 real, 3943 MB
[runlim] sample:		819.96 time, 820.01 real, 3898 MB
[runlim] sample:		829.96 time, 830.02 real, 3842 MB
[runlim] sample:		839.96 time, 840.02 real, 3868 MB
[runlim] sample:		849.96 time, 850.02 real, 3868 MB
[runlim] sample:		859.96 time, 860.02 real, 3900 MB
[runlim] sample:		869.96 time, 870.01 real, 3936 MB
[runlim] sample:		879.96 time, 880.02 real, 4013 MB
[runlim] sample:		889.96 time, 890.02 real, 3917 MB
[runlim] sample:		899.96 time, 900.02 real, 3940 MB
[runlim] sample:		909.96 time, 910.01 real, 3960 MB
[runlim] sample:		919.96 time, 920.01 real, 3960 MB
[runlim] sample:		929.96 time, 930.01 real, 3960 MB
[runlim] sample:		939.96 time, 940.01 real, 3960 MB
[runlim] sample:		949.96 time, 950.02 real, 4068 MB
[runlim] sample:		959.95 time, 960.02 real, 4068 MB
[runlim] sample:		969.95 time, 970.01 real, 4068 MB
[runlim] sample:		979.95 time, 980.01 real, 4068 MB
[runlim] sample:		989.95 time, 990.01 real, 4068 MB
[runlim] sample:		999.95 time, 1000.01 real, 4068 MB
[runlim] sample:		1009.96 time, 1010.01 real, 4068 MB
[runlim] sample:		1019.96 time, 1020.01 real, 4068 MB
[runlim] sample:		1029.95 time, 1030.01 real, 4068 MB
[runlim] sample:		1039.95 time, 1040.01 real, 4068 MB
[runlim] sample:		1049.95 time, 1050.02 real, 4068 MB
[runlim] sample:		1059.95 time, 1060.02 real, 4068 MB
[runlim] sample:		1069.96 time, 1070.02 real, 4068 MB
[runlim] sample:		1079.96 time, 1080.01 real, 4068 MB
[runlim] sample:		1089.95 time, 1090.02 real, 4068 MB
[runlim] sample:		1099.96 time, 1100.01 real, 3946 MB
[runlim] sample:		1109.95 time, 1110.02 real, 4014 MB
[runlim] sample:		1119.95 time, 1120.02 real, 4204 MB
[runlim] sample:		1129.95 time, 1130.01 real, 4142 MB
[runlim] sample:		1139.95 time, 1140.02 real, 4150 MB
[runlim] sample:		1149.95 time, 1150.02 real, 4188 MB
[runlim] sample:		1159.95 time, 1160.02 real, 4204 MB
[runlim] sample:		1169.95 time, 1170.01 real, 4190 MB
[runlim] sample:		1179.95 time, 1180.01 real, 4190 MB
[runlim] sample:		1189.95 time, 1190.01 real, 4190 MB
[runlim] sample:		1199.95 time, 1200.01 real, 4190 MB
[runlim] sample:		1209.95 time, 1210.02 real, 4190 MB
[runlim] sample:		1219.96 time, 1220.02 real, 4190 MB
[runlim] sample:		1229.95 time, 1230.02 real, 4190 MB
[runlim] sample:		1239.95 time, 1240.02 real, 4198 MB
[runlim] sample:		1249.95 time, 1250.02 real, 4204 MB
[runlim] sample:		1259.95 time, 1260.01 real, 4204 MB
[runlim] sample:		1269.95 time, 1270.01 real, 4204 MB
[runlim] sample:		1279.95 time, 1280.02 real, 4204 MB
[runlim] sample:		1289.95 time, 1290.02 real, 4204 MB
[runlim] sample:		1299.95 time, 1300.01 real, 4204 MB
[runlim] sample:		1309.95 time, 1310.02 real, 4204 MB
[runlim] sample:		1319.95 time, 1320.02 real, 4209 MB
[runlim] sample:		1329.94 time, 1330.02 real, 4209 MB
[runlim] sample:		1339.95 time, 1340.02 real, 4209 MB
[runlim] sample:		1349.95 time, 1350.02 real, 4209 MB
[runlim] sample:		1359.95 time, 1360.02 real, 4209 MB
[runlim] sample:		1369.94 time, 1370.02 real, 4209 MB
[runlim] sample:		1379.95 time, 1380.02 real, 4189 MB
[runlim] sample:		1389.95 time, 1390.01 real, 4189 MB
[runlim] sample:		1399.95 time, 1400.01 real, 4189 MB
[runlim] sample:		1409.95 time, 1410.01 real, 4189 MB
[runlim] sample:		1419.95 time, 1420.02 real, 4189 MB
[runlim] sample:		1429.94 time, 1430.02 real, 4189 MB
[runlim] sample:		1439.95 time, 1440.02 real, 4189 MB
[runlim] sample:		1449.94 time, 1450.02 real, 4189 MB
[runlim] sample:		1459.95 time, 1460.02 real, 4194 MB
[runlim] sample:		1469.94 time, 1470.02 real, 4194 MB
[runlim] sample:		1479.95 time, 1480.02 real, 4198 MB
[runlim] sample:		1489.94 time, 1490.02 real, 4198 MB
[runlim] sample:		1499.94 time, 1500.02 real, 4198 MB
[runlim] sample:		1509.95 time, 1510.02 real, 4198 MB
[runlim] sample:		1519.94 time, 1520.02 real, 4198 MB
[runlim] sample:		1529.94 time, 1530.02 real, 4198 MB
[runlim] sample:		1539.94 time, 1540.02 real, 4198 MB
[runlim] sample:		1549.94 time, 1550.01 real, 4198 MB
[runlim] sample:		1559.95 time, 1560.02 real, 4198 MB
[runlim] sample:		1569.94 time, 1570.02 real, 4198 MB
[runlim] sample:		1579.95 time, 1580.02 real, 4198 MB
[runlim] sample:		1589.94 time, 1590.02 real, 4198 MB
[runlim] sample:		1599.95 time, 1600.02 real, 4198 MB
[runlim] sample:		1609.94 time, 1610.02 real, 4198 MB
[runlim] sample:		1619.94 time, 1620.02 real, 4198 MB
[runlim] sample:		1629.94 time, 1630.01 real, 4198 MB
[runlim] sample:		1639.94 time, 1640.02 real, 4198 MB
[runlim] sample:		1649.95 time, 1650.01 real, 4198 MB
[runlim] sample:		1659.94 time, 1660.02 real, 4198 MB
[runlim] sample:		1669.94 time, 1670.02 real, 4198 MB
[runlim] sample:		1679.94 time, 1680.01 real, 4198 MB
[runlim] sample:		1689.94 time, 1690.01 real, 4198 MB
[runlim] sample:		1699.94 time, 1700.01 real, 4198 MB
[runlim] sample:		1709.94 time, 1710.01 real, 4198 MB
[runlim] sample:		1719.94 time, 1720.02 real, 4198 MB
[runlim] sample:		1729.94 time, 1730.02 real, 4198 MB
[runlim] sample:		1739.94 time, 1740.02 real, 4198 MB
[runlim] sample:		1749.94 time, 1750.01 real, 4198 MB
[runlim] sample:		1759.94 time, 1760.01 real, 4198 MB
[runlim] sample:		1769.93 time, 1770.02 real, 4198 MB
[runlim] sample:		1779.94 time, 1780.02 real, 4198 MB
[runlim] sample:		1789.93 time, 1790.02 real, 4352 MB
[runlim] sample:		1799.94 time, 1800.02 real, 4199 MB
[runlim] sample:		1809.94 time, 1810.02 real, 4295 MB
[runlim] sample:		1819.94 time, 1820.02 real, 4199 MB
[runlim] sample:		1829.94 time, 1830.02 real, 4199 MB
[runlim] sample:		1839.94 time, 1840.01 real, 4199 MB
[runlim] sample:		1849.94 time, 1850.02 real, 4199 MB
[runlim] sample:		1859.93 time, 1860.02 real, 4199 MB
[runlim] sample:		1869.94 time, 1870.01 real, 4199 MB
[runlim] sample:		1879.93 time, 1880.02 real, 4199 MB
[runlim] sample:		1889.93 time, 1890.02 real, 4199 MB
[runlim] sample:		1899.94 time, 1900.02 real, 4199 MB
[runlim] sample:		1909.93 time, 1910.02 real, 4199 MB
[runlim] sample:		1919.94 time, 1920.02 real, 4199 MB
[runlim] sample:		1929.94 time, 1930.02 real, 4209 MB
[runlim] sample:		1939.94 time, 1940.01 real, 4209 MB
[runlim] sample:		1949.93 time, 1950.02 real, 4209 MB
[runlim] sample:		1959.93 time, 1960.01 real, 4209 MB
[runlim] sample:		1969.93 time, 1970.02 real, 4209 MB
[runlim] sample:		1979.93 time, 1980.02 real, 4209 MB
[runlim] sample:		1989.93 time, 1990.02 real, 4209 MB
[runlim] sample:		1999.94 time, 2000.01 real, 4209 MB
[runlim] sample:		2009.93 time, 2010.02 real, 4209 MB
[runlim] sample:		2019.93 time, 2020.01 real, 4209 MB
[runlim] sample:		2029.93 time, 2030.01 real, 4209 MB
[runlim] sample:		2039.93 time, 2040.02 real, 4209 MB
[runlim] sample:		2049.93 time, 2050.02 real, 4209 MB
[runlim] sample:		2059.93 time, 2060.02 real, 4209 MB
[runlim] sample:		2069.93 time, 2070.02 real, 4209 MB
[runlim] sample:		2079.93 time, 2080.01 real, 4209 MB
[runlim] sample:		2089.93 time, 2090.01 real, 4209 MB
[runlim] sample:		2099.93 time, 2100.01 real, 4209 MB
[runlim] sample:		2109.93 time, 2110.02 real, 4209 MB
[runlim] sample:		2119.93 time, 2120.02 real, 4209 MB
[runlim] sample:		2129.93 time, 2130.02 real, 4209 MB
[runlim] sample:		2139.93 time, 2140.02 real, 4209 MB
[runlim] sample:		2149.93 time, 2150.01 real, 4209 MB
[runlim] sample:		2159.93 time, 2160.02 real, 4209 MB
[runlim] sample:		2169.92 time, 2170.02 real, 4209 MB
[runlim] sample:		2179.93 time, 2180.02 real, 4195 MB
[runlim] sample:		2189.92 time, 2190.02 real, 4196 MB
[runlim] sample:		2199.93 time, 2200.02 real, 4196 MB
[runlim] sample:		2209.93 time, 2210.02 real, 4196 MB
[runlim] sample:		2219.93 time, 2220.02 real, 4196 MB
[runlim] sample:		2229.93 time, 2230.02 real, 4196 MB
[runlim] sample:		2239.93 time, 2240.02 real, 4196 MB
[runlim] sample:		2249.93 time, 2250.01 real, 4196 MB
[runlim] sample:		2259.92 time, 2260.02 real, 4196 MB
[runlim] sample:		2269.93 time, 2270.02 real, 4196 MB
[runlim] sample:		2279.92 time, 2280.02 real, 4199 MB
[runlim] sample:		2289.93 time, 2290.02 real, 4199 MB
[runlim] sample:		2299.93 time, 2300.02 real, 4207 MB
[runlim] sample:		2309.93 time, 2310.02 real, 4473 MB
[runlim] sample:		2319.93 time, 2320.02 real, 4207 MB
[runlim] sample:		2329.92 time, 2330.02 real, 4207 MB
[runlim] sample:		2339.93 time, 2340.02 real, 4207 MB
[runlim] sample:		2349.92 time, 2350.01 real, 4207 MB
[runlim] sample:		2359.93 time, 2360.02 real, 4207 MB
[runlim] sample:		2369.92 time, 2370.02 real, 4207 MB
[runlim] sample:		2379.93 time, 2380.01 real, 4207 MB
[runlim] sample:		2389.93 time, 2390.02 real, 4207 MB
[runlim] sample:		2399.92 time, 2400.02 real, 4207 MB
[runlim] sample:		2409.92 time, 2410.01 real, 4207 MB
[runlim] sample:		2419.92 time, 2420.02 real, 4239 MB
[runlim] sample:		2429.92 time, 2430.02 real, 4207 MB
[runlim] sample:		2439.92 time, 2440.02 real, 4207 MB
[runlim] sample:		2449.93 time, 2450.02 real, 4207 MB
[runlim] sample:		2459.92 time, 2460.01 real, 4207 MB
[runlim] sample:		2469.92 time, 2470.02 real, 4207 MB
[runlim] sample:		2479.93 time, 2480.02 real, 4208 MB
[runlim] sample:		2489.92 time, 2490.02 real, 4208 MB
[runlim] sample:		2499.92 time, 2500.01 real, 4208 MB
[runlim] sample:		2509.92 time, 2510.02 real, 4208 MB
[runlim] sample:		2519.92 time, 2520.02 real, 4208 MB
[runlim] sample:		2529.92 time, 2530.02 real, 4208 MB
[runlim] sample:		2539.92 time, 2540.01 real, 4209 MB
[runlim] sample:		2549.92 time, 2550.02 real, 4209 MB
[runlim] sample:		2559.92 time, 2560.02 real, 4209 MB
[runlim] sample:		2569.92 time, 2570.01 real, 4209 MB
[runlim] sample:		2579.92 time, 2580.02 real, 4209 MB
[runlim] sample:		2589.91 time, 2590.01 real, 4209 MB
[runlim] sample:		2599.92 time, 2600.02 real, 4209 MB
[runlim] sample:		2609.92 time, 2610.01 real, 4209 MB
[runlim] sample:		2619.92 time, 2620.02 real, 4209 MB
[runlim] sample:		2629.92 time, 2630.02 real, 4210 MB
[runlim] sample:		2639.92 time, 2640.02 real, 4210 MB
[runlim] sample:		2649.92 time, 2650.02 real, 4218 MB
[runlim] sample:		2659.91 time, 2660.01 real, 4219 MB
[runlim] sample:		2669.92 time, 2670.02 real, 4219 MB
[runlim] sample:		2679.91 time, 2680.01 real, 4219 MB
[runlim] sample:		2689.92 time, 2690.02 real, 4219 MB
[runlim] sample:		2699.91 time, 2700.02 real, 4219 MB
[runlim] sample:		2709.91 time, 2710.02 real, 4219 MB
[runlim] sample:		2719.92 time, 2720.02 real, 4220 MB
[runlim] sample:		2729.91 time, 2730.02 real, 4220 MB
[runlim] sample:		2739.91 time, 2740.02 real, 4220 MB
[runlim] sample:		2749.91 time, 2750.01 real, 4220 MB
[runlim] sample:		2759.91 time, 2760.02 real, 4220 MB
[runlim] sample:		2769.92 time, 2770.02 real, 4220 MB
[runlim] sample:		2779.91 time, 2780.02 real, 4221 MB
[runlim] sample:		2789.92 time, 2790.02 real, 4221 MB
[runlim] sample:		2799.92 time, 2800.02 real, 4221 MB
[runlim] sample:		2809.92 time, 2810.02 real, 4221 MB
[runlim] sample:		2819.91 time, 2820.02 real, 4221 MB
[runlim] sample:		2829.91 time, 2830.01 real, 4221 MB
[runlim] sample:		2839.92 time, 2840.02 real, 4221 MB
[runlim] sample:		2849.91 time, 2850.01 real, 4221 MB
[runlim] sample:		2859.92 time, 2860.02 real, 4221 MB
[runlim] sample:		2869.91 time, 2870.01 real, 4221 MB
[runlim] sample:		2879.92 time, 2880.02 real, 4221 MB
[runlim] sample:		2889.91 time, 2890.02 real, 4221 MB
[runlim] sample:		2899.91 time, 2900.01 real, 4221 MB
[runlim] sample:		2909.91 time, 2910.02 real, 4221 MB
[runlim] sample:		2919.91 time, 2920.02 real, 4221 MB
[runlim] sample:		2929.91 time, 2930.02 real, 4222 MB
[runlim] sample:		2939.91 time, 2940.02 real, 4222 MB
[runlim] sample:		2949.91 time, 2950.01 real, 4222 MB
[runlim] sample:		2959.91 time, 2960.01 real, 4222 MB
[runlim] sample:		2969.91 time, 2970.02 real, 4223 MB
[runlim] sample:		2979.91 time, 2980.02 real, 4223 MB
[runlim] sample:		2989.91 time, 2990.02 real, 4223 MB
[runlim] sample:		2999.91 time, 3000.02 real, 4223 MB
[runlim] sample:		3009.90 time, 3010.01 real, 4223 MB
[runlim] sample:		3019.91 time, 3020.02 real, 4223 MB
[runlim] sample:		3029.91 time, 3030.02 real, 4223 MB
[runlim] sample:		3039.91 time, 3040.02 real, 4224 MB
[runlim] sample:		3049.91 time, 3050.02 real, 4224 MB
[runlim] sample:		3059.91 time, 3060.02 real, 4224 MB
[runlim] sample:		3069.90 time, 3070.02 real, 4234 MB
[runlim] sample:		3079.90 time, 3080.02 real, 4194 MB
[runlim] sample:		3089.90 time, 3090.02 real, 4202 MB
[runlim] sample:		3099.90 time, 3100.02 real, 4202 MB
[runlim] sample:		3109.91 time, 3110.02 real, 4202 MB
[runlim] sample:		3119.90 time, 3120.01 real, 4202 MB
[runlim] sample:		3129.91 time, 3130.01 real, 4202 MB
[runlim] sample:		3139.90 time, 3140.01 real, 4203 MB
[runlim] sample:		3149.90 time, 3150.02 real, 4203 MB
[runlim] sample:		3159.90 time, 3160.02 real, 4203 MB
[runlim] sample:		3169.91 time, 3170.02 real, 4203 MB
[runlim] sample:		3179.90 time, 3180.02 real, 4203 MB
[runlim] sample:		3189.90 time, 3190.02 real, 4203 MB
[runlim] sample:		3199.90 time, 3200.02 real, 4204 MB
[runlim] sample:		3209.91 time, 3210.02 real, 4204 MB
[runlim] sample:		3219.90 time, 3220.02 real, 4204 MB
[runlim] sample:		3229.90 time, 3230.02 real, 4204 MB
[runlim] sample:		3239.90 time, 3240.02 real, 4204 MB
[runlim] sample:		3249.90 time, 3250.02 real, 4204 MB
[runlim] sample:		3259.90 time, 3260.02 real, 4285 MB
[runlim] sample:		3269.90 time, 3270.02 real, 4221 MB
[runlim] sample:		3279.90 time, 3280.02 real, 4221 MB
[runlim] sample:		3289.90 time, 3290.02 real, 4221 MB
[runlim] sample:		3299.90 time, 3300.02 real, 4221 MB
[runlim] sample:		3309.90 time, 3310.01 real, 4221 MB
[runlim] sample:		3319.90 time, 3320.02 real, 4221 MB
[runlim] sample:		3329.90 time, 3330.01 real, 4221 MB
[runlim] sample:		3339.90 time, 3340.01 real, 4221 MB
[runlim] sample:		3349.90 time, 3350.02 real, 4221 MB
[runlim] sample:		3359.90 time, 3360.02 real, 4221 MB
[runlim] sample:		3369.90 time, 3370.02 real, 4221 MB
[runlim] sample:		3379.90 time, 3380.02 real, 4221 MB
[runlim] sample:		3389.90 time, 3390.01 real, 4221 MB
[runlim] sample:		3399.90 time, 3400.01 real, 4221 MB
[runlim] sample:		3409.89 time, 3410.02 real, 4221 MB
[runlim] sample:		3419.90 time, 3420.02 real, 4222 MB
[runlim] sample:		3429.90 time, 3430.02 real, 4222 MB
[runlim] sample:		3439.90 time, 3440.02 real, 4222 MB
[runlim] sample:		3449.90 time, 3450.02 real, 4222 MB
[runlim] sample:		3459.90 time, 3460.01 real, 4222 MB
[runlim] sample:		3469.90 time, 3470.02 real, 4222 MB
[runlim] sample:		3479.90 time, 3480.02 real, 4223 MB
[runlim] sample:		3489.90 time, 3490.02 real, 4223 MB
[runlim] sample:		3499.89 time, 3500.02 real, 4223 MB
[runlim] sample:		3509.89 time, 3510.02 real, 4223 MB
[runlim] sample:		3519.90 time, 3520.02 real, 4223 MB
[runlim] sample:		3529.90 time, 3530.02 real, 4227 MB
[runlim] sample:		3539.89 time, 3540.02 real, 4227 MB
[runlim] sample:		3549.90 time, 3550.02 real, 4227 MB
[runlim] sample:		3559.89 time, 3560.02 real, 4227 MB
[runlim] sample:		3569.89 time, 3570.01 real, 4227 MB
[runlim] sample:		3579.89 time, 3580.02 real, 4228 MB
[runlim] sample:		3589.90 time, 3590.01 real, 4228 MB
[runlim] sample:		3599.89 time, 3600.02 real, 4228 MB
[runlim] end:			Thu Oct 17 21:06:05 2019
[runlim] status:		out of time
[runlim] result:		2
[runlim] children:		3
[runlim] real:			3600.10 seconds
[runlim] time:			3599.89 seconds
[runlim] space:			4668 MB
[runlim] samples:		36000
