[runlim] version:		1.17
[runlim] host:			c3n12
[runlim] time limit:		311040000 seconds
[runlim] real time limit:	3600 seconds
[runlim] space limit:		120000 MB
[runlim] argv[0]:		./run-conps-btormc-no-thp.sh
[runlim] argv[1]:		/tmp/XYnRYhiI.btor
[runlim] start:			Thu Oct 17 22:42:26 2019
[runlim] child:			23057
[runlim] sample:		9.98 time, 10.02 real, 119 MB
[runlim] sample:		19.98 time, 20.01 real, 193 MB
[runlim] sample:		29.99 time, 30.02 real, 211 MB
[runlim] sample:		39.98 time, 40.01 real, 254 MB
[runlim] sample:		49.98 time, 50.01 real, 266 MB
[runlim] sample:		59.98 time, 60.01 real, 280 MB
[runlim] sample:		69.99 time, 70.02 real, 293 MB
[runlim] sample:		79.98 time, 80.02 real, 324 MB
[runlim] sample:		89.98 time, 90.02 real, 324 MB
[runlim] sample:		99.98 time, 100.02 real, 355 MB
[runlim] sample:		109.99 time, 110.02 real, 375 MB
[runlim] sample:		119.99 time, 120.02 real, 376 MB
[runlim] sample:		129.98 time, 130.02 real, 377 MB
[runlim] sample:		139.98 time, 140.02 real, 392 MB
[runlim] sample:		149.99 time, 150.02 real, 375 MB
[runlim] sample:		159.98 time, 160.02 real, 398 MB
[runlim] sample:		169.98 time, 170.02 real, 445 MB
[runlim] sample:		179.98 time, 180.02 real, 445 MB
[runlim] sample:		189.98 time, 190.02 real, 445 MB
[runlim] sample:		199.98 time, 200.02 real, 457 MB
[runlim] sample:		209.98 time, 210.02 real, 457 MB
[runlim] sample:		219.98 time, 220.02 real, 457 MB
[runlim] sample:		229.98 time, 230.02 real, 470 MB
[runlim] sample:		239.98 time, 240.02 real, 479 MB
[runlim] sample:		249.98 time, 250.02 real, 441 MB
[runlim] sample:		259.98 time, 260.02 real, 474 MB
[runlim] sample:		269.98 time, 270.02 real, 512 MB
[runlim] sample:		279.98 time, 280.02 real, 512 MB
[runlim] sample:		289.98 time, 290.02 real, 519 MB
[runlim] sample:		299.98 time, 300.02 real, 519 MB
[runlim] sample:		309.98 time, 310.02 real, 476 MB
[runlim] sample:		319.98 time, 320.02 real, 480 MB
[runlim] sample:		329.98 time, 330.02 real, 533 MB
[runlim] sample:		339.98 time, 340.02 real, 533 MB
[runlim] sample:		349.99 time, 350.02 real, 533 MB
[runlim] sample:		359.99 time, 360.02 real, 472 MB
[runlim] sample:		369.98 time, 370.02 real, 607 MB
[runlim] sample:		379.98 time, 380.02 real, 613 MB
[runlim] sample:		389.98 time, 390.02 real, 613 MB
[runlim] sample:		399.98 time, 400.02 real, 537 MB
[runlim] sample:		409.98 time, 410.02 real, 556 MB
[runlim] sample:		419.98 time, 420.02 real, 556 MB
[runlim] sample:		429.99 time, 430.02 real, 556 MB
[runlim] sample:		439.99 time, 440.02 real, 556 MB
[runlim] sample:		449.99 time, 450.02 real, 556 MB
[runlim] sample:		459.99 time, 460.02 real, 556 MB
[runlim] sample:		469.98 time, 470.02 real, 556 MB
[runlim] sample:		479.99 time, 480.02 real, 517 MB
[runlim] sample:		489.98 time, 490.02 real, 588 MB
[runlim] sample:		499.98 time, 500.01 real, 526 MB
[runlim] sample:		509.98 time, 510.02 real, 526 MB
[runlim] sample:		519.98 time, 520.02 real, 526 MB
[runlim] sample:		529.99 time, 530.02 real, 562 MB
[runlim] sample:		539.99 time, 540.02 real, 562 MB
[runlim] sample:		549.98 time, 550.02 real, 592 MB
[runlim] sample:		559.99 time, 560.02 real, 592 MB
[runlim] sample:		569.99 time, 570.02 real, 592 MB
[runlim] sample:		579.98 time, 580.02 real, 559 MB
[runlim] sample:		589.99 time, 590.02 real, 559 MB
[runlim] sample:		599.98 time, 600.02 real, 559 MB
[runlim] sample:		609.99 time, 610.02 real, 651 MB
[runlim] sample:		619.99 time, 620.02 real, 688 MB
[runlim] sample:		629.98 time, 630.02 real, 688 MB
[runlim] sample:		639.99 time, 640.02 real, 688 MB
[runlim] sample:		649.98 time, 650.02 real, 598 MB
[runlim] sample:		659.98 time, 660.02 real, 598 MB
[runlim] sample:		669.99 time, 670.02 real, 598 MB
[runlim] sample:		679.99 time, 680.02 real, 609 MB
[runlim] sample:		689.99 time, 690.02 real, 609 MB
[runlim] sample:		699.99 time, 700.02 real, 630 MB
[runlim] sample:		709.99 time, 710.02 real, 630 MB
[runlim] sample:		719.99 time, 720.02 real, 664 MB
[runlim] sample:		729.99 time, 730.02 real, 602 MB
[runlim] sample:		739.99 time, 740.02 real, 602 MB
[runlim] sample:		749.99 time, 750.02 real, 602 MB
[runlim] sample:		759.98 time, 760.02 real, 628 MB
[runlim] sample:		769.99 time, 770.02 real, 628 MB
[runlim] sample:		779.98 time, 780.02 real, 628 MB
[runlim] sample:		789.99 time, 790.02 real, 628 MB
[runlim] sample:		799.99 time, 800.02 real, 765 MB
[runlim] sample:		809.99 time, 810.02 real, 655 MB
[runlim] sample:		819.99 time, 820.02 real, 655 MB
[runlim] sample:		829.98 time, 830.02 real, 655 MB
[runlim] sample:		839.99 time, 840.02 real, 605 MB
[runlim] sample:		849.99 time, 850.02 real, 613 MB
[runlim] sample:		859.98 time, 860.02 real, 613 MB
[runlim] sample:		869.99 time, 870.02 real, 613 MB
[runlim] sample:		879.98 time, 880.02 real, 609 MB
[runlim] sample:		889.99 time, 890.01 real, 609 MB
[runlim] sample:		899.99 time, 900.01 real, 609 MB
[runlim] sample:		909.99 time, 910.02 real, 609 MB
[runlim] sample:		919.99 time, 920.02 real, 609 MB
[runlim] sample:		929.99 time, 930.02 real, 609 MB
[runlim] sample:		939.99 time, 940.01 real, 609 MB
[runlim] sample:		949.99 time, 950.02 real, 653 MB
[runlim] sample:		959.99 time, 960.02 real, 653 MB
[runlim] sample:		969.99 time, 970.01 real, 680 MB
[runlim] sample:		979.99 time, 980.02 real, 680 MB
[runlim] sample:		989.99 time, 990.02 real, 662 MB
[runlim] sample:		999.99 time, 1000.02 real, 662 MB
[runlim] sample:		1009.99 time, 1010.02 real, 662 MB
[runlim] sample:		1019.99 time, 1020.02 real, 662 MB
[runlim] sample:		1029.99 time, 1030.02 real, 665 MB
[runlim] sample:		1039.99 time, 1040.02 real, 665 MB
[runlim] sample:		1049.99 time, 1050.01 real, 665 MB
[runlim] sample:		1059.99 time, 1060.02 real, 665 MB
[runlim] sample:		1069.99 time, 1070.02 real, 665 MB
[runlim] sample:		1079.99 time, 1080.01 real, 665 MB
[runlim] sample:		1089.99 time, 1090.02 real, 850 MB
[runlim] sample:		1099.99 time, 1100.02 real, 740 MB
[runlim] sample:		1109.99 time, 1110.02 real, 740 MB
[runlim] sample:		1119.99 time, 1120.02 real, 647 MB
[runlim] sample:		1129.99 time, 1130.02 real, 650 MB
[runlim] sample:		1139.99 time, 1140.02 real, 650 MB
[runlim] sample:		1150.00 time, 1150.02 real, 650 MB
[runlim] sample:		1159.99 time, 1160.02 real, 650 MB
[runlim] sample:		1170.00 time, 1170.02 real, 650 MB
[runlim] sample:		1179.99 time, 1180.02 real, 703 MB
[runlim] sample:		1189.99 time, 1190.02 real, 703 MB
[runlim] sample:		1199.99 time, 1200.02 real, 703 MB
[runlim] sample:		1210.00 time, 1210.01 real, 703 MB
[runlim] sample:		1219.99 time, 1220.01 real, 703 MB
[runlim] sample:		1230.00 time, 1230.02 real, 703 MB
[runlim] sample:		1239.99 time, 1240.02 real, 706 MB
[runlim] sample:		1249.99 time, 1250.01 real, 706 MB
[runlim] sample:		1260.00 time, 1260.02 real, 706 MB
[runlim] sample:		1269.99 time, 1270.02 real, 706 MB
[runlim] sample:		1279.99 time, 1280.02 real, 727 MB
[runlim] sample:		1289.99 time, 1290.02 real, 741 MB
[runlim] sample:		1299.99 time, 1300.02 real, 741 MB
[runlim] sample:		1310.00 time, 1310.02 real, 741 MB
[runlim] sample:		1319.99 time, 1320.02 real, 741 MB
[runlim] sample:		1329.99 time, 1330.02 real, 741 MB
[runlim] sample:		1339.99 time, 1340.02 real, 741 MB
[runlim] sample:		1349.99 time, 1350.01 real, 741 MB
[runlim] sample:		1359.99 time, 1360.02 real, 741 MB
[runlim] sample:		1369.99 time, 1370.02 real, 741 MB
[runlim] sample:		1380.00 time, 1380.02 real, 741 MB
[runlim] sample:		1390.00 time, 1390.02 real, 741 MB
[runlim] sample:		1399.99 time, 1400.02 real, 741 MB
[runlim] sample:		1409.99 time, 1410.01 real, 741 MB
[runlim] sample:		1419.99 time, 1420.02 real, 741 MB
[runlim] sample:		1430.00 time, 1430.01 real, 728 MB
[runlim] sample:		1439.99 time, 1440.02 real, 728 MB
[runlim] sample:		1449.99 time, 1450.02 real, 728 MB
[runlim] sample:		1459.99 time, 1460.02 real, 728 MB
[runlim] sample:		1469.99 time, 1470.02 real, 761 MB
[runlim] sample:		1479.99 time, 1480.02 real, 761 MB
[runlim] sample:		1489.99 time, 1490.02 real, 761 MB
[runlim] sample:		1499.99 time, 1500.02 real, 761 MB
[runlim] sample:		1509.99 time, 1510.02 real, 761 MB
[runlim] sample:		1520.00 time, 1520.02 real, 761 MB
[runlim] sample:		1530.00 time, 1530.02 real, 761 MB
[runlim] sample:		1540.00 time, 1540.02 real, 761 MB
[runlim] sample:		1550.00 time, 1550.02 real, 950 MB
[runlim] sample:		1560.00 time, 1560.02 real, 950 MB
[runlim] sample:		1570.00 time, 1570.02 real, 950 MB
[runlim] sample:		1579.99 time, 1580.02 real, 950 MB
[runlim] sample:		1589.99 time, 1590.02 real, 950 MB
[runlim] sample:		1600.00 time, 1600.02 real, 950 MB
[runlim] sample:		1610.00 time, 1610.02 real, 951 MB
[runlim] sample:		1620.00 time, 1620.02 real, 951 MB
[runlim] sample:		1630.00 time, 1630.02 real, 798 MB
[runlim] sample:		1640.00 time, 1640.02 real, 798 MB
[runlim] sample:		1649.99 time, 1650.02 real, 798 MB
[runlim] sample:		1659.99 time, 1660.02 real, 798 MB
[runlim] sample:		1669.99 time, 1670.02 real, 798 MB
[runlim] sample:		1680.00 time, 1680.02 real, 798 MB
[runlim] sample:		1690.00 time, 1690.02 real, 723 MB
[runlim] sample:		1699.99 time, 1700.02 real, 725 MB
[runlim] sample:		1710.00 time, 1710.02 real, 725 MB
[runlim] sample:		1719.99 time, 1720.02 real, 725 MB
[runlim] sample:		1730.00 time, 1730.02 real, 725 MB
[runlim] sample:		1740.00 time, 1740.02 real, 725 MB
[runlim] sample:		1750.00 time, 1750.02 real, 725 MB
[runlim] sample:		1760.00 time, 1760.02 real, 792 MB
[runlim] sample:		1770.00 time, 1770.01 real, 792 MB
[runlim] sample:		1780.00 time, 1780.02 real, 792 MB
[runlim] sample:		1789.99 time, 1790.02 real, 792 MB
[runlim] sample:		1800.00 time, 1800.02 real, 792 MB
[runlim] sample:		1809.99 time, 1810.02 real, 792 MB
[runlim] sample:		1820.00 time, 1820.02 real, 792 MB
[runlim] sample:		1830.00 time, 1830.02 real, 792 MB
[runlim] sample:		1840.00 time, 1840.02 real, 792 MB
[runlim] sample:		1850.00 time, 1850.02 real, 792 MB
[runlim] sample:		1860.00 time, 1860.02 real, 792 MB
[runlim] sample:		1870.00 time, 1870.01 real, 747 MB
[runlim] sample:		1880.00 time, 1880.02 real, 747 MB
[runlim] sample:		1890.00 time, 1890.02 real, 747 MB
[runlim] sample:		1900.00 time, 1900.02 real, 747 MB
[runlim] sample:		1910.00 time, 1910.02 real, 922 MB
[runlim] sample:		1920.00 time, 1920.02 real, 922 MB
[runlim] sample:		1930.00 time, 1930.02 real, 810 MB
[runlim] sample:		1940.00 time, 1940.02 real, 810 MB
[runlim] sample:		1950.00 time, 1950.02 real, 810 MB
[runlim] sample:		1960.00 time, 1960.02 real, 810 MB
[runlim] sample:		1970.00 time, 1970.02 real, 810 MB
[runlim] sample:		1980.00 time, 1980.02 real, 810 MB
[runlim] sample:		1990.00 time, 1990.02 real, 860 MB
[runlim] sample:		2000.00 time, 2000.02 real, 860 MB
[runlim] sample:		2010.00 time, 2010.02 real, 860 MB
[runlim] sample:		2020.00 time, 2020.02 real, 860 MB
[runlim] sample:		2030.00 time, 2030.01 real, 860 MB
[runlim] sample:		2040.01 time, 2040.02 real, 860 MB
[runlim] sample:		2050.00 time, 2050.02 real, 860 MB
[runlim] sample:		2060.01 time, 2060.02 real, 860 MB
[runlim] sample:		2070.00 time, 2070.02 real, 860 MB
[runlim] sample:		2080.00 time, 2080.02 real, 860 MB
[runlim] sample:		2090.00 time, 2090.02 real, 860 MB
[runlim] sample:		2100.00 time, 2100.02 real, 864 MB
[runlim] sample:		2110.00 time, 2110.02 real, 864 MB
[runlim] sample:		2120.00 time, 2120.02 real, 864 MB
[runlim] sample:		2130.00 time, 2130.02 real, 864 MB
[runlim] sample:		2140.01 time, 2140.02 real, 864 MB
[runlim] sample:		2150.00 time, 2150.02 real, 1035 MB
[runlim] sample:		2160.00 time, 2160.02 real, 864 MB
[runlim] sample:		2170.00 time, 2170.02 real, 864 MB
[runlim] sample:		2180.00 time, 2180.02 real, 864 MB
[runlim] sample:		2190.00 time, 2190.02 real, 864 MB
[runlim] sample:		2200.00 time, 2200.02 real, 864 MB
[runlim] sample:		2210.00 time, 2210.02 real, 864 MB
[runlim] sample:		2220.01 time, 2220.02 real, 864 MB
[runlim] sample:		2230.01 time, 2230.02 real, 864 MB
[runlim] sample:		2240.01 time, 2240.02 real, 864 MB
[runlim] sample:		2250.01 time, 2250.02 real, 865 MB
[runlim] sample:		2260.00 time, 2260.02 real, 865 MB
[runlim] sample:		2270.00 time, 2270.02 real, 865 MB
[runlim] sample:		2280.00 time, 2280.02 real, 865 MB
[runlim] sample:		2290.00 time, 2290.02 real, 865 MB
[runlim] sample:		2300.00 time, 2300.02 real, 865 MB
[runlim] sample:		2310.01 time, 2310.02 real, 865 MB
[runlim] sample:		2320.00 time, 2320.02 real, 869 MB
[runlim] sample:		2330.01 time, 2330.02 real, 870 MB
[runlim] sample:		2340.00 time, 2340.02 real, 870 MB
[runlim] sample:		2350.01 time, 2350.02 real, 870 MB
[runlim] sample:		2360.01 time, 2360.02 real, 870 MB
[runlim] sample:		2370.01 time, 2370.01 real, 870 MB
[runlim] sample:		2380.00 time, 2380.02 real, 870 MB
[runlim] sample:		2390.01 time, 2390.01 real, 870 MB
[runlim] sample:		2400.01 time, 2400.02 real, 871 MB
[runlim] sample:		2410.01 time, 2410.02 real, 871 MB
[runlim] sample:		2420.01 time, 2420.02 real, 871 MB
[runlim] sample:		2430.01 time, 2430.02 real, 871 MB
[runlim] sample:		2440.01 time, 2440.02 real, 871 MB
[runlim] sample:		2450.01 time, 2450.02 real, 871 MB
[runlim] sample:		2460.00 time, 2460.02 real, 871 MB
[runlim] sample:		2470.01 time, 2470.02 real, 871 MB
[runlim] sample:		2480.01 time, 2480.02 real, 871 MB
[runlim] sample:		2490.00 time, 2490.02 real, 871 MB
[runlim] sample:		2500.01 time, 2500.02 real, 871 MB
[runlim] sample:		2510.01 time, 2510.02 real, 872 MB
[runlim] sample:		2520.01 time, 2520.02 real, 872 MB
[runlim] sample:		2530.01 time, 2530.02 real, 872 MB
[runlim] sample:		2540.00 time, 2540.02 real, 872 MB
[runlim] sample:		2550.01 time, 2550.02 real, 872 MB
[runlim] sample:		2560.01 time, 2560.02 real, 872 MB
[runlim] sample:		2570.00 time, 2570.02 real, 872 MB
[runlim] sample:		2580.01 time, 2580.02 real, 960 MB
[runlim] sample:		2590.01 time, 2590.02 real, 1049 MB
[runlim] sample:		2600.01 time, 2600.02 real, 1049 MB
[runlim] sample:		2610.01 time, 2610.02 real, 1049 MB
[runlim] sample:		2620.00 time, 2620.02 real, 1049 MB
[runlim] sample:		2630.01 time, 2630.02 real, 1049 MB
[runlim] sample:		2640.01 time, 2640.02 real, 1049 MB
[runlim] sample:		2650.01 time, 2650.02 real, 1049 MB
[runlim] sample:		2660.01 time, 2660.02 real, 873 MB
[runlim] sample:		2670.00 time, 2670.02 real, 874 MB
[runlim] sample:		2680.01 time, 2680.02 real, 874 MB
[runlim] sample:		2690.01 time, 2690.02 real, 874 MB
[runlim] sample:		2700.01 time, 2700.02 real, 874 MB
[runlim] sample:		2710.01 time, 2710.02 real, 874 MB
[runlim] sample:		2720.01 time, 2720.02 real, 874 MB
[runlim] sample:		2730.01 time, 2730.02 real, 874 MB
[runlim] sample:		2740.01 time, 2740.02 real, 874 MB
[runlim] sample:		2750.01 time, 2750.01 real, 875 MB
[runlim] sample:		2760.01 time, 2760.02 real, 875 MB
[runlim] sample:		2770.01 time, 2770.01 real, 875 MB
[runlim] sample:		2780.01 time, 2780.02 real, 875 MB
[runlim] sample:		2790.01 time, 2790.02 real, 875 MB
[runlim] sample:		2800.01 time, 2800.02 real, 875 MB
[runlim] sample:		2810.01 time, 2810.02 real, 875 MB
[runlim] sample:		2820.01 time, 2820.02 real, 875 MB
[runlim] sample:		2830.01 time, 2830.02 real, 875 MB
[runlim] sample:		2840.01 time, 2840.01 real, 875 MB
[runlim] sample:		2850.01 time, 2850.02 real, 875 MB
[runlim] sample:		2860.02 time, 2860.02 real, 875 MB
[runlim] sample:		2870.01 time, 2870.02 real, 875 MB
[runlim] sample:		2880.01 time, 2880.02 real, 1078 MB
[runlim] sample:		2890.01 time, 2890.02 real, 1078 MB
[runlim] sample:		2900.02 time, 2900.02 real, 1078 MB
[runlim] sample:		2910.01 time, 2910.02 real, 1078 MB
[runlim] sample:		2920.01 time, 2920.02 real, 1078 MB
[runlim] sample:		2930.02 time, 2930.02 real, 1079 MB
[runlim] sample:		2940.01 time, 2940.02 real, 1079 MB
[runlim] sample:		2950.02 time, 2950.02 real, 1079 MB
[runlim] sample:		2960.01 time, 2960.02 real, 916 MB
[runlim] sample:		2970.01 time, 2970.02 real, 842 MB
[runlim] sample:		2980.02 time, 2980.02 real, 848 MB
[runlim] sample:		2990.01 time, 2990.02 real, 848 MB
[runlim] sample:		3000.01 time, 3000.02 real, 848 MB
[runlim] sample:		3010.01 time, 3010.02 real, 848 MB
[runlim] sample:		3020.02 time, 3020.02 real, 848 MB
[runlim] sample:		3030.01 time, 3030.02 real, 848 MB
[runlim] sample:		3040.02 time, 3040.02 real, 848 MB
[runlim] sample:		3050.01 time, 3050.02 real, 848 MB
[runlim] sample:		3060.02 time, 3060.02 real, 874 MB
[runlim] sample:		3070.02 time, 3070.02 real, 874 MB
[runlim] sample:		3080.01 time, 3080.02 real, 874 MB
[runlim] sample:		3090.01 time, 3090.02 real, 874 MB
[runlim] sample:		3100.02 time, 3100.02 real, 885 MB
[runlim] sample:		3110.01 time, 3110.02 real, 885 MB
[runlim] sample:		3120.01 time, 3120.02 real, 885 MB
[runlim] sample:		3130.01 time, 3130.02 real, 885 MB
[runlim] sample:		3140.02 time, 3140.02 real, 885 MB
[runlim] sample:		3150.01 time, 3150.02 real, 888 MB
[runlim] sample:		3160.02 time, 3160.02 real, 888 MB
[runlim] sample:		3170.01 time, 3170.02 real, 888 MB
[runlim] sample:		3180.01 time, 3180.02 real, 888 MB
[runlim] sample:		3190.01 time, 3190.02 real, 888 MB
[runlim] sample:		3200.01 time, 3200.02 real, 888 MB
[runlim] sample:		3210.02 time, 3210.02 real, 888 MB
[runlim] sample:		3220.01 time, 3220.02 real, 888 MB
[runlim] sample:		3230.02 time, 3230.02 real, 888 MB
[runlim] sample:		3240.02 time, 3240.02 real, 888 MB
[runlim] sample:		3250.01 time, 3250.02 real, 888 MB
[runlim] sample:		3260.02 time, 3260.02 real, 888 MB
[runlim] sample:		3270.01 time, 3270.02 real, 888 MB
[runlim] sample:		3280.01 time, 3280.02 real, 888 MB
[runlim] sample:		3290.01 time, 3290.02 real, 888 MB
[runlim] sample:		3300.02 time, 3300.02 real, 888 MB
[runlim] sample:		3310.02 time, 3310.02 real, 888 MB
[runlim] sample:		3320.01 time, 3320.02 real, 888 MB
[runlim] sample:		3330.02 time, 3330.02 real, 888 MB
[runlim] sample:		3340.02 time, 3340.01 real, 888 MB
[runlim] sample:		3350.02 time, 3350.02 real, 888 MB
[runlim] sample:		3360.01 time, 3360.02 real, 888 MB
[runlim] sample:		3370.02 time, 3370.02 real, 1080 MB
[runlim] sample:		3380.02 time, 3380.02 real, 1080 MB
[runlim] sample:		3390.02 time, 3390.02 real, 1080 MB
[runlim] sample:		3400.02 time, 3400.02 real, 1080 MB
[runlim] sample:		3410.02 time, 3410.02 real, 1080 MB
[runlim] sample:		3420.01 time, 3420.02 real, 1080 MB
[runlim] sample:		3430.02 time, 3430.02 real, 1081 MB
[runlim] sample:		3440.02 time, 3440.02 real, 1081 MB
[runlim] sample:		3450.02 time, 3450.02 real, 1081 MB
[runlim] sample:		3460.02 time, 3460.02 real, 1081 MB
[runlim] sample:		3470.02 time, 3470.02 real, 912 MB
[runlim] sample:		3480.02 time, 3480.02 real, 912 MB
[runlim] sample:		3490.02 time, 3490.02 real, 912 MB
[runlim] sample:		3500.02 time, 3500.02 real, 912 MB
[runlim] sample:		3510.02 time, 3510.02 real, 912 MB
[runlim] sample:		3520.01 time, 3520.02 real, 912 MB
[runlim] sample:		3530.02 time, 3530.02 real, 912 MB
[runlim] sample:		3540.02 time, 3540.02 real, 912 MB
[runlim] sample:		3550.02 time, 3550.02 real, 912 MB
[runlim] sample:		3560.02 time, 3560.02 real, 912 MB
[runlim] sample:		3570.02 time, 3570.02 real, 912 MB
[runlim] sample:		3580.02 time, 3580.02 real, 912 MB
[runlim] sample:		3590.02 time, 3590.02 real, 927 MB
[runlim] sample:		3600.02 time, 3600.02 real, 927 MB
[runlim] end:			Thu Oct 17 23:42:26 2019
[runlim] status:		out of time
[runlim] result:		2
[runlim] children:		3
[runlim] real:			3600.10 seconds
[runlim] time:			3600.02 seconds
[runlim] space:			1215 MB
[runlim] samples:		36000
