[runlim] version:		1.17
[runlim] host:			c3n12
[runlim] time limit:		311040000 seconds
[runlim] real time limit:	3600 seconds
[runlim] space limit:		120000 MB
[runlim] argv[0]:		./run-conps-btormc-no-thp.sh
[runlim] argv[1]:		/tmp/WOYmLb5T.btor
[runlim] start:			Thu Oct 17 19:34:56 2019
[runlim] child:			22538
[runlim] sample:		9.98 time, 10.02 real, 67 MB
[runlim] sample:		19.98 time, 20.01 real, 77 MB
[runlim] sample:		29.98 time, 30.01 real, 101 MB
[runlim] sample:		39.97 time, 40.01 real, 125 MB
[runlim] sample:		49.98 time, 50.01 real, 141 MB
[runlim] sample:		59.98 time, 60.02 real, 156 MB
[runlim] sample:		69.97 time, 70.02 real, 188 MB
[runlim] sample:		79.98 time, 80.02 real, 194 MB
[runlim] sample:		89.97 time, 90.02 real, 253 MB
[runlim] sample:		99.98 time, 100.02 real, 253 MB
[runlim] sample:		109.97 time, 110.02 real, 269 MB
[runlim] sample:		119.97 time, 120.02 real, 280 MB
[runlim] sample:		129.97 time, 130.02 real, 306 MB
[runlim] sample:		139.97 time, 140.02 real, 325 MB
[runlim] sample:		149.97 time, 150.02 real, 329 MB
[runlim] sample:		159.97 time, 160.02 real, 350 MB
[runlim] sample:		169.97 time, 170.02 real, 352 MB
[runlim] sample:		179.97 time, 180.02 real, 355 MB
[runlim] sample:		189.96 time, 190.02 real, 374 MB
[runlim] sample:		199.97 time, 200.02 real, 377 MB
[runlim] sample:		209.97 time, 210.02 real, 378 MB
[runlim] sample:		219.96 time, 220.01 real, 387 MB
[runlim] sample:		229.97 time, 230.02 real, 387 MB
[runlim] sample:		239.96 time, 240.02 real, 387 MB
[runlim] sample:		249.97 time, 250.02 real, 426 MB
[runlim] sample:		259.96 time, 260.02 real, 448 MB
[runlim] sample:		269.96 time, 270.02 real, 469 MB
[runlim] sample:		279.96 time, 280.02 real, 470 MB
[runlim] sample:		289.96 time, 290.02 real, 499 MB
[runlim] sample:		299.96 time, 300.02 real, 524 MB
[runlim] sample:		309.96 time, 310.02 real, 524 MB
[runlim] sample:		319.96 time, 320.02 real, 552 MB
[runlim] sample:		329.96 time, 330.02 real, 520 MB
[runlim] sample:		339.95 time, 340.02 real, 504 MB
[runlim] sample:		349.96 time, 350.02 real, 548 MB
[runlim] sample:		359.96 time, 360.02 real, 586 MB
[runlim] sample:		369.96 time, 370.02 real, 588 MB
[runlim] sample:		379.95 time, 380.02 real, 588 MB
[runlim] sample:		389.95 time, 390.02 real, 588 MB
[runlim] sample:		399.95 time, 400.02 real, 614 MB
[runlim] sample:		409.95 time, 410.02 real, 614 MB
[runlim] sample:		419.95 time, 420.02 real, 614 MB
[runlim] sample:		429.95 time, 430.02 real, 629 MB
[runlim] sample:		439.95 time, 440.02 real, 655 MB
[runlim] sample:		449.95 time, 450.02 real, 655 MB
[runlim] sample:		459.95 time, 460.02 real, 655 MB
[runlim] sample:		469.95 time, 470.02 real, 656 MB
[runlim] sample:		479.94 time, 480.02 real, 682 MB
[runlim] sample:		489.95 time, 490.02 real, 682 MB
[runlim] sample:		499.95 time, 500.02 real, 690 MB
[runlim] sample:		509.94 time, 510.02 real, 690 MB
[runlim] sample:		519.94 time, 520.01 real, 690 MB
[runlim] sample:		529.94 time, 530.02 real, 690 MB
[runlim] sample:		539.94 time, 540.02 real, 690 MB
[runlim] sample:		549.94 time, 550.02 real, 690 MB
[runlim] sample:		559.94 time, 560.01 real, 691 MB
[runlim] sample:		569.94 time, 570.02 real, 691 MB
[runlim] sample:		579.94 time, 580.02 real, 717 MB
[runlim] sample:		589.94 time, 590.02 real, 717 MB
[runlim] sample:		599.94 time, 600.02 real, 720 MB
[runlim] sample:		609.93 time, 610.02 real, 721 MB
[runlim] sample:		619.93 time, 620.02 real, 734 MB
[runlim] sample:		629.93 time, 630.01 real, 735 MB
[runlim] sample:		639.94 time, 640.02 real, 736 MB
[runlim] sample:		649.93 time, 650.02 real, 799 MB
[runlim] sample:		659.94 time, 660.02 real, 800 MB
[runlim] sample:		669.94 time, 670.02 real, 800 MB
[runlim] sample:		679.93 time, 680.02 real, 801 MB
[runlim] sample:		689.93 time, 690.02 real, 802 MB
[runlim] sample:		699.93 time, 700.02 real, 765 MB
[runlim] sample:		709.93 time, 710.02 real, 794 MB
[runlim] sample:		719.93 time, 720.02 real, 794 MB
[runlim] sample:		729.93 time, 730.02 real, 794 MB
[runlim] sample:		739.93 time, 740.02 real, 819 MB
[runlim] sample:		749.93 time, 750.02 real, 820 MB
[runlim] sample:		759.92 time, 760.02 real, 821 MB
[runlim] sample:		769.93 time, 770.02 real, 822 MB
[runlim] sample:		779.92 time, 780.02 real, 824 MB
[runlim] sample:		789.93 time, 790.02 real, 857 MB
[runlim] sample:		799.93 time, 800.02 real, 889 MB
[runlim] sample:		809.92 time, 810.02 real, 890 MB
[runlim] sample:		819.93 time, 820.02 real, 890 MB
[runlim] sample:		829.92 time, 830.02 real, 906 MB
[runlim] sample:		839.92 time, 840.02 real, 906 MB
[runlim] sample:		849.92 time, 850.02 real, 909 MB
[runlim] sample:		859.92 time, 860.02 real, 966 MB
[runlim] sample:		869.92 time, 870.02 real, 968 MB
[runlim] sample:		879.92 time, 880.02 real, 969 MB
[runlim] sample:		889.92 time, 890.02 real, 969 MB
[runlim] sample:		899.92 time, 900.02 real, 969 MB
[runlim] sample:		909.92 time, 910.02 real, 969 MB
[runlim] sample:		919.92 time, 920.02 real, 1001 MB
[runlim] sample:		929.91 time, 930.01 real, 940 MB
[runlim] sample:		939.91 time, 940.02 real, 946 MB
[runlim] sample:		949.91 time, 950.02 real, 917 MB
[runlim] sample:		959.92 time, 960.01 real, 978 MB
[runlim] sample:		969.91 time, 970.02 real, 948 MB
[runlim] sample:		979.91 time, 980.02 real, 1010 MB
[runlim] sample:		989.92 time, 990.02 real, 1011 MB
[runlim] sample:		999.91 time, 1000.02 real, 1012 MB
[runlim] sample:		1009.91 time, 1010.02 real, 1043 MB
[runlim] sample:		1019.91 time, 1020.02 real, 1012 MB
[runlim] sample:		1029.90 time, 1030.02 real, 1044 MB
[runlim] sample:		1039.90 time, 1040.02 real, 1045 MB
[runlim] sample:		1049.91 time, 1050.02 real, 1045 MB
[runlim] sample:		1059.91 time, 1060.02 real, 1045 MB
[runlim] sample:		1069.90 time, 1070.02 real, 1046 MB
[runlim] sample:		1079.91 time, 1080.02 real, 1046 MB
[runlim] sample:		1089.90 time, 1090.02 real, 1047 MB
[runlim] sample:		1099.90 time, 1100.02 real, 1047 MB
[runlim] sample:		1109.91 time, 1110.02 real, 1048 MB
[runlim] sample:		1119.90 time, 1120.02 real, 1084 MB
[runlim] sample:		1129.90 time, 1130.02 real, 1085 MB
[runlim] sample:		1139.90 time, 1140.02 real, 1085 MB
[runlim] sample:		1149.90 time, 1150.02 real, 1086 MB
[runlim] sample:		1159.90 time, 1160.02 real, 1086 MB
[runlim] sample:		1169.90 time, 1170.02 real, 1087 MB
[runlim] sample:		1179.89 time, 1180.01 real, 1088 MB
[runlim] sample:		1189.90 time, 1190.02 real, 1089 MB
[runlim] sample:		1199.90 time, 1200.02 real, 1089 MB
[runlim] sample:		1209.89 time, 1210.02 real, 1089 MB
[runlim] sample:		1219.89 time, 1220.02 real, 1017 MB
[runlim] sample:		1229.90 time, 1230.02 real, 1017 MB
[runlim] sample:		1239.89 time, 1240.02 real, 1096 MB
[runlim] sample:		1249.89 time, 1250.02 real, 1134 MB
[runlim] sample:		1259.89 time, 1260.02 real, 1134 MB
[runlim] sample:		1269.89 time, 1270.02 real, 1135 MB
[runlim] sample:		1279.89 time, 1280.02 real, 1137 MB
[runlim] sample:		1289.89 time, 1290.02 real, 1138 MB
[runlim] sample:		1299.89 time, 1300.02 real, 1139 MB
[runlim] sample:		1309.89 time, 1310.02 real, 1140 MB
[runlim] sample:		1319.88 time, 1320.02 real, 1141 MB
[runlim] sample:		1329.88 time, 1330.02 real, 1142 MB
[runlim] sample:		1339.88 time, 1340.02 real, 1143 MB
[runlim] sample:		1349.89 time, 1350.02 real, 1144 MB
[runlim] sample:		1359.88 time, 1360.02 real, 1144 MB
[runlim] sample:		1369.89 time, 1370.02 real, 1145 MB
[runlim] sample:		1379.89 time, 1380.02 real, 1145 MB
[runlim] sample:		1389.89 time, 1390.02 real, 1145 MB
[runlim] sample:		1399.89 time, 1400.02 real, 1146 MB
[runlim] sample:		1409.88 time, 1410.02 real, 1147 MB
[runlim] sample:		1419.88 time, 1420.02 real, 1147 MB
[runlim] sample:		1429.88 time, 1430.02 real, 1147 MB
[runlim] sample:		1439.88 time, 1440.02 real, 1148 MB
[runlim] sample:		1449.88 time, 1450.02 real, 1149 MB
[runlim] sample:		1459.88 time, 1460.02 real, 1150 MB
[runlim] sample:		1469.88 time, 1470.02 real, 1151 MB
[runlim] sample:		1479.88 time, 1480.02 real, 1184 MB
[runlim] sample:		1489.88 time, 1490.02 real, 1185 MB
[runlim] sample:		1499.87 time, 1500.02 real, 1186 MB
[runlim] sample:		1509.88 time, 1510.02 real, 1187 MB
[runlim] sample:		1519.87 time, 1520.02 real, 1188 MB
[runlim] sample:		1529.87 time, 1530.02 real, 1189 MB
[runlim] sample:		1539.88 time, 1540.02 real, 1198 MB
[runlim] sample:		1549.87 time, 1550.02 real, 1199 MB
[runlim] sample:		1559.87 time, 1560.02 real, 1135 MB
[runlim] sample:		1569.88 time, 1570.02 real, 1270 MB
[runlim] sample:		1579.87 time, 1580.02 real, 1271 MB
[runlim] sample:		1589.87 time, 1590.02 real, 1304 MB
[runlim] sample:		1599.87 time, 1600.02 real, 1305 MB
[runlim] sample:		1609.87 time, 1610.02 real, 1307 MB
[runlim] sample:		1619.87 time, 1620.02 real, 1308 MB
[runlim] sample:		1629.86 time, 1630.02 real, 1309 MB
[runlim] sample:		1639.87 time, 1640.02 real, 1341 MB
[runlim] sample:		1649.86 time, 1650.02 real, 1312 MB
[runlim] sample:		1659.86 time, 1660.02 real, 1313 MB
[runlim] sample:		1669.87 time, 1670.02 real, 1315 MB
[runlim] sample:		1679.86 time, 1680.02 real, 1316 MB
[runlim] sample:		1689.86 time, 1690.02 real, 1317 MB
[runlim] sample:		1699.86 time, 1700.02 real, 1319 MB
[runlim] sample:		1709.86 time, 1710.02 real, 1319 MB
[runlim] sample:		1719.86 time, 1720.02 real, 1320 MB
[runlim] sample:		1729.86 time, 1730.02 real, 1322 MB
[runlim] sample:		1739.86 time, 1740.02 real, 1324 MB
[runlim] sample:		1749.86 time, 1750.02 real, 1324 MB
[runlim] sample:		1759.86 time, 1760.02 real, 1325 MB
[runlim] sample:		1769.86 time, 1770.02 real, 1326 MB
[runlim] sample:		1779.86 time, 1780.02 real, 1327 MB
[runlim] sample:		1789.85 time, 1790.02 real, 1329 MB
[runlim] sample:		1799.86 time, 1800.02 real, 1329 MB
[runlim] sample:		1809.86 time, 1810.02 real, 1330 MB
[runlim] sample:		1819.86 time, 1820.02 real, 1331 MB
[runlim] sample:		1829.86 time, 1830.02 real, 1331 MB
[runlim] sample:		1839.85 time, 1840.02 real, 1331 MB
[runlim] sample:		1849.85 time, 1850.02 real, 1331 MB
[runlim] sample:		1859.85 time, 1860.02 real, 1331 MB
[runlim] sample:		1869.85 time, 1870.02 real, 1331 MB
[runlim] sample:		1879.85 time, 1880.02 real, 1364 MB
[runlim] sample:		1889.85 time, 1890.02 real, 1293 MB
[runlim] sample:		1899.85 time, 1900.02 real, 1422 MB
[runlim] sample:		1909.84 time, 1910.02 real, 1422 MB
[runlim] sample:		1919.85 time, 1920.02 real, 1422 MB
[runlim] sample:		1929.84 time, 1930.02 real, 1424 MB
[runlim] sample:		1939.85 time, 1940.02 real, 1425 MB
[runlim] sample:		1949.84 time, 1950.02 real, 1426 MB
[runlim] sample:		1959.84 time, 1960.02 real, 1322 MB
[runlim] sample:		1969.84 time, 1970.02 real, 1322 MB
[runlim] sample:		1979.84 time, 1980.02 real, 1322 MB
[runlim] sample:		1989.84 time, 1990.02 real, 1419 MB
[runlim] sample:		1999.84 time, 2000.02 real, 1505 MB
[runlim] sample:		2009.84 time, 2010.02 real, 1506 MB
[runlim] sample:		2019.84 time, 2020.02 real, 1507 MB
[runlim] sample:		2029.84 time, 2030.02 real, 1520 MB
[runlim] sample:		2039.84 time, 2040.02 real, 1558 MB
[runlim] sample:		2049.84 time, 2050.02 real, 1559 MB
[runlim] sample:		2059.84 time, 2060.02 real, 1559 MB
[runlim] sample:		2069.83 time, 2070.02 real, 1559 MB
[runlim] sample:		2079.83 time, 2080.02 real, 1559 MB
[runlim] sample:		2089.84 time, 2090.02 real, 1561 MB
[runlim] sample:		2099.83 time, 2100.02 real, 1562 MB
[runlim] sample:		2109.83 time, 2110.02 real, 1563 MB
[runlim] sample:		2119.83 time, 2120.02 real, 1597 MB
[runlim] sample:		2129.83 time, 2130.02 real, 1564 MB
[runlim] sample:		2139.83 time, 2140.02 real, 1565 MB
[runlim] sample:		2149.83 time, 2150.02 real, 1565 MB
[runlim] sample:		2159.83 time, 2160.02 real, 1566 MB
[runlim] sample:		2169.83 time, 2170.02 real, 1566 MB
[runlim] sample:		2179.83 time, 2180.02 real, 1566 MB
[runlim] sample:		2189.82 time, 2190.02 real, 1447 MB
[runlim] sample:		2199.83 time, 2200.01 real, 1396 MB
[runlim] sample:		2209.83 time, 2210.02 real, 1396 MB
[runlim] sample:		2219.83 time, 2220.02 real, 1396 MB
[runlim] sample:		2229.82 time, 2230.02 real, 1396 MB
[runlim] sample:		2239.82 time, 2240.02 real, 1605 MB
[runlim] sample:		2249.83 time, 2250.02 real, 1624 MB
[runlim] sample:		2259.82 time, 2260.02 real, 1623 MB
[runlim] sample:		2269.82 time, 2270.02 real, 1624 MB
[runlim] sample:		2279.83 time, 2280.02 real, 1625 MB
[runlim] sample:		2289.82 time, 2290.02 real, 1626 MB
[runlim] sample:		2299.82 time, 2300.02 real, 1628 MB
[runlim] sample:		2309.82 time, 2310.02 real, 1631 MB
[runlim] sample:		2319.81 time, 2320.02 real, 1632 MB
[runlim] sample:		2329.82 time, 2330.02 real, 1633 MB
[runlim] sample:		2339.81 time, 2340.02 real, 1634 MB
[runlim] sample:		2349.81 time, 2350.02 real, 1685 MB
[runlim] sample:		2359.82 time, 2360.02 real, 1637 MB
[runlim] sample:		2369.82 time, 2370.02 real, 1637 MB
[runlim] sample:		2379.82 time, 2380.02 real, 1638 MB
[runlim] sample:		2389.81 time, 2390.02 real, 1638 MB
[runlim] sample:		2399.81 time, 2400.02 real, 1638 MB
[runlim] sample:		2409.81 time, 2410.02 real, 1639 MB
[runlim] sample:		2419.81 time, 2420.02 real, 1607 MB
[runlim] sample:		2429.81 time, 2430.02 real, 1568 MB
[runlim] sample:		2439.81 time, 2440.02 real, 1568 MB
[runlim] sample:		2449.81 time, 2450.02 real, 1716 MB
[runlim] sample:		2459.81 time, 2460.02 real, 1716 MB
[runlim] sample:		2469.80 time, 2470.02 real, 1717 MB
[runlim] end:			Thu Oct 17 20:16:12 2019
[runlim] status:		ok
[runlim] result:		0
[runlim] children:		3
[runlim] real:			2476.46 seconds
[runlim] time:			2476.21 seconds
[runlim] space:			1970 MB
[runlim] samples:		24764
