[runlim] version:		1.17
[runlim] host:			c3n21
[runlim] time limit:		311040000 seconds
[runlim] real time limit:	3600 seconds
[runlim] space limit:		120000 MB
[runlim] argv[0]:		./run-conps-btormc-no-thp.sh
[runlim] argv[1]:		/tmp/YhXmPmxa.btor
[runlim] start:			Thu Oct 17 19:02:34 2019
[runlim] child:			20038
[runlim] sample:		9.98 time, 10.01 real, 51 MB
[runlim] sample:		19.98 time, 20.01 real, 57 MB
[runlim] sample:		29.98 time, 30.01 real, 64 MB
[runlim] sample:		39.98 time, 40.01 real, 74 MB
[runlim] sample:		49.99 time, 50.01 real, 77 MB
[runlim] sample:		59.98 time, 60.01 real, 81 MB
[runlim] sample:		69.99 time, 70.01 real, 85 MB
[runlim] sample:		79.98 time, 80.01 real, 91 MB
[runlim] sample:		89.99 time, 90.01 real, 96 MB
[runlim] sample:		99.99 time, 100.01 real, 103 MB
[runlim] sample:		109.98 time, 110.01 real, 103 MB
[runlim] sample:		119.98 time, 120.01 real, 119 MB
[runlim] sample:		129.98 time, 130.01 real, 133 MB
[runlim] sample:		139.98 time, 140.01 real, 134 MB
[runlim] sample:		149.98 time, 150.01 real, 141 MB
[runlim] sample:		159.98 time, 160.01 real, 141 MB
[runlim] sample:		169.98 time, 170.01 real, 151 MB
[runlim] sample:		179.98 time, 180.01 real, 151 MB
[runlim] sample:		189.98 time, 190.01 real, 157 MB
[runlim] sample:		199.98 time, 200.01 real, 157 MB
[runlim] sample:		209.98 time, 210.01 real, 157 MB
[runlim] sample:		219.98 time, 220.01 real, 169 MB
[runlim] sample:		229.98 time, 230.01 real, 175 MB
[runlim] sample:		239.98 time, 240.01 real, 175 MB
[runlim] sample:		249.98 time, 250.01 real, 191 MB
[runlim] sample:		259.98 time, 260.01 real, 191 MB
[runlim] sample:		269.98 time, 270.01 real, 191 MB
[runlim] sample:		279.98 time, 280.01 real, 193 MB
[runlim] sample:		289.98 time, 290.01 real, 193 MB
[runlim] sample:		299.98 time, 300.01 real, 193 MB
[runlim] sample:		309.98 time, 310.01 real, 203 MB
[runlim] sample:		319.98 time, 320.01 real, 204 MB
[runlim] sample:		329.98 time, 330.01 real, 205 MB
[runlim] sample:		339.98 time, 340.01 real, 205 MB
[runlim] sample:		349.98 time, 350.01 real, 234 MB
[runlim] sample:		359.98 time, 360.01 real, 234 MB
[runlim] sample:		369.98 time, 370.01 real, 234 MB
[runlim] sample:		379.97 time, 380.01 real, 260 MB
[runlim] sample:		389.98 time, 390.01 real, 260 MB
[runlim] sample:		399.98 time, 400.01 real, 260 MB
[runlim] sample:		409.98 time, 410.01 real, 260 MB
[runlim] sample:		419.97 time, 420.01 real, 279 MB
[runlim] sample:		429.97 time, 430.01 real, 279 MB
[runlim] sample:		439.97 time, 440.01 real, 279 MB
[runlim] sample:		449.97 time, 450.01 real, 279 MB
[runlim] sample:		459.97 time, 460.01 real, 279 MB
[runlim] sample:		469.97 time, 470.01 real, 284 MB
[runlim] sample:		479.97 time, 480.01 real, 284 MB
[runlim] sample:		489.97 time, 490.01 real, 290 MB
[runlim] sample:		499.97 time, 500.01 real, 290 MB
[runlim] sample:		509.98 time, 510.01 real, 312 MB
[runlim] sample:		519.98 time, 520.01 real, 312 MB
[runlim] sample:		529.98 time, 530.01 real, 312 MB
[runlim] sample:		539.98 time, 540.01 real, 312 MB
[runlim] sample:		549.98 time, 550.01 real, 312 MB
[runlim] sample:		559.97 time, 560.01 real, 325 MB
[runlim] sample:		569.98 time, 570.01 real, 389 MB
[runlim] sample:		579.97 time, 580.01 real, 333 MB
[runlim] sample:		589.97 time, 590.01 real, 333 MB
[runlim] sample:		599.97 time, 600.01 real, 333 MB
[runlim] sample:		609.97 time, 610.01 real, 333 MB
[runlim] sample:		619.97 time, 620.01 real, 339 MB
[runlim] sample:		629.97 time, 630.01 real, 339 MB
[runlim] sample:		639.97 time, 640.01 real, 339 MB
[runlim] sample:		649.97 time, 650.01 real, 339 MB
[runlim] sample:		659.97 time, 660.01 real, 339 MB
[runlim] sample:		669.97 time, 670.01 real, 363 MB
[runlim] sample:		679.97 time, 680.01 real, 427 MB
[runlim] sample:		689.97 time, 690.01 real, 363 MB
[runlim] sample:		699.97 time, 700.01 real, 363 MB
[runlim] sample:		709.97 time, 710.01 real, 363 MB
[runlim] sample:		719.97 time, 720.01 real, 363 MB
[runlim] sample:		729.97 time, 730.01 real, 363 MB
[runlim] sample:		739.97 time, 740.01 real, 372 MB
[runlim] sample:		749.97 time, 750.01 real, 372 MB
[runlim] sample:		759.97 time, 760.01 real, 441 MB
[runlim] sample:		769.97 time, 770.01 real, 372 MB
[runlim] sample:		779.97 time, 780.01 real, 372 MB
[runlim] sample:		789.97 time, 790.01 real, 372 MB
[runlim] sample:		799.97 time, 800.01 real, 372 MB
[runlim] sample:		809.97 time, 810.01 real, 372 MB
[runlim] sample:		819.97 time, 820.01 real, 382 MB
[runlim] sample:		829.97 time, 830.01 real, 382 MB
[runlim] sample:		839.97 time, 840.01 real, 459 MB
[runlim] sample:		849.97 time, 850.01 real, 466 MB
[runlim] sample:		859.97 time, 860.01 real, 466 MB
[runlim] sample:		869.97 time, 870.01 real, 466 MB
[runlim] sample:		879.97 time, 880.01 real, 466 MB
[runlim] sample:		889.97 time, 890.01 real, 466 MB
[runlim] sample:		899.97 time, 900.01 real, 466 MB
[runlim] sample:		909.97 time, 910.01 real, 466 MB
[runlim] sample:		919.97 time, 920.01 real, 359 MB
[runlim] sample:		929.96 time, 930.01 real, 367 MB
[runlim] sample:		939.97 time, 940.01 real, 376 MB
[runlim] sample:		949.97 time, 950.01 real, 385 MB
[runlim] sample:		959.97 time, 960.01 real, 386 MB
[runlim] sample:		969.97 time, 970.01 real, 386 MB
[runlim] sample:		979.96 time, 980.01 real, 408 MB
[runlim] sample:		989.97 time, 990.01 real, 408 MB
[runlim] sample:		999.97 time, 1000.01 real, 446 MB
[runlim] sample:		1009.97 time, 1010.01 real, 408 MB
[runlim] sample:		1019.97 time, 1020.01 real, 408 MB
[runlim] sample:		1029.97 time, 1030.01 real, 408 MB
[runlim] sample:		1039.96 time, 1040.01 real, 412 MB
[runlim] sample:		1049.96 time, 1050.01 real, 412 MB
[runlim] sample:		1059.96 time, 1060.01 real, 412 MB
[runlim] sample:		1069.97 time, 1070.01 real, 434 MB
[runlim] sample:		1079.97 time, 1080.01 real, 434 MB
[runlim] sample:		1089.97 time, 1090.01 real, 434 MB
[runlim] sample:		1099.96 time, 1100.01 real, 435 MB
[runlim] sample:		1109.96 time, 1110.01 real, 435 MB
[runlim] sample:		1119.96 time, 1120.01 real, 435 MB
[runlim] sample:		1129.96 time, 1130.02 real, 435 MB
[runlim] sample:		1139.96 time, 1140.02 real, 435 MB
[runlim] sample:		1149.96 time, 1150.02 real, 435 MB
[runlim] sample:		1159.96 time, 1160.02 real, 435 MB
[runlim] sample:		1169.97 time, 1170.02 real, 448 MB
[runlim] sample:		1179.97 time, 1180.01 real, 533 MB
[runlim] sample:		1189.96 time, 1190.02 real, 448 MB
[runlim] sample:		1199.96 time, 1200.02 real, 448 MB
[runlim] sample:		1209.96 time, 1210.02 real, 448 MB
[runlim] sample:		1219.97 time, 1220.02 real, 449 MB
[runlim] sample:		1229.96 time, 1230.02 real, 449 MB
[runlim] sample:		1239.96 time, 1240.02 real, 459 MB
[runlim] sample:		1249.97 time, 1250.02 real, 460 MB
[runlim] sample:		1259.96 time, 1260.02 real, 463 MB
[runlim] sample:		1269.97 time, 1270.02 real, 484 MB
[runlim] sample:		1279.96 time, 1280.02 real, 574 MB
[runlim] sample:		1289.96 time, 1290.02 real, 484 MB
[runlim] sample:		1299.97 time, 1300.02 real, 484 MB
[runlim] sample:		1309.97 time, 1310.02 real, 484 MB
[runlim] sample:		1319.96 time, 1320.01 real, 484 MB
[runlim] sample:		1329.96 time, 1330.02 real, 484 MB
[runlim] sample:		1339.97 time, 1340.02 real, 484 MB
[runlim] sample:		1349.97 time, 1350.02 real, 484 MB
[runlim] sample:		1359.97 time, 1360.02 real, 484 MB
[runlim] sample:		1369.96 time, 1370.02 real, 514 MB
[runlim] sample:		1379.96 time, 1380.01 real, 514 MB
[runlim] sample:		1389.96 time, 1390.02 real, 514 MB
[runlim] sample:		1399.97 time, 1400.02 real, 514 MB
[runlim] sample:		1409.97 time, 1410.02 real, 514 MB
[runlim] sample:		1419.97 time, 1420.02 real, 514 MB
[runlim] sample:		1429.96 time, 1430.02 real, 514 MB
[runlim] sample:		1439.96 time, 1440.02 real, 514 MB
[runlim] sample:		1449.96 time, 1450.02 real, 514 MB
[runlim] sample:		1459.96 time, 1460.02 real, 514 MB
[runlim] sample:		1469.96 time, 1470.02 real, 514 MB
[runlim] sample:		1479.97 time, 1480.02 real, 578 MB
[runlim] sample:		1489.96 time, 1490.02 real, 520 MB
[runlim] sample:		1499.96 time, 1500.02 real, 618 MB
[runlim] sample:		1509.97 time, 1510.02 real, 520 MB
[runlim] sample:		1519.97 time, 1520.02 real, 520 MB
[runlim] sample:		1529.96 time, 1530.02 real, 520 MB
[runlim] sample:		1539.96 time, 1540.02 real, 520 MB
[runlim] sample:		1549.97 time, 1550.02 real, 520 MB
[runlim] sample:		1559.97 time, 1560.02 real, 520 MB
[runlim] sample:		1569.97 time, 1570.02 real, 520 MB
[runlim] sample:		1579.97 time, 1580.02 real, 520 MB
[runlim] sample:		1589.96 time, 1590.02 real, 529 MB
[runlim] sample:		1599.97 time, 1600.02 real, 534 MB
[runlim] sample:		1609.97 time, 1610.02 real, 534 MB
[runlim] sample:		1619.97 time, 1620.02 real, 534 MB
[runlim] sample:		1629.96 time, 1630.02 real, 559 MB
[runlim] sample:		1639.96 time, 1640.02 real, 559 MB
[runlim] sample:		1649.96 time, 1650.02 real, 560 MB
[runlim] sample:		1659.97 time, 1660.02 real, 560 MB
[runlim] sample:		1669.97 time, 1670.02 real, 560 MB
[runlim] sample:		1679.96 time, 1680.02 real, 564 MB
[runlim] sample:		1689.96 time, 1690.02 real, 564 MB
[runlim] sample:		1699.97 time, 1700.01 real, 577 MB
[runlim] sample:		1709.97 time, 1710.02 real, 577 MB
[runlim] sample:		1719.96 time, 1720.02 real, 577 MB
[runlim] sample:		1729.97 time, 1730.02 real, 591 MB
[runlim] sample:		1739.96 time, 1740.02 real, 591 MB
[runlim] sample:		1749.96 time, 1750.01 real, 591 MB
[runlim] sample:		1759.96 time, 1760.02 real, 591 MB
[runlim] sample:		1769.96 time, 1770.02 real, 591 MB
[runlim] sample:		1779.96 time, 1780.02 real, 591 MB
[runlim] sample:		1789.96 time, 1790.02 real, 591 MB
[runlim] sample:		1799.96 time, 1800.02 real, 591 MB
[runlim] sample:		1809.96 time, 1810.02 real, 591 MB
[runlim] sample:		1819.96 time, 1820.02 real, 591 MB
[runlim] sample:		1829.96 time, 1830.02 real, 591 MB
[runlim] sample:		1839.96 time, 1840.02 real, 591 MB
[runlim] sample:		1849.96 time, 1850.02 real, 591 MB
[runlim] sample:		1859.97 time, 1860.02 real, 591 MB
[runlim] sample:		1869.97 time, 1870.01 real, 597 MB
[runlim] sample:		1879.96 time, 1880.02 real, 597 MB
[runlim] sample:		1889.96 time, 1890.02 real, 712 MB
[runlim] sample:		1899.96 time, 1900.02 real, 597 MB
[runlim] sample:		1909.96 time, 1910.02 real, 597 MB
[runlim] sample:		1919.96 time, 1920.01 real, 597 MB
[runlim] sample:		1929.96 time, 1930.02 real, 597 MB
[runlim] sample:		1939.96 time, 1940.02 real, 597 MB
[runlim] sample:		1949.96 time, 1950.02 real, 597 MB
[runlim] sample:		1959.96 time, 1960.02 real, 597 MB
[runlim] sample:		1969.96 time, 1970.02 real, 597 MB
[runlim] sample:		1979.97 time, 1980.02 real, 597 MB
[runlim] sample:		1989.97 time, 1990.02 real, 606 MB
[runlim] sample:		1999.97 time, 2000.02 real, 606 MB
[runlim] sample:		2009.97 time, 2010.02 real, 624 MB
[runlim] sample:		2019.97 time, 2020.02 real, 624 MB
[runlim] sample:		2029.97 time, 2030.02 real, 624 MB
[runlim] sample:		2039.97 time, 2040.02 real, 744 MB
[runlim] sample:		2049.96 time, 2050.02 real, 624 MB
[runlim] sample:		2059.96 time, 2060.02 real, 624 MB
[runlim] sample:		2069.97 time, 2070.02 real, 624 MB
[runlim] sample:		2079.97 time, 2080.02 real, 624 MB
[runlim] sample:		2089.97 time, 2090.02 real, 624 MB
[runlim] sample:		2099.97 time, 2100.02 real, 624 MB
[runlim] sample:		2109.97 time, 2110.02 real, 624 MB
[runlim] sample:		2119.96 time, 2120.02 real, 624 MB
[runlim] sample:		2129.96 time, 2130.02 real, 624 MB
[runlim] sample:		2139.97 time, 2140.02 real, 624 MB
[runlim] sample:		2149.97 time, 2150.02 real, 636 MB
[runlim] sample:		2159.96 time, 2160.02 real, 651 MB
[runlim] sample:		2169.96 time, 2170.02 real, 651 MB
[runlim] sample:		2179.97 time, 2180.02 real, 635 MB
[runlim] sample:		2189.97 time, 2190.02 real, 591 MB
[runlim] sample:		2199.97 time, 2200.02 real, 591 MB
[runlim] sample:		2209.97 time, 2210.02 real, 591 MB
[runlim] sample:		2219.97 time, 2220.02 real, 612 MB
[runlim] sample:		2229.96 time, 2230.02 real, 618 MB
[runlim] sample:		2239.97 time, 2240.02 real, 651 MB
[runlim] sample:		2249.97 time, 2250.02 real, 651 MB
[runlim] sample:		2259.96 time, 2260.02 real, 651 MB
[runlim] sample:		2269.96 time, 2270.01 real, 651 MB
[runlim] sample:		2279.96 time, 2280.02 real, 651 MB
[runlim] sample:		2289.97 time, 2290.02 real, 659 MB
[runlim] sample:		2299.96 time, 2300.02 real, 659 MB
[runlim] sample:		2309.96 time, 2310.02 real, 659 MB
[runlim] sample:		2319.96 time, 2320.02 real, 659 MB
[runlim] sample:		2329.96 time, 2330.02 real, 659 MB
[runlim] sample:		2339.97 time, 2340.02 real, 760 MB
[runlim] sample:		2349.96 time, 2350.02 real, 682 MB
[runlim] sample:		2359.96 time, 2360.02 real, 682 MB
[runlim] sample:		2369.96 time, 2370.02 real, 814 MB
[runlim] sample:		2379.97 time, 2380.02 real, 682 MB
[runlim] sample:		2389.97 time, 2390.01 real, 686 MB
[runlim] sample:		2399.97 time, 2400.02 real, 686 MB
[runlim] sample:		2409.97 time, 2410.02 real, 686 MB
[runlim] sample:		2419.96 time, 2420.02 real, 686 MB
[runlim] sample:		2429.97 time, 2430.02 real, 686 MB
[runlim] sample:		2439.97 time, 2440.02 real, 686 MB
[runlim] sample:		2449.97 time, 2450.02 real, 686 MB
[runlim] sample:		2459.97 time, 2460.02 real, 686 MB
[runlim] sample:		2469.97 time, 2470.02 real, 686 MB
[runlim] sample:		2479.97 time, 2480.02 real, 686 MB
[runlim] sample:		2489.96 time, 2490.02 real, 686 MB
[runlim] sample:		2499.96 time, 2500.02 real, 686 MB
[runlim] sample:		2509.96 time, 2510.02 real, 640 MB
[runlim] sample:		2519.96 time, 2520.02 real, 640 MB
[runlim] sample:		2529.97 time, 2530.02 real, 640 MB
[runlim] sample:		2539.97 time, 2540.02 real, 640 MB
[runlim] sample:		2549.97 time, 2550.02 real, 798 MB
[runlim] sample:		2559.97 time, 2560.02 real, 660 MB
[runlim] sample:		2569.97 time, 2570.01 real, 694 MB
[runlim] sample:		2579.96 time, 2580.02 real, 694 MB
[runlim] sample:		2589.97 time, 2590.02 real, 694 MB
[runlim] sample:		2599.96 time, 2600.02 real, 694 MB
[runlim] sample:		2609.96 time, 2610.02 real, 694 MB
[runlim] sample:		2619.97 time, 2620.02 real, 694 MB
[runlim] sample:		2629.97 time, 2630.02 real, 694 MB
[runlim] sample:		2639.97 time, 2640.02 real, 695 MB
[runlim] sample:		2649.96 time, 2650.02 real, 695 MB
[runlim] sample:		2659.97 time, 2660.02 real, 695 MB
[runlim] sample:		2669.97 time, 2670.02 real, 695 MB
[runlim] sample:		2679.96 time, 2680.02 real, 723 MB
[runlim] sample:		2689.97 time, 2690.02 real, 732 MB
[runlim] sample:		2699.97 time, 2700.02 real, 744 MB
[runlim] sample:		2709.97 time, 2710.02 real, 744 MB
[runlim] sample:		2719.97 time, 2720.02 real, 744 MB
[runlim] sample:		2729.97 time, 2730.02 real, 744 MB
[runlim] sample:		2739.97 time, 2740.02 real, 816 MB
[runlim] sample:		2749.97 time, 2750.02 real, 745 MB
[runlim] sample:		2759.97 time, 2760.02 real, 745 MB
[runlim] sample:		2769.97 time, 2770.02 real, 745 MB
[runlim] sample:		2779.97 time, 2780.02 real, 745 MB
[runlim] sample:		2789.97 time, 2790.02 real, 745 MB
[runlim] sample:		2799.97 time, 2800.02 real, 745 MB
[runlim] sample:		2809.97 time, 2810.02 real, 745 MB
[runlim] sample:		2819.97 time, 2820.02 real, 745 MB
[runlim] sample:		2829.97 time, 2830.02 real, 745 MB
[runlim] sample:		2839.97 time, 2840.02 real, 745 MB
[runlim] sample:		2849.96 time, 2850.01 real, 745 MB
[runlim] sample:		2859.96 time, 2860.02 real, 747 MB
[runlim] sample:		2869.96 time, 2870.02 real, 747 MB
[runlim] sample:		2879.96 time, 2880.02 real, 747 MB
[runlim] sample:		2889.97 time, 2890.02 real, 784 MB
[runlim] sample:		2899.97 time, 2900.02 real, 791 MB
[runlim] sample:		2909.97 time, 2910.02 real, 791 MB
[runlim] sample:		2919.97 time, 2920.02 real, 791 MB
[runlim] sample:		2929.97 time, 2930.02 real, 791 MB
[runlim] sample:		2939.97 time, 2940.02 real, 791 MB
[runlim] sample:		2949.97 time, 2950.02 real, 791 MB
[runlim] sample:		2959.97 time, 2960.02 real, 791 MB
[runlim] sample:		2969.96 time, 2970.02 real, 791 MB
[runlim] sample:		2979.96 time, 2980.02 real, 791 MB
[runlim] sample:		2989.96 time, 2990.02 real, 791 MB
[runlim] sample:		2999.97 time, 3000.01 real, 791 MB
[runlim] sample:		3009.97 time, 3010.02 real, 791 MB
[runlim] sample:		3019.97 time, 3020.02 real, 791 MB
[runlim] sample:		3029.97 time, 3030.02 real, 791 MB
[runlim] sample:		3039.97 time, 3040.02 real, 791 MB
[runlim] sample:		3049.97 time, 3050.02 real, 791 MB
[runlim] sample:		3059.97 time, 3060.02 real, 791 MB
[runlim] sample:		3069.97 time, 3070.02 real, 791 MB
[runlim] sample:		3079.97 time, 3080.02 real, 741 MB
[runlim] sample:		3089.97 time, 3090.02 real, 709 MB
[runlim] sample:		3099.97 time, 3100.01 real, 709 MB
[runlim] sample:		3109.97 time, 3110.02 real, 747 MB
[runlim] sample:		3119.97 time, 3120.01 real, 747 MB
[runlim] sample:		3129.97 time, 3130.02 real, 747 MB
[runlim] sample:		3139.97 time, 3140.02 real, 747 MB
[runlim] sample:		3149.97 time, 3150.02 real, 747 MB
[runlim] sample:		3159.97 time, 3160.02 real, 747 MB
[runlim] sample:		3169.97 time, 3170.02 real, 747 MB
[runlim] sample:		3179.97 time, 3180.02 real, 748 MB
[runlim] sample:		3189.97 time, 3190.02 real, 748 MB
[runlim] sample:		3199.97 time, 3200.02 real, 748 MB
[runlim] sample:		3209.97 time, 3210.02 real, 748 MB
[runlim] sample:		3219.97 time, 3220.02 real, 748 MB
[runlim] sample:		3229.97 time, 3230.02 real, 748 MB
[runlim] sample:		3239.97 time, 3240.02 real, 770 MB
[runlim] sample:		3249.97 time, 3250.01 real, 789 MB
[runlim] sample:		3259.97 time, 3260.02 real, 789 MB
[runlim] sample:		3269.97 time, 3270.02 real, 789 MB
[runlim] sample:		3279.97 time, 3280.02 real, 703 MB
[runlim] sample:		3289.97 time, 3290.02 real, 724 MB
[runlim] sample:		3299.97 time, 3300.02 real, 724 MB
[runlim] sample:		3309.97 time, 3310.02 real, 934 MB
[runlim] sample:		3319.97 time, 3320.01 real, 787 MB
[runlim] sample:		3329.97 time, 3330.02 real, 787 MB
[runlim] sample:		3339.97 time, 3340.01 real, 848 MB
[runlim] sample:		3349.97 time, 3350.02 real, 848 MB
[runlim] sample:		3359.97 time, 3360.01 real, 848 MB
[runlim] sample:		3369.97 time, 3370.02 real, 848 MB
[runlim] sample:		3379.97 time, 3380.02 real, 848 MB
[runlim] sample:		3389.97 time, 3390.02 real, 848 MB
[runlim] sample:		3399.97 time, 3400.02 real, 848 MB
[runlim] sample:		3409.97 time, 3410.01 real, 862 MB
[runlim] sample:		3419.97 time, 3420.02 real, 873 MB
[runlim] sample:		3429.97 time, 3430.02 real, 874 MB
[runlim] sample:		3439.97 time, 3440.01 real, 874 MB
[runlim] sample:		3449.97 time, 3450.02 real, 874 MB
[runlim] sample:		3459.97 time, 3460.02 real, 874 MB
[runlim] sample:		3469.97 time, 3470.02 real, 874 MB
[runlim] sample:		3479.97 time, 3480.02 real, 874 MB
[runlim] sample:		3489.97 time, 3490.02 real, 816 MB
[runlim] sample:		3499.97 time, 3500.02 real, 816 MB
[runlim] sample:		3509.97 time, 3510.02 real, 816 MB
[runlim] sample:		3519.97 time, 3520.02 real, 816 MB
[runlim] sample:		3529.97 time, 3530.02 real, 825 MB
[runlim] sample:		3539.97 time, 3540.01 real, 825 MB
[runlim] sample:		3549.97 time, 3550.02 real, 874 MB
[runlim] sample:		3559.97 time, 3560.01 real, 874 MB
[runlim] sample:		3569.97 time, 3570.02 real, 874 MB
[runlim] sample:		3579.97 time, 3580.02 real, 874 MB
[runlim] sample:		3589.97 time, 3590.02 real, 897 MB
[runlim] sample:		3599.97 time, 3600.02 real, 897 MB
[runlim] end:			Thu Oct 17 20:02:34 2019
[runlim] status:		out of time
[runlim] result:		2
[runlim] children:		3
[runlim] real:			3600.10 seconds
[runlim] time:			3599.97 seconds
[runlim] space:			993 MB
[runlim] samples:		36000
