[runlim] version:		1.17
[runlim] host:			c3n31
[runlim] time limit:		311040000 seconds
[runlim] real time limit:	3600 seconds
[runlim] space limit:		120000 MB
[runlim] argv[0]:		./run-conps-btormc-no-thp.sh
[runlim] argv[1]:		/tmp/wzOCOZKp.btor
[runlim] start:			Thu Oct 17 20:36:00 2019
[runlim] child:			31367
[runlim] sample:		9.98 time, 10.01 real, 169 MB
[runlim] sample:		19.98 time, 20.02 real, 195 MB
[runlim] sample:		29.98 time, 30.02 real, 247 MB
[runlim] sample:		39.98 time, 40.02 real, 278 MB
[runlim] sample:		49.98 time, 50.01 real, 298 MB
[runlim] sample:		59.98 time, 60.01 real, 308 MB
[runlim] sample:		69.98 time, 70.01 real, 375 MB
[runlim] sample:		79.98 time, 80.01 real, 443 MB
[runlim] sample:		89.98 time, 90.01 real, 435 MB
[runlim] sample:		99.98 time, 100.01 real, 445 MB
[runlim] sample:		109.98 time, 110.01 real, 464 MB
[runlim] sample:		119.97 time, 120.01 real, 476 MB
[runlim] sample:		129.97 time, 130.01 real, 542 MB
[runlim] sample:		139.97 time, 140.01 real, 543 MB
[runlim] sample:		149.97 time, 150.01 real, 543 MB
[runlim] sample:		159.97 time, 160.01 real, 543 MB
[runlim] sample:		169.98 time, 170.01 real, 522 MB
[runlim] sample:		179.97 time, 180.01 real, 556 MB
[runlim] sample:		189.97 time, 190.01 real, 556 MB
[runlim] sample:		199.98 time, 200.01 real, 590 MB
[runlim] sample:		209.98 time, 210.01 real, 590 MB
[runlim] sample:		219.97 time, 220.01 real, 556 MB
[runlim] sample:		229.97 time, 230.01 real, 570 MB
[runlim] sample:		239.97 time, 240.01 real, 570 MB
[runlim] sample:		249.97 time, 250.01 real, 570 MB
[runlim] sample:		259.97 time, 260.01 real, 597 MB
[runlim] sample:		269.97 time, 270.01 real, 605 MB
[runlim] sample:		279.98 time, 280.01 real, 658 MB
[runlim] sample:		289.98 time, 290.01 real, 658 MB
[runlim] sample:		299.97 time, 300.01 real, 658 MB
[runlim] sample:		309.97 time, 310.01 real, 640 MB
[runlim] sample:		319.97 time, 320.01 real, 646 MB
[runlim] sample:		329.98 time, 330.01 real, 646 MB
[runlim] sample:		339.98 time, 340.01 real, 681 MB
[runlim] sample:		349.98 time, 350.01 real, 681 MB
[runlim] sample:		359.97 time, 360.01 real, 719 MB
[runlim] sample:		369.97 time, 370.01 real, 650 MB
[runlim] sample:		379.97 time, 380.01 real, 719 MB
[runlim] sample:		389.97 time, 390.01 real, 771 MB
[runlim] sample:		399.97 time, 400.01 real, 775 MB
[runlim] sample:		409.97 time, 410.01 real, 775 MB
[runlim] sample:		419.97 time, 420.01 real, 830 MB
[runlim] sample:		429.97 time, 430.01 real, 830 MB
[runlim] sample:		439.97 time, 440.01 real, 830 MB
[runlim] sample:		449.97 time, 450.01 real, 830 MB
[runlim] sample:		459.97 time, 460.01 real, 830 MB
[runlim] sample:		469.97 time, 470.01 real, 863 MB
[runlim] sample:		479.97 time, 480.01 real, 879 MB
[runlim] sample:		489.97 time, 490.01 real, 830 MB
[runlim] sample:		499.97 time, 500.01 real, 830 MB
[runlim] sample:		509.97 time, 510.01 real, 867 MB
[runlim] sample:		519.96 time, 520.01 real, 909 MB
[runlim] sample:		529.97 time, 530.01 real, 841 MB
[runlim] sample:		539.96 time, 540.01 real, 841 MB
[runlim] sample:		549.97 time, 550.01 real, 841 MB
[runlim] sample:		559.97 time, 560.01 real, 912 MB
[runlim] sample:		569.96 time, 570.01 real, 958 MB
[runlim] sample:		579.97 time, 580.01 real, 958 MB
[runlim] sample:		589.97 time, 590.01 real, 958 MB
[runlim] sample:		599.97 time, 600.01 real, 973 MB
[runlim] sample:		609.96 time, 610.01 real, 855 MB
[runlim] sample:		619.97 time, 620.01 real, 878 MB
[runlim] sample:		629.96 time, 630.01 real, 942 MB
[runlim] sample:		639.97 time, 640.01 real, 942 MB
[runlim] sample:		649.96 time, 650.01 real, 911 MB
[runlim] sample:		659.96 time, 660.01 real, 946 MB
[runlim] sample:		669.97 time, 670.01 real, 946 MB
[runlim] sample:		679.97 time, 680.01 real, 946 MB
[runlim] sample:		689.96 time, 690.01 real, 946 MB
[runlim] sample:		699.96 time, 700.01 real, 946 MB
[runlim] sample:		709.96 time, 710.01 real, 947 MB
[runlim] sample:		719.96 time, 720.01 real, 948 MB
[runlim] sample:		729.96 time, 730.01 real, 948 MB
[runlim] sample:		739.96 time, 740.01 real, 948 MB
[runlim] sample:		749.96 time, 750.01 real, 912 MB
[runlim] sample:		759.96 time, 760.01 real, 958 MB
[runlim] sample:		769.96 time, 770.01 real, 962 MB
[runlim] sample:		779.96 time, 780.01 real, 1031 MB
[runlim] sample:		789.96 time, 790.01 real, 1031 MB
[runlim] sample:		799.96 time, 800.01 real, 1031 MB
[runlim] sample:		809.95 time, 810.01 real, 1032 MB
[runlim] sample:		819.96 time, 820.01 real, 1033 MB
[runlim] sample:		829.96 time, 830.01 real, 1033 MB
[runlim] sample:		839.95 time, 840.01 real, 1036 MB
[runlim] sample:		849.96 time, 850.01 real, 1037 MB
[runlim] sample:		859.96 time, 860.01 real, 1037 MB
[runlim] sample:		869.96 time, 870.01 real, 1037 MB
[runlim] sample:		879.95 time, 880.01 real, 1003 MB
[runlim] sample:		889.95 time, 890.01 real, 1003 MB
[runlim] sample:		899.96 time, 900.01 real, 1003 MB
[runlim] sample:		909.96 time, 910.01 real, 1003 MB
[runlim] sample:		919.96 time, 920.01 real, 1116 MB
[runlim] sample:		929.96 time, 930.01 real, 1116 MB
[runlim] sample:		939.95 time, 940.01 real, 1116 MB
[runlim] sample:		949.96 time, 950.01 real, 1022 MB
[runlim] sample:		959.96 time, 960.01 real, 1138 MB
[runlim] sample:		969.96 time, 970.01 real, 990 MB
[runlim] sample:		979.96 time, 980.01 real, 990 MB
[runlim] sample:		989.95 time, 990.01 real, 990 MB
[runlim] sample:		999.95 time, 1000.01 real, 990 MB
[runlim] sample:		1009.96 time, 1010.01 real, 996 MB
[runlim] sample:		1019.95 time, 1020.01 real, 1016 MB
[runlim] sample:		1029.95 time, 1030.01 real, 1016 MB
[runlim] sample:		1039.96 time, 1040.01 real, 1016 MB
[runlim] sample:		1049.95 time, 1050.01 real, 1016 MB
[runlim] sample:		1059.96 time, 1060.01 real, 1016 MB
[runlim] sample:		1069.95 time, 1070.01 real, 1129 MB
[runlim] sample:		1079.95 time, 1080.01 real, 1129 MB
[runlim] sample:		1089.95 time, 1090.01 real, 1129 MB
[runlim] sample:		1099.95 time, 1100.01 real, 1129 MB
[runlim] sample:		1109.96 time, 1110.01 real, 1129 MB
[runlim] sample:		1119.95 time, 1120.01 real, 1131 MB
[runlim] sample:		1129.95 time, 1130.01 real, 1131 MB
[runlim] sample:		1139.95 time, 1140.01 real, 1131 MB
[runlim] sample:		1149.95 time, 1150.01 real, 1131 MB
[runlim] sample:		1159.95 time, 1160.01 real, 1133 MB
[runlim] sample:		1169.95 time, 1170.01 real, 1133 MB
[runlim] sample:		1179.95 time, 1180.01 real, 1135 MB
[runlim] sample:		1189.95 time, 1190.01 real, 1135 MB
[runlim] sample:		1199.95 time, 1200.01 real, 1135 MB
[runlim] sample:		1209.95 time, 1210.01 real, 1135 MB
[runlim] sample:		1219.95 time, 1220.01 real, 1114 MB
[runlim] sample:		1229.95 time, 1230.01 real, 1038 MB
[runlim] sample:		1239.95 time, 1240.01 real, 1048 MB
[runlim] sample:		1249.95 time, 1250.01 real, 1167 MB
[runlim] sample:		1259.95 time, 1260.01 real, 1167 MB
[runlim] sample:		1269.95 time, 1270.01 real, 1167 MB
[runlim] sample:		1279.94 time, 1280.01 real, 1167 MB
[runlim] sample:		1289.94 time, 1290.01 real, 1167 MB
[runlim] sample:		1299.95 time, 1300.01 real, 1167 MB
[runlim] sample:		1309.95 time, 1310.01 real, 1193 MB
[runlim] sample:		1319.95 time, 1320.01 real, 1193 MB
[runlim] sample:		1329.95 time, 1330.01 real, 1193 MB
[runlim] sample:		1339.94 time, 1340.01 real, 1193 MB
[runlim] sample:		1349.95 time, 1350.01 real, 1195 MB
[runlim] sample:		1359.95 time, 1360.01 real, 1195 MB
[runlim] sample:		1369.94 time, 1370.01 real, 1195 MB
[runlim] sample:		1379.94 time, 1380.01 real, 1195 MB
[runlim] sample:		1389.94 time, 1390.01 real, 1195 MB
[runlim] sample:		1399.94 time, 1400.01 real, 1136 MB
[runlim] sample:		1409.95 time, 1410.01 real, 1130 MB
[runlim] sample:		1419.94 time, 1420.01 real, 1130 MB
[runlim] sample:		1429.94 time, 1430.01 real, 1509 MB
[runlim] sample:		1439.95 time, 1440.01 real, 1264 MB
[runlim] sample:		1449.94 time, 1450.01 real, 1264 MB
[runlim] sample:		1459.95 time, 1460.01 real, 1265 MB
[runlim] sample:		1469.94 time, 1470.01 real, 1266 MB
[runlim] sample:		1479.94 time, 1480.01 real, 1233 MB
[runlim] sample:		1489.94 time, 1490.01 real, 1275 MB
[runlim] sample:		1499.94 time, 1500.01 real, 1275 MB
[runlim] sample:		1509.94 time, 1510.01 real, 1275 MB
[runlim] sample:		1519.94 time, 1520.01 real, 1319 MB
[runlim] sample:		1529.95 time, 1530.01 real, 1319 MB
[runlim] sample:		1539.94 time, 1540.01 real, 1319 MB
[runlim] sample:		1549.94 time, 1550.01 real, 1319 MB
[runlim] sample:		1559.94 time, 1560.01 real, 1321 MB
[runlim] sample:		1569.94 time, 1570.01 real, 1321 MB
[runlim] sample:		1579.94 time, 1580.01 real, 1321 MB
[runlim] sample:		1589.94 time, 1590.01 real, 1321 MB
[runlim] sample:		1599.94 time, 1600.01 real, 1243 MB
[runlim] sample:		1609.94 time, 1610.01 real, 1243 MB
[runlim] sample:		1619.94 time, 1620.01 real, 1243 MB
[runlim] sample:		1629.94 time, 1630.01 real, 1243 MB
[runlim] sample:		1639.93 time, 1640.01 real, 1243 MB
[runlim] sample:		1649.94 time, 1650.01 real, 1243 MB
[runlim] sample:		1659.93 time, 1660.01 real, 1366 MB
[runlim] sample:		1669.94 time, 1670.01 real, 1366 MB
[runlim] sample:		1679.94 time, 1680.01 real, 1366 MB
[runlim] sample:		1689.94 time, 1690.01 real, 1366 MB
[runlim] sample:		1699.94 time, 1700.01 real, 1366 MB
[runlim] sample:		1709.93 time, 1710.01 real, 1294 MB
[runlim] sample:		1719.93 time, 1720.01 real, 1248 MB
[runlim] sample:		1729.94 time, 1730.01 real, 1248 MB
[runlim] sample:		1739.93 time, 1740.01 real, 1248 MB
[runlim] sample:		1749.94 time, 1750.01 real, 1248 MB
[runlim] sample:		1759.94 time, 1760.01 real, 1338 MB
[runlim] sample:		1769.93 time, 1770.01 real, 1338 MB
[runlim] sample:		1779.93 time, 1780.01 real, 1340 MB
[runlim] sample:		1789.93 time, 1790.01 real, 1340 MB
[runlim] sample:		1799.93 time, 1800.01 real, 1340 MB
[runlim] sample:		1809.94 time, 1810.01 real, 1263 MB
[runlim] sample:		1819.94 time, 1820.01 real, 1265 MB
[runlim] sample:		1829.94 time, 1830.01 real, 1265 MB
[runlim] sample:		1839.93 time, 1840.01 real, 1265 MB
[runlim] sample:		1849.93 time, 1850.01 real, 1265 MB
[runlim] sample:		1859.93 time, 1860.01 real, 1265 MB
[runlim] sample:		1869.93 time, 1870.01 real, 1392 MB
[runlim] sample:		1879.93 time, 1880.01 real, 1392 MB
[runlim] sample:		1889.93 time, 1890.01 real, 1392 MB
[runlim] sample:		1899.93 time, 1900.01 real, 1392 MB
[runlim] sample:		1909.93 time, 1910.01 real, 1276 MB
[runlim] sample:		1919.93 time, 1920.01 real, 1276 MB
[runlim] sample:		1929.93 time, 1930.01 real, 1276 MB
[runlim] sample:		1939.93 time, 1940.01 real, 1276 MB
[runlim] sample:		1949.93 time, 1950.01 real, 1276 MB
[runlim] sample:		1959.93 time, 1960.01 real, 1276 MB
[runlim] sample:		1969.93 time, 1970.01 real, 1276 MB
[runlim] sample:		1979.93 time, 1980.01 real, 1404 MB
[runlim] sample:		1989.92 time, 1990.01 real, 1404 MB
[runlim] sample:		1999.93 time, 2000.01 real, 1404 MB
[runlim] sample:		2009.93 time, 2010.01 real, 1404 MB
[runlim] sample:		2019.93 time, 2020.01 real, 1311 MB
[runlim] sample:		2029.93 time, 2030.01 real, 1278 MB
[runlim] sample:		2039.93 time, 2040.01 real, 1278 MB
[runlim] sample:		2049.93 time, 2050.01 real, 1278 MB
[runlim] sample:		2059.93 time, 2060.01 real, 1278 MB
[runlim] sample:		2069.93 time, 2070.01 real, 1408 MB
[runlim] sample:		2079.92 time, 2080.01 real, 1408 MB
[runlim] sample:		2089.92 time, 2090.01 real, 1408 MB
[runlim] sample:		2099.93 time, 2100.01 real, 1408 MB
[runlim] sample:		2109.93 time, 2110.01 real, 1408 MB
[runlim] sample:		2119.93 time, 2120.01 real, 1408 MB
[runlim] sample:		2129.93 time, 2130.01 real, 1297 MB
[runlim] sample:		2139.92 time, 2140.01 real, 1298 MB
[runlim] sample:		2149.92 time, 2150.01 real, 1298 MB
[runlim] sample:		2159.92 time, 2160.01 real, 1298 MB
[runlim] sample:		2169.93 time, 2170.01 real, 1399 MB
[runlim] sample:		2179.93 time, 2180.01 real, 1303 MB
[runlim] sample:		2189.92 time, 2190.01 real, 1367 MB
[runlim] sample:		2199.92 time, 2200.01 real, 1367 MB
[runlim] sample:		2209.92 time, 2210.01 real, 1367 MB
[runlim] sample:		2219.92 time, 2220.01 real, 1367 MB
[runlim] sample:		2229.92 time, 2230.01 real, 1304 MB
[runlim] sample:		2239.92 time, 2240.01 real, 1304 MB
[runlim] sample:		2249.92 time, 2250.01 real, 1759 MB
[runlim] sample:		2259.92 time, 2260.01 real, 1390 MB
[runlim] sample:		2269.92 time, 2270.01 real, 1390 MB
[runlim] sample:		2279.92 time, 2280.01 real, 1390 MB
[runlim] sample:		2289.92 time, 2290.01 real, 1390 MB
[runlim] sample:		2299.92 time, 2300.01 real, 1390 MB
[runlim] sample:		2309.92 time, 2310.01 real, 1428 MB
[runlim] sample:		2319.92 time, 2320.01 real, 1428 MB
[runlim] sample:		2329.92 time, 2330.01 real, 1428 MB
[runlim] sample:		2339.92 time, 2340.01 real, 1428 MB
[runlim] sample:		2349.92 time, 2350.01 real, 1428 MB
[runlim] sample:		2359.92 time, 2360.01 real, 1428 MB
[runlim] sample:		2369.92 time, 2370.01 real, 1429 MB
[runlim] sample:		2379.91 time, 2380.01 real, 1429 MB
[runlim] sample:		2389.91 time, 2390.01 real, 1429 MB
[runlim] sample:		2399.92 time, 2400.01 real, 1429 MB
[runlim] sample:		2409.92 time, 2410.01 real, 1432 MB
[runlim] sample:		2419.92 time, 2420.01 real, 1454 MB
[runlim] sample:		2429.92 time, 2430.01 real, 1337 MB
[runlim] sample:		2439.92 time, 2440.01 real, 1337 MB
[runlim] sample:		2449.92 time, 2450.01 real, 1337 MB
[runlim] sample:		2459.92 time, 2460.01 real, 1337 MB
[runlim] sample:		2469.91 time, 2470.01 real, 1434 MB
[runlim] sample:		2479.91 time, 2480.01 real, 1434 MB
[runlim] sample:		2489.92 time, 2490.01 real, 1434 MB
[runlim] sample:		2499.92 time, 2500.01 real, 1434 MB
[runlim] sample:		2509.92 time, 2510.01 real, 1434 MB
[runlim] sample:		2519.92 time, 2520.01 real, 1357 MB
[runlim] sample:		2529.91 time, 2530.01 real, 1341 MB
[runlim] sample:		2539.92 time, 2540.01 real, 1494 MB
[runlim] sample:		2549.91 time, 2550.01 real, 1494 MB
[runlim] sample:		2559.91 time, 2560.01 real, 1408 MB
[runlim] sample:		2569.91 time, 2570.01 real, 1411 MB
[runlim] sample:		2579.91 time, 2580.01 real, 1360 MB
[runlim] sample:		2589.91 time, 2590.01 real, 1360 MB
[runlim] sample:		2599.91 time, 2600.01 real, 1360 MB
[runlim] sample:		2609.91 time, 2610.01 real, 1360 MB
[runlim] sample:		2619.92 time, 2620.01 real, 1360 MB
[runlim] sample:		2629.92 time, 2630.01 real, 1360 MB
[runlim] sample:		2639.91 time, 2640.01 real, 1365 MB
[runlim] sample:		2649.91 time, 2650.01 real, 1429 MB
[runlim] sample:		2659.91 time, 2660.01 real, 1365 MB
[runlim] sample:		2669.91 time, 2670.01 real, 1556 MB
[runlim] sample:		2679.91 time, 2680.01 real, 1556 MB
[runlim] sample:		2689.92 time, 2690.01 real, 1556 MB
[runlim] sample:		2699.91 time, 2700.01 real, 1556 MB
[runlim] sample:		2709.91 time, 2710.01 real, 1507 MB
[runlim] sample:		2719.91 time, 2720.01 real, 1383 MB
[runlim] sample:		2729.91 time, 2730.01 real, 1386 MB
[runlim] sample:		2739.91 time, 2740.01 real, 1386 MB
[runlim] sample:		2749.91 time, 2750.01 real, 1595 MB
[runlim] sample:		2759.91 time, 2760.01 real, 1595 MB
[runlim] sample:		2769.91 time, 2770.01 real, 1595 MB
[runlim] sample:		2779.91 time, 2780.01 real, 1558 MB
[runlim] sample:		2789.91 time, 2790.01 real, 1559 MB
[runlim] sample:		2799.91 time, 2800.01 real, 1559 MB
[runlim] sample:		2809.90 time, 2810.01 real, 1559 MB
[runlim] sample:		2819.91 time, 2820.01 real, 1512 MB
[runlim] sample:		2829.91 time, 2830.01 real, 1447 MB
[runlim] sample:		2839.91 time, 2840.01 real, 1428 MB
[runlim] sample:		2849.90 time, 2850.01 real, 1626 MB
[runlim] sample:		2859.91 time, 2860.01 real, 1626 MB
[runlim] sample:		2869.91 time, 2870.01 real, 1626 MB
[runlim] sample:		2879.91 time, 2880.01 real, 1396 MB
[runlim] sample:		2889.90 time, 2890.01 real, 1396 MB
[runlim] sample:		2899.90 time, 2900.01 real, 1416 MB
[runlim] sample:		2909.91 time, 2910.01 real, 1416 MB
[runlim] sample:		2919.90 time, 2920.01 real, 1416 MB
[runlim] sample:		2929.90 time, 2930.01 real, 1416 MB
[runlim] sample:		2939.90 time, 2940.01 real, 1416 MB
[runlim] sample:		2949.90 time, 2950.01 real, 1416 MB
[runlim] sample:		2959.91 time, 2960.01 real, 1945 MB
[runlim] sample:		2969.91 time, 2970.01 real, 1945 MB
[runlim] sample:		2979.90 time, 2980.01 real, 1945 MB
[runlim] sample:		2989.90 time, 2990.01 real, 1945 MB
[runlim] sample:		2999.90 time, 3000.01 real, 1945 MB
[runlim] sample:		3009.90 time, 3010.01 real, 1635 MB
[runlim] sample:		3019.90 time, 3020.01 real, 1635 MB
[runlim] sample:		3029.90 time, 3030.01 real, 1635 MB
[runlim] sample:		3039.90 time, 3040.01 real, 1635 MB
[runlim] sample:		3049.91 time, 3050.01 real, 1635 MB
[runlim] sample:		3059.90 time, 3060.01 real, 1583 MB
[runlim] sample:		3069.91 time, 3070.01 real, 1583 MB
[runlim] sample:		3079.90 time, 3080.01 real, 1583 MB
[runlim] sample:		3089.90 time, 3090.01 real, 1583 MB
[runlim] sample:		3099.90 time, 3100.01 real, 1583 MB
[runlim] sample:		3109.90 time, 3110.01 real, 1583 MB
[runlim] sample:		3119.90 time, 3120.01 real, 1534 MB
[runlim] sample:		3129.90 time, 3130.01 real, 1535 MB
[runlim] sample:		3139.90 time, 3140.01 real, 1535 MB
[runlim] sample:		3149.90 time, 3150.01 real, 1535 MB
[runlim] sample:		3159.90 time, 3160.01 real, 1535 MB
[runlim] sample:		3169.90 time, 3170.01 real, 1570 MB
[runlim] sample:		3179.90 time, 3180.01 real, 1538 MB
[runlim] sample:		3189.89 time, 3190.01 real, 1538 MB
[runlim] sample:		3199.89 time, 3200.01 real, 1538 MB
[runlim] sample:		3209.90 time, 3210.01 real, 1538 MB
[runlim] sample:		3219.90 time, 3220.01 real, 1538 MB
[runlim] sample:		3229.90 time, 3230.01 real, 1592 MB
[runlim] sample:		3239.90 time, 3240.01 real, 1592 MB
[runlim] sample:		3249.90 time, 3250.01 real, 1592 MB
[runlim] sample:		3259.90 time, 3260.01 real, 1592 MB
[runlim] sample:		3269.89 time, 3270.01 real, 1592 MB
[runlim] sample:		3279.89 time, 3280.01 real, 1592 MB
[runlim] sample:		3289.90 time, 3290.01 real, 1592 MB
[runlim] sample:		3299.90 time, 3300.01 real, 1592 MB
[runlim] sample:		3309.90 time, 3310.01 real, 1592 MB
[runlim] sample:		3319.90 time, 3320.01 real, 1592 MB
[runlim] sample:		3329.89 time, 3330.01 real, 1592 MB
[runlim] sample:		3339.89 time, 3340.01 real, 1592 MB
[runlim] sample:		3349.89 time, 3350.01 real, 1592 MB
[runlim] sample:		3359.89 time, 3360.01 real, 1648 MB
[runlim] sample:		3369.89 time, 3370.01 real, 1648 MB
[runlim] sample:		3379.89 time, 3380.01 real, 1648 MB
[runlim] sample:		3389.90 time, 3390.01 real, 1764 MB
[runlim] sample:		3399.89 time, 3400.01 real, 1468 MB
[runlim] sample:		3409.89 time, 3410.01 real, 1468 MB
[runlim] sample:		3419.89 time, 3420.01 real, 1468 MB
[runlim] sample:		3429.89 time, 3430.01 real, 1468 MB
[runlim] sample:		3439.89 time, 3440.01 real, 1468 MB
[runlim] sample:		3449.90 time, 3450.01 real, 1468 MB
[runlim] sample:		3459.89 time, 3460.01 real, 1468 MB
[runlim] sample:		3469.89 time, 3470.01 real, 1468 MB
[runlim] sample:		3479.89 time, 3480.01 real, 2000 MB
[runlim] sample:		3489.89 time, 3490.01 real, 2000 MB
[runlim] sample:		3499.89 time, 3500.01 real, 2092 MB
[runlim] sample:		3509.89 time, 3510.01 real, 2100 MB
[runlim] sample:		3519.89 time, 3520.01 real, 2178 MB
[runlim] sample:		3529.89 time, 3530.01 real, 2103 MB
[runlim] sample:		3539.89 time, 3540.01 real, 2103 MB
[runlim] sample:		3549.89 time, 3550.01 real, 2122 MB
[runlim] sample:		3559.89 time, 3560.01 real, 2098 MB
[runlim] sample:		3569.89 time, 3570.01 real, 2098 MB
[runlim] sample:		3579.89 time, 3580.01 real, 2189 MB
[runlim] sample:		3589.89 time, 3590.01 real, 2189 MB
[runlim] sample:		3599.89 time, 3600.01 real, 2189 MB
[runlim] end:			Thu Oct 17 21:36:00 2019
[runlim] status:		out of time
[runlim] result:		2
[runlim] children:		3
[runlim] real:			3600.10 seconds
[runlim] time:			3599.89 seconds
[runlim] space:			2337 MB
[runlim] samples:		36000
