[runlim] version:		1.17
[runlim] host:			c3n31
[runlim] time limit:		311040000 seconds
[runlim] real time limit:	3600 seconds
[runlim] space limit:		120000 MB
[runlim] argv[0]:		./run-conps-btormc-no-thp.sh
[runlim] argv[1]:		/tmp/9tJOqoi3.btor
[runlim] start:			Thu Oct 17 19:13:36 2019
[runlim] child:			30737
[runlim] sample:		9.98 time, 10.02 real, 417 MB
[runlim] sample:		19.98 time, 20.02 real, 645 MB
[runlim] sample:		29.98 time, 30.02 real, 816 MB
[runlim] sample:		39.98 time, 40.02 real, 952 MB
[runlim] sample:		49.98 time, 50.02 real, 1129 MB
[runlim] sample:		59.98 time, 60.02 real, 1216 MB
[runlim] sample:		69.98 time, 70.02 real, 1317 MB
[runlim] sample:		79.98 time, 80.02 real, 1409 MB
[runlim] sample:		89.98 time, 90.02 real, 1455 MB
[runlim] sample:		99.98 time, 100.02 real, 1517 MB
[runlim] sample:		109.98 time, 110.02 real, 1614 MB
[runlim] sample:		119.98 time, 120.02 real, 1646 MB
[runlim] sample:		129.98 time, 130.02 real, 1697 MB
[runlim] end:			Thu Oct 17 19:15:48 2019
[runlim] status:		ok
[runlim] result:		0
[runlim] children:		3
[runlim] real:			131.07 seconds
[runlim] time:			130.98 seconds
[runlim] space:			1739 MB
[runlim] samples:		1310
