[runlim] version:		1.17
[runlim] host:			c3n13
[runlim] time limit:		311040000 seconds
[runlim] real time limit:	3600 seconds
[runlim] space limit:		120000 MB
[runlim] argv[0]:		./run-conps-btormc-no-thp.sh
[runlim] argv[1]:		/tmp/BfEGYZmi.btor
[runlim] start:			Thu Oct 17 18:49:53 2019
[runlim] child:			1747
[runlim] sample:		9.98 time, 10.01 real, 55 MB
[runlim] sample:		19.98 time, 20.01 real, 80 MB
[runlim] sample:		29.98 time, 30.02 real, 100 MB
[runlim] sample:		39.98 time, 40.02 real, 133 MB
[runlim] sample:		49.98 time, 50.02 real, 148 MB
[runlim] sample:		59.98 time, 60.01 real, 157 MB
[runlim] sample:		69.98 time, 70.02 real, 167 MB
[runlim] sample:		79.98 time, 80.02 real, 206 MB
[runlim] sample:		89.98 time, 90.01 real, 208 MB
[runlim] sample:		99.98 time, 100.02 real, 255 MB
[runlim] sample:		109.98 time, 110.02 real, 257 MB
[runlim] sample:		119.98 time, 120.02 real, 273 MB
[runlim] sample:		129.98 time, 130.02 real, 304 MB
[runlim] sample:		139.98 time, 140.02 real, 305 MB
[runlim] sample:		149.98 time, 150.01 real, 305 MB
[runlim] sample:		159.98 time, 160.02 real, 336 MB
[runlim] sample:		169.98 time, 170.02 real, 350 MB
[runlim] sample:		179.98 time, 180.01 real, 392 MB
[runlim] sample:		189.98 time, 190.02 real, 473 MB
[runlim] sample:		199.98 time, 200.02 real, 437 MB
[runlim] sample:		209.98 time, 210.01 real, 448 MB
[runlim] sample:		219.98 time, 220.02 real, 448 MB
[runlim] sample:		229.98 time, 230.02 real, 483 MB
[runlim] sample:		239.98 time, 240.02 real, 535 MB
[runlim] sample:		249.98 time, 250.01 real, 535 MB
[runlim] sample:		259.98 time, 260.02 real, 541 MB
[runlim] sample:		269.98 time, 270.02 real, 578 MB
[runlim] sample:		279.97 time, 280.02 real, 602 MB
[runlim] sample:		289.98 time, 290.02 real, 542 MB
[runlim] sample:		299.98 time, 300.02 real, 583 MB
[runlim] sample:		309.97 time, 310.01 real, 614 MB
[runlim] sample:		319.98 time, 320.01 real, 614 MB
[runlim] sample:		329.98 time, 330.02 real, 615 MB
[runlim] sample:		339.98 time, 340.02 real, 615 MB
[runlim] sample:		349.98 time, 350.02 real, 572 MB
[runlim] sample:		359.98 time, 360.02 real, 643 MB
[runlim] sample:		369.97 time, 370.02 real, 644 MB
[runlim] sample:		379.97 time, 380.02 real, 644 MB
[runlim] sample:		389.97 time, 390.02 real, 645 MB
[runlim] sample:		399.98 time, 400.02 real, 732 MB
[runlim] sample:		409.98 time, 410.01 real, 732 MB
[runlim] sample:		419.97 time, 420.02 real, 698 MB
[runlim] sample:		429.97 time, 430.02 real, 738 MB
[runlim] sample:		439.98 time, 440.02 real, 748 MB
[runlim] sample:		449.98 time, 450.02 real, 748 MB
[runlim] sample:		459.98 time, 460.02 real, 748 MB
[runlim] sample:		469.98 time, 470.02 real, 759 MB
[runlim] sample:		479.98 time, 480.02 real, 718 MB
[runlim] sample:		489.98 time, 490.02 real, 776 MB
[runlim] sample:		499.98 time, 500.01 real, 787 MB
[runlim] sample:		509.98 time, 510.02 real, 815 MB
[runlim] sample:		519.97 time, 520.02 real, 828 MB
[runlim] sample:		529.98 time, 530.02 real, 828 MB
[runlim] sample:		539.97 time, 540.02 real, 836 MB
[runlim] sample:		549.97 time, 550.02 real, 843 MB
[runlim] sample:		559.97 time, 560.02 real, 799 MB
[runlim] sample:		569.97 time, 570.02 real, 870 MB
[runlim] sample:		579.97 time, 580.02 real, 870 MB
[runlim] sample:		589.97 time, 590.02 real, 917 MB
[runlim] sample:		599.97 time, 600.01 real, 917 MB
[runlim] sample:		609.98 time, 610.02 real, 918 MB
[runlim] sample:		619.97 time, 620.02 real, 918 MB
[runlim] sample:		629.98 time, 630.01 real, 918 MB
[runlim] sample:		639.98 time, 640.02 real, 919 MB
[runlim] sample:		649.97 time, 650.02 real, 997 MB
[runlim] sample:		659.97 time, 660.02 real, 984 MB
[runlim] sample:		669.97 time, 670.02 real, 997 MB
[runlim] sample:		679.98 time, 680.01 real, 997 MB
[runlim] sample:		689.97 time, 690.02 real, 997 MB
[runlim] sample:		699.97 time, 700.02 real, 1063 MB
[runlim] sample:		709.97 time, 710.02 real, 1054 MB
[runlim] sample:		719.97 time, 720.02 real, 1054 MB
[runlim] sample:		729.97 time, 730.02 real, 1054 MB
[runlim] sample:		739.97 time, 740.02 real, 934 MB
[runlim] sample:		749.97 time, 750.01 real, 1045 MB
[runlim] sample:		759.97 time, 760.02 real, 1048 MB
[runlim] sample:		769.98 time, 770.02 real, 1048 MB
[runlim] sample:		779.98 time, 780.02 real, 1085 MB
[runlim] sample:		789.97 time, 790.02 real, 1128 MB
[runlim] sample:		799.97 time, 800.02 real, 1058 MB
[runlim] sample:		809.97 time, 810.02 real, 1094 MB
[runlim] sample:		819.97 time, 820.02 real, 1094 MB
[runlim] sample:		829.97 time, 830.02 real, 1115 MB
[runlim] sample:		839.97 time, 840.02 real, 1115 MB
[runlim] sample:		849.97 time, 850.02 real, 1131 MB
[runlim] sample:		859.97 time, 860.02 real, 1131 MB
[runlim] sample:		869.98 time, 870.02 real, 1134 MB
[runlim] sample:		879.97 time, 880.02 real, 1096 MB
[runlim] sample:		889.97 time, 890.02 real, 1210 MB
[runlim] sample:		899.97 time, 900.02 real, 1210 MB
[runlim] sample:		909.97 time, 910.02 real, 1210 MB
[runlim] sample:		919.97 time, 920.02 real, 1210 MB
[runlim] sample:		929.97 time, 930.02 real, 1210 MB
[runlim] sample:		939.97 time, 940.02 real, 1210 MB
[runlim] sample:		949.98 time, 950.02 real, 1211 MB
[runlim] sample:		959.98 time, 960.02 real, 1211 MB
[runlim] sample:		969.97 time, 970.02 real, 1211 MB
[runlim] sample:		979.97 time, 980.02 real, 1212 MB
[runlim] sample:		989.97 time, 990.02 real, 1212 MB
[runlim] sample:		999.97 time, 1000.02 real, 1213 MB
[runlim] sample:		1009.97 time, 1010.02 real, 1213 MB
[runlim] sample:		1019.97 time, 1020.02 real, 1230 MB
[runlim] sample:		1029.97 time, 1030.02 real, 1230 MB
[runlim] sample:		1039.97 time, 1040.02 real, 1230 MB
[runlim] sample:		1049.97 time, 1050.02 real, 1230 MB
[runlim] sample:		1059.97 time, 1060.02 real, 1230 MB
[runlim] sample:		1069.97 time, 1070.02 real, 1230 MB
[runlim] sample:		1079.97 time, 1080.02 real, 1230 MB
[runlim] sample:		1089.97 time, 1090.02 real, 1231 MB
[runlim] sample:		1099.97 time, 1100.02 real, 1232 MB
[runlim] sample:		1109.97 time, 1110.02 real, 1232 MB
[runlim] sample:		1119.97 time, 1120.02 real, 1232 MB
[runlim] sample:		1129.97 time, 1130.02 real, 1232 MB
[runlim] sample:		1139.97 time, 1140.02 real, 1233 MB
[runlim] sample:		1149.97 time, 1150.01 real, 1269 MB
[runlim] sample:		1159.97 time, 1160.02 real, 1270 MB
[runlim] sample:		1169.97 time, 1170.02 real, 1250 MB
[runlim] sample:		1179.97 time, 1180.02 real, 1266 MB
[runlim] sample:		1189.96 time, 1190.02 real, 1288 MB
[runlim] sample:		1199.97 time, 1200.02 real, 1288 MB
[runlim] sample:		1209.96 time, 1210.02 real, 1288 MB
[runlim] sample:		1219.97 time, 1220.02 real, 1289 MB
[runlim] sample:		1229.97 time, 1230.01 real, 1289 MB
[runlim] sample:		1239.97 time, 1240.02 real, 1290 MB
[runlim] sample:		1249.97 time, 1250.02 real, 1290 MB
[runlim] sample:		1259.97 time, 1260.02 real, 1290 MB
[runlim] sample:		1269.97 time, 1270.02 real, 1328 MB
[runlim] sample:		1279.97 time, 1280.02 real, 1329 MB
[runlim] sample:		1289.97 time, 1290.01 real, 1329 MB
[runlim] sample:		1299.97 time, 1300.02 real, 1359 MB
[runlim] sample:		1309.97 time, 1310.02 real, 1397 MB
[runlim] sample:		1319.97 time, 1320.02 real, 1375 MB
[runlim] sample:		1329.97 time, 1330.02 real, 1375 MB
[runlim] sample:		1339.96 time, 1340.02 real, 1376 MB
[runlim] sample:		1349.96 time, 1350.02 real, 1235 MB
[runlim] sample:		1359.97 time, 1360.02 real, 1235 MB
[runlim] sample:		1369.97 time, 1370.02 real, 1312 MB
[runlim] sample:		1379.97 time, 1380.02 real, 1312 MB
[runlim] sample:		1389.97 time, 1390.02 real, 1312 MB
[runlim] sample:		1399.96 time, 1400.02 real, 1313 MB
[runlim] sample:		1409.97 time, 1410.02 real, 1313 MB
[runlim] sample:		1419.96 time, 1420.02 real, 1314 MB
[runlim] sample:		1429.97 time, 1430.02 real, 1315 MB
[runlim] sample:		1439.97 time, 1440.02 real, 1315 MB
[runlim] sample:		1449.97 time, 1450.02 real, 1316 MB
[runlim] sample:		1459.97 time, 1460.02 real, 1346 MB
[runlim] sample:		1469.97 time, 1470.02 real, 1347 MB
[runlim] sample:		1479.96 time, 1480.02 real, 1389 MB
[runlim] sample:		1489.97 time, 1490.02 real, 1389 MB
[runlim] sample:		1499.96 time, 1500.02 real, 1391 MB
[runlim] sample:		1509.96 time, 1510.02 real, 1391 MB
[runlim] sample:		1519.97 time, 1520.02 real, 1392 MB
[runlim] sample:		1529.97 time, 1530.02 real, 1392 MB
[runlim] sample:		1539.97 time, 1540.02 real, 1330 MB
[runlim] sample:		1549.97 time, 1550.02 real, 1288 MB
[runlim] sample:		1559.97 time, 1560.02 real, 1423 MB
[runlim] sample:		1569.97 time, 1570.02 real, 1423 MB
[runlim] sample:		1579.96 time, 1580.02 real, 1424 MB
[runlim] sample:		1589.96 time, 1590.02 real, 1425 MB
[runlim] sample:		1599.97 time, 1600.02 real, 1425 MB
[runlim] sample:		1609.96 time, 1610.02 real, 1426 MB
[runlim] sample:		1619.97 time, 1620.02 real, 1428 MB
[runlim] sample:		1629.97 time, 1630.02 real, 1428 MB
[runlim] sample:		1639.97 time, 1640.02 real, 1428 MB
[runlim] sample:		1649.96 time, 1650.01 real, 1429 MB
[runlim] sample:		1659.96 time, 1660.02 real, 1430 MB
[runlim] end:			Thu Oct 17 19:17:41 2019
[runlim] status:		ok
[runlim] result:		0
[runlim] children:		3
[runlim] real:			1668.20 seconds
[runlim] time:			1668.06 seconds
[runlim] space:			1544 MB
[runlim] samples:		16681
