[runlim] version:		1.17
[runlim] host:			c3n31
[runlim] time limit:		311040000 seconds
[runlim] real time limit:	3600 seconds
[runlim] space limit:		120000 MB
[runlim] argv[0]:		./run-conps-btormc-no-thp.sh
[runlim] argv[1]:		/tmp/LlRGppit.btor
[runlim] start:			Thu Oct 17 19:33:57 2019
[runlim] child:			31139
[runlim] sample:		9.98 time, 10.02 real, 252 MB
[runlim] sample:		19.98 time, 20.02 real, 471 MB
[runlim] sample:		29.98 time, 30.01 real, 628 MB
[runlim] sample:		39.98 time, 40.01 real, 764 MB
[runlim] sample:		49.98 time, 50.01 real, 1023 MB
[runlim] sample:		59.98 time, 60.01 real, 1176 MB
[runlim] sample:		69.99 time, 70.01 real, 1267 MB
[runlim] sample:		79.98 time, 80.01 real, 1462 MB
[runlim] sample:		89.97 time, 90.01 real, 1569 MB
[runlim] sample:		99.98 time, 100.01 real, 1700 MB
[runlim] sample:		109.98 time, 110.01 real, 1639 MB
[runlim] sample:		119.98 time, 120.01 real, 1863 MB
[runlim] end:			Thu Oct 17 19:36:00 2019
[runlim] status:		ok
[runlim] result:		0
[runlim] children:		3
[runlim] real:			123.20 seconds
[runlim] time:			123.08 seconds
[runlim] space:			1894 MB
[runlim] samples:		1231
