[runlim] version:		1.17
[runlim] host:			c3n31
[runlim] time limit:		311040000 seconds
[runlim] real time limit:	3600 seconds
[runlim] space limit:		120000 MB
[runlim] argv[0]:		./run-conps-btormc-no-thp.sh
[runlim] argv[1]:		/tmp/IIb8jq0E.btor
[runlim] start:			Thu Oct 17 19:17:48 2019
[runlim] child:			30831
[runlim] sample:		9.98 time, 10.02 real, 336 MB
[runlim] sample:		19.98 time, 20.02 real, 508 MB
[runlim] sample:		29.98 time, 30.02 real, 609 MB
[runlim] sample:		39.98 time, 40.02 real, 718 MB
[runlim] sample:		49.98 time, 50.02 real, 795 MB
[runlim] sample:		59.98 time, 60.02 real, 860 MB
[runlim] sample:		69.98 time, 70.02 real, 991 MB
[runlim] sample:		79.98 time, 80.02 real, 1105 MB
[runlim] sample:		89.98 time, 90.02 real, 1131 MB
[runlim] sample:		99.98 time, 100.02 real, 1154 MB
[runlim] sample:		109.98 time, 110.02 real, 1236 MB
[runlim] end:			Thu Oct 17 19:19:45 2019
[runlim] status:		ok
[runlim] result:		0
[runlim] children:		3
[runlim] real:			115.99 seconds
[runlim] time:			115.88 seconds
[runlim] space:			1245 MB
[runlim] samples:		1159
