[runlim] version:		1.17
[runlim] host:			c3n22
[runlim] time limit:		311040000 seconds
[runlim] real time limit:	3600 seconds
[runlim] space limit:		120000 MB
[runlim] argv[0]:		./run-conps-btormc-no-thp.sh
[runlim] argv[1]:		/tmp/Uh8SWXi6.btor
[runlim] start:			Thu Oct 17 19:09:24 2019
[runlim] child:			14030
[runlim] sample:		9.98 time, 10.02 real, 328 MB
[runlim] sample:		19.99 time, 20.02 real, 644 MB
[runlim] sample:		29.98 time, 30.02 real, 824 MB
[runlim] sample:		39.98 time, 40.02 real, 1133 MB
[runlim] sample:		49.98 time, 50.02 real, 1390 MB
[runlim] sample:		59.98 time, 60.02 real, 1453 MB
[runlim] sample:		69.98 time, 70.02 real, 1617 MB
[runlim] sample:		79.98 time, 80.02 real, 1717 MB
[runlim] end:			Thu Oct 17 19:10:50 2019
[runlim] status:		ok
[runlim] result:		0
[runlim] children:		3
[runlim] real:			85.62 seconds
[runlim] time:			85.58 seconds
[runlim] space:			1747 MB
[runlim] samples:		856
