[runlim] version:		1.17
[runlim] host:			c3n13
[runlim] time limit:		311040000 seconds
[runlim] real time limit:	3600 seconds
[runlim] space limit:		120000 MB
[runlim] argv[0]:		./run-conps-btormc-no-thp.sh
[runlim] argv[1]:		/tmp/LvvtbsIC.btor
[runlim] start:			Thu Oct 17 19:37:06 2019
[runlim] child:			2275
[runlim] sample:		9.98 time, 10.02 real, 57 MB
[runlim] sample:		19.98 time, 20.02 real, 93 MB
[runlim] sample:		29.98 time, 30.01 real, 113 MB
[runlim] sample:		39.98 time, 40.01 real, 113 MB
[runlim] sample:		49.98 time, 50.01 real, 113 MB
[runlim] sample:		59.98 time, 60.01 real, 114 MB
[runlim] sample:		69.98 time, 70.01 real, 133 MB
[runlim] sample:		79.98 time, 80.02 real, 172 MB
[runlim] sample:		89.98 time, 90.02 real, 221 MB
[runlim] sample:		99.98 time, 100.02 real, 293 MB
[runlim] sample:		109.98 time, 110.02 real, 300 MB
[runlim] sample:		119.98 time, 120.02 real, 360 MB
[runlim] sample:		129.98 time, 130.01 real, 387 MB
[runlim] sample:		139.98 time, 140.02 real, 468 MB
[runlim] sample:		149.98 time, 150.02 real, 495 MB
[runlim] sample:		159.98 time, 160.02 real, 558 MB
[runlim] sample:		169.98 time, 170.02 real, 599 MB
[runlim] sample:		179.98 time, 180.02 real, 609 MB
[runlim] sample:		189.98 time, 190.02 real, 667 MB
[runlim] sample:		199.98 time, 200.02 real, 745 MB
[runlim] sample:		209.98 time, 210.02 real, 764 MB
[runlim] sample:		219.98 time, 220.02 real, 789 MB
[runlim] sample:		229.98 time, 230.02 real, 802 MB
[runlim] sample:		239.98 time, 240.02 real, 835 MB
[runlim] sample:		249.98 time, 250.02 real, 914 MB
[runlim] sample:		259.98 time, 260.01 real, 934 MB
[runlim] sample:		269.98 time, 270.02 real, 978 MB
[runlim] sample:		279.98 time, 280.02 real, 1004 MB
[runlim] sample:		289.98 time, 290.02 real, 1133 MB
[runlim] sample:		299.98 time, 300.02 real, 1142 MB
[runlim] sample:		309.98 time, 310.02 real, 1169 MB
[runlim] sample:		319.98 time, 320.02 real, 1214 MB
[runlim] sample:		329.98 time, 330.02 real, 1222 MB
[runlim] sample:		339.98 time, 340.02 real, 1266 MB
[runlim] sample:		349.98 time, 350.02 real, 1224 MB
[runlim] sample:		359.98 time, 360.02 real, 1333 MB
[runlim] sample:		369.98 time, 370.02 real, 1410 MB
[runlim] sample:		379.97 time, 380.02 real, 1412 MB
[runlim] sample:		389.97 time, 390.02 real, 1433 MB
[runlim] sample:		399.98 time, 400.02 real, 1433 MB
[runlim] sample:		409.97 time, 410.02 real, 1468 MB
[runlim] sample:		419.97 time, 420.02 real, 1505 MB
[runlim] sample:		429.98 time, 430.02 real, 1507 MB
[runlim] end:			Thu Oct 17 19:44:26 2019
[runlim] status:		ok
[runlim] result:		0
[runlim] children:		3
[runlim] real:			439.96 seconds
[runlim] time:			439.88 seconds
[runlim] space:			1576 MB
[runlim] samples:		4399
