[runlim] version:		1.17
[runlim] host:			c3n13
[runlim] time limit:		311040000 seconds
[runlim] real time limit:	3600 seconds
[runlim] space limit:		120000 MB
[runlim] argv[0]:		./run-conps-btormc-no-thp.sh
[runlim] argv[1]:		/tmp/Ohv23nrc.btor
[runlim] start:			Thu Oct 17 19:28:16 2019
[runlim] child:			2058
[runlim] sample:		9.98 time, 10.02 real, 436 MB
[runlim] sample:		19.98 time, 20.02 real, 650 MB
[runlim] sample:		29.98 time, 30.02 real, 814 MB
[runlim] sample:		39.98 time, 40.02 real, 943 MB
[runlim] sample:		49.99 time, 50.02 real, 1096 MB
[runlim] sample:		59.98 time, 60.02 real, 1203 MB
[runlim] sample:		69.98 time, 70.02 real, 1279 MB
[runlim] sample:		79.98 time, 80.02 real, 1392 MB
[runlim] sample:		89.98 time, 90.02 real, 1444 MB
[runlim] sample:		99.98 time, 100.02 real, 1500 MB
[runlim] sample:		109.98 time, 110.02 real, 1579 MB
[runlim] sample:		119.97 time, 120.02 real, 1638 MB
[runlim] sample:		129.98 time, 130.02 real, 1714 MB
[runlim] end:			Thu Oct 17 19:30:31 2019
[runlim] status:		ok
[runlim] result:		0
[runlim] children:		3
[runlim] real:			134.13 seconds
[runlim] time:			134.07 seconds
[runlim] space:			1746 MB
[runlim] samples:		1341
