[runlim] version:		1.17
[runlim] host:			c3n10
[runlim] time limit:		311040000 seconds
[runlim] real time limit:	3600 seconds
[runlim] space limit:		120000 MB
[runlim] argv[0]:		./run-conps-btormc-no-thp.sh
[runlim] argv[1]:		/tmp/Ns23qUsm.btor
[runlim] start:			Thu Oct 17 20:41:17 2019
[runlim] child:			2737
[runlim] sample:		9.98 time, 10.02 real, 142 MB
[runlim] sample:		19.98 time, 20.01 real, 181 MB
[runlim] sample:		29.98 time, 30.02 real, 228 MB
[runlim] sample:		39.98 time, 40.01 real, 228 MB
[runlim] sample:		49.98 time, 50.02 real, 238 MB
[runlim] sample:		59.98 time, 60.02 real, 240 MB
[runlim] sample:		69.98 time, 70.02 real, 254 MB
[runlim] sample:		79.98 time, 80.01 real, 254 MB
[runlim] sample:		89.98 time, 90.02 real, 254 MB
[runlim] sample:		99.98 time, 100.01 real, 254 MB
[runlim] sample:		109.98 time, 110.01 real, 285 MB
[runlim] sample:		119.98 time, 120.02 real, 285 MB
[runlim] sample:		129.98 time, 130.02 real, 285 MB
[runlim] sample:		139.98 time, 140.01 real, 285 MB
[runlim] sample:		149.98 time, 150.01 real, 289 MB
[runlim] sample:		159.98 time, 160.02 real, 289 MB
[runlim] sample:		169.98 time, 170.02 real, 289 MB
[runlim] sample:		179.98 time, 180.02 real, 401 MB
[runlim] sample:		189.98 time, 190.01 real, 401 MB
[runlim] sample:		199.98 time, 200.01 real, 440 MB
[runlim] sample:		209.98 time, 210.02 real, 440 MB
[runlim] sample:		219.98 time, 220.01 real, 440 MB
[runlim] sample:		229.98 time, 230.02 real, 440 MB
[runlim] sample:		239.98 time, 240.02 real, 331 MB
[runlim] sample:		249.98 time, 250.02 real, 300 MB
[runlim] sample:		259.98 time, 260.02 real, 336 MB
[runlim] sample:		269.98 time, 270.02 real, 349 MB
[runlim] sample:		279.98 time, 280.02 real, 353 MB
[runlim] sample:		289.98 time, 290.02 real, 353 MB
[runlim] sample:		299.98 time, 300.02 real, 355 MB
[runlim] sample:		309.99 time, 310.02 real, 381 MB
[runlim] sample:		319.99 time, 320.02 real, 381 MB
[runlim] sample:		329.99 time, 330.02 real, 381 MB
[runlim] sample:		339.99 time, 340.02 real, 381 MB
[runlim] sample:		349.99 time, 350.02 real, 381 MB
[runlim] sample:		359.99 time, 360.02 real, 381 MB
[runlim] sample:		369.99 time, 370.02 real, 381 MB
[runlim] sample:		379.98 time, 380.02 real, 420 MB
[runlim] sample:		389.98 time, 390.02 real, 420 MB
[runlim] sample:		399.98 time, 400.02 real, 420 MB
[runlim] sample:		409.98 time, 410.02 real, 420 MB
[runlim] sample:		419.98 time, 420.02 real, 420 MB
[runlim] sample:		429.98 time, 430.02 real, 420 MB
[runlim] sample:		439.98 time, 440.02 real, 420 MB
[runlim] sample:		449.98 time, 450.02 real, 421 MB
[runlim] sample:		459.98 time, 460.02 real, 421 MB
[runlim] sample:		469.98 time, 470.02 real, 421 MB
[runlim] sample:		479.98 time, 480.02 real, 421 MB
[runlim] sample:		489.98 time, 490.01 real, 421 MB
[runlim] sample:		499.98 time, 500.02 real, 461 MB
[runlim] sample:		509.98 time, 510.02 real, 461 MB
[runlim] sample:		519.98 time, 520.02 real, 461 MB
[runlim] sample:		529.98 time, 530.02 real, 616 MB
[runlim] sample:		539.98 time, 540.02 real, 616 MB
[runlim] sample:		549.98 time, 550.02 real, 616 MB
[runlim] sample:		559.98 time, 560.02 real, 616 MB
[runlim] sample:		569.98 time, 570.02 real, 473 MB
[runlim] sample:		579.98 time, 580.02 real, 473 MB
[runlim] sample:		589.98 time, 590.02 real, 473 MB
[runlim] sample:		599.98 time, 600.02 real, 473 MB
[runlim] sample:		609.98 time, 610.02 real, 473 MB
[runlim] sample:		619.98 time, 620.01 real, 473 MB
[runlim] sample:		629.98 time, 630.02 real, 473 MB
[runlim] sample:		639.98 time, 640.02 real, 432 MB
[runlim] sample:		649.98 time, 650.02 real, 432 MB
[runlim] sample:		659.98 time, 660.01 real, 432 MB
[runlim] sample:		669.98 time, 670.02 real, 432 MB
[runlim] sample:		679.98 time, 680.01 real, 456 MB
[runlim] sample:		689.98 time, 690.02 real, 456 MB
[runlim] sample:		699.98 time, 700.02 real, 456 MB
[runlim] sample:		709.98 time, 710.02 real, 456 MB
[runlim] sample:		719.98 time, 720.02 real, 456 MB
[runlim] sample:		729.99 time, 730.02 real, 467 MB
[runlim] sample:		739.99 time, 740.02 real, 467 MB
[runlim] sample:		749.99 time, 750.02 real, 467 MB
[runlim] sample:		759.99 time, 760.02 real, 467 MB
[runlim] sample:		769.99 time, 770.02 real, 467 MB
[runlim] sample:		779.99 time, 780.02 real, 467 MB
[runlim] sample:		789.99 time, 790.02 real, 467 MB
[runlim] sample:		799.99 time, 800.02 real, 467 MB
[runlim] sample:		809.99 time, 810.02 real, 467 MB
[runlim] sample:		819.98 time, 820.02 real, 467 MB
[runlim] sample:		829.98 time, 830.02 real, 483 MB
[runlim] sample:		839.98 time, 840.02 real, 646 MB
[runlim] sample:		849.98 time, 850.02 real, 646 MB
[runlim] sample:		859.98 time, 860.02 real, 646 MB
[runlim] sample:		869.98 time, 870.02 real, 646 MB
[runlim] sample:		879.98 time, 880.02 real, 646 MB
[runlim] sample:		889.98 time, 890.02 real, 646 MB
[runlim] sample:		899.98 time, 900.02 real, 646 MB
[runlim] sample:		909.98 time, 910.02 real, 646 MB
[runlim] sample:		919.98 time, 920.02 real, 646 MB
[runlim] sample:		929.98 time, 930.02 real, 646 MB
[runlim] sample:		939.98 time, 940.02 real, 679 MB
[runlim] sample:		949.98 time, 950.02 real, 679 MB
[runlim] sample:		959.98 time, 960.02 real, 679 MB
[runlim] sample:		969.98 time, 970.01 real, 679 MB
[runlim] sample:		979.98 time, 980.02 real, 679 MB
[runlim] sample:		989.98 time, 990.02 real, 679 MB
[runlim] sample:		999.98 time, 1000.02 real, 679 MB
[runlim] sample:		1009.98 time, 1010.01 real, 785 MB
[runlim] sample:		1019.98 time, 1020.01 real, 789 MB
[runlim] sample:		1029.98 time, 1030.01 real, 828 MB
[runlim] sample:		1039.98 time, 1040.02 real, 778 MB
[runlim] sample:		1049.98 time, 1050.01 real, 778 MB
[runlim] sample:		1059.98 time, 1060.01 real, 778 MB
[runlim] sample:		1069.98 time, 1070.02 real, 779 MB
[runlim] sample:		1079.98 time, 1080.02 real, 779 MB
[runlim] sample:		1089.98 time, 1090.01 real, 779 MB
[runlim] sample:		1099.99 time, 1100.02 real, 779 MB
[runlim] sample:		1109.98 time, 1110.02 real, 779 MB
[runlim] sample:		1119.98 time, 1120.02 real, 781 MB
[runlim] sample:		1129.98 time, 1130.01 real, 781 MB
[runlim] sample:		1139.98 time, 1140.01 real, 781 MB
[runlim] sample:		1149.98 time, 1150.01 real, 781 MB
[runlim] sample:		1159.99 time, 1160.01 real, 782 MB
[runlim] sample:		1169.98 time, 1170.02 real, 782 MB
[runlim] sample:		1179.98 time, 1180.01 real, 782 MB
[runlim] sample:		1189.98 time, 1190.02 real, 782 MB
[runlim] sample:		1199.98 time, 1200.02 real, 782 MB
[runlim] sample:		1209.98 time, 1210.02 real, 479 MB
[runlim] sample:		1219.98 time, 1220.02 real, 479 MB
[runlim] sample:		1229.98 time, 1230.02 real, 479 MB
[runlim] sample:		1239.98 time, 1240.02 real, 479 MB
[runlim] sample:		1249.98 time, 1250.02 real, 479 MB
[runlim] sample:		1259.98 time, 1260.02 real, 479 MB
[runlim] sample:		1269.98 time, 1270.02 real, 479 MB
[runlim] sample:		1279.98 time, 1280.02 real, 479 MB
[runlim] sample:		1289.98 time, 1290.02 real, 479 MB
[runlim] sample:		1299.98 time, 1300.01 real, 479 MB
[runlim] sample:		1309.98 time, 1310.02 real, 479 MB
[runlim] sample:		1319.98 time, 1320.02 real, 519 MB
[runlim] sample:		1329.98 time, 1330.02 real, 519 MB
[runlim] sample:		1339.98 time, 1340.02 real, 519 MB
[runlim] sample:		1349.98 time, 1350.02 real, 519 MB
[runlim] sample:		1359.98 time, 1360.02 real, 519 MB
[runlim] sample:		1369.98 time, 1370.01 real, 519 MB
[runlim] sample:		1379.98 time, 1380.02 real, 519 MB
[runlim] sample:		1389.98 time, 1390.02 real, 519 MB
[runlim] sample:		1399.98 time, 1400.02 real, 519 MB
[runlim] sample:		1409.98 time, 1410.02 real, 574 MB
[runlim] sample:		1419.98 time, 1420.02 real, 574 MB
[runlim] sample:		1429.98 time, 1430.02 real, 574 MB
[runlim] sample:		1439.98 time, 1440.02 real, 574 MB
[runlim] sample:		1449.98 time, 1450.02 real, 574 MB
[runlim] sample:		1459.98 time, 1460.02 real, 574 MB
[runlim] sample:		1469.98 time, 1470.02 real, 574 MB
[runlim] sample:		1479.98 time, 1480.02 real, 574 MB
[runlim] sample:		1489.98 time, 1490.02 real, 574 MB
[runlim] sample:		1499.98 time, 1500.02 real, 788 MB
[runlim] sample:		1509.98 time, 1510.02 real, 788 MB
[runlim] sample:		1519.98 time, 1520.02 real, 788 MB
[runlim] sample:		1529.98 time, 1530.02 real, 788 MB
[runlim] sample:		1539.98 time, 1540.02 real, 798 MB
[runlim] sample:		1549.98 time, 1550.01 real, 882 MB
[runlim] sample:		1559.98 time, 1560.01 real, 921 MB
[runlim] sample:		1569.98 time, 1570.01 real, 962 MB
[runlim] sample:		1579.98 time, 1580.01 real, 870 MB
[runlim] sample:		1589.98 time, 1590.01 real, 870 MB
[runlim] sample:		1599.98 time, 1600.01 real, 870 MB
[runlim] sample:		1609.98 time, 1610.02 real, 876 MB
[runlim] sample:		1619.98 time, 1620.01 real, 876 MB
[runlim] sample:		1629.98 time, 1630.01 real, 876 MB
[runlim] sample:		1639.98 time, 1640.01 real, 876 MB
[runlim] sample:		1649.98 time, 1650.01 real, 876 MB
[runlim] sample:		1659.99 time, 1660.02 real, 876 MB
[runlim] sample:		1669.98 time, 1670.02 real, 876 MB
[runlim] sample:		1679.98 time, 1680.01 real, 876 MB
[runlim] sample:		1689.98 time, 1690.01 real, 876 MB
[runlim] sample:		1699.98 time, 1700.02 real, 876 MB
[runlim] sample:		1709.98 time, 1710.02 real, 876 MB
[runlim] sample:		1719.98 time, 1720.02 real, 876 MB
[runlim] sample:		1729.98 time, 1730.01 real, 876 MB
[runlim] sample:		1739.98 time, 1740.01 real, 876 MB
[runlim] sample:		1749.98 time, 1750.02 real, 876 MB
[runlim] sample:		1759.98 time, 1760.01 real, 876 MB
[runlim] sample:		1769.98 time, 1770.01 real, 877 MB
[runlim] sample:		1779.98 time, 1780.01 real, 877 MB
[runlim] sample:		1789.98 time, 1790.01 real, 877 MB
[runlim] sample:		1799.98 time, 1800.01 real, 877 MB
[runlim] sample:		1809.98 time, 1810.01 real, 877 MB
[runlim] sample:		1819.98 time, 1820.02 real, 569 MB
[runlim] sample:		1829.98 time, 1830.02 real, 569 MB
[runlim] sample:		1839.98 time, 1840.02 real, 569 MB
[runlim] sample:		1849.98 time, 1850.02 real, 569 MB
[runlim] sample:		1859.98 time, 1860.02 real, 569 MB
[runlim] sample:		1869.98 time, 1870.02 real, 569 MB
[runlim] sample:		1879.98 time, 1880.02 real, 569 MB
[runlim] sample:		1889.98 time, 1890.02 real, 569 MB
[runlim] sample:		1899.98 time, 1900.02 real, 569 MB
[runlim] sample:		1909.98 time, 1910.02 real, 569 MB
[runlim] sample:		1919.98 time, 1920.02 real, 569 MB
[runlim] sample:		1929.98 time, 1930.02 real, 569 MB
[runlim] sample:		1939.98 time, 1940.02 real, 569 MB
[runlim] sample:		1949.98 time, 1950.02 real, 569 MB
[runlim] sample:		1959.98 time, 1960.02 real, 569 MB
[runlim] sample:		1969.98 time, 1970.02 real, 569 MB
[runlim] sample:		1979.98 time, 1980.01 real, 569 MB
[runlim] sample:		1989.98 time, 1990.01 real, 647 MB
[runlim] sample:		1999.98 time, 2000.02 real, 647 MB
[runlim] sample:		2009.98 time, 2010.02 real, 647 MB
[runlim] sample:		2019.98 time, 2020.02 real, 647 MB
[runlim] sample:		2029.98 time, 2030.02 real, 583 MB
[runlim] sample:		2039.98 time, 2040.02 real, 583 MB
[runlim] sample:		2049.98 time, 2050.02 real, 583 MB
[runlim] sample:		2059.98 time, 2060.02 real, 583 MB
[runlim] sample:		2069.98 time, 2070.02 real, 583 MB
[runlim] sample:		2079.98 time, 2080.02 real, 815 MB
[runlim] sample:		2089.98 time, 2090.02 real, 815 MB
[runlim] sample:		2099.98 time, 2100.02 real, 815 MB
[runlim] sample:		2109.98 time, 2110.02 real, 815 MB
[runlim] sample:		2119.98 time, 2120.02 real, 815 MB
[runlim] sample:		2129.98 time, 2130.01 real, 815 MB
[runlim] sample:		2139.98 time, 2140.01 real, 815 MB
[runlim] sample:		2149.98 time, 2150.02 real, 815 MB
[runlim] sample:		2159.98 time, 2160.02 real, 815 MB
[runlim] sample:		2169.98 time, 2170.02 real, 815 MB
[runlim] sample:		2179.98 time, 2180.02 real, 815 MB
[runlim] sample:		2189.98 time, 2190.02 real, 815 MB
[runlim] sample:		2199.98 time, 2200.02 real, 815 MB
[runlim] sample:		2209.98 time, 2210.02 real, 815 MB
[runlim] sample:		2219.98 time, 2220.02 real, 815 MB
[runlim] sample:		2229.98 time, 2230.02 real, 815 MB
[runlim] sample:		2239.98 time, 2240.02 real, 815 MB
[runlim] sample:		2249.98 time, 2250.02 real, 840 MB
[runlim] sample:		2259.98 time, 2260.02 real, 840 MB
[runlim] sample:		2269.98 time, 2270.02 real, 840 MB
[runlim] sample:		2279.98 time, 2280.02 real, 859 MB
[runlim] sample:		2289.98 time, 2290.02 real, 859 MB
[runlim] sample:		2299.98 time, 2300.02 real, 859 MB
[runlim] sample:		2309.98 time, 2310.01 real, 942 MB
[runlim] sample:		2319.98 time, 2320.01 real, 952 MB
[runlim] sample:		2329.98 time, 2330.01 real, 993 MB
[runlim] sample:		2339.98 time, 2340.01 real, 994 MB
[runlim] sample:		2349.98 time, 2350.01 real, 994 MB
[runlim] sample:		2359.98 time, 2360.02 real, 936 MB
[runlim] sample:		2369.98 time, 2370.01 real, 936 MB
[runlim] sample:		2379.98 time, 2380.02 real, 946 MB
[runlim] sample:		2389.98 time, 2390.01 real, 947 MB
[runlim] sample:		2399.98 time, 2400.01 real, 947 MB
[runlim] sample:		2409.98 time, 2410.01 real, 947 MB
[runlim] sample:		2419.98 time, 2420.01 real, 947 MB
[runlim] sample:		2429.98 time, 2430.02 real, 947 MB
[runlim] sample:		2439.98 time, 2440.02 real, 949 MB
[runlim] sample:		2449.98 time, 2450.02 real, 949 MB
[runlim] sample:		2459.98 time, 2460.02 real, 949 MB
[runlim] sample:		2469.98 time, 2470.01 real, 949 MB
[runlim] sample:		2479.98 time, 2480.02 real, 949 MB
[runlim] sample:		2489.98 time, 2490.02 real, 950 MB
[runlim] sample:		2499.98 time, 2500.02 real, 950 MB
[runlim] sample:		2509.98 time, 2510.02 real, 950 MB
[runlim] sample:		2519.98 time, 2520.01 real, 950 MB
[runlim] sample:		2529.98 time, 2530.01 real, 950 MB
[runlim] sample:		2539.98 time, 2540.01 real, 950 MB
[runlim] sample:		2549.98 time, 2550.01 real, 950 MB
[runlim] sample:		2559.98 time, 2560.01 real, 950 MB
[runlim] sample:		2569.98 time, 2570.01 real, 950 MB
[runlim] sample:		2579.98 time, 2580.02 real, 585 MB
[runlim] sample:		2589.98 time, 2590.02 real, 585 MB
[runlim] sample:		2599.98 time, 2600.02 real, 585 MB
[runlim] sample:		2609.98 time, 2610.02 real, 585 MB
[runlim] sample:		2619.98 time, 2620.02 real, 585 MB
[runlim] sample:		2629.98 time, 2630.02 real, 585 MB
[runlim] sample:		2639.98 time, 2640.02 real, 585 MB
[runlim] sample:		2649.98 time, 2650.02 real, 585 MB
[runlim] sample:		2659.98 time, 2660.02 real, 585 MB
[runlim] sample:		2669.98 time, 2670.02 real, 585 MB
[runlim] sample:		2679.98 time, 2680.01 real, 585 MB
[runlim] sample:		2689.98 time, 2690.02 real, 585 MB
[runlim] sample:		2699.98 time, 2700.02 real, 604 MB
[runlim] sample:		2709.98 time, 2710.01 real, 604 MB
[runlim] sample:		2719.98 time, 2720.02 real, 604 MB
[runlim] sample:		2729.98 time, 2730.01 real, 688 MB
[runlim] sample:		2739.98 time, 2740.02 real, 624 MB
[runlim] sample:		2749.98 time, 2750.02 real, 624 MB
[runlim] sample:		2759.98 time, 2760.02 real, 624 MB
[runlim] sample:		2769.98 time, 2770.02 real, 624 MB
[runlim] sample:		2779.98 time, 2780.02 real, 624 MB
[runlim] sample:		2789.98 time, 2790.02 real, 624 MB
[runlim] sample:		2799.98 time, 2800.02 real, 624 MB
[runlim] sample:		2809.98 time, 2810.02 real, 624 MB
[runlim] sample:		2819.98 time, 2820.02 real, 624 MB
[runlim] sample:		2829.98 time, 2830.02 real, 624 MB
[runlim] sample:		2839.98 time, 2840.02 real, 624 MB
[runlim] sample:		2849.98 time, 2850.02 real, 624 MB
[runlim] sample:		2859.98 time, 2860.02 real, 624 MB
[runlim] sample:		2869.98 time, 2870.02 real, 624 MB
[runlim] sample:		2879.98 time, 2880.02 real, 624 MB
[runlim] sample:		2889.98 time, 2890.02 real, 898 MB
[runlim] sample:		2899.98 time, 2900.02 real, 922 MB
[runlim] sample:		2909.98 time, 2910.01 real, 999 MB
[runlim] sample:		2919.98 time, 2920.01 real, 1017 MB
[runlim] sample:		2929.98 time, 2930.01 real, 1059 MB
[runlim] sample:		2939.98 time, 2940.01 real, 1059 MB
[runlim] sample:		2949.99 time, 2950.01 real, 1002 MB
[runlim] sample:		2959.98 time, 2960.02 real, 1002 MB
[runlim] sample:		2969.98 time, 2970.02 real, 997 MB
[runlim] sample:		2979.98 time, 2980.01 real, 997 MB
[runlim] sample:		2989.99 time, 2990.01 real, 1005 MB
[runlim] sample:		2999.98 time, 3000.01 real, 1005 MB
[runlim] sample:		3009.98 time, 3010.01 real, 1006 MB
[runlim] sample:		3019.98 time, 3020.01 real, 1006 MB
[runlim] sample:		3029.98 time, 3030.02 real, 1006 MB
[runlim] sample:		3039.98 time, 3040.02 real, 1006 MB
[runlim] sample:		3049.98 time, 3050.02 real, 1006 MB
[runlim] sample:		3059.98 time, 3060.01 real, 1006 MB
[runlim] sample:		3069.98 time, 3070.01 real, 1006 MB
[runlim] sample:		3079.98 time, 3080.02 real, 1009 MB
[runlim] sample:		3089.98 time, 3090.02 real, 1009 MB
[runlim] sample:		3099.98 time, 3100.02 real, 1009 MB
[runlim] sample:		3109.98 time, 3110.02 real, 1009 MB
[runlim] sample:		3119.98 time, 3120.02 real, 1009 MB
[runlim] sample:		3129.98 time, 3130.01 real, 1009 MB
[runlim] sample:		3139.98 time, 3140.01 real, 1010 MB
[runlim] sample:		3149.98 time, 3150.01 real, 1010 MB
[runlim] sample:		3159.98 time, 3160.01 real, 1010 MB
[runlim] sample:		3169.98 time, 3170.01 real, 1010 MB
[runlim] sample:		3179.98 time, 3180.02 real, 1010 MB
[runlim] sample:		3189.98 time, 3190.01 real, 1010 MB
[runlim] sample:		3199.98 time, 3200.02 real, 1010 MB
[runlim] sample:		3209.98 time, 3210.01 real, 1010 MB
[runlim] sample:		3219.98 time, 3220.01 real, 1010 MB
[runlim] sample:		3229.98 time, 3230.02 real, 1010 MB
[runlim] sample:		3239.98 time, 3240.01 real, 1010 MB
[runlim] sample:		3249.98 time, 3250.01 real, 1010 MB
[runlim] sample:		3259.98 time, 3260.01 real, 1010 MB
[runlim] sample:		3269.98 time, 3270.01 real, 1010 MB
[runlim] sample:		3279.98 time, 3280.01 real, 1010 MB
[runlim] sample:		3289.99 time, 3290.01 real, 1010 MB
[runlim] sample:		3299.98 time, 3300.02 real, 1010 MB
[runlim] sample:		3309.98 time, 3310.01 real, 1010 MB
[runlim] sample:		3319.98 time, 3320.01 real, 1010 MB
[runlim] sample:		3329.98 time, 3330.01 real, 1010 MB
[runlim] sample:		3339.98 time, 3340.01 real, 1010 MB
[runlim] sample:		3349.98 time, 3350.01 real, 1010 MB
[runlim] sample:		3359.98 time, 3360.02 real, 1010 MB
[runlim] sample:		3369.98 time, 3370.01 real, 1010 MB
[runlim] sample:		3379.98 time, 3380.01 real, 1010 MB
[runlim] sample:		3389.99 time, 3390.01 real, 1010 MB
[runlim] sample:		3399.98 time, 3400.02 real, 1010 MB
[runlim] sample:		3409.98 time, 3410.01 real, 1012 MB
[runlim] sample:		3419.99 time, 3420.02 real, 1012 MB
[runlim] sample:		3429.99 time, 3430.01 real, 1012 MB
[runlim] sample:		3439.98 time, 3440.02 real, 640 MB
[runlim] sample:		3449.98 time, 3450.02 real, 640 MB
[runlim] sample:		3459.99 time, 3460.02 real, 640 MB
[runlim] sample:		3469.99 time, 3470.02 real, 640 MB
[runlim] sample:		3479.98 time, 3480.02 real, 776 MB
[runlim] sample:		3489.98 time, 3490.02 real, 651 MB
[runlim] sample:		3499.98 time, 3500.02 real, 651 MB
[runlim] sample:		3509.98 time, 3510.02 real, 651 MB
[runlim] sample:		3519.98 time, 3520.02 real, 651 MB
[runlim] sample:		3529.98 time, 3530.02 real, 651 MB
[runlim] sample:		3539.98 time, 3540.02 real, 651 MB
[runlim] sample:		3549.98 time, 3550.02 real, 651 MB
[runlim] sample:		3559.98 time, 3560.02 real, 651 MB
[runlim] sample:		3569.98 time, 3570.02 real, 651 MB
[runlim] sample:		3579.98 time, 3580.02 real, 651 MB
[runlim] sample:		3589.98 time, 3590.02 real, 651 MB
[runlim] sample:		3599.98 time, 3600.02 real, 651 MB
[runlim] end:			Thu Oct 17 21:41:17 2019
[runlim] status:		out of time
[runlim] result:		2
[runlim] children:		3
[runlim] real:			3600.10 seconds
[runlim] time:			3599.98 seconds
[runlim] space:			1191 MB
[runlim] samples:		36000
