[runlim] version:		1.17
[runlim] host:			c3n17
[runlim] time limit:		311040000 seconds
[runlim] real time limit:	3600 seconds
[runlim] space limit:		120000 MB
[runlim] argv[0]:		./run-conps-btormc-no-thp.sh
[runlim] argv[1]:		/tmp/Yncia2Kn.btor
[runlim] start:			Thu Oct 17 22:38:48 2019
[runlim] child:			16573
[runlim] sample:		9.98 time, 10.01 real, 184 MB
[runlim] sample:		19.98 time, 20.02 real, 270 MB
[runlim] sample:		29.98 time, 30.01 real, 307 MB
[runlim] sample:		39.98 time, 40.02 real, 375 MB
[runlim] sample:		49.98 time, 50.02 real, 456 MB
[runlim] sample:		59.98 time, 60.02 real, 456 MB
[runlim] sample:		69.98 time, 70.02 real, 423 MB
[runlim] sample:		79.98 time, 80.02 real, 421 MB
[runlim] sample:		89.98 time, 90.02 real, 465 MB
[runlim] sample:		99.98 time, 100.02 real, 475 MB
[runlim] sample:		109.99 time, 110.02 real, 482 MB
[runlim] sample:		119.98 time, 120.02 real, 487 MB
[runlim] sample:		129.99 time, 130.02 real, 475 MB
[runlim] sample:		139.98 time, 140.02 real, 562 MB
[runlim] sample:		149.98 time, 150.02 real, 572 MB
[runlim] sample:		159.98 time, 160.02 real, 540 MB
[runlim] sample:		169.98 time, 170.02 real, 635 MB
[runlim] sample:		179.98 time, 180.02 real, 669 MB
[runlim] sample:		189.98 time, 190.02 real, 669 MB
[runlim] sample:		199.98 time, 200.02 real, 621 MB
[runlim] sample:		209.98 time, 210.02 real, 621 MB
[runlim] sample:		219.98 time, 220.02 real, 705 MB
[runlim] sample:		229.97 time, 230.02 real, 746 MB
[runlim] sample:		239.98 time, 240.02 real, 746 MB
[runlim] sample:		249.98 time, 250.02 real, 777 MB
[runlim] sample:		259.97 time, 260.02 real, 703 MB
[runlim] sample:		269.98 time, 270.02 real, 751 MB
[runlim] sample:		279.97 time, 280.02 real, 787 MB
[runlim] sample:		289.98 time, 290.02 real, 729 MB
[runlim] sample:		299.98 time, 300.01 real, 729 MB
[runlim] sample:		309.98 time, 310.01 real, 742 MB
[runlim] sample:		319.98 time, 320.02 real, 742 MB
[runlim] sample:		329.98 time, 330.02 real, 742 MB
[runlim] sample:		339.98 time, 340.02 real, 742 MB
[runlim] sample:		349.98 time, 350.02 real, 799 MB
[runlim] sample:		359.98 time, 360.02 real, 749 MB
[runlim] sample:		369.98 time, 370.02 real, 749 MB
[runlim] sample:		379.98 time, 380.02 real, 796 MB
[runlim] sample:		389.97 time, 390.02 real, 796 MB
[runlim] sample:		399.98 time, 400.02 real, 796 MB
[runlim] sample:		409.98 time, 410.02 real, 749 MB
[runlim] sample:		419.98 time, 420.02 real, 770 MB
[runlim] sample:		429.98 time, 430.02 real, 770 MB
[runlim] sample:		439.97 time, 440.02 real, 845 MB
[runlim] sample:		449.98 time, 450.02 real, 845 MB
[runlim] sample:		459.97 time, 460.02 real, 799 MB
[runlim] sample:		469.98 time, 470.02 real, 799 MB
[runlim] sample:		479.98 time, 480.02 real, 859 MB
[runlim] sample:		489.98 time, 490.02 real, 905 MB
[runlim] sample:		499.98 time, 500.02 real, 905 MB
[runlim] sample:		509.98 time, 510.02 real, 936 MB
[runlim] sample:		519.98 time, 520.02 real, 814 MB
[runlim] sample:		529.98 time, 530.01 real, 839 MB
[runlim] sample:		539.98 time, 540.02 real, 910 MB
[runlim] sample:		549.98 time, 550.02 real, 926 MB
[runlim] sample:		559.98 time, 560.02 real, 959 MB
[runlim] sample:		569.97 time, 570.02 real, 825 MB
[runlim] sample:		579.97 time, 580.02 real, 914 MB
[runlim] sample:		589.98 time, 590.02 real, 850 MB
[runlim] sample:		599.98 time, 600.02 real, 850 MB
[runlim] sample:		609.97 time, 610.02 real, 886 MB
[runlim] sample:		619.97 time, 620.02 real, 854 MB
[runlim] sample:		629.97 time, 630.02 real, 854 MB
[runlim] sample:		639.97 time, 640.02 real, 854 MB
[runlim] sample:		649.98 time, 650.02 real, 854 MB
[runlim] sample:		659.97 time, 660.01 real, 953 MB
[runlim] sample:		669.98 time, 670.02 real, 953 MB
[runlim] sample:		679.98 time, 680.02 real, 858 MB
[runlim] sample:		689.97 time, 690.02 real, 863 MB
[runlim] sample:		699.98 time, 700.02 real, 964 MB
[runlim] sample:		709.97 time, 710.02 real, 966 MB
[runlim] sample:		719.97 time, 720.02 real, 966 MB
[runlim] sample:		729.98 time, 730.02 real, 967 MB
[runlim] sample:		739.97 time, 740.02 real, 967 MB
[runlim] sample:		749.98 time, 750.02 real, 967 MB
[runlim] sample:		759.97 time, 760.02 real, 935 MB
[runlim] sample:		769.97 time, 770.02 real, 935 MB
[runlim] sample:		779.98 time, 780.02 real, 935 MB
[runlim] sample:		789.98 time, 790.02 real, 936 MB
[runlim] sample:		799.98 time, 800.01 real, 936 MB
[runlim] sample:		809.97 time, 810.02 real, 936 MB
[runlim] sample:		819.97 time, 820.02 real, 936 MB
[runlim] sample:		829.97 time, 830.02 real, 1333 MB
[runlim] sample:		839.98 time, 840.01 real, 1366 MB
[runlim] sample:		849.98 time, 850.02 real, 1417 MB
[runlim] sample:		859.98 time, 860.02 real, 945 MB
[runlim] sample:		869.97 time, 870.02 real, 941 MB
[runlim] sample:		879.98 time, 880.02 real, 941 MB
[runlim] sample:		889.98 time, 890.02 real, 941 MB
[runlim] sample:		899.98 time, 900.02 real, 1012 MB
[runlim] sample:		909.97 time, 910.02 real, 1012 MB
[runlim] sample:		919.98 time, 920.02 real, 993 MB
[runlim] sample:		929.98 time, 930.02 real, 1049 MB
[runlim] sample:		939.97 time, 940.02 real, 1029 MB
[runlim] sample:		949.98 time, 950.02 real, 1029 MB
[runlim] sample:		959.97 time, 960.02 real, 1029 MB
[runlim] sample:		969.98 time, 970.02 real, 1029 MB
[runlim] sample:		979.98 time, 980.02 real, 1029 MB
[runlim] sample:		989.97 time, 990.02 real, 1030 MB
[runlim] sample:		999.97 time, 1000.02 real, 1030 MB
[runlim] sample:		1009.98 time, 1010.02 real, 1030 MB
[runlim] sample:		1019.98 time, 1020.02 real, 984 MB
[runlim] sample:		1029.97 time, 1030.02 real, 986 MB
[runlim] sample:		1039.97 time, 1040.02 real, 986 MB
[runlim] sample:		1049.97 time, 1050.02 real, 986 MB
[runlim] sample:		1059.97 time, 1060.02 real, 986 MB
[runlim] sample:		1069.97 time, 1070.02 real, 1050 MB
[runlim] sample:		1079.98 time, 1080.01 real, 992 MB
[runlim] sample:		1089.97 time, 1090.02 real, 992 MB
[runlim] sample:		1099.97 time, 1100.02 real, 992 MB
[runlim] sample:		1109.97 time, 1110.02 real, 1100 MB
[runlim] sample:		1119.97 time, 1120.02 real, 1100 MB
[runlim] sample:		1129.98 time, 1130.02 real, 1101 MB
[runlim] sample:		1139.98 time, 1140.02 real, 1102 MB
[runlim] sample:		1149.98 time, 1150.02 real, 1103 MB
[runlim] sample:		1159.97 time, 1160.02 real, 1106 MB
[runlim] sample:		1169.98 time, 1170.02 real, 1106 MB
[runlim] sample:		1179.97 time, 1180.02 real, 1106 MB
[runlim] sample:		1189.97 time, 1190.02 real, 1026 MB
[runlim] sample:		1199.97 time, 1200.01 real, 1050 MB
[runlim] sample:		1209.97 time, 1210.02 real, 1050 MB
[runlim] sample:		1219.97 time, 1220.02 real, 1163 MB
[runlim] sample:		1229.97 time, 1230.02 real, 1163 MB
[runlim] sample:		1239.97 time, 1240.02 real, 1163 MB
[runlim] sample:		1249.98 time, 1250.02 real, 1129 MB
[runlim] sample:		1259.97 time, 1260.02 real, 1129 MB
[runlim] sample:		1269.97 time, 1270.02 real, 1129 MB
[runlim] sample:		1279.97 time, 1280.02 real, 1060 MB
[runlim] sample:		1289.98 time, 1290.02 real, 1047 MB
[runlim] sample:		1299.98 time, 1300.02 real, 1047 MB
[runlim] sample:		1309.98 time, 1310.02 real, 1067 MB
[runlim] sample:		1319.97 time, 1320.01 real, 1067 MB
[runlim] sample:		1329.98 time, 1330.02 real, 1131 MB
[runlim] sample:		1339.97 time, 1340.02 real, 1131 MB
[runlim] sample:		1349.97 time, 1350.02 real, 1131 MB
[runlim] sample:		1359.97 time, 1360.02 real, 1131 MB
[runlim] sample:		1369.98 time, 1370.01 real, 1067 MB
[runlim] sample:		1379.98 time, 1380.02 real, 1163 MB
[runlim] sample:		1389.98 time, 1390.02 real, 1067 MB
[runlim] sample:		1399.98 time, 1400.02 real, 1067 MB
[runlim] sample:		1409.97 time, 1410.02 real, 1184 MB
[runlim] sample:		1419.97 time, 1420.02 real, 1185 MB
[runlim] sample:		1429.97 time, 1430.02 real, 1185 MB
[runlim] sample:		1439.97 time, 1440.02 real, 1185 MB
[runlim] sample:		1449.98 time, 1450.02 real, 1185 MB
[runlim] sample:		1459.97 time, 1460.02 real, 1109 MB
[runlim] sample:		1469.97 time, 1470.02 real, 1123 MB
[runlim] sample:		1479.97 time, 1480.02 real, 1123 MB
[runlim] sample:		1489.97 time, 1490.02 real, 1123 MB
[runlim] sample:		1499.97 time, 1500.02 real, 1202 MB
[runlim] sample:		1509.97 time, 1510.02 real, 1202 MB
[runlim] sample:		1519.98 time, 1520.02 real, 1242 MB
[runlim] sample:		1529.97 time, 1530.02 real, 1242 MB
[runlim] sample:		1539.97 time, 1540.02 real, 1242 MB
[runlim] sample:		1549.97 time, 1550.02 real, 1204 MB
[runlim] sample:		1559.97 time, 1560.02 real, 1205 MB
[runlim] sample:		1569.97 time, 1570.02 real, 1205 MB
[runlim] sample:		1579.97 time, 1580.02 real, 1205 MB
[runlim] sample:		1589.97 time, 1590.02 real, 1206 MB
[runlim] sample:		1599.97 time, 1600.02 real, 1206 MB
[runlim] sample:		1609.97 time, 1610.02 real, 1207 MB
[runlim] sample:		1619.97 time, 1620.02 real, 1207 MB
[runlim] sample:		1629.97 time, 1630.02 real, 1207 MB
[runlim] sample:		1639.97 time, 1640.02 real, 1172 MB
[runlim] sample:		1649.98 time, 1650.02 real, 1194 MB
[runlim] sample:		1659.98 time, 1660.02 real, 1194 MB
[runlim] sample:		1669.98 time, 1670.02 real, 1276 MB
[runlim] sample:		1679.98 time, 1680.02 real, 1276 MB
[runlim] sample:		1689.98 time, 1690.02 real, 1276 MB
[runlim] sample:		1699.97 time, 1700.02 real, 1319 MB
[runlim] sample:		1709.97 time, 1710.02 real, 1320 MB
[runlim] sample:		1719.97 time, 1720.02 real, 1320 MB
[runlim] sample:		1729.97 time, 1730.02 real, 1320 MB
[runlim] sample:		1739.97 time, 1740.02 real, 1320 MB
[runlim] sample:		1749.97 time, 1750.02 real, 1321 MB
[runlim] sample:		1759.97 time, 1760.02 real, 1321 MB
[runlim] sample:		1769.97 time, 1770.01 real, 1312 MB
[runlim] sample:		1779.97 time, 1780.02 real, 1312 MB
[runlim] sample:		1789.97 time, 1790.02 real, 1313 MB
[runlim] sample:		1799.97 time, 1800.02 real, 1313 MB
[runlim] sample:		1809.97 time, 1810.02 real, 1313 MB
[runlim] sample:		1819.97 time, 1820.02 real, 1313 MB
[runlim] sample:		1829.97 time, 1830.02 real, 1313 MB
[runlim] sample:		1839.98 time, 1840.02 real, 1313 MB
[runlim] sample:		1849.98 time, 1850.02 real, 1313 MB
[runlim] sample:		1859.97 time, 1860.02 real, 1313 MB
[runlim] sample:		1869.97 time, 1870.02 real, 1313 MB
[runlim] sample:		1879.97 time, 1880.02 real, 1748 MB
[runlim] sample:		1889.97 time, 1890.01 real, 1748 MB
[runlim] sample:		1899.97 time, 1900.01 real, 1812 MB
[runlim] sample:		1909.98 time, 1910.02 real, 1812 MB
[runlim] sample:		1919.97 time, 1920.02 real, 1832 MB
[runlim] sample:		1929.97 time, 1930.01 real, 1832 MB
[runlim] sample:		1939.97 time, 1940.01 real, 1918 MB
[runlim] sample:		1949.97 time, 1950.01 real, 1918 MB
[runlim] sample:		1959.97 time, 1960.01 real, 1918 MB
[runlim] sample:		1969.97 time, 1970.01 real, 1918 MB
[runlim] sample:		1979.97 time, 1980.01 real, 1918 MB
[runlim] sample:		1989.97 time, 1990.01 real, 1918 MB
[runlim] sample:		1999.97 time, 2000.01 real, 1918 MB
[runlim] sample:		2009.97 time, 2010.01 real, 1918 MB
[runlim] sample:		2019.97 time, 2020.02 real, 1918 MB
[runlim] sample:		2029.97 time, 2030.02 real, 1984 MB
[runlim] sample:		2039.98 time, 2040.01 real, 1984 MB
[runlim] sample:		2049.97 time, 2050.01 real, 1984 MB
[runlim] sample:		2059.97 time, 2060.01 real, 1984 MB
[runlim] sample:		2069.98 time, 2070.02 real, 1984 MB
[runlim] sample:		2079.97 time, 2080.02 real, 1992 MB
[runlim] sample:		2089.98 time, 2090.01 real, 1992 MB
[runlim] sample:		2099.98 time, 2100.02 real, 1992 MB
[runlim] sample:		2109.97 time, 2110.02 real, 1992 MB
[runlim] sample:		2119.98 time, 2120.02 real, 1992 MB
[runlim] sample:		2129.97 time, 2130.02 real, 1992 MB
[runlim] sample:		2139.97 time, 2140.02 real, 1992 MB
[runlim] sample:		2149.97 time, 2150.02 real, 1992 MB
[runlim] sample:		2159.97 time, 2160.02 real, 1992 MB
[runlim] sample:		2169.97 time, 2170.02 real, 2025 MB
[runlim] sample:		2179.97 time, 2180.02 real, 1993 MB
[runlim] sample:		2189.97 time, 2190.01 real, 1993 MB
[runlim] sample:		2199.97 time, 2200.01 real, 1993 MB
[runlim] sample:		2209.98 time, 2210.01 real, 1993 MB
[runlim] sample:		2219.97 time, 2220.02 real, 1995 MB
[runlim] sample:		2229.97 time, 2230.02 real, 1995 MB
[runlim] sample:		2239.98 time, 2240.01 real, 1197 MB
[runlim] sample:		2249.97 time, 2250.01 real, 1198 MB
[runlim] sample:		2259.97 time, 2260.01 real, 1198 MB
[runlim] sample:		2269.97 time, 2270.01 real, 1198 MB
[runlim] sample:		2279.97 time, 2280.01 real, 1198 MB
[runlim] sample:		2289.97 time, 2290.01 real, 1198 MB
[runlim] sample:		2299.97 time, 2300.01 real, 1198 MB
[runlim] sample:		2309.97 time, 2310.01 real, 1199 MB
[runlim] sample:		2319.97 time, 2320.01 real, 1339 MB
[runlim] sample:		2329.97 time, 2330.01 real, 1339 MB
[runlim] sample:		2339.97 time, 2340.01 real, 1339 MB
[runlim] sample:		2349.97 time, 2350.01 real, 1339 MB
[runlim] sample:		2359.97 time, 2360.01 real, 1339 MB
[runlim] sample:		2369.97 time, 2370.01 real, 1339 MB
[runlim] sample:		2379.98 time, 2380.01 real, 1299 MB
[runlim] sample:		2389.97 time, 2390.01 real, 1223 MB
[runlim] sample:		2399.97 time, 2400.01 real, 1223 MB
[runlim] sample:		2409.97 time, 2410.01 real, 1223 MB
[runlim] sample:		2419.97 time, 2420.01 real, 1223 MB
[runlim] sample:		2429.97 time, 2430.01 real, 1223 MB
[runlim] sample:		2439.98 time, 2440.01 real, 1223 MB
[runlim] sample:		2449.97 time, 2450.01 real, 1223 MB
[runlim] sample:		2459.97 time, 2460.01 real, 1343 MB
[runlim] sample:		2469.97 time, 2470.01 real, 1343 MB
[runlim] sample:		2479.97 time, 2480.01 real, 1343 MB
[runlim] sample:		2489.97 time, 2490.01 real, 1343 MB
[runlim] sample:		2499.97 time, 2500.01 real, 1344 MB
[runlim] sample:		2509.97 time, 2510.01 real, 1344 MB
[runlim] sample:		2519.98 time, 2520.01 real, 1344 MB
[runlim] sample:		2529.97 time, 2530.01 real, 1344 MB
[runlim] sample:		2539.97 time, 2540.01 real, 1345 MB
[runlim] sample:		2549.97 time, 2550.01 real, 1310 MB
[runlim] sample:		2559.97 time, 2560.01 real, 1233 MB
[runlim] sample:		2569.97 time, 2570.01 real, 1233 MB
[runlim] sample:		2579.97 time, 2580.01 real, 1353 MB
[runlim] sample:		2589.98 time, 2590.01 real, 1356 MB
[runlim] sample:		2599.97 time, 2600.01 real, 1356 MB
[runlim] sample:		2609.97 time, 2610.01 real, 1356 MB
[runlim] sample:		2619.97 time, 2620.01 real, 1356 MB
[runlim] sample:		2629.98 time, 2630.01 real, 1357 MB
[runlim] sample:		2639.98 time, 2640.01 real, 1371 MB
[runlim] sample:		2649.97 time, 2650.01 real, 1372 MB
[runlim] sample:		2659.97 time, 2660.01 real, 1372 MB
[runlim] sample:		2669.97 time, 2670.01 real, 1372 MB
[runlim] sample:		2679.98 time, 2680.01 real, 1372 MB
[runlim] sample:		2689.97 time, 2690.01 real, 1372 MB
[runlim] sample:		2699.98 time, 2700.01 real, 1294 MB
[runlim] sample:		2709.97 time, 2710.01 real, 1345 MB
[runlim] sample:		2719.97 time, 2720.01 real, 1433 MB
[runlim] sample:		2729.97 time, 2730.01 real, 1433 MB
[runlim] sample:		2739.97 time, 2740.01 real, 1433 MB
[runlim] sample:		2749.97 time, 2750.01 real, 1433 MB
[runlim] sample:		2759.97 time, 2760.01 real, 1307 MB
[runlim] sample:		2769.97 time, 2770.01 real, 1232 MB
[runlim] sample:		2779.97 time, 2780.01 real, 1232 MB
[runlim] sample:		2789.97 time, 2790.01 real, 1232 MB
[runlim] sample:		2799.97 time, 2800.01 real, 1232 MB
[runlim] sample:		2809.97 time, 2810.01 real, 1388 MB
[runlim] sample:		2819.97 time, 2820.01 real, 1388 MB
[runlim] sample:		2829.97 time, 2830.01 real, 1389 MB
[runlim] sample:		2839.97 time, 2840.01 real, 1389 MB
[runlim] sample:		2849.97 time, 2850.01 real, 1389 MB
[runlim] sample:		2859.97 time, 2860.01 real, 1389 MB
[runlim] sample:		2869.97 time, 2870.01 real, 1495 MB
[runlim] sample:		2879.97 time, 2880.01 real, 1237 MB
[runlim] sample:		2889.97 time, 2890.01 real, 1237 MB
[runlim] sample:		2899.97 time, 2900.01 real, 1260 MB
[runlim] sample:		2909.97 time, 2910.01 real, 1260 MB
[runlim] sample:		2919.97 time, 2920.01 real, 1260 MB
[runlim] sample:		2929.97 time, 2930.01 real, 1260 MB
[runlim] sample:		2939.97 time, 2940.01 real, 1436 MB
[runlim] sample:		2949.97 time, 2950.01 real, 1436 MB
[runlim] sample:		2959.97 time, 2960.01 real, 1436 MB
[runlim] sample:		2969.97 time, 2970.01 real, 1436 MB
[runlim] sample:		2979.97 time, 2980.01 real, 1305 MB
[runlim] sample:		2989.97 time, 2990.01 real, 1275 MB
[runlim] sample:		2999.97 time, 3000.01 real, 1299 MB
[runlim] sample:		3009.97 time, 3010.01 real, 1712 MB
[runlim] sample:		3019.97 time, 3020.01 real, 1712 MB
[runlim] sample:		3029.97 time, 3030.01 real, 1712 MB
[runlim] sample:		3039.96 time, 3040.01 real, 1346 MB
[runlim] sample:		3049.96 time, 3050.01 real, 1346 MB
[runlim] sample:		3059.97 time, 3060.01 real, 1346 MB
[runlim] sample:		3069.96 time, 3070.01 real, 1361 MB
[runlim] sample:		3079.97 time, 3080.01 real, 1383 MB
[runlim] sample:		3089.97 time, 3090.01 real, 1266 MB
[runlim] sample:		3099.97 time, 3100.01 real, 1492 MB
[runlim] sample:		3109.97 time, 3110.01 real, 1449 MB
[runlim] sample:		3119.97 time, 3120.01 real, 1449 MB
[runlim] sample:		3129.97 time, 3130.01 real, 1449 MB
[runlim] sample:		3139.97 time, 3140.01 real, 1423 MB
[runlim] sample:		3149.97 time, 3150.01 real, 1301 MB
[runlim] sample:		3159.97 time, 3160.01 real, 1301 MB
[runlim] sample:		3169.96 time, 3170.01 real, 1301 MB
[runlim] sample:		3179.97 time, 3180.01 real, 1483 MB
[runlim] sample:		3189.97 time, 3190.01 real, 1483 MB
[runlim] sample:		3199.97 time, 3200.01 real, 1483 MB
[runlim] sample:		3209.97 time, 3210.01 real, 1483 MB
[runlim] sample:		3219.97 time, 3220.01 real, 1483 MB
[runlim] sample:		3229.97 time, 3230.01 real, 1483 MB
[runlim] sample:		3239.96 time, 3240.01 real, 1483 MB
[runlim] sample:		3249.97 time, 3250.01 real, 1483 MB
[runlim] sample:		3259.97 time, 3260.01 real, 1483 MB
[runlim] sample:		3269.97 time, 3270.01 real, 2021 MB
[runlim] sample:		3279.97 time, 3280.01 real, 1910 MB
[runlim] sample:		3289.97 time, 3290.01 real, 1910 MB
[runlim] sample:		3299.96 time, 3300.01 real, 1988 MB
[runlim] sample:		3309.96 time, 3310.01 real, 2069 MB
[runlim] sample:		3319.96 time, 3320.01 real, 2005 MB
[runlim] sample:		3329.97 time, 3330.01 real, 2005 MB
[runlim] sample:		3339.97 time, 3340.01 real, 2100 MB
[runlim] sample:		3349.97 time, 3350.01 real, 2131 MB
[runlim] sample:		3359.97 time, 3360.01 real, 2131 MB
[runlim] sample:		3369.97 time, 3370.01 real, 2131 MB
[runlim] sample:		3379.97 time, 3380.01 real, 2131 MB
[runlim] sample:		3389.97 time, 3390.01 real, 2131 MB
[runlim] sample:		3399.97 time, 3400.01 real, 2131 MB
[runlim] sample:		3409.96 time, 3410.01 real, 2131 MB
[runlim] sample:		3419.97 time, 3420.01 real, 2131 MB
[runlim] sample:		3429.97 time, 3430.01 real, 2131 MB
[runlim] sample:		3439.97 time, 3440.01 real, 2182 MB
[runlim] sample:		3449.97 time, 3450.01 real, 2182 MB
[runlim] sample:		3459.97 time, 3460.01 real, 2230 MB
[runlim] sample:		3469.97 time, 3470.01 real, 2230 MB
[runlim] sample:		3479.97 time, 3480.01 real, 2230 MB
[runlim] sample:		3489.97 time, 3490.01 real, 2230 MB
[runlim] sample:		3499.97 time, 3500.01 real, 2230 MB
[runlim] sample:		3509.97 time, 3510.01 real, 2230 MB
[runlim] sample:		3519.97 time, 3520.01 real, 2230 MB
[runlim] sample:		3529.97 time, 3530.01 real, 2240 MB
[runlim] sample:		3539.97 time, 3540.01 real, 2240 MB
[runlim] sample:		3549.97 time, 3550.01 real, 2240 MB
[runlim] sample:		3559.97 time, 3560.01 real, 2240 MB
[runlim] sample:		3569.97 time, 3570.01 real, 2240 MB
[runlim] sample:		3579.96 time, 3580.01 real, 2241 MB
[runlim] sample:		3589.97 time, 3590.01 real, 2241 MB
[runlim] sample:		3599.97 time, 3600.01 real, 2241 MB
[runlim] end:			Thu Oct 17 23:38:48 2019
[runlim] status:		out of time
[runlim] result:		2
[runlim] children:		3
[runlim] real:			3600.10 seconds
[runlim] time:			3599.97 seconds
[runlim] space:			2392 MB
[runlim] samples:		36000
