[runlim] version:		1.17
[runlim] host:			c3n01
[runlim] time limit:		311040000 seconds
[runlim] real time limit:	3600 seconds
[runlim] space limit:		120000 MB
[runlim] argv[0]:		./run-conps-btormc-no-thp.sh
[runlim] argv[1]:		/tmp/EO60QW0t.btor
[runlim] start:			Thu Oct 17 18:31:17 2019
[runlim] child:			11795
[runlim] sample:		9.99 time, 10.02 real, 70 MB
[runlim] sample:		19.99 time, 20.01 real, 88 MB
[runlim] sample:		29.98 time, 30.01 real, 102 MB
[runlim] sample:		39.98 time, 40.02 real, 102 MB
[runlim] sample:		49.98 time, 50.01 real, 102 MB
[runlim] sample:		59.98 time, 60.01 real, 102 MB
[runlim] sample:		69.98 time, 70.02 real, 111 MB
[runlim] sample:		79.98 time, 80.01 real, 111 MB
[runlim] sample:		89.98 time, 90.01 real, 141 MB
[runlim] sample:		99.98 time, 100.01 real, 141 MB
[runlim] sample:		109.98 time, 110.01 real, 141 MB
[runlim] sample:		119.98 time, 120.01 real, 141 MB
[runlim] sample:		129.98 time, 130.01 real, 141 MB
[runlim] sample:		139.99 time, 140.01 real, 148 MB
[runlim] sample:		149.99 time, 150.01 real, 154 MB
[runlim] sample:		159.99 time, 160.02 real, 126 MB
[runlim] sample:		169.99 time, 170.01 real, 126 MB
[runlim] sample:		179.99 time, 180.01 real, 126 MB
[runlim] sample:		189.98 time, 190.02 real, 134 MB
[runlim] sample:		199.99 time, 200.01 real, 134 MB
[runlim] sample:		209.99 time, 210.01 real, 134 MB
[runlim] sample:		219.99 time, 220.02 real, 134 MB
[runlim] sample:		229.99 time, 230.01 real, 134 MB
[runlim] sample:		239.99 time, 240.01 real, 134 MB
[runlim] sample:		249.98 time, 250.01 real, 168 MB
[runlim] sample:		259.98 time, 260.01 real, 168 MB
[runlim] sample:		269.98 time, 270.01 real, 186 MB
[runlim] sample:		279.98 time, 280.01 real, 205 MB
[runlim] sample:		289.98 time, 290.01 real, 205 MB
[runlim] sample:		299.98 time, 300.01 real, 205 MB
[runlim] sample:		309.98 time, 310.01 real, 205 MB
[runlim] sample:		319.98 time, 320.01 real, 205 MB
[runlim] sample:		329.98 time, 330.01 real, 205 MB
[runlim] sample:		339.98 time, 340.01 real, 205 MB
[runlim] sample:		349.99 time, 350.02 real, 132 MB
[runlim] sample:		359.99 time, 360.01 real, 132 MB
[runlim] sample:		369.99 time, 370.01 real, 132 MB
[runlim] sample:		379.99 time, 380.01 real, 132 MB
[runlim] sample:		389.99 time, 390.01 real, 132 MB
[runlim] sample:		399.99 time, 400.01 real, 132 MB
[runlim] sample:		409.99 time, 410.02 real, 132 MB
[runlim] sample:		419.99 time, 420.01 real, 132 MB
[runlim] sample:		429.99 time, 430.02 real, 132 MB
[runlim] sample:		439.99 time, 440.01 real, 133 MB
[runlim] sample:		449.99 time, 450.01 real, 136 MB
[runlim] sample:		459.99 time, 460.02 real, 136 MB
[runlim] sample:		469.99 time, 470.01 real, 136 MB
[runlim] sample:		479.99 time, 480.02 real, 136 MB
[runlim] sample:		489.99 time, 490.02 real, 136 MB
[runlim] sample:		499.99 time, 500.01 real, 179 MB
[runlim] sample:		509.99 time, 510.02 real, 179 MB
[runlim] sample:		519.99 time, 520.01 real, 179 MB
[runlim] sample:		529.99 time, 530.01 real, 179 MB
[runlim] sample:		539.99 time, 540.02 real, 179 MB
[runlim] sample:		549.99 time, 550.01 real, 200 MB
[runlim] sample:		559.99 time, 560.01 real, 219 MB
[runlim] sample:		569.99 time, 570.01 real, 219 MB
[runlim] sample:		579.99 time, 580.01 real, 219 MB
[runlim] sample:		589.99 time, 590.01 real, 219 MB
[runlim] sample:		599.99 time, 600.01 real, 219 MB
[runlim] sample:		609.99 time, 610.01 real, 219 MB
[runlim] sample:		619.99 time, 620.01 real, 219 MB
[runlim] sample:		629.99 time, 630.01 real, 219 MB
[runlim] sample:		639.99 time, 640.01 real, 219 MB
[runlim] sample:		649.99 time, 650.01 real, 219 MB
[runlim] sample:		659.99 time, 660.02 real, 139 MB
[runlim] sample:		669.99 time, 670.01 real, 139 MB
[runlim] sample:		679.99 time, 680.01 real, 139 MB
[runlim] sample:		689.99 time, 690.01 real, 139 MB
[runlim] sample:		699.99 time, 700.01 real, 149 MB
[runlim] sample:		709.99 time, 710.02 real, 152 MB
[runlim] sample:		719.99 time, 720.01 real, 152 MB
[runlim] sample:		729.99 time, 730.02 real, 152 MB
[runlim] sample:		739.99 time, 740.02 real, 152 MB
[runlim] sample:		749.99 time, 750.02 real, 152 MB
[runlim] sample:		759.99 time, 760.02 real, 152 MB
[runlim] sample:		769.99 time, 770.01 real, 152 MB
[runlim] sample:		779.99 time, 780.02 real, 152 MB
[runlim] sample:		789.99 time, 790.02 real, 152 MB
[runlim] sample:		799.99 time, 800.02 real, 152 MB
[runlim] sample:		809.99 time, 810.02 real, 152 MB
[runlim] sample:		819.99 time, 820.02 real, 152 MB
[runlim] sample:		829.99 time, 830.01 real, 156 MB
[runlim] sample:		839.99 time, 840.01 real, 156 MB
[runlim] sample:		849.99 time, 850.02 real, 156 MB
[runlim] sample:		859.99 time, 860.01 real, 198 MB
[runlim] sample:		869.99 time, 870.02 real, 198 MB
[runlim] sample:		879.99 time, 880.01 real, 198 MB
[runlim] sample:		889.99 time, 890.01 real, 198 MB
[runlim] sample:		899.99 time, 900.01 real, 198 MB
[runlim] sample:		909.99 time, 910.01 real, 198 MB
[runlim] sample:		919.99 time, 920.01 real, 198 MB
[runlim] sample:		929.99 time, 930.01 real, 198 MB
[runlim] sample:		939.99 time, 940.01 real, 157 MB
[runlim] sample:		949.99 time, 950.02 real, 157 MB
[runlim] sample:		959.99 time, 960.02 real, 157 MB
[runlim] sample:		969.99 time, 970.01 real, 157 MB
[runlim] sample:		979.99 time, 980.02 real, 157 MB
[runlim] sample:		989.99 time, 990.01 real, 157 MB
[runlim] sample:		999.99 time, 1000.01 real, 157 MB
[runlim] sample:		1009.99 time, 1010.02 real, 157 MB
[runlim] sample:		1019.99 time, 1020.01 real, 157 MB
[runlim] sample:		1029.99 time, 1030.01 real, 157 MB
[runlim] sample:		1039.99 time, 1040.01 real, 157 MB
[runlim] sample:		1049.99 time, 1050.01 real, 157 MB
[runlim] sample:		1059.99 time, 1060.02 real, 159 MB
[runlim] sample:		1069.99 time, 1070.02 real, 159 MB
[runlim] sample:		1079.99 time, 1080.01 real, 159 MB
[runlim] sample:		1089.99 time, 1090.01 real, 159 MB
[runlim] sample:		1100.00 time, 1100.01 real, 202 MB
[runlim] sample:		1110.00 time, 1110.01 real, 202 MB
[runlim] sample:		1120.00 time, 1120.01 real, 202 MB
[runlim] sample:		1130.00 time, 1130.01 real, 202 MB
[runlim] sample:		1140.00 time, 1140.02 real, 202 MB
[runlim] sample:		1150.00 time, 1150.02 real, 202 MB
[runlim] sample:		1160.00 time, 1160.01 real, 202 MB
[runlim] sample:		1170.00 time, 1170.01 real, 202 MB
[runlim] sample:		1180.00 time, 1180.01 real, 202 MB
[runlim] sample:		1190.00 time, 1190.02 real, 202 MB
[runlim] sample:		1200.00 time, 1200.02 real, 202 MB
[runlim] sample:		1210.00 time, 1210.01 real, 202 MB
[runlim] sample:		1219.99 time, 1220.02 real, 226 MB
[runlim] sample:		1229.99 time, 1230.01 real, 226 MB
[runlim] sample:		1239.99 time, 1240.01 real, 248 MB
[runlim] sample:		1249.99 time, 1250.02 real, 248 MB
[runlim] sample:		1259.99 time, 1260.01 real, 146 MB
[runlim] sample:		1269.99 time, 1270.01 real, 146 MB
[runlim] sample:		1279.99 time, 1280.01 real, 146 MB
[runlim] sample:		1289.99 time, 1290.01 real, 146 MB
[runlim] sample:		1299.99 time, 1300.01 real, 146 MB
[runlim] sample:		1309.99 time, 1310.01 real, 146 MB
[runlim] sample:		1319.99 time, 1320.01 real, 146 MB
[runlim] sample:		1329.99 time, 1330.02 real, 146 MB
[runlim] sample:		1339.99 time, 1340.01 real, 146 MB
[runlim] sample:		1349.99 time, 1350.02 real, 146 MB
[runlim] sample:		1359.99 time, 1360.01 real, 146 MB
[runlim] sample:		1369.99 time, 1370.01 real, 146 MB
[runlim] sample:		1379.99 time, 1380.02 real, 146 MB
[runlim] sample:		1390.00 time, 1390.02 real, 165 MB
[runlim] sample:		1400.00 time, 1400.01 real, 165 MB
[runlim] sample:		1410.00 time, 1410.01 real, 165 MB
[runlim] sample:		1420.00 time, 1420.01 real, 165 MB
[runlim] sample:		1430.00 time, 1430.01 real, 165 MB
[runlim] sample:		1440.00 time, 1440.01 real, 165 MB
[runlim] sample:		1450.00 time, 1450.01 real, 165 MB
[runlim] sample:		1460.00 time, 1460.02 real, 165 MB
[runlim] sample:		1470.00 time, 1470.02 real, 165 MB
[runlim] sample:		1480.00 time, 1480.01 real, 209 MB
[runlim] sample:		1490.00 time, 1490.01 real, 209 MB
[runlim] sample:		1500.00 time, 1500.01 real, 209 MB
[runlim] sample:		1510.00 time, 1510.01 real, 209 MB
[runlim] sample:		1520.00 time, 1520.01 real, 209 MB
[runlim] sample:		1530.00 time, 1530.02 real, 209 MB
[runlim] sample:		1540.00 time, 1540.01 real, 209 MB
[runlim] sample:		1550.00 time, 1550.02 real, 209 MB
[runlim] sample:		1560.00 time, 1560.02 real, 209 MB
[runlim] sample:		1570.00 time, 1570.01 real, 209 MB
[runlim] sample:		1580.00 time, 1580.01 real, 232 MB
[runlim] sample:		1590.00 time, 1590.02 real, 254 MB
[runlim] sample:		1600.00 time, 1600.01 real, 254 MB
[runlim] sample:		1610.00 time, 1610.01 real, 254 MB
[runlim] sample:		1619.99 time, 1620.01 real, 153 MB
[runlim] sample:		1629.99 time, 1630.01 real, 153 MB
[runlim] sample:		1639.99 time, 1640.01 real, 153 MB
[runlim] sample:		1649.99 time, 1650.01 real, 153 MB
[runlim] sample:		1659.99 time, 1660.01 real, 153 MB
[runlim] sample:		1669.99 time, 1670.01 real, 153 MB
[runlim] sample:		1679.99 time, 1680.01 real, 153 MB
[runlim] sample:		1689.99 time, 1690.02 real, 153 MB
[runlim] sample:		1700.00 time, 1700.01 real, 153 MB
[runlim] end:			Thu Oct 17 18:59:40 2019
[runlim] status:		ok
[runlim] result:		0
[runlim] children:		3
[runlim] real:			1702.80 seconds
[runlim] time:			1702.70 seconds
[runlim] space:			254 MB
[runlim] samples:		17027
