[runlim] version:		1.17
[runlim] host:			c3n27
[runlim] time limit:		311040000 seconds
[runlim] real time limit:	3600 seconds
[runlim] space limit:		120000 MB
[runlim] argv[0]:		./run-conps-btormc-no-thp.sh
[runlim] argv[1]:		/tmp/7lOyvQND.btor
[runlim] start:			Thu Oct 17 19:42:25 2019
[runlim] child:			26388
[runlim] sample:		9.98 time, 10.02 real, 217 MB
[runlim] sample:		19.98 time, 20.02 real, 506 MB
[runlim] sample:		29.98 time, 30.02 real, 630 MB
[runlim] sample:		39.98 time, 40.02 real, 790 MB
[runlim] sample:		49.98 time, 50.01 real, 792 MB
[runlim] sample:		59.98 time, 60.02 real, 990 MB
[runlim] sample:		69.98 time, 70.02 real, 1061 MB
[runlim] sample:		79.98 time, 80.02 real, 1085 MB
[runlim] end:			Thu Oct 17 19:43:45 2019
[runlim] status:		ok
[runlim] result:		0
[runlim] children:		3
[runlim] real:			80.27 seconds
[runlim] time:			80.18 seconds
[runlim] space:			1117 MB
[runlim] samples:		802
