[runlim] version:		1.17
[runlim] host:			c3n27
[runlim] time limit:		311040000 seconds
[runlim] real time limit:	3600 seconds
[runlim] space limit:		120000 MB
[runlim] argv[0]:		./run-conps-btormc-no-thp.sh
[runlim] argv[1]:		/tmp/7UUT0lJp.btor
[runlim] start:			Thu Oct 17 22:25:27 2019
[runlim] child:			27013
[runlim] sample:		9.98 time, 10.01 real, 240 MB
[runlim] sample:		19.98 time, 20.01 real, 426 MB
[runlim] sample:		29.98 time, 30.02 real, 694 MB
[runlim] sample:		39.98 time, 40.02 real, 861 MB
[runlim] sample:		49.98 time, 50.02 real, 985 MB
[runlim] sample:		59.98 time, 60.02 real, 1106 MB
[runlim] sample:		69.98 time, 70.02 real, 1208 MB
[runlim] sample:		79.98 time, 80.01 real, 1265 MB
[runlim] sample:		89.98 time, 90.02 real, 1199 MB
[runlim] sample:		99.98 time, 100.02 real, 1482 MB
[runlim] sample:		109.98 time, 110.02 real, 1519 MB
[runlim] sample:		119.98 time, 120.02 real, 1559 MB
[runlim] sample:		129.97 time, 130.02 real, 1655 MB
[runlim] sample:		139.98 time, 140.02 real, 1749 MB
[runlim] sample:		149.98 time, 150.02 real, 1848 MB
[runlim] sample:		159.97 time, 160.02 real, 1925 MB
[runlim] sample:		169.98 time, 170.02 real, 2020 MB
[runlim] sample:		179.98 time, 180.02 real, 2047 MB
[runlim] sample:		189.98 time, 190.02 real, 2142 MB
[runlim] sample:		199.98 time, 200.02 real, 2202 MB
[runlim] sample:		209.98 time, 210.02 real, 2221 MB
[runlim] sample:		219.98 time, 220.02 real, 2159 MB
[runlim] sample:		229.98 time, 230.02 real, 2574 MB
[runlim] sample:		239.98 time, 240.02 real, 2524 MB
[runlim] sample:		249.97 time, 250.02 real, 2592 MB
[runlim] sample:		259.98 time, 260.02 real, 2585 MB
[runlim] sample:		269.98 time, 270.02 real, 2628 MB
[runlim] sample:		279.98 time, 280.02 real, 2698 MB
[runlim] sample:		289.98 time, 290.02 real, 2743 MB
[runlim] sample:		299.98 time, 300.02 real, 2824 MB
[runlim] sample:		309.97 time, 310.02 real, 2842 MB
[runlim] sample:		319.97 time, 320.02 real, 2993 MB
[runlim] sample:		329.97 time, 330.02 real, 2956 MB
[runlim] sample:		339.97 time, 340.02 real, 2954 MB
[runlim] sample:		349.97 time, 350.02 real, 3100 MB
[runlim] sample:		359.97 time, 360.02 real, 3126 MB
[runlim] sample:		369.97 time, 370.02 real, 3078 MB
[runlim] sample:		379.97 time, 380.02 real, 3281 MB
[runlim] sample:		389.97 time, 390.01 real, 3148 MB
[runlim] sample:		399.97 time, 400.01 real, 3225 MB
[runlim] sample:		409.97 time, 410.01 real, 3289 MB
[runlim] sample:		419.97 time, 420.01 real, 3269 MB
[runlim] sample:		429.96 time, 430.01 real, 3290 MB
[runlim] sample:		439.97 time, 440.01 real, 3458 MB
[runlim] sample:		449.96 time, 450.01 real, 3361 MB
[runlim] sample:		459.96 time, 460.01 real, 3387 MB
[runlim] sample:		469.97 time, 470.01 real, 3359 MB
[runlim] sample:		479.96 time, 480.01 real, 3379 MB
[runlim] sample:		489.96 time, 490.01 real, 3885 MB
[runlim] sample:		499.96 time, 500.01 real, 3380 MB
[runlim] sample:		509.96 time, 510.01 real, 3399 MB
[runlim] sample:		519.96 time, 520.01 real, 3933 MB
[runlim] sample:		529.96 time, 530.01 real, 3978 MB
[runlim] sample:		539.96 time, 540.01 real, 4085 MB
[runlim] sample:		549.96 time, 550.01 real, 3991 MB
[runlim] sample:		559.96 time, 560.01 real, 4040 MB
[runlim] sample:		569.96 time, 570.01 real, 4019 MB
[runlim] sample:		579.96 time, 580.01 real, 4043 MB
[runlim] sample:		589.96 time, 590.01 real, 4157 MB
[runlim] sample:		599.96 time, 600.01 real, 4316 MB
[runlim] sample:		609.96 time, 610.01 real, 4205 MB
[runlim] sample:		619.96 time, 620.01 real, 4191 MB
[runlim] sample:		629.95 time, 630.01 real, 4267 MB
[runlim] sample:		639.95 time, 640.01 real, 4227 MB
[runlim] sample:		649.95 time, 650.01 real, 4539 MB
[runlim] sample:		659.96 time, 660.01 real, 4577 MB
[runlim] sample:		669.96 time, 670.01 real, 4466 MB
[runlim] sample:		679.95 time, 680.01 real, 4725 MB
[runlim] sample:		689.96 time, 690.01 real, 4705 MB
[runlim] sample:		699.95 time, 700.01 real, 4529 MB
[runlim] sample:		709.95 time, 710.01 real, 4549 MB
[runlim] sample:		719.95 time, 720.01 real, 4580 MB
[runlim] sample:		729.96 time, 730.01 real, 4623 MB
[runlim] sample:		739.96 time, 740.01 real, 4636 MB
[runlim] sample:		749.95 time, 750.01 real, 4658 MB
[runlim] sample:		759.95 time, 760.01 real, 4900 MB
[runlim] sample:		769.95 time, 770.01 real, 4889 MB
[runlim] sample:		779.95 time, 780.01 real, 4985 MB
[runlim] sample:		789.95 time, 790.01 real, 4772 MB
[runlim] sample:		799.95 time, 800.01 real, 5054 MB
[runlim] sample:		809.95 time, 810.01 real, 4856 MB
[runlim] sample:		819.95 time, 820.01 real, 4980 MB
[runlim] sample:		829.95 time, 830.01 real, 4914 MB
[runlim] sample:		839.95 time, 840.01 real, 5158 MB
[runlim] sample:		849.95 time, 850.01 real, 4922 MB
[runlim] sample:		859.94 time, 860.01 real, 4942 MB
[runlim] sample:		869.94 time, 870.01 real, 5098 MB
[runlim] sample:		879.95 time, 880.01 real, 5211 MB
[runlim] sample:		889.94 time, 890.01 real, 5020 MB
[runlim] sample:		899.95 time, 900.01 real, 5057 MB
[runlim] sample:		909.94 time, 910.01 real, 5092 MB
[runlim] sample:		919.95 time, 920.01 real, 5221 MB
[runlim] sample:		929.95 time, 930.01 real, 5220 MB
[runlim] sample:		939.94 time, 940.01 real, 5224 MB
[runlim] sample:		949.94 time, 950.01 real, 5256 MB
[runlim] sample:		959.95 time, 960.01 real, 5229 MB
[runlim] sample:		969.94 time, 970.01 real, 5250 MB
[runlim] sample:		979.94 time, 980.01 real, 5448 MB
[runlim] sample:		989.94 time, 990.01 real, 5337 MB
[runlim] end:			Thu Oct 17 22:42:05 2019
[runlim] status:		ok
[runlim] result:		0
[runlim] children:		3
[runlim] real:			998.17 seconds
[runlim] time:			998.04 seconds
[runlim] space:			5618 MB
[runlim] samples:		9981
