[runlim] version:		1.17
[runlim] host:			c3n09
[runlim] time limit:		311040000 seconds
[runlim] real time limit:	3600 seconds
[runlim] space limit:		120000 MB
[runlim] argv[0]:		./run-conps-btormc-no-thp.sh
[runlim] argv[1]:		/tmp/s6y2ff9V.btor
[runlim] start:			Thu Oct 17 21:52:17 2019
[runlim] child:			19132
[runlim] sample:		9.98 time, 10.02 real, 266 MB
[runlim] sample:		19.98 time, 20.01 real, 430 MB
[runlim] sample:		29.98 time, 30.02 real, 772 MB
[runlim] sample:		39.98 time, 40.02 real, 851 MB
[runlim] sample:		49.98 time, 50.02 real, 960 MB
[runlim] sample:		59.98 time, 60.01 real, 938 MB
[runlim] sample:		69.98 time, 70.01 real, 1099 MB
[runlim] sample:		79.98 time, 80.01 real, 1217 MB
[runlim] sample:		89.98 time, 90.01 real, 1314 MB
[runlim] sample:		99.98 time, 100.01 real, 1373 MB
[runlim] sample:		109.98 time, 110.01 real, 1453 MB
[runlim] sample:		119.98 time, 120.01 real, 1652 MB
[runlim] sample:		129.98 time, 130.01 real, 1825 MB
[runlim] sample:		139.98 time, 140.01 real, 1645 MB
[runlim] sample:		149.98 time, 150.01 real, 1892 MB
[runlim] sample:		159.98 time, 160.01 real, 2018 MB
[runlim] sample:		169.98 time, 170.01 real, 2036 MB
[runlim] sample:		179.98 time, 180.01 real, 2102 MB
[runlim] sample:		189.98 time, 190.01 real, 2090 MB
[runlim] sample:		199.98 time, 200.01 real, 2230 MB
[runlim] sample:		209.97 time, 210.01 real, 2241 MB
[runlim] sample:		219.97 time, 220.01 real, 2404 MB
[runlim] sample:		229.98 time, 230.01 real, 2345 MB
[runlim] sample:		239.98 time, 240.01 real, 2397 MB
[runlim] sample:		249.98 time, 250.01 real, 2457 MB
[runlim] sample:		259.97 time, 260.01 real, 2239 MB
[runlim] sample:		269.98 time, 270.01 real, 2688 MB
[runlim] sample:		279.98 time, 280.01 real, 2508 MB
[runlim] sample:		289.98 time, 290.01 real, 2450 MB
[runlim] sample:		299.98 time, 300.01 real, 2845 MB
[runlim] sample:		309.97 time, 310.01 real, 2530 MB
[runlim] sample:		319.98 time, 320.01 real, 2564 MB
[runlim] sample:		329.98 time, 330.01 real, 2829 MB
[runlim] sample:		339.98 time, 340.01 real, 2569 MB
[runlim] sample:		349.97 time, 350.01 real, 2569 MB
[runlim] sample:		359.98 time, 360.01 real, 3024 MB
[runlim] sample:		369.97 time, 370.01 real, 3044 MB
[runlim] sample:		379.97 time, 380.01 real, 3161 MB
[runlim] sample:		389.98 time, 390.01 real, 3027 MB
[runlim] sample:		399.97 time, 400.01 real, 3045 MB
[runlim] sample:		409.97 time, 410.01 real, 3113 MB
[runlim] sample:		419.97 time, 420.01 real, 3118 MB
[runlim] sample:		429.97 time, 430.01 real, 3179 MB
[runlim] sample:		439.97 time, 440.01 real, 3292 MB
[runlim] sample:		449.97 time, 450.01 real, 3240 MB
[runlim] sample:		459.97 time, 460.01 real, 3372 MB
[runlim] sample:		469.97 time, 470.01 real, 3459 MB
[runlim] sample:		479.97 time, 480.01 real, 3428 MB
[runlim] sample:		489.97 time, 490.01 real, 3587 MB
[runlim] sample:		499.97 time, 500.01 real, 3420 MB
[runlim] sample:		509.97 time, 510.01 real, 3441 MB
[runlim] sample:		519.97 time, 520.01 real, 3631 MB
[runlim] sample:		529.96 time, 530.01 real, 3664 MB
[runlim] sample:		539.96 time, 540.01 real, 3702 MB
[runlim] sample:		549.96 time, 550.01 real, 3580 MB
[runlim] sample:		559.96 time, 560.01 real, 3655 MB
[runlim] sample:		569.96 time, 570.01 real, 3775 MB
[runlim] sample:		579.96 time, 580.01 real, 3679 MB
[runlim] sample:		589.97 time, 590.01 real, 3714 MB
[runlim] sample:		599.96 time, 600.01 real, 3741 MB
[runlim] sample:		609.97 time, 610.01 real, 3834 MB
[runlim] sample:		619.96 time, 620.01 real, 4064 MB
[runlim] sample:		629.96 time, 630.01 real, 3872 MB
[runlim] sample:		639.96 time, 640.01 real, 3891 MB
[runlim] sample:		649.96 time, 650.01 real, 3919 MB
[runlim] sample:		659.96 time, 660.01 real, 4095 MB
[runlim] sample:		669.96 time, 670.01 real, 4112 MB
[runlim] sample:		679.96 time, 680.01 real, 4133 MB
[runlim] sample:		689.96 time, 690.01 real, 4384 MB
[runlim] sample:		699.96 time, 700.01 real, 4428 MB
[runlim] sample:		709.96 time, 710.01 real, 4209 MB
[runlim] sample:		719.96 time, 720.01 real, 4244 MB
[runlim] sample:		729.96 time, 730.01 real, 4340 MB
[runlim] sample:		739.96 time, 740.01 real, 4495 MB
[runlim] sample:		749.96 time, 750.01 real, 4519 MB
[runlim] sample:		759.96 time, 760.01 real, 4444 MB
[runlim] sample:		769.96 time, 770.01 real, 4412 MB
[runlim] sample:		779.96 time, 780.01 real, 4394 MB
[runlim] sample:		789.96 time, 790.01 real, 4630 MB
[runlim] sample:		799.96 time, 800.01 real, 4675 MB
[runlim] sample:		809.96 time, 810.01 real, 4472 MB
[runlim] sample:		819.95 time, 820.01 real, 4638 MB
[runlim] sample:		829.96 time, 830.01 real, 4554 MB
[runlim] sample:		839.95 time, 840.01 real, 4771 MB
[runlim] sample:		849.95 time, 850.01 real, 4572 MB
[runlim] sample:		859.95 time, 860.01 real, 4771 MB
[runlim] sample:		869.96 time, 870.01 real, 4900 MB
[runlim] sample:		879.95 time, 880.01 real, 4694 MB
[runlim] sample:		889.96 time, 890.01 real, 4905 MB
[runlim] sample:		899.95 time, 900.01 real, 4764 MB
[runlim] sample:		909.96 time, 910.01 real, 4800 MB
[runlim] sample:		919.95 time, 920.01 real, 4932 MB
[runlim] sample:		929.95 time, 930.01 real, 5473 MB
[runlim] sample:		939.95 time, 940.01 real, 5581 MB
[runlim] sample:		949.95 time, 950.01 real, 5368 MB
[runlim] sample:		959.95 time, 960.01 real, 4850 MB
[runlim] sample:		969.95 time, 970.01 real, 4850 MB
[runlim] sample:		979.95 time, 980.01 real, 4849 MB
[runlim] sample:		989.95 time, 990.01 real, 4849 MB
[runlim] sample:		999.95 time, 1000.01 real, 5650 MB
[runlim] sample:		1009.95 time, 1010.01 real, 5591 MB
[runlim] sample:		1019.95 time, 1020.01 real, 5542 MB
[runlim] sample:		1029.95 time, 1030.01 real, 5592 MB
[runlim] sample:		1039.95 time, 1040.01 real, 5834 MB
[runlim] sample:		1049.95 time, 1050.01 real, 5790 MB
[runlim] sample:		1059.95 time, 1060.01 real, 5716 MB
[runlim] sample:		1069.94 time, 1070.01 real, 5931 MB
[runlim] sample:		1079.95 time, 1080.01 real, 5716 MB
[runlim] sample:		1089.95 time, 1090.01 real, 5746 MB
[runlim] sample:		1099.95 time, 1100.01 real, 5749 MB
[runlim] end:			Thu Oct 17 22:10:38 2019
[runlim] status:		ok
[runlim] result:		0
[runlim] children:		3
[runlim] real:			1100.67 seconds
[runlim] time:			1100.55 seconds
[runlim] space:			7009 MB
[runlim] samples:		11006
