[runlim] version:		1.17
[runlim] host:			c3n05
[runlim] time limit:		311040000 seconds
[runlim] real time limit:	3600 seconds
[runlim] space limit:		120000 MB
[runlim] argv[0]:		./run-avr.sh
[runlim] argv[1]:		/tmp/EYCqLGgd.btor
[runlim] start:			Fri Oct 18 20:55:57 2019
[runlim] child:			20984
[runlim] sample:		20.32 time, 10.02 real, 168 MB
[runlim] sample:		72.21 time, 20.02 real, 179 MB
[runlim] sample:		92.26 time, 30.01 real, 192 MB
[runlim] sample:		112.28 time, 40.02 real, 197 MB
[runlim] sample:		132.32 time, 50.02 real, 203 MB
[runlim] sample:		152.34 time, 60.01 real, 211 MB
[runlim] sample:		172.37 time, 70.02 real, 217 MB
[runlim] sample:		192.42 time, 80.02 real, 230 MB
[runlim] sample:		212.43 time, 90.02 real, 232 MB
[runlim] sample:		138.22 time, 100.02 real, 126 MB
[runlim] sample:		252.51 time, 110.01 real, 239 MB
[runlim] sample:		272.52 time, 120.02 real, 252 MB
[runlim] sample:		292.55 time, 130.02 real, 245 MB
[runlim] sample:		312.57 time, 140.02 real, 255 MB
[runlim] sample:		188.36 time, 150.02 real, 127 MB
[runlim] sample:		352.62 time, 160.02 real, 259 MB
[runlim] sample:		372.67 time, 170.01 real, 271 MB
[runlim] sample:		392.71 time, 180.02 real, 275 MB
[runlim] sample:		412.74 time, 190.01 real, 269 MB
[runlim] sample:		432.76 time, 200.02 real, 294 MB
[runlim] sample:		452.79 time, 210.02 real, 288 MB
[runlim] sample:		472.80 time, 220.02 real, 283 MB
[runlim] sample:		492.83 time, 230.02 real, 281 MB
[runlim] sample:		512.88 time, 240.02 real, 291 MB
[runlim] sample:		532.90 time, 250.02 real, 279 MB
[runlim] sample:		552.93 time, 260.02 real, 296 MB
[runlim] sample:		572.96 time, 270.02 real, 316 MB
[runlim] sample:		593.00 time, 280.02 real, 314 MB
[runlim] sample:		613.03 time, 290.02 real, 299 MB
[runlim] sample:		633.05 time, 300.02 real, 278 MB
[runlim] sample:		653.06 time, 310.02 real, 285 MB
[runlim] sample:		673.11 time, 320.02 real, 298 MB
[runlim] sample:		693.14 time, 330.02 real, 310 MB
[runlim] sample:		713.17 time, 340.02 real, 300 MB
[runlim] sample:		733.21 time, 350.02 real, 300 MB
[runlim] sample:		753.25 time, 360.02 real, 299 MB
[runlim] sample:		773.26 time, 370.01 real, 310 MB
[runlim] sample:		793.31 time, 380.02 real, 316 MB
[runlim] sample:		813.33 time, 390.02 real, 316 MB
[runlim] sample:		439.11 time, 400.02 real, 143 MB
[runlim] sample:		853.38 time, 410.02 real, 330 MB
[runlim] sample:		873.39 time, 420.02 real, 316 MB
[runlim] sample:		893.44 time, 430.01 real, 297 MB
[runlim] sample:		913.47 time, 440.02 real, 303 MB
[runlim] sample:		933.50 time, 450.02 real, 319 MB
[runlim] sample:		953.54 time, 460.02 real, 317 MB
[runlim] sample:		973.57 time, 470.02 real, 345 MB
[runlim] sample:		993.60 time, 480.01 real, 345 MB
[runlim] sample:		1013.62 time, 490.02 real, 345 MB
[runlim] sample:		1033.67 time, 500.02 real, 345 MB
[runlim] sample:		1053.71 time, 510.02 real, 359 MB
[runlim] sample:		1073.74 time, 520.02 real, 352 MB
[runlim] sample:		1093.77 time, 530.02 real, 352 MB
[runlim] sample:		1113.80 time, 540.02 real, 370 MB
[runlim] sample:		589.60 time, 550.02 real, 145 MB
[runlim] sample:		1153.88 time, 560.01 real, 350 MB
[runlim] sample:		1173.89 time, 570.02 real, 350 MB
[runlim] sample:		1193.91 time, 580.01 real, 339 MB
[runlim] sample:		1213.93 time, 590.01 real, 335 MB
[runlim] sample:		639.72 time, 600.02 real, 166 MB
[runlim] sample:		1254.00 time, 610.02 real, 366 MB
[runlim] sample:		1274.04 time, 620.02 real, 366 MB
[runlim] sample:		1294.09 time, 630.01 real, 376 MB
[runlim] sample:		1314.12 time, 640.02 real, 381 MB
[runlim] sample:		689.91 time, 650.02 real, 180 MB
[runlim] sample:		1354.20 time, 660.02 real, 374 MB
[runlim] sample:		1374.23 time, 670.02 real, 375 MB
[runlim] sample:		1394.25 time, 680.02 real, 377 MB
[runlim] sample:		1414.28 time, 690.01 real, 361 MB
[runlim] sample:		740.08 time, 700.02 real, 165 MB
[runlim] sample:		1454.34 time, 710.02 real, 368 MB
[runlim] sample:		1474.38 time, 720.02 real, 369 MB
[runlim] sample:		1494.40 time, 730.02 real, 369 MB
[runlim] sample:		1514.43 time, 740.02 real, 388 MB
[runlim] sample:		790.23 time, 750.02 real, 173 MB
[runlim] sample:		1554.49 time, 760.02 real, 372 MB
[runlim] sample:		1574.52 time, 770.02 real, 372 MB
[runlim] sample:		1594.56 time, 780.02 real, 401 MB
[runlim] sample:		1614.57 time, 790.02 real, 397 MB
[runlim] sample:		1634.61 time, 800.02 real, 411 MB
[runlim] sample:		1654.64 time, 810.02 real, 413 MB
[runlim] sample:		1674.67 time, 820.02 real, 414 MB
[runlim] sample:		1694.71 time, 830.02 real, 424 MB
[runlim] sample:		1714.73 time, 840.02 real, 373 MB
[runlim] sample:		1734.77 time, 850.02 real, 370 MB
[runlim] sample:		1754.81 time, 860.02 real, 380 MB
[runlim] sample:		1774.85 time, 870.02 real, 380 MB
[runlim] sample:		1794.90 time, 880.02 real, 395 MB
[runlim] sample:		930.71 time, 890.02 real, 188 MB
[runlim] sample:		1834.98 time, 900.02 real, 406 MB
[runlim] sample:		1855.02 time, 910.02 real, 406 MB
[runlim] sample:		1875.04 time, 920.02 real, 407 MB
[runlim] sample:		1895.07 time, 930.02 real, 407 MB
[runlim] sample:		1915.10 time, 940.02 real, 407 MB
[runlim] sample:		1935.13 time, 950.01 real, 407 MB
[runlim] sample:		1955.15 time, 960.02 real, 407 MB
[runlim] sample:		1975.17 time, 970.02 real, 410 MB
[runlim] sample:		1995.20 time, 980.02 real, 410 MB
[runlim] sample:		2015.23 time, 990.02 real, 410 MB
[runlim] sample:		2035.27 time, 1000.02 real, 410 MB
[runlim] sample:		2055.32 time, 1010.02 real, 442 MB
[runlim] sample:		2075.35 time, 1020.02 real, 406 MB
[runlim] sample:		2095.38 time, 1030.02 real, 422 MB
[runlim] sample:		2115.41 time, 1040.02 real, 424 MB
[runlim] sample:		2135.44 time, 1050.02 real, 425 MB
[runlim] sample:		2155.51 time, 1060.02 real, 443 MB
[runlim] sample:		2175.53 time, 1070.02 real, 443 MB
[runlim] sample:		2195.55 time, 1080.02 real, 417 MB
[runlim] sample:		2215.57 time, 1090.02 real, 418 MB
[runlim] sample:		2235.61 time, 1100.02 real, 366 MB
[runlim] sample:		2255.68 time, 1110.02 real, 382 MB
[runlim] sample:		2275.69 time, 1120.02 real, 381 MB
[runlim] sample:		1171.47 time, 1130.02 real, 178 MB
[runlim] sample:		2315.77 time, 1140.02 real, 381 MB
[runlim] sample:		2335.80 time, 1150.02 real, 432 MB
[runlim] sample:		2355.82 time, 1160.02 real, 433 MB
[runlim] sample:		2375.85 time, 1170.02 real, 433 MB
[runlim] sample:		2395.89 time, 1180.02 real, 445 MB
[runlim] sample:		2415.93 time, 1190.02 real, 429 MB
[runlim] sample:		2435.96 time, 1200.02 real, 431 MB
[runlim] sample:		2455.99 time, 1210.02 real, 431 MB
[runlim] sample:		2476.01 time, 1220.02 real, 433 MB
[runlim] sample:		2496.04 time, 1230.02 real, 432 MB
[runlim] sample:		2516.09 time, 1240.02 real, 433 MB
[runlim] sample:		2536.09 time, 1250.02 real, 451 MB
[runlim] sample:		2556.12 time, 1260.02 real, 451 MB
[runlim] sample:		2576.15 time, 1270.02 real, 451 MB
[runlim] sample:		2596.18 time, 1280.02 real, 451 MB
[runlim] sample:		2616.21 time, 1290.02 real, 464 MB
[runlim] sample:		2636.22 time, 1300.02 real, 452 MB
[runlim] sample:		2656.26 time, 1310.02 real, 448 MB
[runlim] sample:		2676.28 time, 1320.02 real, 449 MB
[runlim] sample:		2696.30 time, 1330.02 real, 412 MB
[runlim] sample:		2716.36 time, 1340.02 real, 412 MB
[runlim] sample:		2736.40 time, 1350.02 real, 411 MB
[runlim] sample:		2756.44 time, 1360.02 real, 411 MB
[runlim] sample:		1412.22 time, 1370.02 real, 204 MB
[runlim] sample:		2796.49 time, 1380.02 real, 438 MB
[runlim] sample:		2816.54 time, 1390.02 real, 437 MB
[runlim] sample:		2836.56 time, 1400.02 real, 437 MB
[runlim] sample:		2856.58 time, 1410.02 real, 439 MB
[runlim] sample:		2876.62 time, 1420.02 real, 415 MB
[runlim] sample:		2896.63 time, 1430.02 real, 418 MB
[runlim] sample:		2916.67 time, 1440.02 real, 438 MB
[runlim] sample:		2936.71 time, 1450.02 real, 438 MB
[runlim] sample:		2956.75 time, 1460.02 real, 438 MB
[runlim] sample:		2976.77 time, 1470.02 real, 438 MB
[runlim] sample:		2996.81 time, 1480.02 real, 442 MB
[runlim] sample:		3016.86 time, 1490.02 real, 442 MB
[runlim] sample:		3036.93 time, 1500.02 real, 441 MB
[runlim] sample:		3056.97 time, 1510.02 real, 441 MB
[runlim] sample:		3077.00 time, 1520.02 real, 441 MB
[runlim] sample:		3097.03 time, 1530.02 real, 440 MB
[runlim] sample:		3117.05 time, 1540.02 real, 443 MB
[runlim] sample:		3137.10 time, 1550.02 real, 438 MB
[runlim] sample:		1602.88 time, 1560.02 real, 206 MB
[runlim] sample:		3177.15 time, 1570.02 real, 438 MB
[runlim] sample:		3197.17 time, 1580.02 real, 439 MB
[runlim] sample:		3217.21 time, 1590.02 real, 439 MB
[runlim] sample:		3237.24 time, 1600.02 real, 477 MB
[runlim] sample:		1653.02 time, 1610.02 real, 206 MB
[runlim] sample:		3277.30 time, 1620.02 real, 480 MB
[runlim] sample:		3297.33 time, 1630.02 real, 480 MB
[runlim] sample:		3317.37 time, 1640.02 real, 480 MB
[runlim] sample:		3337.41 time, 1650.02 real, 496 MB
[runlim] sample:		3357.44 time, 1660.02 real, 496 MB
[runlim] sample:		3377.47 time, 1670.02 real, 496 MB
[runlim] sample:		3397.49 time, 1680.02 real, 521 MB
[runlim] sample:		3417.52 time, 1690.02 real, 521 MB
[runlim] sample:		3437.56 time, 1700.02 real, 496 MB
[runlim] sample:		3457.61 time, 1710.02 real, 521 MB
[runlim] sample:		3477.63 time, 1720.02 real, 521 MB
[runlim] sample:		3497.66 time, 1730.02 real, 496 MB
[runlim] sample:		3517.71 time, 1740.02 real, 496 MB
[runlim] sample:		3537.74 time, 1750.02 real, 432 MB
[runlim] sample:		3557.76 time, 1760.02 real, 440 MB
[runlim] sample:		3577.84 time, 1770.02 real, 440 MB
[runlim] sample:		3597.88 time, 1780.02 real, 440 MB
[runlim] sample:		3617.93 time, 1790.02 real, 441 MB
[runlim] sample:		3637.96 time, 1800.02 real, 461 MB
[runlim] sample:		3658.01 time, 1810.02 real, 461 MB
[runlim] sample:		3678.04 time, 1820.02 real, 460 MB
[runlim] sample:		3698.06 time, 1830.02 real, 467 MB
[runlim] sample:		3718.09 time, 1840.02 real, 467 MB
[runlim] sample:		3738.13 time, 1850.02 real, 467 MB
[runlim] sample:		3758.16 time, 1860.02 real, 476 MB
[runlim] sample:		3778.18 time, 1870.02 real, 492 MB
[runlim] sample:		3798.23 time, 1880.02 real, 477 MB
[runlim] sample:		3818.28 time, 1890.02 real, 477 MB
[runlim] sample:		3838.29 time, 1900.02 real, 477 MB
[runlim] sample:		3858.31 time, 1910.02 real, 477 MB
[runlim] sample:		3878.38 time, 1920.02 real, 473 MB
[runlim] sample:		3898.41 time, 1930.02 real, 474 MB
[runlim] sample:		1984.23 time, 1940.02 real, 229 MB
[runlim] sample:		3938.49 time, 1950.02 real, 474 MB
[runlim] sample:		3958.54 time, 1960.02 real, 474 MB
[runlim] sample:		3978.59 time, 1970.02 real, 474 MB
[runlim] sample:		3998.62 time, 1980.02 real, 481 MB
[runlim] sample:		2034.40 time, 1990.02 real, 237 MB
[runlim] sample:		4038.68 time, 2000.02 real, 525 MB
[runlim] sample:		4058.70 time, 2010.02 real, 526 MB
[runlim] sample:		4078.76 time, 2020.02 real, 526 MB
[runlim] sample:		4098.79 time, 2030.02 real, 526 MB
[runlim] sample:		4118.81 time, 2040.02 real, 526 MB
[runlim] sample:		4138.84 time, 2050.02 real, 526 MB
[runlim] sample:		4158.89 time, 2060.02 real, 526 MB
[runlim] sample:		4178.92 time, 2070.02 real, 526 MB
[runlim] sample:		4198.95 time, 2080.02 real, 526 MB
[runlim] sample:		4218.98 time, 2090.02 real, 526 MB
[runlim] sample:		4239.02 time, 2100.02 real, 526 MB
[runlim] sample:		4259.03 time, 2110.02 real, 526 MB
[runlim] sample:		4279.09 time, 2120.02 real, 526 MB
[runlim] sample:		4299.13 time, 2130.02 real, 533 MB
[runlim] sample:		4319.17 time, 2140.02 real, 533 MB
[runlim] sample:		4339.19 time, 2150.02 real, 464 MB
[runlim] sample:		4359.21 time, 2160.02 real, 464 MB
[runlim] sample:		4379.25 time, 2170.02 real, 464 MB
[runlim] sample:		4399.29 time, 2180.02 real, 464 MB
[runlim] sample:		4419.31 time, 2190.02 real, 464 MB
[runlim] sample:		4439.34 time, 2200.02 real, 464 MB
[runlim] sample:		4459.39 time, 2210.02 real, 464 MB
[runlim] sample:		4479.42 time, 2220.02 real, 472 MB
[runlim] sample:		4499.45 time, 2230.02 real, 472 MB
[runlim] sample:		4519.49 time, 2240.02 real, 495 MB
[runlim] sample:		4539.51 time, 2250.02 real, 495 MB
[runlim] sample:		4559.57 time, 2260.02 real, 506 MB
[runlim] sample:		2315.35 time, 2270.02 real, 249 MB
[runlim] sample:		4599.63 time, 2280.02 real, 522 MB
[runlim] sample:		4619.65 time, 2290.02 real, 522 MB
[runlim] sample:		4639.70 time, 2300.02 real, 506 MB
[runlim] sample:		4659.73 time, 2310.02 real, 506 MB
[runlim] sample:		2365.51 time, 2320.02 real, 252 MB
[runlim] sample:		4699.78 time, 2330.02 real, 524 MB
[runlim] sample:		4719.80 time, 2340.02 real, 508 MB
[runlim] sample:		4739.84 time, 2350.02 real, 508 MB
[runlim] sample:		4759.87 time, 2360.02 real, 508 MB
[runlim] sample:		2415.65 time, 2370.02 real, 252 MB
[runlim] sample:		4799.94 time, 2380.02 real, 508 MB
[runlim] sample:		4819.96 time, 2390.02 real, 508 MB
[runlim] sample:		4840.00 time, 2400.02 real, 524 MB
[runlim] sample:		4860.03 time, 2410.02 real, 524 MB
[runlim] sample:		4880.05 time, 2420.02 real, 524 MB
[runlim] sample:		4900.08 time, 2430.02 real, 475 MB
[runlim] sample:		4920.14 time, 2440.02 real, 493 MB
[runlim] sample:		4940.19 time, 2450.02 real, 493 MB
[runlim] sample:		4960.22 time, 2460.02 real, 493 MB
[runlim] sample:		4980.25 time, 2470.02 real, 496 MB
[runlim] sample:		5000.28 time, 2480.02 real, 509 MB
[runlim] sample:		5020.31 time, 2490.02 real, 495 MB
[runlim] sample:		5040.34 time, 2500.02 real, 515 MB
[runlim] sample:		5060.39 time, 2510.02 real, 517 MB
[runlim] sample:		5080.44 time, 2520.02 real, 518 MB
[runlim] sample:		5100.51 time, 2530.02 real, 518 MB
[runlim] sample:		5120.55 time, 2540.02 real, 518 MB
[runlim] sample:		5140.61 time, 2550.02 real, 518 MB
[runlim] sample:		2606.40 time, 2560.02 real, 249 MB
[runlim] sample:		5180.68 time, 2570.02 real, 518 MB
[runlim] sample:		5200.72 time, 2580.02 real, 519 MB
[runlim] sample:		5220.75 time, 2590.02 real, 519 MB
[runlim] sample:		5240.81 time, 2600.02 real, 528 MB
[runlim] sample:		5260.82 time, 2610.02 real, 528 MB
[runlim] sample:		5280.85 time, 2620.02 real, 528 MB
[runlim] sample:		5300.88 time, 2630.02 real, 555 MB
[runlim] sample:		5320.91 time, 2640.02 real, 555 MB
[runlim] sample:		5340.95 time, 2650.02 real, 555 MB
[runlim] sample:		5360.99 time, 2660.02 real, 483 MB
[runlim] sample:		5381.02 time, 2670.02 real, 483 MB
[runlim] sample:		5401.07 time, 2680.02 real, 483 MB
[runlim] sample:		5421.10 time, 2690.02 real, 509 MB
[runlim] sample:		2746.87 time, 2700.02 real, 236 MB
[runlim] sample:		5461.15 time, 2710.02 real, 509 MB
[runlim] sample:		5481.18 time, 2720.02 real, 538 MB
[runlim] sample:		5501.21 time, 2730.02 real, 538 MB
[runlim] sample:		5521.25 time, 2740.02 real, 538 MB
[runlim] sample:		2797.05 time, 2750.02 real, 267 MB
[runlim] sample:		5561.34 time, 2760.02 real, 562 MB
[runlim] sample:		5581.38 time, 2770.02 real, 556 MB
[runlim] sample:		5601.40 time, 2780.02 real, 558 MB
[runlim] sample:		5621.43 time, 2790.02 real, 561 MB
[runlim] sample:		5641.45 time, 2800.02 real, 561 MB
[runlim] sample:		5661.49 time, 2810.02 real, 560 MB
[runlim] sample:		5681.52 time, 2820.02 real, 560 MB
[runlim] sample:		5701.56 time, 2830.02 real, 561 MB
[runlim] sample:		5721.60 time, 2840.02 real, 561 MB
[runlim] sample:		5741.63 time, 2850.02 real, 561 MB
[runlim] sample:		5761.66 time, 2860.02 real, 543 MB
[runlim] sample:		5781.70 time, 2870.02 real, 543 MB
[runlim] sample:		5801.73 time, 2880.02 real, 494 MB
[runlim] sample:		5821.76 time, 2890.02 real, 484 MB
[runlim] sample:		5841.78 time, 2900.02 real, 484 MB
[runlim] sample:		5861.84 time, 2910.02 real, 484 MB
[runlim] sample:		5881.85 time, 2920.02 real, 511 MB
[runlim] sample:		5901.89 time, 2930.02 real, 511 MB
[runlim] sample:		5921.92 time, 2940.02 real, 511 MB
[runlim] sample:		5941.94 time, 2950.02 real, 511 MB
[runlim] sample:		5962.00 time, 2960.02 real, 541 MB
[runlim] sample:		5982.03 time, 2970.02 real, 541 MB
[runlim] sample:		6002.05 time, 2980.02 real, 600 MB
[runlim] sample:		6022.09 time, 2990.02 real, 582 MB
[runlim] sample:		6042.12 time, 3000.02 real, 583 MB
[runlim] sample:		6062.19 time, 3010.02 real, 576 MB
[runlim] sample:		6082.21 time, 3020.02 real, 579 MB
[runlim] sample:		3078.01 time, 3030.02 real, 263 MB
[runlim] sample:		6122.28 time, 3040.02 real, 507 MB
[runlim] sample:		6142.31 time, 3050.02 real, 507 MB
[runlim] sample:		6162.34 time, 3060.02 real, 507 MB
[runlim] sample:		6182.37 time, 3070.02 real, 507 MB
[runlim] sample:		3128.17 time, 3080.02 real, 265 MB
[runlim] sample:		6222.44 time, 3090.02 real, 507 MB
[runlim] sample:		6242.47 time, 3100.02 real, 507 MB
[runlim] sample:		6262.51 time, 3110.02 real, 565 MB
[runlim] sample:		6282.54 time, 3120.02 real, 555 MB
[runlim] sample:		6302.58 time, 3130.02 real, 554 MB
[runlim] sample:		6322.63 time, 3140.02 real, 554 MB
[runlim] sample:		6342.67 time, 3150.02 real, 554 MB
[runlim] sample:		6362.71 time, 3160.02 real, 554 MB
[runlim] sample:		6382.75 time, 3170.02 real, 554 MB
[runlim] sample:		6402.77 time, 3180.02 real, 554 MB
[runlim] sample:		6422.80 time, 3190.02 real, 554 MB
[runlim] sample:		6442.82 time, 3200.02 real, 558 MB
[runlim] sample:		6462.87 time, 3210.02 real, 558 MB
[runlim] sample:		6482.92 time, 3220.02 real, 606 MB
[runlim] sample:		6502.94 time, 3230.02 real, 606 MB
[runlim] sample:		6522.97 time, 3240.02 real, 606 MB
[runlim] sample:		6543.00 time, 3250.02 real, 588 MB
[runlim] sample:		6563.06 time, 3260.02 real, 588 MB
[runlim] sample:		3318.83 time, 3270.02 real, 296 MB
[runlim] sample:		6603.11 time, 3280.02 real, 588 MB
[runlim] sample:		6623.16 time, 3290.02 real, 587 MB
[runlim] sample:		6643.18 time, 3300.02 real, 587 MB
[runlim] sample:		6663.22 time, 3310.02 real, 587 MB
[runlim] sample:		6683.27 time, 3320.02 real, 587 MB
[runlim] sample:		6703.30 time, 3330.02 real, 587 MB
[runlim] sample:		6723.33 time, 3340.02 real, 539 MB
[runlim] sample:		6743.36 time, 3350.02 real, 557 MB
[runlim] sample:		6763.39 time, 3360.02 real, 538 MB
[runlim] sample:		6783.42 time, 3370.02 real, 538 MB
[runlim] sample:		6803.45 time, 3380.02 real, 537 MB
[runlim] sample:		6823.48 time, 3390.02 real, 537 MB
[runlim] sample:		6843.52 time, 3400.02 real, 563 MB
[runlim] sample:		3459.31 time, 3410.02 real, 272 MB
[runlim] sample:		6883.58 time, 3420.02 real, 563 MB
[runlim] sample:		6903.62 time, 3430.02 real, 563 MB
[runlim] sample:		6923.66 time, 3440.02 real, 563 MB
[runlim] sample:		6943.68 time, 3450.02 real, 582 MB
[runlim] sample:		3509.46 time, 3460.02 real, 306 MB
[runlim] sample:		6983.75 time, 3470.02 real, 614 MB
[runlim] sample:		7003.77 time, 3480.02 real, 614 MB
[runlim] sample:		7023.82 time, 3490.02 real, 614 MB
[runlim] sample:		7043.87 time, 3500.02 real, 582 MB
[runlim] sample:		3559.66 time, 3510.02 real, 274 MB
[runlim] sample:		7083.95 time, 3520.02 real, 564 MB
[runlim] sample:		7103.98 time, 3530.02 real, 564 MB
[runlim] sample:		7124.01 time, 3540.02 real, 597 MB
[runlim] sample:		7144.06 time, 3550.02 real, 597 MB
[runlim] end:			Fri Oct 18 21:55:11 2019
[runlim] status:		ok
[runlim] result:		0
[runlim] children:		2147
[runlim] real:			3554.54 seconds
[runlim] time:			17811.19 seconds
[runlim] space:			614 MB
[runlim] samples:		35545
