[runlim] version:		1.17
[runlim] host:			c3n05
[runlim] time limit:		311040000 seconds
[runlim] real time limit:	3600 seconds
[runlim] space limit:		120000 MB
[runlim] argv[0]:		./run-avr.sh
[runlim] argv[1]:		/tmp/MdVjMt3I.btor
[runlim] start:			Fri Oct 18 21:55:22 2019
[runlim] child:			1859
[runlim] sample:		13.49 time, 10.02 real, 343 MB
[runlim] sample:		20.28 time, 20.02 real, 208 MB
[runlim] sample:		53.72 time, 30.02 real, 585 MB
[runlim] sample:		73.88 time, 40.02 real, 612 MB
[runlim] sample:		50.59 time, 50.02 real, 282 MB
[runlim] sample:		114.03 time, 60.02 real, 676 MB
[runlim] sample:		134.12 time, 70.02 real, 722 MB
[runlim] sample:		154.21 time, 80.02 real, 830 MB
[runlim] sample:		174.28 time, 90.02 real, 778 MB
[runlim] sample:		194.41 time, 100.02 real, 847 MB
[runlim] sample:		214.50 time, 110.02 real, 865 MB
[runlim] sample:		234.55 time, 120.02 real, 866 MB
[runlim] sample:		254.61 time, 130.02 real, 875 MB
[runlim] sample:		274.71 time, 140.02 real, 893 MB
[runlim] sample:		294.75 time, 150.02 real, 910 MB
[runlim] sample:		314.84 time, 160.02 real, 911 MB
[runlim] sample:		334.90 time, 170.02 real, 912 MB
[runlim] sample:		355.02 time, 180.02 real, 926 MB
[runlim] sample:		375.11 time, 190.02 real, 932 MB
[runlim] sample:		395.18 time, 200.02 real, 998 MB
[runlim] sample:		415.25 time, 210.02 real, 999 MB
[runlim] sample:		435.37 time, 220.02 real, 996 MB
[runlim] sample:		455.40 time, 230.02 real, 1009 MB
[runlim] sample:		475.47 time, 240.02 real, 1004 MB
[runlim] sample:		495.53 time, 250.02 real, 1032 MB
[runlim] sample:		515.61 time, 260.02 real, 1032 MB
[runlim] sample:		535.67 time, 270.02 real, 1080 MB
[runlim] sample:		555.76 time, 280.02 real, 1081 MB
[runlim] sample:		575.82 time, 290.02 real, 1123 MB
[runlim] sample:		595.93 time, 300.02 real, 1125 MB
[runlim] sample:		615.99 time, 310.02 real, 1144 MB
[runlim] sample:		636.05 time, 320.02 real, 1192 MB
[runlim] sample:		656.13 time, 330.02 real, 1212 MB
[runlim] sample:		676.23 time, 340.02 real, 1214 MB
[runlim] sample:		696.29 time, 350.02 real, 1400 MB
[runlim] sample:		716.37 time, 360.02 real, 1334 MB
[runlim] sample:		736.42 time, 370.02 real, 1334 MB
[runlim] sample:		756.51 time, 380.02 real, 1353 MB
[runlim] sample:		776.58 time, 390.02 real, 1427 MB
[runlim] sample:		796.66 time, 400.02 real, 1417 MB
[runlim] sample:		816.73 time, 410.02 real, 1392 MB
[runlim] sample:		836.85 time, 420.02 real, 1398 MB
[runlim] sample:		856.93 time, 430.02 real, 1399 MB
[runlim] sample:		877.04 time, 440.02 real, 1399 MB
[runlim] sample:		897.09 time, 450.02 real, 1400 MB
[runlim] sample:		917.17 time, 460.02 real, 1401 MB
[runlim] sample:		937.28 time, 470.02 real, 1401 MB
[runlim] sample:		957.37 time, 480.02 real, 1401 MB
[runlim] sample:		977.46 time, 490.02 real, 1402 MB
[runlim] sample:		997.56 time, 500.02 real, 1428 MB
[runlim] sample:		1017.62 time, 510.02 real, 1436 MB
[runlim] sample:		1037.70 time, 520.02 real, 1429 MB
[runlim] sample:		1057.78 time, 530.02 real, 1438 MB
[runlim] sample:		1077.91 time, 540.02 real, 1438 MB
[runlim] sample:		1097.96 time, 550.02 real, 1492 MB
[runlim] sample:		1118.02 time, 560.02 real, 1501 MB
[runlim] sample:		1138.11 time, 570.02 real, 1503 MB
[runlim] sample:		1158.24 time, 580.02 real, 1504 MB
[runlim] sample:		1178.33 time, 590.02 real, 1576 MB
[runlim] sample:		1198.40 time, 600.02 real, 1594 MB
[runlim] sample:		1218.50 time, 610.02 real, 1596 MB
[runlim] sample:		1238.56 time, 620.02 real, 1599 MB
[runlim] sample:		1258.65 time, 630.02 real, 1646 MB
[runlim] sample:		1278.70 time, 640.02 real, 1603 MB
[runlim] sample:		655.41 time, 650.02 real, 843 MB
[runlim] sample:		1318.84 time, 660.02 real, 1541 MB
[runlim] sample:		1338.91 time, 670.02 real, 1638 MB
[runlim] sample:		1358.95 time, 680.02 real, 1669 MB
[runlim] sample:		695.67 time, 690.02 real, 848 MB
[runlim] sample:		1399.10 time, 700.02 real, 1699 MB
[runlim] sample:		1419.18 time, 710.02 real, 1699 MB
[runlim] sample:		1439.21 time, 720.02 real, 1705 MB
[runlim] sample:		735.97 time, 730.02 real, 855 MB
[runlim] sample:		1479.35 time, 740.02 real, 1727 MB
[runlim] sample:		1499.43 time, 750.02 real, 1759 MB
[runlim] sample:		1519.49 time, 760.02 real, 1761 MB
[runlim] sample:		1539.55 time, 770.02 real, 1761 MB
[runlim] sample:		1559.62 time, 780.02 real, 1761 MB
[runlim] sample:		1579.71 time, 790.02 real, 1761 MB
[runlim] sample:		1599.76 time, 800.02 real, 1761 MB
[runlim] sample:		1619.85 time, 810.02 real, 1730 MB
[runlim] sample:		1639.91 time, 820.02 real, 1757 MB
[runlim] sample:		1659.96 time, 830.02 real, 1757 MB
[runlim] sample:		1680.02 time, 840.02 real, 1757 MB
[runlim] sample:		1700.08 time, 850.02 real, 1758 MB
[runlim] sample:		1720.14 time, 860.02 real, 1758 MB
[runlim] sample:		1740.21 time, 870.02 real, 1729 MB
[runlim] sample:		886.91 time, 880.02 real, 981 MB
[runlim] sample:		1780.33 time, 890.02 real, 1802 MB
[runlim] sample:		1800.38 time, 900.02 real, 1802 MB
[runlim] sample:		1820.46 time, 910.02 real, 1796 MB
[runlim] sample:		927.17 time, 920.02 real, 906 MB
[runlim] sample:		1860.55 time, 930.02 real, 1815 MB
[runlim] sample:		1880.63 time, 940.02 real, 1880 MB
[runlim] sample:		1900.69 time, 950.02 real, 1838 MB
[runlim] sample:		1920.74 time, 960.02 real, 1859 MB
[runlim] sample:		1940.83 time, 970.02 real, 1876 MB
[runlim] sample:		1960.90 time, 980.02 real, 1827 MB
[runlim] sample:		1980.96 time, 990.02 real, 1883 MB
[runlim] sample:		2001.03 time, 1000.02 real, 1897 MB
[runlim] sample:		2021.10 time, 1010.02 real, 1897 MB
[runlim] sample:		2041.15 time, 1020.02 real, 1898 MB
[runlim] sample:		2061.21 time, 1030.02 real, 1899 MB
[runlim] sample:		2081.31 time, 1040.02 real, 1932 MB
[runlim] sample:		2101.38 time, 1050.02 real, 1946 MB
[runlim] sample:		2121.44 time, 1060.02 real, 1966 MB
[runlim] sample:		2141.49 time, 1070.02 real, 1966 MB
[runlim] sample:		2161.54 time, 1080.02 real, 1966 MB
[runlim] sample:		2181.56 time, 1090.02 real, 1975 MB
[runlim] sample:		2201.63 time, 1100.02 real, 1975 MB
[runlim] sample:		2221.72 time, 1110.02 real, 1923 MB
[runlim] sample:		2241.77 time, 1120.02 real, 1980 MB
[runlim] sample:		2261.84 time, 1130.02 real, 1980 MB
[runlim] sample:		2281.92 time, 1140.02 real, 2031 MB
[runlim] sample:		2302.07 time, 1150.02 real, 2032 MB
[runlim] sample:		2322.12 time, 1160.02 real, 2186 MB
[runlim] sample:		2342.18 time, 1170.02 real, 2078 MB
[runlim] sample:		2362.22 time, 1180.02 real, 2078 MB
[runlim] sample:		2382.36 time, 1190.02 real, 2078 MB
[runlim] sample:		2402.41 time, 1200.02 real, 2079 MB
[runlim] sample:		2422.47 time, 1210.02 real, 2084 MB
[runlim] sample:		2442.55 time, 1220.02 real, 2096 MB
[runlim] sample:		2462.65 time, 1230.02 real, 2100 MB
[runlim] sample:		2482.71 time, 1240.02 real, 2118 MB
[runlim] sample:		2502.76 time, 1250.02 real, 2119 MB
[runlim] sample:		2522.82 time, 1260.02 real, 2121 MB
[runlim] sample:		2542.89 time, 1270.02 real, 2154 MB
[runlim] sample:		2562.93 time, 1280.02 real, 2165 MB
[runlim] sample:		2583.01 time, 1290.02 real, 2165 MB
[runlim] sample:		1309.73 time, 1300.02 real, 1147 MB
[runlim] sample:		2623.12 time, 1310.02 real, 2099 MB
[runlim] sample:		2643.19 time, 1320.02 real, 2164 MB
[runlim] sample:		2663.26 time, 1330.02 real, 2182 MB
[runlim] sample:		1349.97 time, 1340.02 real, 1167 MB
[runlim] sample:		2703.36 time, 1350.02 real, 2189 MB
[runlim] sample:		2723.42 time, 1360.02 real, 2208 MB
[runlim] sample:		2743.51 time, 1370.02 real, 2160 MB
[runlim] sample:		2763.58 time, 1380.02 real, 2197 MB
[runlim] sample:		2783.64 time, 1390.02 real, 2197 MB
[runlim] sample:		2803.68 time, 1400.02 real, 2197 MB
[runlim] sample:		2823.75 time, 1410.02 real, 2208 MB
[runlim] sample:		2843.86 time, 1420.02 real, 2287 MB
[runlim] sample:		2863.91 time, 1430.02 real, 2301 MB
[runlim] sample:		2883.96 time, 1440.02 real, 2339 MB
[runlim] sample:		2904.02 time, 1450.02 real, 2339 MB
[runlim] sample:		2924.09 time, 1460.02 real, 2339 MB
[runlim] sample:		2944.15 time, 1470.02 real, 2339 MB
[runlim] sample:		2964.22 time, 1480.02 real, 2340 MB
[runlim] sample:		2984.27 time, 1490.02 real, 2340 MB
[runlim] sample:		3004.34 time, 1500.02 real, 2268 MB
[runlim] sample:		3024.40 time, 1510.02 real, 2365 MB
[runlim] sample:		3044.48 time, 1520.02 real, 2365 MB
[runlim] sample:		3064.57 time, 1530.02 real, 2348 MB
[runlim] sample:		3084.63 time, 1540.02 real, 2348 MB
[runlim] sample:		3104.71 time, 1550.02 real, 2284 MB
[runlim] sample:		3124.75 time, 1560.02 real, 2373 MB
[runlim] sample:		3144.83 time, 1570.02 real, 2373 MB
[runlim] sample:		3164.90 time, 1580.02 real, 2374 MB
[runlim] sample:		3184.97 time, 1590.02 real, 2203 MB
[runlim] sample:		3205.01 time, 1600.02 real, 2385 MB
[runlim] sample:		3225.12 time, 1610.02 real, 2385 MB
[runlim] sample:		3245.19 time, 1620.02 real, 2386 MB
[runlim] sample:		3265.27 time, 1630.02 real, 2409 MB
[runlim] sample:		3285.31 time, 1640.02 real, 2357 MB
[runlim] sample:		3305.42 time, 1650.02 real, 2358 MB
[runlim] sample:		3325.50 time, 1660.02 real, 2359 MB
[runlim] sample:		3345.56 time, 1670.02 real, 2381 MB
[runlim] sample:		3365.61 time, 1680.02 real, 2381 MB
[runlim] sample:		3385.68 time, 1690.02 real, 2382 MB
[runlim] sample:		1712.40 time, 1700.02 real, 1247 MB
[runlim] sample:		3425.81 time, 1710.02 real, 2384 MB
[runlim] sample:		3445.89 time, 1720.02 real, 2384 MB
[runlim] sample:		3465.95 time, 1730.02 real, 2422 MB
[runlim] sample:		3486.02 time, 1740.02 real, 2442 MB
[runlim] sample:		3506.08 time, 1750.02 real, 2442 MB
[runlim] sample:		3526.15 time, 1760.02 real, 2442 MB
[runlim] sample:		3546.23 time, 1770.02 real, 2442 MB
[runlim] sample:		3566.30 time, 1780.02 real, 2468 MB
[runlim] sample:		3586.36 time, 1790.02 real, 2468 MB
[runlim] sample:		3606.46 time, 1800.02 real, 2468 MB
[runlim] sample:		3626.54 time, 1810.02 real, 2579 MB
[runlim] sample:		3646.63 time, 1820.02 real, 2772 MB
[runlim] sample:		3666.71 time, 1830.02 real, 2643 MB
[runlim] sample:		3686.81 time, 1840.02 real, 2627 MB
[runlim] sample:		3706.88 time, 1850.02 real, 2626 MB
[runlim] sample:		3726.95 time, 1860.02 real, 2626 MB
[runlim] sample:		1883.67 time, 1870.02 real, 1409 MB
[runlim] sample:		3767.14 time, 1880.02 real, 2635 MB
[runlim] sample:		3787.20 time, 1890.02 real, 2635 MB
[runlim] sample:		3807.26 time, 1900.02 real, 2635 MB
[runlim] sample:		1924.00 time, 1910.02 real, 1409 MB
[runlim] sample:		3847.45 time, 1920.02 real, 2636 MB
[runlim] sample:		3867.54 time, 1930.02 real, 2636 MB
[runlim] sample:		3887.61 time, 1940.02 real, 2637 MB
[runlim] sample:		3907.73 time, 1950.02 real, 2637 MB
[runlim] sample:		3927.80 time, 1960.02 real, 2639 MB
[runlim] sample:		3947.88 time, 1970.02 real, 2639 MB
[runlim] sample:		3967.94 time, 1980.02 real, 2639 MB
[runlim] sample:		3988.02 time, 1990.02 real, 2639 MB
[runlim] sample:		4008.11 time, 2000.02 real, 2640 MB
[runlim] sample:		4028.16 time, 2010.02 real, 2640 MB
[runlim] sample:		4048.23 time, 2020.02 real, 2641 MB
[runlim] sample:		4068.31 time, 2030.02 real, 2641 MB
[runlim] sample:		4088.39 time, 2040.02 real, 2642 MB
[runlim] sample:		4108.50 time, 2050.02 real, 2642 MB
[runlim] sample:		2075.20 time, 2060.02 real, 1435 MB
[runlim] sample:		4148.63 time, 2070.02 real, 2763 MB
[runlim] sample:		4168.71 time, 2080.02 real, 2724 MB
[runlim] sample:		4188.75 time, 2090.02 real, 2724 MB
[runlim] sample:		2115.48 time, 2100.02 real, 1437 MB
[runlim] sample:		4228.91 time, 2110.02 real, 2725 MB
[runlim] sample:		4248.96 time, 2120.02 real, 2725 MB
[runlim] sample:		4269.01 time, 2130.02 real, 2725 MB
[runlim] sample:		4289.10 time, 2140.02 real, 2726 MB
[runlim] sample:		4309.18 time, 2150.02 real, 2726 MB
[runlim] sample:		4329.26 time, 2160.02 real, 2727 MB
[runlim] sample:		4349.32 time, 2170.02 real, 2727 MB
[runlim] sample:		4369.42 time, 2180.02 real, 2728 MB
[runlim] sample:		4389.52 time, 2190.02 real, 2728 MB
[runlim] sample:		4409.58 time, 2200.02 real, 2728 MB
[runlim] sample:		4429.66 time, 2210.02 real, 2699 MB
[runlim] sample:		4449.74 time, 2220.02 real, 2761 MB
[runlim] sample:		4469.79 time, 2230.02 real, 2761 MB
[runlim] sample:		4489.89 time, 2240.02 real, 2761 MB
[runlim] sample:		4509.95 time, 2250.02 real, 2895 MB
[runlim] sample:		4530.08 time, 2260.02 real, 2896 MB
[runlim] sample:		4550.17 time, 2270.02 real, 2897 MB
[runlim] sample:		4570.26 time, 2280.02 real, 2766 MB
[runlim] sample:		4590.34 time, 2290.02 real, 2767 MB
[runlim] sample:		4610.43 time, 2300.02 real, 2682 MB
[runlim] sample:		4630.50 time, 2310.02 real, 2767 MB
[runlim] sample:		4650.60 time, 2320.02 real, 2767 MB
[runlim] sample:		2347.27 time, 2330.02 real, 1443 MB
[runlim] sample:		4690.72 time, 2340.02 real, 2768 MB
[runlim] sample:		4710.80 time, 2350.02 real, 2768 MB
[runlim] sample:		4730.87 time, 2360.02 real, 2771 MB
[runlim] sample:		4750.96 time, 2370.02 real, 2770 MB
[runlim] sample:		4771.04 time, 2380.02 real, 2771 MB
[runlim] sample:		4791.10 time, 2390.02 real, 2775 MB
[runlim] sample:		4811.18 time, 2400.02 real, 2714 MB
[runlim] sample:		2427.88 time, 2410.02 real, 1453 MB
[runlim] sample:		4851.32 time, 2420.02 real, 2787 MB
[runlim] sample:		4871.38 time, 2430.02 real, 2903 MB
[runlim] sample:		4891.43 time, 2440.02 real, 2812 MB
[runlim] sample:		4911.51 time, 2450.02 real, 2814 MB
[runlim] sample:		4931.57 time, 2460.02 real, 2814 MB
[runlim] sample:		4951.63 time, 2470.02 real, 2815 MB
[runlim] sample:		4971.71 time, 2480.02 real, 2840 MB
[runlim] sample:		4991.85 time, 2490.02 real, 2816 MB
[runlim] sample:		5011.90 time, 2500.02 real, 2816 MB
[runlim] sample:		5031.97 time, 2510.02 real, 2816 MB
[runlim] sample:		5052.02 time, 2520.02 real, 2817 MB
[runlim] sample:		5072.10 time, 2530.02 real, 2817 MB
[runlim] sample:		5092.16 time, 2540.02 real, 2819 MB
[runlim] sample:		5112.22 time, 2550.02 real, 2832 MB
[runlim] sample:		2578.94 time, 2560.02 real, 1484 MB
[runlim] sample:		5152.37 time, 2570.02 real, 2834 MB
[runlim] sample:		5172.46 time, 2580.02 real, 2851 MB
[runlim] sample:		5192.53 time, 2590.02 real, 2851 MB
[runlim] sample:		2619.23 time, 2600.02 real, 1486 MB
[runlim] sample:		5232.68 time, 2610.02 real, 2852 MB
[runlim] sample:		5252.77 time, 2620.02 real, 2852 MB
[runlim] sample:		5272.87 time, 2630.02 real, 2872 MB
[runlim] sample:		2659.58 time, 2640.02 real, 1506 MB
[runlim] sample:		5313.01 time, 2650.02 real, 2902 MB
[runlim] sample:		5333.09 time, 2660.02 real, 2903 MB
[runlim] sample:		5353.16 time, 2670.02 real, 2903 MB
[runlim] sample:		2699.91 time, 2680.02 real, 1508 MB
[runlim] sample:		5393.37 time, 2690.02 real, 2905 MB
[runlim] sample:		5413.45 time, 2700.02 real, 2905 MB
[runlim] sample:		5433.56 time, 2710.02 real, 2943 MB
[runlim] sample:		2740.33 time, 2720.02 real, 1512 MB
[runlim] sample:		5473.78 time, 2730.02 real, 2886 MB
[runlim] sample:		2760.55 time, 2740.02 real, 1515 MB
[runlim] sample:		5513.96 time, 2750.02 real, 2863 MB
[runlim] sample:		2780.68 time, 2760.02 real, 1651 MB
[runlim] sample:		5554.19 time, 2770.02 real, 3023 MB
[runlim] sample:		5574.26 time, 2780.02 real, 3031 MB
[runlim] sample:		5594.32 time, 2790.02 real, 3031 MB
[runlim] sample:		2821.06 time, 2800.02 real, 1513 MB
[runlim] sample:		5634.51 time, 2810.02 real, 2974 MB
[runlim] sample:		5654.59 time, 2820.02 real, 2974 MB
[runlim] sample:		5674.68 time, 2830.02 real, 2994 MB
[runlim] sample:		2861.39 time, 2840.02 real, 1653 MB
[runlim] sample:		5714.83 time, 2850.02 real, 2976 MB
[runlim] sample:		5734.90 time, 2860.02 real, 2976 MB
[runlim] sample:		5754.98 time, 2870.02 real, 3171 MB
[runlim] sample:		2901.71 time, 2880.02 real, 1593 MB
[runlim] sample:		5795.19 time, 2890.02 real, 3026 MB
[runlim] sample:		5815.28 time, 2900.02 real, 3027 MB
[runlim] sample:		5835.38 time, 2910.02 real, 3027 MB
[runlim] sample:		5855.43 time, 2920.02 real, 2987 MB
[runlim] sample:		5875.56 time, 2930.02 real, 3083 MB
[runlim] sample:		2962.29 time, 2940.02 real, 1651 MB
[runlim] sample:		5915.73 time, 2950.02 real, 3083 MB
[runlim] sample:		2982.44 time, 2960.02 real, 1650 MB
[runlim] sample:		5955.91 time, 2970.02 real, 3084 MB
[runlim] sample:		5975.99 time, 2980.02 real, 3084 MB
[runlim] sample:		5996.10 time, 2990.02 real, 3084 MB
[runlim] sample:		3022.80 time, 3000.02 real, 1652 MB
[runlim] sample:		6036.25 time, 3010.02 real, 3084 MB
[runlim] sample:		6056.35 time, 3020.02 real, 3084 MB
[runlim] sample:		6076.45 time, 3030.02 real, 3093 MB
[runlim] sample:		3063.21 time, 3040.02 real, 1606 MB
[runlim] sample:		6116.66 time, 3050.02 real, 3049 MB
[runlim] sample:		6136.74 time, 3060.02 real, 3071 MB
[runlim] sample:		6156.82 time, 3070.02 real, 3071 MB
[runlim] sample:		3103.53 time, 3080.02 real, 1630 MB
[runlim] sample:		6197.00 time, 3090.02 real, 3072 MB
[runlim] sample:		6217.10 time, 3100.02 real, 3084 MB
[runlim] sample:		6237.19 time, 3110.02 real, 3084 MB
[runlim] sample:		6257.28 time, 3120.02 real, 3084 MB
[runlim] sample:		6277.41 time, 3130.02 real, 3085 MB
[runlim] sample:		3164.11 time, 3140.02 real, 1629 MB
[runlim] sample:		6317.52 time, 3150.02 real, 3085 MB
[runlim] sample:		6337.58 time, 3160.02 real, 3085 MB
[runlim] sample:		6357.68 time, 3170.02 real, 3086 MB
[runlim] sample:		6377.76 time, 3180.02 real, 3087 MB
[runlim] sample:		6397.83 time, 3190.02 real, 3050 MB
[runlim] sample:		6417.91 time, 3200.02 real, 3092 MB
[runlim] sample:		6437.97 time, 3210.02 real, 3158 MB
[runlim] sample:		6458.05 time, 3220.02 real, 3095 MB
[runlim] sample:		6478.15 time, 3230.02 real, 3095 MB
[runlim] sample:		6498.22 time, 3240.02 real, 3095 MB
[runlim] sample:		6518.26 time, 3250.02 real, 3095 MB
[runlim] sample:		6538.36 time, 3260.02 real, 3095 MB
[runlim] sample:		6558.44 time, 3270.02 real, 3096 MB
[runlim] sample:		6578.51 time, 3280.02 real, 3099 MB
[runlim] sample:		6598.59 time, 3290.02 real, 3099 MB
[runlim] sample:		6618.64 time, 3300.02 real, 3099 MB
[runlim] sample:		6638.69 time, 3310.02 real, 3099 MB
[runlim] sample:		6658.78 time, 3320.02 real, 3099 MB
[runlim] sample:		6678.85 time, 3330.02 real, 3118 MB
[runlim] sample:		6698.93 time, 3340.02 real, 3119 MB
[runlim] sample:		3375.59 time, 3350.02 real, 1660 MB
[runlim] sample:		6739.03 time, 3360.02 real, 3119 MB
[runlim] sample:		6759.11 time, 3370.02 real, 3120 MB
[runlim] sample:		6779.18 time, 3380.02 real, 3125 MB
[runlim] sample:		3415.88 time, 3390.02 real, 1659 MB
[runlim] sample:		6819.30 time, 3400.02 real, 3129 MB
[runlim] sample:		6839.36 time, 3410.02 real, 3216 MB
[runlim] sample:		6859.42 time, 3420.02 real, 3129 MB
[runlim] sample:		3456.17 time, 3430.02 real, 1662 MB
[runlim] sample:		6899.60 time, 3440.02 real, 3180 MB
[runlim] sample:		6919.66 time, 3450.02 real, 3181 MB
[runlim] sample:		6939.71 time, 3460.02 real, 3181 MB
[runlim] sample:		6959.82 time, 3470.02 real, 3181 MB
[runlim] sample:		6979.88 time, 3480.02 real, 3182 MB
[runlim] sample:		6999.96 time, 3490.02 real, 3183 MB
[runlim] sample:		7020.04 time, 3500.02 real, 3183 MB
[runlim] sample:		7040.14 time, 3510.02 real, 3183 MB
[runlim] sample:		7060.21 time, 3520.02 real, 3183 MB
[runlim] sample:		7080.31 time, 3530.02 real, 3183 MB
[runlim] sample:		7100.36 time, 3540.02 real, 3186 MB
[runlim] sample:		7120.46 time, 3550.02 real, 3196 MB
[runlim] sample:		39114.98 time, 3560.02 real, 5491 MB
[runlim] sample:		39127.26 time, 3570.01 real, 17 MB
[runlim] end:			Fri Oct 18 22:54:52 2019
[runlim] status:		ok
[runlim] result:		0
[runlim] children:		5129
[runlim] real:			3570.09 seconds
[runlim] time:			39127.29 seconds
[runlim] space:			7021 MB
[runlim] samples:		35700
