[runlim] version:		1.17
[runlim] host:			c3n30
[runlim] time limit:		311040000 seconds
[runlim] real time limit:	3600 seconds
[runlim] space limit:		120000 MB
[runlim] argv[0]:		./run-avr.sh
[runlim] argv[1]:		/tmp/UVlfYAP0.btor
[runlim] start:			Fri Oct 18 21:56:56 2019
[runlim] child:			31891
[runlim] sample:		13.62 time, 10.02 real, 395 MB
[runlim] sample:		33.75 time, 20.02 real, 583 MB
[runlim] sample:		53.84 time, 30.02 real, 684 MB
[runlim] sample:		73.94 time, 40.02 real, 766 MB
[runlim] sample:		94.02 time, 50.02 real, 829 MB
[runlim] sample:		114.08 time, 60.02 real, 887 MB
[runlim] sample:		134.14 time, 70.02 real, 930 MB
[runlim] sample:		154.22 time, 80.02 real, 1021 MB
[runlim] sample:		90.93 time, 90.02 real, 367 MB
[runlim] sample:		194.42 time, 100.02 real, 1108 MB
[runlim] sample:		214.51 time, 110.02 real, 1142 MB
[runlim] sample:		234.56 time, 120.02 real, 1169 MB
[runlim] sample:		131.18 time, 130.02 real, 378 MB
[runlim] sample:		274.60 time, 140.02 real, 1282 MB
[runlim] sample:		294.66 time, 150.02 real, 1269 MB
[runlim] sample:		314.70 time, 160.02 real, 1265 MB
[runlim] sample:		334.79 time, 170.02 real, 1344 MB
[runlim] sample:		354.88 time, 180.02 real, 1354 MB
[runlim] sample:		374.95 time, 190.02 real, 1373 MB
[runlim] end:			Fri Oct 18 22:00:13 2019
[runlim] status:		ok
[runlim] result:		0
[runlim] children:		361
[runlim] real:			196.83 seconds
[runlim] time:			388.43 seconds
[runlim] space:			1415 MB
[runlim] samples:		1968
