c host: c3n10
c start: Fri Oct 18 23:27:27 CEST 2019
c arrayjobid: 17567257
c jobid: 17567733
c benchmark: /home/mathias/hwmcc19/benchmarks-single/btor2/wolf/2019C/dblclockfft_butterfly_ck3_r2-p157.btor
c solver: ./run-avr.sh
c solver options: 
c tmpdir: /tmp/slurm.17567733.0
	(output dir: /tmp//pr_test/work_w2)
	(frontend: btor2)
	(property: all (1 assertions))
	(1399 / 3977 flops initialized)
	(abstraction: sa+uf)
   0	: 0	: 0 s: 0    0s                  
   0	: 1	: 0 0 s: 0    0s                     0	: 1	: 0 1 s: 1    0s                     0	: 1	: 0 1 s: 1    0s                  
   0	: 2	: 0 1 0 s: 1    0s                     0	: 2	: 0 1 1 s: 2    0s                     0	: 2	: 0 1 1 s: 2    0s                  
   0	: 3	: 0 1 1 0 s: 2    0s                     0	: 3	: 0 1 1 1 s: 3    0s                     0	: 3	: 0 1 1 1 s: 3    0s                  
   0	: 4	: 0 1 1 1 0 s: 3    0s                     0	: 4	: 0 1 1 1 1 s: 4    0s                     0	: 4	: 0 1 1 1 1 s: 4    0s                  
   0	: 5	: 0 1 1 1 1 0 s: 4    0s                     0	: 5	: 0 1 1 1 1 1 s: 5    0s                     0	: 5	: 0 1 1 1 1 1 s: 5    0s                  
   0	: 6	: 0 1 1 1 1 1 0 s: 5    0s                     0	: 6	: 0 1 1 1 1 1 1 s: 6    0s                     0	: 6	: 0 1 1 1 1 1 1 s: 6    0s                  
   0	: 6	: 0 0 2 1 1 1 1 s: 6    0s                  
      Result        Time        Mem.       #Refs           
                     sec          MB                       
           h        0.07          25           0
AVR -- Proof Race 
copyright (c) 2019  Aman Goel and Karem Sakallah, University of Michigan
@     0s  (starting avr proof race)
@     0s  (output dir: /tmp//pr_test)
@     0s  (max 11 workers)
@     0s  (started worker 0 with pid 30768)
@     0s  (started worker 1 with pid 30769)
@     0s  (started worker 2 with pid 30770)
@     0s  (started worker 3 with pid 30771)
@     0s  (started worker 4 with pid 30772)
@     0s  (spawned 5 workers)
@     0s  (total 5 workers using 0 MB)
@     0s  (worker 2 finished with result safe) python3 avr.py
@     0s  (worker 2 output)
@     0s  (stopping all workers)
@     0s  (copied results from worker 2 in /tmp//pr_test)
@     0s  [0;30;47m(proof race finished with answer safe in 0.31 seconds)[m
unsat
b0
c done
