c host: c3n29
c start: Fri Oct 18 23:39:19 CEST 2019
c arrayjobid: 17567257
c jobid: 17567865
c benchmark: /home/mathias/hwmcc19/benchmarks-single/btor2/wolf/2019C/zipcpu_zipcpu_piped-p385.btor
c solver: ./run-avr.sh
c solver options: 
c tmpdir: /tmp/slurm.17567865.0
	(output dir: /tmp//pr_test/work_w3)
	(frontend: btor2)
	(property: all (1 assertions))
	(1157 / 3834 flops initialized)
	(abstraction: sa+uf)
   0	: 0	: 0 s: 0    0s                  
   0	: 1	: 0 0 s: 0    0s                     0	: 1	: 0 1 s: 1    0s                     0	: 1	: 0 2 s: 2    0s                     0	: 1	: 0 2 s: 2    0s                  
   0	: 2	: 0 2 0 s: 2    0s                     0	: 2	: 0 2 1 s: 3    0s                     0	: 2	: 0 2 2 s: 4    0s                     0	: 2	: 0 2 2 s: 4    0s                  
   0	: 3	: 0 2 1 1 s: 4    0s                     0	: 3	: 0 2 1 2 s: 5    0s                     0	: 3	: 0 2 1 2 s: 5    0s                  
   0	: 4	: 0 2 1 2 0 s: 5    0s                     0	: 4	: 0 2 1 2 1 s: 6    0s                     0	: 4	: 0 2 1 2 2 s: 7    0s                     0	: 4	: 0 2 1 2 2 s: 7    0s                  
   0	: 4	: 0 2 1 2 0 s: 5    0s                  
      Result        Time        Mem.       #Refs           
                     sec          MB                       
           h        0.91          75           0
AVR -- Proof Race 
copyright (c) 2019  Aman Goel and Karem Sakallah, University of Michigan
@     0s  (starting avr proof race)
@     0s  (output dir: /tmp//pr_test)
@     0s  (max 11 workers)
@     0s  (started worker 0 with pid 5596)
@     0s  (started worker 1 with pid 5597)
@     0s  (started worker 2 with pid 5598)
@     0s  (started worker 3 with pid 5599)
@     0s  (started worker 4 with pid 5600)
@     0s  (spawned 5 workers)
@     0s  (total 5 workers using 0 MB)
@     0s  (worker 0 finished with result unknown) python3 avr.py -a sa
@     0s  (worker 4 finished with result unknown) python3 avr.py -b bin_y2 --bmc
@     1s  (started worker 5 with pid 5721)
@     1s  (spawned 1 workers)
@     1s  (total 4 workers using 126 MB)
@     1s  (worker 1 finished with result unknown) python3 avr.py -b bin_bt_cadical -s --bmc
@     1s  (worker 2 finished with result unknown) python3 avr.py
@     1s  (worker 5 finished with result unknown) python3 avr.py -b bin_bt_cadical -g 3 -l 0 -a sa32
@     1s  (started worker 6 with pid 5759)
@     1s  (spawned 1 workers)
@     1s  (total 2 workers using 77 MB)
@     1s  (worker 3 finished with result safe) python3 avr.py -b bin_y2 -s
@     1s  (worker 3 output)
@     1s  (stopping all workers)
@     1s  (copied results from worker 3 in /tmp//pr_test)
@     1s  [0;30;47m(proof race finished with answer safe in 1.34 seconds)[m
unsat
b0
c done
