[runlim] version:		1.17
[runlim] host:			c3n07
[runlim] time limit:		311040000 seconds
[runlim] real time limit:	3600 seconds
[runlim] space limit:		120000 MB
[runlim] argv[0]:		./run-avr.sh
[runlim] argv[1]:		/tmp/BwfCqvXP.btor
[runlim] start:			Fri Oct 18 21:21:21 2019
[runlim] child:			22266
[runlim] sample:		14.43 time, 10.02 real, 235 MB
[runlim] sample:		34.51 time, 20.02 real, 290 MB
[runlim] sample:		54.61 time, 30.02 real, 347 MB
[runlim] sample:		74.70 time, 40.02 real, 380 MB
[runlim] sample:		94.78 time, 50.02 real, 391 MB
[runlim] sample:		114.85 time, 60.02 real, 411 MB
[runlim] sample:		134.90 time, 70.02 real, 434 MB
[runlim] sample:		154.96 time, 80.02 real, 451 MB
[runlim] sample:		174.99 time, 90.02 real, 480 MB
[runlim] sample:		195.07 time, 100.02 real, 491 MB
[runlim] sample:		215.12 time, 110.02 real, 491 MB
[runlim] sample:		235.16 time, 120.02 real, 512 MB
[runlim] sample:		255.21 time, 130.02 real, 513 MB
[runlim] sample:		275.24 time, 140.02 real, 519 MB
[runlim] sample:		295.30 time, 150.02 real, 548 MB
[runlim] sample:		315.39 time, 160.02 real, 556 MB
[runlim] sample:		335.44 time, 170.02 real, 583 MB
[runlim] sample:		355.49 time, 180.02 real, 583 MB
[runlim] sample:		375.54 time, 190.02 real, 584 MB
[runlim] sample:		395.58 time, 200.02 real, 584 MB
[runlim] sample:		415.62 time, 210.02 real, 603 MB
[runlim] sample:		435.66 time, 220.02 real, 624 MB
[runlim] sample:		231.70 time, 230.02 real, 154 MB
[runlim] sample:		475.75 time, 240.02 real, 644 MB
[runlim] sample:		495.81 time, 250.02 real, 644 MB
[runlim] sample:		515.86 time, 260.02 real, 673 MB
[runlim] sample:		535.95 time, 270.02 real, 707 MB
[runlim] sample:		556.01 time, 280.02 real, 749 MB
[runlim] sample:		576.07 time, 290.02 real, 749 MB
[runlim] sample:		596.11 time, 300.02 real, 750 MB
[runlim] sample:		616.16 time, 310.02 real, 751 MB
[runlim] sample:		636.21 time, 320.02 real, 755 MB
[runlim] sample:		656.30 time, 330.02 real, 757 MB
[runlim] sample:		676.35 time, 340.02 real, 768 MB
[runlim] sample:		696.40 time, 350.02 real, 771 MB
[runlim] sample:		716.45 time, 360.02 real, 771 MB
[runlim] end:			Fri Oct 18 21:27:24 2019
[runlim] status:		ok
[runlim] result:		0
[runlim] children:		464
[runlim] real:			362.86 seconds
[runlim] time:			1084.54 seconds
[runlim] space:			772 MB
[runlim] samples:		3628
