[runlim] version:		1.17
[runlim] host:			c3n31
[runlim] time limit:		311040000 seconds
[runlim] real time limit:	3600 seconds
[runlim] space limit:		120000 MB
[runlim] argv[0]:		./run-avr.sh
[runlim] argv[1]:		/tmp/X5JR2gQT.btor
[runlim] start:			Fri Oct 18 22:57:51 2019
[runlim] child:			5779
[runlim] sample:		13.41 time, 10.02 real, 676 MB
[runlim] sample:		20.41 time, 20.02 real, 231 MB
[runlim] sample:		53.65 time, 30.02 real, 2312 MB
[runlim] sample:		73.81 time, 40.02 real, 3122 MB
[runlim] sample:		93.89 time, 50.02 real, 3590 MB
[runlim] sample:		114.03 time, 60.02 real, 3482 MB
[runlim] sample:		134.11 time, 70.02 real, 4274 MB
[runlim] sample:		154.16 time, 80.02 real, 4155 MB
[runlim] sample:		174.21 time, 90.02 real, 5162 MB
[runlim] sample:		194.30 time, 100.02 real, 5192 MB
[runlim] sample:		214.38 time, 110.02 real, 6156 MB
[runlim] sample:		234.42 time, 120.02 real, 5889 MB
[runlim] sample:		254.51 time, 130.02 real, 6155 MB
[runlim] sample:		274.64 time, 140.02 real, 7052 MB
[runlim] sample:		294.70 time, 150.02 real, 7255 MB
[runlim] sample:		314.79 time, 160.02 real, 6488 MB
[runlim] sample:		334.86 time, 170.02 real, 6765 MB
[runlim] sample:		354.99 time, 180.02 real, 7898 MB
[runlim] sample:		375.09 time, 190.02 real, 7253 MB
[runlim] sample:		395.18 time, 200.02 real, 7888 MB
[runlim] sample:		415.26 time, 210.02 real, 8044 MB
[runlim] sample:		435.34 time, 220.02 real, 7844 MB
[runlim] sample:		455.43 time, 230.02 real, 9145 MB
[runlim] sample:		475.55 time, 240.02 real, 8281 MB
[runlim] sample:		495.59 time, 250.02 real, 8926 MB
[runlim] sample:		515.68 time, 260.02 real, 9041 MB
[runlim] sample:		535.76 time, 270.02 real, 9206 MB
[runlim] sample:		555.84 time, 280.02 real, 11053 MB
[runlim] sample:		575.93 time, 290.02 real, 10712 MB
[runlim] sample:		596.01 time, 300.02 real, 9934 MB
[runlim] sample:		616.07 time, 310.02 real, 10657 MB
[runlim] sample:		636.15 time, 320.02 real, 11670 MB
[runlim] sample:		656.23 time, 330.02 real, 11547 MB
[runlim] sample:		676.38 time, 340.02 real, 10895 MB
[runlim] sample:		696.43 time, 350.02 real, 11176 MB
[runlim] sample:		716.51 time, 360.02 real, 11298 MB
[runlim] sample:		736.57 time, 370.02 real, 11160 MB
[runlim] sample:		756.69 time, 380.02 real, 12928 MB
[runlim] sample:		776.74 time, 390.02 real, 12788 MB
[runlim] sample:		796.83 time, 400.02 real, 12149 MB
[runlim] sample:		816.92 time, 410.02 real, 13315 MB
[runlim] sample:		837.01 time, 420.02 real, 11689 MB
[runlim] sample:		857.11 time, 430.02 real, 12901 MB
[runlim] sample:		877.21 time, 440.02 real, 13696 MB
[runlim] sample:		897.26 time, 450.02 real, 12151 MB
[runlim] sample:		917.37 time, 460.02 real, 12936 MB
[runlim] sample:		937.46 time, 470.02 real, 12494 MB
[runlim] sample:		957.55 time, 480.02 real, 14370 MB
[runlim] sample:		977.63 time, 490.02 real, 12815 MB
[runlim] sample:		504.68 time, 500.02 real, 725 MB
[runlim] sample:		1017.88 time, 510.02 real, 13083 MB
[runlim] sample:		1037.99 time, 520.02 real, 13040 MB
[runlim] sample:		1058.07 time, 530.02 real, 12914 MB
[runlim] sample:		545.05 time, 540.02 real, 730 MB
[runlim] sample:		1098.23 time, 550.02 real, 15040 MB
[runlim] sample:		1118.32 time, 560.02 real, 14385 MB
[runlim] sample:		1138.39 time, 570.02 real, 13622 MB
[runlim] sample:		585.34 time, 580.02 real, 772 MB
[runlim] sample:		1178.56 time, 590.02 real, 14886 MB
[runlim] sample:		1198.64 time, 600.02 real, 13726 MB
[runlim] sample:		1218.70 time, 610.02 real, 15549 MB
[runlim] sample:		1238.80 time, 620.02 real, 14832 MB
[runlim] sample:		1258.91 time, 630.02 real, 14131 MB
[runlim] sample:		645.86 time, 640.02 real, 823 MB
[runlim] sample:		1299.04 time, 650.02 real, 13966 MB
[runlim] sample:		666.04 time, 660.02 real, 823 MB
[runlim] sample:		1339.23 time, 670.02 real, 16246 MB
[runlim] sample:		1359.37 time, 680.02 real, 16514 MB
[runlim] sample:		1379.46 time, 690.02 real, 14690 MB
[runlim] sample:		1399.54 time, 700.02 real, 15486 MB
[runlim] sample:		1419.65 time, 710.02 real, 16305 MB
[runlim] sample:		1439.75 time, 720.02 real, 17073 MB
[runlim] sample:		1459.81 time, 730.02 real, 17695 MB
[runlim] sample:		746.79 time, 740.02 real, 841 MB
[runlim] sample:		1499.95 time, 750.02 real, 16860 MB
[runlim] sample:		1520.04 time, 760.02 real, 15490 MB
[runlim] sample:		1540.14 time, 770.02 real, 15566 MB
[runlim] sample:		1560.22 time, 780.02 real, 15608 MB
[runlim] sample:		1580.29 time, 790.02 real, 16173 MB
[runlim] sample:		1600.39 time, 800.02 real, 18358 MB
[runlim] sample:		1620.44 time, 810.02 real, 18418 MB
[runlim] sample:		1640.52 time, 820.02 real, 18398 MB
[runlim] sample:		1660.62 time, 830.02 real, 17942 MB
[runlim] sample:		1680.66 time, 840.02 real, 17486 MB
[runlim] sample:		1700.76 time, 850.02 real, 16973 MB
[runlim] sample:		1720.83 time, 860.02 real, 16342 MB
[runlim] sample:		1740.92 time, 870.02 real, 19003 MB
[runlim] sample:		1761.01 time, 880.02 real, 18487 MB
[runlim] sample:		1781.09 time, 890.02 real, 17513 MB
[runlim] sample:		1801.17 time, 900.02 real, 16583 MB
[runlim] sample:		1821.23 time, 910.02 real, 19263 MB
[runlim] sample:		1841.30 time, 920.02 real, 18050 MB
[runlim] sample:		1861.39 time, 930.02 real, 16866 MB
[runlim] sample:		1881.46 time, 940.02 real, 19292 MB
[runlim] sample:		1901.56 time, 950.02 real, 21744 MB
[runlim] sample:		1921.64 time, 960.02 real, 20165 MB
[runlim] sample:		1941.74 time, 970.02 real, 21998 MB
[runlim] sample:		1961.79 time, 980.02 real, 20811 MB
[runlim] sample:		998.84 time, 990.02 real, 1004 MB
[runlim] sample:		2001.98 time, 1000.02 real, 20097 MB
[runlim] sample:		2022.06 time, 1010.02 real, 22196 MB
[runlim] sample:		2042.12 time, 1020.02 real, 20134 MB
[runlim] sample:		1039.10 time, 1030.02 real, 1033 MB
[runlim] sample:		2082.26 time, 1040.02 real, 19837 MB
[runlim] sample:		2102.35 time, 1050.02 real, 21719 MB
[runlim] sample:		2122.41 time, 1060.02 real, 22748 MB
[runlim] sample:		3200.76 time, 1070.02 real, 21126 MB
[runlim] sample:		3220.81 time, 1080.02 real, 22830 MB
[runlim] sample:		3240.87 time, 1090.02 real, 20019 MB
[runlim] sample:		3260.94 time, 1100.02 real, 20770 MB
[runlim] sample:		3281.01 time, 1110.02 real, 22326 MB
[runlim] sample:		3301.05 time, 1120.02 real, 23232 MB
[runlim] sample:		3321.13 time, 1130.02 real, 20928 MB
[runlim] sample:		3341.19 time, 1140.02 real, 22255 MB
[runlim] sample:		3361.29 time, 1150.02 real, 23480 MB
[runlim] sample:		3381.35 time, 1160.02 real, 20476 MB
[runlim] sample:		3401.43 time, 1170.02 real, 21491 MB
[runlim] sample:		3421.52 time, 1180.02 real, 22639 MB
[runlim] sample:		3441.62 time, 1190.02 real, 20686 MB
[runlim] sample:		3461.66 time, 1200.02 real, 20806 MB
[runlim] sample:		3481.73 time, 1210.02 real, 21590 MB
[runlim] sample:		2288.75 time, 1220.02 real, 1091 MB
[runlim] sample:		3521.86 time, 1230.02 real, 23216 MB
[runlim] sample:		3541.92 time, 1240.02 real, 24020 MB
[runlim] sample:		3561.98 time, 1250.02 real, 24275 MB
[runlim] sample:		3582.08 time, 1260.02 real, 21125 MB
[runlim] sample:		3602.16 time, 1270.02 real, 21441 MB
[runlim] sample:		3622.24 time, 1280.02 real, 21881 MB
[runlim] sample:		3642.31 time, 1290.02 real, 22392 MB
[runlim] sample:		3662.41 time, 1300.02 real, 22776 MB
[runlim] sample:		3682.46 time, 1310.02 real, 23159 MB
[runlim] sample:		3702.53 time, 1320.02 real, 23463 MB
[runlim] sample:		3722.60 time, 1330.02 real, 23696 MB
[runlim] sample:		3742.66 time, 1340.02 real, 23754 MB
[runlim] sample:		2419.65 time, 1350.02 real, 1187 MB
[runlim] sample:		3782.76 time, 1360.02 real, 23915 MB
[runlim] sample:		3802.85 time, 1370.02 real, 23873 MB
[runlim] sample:		3822.93 time, 1380.02 real, 23785 MB
[runlim] sample:		3842.99 time, 1390.02 real, 23714 MB
[runlim] sample:		3863.06 time, 1400.02 real, 23520 MB
[runlim] sample:		3883.14 time, 1410.02 real, 23280 MB
[runlim] sample:		3903.23 time, 1420.02 real, 23035 MB
[runlim] sample:		3923.28 time, 1430.02 real, 22749 MB
[runlim] sample:		3943.38 time, 1440.02 real, 26031 MB
[runlim] sample:		3963.49 time, 1450.02 real, 25567 MB
[runlim] sample:		3983.56 time, 1460.02 real, 24431 MB
[runlim] sample:		4003.60 time, 1470.02 real, 23943 MB
[runlim] sample:		4023.69 time, 1480.02 real, 23391 MB
[runlim] sample:		4043.78 time, 1490.02 real, 23977 MB
[runlim] sample:		4063.86 time, 1500.02 real, 25825 MB
[runlim] sample:		4083.92 time, 1510.02 real, 24960 MB
[runlim] sample:		2590.99 time, 1520.02 real, 1234 MB
[runlim] sample:		4124.13 time, 1530.02 real, 23289 MB
[runlim] sample:		4144.20 time, 1540.02 real, 26922 MB
[runlim] sample:		4164.26 time, 1550.02 real, 26661 MB
[runlim] sample:		2631.35 time, 1560.02 real, 1264 MB
[runlim] sample:		4204.45 time, 1570.02 real, 24763 MB
[runlim] sample:		4224.51 time, 1580.02 real, 23660 MB
[runlim] sample:		4244.57 time, 1590.02 real, 27277 MB
[runlim] sample:		4264.66 time, 1600.02 real, 26511 MB
[runlim] sample:		4284.73 time, 1610.02 real, 25266 MB
[runlim] sample:		4304.82 time, 1620.02 real, 24037 MB
[runlim] sample:		4324.90 time, 1630.02 real, 27533 MB
[runlim] sample:		4344.97 time, 1640.02 real, 26556 MB
[runlim] sample:		4365.03 time, 1650.02 real, 25101 MB
[runlim] sample:		4385.15 time, 1660.02 real, 26448 MB
[runlim] sample:		2742.19 time, 1670.02 real, 1280 MB
[runlim] sample:		4425.29 time, 1680.02 real, 25702 MB
[runlim] sample:		4445.36 time, 1690.02 real, 27629 MB
[runlim] sample:		4465.44 time, 1700.02 real, 25619 MB
[runlim] sample:		4485.52 time, 1710.02 real, 28093 MB
[runlim] sample:		4505.55 time, 1720.02 real, 28386 MB
[runlim] sample:		4525.64 time, 1730.02 real, 27643 MB
[runlim] sample:		2812.66 time, 1740.02 real, 1307 MB
[runlim] sample:		4565.78 time, 1750.02 real, 28463 MB
[runlim] sample:		4585.85 time, 1760.02 real, 27630 MB
[runlim] sample:		4605.92 time, 1770.02 real, 25733 MB
[runlim] sample:		2852.94 time, 1780.02 real, 1306 MB
[runlim] sample:		4646.04 time, 1790.02 real, 27177 MB
[runlim] sample:		4666.10 time, 1800.02 real, 25155 MB
[runlim] sample:		4686.15 time, 1810.02 real, 28560 MB
[runlim] sample:		4706.26 time, 1820.02 real, 26431 MB
[runlim] sample:		4726.31 time, 1830.02 real, 28953 MB
[runlim] sample:		4746.39 time, 1840.02 real, 27620 MB
[runlim] sample:		4766.45 time, 1850.02 real, 25349 MB
[runlim] sample:		4786.53 time, 1860.02 real, 28656 MB
[runlim] sample:		4806.60 time, 1870.02 real, 26396 MB
[runlim] sample:		4826.65 time, 1880.02 real, 29256 MB
[runlim] sample:		4846.72 time, 1890.02 real, 27295 MB
[runlim] sample:		4866.75 time, 1900.02 real, 29373 MB
[runlim] sample:		4886.83 time, 1910.02 real, 27956 MB
[runlim] sample:		4906.88 time, 1920.02 real, 25486 MB
[runlim] sample:		4926.95 time, 1930.02 real, 28466 MB
[runlim] sample:		4947.01 time, 1940.02 real, 25773 MB
[runlim] sample:		4967.09 time, 1950.02 real, 28762 MB
[runlim] sample:		3034.13 time, 1960.02 real, 1331 MB
[runlim] sample:		5007.23 time, 1970.02 real, 28956 MB
[runlim] sample:		5027.28 time, 1980.02 real, 29945 MB
[runlim] sample:		5047.37 time, 1990.02 real, 27191 MB
[runlim] sample:		5067.44 time, 2000.02 real, 29994 MB
[runlim] sample:		5087.48 time, 2010.02 real, 27019 MB
[runlim] sample:		5107.58 time, 2020.02 real, 29784 MB
[runlim] sample:		5127.64 time, 2030.02 real, 26694 MB
[runlim] sample:		5147.71 time, 2040.02 real, 29383 MB
[runlim] sample:		5167.76 time, 2050.02 real, 26179 MB
[runlim] sample:		5187.83 time, 2060.02 real, 28815 MB
[runlim] sample:		3144.87 time, 2070.02 real, 1333 MB
[runlim] sample:		5227.98 time, 2080.02 real, 28255 MB
[runlim] sample:		5248.06 time, 2090.02 real, 30489 MB
[runlim] sample:		5268.11 time, 2100.02 real, 27506 MB
[runlim] sample:		5288.23 time, 2110.02 real, 29957 MB
[runlim] sample:		5308.27 time, 2120.02 real, 26453 MB
[runlim] sample:		5328.33 time, 2130.02 real, 28920 MB
[runlim] sample:		5348.39 time, 2140.02 real, 30862 MB
[runlim] sample:		5368.49 time, 2150.02 real, 27548 MB
[runlim] sample:		5388.58 time, 2160.02 real, 29946 MB
[runlim] sample:		5408.65 time, 2170.02 real, 29534 MB
[runlim] sample:		3255.74 time, 2180.02 real, 1353 MB
[runlim] sample:		5448.82 time, 2190.02 real, 30855 MB
[runlim] sample:		5468.90 time, 2200.02 real, 27158 MB
[runlim] sample:		5488.96 time, 2210.02 real, 29302 MB
[runlim] sample:		5509.05 time, 2220.02 real, 31224 MB
[runlim] sample:		5529.08 time, 2230.02 real, 27281 MB
[runlim] sample:		5549.16 time, 2240.02 real, 29405 MB
[runlim] sample:		5569.23 time, 2250.02 real, 31407 MB
[runlim] sample:		5589.31 time, 2260.02 real, 27316 MB
[runlim] sample:		5609.40 time, 2270.02 real, 29281 MB
[runlim] sample:		5629.46 time, 2280.02 real, 29407 MB
[runlim] sample:		5649.55 time, 2290.02 real, 31372 MB
[runlim] sample:		5669.63 time, 2300.02 real, 31730 MB
[runlim] sample:		5689.70 time, 2310.02 real, 27844 MB
[runlim] sample:		5709.79 time, 2320.02 real, 29726 MB
[runlim] sample:		5729.86 time, 2330.02 real, 31585 MB
[runlim] sample:		5749.90 time, 2340.02 real, 27418 MB
[runlim] sample:		5769.95 time, 2350.02 real, 27418 MB
[runlim] sample:		5790.03 time, 2360.02 real, 27418 MB
[runlim] sample:		5810.08 time, 2370.02 real, 27419 MB
[runlim] sample:		5830.14 time, 2380.02 real, 14933 MB
[runlim] sample:		7641.05 time, 2390.02 real, 4734 MB
[runlim] sample:		7651.11 time, 2400.02 real, 4755 MB
[runlim] sample:		7661.16 time, 2410.02 real, 4755 MB
[runlim] sample:		7671.20 time, 2420.02 real, 4755 MB
[runlim] sample:		7681.28 time, 2430.02 real, 4756 MB
[runlim] sample:		7691.34 time, 2440.02 real, 4757 MB
[runlim] sample:		7701.39 time, 2450.02 real, 4757 MB
[runlim] sample:		7711.46 time, 2460.02 real, 4757 MB
[runlim] sample:		7721.50 time, 2470.02 real, 4758 MB
[runlim] sample:		7731.56 time, 2480.02 real, 4758 MB
[runlim] sample:		5941.71 time, 2490.02 real, 1410 MB
[runlim] sample:		7751.69 time, 2500.02 real, 4758 MB
[runlim] sample:		7761.77 time, 2510.02 real, 4758 MB
[runlim] sample:		7771.82 time, 2520.02 real, 4758 MB
[runlim] sample:		7781.88 time, 2530.02 real, 4758 MB
[runlim] sample:		7791.94 time, 2540.02 real, 4758 MB
[runlim] sample:		7801.99 time, 2550.02 real, 4759 MB
[runlim] sample:		7812.06 time, 2560.02 real, 4759 MB
[runlim] sample:		7822.11 time, 2570.02 real, 4760 MB
[runlim] sample:		7832.15 time, 2580.02 real, 4760 MB
[runlim] sample:		7842.24 time, 2590.02 real, 4761 MB
[runlim] sample:		7852.29 time, 2600.02 real, 4761 MB
[runlim] sample:		7862.36 time, 2610.02 real, 4762 MB
[runlim] sample:		7872.41 time, 2620.02 real, 4762 MB
[runlim] sample:		7882.46 time, 2630.02 real, 4762 MB
[runlim] sample:		7892.50 time, 2640.02 real, 4762 MB
[runlim] sample:		6102.61 time, 2650.02 real, 1417 MB
[runlim] sample:		7912.62 time, 2660.02 real, 4787 MB
[runlim] sample:		7922.68 time, 2670.02 real, 4788 MB
[runlim] sample:		7932.76 time, 2680.02 real, 4788 MB
[runlim] sample:		7942.81 time, 2690.02 real, 4788 MB
[runlim] sample:		7952.88 time, 2700.02 real, 4788 MB
[runlim] sample:		7962.92 time, 2710.02 real, 4788 MB
[runlim] sample:		7973.00 time, 2720.02 real, 4789 MB
[runlim] sample:		7983.02 time, 2730.02 real, 4789 MB
[runlim] sample:		7993.07 time, 2740.02 real, 4790 MB
[runlim] sample:		8003.17 time, 2750.02 real, 4791 MB
[runlim] sample:		8013.22 time, 2760.02 real, 4792 MB
[runlim] sample:		8023.28 time, 2770.02 real, 4792 MB
[runlim] sample:		6233.39 time, 2780.02 real, 1446 MB
[runlim] sample:		8043.39 time, 2790.02 real, 4792 MB
[runlim] sample:		8053.45 time, 2800.02 real, 4793 MB
[runlim] sample:		8063.50 time, 2810.02 real, 4793 MB
[runlim] sample:		8073.56 time, 2820.02 real, 4794 MB
[runlim] sample:		8083.62 time, 2830.02 real, 4794 MB
[runlim] sample:		8093.67 time, 2840.02 real, 4794 MB
[runlim] sample:		8103.75 time, 2850.02 real, 4794 MB
[runlim] sample:		8113.78 time, 2860.02 real, 4751 MB
[runlim] sample:		8123.84 time, 2870.02 real, 4751 MB
[runlim] sample:		8133.89 time, 2880.02 real, 4751 MB
[runlim] sample:		8143.97 time, 2890.02 real, 4751 MB
[runlim] sample:		8154.01 time, 2900.02 real, 4751 MB
[runlim] sample:		6364.13 time, 2910.02 real, 1406 MB
[runlim] sample:		8174.13 time, 2920.02 real, 4751 MB
[runlim] sample:		8184.18 time, 2930.02 real, 4751 MB
[runlim] sample:		8194.24 time, 2940.02 real, 4751 MB
[runlim] sample:		8204.32 time, 2950.02 real, 4751 MB
[runlim] sample:		8214.39 time, 2960.02 real, 4751 MB
[runlim] sample:		8224.44 time, 2970.02 real, 4751 MB
[runlim] sample:		8234.51 time, 2980.02 real, 4751 MB
[runlim] sample:		8244.56 time, 2990.02 real, 4751 MB
[runlim] sample:		8254.61 time, 3000.02 real, 4751 MB
[runlim] sample:		8264.67 time, 3010.02 real, 4752 MB
[runlim] sample:		8274.74 time, 3020.02 real, 4752 MB
[runlim] sample:		8284.79 time, 3030.02 real, 4752 MB
[runlim] sample:		8294.84 time, 3040.02 real, 4753 MB
[runlim] sample:		8304.90 time, 3050.02 real, 4848 MB
[runlim] sample:		8314.94 time, 3060.02 real, 4754 MB
[runlim] sample:		8324.99 time, 3070.02 real, 4754 MB
[runlim] sample:		8335.07 time, 3080.02 real, 4754 MB
[runlim] sample:		8345.12 time, 3090.02 real, 4754 MB
[runlim] sample:		8355.18 time, 3100.02 real, 4754 MB
[runlim] sample:		8365.24 time, 3110.02 real, 4755 MB
[runlim] sample:		8375.29 time, 3120.02 real, 4755 MB
[runlim] sample:		8385.35 time, 3130.02 real, 4755 MB
[runlim] sample:		8395.42 time, 3140.02 real, 4755 MB
[runlim] sample:		8405.47 time, 3150.02 real, 4755 MB
[runlim] sample:		8415.53 time, 3160.02 real, 4755 MB
[runlim] sample:		8425.58 time, 3170.02 real, 4801 MB
[runlim] sample:		8435.62 time, 3180.02 real, 4822 MB
[runlim] sample:		8445.68 time, 3190.02 real, 4912 MB
[runlim] sample:		8455.73 time, 3200.02 real, 4912 MB
[runlim] sample:		8465.79 time, 3210.02 real, 4912 MB
[runlim] sample:		8475.86 time, 3220.02 real, 4912 MB
[runlim] sample:		8485.93 time, 3230.02 real, 4632 MB
[runlim] sample:		8495.99 time, 3240.02 real, 4879 MB
[runlim] sample:		8506.02 time, 3250.02 real, 4879 MB
[runlim] sample:		8516.06 time, 3260.02 real, 4879 MB
[runlim] sample:		8526.11 time, 3270.02 real, 4818 MB
[runlim] sample:		8536.16 time, 3280.02 real, 4923 MB
[runlim] sample:		8546.24 time, 3290.02 real, 4923 MB
[runlim] sample:		6756.34 time, 3300.02 real, 1653 MB
[runlim] sample:		8566.34 time, 3310.02 real, 4898 MB
[runlim] sample:		8576.39 time, 3320.02 real, 4832 MB
[runlim] sample:		8586.46 time, 3330.02 real, 4832 MB
[runlim] sample:		8596.50 time, 3340.02 real, 4832 MB
[runlim] sample:		8606.56 time, 3350.02 real, 4832 MB
[runlim] sample:		8616.60 time, 3360.02 real, 4832 MB
[runlim] sample:		8626.65 time, 3370.02 real, 4832 MB
[runlim] sample:		8636.68 time, 3380.02 real, 4832 MB
[runlim] sample:		8646.75 time, 3390.02 real, 4832 MB
[runlim] sample:		8656.82 time, 3400.02 real, 4842 MB
[runlim] sample:		8666.88 time, 3410.02 real, 4850 MB
[runlim] sample:		8676.91 time, 3420.02 real, 4858 MB
[runlim] sample:		6887.02 time, 3430.02 real, 1524 MB
[runlim] sample:		8697.02 time, 3440.02 real, 4878 MB
[runlim] sample:		8707.07 time, 3450.02 real, 4887 MB
[runlim] sample:		8717.12 time, 3460.02 real, 4900 MB
[runlim] sample:		8727.19 time, 3470.02 real, 4916 MB
[runlim] sample:		8737.25 time, 3480.02 real, 4928 MB
[runlim] sample:		8747.30 time, 3490.02 real, 4940 MB
[runlim] sample:		8757.37 time, 3500.02 real, 4958 MB
[runlim] sample:		8767.42 time, 3510.02 real, 4975 MB
[runlim] sample:		8777.49 time, 3520.02 real, 4992 MB
[runlim] sample:		8787.54 time, 3530.02 real, 5009 MB
[runlim] sample:		8797.62 time, 3540.02 real, 5026 MB
[runlim] sample:		8807.68 time, 3550.02 real, 5038 MB
[runlim] sample:		25270.72 time, 3560.02 real, 8720 MB
[runlim] sample:		25270.73 time, 3570.02 real, 8720 MB
[runlim] end:			Fri Oct 18 23:57:24 2019
[runlim] status:		ok
[runlim] result:		0
[runlim] children:		4635
[runlim] real:			3572.62 seconds
[runlim] time:			28824.59 seconds
[runlim] space:			31870 MB
[runlim] samples:		35726
