c host: c3n10
c start: Fri Oct 18 23:27:35 CEST 2019
c arrayjobid: 17567257
c jobid: 17567735
c benchmark: /home/mathias/hwmcc19/benchmarks-single/btor2/wolf/2019C/dblclockfft_butterfly_ck2_r0-p248.btor
c solver: ./run-avr.sh
c solver options: 
c tmpdir: /tmp/slurm.17567735.0
	(output dir: /tmp//pr_test/work_w0)
	(frontend: btor2)
	(property: all (1 assertions))
	(1986 / 4408 flops initialized)
	(abstraction: sa)
   0	: 0	: 0 s: 0    0s                  
   0	: 1	: 0 0 s: 0    0s                     0	: 1	: 0 1 s: 1    0s                     0	: 1	: 0 1 s: 1    0s                  
   0	: 2	: 0 1 0 s: 1    0s                     1	: 2	: 0 1 0 s: 1    2s                     1	: 2	: 0 6 1 s: 7    2s                     1	: 2	: 0 6 1 s: 7    2s                  
   1	: 3	: 0 3 1 3 s: 7    2s                     1	: 3	: 0 3 3 4 s: 10    2s                     1	: 3	: 0 3 3 4 s: 10    2s                  
   1	: 4	: 0 3 3 1 3 s: 10    2s                     1	: 4	: 0 3 6 5 4 s: 18    2s                     1	: 4	: 0 3 6 5 4 s: 18    2s                  
   1	: 4	: 0 3 3 2 0 s: 8    3s                  
      Result        Time        Mem.       #Refs           
                     sec          MB                       
           h        3.15          90           1
AVR -- Proof Race 
copyright (c) 2019  Aman Goel and Karem Sakallah, University of Michigan
@     0s  (starting avr proof race)
@     0s  (output dir: /tmp//pr_test)
@     0s  (max 11 workers)
@     0s  (started worker 0 with pid 31485)
@     0s  (started worker 1 with pid 31486)
@     0s  (started worker 2 with pid 31487)
@     0s  (started worker 3 with pid 31488)
@     0s  (started worker 4 with pid 31489)
@     0s  (spawned 5 workers)
@     0s  (total 5 workers using 0 MB)
@     1s  (started worker 5 with pid 31605)
@     1s  (spawned 1 workers)
@     1s  (total 6 workers using 425 MB)
@     2s  (started worker 6 with pid 31661)
@     2s  (spawned 1 workers)
@     2s  (total 7 workers using 673 MB)
@     3s  (started worker 7 with pid 31723)
@     3s  (spawned 1 workers)
@     3s  (total 8 workers using 921 MB)
@     4s  (started worker 8 with pid 31794)
@     4s  (spawned 1 workers)
@     4s  (total 9 workers using 1078 MB)
@     4s  (worker 0 finished with result safe) python3 avr.py -a sa
@     4s  (worker 0 output)
@     4s  (stopping all workers)
@     4s  (copied results from worker 0 in /tmp//pr_test)
@     4s  [0;30;47m(proof race finished with answer safe in 4.16 seconds)[m
unsat
b0
c done
