[runlim] version:		1.17
[runlim] host:			c3n32
[runlim] time limit:		311040000 seconds
[runlim] real time limit:	3600 seconds
[runlim] space limit:		120000 MB
[runlim] argv[0]:		./run-avr.sh
[runlim] argv[1]:		/tmp/KpzpcJHX.btor
[runlim] start:			Fri Oct 18 22:28:04 2019
[runlim] child:			7941
[runlim] sample:		16.31 time, 10.02 real, 548 MB
[runlim] sample:		36.42 time, 20.02 real, 1547 MB
[runlim] sample:		56.53 time, 30.02 real, 1832 MB
[runlim] sample:		76.62 time, 40.02 real, 2851 MB
[runlim] sample:		96.70 time, 50.02 real, 3037 MB
[runlim] sample:		116.77 time, 60.02 real, 3207 MB
[runlim] sample:		136.84 time, 70.02 real, 3884 MB
[runlim] sample:		156.91 time, 80.02 real, 3950 MB
[runlim] sample:		177.00 time, 90.02 real, 4605 MB
[runlim] sample:		197.04 time, 100.02 real, 4924 MB
[runlim] sample:		217.13 time, 110.02 real, 5589 MB
[runlim] sample:		237.22 time, 120.02 real, 5787 MB
[runlim] sample:		257.28 time, 130.02 real, 6059 MB
[runlim] sample:		277.35 time, 140.02 real, 6206 MB
[runlim] sample:		297.41 time, 150.02 real, 6582 MB
[runlim] sample:		317.48 time, 160.02 real, 6775 MB
[runlim] sample:		337.55 time, 170.02 real, 6375 MB
[runlim] sample:		357.59 time, 180.02 real, 7187 MB
[runlim] sample:		377.68 time, 190.02 real, 7378 MB
[runlim] sample:		397.73 time, 200.02 real, 7540 MB
[runlim] sample:		417.81 time, 210.02 real, 6995 MB
[runlim] sample:		437.86 time, 220.02 real, 7859 MB
[runlim] sample:		457.94 time, 230.02 real, 8050 MB
[runlim] sample:		478.00 time, 240.02 real, 8235 MB
[runlim] sample:		498.07 time, 250.02 real, 8163 MB
[runlim] sample:		264.73 time, 260.02 real, 510 MB
[runlim] sample:		538.19 time, 270.02 real, 8961 MB
[runlim] sample:		558.25 time, 280.02 real, 8125 MB
[runlim] sample:		578.30 time, 290.02 real, 8831 MB
[runlim] sample:		598.38 time, 300.02 real, 9173 MB
[runlim] sample:		618.45 time, 310.02 real, 9314 MB
[runlim] sample:		638.52 time, 320.02 real, 9696 MB
[runlim] sample:		658.57 time, 330.02 real, 10786 MB
[runlim] sample:		678.65 time, 340.02 real, 10211 MB
[runlim] sample:		698.69 time, 350.02 real, 11029 MB
[runlim] sample:		718.78 time, 360.02 real, 11173 MB
[runlim] sample:		375.47 time, 370.02 real, 577 MB
[runlim] sample:		758.92 time, 380.02 real, 10400 MB
[runlim] sample:		395.63 time, 390.02 real, 601 MB
[runlim] sample:		799.04 time, 400.02 real, 11515 MB
[runlim] sample:		819.15 time, 410.02 real, 11682 MB
[runlim] sample:		839.22 time, 420.02 real, 11652 MB
[runlim] sample:		859.26 time, 430.02 real, 11656 MB
[runlim] sample:		879.36 time, 440.02 real, 11303 MB
[runlim] sample:		899.45 time, 450.02 real, 10804 MB
[runlim] sample:		919.51 time, 460.02 real, 12608 MB
[runlim] sample:		939.56 time, 470.02 real, 11789 MB
[runlim] sample:		486.26 time, 480.02 real, 673 MB
[runlim] sample:		979.71 time, 490.02 real, 11642 MB
[runlim] sample:		999.78 time, 500.02 real, 12445 MB
[runlim] sample:		1019.83 time, 510.02 real, 13158 MB
[runlim] sample:		1039.91 time, 520.02 real, 13446 MB
[runlim] sample:		1059.95 time, 530.02 real, 11555 MB
[runlim] sample:		1080.03 time, 540.02 real, 12346 MB
[runlim] sample:		556.75 time, 550.02 real, 794 MB
[runlim] sample:		1120.21 time, 560.02 real, 13779 MB
[runlim] sample:		1140.28 time, 570.02 real, 11958 MB
[runlim] sample:		1160.33 time, 580.02 real, 12349 MB
[runlim] sample:		597.04 time, 590.02 real, 877 MB
[runlim] sample:		1200.47 time, 600.02 real, 12730 MB
[runlim] sample:		1220.53 time, 610.02 real, 12758 MB
[runlim] sample:		1240.58 time, 620.02 real, 12575 MB
[runlim] sample:		1260.69 time, 630.02 real, 14291 MB
[runlim] sample:		1280.76 time, 640.02 real, 14647 MB
[runlim] sample:		1300.81 time, 650.02 real, 14044 MB
[runlim] sample:		667.56 time, 660.02 real, 981 MB
[runlim] sample:		1340.97 time, 670.02 real, 12834 MB
[runlim] sample:		1361.04 time, 680.02 real, 14414 MB
[runlim] sample:		1381.10 time, 690.02 real, 13498 MB
[runlim] sample:		1401.18 time, 700.02 real, 15379 MB
[runlim] sample:		1421.25 time, 710.02 real, 14426 MB
[runlim] sample:		1441.34 time, 720.02 real, 14989 MB
[runlim] sample:		738.04 time, 730.02 real, 1189 MB
[runlim] sample:		1481.45 time, 740.02 real, 15464 MB
[runlim] sample:		1501.51 time, 750.02 real, 14864 MB
[runlim] sample:		1521.57 time, 760.02 real, 16007 MB
[runlim] sample:		1541.65 time, 770.02 real, 15255 MB
[runlim] sample:		1561.72 time, 780.02 real, 14841 MB
[runlim] sample:		1581.76 time, 790.02 real, 16093 MB
[runlim] sample:		1601.83 time, 800.02 real, 17010 MB
[runlim] sample:		1621.90 time, 810.02 real, 14820 MB
[runlim] sample:		1641.96 time, 820.02 real, 15757 MB
[runlim] sample:		1662.03 time, 830.02 real, 16576 MB
[runlim] sample:		848.77 time, 840.02 real, 1312 MB
[runlim] sample:		1702.17 time, 850.02 real, 17399 MB
[runlim] sample:		1722.23 time, 860.02 real, 15872 MB
[runlim] sample:		1742.29 time, 870.02 real, 15126 MB
[runlim] sample:		1762.38 time, 880.02 real, 15555 MB
[runlim] sample:		1782.44 time, 890.02 real, 15719 MB
[runlim] sample:		1802.49 time, 900.02 real, 15787 MB
[runlim] sample:		1822.57 time, 910.02 real, 15791 MB
[runlim] sample:		1842.66 time, 920.02 real, 15731 MB
[runlim] sample:		1862.69 time, 930.02 real, 15550 MB
[runlim] sample:		1882.77 time, 940.02 real, 16883 MB
[runlim] sample:		959.47 time, 950.02 real, 1389 MB
[runlim] sample:		1922.85 time, 960.02 real, 18284 MB
[runlim] sample:		1942.92 time, 970.02 real, 17935 MB
[runlim] sample:		1962.99 time, 980.02 real, 17437 MB
[runlim] sample:		1983.08 time, 990.02 real, 16794 MB
[runlim] sample:		2003.14 time, 1000.02 real, 18579 MB
[runlim] sample:		2023.21 time, 1010.02 real, 18478 MB
[runlim] sample:		1029.94 time, 1020.02 real, 1394 MB
[runlim] sample:		2063.36 time, 1030.02 real, 19539 MB
[runlim] sample:		2083.43 time, 1040.02 real, 18686 MB
[runlim] sample:		2103.49 time, 1050.02 real, 21002 MB
[runlim] sample:		2123.59 time, 1060.02 real, 20443 MB
[runlim] sample:		2143.62 time, 1070.02 real, 19178 MB
[runlim] sample:		2163.71 time, 1080.02 real, 21156 MB
[runlim] sample:		2183.76 time, 1090.02 real, 20543 MB
[runlim] sample:		2203.83 time, 1100.02 real, 19113 MB
[runlim] sample:		2223.90 time, 1110.02 real, 21356 MB
[runlim] sample:		2243.96 time, 1120.02 real, 19921 MB
[runlim] sample:		1140.74 time, 1130.02 real, 1456 MB
[runlim] sample:		2284.14 time, 1140.02 real, 20714 MB
[runlim] sample:		2304.23 time, 1150.02 real, 18982 MB
[runlim] sample:		2324.29 time, 1160.02 real, 21194 MB
[runlim] sample:		2344.42 time, 1170.02 real, 19239 MB
[runlim] sample:		2364.48 time, 1180.02 real, 21306 MB
[runlim] sample:		2384.53 time, 1190.02 real, 19176 MB
[runlim] sample:		2404.61 time, 1200.02 real, 21112 MB
[runlim] sample:		2424.67 time, 1210.02 real, 21999 MB
[runlim] sample:		2444.74 time, 1220.02 real, 20754 MB
[runlim] sample:		2464.82 time, 1230.02 real, 22286 MB
[runlim] sample:		2484.90 time, 1240.02 real, 20059 MB
[runlim] sample:		2504.95 time, 1250.02 real, 21797 MB
[runlim] sample:		2525.01 time, 1260.02 real, 20860 MB
[runlim] sample:		2545.09 time, 1270.02 real, 20768 MB
[runlim] sample:		2565.18 time, 1280.02 real, 19647 MB
[runlim] sample:		2585.23 time, 1290.02 real, 20687 MB
[runlim] sample:		2605.33 time, 1300.02 real, 22063 MB
[runlim] sample:		2625.38 time, 1310.02 real, 22499 MB
[runlim] sample:		2645.46 time, 1320.02 real, 21720 MB
[runlim] sample:		2665.55 time, 1330.02 real, 20804 MB
[runlim] sample:		2685.61 time, 1340.02 real, 22046 MB
[runlim] sample:		1362.37 time, 1350.02 real, 1541 MB
[runlim] sample:		2725.77 time, 1360.02 real, 20164 MB
[runlim] sample:		2745.83 time, 1370.02 real, 21187 MB
[runlim] sample:		2765.88 time, 1380.02 real, 22258 MB
[runlim] sample:		2785.96 time, 1390.02 real, 23226 MB
[runlim] sample:		2806.01 time, 1400.02 real, 23379 MB
[runlim] sample:		2826.08 time, 1410.02 real, 20680 MB
[runlim] sample:		2846.16 time, 1420.02 real, 21506 MB
[runlim] sample:		2866.22 time, 1430.02 real, 22339 MB
[runlim] sample:		2886.29 time, 1440.02 real, 23067 MB
[runlim] sample:		2906.37 time, 1450.02 real, 23746 MB
[runlim] sample:		1473.12 time, 1460.02 real, 1647 MB
[runlim] sample:		2946.51 time, 1470.02 real, 20607 MB
[runlim] sample:		2966.59 time, 1480.02 real, 21093 MB
[runlim] sample:		2986.70 time, 1490.02 real, 21421 MB
[runlim] sample:		3006.77 time, 1500.02 real, 22122 MB
[runlim] sample:		3026.82 time, 1510.02 real, 22519 MB
[runlim] sample:		3046.89 time, 1520.02 real, 22899 MB
[runlim] sample:		3066.95 time, 1530.02 real, 23218 MB
[runlim] sample:		3087.02 time, 1540.02 real, 23604 MB
[runlim] sample:		3107.09 time, 1550.02 real, 23857 MB
[runlim] sample:		3127.14 time, 1560.02 real, 24126 MB
[runlim] sample:		1583.89 time, 1570.02 real, 1725 MB
[runlim] sample:		3167.30 time, 1580.02 real, 24397 MB
[runlim] sample:		3187.38 time, 1590.02 real, 24439 MB
[runlim] sample:		3207.45 time, 1600.02 real, 24437 MB
[runlim] sample:		1624.25 time, 1610.02 real, 1834 MB
[runlim] sample:		3247.61 time, 1620.02 real, 24347 MB
[runlim] sample:		3267.66 time, 1630.02 real, 23142 MB
[runlim] sample:		3287.74 time, 1640.02 real, 22935 MB
[runlim] sample:		3307.83 time, 1650.02 real, 22693 MB
[runlim] sample:		3327.91 time, 1660.02 real, 22296 MB
[runlim] sample:		3347.95 time, 1670.02 real, 25601 MB
[runlim] sample:		3368.03 time, 1680.02 real, 25740 MB
[runlim] sample:		3388.11 time, 1690.02 real, 25820 MB
[runlim] sample:		3408.19 time, 1700.02 real, 25383 MB
[runlim] sample:		3428.24 time, 1710.02 real, 24952 MB
[runlim] sample:		3448.31 time, 1720.02 real, 24371 MB
[runlim] sample:		3468.36 time, 1730.02 real, 23821 MB
[runlim] sample:		3488.44 time, 1740.02 real, 23154 MB
[runlim] sample:		3508.50 time, 1750.02 real, 26151 MB
[runlim] sample:		3528.57 time, 1760.02 real, 26048 MB
[runlim] sample:		3548.64 time, 1770.02 real, 25300 MB
[runlim] sample:		3568.69 time, 1780.02 real, 24537 MB
[runlim] sample:		3588.75 time, 1790.02 real, 23663 MB
[runlim] sample:		3608.84 time, 1800.02 real, 23813 MB
[runlim] sample:		3628.94 time, 1810.02 real, 26588 MB
[runlim] sample:		3649.00 time, 1820.02 real, 24809 MB
[runlim] sample:		3669.06 time, 1830.02 real, 23785 MB
[runlim] sample:		3689.14 time, 1840.02 real, 26197 MB
[runlim] sample:		3709.19 time, 1850.02 real, 26623 MB
[runlim] sample:		3729.25 time, 1860.02 real, 25425 MB
[runlim] sample:		3749.34 time, 1870.02 real, 26943 MB
[runlim] sample:		3769.40 time, 1880.02 real, 27226 MB
[runlim] sample:		3789.45 time, 1890.02 real, 27106 MB
[runlim] sample:		3809.55 time, 1900.02 real, 25965 MB
[runlim] sample:		3829.62 time, 1910.02 real, 24649 MB
[runlim] sample:		3849.65 time, 1920.02 real, 25614 MB
[runlim] sample:		3869.72 time, 1930.02 real, 27119 MB
[runlim] sample:		3889.79 time, 1940.02 real, 25743 MB
[runlim] sample:		3909.83 time, 1950.02 real, 24365 MB
[runlim] sample:		3929.90 time, 1960.02 real, 27601 MB
[runlim] sample:		3949.98 time, 1970.02 real, 26509 MB
[runlim] sample:		3970.06 time, 1980.02 real, 23897 MB
[runlim] sample:		3990.11 time, 1990.02 real, 23891 MB
[runlim] sample:		4010.14 time, 2000.02 real, 23892 MB
[runlim] sample:		4030.22 time, 2010.02 real, 23895 MB
[runlim] sample:		6050.87 time, 2020.02 real, 5349 MB
[runlim] sample:		6060.92 time, 2030.02 real, 5422 MB
[runlim] sample:		6070.98 time, 2040.02 real, 5422 MB
[runlim] sample:		6081.04 time, 2050.02 real, 5408 MB
[runlim] sample:		4088.73 time, 2060.02 real, 2215 MB
[runlim] sample:		6101.15 time, 2070.02 real, 5389 MB
[runlim] sample:		6111.23 time, 2080.02 real, 5390 MB
[runlim] sample:		6121.30 time, 2090.02 real, 5391 MB
[runlim] sample:		6131.33 time, 2100.02 real, 5357 MB
[runlim] sample:		6141.40 time, 2110.02 real, 5466 MB
[runlim] sample:		6151.45 time, 2120.02 real, 5466 MB
[runlim] sample:		6161.49 time, 2130.02 real, 5466 MB
[runlim] sample:		6171.55 time, 2140.02 real, 5466 MB
[runlim] sample:		6181.60 time, 2150.02 real, 5466 MB
[runlim] sample:		6191.66 time, 2160.02 real, 5427 MB
[runlim] sample:		6201.71 time, 2170.02 real, 5427 MB
[runlim] sample:		6211.79 time, 2180.02 real, 5427 MB
[runlim] sample:		6221.83 time, 2190.02 real, 5427 MB
[runlim] sample:		6231.87 time, 2200.02 real, 5428 MB
[runlim] sample:		6241.91 time, 2210.02 real, 5429 MB
[runlim] sample:		6251.96 time, 2220.02 real, 5429 MB
[runlim] sample:		6262.02 time, 2230.02 real, 5430 MB
[runlim] sample:		6272.08 time, 2240.02 real, 5431 MB
[runlim] sample:		6282.13 time, 2250.02 real, 5431 MB
[runlim] sample:		6292.18 time, 2260.02 real, 5432 MB
[runlim] sample:		6302.23 time, 2270.02 real, 5432 MB
[runlim] sample:		6312.29 time, 2280.02 real, 5501 MB
[runlim] sample:		6322.33 time, 2290.02 real, 5432 MB
[runlim] sample:		6332.39 time, 2300.02 real, 5433 MB
[runlim] sample:		6342.45 time, 2310.02 real, 5433 MB
[runlim] sample:		6352.51 time, 2320.02 real, 5433 MB
[runlim] sample:		6362.54 time, 2330.02 real, 5434 MB
[runlim] sample:		6372.58 time, 2340.02 real, 5435 MB
[runlim] sample:		6382.63 time, 2350.02 real, 5435 MB
[runlim] sample:		6392.67 time, 2360.02 real, 5435 MB
[runlim] sample:		6402.75 time, 2370.02 real, 5435 MB
[runlim] sample:		6412.80 time, 2380.02 real, 5437 MB
[runlim] sample:		6422.85 time, 2390.02 real, 5516 MB
[runlim] sample:		6432.90 time, 2400.02 real, 5474 MB
[runlim] sample:		6442.97 time, 2410.02 real, 5467 MB
[runlim] sample:		6453.02 time, 2420.02 real, 5477 MB
[runlim] sample:		4460.70 time, 2430.02 real, 2317 MB
[runlim] sample:		6473.13 time, 2440.02 real, 5581 MB
[runlim] sample:		6483.19 time, 2450.02 real, 5495 MB
[runlim] sample:		4490.85 time, 2460.02 real, 2318 MB
[runlim] sample:		6503.27 time, 2470.02 real, 5489 MB
[runlim] sample:		6513.33 time, 2480.02 real, 5491 MB
[runlim] sample:		6523.40 time, 2490.02 real, 5525 MB
[runlim] sample:		6533.47 time, 2500.02 real, 5574 MB
[runlim] sample:		6543.51 time, 2510.02 real, 5558 MB
[runlim] sample:		6553.57 time, 2520.02 real, 5560 MB
[runlim] sample:		6563.64 time, 2530.02 real, 5561 MB
[runlim] sample:		6573.69 time, 2540.02 real, 5568 MB
[runlim] sample:		6583.74 time, 2550.02 real, 5582 MB
[runlim] sample:		6593.80 time, 2560.02 real, 5582 MB
[runlim] sample:		6603.84 time, 2570.02 real, 5582 MB
[runlim] sample:		6613.88 time, 2580.02 real, 5619 MB
[runlim] sample:		4621.61 time, 2590.02 real, 2467 MB
[runlim] sample:		6634.05 time, 2600.02 real, 5661 MB
[runlim] sample:		6644.10 time, 2610.02 real, 5694 MB
[runlim] sample:		4651.79 time, 2620.02 real, 2535 MB
[runlim] sample:		6664.23 time, 2630.02 real, 5714 MB
[runlim] sample:		6674.29 time, 2640.02 real, 5780 MB
[runlim] sample:		6684.38 time, 2650.02 real, 5786 MB
[runlim] sample:		6694.45 time, 2660.02 real, 5824 MB
[runlim] sample:		6704.52 time, 2670.02 real, 5855 MB
[runlim] sample:		6714.58 time, 2680.02 real, 5842 MB
[runlim] sample:		6724.67 time, 2690.02 real, 5843 MB
[runlim] sample:		6734.72 time, 2700.02 real, 5989 MB
[runlim] sample:		6744.75 time, 2710.02 real, 5990 MB
[runlim] sample:		6754.82 time, 2720.02 real, 5849 MB
[runlim] sample:		6764.86 time, 2730.02 real, 5849 MB
[runlim] sample:		6774.91 time, 2740.02 real, 5849 MB
[runlim] sample:		6784.98 time, 2750.02 real, 5849 MB
[runlim] sample:		6795.07 time, 2760.02 real, 5849 MB
[runlim] sample:		6805.12 time, 2770.02 real, 5851 MB
[runlim] sample:		6815.20 time, 2780.02 real, 5854 MB
[runlim] sample:		6825.27 time, 2790.02 real, 5854 MB
[runlim] sample:		6835.32 time, 2800.02 real, 5888 MB
[runlim] sample:		6845.34 time, 2810.02 real, 5906 MB
[runlim] sample:		6855.43 time, 2820.02 real, 5916 MB
[runlim] sample:		6865.47 time, 2830.02 real, 5936 MB
[runlim] sample:		6875.52 time, 2840.02 real, 5936 MB
[runlim] sample:		6885.58 time, 2850.02 real, 5936 MB
[runlim] sample:		6895.61 time, 2860.02 real, 6103 MB
[runlim] sample:		6905.68 time, 2870.02 real, 6015 MB
[runlim] sample:		6915.76 time, 2880.02 real, 6017 MB
[runlim] sample:		6925.84 time, 2890.02 real, 6017 MB
[runlim] sample:		6935.92 time, 2900.02 real, 6153 MB
[runlim] sample:		4943.59 time, 2910.02 real, 2851 MB
[runlim] sample:		6956.02 time, 2920.02 real, 6040 MB
[runlim] sample:		6966.08 time, 2930.02 real, 6150 MB
[runlim] sample:		6976.13 time, 2940.02 real, 6042 MB
[runlim] sample:		6986.20 time, 2950.02 real, 6046 MB
[runlim] sample:		6996.25 time, 2960.02 real, 6062 MB
[runlim] sample:		7006.30 time, 2970.02 real, 6062 MB
[runlim] sample:		7016.38 time, 2980.02 real, 6064 MB
[runlim] sample:		5024.05 time, 2990.02 real, 2941 MB
[runlim] sample:		7036.47 time, 3000.02 real, 6133 MB
[runlim] sample:		7046.56 time, 3010.02 real, 6229 MB
[runlim] sample:		7056.63 time, 3020.02 real, 6160 MB
[runlim] sample:		7066.67 time, 3030.02 real, 6154 MB
[runlim] sample:		7076.74 time, 3040.02 real, 6157 MB
[runlim] sample:		7086.78 time, 3050.02 real, 6150 MB
[runlim] sample:		7096.83 time, 3060.02 real, 6151 MB
[runlim] sample:		5104.49 time, 3070.02 real, 3176 MB
[runlim] sample:		7116.91 time, 3080.02 real, 6153 MB
[runlim] sample:		7126.95 time, 3090.02 real, 6304 MB
[runlim] sample:		7137.01 time, 3100.02 real, 6157 MB
[runlim] sample:		7147.06 time, 3110.02 real, 6158 MB
[runlim] sample:		5154.73 time, 3120.02 real, 2988 MB
[runlim] sample:		7167.15 time, 3130.02 real, 6161 MB
[runlim] sample:		7177.23 time, 3140.02 real, 6164 MB
[runlim] sample:		7187.28 time, 3150.02 real, 6164 MB
[runlim] sample:		7197.32 time, 3160.02 real, 6164 MB
[runlim] sample:		7207.40 time, 3170.02 real, 6166 MB
[runlim] sample:		7217.45 time, 3180.02 real, 6167 MB
[runlim] sample:		7227.49 time, 3190.02 real, 6303 MB
[runlim] sample:		5235.19 time, 3200.02 real, 2935 MB
[runlim] sample:		7247.60 time, 3210.02 real, 6106 MB
[runlim] sample:		7257.64 time, 3220.02 real, 6300 MB
[runlim] sample:		7267.69 time, 3230.02 real, 6375 MB
[runlim] sample:		7277.78 time, 3240.02 real, 6376 MB
[runlim] sample:		7287.82 time, 3250.02 real, 6377 MB
[runlim] sample:		7297.86 time, 3260.02 real, 6378 MB
[runlim] sample:		7307.91 time, 3270.02 real, 6379 MB
[runlim] sample:		7317.96 time, 3280.02 real, 6313 MB
[runlim] sample:		7328.00 time, 3290.02 real, 6369 MB
[runlim] sample:		7338.06 time, 3300.02 real, 6320 MB
[runlim] sample:		7348.11 time, 3310.02 real, 6484 MB
[runlim] sample:		7358.19 time, 3320.02 real, 6391 MB
[runlim] sample:		7368.26 time, 3330.02 real, 6345 MB
[runlim] sample:		7378.31 time, 3340.02 real, 6485 MB
[runlim] sample:		7388.37 time, 3350.02 real, 6346 MB
[runlim] sample:		5396.06 time, 3360.02 real, 3153 MB
[runlim] sample:		7408.53 time, 3370.02 real, 6380 MB
[runlim] sample:		7418.58 time, 3380.02 real, 6466 MB
[runlim] sample:		5426.24 time, 3390.02 real, 3297 MB
[runlim] sample:		7438.68 time, 3400.02 real, 6466 MB
[runlim] sample:		7448.72 time, 3410.02 real, 6466 MB
[runlim] sample:		7458.75 time, 3420.02 real, 6466 MB
[runlim] sample:		7468.82 time, 3430.02 real, 6466 MB
[runlim] sample:		7478.86 time, 3440.02 real, 6466 MB
[runlim] sample:		7488.89 time, 3450.02 real, 6466 MB
[runlim] sample:		7498.96 time, 3460.02 real, 6466 MB
[runlim] sample:		7509.00 time, 3470.02 real, 6466 MB
[runlim] sample:		7519.06 time, 3480.02 real, 6466 MB
[runlim] sample:		7529.13 time, 3490.02 real, 6466 MB
[runlim] sample:		7539.18 time, 3500.02 real, 6466 MB
[runlim] sample:		7549.23 time, 3510.02 real, 6415 MB
[runlim] sample:		5556.91 time, 3520.02 real, 3248 MB
[runlim] sample:		7569.32 time, 3530.02 real, 6417 MB
[runlim] sample:		7579.37 time, 3540.02 real, 6456 MB
[runlim] sample:		5587.04 time, 3550.02 real, 3287 MB
[runlim] sample:		28347.53 time, 3560.02 real, 7808 MB
[runlim] sample:		28347.56 time, 3570.02 real, 7808 MB
[runlim] end:			Fri Oct 18 23:27:40 2019
[runlim] status:		ok
[runlim] result:		0
[runlim] children:		4278
[runlim] real:			3575.39 seconds
[runlim] time:			28347.58 seconds
[runlim] space:			27733 MB
[runlim] samples:		35753
