[runlim] version:		1.17
[runlim] host:			c3n10
[runlim] time limit:		311040000 seconds
[runlim] real time limit:	3600 seconds
[runlim] space limit:		120000 MB
[runlim] argv[0]:		./run-avr.sh
[runlim] argv[1]:		/tmp/Q6eX7Xvx.btor
[runlim] start:			Fri Oct 18 22:51:27 2019
[runlim] child:			17412
[runlim] sample:		13.53 time, 10.02 real, 604 MB
[runlim] sample:		20.40 time, 20.02 real, 196 MB
[runlim] sample:		53.76 time, 30.02 real, 2062 MB
[runlim] sample:		73.88 time, 40.02 real, 2544 MB
[runlim] sample:		50.73 time, 50.02 real, 261 MB
[runlim] sample:		114.06 time, 60.02 real, 3177 MB
[runlim] sample:		134.13 time, 70.02 real, 3977 MB
[runlim] sample:		154.19 time, 80.02 real, 3947 MB
[runlim] sample:		174.27 time, 90.02 real, 4701 MB
[runlim] sample:		194.36 time, 100.02 real, 5173 MB
[runlim] sample:		214.43 time, 110.02 real, 5292 MB
[runlim] sample:		234.52 time, 120.02 real, 5913 MB
[runlim] sample:		254.61 time, 130.02 real, 5325 MB
[runlim] sample:		274.71 time, 140.02 real, 6447 MB
[runlim] sample:		294.77 time, 150.02 real, 6648 MB
[runlim] sample:		314.83 time, 160.02 real, 6703 MB
[runlim] sample:		331.21 time, 170.02 real, 436 MB
[runlim] sample:		514.51 time, 180.02 real, 6785 MB
[runlim] sample:		534.58 time, 190.02 real, 7165 MB
[runlim] sample:		554.64 time, 200.02 real, 7044 MB
[runlim] sample:		574.75 time, 210.02 real, 6638 MB
[runlim] sample:		594.84 time, 220.02 real, 7196 MB
[runlim] sample:		614.94 time, 230.02 real, 7982 MB
[runlim] sample:		634.98 time, 240.02 real, 8405 MB
[runlim] sample:		655.09 time, 250.02 real, 8447 MB
[runlim] sample:		421.91 time, 260.02 real, 490 MB
[runlim] sample:		695.19 time, 270.02 real, 7615 MB
[runlim] sample:		715.25 time, 280.02 real, 8683 MB
[runlim] sample:		735.31 time, 290.02 real, 9577 MB
[runlim] sample:		755.36 time, 300.02 real, 10220 MB
[runlim] sample:		775.41 time, 310.02 real, 10556 MB
[runlim] sample:		795.48 time, 320.02 real, 10624 MB
[runlim] sample:		815.58 time, 330.02 real, 10481 MB
[runlim] sample:		835.66 time, 340.02 real, 10161 MB
[runlim] sample:		855.70 time, 350.02 real, 10397 MB
[runlim] sample:		875.75 time, 360.02 real, 11245 MB
[runlim] sample:		895.85 time, 370.02 real, 10285 MB
[runlim] sample:		915.88 time, 380.02 real, 11235 MB
[runlim] sample:		935.96 time, 390.02 real, 11685 MB
[runlim] sample:		956.02 time, 400.02 real, 10344 MB
[runlim] sample:		976.09 time, 410.02 real, 10714 MB
[runlim] sample:		996.14 time, 420.02 real, 10890 MB
[runlim] sample:		1016.20 time, 430.02 real, 10887 MB
[runlim] sample:		1036.24 time, 440.02 real, 10703 MB
[runlim] sample:		1056.29 time, 450.02 real, 12628 MB
[runlim] sample:		623.14 time, 460.02 real, 705 MB
[runlim] sample:		1096.45 time, 470.02 real, 11592 MB
[runlim] sample:		1116.49 time, 480.02 real, 12971 MB
[runlim] sample:		1136.55 time, 490.02 real, 11801 MB
[runlim] sample:		1156.61 time, 500.02 real, 13180 MB
[runlim] sample:		1176.69 time, 510.02 real, 13354 MB
[runlim] sample:		1196.74 time, 520.02 real, 12549 MB
[runlim] sample:		1216.82 time, 530.02 real, 13583 MB
[runlim] sample:		1236.91 time, 540.02 real, 12677 MB
[runlim] sample:		1256.94 time, 550.02 real, 13438 MB
[runlim] sample:		1276.99 time, 560.02 real, 13892 MB
[runlim] sample:		733.87 time, 570.02 real, 785 MB
[runlim] sample:		1892.61 time, 580.02 real, 12189 MB
[runlim] sample:		1912.66 time, 590.02 real, 12407 MB
[runlim] sample:		1932.71 time, 600.02 real, 12450 MB
[runlim] sample:		1952.76 time, 610.02 real, 12510 MB
[runlim] sample:		1972.82 time, 620.02 real, 12460 MB
[runlim] sample:		1992.89 time, 630.02 real, 14548 MB
[runlim] sample:		2012.95 time, 640.02 real, 14525 MB
[runlim] sample:		2033.02 time, 650.02 real, 14026 MB
[runlim] sample:		2053.09 time, 660.02 real, 13346 MB
[runlim] sample:		2073.16 time, 670.02 real, 14948 MB
[runlim] sample:		2093.21 time, 680.02 real, 14086 MB
[runlim] sample:		2113.27 time, 690.02 real, 13042 MB
[runlim] sample:		2133.31 time, 700.02 real, 14961 MB
[runlim] sample:		2153.37 time, 710.02 real, 13744 MB
[runlim] sample:		2173.40 time, 720.02 real, 15399 MB
[runlim] sample:		2193.45 time, 730.02 real, 14135 MB
[runlim] sample:		2213.52 time, 740.02 real, 15567 MB
[runlim] sample:		2233.58 time, 750.02 real, 14716 MB
[runlim] sample:		2253.64 time, 760.02 real, 14616 MB
[runlim] sample:		2273.70 time, 770.02 real, 15902 MB
[runlim] sample:		2293.75 time, 780.02 real, 16618 MB
[runlim] sample:		2313.83 time, 790.02 real, 15196 MB
[runlim] sample:		1540.73 time, 800.02 real, 989 MB
[runlim] sample:		2353.97 time, 810.02 real, 16796 MB
[runlim] sample:		2374.05 time, 820.02 real, 14816 MB
[runlim] sample:		2394.09 time, 830.02 real, 15652 MB
[runlim] sample:		2414.16 time, 840.02 real, 16387 MB
[runlim] sample:		1591.05 time, 850.02 real, 988 MB
[runlim] sample:		2454.25 time, 860.02 real, 17268 MB
[runlim] sample:		2474.30 time, 870.02 real, 14963 MB
[runlim] sample:		2494.35 time, 880.02 real, 15412 MB
[runlim] sample:		2514.41 time, 890.02 real, 15671 MB
[runlim] sample:		1641.33 time, 900.02 real, 953 MB
[runlim] sample:		2554.59 time, 910.02 real, 16042 MB
[runlim] sample:		2574.62 time, 920.02 real, 16159 MB
[runlim] sample:		2594.67 time, 930.02 real, 16160 MB
[runlim] sample:		2614.74 time, 940.02 real, 16070 MB
[runlim] sample:		2634.78 time, 950.02 real, 15846 MB
[runlim] sample:		2654.83 time, 960.02 real, 15446 MB
[runlim] sample:		2674.90 time, 970.02 real, 18109 MB
[runlim] sample:		2694.97 time, 980.02 real, 17721 MB
[runlim] sample:		2715.02 time, 990.02 real, 17202 MB
[runlim] sample:		1741.95 time, 1000.02 real, 1049 MB
[runlim] sample:		2755.16 time, 1010.02 real, 18917 MB
[runlim] sample:		2775.21 time, 1020.02 real, 18155 MB
[runlim] sample:		2795.25 time, 1030.02 real, 20640 MB
[runlim] sample:		2815.33 time, 1040.02 real, 20224 MB
[runlim] sample:		2835.39 time, 1050.02 real, 19328 MB
[runlim] sample:		2855.41 time, 1060.02 real, 18401 MB
[runlim] sample:		2875.51 time, 1070.02 real, 20964 MB
[runlim] sample:		2895.54 time, 1080.02 real, 19990 MB
[runlim] sample:		2915.61 time, 1090.02 real, 18696 MB
[runlim] sample:		1842.53 time, 1100.02 real, 1146 MB
[runlim] sample:		2955.75 time, 1110.02 real, 19836 MB
[runlim] sample:		2975.79 time, 1120.02 real, 18470 MB
[runlim] sample:		2995.83 time, 1130.02 real, 20792 MB
[runlim] sample:		3015.89 time, 1140.02 real, 19162 MB
[runlim] sample:		3035.95 time, 1150.02 real, 21454 MB
[runlim] sample:		3056.01 time, 1160.02 real, 19666 MB
[runlim] sample:		3076.12 time, 1170.02 real, 21642 MB
[runlim] sample:		3096.17 time, 1180.02 real, 19731 MB
[runlim] sample:		3116.22 time, 1190.02 real, 21788 MB
[runlim] sample:		1943.19 time, 1200.02 real, 1164 MB
[runlim] sample:		3156.35 time, 1210.02 real, 21917 MB
[runlim] sample:		3176.41 time, 1220.02 real, 19742 MB
[runlim] sample:		3196.47 time, 1230.02 real, 21582 MB
[runlim] sample:		3216.53 time, 1240.02 real, 19140 MB
[runlim] sample:		3236.61 time, 1250.02 real, 20846 MB
[runlim] sample:		3256.68 time, 1260.02 real, 19591 MB
[runlim] sample:		3276.71 time, 1270.02 real, 21220 MB
[runlim] sample:		3296.77 time, 1280.02 real, 21895 MB
[runlim] sample:		3316.82 time, 1290.02 real, 21858 MB
[runlim] sample:		3336.89 time, 1300.02 real, 20648 MB
[runlim] sample:		3356.94 time, 1310.02 real, 22091 MB
[runlim] sample:		3377.02 time, 1320.02 real, 22523 MB
[runlim] sample:		2073.96 time, 1330.02 real, 1209 MB
[runlim] sample:		3417.11 time, 1340.02 real, 21776 MB
[runlim] sample:		3437.20 time, 1350.02 real, 22858 MB
[runlim] sample:		3457.24 time, 1360.02 real, 20051 MB
[runlim] sample:		3477.32 time, 1370.02 real, 21166 MB
[runlim] sample:		3497.36 time, 1380.02 real, 22236 MB
[runlim] sample:		3517.41 time, 1390.02 real, 23092 MB
[runlim] sample:		3537.50 time, 1400.02 real, 21282 MB
[runlim] sample:		3557.55 time, 1410.02 real, 20741 MB
[runlim] sample:		3577.61 time, 1420.02 real, 21760 MB
[runlim] sample:		2174.57 time, 1430.02 real, 1191 MB
[runlim] sample:		3617.77 time, 1440.02 real, 23373 MB
[runlim] sample:		3637.86 time, 1450.02 real, 23356 MB
[runlim] sample:		3657.90 time, 1460.02 real, 20313 MB
[runlim] sample:		3677.97 time, 1470.02 real, 20896 MB
[runlim] sample:		2224.90 time, 1480.02 real, 1187 MB
[runlim] sample:		3718.08 time, 1490.02 real, 21917 MB
[runlim] sample:		3738.17 time, 1500.02 real, 22440 MB
[runlim] sample:		3758.23 time, 1510.02 real, 22862 MB
[runlim] sample:		3778.28 time, 1520.02 real, 23217 MB
[runlim] sample:		3798.33 time, 1530.02 real, 23549 MB
[runlim] sample:		3818.43 time, 1540.02 real, 23833 MB
[runlim] sample:		3838.47 time, 1550.02 real, 23978 MB
[runlim] sample:		3858.52 time, 1560.02 real, 24108 MB
[runlim] sample:		3878.62 time, 1570.02 real, 24179 MB
[runlim] sample:		3898.69 time, 1580.02 real, 24235 MB
[runlim] sample:		3918.74 time, 1590.02 real, 24290 MB
[runlim] sample:		3938.76 time, 1600.02 real, 23373 MB
[runlim] sample:		3958.88 time, 1610.02 real, 23315 MB
[runlim] sample:		3978.93 time, 1620.02 real, 23204 MB
[runlim] sample:		3998.98 time, 1630.02 real, 23152 MB
[runlim] sample:		4019.05 time, 1640.02 real, 23015 MB
[runlim] sample:		4039.09 time, 1650.02 real, 22863 MB
[runlim] sample:		4059.14 time, 1660.02 real, 22652 MB
[runlim] sample:		2416.15 time, 1670.02 real, 1260 MB
[runlim] sample:		4099.28 time, 1680.02 real, 22064 MB
[runlim] sample:		5795.87 time, 1690.02 real, 21806 MB
[runlim] sample:		4122.86 time, 1700.02 real, 1262 MB
[runlim] sample:		5836.02 time, 1710.02 real, 25453 MB
[runlim] sample:		5856.08 time, 1720.02 real, 25354 MB
[runlim] sample:		4153.01 time, 1730.02 real, 1341 MB
[runlim] sample:		5896.16 time, 1740.02 real, 24417 MB
[runlim] sample:		5916.23 time, 1750.02 real, 23931 MB
[runlim] sample:		5936.25 time, 1760.02 real, 23121 MB
[runlim] sample:		5956.34 time, 1770.02 real, 22599 MB
[runlim] sample:		5976.38 time, 1780.02 real, 24794 MB
[runlim] sample:		5996.44 time, 1790.02 real, 25045 MB
[runlim] sample:		6016.52 time, 1800.02 real, 24365 MB
[runlim] sample:		6036.55 time, 1810.02 real, 23549 MB
[runlim] sample:		6056.58 time, 1820.02 real, 22744 MB
[runlim] sample:		6076.66 time, 1830.02 real, 26173 MB
[runlim] sample:		6096.72 time, 1840.02 real, 25904 MB
[runlim] sample:		6116.77 time, 1850.02 real, 26445 MB
[runlim] sample:		6136.82 time, 1860.02 real, 25595 MB
[runlim] sample:		6156.85 time, 1870.02 real, 24641 MB
[runlim] sample:		6176.90 time, 1880.02 real, 23618 MB
[runlim] sample:		6196.95 time, 1890.02 real, 24676 MB
[runlim] sample:		6216.99 time, 1900.02 real, 26625 MB
[runlim] sample:		6237.05 time, 1910.02 real, 25563 MB
[runlim] sample:		6257.12 time, 1920.02 real, 24419 MB
[runlim] sample:		6277.16 time, 1930.02 real, 23147 MB
[runlim] sample:		6297.21 time, 1940.02 real, 26832 MB
[runlim] sample:		6317.27 time, 1950.02 real, 23074 MB
[runlim] sample:		6337.31 time, 1960.02 real, 23075 MB
[runlim] sample:		6357.36 time, 1970.02 real, 23075 MB
[runlim] sample:		6377.42 time, 1980.02 real, 11470 MB
[runlim] sample:		8375.12 time, 1990.02 real, 2356 MB
[runlim] sample:		8395.15 time, 2000.02 real, 2357 MB
[runlim] sample:		8415.21 time, 2010.02 real, 2358 MB
[runlim] sample:		8435.22 time, 2020.02 real, 2358 MB
[runlim] sample:		8455.26 time, 2030.02 real, 2358 MB
[runlim] sample:		8475.30 time, 2040.02 real, 2359 MB
[runlim] sample:		8495.33 time, 2050.02 real, 2359 MB
[runlim] sample:		8515.39 time, 2060.02 real, 2377 MB
[runlim] sample:		8535.44 time, 2070.02 real, 2377 MB
[runlim] sample:		8555.50 time, 2080.02 real, 2377 MB
[runlim] sample:		8575.54 time, 2090.02 real, 2378 MB
[runlim] sample:		8595.61 time, 2100.02 real, 2378 MB
[runlim] sample:		8615.65 time, 2110.02 real, 2378 MB
[runlim] sample:		6519.69 time, 2120.02 real, 1328 MB
[runlim] sample:		8655.75 time, 2130.02 real, 2398 MB
[runlim] sample:		8675.77 time, 2140.02 real, 2400 MB
[runlim] sample:		8695.83 time, 2150.02 real, 2400 MB
[runlim] end:			Fri Oct 18 23:27:26 2019
[runlim] status:		ok
[runlim] result:		0
[runlim] children:		2550
[runlim] real:			2158.83 seconds
[runlim] time:			8713.37 seconds
[runlim] space:			26867 MB
[runlim] samples:		21588
