c host: c3n11
c start: Fri Oct 18 23:36:46 CEST 2019
c arrayjobid: 17567257
c jobid: 17567789
c benchmark: /home/mathias/hwmcc19/benchmarks-single/btor2/wolf/2019C/zipcpu_zipcpu_dcache-p300.btor
c solver: ./run-avr.sh
c solver options: 
c tmpdir: /tmp/slurm.17567789.0
	(output dir: /tmp//pr_test/work_w2)
	(frontend: btor2)
	(property: all (1 assertions))
	(1496 / 40655 flops initialized)
	(abstraction: sa+uf)
   0	: 0	: 0 s: 0    0s                  
   0	: 1	: 0 0 s: 0    0s                     0	: 1	: 0 1 s: 1    0s                     0	: 1	: 0 1 s: 1    0s                  
   0	: 2	: 0 1 0 s: 1    0s                     0	: 2	: 0 4 1 s: 5    0s                     0	: 2	: 0 4 1 s: 5    0s                  
   0	: 3	: 0 3 2 0 s: 5    0s                     0	: 3	: 0 3 5 1 s: 9    0s                     0	: 3	: 0 3 5 1 s: 9    0s                  
   0	: 4	: 0 3 4 1 1 s: 9    0s                     0	: 4	: 0 3 8 5 2 s: 18    0s                     0	: 4	: 0 3 8 5 2 s: 18    0s                  
   0	: 5	: 0 3 7 3 1 4 s: 18    0s                     0	: 5	: 0 3 7 5 6 5 s: 26    0s                     0	: 5	: 0 3 7 5 6 5 s: 26    0s                  
   0	: 5	: 0 3 7 3 2 0 s: 15    1s                  
      Result        Time        Mem.       #Refs           
                     sec          MB                       
           h        1.09          73           0
AVR -- Proof Race 
copyright (c) 2019  Aman Goel and Karem Sakallah, University of Michigan
@     0s  (starting avr proof race)
@     0s  (output dir: /tmp//pr_test)
@     0s  (max 11 workers)
@     0s  (started worker 0 with pid 29627)
@     0s  (started worker 1 with pid 29628)
@     0s  (started worker 2 with pid 29629)
@     0s  (started worker 3 with pid 29630)
@     0s  (started worker 4 with pid 29631)
@     0s  (spawned 5 workers)
@     0s  (total 5 workers using 0 MB)
@     1s  (started worker 5 with pid 29750)
@     1s  (spawned 1 workers)
@     1s  (total 6 workers using 213 MB)
@     1s  (worker 0 finished with result unknown) python3 avr.py -a sa
@     1s  (worker 4 finished with result unknown) python3 avr.py -b bin_y2 --bmc
@     1s  (worker 1 finished with result unknown) python3 avr.py -b bin_bt_cadical -s --bmc
@     1s  (worker 5 finished with result unknown) python3 avr.py -b bin_bt_cadical -g 3 -l 0 -a sa32
@     1s  (started worker 6 with pid 29794)
@     1s  (spawned 1 workers)
@     1s  (total 3 workers using 171 MB)
@     2s  (worker 2 finished with result safe) python3 avr.py
@     2s  (worker 2 output)
@     2s  (stopping all workers)
@     2s  (copied results from worker 2 in /tmp//pr_test)
@     2s  [0;30;47m(proof race finished with answer safe in 1.54 seconds)[m
unsat
b0
c done
