[runlim] version:		1.17
[runlim] host:			c3n16
[runlim] time limit:		311040000 seconds
[runlim] real time limit:	3600 seconds
[runlim] space limit:		120000 MB
[runlim] argv[0]:		./run-avr.sh
[runlim] argv[1]:		/tmp/gD4ulWxY.btor
[runlim] start:			Fri Oct 18 22:50:21 2019
[runlim] child:			10259
[runlim] sample:		13.84 time, 10.02 real, 711 MB
[runlim] sample:		20.85 time, 20.02 real, 331 MB
[runlim] sample:		54.18 time, 30.02 real, 2382 MB
[runlim] sample:		74.26 time, 40.02 real, 3206 MB
[runlim] sample:		51.22 time, 50.02 real, 422 MB
[runlim] sample:		114.46 time, 60.02 real, 4710 MB
[runlim] sample:		134.58 time, 70.02 real, 4483 MB
[runlim] sample:		154.67 time, 80.02 real, 6019 MB
[runlim] sample:		174.74 time, 90.02 real, 6524 MB
[runlim] sample:		194.80 time, 100.02 real, 6753 MB
[runlim] sample:		214.85 time, 110.02 real, 7225 MB
[runlim] sample:		234.95 time, 120.02 real, 7488 MB
[runlim] sample:		255.01 time, 130.02 real, 7832 MB
[runlim] sample:		275.09 time, 140.02 real, 7941 MB
[runlim] sample:		152.00 time, 150.02 real, 556 MB
[runlim] sample:		315.21 time, 160.02 real, 7905 MB
[runlim] sample:		172.14 time, 170.02 real, 558 MB
[runlim] sample:		355.36 time, 180.02 real, 9742 MB
[runlim] sample:		375.47 time, 190.02 real, 9101 MB
[runlim] sample:		395.56 time, 200.02 real, 9916 MB
[runlim] sample:		212.54 time, 210.02 real, 617 MB
[runlim] sample:		435.75 time, 220.02 real, 10199 MB
[runlim] sample:		455.84 time, 230.02 real, 10820 MB
[runlim] sample:		475.91 time, 240.02 real, 12197 MB
[runlim] sample:		252.85 time, 250.02 real, 619 MB
[runlim] sample:		516.05 time, 260.02 real, 12655 MB
[runlim] sample:		536.14 time, 270.02 real, 11335 MB
[runlim] sample:		556.21 time, 280.02 real, 11702 MB
[runlim] sample:		576.27 time, 290.02 real, 12065 MB
[runlim] sample:		596.33 time, 300.02 real, 12497 MB
[runlim] sample:		616.36 time, 310.02 real, 12686 MB
[runlim] sample:		636.46 time, 320.02 real, 14076 MB
[runlim] sample:		656.54 time, 330.02 real, 14247 MB
[runlim] sample:		676.59 time, 340.02 real, 13907 MB
[runlim] sample:		696.67 time, 350.02 real, 14690 MB
[runlim] sample:		716.69 time, 360.02 real, 13103 MB
[runlim] sample:		736.78 time, 370.02 real, 14968 MB
[runlim] sample:		756.84 time, 380.02 real, 13970 MB
[runlim] sample:		776.93 time, 390.02 real, 15364 MB
[runlim] sample:		796.99 time, 400.02 real, 13475 MB
[runlim] sample:		817.08 time, 410.02 real, 14893 MB
[runlim] sample:		837.15 time, 420.02 real, 15146 MB
[runlim] sample:		857.22 time, 430.02 real, 16064 MB
[runlim] sample:		877.32 time, 440.02 real, 16235 MB
[runlim] sample:		454.30 time, 450.02 real, 760 MB
[runlim] sample:		917.50 time, 460.02 real, 14404 MB
[runlim] sample:		937.54 time, 470.02 real, 17310 MB
[runlim] sample:		957.59 time, 480.02 real, 17528 MB
[runlim] sample:		977.71 time, 490.02 real, 17685 MB
[runlim] sample:		997.78 time, 500.02 real, 17813 MB
[runlim] sample:		1017.86 time, 510.02 real, 18005 MB
[runlim] sample:		1037.91 time, 520.02 real, 17495 MB
[runlim] sample:		1058.05 time, 530.02 real, 15861 MB
[runlim] sample:		1078.12 time, 540.02 real, 18457 MB
[runlim] sample:		1098.19 time, 550.02 real, 17557 MB
[runlim] sample:		1118.23 time, 560.02 real, 16366 MB
[runlim] sample:		1138.36 time, 570.02 real, 18890 MB
[runlim] sample:		1158.48 time, 580.02 real, 17656 MB
[runlim] sample:		1178.58 time, 590.02 real, 17858 MB
[runlim] sample:		1198.61 time, 600.02 real, 18568 MB
[runlim] sample:		615.57 time, 610.02 real, 852 MB
[runlim] sample:		1238.76 time, 620.02 real, 18653 MB
[runlim] sample:		1258.83 time, 630.02 real, 19773 MB
[runlim] sample:		1278.92 time, 640.02 real, 18126 MB
[runlim] sample:		655.85 time, 650.02 real, 864 MB
[runlim] sample:		1319.05 time, 660.02 real, 20165 MB
[runlim] sample:		1339.13 time, 670.02 real, 21927 MB
[runlim] sample:		1359.24 time, 680.02 real, 22390 MB
[runlim] sample:		696.24 time, 690.02 real, 867 MB
[runlim] sample:		1399.43 time, 700.02 real, 20628 MB
[runlim] sample:		1419.49 time, 710.02 real, 21817 MB
[runlim] sample:		1439.57 time, 720.02 real, 22862 MB
[runlim] sample:		736.51 time, 730.02 real, 904 MB
[runlim] sample:		1479.71 time, 740.02 real, 20249 MB
[runlim] sample:		756.66 time, 750.02 real, 905 MB
[runlim] sample:		1519.83 time, 760.02 real, 22919 MB
[runlim] sample:		1539.93 time, 770.02 real, 23461 MB
[runlim] sample:		1560.04 time, 780.02 real, 22754 MB
[runlim] sample:		1580.10 time, 790.02 real, 23147 MB
[runlim] sample:		1600.22 time, 800.02 real, 23415 MB
[runlim] sample:		817.17 time, 810.02 real, 964 MB
[runlim] sample:		1640.38 time, 820.02 real, 23582 MB
[runlim] sample:		1660.47 time, 830.02 real, 23542 MB
[runlim] sample:		1680.55 time, 840.02 real, 23536 MB
[runlim] sample:		857.52 time, 850.02 real, 1019 MB
[runlim] sample:		1720.68 time, 860.02 real, 23094 MB
[runlim] sample:		1740.75 time, 870.02 real, 22600 MB
[runlim] sample:		1760.83 time, 880.02 real, 22216 MB
[runlim] sample:		897.81 time, 890.02 real, 1020 MB
[runlim] sample:		1800.99 time, 900.02 real, 25619 MB
[runlim] sample:		1821.07 time, 910.02 real, 24927 MB
[runlim] sample:		1841.13 time, 920.02 real, 24064 MB
[runlim] sample:		1861.22 time, 930.02 real, 26119 MB
[runlim] sample:		1881.39 time, 940.02 real, 24200 MB
[runlim] sample:		1901.40 time, 950.02 real, 23094 MB
[runlim] sample:		1921.50 time, 960.02 real, 26455 MB
[runlim] sample:		978.46 time, 970.02 real, 1063 MB
[runlim] sample:		1961.64 time, 980.02 real, 24642 MB
[runlim] sample:		1981.69 time, 990.02 real, 23457 MB
[runlim] sample:		2001.80 time, 1000.02 real, 26893 MB
[runlim] sample:		2021.82 time, 1010.02 real, 25682 MB
[runlim] sample:		2041.93 time, 1020.02 real, 24006 MB
[runlim] sample:		2061.99 time, 1030.02 real, 27211 MB
[runlim] sample:		2082.08 time, 1040.02 real, 26087 MB
[runlim] sample:		1059.04 time, 1050.02 real, 1077 MB
[runlim] sample:		2122.21 time, 1060.02 real, 27530 MB
[runlim] sample:		2142.29 time, 1070.02 real, 25743 MB
[runlim] sample:		2162.34 time, 1080.02 real, 24059 MB
[runlim] sample:		1099.30 time, 1090.02 real, 1125 MB
[runlim] sample:		2202.47 time, 1100.02 real, 27351 MB
[runlim] sample:		2222.55 time, 1110.02 real, 27031 MB
[runlim] sample:		2242.61 time, 1120.02 real, 24789 MB
[runlim] sample:		1139.60 time, 1130.02 real, 1140 MB
[runlim] sample:		2282.76 time, 1140.02 real, 25663 MB
[runlim] sample:		1159.73 time, 1150.02 real, 1140 MB
[runlim] sample:		2322.89 time, 1160.02 real, 26254 MB
[runlim] sample:		2342.94 time, 1170.02 real, 28695 MB
[runlim] sample:		2363.01 time, 1180.02 real, 28852 MB
[runlim] sample:		2383.06 time, 1190.02 real, 29147 MB
[runlim] sample:		2403.13 time, 1200.02 real, 25175 MB
[runlim] sample:		2423.21 time, 1210.02 real, 28004 MB
[runlim] sample:		2443.27 time, 1220.02 real, 25349 MB
[runlim] sample:		2463.36 time, 1230.02 real, 27981 MB
[runlim] sample:		2483.43 time, 1240.02 real, 28212 MB
[runlim] sample:		2503.52 time, 1250.02 real, 27763 MB
[runlim] sample:		2523.59 time, 1260.02 real, 29689 MB
[runlim] sample:		2543.64 time, 1270.02 real, 26134 MB
[runlim] sample:		2563.74 time, 1280.02 real, 27886 MB
[runlim] sample:		2583.82 time, 1290.02 real, 29982 MB
[runlim] sample:		2603.91 time, 1300.02 real, 26996 MB
[runlim] sample:		2623.97 time, 1310.02 real, 29414 MB
[runlim] sample:		2644.04 time, 1320.02 real, 26120 MB
[runlim] sample:		2664.12 time, 1330.02 real, 28014 MB
[runlim] sample:		2684.19 time, 1340.02 real, 30272 MB
[runlim] sample:		2704.25 time, 1350.02 real, 26451 MB
[runlim] sample:		1371.26 time, 1360.02 real, 1195 MB
[runlim] sample:		2744.42 time, 1370.02 real, 30729 MB
[runlim] sample:		2764.48 time, 1380.02 real, 26613 MB
[runlim] sample:		2784.51 time, 1390.02 real, 28758 MB
[runlim] sample:		1411.51 time, 1400.02 real, 1193 MB
[runlim] sample:		2824.69 time, 1410.02 real, 26861 MB
[runlim] sample:		2844.72 time, 1420.02 real, 27221 MB
[runlim] sample:		2864.79 time, 1430.02 real, 28977 MB
[runlim] sample:		2884.85 time, 1440.02 real, 30699 MB
[runlim] sample:		2904.93 time, 1450.02 real, 30646 MB
[runlim] sample:		2924.97 time, 1460.02 real, 31602 MB
[runlim] sample:		2945.03 time, 1470.02 real, 27694 MB
[runlim] sample:		2965.09 time, 1480.02 real, 29280 MB
[runlim] sample:		2985.16 time, 1490.02 real, 30783 MB
[runlim] sample:		3005.21 time, 1500.02 real, 31934 MB
[runlim] sample:		3025.26 time, 1510.02 real, 27562 MB
[runlim] sample:		3045.39 time, 1520.02 real, 28562 MB
[runlim] sample:		3065.48 time, 1530.02 real, 29893 MB
[runlim] sample:		3085.60 time, 1540.02 real, 31147 MB
[runlim] sample:		3105.68 time, 1550.02 real, 32368 MB
[runlim] sample:		1572.74 time, 1560.02 real, 1231 MB
[runlim] sample:		3145.97 time, 1570.02 real, 28197 MB
[runlim] sample:		3166.03 time, 1580.02 real, 29339 MB
[runlim] sample:		3186.09 time, 1590.02 real, 30491 MB
[runlim] sample:		1613.06 time, 1600.02 real, 1341 MB
[runlim] sample:		3226.20 time, 1610.02 real, 32599 MB
[runlim] sample:		3246.27 time, 1620.02 real, 32873 MB
[runlim] sample:		3266.35 time, 1630.02 real, 33121 MB
[runlim] sample:		3286.39 time, 1640.02 real, 33365 MB
[runlim] sample:		3306.46 time, 1650.02 real, 34182 MB
[runlim] sample:		1673.45 time, 1660.02 real, 1438 MB
[runlim] sample:		3346.58 time, 1670.02 real, 34739 MB
[runlim] sample:		3366.64 time, 1680.02 real, 30110 MB
[runlim] sample:		3386.72 time, 1690.02 real, 30461 MB
[runlim] sample:		3406.79 time, 1700.02 real, 31182 MB
[runlim] sample:		3426.86 time, 1710.02 real, 31829 MB
[runlim] sample:		3446.93 time, 1720.02 real, 32398 MB
[runlim] sample:		3467.02 time, 1730.02 real, 32908 MB
[runlim] sample:		3487.10 time, 1740.02 real, 33251 MB
[runlim] sample:		3507.19 time, 1750.02 real, 33591 MB
[runlim] sample:		3527.29 time, 1760.02 real, 34495 MB
[runlim] sample:		3547.32 time, 1770.02 real, 34794 MB
[runlim] sample:		3567.38 time, 1780.02 real, 35087 MB
[runlim] sample:		3587.46 time, 1790.02 real, 35293 MB
[runlim] sample:		3607.55 time, 1800.02 real, 35395 MB
[runlim] sample:		3627.60 time, 1810.02 real, 35520 MB
[runlim] sample:		3647.68 time, 1820.02 real, 35589 MB
[runlim] sample:		3667.72 time, 1830.02 real, 35596 MB
[runlim] sample:		3687.82 time, 1840.02 real, 35640 MB
[runlim] sample:		3707.88 time, 1850.02 real, 33580 MB
[runlim] sample:		3727.98 time, 1860.02 real, 33394 MB
[runlim] sample:		3748.02 time, 1870.02 real, 33247 MB
[runlim] sample:		3768.07 time, 1880.02 real, 32961 MB
[runlim] sample:		3788.17 time, 1890.02 real, 32724 MB
[runlim] sample:		3808.23 time, 1900.02 real, 32479 MB
[runlim] sample:		3828.31 time, 1910.02 real, 32272 MB
[runlim] sample:		3848.37 time, 1920.02 real, 31913 MB
[runlim] sample:		3868.45 time, 1930.02 real, 31790 MB
[runlim] sample:		3888.50 time, 1940.02 real, 36953 MB
[runlim] sample:		3908.60 time, 1950.02 real, 37033 MB
[runlim] sample:		3928.65 time, 1960.02 real, 37109 MB
[runlim] sample:		3948.71 time, 1970.02 real, 36822 MB
[runlim] sample:		3968.78 time, 1980.02 real, 36285 MB
[runlim] sample:		3988.85 time, 1990.02 real, 35668 MB
[runlim] sample:		4008.94 time, 2000.02 real, 34985 MB
[runlim] sample:		4029.00 time, 2010.02 real, 34204 MB
[runlim] sample:		4049.09 time, 2020.02 real, 33425 MB
[runlim] sample:		4069.13 time, 2030.02 real, 32623 MB
[runlim] sample:		4089.23 time, 2040.02 real, 36772 MB
[runlim] sample:		4109.31 time, 2050.02 real, 37787 MB
[runlim] sample:		4129.37 time, 2060.02 real, 37543 MB
[runlim] sample:		4149.41 time, 2070.02 real, 34549 MB
[runlim] sample:		4169.50 time, 2080.02 real, 33448 MB
[runlim] sample:		4189.54 time, 2090.02 real, 32796 MB
[runlim] sample:		4209.60 time, 2100.02 real, 38163 MB
[runlim] sample:		4229.67 time, 2110.02 real, 37820 MB
[runlim] sample:		4249.75 time, 2120.02 real, 36764 MB
[runlim] sample:		4269.79 time, 2130.02 real, 35587 MB
[runlim] sample:		4289.86 time, 2140.02 real, 34351 MB
[runlim] sample:		4309.92 time, 2150.02 real, 33137 MB
[runlim] sample:		4330.01 time, 2160.02 real, 38600 MB
[runlim] sample:		2187.00 time, 2170.02 real, 1416 MB
[runlim] sample:		4370.15 time, 2180.02 real, 36880 MB
[runlim] sample:		4390.20 time, 2190.02 real, 35588 MB
[runlim] sample:		4410.31 time, 2200.02 real, 34181 MB
[runlim] sample:		4430.38 time, 2210.02 real, 38050 MB
[runlim] sample:		4450.44 time, 2220.02 real, 39031 MB
[runlim] sample:		4470.51 time, 2230.02 real, 37536 MB
[runlim] sample:		4490.61 time, 2240.02 real, 35959 MB
[runlim] sample:		4510.69 time, 2250.02 real, 34450 MB
[runlim] sample:		4530.78 time, 2260.02 real, 39309 MB
[runlim] sample:		4550.86 time, 2270.02 real, 39162 MB
[runlim] sample:		4570.95 time, 2280.02 real, 37486 MB
[runlim] sample:		4591.00 time, 2290.02 real, 35709 MB
[runlim] sample:		4611.06 time, 2300.02 real, 39701 MB
[runlim] sample:		4631.12 time, 2310.02 real, 37903 MB
[runlim] sample:		4651.22 time, 2320.02 real, 36105 MB
[runlim] sample:		4671.30 time, 2330.02 real, 34308 MB
[runlim] sample:		4691.36 time, 2340.02 real, 39866 MB
[runlim] sample:		4711.46 time, 2350.02 real, 38612 MB
[runlim] sample:		4731.56 time, 2360.02 real, 36687 MB
[runlim] sample:		4751.63 time, 2370.02 real, 42421 MB
[runlim] sample:		4771.68 time, 2380.02 real, 40888 MB
[runlim] sample:		4791.74 time, 2390.02 real, 38941 MB
[runlim] sample:		4811.88 time, 2400.02 real, 44354 MB
[runlim] sample:		4831.93 time, 2410.02 real, 43146 MB
[runlim] sample:		4852.00 time, 2420.02 real, 41145 MB
[runlim] sample:		4872.08 time, 2430.02 real, 39077 MB
[runlim] sample:		4892.16 time, 2440.02 real, 44629 MB
[runlim] sample:		4912.20 time, 2450.02 real, 43073 MB
[runlim] sample:		4932.27 time, 2460.02 real, 38993 MB
[runlim] sample:		2489.28 time, 2470.02 real, 1425 MB
[runlim] sample:		4972.41 time, 2480.02 real, 42696 MB
[runlim] sample:		4992.45 time, 2490.02 real, 40426 MB
[runlim] sample:		5012.50 time, 2500.02 real, 45056 MB
[runlim] sample:		2529.52 time, 2510.02 real, 1425 MB
[runlim] sample:		5052.63 time, 2520.02 real, 41472 MB
[runlim] sample:		5072.69 time, 2530.02 real, 39368 MB
[runlim] sample:		5092.74 time, 2540.02 real, 44925 MB
[runlim] sample:		2569.81 time, 2550.02 real, 1513 MB
[runlim] sample:		5132.90 time, 2560.02 real, 45687 MB
[runlim] sample:		5152.97 time, 2570.02 real, 43586 MB
[runlim] sample:		5172.99 time, 2580.02 real, 40958 MB
[runlim] sample:		5193.08 time, 2590.02 real, 45837 MB
[runlim] sample:		5213.12 time, 2600.02 real, 44056 MB
[runlim] sample:		5233.20 time, 2610.02 real, 41347 MB
[runlim] sample:		5253.26 time, 2620.02 real, 45979 MB
[runlim] sample:		5273.38 time, 2630.02 real, 44293 MB
[runlim] sample:		5293.44 time, 2640.02 real, 41491 MB
[runlim] sample:		5313.50 time, 2650.02 real, 46140 MB
[runlim] sample:		5333.57 time, 2660.02 real, 44318 MB
[runlim] sample:		2690.68 time, 2670.02 real, 1594 MB
[runlim] sample:		5373.73 time, 2680.02 real, 40571 MB
[runlim] sample:		5393.81 time, 2690.02 real, 46254 MB
[runlim] sample:		5413.90 time, 2700.02 real, 43239 MB
[runlim] sample:		5433.96 time, 2710.02 real, 47543 MB
[runlim] sample:		5454.04 time, 2720.02 real, 45918 MB
[runlim] sample:		5474.09 time, 2730.02 real, 42746 MB
[runlim] sample:		5494.15 time, 2740.02 real, 47826 MB
[runlim] sample:		5514.23 time, 2750.02 real, 45122 MB
[runlim] sample:		5534.28 time, 2760.02 real, 41896 MB
[runlim] sample:		5554.37 time, 2770.02 real, 47413 MB
[runlim] sample:		5574.42 time, 2780.02 real, 44121 MB
[runlim] sample:		5594.49 time, 2790.02 real, 48140 MB
[runlim] sample:		5614.56 time, 2800.02 real, 46393 MB
[runlim] sample:		5634.63 time, 2810.02 real, 48379 MB
[runlim] sample:		5654.69 time, 2820.02 real, 46207 MB
[runlim] sample:		5674.80 time, 2830.02 real, 42649 MB
[runlim] sample:		5694.83 time, 2840.02 real, 48067 MB
[runlim] sample:		5714.90 time, 2850.02 real, 44483 MB
[runlim] sample:		5734.95 time, 2860.02 real, 48574 MB
[runlim] sample:		5755.08 time, 2870.02 real, 46301 MB
[runlim] sample:		5775.11 time, 2880.02 real, 42743 MB
[runlim] sample:		5795.18 time, 2890.02 real, 48111 MB
[runlim] sample:		5815.23 time, 2900.02 real, 44441 MB
[runlim] sample:		5835.34 time, 2910.02 real, 48891 MB
[runlim] sample:		5855.42 time, 2920.02 real, 45514 MB
[runlim] sample:		5875.49 time, 2930.02 real, 49010 MB
[runlim] sample:		5895.53 time, 2940.02 real, 46856 MB
[runlim] sample:		5915.61 time, 2950.02 real, 43047 MB
[runlim] sample:		5935.68 time, 2960.02 real, 48278 MB
[runlim] sample:		5955.72 time, 2970.02 real, 44441 MB
[runlim] sample:		5975.77 time, 2980.02 real, 49326 MB
[runlim] sample:		5995.83 time, 2990.02 real, 45771 MB
[runlim] sample:		6015.90 time, 3000.02 real, 49445 MB
[runlim] sample:		6035.97 time, 3010.02 real, 46906 MB
[runlim] sample:		6056.02 time, 3020.02 real, 43101 MB
[runlim] sample:		6076.08 time, 3030.02 real, 48089 MB
[runlim] sample:		6096.16 time, 3040.02 real, 44143 MB
[runlim] sample:		6116.20 time, 3050.02 real, 49235 MB
[runlim] sample:		6136.24 time, 3060.02 real, 45123 MB
[runlim] sample:		6156.35 time, 3070.02 real, 49877 MB
[runlim] sample:		6176.39 time, 3080.02 real, 43592 MB
[runlim] sample:		6196.41 time, 3090.02 real, 48570 MB
[runlim] sample:		6216.48 time, 3100.02 real, 44260 MB
[runlim] sample:		6236.57 time, 3110.02 real, 49230 MB
[runlim] sample:		6256.65 time, 3120.02 real, 44930 MB
[runlim] sample:		6276.70 time, 3130.02 real, 49950 MB
[runlim] sample:		3163.82 time, 3140.02 real, 1588 MB
[runlim] sample:		6316.84 time, 3150.02 real, 50349 MB
[runlim] sample:		6336.97 time, 3160.02 real, 46267 MB
[runlim] sample:		6357.01 time, 3170.02 real, 50469 MB
[runlim] sample:		3204.15 time, 3180.02 real, 1587 MB
[runlim] sample:		6397.17 time, 3190.02 real, 50587 MB
[runlim] sample:		6417.24 time, 3200.02 real, 47338 MB
[runlim] sample:		6437.34 time, 3210.02 real, 50706 MB
[runlim] sample:		6457.42 time, 3220.02 real, 47877 MB
[runlim] sample:		6477.50 time, 3230.02 real, 48984 MB
[runlim] sample:		6497.58 time, 3240.02 real, 48223 MB
[runlim] sample:		6517.67 time, 3250.02 real, 46274 MB
[runlim] sample:		6537.72 time, 3260.02 real, 48542 MB
[runlim] sample:		6557.79 time, 3270.02 real, 45087 MB
[runlim] sample:		6577.84 time, 3280.02 real, 48601 MB
[runlim] sample:		6597.88 time, 3290.02 real, 46120 MB
[runlim] sample:		6618.01 time, 3300.02 real, 48694 MB
[runlim] sample:		6638.08 time, 3310.02 real, 47634 MB
[runlim] sample:		6658.14 time, 3320.02 real, 48523 MB
[runlim] sample:		6678.21 time, 3330.02 real, 51479 MB
[runlim] sample:		6698.32 time, 3340.02 real, 48235 MB
[runlim] sample:		6718.43 time, 3350.02 real, 50423 MB
[runlim] sample:		6738.49 time, 3360.02 real, 45359 MB
[runlim] sample:		6758.54 time, 3370.02 real, 49936 MB
[runlim] sample:		3405.71 time, 3380.02 real, 1657 MB
[runlim] sample:		6798.72 time, 3390.02 real, 48358 MB
[runlim] sample:		6818.79 time, 3400.02 real, 51903 MB
[runlim] sample:		6838.84 time, 3410.02 real, 45227 MB
[runlim] sample:		6858.97 time, 3420.02 real, 49715 MB
[runlim] sample:		6879.04 time, 3430.02 real, 49058 MB
[runlim] sample:		6899.08 time, 3440.02 real, 48862 MB
[runlim] sample:		6919.14 time, 3450.02 real, 52196 MB
[runlim] sample:		3486.33 time, 3460.02 real, 1658 MB
[runlim] sample:		6959.36 time, 3470.02 real, 52313 MB
[runlim] sample:		6979.42 time, 3480.02 real, 47186 MB
[runlim] sample:		6999.49 time, 3490.02 real, 51544 MB
[runlim] sample:		3526.64 time, 3500.02 real, 1661 MB
[runlim] sample:		7039.66 time, 3510.02 real, 50257 MB
[runlim] sample:		7059.72 time, 3520.02 real, 51961 MB
[runlim] sample:		7079.83 time, 3530.02 real, 48983 MB
[runlim] sample:		7099.88 time, 3540.02 real, 52712 MB
[runlim] sample:		7119.95 time, 3550.02 real, 47848 MB
[runlim] sample:		35561.38 time, 3560.02 real, 21935 MB
[runlim] sample:		36511.72 time, 3570.02 real, 1699 MB
[runlim] end:			Fri Oct 18 23:49:55 2019
[runlim] status:		ok
[runlim] result:		0
[runlim] children:		5092
[runlim] real:			3574.35 seconds
[runlim] time:			36511.76 seconds
[runlim] space:			73087 MB
[runlim] samples:		35743
