[runlim] version:		1.17
[runlim] host:			c3n32
[runlim] time limit:		311040000 seconds
[runlim] real time limit:	3600 seconds
[runlim] space limit:		120000 MB
[runlim] argv[0]:		./run-avr.sh
[runlim] argv[1]:		/tmp/wfjTTwfs.btor
[runlim] start:			Fri Oct 18 23:27:48 2019
[runlim] child:			31177
[runlim] sample:		18.77 time, 10.02 real, 354 MB
[runlim] sample:		38.88 time, 20.02 real, 592 MB
[runlim] sample:		58.97 time, 30.02 real, 822 MB
[runlim] end:			Fri Oct 18 23:28:21 2019
[runlim] status:		ok
[runlim] result:		0
[runlim] children:		138
[runlim] real:			32.87 seconds
[runlim] time:			64.50 seconds
[runlim] space:			854 MB
[runlim] samples:		328
