[runlim] version:		1.17
[runlim] host:			c3n22
[runlim] time limit:		311040000 seconds
[runlim] real time limit:	3600 seconds
[runlim] space limit:		120000 MB
[runlim] argv[0]:		./run-cosa2.sh
[runlim] argv[1]:		/tmp/XZE0IsiY.btor2
[runlim] start:			Wed Oct 16 13:12:13 2019
[runlim] child:			7139
[runlim] sample:		19.93 time, 10.02 real, 100 MB
[runlim] sample:		40.21 time, 20.02 real, 104 MB
[runlim] sample:		60.46 time, 30.02 real, 128 MB
[runlim] sample:		80.75 time, 40.02 real, 148 MB
[runlim] sample:		101.02 time, 50.02 real, 148 MB
[runlim] sample:		121.29 time, 60.02 real, 193 MB
[runlim] sample:		141.55 time, 70.02 real, 151 MB
[runlim] sample:		161.84 time, 80.02 real, 178 MB
[runlim] sample:		182.12 time, 90.02 real, 178 MB
[runlim] sample:		202.39 time, 100.02 real, 179 MB
[runlim] sample:		222.65 time, 110.02 real, 221 MB
[runlim] sample:		242.87 time, 120.02 real, 235 MB
[runlim] sample:		263.16 time, 130.02 real, 246 MB
[runlim] sample:		283.43 time, 140.02 real, 286 MB
[runlim] sample:		303.71 time, 150.02 real, 252 MB
[runlim] sample:		324.00 time, 160.02 real, 251 MB
[runlim] sample:		344.28 time, 170.02 real, 242 MB
[runlim] sample:		364.56 time, 180.02 real, 256 MB
[runlim] sample:		384.84 time, 190.02 real, 256 MB
[runlim] sample:		405.10 time, 200.02 real, 179 MB
[runlim] sample:		425.35 time, 210.02 real, 179 MB
[runlim] sample:		445.64 time, 220.02 real, 214 MB
[runlim] sample:		465.91 time, 230.02 real, 221 MB
[runlim] sample:		486.19 time, 240.02 real, 222 MB
[runlim] sample:		506.46 time, 250.02 real, 223 MB
[runlim] sample:		526.74 time, 260.02 real, 223 MB
[runlim] sample:		547.01 time, 270.02 real, 232 MB
[runlim] sample:		567.29 time, 280.02 real, 228 MB
[runlim] sample:		587.57 time, 290.02 real, 238 MB
[runlim] sample:		607.83 time, 300.02 real, 233 MB
[runlim] sample:		628.12 time, 310.02 real, 234 MB
[runlim] sample:		648.39 time, 320.02 real, 236 MB
[runlim] sample:		668.65 time, 330.02 real, 241 MB
[runlim] sample:		688.94 time, 340.02 real, 244 MB
[runlim] sample:		709.20 time, 350.02 real, 240 MB
[runlim] sample:		729.49 time, 360.02 real, 246 MB
[runlim] sample:		749.76 time, 370.02 real, 239 MB
[runlim] sample:		770.04 time, 380.02 real, 237 MB
[runlim] sample:		790.32 time, 390.02 real, 187 MB
[runlim] sample:		810.59 time, 400.02 real, 231 MB
[runlim] sample:		830.85 time, 410.02 real, 235 MB
[runlim] sample:		851.13 time, 420.02 real, 228 MB
[runlim] sample:		871.41 time, 430.02 real, 260 MB
[runlim] sample:		891.70 time, 440.02 real, 269 MB
[runlim] sample:		911.96 time, 450.02 real, 205 MB
[runlim] sample:		932.25 time, 460.02 real, 256 MB
[runlim] sample:		952.51 time, 470.02 real, 254 MB
[runlim] sample:		972.79 time, 480.02 real, 251 MB
[runlim] sample:		993.07 time, 490.02 real, 260 MB
[runlim] sample:		1013.35 time, 500.02 real, 260 MB
[runlim] sample:		1033.63 time, 510.02 real, 260 MB
[runlim] sample:		1053.90 time, 520.02 real, 266 MB
[runlim] sample:		1074.16 time, 530.02 real, 266 MB
[runlim] sample:		1094.39 time, 540.02 real, 277 MB
[runlim] sample:		1114.68 time, 550.02 real, 298 MB
[runlim] sample:		1134.96 time, 560.02 real, 282 MB
[runlim] sample:		1155.24 time, 570.02 real, 282 MB
[runlim] sample:		1175.51 time, 580.02 real, 316 MB
[runlim] sample:		1195.76 time, 590.02 real, 315 MB
[runlim] sample:		1216.05 time, 600.02 real, 316 MB
[runlim] sample:		1236.34 time, 610.02 real, 344 MB
[runlim] sample:		1256.61 time, 620.02 real, 344 MB
[runlim] sample:		1276.89 time, 630.02 real, 364 MB
[runlim] sample:		1297.18 time, 640.02 real, 417 MB
[runlim] sample:		1317.44 time, 650.02 real, 366 MB
[runlim] sample:		1337.73 time, 660.02 real, 366 MB
[runlim] sample:		1358.02 time, 670.02 real, 367 MB
[runlim] sample:		1378.29 time, 680.02 real, 365 MB
[runlim] sample:		1398.57 time, 690.02 real, 374 MB
[runlim] sample:		1418.86 time, 700.02 real, 375 MB
[runlim] sample:		1439.14 time, 710.02 real, 383 MB
[runlim] sample:		1459.42 time, 720.02 real, 251 MB
[runlim] sample:		1479.68 time, 730.02 real, 297 MB
[runlim] sample:		1499.96 time, 740.02 real, 334 MB
[runlim] sample:		1520.24 time, 750.02 real, 339 MB
[runlim] sample:		1540.52 time, 760.02 real, 330 MB
[runlim] sample:		1560.79 time, 770.02 real, 332 MB
[runlim] sample:		1581.07 time, 780.02 real, 332 MB
[runlim] sample:		1601.34 time, 790.02 real, 332 MB
[runlim] sample:		1621.61 time, 800.02 real, 343 MB
[runlim] sample:		1641.89 time, 810.02 real, 340 MB
[runlim] sample:		1662.16 time, 820.02 real, 343 MB
[runlim] sample:		1682.44 time, 830.02 real, 354 MB
[runlim] sample:		1702.71 time, 840.02 real, 342 MB
[runlim] sample:		1722.99 time, 850.02 real, 342 MB
[runlim] sample:		1743.27 time, 860.02 real, 340 MB
[runlim] sample:		1763.55 time, 870.02 real, 333 MB
[runlim] sample:		1783.82 time, 880.02 real, 330 MB
[runlim] sample:		1804.11 time, 890.02 real, 332 MB
[runlim] sample:		1824.39 time, 900.02 real, 333 MB
[runlim] sample:		1844.66 time, 910.02 real, 333 MB
[runlim] sample:		1864.95 time, 920.02 real, 332 MB
[runlim] sample:		1885.23 time, 930.02 real, 332 MB
[runlim] sample:		1905.50 time, 940.02 real, 336 MB
[runlim] sample:		1925.78 time, 950.02 real, 335 MB
[runlim] sample:		1946.05 time, 960.02 real, 252 MB
[runlim] sample:		1966.33 time, 970.01 real, 312 MB
[runlim] sample:		1986.61 time, 980.02 real, 312 MB
[runlim] sample:		2006.89 time, 990.02 real, 321 MB
[runlim] sample:		2027.17 time, 1000.02 real, 322 MB
[runlim] sample:		2047.45 time, 1010.02 real, 328 MB
[runlim] sample:		2067.73 time, 1020.02 real, 327 MB
[runlim] sample:		2088.00 time, 1030.02 real, 337 MB
[runlim] sample:		2108.29 time, 1040.02 real, 342 MB
[runlim] sample:		2128.55 time, 1050.02 real, 339 MB
[runlim] sample:		2148.84 time, 1060.02 real, 355 MB
[runlim] sample:		2169.11 time, 1070.02 real, 355 MB
[runlim] sample:		2189.39 time, 1080.02 real, 352 MB
[runlim] sample:		2209.65 time, 1090.02 real, 465 MB
[runlim] sample:		2229.92 time, 1100.02 real, 374 MB
[runlim] sample:		2250.19 time, 1110.02 real, 368 MB
[runlim] sample:		2270.47 time, 1120.02 real, 365 MB
[runlim] sample:		2290.75 time, 1130.02 real, 375 MB
[runlim] sample:		2311.02 time, 1140.02 real, 375 MB
[runlim] sample:		2331.31 time, 1150.02 real, 375 MB
[runlim] sample:		2351.57 time, 1160.02 real, 382 MB
[runlim] sample:		2371.86 time, 1170.02 real, 385 MB
[runlim] sample:		2392.13 time, 1180.02 real, 385 MB
[runlim] sample:		2412.39 time, 1190.02 real, 382 MB
[runlim] sample:		2432.66 time, 1200.02 real, 394 MB
[runlim] sample:		2452.95 time, 1210.02 real, 393 MB
[runlim] sample:		2473.22 time, 1220.02 real, 394 MB
[runlim] sample:		2493.50 time, 1230.02 real, 397 MB
[runlim] sample:		2513.77 time, 1240.02 real, 397 MB
[runlim] sample:		2534.04 time, 1250.02 real, 397 MB
[runlim] sample:		2554.32 time, 1260.02 real, 397 MB
[runlim] sample:		2574.58 time, 1270.02 real, 397 MB
[runlim] sample:		2594.87 time, 1280.02 real, 403 MB
[runlim] sample:		2615.14 time, 1290.02 real, 403 MB
[runlim] sample:		2635.41 time, 1300.02 real, 405 MB
[runlim] sample:		2655.68 time, 1310.02 real, 424 MB
[runlim] sample:		2675.97 time, 1320.02 real, 424 MB
[runlim] sample:		2696.25 time, 1330.02 real, 424 MB
[runlim] sample:		2716.51 time, 1340.02 real, 424 MB
[runlim] sample:		2736.78 time, 1350.02 real, 432 MB
[runlim] sample:		2757.07 time, 1360.02 real, 434 MB
[runlim] sample:		2777.33 time, 1370.02 real, 433 MB
[runlim] sample:		2797.62 time, 1380.02 real, 434 MB
[runlim] sample:		2817.90 time, 1390.02 real, 453 MB
[runlim] sample:		2838.17 time, 1400.02 real, 453 MB
[runlim] sample:		2858.44 time, 1410.02 real, 454 MB
[runlim] sample:		2878.71 time, 1420.02 real, 453 MB
[runlim] sample:		2898.99 time, 1430.02 real, 454 MB
[runlim] sample:		2919.26 time, 1440.02 real, 454 MB
[runlim] sample:		2939.56 time, 1450.02 real, 454 MB
[runlim] sample:		2959.83 time, 1460.02 real, 459 MB
[runlim] sample:		2980.09 time, 1470.02 real, 463 MB
[runlim] sample:		3000.37 time, 1480.02 real, 463 MB
[runlim] sample:		3020.66 time, 1490.02 real, 462 MB
[runlim] sample:		3040.93 time, 1500.02 real, 473 MB
[runlim] sample:		3061.20 time, 1510.02 real, 473 MB
[runlim] sample:		3081.47 time, 1520.02 real, 473 MB
[runlim] sample:		3101.75 time, 1530.02 real, 473 MB
[runlim] sample:		3122.04 time, 1540.02 real, 488 MB
[runlim] sample:		3142.31 time, 1550.02 real, 489 MB
[runlim] sample:		3162.59 time, 1560.02 real, 489 MB
[runlim] sample:		3182.87 time, 1570.02 real, 489 MB
[runlim] sample:		3203.14 time, 1580.02 real, 491 MB
[runlim] sample:		3223.42 time, 1590.02 real, 491 MB
[runlim] sample:		3243.69 time, 1600.02 real, 490 MB
[runlim] sample:		3263.96 time, 1610.02 real, 491 MB
[runlim] sample:		3284.23 time, 1620.02 real, 481 MB
[runlim] sample:		3304.51 time, 1630.02 real, 481 MB
[runlim] sample:		3324.77 time, 1640.02 real, 481 MB
[runlim] sample:		3345.06 time, 1650.02 real, 465 MB
[runlim] sample:		3365.34 time, 1660.02 real, 467 MB
[runlim] sample:		3385.58 time, 1670.02 real, 469 MB
[runlim] sample:		3405.86 time, 1680.02 real, 477 MB
[runlim] sample:		3426.14 time, 1690.02 real, 513 MB
[runlim] sample:		3446.42 time, 1700.02 real, 515 MB
[runlim] sample:		3466.69 time, 1710.02 real, 515 MB
[runlim] sample:		3486.97 time, 1720.02 real, 505 MB
[runlim] sample:		3507.24 time, 1730.02 real, 505 MB
[runlim] sample:		3527.52 time, 1740.02 real, 453 MB
[runlim] sample:		3547.79 time, 1750.02 real, 456 MB
[runlim] sample:		3568.06 time, 1760.02 real, 453 MB
[runlim] sample:		3588.34 time, 1770.02 real, 447 MB
[runlim] sample:		3608.61 time, 1780.02 real, 447 MB
[runlim] sample:		3628.86 time, 1790.02 real, 426 MB
[runlim] sample:		3649.09 time, 1800.02 real, 427 MB
[runlim] sample:		3669.37 time, 1810.02 real, 435 MB
[runlim] sample:		3689.65 time, 1820.02 real, 436 MB
[runlim] sample:		3709.92 time, 1830.02 real, 444 MB
[runlim] sample:		3730.18 time, 1840.01 real, 444 MB
[runlim] sample:		3750.46 time, 1850.02 real, 438 MB
[runlim] sample:		3770.73 time, 1860.01 real, 441 MB
[runlim] sample:		3791.01 time, 1870.02 real, 444 MB
[runlim] sample:		3811.28 time, 1880.02 real, 450 MB
[runlim] sample:		3831.56 time, 1890.02 real, 441 MB
[runlim] sample:		3851.84 time, 1900.02 real, 445 MB
[runlim] sample:		3872.11 time, 1910.02 real, 446 MB
[runlim] sample:		3892.37 time, 1920.02 real, 453 MB
[runlim] sample:		3912.66 time, 1930.02 real, 454 MB
[runlim] sample:		3932.92 time, 1940.02 real, 462 MB
[runlim] sample:		3953.20 time, 1950.02 real, 462 MB
[runlim] sample:		3973.48 time, 1960.02 real, 462 MB
[runlim] sample:		3993.75 time, 1970.02 real, 500 MB
[runlim] sample:		4014.02 time, 1980.02 real, 500 MB
[runlim] sample:		4034.29 time, 1990.02 real, 502 MB
[runlim] sample:		4054.57 time, 2000.02 real, 502 MB
[runlim] sample:		4074.85 time, 2010.02 real, 510 MB
[runlim] sample:		4095.12 time, 2020.02 real, 493 MB
[runlim] sample:		4115.40 time, 2030.02 real, 493 MB
[runlim] sample:		4135.68 time, 2040.02 real, 505 MB
[runlim] sample:		4155.96 time, 2050.02 real, 507 MB
[runlim] sample:		4176.24 time, 2060.02 real, 507 MB
[runlim] sample:		4196.52 time, 2070.02 real, 507 MB
[runlim] sample:		4216.79 time, 2080.02 real, 508 MB
[runlim] sample:		4237.07 time, 2090.02 real, 508 MB
[runlim] sample:		4257.35 time, 2100.02 real, 536 MB
[runlim] sample:		4277.62 time, 2110.02 real, 548 MB
[runlim] sample:		4297.91 time, 2120.02 real, 561 MB
[runlim] sample:		4318.20 time, 2130.02 real, 582 MB
[runlim] sample:		4338.45 time, 2140.02 real, 632 MB
[runlim] sample:		4358.69 time, 2150.02 real, 632 MB
[runlim] sample:		4378.97 time, 2160.02 real, 617 MB
[runlim] sample:		4399.23 time, 2170.02 real, 617 MB
[runlim] sample:		4419.50 time, 2180.02 real, 617 MB
[runlim] sample:		4439.78 time, 2190.02 real, 617 MB
[runlim] sample:		4460.07 time, 2200.02 real, 642 MB
[runlim] sample:		4480.32 time, 2210.02 real, 642 MB
[runlim] sample:		4500.55 time, 2220.02 real, 636 MB
[runlim] sample:		4520.83 time, 2230.02 real, 636 MB
[runlim] sample:		4541.11 time, 2240.02 real, 636 MB
[runlim] sample:		4561.40 time, 2250.02 real, 645 MB
[runlim] sample:		4581.68 time, 2260.02 real, 646 MB
[runlim] sample:		4601.96 time, 2270.02 real, 646 MB
[runlim] sample:		4622.23 time, 2280.02 real, 634 MB
[runlim] sample:		4642.51 time, 2290.02 real, 634 MB
[runlim] sample:		4662.79 time, 2300.02 real, 621 MB
[runlim] sample:		4683.06 time, 2310.02 real, 621 MB
[runlim] sample:		4703.34 time, 2320.02 real, 621 MB
[runlim] sample:		4723.62 time, 2330.02 real, 643 MB
[runlim] sample:		4743.90 time, 2340.02 real, 643 MB
[runlim] sample:		4764.17 time, 2350.02 real, 643 MB
[runlim] sample:		4784.43 time, 2360.02 real, 652 MB
[runlim] sample:		4804.72 time, 2370.02 real, 652 MB
[runlim] sample:		4824.99 time, 2380.02 real, 652 MB
[runlim] sample:		4845.27 time, 2390.02 real, 658 MB
[runlim] sample:		4865.54 time, 2400.02 real, 658 MB
[runlim] sample:		4885.82 time, 2410.02 real, 658 MB
[runlim] sample:		4906.09 time, 2420.02 real, 638 MB
[runlim] sample:		4926.37 time, 2430.01 real, 638 MB
[runlim] sample:		4946.65 time, 2440.02 real, 651 MB
[runlim] sample:		4966.92 time, 2450.02 real, 651 MB
[runlim] sample:		4987.20 time, 2460.02 real, 651 MB
[runlim] sample:		5007.46 time, 2470.02 real, 656 MB
[runlim] sample:		5027.74 time, 2480.02 real, 656 MB
[runlim] sample:		5048.02 time, 2490.02 real, 656 MB
[runlim] sample:		5068.31 time, 2500.02 real, 662 MB
[runlim] sample:		5088.59 time, 2510.02 real, 662 MB
[runlim] sample:		5108.86 time, 2520.02 real, 662 MB
[runlim] sample:		5129.13 time, 2530.02 real, 659 MB
[runlim] sample:		5149.41 time, 2540.02 real, 659 MB
[runlim] sample:		5169.69 time, 2550.02 real, 659 MB
[runlim] sample:		5189.98 time, 2560.02 real, 749 MB
[runlim] sample:		5210.24 time, 2570.02 real, 670 MB
[runlim] sample:		5230.52 time, 2580.02 real, 670 MB
[runlim] sample:		5250.80 time, 2590.02 real, 670 MB
[runlim] sample:		5271.09 time, 2600.02 real, 660 MB
[runlim] sample:		5291.37 time, 2610.02 real, 660 MB
[runlim] sample:		5311.65 time, 2620.02 real, 660 MB
[runlim] sample:		5331.91 time, 2630.02 real, 640 MB
[runlim] sample:		5352.19 time, 2640.02 real, 640 MB
[runlim] sample:		5372.47 time, 2650.02 real, 647 MB
[runlim] sample:		5392.75 time, 2660.02 real, 647 MB
[runlim] sample:		5413.03 time, 2670.02 real, 647 MB
[runlim] sample:		5433.31 time, 2680.02 real, 647 MB
[runlim] sample:		5453.58 time, 2690.02 real, 652 MB
[runlim] sample:		5473.86 time, 2700.02 real, 652 MB
[runlim] sample:		5494.13 time, 2710.02 real, 652 MB
[runlim] sample:		5514.40 time, 2720.02 real, 652 MB
[runlim] sample:		5534.67 time, 2730.02 real, 652 MB
[runlim] sample:		5554.94 time, 2740.02 real, 652 MB
[runlim] sample:		5575.23 time, 2750.02 real, 638 MB
[runlim] sample:		5595.51 time, 2760.02 real, 638 MB
[runlim] sample:		5615.78 time, 2770.02 real, 638 MB
[runlim] sample:		5636.05 time, 2780.02 real, 642 MB
[runlim] sample:		5656.32 time, 2790.02 real, 642 MB
[runlim] sample:		5676.60 time, 2800.02 real, 642 MB
[runlim] sample:		5696.88 time, 2810.02 real, 648 MB
[runlim] sample:		5717.15 time, 2820.02 real, 648 MB
[runlim] sample:		5737.43 time, 2830.02 real, 648 MB
[runlim] sample:		5757.70 time, 2840.02 real, 648 MB
[runlim] sample:		5777.97 time, 2850.02 real, 644 MB
[runlim] sample:		5798.26 time, 2860.02 real, 644 MB
[runlim] sample:		5818.52 time, 2870.02 real, 644 MB
[runlim] sample:		5838.78 time, 2880.02 real, 644 MB
[runlim] sample:		5859.06 time, 2890.02 real, 647 MB
[runlim] sample:		5879.33 time, 2900.02 real, 647 MB
[runlim] sample:		5899.61 time, 2910.02 real, 647 MB
[runlim] sample:		5919.88 time, 2920.02 real, 647 MB
[runlim] sample:		5940.17 time, 2930.02 real, 647 MB
[runlim] sample:		5960.42 time, 2940.02 real, 666 MB
[runlim] sample:		5980.70 time, 2950.02 real, 666 MB
[runlim] sample:		6000.98 time, 2960.02 real, 666 MB
[runlim] sample:		6021.25 time, 2970.02 real, 666 MB
[runlim] sample:		6041.52 time, 2980.02 real, 666 MB
[runlim] sample:		6061.80 time, 2990.02 real, 666 MB
[runlim] sample:		6082.07 time, 3000.02 real, 666 MB
[runlim] sample:		6102.37 time, 3010.02 real, 678 MB
[runlim] sample:		6122.64 time, 3020.02 real, 718 MB
[runlim] sample:		6142.93 time, 3030.02 real, 718 MB
[runlim] sample:		6163.21 time, 3040.02 real, 718 MB
[runlim] sample:		6183.49 time, 3050.02 real, 718 MB
[runlim] sample:		6203.77 time, 3060.02 real, 718 MB
[runlim] sample:		6224.05 time, 3070.02 real, 718 MB
[runlim] sample:		6244.32 time, 3080.02 real, 719 MB
[runlim] sample:		6264.61 time, 3090.02 real, 739 MB
[runlim] sample:		6284.89 time, 3100.02 real, 774 MB
[runlim] sample:		6305.17 time, 3110.02 real, 774 MB
[runlim] sample:		6325.44 time, 3120.01 real, 774 MB
[runlim] sample:		6345.71 time, 3130.02 real, 774 MB
[runlim] sample:		6365.99 time, 3140.02 real, 774 MB
[runlim] sample:		6386.27 time, 3150.01 real, 774 MB
[runlim] sample:		6406.53 time, 3160.02 real, 776 MB
[runlim] sample:		6426.80 time, 3170.02 real, 818 MB
[runlim] sample:		6447.02 time, 3180.02 real, 818 MB
[runlim] sample:		6467.31 time, 3190.01 real, 818 MB
[runlim] sample:		6487.58 time, 3200.02 real, 818 MB
[runlim] sample:		6507.87 time, 3210.02 real, 818 MB
[runlim] sample:		6528.14 time, 3220.02 real, 818 MB
[runlim] sample:		6548.39 time, 3230.02 real, 818 MB
[runlim] sample:		6568.63 time, 3240.02 real, 833 MB
[runlim] sample:		6588.90 time, 3250.02 real, 833 MB
[runlim] sample:		6609.19 time, 3260.02 real, 833 MB
[runlim] sample:		6629.47 time, 3270.02 real, 833 MB
[runlim] sample:		6649.74 time, 3280.02 real, 833 MB
[runlim] sample:		6670.02 time, 3290.02 real, 833 MB
[runlim] sample:		6690.29 time, 3300.02 real, 817 MB
[runlim] sample:		6710.57 time, 3310.02 real, 817 MB
[runlim] sample:		6730.84 time, 3320.02 real, 817 MB
[runlim] sample:		6751.12 time, 3330.02 real, 817 MB
[runlim] sample:		6771.39 time, 3340.02 real, 817 MB
[runlim] sample:		6791.66 time, 3350.02 real, 800 MB
[runlim] sample:		6811.94 time, 3360.02 real, 800 MB
[runlim] sample:		6832.23 time, 3370.02 real, 800 MB
[runlim] sample:		6852.50 time, 3380.02 real, 800 MB
[runlim] sample:		6872.78 time, 3390.02 real, 801 MB
[runlim] sample:		6893.05 time, 3400.02 real, 801 MB
[runlim] sample:		6913.33 time, 3410.02 real, 807 MB
[runlim] sample:		6933.62 time, 3420.02 real, 807 MB
[runlim] sample:		6953.89 time, 3430.02 real, 807 MB
[runlim] sample:		6974.17 time, 3440.02 real, 807 MB
[runlim] sample:		6994.44 time, 3450.02 real, 807 MB
[runlim] sample:		7014.72 time, 3460.02 real, 807 MB
[runlim] sample:		7034.99 time, 3470.02 real, 833 MB
[runlim] sample:		7055.27 time, 3480.02 real, 833 MB
[runlim] sample:		7075.53 time, 3490.02 real, 833 MB
[runlim] sample:		7095.81 time, 3500.02 real, 833 MB
[runlim] sample:		7116.10 time, 3510.02 real, 833 MB
[runlim] sample:		7136.37 time, 3520.02 real, 833 MB
[runlim] sample:		7156.65 time, 3530.02 real, 833 MB
[runlim] sample:		7176.93 time, 3540.02 real, 833 MB
[runlim] sample:		7197.21 time, 3550.02 real, 838 MB
[runlim] sample:		7217.49 time, 3560.02 real, 845 MB
[runlim] sample:		7237.77 time, 3570.02 real, 845 MB
[runlim] sample:		7258.04 time, 3580.02 real, 845 MB
[runlim] sample:		7278.30 time, 3590.02 real, 845 MB
[runlim] sample:		7298.56 time, 3600.02 real, 845 MB
[runlim] end:			Wed Oct 16 14:12:13 2019
[runlim] status:		out of time
[runlim] result:		2
[runlim] children:		4
[runlim] real:			3600.10 seconds
[runlim] time:			7298.56 seconds
[runlim] space:			1107 MB
[runlim] samples:		36000
