[runlim] version:		1.17
[runlim] host:			c3n16
[runlim] time limit:		311040000 seconds
[runlim] real time limit:	3600 seconds
[runlim] space limit:		120000 MB
[runlim] argv[0]:		./run-cosa2.sh
[runlim] argv[1]:		/tmp/vY843J11.btor2
[runlim] start:			Wed Oct 16 14:10:35 2019
[runlim] child:			26579
[runlim] sample:		20.20 time, 10.02 real, 171 MB
[runlim] sample:		40.47 time, 20.02 real, 198 MB
[runlim] sample:		60.75 time, 30.02 real, 224 MB
[runlim] sample:		81.03 time, 40.02 real, 238 MB
[runlim] sample:		101.30 time, 50.02 real, 251 MB
[runlim] sample:		121.59 time, 60.02 real, 259 MB
[runlim] sample:		141.85 time, 70.02 real, 265 MB
[runlim] sample:		162.13 time, 80.02 real, 263 MB
[runlim] sample:		182.42 time, 90.02 real, 277 MB
[runlim] sample:		202.69 time, 100.02 real, 283 MB
[runlim] sample:		222.96 time, 110.02 real, 286 MB
[runlim] sample:		243.24 time, 120.02 real, 292 MB
[runlim] sample:		263.51 time, 130.02 real, 292 MB
[runlim] sample:		283.79 time, 140.02 real, 292 MB
[runlim] sample:		304.07 time, 150.02 real, 292 MB
[runlim] sample:		324.33 time, 160.02 real, 302 MB
[runlim] sample:		344.61 time, 170.02 real, 312 MB
[runlim] sample:		364.88 time, 180.02 real, 326 MB
[runlim] sample:		385.16 time, 190.02 real, 320 MB
[runlim] sample:		405.43 time, 200.02 real, 323 MB
[runlim] sample:		425.71 time, 210.02 real, 325 MB
[runlim] sample:		445.98 time, 220.02 real, 325 MB
[runlim] sample:		466.26 time, 230.02 real, 325 MB
[runlim] sample:		486.54 time, 240.02 real, 325 MB
[runlim] sample:		506.82 time, 250.02 real, 325 MB
[runlim] sample:		527.10 time, 260.02 real, 326 MB
[runlim] sample:		547.37 time, 270.02 real, 327 MB
[runlim] sample:		567.65 time, 280.02 real, 327 MB
[runlim] sample:		587.93 time, 290.02 real, 327 MB
[runlim] sample:		608.20 time, 300.02 real, 327 MB
[runlim] sample:		628.47 time, 310.02 real, 327 MB
[runlim] sample:		648.75 time, 320.02 real, 327 MB
[runlim] sample:		669.02 time, 330.02 real, 327 MB
[runlim] sample:		689.31 time, 340.02 real, 327 MB
[runlim] sample:		709.58 time, 350.02 real, 316 MB
[runlim] sample:		729.85 time, 360.02 real, 320 MB
[runlim] sample:		750.12 time, 370.02 real, 335 MB
[runlim] sample:		770.40 time, 380.02 real, 334 MB
[runlim] sample:		790.68 time, 390.02 real, 327 MB
[runlim] sample:		810.96 time, 400.02 real, 331 MB
[runlim] sample:		831.23 time, 410.02 real, 341 MB
[runlim] sample:		851.50 time, 420.02 real, 341 MB
[runlim] sample:		871.78 time, 430.02 real, 341 MB
[runlim] sample:		892.05 time, 440.02 real, 341 MB
[runlim] sample:		912.32 time, 450.02 real, 343 MB
[runlim] sample:		932.60 time, 460.02 real, 343 MB
[runlim] sample:		952.88 time, 470.02 real, 343 MB
[runlim] sample:		973.16 time, 480.02 real, 345 MB
[runlim] sample:		993.43 time, 490.02 real, 357 MB
[runlim] sample:		1013.71 time, 500.02 real, 357 MB
[runlim] sample:		1033.98 time, 510.02 real, 333 MB
[runlim] sample:		1054.26 time, 520.02 real, 333 MB
[runlim] sample:		1074.54 time, 530.02 real, 333 MB
[runlim] sample:		1094.82 time, 540.02 real, 333 MB
[runlim] sample:		1115.10 time, 550.02 real, 333 MB
[runlim] sample:		1135.36 time, 560.02 real, 333 MB
[runlim] sample:		1155.64 time, 570.02 real, 333 MB
[runlim] sample:		1175.93 time, 580.02 real, 343 MB
[runlim] sample:		1196.20 time, 590.02 real, 343 MB
[runlim] sample:		1216.47 time, 600.02 real, 352 MB
[runlim] sample:		1236.74 time, 610.02 real, 365 MB
[runlim] sample:		1257.02 time, 620.02 real, 352 MB
[runlim] sample:		1277.29 time, 630.02 real, 352 MB
[runlim] sample:		1297.58 time, 640.02 real, 352 MB
[runlim] sample:		1317.84 time, 650.02 real, 353 MB
[runlim] sample:		1338.12 time, 660.02 real, 353 MB
[runlim] sample:		1358.38 time, 670.02 real, 368 MB
[runlim] sample:		1378.66 time, 680.02 real, 353 MB
[runlim] sample:		1398.95 time, 690.02 real, 362 MB
[runlim] sample:		1419.22 time, 700.02 real, 331 MB
[runlim] sample:		1439.50 time, 710.02 real, 341 MB
[runlim] sample:		1459.78 time, 720.02 real, 341 MB
[runlim] sample:		1480.06 time, 730.02 real, 342 MB
[runlim] sample:		1500.34 time, 740.02 real, 342 MB
[runlim] sample:		1520.62 time, 750.02 real, 342 MB
[runlim] sample:		1540.88 time, 760.02 real, 342 MB
[runlim] sample:		1561.16 time, 770.02 real, 342 MB
[runlim] sample:		1581.44 time, 780.02 real, 344 MB
[runlim] sample:		1601.71 time, 790.02 real, 346 MB
[runlim] sample:		1621.99 time, 800.02 real, 348 MB
[runlim] sample:		1642.27 time, 810.02 real, 349 MB
[runlim] sample:		1662.54 time, 820.02 real, 349 MB
[runlim] sample:		1682.81 time, 830.02 real, 350 MB
[runlim] sample:		1703.10 time, 840.02 real, 351 MB
[runlim] sample:		1723.37 time, 850.02 real, 366 MB
[runlim] sample:		1743.65 time, 860.02 real, 367 MB
[runlim] sample:		1763.92 time, 870.02 real, 385 MB
[runlim] sample:		1784.21 time, 880.02 real, 386 MB
[runlim] sample:		1804.47 time, 890.02 real, 386 MB
[runlim] sample:		1824.76 time, 900.02 real, 370 MB
[runlim] sample:		1845.02 time, 910.02 real, 371 MB
[runlim] sample:		1865.30 time, 920.02 real, 384 MB
[runlim] sample:		1885.59 time, 930.02 real, 386 MB
[runlim] sample:		1905.85 time, 940.02 real, 387 MB
[runlim] sample:		1926.14 time, 950.02 real, 389 MB
[runlim] sample:		1946.39 time, 960.02 real, 392 MB
[runlim] sample:		1966.67 time, 970.02 real, 393 MB
[runlim] sample:		1986.95 time, 980.02 real, 395 MB
[runlim] sample:		2007.22 time, 990.02 real, 396 MB
[runlim] sample:		2027.49 time, 1000.02 real, 397 MB
[runlim] sample:		2047.77 time, 1010.02 real, 397 MB
[runlim] sample:		2068.04 time, 1020.02 real, 397 MB
[runlim] sample:		2088.30 time, 1030.02 real, 397 MB
[runlim] sample:		2108.58 time, 1040.02 real, 397 MB
[runlim] sample:		2128.86 time, 1050.02 real, 397 MB
[runlim] sample:		2149.13 time, 1060.02 real, 397 MB
[runlim] sample:		2169.40 time, 1070.02 real, 397 MB
[runlim] sample:		2189.68 time, 1080.02 real, 397 MB
[runlim] sample:		2209.95 time, 1090.02 real, 397 MB
[runlim] sample:		2230.23 time, 1100.02 real, 399 MB
[runlim] sample:		2250.49 time, 1110.02 real, 399 MB
[runlim] sample:		2270.78 time, 1120.02 real, 402 MB
[runlim] sample:		2291.05 time, 1130.02 real, 422 MB
[runlim] sample:		2311.31 time, 1140.02 real, 402 MB
[runlim] sample:		2331.59 time, 1150.02 real, 402 MB
[runlim] sample:		2351.86 time, 1160.02 real, 402 MB
[runlim] sample:		2372.13 time, 1170.02 real, 402 MB
[runlim] sample:		2392.40 time, 1180.02 real, 402 MB
[runlim] sample:		2412.67 time, 1190.02 real, 402 MB
[runlim] sample:		2432.96 time, 1200.02 real, 402 MB
[runlim] sample:		2453.22 time, 1210.02 real, 402 MB
[runlim] sample:		2473.50 time, 1220.02 real, 402 MB
[runlim] sample:		2493.77 time, 1230.02 real, 419 MB
[runlim] sample:		2514.05 time, 1240.02 real, 419 MB
[runlim] sample:		2534.31 time, 1250.02 real, 420 MB
[runlim] sample:		2554.59 time, 1260.02 real, 420 MB
[runlim] sample:		2574.86 time, 1270.02 real, 420 MB
[runlim] sample:		2595.14 time, 1280.02 real, 420 MB
[runlim] sample:		2615.41 time, 1290.02 real, 420 MB
[runlim] sample:		2635.69 time, 1300.02 real, 420 MB
[runlim] sample:		2655.97 time, 1310.02 real, 420 MB
[runlim] sample:		2676.25 time, 1320.02 real, 420 MB
[runlim] sample:		2696.52 time, 1330.02 real, 420 MB
[runlim] sample:		2716.80 time, 1340.02 real, 409 MB
[runlim] sample:		2737.07 time, 1350.02 real, 409 MB
[runlim] sample:		2757.35 time, 1360.02 real, 409 MB
[runlim] sample:		2777.62 time, 1370.02 real, 431 MB
[runlim] sample:		2797.89 time, 1380.02 real, 431 MB
[runlim] sample:		2818.17 time, 1390.02 real, 431 MB
[runlim] sample:		2838.46 time, 1400.02 real, 431 MB
[runlim] sample:		2858.73 time, 1410.02 real, 413 MB
[runlim] sample:		2879.01 time, 1420.02 real, 413 MB
[runlim] sample:		2899.28 time, 1430.02 real, 469 MB
[runlim] sample:		2919.55 time, 1440.02 real, 505 MB
[runlim] sample:		2939.82 time, 1450.01 real, 572 MB
[runlim] sample:		2960.10 time, 1460.02 real, 620 MB
[runlim] sample:		2980.39 time, 1470.02 real, 671 MB
[runlim] sample:		3000.66 time, 1480.01 real, 734 MB
[runlim] sample:		3020.92 time, 1490.02 real, 753 MB
[runlim] sample:		3041.19 time, 1500.02 real, 799 MB
[runlim] sample:		3061.47 time, 1510.01 real, 828 MB
[runlim] sample:		3081.75 time, 1520.01 real, 879 MB
[runlim] sample:		3102.01 time, 1530.01 real, 927 MB
[runlim] sample:		3122.29 time, 1540.01 real, 1010 MB
[runlim] sample:		3142.56 time, 1550.02 real, 1045 MB
[runlim] sample:		3162.84 time, 1560.02 real, 1074 MB
[runlim] sample:		3183.11 time, 1570.02 real, 1103 MB
[runlim] sample:		3203.39 time, 1580.02 real, 1143 MB
[runlim] sample:		3223.67 time, 1590.02 real, 1181 MB
[runlim] sample:		3243.95 time, 1600.02 real, 1181 MB
[runlim] sample:		3264.23 time, 1610.01 real, 1220 MB
[runlim] sample:		3284.51 time, 1620.02 real, 1262 MB
[runlim] sample:		3304.77 time, 1630.02 real, 1289 MB
[runlim] sample:		3325.05 time, 1640.01 real, 1299 MB
[runlim] sample:		3345.33 time, 1650.02 real, 1426 MB
[runlim] sample:		3365.61 time, 1660.02 real, 1426 MB
[runlim] sample:		3385.88 time, 1670.01 real, 1486 MB
[runlim] sample:		3406.15 time, 1680.01 real, 1521 MB
[runlim] sample:		3426.43 time, 1690.02 real, 1544 MB
[runlim] sample:		3446.72 time, 1700.02 real, 1568 MB
[runlim] sample:		3466.99 time, 1710.01 real, 1672 MB
[runlim] sample:		3487.26 time, 1720.02 real, 1719 MB
[runlim] sample:		3507.53 time, 1730.02 real, 1737 MB
[runlim] sample:		3527.80 time, 1740.02 real, 1795 MB
[runlim] sample:		3548.09 time, 1750.02 real, 1824 MB
[runlim] sample:		3568.36 time, 1760.02 real, 1895 MB
[runlim] sample:		3588.64 time, 1770.02 real, 1948 MB
[runlim] sample:		3608.92 time, 1780.02 real, 1962 MB
[runlim] sample:		3629.16 time, 1790.01 real, 1952 MB
[runlim] sample:		3649.45 time, 1800.02 real, 1986 MB
[runlim] sample:		3669.74 time, 1810.02 real, 2035 MB
[runlim] sample:		3690.01 time, 1820.02 real, 2094 MB
[runlim] sample:		3710.26 time, 1830.01 real, 2107 MB
[runlim] sample:		3730.55 time, 1840.02 real, 2166 MB
[runlim] sample:		3750.84 time, 1850.02 real, 2166 MB
[runlim] sample:		3771.10 time, 1860.02 real, 2215 MB
[runlim] sample:		3791.37 time, 1870.02 real, 2245 MB
[runlim] sample:		3811.65 time, 1880.02 real, 2276 MB
[runlim] sample:		3831.93 time, 1890.02 real, 2323 MB
[runlim] sample:		3852.20 time, 1900.02 real, 2376 MB
[runlim] sample:		3872.46 time, 1910.02 real, 2404 MB
[runlim] sample:		3892.74 time, 1920.02 real, 2417 MB
[runlim] sample:		3913.02 time, 1930.02 real, 2440 MB
[runlim] sample:		3933.29 time, 1940.02 real, 2480 MB
[runlim] sample:		3953.57 time, 1950.02 real, 2492 MB
[runlim] sample:		3973.85 time, 1960.02 real, 2536 MB
[runlim] sample:		3994.12 time, 1970.02 real, 2557 MB
[runlim] sample:		4014.40 time, 1980.02 real, 2595 MB
[runlim] sample:		4034.68 time, 1990.02 real, 2645 MB
[runlim] sample:		4054.95 time, 2000.02 real, 2801 MB
[runlim] sample:		4075.23 time, 2010.02 real, 2782 MB
[runlim] sample:		4095.50 time, 2020.02 real, 2816 MB
[runlim] sample:		4115.79 time, 2030.02 real, 2858 MB
[runlim] sample:		4136.05 time, 2040.02 real, 2877 MB
[runlim] sample:		4156.33 time, 2050.02 real, 2926 MB
[runlim] sample:		4176.59 time, 2060.01 real, 2945 MB
[runlim] sample:		4196.87 time, 2070.01 real, 3138 MB
[runlim] sample:		4217.14 time, 2080.02 real, 3385 MB
[runlim] sample:		4237.43 time, 2090.02 real, 3295 MB
[runlim] sample:		4257.71 time, 2100.02 real, 3207 MB
[runlim] sample:		4277.97 time, 2110.02 real, 3257 MB
[runlim] sample:		4298.23 time, 2120.02 real, 3277 MB
[runlim] sample:		4318.52 time, 2130.02 real, 3315 MB
[runlim] sample:		4338.81 time, 2140.02 real, 3338 MB
[runlim] sample:		4359.07 time, 2150.02 real, 3344 MB
[runlim] sample:		4379.34 time, 2160.02 real, 3401 MB
[runlim] sample:		4399.62 time, 2170.02 real, 3419 MB
[runlim] sample:		4419.90 time, 2180.02 real, 3447 MB
[runlim] sample:		4440.18 time, 2190.02 real, 3620 MB
[runlim] sample:		4460.45 time, 2200.02 real, 3499 MB
[runlim] sample:		4480.73 time, 2210.02 real, 3569 MB
[runlim] sample:		4501.00 time, 2220.02 real, 3607 MB
[runlim] sample:		4521.28 time, 2230.02 real, 3612 MB
[runlim] sample:		4541.55 time, 2240.02 real, 3679 MB
[runlim] sample:		4561.83 time, 2250.02 real, 3710 MB
[runlim] sample:		4582.10 time, 2260.02 real, 3728 MB
[runlim] sample:		4602.36 time, 2270.02 real, 3766 MB
[runlim] sample:		4622.65 time, 2280.02 real, 3790 MB
[runlim] sample:		4642.93 time, 2290.01 real, 3807 MB
[runlim] sample:		4663.21 time, 2300.02 real, 3850 MB
[runlim] sample:		4683.48 time, 2310.02 real, 3904 MB
[runlim] sample:		4703.75 time, 2320.02 real, 3984 MB
[runlim] sample:		4724.02 time, 2330.02 real, 3945 MB
[runlim] sample:		4744.30 time, 2340.02 real, 4040 MB
[runlim] sample:		4764.58 time, 2350.02 real, 4070 MB
[runlim] sample:		4784.84 time, 2360.02 real, 4070 MB
[runlim] sample:		4805.14 time, 2370.01 real, 4127 MB
[runlim] sample:		4825.41 time, 2380.02 real, 4164 MB
[runlim] sample:		4845.68 time, 2390.02 real, 4178 MB
[runlim] sample:		4865.95 time, 2400.02 real, 4229 MB
[runlim] sample:		4886.23 time, 2410.02 real, 4252 MB
[runlim] sample:		4906.50 time, 2420.02 real, 4314 MB
[runlim] sample:		4926.77 time, 2430.02 real, 4346 MB
[runlim] sample:		4947.05 time, 2440.02 real, 4374 MB
[runlim] sample:		4967.31 time, 2450.02 real, 4400 MB
[runlim] sample:		4987.58 time, 2460.02 real, 4432 MB
[runlim] sample:		5007.87 time, 2470.02 real, 4465 MB
[runlim] sample:		5028.13 time, 2480.02 real, 4509 MB
[runlim] sample:		5048.41 time, 2490.02 real, 4539 MB
[runlim] sample:		5068.68 time, 2500.02 real, 4568 MB
[runlim] sample:		5088.96 time, 2510.02 real, 4613 MB
[runlim] sample:		5109.23 time, 2520.02 real, 4633 MB
[runlim] sample:		5129.51 time, 2530.02 real, 4678 MB
[runlim] sample:		5149.78 time, 2540.02 real, 4699 MB
[runlim] sample:		5170.06 time, 2550.02 real, 4703 MB
[runlim] sample:		5190.34 time, 2560.02 real, 4726 MB
[runlim] sample:		5210.61 time, 2570.02 real, 4741 MB
[runlim] sample:		5230.88 time, 2580.02 real, 4762 MB
[runlim] sample:		5251.16 time, 2590.02 real, 4777 MB
[runlim] sample:		5271.43 time, 2600.02 real, 4830 MB
[runlim] sample:		5291.70 time, 2610.02 real, 4920 MB
[runlim] sample:		5311.98 time, 2620.02 real, 4978 MB
[runlim] sample:		5332.25 time, 2630.02 real, 4978 MB
[runlim] sample:		5352.52 time, 2640.02 real, 4978 MB
[runlim] sample:		5372.80 time, 2650.02 real, 4978 MB
[runlim] sample:		5393.07 time, 2660.02 real, 4978 MB
[runlim] sample:		5413.34 time, 2670.02 real, 4978 MB
[runlim] sample:		5433.61 time, 2680.02 real, 4978 MB
[runlim] sample:		5453.88 time, 2690.02 real, 4978 MB
[runlim] sample:		5474.15 time, 2700.02 real, 4979 MB
[runlim] sample:		5494.43 time, 2710.02 real, 4979 MB
[runlim] sample:		5514.71 time, 2720.02 real, 4979 MB
[runlim] sample:		5534.99 time, 2730.02 real, 4979 MB
[runlim] sample:		5555.27 time, 2740.02 real, 4979 MB
[runlim] sample:		5575.54 time, 2750.02 real, 4979 MB
[runlim] sample:		5595.81 time, 2760.02 real, 5003 MB
[runlim] sample:		5616.09 time, 2770.02 real, 5033 MB
[runlim] sample:		5636.37 time, 2780.02 real, 5070 MB
[runlim] sample:		5656.65 time, 2790.02 real, 5109 MB
[runlim] sample:		5676.92 time, 2800.02 real, 5144 MB
[runlim] sample:		5697.21 time, 2810.02 real, 5175 MB
[runlim] sample:		5717.46 time, 2820.02 real, 5228 MB
[runlim] sample:		5737.74 time, 2830.02 real, 5238 MB
[runlim] sample:		5758.01 time, 2840.02 real, 5275 MB
[runlim] sample:		5778.30 time, 2850.02 real, 5291 MB
[runlim] sample:		5798.57 time, 2860.02 real, 5304 MB
[runlim] sample:		5818.85 time, 2870.02 real, 5331 MB
[runlim] sample:		5839.12 time, 2880.02 real, 5340 MB
[runlim] sample:		5859.39 time, 2890.02 real, 5355 MB
[runlim] sample:		5879.66 time, 2900.02 real, 5378 MB
[runlim] sample:		5899.95 time, 2910.02 real, 5396 MB
[runlim] sample:		5920.21 time, 2920.02 real, 5448 MB
[runlim] sample:		5940.48 time, 2930.02 real, 5472 MB
[runlim] sample:		5960.76 time, 2940.02 real, 5485 MB
[runlim] sample:		5981.04 time, 2950.02 real, 5515 MB
[runlim] sample:		6001.31 time, 2960.02 real, 5525 MB
[runlim] sample:		6021.60 time, 2970.02 real, 5526 MB
[runlim] sample:		6041.87 time, 2980.02 real, 5576 MB
[runlim] sample:		6062.14 time, 2990.02 real, 5592 MB
[runlim] sample:		6082.42 time, 3000.02 real, 5630 MB
[runlim] sample:		6102.69 time, 3010.02 real, 5598 MB
[runlim] sample:		6122.95 time, 3020.02 real, 5598 MB
[runlim] sample:		6143.23 time, 3030.02 real, 5611 MB
[runlim] sample:		6163.50 time, 3040.02 real, 5654 MB
[runlim] sample:		6183.77 time, 3050.02 real, 5666 MB
[runlim] sample:		6204.05 time, 3060.02 real, 5667 MB
[runlim] sample:		6224.32 time, 3070.02 real, 5687 MB
[runlim] sample:		6244.60 time, 3080.02 real, 5720 MB
[runlim] sample:		6264.88 time, 3090.02 real, 5733 MB
[runlim] sample:		6285.14 time, 3100.02 real, 5762 MB
[runlim] sample:		6305.41 time, 3110.02 real, 5824 MB
[runlim] sample:		6325.70 time, 3120.02 real, 5824 MB
[runlim] sample:		6345.98 time, 3130.02 real, 5850 MB
[runlim] sample:		6366.25 time, 3140.02 real, 5850 MB
[runlim] sample:		6386.53 time, 3150.02 real, 5850 MB
[runlim] sample:		6406.79 time, 3160.02 real, 5876 MB
[runlim] sample:		6427.07 time, 3170.02 real, 5877 MB
[runlim] sample:		6447.35 time, 3180.02 real, 5921 MB
[runlim] sample:		6467.63 time, 3190.02 real, 5921 MB
[runlim] sample:		6487.90 time, 3200.02 real, 5930 MB
[runlim] sample:		6508.18 time, 3210.02 real, 5958 MB
[runlim] sample:		6528.43 time, 3220.02 real, 5964 MB
[runlim] sample:		6548.71 time, 3230.02 real, 5953 MB
[runlim] sample:		6568.98 time, 3240.02 real, 6027 MB
[runlim] sample:		6589.25 time, 3250.02 real, 6033 MB
[runlim] sample:		6609.54 time, 3260.02 real, 6079 MB
[runlim] sample:		6629.81 time, 3270.02 real, 6110 MB
[runlim] sample:		6650.09 time, 3280.02 real, 6137 MB
[runlim] sample:		6670.36 time, 3290.02 real, 6148 MB
[runlim] sample:		6690.65 time, 3300.02 real, 6185 MB
[runlim] sample:		6710.91 time, 3310.02 real, 6237 MB
[runlim] sample:		6731.18 time, 3320.02 real, 6237 MB
[runlim] sample:		6751.45 time, 3330.02 real, 6248 MB
[runlim] sample:		6771.73 time, 3340.02 real, 6251 MB
[runlim] sample:		6792.00 time, 3350.02 real, 6310 MB
[runlim] sample:		6812.27 time, 3360.02 real, 6311 MB
[runlim] sample:		6832.55 time, 3370.02 real, 6311 MB
[runlim] sample:		6852.83 time, 3380.02 real, 6311 MB
[runlim] sample:		6873.10 time, 3390.02 real, 6278 MB
[runlim] sample:		6893.39 time, 3400.02 real, 6288 MB
[runlim] sample:		6913.66 time, 3410.02 real, 6299 MB
[runlim] sample:		6933.95 time, 3420.02 real, 6375 MB
[runlim] sample:		6954.21 time, 3430.02 real, 6323 MB
[runlim] sample:		6974.48 time, 3440.02 real, 6373 MB
[runlim] sample:		6994.76 time, 3450.02 real, 6337 MB
[runlim] sample:		7015.04 time, 3460.02 real, 6524 MB
[runlim] sample:		7035.31 time, 3470.02 real, 6453 MB
[runlim] sample:		7055.58 time, 3480.02 real, 6489 MB
[runlim] sample:		7075.86 time, 3490.01 real, 6526 MB
[runlim] sample:		7096.13 time, 3500.02 real, 6539 MB
[runlim] sample:		7116.41 time, 3510.02 real, 6540 MB
[runlim] sample:		7136.68 time, 3520.02 real, 6515 MB
[runlim] sample:		7156.96 time, 3530.02 real, 6607 MB
[runlim] sample:		7177.23 time, 3540.02 real, 6717 MB
[runlim] sample:		7197.51 time, 3550.02 real, 6669 MB
[runlim] sample:		7217.79 time, 3560.02 real, 6679 MB
[runlim] sample:		7238.07 time, 3570.02 real, 6700 MB
[runlim] sample:		7258.34 time, 3580.02 real, 6649 MB
[runlim] sample:		7278.62 time, 3590.02 real, 6717 MB
[runlim] sample:		7298.89 time, 3600.02 real, 6743 MB
[runlim] end:			Wed Oct 16 15:10:36 2019
[runlim] status:		out of time
[runlim] result:		2
[runlim] children:		4
[runlim] real:			3600.10 seconds
[runlim] time:			7298.89 seconds
[runlim] space:			6743 MB
[runlim] samples:		36000
