[runlim] version:		1.17
[runlim] host:			c3n12
[runlim] time limit:		311040000 seconds
[runlim] real time limit:	3600 seconds
[runlim] space limit:		120000 MB
[runlim] argv[0]:		./run-cosa2.sh
[runlim] argv[1]:		/tmp/VuEJcMcd.btor2
[runlim] start:			Wed Oct 16 14:56:08 2019
[runlim] child:			16777
[runlim] sample:		20.16 time, 10.01 real, 87 MB
[runlim] sample:		40.43 time, 20.01 real, 95 MB
[runlim] sample:		60.67 time, 30.02 real, 98 MB
[runlim] sample:		80.95 time, 40.02 real, 161 MB
[runlim] sample:		101.23 time, 50.02 real, 171 MB
[runlim] sample:		121.49 time, 60.02 real, 290 MB
[runlim] sample:		141.74 time, 70.02 real, 362 MB
[runlim] sample:		162.01 time, 80.02 real, 416 MB
[runlim] sample:		182.27 time, 90.02 real, 458 MB
[runlim] sample:		202.54 time, 100.02 real, 455 MB
[runlim] sample:		222.81 time, 110.02 real, 455 MB
[runlim] sample:		243.07 time, 120.02 real, 538 MB
[runlim] sample:		263.36 time, 130.02 real, 622 MB
[runlim] sample:		283.62 time, 140.02 real, 659 MB
[runlim] sample:		303.90 time, 150.02 real, 669 MB
[runlim] sample:		324.18 time, 160.02 real, 675 MB
[runlim] sample:		344.45 time, 170.02 real, 667 MB
[runlim] sample:		364.73 time, 180.02 real, 657 MB
[runlim] sample:		385.01 time, 190.02 real, 670 MB
[runlim] sample:		405.28 time, 200.02 real, 682 MB
[runlim] sample:		425.52 time, 210.02 real, 703 MB
[runlim] sample:		445.79 time, 220.02 real, 718 MB
[runlim] sample:		466.07 time, 230.02 real, 724 MB
[runlim] sample:		486.35 time, 240.02 real, 730 MB
[runlim] sample:		506.63 time, 250.02 real, 732 MB
[runlim] sample:		526.91 time, 260.02 real, 740 MB
[runlim] sample:		547.18 time, 270.02 real, 743 MB
[runlim] sample:		567.45 time, 280.02 real, 732 MB
[runlim] sample:		587.73 time, 290.02 real, 732 MB
[runlim] sample:		608.00 time, 300.02 real, 732 MB
[runlim] sample:		628.27 time, 310.02 real, 715 MB
[runlim] sample:		648.56 time, 320.02 real, 729 MB
[runlim] sample:		668.83 time, 330.02 real, 729 MB
[runlim] sample:		689.10 time, 340.02 real, 737 MB
[runlim] sample:		709.37 time, 350.02 real, 739 MB
[runlim] sample:		729.64 time, 360.02 real, 739 MB
[runlim] sample:		749.91 time, 370.02 real, 739 MB
[runlim] sample:		770.18 time, 380.02 real, 739 MB
[runlim] sample:		790.47 time, 390.02 real, 739 MB
[runlim] sample:		810.73 time, 400.02 real, 739 MB
[runlim] sample:		831.01 time, 410.02 real, 739 MB
[runlim] sample:		851.27 time, 420.02 real, 739 MB
[runlim] sample:		871.55 time, 430.02 real, 718 MB
[runlim] sample:		891.81 time, 440.02 real, 729 MB
[runlim] sample:		912.08 time, 450.02 real, 748 MB
[runlim] sample:		932.37 time, 460.02 real, 734 MB
[runlim] sample:		952.64 time, 470.02 real, 744 MB
[runlim] sample:		972.92 time, 480.02 real, 755 MB
[runlim] sample:		993.18 time, 490.02 real, 733 MB
[runlim] sample:		1013.44 time, 500.02 real, 736 MB
[runlim] sample:		1033.73 time, 510.02 real, 746 MB
[runlim] sample:		1053.99 time, 520.02 real, 746 MB
[runlim] sample:		1074.26 time, 530.02 real, 746 MB
[runlim] sample:		1094.55 time, 540.02 real, 746 MB
[runlim] sample:		1114.82 time, 550.02 real, 759 MB
[runlim] sample:		1135.09 time, 560.02 real, 858 MB
[runlim] sample:		1155.35 time, 570.02 real, 860 MB
[runlim] sample:		1175.63 time, 580.02 real, 873 MB
[runlim] sample:		1195.90 time, 590.02 real, 1024 MB
[runlim] sample:		1216.17 time, 600.02 real, 1040 MB
[runlim] sample:		1236.45 time, 610.02 real, 1051 MB
[runlim] sample:		1256.73 time, 620.02 real, 1071 MB
[runlim] sample:		1277.00 time, 630.02 real, 1179 MB
[runlim] sample:		1297.28 time, 640.02 real, 1345 MB
[runlim] sample:		1317.55 time, 650.02 real, 1545 MB
[runlim] sample:		1337.80 time, 660.02 real, 1585 MB
[runlim] sample:		1358.09 time, 670.02 real, 1588 MB
[runlim] sample:		1378.35 time, 680.02 real, 1590 MB
[runlim] sample:		1398.63 time, 690.02 real, 1640 MB
[runlim] sample:		1418.90 time, 700.02 real, 1641 MB
[runlim] sample:		1439.19 time, 710.02 real, 1649 MB
[runlim] sample:		1459.47 time, 720.02 real, 1671 MB
[runlim] sample:		1479.75 time, 730.02 real, 1641 MB
[runlim] sample:		1499.99 time, 740.02 real, 1651 MB
[runlim] sample:		1520.26 time, 750.02 real, 1661 MB
[runlim] sample:		1540.55 time, 760.02 real, 1727 MB
[runlim] sample:		1560.81 time, 770.02 real, 1751 MB
[runlim] sample:		1581.08 time, 780.02 real, 1755 MB
[runlim] sample:		1601.36 time, 790.02 real, 1800 MB
[runlim] sample:		1621.62 time, 800.02 real, 1800 MB
[runlim] sample:		1641.90 time, 810.02 real, 1768 MB
[runlim] sample:		1662.16 time, 820.02 real, 1823 MB
[runlim] sample:		1682.44 time, 830.02 real, 1837 MB
[runlim] sample:		1702.70 time, 840.02 real, 1837 MB
[runlim] sample:		1722.99 time, 850.02 real, 1837 MB
[runlim] sample:		1743.26 time, 860.02 real, 1837 MB
[runlim] sample:		1763.54 time, 870.02 real, 1847 MB
[runlim] sample:		1783.82 time, 880.02 real, 1857 MB
[runlim] sample:		1804.08 time, 890.02 real, 1845 MB
[runlim] sample:		1824.33 time, 900.02 real, 1845 MB
[runlim] sample:		1844.61 time, 910.02 real, 1845 MB
[runlim] sample:		1864.85 time, 920.02 real, 1845 MB
[runlim] sample:		1885.13 time, 930.02 real, 1845 MB
[runlim] sample:		1905.41 time, 940.02 real, 1845 MB
[runlim] sample:		1925.68 time, 950.02 real, 1845 MB
[runlim] sample:		1945.94 time, 960.02 real, 1845 MB
[runlim] sample:		1966.22 time, 970.02 real, 1845 MB
[runlim] sample:		1986.51 time, 980.02 real, 1849 MB
[runlim] sample:		2006.78 time, 990.02 real, 1849 MB
[runlim] sample:		2027.06 time, 1000.02 real, 1849 MB
[runlim] sample:		2047.31 time, 1010.02 real, 1849 MB
[runlim] sample:		2067.57 time, 1020.02 real, 1849 MB
[runlim] sample:		2087.87 time, 1030.02 real, 1849 MB
[runlim] sample:		2108.13 time, 1040.02 real, 1822 MB
[runlim] sample:		2128.38 time, 1050.02 real, 1830 MB
[runlim] sample:		2148.64 time, 1060.02 real, 1844 MB
[runlim] sample:		2168.92 time, 1070.02 real, 1844 MB
[runlim] sample:		2189.19 time, 1080.02 real, 1846 MB
[runlim] sample:		2209.47 time, 1090.02 real, 1845 MB
[runlim] sample:		2229.75 time, 1100.02 real, 1845 MB
[runlim] sample:		2250.00 time, 1110.02 real, 1846 MB
[runlim] sample:		2270.26 time, 1120.02 real, 1861 MB
[runlim] sample:		2290.55 time, 1130.02 real, 1861 MB
[runlim] sample:		2310.82 time, 1140.02 real, 1861 MB
[runlim] sample:		2331.08 time, 1150.02 real, 1868 MB
[runlim] sample:		2351.36 time, 1160.02 real, 1868 MB
[runlim] sample:		2371.63 time, 1170.02 real, 1840 MB
[runlim] sample:		2391.91 time, 1180.02 real, 1838 MB
[runlim] sample:		2412.17 time, 1190.02 real, 1838 MB
[runlim] sample:		2432.44 time, 1200.02 real, 1858 MB
[runlim] sample:		2452.72 time, 1210.02 real, 1859 MB
[runlim] sample:		2473.00 time, 1220.02 real, 1876 MB
[runlim] sample:		2493.28 time, 1230.02 real, 1877 MB
[runlim] sample:		2513.54 time, 1240.02 real, 1877 MB
[runlim] sample:		2533.81 time, 1250.02 real, 1877 MB
[runlim] sample:		2554.10 time, 1260.02 real, 1879 MB
[runlim] sample:		2574.37 time, 1270.02 real, 1882 MB
[runlim] sample:		2594.64 time, 1280.02 real, 2226 MB
[runlim] sample:		2614.92 time, 1290.02 real, 2244 MB
[runlim] sample:		2635.20 time, 1300.02 real, 2248 MB
[runlim] sample:		2655.47 time, 1310.02 real, 2297 MB
[runlim] sample:		2675.75 time, 1320.02 real, 2302 MB
[runlim] sample:		2696.02 time, 1330.02 real, 2315 MB
[runlim] sample:		2716.29 time, 1340.02 real, 2319 MB
[runlim] sample:		2736.57 time, 1350.02 real, 2320 MB
[runlim] sample:		2756.84 time, 1360.02 real, 2322 MB
[runlim] sample:		2777.12 time, 1370.02 real, 2323 MB
[runlim] sample:		2797.39 time, 1380.02 real, 2324 MB
[runlim] sample:		2817.67 time, 1390.02 real, 2324 MB
[runlim] sample:		2837.94 time, 1400.02 real, 2325 MB
[runlim] sample:		2858.22 time, 1410.02 real, 2327 MB
[runlim] sample:		2878.50 time, 1420.02 real, 2329 MB
[runlim] sample:		2898.77 time, 1430.02 real, 2338 MB
[runlim] sample:		2919.04 time, 1440.02 real, 2340 MB
[runlim] sample:		2939.32 time, 1450.02 real, 2342 MB
[runlim] sample:		2959.59 time, 1460.02 real, 2342 MB
[runlim] sample:		2979.86 time, 1470.02 real, 2343 MB
[runlim] sample:		3000.15 time, 1480.02 real, 2343 MB
[runlim] sample:		3020.41 time, 1490.02 real, 2344 MB
[runlim] sample:		3040.69 time, 1500.02 real, 2344 MB
[runlim] sample:		3060.97 time, 1510.02 real, 2346 MB
[runlim] sample:		3081.23 time, 1520.02 real, 2347 MB
[runlim] sample:		3101.51 time, 1530.02 real, 2347 MB
[runlim] sample:		3121.79 time, 1540.02 real, 2347 MB
[runlim] sample:		3142.07 time, 1550.02 real, 2348 MB
[runlim] sample:		3162.34 time, 1560.02 real, 2350 MB
[runlim] sample:		3182.62 time, 1570.02 real, 2368 MB
[runlim] sample:		3202.89 time, 1580.02 real, 2371 MB
[runlim] sample:		3223.16 time, 1590.02 real, 2373 MB
[runlim] sample:		3243.44 time, 1600.02 real, 2376 MB
[runlim] sample:		3263.72 time, 1610.02 real, 2388 MB
[runlim] sample:		3283.98 time, 1620.02 real, 2391 MB
[runlim] sample:		3304.26 time, 1630.02 real, 2664 MB
[runlim] sample:		3324.54 time, 1640.02 real, 2688 MB
[runlim] sample:		3344.81 time, 1650.02 real, 2689 MB
[runlim] sample:		3365.08 time, 1660.02 real, 2797 MB
[runlim] sample:		3385.36 time, 1670.02 real, 2797 MB
[runlim] sample:		3405.63 time, 1680.02 real, 2797 MB
[runlim] sample:		3425.91 time, 1690.02 real, 2807 MB
[runlim] sample:		3446.18 time, 1700.02 real, 2833 MB
[runlim] sample:		3466.46 time, 1710.02 real, 2978 MB
[runlim] sample:		3486.74 time, 1720.02 real, 2988 MB
[runlim] sample:		3507.01 time, 1730.02 real, 2996 MB
[runlim] sample:		3527.29 time, 1740.02 real, 2999 MB
[runlim] sample:		3547.57 time, 1750.02 real, 3079 MB
[runlim] sample:		3567.84 time, 1760.02 real, 3098 MB
[runlim] sample:		3588.11 time, 1770.02 real, 3107 MB
[runlim] sample:		3608.38 time, 1780.02 real, 3108 MB
[runlim] sample:		3628.66 time, 1790.02 real, 3109 MB
[runlim] sample:		3648.93 time, 1800.02 real, 3110 MB
[runlim] sample:		3669.21 time, 1810.02 real, 3165 MB
[runlim] sample:		3689.48 time, 1820.02 real, 3191 MB
[runlim] sample:		3709.76 time, 1830.02 real, 3193 MB
[runlim] sample:		3730.04 time, 1840.02 real, 3194 MB
[runlim] sample:		3750.31 time, 1850.02 real, 3195 MB
[runlim] sample:		3770.59 time, 1860.02 real, 3197 MB
[runlim] sample:		3790.86 time, 1870.02 real, 3200 MB
[runlim] sample:		3811.12 time, 1880.02 real, 3201 MB
[runlim] sample:		3831.40 time, 1890.02 real, 3207 MB
[runlim] sample:		3851.65 time, 1900.02 real, 3213 MB
[runlim] sample:		3871.92 time, 1910.02 real, 3226 MB
[runlim] sample:		3892.20 time, 1920.02 real, 3229 MB
[runlim] sample:		3912.48 time, 1930.02 real, 3359 MB
[runlim] sample:		3932.75 time, 1940.02 real, 3360 MB
[runlim] sample:		3953.03 time, 1950.02 real, 3409 MB
[runlim] sample:		3973.30 time, 1960.02 real, 3411 MB
[runlim] sample:		3993.56 time, 1970.02 real, 3411 MB
[runlim] sample:		4013.83 time, 1980.02 real, 3459 MB
[runlim] sample:		4034.11 time, 1990.02 real, 3460 MB
[runlim] sample:		4054.39 time, 2000.02 real, 3461 MB
[runlim] sample:		4074.66 time, 2010.02 real, 3418 MB
[runlim] sample:		4094.93 time, 2020.02 real, 3419 MB
[runlim] sample:		4115.20 time, 2030.02 real, 3432 MB
[runlim] sample:		4135.48 time, 2040.02 real, 3441 MB
[runlim] sample:		4155.75 time, 2050.02 real, 3451 MB
[runlim] sample:		4176.03 time, 2060.02 real, 3647 MB
[runlim] sample:		4196.30 time, 2070.02 real, 3669 MB
[runlim] sample:		4216.58 time, 2080.02 real, 3669 MB
[runlim] sample:		4236.86 time, 2090.02 real, 3707 MB
[runlim] sample:		4257.13 time, 2100.02 real, 3738 MB
[runlim] sample:		4277.41 time, 2110.02 real, 3759 MB
[runlim] sample:		4297.67 time, 2120.02 real, 3846 MB
[runlim] sample:		4317.93 time, 2130.02 real, 3859 MB
[runlim] sample:		4338.20 time, 2140.02 real, 3861 MB
[runlim] sample:		4358.47 time, 2150.02 real, 4019 MB
[runlim] sample:		4378.75 time, 2160.02 real, 4022 MB
[runlim] sample:		4399.01 time, 2170.02 real, 4040 MB
[runlim] sample:		4419.28 time, 2180.02 real, 4064 MB
[runlim] sample:		4439.56 time, 2190.02 real, 4026 MB
[runlim] sample:		4459.83 time, 2200.02 real, 4040 MB
[runlim] sample:		4480.11 time, 2210.02 real, 4102 MB
[runlim] sample:		4500.39 time, 2220.02 real, 4173 MB
[runlim] sample:		4520.66 time, 2230.02 real, 4155 MB
[runlim] sample:		4540.93 time, 2240.02 real, 4155 MB
[runlim] sample:		4561.21 time, 2250.02 real, 4155 MB
[runlim] sample:		4581.48 time, 2260.02 real, 4156 MB
[runlim] sample:		4601.76 time, 2270.02 real, 4156 MB
[runlim] sample:		4622.03 time, 2280.02 real, 4156 MB
[runlim] sample:		4642.29 time, 2290.02 real, 4156 MB
[runlim] sample:		4662.58 time, 2300.02 real, 4156 MB
[runlim] sample:		4682.85 time, 2310.02 real, 4179 MB
[runlim] sample:		4703.13 time, 2320.02 real, 4169 MB
[runlim] sample:		4723.40 time, 2330.02 real, 4169 MB
[runlim] sample:		4743.68 time, 2340.02 real, 4169 MB
[runlim] sample:		4763.95 time, 2350.02 real, 4169 MB
[runlim] sample:		4784.22 time, 2360.02 real, 4169 MB
[runlim] sample:		4804.50 time, 2370.02 real, 4169 MB
[runlim] sample:		4824.77 time, 2380.02 real, 4169 MB
[runlim] sample:		4845.04 time, 2390.02 real, 4169 MB
[runlim] sample:		4865.33 time, 2400.02 real, 4154 MB
[runlim] sample:		4885.61 time, 2410.02 real, 4154 MB
[runlim] sample:		4905.88 time, 2420.02 real, 4154 MB
[runlim] sample:		4926.15 time, 2430.02 real, 4154 MB
[runlim] sample:		4946.43 time, 2440.02 real, 4154 MB
[runlim] sample:		4966.70 time, 2450.02 real, 4154 MB
[runlim] sample:		4986.98 time, 2460.02 real, 4154 MB
[runlim] sample:		5007.24 time, 2470.02 real, 4119 MB
[runlim] sample:		5027.52 time, 2480.02 real, 4119 MB
[runlim] sample:		5047.79 time, 2490.02 real, 4120 MB
[runlim] sample:		5068.06 time, 2500.02 real, 4120 MB
[runlim] sample:		5088.34 time, 2510.02 real, 4120 MB
[runlim] sample:		5108.61 time, 2520.02 real, 4120 MB
[runlim] sample:		5128.88 time, 2530.02 real, 4120 MB
[runlim] sample:		5149.16 time, 2540.02 real, 4120 MB
[runlim] sample:		5169.44 time, 2550.02 real, 4120 MB
[runlim] sample:		5189.71 time, 2560.02 real, 4120 MB
[runlim] sample:		5210.00 time, 2570.02 real, 4134 MB
[runlim] sample:		5230.27 time, 2580.02 real, 4134 MB
[runlim] sample:		5250.55 time, 2590.02 real, 4134 MB
[runlim] sample:		5270.81 time, 2600.02 real, 4134 MB
[runlim] sample:		5291.09 time, 2610.02 real, 4134 MB
[runlim] sample:		5311.37 time, 2620.02 real, 4134 MB
[runlim] sample:		5331.64 time, 2630.02 real, 4134 MB
[runlim] sample:		5351.91 time, 2640.02 real, 4134 MB
[runlim] sample:		5372.18 time, 2650.02 real, 4134 MB
[runlim] sample:		5392.46 time, 2660.02 real, 4134 MB
[runlim] sample:		5412.74 time, 2670.02 real, 4134 MB
[runlim] sample:		5433.01 time, 2680.02 real, 4134 MB
[runlim] sample:		5453.29 time, 2690.02 real, 4134 MB
[runlim] sample:		5473.56 time, 2700.02 real, 4134 MB
[runlim] sample:		5493.84 time, 2710.02 real, 4134 MB
[runlim] sample:		5514.11 time, 2720.02 real, 4134 MB
[runlim] sample:		5534.39 time, 2730.02 real, 4134 MB
[runlim] sample:		5554.67 time, 2740.02 real, 4134 MB
[runlim] sample:		5574.93 time, 2750.02 real, 4134 MB
[runlim] sample:		5595.22 time, 2760.02 real, 4134 MB
[runlim] sample:		5615.48 time, 2770.02 real, 4141 MB
[runlim] sample:		5635.75 time, 2780.02 real, 4141 MB
[runlim] sample:		5656.03 time, 2790.02 real, 4141 MB
[runlim] sample:		5676.30 time, 2800.02 real, 4141 MB
[runlim] sample:		5696.58 time, 2810.02 real, 4141 MB
[runlim] sample:		5716.86 time, 2820.02 real, 4141 MB
[runlim] sample:		5737.13 time, 2830.02 real, 4141 MB
[runlim] sample:		5757.39 time, 2840.02 real, 4141 MB
[runlim] sample:		5777.68 time, 2850.02 real, 4147 MB
[runlim] sample:		5797.95 time, 2860.02 real, 4147 MB
[runlim] sample:		5818.23 time, 2870.02 real, 4147 MB
[runlim] sample:		5838.50 time, 2880.02 real, 4147 MB
[runlim] sample:		5858.78 time, 2890.02 real, 4147 MB
[runlim] sample:		5879.05 time, 2900.02 real, 4147 MB
[runlim] sample:		5899.32 time, 2910.02 real, 4147 MB
[runlim] sample:		5919.61 time, 2920.02 real, 4147 MB
[runlim] sample:		5939.88 time, 2930.02 real, 4147 MB
[runlim] sample:		5960.14 time, 2940.02 real, 4147 MB
[runlim] sample:		5980.42 time, 2950.02 real, 4147 MB
[runlim] sample:		6000.69 time, 2960.02 real, 4147 MB
[runlim] sample:		6020.97 time, 2970.02 real, 4147 MB
[runlim] sample:		6041.25 time, 2980.02 real, 4147 MB
[runlim] sample:		6061.52 time, 2990.02 real, 4147 MB
[runlim] sample:		6081.80 time, 3000.02 real, 4147 MB
[runlim] sample:		6102.07 time, 3010.02 real, 4147 MB
[runlim] sample:		6122.33 time, 3020.02 real, 4147 MB
[runlim] sample:		6142.62 time, 3030.02 real, 4147 MB
[runlim] sample:		6162.89 time, 3040.02 real, 4147 MB
[runlim] sample:		6183.15 time, 3050.02 real, 4165 MB
[runlim] sample:		6203.43 time, 3060.02 real, 4165 MB
[runlim] sample:		6223.71 time, 3070.02 real, 4165 MB
[runlim] sample:		6243.98 time, 3080.02 real, 4165 MB
[runlim] sample:		6264.25 time, 3090.02 real, 4165 MB
[runlim] sample:		6284.53 time, 3100.02 real, 4165 MB
[runlim] sample:		6304.81 time, 3110.02 real, 4165 MB
[runlim] sample:		6325.08 time, 3120.02 real, 4092 MB
[runlim] sample:		6345.35 time, 3130.02 real, 4092 MB
[runlim] sample:		6365.63 time, 3140.02 real, 4111 MB
[runlim] sample:		6385.90 time, 3150.02 real, 4111 MB
[runlim] sample:		6406.17 time, 3160.02 real, 4111 MB
[runlim] sample:		6426.44 time, 3170.02 real, 4131 MB
[runlim] sample:		6446.70 time, 3180.02 real, 4131 MB
[runlim] sample:		6466.98 time, 3190.02 real, 4131 MB
[runlim] sample:		6487.26 time, 3200.02 real, 4132 MB
[runlim] sample:		6507.52 time, 3210.02 real, 4132 MB
[runlim] sample:		6527.79 time, 3220.02 real, 4132 MB
[runlim] sample:		6548.06 time, 3230.02 real, 4132 MB
[runlim] sample:		6568.33 time, 3240.02 real, 4132 MB
[runlim] sample:		6588.60 time, 3250.02 real, 4132 MB
[runlim] sample:		6608.87 time, 3260.02 real, 4132 MB
[runlim] sample:		6629.12 time, 3270.02 real, 4132 MB
[runlim] sample:		6649.40 time, 3280.02 real, 4132 MB
[runlim] sample:		6669.68 time, 3290.02 real, 4132 MB
[runlim] sample:		6689.95 time, 3300.02 real, 4132 MB
[runlim] sample:		6710.22 time, 3310.02 real, 4150 MB
[runlim] sample:		6730.48 time, 3320.02 real, 4150 MB
[runlim] sample:		6750.75 time, 3330.02 real, 4150 MB
[runlim] sample:		6771.02 time, 3340.02 real, 4150 MB
[runlim] sample:		6791.29 time, 3350.02 real, 4150 MB
[runlim] sample:		6811.57 time, 3360.02 real, 4150 MB
[runlim] sample:		6831.84 time, 3370.02 real, 4150 MB
[runlim] sample:		6852.12 time, 3380.02 real, 4150 MB
[runlim] sample:		6872.38 time, 3390.02 real, 4150 MB
[runlim] sample:		6892.66 time, 3400.02 real, 4150 MB
[runlim] sample:		6912.93 time, 3410.02 real, 4150 MB
[runlim] sample:		6933.20 time, 3420.02 real, 4150 MB
[runlim] sample:		6953.49 time, 3430.02 real, 4150 MB
[runlim] sample:		6973.75 time, 3440.02 real, 4150 MB
[runlim] sample:		6994.03 time, 3450.02 real, 4150 MB
[runlim] sample:		7014.31 time, 3460.02 real, 4150 MB
[runlim] sample:		7034.58 time, 3470.02 real, 4150 MB
[runlim] sample:		7054.85 time, 3480.02 real, 4150 MB
[runlim] sample:		7075.13 time, 3490.02 real, 4150 MB
[runlim] sample:		7095.40 time, 3500.02 real, 4150 MB
[runlim] sample:		7115.66 time, 3510.02 real, 4150 MB
[runlim] sample:		7135.96 time, 3520.02 real, 4150 MB
[runlim] sample:		7156.21 time, 3530.02 real, 4150 MB
[runlim] sample:		7176.50 time, 3540.02 real, 4094 MB
[runlim] sample:		7196.77 time, 3550.02 real, 4094 MB
[runlim] sample:		7217.04 time, 3560.02 real, 4094 MB
[runlim] sample:		7237.31 time, 3570.02 real, 4112 MB
[runlim] sample:		7257.59 time, 3580.02 real, 4112 MB
[runlim] sample:		7277.85 time, 3590.02 real, 4112 MB
[runlim] sample:		7298.13 time, 3600.02 real, 4112 MB
[runlim] end:			Wed Oct 16 15:56:09 2019
[runlim] status:		out of time
[runlim] result:		2
[runlim] children:		4
[runlim] real:			3600.11 seconds
[runlim] time:			7298.13 seconds
[runlim] space:			4190 MB
[runlim] samples:		36000
