[runlim] version:		1.17
[runlim] host:			c3n01
[runlim] time limit:		311040000 seconds
[runlim] real time limit:	3600 seconds
[runlim] space limit:		120000 MB
[runlim] argv[0]:		./run-cosa2.sh
[runlim] argv[1]:		/tmp/4HS66Uvk.btor2
[runlim] start:			Wed Oct 16 13:55:49 2019
[runlim] child:			5051
[runlim] sample:		19.93 time, 10.02 real, 154 MB
[runlim] sample:		40.19 time, 20.02 real, 166 MB
[runlim] sample:		60.45 time, 30.02 real, 192 MB
[runlim] sample:		80.73 time, 40.02 real, 216 MB
[runlim] sample:		100.96 time, 50.02 real, 233 MB
[runlim] sample:		121.23 time, 60.02 real, 241 MB
[runlim] sample:		141.51 time, 70.02 real, 242 MB
[runlim] sample:		161.77 time, 80.02 real, 249 MB
[runlim] sample:		182.03 time, 90.02 real, 273 MB
[runlim] sample:		202.27 time, 100.02 real, 275 MB
[runlim] sample:		222.55 time, 110.02 real, 294 MB
[runlim] sample:		242.82 time, 120.02 real, 317 MB
[runlim] sample:		263.07 time, 130.02 real, 323 MB
[runlim] sample:		283.34 time, 140.02 real, 324 MB
[runlim] sample:		303.61 time, 150.02 real, 320 MB
[runlim] sample:		323.87 time, 160.02 real, 324 MB
[runlim] sample:		344.15 time, 170.02 real, 338 MB
[runlim] sample:		364.41 time, 180.02 real, 339 MB
[runlim] sample:		384.68 time, 190.02 real, 344 MB
[runlim] sample:		404.95 time, 200.02 real, 342 MB
[runlim] sample:		425.22 time, 210.02 real, 342 MB
[runlim] sample:		445.49 time, 220.02 real, 349 MB
[runlim] sample:		465.78 time, 230.02 real, 342 MB
[runlim] sample:		486.04 time, 240.02 real, 350 MB
[runlim] sample:		506.31 time, 250.02 real, 346 MB
[runlim] sample:		526.57 time, 260.02 real, 353 MB
[runlim] sample:		546.83 time, 270.02 real, 353 MB
[runlim] sample:		567.10 time, 280.02 real, 353 MB
[runlim] sample:		587.38 time, 290.02 real, 353 MB
[runlim] sample:		607.65 time, 300.02 real, 357 MB
[runlim] sample:		627.92 time, 310.02 real, 357 MB
[runlim] sample:		648.19 time, 320.02 real, 358 MB
[runlim] sample:		668.47 time, 330.02 real, 358 MB
[runlim] sample:		688.75 time, 340.02 real, 358 MB
[runlim] sample:		708.99 time, 350.02 real, 359 MB
[runlim] sample:		729.27 time, 360.02 real, 359 MB
[runlim] sample:		749.54 time, 370.02 real, 359 MB
[runlim] sample:		769.78 time, 380.02 real, 362 MB
[runlim] sample:		790.05 time, 390.02 real, 362 MB
[runlim] sample:		810.33 time, 400.02 real, 377 MB
[runlim] sample:		830.58 time, 410.02 real, 389 MB
[runlim] sample:		850.85 time, 420.02 real, 390 MB
[runlim] sample:		871.10 time, 430.02 real, 393 MB
[runlim] sample:		891.38 time, 440.02 real, 394 MB
[runlim] sample:		911.65 time, 450.02 real, 394 MB
[runlim] sample:		931.92 time, 460.02 real, 405 MB
[runlim] sample:		952.19 time, 470.02 real, 405 MB
[runlim] sample:		972.46 time, 480.02 real, 396 MB
[runlim] sample:		992.74 time, 490.02 real, 387 MB
[runlim] sample:		1013.01 time, 500.02 real, 387 MB
[runlim] sample:		1033.28 time, 510.02 real, 396 MB
[runlim] sample:		1053.55 time, 520.02 real, 387 MB
[runlim] sample:		1073.83 time, 530.02 real, 405 MB
[runlim] sample:		1094.10 time, 540.02 real, 395 MB
[runlim] sample:		1114.37 time, 550.02 real, 407 MB
[runlim] sample:		1134.65 time, 560.02 real, 402 MB
[runlim] sample:		1154.91 time, 570.02 real, 404 MB
[runlim] sample:		1175.19 time, 580.02 real, 405 MB
[runlim] sample:		1195.46 time, 590.02 real, 416 MB
[runlim] sample:		1215.73 time, 600.02 real, 419 MB
[runlim] sample:		1236.00 time, 610.02 real, 420 MB
[runlim] sample:		1256.28 time, 620.02 real, 423 MB
[runlim] sample:		1276.56 time, 630.02 real, 426 MB
[runlim] sample:		1296.83 time, 640.02 real, 429 MB
[runlim] sample:		1317.10 time, 650.02 real, 429 MB
[runlim] sample:		1337.37 time, 660.02 real, 429 MB
[runlim] sample:		1357.63 time, 670.02 real, 436 MB
[runlim] sample:		1377.92 time, 680.02 real, 460 MB
[runlim] sample:		1398.19 time, 690.02 real, 450 MB
[runlim] sample:		1418.46 time, 700.02 real, 453 MB
[runlim] sample:		1438.72 time, 710.02 real, 457 MB
[runlim] sample:		1459.00 time, 720.02 real, 460 MB
[runlim] sample:		1479.27 time, 730.02 real, 461 MB
[runlim] sample:		1499.56 time, 740.02 real, 464 MB
[runlim] sample:		1519.83 time, 750.02 real, 474 MB
[runlim] sample:		1540.10 time, 760.02 real, 477 MB
[runlim] sample:		1560.36 time, 770.02 real, 489 MB
[runlim] sample:		1580.63 time, 780.02 real, 481 MB
[runlim] sample:		1600.91 time, 790.02 real, 486 MB
[runlim] sample:		1621.18 time, 800.02 real, 502 MB
[runlim] sample:		1641.45 time, 810.02 real, 521 MB
[runlim] sample:		1661.72 time, 820.02 real, 506 MB
[runlim] sample:		1681.99 time, 830.02 real, 509 MB
[runlim] sample:		1702.26 time, 840.02 real, 510 MB
[runlim] sample:		1722.54 time, 850.02 real, 511 MB
[runlim] sample:		1742.81 time, 860.02 real, 512 MB
[runlim] sample:		1763.09 time, 870.02 real, 526 MB
[runlim] sample:		1783.36 time, 880.02 real, 532 MB
[runlim] sample:		1803.63 time, 890.02 real, 536 MB
[runlim] sample:		1823.91 time, 900.02 real, 542 MB
[runlim] sample:		1844.18 time, 910.02 real, 543 MB
[runlim] sample:		1864.46 time, 920.02 real, 557 MB
[runlim] sample:		1884.72 time, 930.02 real, 558 MB
[runlim] sample:		1904.99 time, 940.02 real, 583 MB
[runlim] sample:		1925.26 time, 950.02 real, 561 MB
[runlim] sample:		1945.54 time, 960.02 real, 562 MB
[runlim] sample:		1965.81 time, 970.02 real, 564 MB
[runlim] sample:		1986.08 time, 980.02 real, 564 MB
[runlim] sample:		2006.35 time, 990.02 real, 566 MB
[runlim] sample:		2026.62 time, 1000.02 real, 566 MB
[runlim] sample:		2046.90 time, 1010.02 real, 572 MB
[runlim] sample:		2067.17 time, 1020.02 real, 573 MB
[runlim] sample:		2087.45 time, 1030.02 real, 575 MB
[runlim] sample:		2107.72 time, 1040.02 real, 585 MB
[runlim] sample:		2127.99 time, 1050.02 real, 594 MB
[runlim] sample:		2148.27 time, 1060.02 real, 604 MB
[runlim] sample:		2168.54 time, 1070.02 real, 605 MB
[runlim] sample:		2188.81 time, 1080.02 real, 610 MB
[runlim] sample:		2209.08 time, 1090.02 real, 623 MB
[runlim] sample:		2229.36 time, 1100.02 real, 631 MB
[runlim] sample:		2249.63 time, 1110.02 real, 636 MB
[runlim] sample:		2269.92 time, 1120.02 real, 642 MB
[runlim] sample:		2290.18 time, 1130.02 real, 652 MB
[runlim] sample:		2310.46 time, 1140.02 real, 657 MB
[runlim] sample:		2330.73 time, 1150.02 real, 662 MB
[runlim] sample:		2351.00 time, 1160.02 real, 666 MB
[runlim] sample:		2371.27 time, 1170.02 real, 674 MB
[runlim] sample:		2391.55 time, 1180.02 real, 679 MB
[runlim] sample:		2411.82 time, 1190.02 real, 686 MB
[runlim] sample:		2432.09 time, 1200.02 real, 687 MB
[runlim] sample:		2452.36 time, 1210.02 real, 691 MB
[runlim] sample:		2472.63 time, 1220.02 real, 693 MB
[runlim] sample:		2492.90 time, 1230.02 real, 703 MB
[runlim] sample:		2513.18 time, 1240.02 real, 708 MB
[runlim] sample:		2533.45 time, 1250.02 real, 711 MB
[runlim] sample:		2553.73 time, 1260.02 real, 713 MB
[runlim] sample:		2573.99 time, 1270.02 real, 717 MB
[runlim] sample:		2594.27 time, 1280.02 real, 735 MB
[runlim] sample:		2614.53 time, 1290.02 real, 757 MB
[runlim] sample:		2634.80 time, 1300.02 real, 759 MB
[runlim] sample:		2655.08 time, 1310.02 real, 704 MB
[runlim] sample:		2675.35 time, 1320.02 real, 719 MB
[runlim] sample:		2695.63 time, 1330.02 real, 719 MB
[runlim] sample:		2715.90 time, 1340.02 real, 720 MB
[runlim] sample:		2736.17 time, 1350.02 real, 721 MB
[runlim] sample:		2756.44 time, 1360.02 real, 723 MB
[runlim] sample:		2776.72 time, 1370.02 real, 734 MB
[runlim] sample:		2796.99 time, 1380.02 real, 754 MB
[runlim] sample:		2817.26 time, 1390.02 real, 756 MB
[runlim] sample:		2837.53 time, 1400.02 real, 761 MB
[runlim] sample:		2857.79 time, 1410.02 real, 762 MB
[runlim] sample:		2878.07 time, 1420.02 real, 765 MB
[runlim] sample:		2898.34 time, 1430.02 real, 766 MB
[runlim] sample:		2918.61 time, 1440.02 real, 768 MB
[runlim] sample:		2938.88 time, 1450.02 real, 769 MB
[runlim] sample:		2959.16 time, 1460.02 real, 794 MB
[runlim] sample:		2979.44 time, 1470.02 real, 794 MB
[runlim] sample:		2999.72 time, 1480.02 real, 794 MB
[runlim] sample:		3019.99 time, 1490.02 real, 769 MB
[runlim] sample:		3040.26 time, 1500.02 real, 769 MB
[runlim] sample:		3060.53 time, 1510.02 real, 771 MB
[runlim] sample:		3080.80 time, 1520.02 real, 774 MB
[runlim] sample:		3101.08 time, 1530.02 real, 775 MB
[runlim] sample:		3121.35 time, 1540.02 real, 803 MB
[runlim] sample:		3141.63 time, 1550.02 real, 803 MB
[runlim] sample:		3161.89 time, 1560.02 real, 776 MB
[runlim] sample:		3182.16 time, 1570.02 real, 776 MB
[runlim] sample:		3202.41 time, 1580.02 real, 777 MB
[runlim] sample:		3222.68 time, 1590.02 real, 780 MB
[runlim] sample:		3242.95 time, 1600.02 real, 783 MB
[runlim] sample:		3263.22 time, 1610.02 real, 783 MB
[runlim] sample:		3283.48 time, 1620.02 real, 793 MB
[runlim] sample:		3303.75 time, 1630.02 real, 793 MB
[runlim] sample:		3324.03 time, 1640.02 real, 794 MB
[runlim] sample:		3344.29 time, 1650.02 real, 795 MB
[runlim] sample:		3364.57 time, 1660.02 real, 802 MB
[runlim] sample:		3384.84 time, 1670.02 real, 808 MB
[runlim] sample:		3405.12 time, 1680.02 real, 817 MB
[runlim] sample:		3425.37 time, 1690.02 real, 826 MB
[runlim] sample:		3445.64 time, 1700.02 real, 828 MB
[runlim] sample:		3465.90 time, 1710.02 real, 831 MB
[runlim] sample:		3486.16 time, 1720.02 real, 833 MB
[runlim] sample:		3506.44 time, 1730.02 real, 836 MB
[runlim] sample:		3526.71 time, 1740.02 real, 840 MB
[runlim] sample:		3546.97 time, 1750.02 real, 843 MB
[runlim] sample:		3567.24 time, 1760.02 real, 846 MB
[runlim] sample:		3587.49 time, 1770.02 real, 854 MB
[runlim] sample:		3607.76 time, 1780.02 real, 856 MB
[runlim] sample:		3628.04 time, 1790.02 real, 864 MB
[runlim] sample:		3648.31 time, 1800.02 real, 872 MB
[runlim] sample:		3668.58 time, 1810.02 real, 877 MB
[runlim] sample:		3688.85 time, 1820.02 real, 879 MB
[runlim] sample:		3709.12 time, 1830.02 real, 882 MB
[runlim] sample:		3729.40 time, 1840.02 real, 883 MB
[runlim] sample:		3749.67 time, 1850.02 real, 889 MB
[runlim] sample:		3769.94 time, 1860.02 real, 899 MB
[runlim] sample:		3790.22 time, 1870.02 real, 904 MB
[runlim] sample:		3810.50 time, 1880.02 real, 909 MB
[runlim] sample:		3830.76 time, 1890.02 real, 911 MB
[runlim] sample:		3851.04 time, 1900.02 real, 912 MB
[runlim] sample:		3871.31 time, 1910.02 real, 916 MB
[runlim] sample:		3891.59 time, 1920.02 real, 923 MB
[runlim] sample:		3911.86 time, 1930.02 real, 923 MB
[runlim] sample:		3932.13 time, 1940.02 real, 925 MB
[runlim] sample:		3952.41 time, 1950.02 real, 926 MB
[runlim] sample:		3972.68 time, 1960.02 real, 928 MB
[runlim] sample:		3992.94 time, 1970.02 real, 931 MB
[runlim] sample:		4013.22 time, 1980.02 real, 934 MB
[runlim] sample:		4033.49 time, 1990.02 real, 935 MB
[runlim] sample:		4053.77 time, 2000.02 real, 936 MB
[runlim] sample:		4074.03 time, 2010.02 real, 943 MB
[runlim] sample:		4094.31 time, 2020.02 real, 944 MB
[runlim] sample:		4114.57 time, 2030.02 real, 947 MB
[runlim] sample:		4134.85 time, 2040.02 real, 990 MB
[runlim] sample:		4155.10 time, 2050.02 real, 968 MB
[runlim] sample:		4175.38 time, 2060.02 real, 975 MB
[runlim] sample:		4195.64 time, 2070.02 real, 979 MB
[runlim] sample:		4215.91 time, 2080.02 real, 983 MB
[runlim] sample:		4236.17 time, 2090.02 real, 987 MB
[runlim] sample:		4256.44 time, 2100.02 real, 990 MB
[runlim] sample:		4276.70 time, 2110.02 real, 993 MB
[runlim] sample:		4296.98 time, 2120.02 real, 1000 MB
[runlim] sample:		4317.24 time, 2130.02 real, 1006 MB
[runlim] sample:		4337.51 time, 2140.02 real, 1012 MB
[runlim] sample:		4357.79 time, 2150.02 real, 1016 MB
[runlim] sample:		4378.07 time, 2160.02 real, 1019 MB
[runlim] sample:		4398.34 time, 2170.02 real, 1022 MB
[runlim] sample:		4418.62 time, 2180.02 real, 1024 MB
[runlim] sample:		4438.89 time, 2190.02 real, 1031 MB
[runlim] sample:		4459.17 time, 2200.02 real, 1038 MB
[runlim] sample:		4479.44 time, 2210.02 real, 1046 MB
[runlim] sample:		4499.72 time, 2220.02 real, 1053 MB
[runlim] sample:		4519.98 time, 2230.02 real, 1061 MB
[runlim] sample:		4540.26 time, 2240.02 real, 1069 MB
[runlim] sample:		4560.53 time, 2250.02 real, 1075 MB
[runlim] sample:		4580.80 time, 2260.02 real, 1081 MB
[runlim] sample:		4601.08 time, 2270.02 real, 1086 MB
[runlim] sample:		4621.34 time, 2280.02 real, 1090 MB
[runlim] sample:		4641.61 time, 2290.02 real, 1094 MB
[runlim] sample:		4661.88 time, 2300.02 real, 1097 MB
[runlim] sample:		4682.14 time, 2310.02 real, 1100 MB
[runlim] sample:		4702.41 time, 2320.02 real, 1104 MB
[runlim] sample:		4722.68 time, 2330.02 real, 1107 MB
[runlim] sample:		4742.95 time, 2340.02 real, 1113 MB
[runlim] sample:		4763.22 time, 2350.02 real, 1118 MB
[runlim] sample:		4783.49 time, 2360.02 real, 1124 MB
[runlim] sample:		4803.76 time, 2370.02 real, 1131 MB
[runlim] sample:		4824.03 time, 2380.02 real, 1136 MB
[runlim] sample:		4844.28 time, 2390.02 real, 1155 MB
[runlim] sample:		4864.53 time, 2400.02 real, 1162 MB
[runlim] sample:		4884.80 time, 2410.02 real, 1172 MB
[runlim] sample:		4905.08 time, 2420.02 real, 1201 MB
[runlim] sample:		4925.34 time, 2430.02 real, 1208 MB
[runlim] sample:		4945.61 time, 2440.02 real, 1212 MB
[runlim] sample:		4965.86 time, 2450.02 real, 1218 MB
[runlim] sample:		4986.12 time, 2460.02 real, 1221 MB
[runlim] sample:		5006.39 time, 2470.02 real, 1225 MB
[runlim] sample:		5026.64 time, 2480.02 real, 1229 MB
[runlim] sample:		5046.92 time, 2490.02 real, 1232 MB
[runlim] sample:		5067.19 time, 2500.02 real, 1240 MB
[runlim] sample:		5087.44 time, 2510.02 real, 1244 MB
[runlim] sample:		5107.72 time, 2520.02 real, 1249 MB
[runlim] sample:		5127.97 time, 2530.02 real, 1252 MB
[runlim] sample:		5148.25 time, 2540.02 real, 1258 MB
[runlim] sample:		5168.51 time, 2550.02 real, 1266 MB
[runlim] sample:		5188.78 time, 2560.02 real, 1271 MB
[runlim] sample:		5209.06 time, 2570.02 real, 1276 MB
[runlim] sample:		5229.33 time, 2580.02 real, 1280 MB
[runlim] sample:		5249.58 time, 2590.02 real, 1285 MB
[runlim] sample:		5269.84 time, 2600.02 real, 1290 MB
[runlim] sample:		5290.10 time, 2610.02 real, 1295 MB
[runlim] sample:		5310.36 time, 2620.02 real, 1300 MB
[runlim] sample:		5330.64 time, 2630.02 real, 1303 MB
[runlim] sample:		5350.90 time, 2640.02 real, 1306 MB
[runlim] sample:		5371.18 time, 2650.02 real, 1308 MB
[runlim] sample:		5391.46 time, 2660.02 real, 1310 MB
[runlim] sample:		5411.73 time, 2670.02 real, 1313 MB
[runlim] sample:		5431.99 time, 2680.02 real, 1318 MB
[runlim] sample:		5452.26 time, 2690.02 real, 1319 MB
[runlim] sample:		5472.53 time, 2700.02 real, 1321 MB
[runlim] sample:		5492.80 time, 2710.02 real, 1323 MB
[runlim] sample:		5513.08 time, 2720.02 real, 1325 MB
[runlim] sample:		5533.32 time, 2730.02 real, 1327 MB
[runlim] sample:		5553.59 time, 2740.02 real, 1330 MB
[runlim] sample:		5573.88 time, 2750.02 real, 1332 MB
[runlim] sample:		5594.15 time, 2760.02 real, 1334 MB
[runlim] sample:		5614.41 time, 2770.02 real, 1375 MB
[runlim] sample:		5634.70 time, 2780.02 real, 1376 MB
[runlim] sample:		5654.96 time, 2790.02 real, 1377 MB
[runlim] sample:		5675.24 time, 2800.01 real, 1340 MB
[runlim] sample:		5695.50 time, 2810.02 real, 1343 MB
[runlim] sample:		5715.77 time, 2820.02 real, 1347 MB
[runlim] sample:		5736.05 time, 2830.02 real, 1356 MB
[runlim] sample:		5756.32 time, 2840.02 real, 1360 MB
[runlim] sample:		5776.59 time, 2850.02 real, 1394 MB
[runlim] sample:		5796.88 time, 2860.02 real, 1398 MB
[runlim] sample:		5817.13 time, 2870.02 real, 1368 MB
[runlim] sample:		5837.42 time, 2880.02 real, 1381 MB
[runlim] sample:		5857.70 time, 2890.02 real, 1385 MB
[runlim] sample:		5877.95 time, 2900.02 real, 1396 MB
[runlim] sample:		5898.22 time, 2910.02 real, 1404 MB
[runlim] sample:		5918.49 time, 2920.02 real, 1407 MB
[runlim] sample:		5938.77 time, 2930.02 real, 1412 MB
[runlim] sample:		5959.05 time, 2940.02 real, 1423 MB
[runlim] sample:		5979.32 time, 2950.02 real, 1432 MB
[runlim] sample:		5999.59 time, 2960.02 real, 1441 MB
[runlim] sample:		6019.87 time, 2970.02 real, 1447 MB
[runlim] sample:		6040.13 time, 2980.02 real, 1455 MB
[runlim] sample:		6060.41 time, 2990.02 real, 1460 MB
[runlim] sample:		6080.68 time, 3000.02 real, 1464 MB
[runlim] sample:		6100.94 time, 3010.02 real, 1469 MB
[runlim] sample:		6121.23 time, 3020.02 real, 1474 MB
[runlim] sample:		6141.48 time, 3030.02 real, 1477 MB
[runlim] sample:		6161.74 time, 3040.02 real, 1481 MB
[runlim] sample:		6182.03 time, 3050.02 real, 1484 MB
[runlim] sample:		6202.31 time, 3060.02 real, 1487 MB
[runlim] sample:		6222.57 time, 3070.02 real, 1489 MB
[runlim] sample:		6242.82 time, 3080.02 real, 1491 MB
[runlim] sample:		6263.09 time, 3090.02 real, 1496 MB
[runlim] sample:		6283.36 time, 3100.02 real, 1501 MB
[runlim] sample:		6303.63 time, 3110.02 real, 1504 MB
[runlim] sample:		6323.90 time, 3120.02 real, 1507 MB
[runlim] sample:		6344.18 time, 3130.02 real, 1509 MB
[runlim] sample:		6364.46 time, 3140.02 real, 1512 MB
[runlim] sample:		6384.73 time, 3150.02 real, 1519 MB
[runlim] sample:		6404.99 time, 3160.02 real, 1526 MB
[runlim] sample:		6425.28 time, 3170.02 real, 1534 MB
[runlim] sample:		6445.54 time, 3180.02 real, 1541 MB
[runlim] sample:		6465.82 time, 3190.02 real, 1546 MB
[runlim] sample:		6486.09 time, 3200.02 real, 1553 MB
[runlim] sample:		6506.37 time, 3210.02 real, 1559 MB
[runlim] sample:		6526.64 time, 3220.02 real, 1606 MB
[runlim] sample:		6546.91 time, 3230.02 real, 1612 MB
[runlim] sample:		6567.19 time, 3240.02 real, 1627 MB
[runlim] sample:		6587.47 time, 3250.02 real, 1581 MB
[runlim] sample:		6607.73 time, 3260.02 real, 1585 MB
[runlim] sample:		6628.02 time, 3270.02 real, 1589 MB
[runlim] sample:		6648.30 time, 3280.02 real, 1593 MB
[runlim] sample:		6668.57 time, 3290.02 real, 1595 MB
[runlim] sample:		6688.84 time, 3300.02 real, 1597 MB
[runlim] sample:		6709.10 time, 3310.02 real, 1601 MB
[runlim] sample:		6729.36 time, 3320.02 real, 1609 MB
[runlim] sample:		6749.65 time, 3330.02 real, 1616 MB
[runlim] sample:		6769.92 time, 3340.02 real, 1622 MB
[runlim] sample:		6790.20 time, 3350.02 real, 1624 MB
[runlim] sample:		6810.45 time, 3360.02 real, 1629 MB
[runlim] sample:		6830.71 time, 3370.02 real, 1636 MB
[runlim] sample:		6850.98 time, 3380.02 real, 1641 MB
[runlim] sample:		6871.27 time, 3390.02 real, 1644 MB
[runlim] sample:		6891.55 time, 3400.02 real, 1646 MB
[runlim] sample:		6911.82 time, 3410.02 real, 1650 MB
[runlim] sample:		6932.10 time, 3420.02 real, 1653 MB
[runlim] sample:		6952.36 time, 3430.02 real, 1693 MB
[runlim] sample:		6972.63 time, 3440.02 real, 1696 MB
[runlim] sample:		6992.90 time, 3450.02 real, 1702 MB
[runlim] sample:		7013.15 time, 3460.02 real, 1673 MB
[runlim] sample:		7033.44 time, 3470.02 real, 1676 MB
[runlim] sample:		7053.71 time, 3480.02 real, 1678 MB
[runlim] sample:		7073.99 time, 3490.02 real, 1683 MB
[runlim] sample:		7094.25 time, 3500.02 real, 1690 MB
[runlim] sample:		7114.52 time, 3510.02 real, 1731 MB
[runlim] sample:		7134.77 time, 3520.02 real, 1735 MB
[runlim] sample:		7155.04 time, 3530.02 real, 1742 MB
[runlim] sample:		7175.30 time, 3540.02 real, 1712 MB
[runlim] sample:		7195.58 time, 3550.02 real, 1740 MB
[runlim] sample:		7215.85 time, 3560.02 real, 1746 MB
[runlim] sample:		7236.13 time, 3570.02 real, 1752 MB
[runlim] sample:		7256.40 time, 3580.02 real, 1756 MB
[runlim] sample:		7276.69 time, 3590.02 real, 1760 MB
[runlim] sample:		7296.96 time, 3600.02 real, 1763 MB
[runlim] end:			Wed Oct 16 14:55:49 2019
[runlim] status:		out of time
[runlim] result:		2
[runlim] children:		4
[runlim] real:			3600.10 seconds
[runlim] time:			7296.96 seconds
[runlim] space:			1763 MB
[runlim] samples:		36000
