[runlim] version:		1.17
[runlim] host:			c3n04
[runlim] time limit:		311040000 seconds
[runlim] real time limit:	3600 seconds
[runlim] space limit:		120000 MB
[runlim] argv[0]:		./run-cosa2.sh
[runlim] argv[1]:		/tmp/ElfDZPwG.btor2
[runlim] start:			Wed Oct 16 14:55:57 2019
[runlim] child:			24366
[runlim] sample:		11.46 time, 10.01 real, 83 MB
[runlim] sample:		21.74 time, 20.01 real, 90 MB
[runlim] sample:		32.01 time, 30.01 real, 97 MB
[runlim] sample:		42.29 time, 40.01 real, 108 MB
[runlim] sample:		52.56 time, 50.01 real, 114 MB
[runlim] sample:		62.92 time, 60.01 real, 113 MB
[runlim] sample:		73.33 time, 70.01 real, 114 MB
[runlim] sample:		83.72 time, 80.01 real, 120 MB
[runlim] sample:		94.12 time, 90.01 real, 133 MB
[runlim] sample:		104.51 time, 100.01 real, 133 MB
[runlim] sample:		114.91 time, 110.01 real, 137 MB
[runlim] sample:		125.30 time, 120.01 real, 137 MB
[runlim] sample:		135.71 time, 130.01 real, 137 MB
[runlim] sample:		146.10 time, 140.01 real, 142 MB
[runlim] sample:		156.49 time, 150.01 real, 145 MB
[runlim] sample:		166.89 time, 160.01 real, 159 MB
[runlim] sample:		177.29 time, 170.01 real, 162 MB
[runlim] sample:		187.67 time, 180.01 real, 179 MB
[runlim] sample:		198.07 time, 190.01 real, 180 MB
[runlim] sample:		208.46 time, 200.01 real, 180 MB
[runlim] sample:		218.87 time, 210.01 real, 189 MB
[runlim] sample:		229.26 time, 220.01 real, 190 MB
[runlim] sample:		239.65 time, 230.01 real, 194 MB
[runlim] sample:		250.05 time, 240.01 real, 194 MB
[runlim] sample:		260.45 time, 250.01 real, 194 MB
[runlim] sample:		270.84 time, 260.01 real, 194 MB
[runlim] sample:		281.25 time, 270.01 real, 195 MB
[runlim] sample:		291.65 time, 280.01 real, 195 MB
[runlim] sample:		302.05 time, 290.01 real, 205 MB
[runlim] sample:		312.45 time, 300.01 real, 205 MB
[runlim] sample:		322.85 time, 310.01 real, 206 MB
[runlim] sample:		333.24 time, 320.01 real, 211 MB
[runlim] sample:		343.64 time, 330.01 real, 236 MB
[runlim] sample:		354.05 time, 340.01 real, 236 MB
[runlim] sample:		364.45 time, 350.01 real, 250 MB
[runlim] sample:		374.85 time, 360.01 real, 263 MB
[runlim] sample:		385.26 time, 370.01 real, 263 MB
[runlim] sample:		395.66 time, 380.01 real, 263 MB
[runlim] sample:		406.06 time, 390.01 real, 272 MB
[runlim] sample:		416.45 time, 400.01 real, 272 MB
[runlim] sample:		426.85 time, 410.01 real, 272 MB
[runlim] sample:		437.24 time, 420.01 real, 275 MB
[runlim] sample:		447.63 time, 430.01 real, 263 MB
[runlim] sample:		458.03 time, 440.01 real, 263 MB
[runlim] sample:		468.43 time, 450.01 real, 263 MB
[runlim] sample:		478.82 time, 460.01 real, 263 MB
[runlim] sample:		489.21 time, 470.01 real, 266 MB
[runlim] sample:		499.61 time, 480.01 real, 266 MB
[runlim] sample:		510.00 time, 490.01 real, 271 MB
[runlim] sample:		520.41 time, 500.01 real, 271 MB
[runlim] sample:		530.80 time, 510.01 real, 269 MB
[runlim] sample:		541.20 time, 520.01 real, 269 MB
[runlim] sample:		551.60 time, 530.01 real, 271 MB
[runlim] sample:		561.99 time, 540.01 real, 319 MB
[runlim] sample:		572.37 time, 550.01 real, 319 MB
[runlim] sample:		582.77 time, 560.01 real, 319 MB
[runlim] sample:		593.17 time, 570.01 real, 332 MB
[runlim] sample:		603.57 time, 580.01 real, 332 MB
[runlim] sample:		613.96 time, 590.01 real, 332 MB
[runlim] sample:		624.37 time, 600.01 real, 334 MB
[runlim] sample:		634.76 time, 610.01 real, 335 MB
[runlim] sample:		645.15 time, 620.01 real, 355 MB
[runlim] sample:		655.55 time, 630.01 real, 381 MB
[runlim] sample:		665.96 time, 640.01 real, 381 MB
[runlim] sample:		676.36 time, 650.01 real, 381 MB
[runlim] sample:		686.76 time, 660.01 real, 381 MB
[runlim] sample:		697.12 time, 670.01 real, 381 MB
[runlim] sample:		707.53 time, 680.01 real, 383 MB
[runlim] sample:		717.92 time, 690.01 real, 383 MB
[runlim] sample:		728.33 time, 700.01 real, 383 MB
[runlim] sample:		738.73 time, 710.01 real, 383 MB
[runlim] sample:		749.13 time, 720.01 real, 383 MB
[runlim] sample:		759.51 time, 730.01 real, 394 MB
[runlim] sample:		769.93 time, 740.01 real, 394 MB
[runlim] sample:		780.33 time, 750.01 real, 394 MB
[runlim] sample:		790.73 time, 760.01 real, 394 MB
[runlim] sample:		801.13 time, 770.01 real, 394 MB
[runlim] sample:		811.54 time, 780.01 real, 394 MB
[runlim] sample:		821.94 time, 790.01 real, 394 MB
[runlim] sample:		832.34 time, 800.01 real, 394 MB
[runlim] sample:		842.74 time, 810.01 real, 394 MB
[runlim] sample:		853.13 time, 820.01 real, 394 MB
[runlim] sample:		863.52 time, 830.01 real, 394 MB
[runlim] sample:		873.92 time, 840.01 real, 394 MB
[runlim] sample:		884.31 time, 850.01 real, 394 MB
[runlim] sample:		894.72 time, 860.01 real, 394 MB
[runlim] sample:		905.12 time, 870.01 real, 394 MB
[runlim] sample:		915.44 time, 880.02 real, 394 MB
[runlim] sample:		925.70 time, 890.02 real, 394 MB
[runlim] sample:		935.96 time, 900.02 real, 394 MB
[runlim] sample:		946.22 time, 910.02 real, 394 MB
[runlim] sample:		956.49 time, 920.02 real, 394 MB
[runlim] sample:		966.77 time, 930.02 real, 395 MB
[runlim] sample:		977.02 time, 940.02 real, 395 MB
[runlim] sample:		987.30 time, 950.02 real, 395 MB
[runlim] sample:		997.57 time, 960.02 real, 395 MB
[runlim] sample:		1007.82 time, 970.02 real, 410 MB
[runlim] sample:		1018.09 time, 980.02 real, 413 MB
[runlim] sample:		1028.35 time, 990.02 real, 413 MB
[runlim] sample:		1038.63 time, 1000.02 real, 413 MB
[runlim] sample:		1048.88 time, 1010.02 real, 413 MB
[runlim] sample:		1059.15 time, 1020.02 real, 417 MB
[runlim] sample:		1069.42 time, 1030.02 real, 431 MB
[runlim] sample:		1079.69 time, 1040.02 real, 450 MB
[runlim] sample:		1089.95 time, 1050.02 real, 450 MB
[runlim] sample:		1100.21 time, 1060.02 real, 450 MB
[runlim] sample:		1110.48 time, 1070.02 real, 450 MB
[runlim] sample:		1120.74 time, 1080.02 real, 450 MB
[runlim] sample:		1131.01 time, 1090.02 real, 450 MB
[runlim] sample:		1141.27 time, 1100.01 real, 462 MB
[runlim] sample:		1151.54 time, 1110.01 real, 456 MB
[runlim] sample:		1161.80 time, 1120.01 real, 456 MB
[runlim] sample:		1172.07 time, 1130.02 real, 456 MB
[runlim] sample:		1182.33 time, 1140.02 real, 456 MB
[runlim] sample:		1192.60 time, 1150.01 real, 456 MB
[runlim] sample:		1202.87 time, 1160.02 real, 456 MB
[runlim] sample:		1213.14 time, 1170.01 real, 456 MB
[runlim] sample:		1223.41 time, 1180.02 real, 456 MB
[runlim] sample:		1233.67 time, 1190.02 real, 456 MB
[runlim] sample:		1243.94 time, 1200.02 real, 466 MB
[runlim] sample:		1254.21 time, 1210.02 real, 466 MB
[runlim] sample:		1264.46 time, 1220.02 real, 473 MB
[runlim] sample:		1274.73 time, 1230.02 real, 473 MB
[runlim] sample:		1285.00 time, 1240.02 real, 473 MB
[runlim] sample:		1295.23 time, 1250.02 real, 473 MB
[runlim] sample:		1305.50 time, 1260.02 real, 473 MB
[runlim] sample:		1315.77 time, 1270.02 real, 473 MB
[runlim] sample:		1326.03 time, 1280.02 real, 473 MB
[runlim] sample:		1336.32 time, 1290.02 real, 487 MB
[runlim] sample:		1346.58 time, 1300.02 real, 487 MB
[runlim] sample:		1356.85 time, 1310.02 real, 487 MB
[runlim] sample:		1367.11 time, 1320.02 real, 487 MB
[runlim] sample:		1377.37 time, 1330.01 real, 492 MB
[runlim] sample:		1387.64 time, 1340.02 real, 492 MB
[runlim] sample:		1397.91 time, 1350.02 real, 492 MB
[runlim] sample:		1408.17 time, 1360.02 real, 492 MB
[runlim] sample:		1418.44 time, 1370.02 real, 492 MB
[runlim] sample:		1428.71 time, 1380.02 real, 492 MB
[runlim] sample:		1438.98 time, 1390.02 real, 492 MB
[runlim] sample:		1449.24 time, 1400.02 real, 493 MB
[runlim] sample:		1459.51 time, 1410.02 real, 493 MB
[runlim] sample:		1469.78 time, 1420.02 real, 493 MB
[runlim] sample:		1480.03 time, 1430.02 real, 493 MB
[runlim] sample:		1490.30 time, 1440.02 real, 493 MB
[runlim] sample:		1500.57 time, 1450.02 real, 493 MB
[runlim] sample:		1510.84 time, 1460.02 real, 505 MB
[runlim] sample:		1521.10 time, 1470.02 real, 519 MB
[runlim] sample:		1531.36 time, 1480.02 real, 550 MB
[runlim] sample:		1541.63 time, 1490.02 real, 550 MB
[runlim] sample:		1551.89 time, 1500.02 real, 550 MB
[runlim] sample:		1562.14 time, 1510.02 real, 550 MB
[runlim] sample:		1572.41 time, 1520.02 real, 550 MB
[runlim] sample:		1582.67 time, 1530.02 real, 550 MB
[runlim] sample:		1592.95 time, 1540.02 real, 550 MB
[runlim] sample:		1603.21 time, 1550.02 real, 558 MB
[runlim] sample:		1613.47 time, 1560.02 real, 550 MB
[runlim] sample:		1623.74 time, 1570.02 real, 550 MB
[runlim] sample:		1634.01 time, 1580.02 real, 550 MB
[runlim] sample:		1644.27 time, 1590.01 real, 550 MB
[runlim] sample:		1654.53 time, 1600.02 real, 550 MB
[runlim] sample:		1664.80 time, 1610.02 real, 550 MB
[runlim] sample:		1675.06 time, 1620.02 real, 550 MB
[runlim] sample:		1685.33 time, 1630.02 real, 550 MB
[runlim] sample:		1695.59 time, 1640.02 real, 550 MB
[runlim] sample:		1705.85 time, 1650.02 real, 550 MB
[runlim] sample:		1716.12 time, 1660.02 real, 550 MB
[runlim] sample:		1726.37 time, 1670.02 real, 550 MB
[runlim] sample:		1736.63 time, 1680.02 real, 550 MB
[runlim] sample:		1746.89 time, 1690.02 real, 550 MB
[runlim] sample:		1757.15 time, 1700.02 real, 551 MB
[runlim] sample:		1767.42 time, 1710.02 real, 551 MB
[runlim] sample:		1777.68 time, 1720.02 real, 551 MB
[runlim] sample:		1787.96 time, 1730.02 real, 551 MB
[runlim] sample:		1798.23 time, 1740.01 real, 551 MB
[runlim] sample:		1808.49 time, 1750.02 real, 551 MB
[runlim] sample:		1818.76 time, 1760.02 real, 551 MB
[runlim] sample:		1829.03 time, 1770.02 real, 551 MB
[runlim] sample:		1839.30 time, 1780.02 real, 551 MB
[runlim] sample:		1849.56 time, 1790.02 real, 551 MB
[runlim] sample:		1859.94 time, 1800.01 real, 551 MB
[runlim] sample:		1870.34 time, 1810.01 real, 551 MB
[runlim] sample:		1880.73 time, 1820.01 real, 551 MB
[runlim] sample:		1891.04 time, 1830.02 real, 551 MB
[runlim] sample:		1901.28 time, 1840.02 real, 551 MB
[runlim] sample:		1911.55 time, 1850.02 real, 561 MB
[runlim] sample:		1921.82 time, 1860.02 real, 561 MB
[runlim] sample:		1932.08 time, 1870.02 real, 561 MB
[runlim] sample:		1942.36 time, 1880.02 real, 561 MB
[runlim] sample:		1952.62 time, 1890.02 real, 561 MB
[runlim] sample:		1962.89 time, 1900.02 real, 561 MB
[runlim] sample:		1973.15 time, 1910.02 real, 562 MB
[runlim] sample:		1983.42 time, 1920.02 real, 580 MB
[runlim] sample:		1993.68 time, 1930.02 real, 613 MB
[runlim] sample:		2003.95 time, 1940.02 real, 613 MB
[runlim] sample:		2014.21 time, 1950.02 real, 613 MB
[runlim] sample:		2024.48 time, 1960.02 real, 613 MB
[runlim] sample:		2034.74 time, 1970.02 real, 613 MB
[runlim] sample:		2045.01 time, 1980.02 real, 613 MB
[runlim] sample:		2055.27 time, 1990.02 real, 613 MB
[runlim] sample:		2065.54 time, 2000.02 real, 613 MB
[runlim] sample:		2075.80 time, 2010.02 real, 627 MB
[runlim] sample:		2086.06 time, 2020.02 real, 641 MB
[runlim] sample:		2096.33 time, 2030.01 real, 690 MB
[runlim] sample:		2106.60 time, 2040.02 real, 690 MB
[runlim] sample:		2116.86 time, 2050.02 real, 690 MB
[runlim] sample:		2127.13 time, 2060.02 real, 690 MB
[runlim] sample:		2137.40 time, 2070.02 real, 690 MB
[runlim] sample:		2147.66 time, 2080.02 real, 690 MB
[runlim] sample:		2157.92 time, 2090.02 real, 690 MB
[runlim] sample:		2168.19 time, 2100.02 real, 690 MB
[runlim] sample:		2178.46 time, 2110.02 real, 690 MB
[runlim] sample:		2188.71 time, 2120.02 real, 690 MB
[runlim] sample:		2198.97 time, 2130.02 real, 693 MB
[runlim] sample:		2209.24 time, 2140.02 real, 711 MB
[runlim] sample:		2219.51 time, 2150.02 real, 725 MB
[runlim] sample:		2229.77 time, 2160.02 real, 722 MB
[runlim] sample:		2240.03 time, 2170.02 real, 722 MB
[runlim] sample:		2250.30 time, 2180.02 real, 722 MB
[runlim] sample:		2260.56 time, 2190.02 real, 723 MB
[runlim] sample:		2270.82 time, 2200.02 real, 723 MB
[runlim] sample:		2281.09 time, 2210.02 real, 723 MB
[runlim] sample:		2291.36 time, 2220.02 real, 723 MB
[runlim] sample:		2301.63 time, 2230.02 real, 723 MB
[runlim] sample:		2311.91 time, 2240.02 real, 723 MB
[runlim] sample:		2322.18 time, 2250.02 real, 723 MB
[runlim] sample:		2332.43 time, 2260.02 real, 723 MB
[runlim] sample:		2342.70 time, 2270.02 real, 738 MB
[runlim] sample:		2352.97 time, 2280.02 real, 738 MB
[runlim] sample:		2363.24 time, 2290.02 real, 738 MB
[runlim] sample:		2373.51 time, 2300.02 real, 738 MB
[runlim] sample:		2383.79 time, 2310.01 real, 730 MB
[runlim] sample:		2394.05 time, 2320.02 real, 730 MB
[runlim] sample:		2404.32 time, 2330.02 real, 730 MB
[runlim] sample:		2414.57 time, 2340.02 real, 730 MB
[runlim] sample:		2424.83 time, 2350.02 real, 730 MB
[runlim] sample:		2435.10 time, 2360.02 real, 730 MB
[runlim] sample:		2445.37 time, 2370.02 real, 730 MB
[runlim] sample:		2455.63 time, 2380.02 real, 730 MB
[runlim] sample:		2465.90 time, 2390.02 real, 730 MB
[runlim] sample:		2476.17 time, 2400.02 real, 730 MB
[runlim] sample:		2486.44 time, 2410.01 real, 730 MB
[runlim] sample:		2496.70 time, 2420.02 real, 730 MB
[runlim] sample:		2506.97 time, 2430.02 real, 730 MB
[runlim] sample:		2517.24 time, 2440.02 real, 730 MB
[runlim] sample:		2527.49 time, 2450.02 real, 730 MB
[runlim] sample:		2537.77 time, 2460.02 real, 730 MB
[runlim] sample:		2548.03 time, 2470.02 real, 730 MB
[runlim] sample:		2558.29 time, 2480.02 real, 730 MB
[runlim] sample:		2568.55 time, 2490.02 real, 746 MB
[runlim] sample:		2578.82 time, 2500.02 real, 787 MB
[runlim] sample:		2589.10 time, 2510.02 real, 787 MB
[runlim] sample:		2599.37 time, 2520.02 real, 787 MB
[runlim] sample:		2609.64 time, 2530.02 real, 787 MB
[runlim] sample:		2619.90 time, 2540.02 real, 787 MB
[runlim] sample:		2630.17 time, 2550.02 real, 787 MB
[runlim] sample:		2640.44 time, 2560.02 real, 787 MB
[runlim] sample:		2650.70 time, 2570.02 real, 787 MB
[runlim] sample:		2660.98 time, 2580.02 real, 800 MB
[runlim] sample:		2671.25 time, 2590.02 real, 800 MB
[runlim] sample:		2681.51 time, 2600.02 real, 800 MB
[runlim] sample:		2691.78 time, 2610.02 real, 800 MB
[runlim] sample:		2702.04 time, 2620.02 real, 800 MB
[runlim] sample:		2712.30 time, 2630.02 real, 800 MB
[runlim] sample:		2722.57 time, 2640.02 real, 800 MB
[runlim] sample:		2732.84 time, 2650.02 real, 800 MB
[runlim] sample:		2743.10 time, 2660.01 real, 800 MB
[runlim] sample:		2753.49 time, 2670.01 real, 800 MB
[runlim] sample:		2763.89 time, 2680.01 real, 801 MB
[runlim] sample:		2774.25 time, 2690.01 real, 801 MB
[runlim] sample:		2784.64 time, 2700.01 real, 815 MB
[runlim] sample:		2795.04 time, 2710.01 real, 815 MB
[runlim] sample:		2805.44 time, 2720.01 real, 815 MB
[runlim] sample:		2815.82 time, 2730.01 real, 815 MB
[runlim] sample:		2826.22 time, 2740.01 real, 815 MB
[runlim] sample:		2836.62 time, 2750.01 real, 815 MB
[runlim] sample:		2847.02 time, 2760.01 real, 815 MB
[runlim] sample:		2857.41 time, 2770.01 real, 820 MB
[runlim] sample:		2867.81 time, 2780.01 real, 820 MB
[runlim] sample:		2878.21 time, 2790.01 real, 820 MB
[runlim] sample:		2888.61 time, 2800.01 real, 820 MB
[runlim] sample:		2899.00 time, 2810.01 real, 820 MB
[runlim] sample:		2909.41 time, 2820.01 real, 820 MB
[runlim] sample:		2919.80 time, 2830.01 real, 828 MB
[runlim] sample:		2930.19 time, 2840.01 real, 848 MB
[runlim] sample:		2940.60 time, 2850.01 real, 849 MB
[runlim] sample:		2950.98 time, 2860.01 real, 848 MB
[runlim] sample:		2961.38 time, 2870.01 real, 853 MB
[runlim] sample:		2971.78 time, 2880.01 real, 853 MB
[runlim] sample:		2982.18 time, 2890.01 real, 853 MB
[runlim] sample:		2992.57 time, 2900.01 real, 873 MB
[runlim] sample:		3002.96 time, 2910.01 real, 873 MB
[runlim] sample:		3013.34 time, 2920.01 real, 873 MB
[runlim] sample:		3023.75 time, 2930.01 real, 873 MB
[runlim] sample:		3034.15 time, 2940.01 real, 873 MB
[runlim] sample:		3044.55 time, 2950.01 real, 873 MB
[runlim] sample:		3054.94 time, 2960.01 real, 873 MB
[runlim] sample:		3065.34 time, 2970.01 real, 873 MB
[runlim] sample:		3075.74 time, 2980.01 real, 873 MB
[runlim] sample:		3086.14 time, 2990.01 real, 889 MB
[runlim] sample:		3096.54 time, 3000.01 real, 889 MB
[runlim] sample:		3106.94 time, 3010.01 real, 889 MB
[runlim] sample:		3117.34 time, 3020.01 real, 889 MB
[runlim] sample:		3127.75 time, 3030.01 real, 875 MB
[runlim] sample:		3138.16 time, 3040.01 real, 875 MB
[runlim] sample:		3148.57 time, 3050.01 real, 875 MB
[runlim] sample:		3158.98 time, 3060.01 real, 875 MB
[runlim] sample:		3169.38 time, 3070.01 real, 875 MB
[runlim] sample:		3179.79 time, 3080.01 real, 875 MB
[runlim] sample:		3190.19 time, 3090.01 real, 875 MB
[runlim] sample:		3200.59 time, 3100.01 real, 884 MB
[runlim] sample:		3211.00 time, 3110.01 real, 884 MB
[runlim] sample:		3221.40 time, 3120.01 real, 884 MB
[runlim] sample:		3231.79 time, 3130.01 real, 884 MB
[runlim] sample:		3242.20 time, 3140.01 real, 884 MB
[runlim] sample:		3252.59 time, 3150.01 real, 884 MB
[runlim] sample:		3262.99 time, 3160.01 real, 884 MB
[runlim] sample:		3273.38 time, 3170.01 real, 884 MB
[runlim] sample:		3283.78 time, 3180.01 real, 899 MB
[runlim] sample:		3294.18 time, 3190.01 real, 899 MB
[runlim] sample:		3304.58 time, 3200.01 real, 899 MB
[runlim] sample:		3314.97 time, 3210.01 real, 899 MB
[runlim] sample:		3325.37 time, 3220.01 real, 899 MB
[runlim] sample:		3335.77 time, 3230.01 real, 899 MB
[runlim] sample:		3346.16 time, 3240.01 real, 899 MB
[runlim] sample:		3356.57 time, 3250.01 real, 899 MB
[runlim] sample:		3366.97 time, 3260.01 real, 899 MB
[runlim] sample:		3377.38 time, 3270.01 real, 899 MB
[runlim] sample:		3387.78 time, 3280.01 real, 899 MB
[runlim] sample:		3398.16 time, 3290.01 real, 899 MB
[runlim] sample:		3408.57 time, 3300.01 real, 899 MB
[runlim] sample:		3418.97 time, 3310.01 real, 899 MB
[runlim] sample:		3429.34 time, 3320.01 real, 899 MB
[runlim] sample:		3439.74 time, 3330.01 real, 899 MB
[runlim] sample:		3450.14 time, 3340.01 real, 899 MB
[runlim] sample:		3460.55 time, 3350.01 real, 899 MB
[runlim] sample:		3470.96 time, 3360.01 real, 899 MB
[runlim] sample:		3481.35 time, 3370.01 real, 904 MB
[runlim] sample:		3491.75 time, 3380.01 real, 917 MB
[runlim] sample:		3502.15 time, 3390.01 real, 928 MB
[runlim] sample:		3512.53 time, 3400.01 real, 985 MB
[runlim] sample:		3522.93 time, 3410.01 real, 985 MB
[runlim] sample:		3533.32 time, 3420.01 real, 985 MB
[runlim] sample:		3543.71 time, 3430.01 real, 985 MB
[runlim] sample:		3554.11 time, 3440.01 real, 985 MB
[runlim] sample:		3564.50 time, 3450.01 real, 985 MB
[runlim] sample:		3574.90 time, 3460.01 real, 985 MB
[runlim] sample:		3585.30 time, 3470.01 real, 985 MB
[runlim] sample:		3595.68 time, 3480.01 real, 985 MB
[runlim] sample:		3606.08 time, 3490.01 real, 985 MB
[runlim] sample:		3616.47 time, 3500.01 real, 985 MB
[runlim] sample:		3626.87 time, 3510.01 real, 985 MB
[runlim] sample:		3637.25 time, 3520.01 real, 985 MB
[runlim] sample:		3647.66 time, 3530.01 real, 985 MB
[runlim] sample:		3658.05 time, 3540.01 real, 985 MB
[runlim] sample:		3668.44 time, 3550.01 real, 985 MB
[runlim] sample:		3678.82 time, 3560.01 real, 1003 MB
[runlim] sample:		3689.21 time, 3570.01 real, 1003 MB
[runlim] sample:		3699.61 time, 3580.01 real, 987 MB
[runlim] sample:		3709.93 time, 3590.01 real, 987 MB
[runlim] sample:		3720.32 time, 3600.01 real, 988 MB
[runlim] end:			Wed Oct 16 15:55:57 2019
[runlim] status:		out of time
[runlim] result:		2
[runlim] children:		4
[runlim] real:			3600.10 seconds
[runlim] time:			3720.32 seconds
[runlim] space:			1003 MB
[runlim] samples:		36000
