[runlim] version:		1.17
[runlim] host:			c3n23
[runlim] time limit:		311040000 seconds
[runlim] real time limit:	3600 seconds
[runlim] space limit:		120000 MB
[runlim] argv[0]:		./run-cosa2.sh
[runlim] argv[1]:		/tmp/UYhUxIj7.btor2
[runlim] start:			Wed Oct 16 14:11:42 2019
[runlim] child:			32762
[runlim] sample:		20.18 time, 10.02 real, 164 MB
[runlim] sample:		40.44 time, 20.02 real, 188 MB
[runlim] sample:		60.72 time, 30.02 real, 207 MB
[runlim] sample:		80.99 time, 40.02 real, 229 MB
[runlim] sample:		101.26 time, 50.02 real, 260 MB
[runlim] sample:		121.53 time, 60.02 real, 258 MB
[runlim] sample:		141.81 time, 70.02 real, 273 MB
[runlim] sample:		162.09 time, 80.02 real, 289 MB
[runlim] sample:		182.36 time, 90.02 real, 289 MB
[runlim] sample:		202.63 time, 100.02 real, 289 MB
[runlim] sample:		222.90 time, 110.02 real, 289 MB
[runlim] sample:		243.17 time, 120.02 real, 289 MB
[runlim] sample:		263.44 time, 130.02 real, 289 MB
[runlim] sample:		283.72 time, 140.02 real, 289 MB
[runlim] sample:		303.98 time, 150.02 real, 289 MB
[runlim] sample:		324.25 time, 160.02 real, 289 MB
[runlim] sample:		344.52 time, 170.02 real, 295 MB
[runlim] sample:		364.80 time, 180.02 real, 295 MB
[runlim] sample:		385.06 time, 190.02 real, 295 MB
[runlim] sample:		405.33 time, 200.02 real, 295 MB
[runlim] sample:		425.61 time, 210.02 real, 294 MB
[runlim] sample:		445.88 time, 220.02 real, 304 MB
[runlim] sample:		466.16 time, 230.02 real, 299 MB
[runlim] sample:		486.43 time, 240.02 real, 306 MB
[runlim] sample:		506.71 time, 250.02 real, 308 MB
[runlim] sample:		526.99 time, 260.02 real, 312 MB
[runlim] sample:		547.25 time, 270.02 real, 315 MB
[runlim] sample:		567.52 time, 280.02 real, 319 MB
[runlim] sample:		587.78 time, 290.02 real, 320 MB
[runlim] sample:		608.05 time, 300.02 real, 320 MB
[runlim] sample:		628.33 time, 310.02 real, 320 MB
[runlim] sample:		648.60 time, 320.02 real, 320 MB
[runlim] sample:		668.87 time, 330.02 real, 330 MB
[runlim] sample:		689.15 time, 340.02 real, 330 MB
[runlim] sample:		709.42 time, 350.02 real, 330 MB
[runlim] sample:		729.69 time, 360.02 real, 330 MB
[runlim] sample:		749.96 time, 370.02 real, 330 MB
[runlim] sample:		770.24 time, 380.02 real, 318 MB
[runlim] sample:		790.51 time, 390.02 real, 331 MB
[runlim] sample:		810.78 time, 400.02 real, 339 MB
[runlim] sample:		831.05 time, 410.02 real, 339 MB
[runlim] sample:		851.33 time, 420.02 real, 338 MB
[runlim] sample:		871.60 time, 430.02 real, 335 MB
[runlim] sample:		891.86 time, 440.02 real, 344 MB
[runlim] sample:		912.13 time, 450.02 real, 344 MB
[runlim] sample:		932.41 time, 460.02 real, 344 MB
[runlim] sample:		952.68 time, 470.02 real, 344 MB
[runlim] sample:		972.95 time, 480.02 real, 350 MB
[runlim] sample:		993.23 time, 490.02 real, 350 MB
[runlim] sample:		1013.48 time, 500.02 real, 357 MB
[runlim] sample:		1033.77 time, 510.02 real, 360 MB
[runlim] sample:		1054.04 time, 520.02 real, 360 MB
[runlim] sample:		1074.31 time, 530.02 real, 360 MB
[runlim] sample:		1094.58 time, 540.02 real, 330 MB
[runlim] sample:		1114.86 time, 550.02 real, 337 MB
[runlim] sample:		1135.13 time, 560.02 real, 337 MB
[runlim] sample:		1155.40 time, 570.02 real, 337 MB
[runlim] sample:		1175.67 time, 580.02 real, 341 MB
[runlim] sample:		1195.95 time, 590.02 real, 342 MB
[runlim] sample:		1216.22 time, 600.02 real, 342 MB
[runlim] sample:		1236.49 time, 610.02 real, 342 MB
[runlim] sample:		1256.76 time, 620.02 real, 342 MB
[runlim] sample:		1277.02 time, 630.02 real, 343 MB
[runlim] sample:		1297.30 time, 640.02 real, 344 MB
[runlim] sample:		1317.57 time, 650.02 real, 346 MB
[runlim] sample:		1337.85 time, 660.02 real, 348 MB
[runlim] sample:		1358.12 time, 670.02 real, 357 MB
[runlim] sample:		1378.39 time, 680.02 real, 360 MB
[runlim] sample:		1398.66 time, 690.02 real, 362 MB
[runlim] sample:		1418.94 time, 700.02 real, 364 MB
[runlim] sample:		1439.21 time, 710.02 real, 367 MB
[runlim] sample:		1459.47 time, 720.02 real, 370 MB
[runlim] sample:		1479.74 time, 730.02 real, 371 MB
[runlim] sample:		1500.02 time, 740.02 real, 382 MB
[runlim] sample:		1520.29 time, 750.02 real, 384 MB
[runlim] sample:		1540.57 time, 760.02 real, 386 MB
[runlim] sample:		1560.84 time, 770.02 real, 387 MB
[runlim] sample:		1581.10 time, 780.02 real, 388 MB
[runlim] sample:		1601.37 time, 790.02 real, 390 MB
[runlim] sample:		1621.65 time, 800.02 real, 393 MB
[runlim] sample:		1641.93 time, 810.02 real, 396 MB
[runlim] sample:		1662.20 time, 820.02 real, 409 MB
[runlim] sample:		1682.47 time, 830.02 real, 411 MB
[runlim] sample:		1702.74 time, 840.02 real, 414 MB
[runlim] sample:		1723.02 time, 850.02 real, 415 MB
[runlim] sample:		1743.29 time, 860.02 real, 417 MB
[runlim] sample:		1763.56 time, 870.02 real, 418 MB
[runlim] sample:		1783.84 time, 880.02 real, 420 MB
[runlim] sample:		1804.10 time, 890.02 real, 420 MB
[runlim] sample:		1824.38 time, 900.02 real, 420 MB
[runlim] sample:		1844.65 time, 910.02 real, 420 MB
[runlim] sample:		1864.92 time, 920.02 real, 420 MB
[runlim] sample:		1885.19 time, 930.02 real, 420 MB
[runlim] sample:		1905.46 time, 940.02 real, 420 MB
[runlim] sample:		1925.74 time, 950.02 real, 420 MB
[runlim] sample:		1946.01 time, 960.02 real, 420 MB
[runlim] sample:		1966.28 time, 970.02 real, 421 MB
[runlim] sample:		1986.55 time, 980.02 real, 387 MB
[runlim] sample:		2006.82 time, 990.02 real, 407 MB
[runlim] sample:		2027.10 time, 1000.02 real, 407 MB
[runlim] sample:		2047.38 time, 1010.02 real, 409 MB
[runlim] sample:		2067.65 time, 1020.02 real, 409 MB
[runlim] sample:		2087.91 time, 1030.02 real, 409 MB
[runlim] sample:		2108.18 time, 1040.02 real, 409 MB
[runlim] sample:		2128.45 time, 1050.02 real, 420 MB
[runlim] sample:		2148.73 time, 1060.02 real, 412 MB
[runlim] sample:		2169.00 time, 1070.02 real, 412 MB
[runlim] sample:		2189.27 time, 1080.02 real, 415 MB
[runlim] sample:		2209.54 time, 1090.02 real, 427 MB
[runlim] sample:		2229.82 time, 1100.02 real, 446 MB
[runlim] sample:		2250.10 time, 1110.02 real, 427 MB
[runlim] sample:		2270.36 time, 1120.02 real, 438 MB
[runlim] sample:		2290.63 time, 1130.02 real, 438 MB
[runlim] sample:		2310.91 time, 1140.02 real, 440 MB
[runlim] sample:		2331.18 time, 1150.02 real, 440 MB
[runlim] sample:		2351.44 time, 1160.02 real, 440 MB
[runlim] sample:		2371.72 time, 1170.02 real, 440 MB
[runlim] sample:		2391.99 time, 1180.02 real, 440 MB
[runlim] sample:		2412.26 time, 1190.02 real, 440 MB
[runlim] sample:		2432.54 time, 1200.02 real, 440 MB
[runlim] sample:		2452.81 time, 1210.02 real, 440 MB
[runlim] sample:		2473.07 time, 1220.02 real, 440 MB
[runlim] sample:		2493.34 time, 1230.02 real, 440 MB
[runlim] sample:		2513.61 time, 1240.02 real, 441 MB
[runlim] sample:		2533.89 time, 1250.02 real, 441 MB
[runlim] sample:		2554.16 time, 1260.02 real, 441 MB
[runlim] sample:		2574.43 time, 1270.02 real, 441 MB
[runlim] sample:		2594.70 time, 1280.02 real, 535 MB
[runlim] sample:		2614.97 time, 1290.02 real, 615 MB
[runlim] sample:		2635.24 time, 1300.02 real, 670 MB
[runlim] sample:		2655.52 time, 1310.01 real, 670 MB
[runlim] sample:		2675.79 time, 1320.02 real, 699 MB
[runlim] sample:		2696.06 time, 1330.02 real, 732 MB
[runlim] sample:		2716.33 time, 1340.02 real, 841 MB
[runlim] sample:		2736.60 time, 1350.02 real, 881 MB
[runlim] sample:		2756.87 time, 1360.02 real, 924 MB
[runlim] sample:		2777.14 time, 1370.01 real, 943 MB
[runlim] sample:		2797.41 time, 1380.02 real, 970 MB
[runlim] sample:		2817.68 time, 1390.02 real, 1064 MB
[runlim] sample:		2837.96 time, 1400.02 real, 1179 MB
[runlim] sample:		2858.22 time, 1410.02 real, 1236 MB
[runlim] sample:		2878.49 time, 1420.02 real, 1274 MB
[runlim] sample:		2898.76 time, 1430.02 real, 1299 MB
[runlim] sample:		2919.04 time, 1440.02 real, 1316 MB
[runlim] sample:		2939.31 time, 1450.02 real, 1352 MB
[runlim] sample:		2959.57 time, 1460.02 real, 1374 MB
[runlim] sample:		2979.84 time, 1470.02 real, 1400 MB
[runlim] sample:		3000.12 time, 1480.02 real, 1447 MB
[runlim] sample:		3020.38 time, 1490.02 real, 1483 MB
[runlim] sample:		3040.68 time, 1500.02 real, 1508 MB
[runlim] sample:		3060.95 time, 1510.02 real, 1689 MB
[runlim] sample:		3081.21 time, 1520.02 real, 1673 MB
[runlim] sample:		3101.50 time, 1530.02 real, 1651 MB
[runlim] sample:		3121.76 time, 1540.02 real, 1769 MB
[runlim] sample:		3142.03 time, 1550.02 real, 2032 MB
[runlim] sample:		3162.31 time, 1560.02 real, 1882 MB
[runlim] sample:		3182.58 time, 1570.02 real, 2037 MB
[runlim] sample:		3202.87 time, 1580.02 real, 1925 MB
[runlim] sample:		3223.14 time, 1590.02 real, 1971 MB
[runlim] sample:		3243.41 time, 1600.02 real, 1994 MB
[runlim] sample:		3263.69 time, 1610.02 real, 2020 MB
[runlim] sample:		3283.96 time, 1620.02 real, 2023 MB
[runlim] sample:		3304.24 time, 1630.02 real, 2227 MB
[runlim] sample:		3324.51 time, 1640.02 real, 2080 MB
[runlim] sample:		3344.78 time, 1650.02 real, 2106 MB
[runlim] sample:		3365.06 time, 1660.02 real, 2136 MB
[runlim] sample:		3385.33 time, 1670.02 real, 2176 MB
[runlim] sample:		3405.60 time, 1680.02 real, 2227 MB
[runlim] sample:		3425.87 time, 1690.02 real, 2233 MB
[runlim] sample:		3446.15 time, 1700.02 real, 2264 MB
[runlim] sample:		3466.42 time, 1710.02 real, 2311 MB
[runlim] sample:		3486.68 time, 1720.02 real, 2350 MB
[runlim] sample:		3506.95 time, 1730.02 real, 2586 MB
[runlim] sample:		3527.23 time, 1740.02 real, 2425 MB
[runlim] sample:		3547.51 time, 1750.02 real, 2449 MB
[runlim] sample:		3567.78 time, 1760.02 real, 2479 MB
[runlim] sample:		3588.05 time, 1770.02 real, 2518 MB
[runlim] sample:		3608.31 time, 1780.02 real, 2550 MB
[runlim] sample:		3628.59 time, 1790.02 real, 2710 MB
[runlim] sample:		3648.86 time, 1800.02 real, 2795 MB
[runlim] sample:		3669.14 time, 1810.02 real, 2945 MB
[runlim] sample:		3689.42 time, 1820.02 real, 2814 MB
[runlim] sample:		3709.68 time, 1830.02 real, 3131 MB
[runlim] sample:		3729.96 time, 1840.02 real, 3633 MB
[runlim] sample:		3750.24 time, 1850.02 real, 4080 MB
[runlim] sample:		3770.51 time, 1860.02 real, 4810 MB
[runlim] sample:		3790.78 time, 1870.02 real, 5269 MB
[runlim] sample:		3811.05 time, 1880.02 real, 5681 MB
[runlim] sample:		3831.32 time, 1890.02 real, 6212 MB
[runlim] sample:		3851.62 time, 1900.02 real, 6660 MB
[runlim] sample:		3871.88 time, 1910.02 real, 7477 MB
[runlim] sample:		3892.15 time, 1920.02 real, 8234 MB
[runlim] sample:		3912.42 time, 1930.02 real, 8941 MB
[runlim] sample:		3932.69 time, 1940.02 real, 9683 MB
[runlim] sample:		3952.97 time, 1950.02 real, 10731 MB
[runlim] sample:		3973.25 time, 1960.02 real, 11521 MB
[runlim] sample:		3993.52 time, 1970.02 real, 12206 MB
[runlim] sample:		4013.79 time, 1980.01 real, 12207 MB
[runlim] sample:		4034.06 time, 1990.02 real, 12213 MB
[runlim] sample:		4054.33 time, 2000.01 real, 12213 MB
[runlim] sample:		4074.61 time, 2010.02 real, 12237 MB
[runlim] sample:		4094.88 time, 2020.01 real, 12244 MB
[runlim] sample:		4115.15 time, 2030.02 real, 12244 MB
[runlim] sample:		4135.42 time, 2040.01 real, 12245 MB
[runlim] sample:		4155.70 time, 2050.02 real, 12246 MB
[runlim] sample:		4175.97 time, 2060.01 real, 12246 MB
[runlim] sample:		4196.24 time, 2070.01 real, 12246 MB
[runlim] sample:		4216.51 time, 2080.01 real, 12248 MB
[runlim] sample:		4236.79 time, 2090.01 real, 12249 MB
[runlim] sample:		4257.07 time, 2100.01 real, 12249 MB
[runlim] sample:		4277.34 time, 2110.02 real, 12251 MB
[runlim] sample:		4297.61 time, 2120.01 real, 12252 MB
[runlim] sample:		4317.88 time, 2130.02 real, 12252 MB
[runlim] sample:		4338.15 time, 2140.01 real, 12253 MB
[runlim] sample:		4358.43 time, 2150.01 real, 12254 MB
[runlim] sample:		4378.70 time, 2160.02 real, 12256 MB
[runlim] sample:		4398.97 time, 2170.02 real, 12256 MB
[runlim] sample:		4419.25 time, 2180.02 real, 12257 MB
[runlim] sample:		4439.52 time, 2190.02 real, 12257 MB
[runlim] sample:		4459.79 time, 2200.01 real, 12259 MB
[runlim] sample:		4480.06 time, 2210.01 real, 12259 MB
[runlim] sample:		4500.33 time, 2220.02 real, 12260 MB
[runlim] sample:		4520.61 time, 2230.02 real, 12260 MB
[runlim] sample:		4540.89 time, 2240.02 real, 12261 MB
[runlim] sample:		4561.16 time, 2250.02 real, 12262 MB
[runlim] sample:		4581.43 time, 2260.02 real, 12264 MB
[runlim] sample:		4601.70 time, 2270.02 real, 12222 MB
[runlim] sample:		4621.98 time, 2280.02 real, 12222 MB
[runlim] sample:		4642.25 time, 2290.02 real, 12227 MB
[runlim] sample:		4662.52 time, 2300.02 real, 12249 MB
[runlim] sample:		4682.79 time, 2310.02 real, 12250 MB
[runlim] sample:		4703.06 time, 2320.02 real, 12250 MB
[runlim] sample:		4723.34 time, 2330.01 real, 12269 MB
[runlim] sample:		4743.61 time, 2340.02 real, 12273 MB
[runlim] sample:		4763.88 time, 2350.02 real, 12274 MB
[runlim] sample:		4784.15 time, 2360.02 real, 12274 MB
[runlim] sample:		4804.43 time, 2370.02 real, 12275 MB
[runlim] sample:		4824.70 time, 2380.01 real, 12276 MB
[runlim] sample:		4844.97 time, 2390.02 real, 12288 MB
[runlim] sample:		4865.26 time, 2400.02 real, 12290 MB
[runlim] sample:		4885.53 time, 2410.01 real, 12294 MB
[runlim] sample:		4905.80 time, 2420.02 real, 12294 MB
[runlim] sample:		4926.07 time, 2430.02 real, 12296 MB
[runlim] sample:		4946.34 time, 2440.02 real, 12296 MB
[runlim] sample:		4966.62 time, 2450.02 real, 12299 MB
[runlim] sample:		4986.89 time, 2460.02 real, 12305 MB
[runlim] sample:		5007.16 time, 2470.02 real, 12305 MB
[runlim] sample:		5027.43 time, 2480.01 real, 12307 MB
[runlim] sample:		5047.70 time, 2490.02 real, 12308 MB
[runlim] sample:		5067.98 time, 2500.02 real, 12309 MB
[runlim] sample:		5088.26 time, 2510.02 real, 12310 MB
[runlim] sample:		5108.52 time, 2520.01 real, 12310 MB
[runlim] sample:		5128.80 time, 2530.02 real, 12311 MB
[runlim] sample:		5149.06 time, 2540.01 real, 12312 MB
[runlim] sample:		5169.34 time, 2550.02 real, 12313 MB
[runlim] sample:		5189.61 time, 2560.02 real, 12313 MB
[runlim] sample:		5209.88 time, 2570.02 real, 12313 MB
[runlim] sample:		5230.15 time, 2580.02 real, 12315 MB
[runlim] sample:		5250.43 time, 2590.02 real, 12316 MB
[runlim] sample:		5270.71 time, 2600.02 real, 12316 MB
[runlim] sample:		5290.97 time, 2610.02 real, 12316 MB
[runlim] sample:		5311.24 time, 2620.02 real, 12317 MB
[runlim] sample:		5331.52 time, 2630.02 real, 12318 MB
[runlim] sample:		5351.80 time, 2640.02 real, 12319 MB
[runlim] sample:		5372.07 time, 2650.02 real, 12319 MB
[runlim] sample:		5392.33 time, 2660.01 real, 12321 MB
[runlim] sample:		5412.61 time, 2670.02 real, 12331 MB
[runlim] sample:		5432.88 time, 2680.02 real, 12332 MB
[runlim] sample:		5453.17 time, 2690.01 real, 12333 MB
[runlim] sample:		5473.43 time, 2700.02 real, 12333 MB
[runlim] sample:		5493.70 time, 2710.02 real, 12334 MB
[runlim] sample:		5513.98 time, 2720.02 real, 12335 MB
[runlim] sample:		5534.24 time, 2730.02 real, 12343 MB
[runlim] sample:		5554.52 time, 2740.02 real, 12343 MB
[runlim] sample:		5574.79 time, 2750.02 real, 12372 MB
[runlim] sample:		5595.05 time, 2760.02 real, 12373 MB
[runlim] sample:		5615.33 time, 2770.02 real, 12374 MB
[runlim] sample:		5635.59 time, 2780.02 real, 12299 MB
[runlim] sample:		5655.86 time, 2790.02 real, 12300 MB
[runlim] sample:		5676.14 time, 2800.02 real, 12316 MB
[runlim] sample:		5696.41 time, 2810.02 real, 12316 MB
[runlim] sample:		5716.69 time, 2820.02 real, 12316 MB
[runlim] sample:		5736.95 time, 2830.02 real, 12321 MB
[runlim] sample:		5757.22 time, 2840.02 real, 12321 MB
[runlim] sample:		5777.45 time, 2850.02 real, 12321 MB
[runlim] sample:		5797.72 time, 2860.02 real, 12323 MB
[runlim] sample:		5817.99 time, 2870.01 real, 12323 MB
[runlim] sample:		5838.26 time, 2880.02 real, 12324 MB
[runlim] sample:		5858.53 time, 2890.02 real, 12324 MB
[runlim] sample:		5878.81 time, 2900.02 real, 12326 MB
[runlim] sample:		5899.08 time, 2910.02 real, 12326 MB
[runlim] sample:		5919.35 time, 2920.02 real, 12328 MB
[runlim] sample:		5939.61 time, 2930.01 real, 12329 MB
[runlim] sample:		5959.88 time, 2940.01 real, 12330 MB
[runlim] sample:		5980.16 time, 2950.02 real, 12330 MB
[runlim] sample:		6000.44 time, 2960.02 real, 12330 MB
[runlim] sample:		6020.71 time, 2970.01 real, 12337 MB
[runlim] sample:		6040.99 time, 2980.01 real, 12338 MB
[runlim] sample:		6061.27 time, 2990.02 real, 12356 MB
[runlim] sample:		6081.54 time, 3000.02 real, 12357 MB
[runlim] sample:		6101.81 time, 3010.02 real, 12358 MB
[runlim] sample:		6122.07 time, 3020.02 real, 12358 MB
[runlim] sample:		6142.34 time, 3030.02 real, 12359 MB
[runlim] sample:		6162.63 time, 3040.01 real, 12359 MB
[runlim] sample:		6182.89 time, 3050.02 real, 12361 MB
[runlim] sample:		6203.17 time, 3060.02 real, 12361 MB
[runlim] sample:		6223.44 time, 3070.02 real, 12361 MB
[runlim] sample:		6243.72 time, 3080.02 real, 12387 MB
[runlim] sample:		6263.98 time, 3090.01 real, 12389 MB
[runlim] sample:		6284.26 time, 3100.02 real, 12390 MB
[runlim] sample:		6304.53 time, 3110.02 real, 12390 MB
[runlim] sample:		6324.80 time, 3120.02 real, 12391 MB
[runlim] sample:		6345.08 time, 3130.01 real, 12391 MB
[runlim] sample:		6365.35 time, 3140.02 real, 12392 MB
[runlim] sample:		6385.62 time, 3150.02 real, 12393 MB
[runlim] sample:		6405.90 time, 3160.02 real, 12393 MB
[runlim] sample:		6426.17 time, 3170.02 real, 12393 MB
[runlim] sample:		6446.44 time, 3180.02 real, 12395 MB
[runlim] sample:		6466.71 time, 3190.02 real, 12395 MB
[runlim] sample:		6486.99 time, 3200.02 real, 12396 MB
[runlim] sample:		6507.25 time, 3210.02 real, 12396 MB
[runlim] sample:		6527.53 time, 3220.02 real, 12398 MB
[runlim] sample:		6547.81 time, 3230.01 real, 12332 MB
[runlim] sample:		6568.08 time, 3240.02 real, 12332 MB
[runlim] sample:		6588.36 time, 3250.02 real, 12359 MB
[runlim] sample:		6608.62 time, 3260.02 real, 12361 MB
[runlim] sample:		6628.89 time, 3270.02 real, 12361 MB
[runlim] sample:		6649.17 time, 3280.02 real, 12361 MB
[runlim] sample:		6669.44 time, 3290.02 real, 12363 MB
[runlim] sample:		6689.71 time, 3300.02 real, 12383 MB
[runlim] sample:		6709.99 time, 3310.02 real, 12383 MB
[runlim] sample:		6730.26 time, 3320.02 real, 12385 MB
[runlim] sample:		6750.53 time, 3330.02 real, 12385 MB
[runlim] sample:		6770.80 time, 3340.02 real, 12385 MB
[runlim] sample:		6791.08 time, 3350.02 real, 12416 MB
[runlim] sample:		6811.34 time, 3360.02 real, 12417 MB
[runlim] sample:		6831.63 time, 3370.02 real, 12365 MB
[runlim] sample:		6851.90 time, 3380.02 real, 12365 MB
[runlim] sample:		6872.16 time, 3390.02 real, 12382 MB
[runlim] sample:		6892.44 time, 3400.02 real, 12382 MB
[runlim] sample:		6912.71 time, 3410.02 real, 12408 MB
[runlim] sample:		6932.99 time, 3420.02 real, 12410 MB
[runlim] sample:		6953.26 time, 3430.02 real, 12410 MB
[runlim] sample:		6973.54 time, 3440.01 real, 12440 MB
[runlim] sample:		6993.81 time, 3450.02 real, 12441 MB
[runlim] sample:		7014.08 time, 3460.01 real, 12442 MB
[runlim] sample:		7034.35 time, 3470.01 real, 12443 MB
[runlim] sample:		7054.63 time, 3480.02 real, 12443 MB
[runlim] sample:		7074.90 time, 3490.02 real, 12444 MB
[runlim] sample:		7095.16 time, 3500.02 real, 12382 MB
[runlim] sample:		7115.43 time, 3510.02 real, 12383 MB
[runlim] sample:		7135.72 time, 3520.02 real, 12383 MB
[runlim] sample:		7156.00 time, 3530.02 real, 12404 MB
[runlim] sample:		7176.26 time, 3540.02 real, 12404 MB
[runlim] sample:		7196.54 time, 3550.02 real, 12404 MB
[runlim] sample:		7216.81 time, 3560.02 real, 12405 MB
[runlim] sample:		7237.09 time, 3570.02 real, 12406 MB
[runlim] sample:		7257.36 time, 3580.02 real, 12407 MB
[runlim] sample:		7277.64 time, 3590.02 real, 12407 MB
[runlim] sample:		7297.91 time, 3600.02 real, 12409 MB
[runlim] end:			Wed Oct 16 15:11:42 2019
[runlim] status:		out of time
[runlim] result:		2
[runlim] children:		4
[runlim] real:			3600.11 seconds
[runlim] time:			7297.91 seconds
[runlim] space:			12445 MB
[runlim] samples:		36000
