[runlim] version:		1.17
[runlim] host:			c3n09
[runlim] time limit:		311040000 seconds
[runlim] real time limit:	3600 seconds
[runlim] space limit:		120000 MB
[runlim] argv[0]:		./run-cosa2.sh
[runlim] argv[1]:		/tmp/FQBKK1ty.btor2
[runlim] start:			Wed Oct 16 14:48:40 2019
[runlim] child:			12761
[runlim] sample:		20.17 time, 10.01 real, 90 MB
[runlim] sample:		40.43 time, 20.02 real, 116 MB
[runlim] sample:		60.70 time, 30.01 real, 121 MB
[runlim] sample:		80.97 time, 40.02 real, 140 MB
[runlim] sample:		101.24 time, 50.02 real, 150 MB
[runlim] sample:		121.53 time, 60.02 real, 151 MB
[runlim] sample:		141.81 time, 70.01 real, 154 MB
[runlim] sample:		162.07 time, 80.02 real, 154 MB
[runlim] sample:		182.35 time, 90.02 real, 161 MB
[runlim] sample:		202.61 time, 100.02 real, 174 MB
[runlim] sample:		222.88 time, 110.02 real, 191 MB
[runlim] sample:		243.14 time, 120.02 real, 200 MB
[runlim] sample:		263.41 time, 130.02 real, 201 MB
[runlim] sample:		283.69 time, 140.02 real, 202 MB
[runlim] sample:		303.97 time, 150.01 real, 207 MB
[runlim] sample:		324.25 time, 160.01 real, 208 MB
[runlim] sample:		344.52 time, 170.01 real, 214 MB
[runlim] sample:		364.81 time, 180.02 real, 214 MB
[runlim] sample:		385.08 time, 190.01 real, 214 MB
[runlim] sample:		405.37 time, 200.01 real, 214 MB
[runlim] sample:		425.64 time, 210.02 real, 215 MB
[runlim] sample:		445.92 time, 220.02 real, 236 MB
[runlim] sample:		466.20 time, 230.02 real, 267 MB
[runlim] sample:		486.49 time, 240.02 real, 271 MB
[runlim] sample:		506.77 time, 250.02 real, 271 MB
[runlim] sample:		527.04 time, 260.02 real, 272 MB
[runlim] sample:		547.32 time, 270.02 real, 272 MB
[runlim] sample:		567.60 time, 280.02 real, 272 MB
[runlim] sample:		587.89 time, 290.02 real, 272 MB
[runlim] sample:		608.17 time, 300.02 real, 273 MB
[runlim] sample:		628.45 time, 310.02 real, 281 MB
[runlim] sample:		648.73 time, 320.02 real, 294 MB
[runlim] sample:		669.01 time, 330.02 real, 306 MB
[runlim] sample:		689.28 time, 340.02 real, 318 MB
[runlim] sample:		709.57 time, 350.02 real, 327 MB
[runlim] sample:		729.84 time, 360.02 real, 338 MB
[runlim] sample:		750.12 time, 370.02 real, 349 MB
[runlim] sample:		770.40 time, 380.02 real, 362 MB
[runlim] sample:		790.68 time, 390.02 real, 370 MB
[runlim] sample:		810.96 time, 400.02 real, 370 MB
[runlim] sample:		831.23 time, 410.02 real, 382 MB
[runlim] sample:		851.51 time, 420.02 real, 382 MB
[runlim] sample:		871.79 time, 430.02 real, 370 MB
[runlim] sample:		892.08 time, 440.02 real, 382 MB
[runlim] sample:		912.35 time, 450.02 real, 370 MB
[runlim] sample:		932.63 time, 460.02 real, 380 MB
[runlim] sample:		952.91 time, 470.02 real, 381 MB
[runlim] sample:		973.19 time, 480.02 real, 381 MB
[runlim] sample:		993.47 time, 490.02 real, 381 MB
[runlim] sample:		1013.74 time, 500.02 real, 390 MB
[runlim] sample:		1034.03 time, 510.02 real, 390 MB
[runlim] sample:		1054.31 time, 520.02 real, 390 MB
[runlim] sample:		1074.58 time, 530.02 real, 370 MB
[runlim] sample:		1094.87 time, 540.02 real, 372 MB
[runlim] sample:		1115.14 time, 550.02 real, 370 MB
[runlim] sample:		1135.41 time, 560.02 real, 370 MB
[runlim] sample:		1155.68 time, 570.02 real, 386 MB
[runlim] sample:		1175.96 time, 580.02 real, 370 MB
[runlim] sample:		1196.23 time, 590.02 real, 370 MB
[runlim] sample:		1216.48 time, 600.02 real, 382 MB
[runlim] sample:		1236.76 time, 610.02 real, 382 MB
[runlim] sample:		1257.04 time, 620.02 real, 383 MB
[runlim] sample:		1277.32 time, 630.02 real, 383 MB
[runlim] sample:		1297.59 time, 640.02 real, 398 MB
[runlim] sample:		1317.88 time, 650.02 real, 398 MB
[runlim] sample:		1338.15 time, 660.02 real, 398 MB
[runlim] sample:		1358.44 time, 670.02 real, 398 MB
[runlim] sample:		1378.71 time, 680.02 real, 399 MB
[runlim] sample:		1399.00 time, 690.02 real, 399 MB
[runlim] sample:		1419.27 time, 700.02 real, 399 MB
[runlim] sample:		1439.55 time, 710.02 real, 399 MB
[runlim] sample:		1459.85 time, 720.02 real, 374 MB
[runlim] sample:		1480.13 time, 730.02 real, 374 MB
[runlim] sample:		1500.40 time, 740.02 real, 373 MB
[runlim] sample:		1520.68 time, 750.02 real, 373 MB
[runlim] sample:		1540.96 time, 760.02 real, 368 MB
[runlim] sample:		1561.25 time, 770.02 real, 383 MB
[runlim] sample:		1581.53 time, 780.02 real, 401 MB
[runlim] sample:		1601.81 time, 790.02 real, 401 MB
[runlim] sample:		1622.08 time, 800.02 real, 383 MB
[runlim] sample:		1642.36 time, 810.02 real, 387 MB
[runlim] sample:		1662.64 time, 820.02 real, 369 MB
[runlim] sample:		1682.92 time, 830.02 real, 376 MB
[runlim] sample:		1703.21 time, 840.02 real, 374 MB
[runlim] sample:		1723.49 time, 850.02 real, 374 MB
[runlim] sample:		1743.77 time, 860.02 real, 387 MB
[runlim] sample:		1764.05 time, 870.02 real, 387 MB
[runlim] sample:		1784.32 time, 880.02 real, 387 MB
[runlim] sample:		1804.60 time, 890.02 real, 387 MB
[runlim] sample:		1824.87 time, 900.02 real, 398 MB
[runlim] sample:		1845.15 time, 910.02 real, 398 MB
[runlim] sample:		1865.43 time, 920.02 real, 398 MB
[runlim] sample:		1885.68 time, 930.02 real, 399 MB
[runlim] sample:		1905.96 time, 940.02 real, 399 MB
[runlim] sample:		1926.24 time, 950.02 real, 399 MB
[runlim] sample:		1946.51 time, 960.02 real, 399 MB
[runlim] sample:		1966.79 time, 970.02 real, 399 MB
[runlim] sample:		1987.07 time, 980.02 real, 399 MB
[runlim] sample:		2007.35 time, 990.02 real, 401 MB
[runlim] sample:		2027.63 time, 1000.02 real, 401 MB
[runlim] sample:		2047.86 time, 1010.02 real, 401 MB
[runlim] sample:		2068.14 time, 1020.02 real, 401 MB
[runlim] sample:		2088.42 time, 1030.02 real, 401 MB
[runlim] sample:		2108.70 time, 1040.02 real, 401 MB
[runlim] sample:		2128.95 time, 1050.02 real, 401 MB
[runlim] sample:		2149.23 time, 1060.02 real, 401 MB
[runlim] sample:		2169.51 time, 1070.02 real, 401 MB
[runlim] sample:		2189.79 time, 1080.02 real, 401 MB
[runlim] sample:		2210.06 time, 1090.02 real, 401 MB
[runlim] sample:		2230.33 time, 1100.02 real, 402 MB
[runlim] sample:		2250.60 time, 1110.02 real, 402 MB
[runlim] sample:		2270.87 time, 1120.02 real, 402 MB
[runlim] sample:		2291.14 time, 1130.02 real, 402 MB
[runlim] sample:		2311.41 time, 1140.02 real, 403 MB
[runlim] sample:		2331.69 time, 1150.02 real, 403 MB
[runlim] sample:		2351.96 time, 1160.02 real, 403 MB
[runlim] sample:		2372.22 time, 1170.02 real, 404 MB
[runlim] sample:		2392.51 time, 1180.02 real, 404 MB
[runlim] sample:		2412.80 time, 1190.02 real, 404 MB
[runlim] sample:		2433.07 time, 1200.02 real, 410 MB
[runlim] sample:		2453.34 time, 1210.02 real, 416 MB
[runlim] sample:		2473.62 time, 1220.02 real, 419 MB
[runlim] sample:		2493.91 time, 1230.02 real, 424 MB
[runlim] sample:		2514.19 time, 1240.02 real, 424 MB
[runlim] sample:		2534.47 time, 1250.02 real, 425 MB
[runlim] sample:		2554.75 time, 1260.02 real, 425 MB
[runlim] sample:		2575.03 time, 1270.02 real, 425 MB
[runlim] sample:		2595.31 time, 1280.02 real, 425 MB
[runlim] sample:		2615.59 time, 1290.02 real, 426 MB
[runlim] sample:		2635.87 time, 1300.02 real, 426 MB
[runlim] sample:		2656.15 time, 1310.02 real, 426 MB
[runlim] sample:		2676.42 time, 1320.02 real, 427 MB
[runlim] sample:		2696.70 time, 1330.02 real, 427 MB
[runlim] sample:		2716.98 time, 1340.02 real, 428 MB
[runlim] sample:		2737.25 time, 1350.02 real, 429 MB
[runlim] sample:		2757.53 time, 1360.02 real, 429 MB
[runlim] sample:		2777.81 time, 1370.02 real, 430 MB
[runlim] sample:		2798.09 time, 1380.02 real, 430 MB
[runlim] sample:		2818.35 time, 1390.02 real, 430 MB
[runlim] sample:		2838.63 time, 1400.02 real, 430 MB
[runlim] sample:		2858.92 time, 1410.02 real, 431 MB
[runlim] sample:		2879.19 time, 1420.02 real, 433 MB
[runlim] sample:		2899.47 time, 1430.02 real, 434 MB
[runlim] sample:		2919.76 time, 1440.02 real, 434 MB
[runlim] sample:		2940.04 time, 1450.02 real, 434 MB
[runlim] sample:		2960.31 time, 1460.02 real, 434 MB
[runlim] sample:		2980.59 time, 1470.02 real, 436 MB
[runlim] sample:		3000.88 time, 1480.02 real, 439 MB
[runlim] sample:		3021.17 time, 1490.02 real, 439 MB
[runlim] sample:		3041.44 time, 1500.02 real, 439 MB
[runlim] sample:		3061.69 time, 1510.02 real, 439 MB
[runlim] sample:		3081.96 time, 1520.02 real, 439 MB
[runlim] sample:		3102.25 time, 1530.02 real, 439 MB
[runlim] sample:		3122.52 time, 1540.02 real, 439 MB
[runlim] sample:		3142.80 time, 1550.02 real, 439 MB
[runlim] sample:		3163.09 time, 1560.02 real, 439 MB
[runlim] sample:		3183.35 time, 1570.02 real, 440 MB
[runlim] sample:		3203.62 time, 1580.02 real, 440 MB
[runlim] sample:		3223.90 time, 1590.02 real, 448 MB
[runlim] sample:		3244.17 time, 1600.02 real, 448 MB
[runlim] sample:		3264.44 time, 1610.02 real, 450 MB
[runlim] sample:		3284.71 time, 1620.02 real, 450 MB
[runlim] sample:		3304.99 time, 1630.02 real, 450 MB
[runlim] sample:		3325.25 time, 1640.02 real, 450 MB
[runlim] sample:		3345.52 time, 1650.02 real, 451 MB
[runlim] sample:		3365.80 time, 1660.02 real, 451 MB
[runlim] sample:		3386.07 time, 1670.02 real, 451 MB
[runlim] sample:		3406.34 time, 1680.02 real, 451 MB
[runlim] sample:		3426.61 time, 1690.02 real, 452 MB
[runlim] sample:		3446.88 time, 1700.02 real, 452 MB
[runlim] sample:		3467.15 time, 1710.02 real, 452 MB
[runlim] sample:		3487.42 time, 1720.02 real, 453 MB
[runlim] sample:		3507.68 time, 1730.02 real, 454 MB
[runlim] sample:		3527.95 time, 1740.02 real, 454 MB
[runlim] sample:		3548.22 time, 1750.02 real, 454 MB
[runlim] sample:		3568.49 time, 1760.02 real, 454 MB
[runlim] sample:		3588.76 time, 1770.02 real, 454 MB
[runlim] sample:		3609.03 time, 1780.02 real, 454 MB
[runlim] sample:		3629.31 time, 1790.02 real, 454 MB
[runlim] sample:		3649.59 time, 1800.02 real, 455 MB
[runlim] sample:		3669.88 time, 1810.02 real, 455 MB
[runlim] sample:		3690.16 time, 1820.02 real, 455 MB
[runlim] sample:		3710.44 time, 1830.02 real, 455 MB
[runlim] sample:		3730.72 time, 1840.02 real, 456 MB
[runlim] sample:		3751.00 time, 1850.02 real, 456 MB
[runlim] sample:		3771.29 time, 1860.02 real, 456 MB
[runlim] sample:		3791.56 time, 1870.02 real, 457 MB
[runlim] sample:		3811.85 time, 1880.02 real, 457 MB
[runlim] sample:		3832.13 time, 1890.02 real, 457 MB
[runlim] sample:		3852.41 time, 1900.02 real, 457 MB
[runlim] sample:		3872.69 time, 1910.02 real, 457 MB
[runlim] sample:		3892.96 time, 1920.02 real, 458 MB
[runlim] sample:		3913.25 time, 1930.02 real, 458 MB
[runlim] sample:		3933.52 time, 1940.02 real, 459 MB
[runlim] sample:		3953.81 time, 1950.02 real, 460 MB
[runlim] sample:		3974.08 time, 1960.02 real, 463 MB
[runlim] sample:		3994.36 time, 1970.02 real, 469 MB
[runlim] sample:		4014.65 time, 1980.02 real, 477 MB
[runlim] sample:		4034.92 time, 1990.02 real, 477 MB
[runlim] sample:		4055.20 time, 2000.02 real, 477 MB
[runlim] sample:		4075.48 time, 2010.02 real, 477 MB
[runlim] sample:		4095.76 time, 2020.02 real, 477 MB
[runlim] sample:		4116.03 time, 2030.02 real, 477 MB
[runlim] sample:		4136.32 time, 2040.02 real, 478 MB
[runlim] sample:		4156.59 time, 2050.02 real, 478 MB
[runlim] sample:		4176.87 time, 2060.02 real, 478 MB
[runlim] sample:		4197.14 time, 2070.02 real, 478 MB
[runlim] sample:		4217.43 time, 2080.02 real, 478 MB
[runlim] sample:		4237.70 time, 2090.02 real, 479 MB
[runlim] sample:		4257.97 time, 2100.02 real, 480 MB
[runlim] sample:		4278.25 time, 2110.02 real, 480 MB
[runlim] sample:		4298.53 time, 2120.02 real, 481 MB
[runlim] sample:		4318.82 time, 2130.02 real, 481 MB
[runlim] sample:		4339.10 time, 2140.02 real, 482 MB
[runlim] sample:		4359.36 time, 2150.02 real, 482 MB
[runlim] sample:		4379.64 time, 2160.02 real, 482 MB
[runlim] sample:		4399.92 time, 2170.02 real, 483 MB
[runlim] sample:		4420.20 time, 2180.02 real, 483 MB
[runlim] sample:		4440.48 time, 2190.02 real, 483 MB
[runlim] sample:		4460.76 time, 2200.02 real, 483 MB
[runlim] sample:		4481.04 time, 2210.02 real, 483 MB
[runlim] sample:		4501.32 time, 2220.02 real, 484 MB
[runlim] sample:		4521.59 time, 2230.02 real, 485 MB
[runlim] sample:		4541.87 time, 2240.02 real, 485 MB
[runlim] sample:		4562.15 time, 2250.02 real, 485 MB
[runlim] sample:		4582.43 time, 2260.02 real, 485 MB
[runlim] sample:		4602.72 time, 2270.02 real, 487 MB
[runlim] sample:		4622.99 time, 2280.02 real, 490 MB
[runlim] sample:		4643.26 time, 2290.02 real, 491 MB
[runlim] sample:		4663.53 time, 2300.02 real, 491 MB
[runlim] sample:		4683.81 time, 2310.02 real, 491 MB
[runlim] sample:		4704.08 time, 2320.02 real, 491 MB
[runlim] sample:		4724.34 time, 2330.02 real, 491 MB
[runlim] sample:		4744.62 time, 2340.02 real, 491 MB
[runlim] sample:		4764.89 time, 2350.02 real, 492 MB
[runlim] sample:		4785.17 time, 2360.02 real, 495 MB
[runlim] sample:		4805.44 time, 2370.02 real, 495 MB
[runlim] sample:		4825.72 time, 2380.02 real, 495 MB
[runlim] sample:		4846.00 time, 2390.02 real, 513 MB
[runlim] sample:		4866.29 time, 2400.02 real, 513 MB
[runlim] sample:		4886.56 time, 2410.02 real, 513 MB
[runlim] sample:		4906.84 time, 2420.02 real, 514 MB
[runlim] sample:		4927.11 time, 2430.02 real, 514 MB
[runlim] sample:		4947.40 time, 2440.02 real, 469 MB
[runlim] sample:		4967.68 time, 2450.02 real, 491 MB
[runlim] sample:		4987.96 time, 2460.02 real, 491 MB
[runlim] sample:		5008.23 time, 2470.02 real, 492 MB
[runlim] sample:		5028.51 time, 2480.02 real, 492 MB
[runlim] sample:		5048.78 time, 2490.02 real, 492 MB
[runlim] sample:		5069.06 time, 2500.02 real, 492 MB
[runlim] sample:		5089.33 time, 2510.02 real, 520 MB
[runlim] sample:		5109.61 time, 2520.02 real, 520 MB
[runlim] sample:		5129.89 time, 2530.02 real, 520 MB
[runlim] sample:		5150.16 time, 2540.02 real, 521 MB
[runlim] sample:		5170.43 time, 2550.02 real, 521 MB
[runlim] sample:		5190.72 time, 2560.02 real, 495 MB
[runlim] sample:		5210.99 time, 2570.02 real, 495 MB
[runlim] sample:		5231.27 time, 2580.02 real, 496 MB
[runlim] sample:		5251.56 time, 2590.02 real, 496 MB
[runlim] sample:		5271.83 time, 2600.02 real, 499 MB
[runlim] sample:		5292.11 time, 2610.02 real, 499 MB
[runlim] sample:		5312.39 time, 2620.02 real, 500 MB
[runlim] sample:		5332.68 time, 2630.02 real, 500 MB
[runlim] sample:		5352.96 time, 2640.02 real, 500 MB
[runlim] sample:		5373.24 time, 2650.02 real, 500 MB
[runlim] sample:		5393.52 time, 2660.02 real, 500 MB
[runlim] sample:		5413.80 time, 2670.02 real, 500 MB
[runlim] sample:		5434.07 time, 2680.02 real, 501 MB
[runlim] sample:		5454.36 time, 2690.02 real, 501 MB
[runlim] sample:		5474.63 time, 2700.02 real, 526 MB
[runlim] sample:		5494.91 time, 2710.02 real, 527 MB
[runlim] sample:		5515.19 time, 2720.02 real, 527 MB
[runlim] sample:		5535.47 time, 2730.02 real, 527 MB
[runlim] sample:		5555.75 time, 2740.02 real, 527 MB
[runlim] sample:		5576.02 time, 2750.02 real, 529 MB
[runlim] sample:		5596.31 time, 2760.02 real, 529 MB
[runlim] sample:		5616.59 time, 2770.02 real, 529 MB
[runlim] sample:		5636.87 time, 2780.02 real, 529 MB
[runlim] sample:		5657.12 time, 2790.02 real, 531 MB
[runlim] sample:		5677.41 time, 2800.02 real, 531 MB
[runlim] sample:		5697.69 time, 2810.02 real, 531 MB
[runlim] sample:		5717.97 time, 2820.02 real, 487 MB
[runlim] sample:		5738.25 time, 2830.02 real, 487 MB
[runlim] sample:		5758.53 time, 2840.02 real, 492 MB
[runlim] sample:		5778.81 time, 2850.02 real, 494 MB
[runlim] sample:		5799.09 time, 2860.02 real, 494 MB
[runlim] sample:		5819.38 time, 2870.02 real, 494 MB
[runlim] sample:		5839.65 time, 2880.02 real, 497 MB
[runlim] sample:		5859.93 time, 2890.02 real, 500 MB
[runlim] sample:		5880.21 time, 2900.02 real, 500 MB
[runlim] sample:		5900.49 time, 2910.02 real, 498 MB
[runlim] sample:		5920.76 time, 2920.02 real, 498 MB
[runlim] sample:		5941.02 time, 2930.02 real, 498 MB
[runlim] sample:		5961.30 time, 2940.02 real, 525 MB
[runlim] sample:		5981.57 time, 2950.02 real, 525 MB
[runlim] sample:		6001.85 time, 2960.02 real, 526 MB
[runlim] sample:		6022.12 time, 2970.02 real, 526 MB
[runlim] sample:		6042.40 time, 2980.02 real, 526 MB
[runlim] sample:		6062.70 time, 2990.02 real, 526 MB
[runlim] sample:		6082.97 time, 3000.02 real, 526 MB
[runlim] sample:		6103.25 time, 3010.02 real, 526 MB
[runlim] sample:		6123.53 time, 3020.02 real, 526 MB
[runlim] sample:		6143.81 time, 3030.02 real, 526 MB
[runlim] sample:		6164.07 time, 3040.02 real, 527 MB
[runlim] sample:		6184.35 time, 3050.02 real, 537 MB
[runlim] sample:		6204.63 time, 3060.02 real, 537 MB
[runlim] sample:		6224.91 time, 3070.02 real, 539 MB
[runlim] sample:		6245.19 time, 3080.02 real, 539 MB
[runlim] sample:		6265.46 time, 3090.02 real, 539 MB
[runlim] sample:		6285.74 time, 3100.02 real, 540 MB
[runlim] sample:		6306.02 time, 3110.02 real, 540 MB
[runlim] sample:		6326.30 time, 3120.02 real, 540 MB
[runlim] sample:		6346.58 time, 3130.02 real, 552 MB
[runlim] sample:		6366.86 time, 3140.02 real, 553 MB
[runlim] sample:		6387.14 time, 3150.02 real, 553 MB
[runlim] sample:		6407.44 time, 3160.02 real, 553 MB
[runlim] sample:		6427.72 time, 3170.02 real, 553 MB
[runlim] sample:		6447.99 time, 3180.02 real, 553 MB
[runlim] sample:		6468.28 time, 3190.02 real, 553 MB
[runlim] sample:		6488.55 time, 3200.02 real, 554 MB
[runlim] sample:		6508.83 time, 3210.02 real, 554 MB
[runlim] sample:		6529.11 time, 3220.02 real, 554 MB
[runlim] sample:		6549.39 time, 3230.02 real, 554 MB
[runlim] sample:		6569.67 time, 3240.02 real, 554 MB
[runlim] sample:		6589.95 time, 3250.02 real, 554 MB
[runlim] sample:		6610.23 time, 3260.02 real, 554 MB
[runlim] sample:		6630.51 time, 3270.02 real, 554 MB
[runlim] sample:		6650.78 time, 3280.02 real, 554 MB
[runlim] sample:		6671.07 time, 3290.02 real, 556 MB
[runlim] sample:		6691.35 time, 3300.02 real, 556 MB
[runlim] sample:		6711.64 time, 3310.02 real, 556 MB
[runlim] sample:		6731.91 time, 3320.02 real, 557 MB
[runlim] sample:		6752.19 time, 3330.02 real, 557 MB
[runlim] sample:		6772.46 time, 3340.02 real, 557 MB
[runlim] sample:		6792.74 time, 3350.02 real, 557 MB
[runlim] sample:		6813.01 time, 3360.02 real, 557 MB
[runlim] sample:		6833.28 time, 3370.02 real, 559 MB
[runlim] sample:		6853.56 time, 3380.02 real, 560 MB
[runlim] sample:		6873.83 time, 3390.02 real, 560 MB
[runlim] sample:		6894.12 time, 3400.02 real, 561 MB
[runlim] sample:		6914.39 time, 3410.02 real, 562 MB
[runlim] sample:		6934.68 time, 3420.02 real, 562 MB
[runlim] sample:		6954.95 time, 3430.02 real, 562 MB
[runlim] sample:		6975.23 time, 3440.02 real, 562 MB
[runlim] sample:		6995.50 time, 3450.02 real, 562 MB
[runlim] sample:		7015.78 time, 3460.02 real, 562 MB
[runlim] sample:		7036.07 time, 3470.02 real, 562 MB
[runlim] sample:		7056.34 time, 3480.02 real, 522 MB
[runlim] sample:		7076.62 time, 3490.02 real, 522 MB
[runlim] sample:		7096.88 time, 3500.02 real, 527 MB
[runlim] sample:		7117.19 time, 3510.02 real, 540 MB
[runlim] sample:		7137.46 time, 3520.02 real, 540 MB
[runlim] sample:		7157.75 time, 3530.02 real, 541 MB
[runlim] sample:		7178.03 time, 3540.02 real, 544 MB
[runlim] sample:		7198.31 time, 3550.02 real, 544 MB
[runlim] sample:		7218.58 time, 3560.02 real, 537 MB
[runlim] sample:		7238.85 time, 3570.02 real, 537 MB
[runlim] sample:		7259.11 time, 3580.02 real, 537 MB
[runlim] sample:		7279.39 time, 3590.02 real, 539 MB
[runlim] sample:		7299.65 time, 3600.02 real, 536 MB
[runlim] end:			Wed Oct 16 15:48:40 2019
[runlim] status:		out of time
[runlim] result:		2
[runlim] children:		4
[runlim] real:			3600.10 seconds
[runlim] time:			7299.65 seconds
[runlim] space:			573 MB
[runlim] samples:		36000
