[runlim] version:		1.17
[runlim] host:			c3n06
[runlim] time limit:		311040000 seconds
[runlim] real time limit:	3600 seconds
[runlim] space limit:		120000 MB
[runlim] argv[0]:		./run-cosa2.sh
[runlim] argv[1]:		/tmp/7pEIGjFZ.btor2
[runlim] start:			Wed Oct 16 15:01:10 2019
[runlim] child:			29042
[runlim] sample:		20.15 time, 10.02 real, 338 MB
[runlim] sample:		40.43 time, 20.02 real, 350 MB
[runlim] sample:		60.69 time, 30.02 real, 461 MB
[runlim] sample:		80.97 time, 40.02 real, 466 MB
[runlim] sample:		101.24 time, 50.02 real, 491 MB
[runlim] sample:		121.51 time, 60.02 real, 496 MB
[runlim] sample:		141.81 time, 70.02 real, 512 MB
[runlim] sample:		162.08 time, 80.02 real, 514 MB
[runlim] sample:		182.36 time, 90.02 real, 520 MB
[runlim] sample:		202.63 time, 100.02 real, 536 MB
[runlim] sample:		222.90 time, 110.02 real, 548 MB
[runlim] sample:		243.18 time, 120.02 real, 554 MB
[runlim] sample:		263.46 time, 130.02 real, 555 MB
[runlim] sample:		283.75 time, 140.02 real, 589 MB
[runlim] sample:		304.02 time, 150.02 real, 590 MB
[runlim] sample:		324.28 time, 160.02 real, 590 MB
[runlim] sample:		344.55 time, 170.02 real, 595 MB
[runlim] sample:		364.82 time, 180.02 real, 600 MB
[runlim] sample:		385.09 time, 190.02 real, 600 MB
[runlim] sample:		405.37 time, 200.02 real, 600 MB
[runlim] sample:		425.63 time, 210.02 real, 603 MB
[runlim] sample:		445.91 time, 220.02 real, 603 MB
[runlim] sample:		466.19 time, 230.01 real, 611 MB
[runlim] sample:		486.46 time, 240.02 real, 612 MB
[runlim] sample:		506.74 time, 250.02 real, 609 MB
[runlim] sample:		527.01 time, 260.02 real, 609 MB
[runlim] sample:		547.29 time, 270.02 real, 609 MB
[runlim] sample:		567.56 time, 280.02 real, 609 MB
[runlim] sample:		587.84 time, 290.01 real, 618 MB
[runlim] sample:		608.12 time, 300.02 real, 621 MB
[runlim] sample:		628.40 time, 310.02 real, 621 MB
[runlim] sample:		648.68 time, 320.02 real, 621 MB
[runlim] sample:		668.95 time, 330.02 real, 623 MB
[runlim] sample:		689.23 time, 340.02 real, 625 MB
[runlim] sample:		709.50 time, 350.02 real, 628 MB
[runlim] sample:		729.79 time, 360.02 real, 649 MB
[runlim] sample:		750.06 time, 370.02 real, 655 MB
[runlim] sample:		770.34 time, 380.02 real, 671 MB
[runlim] sample:		790.60 time, 390.02 real, 719 MB
[runlim] sample:		810.87 time, 400.02 real, 719 MB
[runlim] sample:		831.15 time, 410.02 real, 719 MB
[runlim] sample:		851.42 time, 420.02 real, 719 MB
[runlim] sample:		871.71 time, 430.02 real, 722 MB
[runlim] sample:		891.98 time, 440.02 real, 722 MB
[runlim] sample:		912.25 time, 450.02 real, 722 MB
[runlim] sample:		932.53 time, 460.02 real, 728 MB
[runlim] sample:		952.81 time, 470.02 real, 730 MB
[runlim] sample:		973.08 time, 480.02 real, 730 MB
[runlim] sample:		993.37 time, 490.02 real, 730 MB
[runlim] sample:		1013.63 time, 500.02 real, 731 MB
[runlim] sample:		1033.92 time, 510.02 real, 731 MB
[runlim] sample:		1054.18 time, 520.02 real, 731 MB
[runlim] sample:		1074.45 time, 530.02 real, 731 MB
[runlim] sample:		1094.72 time, 540.02 real, 731 MB
[runlim] sample:		1115.00 time, 550.02 real, 731 MB
[runlim] sample:		1135.28 time, 560.02 real, 731 MB
[runlim] sample:		1155.57 time, 570.02 real, 731 MB
[runlim] sample:		1175.83 time, 580.02 real, 733 MB
[runlim] sample:		1196.09 time, 590.02 real, 740 MB
[runlim] sample:		1216.36 time, 600.02 real, 749 MB
[runlim] sample:		1236.65 time, 610.02 real, 753 MB
[runlim] sample:		1256.92 time, 620.02 real, 753 MB
[runlim] sample:		1277.18 time, 630.02 real, 753 MB
[runlim] sample:		1297.46 time, 640.02 real, 757 MB
[runlim] sample:		1317.75 time, 650.02 real, 762 MB
[runlim] sample:		1338.03 time, 660.02 real, 762 MB
[runlim] sample:		1358.30 time, 670.02 real, 762 MB
[runlim] sample:		1378.58 time, 680.02 real, 762 MB
[runlim] sample:		1398.85 time, 690.02 real, 728 MB
[runlim] sample:		1419.13 time, 700.02 real, 812 MB
[runlim] sample:		1439.40 time, 710.02 real, 812 MB
[runlim] sample:		1459.66 time, 720.02 real, 812 MB
[runlim] sample:		1479.95 time, 730.02 real, 829 MB
[runlim] sample:		1500.23 time, 740.02 real, 829 MB
[runlim] sample:		1520.50 time, 750.02 real, 829 MB
[runlim] sample:		1540.76 time, 760.02 real, 829 MB
[runlim] sample:		1561.03 time, 770.02 real, 829 MB
[runlim] sample:		1574.49 time, 780.02 real, 829 MB
[runlim] sample:		1584.76 time, 790.02 real, 829 MB
[runlim] sample:		1595.04 time, 800.02 real, 830 MB
[runlim] sample:		1605.31 time, 810.02 real, 830 MB
[runlim] sample:		1615.59 time, 820.02 real, 830 MB
[runlim] sample:		1625.87 time, 830.02 real, 830 MB
[runlim] sample:		1636.13 time, 840.02 real, 830 MB
[runlim] sample:		1646.41 time, 850.02 real, 830 MB
[runlim] sample:		1656.68 time, 860.02 real, 830 MB
[runlim] sample:		1666.95 time, 870.02 real, 830 MB
[runlim] sample:		1677.24 time, 880.02 real, 830 MB
[runlim] sample:		1687.50 time, 890.02 real, 830 MB
[runlim] sample:		1697.78 time, 900.02 real, 830 MB
[runlim] sample:		1708.06 time, 910.02 real, 830 MB
[runlim] sample:		1718.34 time, 920.02 real, 830 MB
[runlim] sample:		1728.61 time, 930.02 real, 830 MB
[runlim] sample:		1738.89 time, 940.02 real, 830 MB
[runlim] sample:		1749.16 time, 950.02 real, 830 MB
[runlim] sample:		1759.44 time, 960.02 real, 830 MB
[runlim] sample:		1769.71 time, 970.02 real, 830 MB
[runlim] sample:		1780.00 time, 980.02 real, 830 MB
[runlim] sample:		1790.27 time, 990.02 real, 830 MB
[runlim] sample:		1800.54 time, 1000.02 real, 830 MB
[runlim] sample:		1810.82 time, 1010.02 real, 830 MB
[runlim] sample:		1821.10 time, 1020.02 real, 830 MB
[runlim] sample:		1831.37 time, 1030.02 real, 830 MB
[runlim] sample:		1841.65 time, 1040.02 real, 830 MB
[runlim] sample:		1851.92 time, 1050.02 real, 830 MB
[runlim] sample:		1862.20 time, 1060.02 real, 830 MB
[runlim] sample:		1872.47 time, 1070.02 real, 830 MB
[runlim] sample:		1882.75 time, 1080.02 real, 831 MB
[runlim] sample:		1893.01 time, 1090.02 real, 831 MB
[runlim] sample:		1903.29 time, 1100.02 real, 831 MB
[runlim] sample:		1913.56 time, 1110.02 real, 831 MB
[runlim] sample:		1923.84 time, 1120.02 real, 831 MB
[runlim] sample:		1934.12 time, 1130.02 real, 831 MB
[runlim] sample:		1944.40 time, 1140.02 real, 831 MB
[runlim] sample:		1954.68 time, 1150.02 real, 831 MB
[runlim] sample:		1964.95 time, 1160.02 real, 831 MB
[runlim] sample:		1975.23 time, 1170.02 real, 831 MB
[runlim] sample:		1985.51 time, 1180.02 real, 837 MB
[runlim] sample:		1995.78 time, 1190.02 real, 837 MB
[runlim] sample:		2006.04 time, 1200.02 real, 838 MB
[runlim] sample:		2016.33 time, 1210.02 real, 838 MB
[runlim] sample:		2026.61 time, 1220.02 real, 839 MB
[runlim] sample:		2036.88 time, 1230.02 real, 842 MB
[runlim] sample:		2047.14 time, 1240.02 real, 858 MB
[runlim] sample:		2057.42 time, 1250.02 real, 859 MB
[runlim] sample:		2067.69 time, 1260.02 real, 859 MB
[runlim] sample:		2077.97 time, 1270.02 real, 862 MB
[runlim] sample:		2088.24 time, 1280.02 real, 865 MB
[runlim] sample:		2098.51 time, 1290.02 real, 868 MB
[runlim] sample:		2108.78 time, 1300.02 real, 870 MB
[runlim] sample:		2119.05 time, 1310.02 real, 873 MB
[runlim] sample:		2129.32 time, 1320.02 real, 874 MB
[runlim] sample:		2139.60 time, 1330.02 real, 875 MB
[runlim] sample:		2149.88 time, 1340.02 real, 880 MB
[runlim] sample:		2160.15 time, 1350.02 real, 885 MB
[runlim] sample:		2170.42 time, 1360.02 real, 888 MB
[runlim] sample:		2180.70 time, 1370.02 real, 890 MB
[runlim] sample:		2190.99 time, 1380.02 real, 890 MB
[runlim] sample:		2201.25 time, 1390.02 real, 890 MB
[runlim] sample:		2211.53 time, 1400.02 real, 890 MB
[runlim] sample:		2221.81 time, 1410.02 real, 906 MB
[runlim] sample:		2232.10 time, 1420.02 real, 906 MB
[runlim] sample:		2242.36 time, 1430.02 real, 913 MB
[runlim] sample:		2252.64 time, 1440.02 real, 914 MB
[runlim] sample:		2262.91 time, 1450.02 real, 914 MB
[runlim] sample:		2273.19 time, 1460.02 real, 914 MB
[runlim] sample:		2283.47 time, 1470.02 real, 919 MB
[runlim] sample:		2293.75 time, 1480.02 real, 919 MB
[runlim] sample:		2304.02 time, 1490.02 real, 1002 MB
[runlim] sample:		2314.30 time, 1500.02 real, 1002 MB
[runlim] sample:		2324.57 time, 1510.02 real, 1002 MB
[runlim] sample:		2334.85 time, 1520.02 real, 1002 MB
[runlim] sample:		2345.13 time, 1530.02 real, 1002 MB
[runlim] sample:		2355.40 time, 1540.02 real, 1002 MB
[runlim] sample:		2365.67 time, 1550.02 real, 1002 MB
[runlim] sample:		2375.95 time, 1560.02 real, 1002 MB
[runlim] sample:		2386.22 time, 1570.02 real, 1002 MB
[runlim] sample:		2396.50 time, 1580.02 real, 1002 MB
[runlim] sample:		2406.77 time, 1590.02 real, 1002 MB
[runlim] sample:		2417.05 time, 1600.02 real, 1002 MB
[runlim] sample:		2427.32 time, 1610.02 real, 1002 MB
[runlim] sample:		2437.58 time, 1620.02 real, 1002 MB
[runlim] sample:		2447.87 time, 1630.02 real, 1002 MB
[runlim] sample:		2458.14 time, 1640.02 real, 1002 MB
[runlim] sample:		2468.41 time, 1650.02 real, 1002 MB
[runlim] sample:		2478.70 time, 1660.02 real, 1002 MB
[runlim] sample:		2488.97 time, 1670.02 real, 1002 MB
[runlim] sample:		2499.25 time, 1680.02 real, 1002 MB
[runlim] sample:		2509.52 time, 1690.02 real, 1008 MB
[runlim] sample:		2519.81 time, 1700.02 real, 1010 MB
[runlim] sample:		2530.06 time, 1710.02 real, 1011 MB
[runlim] sample:		2540.34 time, 1720.02 real, 1013 MB
[runlim] sample:		2550.61 time, 1730.02 real, 1016 MB
[runlim] sample:		2560.88 time, 1740.02 real, 1019 MB
[runlim] sample:		2571.17 time, 1750.02 real, 1030 MB
[runlim] sample:		2581.44 time, 1760.02 real, 1037 MB
[runlim] sample:		2591.71 time, 1770.02 real, 1054 MB
[runlim] sample:		2601.98 time, 1780.02 real, 1059 MB
[runlim] sample:		2612.27 time, 1790.02 real, 1059 MB
[runlim] sample:		2622.54 time, 1800.02 real, 1062 MB
[runlim] sample:		2632.80 time, 1810.02 real, 1062 MB
[runlim] sample:		2643.07 time, 1820.02 real, 1062 MB
[runlim] sample:		2653.36 time, 1830.02 real, 1064 MB
[runlim] sample:		2663.63 time, 1840.02 real, 1069 MB
[runlim] sample:		2673.91 time, 1850.02 real, 1070 MB
[runlim] sample:		2684.18 time, 1860.02 real, 1072 MB
[runlim] sample:		2694.46 time, 1870.02 real, 1073 MB
[runlim] sample:		2704.74 time, 1880.02 real, 1073 MB
[runlim] sample:		2714.99 time, 1890.02 real, 1074 MB
[runlim] sample:		2725.27 time, 1900.02 real, 1074 MB
[runlim] sample:		2735.54 time, 1910.02 real, 1074 MB
[runlim] sample:		2745.82 time, 1920.02 real, 1075 MB
[runlim] sample:		2756.08 time, 1930.02 real, 1075 MB
[runlim] sample:		2766.36 time, 1940.02 real, 1075 MB
[runlim] sample:		2776.63 time, 1950.02 real, 1076 MB
[runlim] sample:		2786.90 time, 1960.02 real, 1076 MB
[runlim] sample:		2797.18 time, 1970.02 real, 1076 MB
[runlim] sample:		2807.46 time, 1980.02 real, 1076 MB
[runlim] sample:		2817.73 time, 1990.02 real, 1077 MB
[runlim] sample:		2828.00 time, 2000.02 real, 1078 MB
[runlim] sample:		2838.28 time, 2010.02 real, 1079 MB
[runlim] sample:		2848.55 time, 2020.02 real, 1099 MB
[runlim] sample:		2858.83 time, 2030.02 real, 1100 MB
[runlim] sample:		2869.12 time, 2040.02 real, 1101 MB
[runlim] sample:		2879.38 time, 2050.02 real, 1108 MB
[runlim] sample:		2889.65 time, 2060.02 real, 1108 MB
[runlim] sample:		2899.94 time, 2070.02 real, 1108 MB
[runlim] sample:		2910.19 time, 2080.02 real, 1119 MB
[runlim] sample:		2920.46 time, 2090.02 real, 1138 MB
[runlim] sample:		2930.74 time, 2100.02 real, 1142 MB
[runlim] sample:		2941.01 time, 2110.02 real, 1146 MB
[runlim] sample:		2951.29 time, 2120.02 real, 1234 MB
[runlim] sample:		2961.57 time, 2130.02 real, 1235 MB
[runlim] sample:		2971.85 time, 2140.02 real, 1236 MB
[runlim] sample:		2982.11 time, 2150.02 real, 1236 MB
[runlim] sample:		2992.40 time, 2160.02 real, 1263 MB
[runlim] sample:		3002.68 time, 2170.02 real, 1273 MB
[runlim] sample:		3012.94 time, 2180.02 real, 1274 MB
[runlim] sample:		3023.22 time, 2190.02 real, 1275 MB
[runlim] sample:		3033.50 time, 2200.02 real, 1278 MB
[runlim] sample:		3043.77 time, 2210.02 real, 1279 MB
[runlim] sample:		3054.04 time, 2220.02 real, 1279 MB
[runlim] sample:		3064.32 time, 2230.02 real, 1279 MB
[runlim] sample:		3074.59 time, 2240.02 real, 1280 MB
[runlim] sample:		3084.87 time, 2250.02 real, 1284 MB
[runlim] sample:		3095.12 time, 2260.02 real, 1297 MB
[runlim] sample:		3105.40 time, 2270.02 real, 1301 MB
[runlim] sample:		3115.66 time, 2280.02 real, 1308 MB
[runlim] sample:		3125.93 time, 2290.02 real, 1320 MB
[runlim] sample:		3136.21 time, 2300.02 real, 1322 MB
[runlim] sample:		3146.49 time, 2310.02 real, 1323 MB
[runlim] sample:		3156.76 time, 2320.02 real, 1323 MB
[runlim] sample:		3167.05 time, 2330.02 real, 1323 MB
[runlim] sample:		3177.32 time, 2340.02 real, 1323 MB
[runlim] sample:		3187.60 time, 2350.02 real, 1323 MB
[runlim] sample:		3197.87 time, 2360.02 real, 1323 MB
[runlim] sample:		3208.15 time, 2370.02 real, 1341 MB
[runlim] sample:		3218.43 time, 2380.02 real, 1349 MB
[runlim] sample:		3228.71 time, 2390.02 real, 1374 MB
[runlim] sample:		3238.98 time, 2400.02 real, 1375 MB
[runlim] sample:		3249.26 time, 2410.02 real, 1376 MB
[runlim] sample:		3259.55 time, 2420.02 real, 1376 MB
[runlim] sample:		3269.83 time, 2430.02 real, 1376 MB
[runlim] sample:		3280.10 time, 2440.02 real, 1384 MB
[runlim] sample:		3290.37 time, 2450.02 real, 1399 MB
[runlim] sample:		3300.66 time, 2460.02 real, 1399 MB
[runlim] sample:		3310.93 time, 2470.02 real, 1399 MB
[runlim] sample:		3321.20 time, 2480.02 real, 1399 MB
[runlim] sample:		3331.48 time, 2490.02 real, 1399 MB
[runlim] sample:		3341.76 time, 2500.02 real, 1401 MB
[runlim] sample:		3352.03 time, 2510.02 real, 1401 MB
[runlim] sample:		3362.31 time, 2520.02 real, 1402 MB
[runlim] sample:		3372.58 time, 2530.02 real, 1402 MB
[runlim] sample:		3382.86 time, 2540.02 real, 1402 MB
[runlim] sample:		3393.14 time, 2550.02 real, 1402 MB
[runlim] sample:		3403.41 time, 2560.02 real, 1431 MB
[runlim] sample:		3413.69 time, 2570.02 real, 1431 MB
[runlim] sample:		3423.96 time, 2580.02 real, 1431 MB
[runlim] sample:		3434.23 time, 2590.02 real, 1431 MB
[runlim] sample:		3444.49 time, 2600.02 real, 1431 MB
[runlim] sample:		3454.76 time, 2610.02 real, 1431 MB
[runlim] sample:		3465.04 time, 2620.02 real, 1431 MB
[runlim] sample:		3475.32 time, 2630.02 real, 1431 MB
[runlim] sample:		3485.58 time, 2640.02 real, 1431 MB
[runlim] sample:		3495.87 time, 2650.02 real, 1431 MB
[runlim] sample:		3506.15 time, 2660.02 real, 1431 MB
[runlim] sample:		3516.43 time, 2670.02 real, 1431 MB
[runlim] sample:		3526.70 time, 2680.02 real, 1431 MB
[runlim] sample:		3536.98 time, 2690.02 real, 1431 MB
[runlim] sample:		3547.26 time, 2700.02 real, 1431 MB
[runlim] sample:		3557.52 time, 2710.02 real, 1431 MB
[runlim] sample:		3567.81 time, 2720.02 real, 1431 MB
[runlim] sample:		3578.08 time, 2730.02 real, 1431 MB
[runlim] sample:		3588.36 time, 2740.02 real, 1431 MB
[runlim] sample:		3598.62 time, 2750.02 real, 1431 MB
[runlim] sample:		3608.89 time, 2760.02 real, 1431 MB
[runlim] sample:		3619.17 time, 2770.02 real, 1431 MB
[runlim] sample:		3629.46 time, 2780.02 real, 1431 MB
[runlim] sample:		3639.73 time, 2790.02 real, 1431 MB
[runlim] sample:		3650.00 time, 2800.02 real, 1431 MB
[runlim] sample:		3660.28 time, 2810.02 real, 1432 MB
[runlim] sample:		3670.55 time, 2820.02 real, 1435 MB
[runlim] sample:		3680.84 time, 2830.02 real, 1437 MB
[runlim] sample:		3691.11 time, 2840.02 real, 1438 MB
[runlim] sample:		3701.38 time, 2850.02 real, 1438 MB
[runlim] sample:		3711.66 time, 2860.02 real, 1438 MB
[runlim] sample:		3721.93 time, 2870.02 real, 1439 MB
[runlim] sample:		3732.19 time, 2880.02 real, 1441 MB
[runlim] sample:		3742.47 time, 2890.02 real, 1445 MB
[runlim] sample:		3752.75 time, 2900.02 real, 1447 MB
[runlim] sample:		3763.02 time, 2910.02 real, 1449 MB
[runlim] sample:		3773.29 time, 2920.02 real, 1450 MB
[runlim] sample:		3783.56 time, 2930.02 real, 1451 MB
[runlim] sample:		3793.85 time, 2940.02 real, 1452 MB
[runlim] sample:		3804.12 time, 2950.02 real, 1452 MB
[runlim] sample:		3814.39 time, 2960.02 real, 1452 MB
[runlim] sample:		3824.65 time, 2970.02 real, 1454 MB
[runlim] sample:		3834.94 time, 2980.02 real, 1454 MB
[runlim] sample:		3845.21 time, 2990.02 real, 1454 MB
[runlim] sample:		3855.47 time, 3000.02 real, 1455 MB
[runlim] sample:		3865.74 time, 3010.02 real, 1456 MB
[runlim] sample:		3876.01 time, 3020.02 real, 1458 MB
[runlim] sample:		3886.30 time, 3030.02 real, 1459 MB
[runlim] sample:		3896.56 time, 3040.02 real, 1459 MB
[runlim] sample:		3906.84 time, 3050.02 real, 1460 MB
[runlim] sample:		3917.11 time, 3060.02 real, 1460 MB
[runlim] sample:		3927.38 time, 3070.02 real, 1461 MB
[runlim] sample:		3937.66 time, 3080.02 real, 1462 MB
[runlim] sample:		3947.94 time, 3090.02 real, 1463 MB
[runlim] sample:		3958.22 time, 3100.02 real, 1464 MB
[runlim] sample:		3968.49 time, 3110.02 real, 1464 MB
[runlim] sample:		3978.77 time, 3120.02 real, 1464 MB
[runlim] sample:		3989.05 time, 3130.02 real, 1465 MB
[runlim] sample:		3999.33 time, 3140.02 real, 1465 MB
[runlim] sample:		4009.62 time, 3150.02 real, 1465 MB
[runlim] sample:		4019.89 time, 3160.02 real, 1466 MB
[runlim] sample:		4030.15 time, 3170.02 real, 1470 MB
[runlim] sample:		4040.44 time, 3180.02 real, 1470 MB
[runlim] sample:		4050.72 time, 3190.02 real, 1470 MB
[runlim] sample:		4060.99 time, 3200.02 real, 1471 MB
[runlim] sample:		4071.27 time, 3210.02 real, 1471 MB
[runlim] sample:		4081.53 time, 3220.02 real, 1471 MB
[runlim] sample:		4091.81 time, 3230.02 real, 1471 MB
[runlim] sample:		4102.08 time, 3240.02 real, 1471 MB
[runlim] sample:		4112.36 time, 3250.02 real, 1471 MB
[runlim] sample:		4122.63 time, 3260.02 real, 1471 MB
[runlim] sample:		4132.91 time, 3270.02 real, 1471 MB
[runlim] sample:		4143.18 time, 3280.02 real, 1471 MB
[runlim] sample:		4153.45 time, 3290.02 real, 1472 MB
[runlim] sample:		4163.72 time, 3300.02 real, 1473 MB
[runlim] sample:		4174.00 time, 3310.02 real, 1487 MB
[runlim] sample:		4184.28 time, 3320.02 real, 1494 MB
[runlim] sample:		4194.56 time, 3330.02 real, 1495 MB
[runlim] sample:		4204.83 time, 3340.02 real, 1495 MB
[runlim] sample:		4215.10 time, 3350.02 real, 1496 MB
[runlim] sample:		4225.38 time, 3360.02 real, 1496 MB
[runlim] sample:		4235.66 time, 3370.02 real, 1496 MB
[runlim] sample:		4245.93 time, 3380.02 real, 1501 MB
[runlim] sample:		4256.21 time, 3390.02 real, 1501 MB
[runlim] sample:		4266.50 time, 3400.02 real, 1502 MB
[runlim] sample:		4276.77 time, 3410.02 real, 1502 MB
[runlim] sample:		4287.03 time, 3420.02 real, 1502 MB
[runlim] sample:		4297.32 time, 3430.02 real, 1503 MB
[runlim] sample:		4307.58 time, 3440.02 real, 1503 MB
[runlim] sample:		4317.86 time, 3450.02 real, 1503 MB
[runlim] sample:		4328.14 time, 3460.02 real, 1504 MB
[runlim] sample:		4338.42 time, 3470.02 real, 1507 MB
[runlim] sample:		4348.68 time, 3480.02 real, 1507 MB
[runlim] sample:		4358.97 time, 3490.02 real, 1507 MB
[runlim] sample:		4369.24 time, 3500.02 real, 1508 MB
[runlim] sample:		4379.51 time, 3510.02 real, 1511 MB
[runlim] sample:		4389.79 time, 3520.02 real, 1513 MB
[runlim] sample:		4400.06 time, 3530.02 real, 1513 MB
[runlim] sample:		4410.35 time, 3540.02 real, 1513 MB
[runlim] sample:		4420.61 time, 3550.02 real, 1516 MB
[runlim] sample:		4430.90 time, 3560.02 real, 1516 MB
[runlim] sample:		4441.16 time, 3570.02 real, 1516 MB
[runlim] sample:		4451.44 time, 3580.02 real, 1518 MB
[runlim] sample:		4461.72 time, 3590.02 real, 1518 MB
[runlim] sample:		4472.00 time, 3600.02 real, 1519 MB
[runlim] end:			Wed Oct 16 16:01:10 2019
[runlim] status:		out of time
[runlim] result:		2
[runlim] children:		4
[runlim] real:			3600.13 seconds
[runlim] time:			4472.00 seconds
[runlim] space:			1519 MB
[runlim] samples:		36000
