[runlim] version:		1.17
[runlim] host:			c3n24
[runlim] time limit:		311040000 seconds
[runlim] real time limit:	3600 seconds
[runlim] space limit:		120000 MB
[runlim] argv[0]:		./run-cosa2.sh
[runlim] argv[1]:		/tmp/cqgw3Kag.btor2
[runlim] start:			Wed Oct 16 15:03:18 2019
[runlim] child:			29434
[runlim] sample:		20.18 time, 10.01 real, 109 MB
[runlim] sample:		40.44 time, 20.02 real, 124 MB
[runlim] sample:		60.71 time, 30.02 real, 131 MB
[runlim] sample:		80.99 time, 40.02 real, 143 MB
[runlim] sample:		101.27 time, 50.01 real, 148 MB
[runlim] sample:		121.54 time, 60.01 real, 163 MB
[runlim] sample:		141.82 time, 70.01 real, 173 MB
[runlim] sample:		162.10 time, 80.02 real, 181 MB
[runlim] sample:		182.38 time, 90.02 real, 195 MB
[runlim] sample:		202.64 time, 100.02 real, 199 MB
[runlim] sample:		222.93 time, 110.01 real, 203 MB
[runlim] sample:		243.18 time, 120.02 real, 212 MB
[runlim] sample:		263.46 time, 130.02 real, 218 MB
[runlim] sample:		283.73 time, 140.02 real, 239 MB
[runlim] sample:		304.01 time, 150.02 real, 252 MB
[runlim] sample:		324.27 time, 160.02 real, 251 MB
[runlim] sample:		344.54 time, 170.02 real, 251 MB
[runlim] sample:		364.83 time, 180.02 real, 245 MB
[runlim] sample:		385.11 time, 190.01 real, 258 MB
[runlim] sample:		405.37 time, 200.02 real, 259 MB
[runlim] sample:		425.65 time, 210.02 real, 264 MB
[runlim] sample:		445.92 time, 220.02 real, 264 MB
[runlim] sample:		466.19 time, 230.01 real, 273 MB
[runlim] sample:		486.48 time, 240.02 real, 264 MB
[runlim] sample:		506.76 time, 250.02 real, 251 MB
[runlim] sample:		527.04 time, 260.02 real, 265 MB
[runlim] sample:		547.31 time, 270.02 real, 266 MB
[runlim] sample:		567.59 time, 280.02 real, 266 MB
[runlim] sample:		587.84 time, 290.02 real, 272 MB
[runlim] sample:		608.10 time, 300.02 real, 274 MB
[runlim] sample:		628.39 time, 310.02 real, 285 MB
[runlim] sample:		648.67 time, 320.02 real, 281 MB
[runlim] sample:		668.95 time, 330.02 real, 300 MB
[runlim] sample:		689.22 time, 340.02 real, 306 MB
[runlim] sample:		709.50 time, 350.02 real, 357 MB
[runlim] sample:		729.78 time, 360.02 real, 357 MB
[runlim] sample:		750.05 time, 370.02 real, 360 MB
[runlim] sample:		770.33 time, 380.02 real, 371 MB
[runlim] sample:		790.60 time, 390.02 real, 373 MB
[runlim] sample:		810.86 time, 400.02 real, 392 MB
[runlim] sample:		831.14 time, 410.02 real, 386 MB
[runlim] sample:		851.39 time, 420.02 real, 407 MB
[runlim] sample:		871.68 time, 430.02 real, 417 MB
[runlim] sample:		891.95 time, 440.02 real, 433 MB
[runlim] sample:		912.21 time, 450.02 real, 446 MB
[runlim] sample:		932.47 time, 460.02 real, 464 MB
[runlim] sample:		952.75 time, 470.02 real, 469 MB
[runlim] sample:		973.02 time, 480.02 real, 470 MB
[runlim] sample:		993.28 time, 490.02 real, 471 MB
[runlim] sample:		1013.57 time, 500.02 real, 475 MB
[runlim] sample:		1033.84 time, 510.02 real, 494 MB
[runlim] sample:		1054.11 time, 520.02 real, 486 MB
[runlim] sample:		1074.37 time, 530.02 real, 501 MB
[runlim] sample:		1094.65 time, 540.02 real, 487 MB
[runlim] sample:		1114.92 time, 550.02 real, 490 MB
[runlim] sample:		1135.20 time, 560.02 real, 490 MB
[runlim] sample:		1155.47 time, 570.02 real, 490 MB
[runlim] sample:		1175.76 time, 580.02 real, 496 MB
[runlim] sample:		1196.03 time, 590.02 real, 496 MB
[runlim] sample:		1216.30 time, 600.02 real, 504 MB
[runlim] sample:		1236.59 time, 610.02 real, 482 MB
[runlim] sample:		1256.85 time, 620.02 real, 482 MB
[runlim] sample:		1277.12 time, 630.02 real, 483 MB
[runlim] sample:		1297.40 time, 640.02 real, 483 MB
[runlim] sample:		1317.68 time, 650.02 real, 483 MB
[runlim] sample:		1337.95 time, 660.02 real, 483 MB
[runlim] sample:		1358.21 time, 670.02 real, 483 MB
[runlim] sample:		1378.49 time, 680.02 real, 483 MB
[runlim] sample:		1398.73 time, 690.02 real, 499 MB
[runlim] sample:		1419.01 time, 700.02 real, 483 MB
[runlim] sample:		1439.28 time, 710.02 real, 495 MB
[runlim] sample:		1459.54 time, 720.02 real, 497 MB
[runlim] sample:		1479.80 time, 730.02 real, 497 MB
[runlim] sample:		1500.08 time, 740.02 real, 498 MB
[runlim] sample:		1520.34 time, 750.02 real, 498 MB
[runlim] end:			Wed Oct 16 15:15:49 2019
[runlim] status:		ok
[runlim] result:		0
[runlim] children:		4
[runlim] real:			751.43 seconds
[runlim] time:			1523.18 seconds
[runlim] space:			504 MB
[runlim] samples:		7514
