[runlim] version:		1.17
[runlim] host:			c3n26
[runlim] time limit:		311040000 seconds
[runlim] real time limit:	3600 seconds
[runlim] space limit:		120000 MB
[runlim] argv[0]:		./run-cosa2.sh
[runlim] argv[1]:		/tmp/MzEbJ9nR.btor2
[runlim] start:			Wed Oct 16 15:24:10 2019
[runlim] child:			6075
[runlim] sample:		20.19 time, 10.02 real, 89 MB
[runlim] sample:		40.45 time, 20.02 real, 121 MB
[runlim] sample:		60.73 time, 30.02 real, 147 MB
[runlim] sample:		81.00 time, 40.02 real, 173 MB
[runlim] sample:		101.26 time, 50.02 real, 192 MB
[runlim] sample:		121.53 time, 60.02 real, 248 MB
[runlim] sample:		141.81 time, 70.02 real, 253 MB
[runlim] sample:		162.07 time, 80.02 real, 248 MB
[runlim] sample:		182.34 time, 90.02 real, 254 MB
[runlim] sample:		202.62 time, 100.02 real, 257 MB
[runlim] sample:		222.89 time, 110.02 real, 275 MB
[runlim] sample:		243.16 time, 120.02 real, 304 MB
[runlim] sample:		263.44 time, 130.02 real, 326 MB
[runlim] sample:		283.72 time, 140.02 real, 335 MB
[runlim] sample:		303.99 time, 150.02 real, 344 MB
[runlim] sample:		324.27 time, 160.02 real, 355 MB
[runlim] sample:		344.55 time, 170.02 real, 335 MB
[runlim] sample:		364.83 time, 180.02 real, 398 MB
[runlim] sample:		385.10 time, 190.02 real, 398 MB
[runlim] sample:		405.37 time, 200.02 real, 400 MB
[runlim] sample:		425.64 time, 210.02 real, 392 MB
[runlim] sample:		445.91 time, 220.02 real, 404 MB
[runlim] sample:		466.19 time, 230.02 real, 456 MB
[runlim] sample:		486.46 time, 240.02 real, 460 MB
[runlim] sample:		506.73 time, 250.02 real, 473 MB
[runlim] sample:		527.02 time, 260.02 real, 512 MB
[runlim] sample:		547.28 time, 270.02 real, 532 MB
[runlim] sample:		567.55 time, 280.02 real, 540 MB
[runlim] sample:		587.83 time, 290.02 real, 579 MB
[runlim] sample:		608.11 time, 300.02 real, 610 MB
[runlim] sample:		628.39 time, 310.02 real, 680 MB
[runlim] sample:		648.65 time, 320.02 real, 686 MB
[runlim] sample:		668.93 time, 330.02 real, 697 MB
[runlim] sample:		689.22 time, 340.02 real, 706 MB
[runlim] sample:		709.49 time, 350.02 real, 731 MB
[runlim] sample:		729.76 time, 360.02 real, 743 MB
[runlim] sample:		750.03 time, 370.02 real, 734 MB
[runlim] sample:		770.30 time, 380.02 real, 747 MB
[runlim] sample:		790.59 time, 390.02 real, 747 MB
[runlim] sample:		810.86 time, 400.02 real, 759 MB
[runlim] sample:		831.13 time, 410.02 real, 747 MB
[runlim] sample:		851.41 time, 420.02 real, 747 MB
[runlim] sample:		871.69 time, 430.02 real, 749 MB
[runlim] sample:		891.95 time, 440.02 real, 749 MB
[runlim] sample:		912.22 time, 450.02 real, 749 MB
[runlim] sample:		932.51 time, 460.02 real, 749 MB
[runlim] sample:		952.78 time, 470.02 real, 754 MB
[runlim] sample:		973.05 time, 480.02 real, 755 MB
[runlim] sample:		993.33 time, 490.02 real, 735 MB
[runlim] sample:		1013.63 time, 500.02 real, 739 MB
[runlim] sample:		1033.92 time, 510.02 real, 753 MB
[runlim] sample:		1054.21 time, 520.02 real, 754 MB
[runlim] sample:		1074.50 time, 530.02 real, 749 MB
[runlim] sample:		1094.79 time, 540.02 real, 751 MB
[runlim] sample:		1115.07 time, 550.02 real, 764 MB
[runlim] sample:		1135.35 time, 560.02 real, 764 MB
[runlim] sample:		1155.63 time, 570.02 real, 781 MB
[runlim] sample:		1175.90 time, 580.02 real, 796 MB
[runlim] sample:		1196.17 time, 590.02 real, 809 MB
[runlim] sample:		1216.44 time, 600.02 real, 815 MB
[runlim] sample:		1236.72 time, 610.02 real, 815 MB
[runlim] sample:		1256.98 time, 620.02 real, 793 MB
[runlim] sample:		1277.25 time, 630.02 real, 808 MB
[runlim] sample:		1297.53 time, 640.02 real, 805 MB
[runlim] sample:		1317.80 time, 650.02 real, 838 MB
[runlim] sample:		1338.07 time, 660.02 real, 846 MB
[runlim] sample:		1358.35 time, 670.02 real, 878 MB
[runlim] sample:		1378.63 time, 680.02 real, 881 MB
[runlim] sample:		1398.91 time, 690.02 real, 883 MB
[runlim] sample:		1419.18 time, 700.02 real, 982 MB
[runlim] sample:		1439.46 time, 710.02 real, 1029 MB
[runlim] sample:		1459.73 time, 720.02 real, 1031 MB
[runlim] sample:		1480.00 time, 730.02 real, 1034 MB
[runlim] sample:		1500.27 time, 740.02 real, 1043 MB
[runlim] sample:		1520.56 time, 750.02 real, 1048 MB
[runlim] sample:		1540.83 time, 760.02 real, 1050 MB
[runlim] sample:		1561.11 time, 770.02 real, 1052 MB
[runlim] sample:		1581.37 time, 780.02 real, 1052 MB
[runlim] sample:		1601.65 time, 790.02 real, 1100 MB
[runlim] sample:		1621.92 time, 800.02 real, 1103 MB
[runlim] sample:		1642.19 time, 810.02 real, 1131 MB
[runlim] sample:		1662.48 time, 820.02 real, 1134 MB
[runlim] sample:		1682.74 time, 830.02 real, 1166 MB
[runlim] sample:		1703.01 time, 840.02 real, 1151 MB
[runlim] sample:		1723.28 time, 850.02 real, 1174 MB
[runlim] sample:		1743.56 time, 860.02 real, 1274 MB
[runlim] sample:		1763.83 time, 870.02 real, 1314 MB
[runlim] sample:		1784.10 time, 880.02 real, 1320 MB
[runlim] sample:		1804.38 time, 890.02 real, 1320 MB
[runlim] sample:		1824.65 time, 900.02 real, 1320 MB
[runlim] sample:		1844.93 time, 910.02 real, 1320 MB
[runlim] sample:		1865.21 time, 920.02 real, 1345 MB
[runlim] sample:		1885.47 time, 930.02 real, 1345 MB
[runlim] sample:		1905.75 time, 940.02 real, 1384 MB
[runlim] sample:		1926.02 time, 950.02 real, 1440 MB
[runlim] sample:		1946.30 time, 960.02 real, 1457 MB
[runlim] sample:		1966.58 time, 970.02 real, 1457 MB
[runlim] sample:		1986.83 time, 980.02 real, 1484 MB
[runlim] sample:		2007.12 time, 990.02 real, 1499 MB
[runlim] sample:		2027.38 time, 1000.02 real, 1501 MB
[runlim] sample:		2047.66 time, 1010.02 real, 1503 MB
[runlim] sample:		2067.93 time, 1020.02 real, 1513 MB
[runlim] sample:		2088.22 time, 1030.02 real, 1539 MB
[runlim] sample:		2108.48 time, 1040.02 real, 1528 MB
[runlim] sample:		2128.76 time, 1050.02 real, 1563 MB
[runlim] sample:		2149.03 time, 1060.02 real, 1595 MB
[runlim] sample:		2169.32 time, 1070.02 real, 1602 MB
[runlim] sample:		2189.58 time, 1080.02 real, 1613 MB
[runlim] sample:		2209.86 time, 1090.02 real, 1622 MB
[runlim] sample:		2230.14 time, 1100.02 real, 1629 MB
[runlim] sample:		2250.41 time, 1110.02 real, 1630 MB
[runlim] sample:		2270.67 time, 1120.02 real, 1630 MB
[runlim] sample:		2290.95 time, 1130.02 real, 1630 MB
[runlim] sample:		2311.23 time, 1140.02 real, 1631 MB
[runlim] sample:		2331.51 time, 1150.02 real, 1631 MB
[runlim] sample:		2351.78 time, 1160.02 real, 1638 MB
[runlim] sample:		2372.04 time, 1170.02 real, 1638 MB
[runlim] sample:		2392.31 time, 1180.02 real, 1676 MB
[runlim] sample:		2412.60 time, 1190.02 real, 1689 MB
[runlim] sample:		2432.86 time, 1200.02 real, 1690 MB
[runlim] sample:		2453.14 time, 1210.02 real, 1702 MB
[runlim] sample:		2473.43 time, 1220.02 real, 1703 MB
[runlim] sample:		2493.69 time, 1230.02 real, 1703 MB
[runlim] sample:		2513.97 time, 1240.02 real, 1704 MB
[runlim] sample:		2534.25 time, 1250.02 real, 1745 MB
[runlim] sample:		2554.52 time, 1260.02 real, 1745 MB
[runlim] sample:		2574.79 time, 1270.02 real, 1745 MB
[runlim] sample:		2595.06 time, 1280.02 real, 1768 MB
[runlim] sample:		2615.34 time, 1290.02 real, 1745 MB
[runlim] sample:		2635.61 time, 1300.02 real, 1745 MB
[runlim] sample:		2655.89 time, 1310.02 real, 1745 MB
[runlim] sample:		2676.17 time, 1320.02 real, 1751 MB
[runlim] sample:		2696.44 time, 1330.02 real, 1753 MB
[runlim] sample:		2716.71 time, 1340.02 real, 1905 MB
[runlim] sample:		2736.98 time, 1350.02 real, 1905 MB
[runlim] sample:		2757.26 time, 1360.02 real, 1905 MB
[runlim] sample:		2777.53 time, 1370.02 real, 1923 MB
[runlim] sample:		2797.81 time, 1380.02 real, 1923 MB
[runlim] sample:		2818.08 time, 1390.02 real, 1870 MB
[runlim] sample:		2838.36 time, 1400.02 real, 1872 MB
[runlim] sample:		2858.63 time, 1410.02 real, 1905 MB
[runlim] sample:		2878.90 time, 1420.02 real, 1905 MB
[runlim] sample:		2899.18 time, 1430.02 real, 1905 MB
[runlim] sample:		2919.46 time, 1440.02 real, 1930 MB
[runlim] sample:		2939.73 time, 1450.02 real, 1930 MB
[runlim] sample:		2960.00 time, 1460.02 real, 1906 MB
[runlim] sample:		2980.28 time, 1470.02 real, 1906 MB
[runlim] sample:		3000.56 time, 1480.02 real, 1918 MB
[runlim] sample:		3020.83 time, 1490.02 real, 1919 MB
[runlim] sample:		3041.10 time, 1500.02 real, 1935 MB
[runlim] sample:		3061.38 time, 1510.02 real, 1935 MB
[runlim] end:			Wed Oct 16 15:49:21 2019
[runlim] status:		ok
[runlim] result:		0
[runlim] children:		4
[runlim] real:			1510.66 seconds
[runlim] time:			3062.59 seconds
[runlim] space:			1935 MB
[runlim] samples:		15106
