[runlim] version:		1.17
[runlim] host:			c3n18
[runlim] time limit:		311040000 seconds
[runlim] real time limit:	3600 seconds
[runlim] space limit:		120000 MB
[runlim] argv[0]:		./run-cosa2.sh
[runlim] argv[1]:		/tmp/LxA2s8nK.btor2
[runlim] start:			Wed Oct 16 15:07:45 2019
[runlim] child:			29884
[runlim] sample:		20.16 time, 10.02 real, 126 MB
[runlim] sample:		40.44 time, 20.02 real, 142 MB
[runlim] sample:		60.72 time, 30.01 real, 150 MB
[runlim] sample:		81.00 time, 40.02 real, 168 MB
[runlim] sample:		101.27 time, 50.02 real, 175 MB
[runlim] sample:		121.54 time, 60.02 real, 184 MB
[runlim] sample:		141.79 time, 70.02 real, 181 MB
[runlim] sample:		162.08 time, 80.01 real, 184 MB
[runlim] sample:		182.35 time, 90.02 real, 186 MB
[runlim] sample:		202.64 time, 100.02 real, 191 MB
[runlim] sample:		222.91 time, 110.01 real, 197 MB
[runlim] sample:		243.18 time, 120.02 real, 198 MB
[runlim] sample:		263.44 time, 130.02 real, 202 MB
[runlim] sample:		283.72 time, 140.02 real, 200 MB
[runlim] sample:		303.98 time, 150.02 real, 206 MB
[runlim] sample:		324.25 time, 160.02 real, 206 MB
[runlim] sample:		344.53 time, 170.02 real, 210 MB
[runlim] sample:		364.80 time, 180.02 real, 218 MB
[runlim] sample:		385.04 time, 190.02 real, 226 MB
[runlim] sample:		405.31 time, 200.02 real, 231 MB
[runlim] sample:		425.59 time, 210.02 real, 231 MB
[runlim] sample:		445.88 time, 220.02 real, 237 MB
[runlim] sample:		466.15 time, 230.02 real, 240 MB
[runlim] sample:		486.43 time, 240.02 real, 246 MB
[runlim] sample:		506.69 time, 250.02 real, 251 MB
[runlim] sample:		526.97 time, 260.02 real, 251 MB
[runlim] sample:		547.25 time, 270.02 real, 251 MB
[runlim] sample:		567.52 time, 280.02 real, 252 MB
[runlim] sample:		587.80 time, 290.01 real, 253 MB
[runlim] sample:		608.08 time, 300.02 real, 256 MB
[runlim] sample:		628.35 time, 310.02 real, 288 MB
[runlim] sample:		648.63 time, 320.02 real, 287 MB
[runlim] sample:		668.91 time, 330.02 real, 332 MB
[runlim] sample:		689.20 time, 340.02 real, 332 MB
[runlim] sample:		709.47 time, 350.02 real, 334 MB
[runlim] sample:		729.75 time, 360.02 real, 363 MB
[runlim] sample:		750.03 time, 370.02 real, 380 MB
[runlim] sample:		770.30 time, 380.02 real, 382 MB
[runlim] sample:		790.57 time, 390.02 real, 391 MB
[runlim] sample:		810.83 time, 400.02 real, 397 MB
[runlim] sample:		831.10 time, 410.02 real, 385 MB
[runlim] sample:		851.38 time, 420.02 real, 406 MB
[runlim] sample:		871.65 time, 430.02 real, 412 MB
[runlim] sample:		891.91 time, 440.02 real, 416 MB
[runlim] sample:		912.19 time, 450.02 real, 422 MB
[runlim] sample:		932.46 time, 460.02 real, 426 MB
[runlim] sample:		952.73 time, 470.02 real, 428 MB
[runlim] sample:		973.00 time, 480.02 real, 445 MB
[runlim] sample:		993.25 time, 490.02 real, 437 MB
[runlim] sample:		1013.53 time, 500.02 real, 449 MB
[runlim] sample:		1033.79 time, 510.02 real, 451 MB
[runlim] sample:		1054.06 time, 520.02 real, 460 MB
[runlim] sample:		1074.31 time, 530.02 real, 441 MB
[runlim] sample:		1094.58 time, 540.02 real, 455 MB
[runlim] sample:		1114.86 time, 550.02 real, 536 MB
[runlim] sample:		1135.12 time, 560.02 real, 560 MB
[runlim] sample:		1155.41 time, 570.02 real, 577 MB
[runlim] sample:		1175.69 time, 580.02 real, 585 MB
[runlim] sample:		1195.96 time, 590.02 real, 600 MB
[runlim] sample:		1216.22 time, 600.02 real, 594 MB
[runlim] sample:		1236.52 time, 610.02 real, 611 MB
[runlim] sample:		1256.79 time, 620.02 real, 618 MB
[runlim] sample:		1277.06 time, 630.02 real, 627 MB
[runlim] sample:		1297.31 time, 640.02 real, 647 MB
[runlim] sample:		1317.58 time, 650.02 real, 739 MB
[runlim] sample:		1337.87 time, 660.02 real, 745 MB
[runlim] sample:		1358.12 time, 670.02 real, 755 MB
[runlim] sample:		1378.39 time, 680.02 real, 762 MB
[runlim] sample:		1398.67 time, 690.02 real, 803 MB
[runlim] sample:		1418.94 time, 700.02 real, 808 MB
[runlim] sample:		1439.21 time, 710.02 real, 809 MB
[runlim] sample:		1459.48 time, 720.02 real, 812 MB
[runlim] sample:		1479.75 time, 730.02 real, 813 MB
[runlim] sample:		1500.01 time, 740.02 real, 834 MB
[runlim] sample:		1520.29 time, 750.02 real, 837 MB
[runlim] sample:		1540.53 time, 760.02 real, 855 MB
[runlim] sample:		1560.80 time, 770.02 real, 844 MB
[runlim] sample:		1581.08 time, 780.02 real, 848 MB
[runlim] sample:		1601.36 time, 790.02 real, 851 MB
[runlim] sample:		1621.58 time, 800.02 real, 864 MB
[runlim] sample:		1641.86 time, 810.02 real, 868 MB
[runlim] sample:		1662.14 time, 820.02 real, 870 MB
[runlim] sample:		1682.38 time, 830.02 real, 871 MB
[runlim] sample:		1702.68 time, 840.02 real, 872 MB
[runlim] sample:		1722.95 time, 850.02 real, 875 MB
[runlim] sample:		1743.22 time, 860.02 real, 881 MB
[runlim] sample:		1763.49 time, 870.02 real, 882 MB
[runlim] sample:		1783.77 time, 880.02 real, 883 MB
[runlim] sample:		1804.04 time, 890.02 real, 884 MB
[runlim] sample:		1824.31 time, 900.02 real, 886 MB
[runlim] sample:		1844.59 time, 910.02 real, 915 MB
[runlim] sample:		1864.86 time, 920.02 real, 966 MB
[runlim] sample:		1885.14 time, 930.02 real, 992 MB
[runlim] sample:		1905.41 time, 940.02 real, 1021 MB
[runlim] sample:		1925.66 time, 950.02 real, 1041 MB
[runlim] sample:		1945.95 time, 960.02 real, 1037 MB
[runlim] sample:		1966.21 time, 970.02 real, 1087 MB
[runlim] sample:		1986.48 time, 980.02 real, 1131 MB
[runlim] sample:		2006.74 time, 990.02 real, 1152 MB
[runlim] sample:		2027.02 time, 1000.02 real, 1175 MB
[runlim] sample:		2047.29 time, 1010.02 real, 1194 MB
[runlim] sample:		2067.57 time, 1020.02 real, 1202 MB
[runlim] sample:		2087.83 time, 1030.02 real, 1212 MB
[runlim] sample:		2108.10 time, 1040.02 real, 1223 MB
[runlim] sample:		2128.37 time, 1050.02 real, 1234 MB
[runlim] sample:		2148.64 time, 1060.02 real, 1246 MB
[runlim] sample:		2168.92 time, 1070.02 real, 1248 MB
[runlim] sample:		2189.20 time, 1080.02 real, 1266 MB
[runlim] sample:		2209.47 time, 1090.02 real, 1268 MB
[runlim] sample:		2229.75 time, 1100.02 real, 1278 MB
[runlim] sample:		2250.02 time, 1110.02 real, 1231 MB
[runlim] sample:		2270.27 time, 1120.02 real, 1253 MB
[runlim] sample:		2290.54 time, 1130.02 real, 1278 MB
[runlim] sample:		2310.83 time, 1140.02 real, 1300 MB
[runlim] sample:		2331.11 time, 1150.02 real, 1300 MB
[runlim] sample:		2351.37 time, 1160.02 real, 1300 MB
[runlim] sample:		2371.65 time, 1170.02 real, 1303 MB
[runlim] sample:		2391.92 time, 1180.02 real, 1311 MB
[runlim] sample:		2412.20 time, 1190.02 real, 1313 MB
[runlim] sample:		2432.46 time, 1200.02 real, 1313 MB
[runlim] sample:		2452.74 time, 1210.02 real, 1314 MB
[runlim] sample:		2473.00 time, 1220.02 real, 1318 MB
[runlim] sample:		2493.29 time, 1230.02 real, 1318 MB
[runlim] sample:		2513.54 time, 1240.02 real, 1318 MB
[runlim] sample:		2533.81 time, 1250.02 real, 1318 MB
[runlim] sample:		2554.09 time, 1260.02 real, 1318 MB
[runlim] sample:		2574.36 time, 1270.02 real, 1318 MB
[runlim] sample:		2594.63 time, 1280.02 real, 1318 MB
[runlim] sample:		2614.89 time, 1290.02 real, 1318 MB
[runlim] sample:		2635.16 time, 1300.02 real, 1318 MB
[runlim] sample:		2655.45 time, 1310.02 real, 1341 MB
[runlim] sample:		2675.71 time, 1320.02 real, 1318 MB
[runlim] sample:		2695.99 time, 1330.02 real, 1318 MB
[runlim] sample:		2716.26 time, 1340.02 real, 1318 MB
[runlim] sample:		2736.52 time, 1350.02 real, 1331 MB
[runlim] sample:		2756.77 time, 1360.02 real, 1331 MB
[runlim] sample:		2777.06 time, 1370.02 real, 1331 MB
[runlim] sample:		2797.33 time, 1380.02 real, 1331 MB
[runlim] sample:		2817.60 time, 1390.02 real, 1332 MB
[runlim] sample:		2837.88 time, 1400.02 real, 1332 MB
[runlim] sample:		2858.15 time, 1410.02 real, 1341 MB
[runlim] sample:		2878.42 time, 1420.02 real, 1341 MB
[runlim] sample:		2898.68 time, 1430.02 real, 1341 MB
[runlim] sample:		2918.97 time, 1440.02 real, 1341 MB
[runlim] sample:		2939.24 time, 1450.02 real, 1284 MB
[runlim] sample:		2959.51 time, 1460.02 real, 1284 MB
[runlim] sample:		2979.80 time, 1470.02 real, 1318 MB
[runlim] sample:		3000.06 time, 1480.02 real, 1318 MB
[runlim] sample:		3020.34 time, 1490.02 real, 1339 MB
[runlim] sample:		3040.62 time, 1500.02 real, 1284 MB
[runlim] sample:		3060.89 time, 1510.02 real, 1299 MB
[runlim] sample:		3081.15 time, 1520.02 real, 1299 MB
[runlim] sample:		3101.39 time, 1530.02 real, 1317 MB
[runlim] sample:		3121.66 time, 1540.02 real, 1317 MB
[runlim] sample:		3141.93 time, 1550.02 real, 1317 MB
[runlim] sample:		3162.21 time, 1560.02 real, 1343 MB
[runlim] sample:		3182.47 time, 1570.02 real, 1343 MB
[runlim] sample:		3202.74 time, 1580.02 real, 1343 MB
[runlim] sample:		3223.01 time, 1590.02 real, 1343 MB
[runlim] sample:		3243.30 time, 1600.02 real, 1345 MB
[runlim] sample:		3263.57 time, 1610.02 real, 1345 MB
[runlim] sample:		3283.85 time, 1620.02 real, 1345 MB
[runlim] sample:		3304.13 time, 1630.02 real, 1345 MB
[runlim] sample:		3324.40 time, 1640.02 real, 1317 MB
[runlim] sample:		3344.66 time, 1650.02 real, 1317 MB
[runlim] sample:		3364.95 time, 1660.02 real, 1317 MB
[runlim] sample:		3385.22 time, 1670.02 real, 1317 MB
[runlim] sample:		3405.49 time, 1680.02 real, 1316 MB
[runlim] sample:		3425.77 time, 1690.02 real, 1316 MB
[runlim] sample:		3446.05 time, 1700.02 real, 1316 MB
[runlim] sample:		3466.31 time, 1710.02 real, 1324 MB
[runlim] sample:		3486.58 time, 1720.02 real, 1344 MB
[runlim] sample:		3506.86 time, 1730.02 real, 1344 MB
[runlim] sample:		3527.13 time, 1740.02 real, 1344 MB
[runlim] sample:		3547.41 time, 1750.02 real, 1344 MB
[runlim] sample:		3567.68 time, 1760.02 real, 1344 MB
[runlim] sample:		3587.96 time, 1770.02 real, 1349 MB
[runlim] sample:		3608.24 time, 1780.02 real, 1349 MB
[runlim] sample:		3628.50 time, 1790.02 real, 1349 MB
[runlim] sample:		3648.77 time, 1800.02 real, 1349 MB
[runlim] sample:		3669.05 time, 1810.02 real, 1349 MB
[runlim] sample:		3689.31 time, 1820.02 real, 1349 MB
[runlim] sample:		3709.59 time, 1830.02 real, 1362 MB
[runlim] sample:		3729.88 time, 1840.02 real, 1362 MB
[runlim] sample:		3750.15 time, 1850.02 real, 1362 MB
[runlim] sample:		3770.43 time, 1860.02 real, 1362 MB
[runlim] sample:		3790.68 time, 1870.02 real, 1362 MB
[runlim] sample:		3810.94 time, 1880.02 real, 1362 MB
[runlim] sample:		3831.21 time, 1890.02 real, 1362 MB
[runlim] sample:		3851.48 time, 1900.02 real, 1362 MB
[runlim] sample:		3871.76 time, 1910.02 real, 1362 MB
[runlim] sample:		3892.03 time, 1920.02 real, 1362 MB
[runlim] sample:		3912.32 time, 1930.02 real, 1362 MB
[runlim] sample:		3932.58 time, 1940.02 real, 1362 MB
[runlim] sample:		3952.85 time, 1950.02 real, 1362 MB
[runlim] sample:		3973.13 time, 1960.02 real, 1362 MB
[runlim] sample:		3993.41 time, 1970.02 real, 1362 MB
[runlim] sample:		4013.68 time, 1980.02 real, 1362 MB
[runlim] sample:		4033.95 time, 1990.02 real, 1362 MB
[runlim] sample:		4054.23 time, 2000.02 real, 1362 MB
[runlim] sample:		4074.51 time, 2010.02 real, 1362 MB
[runlim] sample:		4094.79 time, 2020.02 real, 1362 MB
[runlim] sample:		4115.06 time, 2030.02 real, 1362 MB
[runlim] sample:		4135.33 time, 2040.01 real, 1362 MB
[runlim] sample:		4155.60 time, 2050.02 real, 1363 MB
[runlim] sample:		4175.87 time, 2060.02 real, 1363 MB
[runlim] sample:		4196.14 time, 2070.02 real, 1363 MB
[runlim] sample:		4216.42 time, 2080.02 real, 1363 MB
[runlim] sample:		4236.68 time, 2090.02 real, 1370 MB
[runlim] sample:		4256.95 time, 2100.02 real, 1370 MB
[runlim] sample:		4277.21 time, 2110.02 real, 1370 MB
[runlim] sample:		4297.48 time, 2120.02 real, 1370 MB
[runlim] sample:		4317.76 time, 2130.02 real, 1370 MB
[runlim] sample:		4338.03 time, 2140.02 real, 1370 MB
[runlim] sample:		4358.30 time, 2150.02 real, 1370 MB
[runlim] sample:		4378.56 time, 2160.02 real, 1310 MB
[runlim] sample:		4398.83 time, 2170.02 real, 1332 MB
[runlim] sample:		4419.09 time, 2180.02 real, 1355 MB
[runlim] sample:		4439.37 time, 2190.02 real, 1355 MB
[runlim] sample:		4459.64 time, 2200.02 real, 1378 MB
[runlim] sample:		4479.91 time, 2210.02 real, 1378 MB
[runlim] sample:		4500.17 time, 2220.02 real, 1378 MB
[runlim] sample:		4520.45 time, 2230.02 real, 1378 MB
[runlim] sample:		4540.68 time, 2240.02 real, 1378 MB
[runlim] sample:		4560.95 time, 2250.02 real, 1378 MB
[runlim] sample:		4581.24 time, 2260.02 real, 1378 MB
[runlim] sample:		4601.51 time, 2270.02 real, 1378 MB
[runlim] sample:		4621.79 time, 2280.02 real, 1337 MB
[runlim] sample:		4642.07 time, 2290.02 real, 1337 MB
[runlim] sample:		4662.33 time, 2300.02 real, 1337 MB
[runlim] sample:		4682.60 time, 2310.02 real, 1338 MB
[runlim] sample:		4702.86 time, 2320.02 real, 1338 MB
[runlim] sample:		4723.12 time, 2330.02 real, 1338 MB
[runlim] sample:		4743.40 time, 2340.02 real, 1338 MB
[runlim] sample:		4763.67 time, 2350.02 real, 1339 MB
[runlim] sample:		4783.94 time, 2360.02 real, 1339 MB
[runlim] sample:		4804.20 time, 2370.02 real, 1337 MB
[runlim] sample:		4824.48 time, 2380.02 real, 1337 MB
[runlim] sample:		4844.74 time, 2390.02 real, 1361 MB
[runlim] sample:		4865.02 time, 2400.02 real, 1361 MB
[runlim] sample:		4885.29 time, 2410.02 real, 1361 MB
[runlim] sample:		4905.57 time, 2420.02 real, 1361 MB
[runlim] sample:		4925.83 time, 2430.02 real, 1361 MB
[runlim] sample:		4946.10 time, 2440.02 real, 1361 MB
[runlim] sample:		4966.38 time, 2450.02 real, 1390 MB
[runlim] sample:		4986.66 time, 2460.02 real, 1390 MB
[runlim] sample:		5006.93 time, 2470.02 real, 1390 MB
[runlim] sample:		5027.22 time, 2480.02 real, 1391 MB
[runlim] sample:		5047.49 time, 2490.02 real, 1391 MB
[runlim] sample:		5067.76 time, 2500.02 real, 1391 MB
[runlim] sample:		5088.05 time, 2510.02 real, 1391 MB
[runlim] sample:		5108.32 time, 2520.02 real, 1391 MB
[runlim] sample:		5128.58 time, 2530.02 real, 1393 MB
[runlim] sample:		5148.85 time, 2540.02 real, 1361 MB
[runlim] sample:		5169.14 time, 2550.02 real, 1361 MB
[runlim] sample:		5189.40 time, 2560.02 real, 1361 MB
[runlim] sample:		5209.68 time, 2570.02 real, 1361 MB
[runlim] sample:		5229.95 time, 2580.02 real, 1361 MB
[runlim] sample:		5250.21 time, 2590.02 real, 1361 MB
[runlim] sample:		5270.47 time, 2600.02 real, 1361 MB
[runlim] sample:		5290.75 time, 2610.02 real, 1361 MB
[runlim] sample:		5311.02 time, 2620.02 real, 1361 MB
[runlim] sample:		5331.28 time, 2630.02 real, 1361 MB
[runlim] sample:		5351.55 time, 2640.02 real, 1361 MB
[runlim] sample:		5371.83 time, 2650.02 real, 1361 MB
[runlim] sample:		5392.09 time, 2660.02 real, 1381 MB
[runlim] sample:		5412.36 time, 2670.02 real, 1407 MB
[runlim] sample:		5432.64 time, 2680.02 real, 1333 MB
[runlim] sample:		5452.90 time, 2690.02 real, 1356 MB
[runlim] sample:		5473.18 time, 2700.02 real, 1365 MB
[runlim] sample:		5493.45 time, 2710.02 real, 1404 MB
[runlim] sample:		5513.73 time, 2720.02 real, 1436 MB
[runlim] sample:		5534.00 time, 2730.02 real, 1455 MB
[runlim] sample:		5554.28 time, 2740.02 real, 1458 MB
[runlim] sample:		5574.55 time, 2750.02 real, 1464 MB
[runlim] sample:		5594.82 time, 2760.02 real, 1466 MB
[runlim] sample:		5615.10 time, 2770.02 real, 1469 MB
[runlim] sample:		5635.39 time, 2780.02 real, 1472 MB
[runlim] sample:		5655.66 time, 2790.02 real, 1474 MB
[runlim] sample:		5675.94 time, 2800.02 real, 1481 MB
[runlim] sample:		5696.20 time, 2810.02 real, 1505 MB
[runlim] sample:		5716.48 time, 2820.02 real, 1525 MB
[runlim] sample:		5736.74 time, 2830.02 real, 1545 MB
[runlim] sample:		5757.02 time, 2840.02 real, 1548 MB
[runlim] sample:		5777.30 time, 2850.02 real, 1554 MB
[runlim] sample:		5797.58 time, 2860.02 real, 1562 MB
[runlim] sample:		5817.84 time, 2870.02 real, 1566 MB
[runlim] sample:		5838.12 time, 2880.02 real, 1594 MB
[runlim] sample:		5858.40 time, 2890.02 real, 1595 MB
[runlim] sample:		5878.66 time, 2900.02 real, 1596 MB
[runlim] sample:		5898.91 time, 2910.02 real, 1597 MB
[runlim] sample:		5919.19 time, 2920.02 real, 1597 MB
[runlim] sample:		5939.46 time, 2930.02 real, 1598 MB
[runlim] sample:		5959.75 time, 2940.02 real, 1555 MB
[runlim] sample:		5979.99 time, 2950.02 real, 1556 MB
[runlim] sample:		6000.27 time, 2960.02 real, 1558 MB
[runlim] sample:		6020.56 time, 2970.02 real, 1559 MB
[runlim] sample:		6040.82 time, 2980.02 real, 1563 MB
[runlim] sample:		6061.09 time, 2990.02 real, 1563 MB
[runlim] sample:		6081.36 time, 3000.02 real, 1566 MB
[runlim] sample:		6101.63 time, 3010.02 real, 1567 MB
[runlim] sample:		6121.91 time, 3020.02 real, 1582 MB
[runlim] sample:		6142.17 time, 3030.02 real, 1587 MB
[runlim] sample:		6162.44 time, 3040.02 real, 1590 MB
[runlim] sample:		6182.72 time, 3050.02 real, 1598 MB
[runlim] sample:		6202.98 time, 3060.02 real, 1576 MB
[runlim] sample:		6223.24 time, 3070.02 real, 1617 MB
[runlim] sample:		6243.51 time, 3080.02 real, 1621 MB
[runlim] sample:		6263.78 time, 3090.02 real, 1649 MB
[runlim] sample:		6284.05 time, 3100.02 real, 1664 MB
[runlim] sample:		6304.32 time, 3110.02 real, 1669 MB
[runlim] sample:		6324.60 time, 3120.02 real, 1694 MB
[runlim] sample:		6344.87 time, 3130.02 real, 1706 MB
[runlim] sample:		6365.12 time, 3140.02 real, 1707 MB
[runlim] sample:		6385.39 time, 3150.02 real, 1709 MB
[runlim] sample:		6405.67 time, 3160.02 real, 1710 MB
[runlim] sample:		6425.95 time, 3170.02 real, 1719 MB
[runlim] sample:		6446.21 time, 3180.02 real, 1726 MB
[runlim] sample:		6466.49 time, 3190.02 real, 1727 MB
[runlim] sample:		6486.76 time, 3200.02 real, 1755 MB
[runlim] sample:		6507.02 time, 3210.02 real, 1756 MB
[runlim] sample:		6527.30 time, 3220.02 real, 1757 MB
[runlim] sample:		6547.56 time, 3230.02 real, 1759 MB
[runlim] sample:		6567.82 time, 3240.02 real, 1760 MB
[runlim] sample:		6588.10 time, 3250.02 real, 1762 MB
[runlim] sample:		6608.36 time, 3260.02 real, 1792 MB
[runlim] sample:		6628.63 time, 3270.02 real, 1793 MB
[runlim] sample:		6648.88 time, 3280.02 real, 1794 MB
[runlim] sample:		6669.15 time, 3290.02 real, 1796 MB
[runlim] sample:		6689.42 time, 3300.02 real, 1822 MB
[runlim] sample:		6709.69 time, 3310.02 real, 1827 MB
[runlim] sample:		6729.95 time, 3320.02 real, 1830 MB
[runlim] sample:		6750.22 time, 3330.02 real, 1848 MB
[runlim] sample:		6770.51 time, 3340.02 real, 1856 MB
[runlim] sample:		6790.79 time, 3350.02 real, 1885 MB
[runlim] sample:		6811.05 time, 3360.02 real, 1887 MB
[runlim] sample:		6831.34 time, 3370.02 real, 1888 MB
[runlim] sample:		6851.61 time, 3380.02 real, 1897 MB
[runlim] sample:		6871.87 time, 3390.02 real, 1855 MB
[runlim] sample:		6892.14 time, 3400.02 real, 1869 MB
[runlim] sample:		6912.40 time, 3410.02 real, 1869 MB
[runlim] sample:		6932.68 time, 3420.02 real, 1873 MB
[runlim] sample:		6952.95 time, 3430.02 real, 1875 MB
[runlim] sample:		6973.22 time, 3440.02 real, 1881 MB
[runlim] sample:		6993.49 time, 3450.02 real, 1883 MB
[runlim] sample:		7013.77 time, 3460.02 real, 1891 MB
[runlim] sample:		7034.03 time, 3470.02 real, 1893 MB
[runlim] sample:		7054.31 time, 3480.02 real, 1897 MB
[runlim] sample:		7074.58 time, 3490.02 real, 1910 MB
[runlim] sample:		7094.85 time, 3500.02 real, 1912 MB
[runlim] sample:		7115.11 time, 3510.02 real, 1915 MB
[runlim] sample:		7135.37 time, 3520.02 real, 1927 MB
[runlim] sample:		7155.64 time, 3530.02 real, 1938 MB
[runlim] sample:		7175.92 time, 3540.02 real, 1964 MB
[runlim] sample:		7196.19 time, 3550.02 real, 1975 MB
[runlim] sample:		7216.46 time, 3560.02 real, 1977 MB
[runlim] sample:		7236.75 time, 3570.02 real, 1978 MB
[runlim] sample:		7257.03 time, 3580.02 real, 1979 MB
[runlim] sample:		7277.30 time, 3590.02 real, 2001 MB
[runlim] sample:		7297.57 time, 3600.02 real, 1990 MB
[runlim] end:			Wed Oct 16 16:07:45 2019
[runlim] status:		out of time
[runlim] result:		2
[runlim] children:		4
[runlim] real:			3600.10 seconds
[runlim] time:			7297.57 seconds
[runlim] space:			2039 MB
[runlim] samples:		36000
