[runlim] version:		1.17
[runlim] host:			c3n25
[runlim] time limit:		311040000 seconds
[runlim] real time limit:	3600 seconds
[runlim] space limit:		120000 MB
[runlim] argv[0]:		./run-cosa2.sh
[runlim] argv[1]:		/tmp/uuoyn4HE.btor2
[runlim] start:			Wed Oct 16 15:33:55 2019
[runlim] child:			14667
[runlim] sample:		20.14 time, 10.02 real, 140 MB
[runlim] sample:		40.38 time, 20.02 real, 161 MB
[runlim] sample:		60.65 time, 30.02 real, 182 MB
[runlim] sample:		80.93 time, 40.02 real, 194 MB
[runlim] sample:		101.20 time, 50.02 real, 197 MB
[runlim] sample:		121.47 time, 60.02 real, 215 MB
[runlim] sample:		141.74 time, 70.02 real, 230 MB
[runlim] sample:		162.01 time, 80.02 real, 246 MB
[runlim] sample:		182.30 time, 90.02 real, 265 MB
[runlim] sample:		202.57 time, 100.02 real, 285 MB
[runlim] sample:		222.83 time, 110.02 real, 289 MB
[runlim] sample:		243.11 time, 120.02 real, 300 MB
[runlim] sample:		263.37 time, 130.02 real, 300 MB
[runlim] sample:		283.65 time, 140.02 real, 310 MB
[runlim] sample:		303.91 time, 150.02 real, 293 MB
[runlim] sample:		324.19 time, 160.02 real, 293 MB
[runlim] sample:		344.46 time, 170.02 real, 295 MB
[runlim] sample:		364.74 time, 180.02 real, 307 MB
[runlim] sample:		385.01 time, 190.02 real, 309 MB
[runlim] sample:		405.28 time, 200.02 real, 317 MB
[runlim] sample:		425.55 time, 210.02 real, 335 MB
[runlim] sample:		445.83 time, 220.02 real, 344 MB
[runlim] sample:		466.10 time, 230.02 real, 344 MB
[runlim] sample:		486.38 time, 240.02 real, 346 MB
[runlim] sample:		506.65 time, 250.02 real, 350 MB
[runlim] sample:		526.92 time, 260.02 real, 354 MB
[runlim] sample:		547.20 time, 270.02 real, 362 MB
[runlim] sample:		567.47 time, 280.02 real, 370 MB
[runlim] sample:		587.73 time, 290.02 real, 386 MB
[runlim] sample:		608.01 time, 300.02 real, 391 MB
[runlim] sample:		628.29 time, 310.02 real, 392 MB
[runlim] sample:		648.57 time, 320.02 real, 398 MB
[runlim] sample:		668.85 time, 330.02 real, 498 MB
[runlim] sample:		689.12 time, 340.02 real, 518 MB
[runlim] sample:		709.41 time, 350.02 real, 544 MB
[runlim] sample:		729.67 time, 360.02 real, 565 MB
[runlim] sample:		749.95 time, 370.02 real, 570 MB
[runlim] sample:		770.23 time, 380.02 real, 571 MB
[runlim] sample:		790.51 time, 390.02 real, 571 MB
[runlim] sample:		810.79 time, 400.02 real, 576 MB
[runlim] sample:		831.05 time, 410.02 real, 566 MB
[runlim] sample:		851.32 time, 420.02 real, 581 MB
[runlim] sample:		871.61 time, 430.02 real, 586 MB
[runlim] sample:		891.88 time, 440.02 real, 602 MB
[runlim] sample:		912.15 time, 450.02 real, 603 MB
[runlim] sample:		932.42 time, 460.02 real, 615 MB
[runlim] sample:		952.69 time, 470.02 real, 617 MB
[runlim] sample:		972.97 time, 480.02 real, 623 MB
[runlim] sample:		993.27 time, 490.02 real, 641 MB
[runlim] sample:		1013.54 time, 500.02 real, 649 MB
[runlim] sample:		1033.81 time, 510.02 real, 652 MB
[runlim] sample:		1054.07 time, 520.02 real, 672 MB
[runlim] sample:		1074.35 time, 530.02 real, 691 MB
[runlim] sample:		1094.62 time, 540.02 real, 696 MB
[runlim] sample:		1114.89 time, 550.02 real, 747 MB
[runlim] sample:		1135.16 time, 560.02 real, 784 MB
[runlim] sample:		1155.43 time, 570.02 real, 796 MB
[runlim] sample:		1175.70 time, 580.02 real, 803 MB
[runlim] sample:		1195.97 time, 590.02 real, 826 MB
[runlim] sample:		1216.24 time, 600.02 real, 865 MB
[runlim] sample:		1236.52 time, 610.02 real, 905 MB
[runlim] sample:		1256.80 time, 620.02 real, 914 MB
[runlim] sample:		1277.08 time, 630.02 real, 922 MB
[runlim] sample:		1297.35 time, 640.02 real, 919 MB
[runlim] sample:		1317.62 time, 650.02 real, 981 MB
[runlim] sample:		1337.89 time, 660.02 real, 981 MB
[runlim] sample:		1358.17 time, 670.02 real, 990 MB
[runlim] sample:		1378.44 time, 680.02 real, 999 MB
[runlim] sample:		1398.72 time, 690.02 real, 1004 MB
[runlim] sample:		1418.99 time, 700.02 real, 1010 MB
[runlim] sample:		1439.27 time, 710.02 real, 1015 MB
[runlim] sample:		1459.54 time, 720.02 real, 1037 MB
[runlim] sample:		1479.82 time, 730.02 real, 1026 MB
[runlim] sample:		1500.09 time, 740.02 real, 1040 MB
[runlim] sample:		1520.37 time, 750.01 real, 1148 MB
[runlim] sample:		1540.65 time, 760.02 real, 1151 MB
[runlim] sample:		1560.92 time, 770.02 real, 1151 MB
[runlim] sample:		1581.20 time, 780.02 real, 1153 MB
[runlim] sample:		1601.47 time, 790.02 real, 1153 MB
[runlim] sample:		1621.73 time, 800.02 real, 1154 MB
[runlim] sample:		1642.01 time, 810.02 real, 1154 MB
[runlim] sample:		1662.27 time, 820.02 real, 1154 MB
[runlim] sample:		1682.54 time, 830.02 real, 1154 MB
[runlim] sample:		1702.80 time, 840.02 real, 1154 MB
[runlim] sample:		1723.07 time, 850.02 real, 1154 MB
[runlim] sample:		1743.34 time, 860.02 real, 1172 MB
[runlim] sample:		1763.61 time, 870.02 real, 1172 MB
[runlim] sample:		1783.88 time, 880.02 real, 1172 MB
[runlim] sample:		1804.15 time, 890.02 real, 1183 MB
[runlim] sample:		1824.40 time, 900.02 real, 1188 MB
[runlim] sample:		1844.68 time, 910.02 real, 1188 MB
[runlim] sample:		1864.95 time, 920.02 real, 1188 MB
[runlim] sample:		1885.23 time, 930.02 real, 1188 MB
[runlim] sample:		1905.51 time, 940.02 real, 1188 MB
[runlim] sample:		1925.78 time, 950.02 real, 1188 MB
[runlim] sample:		1946.05 time, 960.02 real, 1188 MB
[runlim] sample:		1966.32 time, 970.02 real, 1188 MB
[runlim] sample:		1986.60 time, 980.02 real, 1188 MB
[runlim] sample:		2006.89 time, 990.02 real, 1192 MB
[runlim] sample:		2027.17 time, 1000.02 real, 1206 MB
[runlim] sample:		2047.43 time, 1010.02 real, 1169 MB
[runlim] sample:		2067.72 time, 1020.02 real, 1202 MB
[runlim] sample:		2088.00 time, 1030.02 real, 1222 MB
[runlim] sample:		2108.25 time, 1040.02 real, 1224 MB
[runlim] sample:		2128.53 time, 1050.02 real, 1224 MB
[runlim] sample:		2148.80 time, 1060.02 real, 1226 MB
[runlim] sample:		2169.07 time, 1070.02 real, 1226 MB
[runlim] sample:		2189.34 time, 1080.02 real, 1227 MB
[runlim] sample:		2209.62 time, 1090.02 real, 1227 MB
[runlim] sample:		2229.89 time, 1100.02 real, 1227 MB
[runlim] sample:		2250.16 time, 1110.02 real, 1227 MB
[runlim] sample:		2270.43 time, 1120.02 real, 1228 MB
[runlim] sample:		2290.71 time, 1130.02 real, 1240 MB
[runlim] sample:		2310.98 time, 1140.02 real, 1257 MB
[runlim] sample:		2331.25 time, 1150.02 real, 1261 MB
[runlim] sample:		2351.52 time, 1160.02 real, 1215 MB
[runlim] sample:		2371.80 time, 1170.02 real, 1246 MB
[runlim] sample:		2392.07 time, 1180.02 real, 1320 MB
[runlim] sample:		2412.35 time, 1190.02 real, 1350 MB
[runlim] sample:		2432.63 time, 1200.02 real, 1369 MB
[runlim] sample:		2452.90 time, 1210.02 real, 1373 MB
[runlim] sample:		2473.18 time, 1220.02 real, 1376 MB
[runlim] sample:		2493.46 time, 1230.02 real, 1389 MB
[runlim] sample:		2513.74 time, 1240.02 real, 1408 MB
[runlim] sample:		2534.01 time, 1250.02 real, 1477 MB
[runlim] sample:		2554.29 time, 1260.02 real, 1485 MB
[runlim] sample:		2574.56 time, 1270.02 real, 1486 MB
[runlim] sample:		2594.82 time, 1280.02 real, 1496 MB
[runlim] sample:		2615.11 time, 1290.02 real, 1496 MB
[runlim] sample:		2635.38 time, 1300.02 real, 1496 MB
[runlim] sample:		2655.65 time, 1310.02 real, 1496 MB
[runlim] sample:		2675.92 time, 1320.02 real, 1496 MB
[runlim] sample:		2696.20 time, 1330.02 real, 1505 MB
[runlim] sample:		2716.48 time, 1340.02 real, 1526 MB
[runlim] sample:		2736.73 time, 1350.02 real, 1526 MB
[runlim] sample:		2757.02 time, 1360.02 real, 1546 MB
[runlim] sample:		2777.28 time, 1370.02 real, 1594 MB
[runlim] sample:		2797.55 time, 1380.02 real, 1661 MB
[runlim] sample:		2817.84 time, 1390.02 real, 1627 MB
[runlim] sample:		2838.11 time, 1400.02 real, 1653 MB
[runlim] sample:		2858.37 time, 1410.02 real, 1654 MB
[runlim] sample:		2878.65 time, 1420.02 real, 1656 MB
[runlim] sample:		2898.93 time, 1430.02 real, 1666 MB
[runlim] sample:		2919.20 time, 1440.02 real, 1689 MB
[runlim] sample:		2939.46 time, 1450.02 real, 1722 MB
[runlim] sample:		2959.74 time, 1460.02 real, 1728 MB
[runlim] sample:		2980.00 time, 1470.02 real, 1731 MB
[runlim] sample:		3000.27 time, 1480.02 real, 1734 MB
[runlim] sample:		3020.53 time, 1490.02 real, 1745 MB
[runlim] sample:		3040.80 time, 1500.02 real, 1749 MB
[runlim] sample:		3061.08 time, 1510.02 real, 1760 MB
[runlim] sample:		3081.34 time, 1520.02 real, 1764 MB
[runlim] sample:		3101.62 time, 1530.02 real, 1766 MB
[runlim] sample:		3121.88 time, 1540.02 real, 1781 MB
[runlim] sample:		3142.16 time, 1550.02 real, 1863 MB
[runlim] sample:		3162.43 time, 1560.02 real, 1871 MB
[runlim] sample:		3182.71 time, 1570.02 real, 1911 MB
[runlim] sample:		3203.01 time, 1580.02 real, 1945 MB
[runlim] sample:		3223.26 time, 1590.02 real, 1994 MB
[runlim] sample:		3243.55 time, 1600.02 real, 1949 MB
[runlim] sample:		3263.82 time, 1610.02 real, 1952 MB
[runlim] sample:		3284.11 time, 1620.02 real, 1986 MB
[runlim] sample:		3304.39 time, 1630.02 real, 1987 MB
[runlim] sample:		3324.65 time, 1640.02 real, 1989 MB
[runlim] sample:		3344.93 time, 1650.02 real, 2017 MB
[runlim] sample:		3365.20 time, 1660.02 real, 2017 MB
[runlim] sample:		3385.48 time, 1670.02 real, 2017 MB
[runlim] sample:		3405.77 time, 1680.02 real, 2021 MB
[runlim] sample:		3426.05 time, 1690.02 real, 2021 MB
[runlim] sample:		3446.32 time, 1700.02 real, 2052 MB
[runlim] sample:		3466.60 time, 1710.02 real, 2052 MB
[runlim] sample:		3486.89 time, 1720.02 real, 2053 MB
[runlim] sample:		3507.16 time, 1730.02 real, 2060 MB
[runlim] sample:		3527.44 time, 1740.02 real, 2060 MB
[runlim] sample:		3547.72 time, 1750.02 real, 2068 MB
[runlim] sample:		3568.00 time, 1760.02 real, 2071 MB
[runlim] sample:		3588.27 time, 1770.02 real, 2077 MB
[runlim] sample:		3608.54 time, 1780.02 real, 2077 MB
[runlim] sample:		3628.81 time, 1790.02 real, 2077 MB
[runlim] sample:		3649.08 time, 1800.02 real, 2077 MB
[runlim] sample:		3669.34 time, 1810.02 real, 2098 MB
[runlim] sample:		3689.61 time, 1820.02 real, 2098 MB
[runlim] sample:		3709.89 time, 1830.02 real, 2101 MB
[runlim] sample:		3730.17 time, 1840.02 real, 2148 MB
[runlim] sample:		3750.44 time, 1850.02 real, 2095 MB
[runlim] sample:		3770.72 time, 1860.02 real, 2095 MB
[runlim] sample:		3790.99 time, 1870.02 real, 2095 MB
[runlim] sample:		3811.27 time, 1880.02 real, 2095 MB
[runlim] sample:		3831.53 time, 1890.02 real, 2095 MB
[runlim] sample:		3851.80 time, 1900.02 real, 2095 MB
[runlim] sample:		3872.08 time, 1910.02 real, 2095 MB
[runlim] sample:		3892.35 time, 1920.02 real, 2112 MB
[runlim] sample:		3912.62 time, 1930.02 real, 2112 MB
[runlim] sample:		3932.90 time, 1940.02 real, 2112 MB
[runlim] sample:		3953.17 time, 1950.02 real, 2112 MB
[runlim] sample:		3973.45 time, 1960.02 real, 2112 MB
[runlim] sample:		3993.72 time, 1970.02 real, 2112 MB
[runlim] sample:		4014.00 time, 1980.02 real, 2112 MB
[runlim] sample:		4034.27 time, 1990.02 real, 2112 MB
[runlim] sample:		4054.55 time, 2000.02 real, 2112 MB
[runlim] sample:		4074.82 time, 2010.02 real, 2112 MB
[runlim] sample:		4095.10 time, 2020.02 real, 2112 MB
[runlim] sample:		4115.38 time, 2030.02 real, 2115 MB
[runlim] sample:		4135.64 time, 2040.02 real, 2150 MB
[runlim] sample:		4155.91 time, 2050.02 real, 2151 MB
[runlim] sample:		4176.18 time, 2060.02 real, 2115 MB
[runlim] sample:		4196.46 time, 2070.02 real, 2115 MB
[runlim] sample:		4216.72 time, 2080.02 real, 2115 MB
[runlim] sample:		4236.99 time, 2090.02 real, 2138 MB
[runlim] sample:		4257.27 time, 2100.02 real, 2138 MB
[runlim] sample:		4277.54 time, 2110.02 real, 2138 MB
[runlim] sample:		4297.82 time, 2120.02 real, 2138 MB
[runlim] sample:		4318.08 time, 2130.02 real, 2143 MB
[runlim] sample:		4338.35 time, 2140.02 real, 2143 MB
[runlim] sample:		4358.63 time, 2150.02 real, 2144 MB
[runlim] sample:		4378.90 time, 2160.02 real, 2144 MB
[runlim] sample:		4399.18 time, 2170.02 real, 2144 MB
[runlim] sample:		4419.47 time, 2180.02 real, 2144 MB
[runlim] sample:		4439.74 time, 2190.02 real, 2144 MB
[runlim] sample:		4460.01 time, 2200.02 real, 2144 MB
[runlim] sample:		4480.29 time, 2210.02 real, 2144 MB
[runlim] sample:		4500.55 time, 2220.02 real, 2171 MB
[runlim] sample:		4520.84 time, 2230.02 real, 2171 MB
[runlim] sample:		4541.09 time, 2240.02 real, 2171 MB
[runlim] sample:		4561.38 time, 2250.02 real, 2171 MB
[runlim] sample:		4581.64 time, 2260.02 real, 2171 MB
[runlim] sample:		4601.92 time, 2270.02 real, 2171 MB
[runlim] sample:		4622.20 time, 2280.02 real, 2171 MB
[runlim] sample:		4642.48 time, 2290.02 real, 2171 MB
[runlim] sample:		4662.75 time, 2300.02 real, 2171 MB
[runlim] sample:		4683.03 time, 2310.02 real, 2171 MB
[runlim] sample:		4703.31 time, 2320.02 real, 2171 MB
[runlim] sample:		4723.59 time, 2330.02 real, 2171 MB
[runlim] sample:		4743.85 time, 2340.02 real, 2171 MB
[runlim] sample:		4764.13 time, 2350.02 real, 2171 MB
[runlim] sample:		4784.40 time, 2360.02 real, 2171 MB
[runlim] sample:		4804.68 time, 2370.02 real, 2171 MB
[runlim] sample:		4824.96 time, 2380.02 real, 2171 MB
[runlim] sample:		4845.22 time, 2390.02 real, 2171 MB
[runlim] sample:		4865.51 time, 2400.02 real, 2171 MB
[runlim] sample:		4885.78 time, 2410.02 real, 2171 MB
[runlim] sample:		4906.05 time, 2420.02 real, 2171 MB
[runlim] sample:		4926.33 time, 2430.02 real, 2171 MB
[runlim] sample:		4946.60 time, 2440.02 real, 2171 MB
[runlim] sample:		4966.86 time, 2450.02 real, 2171 MB
[runlim] sample:		4987.14 time, 2460.02 real, 2171 MB
[runlim] sample:		5007.41 time, 2470.02 real, 2171 MB
[runlim] sample:		5027.68 time, 2480.02 real, 2171 MB
[runlim] sample:		5047.96 time, 2490.02 real, 2171 MB
[runlim] sample:		5068.24 time, 2500.02 real, 2171 MB
[runlim] sample:		5088.50 time, 2510.02 real, 2171 MB
[runlim] sample:		5108.77 time, 2520.02 real, 2171 MB
[runlim] sample:		5129.05 time, 2530.02 real, 2171 MB
[runlim] sample:		5149.32 time, 2540.02 real, 2198 MB
[runlim] sample:		5169.59 time, 2550.02 real, 2198 MB
[runlim] sample:		5189.87 time, 2560.02 real, 2198 MB
[runlim] sample:		5210.14 time, 2570.02 real, 2198 MB
[runlim] sample:		5230.42 time, 2580.02 real, 2198 MB
[runlim] sample:		5250.69 time, 2590.02 real, 2198 MB
[runlim] sample:		5270.96 time, 2600.02 real, 2198 MB
[runlim] sample:		5291.23 time, 2610.02 real, 2198 MB
[runlim] sample:		5311.49 time, 2620.02 real, 2198 MB
[runlim] sample:		5331.76 time, 2630.02 real, 2198 MB
[runlim] sample:		5352.04 time, 2640.02 real, 2198 MB
[runlim] sample:		5372.31 time, 2650.02 real, 2198 MB
[runlim] sample:		5392.60 time, 2660.02 real, 2198 MB
[runlim] sample:		5412.86 time, 2670.02 real, 2198 MB
[runlim] sample:		5433.12 time, 2680.02 real, 2198 MB
[runlim] sample:		5453.40 time, 2690.02 real, 2198 MB
[runlim] sample:		5473.68 time, 2700.02 real, 2198 MB
[runlim] sample:		5493.95 time, 2710.02 real, 2198 MB
[runlim] sample:		5514.22 time, 2720.02 real, 2198 MB
[runlim] sample:		5534.48 time, 2730.02 real, 2198 MB
[runlim] sample:		5554.75 time, 2740.02 real, 2198 MB
[runlim] sample:		5575.03 time, 2750.02 real, 2198 MB
[runlim] sample:		5595.30 time, 2760.02 real, 2198 MB
[runlim] sample:		5615.58 time, 2770.02 real, 2198 MB
[runlim] sample:		5635.84 time, 2780.02 real, 2198 MB
[runlim] sample:		5656.11 time, 2790.02 real, 2198 MB
[runlim] sample:		5676.40 time, 2800.02 real, 2198 MB
[runlim] sample:		5696.66 time, 2810.02 real, 2198 MB
[runlim] sample:		5716.93 time, 2820.02 real, 2198 MB
[runlim] sample:		5737.22 time, 2830.02 real, 2198 MB
[runlim] sample:		5757.48 time, 2840.02 real, 2198 MB
[runlim] sample:		5777.76 time, 2850.02 real, 2198 MB
[runlim] sample:		5798.04 time, 2860.02 real, 2198 MB
[runlim] sample:		5818.32 time, 2870.02 real, 2198 MB
[runlim] sample:		5838.59 time, 2880.02 real, 2198 MB
[runlim] sample:		5858.86 time, 2890.02 real, 2198 MB
[runlim] sample:		5879.15 time, 2900.02 real, 2198 MB
[runlim] sample:		5899.41 time, 2910.02 real, 2198 MB
[runlim] sample:		5919.69 time, 2920.02 real, 2198 MB
[runlim] sample:		5939.96 time, 2930.02 real, 2198 MB
[runlim] sample:		5960.23 time, 2940.02 real, 2198 MB
[runlim] sample:		5980.50 time, 2950.02 real, 2198 MB
[runlim] sample:		6000.77 time, 2960.02 real, 2198 MB
[runlim] sample:		6021.04 time, 2970.02 real, 2198 MB
[runlim] sample:		6041.31 time, 2980.02 real, 2198 MB
[runlim] sample:		6061.60 time, 2990.02 real, 2198 MB
[runlim] sample:		6081.84 time, 3000.02 real, 2172 MB
[runlim] sample:		6102.12 time, 3010.02 real, 2172 MB
[runlim] sample:		6122.39 time, 3020.02 real, 2213 MB
[runlim] sample:		6142.67 time, 3030.02 real, 2213 MB
[runlim] sample:		6162.94 time, 3040.02 real, 2213 MB
[runlim] sample:		6183.22 time, 3050.02 real, 2213 MB
[runlim] sample:		6203.48 time, 3060.02 real, 2211 MB
[runlim] sample:		6223.74 time, 3070.02 real, 2211 MB
[runlim] sample:		6244.02 time, 3080.02 real, 2211 MB
[runlim] sample:		6264.30 time, 3090.02 real, 2172 MB
[runlim] sample:		6284.58 time, 3100.02 real, 2172 MB
[runlim] sample:		6304.86 time, 3110.02 real, 2206 MB
[runlim] sample:		6325.13 time, 3120.02 real, 2206 MB
[runlim] sample:		6345.38 time, 3130.02 real, 2206 MB
[runlim] sample:		6365.67 time, 3140.02 real, 2206 MB
[runlim] sample:		6385.94 time, 3150.02 real, 2206 MB
[runlim] sample:		6406.22 time, 3160.02 real, 2206 MB
[runlim] sample:		6426.48 time, 3170.02 real, 2206 MB
[runlim] sample:		6446.76 time, 3180.02 real, 2172 MB
[runlim] sample:		6467.04 time, 3190.02 real, 2172 MB
[runlim] sample:		6487.31 time, 3200.02 real, 2172 MB
[runlim] sample:		6507.59 time, 3210.02 real, 2172 MB
[runlim] sample:		6527.87 time, 3220.02 real, 2207 MB
[runlim] sample:		6548.14 time, 3230.02 real, 2207 MB
[runlim] sample:		6568.41 time, 3240.02 real, 2207 MB
[runlim] sample:		6588.69 time, 3250.02 real, 2206 MB
[runlim] sample:		6608.96 time, 3260.02 real, 2206 MB
[runlim] sample:		6629.24 time, 3270.02 real, 2206 MB
[runlim] sample:		6649.51 time, 3280.02 real, 2172 MB
[runlim] sample:		6669.78 time, 3290.02 real, 2172 MB
[runlim] sample:		6690.05 time, 3300.02 real, 2172 MB
[runlim] sample:		6710.31 time, 3310.02 real, 2207 MB
[runlim] sample:		6730.59 time, 3320.02 real, 2207 MB
[runlim] sample:		6750.86 time, 3330.02 real, 2207 MB
[runlim] sample:		6771.14 time, 3340.02 real, 2207 MB
[runlim] sample:		6791.41 time, 3350.02 real, 2207 MB
[runlim] sample:		6811.68 time, 3360.02 real, 2172 MB
[runlim] sample:		6831.96 time, 3370.02 real, 2172 MB
[runlim] sample:		6852.23 time, 3380.02 real, 2172 MB
[runlim] sample:		6872.51 time, 3390.02 real, 2172 MB
[runlim] sample:		6892.78 time, 3400.02 real, 2172 MB
[runlim] sample:		6913.07 time, 3410.02 real, 2210 MB
[runlim] sample:		6933.35 time, 3420.02 real, 2210 MB
[runlim] sample:		6953.62 time, 3430.02 real, 2210 MB
[runlim] sample:		6973.89 time, 3440.02 real, 2210 MB
[runlim] sample:		6994.15 time, 3450.02 real, 2252 MB
[runlim] sample:		7014.42 time, 3460.02 real, 2258 MB
[runlim] sample:		7034.69 time, 3470.02 real, 2258 MB
[runlim] sample:		7054.97 time, 3480.02 real, 2311 MB
[runlim] sample:		7075.24 time, 3490.02 real, 2325 MB
[runlim] sample:		7095.51 time, 3500.02 real, 2371 MB
[runlim] sample:		7115.79 time, 3510.02 real, 2376 MB
[runlim] sample:		7136.06 time, 3520.02 real, 2334 MB
[runlim] sample:		7156.33 time, 3530.02 real, 2335 MB
[runlim] sample:		7176.61 time, 3540.02 real, 2347 MB
[runlim] sample:		7196.88 time, 3550.02 real, 2347 MB
[runlim] sample:		7217.15 time, 3560.02 real, 2347 MB
[runlim] sample:		7237.44 time, 3570.02 real, 2384 MB
[runlim] sample:		7257.73 time, 3580.02 real, 2386 MB
[runlim] sample:		7277.99 time, 3590.02 real, 2408 MB
[runlim] sample:		7298.26 time, 3600.02 real, 2411 MB
[runlim] end:			Wed Oct 16 16:33:55 2019
[runlim] status:		out of time
[runlim] result:		2
[runlim] children:		4
[runlim] real:			3600.11 seconds
[runlim] time:			7298.26 seconds
[runlim] space:			2417 MB
[runlim] samples:		36000
