[runlim] version:		1.17
[runlim] host:			c3n20
[runlim] time limit:		311040000 seconds
[runlim] real time limit:	3600 seconds
[runlim] space limit:		120000 MB
[runlim] argv[0]:		./run-cosa2.sh
[runlim] argv[1]:		/tmp/cgOkDORs.btor2
[runlim] start:			Wed Oct 16 15:32:23 2019
[runlim] child:			21057
[runlim] sample:		20.16 time, 10.02 real, 96 MB
[runlim] sample:		40.44 time, 20.02 real, 115 MB
[runlim] sample:		60.70 time, 30.02 real, 117 MB
[runlim] sample:		80.97 time, 40.02 real, 128 MB
[runlim] sample:		101.24 time, 50.02 real, 135 MB
[runlim] sample:		121.53 time, 60.02 real, 149 MB
[runlim] sample:		141.80 time, 70.02 real, 149 MB
[runlim] sample:		162.09 time, 80.02 real, 162 MB
[runlim] sample:		182.36 time, 90.02 real, 167 MB
[runlim] sample:		202.62 time, 100.02 real, 167 MB
[runlim] sample:		222.90 time, 110.02 real, 173 MB
[runlim] sample:		243.18 time, 120.02 real, 179 MB
[runlim] sample:		263.45 time, 130.02 real, 183 MB
[runlim] sample:		283.73 time, 140.02 real, 187 MB
[runlim] sample:		304.01 time, 150.02 real, 204 MB
[runlim] sample:		324.28 time, 160.02 real, 212 MB
[runlim] sample:		344.53 time, 170.02 real, 234 MB
[runlim] sample:		364.82 time, 180.02 real, 262 MB
[runlim] sample:		385.09 time, 190.02 real, 270 MB
[runlim] sample:		405.36 time, 200.02 real, 288 MB
[runlim] sample:		425.64 time, 210.02 real, 310 MB
[runlim] sample:		445.91 time, 220.02 real, 322 MB
[runlim] sample:		466.18 time, 230.02 real, 333 MB
[runlim] sample:		486.46 time, 240.02 real, 352 MB
[runlim] sample:		506.73 time, 250.02 real, 361 MB
[runlim] sample:		527.01 time, 260.02 real, 374 MB
[runlim] sample:		547.29 time, 270.02 real, 366 MB
[runlim] sample:		567.57 time, 280.02 real, 367 MB
[runlim] sample:		587.83 time, 290.02 real, 370 MB
[runlim] sample:		608.10 time, 300.02 real, 380 MB
[runlim] sample:		628.37 time, 310.02 real, 383 MB
[runlim] sample:		648.65 time, 320.02 real, 384 MB
[runlim] sample:		668.92 time, 330.02 real, 431 MB
[runlim] sample:		689.19 time, 340.02 real, 504 MB
[runlim] sample:		709.48 time, 350.02 real, 555 MB
[runlim] sample:		729.75 time, 360.02 real, 635 MB
[runlim] sample:		750.02 time, 370.02 real, 683 MB
[runlim] sample:		770.30 time, 380.02 real, 717 MB
[runlim] sample:		790.57 time, 390.02 real, 730 MB
[runlim] sample:		810.85 time, 400.02 real, 739 MB
[runlim] sample:		831.12 time, 410.02 real, 757 MB
[runlim] sample:		851.40 time, 420.02 real, 825 MB
[runlim] sample:		871.68 time, 430.02 real, 946 MB
[runlim] sample:		891.95 time, 440.02 real, 1052 MB
[runlim] sample:		912.23 time, 450.02 real, 1106 MB
[runlim] sample:		932.50 time, 460.02 real, 1146 MB
[runlim] sample:		952.77 time, 470.02 real, 1132 MB
[runlim] sample:		973.03 time, 480.02 real, 1143 MB
[runlim] sample:		993.32 time, 490.02 real, 1151 MB
[runlim] sample:		1013.59 time, 500.02 real, 1184 MB
[runlim] sample:		1033.86 time, 510.02 real, 1185 MB
[runlim] sample:		1054.13 time, 520.02 real, 1185 MB
[runlim] sample:		1074.41 time, 530.02 real, 1218 MB
[runlim] sample:		1094.69 time, 540.02 real, 1232 MB
[runlim] sample:		1114.95 time, 550.02 real, 1273 MB
[runlim] sample:		1135.23 time, 560.02 real, 1288 MB
[runlim] sample:		1155.52 time, 570.02 real, 1328 MB
[runlim] sample:		1175.79 time, 580.02 real, 1349 MB
[runlim] sample:		1196.07 time, 590.02 real, 1363 MB
[runlim] sample:		1216.33 time, 600.02 real, 1366 MB
[runlim] sample:		1236.61 time, 610.02 real, 1378 MB
[runlim] sample:		1256.89 time, 620.02 real, 1378 MB
[runlim] sample:		1277.16 time, 630.02 real, 1378 MB
[runlim] sample:		1297.45 time, 640.02 real, 1391 MB
[runlim] sample:		1317.72 time, 650.02 real, 1394 MB
[runlim] sample:		1338.00 time, 660.02 real, 1405 MB
[runlim] sample:		1358.28 time, 670.02 real, 1405 MB
[runlim] sample:		1378.53 time, 680.02 real, 1406 MB
[runlim] sample:		1398.82 time, 690.02 real, 1406 MB
[runlim] sample:		1419.10 time, 700.02 real, 1407 MB
[runlim] sample:		1439.37 time, 710.02 real, 1407 MB
[runlim] sample:		1459.64 time, 720.02 real, 1408 MB
[runlim] sample:		1479.91 time, 730.02 real, 1415 MB
[runlim] sample:		1500.19 time, 740.02 real, 1428 MB
[runlim] sample:		1520.47 time, 750.02 real, 1400 MB
[runlim] sample:		1540.75 time, 760.02 real, 1400 MB
[runlim] sample:		1561.04 time, 770.02 real, 1400 MB
[runlim] sample:		1581.30 time, 780.02 real, 1402 MB
[runlim] sample:		1601.58 time, 790.02 real, 1402 MB
[runlim] sample:		1621.85 time, 800.02 real, 1418 MB
[runlim] sample:		1642.12 time, 810.02 real, 1418 MB
[runlim] sample:		1662.40 time, 820.02 real, 1418 MB
[runlim] sample:		1682.68 time, 830.02 real, 1418 MB
[runlim] sample:		1702.95 time, 840.02 real, 1418 MB
[runlim] sample:		1723.23 time, 850.02 real, 1418 MB
[runlim] sample:		1743.49 time, 860.02 real, 1418 MB
[runlim] sample:		1763.77 time, 870.02 real, 1424 MB
[runlim] sample:		1784.05 time, 880.02 real, 1424 MB
[runlim] sample:		1804.32 time, 890.02 real, 1424 MB
[runlim] sample:		1824.60 time, 900.02 real, 1424 MB
[runlim] sample:		1844.87 time, 910.02 real, 1429 MB
[runlim] sample:		1865.14 time, 920.02 real, 1429 MB
[runlim] sample:		1885.42 time, 930.02 real, 1429 MB
[runlim] sample:		1905.70 time, 940.02 real, 1429 MB
[runlim] sample:		1925.98 time, 950.02 real, 1429 MB
[runlim] sample:		1946.23 time, 960.02 real, 1441 MB
[runlim] sample:		1966.51 time, 970.02 real, 1441 MB
[runlim] sample:		1986.80 time, 980.02 real, 1421 MB
[runlim] sample:		2007.07 time, 990.02 real, 1412 MB
[runlim] sample:		2027.34 time, 1000.02 real, 1431 MB
[runlim] sample:		2047.61 time, 1010.02 real, 1451 MB
[runlim] sample:		2067.90 time, 1020.02 real, 1451 MB
[runlim] sample:		2088.17 time, 1030.02 real, 1451 MB
[runlim] sample:		2108.44 time, 1040.02 real, 1451 MB
[runlim] sample:		2128.70 time, 1050.02 real, 1408 MB
[runlim] sample:		2148.99 time, 1060.02 real, 1426 MB
[runlim] sample:		2169.26 time, 1070.02 real, 1444 MB
[runlim] sample:		2189.54 time, 1080.02 real, 1444 MB
[runlim] sample:		2209.83 time, 1090.02 real, 1406 MB
[runlim] sample:		2230.11 time, 1100.02 real, 1415 MB
[runlim] sample:		2250.38 time, 1110.02 real, 1431 MB
[runlim] sample:		2270.67 time, 1120.02 real, 1431 MB
[runlim] sample:		2290.94 time, 1130.02 real, 1431 MB
[runlim] sample:		2311.21 time, 1140.02 real, 1431 MB
[runlim] sample:		2331.49 time, 1150.02 real, 1440 MB
[runlim] sample:		2351.76 time, 1160.02 real, 1440 MB
[runlim] sample:		2372.04 time, 1170.02 real, 1440 MB
[runlim] sample:		2392.32 time, 1180.02 real, 1440 MB
[runlim] sample:		2412.59 time, 1190.02 real, 1440 MB
[runlim] sample:		2432.87 time, 1200.02 real, 1440 MB
[runlim] sample:		2453.14 time, 1210.02 real, 1440 MB
[runlim] sample:		2473.41 time, 1220.02 real, 1446 MB
[runlim] sample:		2493.68 time, 1230.02 real, 1446 MB
[runlim] sample:		2513.97 time, 1240.02 real, 1446 MB
[runlim] sample:		2534.24 time, 1250.02 real, 1446 MB
[runlim] sample:		2554.51 time, 1260.02 real, 1446 MB
[runlim] sample:		2574.77 time, 1270.02 real, 1446 MB
[runlim] sample:		2595.04 time, 1280.02 real, 1446 MB
[runlim] sample:		2615.33 time, 1290.02 real, 1435 MB
[runlim] sample:		2635.61 time, 1300.02 real, 1436 MB
[runlim] sample:		2655.87 time, 1310.02 real, 1436 MB
[runlim] sample:		2676.15 time, 1320.02 real, 1436 MB
[runlim] sample:		2696.42 time, 1330.02 real, 1439 MB
[runlim] sample:		2716.71 time, 1340.02 real, 1439 MB
[runlim] sample:		2736.99 time, 1350.02 real, 1441 MB
[runlim] sample:		2757.25 time, 1360.02 real, 1441 MB
[runlim] sample:		2777.53 time, 1370.02 real, 1441 MB
[runlim] sample:		2797.79 time, 1380.02 real, 1449 MB
[runlim] sample:		2818.09 time, 1390.02 real, 1449 MB
[runlim] sample:		2838.35 time, 1400.02 real, 1415 MB
[runlim] sample:		2858.62 time, 1410.02 real, 1432 MB
[runlim] sample:		2878.89 time, 1420.02 real, 1467 MB
[runlim] sample:		2899.17 time, 1430.02 real, 1494 MB
[runlim] sample:		2919.45 time, 1440.02 real, 1517 MB
[runlim] sample:		2939.71 time, 1450.02 real, 1529 MB
[runlim] sample:		2960.00 time, 1460.02 real, 1530 MB
[runlim] sample:		2980.26 time, 1470.02 real, 1574 MB
[runlim] sample:		3000.53 time, 1480.02 real, 1594 MB
[runlim] sample:		3020.81 time, 1490.02 real, 1596 MB
[runlim] sample:		3041.10 time, 1500.02 real, 1613 MB
[runlim] sample:		3061.37 time, 1510.02 real, 1621 MB
[runlim] sample:		3081.64 time, 1520.02 real, 1731 MB
[runlim] sample:		3101.90 time, 1530.02 real, 1736 MB
[runlim] sample:		3122.18 time, 1540.02 real, 1748 MB
[runlim] sample:		3142.45 time, 1550.02 real, 1753 MB
[runlim] sample:		3162.73 time, 1560.02 real, 1782 MB
[runlim] sample:		3183.00 time, 1570.02 real, 1783 MB
[runlim] sample:		3203.28 time, 1580.02 real, 1796 MB
[runlim] sample:		3223.55 time, 1590.02 real, 1843 MB
[runlim] sample:		3243.84 time, 1600.02 real, 1883 MB
[runlim] sample:		3264.09 time, 1610.02 real, 1908 MB
[runlim] sample:		3284.38 time, 1620.02 real, 1919 MB
[runlim] sample:		3304.65 time, 1630.02 real, 1954 MB
[runlim] sample:		3324.92 time, 1640.02 real, 1958 MB
[runlim] sample:		3345.19 time, 1650.02 real, 1936 MB
[runlim] sample:		3365.48 time, 1660.02 real, 1937 MB
[runlim] sample:		3385.75 time, 1670.02 real, 1941 MB
[runlim] sample:		3406.02 time, 1680.02 real, 1965 MB
[runlim] sample:		3426.29 time, 1690.02 real, 1971 MB
[runlim] sample:		3446.56 time, 1700.02 real, 2018 MB
[runlim] sample:		3466.84 time, 1710.02 real, 2042 MB
[runlim] sample:		3487.11 time, 1720.02 real, 2024 MB
[runlim] sample:		3507.39 time, 1730.02 real, 2024 MB
[runlim] sample:		3527.68 time, 1740.02 real, 2052 MB
[runlim] sample:		3547.95 time, 1750.02 real, 2057 MB
[runlim] sample:		3568.22 time, 1760.02 real, 2065 MB
[runlim] sample:		3588.50 time, 1770.02 real, 2043 MB
[runlim] sample:		3608.77 time, 1780.02 real, 2066 MB
[runlim] sample:		3629.05 time, 1790.02 real, 2155 MB
[runlim] sample:		3649.33 time, 1800.02 real, 2163 MB
[runlim] sample:		3669.59 time, 1810.02 real, 2168 MB
[runlim] sample:		3689.86 time, 1820.02 real, 2184 MB
[runlim] sample:		3710.14 time, 1830.02 real, 2201 MB
[runlim] sample:		3730.41 time, 1840.02 real, 2252 MB
[runlim] sample:		3750.69 time, 1850.02 real, 2280 MB
[runlim] sample:		3770.96 time, 1860.02 real, 2280 MB
[runlim] sample:		3791.24 time, 1870.02 real, 2302 MB
[runlim] sample:		3811.52 time, 1880.02 real, 2302 MB
[runlim] sample:		3831.79 time, 1890.02 real, 2318 MB
[runlim] sample:		3852.06 time, 1900.02 real, 2339 MB
[runlim] sample:		3872.35 time, 1910.02 real, 2339 MB
[runlim] sample:		3892.62 time, 1920.02 real, 2339 MB
[runlim] sample:		3912.89 time, 1930.02 real, 2359 MB
[runlim] sample:		3933.16 time, 1940.02 real, 2359 MB
[runlim] sample:		3953.44 time, 1950.02 real, 2362 MB
[runlim] sample:		3973.72 time, 1960.02 real, 2369 MB
[runlim] sample:		3993.98 time, 1970.02 real, 2378 MB
[runlim] sample:		4014.25 time, 1980.02 real, 2456 MB
[runlim] sample:		4034.53 time, 1990.02 real, 2550 MB
[runlim] sample:		4054.80 time, 2000.02 real, 2550 MB
[runlim] sample:		4075.07 time, 2010.02 real, 2550 MB
[runlim] sample:		4095.35 time, 2020.02 real, 2550 MB
[runlim] sample:		4115.63 time, 2030.02 real, 2550 MB
[runlim] sample:		4135.91 time, 2040.02 real, 2550 MB
[runlim] sample:		4156.17 time, 2050.02 real, 2550 MB
[runlim] sample:		4176.46 time, 2060.02 real, 2550 MB
[runlim] sample:		4196.74 time, 2070.02 real, 2550 MB
[runlim] sample:		4217.02 time, 2080.02 real, 2550 MB
[runlim] sample:		4237.29 time, 2090.02 real, 2550 MB
[runlim] sample:		4257.57 time, 2100.02 real, 2550 MB
[runlim] sample:		4277.83 time, 2110.02 real, 2550 MB
[runlim] sample:		4298.11 time, 2120.02 real, 2550 MB
[runlim] sample:		4318.39 time, 2130.02 real, 2550 MB
[runlim] sample:		4338.68 time, 2140.02 real, 2550 MB
[runlim] sample:		4358.95 time, 2150.02 real, 2550 MB
[runlim] sample:		4379.23 time, 2160.02 real, 2550 MB
[runlim] sample:		4399.50 time, 2170.02 real, 2550 MB
[runlim] sample:		4419.77 time, 2180.02 real, 2550 MB
[runlim] sample:		4440.03 time, 2190.02 real, 2550 MB
[runlim] sample:		4460.30 time, 2200.02 real, 2514 MB
[runlim] sample:		4480.58 time, 2210.02 real, 2514 MB
[runlim] sample:		4500.87 time, 2220.02 real, 2516 MB
[runlim] sample:		4521.14 time, 2230.02 real, 2537 MB
[runlim] sample:		4541.42 time, 2240.02 real, 2537 MB
[runlim] sample:		4561.68 time, 2250.02 real, 2537 MB
[runlim] sample:		4581.95 time, 2260.02 real, 2537 MB
[runlim] sample:		4602.23 time, 2270.02 real, 2537 MB
[runlim] sample:		4622.51 time, 2280.02 real, 2537 MB
[runlim] sample:		4642.78 time, 2290.02 real, 2537 MB
[runlim] sample:		4663.06 time, 2300.02 real, 2537 MB
[runlim] sample:		4683.33 time, 2310.02 real, 2537 MB
[runlim] sample:		4703.59 time, 2320.02 real, 2537 MB
[runlim] sample:		4723.86 time, 2330.02 real, 2537 MB
[runlim] sample:		4744.14 time, 2340.02 real, 2537 MB
[runlim] sample:		4764.42 time, 2350.02 real, 2552 MB
[runlim] sample:		4784.70 time, 2360.02 real, 2552 MB
[runlim] sample:		4804.97 time, 2370.02 real, 2552 MB
[runlim] sample:		4825.24 time, 2380.02 real, 2552 MB
[runlim] sample:		4845.50 time, 2390.02 real, 2552 MB
[runlim] sample:		4865.78 time, 2400.02 real, 2552 MB
[runlim] sample:		4886.06 time, 2410.02 real, 2552 MB
[runlim] sample:		4906.33 time, 2420.02 real, 2552 MB
[runlim] sample:		4926.60 time, 2430.02 real, 2552 MB
[runlim] sample:		4946.87 time, 2440.02 real, 2552 MB
[runlim] sample:		4967.14 time, 2450.02 real, 2552 MB
[runlim] sample:		4987.41 time, 2460.02 real, 2552 MB
[runlim] sample:		5007.69 time, 2470.02 real, 2552 MB
[runlim] sample:		5027.97 time, 2480.02 real, 2552 MB
[runlim] sample:		5048.25 time, 2490.02 real, 2552 MB
[runlim] sample:		5068.52 time, 2500.02 real, 2552 MB
[runlim] sample:		5088.80 time, 2510.02 real, 2552 MB
[runlim] sample:		5109.07 time, 2520.02 real, 2552 MB
[runlim] sample:		5129.34 time, 2530.02 real, 2552 MB
[runlim] sample:		5149.63 time, 2540.02 real, 2552 MB
[runlim] sample:		5169.90 time, 2550.02 real, 2552 MB
[runlim] sample:		5190.17 time, 2560.02 real, 2509 MB
[runlim] sample:		5210.44 time, 2570.02 real, 2513 MB
[runlim] sample:		5230.72 time, 2580.02 real, 2513 MB
[runlim] sample:		5250.98 time, 2590.02 real, 2504 MB
[runlim] sample:		5271.26 time, 2600.02 real, 2504 MB
[runlim] sample:		5291.53 time, 2610.02 real, 2525 MB
[runlim] sample:		5311.82 time, 2620.02 real, 2535 MB
[runlim] sample:		5332.10 time, 2630.02 real, 2535 MB
[runlim] sample:		5352.38 time, 2640.02 real, 2536 MB
[runlim] sample:		5372.64 time, 2650.02 real, 2536 MB
[runlim] sample:		5392.92 time, 2660.02 real, 2536 MB
[runlim] sample:		5413.19 time, 2670.02 real, 2536 MB
[runlim] sample:		5433.48 time, 2680.02 real, 2555 MB
[runlim] sample:		5453.75 time, 2690.02 real, 2555 MB
[runlim] sample:		5474.03 time, 2700.02 real, 2555 MB
[runlim] sample:		5494.29 time, 2710.02 real, 2555 MB
[runlim] sample:		5514.56 time, 2720.02 real, 2555 MB
[runlim] sample:		5534.84 time, 2730.02 real, 2555 MB
[runlim] sample:		5555.12 time, 2740.02 real, 2555 MB
[runlim] sample:		5575.39 time, 2750.02 real, 2555 MB
[runlim] sample:		5595.66 time, 2760.02 real, 2555 MB
[runlim] sample:		5615.94 time, 2770.02 real, 2556 MB
[runlim] sample:		5636.22 time, 2780.02 real, 2556 MB
[runlim] sample:		5656.49 time, 2790.02 real, 2556 MB
[runlim] sample:		5676.76 time, 2800.02 real, 2558 MB
[runlim] sample:		5697.03 time, 2810.02 real, 2558 MB
[runlim] sample:		5717.30 time, 2820.02 real, 2558 MB
[runlim] sample:		5737.57 time, 2830.02 real, 2558 MB
[runlim] sample:		5757.86 time, 2840.02 real, 2558 MB
[runlim] sample:		5778.14 time, 2850.02 real, 2558 MB
[runlim] sample:		5798.40 time, 2860.02 real, 2569 MB
[runlim] sample:		5818.68 time, 2870.02 real, 2569 MB
[runlim] sample:		5838.95 time, 2880.02 real, 2569 MB
[runlim] sample:		5859.22 time, 2890.02 real, 2569 MB
[runlim] sample:		5879.50 time, 2900.02 real, 2599 MB
[runlim] sample:		5899.77 time, 2910.02 real, 2599 MB
[runlim] sample:		5920.04 time, 2920.02 real, 2599 MB
[runlim] sample:		5940.32 time, 2930.02 real, 2599 MB
[runlim] sample:		5960.59 time, 2940.02 real, 2532 MB
[runlim] sample:		5980.87 time, 2950.02 real, 2548 MB
[runlim] sample:		6001.14 time, 2960.02 real, 2548 MB
[runlim] sample:		6021.42 time, 2970.02 real, 2548 MB
[runlim] sample:		6041.70 time, 2980.02 real, 2548 MB
[runlim] sample:		6061.98 time, 2990.02 real, 2548 MB
[runlim] sample:		6082.25 time, 3000.02 real, 2548 MB
[runlim] sample:		6102.52 time, 3010.02 real, 2548 MB
[runlim] sample:		6122.79 time, 3020.02 real, 2548 MB
[runlim] sample:		6143.06 time, 3030.02 real, 2548 MB
[runlim] sample:		6163.33 time, 3040.02 real, 2512 MB
[runlim] sample:		6183.62 time, 3050.02 real, 2512 MB
[runlim] sample:		6203.90 time, 3060.02 real, 2516 MB
[runlim] sample:		6224.16 time, 3070.02 real, 2517 MB
[runlim] sample:		6244.43 time, 3080.02 real, 2540 MB
[runlim] sample:		6264.72 time, 3090.02 real, 2540 MB
[runlim] sample:		6284.99 time, 3100.02 real, 2540 MB
[runlim] sample:		6305.26 time, 3110.02 real, 2540 MB
[runlim] sample:		6325.54 time, 3120.02 real, 2546 MB
[runlim] sample:		6345.82 time, 3130.02 real, 2548 MB
[runlim] sample:		6366.09 time, 3140.02 real, 2548 MB
[runlim] sample:		6386.37 time, 3150.02 real, 2549 MB
[runlim] sample:		6406.64 time, 3160.02 real, 2549 MB
[runlim] sample:		6426.91 time, 3170.02 real, 2577 MB
[runlim] sample:		6447.18 time, 3180.02 real, 2577 MB
[runlim] sample:		6467.47 time, 3190.02 real, 2577 MB
[runlim] sample:		6487.74 time, 3200.02 real, 2577 MB
[runlim] sample:		6508.01 time, 3210.02 real, 2577 MB
[runlim] sample:		6528.27 time, 3220.02 real, 2577 MB
[runlim] sample:		6548.56 time, 3230.02 real, 2577 MB
[runlim] sample:		6568.83 time, 3240.02 real, 2577 MB
[runlim] sample:		6589.11 time, 3250.02 real, 2577 MB
[runlim] sample:		6609.38 time, 3260.02 real, 2577 MB
[runlim] sample:		6629.66 time, 3270.02 real, 2577 MB
[runlim] sample:		6649.92 time, 3280.02 real, 2577 MB
[runlim] sample:		6670.20 time, 3290.02 real, 2577 MB
[runlim] sample:		6690.47 time, 3300.02 real, 2577 MB
[runlim] sample:		6710.75 time, 3310.02 real, 2577 MB
[runlim] sample:		6731.03 time, 3320.02 real, 2577 MB
[runlim] sample:		6751.31 time, 3330.02 real, 2577 MB
[runlim] sample:		6771.57 time, 3340.02 real, 2580 MB
[runlim] sample:		6791.84 time, 3350.02 real, 2580 MB
[runlim] sample:		6812.12 time, 3360.02 real, 2580 MB
[runlim] sample:		6832.39 time, 3370.02 real, 2580 MB
[runlim] sample:		6852.66 time, 3380.02 real, 2580 MB
[runlim] sample:		6872.95 time, 3390.02 real, 2612 MB
[runlim] sample:		6893.21 time, 3400.02 real, 2612 MB
[runlim] sample:		6913.49 time, 3410.02 real, 2612 MB
[runlim] sample:		6933.76 time, 3420.02 real, 2612 MB
[runlim] sample:		6954.04 time, 3430.02 real, 2612 MB
[runlim] sample:		6974.32 time, 3440.02 real, 2580 MB
[runlim] sample:		6994.60 time, 3450.02 real, 2586 MB
[runlim] sample:		7014.87 time, 3460.02 real, 2586 MB
[runlim] sample:		7035.14 time, 3470.02 real, 2586 MB
[runlim] sample:		7055.42 time, 3480.02 real, 2586 MB
[runlim] sample:		7075.69 time, 3490.02 real, 2586 MB
[runlim] sample:		7095.97 time, 3500.02 real, 2586 MB
[runlim] sample:		7116.25 time, 3510.02 real, 2586 MB
[runlim] sample:		7136.51 time, 3520.02 real, 2586 MB
[runlim] sample:		7156.79 time, 3530.02 real, 2558 MB
[runlim] sample:		7177.07 time, 3540.02 real, 2558 MB
[runlim] sample:		7197.33 time, 3550.02 real, 2558 MB
[runlim] sample:		7217.61 time, 3560.02 real, 2558 MB
[runlim] sample:		7237.89 time, 3570.02 real, 2558 MB
[runlim] sample:		7258.16 time, 3580.02 real, 2558 MB
[runlim] sample:		7278.43 time, 3590.02 real, 2558 MB
[runlim] sample:		7298.70 time, 3600.02 real, 2558 MB
[runlim] end:			Wed Oct 16 16:32:24 2019
[runlim] status:		out of time
[runlim] result:		2
[runlim] children:		4
[runlim] real:			3600.11 seconds
[runlim] time:			7298.70 seconds
[runlim] space:			2621 MB
[runlim] samples:		36000
