[runlim] version:		1.17
[runlim] host:			c3n05
[runlim] time limit:		311040000 seconds
[runlim] real time limit:	3600 seconds
[runlim] space limit:		120000 MB
[runlim] argv[0]:		./run-cosa2.sh
[runlim] argv[1]:		/tmp/L6QwRKvl.btor
[runlim] start:			Wed Oct 16 17:19:56 2019
[runlim] child:			11877
[runlim] sample:		20.19 time, 10.02 real, 209 MB
[runlim] sample:		40.46 time, 20.02 real, 218 MB
[runlim] sample:		60.73 time, 30.02 real, 249 MB
[runlim] sample:		81.00 time, 40.02 real, 252 MB
[runlim] sample:		101.26 time, 50.02 real, 275 MB
[runlim] sample:		121.53 time, 60.02 real, 278 MB
[runlim] sample:		141.80 time, 70.02 real, 294 MB
[runlim] sample:		162.07 time, 80.02 real, 308 MB
[runlim] sample:		182.31 time, 90.02 real, 308 MB
[runlim] sample:		202.59 time, 100.02 real, 334 MB
[runlim] sample:		222.86 time, 110.02 real, 361 MB
[runlim] sample:		243.12 time, 120.02 real, 361 MB
[runlim] sample:		263.40 time, 130.02 real, 349 MB
[runlim] sample:		283.66 time, 140.02 real, 372 MB
[runlim] sample:		303.94 time, 150.02 real, 370 MB
[runlim] sample:		324.20 time, 160.02 real, 386 MB
[runlim] sample:		344.48 time, 170.02 real, 386 MB
[runlim] sample:		364.76 time, 180.02 real, 397 MB
[runlim] sample:		385.03 time, 190.02 real, 412 MB
[runlim] sample:		405.31 time, 200.02 real, 430 MB
[runlim] sample:		425.57 time, 210.02 real, 412 MB
[runlim] sample:		445.85 time, 220.02 real, 401 MB
[runlim] sample:		466.12 time, 230.02 real, 421 MB
[runlim] sample:		486.39 time, 240.02 real, 443 MB
[runlim] sample:		506.62 time, 250.02 real, 463 MB
[runlim] sample:		526.89 time, 260.02 real, 449 MB
[runlim] sample:		547.17 time, 270.02 real, 460 MB
[runlim] sample:		567.42 time, 280.02 real, 468 MB
[runlim] sample:		587.68 time, 290.02 real, 502 MB
[runlim] sample:		607.95 time, 300.02 real, 507 MB
[runlim] sample:		628.22 time, 310.02 real, 515 MB
[runlim] sample:		648.50 time, 320.02 real, 518 MB
[runlim] sample:		668.76 time, 330.02 real, 534 MB
[runlim] sample:		689.04 time, 340.02 real, 528 MB
[runlim] sample:		709.32 time, 350.02 real, 538 MB
[runlim] sample:		729.58 time, 360.02 real, 560 MB
[runlim] sample:		749.85 time, 370.02 real, 563 MB
[runlim] sample:		770.12 time, 380.02 real, 567 MB
[runlim] sample:		790.40 time, 390.02 real, 567 MB
[runlim] sample:		810.67 time, 400.02 real, 567 MB
[runlim] sample:		830.93 time, 410.02 real, 550 MB
[runlim] sample:		851.21 time, 420.02 real, 566 MB
[runlim] sample:		871.48 time, 430.02 real, 575 MB
[runlim] sample:		891.75 time, 440.02 real, 581 MB
[runlim] sample:		912.02 time, 450.02 real, 600 MB
[runlim] sample:		932.30 time, 460.02 real, 618 MB
[runlim] sample:		952.56 time, 470.02 real, 600 MB
[runlim] sample:		972.83 time, 480.02 real, 600 MB
[runlim] sample:		993.10 time, 490.02 real, 600 MB
[runlim] sample:		1013.37 time, 500.02 real, 600 MB
[runlim] sample:		1033.63 time, 510.02 real, 601 MB
[runlim] sample:		1053.89 time, 520.02 real, 609 MB
[runlim] sample:		1074.16 time, 530.02 real, 609 MB
[runlim] sample:		1094.43 time, 540.02 real, 609 MB
[runlim] sample:		1114.70 time, 550.02 real, 632 MB
[runlim] sample:		1134.98 time, 560.02 real, 586 MB
[runlim] sample:		1155.25 time, 570.02 real, 608 MB
[runlim] sample:		1175.51 time, 580.02 real, 622 MB
[runlim] sample:		1195.78 time, 590.02 real, 659 MB
[runlim] sample:		1216.05 time, 600.02 real, 659 MB
[runlim] sample:		1236.33 time, 610.02 real, 659 MB
[runlim] sample:		1256.60 time, 620.02 real, 627 MB
[runlim] sample:		1276.85 time, 630.02 real, 671 MB
[runlim] sample:		1297.14 time, 640.02 real, 699 MB
[runlim] sample:		1317.41 time, 650.02 real, 692 MB
[runlim] sample:		1337.68 time, 660.02 real, 692 MB
[runlim] sample:		1357.94 time, 670.02 real, 692 MB
[runlim] sample:		1378.22 time, 680.02 real, 662 MB
[runlim] sample:		1398.49 time, 690.02 real, 662 MB
[runlim] sample:		1418.77 time, 700.02 real, 676 MB
[runlim] sample:		1439.03 time, 710.02 real, 685 MB
[runlim] sample:		1459.31 time, 720.02 real, 694 MB
[runlim] sample:		1479.55 time, 730.02 real, 707 MB
[runlim] sample:		1499.83 time, 740.02 real, 661 MB
[runlim] sample:		1520.09 time, 750.02 real, 685 MB
[runlim] sample:		1540.38 time, 760.02 real, 717 MB
[runlim] sample:		1560.65 time, 770.02 real, 731 MB
[runlim] sample:		1580.91 time, 780.02 real, 748 MB
[runlim] sample:		1601.14 time, 790.02 real, 748 MB
[runlim] sample:		1621.42 time, 800.02 real, 749 MB
[runlim] sample:		1641.70 time, 810.02 real, 755 MB
[runlim] sample:		1661.96 time, 820.02 real, 755 MB
[runlim] sample:		1682.21 time, 830.02 real, 755 MB
[runlim] sample:		1702.48 time, 840.02 real, 755 MB
[runlim] sample:		1722.76 time, 850.02 real, 755 MB
[runlim] sample:		1743.03 time, 860.02 real, 789 MB
[runlim] sample:		1763.31 time, 870.02 real, 789 MB
[runlim] sample:		1783.58 time, 880.02 real, 755 MB
[runlim] sample:		1803.85 time, 890.02 real, 755 MB
[runlim] sample:		1824.11 time, 900.02 real, 755 MB
[runlim] sample:		1844.36 time, 910.02 real, 755 MB
[runlim] sample:		1864.64 time, 920.02 real, 755 MB
[runlim] sample:		1884.91 time, 930.02 real, 719 MB
[runlim] sample:		1905.18 time, 940.02 real, 747 MB
[runlim] sample:		1925.46 time, 950.02 real, 747 MB
[runlim] sample:		1945.73 time, 960.02 real, 747 MB
[runlim] sample:		1966.00 time, 970.02 real, 752 MB
[runlim] sample:		1986.27 time, 980.02 real, 761 MB
[runlim] sample:		2006.54 time, 990.02 real, 770 MB
[runlim] sample:		2026.79 time, 1000.02 real, 812 MB
[runlim] sample:		2047.05 time, 1010.02 real, 815 MB
[runlim] sample:		2067.32 time, 1020.02 real, 781 MB
[runlim] sample:		2087.60 time, 1030.02 real, 781 MB
[runlim] sample:		2107.87 time, 1040.02 real, 782 MB
[runlim] sample:		2128.16 time, 1050.02 real, 756 MB
[runlim] sample:		2148.41 time, 1060.02 real, 792 MB
[runlim] sample:		2168.68 time, 1070.02 real, 792 MB
[runlim] sample:		2188.96 time, 1080.02 real, 822 MB
[runlim] sample:		2209.24 time, 1090.02 real, 822 MB
[runlim] sample:		2229.52 time, 1100.02 real, 785 MB
[runlim] sample:		2249.79 time, 1110.02 real, 786 MB
[runlim] sample:		2270.06 time, 1120.02 real, 786 MB
[runlim] sample:		2290.33 time, 1130.02 real, 795 MB
[runlim] sample:		2310.60 time, 1140.02 real, 819 MB
[runlim] sample:		2330.88 time, 1150.02 real, 796 MB
[runlim] sample:		2351.16 time, 1160.02 real, 796 MB
[runlim] sample:		2371.42 time, 1170.02 real, 811 MB
[runlim] sample:		2391.70 time, 1180.02 real, 778 MB
[runlim] sample:		2411.97 time, 1190.02 real, 797 MB
[runlim] sample:		2432.26 time, 1200.02 real, 787 MB
[runlim] sample:		2452.52 time, 1210.02 real, 824 MB
[runlim] sample:		2472.79 time, 1220.02 real, 824 MB
[runlim] sample:		2493.04 time, 1230.02 real, 808 MB
[runlim] sample:		2513.32 time, 1240.02 real, 812 MB
[runlim] sample:		2533.58 time, 1250.02 real, 812 MB
[runlim] sample:		2553.86 time, 1260.02 real, 819 MB
[runlim] sample:		2574.13 time, 1270.02 real, 829 MB
[runlim] sample:		2594.41 time, 1280.02 real, 829 MB
[runlim] sample:		2614.67 time, 1290.02 real, 829 MB
[runlim] sample:		2634.95 time, 1300.02 real, 866 MB
[runlim] sample:		2655.20 time, 1310.02 real, 866 MB
[runlim] sample:		2675.47 time, 1320.02 real, 822 MB
[runlim] sample:		2695.75 time, 1330.02 real, 829 MB
[runlim] sample:		2716.02 time, 1340.02 real, 831 MB
[runlim] sample:		2736.29 time, 1350.02 real, 805 MB
[runlim] sample:		2756.55 time, 1360.02 real, 805 MB
[runlim] sample:		2776.83 time, 1370.02 real, 837 MB
[runlim] sample:		2797.11 time, 1380.02 real, 838 MB
[runlim] sample:		2817.37 time, 1390.02 real, 838 MB
[runlim] sample:		2837.65 time, 1400.02 real, 877 MB
[runlim] sample:		2857.92 time, 1410.02 real, 878 MB
[runlim] sample:		2878.19 time, 1420.02 real, 903 MB
[runlim] sample:		2898.46 time, 1430.02 real, 872 MB
[runlim] sample:		2918.73 time, 1440.02 real, 878 MB
[runlim] sample:		2939.01 time, 1450.02 real, 912 MB
[runlim] sample:		2959.28 time, 1460.02 real, 912 MB
[runlim] sample:		2979.54 time, 1470.02 real, 889 MB
[runlim] sample:		2999.81 time, 1480.02 real, 889 MB
[runlim] sample:		3020.08 time, 1490.02 real, 890 MB
[runlim] sample:		3040.35 time, 1500.02 real, 876 MB
[runlim] sample:		3060.63 time, 1510.02 real, 896 MB
[runlim] sample:		3080.91 time, 1520.02 real, 902 MB
[runlim] sample:		3101.17 time, 1530.02 real, 954 MB
[runlim] sample:		3121.43 time, 1540.02 real, 918 MB
[runlim] sample:		3141.71 time, 1550.02 real, 918 MB
[runlim] sample:		3161.98 time, 1560.02 real, 892 MB
[runlim] sample:		3182.25 time, 1570.02 real, 914 MB
[runlim] sample:		3202.52 time, 1580.02 real, 956 MB
[runlim] sample:		3222.77 time, 1590.02 real, 986 MB
[runlim] sample:		3243.02 time, 1600.02 real, 957 MB
[runlim] sample:		3263.28 time, 1610.02 real, 957 MB
[runlim] sample:		3283.56 time, 1620.02 real, 901 MB
[runlim] sample:		3303.83 time, 1630.02 real, 944 MB
[runlim] sample:		3324.10 time, 1640.02 real, 891 MB
[runlim] sample:		3344.38 time, 1650.02 real, 927 MB
[runlim] sample:		3364.65 time, 1660.02 real, 891 MB
[runlim] sample:		3384.92 time, 1670.02 real, 893 MB
[runlim] sample:		3405.20 time, 1680.02 real, 895 MB
[runlim] sample:		3425.47 time, 1690.02 real, 910 MB
[runlim] sample:		3445.74 time, 1700.02 real, 925 MB
[runlim] sample:		3466.01 time, 1710.02 real, 928 MB
[runlim] sample:		3486.27 time, 1720.02 real, 928 MB
[runlim] sample:		3506.55 time, 1730.02 real, 939 MB
[runlim] sample:		3526.82 time, 1740.02 real, 940 MB
[runlim] sample:		3547.10 time, 1750.02 real, 994 MB
[runlim] sample:		3567.37 time, 1760.02 real, 994 MB
[runlim] sample:		3587.64 time, 1770.02 real, 994 MB
[runlim] sample:		3607.89 time, 1780.02 real, 998 MB
[runlim] sample:		3628.14 time, 1790.02 real, 999 MB
[runlim] sample:		3648.43 time, 1800.02 real, 993 MB
[runlim] sample:		3668.71 time, 1810.02 real, 995 MB
[runlim] sample:		3688.98 time, 1820.02 real, 998 MB
[runlim] sample:		3709.25 time, 1830.02 real, 956 MB
[runlim] sample:		3729.52 time, 1840.02 real, 922 MB
[runlim] sample:		3749.80 time, 1850.02 real, 964 MB
[runlim] sample:		3770.07 time, 1860.02 real, 964 MB
[runlim] sample:		3790.34 time, 1870.02 real, 995 MB
[runlim] sample:		3810.62 time, 1880.02 real, 974 MB
[runlim] sample:		3830.89 time, 1890.02 real, 1007 MB
[runlim] sample:		3851.15 time, 1900.02 real, 1007 MB
[runlim] sample:		3871.42 time, 1910.02 real, 969 MB
[runlim] sample:		3891.71 time, 1920.02 real, 969 MB
[runlim] sample:		3911.97 time, 1930.02 real, 992 MB
[runlim] sample:		3932.23 time, 1940.02 real, 993 MB
[runlim] sample:		3952.51 time, 1950.02 real, 995 MB
[runlim] sample:		3972.78 time, 1960.02 real, 998 MB
[runlim] sample:		3993.04 time, 1970.02 real, 999 MB
[runlim] sample:		4013.32 time, 1980.02 real, 1001 MB
[runlim] sample:		4033.58 time, 1990.02 real, 1005 MB
[runlim] sample:		4053.86 time, 2000.02 real, 1037 MB
[runlim] sample:		4074.13 time, 2010.02 real, 1038 MB
[runlim] sample:		4094.41 time, 2020.02 real, 1003 MB
[runlim] sample:		4114.68 time, 2030.02 real, 1003 MB
[runlim] sample:		4134.94 time, 2040.02 real, 1005 MB
[runlim] sample:		4155.21 time, 2050.02 real, 1005 MB
[runlim] sample:		4175.50 time, 2060.02 real, 1005 MB
[runlim] sample:		4195.77 time, 2070.02 real, 1002 MB
[runlim] sample:		4216.05 time, 2080.02 real, 1004 MB
[runlim] sample:		4236.31 time, 2090.02 real, 1036 MB
[runlim] sample:		4256.59 time, 2100.02 real, 1004 MB
[runlim] sample:		4276.85 time, 2110.02 real, 1004 MB
[runlim] sample:		4297.12 time, 2120.02 real, 998 MB
[runlim] sample:		4317.40 time, 2130.02 real, 941 MB
[runlim] sample:		4337.68 time, 2140.02 real, 955 MB
[runlim] sample:		4357.95 time, 2150.02 real, 974 MB
[runlim] sample:		4378.22 time, 2160.02 real, 1023 MB
[runlim] sample:		4398.49 time, 2170.02 real, 1032 MB
[runlim] sample:		4418.76 time, 2180.02 real, 1033 MB
[runlim] sample:		4439.03 time, 2190.02 real, 1033 MB
[runlim] sample:		4459.30 time, 2200.02 real, 1027 MB
[runlim] sample:		4479.57 time, 2210.02 real, 1027 MB
[runlim] sample:		4499.83 time, 2220.02 real, 1043 MB
[runlim] sample:		4520.09 time, 2230.02 real, 1079 MB
[runlim] sample:		4540.38 time, 2240.02 real, 1025 MB
[runlim] sample:		4560.65 time, 2250.02 real, 1013 MB
[runlim] sample:		4580.90 time, 2260.02 real, 1013 MB
[runlim] sample:		4601.16 time, 2270.02 real, 1022 MB
[runlim] sample:		4621.43 time, 2280.02 real, 1036 MB
[runlim] sample:		4641.71 time, 2290.02 real, 1029 MB
[runlim] sample:		4661.97 time, 2300.02 real, 1037 MB
[runlim] sample:		4682.25 time, 2310.02 real, 1038 MB
[runlim] sample:		4702.52 time, 2320.02 real, 1048 MB
[runlim] sample:		4722.78 time, 2330.02 real, 1072 MB
[runlim] sample:		4743.07 time, 2340.02 real, 1085 MB
[runlim] sample:		4763.33 time, 2350.02 real, 1085 MB
[runlim] sample:		4783.61 time, 2360.02 real, 1069 MB
[runlim] sample:		4803.88 time, 2370.02 real, 1069 MB
[runlim] sample:		4824.14 time, 2380.02 real, 1069 MB
[runlim] sample:		4844.42 time, 2390.02 real, 1069 MB
[runlim] sample:		4864.67 time, 2400.02 real, 1094 MB
[runlim] sample:		4884.94 time, 2410.02 real, 1066 MB
[runlim] sample:		4905.20 time, 2420.02 real, 1066 MB
[runlim] sample:		4925.46 time, 2430.02 real, 1067 MB
[runlim] sample:		4945.75 time, 2440.02 real, 1069 MB
[runlim] sample:		4966.01 time, 2450.02 real, 1082 MB
[runlim] sample:		4986.28 time, 2460.02 real, 1093 MB
[runlim] sample:		5006.53 time, 2470.02 real, 1123 MB
[runlim] sample:		5026.79 time, 2480.02 real, 1092 MB
[runlim] sample:		5047.08 time, 2490.02 real, 1095 MB
[runlim] sample:		5067.35 time, 2500.02 real, 1144 MB
[runlim] sample:		5087.62 time, 2510.02 real, 1146 MB
[runlim] sample:		5107.90 time, 2520.02 real, 1148 MB
[runlim] sample:		5128.16 time, 2530.02 real, 1075 MB
[runlim] sample:		5148.44 time, 2540.02 real, 1077 MB
[runlim] sample:		5168.71 time, 2550.02 real, 1078 MB
[runlim] sample:		5188.99 time, 2560.02 real, 1131 MB
[runlim] sample:		5209.26 time, 2570.02 real, 1120 MB
[runlim] sample:		5229.53 time, 2580.02 real, 1134 MB
[runlim] sample:		5249.81 time, 2590.02 real, 1145 MB
[runlim] sample:		5270.07 time, 2600.02 real, 1146 MB
[runlim] sample:		5290.34 time, 2610.02 real, 1142 MB
[runlim] sample:		5310.61 time, 2620.02 real, 1142 MB
[runlim] sample:		5330.89 time, 2630.02 real, 1142 MB
[runlim] sample:		5351.15 time, 2640.02 real, 1142 MB
[runlim] sample:		5371.43 time, 2650.02 real, 1142 MB
[runlim] sample:		5391.71 time, 2660.02 real, 1141 MB
[runlim] sample:		5411.98 time, 2670.02 real, 1149 MB
[runlim] sample:		5432.25 time, 2680.02 real, 1151 MB
[runlim] sample:		5452.52 time, 2690.02 real, 1175 MB
[runlim] sample:		5472.80 time, 2700.02 real, 1147 MB
[runlim] sample:		5493.04 time, 2710.02 real, 1164 MB
[runlim] sample:		5513.31 time, 2720.02 real, 1151 MB
[runlim] sample:		5533.55 time, 2730.02 real, 1161 MB
[runlim] sample:		5553.82 time, 2740.02 real, 1161 MB
[runlim] sample:		5574.08 time, 2750.02 real, 1161 MB
[runlim] sample:		5594.34 time, 2760.02 real, 1161 MB
[runlim] sample:		5614.61 time, 2770.02 real, 1169 MB
[runlim] sample:		5634.89 time, 2780.02 real, 1169 MB
[runlim] sample:		5655.15 time, 2790.02 real, 1169 MB
[runlim] sample:		5675.42 time, 2800.02 real, 1169 MB
[runlim] sample:		5695.71 time, 2810.02 real, 1202 MB
[runlim] sample:		5715.99 time, 2820.02 real, 1174 MB
[runlim] sample:		5736.25 time, 2830.02 real, 1174 MB
[runlim] sample:		5756.52 time, 2840.02 real, 1207 MB
[runlim] sample:		5776.79 time, 2850.02 real, 1205 MB
[runlim] sample:		5797.06 time, 2860.02 real, 1189 MB
[runlim] sample:		5817.33 time, 2870.02 real, 1189 MB
[runlim] sample:		5837.61 time, 2880.02 real, 1180 MB
[runlim] sample:		5857.89 time, 2890.02 real, 1180 MB
[runlim] sample:		5878.15 time, 2900.02 real, 1209 MB
[runlim] sample:		5898.43 time, 2910.02 real, 1216 MB
[runlim] sample:		5918.67 time, 2920.02 real, 1217 MB
[runlim] sample:		5938.96 time, 2930.02 real, 1217 MB
[runlim] sample:		5959.22 time, 2940.02 real, 1243 MB
[runlim] sample:		5979.49 time, 2950.02 real, 1218 MB
[runlim] sample:		5999.76 time, 2960.02 real, 1223 MB
[runlim] sample:		6020.04 time, 2970.02 real, 1231 MB
[runlim] sample:		6040.31 time, 2980.02 real, 1237 MB
[runlim] sample:		6060.58 time, 2990.02 real, 1251 MB
[runlim] sample:		6080.86 time, 3000.02 real, 1252 MB
[runlim] sample:		6101.12 time, 3010.02 real, 1253 MB
[runlim] sample:		6121.39 time, 3020.02 real, 1283 MB
[runlim] sample:		6141.67 time, 3030.02 real, 1283 MB
[runlim] sample:		6161.94 time, 3040.02 real, 1278 MB
[runlim] sample:		6182.21 time, 3050.02 real, 1286 MB
[runlim] sample:		6202.48 time, 3060.02 real, 1286 MB
[runlim] sample:		6222.76 time, 3070.02 real, 1286 MB
[runlim] sample:		6243.03 time, 3080.02 real, 1288 MB
[runlim] sample:		6263.30 time, 3090.02 real, 1288 MB
[runlim] sample:		6283.58 time, 3100.02 real, 1290 MB
[runlim] sample:		6303.84 time, 3110.02 real, 1291 MB
[runlim] sample:		6324.10 time, 3120.02 real, 1292 MB
[runlim] sample:		6344.39 time, 3130.02 real, 1369 MB
[runlim] sample:		6364.67 time, 3140.02 real, 1370 MB
[runlim] sample:		6384.93 time, 3150.02 real, 1376 MB
[runlim] sample:		6405.22 time, 3160.02 real, 1377 MB
[runlim] sample:		6425.48 time, 3170.02 real, 1390 MB
[runlim] sample:		6445.76 time, 3180.02 real, 1394 MB
[runlim] sample:		6466.00 time, 3190.02 real, 1398 MB
[runlim] sample:		6486.27 time, 3200.02 real, 1401 MB
[runlim] sample:		6506.52 time, 3210.02 real, 1416 MB
[runlim] sample:		6526.80 time, 3220.02 real, 1418 MB
[runlim] sample:		6547.08 time, 3230.02 real, 1455 MB
[runlim] sample:		6567.33 time, 3240.02 real, 1424 MB
[runlim] sample:		6587.60 time, 3250.02 real, 1461 MB
[runlim] sample:		6607.87 time, 3260.02 real, 1431 MB
[runlim] sample:		6628.13 time, 3270.02 real, 1434 MB
[runlim] sample:		6648.41 time, 3280.02 real, 1442 MB
[runlim] sample:		6668.69 time, 3290.02 real, 1477 MB
[runlim] sample:		6688.97 time, 3300.02 real, 1570 MB
[runlim] sample:		6709.24 time, 3310.02 real, 1541 MB
[runlim] sample:		6729.53 time, 3320.02 real, 1495 MB
[runlim] sample:		6749.79 time, 3330.02 real, 1484 MB
[runlim] sample:		6770.07 time, 3340.02 real, 1514 MB
[runlim] sample:		6790.30 time, 3350.02 real, 1530 MB
[runlim] sample:		6810.59 time, 3360.02 real, 1546 MB
[runlim] sample:		6830.87 time, 3370.02 real, 1566 MB
[runlim] sample:		6851.13 time, 3380.02 real, 1568 MB
[runlim] sample:		6871.38 time, 3390.02 real, 1569 MB
[runlim] sample:		6891.66 time, 3400.02 real, 1570 MB
[runlim] sample:		6911.93 time, 3410.02 real, 1571 MB
[runlim] sample:		6932.18 time, 3420.02 real, 1572 MB
[runlim] sample:		6952.45 time, 3430.02 real, 1572 MB
[runlim] sample:		6972.71 time, 3440.02 real, 1605 MB
[runlim] sample:		6992.98 time, 3450.02 real, 1637 MB
[runlim] sample:		7013.27 time, 3460.02 real, 1624 MB
[runlim] sample:		7033.51 time, 3470.02 real, 1620 MB
[runlim] sample:		7053.79 time, 3480.02 real, 1666 MB
[runlim] sample:		7074.07 time, 3490.02 real, 1641 MB
[runlim] sample:		7094.34 time, 3500.02 real, 1687 MB
[runlim] sample:		7114.62 time, 3510.02 real, 1671 MB
[runlim] sample:		7134.89 time, 3520.02 real, 1682 MB
[runlim] sample:		7155.16 time, 3530.02 real, 1683 MB
[runlim] sample:		7175.43 time, 3540.02 real, 1683 MB
[runlim] sample:		7195.71 time, 3550.02 real, 1683 MB
[runlim] sample:		7215.99 time, 3560.02 real, 1683 MB
[runlim] sample:		7236.27 time, 3570.02 real, 1655 MB
[runlim] sample:		7256.54 time, 3580.02 real, 1663 MB
[runlim] sample:		7276.81 time, 3590.02 real, 1665 MB
[runlim] sample:		7297.09 time, 3600.02 real, 1666 MB
[runlim] end:			Wed Oct 16 18:19:56 2019
[runlim] status:		out of time
[runlim] result:		2
[runlim] children:		4
[runlim] real:			3600.10 seconds
[runlim] time:			7297.09 seconds
[runlim] space:			1729 MB
[runlim] samples:		36000
