[runlim] version:		1.17
[runlim] host:			c3n31
[runlim] time limit:		311040000 seconds
[runlim] real time limit:	3600 seconds
[runlim] space limit:		120000 MB
[runlim] argv[0]:		./run-cosa2.sh
[runlim] argv[1]:		/tmp/43yPF6ga.btor
[runlim] start:			Wed Oct 16 17:52:45 2019
[runlim] child:			24778
[runlim] sample:		20.18 time, 10.02 real, 232 MB
[runlim] sample:		40.44 time, 20.02 real, 268 MB
[runlim] sample:		60.72 time, 30.02 real, 267 MB
[runlim] sample:		80.99 time, 40.02 real, 287 MB
[runlim] sample:		101.28 time, 50.02 real, 312 MB
[runlim] sample:		121.55 time, 60.02 real, 314 MB
[runlim] sample:		141.83 time, 70.02 real, 344 MB
[runlim] sample:		162.10 time, 80.02 real, 359 MB
[runlim] sample:		182.37 time, 90.02 real, 315 MB
[runlim] sample:		202.65 time, 100.02 real, 361 MB
[runlim] sample:		222.94 time, 110.02 real, 341 MB
[runlim] sample:		243.19 time, 120.02 real, 373 MB
[runlim] sample:		263.46 time, 130.02 real, 387 MB
[runlim] sample:		283.74 time, 140.02 real, 381 MB
[runlim] sample:		304.01 time, 150.02 real, 401 MB
[runlim] sample:		324.26 time, 160.02 real, 384 MB
[runlim] sample:		344.53 time, 170.02 real, 407 MB
[runlim] sample:		364.79 time, 180.02 real, 435 MB
[runlim] sample:		385.07 time, 190.02 real, 428 MB
[runlim] sample:		405.33 time, 200.02 real, 429 MB
[runlim] sample:		425.60 time, 210.02 real, 434 MB
[runlim] sample:		445.88 time, 220.02 real, 440 MB
[runlim] sample:		466.16 time, 230.02 real, 441 MB
[runlim] sample:		486.42 time, 240.02 real, 448 MB
[runlim] sample:		506.70 time, 250.02 real, 466 MB
[runlim] sample:		526.98 time, 260.02 real, 466 MB
[runlim] sample:		547.25 time, 270.02 real, 466 MB
[runlim] sample:		567.53 time, 280.02 real, 480 MB
[runlim] sample:		587.80 time, 290.02 real, 487 MB
[runlim] sample:		608.09 time, 300.02 real, 491 MB
[runlim] sample:		628.36 time, 310.02 real, 493 MB
[runlim] sample:		648.63 time, 320.02 real, 465 MB
[runlim] sample:		668.91 time, 330.02 real, 489 MB
[runlim] sample:		689.19 time, 340.02 real, 493 MB
[runlim] sample:		709.46 time, 350.02 real, 498 MB
[runlim] sample:		729.74 time, 360.02 real, 499 MB
[runlim] sample:		750.00 time, 370.02 real, 501 MB
[runlim] sample:		770.28 time, 380.02 real, 521 MB
[runlim] sample:		790.56 time, 390.02 real, 527 MB
[runlim] sample:		810.84 time, 400.02 real, 527 MB
[runlim] sample:		831.11 time, 410.02 real, 528 MB
[runlim] sample:		851.37 time, 420.02 real, 542 MB
[runlim] sample:		871.66 time, 430.02 real, 556 MB
[runlim] sample:		891.93 time, 440.02 real, 561 MB
[runlim] sample:		912.21 time, 450.02 real, 568 MB
[runlim] sample:		932.47 time, 460.02 real, 571 MB
[runlim] sample:		952.75 time, 470.02 real, 589 MB
[runlim] sample:		973.03 time, 480.02 real, 590 MB
[runlim] sample:		993.29 time, 490.02 real, 610 MB
[runlim] sample:		1013.57 time, 500.02 real, 610 MB
[runlim] sample:		1033.85 time, 510.02 real, 610 MB
[runlim] sample:		1054.11 time, 520.02 real, 624 MB
[runlim] sample:		1074.39 time, 530.02 real, 624 MB
[runlim] sample:		1094.66 time, 540.02 real, 625 MB
[runlim] sample:		1114.96 time, 550.02 real, 654 MB
[runlim] sample:		1135.22 time, 560.02 real, 660 MB
[runlim] sample:		1155.51 time, 570.02 real, 599 MB
[runlim] sample:		1175.77 time, 580.02 real, 636 MB
[runlim] sample:		1196.04 time, 590.02 real, 650 MB
[runlim] sample:		1216.31 time, 600.02 real, 648 MB
[runlim] sample:		1236.60 time, 610.02 real, 675 MB
[runlim] sample:		1256.86 time, 620.02 real, 617 MB
[runlim] sample:		1277.13 time, 630.02 real, 664 MB
[runlim] sample:		1297.40 time, 640.02 real, 664 MB
[runlim] sample:		1317.68 time, 650.02 real, 670 MB
[runlim] sample:		1337.95 time, 660.02 real, 665 MB
[runlim] sample:		1358.21 time, 670.02 real, 668 MB
[runlim] sample:		1378.50 time, 680.02 real, 668 MB
[runlim] sample:		1398.77 time, 690.02 real, 668 MB
[runlim] sample:		1419.05 time, 700.02 real, 690 MB
[runlim] sample:		1439.32 time, 710.02 real, 670 MB
[runlim] sample:		1459.61 time, 720.02 real, 671 MB
[runlim] sample:		1479.87 time, 730.02 real, 671 MB
[runlim] sample:		1500.15 time, 740.02 real, 701 MB
[runlim] sample:		1520.42 time, 750.02 real, 727 MB
[runlim] sample:		1540.70 time, 760.02 real, 727 MB
[runlim] sample:		1560.98 time, 770.02 real, 701 MB
[runlim] sample:		1581.26 time, 780.02 real, 703 MB
[runlim] sample:		1601.52 time, 790.02 real, 708 MB
[runlim] sample:		1621.80 time, 800.02 real, 712 MB
[runlim] sample:		1642.07 time, 810.02 real, 765 MB
[runlim] sample:		1662.35 time, 820.02 real, 740 MB
[runlim] sample:		1682.63 time, 830.02 real, 774 MB
[runlim] sample:		1702.90 time, 840.02 real, 774 MB
[runlim] sample:		1723.16 time, 850.02 real, 774 MB
[runlim] sample:		1743.45 time, 860.02 real, 741 MB
[runlim] sample:		1763.72 time, 870.02 real, 741 MB
[runlim] sample:		1783.98 time, 880.02 real, 741 MB
[runlim] sample:		1804.25 time, 890.02 real, 742 MB
[runlim] sample:		1824.52 time, 900.02 real, 742 MB
[runlim] sample:		1844.80 time, 910.02 real, 776 MB
[runlim] sample:		1865.08 time, 920.02 real, 783 MB
[runlim] sample:		1885.35 time, 930.02 real, 804 MB
[runlim] sample:		1905.63 time, 940.02 real, 770 MB
[runlim] sample:		1925.90 time, 950.02 real, 770 MB
[runlim] sample:		1946.18 time, 960.02 real, 797 MB
[runlim] sample:		1966.47 time, 970.02 real, 770 MB
[runlim] sample:		1986.73 time, 980.02 real, 770 MB
[runlim] sample:		2007.02 time, 990.02 real, 771 MB
[runlim] sample:		2027.30 time, 1000.02 real, 808 MB
[runlim] sample:		2047.55 time, 1010.02 real, 808 MB
[runlim] sample:		2067.83 time, 1020.02 real, 808 MB
[runlim] sample:		2088.10 time, 1030.02 real, 809 MB
[runlim] sample:		2108.38 time, 1040.02 real, 809 MB
[runlim] sample:		2128.65 time, 1050.02 real, 758 MB
[runlim] sample:		2148.91 time, 1060.02 real, 759 MB
[runlim] sample:		2169.20 time, 1070.02 real, 769 MB
[runlim] sample:		2189.46 time, 1080.02 real, 769 MB
[runlim] sample:		2209.74 time, 1090.02 real, 771 MB
[runlim] sample:		2230.01 time, 1100.02 real, 796 MB
[runlim] sample:		2250.28 time, 1110.02 real, 780 MB
[runlim] sample:		2270.55 time, 1120.02 real, 795 MB
[runlim] sample:		2290.82 time, 1130.02 real, 796 MB
[runlim] sample:		2311.09 time, 1140.02 real, 785 MB
[runlim] sample:		2331.37 time, 1150.02 real, 793 MB
[runlim] sample:		2351.64 time, 1160.02 real, 793 MB
[runlim] sample:		2371.92 time, 1170.02 real, 793 MB
[runlim] sample:		2392.19 time, 1180.02 real, 797 MB
[runlim] sample:		2412.46 time, 1190.02 real, 799 MB
[runlim] sample:		2432.73 time, 1200.02 real, 802 MB
[runlim] sample:		2453.01 time, 1210.02 real, 803 MB
[runlim] sample:		2473.28 time, 1220.02 real, 768 MB
[runlim] sample:		2493.56 time, 1230.02 real, 791 MB
[runlim] sample:		2513.83 time, 1240.02 real, 791 MB
[runlim] sample:		2534.10 time, 1250.02 real, 795 MB
[runlim] sample:		2554.37 time, 1260.02 real, 815 MB
[runlim] sample:		2574.64 time, 1270.02 real, 830 MB
[runlim] sample:		2594.92 time, 1280.02 real, 843 MB
[runlim] sample:		2615.19 time, 1290.02 real, 843 MB
[runlim] sample:		2635.47 time, 1300.02 real, 822 MB
[runlim] sample:		2655.73 time, 1310.02 real, 815 MB
[runlim] sample:		2676.02 time, 1320.02 real, 821 MB
[runlim] sample:		2696.30 time, 1330.02 real, 821 MB
[runlim] sample:		2716.57 time, 1340.02 real, 805 MB
[runlim] sample:		2736.85 time, 1350.02 real, 828 MB
[runlim] sample:		2757.12 time, 1360.02 real, 829 MB
[runlim] sample:		2777.40 time, 1370.02 real, 832 MB
[runlim] sample:		2797.68 time, 1380.02 real, 836 MB
[runlim] sample:		2817.95 time, 1390.02 real, 826 MB
[runlim] sample:		2838.22 time, 1400.02 real, 826 MB
[runlim] sample:		2858.51 time, 1410.02 real, 826 MB
[runlim] sample:		2878.78 time, 1420.02 real, 866 MB
[runlim] sample:		2899.06 time, 1430.02 real, 866 MB
[runlim] sample:		2919.33 time, 1440.02 real, 860 MB
[runlim] sample:		2939.59 time, 1450.02 real, 885 MB
[runlim] sample:		2959.86 time, 1460.02 real, 885 MB
[runlim] sample:		2980.13 time, 1470.02 real, 886 MB
[runlim] sample:		3000.42 time, 1480.02 real, 881 MB
[runlim] sample:		3020.69 time, 1490.02 real, 884 MB
[runlim] sample:		3040.96 time, 1500.02 real, 884 MB
[runlim] sample:		3061.24 time, 1510.02 real, 884 MB
[runlim] sample:		3081.50 time, 1520.02 real, 891 MB
[runlim] sample:		3101.78 time, 1530.02 real, 891 MB
[runlim] sample:		3122.07 time, 1540.02 real, 920 MB
[runlim] sample:		3142.34 time, 1550.02 real, 924 MB
[runlim] sample:		3162.61 time, 1560.02 real, 924 MB
[runlim] sample:		3182.88 time, 1570.02 real, 924 MB
[runlim] sample:		3203.16 time, 1580.02 real, 924 MB
[runlim] sample:		3223.42 time, 1590.02 real, 881 MB
[runlim] sample:		3243.70 time, 1600.02 real, 916 MB
[runlim] sample:		3263.99 time, 1610.02 real, 916 MB
[runlim] sample:		3284.26 time, 1620.02 real, 916 MB
[runlim] sample:		3304.52 time, 1630.02 real, 918 MB
[runlim] sample:		3324.81 time, 1640.02 real, 919 MB
[runlim] sample:		3345.08 time, 1650.02 real, 905 MB
[runlim] sample:		3365.36 time, 1660.02 real, 931 MB
[runlim] sample:		3385.64 time, 1670.02 real, 935 MB
[runlim] sample:		3405.91 time, 1680.02 real, 954 MB
[runlim] sample:		3426.18 time, 1690.02 real, 963 MB
[runlim] sample:		3446.45 time, 1700.02 real, 940 MB
[runlim] sample:		3466.73 time, 1710.02 real, 913 MB
[runlim] sample:		3487.01 time, 1720.02 real, 955 MB
[runlim] sample:		3507.28 time, 1730.02 real, 955 MB
[runlim] sample:		3527.55 time, 1740.02 real, 955 MB
[runlim] sample:		3547.83 time, 1750.02 real, 955 MB
[runlim] sample:		3568.10 time, 1760.02 real, 958 MB
[runlim] sample:		3588.38 time, 1770.02 real, 941 MB
[runlim] sample:		3608.65 time, 1780.02 real, 942 MB
[runlim] sample:		3628.92 time, 1790.02 real, 973 MB
[runlim] sample:		3649.19 time, 1800.02 real, 982 MB
[runlim] sample:		3669.47 time, 1810.02 real, 993 MB
[runlim] sample:		3689.76 time, 1820.02 real, 984 MB
[runlim] sample:		3710.03 time, 1830.02 real, 998 MB
[runlim] sample:		3730.30 time, 1840.02 real, 999 MB
[runlim] sample:		3750.59 time, 1850.02 real, 999 MB
[runlim] sample:		3770.85 time, 1860.02 real, 999 MB
[runlim] sample:		3791.13 time, 1870.02 real, 999 MB
[runlim] sample:		3811.40 time, 1880.02 real, 999 MB
[runlim] sample:		3831.68 time, 1890.02 real, 1000 MB
[runlim] sample:		3851.95 time, 1900.02 real, 1004 MB
[runlim] sample:		3872.22 time, 1910.02 real, 1006 MB
[runlim] sample:		3892.49 time, 1920.02 real, 1018 MB
[runlim] sample:		3912.77 time, 1930.02 real, 1037 MB
[runlim] sample:		3933.05 time, 1940.02 real, 1054 MB
[runlim] sample:		3953.32 time, 1950.02 real, 1059 MB
[runlim] sample:		3973.61 time, 1960.02 real, 1059 MB
[runlim] sample:		3993.88 time, 1970.02 real, 1059 MB
[runlim] sample:		4014.15 time, 1980.02 real, 1022 MB
[runlim] sample:		4034.43 time, 1990.02 real, 1104 MB
[runlim] sample:		4054.70 time, 2000.02 real, 1070 MB
[runlim] sample:		4074.97 time, 2010.02 real, 1070 MB
[runlim] sample:		4095.25 time, 2020.02 real, 1055 MB
[runlim] sample:		4115.52 time, 2030.02 real, 1103 MB
[runlim] sample:		4135.79 time, 2040.02 real, 1103 MB
[runlim] sample:		4156.08 time, 2050.02 real, 1103 MB
[runlim] sample:		4176.34 time, 2060.02 real, 1149 MB
[runlim] sample:		4196.61 time, 2070.02 real, 1106 MB
[runlim] sample:		4216.90 time, 2080.02 real, 1106 MB
[runlim] sample:		4237.17 time, 2090.02 real, 1106 MB
[runlim] sample:		4257.43 time, 2100.02 real, 1027 MB
[runlim] sample:		4277.72 time, 2110.02 real, 1063 MB
[runlim] sample:		4297.99 time, 2120.02 real, 1063 MB
[runlim] sample:		4318.26 time, 2130.02 real, 1063 MB
[runlim] sample:		4338.53 time, 2140.02 real, 1094 MB
[runlim] sample:		4358.81 time, 2150.02 real, 1056 MB
[runlim] sample:		4379.08 time, 2160.02 real, 1056 MB
[runlim] sample:		4399.36 time, 2170.02 real, 1061 MB
[runlim] sample:		4419.63 time, 2180.02 real, 1061 MB
[runlim] sample:		4439.91 time, 2190.02 real, 1061 MB
[runlim] sample:		4460.18 time, 2200.02 real, 1061 MB
[runlim] sample:		4480.46 time, 2210.02 real, 1059 MB
[runlim] sample:		4500.73 time, 2220.02 real, 1062 MB
[runlim] sample:		4521.00 time, 2230.02 real, 1066 MB
[runlim] sample:		4541.28 time, 2240.01 real, 1100 MB
[runlim] sample:		4561.55 time, 2250.02 real, 1102 MB
[runlim] sample:		4581.84 time, 2260.02 real, 1093 MB
[runlim] sample:		4602.10 time, 2270.02 real, 1097 MB
[runlim] sample:		4622.39 time, 2280.02 real, 1102 MB
[runlim] sample:		4642.65 time, 2290.02 real, 1102 MB
[runlim] sample:		4662.93 time, 2300.02 real, 1102 MB
[runlim] sample:		4683.21 time, 2310.02 real, 1100 MB
[runlim] sample:		4703.48 time, 2320.02 real, 1098 MB
[runlim] sample:		4723.76 time, 2330.01 real, 1094 MB
[runlim] sample:		4744.03 time, 2340.02 real, 1093 MB
[runlim] sample:		4764.31 time, 2350.02 real, 1099 MB
[runlim] sample:		4784.57 time, 2360.02 real, 1099 MB
[runlim] sample:		4804.84 time, 2370.02 real, 1100 MB
[runlim] sample:		4825.12 time, 2380.02 real, 1101 MB
[runlim] sample:		4845.40 time, 2390.02 real, 1102 MB
[runlim] sample:		4865.66 time, 2400.02 real, 1102 MB
[runlim] sample:		4885.94 time, 2410.02 real, 1112 MB
[runlim] sample:		4906.22 time, 2420.02 real, 1112 MB
[runlim] sample:		4926.49 time, 2430.02 real, 1112 MB
[runlim] sample:		4946.76 time, 2440.02 real, 1111 MB
[runlim] sample:		4967.04 time, 2450.02 real, 1111 MB
[runlim] sample:		4987.31 time, 2460.02 real, 1111 MB
[runlim] sample:		5007.59 time, 2470.02 real, 1111 MB
[runlim] sample:		5027.86 time, 2480.02 real, 1107 MB
[runlim] sample:		5048.14 time, 2490.02 real, 1107 MB
[runlim] sample:		5068.41 time, 2500.02 real, 1104 MB
[runlim] sample:		5088.68 time, 2510.02 real, 1104 MB
[runlim] sample:		5108.96 time, 2520.02 real, 1064 MB
[runlim] sample:		5129.23 time, 2530.02 real, 1103 MB
[runlim] sample:		5149.52 time, 2540.02 real, 1103 MB
[runlim] sample:		5169.79 time, 2550.02 real, 1108 MB
[runlim] sample:		5190.07 time, 2560.02 real, 1108 MB
[runlim] sample:		5210.34 time, 2570.02 real, 1108 MB
[runlim] sample:		5230.61 time, 2580.02 real, 1110 MB
[runlim] sample:		5250.88 time, 2590.02 real, 1110 MB
[runlim] sample:		5271.16 time, 2600.02 real, 1110 MB
[runlim] sample:		5291.44 time, 2610.02 real, 1110 MB
[runlim] sample:		5311.71 time, 2620.02 real, 1116 MB
[runlim] sample:		5331.99 time, 2630.02 real, 1116 MB
[runlim] sample:		5352.26 time, 2640.02 real, 1116 MB
[runlim] sample:		5372.53 time, 2650.02 real, 1108 MB
[runlim] sample:		5392.81 time, 2660.02 real, 1108 MB
[runlim] sample:		5413.09 time, 2670.02 real, 1101 MB
[runlim] sample:		5433.36 time, 2680.02 real, 1101 MB
[runlim] sample:		5453.64 time, 2690.02 real, 1101 MB
[runlim] sample:		5473.90 time, 2700.02 real, 1111 MB
[runlim] sample:		5494.18 time, 2710.02 real, 1115 MB
[runlim] sample:		5514.47 time, 2720.02 real, 1115 MB
[runlim] sample:		5534.73 time, 2730.02 real, 1115 MB
[runlim] sample:		5555.02 time, 2740.02 real, 1120 MB
[runlim] sample:		5575.28 time, 2750.02 real, 1120 MB
[runlim] sample:		5595.56 time, 2760.02 real, 1120 MB
[runlim] sample:		5615.84 time, 2770.02 real, 1083 MB
[runlim] sample:		5636.11 time, 2780.02 real, 1086 MB
[runlim] sample:		5656.39 time, 2790.02 real, 1145 MB
[runlim] sample:		5676.66 time, 2800.02 real, 1145 MB
[runlim] sample:		5696.93 time, 2810.02 real, 1159 MB
[runlim] sample:		5717.20 time, 2820.02 real, 1159 MB
[runlim] sample:		5737.49 time, 2830.02 real, 1110 MB
[runlim] sample:		5757.76 time, 2840.02 real, 1109 MB
[runlim] sample:		5778.04 time, 2850.02 real, 1109 MB
[runlim] sample:		5798.31 time, 2860.02 real, 1109 MB
[runlim] sample:		5818.58 time, 2870.02 real, 1165 MB
[runlim] sample:		5838.86 time, 2880.02 real, 1165 MB
[runlim] sample:		5859.14 time, 2890.02 real, 1165 MB
[runlim] sample:		5879.41 time, 2900.02 real, 1165 MB
[runlim] sample:		5899.68 time, 2910.02 real, 1166 MB
[runlim] sample:		5919.95 time, 2920.02 real, 1129 MB
[runlim] sample:		5940.23 time, 2930.02 real, 1168 MB
[runlim] sample:		5960.49 time, 2940.02 real, 1174 MB
[runlim] sample:		5980.78 time, 2950.02 real, 1174 MB
[runlim] sample:		6001.06 time, 2960.02 real, 1233 MB
[runlim] sample:		6021.32 time, 2970.02 real, 1178 MB
[runlim] sample:		6041.59 time, 2980.02 real, 1178 MB
[runlim] sample:		6061.86 time, 2990.02 real, 1178 MB
[runlim] sample:		6082.14 time, 3000.02 real, 1181 MB
[runlim] sample:		6102.41 time, 3010.02 real, 1181 MB
[runlim] sample:		6122.70 time, 3020.02 real, 1181 MB
[runlim] sample:		6142.97 time, 3030.02 real, 1143 MB
[runlim] sample:		6163.25 time, 3040.02 real, 1138 MB
[runlim] sample:		6183.53 time, 3050.02 real, 1174 MB
[runlim] sample:		6203.81 time, 3060.02 real, 1174 MB
[runlim] sample:		6224.08 time, 3070.02 real, 1175 MB
[runlim] sample:		6244.34 time, 3080.02 real, 1175 MB
[runlim] sample:		6264.62 time, 3090.02 real, 1175 MB
[runlim] sample:		6284.90 time, 3100.01 real, 1176 MB
[runlim] sample:		6305.17 time, 3110.02 real, 1138 MB
[runlim] sample:		6325.45 time, 3120.02 real, 1138 MB
[runlim] sample:		6345.72 time, 3130.02 real, 1175 MB
[runlim] sample:		6366.00 time, 3140.02 real, 1183 MB
[runlim] sample:		6386.27 time, 3150.02 real, 1185 MB
[runlim] sample:		6406.55 time, 3160.02 real, 1209 MB
[runlim] sample:		6426.82 time, 3170.02 real, 1201 MB
[runlim] sample:		6447.09 time, 3180.02 real, 1201 MB
[runlim] sample:		6467.37 time, 3190.02 real, 1158 MB
[runlim] sample:		6487.64 time, 3200.02 real, 1185 MB
[runlim] sample:		6507.90 time, 3210.02 real, 1132 MB
[runlim] sample:		6528.19 time, 3220.02 real, 1143 MB
[runlim] sample:		6548.47 time, 3230.02 real, 1144 MB
[runlim] sample:		6568.73 time, 3240.02 real, 1144 MB
[runlim] sample:		6589.00 time, 3250.02 real, 1144 MB
[runlim] sample:		6609.29 time, 3260.02 real, 1148 MB
[runlim] sample:		6629.57 time, 3270.02 real, 1148 MB
[runlim] sample:		6649.85 time, 3280.02 real, 1163 MB
[runlim] sample:		6670.11 time, 3290.02 real, 1163 MB
[runlim] sample:		6690.40 time, 3300.02 real, 1163 MB
[runlim] sample:		6710.67 time, 3310.02 real, 1221 MB
[runlim] sample:		6730.94 time, 3320.02 real, 1167 MB
[runlim] sample:		6751.21 time, 3330.02 real, 1167 MB
[runlim] sample:		6771.50 time, 3340.02 real, 1167 MB
[runlim] sample:		6791.76 time, 3350.02 real, 1194 MB
[runlim] sample:		6812.03 time, 3360.02 real, 1182 MB
[runlim] sample:		6832.30 time, 3370.02 real, 1200 MB
[runlim] sample:		6852.57 time, 3380.02 real, 1203 MB
[runlim] sample:		6872.86 time, 3390.02 real, 1166 MB
[runlim] sample:		6893.12 time, 3400.02 real, 1181 MB
[runlim] sample:		6913.41 time, 3410.02 real, 1190 MB
[runlim] sample:		6933.68 time, 3420.02 real, 1219 MB
[runlim] sample:		6953.95 time, 3430.02 real, 1195 MB
[runlim] sample:		6974.22 time, 3440.02 real, 1208 MB
[runlim] sample:		6994.50 time, 3450.02 real, 1210 MB
[runlim] sample:		7014.78 time, 3460.02 real, 1212 MB
[runlim] sample:		7035.03 time, 3470.02 real, 1216 MB
[runlim] sample:		7055.32 time, 3480.02 real, 1217 MB
[runlim] sample:		7075.59 time, 3490.02 real, 1218 MB
[runlim] sample:		7095.85 time, 3500.02 real, 1283 MB
[runlim] sample:		7116.13 time, 3510.02 real, 1230 MB
[runlim] sample:		7136.38 time, 3520.02 real, 1230 MB
[runlim] sample:		7156.66 time, 3530.02 real, 1230 MB
[runlim] sample:		7176.94 time, 3540.02 real, 1243 MB
[runlim] sample:		7197.21 time, 3550.02 real, 1280 MB
[runlim] sample:		7217.48 time, 3560.02 real, 1266 MB
[runlim] sample:		7237.77 time, 3570.02 real, 1284 MB
[runlim] sample:		7258.04 time, 3580.02 real, 1284 MB
[runlim] sample:		7278.31 time, 3590.02 real, 1311 MB
[runlim] sample:		7298.60 time, 3600.02 real, 1312 MB
[runlim] end:			Wed Oct 16 18:52:45 2019
[runlim] status:		out of time
[runlim] result:		2
[runlim] children:		4
[runlim] real:			3600.10 seconds
[runlim] time:			7298.60 seconds
[runlim] space:			1369 MB
[runlim] samples:		36000
