[runlim] version:		1.17
[runlim] host:			c3n22
[runlim] time limit:		311040000 seconds
[runlim] real time limit:	3600 seconds
[runlim] space limit:		120000 MB
[runlim] argv[0]:		./run-cosa2.sh
[runlim] argv[1]:		/tmp/BZK0RtBz.btor
[runlim] start:			Wed Oct 16 19:23:45 2019
[runlim] child:			8239
[runlim] sample:		20.20 time, 10.02 real, 197 MB
[runlim] sample:		40.47 time, 20.02 real, 272 MB
[runlim] sample:		60.75 time, 30.01 real, 305 MB
[runlim] sample:		81.02 time, 40.01 real, 334 MB
[runlim] sample:		101.30 time, 50.01 real, 342 MB
[runlim] sample:		121.59 time, 60.01 real, 379 MB
[runlim] sample:		141.87 time, 70.01 real, 395 MB
[runlim] sample:		162.15 time, 80.01 real, 434 MB
[runlim] sample:		182.43 time, 90.01 real, 432 MB
[runlim] sample:		202.71 time, 100.01 real, 441 MB
[runlim] sample:		222.98 time, 110.01 real, 478 MB
[runlim] sample:		243.27 time, 120.01 real, 478 MB
[runlim] sample:		263.57 time, 130.01 real, 504 MB
[runlim] sample:		283.84 time, 140.01 real, 566 MB
[runlim] sample:		304.11 time, 150.01 real, 533 MB
[runlim] sample:		324.39 time, 160.01 real, 538 MB
[runlim] sample:		344.66 time, 170.01 real, 556 MB
[runlim] sample:		364.95 time, 180.01 real, 591 MB
[runlim] sample:		385.23 time, 190.01 real, 585 MB
[runlim] sample:		405.52 time, 200.01 real, 593 MB
[runlim] sample:		425.80 time, 210.01 real, 608 MB
[runlim] sample:		446.07 time, 220.01 real, 634 MB
[runlim] sample:		466.35 time, 230.01 real, 666 MB
[runlim] sample:		486.64 time, 240.01 real, 657 MB
[runlim] sample:		506.91 time, 250.01 real, 657 MB
[runlim] sample:		527.20 time, 260.01 real, 665 MB
[runlim] sample:		547.49 time, 270.01 real, 675 MB
[runlim] sample:		567.75 time, 280.01 real, 676 MB
[runlim] sample:		588.04 time, 290.01 real, 685 MB
[runlim] sample:		608.31 time, 300.01 real, 713 MB
[runlim] sample:		628.58 time, 310.01 real, 714 MB
[runlim] sample:		648.85 time, 320.01 real, 714 MB
[runlim] sample:		669.13 time, 330.01 real, 755 MB
[runlim] sample:		689.39 time, 340.01 real, 814 MB
[runlim] sample:		709.68 time, 350.01 real, 778 MB
[runlim] sample:		729.95 time, 360.01 real, 784 MB
[runlim] sample:		750.23 time, 370.01 real, 784 MB
[runlim] sample:		770.50 time, 380.01 real, 784 MB
[runlim] sample:		790.76 time, 390.01 real, 824 MB
[runlim] sample:		811.04 time, 400.01 real, 836 MB
[runlim] sample:		831.32 time, 410.01 real, 770 MB
[runlim] sample:		851.59 time, 420.01 real, 803 MB
[runlim] sample:		871.86 time, 430.01 real, 803 MB
[runlim] sample:		892.15 time, 440.01 real, 805 MB
[runlim] sample:		912.43 time, 450.01 real, 807 MB
[runlim] sample:		932.70 time, 460.01 real, 819 MB
[runlim] sample:		953.00 time, 470.01 real, 833 MB
[runlim] sample:		973.27 time, 480.01 real, 832 MB
[runlim] sample:		993.55 time, 490.01 real, 846 MB
[runlim] sample:		1013.84 time, 500.01 real, 898 MB
[runlim] sample:		1034.11 time, 510.01 real, 914 MB
[runlim] sample:		1054.39 time, 520.01 real, 922 MB
[runlim] sample:		1074.66 time, 530.02 real, 931 MB
[runlim] sample:		1094.93 time, 540.01 real, 948 MB
[runlim] sample:		1115.22 time, 550.01 real, 936 MB
[runlim] sample:		1135.48 time, 560.01 real, 967 MB
[runlim] sample:		1155.78 time, 570.01 real, 973 MB
[runlim] sample:		1176.05 time, 580.01 real, 1038 MB
[runlim] sample:		1196.32 time, 590.01 real, 1038 MB
[runlim] sample:		1216.59 time, 600.01 real, 1038 MB
[runlim] sample:		1236.88 time, 610.01 real, 1039 MB
[runlim] sample:		1257.14 time, 620.01 real, 1033 MB
[runlim] sample:		1277.42 time, 630.01 real, 1033 MB
[runlim] sample:		1297.70 time, 640.01 real, 1029 MB
[runlim] sample:		1317.97 time, 650.01 real, 1041 MB
[runlim] sample:		1338.25 time, 660.01 real, 1041 MB
[runlim] sample:		1358.52 time, 670.01 real, 1046 MB
[runlim] sample:		1378.80 time, 680.01 real, 1053 MB
[runlim] sample:		1399.06 time, 690.01 real, 1067 MB
[runlim] sample:		1419.36 time, 700.01 real, 1080 MB
[runlim] sample:		1439.64 time, 710.01 real, 1078 MB
[runlim] sample:		1459.93 time, 720.02 real, 1082 MB
[runlim] sample:		1480.21 time, 730.02 real, 1105 MB
[runlim] sample:		1500.48 time, 740.02 real, 1113 MB
[runlim] sample:		1520.76 time, 750.02 real, 1113 MB
[runlim] sample:		1541.04 time, 760.02 real, 1113 MB
[runlim] sample:		1561.33 time, 770.02 real, 1132 MB
[runlim] sample:		1581.59 time, 780.02 real, 1133 MB
[runlim] sample:		1601.88 time, 790.02 real, 1128 MB
[runlim] sample:		1622.12 time, 800.02 real, 1169 MB
[runlim] sample:		1642.37 time, 810.02 real, 1169 MB
[runlim] sample:		1662.64 time, 820.02 real, 1183 MB
[runlim] sample:		1682.92 time, 830.02 real, 1183 MB
[runlim] sample:		1703.20 time, 840.02 real, 1180 MB
[runlim] sample:		1723.47 time, 850.02 real, 1185 MB
[runlim] sample:		1743.71 time, 860.02 real, 1185 MB
[runlim] sample:		1763.99 time, 870.02 real, 1197 MB
[runlim] sample:		1784.27 time, 880.02 real, 1185 MB
[runlim] sample:		1804.55 time, 890.02 real, 1185 MB
[runlim] sample:		1824.83 time, 900.02 real, 1203 MB
[runlim] sample:		1845.09 time, 910.02 real, 1203 MB
[runlim] sample:		1865.38 time, 920.02 real, 1203 MB
[runlim] sample:		1885.65 time, 930.02 real, 1206 MB
[runlim] sample:		1905.93 time, 940.02 real, 1206 MB
[runlim] sample:		1926.21 time, 950.02 real, 1210 MB
[runlim] sample:		1946.48 time, 960.02 real, 1203 MB
[runlim] sample:		1966.76 time, 970.02 real, 1205 MB
[runlim] sample:		1987.02 time, 980.02 real, 1210 MB
[runlim] sample:		2007.28 time, 990.02 real, 1219 MB
[runlim] sample:		2027.56 time, 1000.02 real, 1219 MB
[runlim] sample:		2047.83 time, 1010.02 real, 1242 MB
[runlim] sample:		2068.11 time, 1020.02 real, 1245 MB
[runlim] sample:		2088.39 time, 1030.02 real, 1320 MB
[runlim] sample:		2108.66 time, 1040.02 real, 1320 MB
[runlim] sample:		2128.96 time, 1050.02 real, 1312 MB
[runlim] sample:		2149.23 time, 1060.02 real, 1315 MB
[runlim] sample:		2169.52 time, 1070.02 real, 1315 MB
[runlim] sample:		2189.79 time, 1080.02 real, 1312 MB
[runlim] sample:		2210.06 time, 1090.02 real, 1327 MB
[runlim] sample:		2230.33 time, 1100.02 real, 1327 MB
[runlim] sample:		2250.62 time, 1110.02 real, 1336 MB
[runlim] sample:		2270.89 time, 1120.02 real, 1389 MB
[runlim] sample:		2291.17 time, 1130.02 real, 1330 MB
[runlim] sample:		2311.44 time, 1140.02 real, 1309 MB
[runlim] sample:		2331.72 time, 1150.02 real, 1329 MB
[runlim] sample:		2352.00 time, 1160.02 real, 1329 MB
[runlim] sample:		2372.27 time, 1170.02 real, 1335 MB
[runlim] sample:		2392.54 time, 1180.02 real, 1335 MB
[runlim] sample:		2412.84 time, 1190.02 real, 1329 MB
[runlim] sample:		2433.12 time, 1200.02 real, 1329 MB
[runlim] sample:		2453.40 time, 1210.02 real, 1329 MB
[runlim] sample:		2473.66 time, 1220.02 real, 1333 MB
[runlim] sample:		2493.93 time, 1230.02 real, 1362 MB
[runlim] sample:		2514.21 time, 1240.02 real, 1367 MB
[runlim] sample:		2534.48 time, 1250.02 real, 1341 MB
[runlim] sample:		2554.78 time, 1260.02 real, 1320 MB
[runlim] sample:		2575.04 time, 1270.02 real, 1325 MB
[runlim] sample:		2595.31 time, 1280.02 real, 1371 MB
[runlim] sample:		2615.58 time, 1290.02 real, 1451 MB
[runlim] sample:		2635.88 time, 1300.02 real, 1479 MB
[runlim] sample:		2656.15 time, 1310.02 real, 1479 MB
[runlim] sample:		2676.41 time, 1320.02 real, 1458 MB
[runlim] sample:		2696.69 time, 1330.02 real, 1429 MB
[runlim] sample:		2716.98 time, 1340.02 real, 1435 MB
[runlim] sample:		2737.25 time, 1350.02 real, 1478 MB
[runlim] sample:		2757.51 time, 1360.02 real, 1434 MB
[runlim] sample:		2777.79 time, 1370.02 real, 1434 MB
[runlim] sample:		2798.09 time, 1380.02 real, 1439 MB
[runlim] sample:		2818.35 time, 1390.02 real, 1439 MB
[runlim] sample:		2838.63 time, 1400.02 real, 1439 MB
[runlim] sample:		2858.91 time, 1410.02 real, 1464 MB
[runlim] sample:		2879.18 time, 1420.02 real, 1468 MB
[runlim] sample:		2899.45 time, 1430.02 real, 1448 MB
[runlim] sample:		2919.72 time, 1440.02 real, 1448 MB
[runlim] sample:		2940.01 time, 1450.02 real, 1453 MB
[runlim] sample:		2960.28 time, 1460.02 real, 1453 MB
[runlim] sample:		2980.55 time, 1470.02 real, 1453 MB
[runlim] sample:		3000.84 time, 1480.02 real, 1453 MB
[runlim] sample:		3021.11 time, 1490.02 real, 1453 MB
[runlim] sample:		3041.39 time, 1500.02 real, 1453 MB
[runlim] sample:		3061.66 time, 1510.02 real, 1514 MB
[runlim] sample:		3081.93 time, 1520.02 real, 1513 MB
[runlim] sample:		3102.21 time, 1530.02 real, 1494 MB
[runlim] sample:		3122.48 time, 1540.02 real, 1494 MB
[runlim] sample:		3142.75 time, 1550.02 real, 1494 MB
[runlim] sample:		3163.03 time, 1560.02 real, 1503 MB
[runlim] sample:		3183.30 time, 1570.02 real, 1503 MB
[runlim] sample:		3203.58 time, 1580.02 real, 1503 MB
[runlim] sample:		3223.88 time, 1590.02 real, 1501 MB
[runlim] sample:		3244.16 time, 1600.02 real, 1518 MB
[runlim] sample:		3264.44 time, 1610.02 real, 1518 MB
[runlim] sample:		3284.70 time, 1620.02 real, 1518 MB
[runlim] sample:		3304.98 time, 1630.02 real, 1545 MB
[runlim] sample:		3325.25 time, 1640.02 real, 1535 MB
[runlim] sample:		3345.53 time, 1650.02 real, 1476 MB
[runlim] sample:		3365.81 time, 1660.02 real, 1476 MB
[runlim] sample:		3386.09 time, 1670.02 real, 1476 MB
[runlim] sample:		3406.36 time, 1680.02 real, 1533 MB
[runlim] sample:		3426.63 time, 1690.02 real, 1491 MB
[runlim] sample:		3446.91 time, 1700.02 real, 1491 MB
[runlim] sample:		3467.20 time, 1710.02 real, 1496 MB
[runlim] sample:		3487.49 time, 1720.02 real, 1496 MB
[runlim] sample:		3507.76 time, 1730.02 real, 1496 MB
[runlim] sample:		3528.05 time, 1740.02 real, 1498 MB
[runlim] sample:		3548.33 time, 1750.02 real, 1515 MB
[runlim] sample:		3568.61 time, 1760.02 real, 1515 MB
[runlim] sample:		3588.90 time, 1770.02 real, 1522 MB
[runlim] sample:		3609.19 time, 1780.02 real, 1528 MB
[runlim] sample:		3629.47 time, 1790.02 real, 1529 MB
[runlim] sample:		3649.76 time, 1800.02 real, 1564 MB
[runlim] sample:		3670.03 time, 1810.02 real, 1568 MB
[runlim] sample:		3690.31 time, 1820.02 real, 1574 MB
[runlim] sample:		3710.60 time, 1830.02 real, 1568 MB
[runlim] sample:		3730.87 time, 1840.02 real, 1586 MB
[runlim] sample:		3751.17 time, 1850.02 real, 1572 MB
[runlim] sample:		3771.44 time, 1860.02 real, 1583 MB
[runlim] sample:		3791.73 time, 1870.02 real, 1654 MB
[runlim] sample:		3811.99 time, 1880.02 real, 1668 MB
[runlim] sample:		3832.28 time, 1890.02 real, 1668 MB
[runlim] sample:		3852.54 time, 1900.02 real, 1668 MB
[runlim] sample:		3872.83 time, 1910.02 real, 1668 MB
[runlim] sample:		3893.10 time, 1920.02 real, 1679 MB
[runlim] sample:		3913.37 time, 1930.02 real, 1673 MB
[runlim] sample:		3933.65 time, 1940.02 real, 1673 MB
[runlim] sample:		3953.94 time, 1950.02 real, 1673 MB
[runlim] sample:		3974.22 time, 1960.02 real, 1689 MB
[runlim] sample:		3994.49 time, 1970.02 real, 1689 MB
[runlim] sample:		4014.78 time, 1980.02 real, 1675 MB
[runlim] sample:		4035.07 time, 1990.02 real, 1679 MB
[runlim] sample:		4055.34 time, 2000.02 real, 1680 MB
[runlim] sample:		4075.63 time, 2010.02 real, 1683 MB
[runlim] sample:		4095.91 time, 2020.02 real, 1683 MB
[runlim] sample:		4116.19 time, 2030.02 real, 1683 MB
[runlim] sample:		4136.47 time, 2040.02 real, 1706 MB
[runlim] sample:		4156.75 time, 2050.02 real, 1710 MB
[runlim] sample:		4177.03 time, 2060.02 real, 1686 MB
[runlim] sample:		4197.31 time, 2070.02 real, 1684 MB
[runlim] sample:		4217.60 time, 2080.02 real, 1684 MB
[runlim] sample:		4237.89 time, 2090.02 real, 1684 MB
[runlim] sample:		4258.15 time, 2100.02 real, 1694 MB
[runlim] sample:		4278.43 time, 2110.02 real, 1684 MB
[runlim] sample:		4298.72 time, 2120.02 real, 1684 MB
[runlim] sample:		4318.99 time, 2130.02 real, 1685 MB
[runlim] sample:		4339.27 time, 2140.02 real, 1685 MB
[runlim] sample:		4359.54 time, 2150.02 real, 1685 MB
[runlim] sample:		4379.82 time, 2160.02 real, 1685 MB
[runlim] sample:		4400.10 time, 2170.02 real, 1704 MB
[runlim] sample:		4420.37 time, 2180.02 real, 1700 MB
[runlim] sample:		4440.65 time, 2190.02 real, 1700 MB
[runlim] sample:		4460.93 time, 2200.02 real, 1700 MB
[runlim] sample:		4481.21 time, 2210.02 real, 1693 MB
[runlim] sample:		4501.50 time, 2220.02 real, 1731 MB
[runlim] sample:		4521.78 time, 2230.02 real, 1697 MB
[runlim] sample:		4542.06 time, 2240.02 real, 1692 MB
[runlim] sample:		4562.35 time, 2250.02 real, 1692 MB
[runlim] sample:		4582.63 time, 2260.02 real, 1702 MB
[runlim] sample:		4602.91 time, 2270.02 real, 1711 MB
[runlim] sample:		4623.19 time, 2280.02 real, 1770 MB
[runlim] sample:		4643.48 time, 2290.02 real, 1789 MB
[runlim] sample:		4663.75 time, 2300.02 real, 1789 MB
[runlim] sample:		4684.04 time, 2310.02 real, 1835 MB
[runlim] sample:		4704.32 time, 2320.02 real, 1807 MB
[runlim] sample:		4724.61 time, 2330.02 real, 1807 MB
[runlim] sample:		4744.89 time, 2340.02 real, 1820 MB
[runlim] sample:		4765.16 time, 2350.02 real, 1827 MB
[runlim] sample:		4785.45 time, 2360.02 real, 1827 MB
[runlim] sample:		4805.74 time, 2370.02 real, 1834 MB
[runlim] sample:		4826.01 time, 2380.02 real, 1817 MB
[runlim] sample:		4846.31 time, 2390.02 real, 1817 MB
[runlim] sample:		4866.59 time, 2400.02 real, 1817 MB
[runlim] sample:		4886.86 time, 2410.02 real, 1824 MB
[runlim] sample:		4907.14 time, 2420.02 real, 1824 MB
[runlim] sample:		4927.43 time, 2430.02 real, 1824 MB
[runlim] sample:		4947.70 time, 2440.02 real, 1824 MB
[runlim] sample:		4967.97 time, 2450.02 real, 1822 MB
[runlim] sample:		4988.25 time, 2460.02 real, 1810 MB
[runlim] sample:		5008.52 time, 2470.02 real, 1810 MB
[runlim] sample:		5028.80 time, 2480.02 real, 1821 MB
[runlim] sample:		5049.08 time, 2490.02 real, 1821 MB
[runlim] sample:		5069.34 time, 2500.02 real, 1820 MB
[runlim] sample:		5089.63 time, 2510.02 real, 1822 MB
[runlim] sample:		5109.90 time, 2520.02 real, 1816 MB
[runlim] sample:		5130.19 time, 2530.02 real, 1816 MB
[runlim] sample:		5150.46 time, 2540.02 real, 1816 MB
[runlim] sample:		5170.73 time, 2550.02 real, 1816 MB
[runlim] sample:		5191.00 time, 2560.02 real, 1824 MB
[runlim] sample:		5211.28 time, 2570.02 real, 1824 MB
[runlim] sample:		5231.55 time, 2580.02 real, 1824 MB
[runlim] sample:		5251.82 time, 2590.02 real, 1824 MB
[runlim] sample:		5272.10 time, 2600.02 real, 1835 MB
[runlim] sample:		5292.38 time, 2610.02 real, 1830 MB
[runlim] sample:		5312.65 time, 2620.02 real, 1830 MB
[runlim] sample:		5332.93 time, 2630.02 real, 1830 MB
[runlim] sample:		5353.22 time, 2640.02 real, 1830 MB
[runlim] sample:		5373.50 time, 2650.02 real, 1831 MB
[runlim] sample:		5393.76 time, 2660.02 real, 1820 MB
[runlim] sample:		5414.04 time, 2670.02 real, 1802 MB
[runlim] sample:		5434.31 time, 2680.02 real, 1802 MB
[runlim] sample:		5454.59 time, 2690.02 real, 1802 MB
[runlim] sample:		5474.87 time, 2700.02 real, 1816 MB
[runlim] sample:		5495.15 time, 2710.02 real, 1816 MB
[runlim] sample:		5515.41 time, 2720.02 real, 1816 MB
[runlim] sample:		5535.69 time, 2730.02 real, 1816 MB
[runlim] sample:		5555.98 time, 2740.02 real, 1816 MB
[runlim] sample:		5576.25 time, 2750.02 real, 1816 MB
[runlim] sample:		5596.53 time, 2760.02 real, 1816 MB
[runlim] sample:		5616.80 time, 2770.02 real, 1816 MB
[runlim] sample:		5637.06 time, 2780.02 real, 1816 MB
[runlim] sample:		5657.34 time, 2790.02 real, 1873 MB
[runlim] sample:		5677.61 time, 2800.02 real, 1842 MB
[runlim] sample:		5697.90 time, 2810.02 real, 1845 MB
[runlim] sample:		5718.17 time, 2820.02 real, 1846 MB
[runlim] sample:		5738.45 time, 2830.02 real, 1849 MB
[runlim] sample:		5758.73 time, 2840.02 real, 1854 MB
[runlim] sample:		5779.01 time, 2850.02 real, 1857 MB
[runlim] sample:		5799.29 time, 2860.02 real, 1858 MB
[runlim] sample:		5819.58 time, 2870.02 real, 1856 MB
[runlim] sample:		5839.86 time, 2880.02 real, 1857 MB
[runlim] sample:		5860.15 time, 2890.02 real, 1861 MB
[runlim] sample:		5880.43 time, 2900.02 real, 1865 MB
[runlim] sample:		5900.72 time, 2910.02 real, 1877 MB
[runlim] sample:		5921.00 time, 2920.02 real, 1885 MB
[runlim] sample:		5941.29 time, 2930.02 real, 1878 MB
[runlim] sample:		5961.59 time, 2940.02 real, 1869 MB
[runlim] sample:		5981.87 time, 2950.02 real, 1875 MB
[runlim] sample:		6002.14 time, 2960.02 real, 1879 MB
[runlim] sample:		6022.42 time, 2970.02 real, 1881 MB
[runlim] sample:		6042.70 time, 2980.02 real, 1884 MB
[runlim] sample:		6062.97 time, 2990.02 real, 1902 MB
[runlim] sample:		6083.25 time, 3000.02 real, 1951 MB
[runlim] sample:		6103.52 time, 3010.02 real, 1972 MB
[runlim] sample:		6123.79 time, 3020.02 real, 1973 MB
[runlim] sample:		6144.08 time, 3030.02 real, 1961 MB
[runlim] sample:		6164.36 time, 3040.02 real, 1961 MB
[runlim] sample:		6184.65 time, 3050.02 real, 1969 MB
[runlim] sample:		6204.92 time, 3060.02 real, 2080 MB
[runlim] sample:		6225.21 time, 3070.02 real, 2095 MB
[runlim] sample:		6245.49 time, 3080.02 real, 2095 MB
[runlim] sample:		6265.77 time, 3090.02 real, 2094 MB
[runlim] sample:		6286.05 time, 3100.02 real, 2100 MB
[runlim] sample:		6306.33 time, 3110.02 real, 2081 MB
[runlim] sample:		6326.62 time, 3120.02 real, 2081 MB
[runlim] sample:		6346.91 time, 3130.02 real, 2081 MB
[runlim] sample:		6367.18 time, 3140.02 real, 2081 MB
[runlim] sample:		6387.46 time, 3150.02 real, 2081 MB
[runlim] sample:		6407.75 time, 3160.02 real, 2104 MB
[runlim] sample:		6428.02 time, 3170.02 real, 2112 MB
[runlim] sample:		6448.31 time, 3180.02 real, 2086 MB
[runlim] sample:		6468.60 time, 3190.02 real, 2086 MB
[runlim] sample:		6488.87 time, 3200.02 real, 2074 MB
[runlim] sample:		6509.15 time, 3210.02 real, 2074 MB
[runlim] sample:		6529.44 time, 3220.02 real, 2074 MB
[runlim] sample:		6549.73 time, 3230.02 real, 2114 MB
[runlim] sample:		6570.00 time, 3240.02 real, 2081 MB
[runlim] sample:		6590.28 time, 3250.02 real, 2088 MB
[runlim] sample:		6610.56 time, 3260.02 real, 2077 MB
[runlim] sample:		6630.84 time, 3270.02 real, 2077 MB
[runlim] sample:		6651.12 time, 3280.02 real, 2082 MB
[runlim] sample:		6671.40 time, 3290.02 real, 2160 MB
[runlim] sample:		6691.67 time, 3300.02 real, 2110 MB
[runlim] sample:		6711.95 time, 3310.02 real, 2110 MB
[runlim] sample:		6732.23 time, 3320.02 real, 2110 MB
[runlim] sample:		6752.50 time, 3330.02 real, 2110 MB
[runlim] sample:		6772.79 time, 3340.02 real, 2110 MB
[runlim] sample:		6793.05 time, 3350.02 real, 2105 MB
[runlim] sample:		6813.34 time, 3360.02 real, 2105 MB
[runlim] sample:		6833.61 time, 3370.02 real, 2108 MB
[runlim] sample:		6853.88 time, 3380.02 real, 2091 MB
[runlim] sample:		6874.16 time, 3390.02 real, 2126 MB
[runlim] sample:		6894.44 time, 3400.02 real, 2091 MB
[runlim] sample:		6914.72 time, 3410.02 real, 2100 MB
[runlim] sample:		6934.99 time, 3420.02 real, 2100 MB
[runlim] sample:		6955.28 time, 3430.02 real, 2100 MB
[runlim] sample:		6975.55 time, 3440.02 real, 2100 MB
[runlim] sample:		6995.84 time, 3450.02 real, 2109 MB
[runlim] sample:		7016.10 time, 3460.02 real, 2109 MB
[runlim] sample:		7036.37 time, 3470.02 real, 2109 MB
[runlim] sample:		7056.66 time, 3480.02 real, 2109 MB
[runlim] sample:		7076.94 time, 3490.02 real, 2109 MB
[runlim] sample:		7097.18 time, 3500.02 real, 2147 MB
[runlim] sample:		7117.44 time, 3510.02 real, 2147 MB
[runlim] sample:		7137.72 time, 3520.02 real, 2147 MB
[runlim] sample:		7158.00 time, 3530.02 real, 2144 MB
[runlim] sample:		7178.27 time, 3540.02 real, 2156 MB
[runlim] sample:		7198.55 time, 3550.02 real, 2156 MB
[runlim] sample:		7218.83 time, 3560.02 real, 2178 MB
[runlim] sample:		7239.10 time, 3570.02 real, 2178 MB
[runlim] sample:		7259.37 time, 3580.02 real, 2178 MB
[runlim] sample:		7279.65 time, 3590.02 real, 2178 MB
[runlim] sample:		7299.92 time, 3600.02 real, 2134 MB
[runlim] end:			Wed Oct 16 20:23:45 2019
[runlim] status:		out of time
[runlim] result:		2
[runlim] children:		4
[runlim] real:			3600.10 seconds
[runlim] time:			7299.92 seconds
[runlim] space:			2267 MB
[runlim] samples:		36000
