[runlim] version:		1.17
[runlim] host:			c3n05
[runlim] time limit:		311040000 seconds
[runlim] real time limit:	3600 seconds
[runlim] space limit:		120000 MB
[runlim] argv[0]:		./run-cosa2.sh
[runlim] argv[1]:		/tmp/zvcPEbEs.btor
[runlim] start:			Wed Oct 16 16:18:59 2019
[runlim] child:			11692
[runlim] sample:		20.18 time, 10.02 real, 708 MB
[runlim] sample:		40.45 time, 20.02 real, 1067 MB
[runlim] sample:		60.71 time, 30.02 real, 1263 MB
[runlim] sample:		80.99 time, 40.02 real, 1406 MB
[runlim] sample:		101.22 time, 50.02 real, 1509 MB
[runlim] end:			Wed Oct 16 16:19:50 2019
[runlim] status:		ok
[runlim] result:		0
[runlim] children:		4
[runlim] real:			51.32 seconds
[runlim] time:			103.64 seconds
[runlim] space:			1561 MB
[runlim] samples:		513
