[runlim] version:		1.17
[runlim] host:			c3n02
[runlim] time limit:		311040000 seconds
[runlim] real time limit:	3600 seconds
[runlim] space limit:		120000 MB
[runlim] argv[0]:		./run-cosa2.sh
[runlim] argv[1]:		/tmp/x0v2yZNK.btor
[runlim] start:			Wed Oct 16 18:16:01 2019
[runlim] child:			31799
[runlim] sample:		20.19 time, 10.02 real, 128 MB
[runlim] sample:		40.46 time, 20.02 real, 153 MB
[runlim] sample:		60.74 time, 30.02 real, 186 MB
[runlim] sample:		81.01 time, 40.01 real, 189 MB
[runlim] sample:		101.28 time, 50.01 real, 209 MB
[runlim] sample:		121.56 time, 60.02 real, 243 MB
[runlim] sample:		141.82 time, 70.02 real, 256 MB
[runlim] sample:		162.10 time, 80.02 real, 277 MB
[runlim] sample:		182.37 time, 90.02 real, 295 MB
[runlim] sample:		202.64 time, 100.02 real, 303 MB
[runlim] sample:		222.91 time, 110.02 real, 317 MB
[runlim] sample:		243.18 time, 120.02 real, 313 MB
[runlim] sample:		263.46 time, 130.02 real, 324 MB
[runlim] sample:		283.74 time, 140.02 real, 348 MB
[runlim] sample:		304.01 time, 150.01 real, 360 MB
[runlim] sample:		324.28 time, 160.02 real, 360 MB
[runlim] sample:		344.56 time, 170.01 real, 366 MB
[runlim] sample:		364.85 time, 180.02 real, 374 MB
[runlim] sample:		385.12 time, 190.02 real, 385 MB
[runlim] sample:		405.39 time, 200.02 real, 391 MB
[runlim] sample:		425.67 time, 210.02 real, 386 MB
[runlim] sample:		445.93 time, 220.02 real, 405 MB
[runlim] sample:		466.21 time, 230.02 real, 405 MB
[runlim] sample:		486.49 time, 240.02 real, 407 MB
[runlim] sample:		506.75 time, 250.02 real, 411 MB
[runlim] sample:		527.02 time, 260.02 real, 418 MB
[runlim] sample:		547.30 time, 270.02 real, 432 MB
[runlim] sample:		567.57 time, 280.02 real, 438 MB
[runlim] sample:		587.84 time, 290.02 real, 446 MB
[runlim] sample:		608.13 time, 300.02 real, 471 MB
[runlim] sample:		628.41 time, 310.02 real, 459 MB
[runlim] sample:		648.67 time, 320.02 real, 493 MB
[runlim] sample:		668.95 time, 330.02 real, 493 MB
[runlim] sample:		689.22 time, 340.02 real, 508 MB
[runlim] sample:		709.52 time, 350.02 real, 524 MB
[runlim] sample:		729.79 time, 360.02 real, 524 MB
[runlim] sample:		750.07 time, 370.02 real, 524 MB
[runlim] sample:		770.35 time, 380.02 real, 540 MB
[runlim] sample:		790.64 time, 390.01 real, 516 MB
[runlim] sample:		810.90 time, 400.01 real, 500 MB
[runlim] sample:		831.16 time, 410.02 real, 538 MB
[runlim] sample:		851.44 time, 420.02 real, 515 MB
[runlim] sample:		871.72 time, 430.02 real, 540 MB
[runlim] sample:		891.99 time, 440.02 real, 527 MB
[runlim] sample:		912.25 time, 450.02 real, 532 MB
[runlim] sample:		932.53 time, 460.02 real, 532 MB
[runlim] sample:		952.81 time, 470.02 real, 532 MB
[runlim] sample:		973.09 time, 480.02 real, 540 MB
[runlim] sample:		993.38 time, 490.02 real, 555 MB
[runlim] sample:		1013.65 time, 500.02 real, 560 MB
[runlim] sample:		1033.92 time, 510.02 real, 571 MB
[runlim] sample:		1054.20 time, 520.02 real, 586 MB
[runlim] sample:		1074.48 time, 530.02 real, 571 MB
[runlim] sample:		1094.74 time, 540.02 real, 594 MB
[runlim] sample:		1115.02 time, 550.02 real, 594 MB
[runlim] sample:		1135.30 time, 560.02 real, 596 MB
[runlim] sample:		1155.57 time, 570.02 real, 622 MB
[runlim] sample:		1175.85 time, 580.02 real, 622 MB
[runlim] sample:		1196.14 time, 590.02 real, 628 MB
[runlim] sample:		1216.40 time, 600.02 real, 635 MB
[runlim] sample:		1236.68 time, 610.02 real, 655 MB
[runlim] sample:		1256.96 time, 620.02 real, 660 MB
[runlim] sample:		1277.23 time, 630.02 real, 660 MB
[runlim] sample:		1297.50 time, 640.02 real, 660 MB
[runlim] sample:		1317.79 time, 650.02 real, 660 MB
[runlim] sample:		1338.05 time, 660.02 real, 687 MB
[runlim] sample:		1358.34 time, 670.02 real, 620 MB
[runlim] sample:		1378.60 time, 680.02 real, 656 MB
[runlim] sample:		1398.89 time, 690.02 real, 628 MB
[runlim] sample:		1419.16 time, 700.02 real, 655 MB
[runlim] sample:		1439.44 time, 710.02 real, 655 MB
[runlim] sample:		1459.72 time, 720.02 real, 659 MB
[runlim] sample:		1479.99 time, 730.02 real, 660 MB
[runlim] sample:		1500.27 time, 740.02 real, 665 MB
[runlim] sample:		1520.55 time, 750.02 real, 686 MB
[runlim] sample:		1540.82 time, 760.02 real, 686 MB
[runlim] sample:		1561.11 time, 770.02 real, 686 MB
[runlim] sample:		1581.39 time, 780.02 real, 686 MB
[runlim] sample:		1601.67 time, 790.02 real, 686 MB
[runlim] sample:		1621.95 time, 800.02 real, 686 MB
[runlim] sample:		1642.22 time, 810.02 real, 686 MB
[runlim] sample:		1662.49 time, 820.02 real, 686 MB
[runlim] sample:		1682.76 time, 830.02 real, 716 MB
[runlim] sample:		1703.04 time, 840.02 real, 648 MB
[runlim] sample:		1723.32 time, 850.02 real, 686 MB
[runlim] sample:		1743.60 time, 860.02 real, 712 MB
[runlim] sample:		1763.88 time, 870.02 real, 746 MB
[runlim] sample:		1784.15 time, 880.02 real, 746 MB
[runlim] sample:		1804.43 time, 890.02 real, 746 MB
[runlim] sample:		1824.70 time, 900.02 real, 735 MB
[runlim] sample:		1844.99 time, 910.02 real, 715 MB
[runlim] sample:		1865.26 time, 920.02 real, 747 MB
[runlim] sample:		1885.54 time, 930.01 real, 747 MB
[runlim] sample:		1905.80 time, 940.02 real, 748 MB
[runlim] sample:		1926.09 time, 950.02 real, 773 MB
[runlim] sample:		1946.36 time, 960.02 real, 773 MB
[runlim] sample:		1966.64 time, 970.02 real, 773 MB
[runlim] sample:		1986.92 time, 980.02 real, 773 MB
[runlim] sample:		2007.19 time, 990.02 real, 793 MB
[runlim] sample:		2027.47 time, 1000.02 real, 735 MB
[runlim] sample:		2047.75 time, 1010.02 real, 726 MB
[runlim] sample:		2068.02 time, 1020.02 real, 777 MB
[runlim] sample:		2088.29 time, 1030.02 real, 797 MB
[runlim] sample:		2108.57 time, 1040.02 real, 785 MB
[runlim] sample:		2128.85 time, 1050.02 real, 763 MB
[runlim] sample:		2149.13 time, 1060.02 real, 788 MB
[runlim] sample:		2169.40 time, 1070.02 real, 812 MB
[runlim] sample:		2189.68 time, 1080.02 real, 812 MB
[runlim] sample:		2209.95 time, 1090.02 real, 812 MB
[runlim] sample:		2230.22 time, 1100.02 real, 812 MB
[runlim] sample:		2250.50 time, 1110.02 real, 812 MB
[runlim] sample:		2270.77 time, 1120.02 real, 848 MB
[runlim] sample:		2291.05 time, 1130.02 real, 848 MB
[runlim] sample:		2311.31 time, 1140.02 real, 848 MB
[runlim] sample:		2331.60 time, 1150.02 real, 848 MB
[runlim] sample:		2351.87 time, 1160.02 real, 813 MB
[runlim] sample:		2372.15 time, 1170.02 real, 825 MB
[runlim] sample:		2392.42 time, 1180.02 real, 825 MB
[runlim] sample:		2412.70 time, 1190.02 real, 833 MB
[runlim] sample:		2432.97 time, 1200.02 real, 813 MB
[runlim] sample:		2453.24 time, 1210.02 real, 809 MB
[runlim] sample:		2473.50 time, 1220.01 real, 834 MB
[runlim] sample:		2493.79 time, 1230.02 real, 834 MB
[runlim] sample:		2514.06 time, 1240.02 real, 834 MB
[runlim] sample:		2534.35 time, 1250.02 real, 848 MB
[runlim] sample:		2554.63 time, 1260.02 real, 852 MB
[runlim] sample:		2574.91 time, 1270.02 real, 852 MB
[runlim] sample:		2595.17 time, 1280.02 real, 852 MB
[runlim] sample:		2615.45 time, 1290.02 real, 852 MB
[runlim] sample:		2635.72 time, 1300.02 real, 811 MB
[runlim] sample:		2656.00 time, 1310.02 real, 811 MB
[runlim] sample:		2676.27 time, 1320.02 real, 834 MB
[runlim] sample:		2696.54 time, 1330.02 real, 850 MB
[runlim] sample:		2716.82 time, 1340.02 real, 851 MB
[runlim] sample:		2737.10 time, 1350.02 real, 871 MB
[runlim] sample:		2757.38 time, 1360.02 real, 851 MB
[runlim] sample:		2777.65 time, 1370.02 real, 867 MB
[runlim] sample:		2797.93 time, 1380.02 real, 868 MB
[runlim] sample:		2818.20 time, 1390.02 real, 868 MB
[runlim] sample:		2838.46 time, 1400.02 real, 873 MB
[runlim] sample:		2858.74 time, 1410.02 real, 896 MB
[runlim] sample:		2879.01 time, 1420.02 real, 871 MB
[runlim] sample:		2899.29 time, 1430.02 real, 871 MB
[runlim] sample:		2919.57 time, 1440.02 real, 874 MB
[runlim] sample:		2939.85 time, 1450.02 real, 874 MB
[runlim] sample:		2960.12 time, 1460.02 real, 894 MB
[runlim] sample:		2980.38 time, 1470.02 real, 874 MB
[runlim] sample:		3000.66 time, 1480.02 real, 879 MB
[runlim] sample:		3020.93 time, 1490.02 real, 894 MB
[runlim] sample:		3041.22 time, 1500.02 real, 894 MB
[runlim] sample:		3061.48 time, 1510.01 real, 894 MB
[runlim] sample:		3081.76 time, 1520.02 real, 894 MB
[runlim] sample:		3102.05 time, 1530.02 real, 967 MB
[runlim] sample:		3122.32 time, 1540.02 real, 920 MB
[runlim] sample:		3142.59 time, 1550.02 real, 894 MB
[runlim] sample:		3162.86 time, 1560.02 real, 959 MB
[runlim] sample:		3183.13 time, 1570.01 real, 960 MB
[runlim] sample:		3203.41 time, 1580.02 real, 981 MB
[runlim] sample:		3223.68 time, 1590.02 real, 981 MB
[runlim] sample:		3243.95 time, 1600.02 real, 960 MB
[runlim] sample:		3264.24 time, 1610.02 real, 962 MB
[runlim] sample:		3284.50 time, 1620.02 real, 962 MB
[runlim] sample:		3304.78 time, 1630.02 real, 962 MB
[runlim] sample:		3325.05 time, 1640.02 real, 963 MB
[runlim] sample:		3345.33 time, 1650.02 real, 967 MB
[runlim] sample:		3365.61 time, 1660.02 real, 954 MB
[runlim] sample:		3385.90 time, 1670.02 real, 958 MB
[runlim] sample:		3406.17 time, 1680.02 real, 930 MB
[runlim] sample:		3426.45 time, 1690.02 real, 971 MB
[runlim] sample:		3446.73 time, 1700.02 real, 959 MB
[runlim] sample:		3467.00 time, 1710.02 real, 969 MB
[runlim] sample:		3487.29 time, 1720.02 real, 972 MB
[runlim] sample:		3507.56 time, 1730.02 real, 997 MB
[runlim] sample:		3527.84 time, 1740.02 real, 999 MB
[runlim] sample:		3548.12 time, 1750.02 real, 978 MB
[runlim] sample:		3568.39 time, 1760.02 real, 1052 MB
[runlim] sample:		3588.67 time, 1770.02 real, 1054 MB
[runlim] sample:		3608.94 time, 1780.02 real, 1054 MB
[runlim] sample:		3629.21 time, 1790.02 real, 1054 MB
[runlim] sample:		3649.50 time, 1800.02 real, 1056 MB
[runlim] sample:		3669.77 time, 1810.02 real, 1082 MB
[runlim] sample:		3690.03 time, 1820.02 real, 1016 MB
[runlim] sample:		3710.31 time, 1830.02 real, 1038 MB
[runlim] sample:		3730.58 time, 1840.02 real, 1043 MB
[runlim] sample:		3750.85 time, 1850.02 real, 1075 MB
[runlim] sample:		3771.13 time, 1860.02 real, 1083 MB
[runlim] sample:		3791.41 time, 1870.02 real, 1084 MB
[runlim] sample:		3811.70 time, 1880.02 real, 1088 MB
[runlim] sample:		3831.97 time, 1890.02 real, 1090 MB
[runlim] sample:		3852.25 time, 1900.02 real, 1092 MB
[runlim] sample:		3872.52 time, 1910.02 real, 1054 MB
[runlim] sample:		3892.80 time, 1920.02 real, 1055 MB
[runlim] sample:		3913.08 time, 1930.02 real, 1062 MB
[runlim] sample:		3933.36 time, 1940.02 real, 1076 MB
[runlim] sample:		3953.64 time, 1950.02 real, 1081 MB
[runlim] sample:		3973.93 time, 1960.02 real, 1038 MB
[runlim] sample:		3994.21 time, 1970.02 real, 1040 MB
[runlim] sample:		4014.48 time, 1980.02 real, 1046 MB
[runlim] sample:		4034.75 time, 1990.02 real, 1126 MB
[runlim] sample:		4055.03 time, 2000.02 real, 1127 MB
[runlim] sample:		4075.31 time, 2010.02 real, 1150 MB
[runlim] sample:		4095.59 time, 2020.02 real, 1150 MB
[runlim] sample:		4115.87 time, 2030.02 real, 1127 MB
[runlim] sample:		4136.14 time, 2040.02 real, 1134 MB
[runlim] sample:		4156.41 time, 2050.02 real, 1135 MB
[runlim] sample:		4176.69 time, 2060.02 real, 1135 MB
[runlim] sample:		4196.97 time, 2070.02 real, 1139 MB
[runlim] sample:		4217.25 time, 2080.02 real, 1169 MB
[runlim] sample:		4237.52 time, 2090.02 real, 1127 MB
[runlim] sample:		4257.79 time, 2100.02 real, 1100 MB
[runlim] sample:		4278.07 time, 2110.02 real, 1100 MB
[runlim] sample:		4298.35 time, 2120.02 real, 1126 MB
[runlim] sample:		4318.62 time, 2130.01 real, 1170 MB
[runlim] sample:		4338.90 time, 2140.02 real, 1170 MB
[runlim] sample:		4359.17 time, 2150.02 real, 1193 MB
[runlim] sample:		4379.45 time, 2160.02 real, 1170 MB
[runlim] sample:		4399.72 time, 2170.02 real, 1170 MB
[runlim] sample:		4420.00 time, 2180.02 real, 1171 MB
[runlim] sample:		4440.27 time, 2190.02 real, 1171 MB
[runlim] sample:		4460.55 time, 2200.02 real, 1171 MB
[runlim] sample:		4480.83 time, 2210.02 real, 1174 MB
[runlim] sample:		4501.10 time, 2220.02 real, 1200 MB
[runlim] sample:		4521.38 time, 2230.02 real, 1206 MB
[runlim] sample:		4541.66 time, 2240.02 real, 1168 MB
[runlim] sample:		4561.92 time, 2250.02 real, 1174 MB
[runlim] sample:		4582.21 time, 2260.02 real, 1179 MB
[runlim] sample:		4602.48 time, 2270.02 real, 1154 MB
[runlim] sample:		4622.75 time, 2280.02 real, 1202 MB
[runlim] sample:		4643.04 time, 2290.02 real, 1244 MB
[runlim] sample:		4663.31 time, 2300.02 real, 1288 MB
[runlim] sample:		4683.58 time, 2310.02 real, 1265 MB
[runlim] sample:		4703.85 time, 2320.02 real, 1265 MB
[runlim] sample:		4724.13 time, 2330.02 real, 1268 MB
[runlim] sample:		4744.41 time, 2340.02 real, 1268 MB
[runlim] sample:		4764.69 time, 2350.02 real, 1269 MB
[runlim] sample:		4784.96 time, 2360.02 real, 1293 MB
[runlim] sample:		4805.24 time, 2370.02 real, 1248 MB
[runlim] sample:		4825.51 time, 2380.02 real, 1229 MB
[runlim] sample:		4845.78 time, 2390.02 real, 1253 MB
[runlim] sample:		4866.06 time, 2400.02 real, 1269 MB
[runlim] sample:		4886.32 time, 2410.02 real, 1269 MB
[runlim] sample:		4906.59 time, 2420.02 real, 1269 MB
[runlim] sample:		4926.88 time, 2430.02 real, 1269 MB
[runlim] sample:		4947.17 time, 2440.02 real, 1269 MB
[runlim] sample:		4967.45 time, 2450.02 real, 1249 MB
[runlim] sample:		4987.73 time, 2460.02 real, 1263 MB
[runlim] sample:		5008.00 time, 2470.02 real, 1263 MB
[runlim] sample:		5028.28 time, 2480.02 real, 1265 MB
[runlim] sample:		5048.56 time, 2490.02 real, 1272 MB
[runlim] sample:		5068.83 time, 2500.02 real, 1275 MB
[runlim] sample:		5089.12 time, 2510.02 real, 1275 MB
[runlim] sample:		5109.38 time, 2520.02 real, 1284 MB
[runlim] sample:		5129.65 time, 2530.01 real, 1238 MB
[runlim] sample:		5149.94 time, 2540.02 real, 1240 MB
[runlim] sample:		5170.20 time, 2550.02 real, 1245 MB
[runlim] sample:		5190.50 time, 2560.02 real, 1245 MB
[runlim] sample:		5210.77 time, 2570.02 real, 1236 MB
[runlim] sample:		5231.05 time, 2580.02 real, 1267 MB
[runlim] sample:		5251.33 time, 2590.02 real, 1267 MB
[runlim] sample:		5271.60 time, 2600.02 real, 1291 MB
[runlim] sample:		5291.88 time, 2610.02 real, 1264 MB
[runlim] sample:		5312.15 time, 2620.02 real, 1264 MB
[runlim] sample:		5332.43 time, 2630.02 real, 1278 MB
[runlim] sample:		5352.73 time, 2640.02 real, 1292 MB
[runlim] sample:		5372.99 time, 2650.02 real, 1295 MB
[runlim] sample:		5393.27 time, 2660.02 real, 1295 MB
[runlim] sample:		5413.55 time, 2670.02 real, 1296 MB
[runlim] sample:		5433.82 time, 2680.02 real, 1270 MB
[runlim] sample:		5454.09 time, 2690.02 real, 1270 MB
[runlim] sample:		5474.36 time, 2700.02 real, 1249 MB
[runlim] sample:		5494.64 time, 2710.02 real, 1249 MB
[runlim] sample:		5514.91 time, 2720.02 real, 1268 MB
[runlim] sample:		5535.18 time, 2730.02 real, 1268 MB
[runlim] sample:		5555.45 time, 2740.02 real, 1269 MB
[runlim] sample:		5575.71 time, 2750.02 real, 1269 MB
[runlim] sample:		5595.99 time, 2760.02 real, 1271 MB
[runlim] sample:		5616.28 time, 2770.02 real, 1295 MB
[runlim] sample:		5636.54 time, 2780.02 real, 1295 MB
[runlim] sample:		5656.81 time, 2790.02 real, 1280 MB
[runlim] sample:		5677.09 time, 2800.02 real, 1295 MB
[runlim] sample:		5697.36 time, 2810.02 real, 1295 MB
[runlim] sample:		5717.63 time, 2820.02 real, 1298 MB
[runlim] sample:		5737.92 time, 2830.02 real, 1300 MB
[runlim] sample:		5758.20 time, 2840.02 real, 1311 MB
[runlim] sample:		5778.48 time, 2850.02 real, 1262 MB
[runlim] sample:		5798.76 time, 2860.02 real, 1262 MB
[runlim] sample:		5819.04 time, 2870.02 real, 1262 MB
[runlim] sample:		5839.32 time, 2880.01 real, 1287 MB
[runlim] sample:		5859.59 time, 2890.02 real, 1292 MB
[runlim] sample:		5879.86 time, 2900.02 real, 1292 MB
[runlim] sample:		5900.15 time, 2910.02 real, 1292 MB
[runlim] sample:		5920.43 time, 2920.02 real, 1292 MB
[runlim] sample:		5940.70 time, 2930.02 real, 1292 MB
[runlim] sample:		5960.97 time, 2940.02 real, 1292 MB
[runlim] sample:		5981.26 time, 2950.02 real, 1297 MB
[runlim] sample:		6001.53 time, 2960.02 real, 1284 MB
[runlim] sample:		6021.80 time, 2970.02 real, 1284 MB
[runlim] sample:		6042.07 time, 2980.02 real, 1284 MB
[runlim] sample:		6062.36 time, 2990.02 real, 1307 MB
[runlim] sample:		6082.63 time, 3000.02 real, 1307 MB
[runlim] sample:		6102.92 time, 3010.02 real, 1323 MB
[runlim] sample:		6123.21 time, 3020.02 real, 1352 MB
[runlim] sample:		6143.46 time, 3030.02 real, 1268 MB
[runlim] sample:		6163.77 time, 3040.02 real, 1281 MB
[runlim] sample:		6184.04 time, 3050.02 real, 1281 MB
[runlim] sample:		6204.31 time, 3060.02 real, 1286 MB
[runlim] sample:		6224.58 time, 3070.02 real, 1286 MB
[runlim] sample:		6244.86 time, 3080.02 real, 1286 MB
[runlim] sample:		6265.15 time, 3090.01 real, 1286 MB
[runlim] sample:		6285.43 time, 3100.02 real, 1287 MB
[runlim] sample:		6305.69 time, 3110.02 real, 1319 MB
[runlim] sample:		6325.97 time, 3120.02 real, 1319 MB
[runlim] sample:		6346.25 time, 3130.02 real, 1319 MB
[runlim] sample:		6366.52 time, 3140.02 real, 1319 MB
[runlim] sample:		6386.82 time, 3150.02 real, 1333 MB
[runlim] sample:		6407.09 time, 3160.02 real, 1333 MB
[runlim] sample:		6427.36 time, 3170.02 real, 1373 MB
[runlim] sample:		6447.64 time, 3180.02 real, 1349 MB
[runlim] sample:		6467.92 time, 3190.02 real, 1349 MB
[runlim] sample:		6488.21 time, 3200.02 real, 1349 MB
[runlim] sample:		6508.48 time, 3210.02 real, 1349 MB
[runlim] sample:		6528.74 time, 3220.02 real, 1349 MB
[runlim] sample:		6549.01 time, 3230.02 real, 1349 MB
[runlim] sample:		6569.29 time, 3240.02 real, 1286 MB
[runlim] sample:		6589.57 time, 3250.02 real, 1286 MB
[runlim] sample:		6609.85 time, 3260.02 real, 1286 MB
[runlim] sample:		6630.12 time, 3270.02 real, 1286 MB
[runlim] sample:		6650.40 time, 3280.02 real, 1296 MB
[runlim] sample:		6670.68 time, 3290.02 real, 1296 MB
[runlim] sample:		6690.96 time, 3300.02 real, 1296 MB
[runlim] sample:		6711.23 time, 3310.02 real, 1296 MB
[runlim] sample:		6731.50 time, 3320.02 real, 1296 MB
[runlim] sample:		6751.78 time, 3330.02 real, 1329 MB
[runlim] sample:		6772.07 time, 3340.02 real, 1318 MB
[runlim] sample:		6792.35 time, 3350.02 real, 1318 MB
[runlim] sample:		6812.61 time, 3360.02 real, 1319 MB
[runlim] sample:		6832.89 time, 3370.02 real, 1329 MB
[runlim] sample:		6853.17 time, 3380.02 real, 1302 MB
[runlim] sample:		6873.45 time, 3390.02 real, 1295 MB
[runlim] sample:		6893.73 time, 3400.02 real, 1295 MB
[runlim] sample:		6914.01 time, 3410.02 real, 1295 MB
[runlim] sample:		6934.28 time, 3420.02 real, 1325 MB
[runlim] sample:		6954.56 time, 3430.02 real, 1325 MB
[runlim] sample:		6974.85 time, 3440.02 real, 1325 MB
[runlim] sample:		6995.14 time, 3450.02 real, 1335 MB
[runlim] sample:		7015.41 time, 3460.02 real, 1357 MB
[runlim] sample:		7035.67 time, 3470.02 real, 1342 MB
[runlim] sample:		7055.96 time, 3480.02 real, 1342 MB
[runlim] sample:		7076.22 time, 3490.02 real, 1342 MB
[runlim] sample:		7096.49 time, 3500.02 real, 1342 MB
[runlim] sample:		7116.76 time, 3510.02 real, 1349 MB
[runlim] sample:		7137.04 time, 3520.02 real, 1349 MB
[runlim] sample:		7157.31 time, 3530.02 real, 1349 MB
[runlim] sample:		7177.58 time, 3540.02 real, 1349 MB
[runlim] sample:		7197.87 time, 3550.02 real, 1349 MB
[runlim] sample:		7218.13 time, 3560.02 real, 1349 MB
[runlim] sample:		7238.39 time, 3570.02 real, 1349 MB
[runlim] sample:		7258.67 time, 3580.02 real, 1349 MB
[runlim] sample:		7278.94 time, 3590.02 real, 1353 MB
[runlim] sample:		7299.22 time, 3600.02 real, 1353 MB
[runlim] end:			Wed Oct 16 19:16:01 2019
[runlim] status:		out of time
[runlim] result:		2
[runlim] children:		4
[runlim] real:			3600.10 seconds
[runlim] time:			7299.22 seconds
[runlim] space:			1450 MB
[runlim] samples:		36000
