[runlim] version:		1.17
[runlim] host:			c3n27
[runlim] time limit:		311040000 seconds
[runlim] real time limit:	3600 seconds
[runlim] space limit:		120000 MB
[runlim] argv[0]:		./run-cosa2.sh
[runlim] argv[1]:		/tmp/isf3nW5r.btor
[runlim] start:			Wed Oct 16 18:14:16 2019
[runlim] child:			19859
[runlim] sample:		20.17 time, 10.01 real, 132 MB
[runlim] sample:		40.44 time, 20.02 real, 155 MB
[runlim] sample:		60.71 time, 30.01 real, 179 MB
[runlim] sample:		80.97 time, 40.01 real, 201 MB
[runlim] sample:		101.25 time, 50.01 real, 209 MB
[runlim] sample:		121.52 time, 60.01 real, 225 MB
[runlim] sample:		141.79 time, 70.01 real, 243 MB
[runlim] sample:		162.07 time, 80.01 real, 235 MB
[runlim] sample:		182.34 time, 90.01 real, 255 MB
[runlim] sample:		202.62 time, 100.01 real, 270 MB
[runlim] sample:		222.88 time, 110.01 real, 265 MB
[runlim] sample:		243.15 time, 120.01 real, 291 MB
[runlim] sample:		263.42 time, 130.01 real, 307 MB
[runlim] sample:		283.67 time, 140.01 real, 305 MB
[runlim] sample:		303.94 time, 150.01 real, 319 MB
[runlim] sample:		324.21 time, 160.01 real, 337 MB
[runlim] sample:		344.49 time, 170.02 real, 361 MB
[runlim] sample:		364.74 time, 180.01 real, 374 MB
[runlim] sample:		385.01 time, 190.01 real, 379 MB
[runlim] sample:		405.28 time, 200.01 real, 392 MB
[runlim] sample:		425.54 time, 210.02 real, 394 MB
[runlim] sample:		445.82 time, 220.01 real, 399 MB
[runlim] sample:		466.08 time, 230.01 real, 409 MB
[runlim] sample:		486.36 time, 240.01 real, 409 MB
[runlim] sample:		506.63 time, 250.01 real, 426 MB
[runlim] sample:		526.92 time, 260.01 real, 428 MB
[runlim] sample:		547.18 time, 270.01 real, 433 MB
[runlim] sample:		567.46 time, 280.01 real, 439 MB
[runlim] sample:		587.74 time, 290.01 real, 470 MB
[runlim] sample:		608.01 time, 300.01 real, 473 MB
[runlim] sample:		628.28 time, 310.01 real, 488 MB
[runlim] sample:		648.57 time, 320.01 real, 492 MB
[runlim] sample:		668.85 time, 330.01 real, 492 MB
[runlim] sample:		689.11 time, 340.01 real, 471 MB
[runlim] sample:		709.40 time, 350.01 real, 487 MB
[runlim] sample:		729.67 time, 360.01 real, 491 MB
[runlim] sample:		749.95 time, 370.01 real, 505 MB
[runlim] sample:		770.23 time, 380.01 real, 505 MB
[runlim] sample:		790.49 time, 390.02 real, 509 MB
[runlim] sample:		810.77 time, 400.01 real, 525 MB
[runlim] sample:		831.03 time, 410.01 real, 525 MB
[runlim] sample:		851.31 time, 420.01 real, 525 MB
[runlim] sample:		871.59 time, 430.01 real, 536 MB
[runlim] sample:		891.88 time, 440.01 real, 569 MB
[runlim] sample:		912.15 time, 450.01 real, 581 MB
[runlim] sample:		932.43 time, 460.01 real, 595 MB
[runlim] sample:		952.69 time, 470.02 real, 611 MB
[runlim] sample:		972.95 time, 480.01 real, 596 MB
[runlim] sample:		993.23 time, 490.01 real, 596 MB
[runlim] sample:		1013.50 time, 500.02 real, 577 MB
[runlim] sample:		1033.79 time, 510.01 real, 602 MB
[runlim] sample:		1054.07 time, 520.01 real, 606 MB
[runlim] sample:		1074.34 time, 530.01 real, 613 MB
[runlim] sample:		1094.62 time, 540.01 real, 613 MB
[runlim] sample:		1114.90 time, 550.01 real, 621 MB
[runlim] sample:		1135.18 time, 560.01 real, 622 MB
[runlim] sample:		1155.45 time, 570.01 real, 623 MB
[runlim] sample:		1175.72 time, 580.01 real, 649 MB
[runlim] sample:		1196.00 time, 590.01 real, 652 MB
[runlim] sample:		1216.27 time, 600.01 real, 609 MB
[runlim] sample:		1236.55 time, 610.01 real, 616 MB
[runlim] sample:		1256.80 time, 620.01 real, 663 MB
[runlim] sample:		1277.07 time, 630.01 real, 684 MB
[runlim] sample:		1297.33 time, 640.01 real, 697 MB
[runlim] sample:		1317.60 time, 650.01 real, 697 MB
[runlim] sample:		1337.88 time, 660.01 real, 634 MB
[runlim] sample:		1358.14 time, 670.01 real, 669 MB
[runlim] sample:		1378.41 time, 680.01 real, 684 MB
[runlim] sample:		1398.68 time, 690.01 real, 712 MB
[runlim] sample:		1418.94 time, 700.01 real, 737 MB
[runlim] sample:		1439.22 time, 710.01 real, 740 MB
[runlim] sample:		1459.49 time, 720.01 real, 704 MB
[runlim] sample:		1479.77 time, 730.01 real, 704 MB
[runlim] sample:		1500.04 time, 740.01 real, 695 MB
[runlim] sample:		1520.32 time, 750.01 real, 704 MB
[runlim] sample:		1540.59 time, 760.01 real, 724 MB
[runlim] sample:		1560.87 time, 770.01 real, 753 MB
[runlim] sample:		1581.13 time, 780.01 real, 732 MB
[runlim] sample:		1601.41 time, 790.01 real, 765 MB
[runlim] sample:		1621.68 time, 800.01 real, 732 MB
[runlim] sample:		1641.96 time, 810.01 real, 754 MB
[runlim] sample:		1662.23 time, 820.01 real, 784 MB
[runlim] sample:		1682.49 time, 830.01 real, 769 MB
[runlim] sample:		1702.76 time, 840.01 real, 748 MB
[runlim] sample:		1723.04 time, 850.01 real, 775 MB
[runlim] sample:		1743.31 time, 860.01 real, 793 MB
[runlim] sample:		1763.59 time, 870.01 real, 780 MB
[runlim] sample:		1783.87 time, 880.01 real, 803 MB
[runlim] sample:		1804.15 time, 890.01 real, 828 MB
[runlim] sample:		1824.42 time, 900.01 real, 839 MB
[runlim] sample:		1844.70 time, 910.01 real, 793 MB
[runlim] sample:		1864.99 time, 920.01 real, 850 MB
[runlim] sample:		1885.25 time, 930.01 real, 848 MB
[runlim] sample:		1905.52 time, 940.01 real, 848 MB
[runlim] sample:		1925.81 time, 950.01 real, 829 MB
[runlim] sample:		1946.07 time, 960.01 real, 859 MB
[runlim] sample:		1966.35 time, 970.01 real, 898 MB
[runlim] sample:		1986.64 time, 980.01 real, 850 MB
[runlim] sample:		2006.90 time, 990.01 real, 850 MB
[runlim] sample:		2027.18 time, 1000.01 real, 891 MB
[runlim] sample:		2047.45 time, 1010.01 real, 891 MB
[runlim] sample:		2067.72 time, 1020.01 real, 891 MB
[runlim] sample:		2087.99 time, 1030.01 real, 871 MB
[runlim] sample:		2108.26 time, 1040.01 real, 900 MB
[runlim] sample:		2128.54 time, 1050.02 real, 837 MB
[runlim] sample:		2148.82 time, 1060.01 real, 898 MB
[runlim] sample:		2169.09 time, 1070.01 real, 898 MB
[runlim] sample:		2189.37 time, 1080.01 real, 857 MB
[runlim] sample:		2209.64 time, 1090.01 real, 878 MB
[runlim] sample:		2229.92 time, 1100.01 real, 904 MB
[runlim] sample:		2250.19 time, 1110.01 real, 917 MB
[runlim] sample:		2270.47 time, 1120.01 real, 917 MB
[runlim] sample:		2290.75 time, 1130.01 real, 917 MB
[runlim] sample:		2311.02 time, 1140.01 real, 917 MB
[runlim] sample:		2331.29 time, 1150.01 real, 918 MB
[runlim] sample:		2351.57 time, 1160.01 real, 929 MB
[runlim] sample:		2371.85 time, 1170.01 real, 930 MB
[runlim] sample:		2392.12 time, 1180.01 real, 897 MB
[runlim] sample:		2412.40 time, 1190.01 real, 953 MB
[runlim] sample:		2432.67 time, 1200.01 real, 944 MB
[runlim] sample:		2452.95 time, 1210.01 real, 944 MB
[runlim] sample:		2473.22 time, 1220.01 real, 944 MB
[runlim] sample:		2493.50 time, 1230.01 real, 962 MB
[runlim] sample:		2513.77 time, 1240.01 real, 962 MB
[runlim] sample:		2534.04 time, 1250.01 real, 962 MB
[runlim] sample:		2554.29 time, 1260.01 real, 965 MB
[runlim] sample:		2574.57 time, 1270.01 real, 945 MB
[runlim] sample:		2594.84 time, 1280.02 real, 1055 MB
[runlim] sample:		2615.11 time, 1290.01 real, 1024 MB
[runlim] sample:		2635.39 time, 1300.01 real, 1068 MB
[runlim] sample:		2655.66 time, 1310.01 real, 1002 MB
[runlim] sample:		2675.94 time, 1320.01 real, 1033 MB
[runlim] sample:		2696.22 time, 1330.01 real, 1010 MB
[runlim] sample:		2716.49 time, 1340.01 real, 1018 MB
[runlim] sample:		2736.76 time, 1350.01 real, 1018 MB
[runlim] sample:		2757.04 time, 1360.01 real, 1071 MB
[runlim] sample:		2777.31 time, 1370.01 real, 1072 MB
[runlim] sample:		2797.59 time, 1380.01 real, 1087 MB
[runlim] sample:		2817.86 time, 1390.01 real, 1087 MB
[runlim] sample:		2838.14 time, 1400.01 real, 1077 MB
[runlim] sample:		2858.42 time, 1410.01 real, 1077 MB
[runlim] sample:		2878.69 time, 1420.01 real, 1025 MB
[runlim] sample:		2898.97 time, 1430.01 real, 1010 MB
[runlim] sample:		2919.24 time, 1440.01 real, 1010 MB
[runlim] sample:		2939.51 time, 1450.01 real, 1046 MB
[runlim] sample:		2959.78 time, 1460.01 real, 1050 MB
[runlim] sample:		2980.06 time, 1470.01 real, 1050 MB
[runlim] sample:		3000.34 time, 1480.01 real, 1050 MB
[runlim] sample:		3020.61 time, 1490.01 real, 1006 MB
[runlim] sample:		3040.88 time, 1500.02 real, 1006 MB
[runlim] sample:		3061.16 time, 1510.01 real, 1006 MB
[runlim] sample:		3081.43 time, 1520.01 real, 1053 MB
[runlim] sample:		3101.71 time, 1530.01 real, 1053 MB
[runlim] sample:		3121.98 time, 1540.01 real, 1053 MB
[runlim] sample:		3142.26 time, 1550.01 real, 1053 MB
[runlim] sample:		3162.54 time, 1560.01 real, 1053 MB
[runlim] sample:		3182.82 time, 1570.01 real, 1052 MB
[runlim] sample:		3203.09 time, 1580.01 real, 1052 MB
[runlim] sample:		3223.36 time, 1590.01 real, 1006 MB
[runlim] sample:		3243.64 time, 1600.01 real, 1006 MB
[runlim] sample:		3263.91 time, 1610.01 real, 1006 MB
[runlim] sample:		3284.17 time, 1620.01 real, 1046 MB
[runlim] sample:		3304.44 time, 1630.01 real, 1046 MB
[runlim] sample:		3324.71 time, 1640.02 real, 1015 MB
[runlim] sample:		3344.97 time, 1650.01 real, 1018 MB
[runlim] sample:		3365.24 time, 1660.02 real, 1018 MB
[runlim] sample:		3385.50 time, 1670.02 real, 1018 MB
[runlim] sample:		3405.77 time, 1680.01 real, 1018 MB
[runlim] sample:		3426.03 time, 1690.02 real, 1018 MB
[runlim] sample:		3446.30 time, 1700.02 real, 1019 MB
[runlim] sample:		3466.57 time, 1710.01 real, 1022 MB
[runlim] sample:		3486.83 time, 1720.02 real, 1022 MB
[runlim] sample:		3507.10 time, 1730.02 real, 1016 MB
[runlim] sample:		3527.36 time, 1740.02 real, 1017 MB
[runlim] sample:		3547.63 time, 1750.02 real, 1011 MB
[runlim] sample:		3567.90 time, 1760.02 real, 1028 MB
[runlim] sample:		3588.17 time, 1770.02 real, 1041 MB
[runlim] sample:		3608.41 time, 1780.02 real, 1062 MB
[runlim] sample:		3628.69 time, 1790.02 real, 1068 MB
[runlim] sample:		3648.97 time, 1800.02 real, 1068 MB
[runlim] sample:		3669.24 time, 1810.02 real, 1068 MB
[runlim] sample:		3689.51 time, 1820.02 real, 1069 MB
[runlim] sample:		3709.79 time, 1830.02 real, 1069 MB
[runlim] sample:		3730.07 time, 1840.02 real, 1069 MB
[runlim] sample:		3750.35 time, 1850.02 real, 1073 MB
[runlim] sample:		3770.62 time, 1860.02 real, 1078 MB
[runlim] sample:		3790.89 time, 1870.02 real, 1087 MB
[runlim] sample:		3811.17 time, 1880.02 real, 1113 MB
[runlim] sample:		3831.44 time, 1890.02 real, 1113 MB
[runlim] sample:		3851.72 time, 1900.01 real, 1113 MB
[runlim] sample:		3872.00 time, 1910.02 real, 1111 MB
[runlim] sample:		3892.27 time, 1920.02 real, 1111 MB
[runlim] sample:		3912.54 time, 1930.02 real, 1111 MB
[runlim] sample:		3932.81 time, 1940.02 real, 1116 MB
[runlim] sample:		3953.10 time, 1950.02 real, 1116 MB
[runlim] sample:		3973.36 time, 1960.02 real, 1116 MB
[runlim] sample:		3993.63 time, 1970.02 real, 1131 MB
[runlim] sample:		4013.91 time, 1980.02 real, 1117 MB
[runlim] sample:		4034.18 time, 1990.02 real, 1120 MB
[runlim] sample:		4054.45 time, 2000.02 real, 1120 MB
[runlim] sample:		4074.72 time, 2010.02 real, 1135 MB
[runlim] sample:		4094.99 time, 2020.02 real, 1135 MB
[runlim] sample:		4115.25 time, 2030.02 real, 1128 MB
[runlim] sample:		4135.52 time, 2040.02 real, 1128 MB
[runlim] sample:		4155.79 time, 2050.02 real, 1128 MB
[runlim] sample:		4176.05 time, 2060.02 real, 1128 MB
[runlim] sample:		4196.31 time, 2070.02 real, 1133 MB
[runlim] sample:		4216.58 time, 2080.02 real, 1145 MB
[runlim] sample:		4236.86 time, 2090.02 real, 1151 MB
[runlim] sample:		4257.12 time, 2100.02 real, 1157 MB
[runlim] sample:		4277.37 time, 2110.02 real, 1166 MB
[runlim] sample:		4297.65 time, 2120.02 real, 1168 MB
[runlim] sample:		4317.91 time, 2130.02 real, 1175 MB
[runlim] sample:		4338.17 time, 2140.02 real, 1175 MB
[runlim] sample:		4358.44 time, 2150.02 real, 1175 MB
[runlim] sample:		4378.70 time, 2160.02 real, 1176 MB
[runlim] sample:		4398.97 time, 2170.02 real, 1178 MB
[runlim] sample:		4419.25 time, 2180.02 real, 1177 MB
[runlim] sample:		4439.51 time, 2190.02 real, 1177 MB
[runlim] sample:		4459.80 time, 2200.02 real, 1185 MB
[runlim] sample:		4480.06 time, 2210.02 real, 1191 MB
[runlim] sample:		4500.34 time, 2220.02 real, 1168 MB
[runlim] sample:		4520.62 time, 2230.02 real, 1172 MB
[runlim] sample:		4540.89 time, 2240.02 real, 1144 MB
[runlim] sample:		4561.17 time, 2250.02 real, 1191 MB
[runlim] sample:		4581.44 time, 2260.02 real, 1192 MB
[runlim] sample:		4601.72 time, 2270.02 real, 1201 MB
[runlim] sample:		4621.99 time, 2280.02 real, 1224 MB
[runlim] sample:		4642.27 time, 2290.02 real, 1261 MB
[runlim] sample:		4662.54 time, 2300.02 real, 1289 MB
[runlim] sample:		4682.81 time, 2310.02 real, 1278 MB
[runlim] sample:		4703.09 time, 2320.02 real, 1278 MB
[runlim] sample:		4723.37 time, 2330.02 real, 1278 MB
[runlim] sample:		4743.65 time, 2340.02 real, 1279 MB
[runlim] sample:		4763.92 time, 2350.02 real, 1279 MB
[runlim] sample:		4784.20 time, 2360.02 real, 1313 MB
[runlim] sample:		4804.47 time, 2370.02 real, 1302 MB
[runlim] sample:		4824.75 time, 2380.02 real, 1302 MB
[runlim] sample:		4845.02 time, 2390.02 real, 1302 MB
[runlim] sample:		4865.30 time, 2400.02 real, 1278 MB
[runlim] sample:		4885.57 time, 2410.02 real, 1315 MB
[runlim] sample:		4905.85 time, 2420.02 real, 1344 MB
[runlim] sample:		4926.12 time, 2430.02 real, 1349 MB
[runlim] sample:		4946.40 time, 2440.02 real, 1320 MB
[runlim] sample:		4966.67 time, 2450.02 real, 1320 MB
[runlim] sample:		4986.94 time, 2460.02 real, 1320 MB
[runlim] sample:		5007.22 time, 2470.02 real, 1321 MB
[runlim] sample:		5027.48 time, 2480.02 real, 1303 MB
[runlim] sample:		5047.74 time, 2490.02 real, 1290 MB
[runlim] sample:		5068.01 time, 2500.02 real, 1340 MB
[runlim] sample:		5088.28 time, 2510.02 real, 1448 MB
[runlim] sample:		5108.54 time, 2520.02 real, 1459 MB
[runlim] sample:		5128.80 time, 2530.02 real, 1555 MB
[runlim] sample:		5149.07 time, 2540.02 real, 1521 MB
[runlim] sample:		5169.32 time, 2550.02 real, 1454 MB
[runlim] sample:		5189.61 time, 2560.02 real, 1430 MB
[runlim] sample:		5209.87 time, 2570.02 real, 1430 MB
[runlim] sample:		5230.13 time, 2580.02 real, 1467 MB
[runlim] sample:		5250.40 time, 2590.02 real, 1501 MB
[runlim] sample:		5270.67 time, 2600.02 real, 1449 MB
[runlim] sample:		5290.92 time, 2610.02 real, 1450 MB
[runlim] sample:		5311.20 time, 2620.02 real, 1450 MB
[runlim] sample:		5331.46 time, 2630.02 real, 1489 MB
[runlim] sample:		5351.72 time, 2640.02 real, 1461 MB
[runlim] sample:		5372.00 time, 2650.02 real, 1503 MB
[runlim] sample:		5392.26 time, 2660.02 real, 1503 MB
[runlim] sample:		5412.53 time, 2670.02 real, 1474 MB
[runlim] sample:		5432.81 time, 2680.02 real, 1646 MB
[runlim] sample:		5453.08 time, 2690.02 real, 1607 MB
[runlim] sample:		5473.35 time, 2700.02 real, 1607 MB
[runlim] sample:		5493.63 time, 2710.02 real, 1607 MB
[runlim] sample:		5513.91 time, 2720.02 real, 1609 MB
[runlim] sample:		5534.18 time, 2730.02 real, 1609 MB
[runlim] sample:		5554.46 time, 2740.02 real, 1609 MB
[runlim] sample:		5574.72 time, 2750.02 real, 1582 MB
[runlim] sample:		5594.99 time, 2760.02 real, 1513 MB
[runlim] sample:		5615.26 time, 2770.02 real, 1568 MB
[runlim] sample:		5635.54 time, 2780.02 real, 1592 MB
[runlim] sample:		5655.81 time, 2790.02 real, 1604 MB
[runlim] sample:		5676.09 time, 2800.01 real, 1571 MB
[runlim] sample:		5696.36 time, 2810.02 real, 1597 MB
[runlim] sample:		5716.65 time, 2820.02 real, 1715 MB
[runlim] sample:		5736.92 time, 2830.02 real, 1681 MB
[runlim] sample:		5757.19 time, 2840.02 real, 1764 MB
[runlim] sample:		5777.47 time, 2850.02 real, 1764 MB
[runlim] sample:		5797.75 time, 2860.02 real, 1764 MB
[runlim] sample:		5818.02 time, 2870.02 real, 1783 MB
[runlim] sample:		5838.29 time, 2880.02 real, 1789 MB
[runlim] sample:		5858.57 time, 2890.02 real, 1739 MB
[runlim] sample:		5878.84 time, 2900.02 real, 1739 MB
[runlim] sample:		5899.11 time, 2910.02 real, 1739 MB
[runlim] sample:		5919.40 time, 2920.02 real, 1741 MB
[runlim] sample:		5939.67 time, 2930.02 real, 1741 MB
[runlim] sample:		5959.95 time, 2940.02 real, 1741 MB
[runlim] sample:		5980.21 time, 2950.02 real, 1744 MB
[runlim] sample:		6000.49 time, 2960.02 real, 1800 MB
[runlim] sample:		6020.77 time, 2970.02 real, 1800 MB
[runlim] sample:		6041.03 time, 2980.02 real, 1800 MB
[runlim] sample:		6061.31 time, 2990.02 real, 1811 MB
[runlim] sample:		6081.59 time, 3000.02 real, 1844 MB
[runlim] sample:		6101.87 time, 3010.02 real, 1769 MB
[runlim] sample:		6122.13 time, 3020.02 real, 1840 MB
[runlim] sample:		6142.42 time, 3030.02 real, 1776 MB
[runlim] sample:		6162.69 time, 3040.02 real, 1798 MB
[runlim] sample:		6182.97 time, 3050.02 real, 1799 MB
[runlim] sample:		6203.24 time, 3060.02 real, 1799 MB
[runlim] sample:		6223.51 time, 3070.02 real, 1846 MB
[runlim] sample:		6243.79 time, 3080.02 real, 1799 MB
[runlim] sample:		6264.06 time, 3090.02 real, 1799 MB
[runlim] sample:		6284.34 time, 3100.02 real, 1811 MB
[runlim] sample:		6304.61 time, 3110.02 real, 1812 MB
[runlim] sample:		6324.87 time, 3120.02 real, 1806 MB
[runlim] sample:		6345.13 time, 3130.02 real, 1806 MB
[runlim] sample:		6365.41 time, 3140.02 real, 1812 MB
[runlim] sample:		6385.66 time, 3150.02 real, 1914 MB
[runlim] sample:		6405.93 time, 3160.02 real, 1978 MB
[runlim] sample:		6426.19 time, 3170.02 real, 1978 MB
[runlim] sample:		6446.45 time, 3180.02 real, 2045 MB
[runlim] sample:		6466.69 time, 3190.02 real, 2002 MB
[runlim] sample:		6486.96 time, 3200.02 real, 2009 MB
[runlim] sample:		6507.20 time, 3210.02 real, 2009 MB
[runlim] sample:		6527.49 time, 3220.02 real, 2009 MB
[runlim] sample:		6547.76 time, 3230.02 real, 2020 MB
[runlim] sample:		6568.03 time, 3240.02 real, 2020 MB
[runlim] sample:		6588.30 time, 3250.02 real, 2020 MB
[runlim] sample:		6608.58 time, 3260.02 real, 2060 MB
[runlim] sample:		6628.86 time, 3270.02 real, 2056 MB
[runlim] sample:		6649.14 time, 3280.02 real, 2076 MB
[runlim] sample:		6669.42 time, 3290.02 real, 2009 MB
[runlim] sample:		6689.69 time, 3300.02 real, 2009 MB
[runlim] sample:		6709.95 time, 3310.02 real, 2009 MB
[runlim] sample:		6730.21 time, 3320.02 real, 1985 MB
[runlim] sample:		6750.49 time, 3330.02 real, 1985 MB
[runlim] sample:		6770.76 time, 3340.02 real, 1992 MB
[runlim] sample:		6791.01 time, 3350.02 real, 2002 MB
[runlim] sample:		6811.27 time, 3360.02 real, 2040 MB
[runlim] sample:		6831.54 time, 3370.02 real, 2128 MB
[runlim] sample:		6851.81 time, 3380.02 real, 2119 MB
[runlim] sample:		6872.07 time, 3390.02 real, 2090 MB
[runlim] sample:		6892.33 time, 3400.02 real, 2090 MB
[runlim] sample:		6912.59 time, 3410.02 real, 2133 MB
[runlim] sample:		6932.88 time, 3420.02 real, 2088 MB
[runlim] sample:		6953.13 time, 3430.02 real, 2136 MB
[runlim] sample:		6973.39 time, 3440.02 real, 2091 MB
[runlim] sample:		6993.67 time, 3450.02 real, 2136 MB
[runlim] sample:		7013.92 time, 3460.02 real, 2032 MB
[runlim] sample:		7034.20 time, 3470.02 real, 2033 MB
[runlim] sample:		7054.45 time, 3480.02 real, 2044 MB
[runlim] sample:		7074.71 time, 3490.02 real, 2045 MB
[runlim] sample:		7094.99 time, 3500.02 real, 2045 MB
[runlim] sample:		7115.25 time, 3510.02 real, 2045 MB
[runlim] sample:		7135.52 time, 3520.02 real, 2038 MB
[runlim] sample:		7155.78 time, 3530.02 real, 2085 MB
[runlim] sample:		7176.05 time, 3540.02 real, 2058 MB
[runlim] sample:		10741.62 time, 3550.01 real, 1183 MB
[runlim] sample:		10761.85 time, 3560.01 real, 1187 MB
[runlim] sample:		10782.11 time, 3570.01 real, 1152 MB
[runlim] sample:		10802.35 time, 3580.01 real, 1156 MB
[runlim] sample:		10822.61 time, 3590.01 real, 1162 MB
[runlim] sample:		10842.85 time, 3600.01 real, 1167 MB
[runlim] end:			Wed Oct 16 19:14:16 2019
[runlim] status:		out of time
[runlim] result:		2
[runlim] children:		4
[runlim] real:			3600.10 seconds
[runlim] time:			10842.85 seconds
[runlim] space:			2228 MB
[runlim] samples:		36000
