[runlim] version:		1.17
[runlim] host:			c3n06
[runlim] time limit:		311040000 seconds
[runlim] real time limit:	3600 seconds
[runlim] space limit:		120000 MB
[runlim] argv[0]:		./run-cosa2.sh
[runlim] argv[1]:		/tmp/Uz27sXLl.btor
[runlim] start:			Wed Oct 16 19:01:17 2019
[runlim] child:			29714
[runlim] sample:		20.18 time, 10.01 real, 175 MB
[runlim] sample:		40.45 time, 20.01 real, 199 MB
[runlim] sample:		60.74 time, 30.01 real, 240 MB
[runlim] sample:		81.01 time, 40.01 real, 257 MB
[runlim] sample:		101.28 time, 50.01 real, 276 MB
[runlim] sample:		121.57 time, 60.01 real, 318 MB
[runlim] sample:		141.83 time, 70.02 real, 306 MB
[runlim] sample:		162.12 time, 80.02 real, 358 MB
[runlim] sample:		182.38 time, 90.02 real, 374 MB
[runlim] sample:		202.65 time, 100.02 real, 404 MB
[runlim] sample:		222.93 time, 110.02 real, 403 MB
[runlim] sample:		243.18 time, 120.02 real, 421 MB
[runlim] sample:		263.46 time, 130.02 real, 441 MB
[runlim] sample:		283.74 time, 140.02 real, 450 MB
[runlim] sample:		304.00 time, 150.02 real, 472 MB
[runlim] sample:		324.29 time, 160.02 real, 485 MB
[runlim] sample:		344.56 time, 170.02 real, 506 MB
[runlim] sample:		364.82 time, 180.02 real, 490 MB
[runlim] sample:		385.10 time, 190.02 real, 525 MB
[runlim] sample:		405.38 time, 200.02 real, 522 MB
[runlim] sample:		425.66 time, 210.02 real, 543 MB
[runlim] sample:		445.93 time, 220.02 real, 566 MB
[runlim] sample:		466.19 time, 230.02 real, 569 MB
[runlim] sample:		486.47 time, 240.02 real, 576 MB
[runlim] sample:		506.74 time, 250.02 real, 580 MB
[runlim] sample:		527.01 time, 260.02 real, 580 MB
[runlim] sample:		547.28 time, 270.02 real, 604 MB
[runlim] sample:		567.55 time, 280.02 real, 618 MB
[runlim] sample:		587.83 time, 290.02 real, 618 MB
[runlim] sample:		608.11 time, 300.02 real, 605 MB
[runlim] sample:		628.37 time, 310.02 real, 627 MB
[runlim] sample:		648.65 time, 320.02 real, 624 MB
[runlim] sample:		668.92 time, 330.02 real, 641 MB
[runlim] sample:		689.20 time, 340.02 real, 675 MB
[runlim] sample:		709.47 time, 350.02 real, 691 MB
[runlim] sample:		729.74 time, 360.02 real, 623 MB
[runlim] sample:		750.01 time, 370.02 real, 704 MB
[runlim] sample:		770.27 time, 380.02 real, 714 MB
[runlim] sample:		790.55 time, 390.02 real, 719 MB
[runlim] sample:		810.82 time, 400.02 real, 714 MB
[runlim] sample:		831.08 time, 410.02 real, 722 MB
[runlim] sample:		851.36 time, 420.02 real, 695 MB
[runlim] sample:		871.63 time, 430.02 real, 719 MB
[runlim] sample:		891.91 time, 440.02 real, 719 MB
[runlim] sample:		912.18 time, 450.02 real, 720 MB
[runlim] sample:		932.44 time, 460.02 real, 720 MB
[runlim] sample:		952.72 time, 470.02 real, 735 MB
[runlim] sample:		973.00 time, 480.02 real, 765 MB
[runlim] sample:		993.27 time, 490.02 real, 710 MB
[runlim] sample:		1013.55 time, 500.02 real, 747 MB
[runlim] sample:		1033.83 time, 510.02 real, 716 MB
[runlim] sample:		1054.10 time, 520.02 real, 743 MB
[runlim] sample:		1074.37 time, 530.02 real, 779 MB
[runlim] sample:		1094.64 time, 540.02 real, 801 MB
[runlim] sample:		1114.92 time, 550.02 real, 809 MB
[runlim] sample:		1135.19 time, 560.02 real, 813 MB
[runlim] sample:		1155.45 time, 570.02 real, 812 MB
[runlim] sample:		1175.74 time, 580.02 real, 821 MB
[runlim] sample:		1196.01 time, 590.02 real, 832 MB
[runlim] sample:		1216.28 time, 600.02 real, 874 MB
[runlim] sample:		1236.55 time, 610.02 real, 876 MB
[runlim] sample:		1256.80 time, 620.02 real, 877 MB
[runlim] sample:		1277.07 time, 630.02 real, 836 MB
[runlim] sample:		1297.34 time, 640.02 real, 893 MB
[runlim] sample:		1317.61 time, 650.02 real, 900 MB
[runlim] sample:		1337.88 time, 660.02 real, 932 MB
[runlim] sample:		1358.15 time, 670.02 real, 980 MB
[runlim] sample:		1378.43 time, 680.02 real, 955 MB
[runlim] sample:		1398.70 time, 690.02 real, 951 MB
[runlim] sample:		1418.96 time, 700.02 real, 955 MB
[runlim] sample:		1439.24 time, 710.02 real, 964 MB
[runlim] sample:		1459.50 time, 720.02 real, 1000 MB
[runlim] sample:		1479.76 time, 730.02 real, 1057 MB
[runlim] sample:		1500.04 time, 740.02 real, 1061 MB
[runlim] sample:		1520.30 time, 750.02 real, 1086 MB
[runlim] sample:		1540.57 time, 760.02 real, 1086 MB
[runlim] sample:		1560.85 time, 770.02 real, 1026 MB
[runlim] sample:		1581.12 time, 780.02 real, 1071 MB
[runlim] sample:		1601.40 time, 790.02 real, 1104 MB
[runlim] sample:		1621.68 time, 800.02 real, 1080 MB
[runlim] sample:		1641.94 time, 810.02 real, 1134 MB
[runlim] sample:		1662.22 time, 820.02 real, 1181 MB
[runlim] sample:		1682.49 time, 830.02 real, 1228 MB
[runlim] sample:		1702.76 time, 840.02 real, 1255 MB
[runlim] sample:		1723.04 time, 850.02 real, 1268 MB
[runlim] sample:		1743.32 time, 860.02 real, 1275 MB
[runlim] sample:		1763.59 time, 870.02 real, 1186 MB
[runlim] sample:		1783.87 time, 880.02 real, 1244 MB
[runlim] sample:		1804.14 time, 890.02 real, 1174 MB
[runlim] sample:		1824.39 time, 900.02 real, 1225 MB
[runlim] sample:		1844.66 time, 910.02 real, 1275 MB
[runlim] sample:		1864.94 time, 920.02 real, 1297 MB
[runlim] sample:		1885.19 time, 930.02 real, 1320 MB
[runlim] sample:		1905.46 time, 940.02 real, 1340 MB
[runlim] sample:		1925.73 time, 950.02 real, 1354 MB
[runlim] sample:		1946.00 time, 960.02 real, 1354 MB
[runlim] sample:		1966.27 time, 970.02 real, 1394 MB
[runlim] sample:		1986.55 time, 980.02 real, 1450 MB
[runlim] sample:		2006.81 time, 990.02 real, 1439 MB
[runlim] sample:		2027.09 time, 1000.02 real, 1407 MB
[runlim] sample:		2047.36 time, 1010.02 real, 1407 MB
[runlim] sample:		2067.62 time, 1020.02 real, 1408 MB
[runlim] sample:		2087.92 time, 1030.02 real, 1490 MB
[runlim] sample:		2108.19 time, 1040.02 real, 1452 MB
[runlim] sample:		2128.46 time, 1050.02 real, 1486 MB
[runlim] sample:		2148.72 time, 1060.02 real, 1560 MB
[runlim] sample:		2169.00 time, 1070.02 real, 1523 MB
[runlim] sample:		2189.29 time, 1080.02 real, 1538 MB
[runlim] sample:		2209.56 time, 1090.02 real, 1594 MB
[runlim] sample:		2229.82 time, 1100.02 real, 1618 MB
[runlim] sample:		2250.11 time, 1110.02 real, 1588 MB
[runlim] sample:		2270.37 time, 1120.02 real, 1514 MB
[runlim] sample:		2290.62 time, 1130.02 real, 1563 MB
[runlim] sample:		2310.86 time, 1140.02 real, 1563 MB
[runlim] sample:		2331.14 time, 1150.02 real, 1597 MB
[runlim] sample:		2351.42 time, 1160.02 real, 1595 MB
[runlim] sample:		2371.68 time, 1170.02 real, 1598 MB
[runlim] sample:		2391.96 time, 1180.02 real, 1614 MB
[runlim] sample:		2412.23 time, 1190.02 real, 1564 MB
[runlim] sample:		2432.49 time, 1200.02 real, 1573 MB
[runlim] sample:		2452.76 time, 1210.02 real, 1670 MB
[runlim] sample:		2473.05 time, 1220.02 real, 1645 MB
[runlim] sample:		2493.31 time, 1230.02 real, 1698 MB
[runlim] sample:		2513.58 time, 1240.02 real, 1645 MB
[runlim] sample:		2533.86 time, 1250.02 real, 1645 MB
[runlim] sample:		2554.14 time, 1260.02 real, 1647 MB
[runlim] sample:		2574.40 time, 1270.02 real, 1635 MB
[runlim] sample:		2594.68 time, 1280.02 real, 1673 MB
[runlim] sample:		2614.96 time, 1290.02 real, 1732 MB
[runlim] sample:		2635.23 time, 1300.02 real, 1674 MB
[runlim] sample:		2655.49 time, 1310.02 real, 1674 MB
[runlim] sample:		2675.77 time, 1320.02 real, 1732 MB
[runlim] sample:		2696.05 time, 1330.02 real, 1729 MB
[runlim] sample:		2716.31 time, 1340.02 real, 1752 MB
[runlim] sample:		2736.58 time, 1350.02 real, 1722 MB
[runlim] sample:		2756.85 time, 1360.02 real, 1766 MB
[runlim] sample:		2777.13 time, 1370.02 real, 1741 MB
[runlim] sample:		2797.39 time, 1380.02 real, 1776 MB
[runlim] sample:		2817.65 time, 1390.02 real, 1871 MB
[runlim] sample:		2837.93 time, 1400.02 real, 1774 MB
[runlim] sample:		2858.19 time, 1410.02 real, 1867 MB
[runlim] sample:		2878.47 time, 1420.02 real, 1948 MB
[runlim] sample:		2898.73 time, 1430.02 real, 1922 MB
[runlim] sample:		2919.00 time, 1440.02 real, 1982 MB
[runlim] sample:		2939.27 time, 1450.02 real, 1942 MB
[runlim] sample:		2959.54 time, 1460.02 real, 1799 MB
[runlim] sample:		2979.82 time, 1470.02 real, 1831 MB
[runlim] sample:		4472.89 time, 1480.02 real, 627 MB
[runlim] sample:		4493.15 time, 1490.02 real, 612 MB
[runlim] sample:		4513.40 time, 1500.02 real, 615 MB
[runlim] sample:		4533.66 time, 1510.02 real, 621 MB
[runlim] sample:		4553.90 time, 1520.02 real, 625 MB
[runlim] sample:		4574.13 time, 1530.02 real, 629 MB
[runlim] sample:		4594.35 time, 1540.02 real, 633 MB
[runlim] sample:		4614.59 time, 1550.02 real, 638 MB
[runlim] sample:		4634.85 time, 1560.02 real, 642 MB
[runlim] sample:		4655.10 time, 1570.02 real, 628 MB
[runlim] sample:		4675.35 time, 1580.02 real, 632 MB
[runlim] sample:		4695.60 time, 1590.02 real, 636 MB
[runlim] sample:		4715.84 time, 1600.02 real, 640 MB
[runlim] sample:		4736.09 time, 1610.02 real, 644 MB
[runlim] sample:		4756.34 time, 1620.02 real, 648 MB
[runlim] sample:		4776.60 time, 1630.02 real, 652 MB
[runlim] sample:		4796.85 time, 1640.02 real, 605 MB
[runlim] sample:		4817.10 time, 1650.02 real, 609 MB
[runlim] sample:		4837.34 time, 1660.02 real, 613 MB
[runlim] sample:		4857.58 time, 1670.02 real, 617 MB
[runlim] sample:		4877.85 time, 1680.02 real, 622 MB
[runlim] sample:		4898.10 time, 1690.02 real, 626 MB
[runlim] sample:		4918.35 time, 1700.02 real, 630 MB
[runlim] sample:		4938.59 time, 1710.02 real, 637 MB
[runlim] sample:		4958.84 time, 1720.02 real, 657 MB
[runlim] sample:		4979.08 time, 1730.02 real, 625 MB
[runlim] sample:		4999.35 time, 1740.02 real, 629 MB
[runlim] sample:		5019.60 time, 1750.02 real, 633 MB
[runlim] sample:		5039.86 time, 1760.02 real, 638 MB
[runlim] sample:		5060.11 time, 1770.02 real, 642 MB
[runlim] sample:		5080.34 time, 1780.02 real, 647 MB
[runlim] sample:		5100.59 time, 1790.02 real, 650 MB
[runlim] sample:		5120.85 time, 1800.02 real, 660 MB
[runlim] sample:		5141.10 time, 1810.02 real, 633 MB
[runlim] sample:		5161.35 time, 1820.02 real, 638 MB
[runlim] sample:		5181.60 time, 1830.02 real, 643 MB
[runlim] sample:		5201.85 time, 1840.02 real, 649 MB
[runlim] sample:		5222.10 time, 1850.02 real, 655 MB
[runlim] sample:		5242.35 time, 1860.02 real, 663 MB
[runlim] sample:		5262.58 time, 1870.02 real, 669 MB
[runlim] sample:		5282.85 time, 1880.02 real, 680 MB
[runlim] sample:		5303.09 time, 1890.02 real, 690 MB
[runlim] sample:		5323.34 time, 1900.02 real, 696 MB
[runlim] sample:		5343.58 time, 1910.02 real, 669 MB
[runlim] sample:		5363.85 time, 1920.02 real, 675 MB
[runlim] sample:		5384.09 time, 1930.02 real, 679 MB
[runlim] sample:		5404.34 time, 1940.02 real, 683 MB
[runlim] sample:		5424.59 time, 1950.02 real, 688 MB
[runlim] sample:		5444.84 time, 1960.02 real, 692 MB
[runlim] sample:		5465.09 time, 1970.02 real, 707 MB
[runlim] sample:		5485.34 time, 1980.02 real, 679 MB
[runlim] sample:		5505.58 time, 1990.02 real, 684 MB
[runlim] sample:		5525.83 time, 2000.02 real, 687 MB
[runlim] sample:		5546.10 time, 2010.02 real, 692 MB
[runlim] sample:		5566.34 time, 2020.02 real, 696 MB
[runlim] sample:		5586.58 time, 2030.02 real, 700 MB
[runlim] sample:		5606.84 time, 2040.02 real, 704 MB
[runlim] sample:		5627.09 time, 2050.02 real, 711 MB
[runlim] sample:		5647.34 time, 2060.02 real, 690 MB
[runlim] sample:		5667.59 time, 2070.02 real, 694 MB
[runlim] sample:		5687.84 time, 2080.02 real, 698 MB
[runlim] sample:		5708.09 time, 2090.02 real, 702 MB
[runlim] sample:		5728.33 time, 2100.02 real, 706 MB
[runlim] sample:		5748.58 time, 2110.02 real, 710 MB
[runlim] sample:		5768.84 time, 2120.02 real, 713 MB
[runlim] sample:		5789.09 time, 2130.02 real, 717 MB
[runlim] sample:		5809.33 time, 2140.02 real, 721 MB
[runlim] sample:		5829.59 time, 2150.02 real, 726 MB
[runlim] sample:		5849.83 time, 2160.02 real, 733 MB
[runlim] sample:		5870.08 time, 2170.02 real, 737 MB
[runlim] sample:		5890.33 time, 2180.02 real, 741 MB
[runlim] sample:		5910.58 time, 2190.02 real, 745 MB
[runlim] sample:		5930.83 time, 2200.01 real, 750 MB
[runlim] sample:		5951.07 time, 2210.02 real, 754 MB
[runlim] sample:		5971.33 time, 2220.02 real, 758 MB
[runlim] sample:		5991.58 time, 2230.02 real, 762 MB
[runlim] sample:		6011.83 time, 2240.02 real, 767 MB
[runlim] sample:		6032.08 time, 2250.02 real, 738 MB
[runlim] sample:		6052.33 time, 2260.02 real, 742 MB
[runlim] sample:		6072.58 time, 2270.02 real, 746 MB
[runlim] sample:		6092.83 time, 2280.02 real, 751 MB
[runlim] sample:		6113.08 time, 2290.02 real, 755 MB
[runlim] sample:		6133.34 time, 2300.02 real, 759 MB
[runlim] sample:		6153.59 time, 2310.02 real, 764 MB
[runlim] sample:		6173.84 time, 2320.02 real, 768 MB
[runlim] sample:		6194.09 time, 2330.02 real, 772 MB
[runlim] sample:		6214.33 time, 2340.02 real, 777 MB
[runlim] sample:		6234.60 time, 2350.02 real, 758 MB
[runlim] sample:		6254.84 time, 2360.02 real, 763 MB
[runlim] sample:		6275.10 time, 2370.02 real, 767 MB
[runlim] sample:		6295.35 time, 2380.02 real, 772 MB
[runlim] sample:		6315.59 time, 2390.02 real, 776 MB
[runlim] sample:		6335.84 time, 2400.02 real, 780 MB
[runlim] sample:		6356.10 time, 2410.02 real, 784 MB
[runlim] sample:		6376.35 time, 2420.02 real, 787 MB
[runlim] sample:		6396.61 time, 2430.02 real, 790 MB
[runlim] sample:		6416.86 time, 2440.02 real, 794 MB
[runlim] sample:		6437.11 time, 2450.02 real, 759 MB
[runlim] sample:		6457.37 time, 2460.02 real, 769 MB
[runlim] sample:		6477.59 time, 2470.02 real, 775 MB
[runlim] sample:		6497.83 time, 2480.02 real, 779 MB
[runlim] sample:		6518.05 time, 2490.02 real, 783 MB
[runlim] sample:		6538.32 time, 2500.02 real, 787 MB
[runlim] sample:		6558.55 time, 2510.02 real, 792 MB
[runlim] sample:		6578.81 time, 2520.02 real, 798 MB
[runlim] sample:		6599.06 time, 2530.02 real, 802 MB
[runlim] sample:		6619.32 time, 2540.02 real, 807 MB
[runlim] sample:		6639.57 time, 2550.02 real, 811 MB
[runlim] sample:		6659.83 time, 2560.02 real, 757 MB
[runlim] sample:		6680.09 time, 2570.02 real, 767 MB
[runlim] sample:		6700.34 time, 2580.02 real, 771 MB
[runlim] sample:		6720.57 time, 2590.02 real, 775 MB
[runlim] sample:		6740.79 time, 2600.02 real, 779 MB
[runlim] sample:		6761.04 time, 2610.02 real, 784 MB
[runlim] sample:		6781.30 time, 2620.02 real, 790 MB
[runlim] sample:		6801.55 time, 2630.02 real, 794 MB
[runlim] sample:		6821.79 time, 2640.02 real, 798 MB
[runlim] sample:		6842.05 time, 2650.02 real, 808 MB
[runlim] sample:		6862.30 time, 2660.02 real, 783 MB
[runlim] sample:		6882.55 time, 2670.02 real, 787 MB
[runlim] sample:		6902.79 time, 2680.02 real, 791 MB
[runlim] sample:		6923.04 time, 2690.02 real, 795 MB
[runlim] sample:		6943.30 time, 2700.02 real, 800 MB
[runlim] sample:		6963.55 time, 2710.02 real, 804 MB
[runlim] sample:		6983.80 time, 2720.02 real, 808 MB
[runlim] sample:		7004.06 time, 2730.01 real, 814 MB
[runlim] sample:		7024.30 time, 2740.02 real, 817 MB
[runlim] sample:		7044.56 time, 2750.02 real, 821 MB
[runlim] sample:		7064.81 time, 2760.02 real, 824 MB
[runlim] sample:		7085.06 time, 2770.02 real, 828 MB
[runlim] sample:		7105.32 time, 2780.02 real, 827 MB
[runlim] sample:		7125.57 time, 2790.02 real, 832 MB
[runlim] sample:		7145.82 time, 2800.02 real, 836 MB
[runlim] sample:		7166.08 time, 2810.02 real, 840 MB
[runlim] sample:		7186.32 time, 2820.02 real, 845 MB
[runlim] sample:		7206.56 time, 2830.02 real, 849 MB
[runlim] sample:		7226.79 time, 2840.02 real, 864 MB
[runlim] sample:		7247.04 time, 2850.02 real, 870 MB
[runlim] sample:		7267.30 time, 2860.02 real, 874 MB
[runlim] sample:		7287.52 time, 2870.02 real, 879 MB
[runlim] sample:		7307.78 time, 2880.02 real, 887 MB
[runlim] sample:		7328.02 time, 2890.02 real, 862 MB
[runlim] sample:		7348.29 time, 2900.02 real, 868 MB
[runlim] sample:		7368.52 time, 2910.02 real, 842 MB
[runlim] sample:		7388.78 time, 2920.02 real, 851 MB
[runlim] sample:		7409.04 time, 2930.02 real, 856 MB
[runlim] sample:		7429.29 time, 2940.02 real, 862 MB
[runlim] sample:		7449.54 time, 2950.02 real, 867 MB
[runlim] sample:		7469.79 time, 2960.02 real, 873 MB
[runlim] sample:		7490.04 time, 2970.02 real, 879 MB
[runlim] sample:		7510.30 time, 2980.02 real, 885 MB
[runlim] sample:		7530.54 time, 2990.02 real, 890 MB
[runlim] sample:		7550.79 time, 3000.02 real, 897 MB
[runlim] sample:		7571.04 time, 3010.02 real, 903 MB
[runlim] sample:		7591.30 time, 3020.02 real, 909 MB
[runlim] sample:		7611.56 time, 3030.02 real, 913 MB
[runlim] sample:		7631.80 time, 3040.02 real, 886 MB
[runlim] sample:		7652.06 time, 3050.02 real, 891 MB
[runlim] sample:		7672.32 time, 3060.02 real, 900 MB
[runlim] sample:		7692.57 time, 3070.02 real, 903 MB
[runlim] sample:		7712.83 time, 3080.02 real, 907 MB
[runlim] sample:		7733.09 time, 3090.02 real, 911 MB
[runlim] sample:		7753.33 time, 3100.02 real, 915 MB
[runlim] sample:		7773.55 time, 3110.02 real, 920 MB
[runlim] sample:		7793.80 time, 3120.02 real, 878 MB
[runlim] sample:		7814.01 time, 3130.02 real, 917 MB
[runlim] sample:		7834.26 time, 3140.02 real, 921 MB
[runlim] sample:		7854.52 time, 3150.02 real, 925 MB
[runlim] sample:		7874.74 time, 3160.02 real, 929 MB
[runlim] sample:		7895.00 time, 3170.02 real, 933 MB
[runlim] sample:		7915.25 time, 3180.02 real, 937 MB
[runlim] sample:		7935.51 time, 3190.02 real, 943 MB
[runlim] sample:		7955.76 time, 3200.02 real, 948 MB
[runlim] sample:		7976.01 time, 3210.02 real, 952 MB
[runlim] sample:		7996.26 time, 3220.02 real, 956 MB
[runlim] sample:		8016.52 time, 3230.02 real, 961 MB
[runlim] sample:		8036.77 time, 3240.02 real, 922 MB
[runlim] sample:		8057.02 time, 3250.02 real, 932 MB
[runlim] sample:		8077.28 time, 3260.02 real, 937 MB
[runlim] sample:		8097.52 time, 3270.02 real, 942 MB
[runlim] sample:		8117.79 time, 3280.02 real, 946 MB
[runlim] sample:		8137.95 time, 3290.02 real, 950 MB
[runlim] sample:		8158.17 time, 3300.02 real, 954 MB
[runlim] sample:		8178.42 time, 3310.02 real, 958 MB
[runlim] sample:		8198.67 time, 3320.02 real, 962 MB
[runlim] sample:		8218.93 time, 3330.02 real, 966 MB
[runlim] sample:		8239.18 time, 3340.02 real, 971 MB
[runlim] sample:		8259.33 time, 3350.02 real, 976 MB
[runlim] sample:		8279.56 time, 3360.02 real, 980 MB
[runlim] sample:		8299.81 time, 3370.02 real, 965 MB
[runlim] sample:		8320.06 time, 3380.02 real, 969 MB
[runlim] sample:		8340.31 time, 3390.02 real, 974 MB
[runlim] sample:		8360.57 time, 3400.02 real, 978 MB
[runlim] sample:		8380.82 time, 3410.02 real, 982 MB
[runlim] sample:		8401.08 time, 3420.02 real, 986 MB
[runlim] sample:		8421.33 time, 3430.02 real, 990 MB
[runlim] sample:		8441.58 time, 3440.02 real, 995 MB
[runlim] sample:		8461.84 time, 3450.02 real, 999 MB
[runlim] sample:		8482.08 time, 3460.02 real, 1003 MB
[runlim] sample:		8502.34 time, 3470.02 real, 1008 MB
[runlim] sample:		8522.59 time, 3480.02 real, 1012 MB
[runlim] sample:		8542.85 time, 3490.02 real, 943 MB
[runlim] sample:		8563.10 time, 3500.02 real, 979 MB
[runlim] sample:		8583.34 time, 3510.02 real, 983 MB
[runlim] sample:		8603.59 time, 3520.02 real, 987 MB
[runlim] sample:		8623.83 time, 3530.02 real, 992 MB
[runlim] sample:		8644.08 time, 3540.02 real, 996 MB
[runlim] sample:		8664.34 time, 3550.02 real, 1000 MB
[runlim] sample:		8684.59 time, 3560.02 real, 1004 MB
[runlim] sample:		8704.85 time, 3570.02 real, 1008 MB
[runlim] sample:		8725.11 time, 3580.02 real, 1013 MB
[runlim] sample:		8745.35 time, 3590.02 real, 1017 MB
[runlim] sample:		8765.60 time, 3600.02 real, 1021 MB
[runlim] end:			Wed Oct 16 20:01:18 2019
[runlim] status:		out of time
[runlim] result:		2
[runlim] children:		4
[runlim] real:			3600.10 seconds
[runlim] time:			8765.60 seconds
[runlim] space:			1999 MB
[runlim] samples:		36000
