[runlim] version:		1.17
[runlim] host:			c3n17
[runlim] time limit:		311040000 seconds
[runlim] real time limit:	3600 seconds
[runlim] space limit:		120000 MB
[runlim] argv[0]:		./run-cosa2.sh
[runlim] argv[1]:		/tmp/fZs9TyAT.btor
[runlim] start:			Wed Oct 16 18:42:03 2019
[runlim] child:			10045
[runlim] sample:		20.17 time, 10.02 real, 128 MB
[runlim] sample:		40.46 time, 20.02 real, 158 MB
[runlim] sample:		60.74 time, 30.02 real, 169 MB
[runlim] sample:		81.02 time, 40.02 real, 186 MB
[runlim] sample:		101.29 time, 50.02 real, 203 MB
[runlim] sample:		121.56 time, 60.02 real, 221 MB
[runlim] sample:		141.84 time, 70.02 real, 235 MB
[runlim] sample:		162.11 time, 80.02 real, 233 MB
[runlim] sample:		182.38 time, 90.02 real, 251 MB
[runlim] sample:		202.67 time, 100.02 real, 257 MB
[runlim] sample:		222.94 time, 110.02 real, 279 MB
[runlim] sample:		243.19 time, 120.02 real, 289 MB
[runlim] sample:		263.47 time, 130.02 real, 300 MB
[runlim] sample:		283.74 time, 140.02 real, 306 MB
[runlim] sample:		304.01 time, 150.02 real, 312 MB
[runlim] sample:		324.29 time, 160.02 real, 323 MB
[runlim] sample:		344.56 time, 170.02 real, 327 MB
[runlim] sample:		364.84 time, 180.02 real, 328 MB
[runlim] sample:		385.11 time, 190.02 real, 383 MB
[runlim] sample:		405.38 time, 200.02 real, 392 MB
[runlim] sample:		425.66 time, 210.02 real, 377 MB
[runlim] sample:		445.93 time, 220.02 real, 392 MB
[runlim] sample:		466.21 time, 230.02 real, 397 MB
[runlim] sample:		486.48 time, 240.02 real, 411 MB
[runlim] sample:		506.77 time, 250.02 real, 415 MB
[runlim] sample:		527.05 time, 260.02 real, 416 MB
[runlim] sample:		547.30 time, 270.02 real, 385 MB
[runlim] sample:		567.58 time, 280.02 real, 429 MB
[runlim] sample:		587.86 time, 290.02 real, 437 MB
[runlim] sample:		608.13 time, 300.02 real, 449 MB
[runlim] sample:		628.40 time, 310.02 real, 449 MB
[runlim] sample:		648.66 time, 320.02 real, 443 MB
[runlim] sample:		668.94 time, 330.02 real, 457 MB
[runlim] sample:		689.21 time, 340.02 real, 475 MB
[runlim] sample:		709.48 time, 350.02 real, 475 MB
[runlim] sample:		729.75 time, 360.02 real, 482 MB
[runlim] sample:		750.03 time, 370.02 real, 482 MB
[runlim] sample:		770.30 time, 380.02 real, 487 MB
[runlim] sample:		790.57 time, 390.02 real, 495 MB
[runlim] sample:		810.84 time, 400.02 real, 507 MB
[runlim] sample:		831.11 time, 410.02 real, 474 MB
[runlim] sample:		851.38 time, 420.02 real, 497 MB
[runlim] sample:		871.65 time, 430.02 real, 518 MB
[runlim] sample:		891.92 time, 440.02 real, 520 MB
[runlim] sample:		912.20 time, 450.02 real, 543 MB
[runlim] sample:		932.46 time, 460.02 real, 558 MB
[runlim] sample:		952.74 time, 470.02 real, 552 MB
[runlim] sample:		973.01 time, 480.02 real, 562 MB
[runlim] sample:		993.28 time, 490.02 real, 562 MB
[runlim] sample:		1013.56 time, 500.02 real, 579 MB
[runlim] sample:		1033.83 time, 510.02 real, 616 MB
[runlim] sample:		1054.10 time, 520.02 real, 616 MB
[runlim] sample:		1074.36 time, 530.02 real, 616 MB
[runlim] sample:		1094.63 time, 540.02 real, 616 MB
[runlim] sample:		1114.92 time, 550.02 real, 623 MB
[runlim] sample:		1135.17 time, 560.02 real, 652 MB
[runlim] sample:		1155.45 time, 570.02 real, 652 MB
[runlim] sample:		1175.72 time, 580.02 real, 652 MB
[runlim] sample:		1196.01 time, 590.02 real, 667 MB
[runlim] sample:		1216.28 time, 600.02 real, 658 MB
[runlim] sample:		1236.54 time, 610.02 real, 633 MB
[runlim] sample:		1256.83 time, 620.02 real, 653 MB
[runlim] sample:		1277.10 time, 630.02 real, 655 MB
[runlim] sample:		1297.38 time, 640.02 real, 672 MB
[runlim] sample:		1317.65 time, 650.02 real, 672 MB
[runlim] sample:		1337.91 time, 660.02 real, 678 MB
[runlim] sample:		1358.17 time, 670.02 real, 662 MB
[runlim] sample:		1378.46 time, 680.02 real, 686 MB
[runlim] sample:		1398.73 time, 690.02 real, 686 MB
[runlim] sample:		1419.00 time, 700.02 real, 687 MB
[runlim] sample:		1439.27 time, 710.02 real, 687 MB
[runlim] sample:		1459.54 time, 720.02 real, 721 MB
[runlim] sample:		1479.81 time, 730.02 real, 687 MB
[runlim] sample:		1500.09 time, 740.02 real, 687 MB
[runlim] sample:		1520.36 time, 750.02 real, 687 MB
[runlim] sample:		1540.63 time, 760.02 real, 687 MB
[runlim] sample:		1560.90 time, 770.02 real, 705 MB
[runlim] sample:		1581.17 time, 780.02 real, 710 MB
[runlim] sample:		1601.45 time, 790.02 real, 746 MB
[runlim] sample:		1621.72 time, 800.02 real, 746 MB
[runlim] sample:		1641.98 time, 810.02 real, 713 MB
[runlim] sample:		1662.26 time, 820.02 real, 713 MB
[runlim] sample:		1682.51 time, 830.02 real, 710 MB
[runlim] sample:		1702.76 time, 840.02 real, 724 MB
[runlim] sample:		1723.05 time, 850.02 real, 743 MB
[runlim] sample:		1743.29 time, 860.02 real, 733 MB
[runlim] sample:		1763.56 time, 870.02 real, 720 MB
[runlim] sample:		1783.83 time, 880.02 real, 724 MB
[runlim] sample:		1804.08 time, 890.02 real, 729 MB
[runlim] sample:		1824.36 time, 900.02 real, 729 MB
[runlim] sample:		1844.61 time, 910.02 real, 750 MB
[runlim] sample:		1864.88 time, 920.02 real, 763 MB
[runlim] sample:		1885.15 time, 930.02 real, 798 MB
[runlim] sample:		1905.40 time, 940.02 real, 745 MB
[runlim] sample:		1925.68 time, 950.02 real, 751 MB
[runlim] sample:		1945.95 time, 960.02 real, 792 MB
[runlim] sample:		1966.23 time, 970.02 real, 772 MB
[runlim] sample:		1986.50 time, 980.02 real, 793 MB
[runlim] sample:		2006.76 time, 990.02 real, 772 MB
[runlim] sample:		2027.05 time, 1000.02 real, 806 MB
[runlim] sample:		2047.31 time, 1010.02 real, 813 MB
[runlim] sample:		2067.59 time, 1020.02 real, 812 MB
[runlim] sample:		2087.86 time, 1030.02 real, 812 MB
[runlim] sample:		2108.14 time, 1040.02 real, 815 MB
[runlim] sample:		2128.42 time, 1050.02 real, 815 MB
[runlim] sample:		2148.69 time, 1060.02 real, 815 MB
[runlim] sample:		2168.96 time, 1070.02 real, 868 MB
[runlim] sample:		2189.24 time, 1080.02 real, 862 MB
[runlim] sample:		2209.51 time, 1090.02 real, 861 MB
[runlim] sample:		2229.78 time, 1100.02 real, 861 MB
[runlim] sample:		2250.08 time, 1110.02 real, 830 MB
[runlim] sample:		2270.36 time, 1120.02 real, 831 MB
[runlim] sample:		2290.62 time, 1130.02 real, 828 MB
[runlim] sample:		2310.89 time, 1140.02 real, 828 MB
[runlim] sample:		2331.17 time, 1150.02 real, 851 MB
[runlim] sample:		2351.44 time, 1160.02 real, 858 MB
[runlim] sample:		2371.71 time, 1170.02 real, 837 MB
[runlim] sample:		2391.97 time, 1180.02 real, 841 MB
[runlim] sample:		2412.26 time, 1190.02 real, 887 MB
[runlim] sample:		2432.54 time, 1200.02 real, 868 MB
[runlim] sample:		2452.80 time, 1210.02 real, 866 MB
[runlim] sample:		2473.07 time, 1220.02 real, 866 MB
[runlim] sample:		2493.35 time, 1230.02 real, 878 MB
[runlim] sample:		2513.62 time, 1240.02 real, 892 MB
[runlim] sample:		2533.89 time, 1250.02 real, 852 MB
[runlim] sample:		2554.17 time, 1260.02 real, 877 MB
[runlim] sample:		2574.43 time, 1270.02 real, 877 MB
[runlim] sample:		2594.71 time, 1280.02 real, 880 MB
[runlim] sample:		2614.98 time, 1290.02 real, 885 MB
[runlim] sample:		2635.25 time, 1300.02 real, 885 MB
[runlim] sample:		2655.53 time, 1310.02 real, 888 MB
[runlim] sample:		2675.81 time, 1320.02 real, 888 MB
[runlim] sample:		2696.07 time, 1330.02 real, 940 MB
[runlim] sample:		2716.36 time, 1340.02 real, 968 MB
[runlim] sample:		2736.62 time, 1350.02 real, 947 MB
[runlim] sample:		2756.90 time, 1360.02 real, 925 MB
[runlim] sample:		2777.16 time, 1370.02 real, 925 MB
[runlim] sample:		2797.44 time, 1380.02 real, 925 MB
[runlim] sample:		2817.71 time, 1390.02 real, 912 MB
[runlim] sample:		2837.99 time, 1400.02 real, 922 MB
[runlim] sample:		2858.26 time, 1410.02 real, 920 MB
[runlim] sample:		2878.53 time, 1420.02 real, 885 MB
[runlim] sample:		2898.80 time, 1430.02 real, 921 MB
[runlim] sample:		2919.08 time, 1440.02 real, 948 MB
[runlim] sample:		2939.34 time, 1450.02 real, 944 MB
[runlim] sample:		2959.62 time, 1460.02 real, 954 MB
[runlim] sample:		2979.89 time, 1470.02 real, 959 MB
[runlim] sample:		3000.17 time, 1480.02 real, 965 MB
[runlim] sample:		3020.45 time, 1490.02 real, 967 MB
[runlim] sample:		3040.72 time, 1500.02 real, 967 MB
[runlim] sample:		3060.99 time, 1510.02 real, 967 MB
[runlim] sample:		3081.26 time, 1520.02 real, 967 MB
[runlim] sample:		3101.54 time, 1530.02 real, 935 MB
[runlim] sample:		3121.80 time, 1540.02 real, 957 MB
[runlim] sample:		3142.08 time, 1550.02 real, 969 MB
[runlim] sample:		3162.35 time, 1560.02 real, 969 MB
[runlim] sample:		3182.62 time, 1570.02 real, 971 MB
[runlim] sample:		3202.89 time, 1580.02 real, 971 MB
[runlim] sample:		3223.16 time, 1590.02 real, 971 MB
[runlim] sample:		3243.42 time, 1600.02 real, 978 MB
[runlim] sample:		3263.69 time, 1610.02 real, 978 MB
[runlim] sample:		3283.96 time, 1620.02 real, 988 MB
[runlim] sample:		3304.24 time, 1630.02 real, 972 MB
[runlim] sample:		3324.52 time, 1640.02 real, 972 MB
[runlim] sample:		3344.78 time, 1650.02 real, 966 MB
[runlim] sample:		3365.06 time, 1660.02 real, 966 MB
[runlim] sample:		3385.32 time, 1670.02 real, 966 MB
[runlim] sample:		3405.59 time, 1680.02 real, 966 MB
[runlim] sample:		3425.85 time, 1690.02 real, 980 MB
[runlim] sample:		3446.11 time, 1700.02 real, 1010 MB
[runlim] sample:		3466.38 time, 1710.02 real, 1013 MB
[runlim] sample:		3486.66 time, 1720.02 real, 1013 MB
[runlim] sample:		3506.93 time, 1730.02 real, 1013 MB
[runlim] sample:		3527.20 time, 1740.02 real, 1019 MB
[runlim] sample:		3547.48 time, 1750.02 real, 1019 MB
[runlim] sample:		3567.74 time, 1760.02 real, 1019 MB
[runlim] sample:		3588.02 time, 1770.02 real, 1020 MB
[runlim] sample:		3608.30 time, 1780.02 real, 1020 MB
[runlim] sample:		3628.57 time, 1790.02 real, 1020 MB
[runlim] sample:		3648.84 time, 1800.02 real, 1026 MB
[runlim] sample:		3669.12 time, 1810.02 real, 1026 MB
[runlim] sample:		3689.38 time, 1820.02 real, 1031 MB
[runlim] sample:		3709.66 time, 1830.02 real, 1033 MB
[runlim] sample:		3729.93 time, 1840.02 real, 1035 MB
[runlim] sample:		3750.21 time, 1850.02 real, 1035 MB
[runlim] sample:		3770.47 time, 1860.02 real, 1030 MB
[runlim] sample:		3790.74 time, 1870.02 real, 1019 MB
[runlim] sample:		3811.01 time, 1880.02 real, 1019 MB
[runlim] sample:		3831.29 time, 1890.02 real, 1025 MB
[runlim] sample:		3851.56 time, 1900.02 real, 1025 MB
[runlim] sample:		3871.84 time, 1910.02 real, 1025 MB
[runlim] sample:		3892.11 time, 1920.02 real, 1024 MB
[runlim] sample:		3912.38 time, 1930.02 real, 1024 MB
[runlim] sample:		3932.66 time, 1940.02 real, 1024 MB
[runlim] sample:		3952.92 time, 1950.02 real, 1015 MB
[runlim] sample:		3973.19 time, 1960.02 real, 1015 MB
[runlim] sample:		3993.47 time, 1970.02 real, 1015 MB
[runlim] sample:		4013.75 time, 1980.02 real, 1016 MB
[runlim] sample:		4034.02 time, 1990.02 real, 1016 MB
[runlim] sample:		4054.29 time, 2000.02 real, 1016 MB
[runlim] sample:		4074.57 time, 2010.02 real, 1016 MB
[runlim] sample:		4094.84 time, 2020.02 real, 1018 MB
[runlim] sample:		4115.12 time, 2030.02 real, 1018 MB
[runlim] sample:		4135.39 time, 2040.02 real, 1018 MB
[runlim] sample:		4155.67 time, 2050.02 real, 1029 MB
[runlim] sample:		4175.95 time, 2060.02 real, 1030 MB
[runlim] sample:		4196.23 time, 2070.02 real, 1030 MB
[runlim] sample:		4216.50 time, 2080.02 real, 1030 MB
[runlim] sample:		4236.77 time, 2090.02 real, 1030 MB
[runlim] sample:		4257.05 time, 2100.02 real, 1035 MB
[runlim] sample:		4277.32 time, 2110.02 real, 1035 MB
[runlim] sample:		4297.59 time, 2120.02 real, 1043 MB
[runlim] sample:		4317.86 time, 2130.02 real, 1044 MB
[runlim] sample:		4338.14 time, 2140.01 real, 1044 MB
[runlim] sample:		4358.40 time, 2150.01 real, 1045 MB
[runlim] sample:		4378.67 time, 2160.01 real, 1045 MB
[runlim] sample:		4398.95 time, 2170.01 real, 1045 MB
[runlim] sample:		4419.22 time, 2180.01 real, 1045 MB
[runlim] sample:		4439.50 time, 2190.01 real, 1045 MB
[runlim] sample:		4459.76 time, 2200.01 real, 1052 MB
[runlim] sample:		4480.04 time, 2210.01 real, 1052 MB
[runlim] sample:		4500.31 time, 2220.02 real, 1039 MB
[runlim] sample:		4520.58 time, 2230.02 real, 1039 MB
[runlim] sample:		4540.84 time, 2240.01 real, 1040 MB
[runlim] sample:		4561.11 time, 2250.01 real, 1040 MB
[runlim] sample:		4581.39 time, 2260.01 real, 1040 MB
[runlim] sample:		4601.66 time, 2270.01 real, 1040 MB
[runlim] sample:		4621.93 time, 2280.01 real, 1040 MB
[runlim] sample:		4642.20 time, 2290.01 real, 1040 MB
[runlim] sample:		4662.48 time, 2300.02 real, 1042 MB
[runlim] sample:		4682.74 time, 2310.01 real, 1042 MB
[runlim] sample:		4703.01 time, 2320.01 real, 1042 MB
[runlim] sample:		4723.28 time, 2330.01 real, 1051 MB
[runlim] sample:		4743.56 time, 2340.01 real, 1051 MB
[runlim] sample:		4763.84 time, 2350.01 real, 1068 MB
[runlim] sample:		4784.10 time, 2360.01 real, 1068 MB
[runlim] sample:		4804.39 time, 2370.01 real, 1068 MB
[runlim] sample:		4824.66 time, 2380.01 real, 1054 MB
[runlim] sample:		4844.94 time, 2390.01 real, 1068 MB
[runlim] sample:		4865.21 time, 2400.01 real, 1096 MB
[runlim] sample:		4885.48 time, 2410.02 real, 1115 MB
[runlim] sample:		4905.76 time, 2420.01 real, 1115 MB
[runlim] sample:		4926.02 time, 2430.02 real, 1164 MB
[runlim] sample:		4946.29 time, 2440.01 real, 1103 MB
[runlim] sample:		4966.57 time, 2450.01 real, 1111 MB
[runlim] sample:		4986.84 time, 2460.01 real, 1111 MB
[runlim] sample:		5007.12 time, 2470.01 real, 1111 MB
[runlim] sample:		5027.39 time, 2480.01 real, 1111 MB
[runlim] sample:		5047.65 time, 2490.02 real, 1112 MB
[runlim] sample:		5067.93 time, 2500.02 real, 1112 MB
[runlim] sample:		5088.20 time, 2510.02 real, 1112 MB
[runlim] sample:		5108.47 time, 2520.01 real, 1112 MB
[runlim] sample:		5128.75 time, 2530.01 real, 1062 MB
[runlim] sample:		5149.02 time, 2540.01 real, 1094 MB
[runlim] sample:		5169.30 time, 2550.01 real, 1130 MB
[runlim] sample:		5189.56 time, 2560.01 real, 1156 MB
[runlim] sample:		5209.85 time, 2570.01 real, 1160 MB
[runlim] sample:		5230.12 time, 2580.01 real, 1160 MB
[runlim] sample:		5250.39 time, 2590.01 real, 1160 MB
[runlim] sample:		5270.65 time, 2600.01 real, 1167 MB
[runlim] sample:		5290.92 time, 2610.01 real, 1170 MB
[runlim] sample:		5311.20 time, 2620.01 real, 1170 MB
[runlim] sample:		5331.47 time, 2630.01 real, 1170 MB
[runlim] sample:		5351.74 time, 2640.02 real, 1141 MB
[runlim] sample:		5372.01 time, 2650.01 real, 1141 MB
[runlim] sample:		5392.28 time, 2660.01 real, 1141 MB
[runlim] sample:		5412.55 time, 2670.01 real, 1117 MB
[runlim] sample:		5432.74 time, 2680.01 real, 1175 MB
[runlim] sample:		5452.91 time, 2690.01 real, 1195 MB
[runlim] sample:		5473.06 time, 2700.01 real, 1206 MB
[runlim] sample:		5493.23 time, 2710.01 real, 1213 MB
[runlim] sample:		5513.45 time, 2720.01 real, 1213 MB
[runlim] sample:		5533.64 time, 2730.01 real, 1214 MB
[runlim] sample:		5553.89 time, 2740.01 real, 1214 MB
[runlim] sample:		5574.16 time, 2750.01 real, 1215 MB
[runlim] sample:		5594.43 time, 2760.02 real, 1215 MB
[runlim] sample:		5614.71 time, 2770.01 real, 1215 MB
[runlim] sample:		5634.97 time, 2780.01 real, 1215 MB
[runlim] sample:		5655.27 time, 2790.01 real, 1191 MB
[runlim] sample:		5675.54 time, 2800.01 real, 1245 MB
[runlim] sample:		5695.80 time, 2810.01 real, 1245 MB
[runlim] sample:		5716.08 time, 2820.01 real, 1245 MB
[runlim] sample:		5736.36 time, 2830.01 real, 1245 MB
[runlim] sample:		5756.63 time, 2840.02 real, 1252 MB
[runlim] sample:		5776.89 time, 2850.01 real, 1252 MB
[runlim] sample:		5797.18 time, 2860.01 real, 1252 MB
[runlim] sample:		5817.44 time, 2870.01 real, 1293 MB
[runlim] sample:		5837.71 time, 2880.01 real, 1276 MB
[runlim] sample:		5857.99 time, 2890.01 real, 1307 MB
[runlim] sample:		5878.27 time, 2900.01 real, 1308 MB
[runlim] sample:		5898.54 time, 2910.01 real, 1308 MB
[runlim] sample:		5918.81 time, 2920.01 real, 1301 MB
[runlim] sample:		5939.08 time, 2930.01 real, 1301 MB
[runlim] sample:		5959.36 time, 2940.01 real, 1301 MB
[runlim] sample:		5979.63 time, 2950.01 real, 1301 MB
[runlim] sample:		5999.89 time, 2960.01 real, 1306 MB
[runlim] sample:		6020.17 time, 2970.01 real, 1306 MB
[runlim] sample:		6040.43 time, 2980.01 real, 1296 MB
[runlim] sample:		6060.72 time, 2990.01 real, 1305 MB
[runlim] sample:		6080.99 time, 3000.01 real, 1311 MB
[runlim] sample:		6101.26 time, 3010.02 real, 1348 MB
[runlim] sample:		6121.52 time, 3020.02 real, 1321 MB
[runlim] sample:		6141.80 time, 3030.01 real, 1348 MB
[runlim] sample:		6162.06 time, 3040.01 real, 1321 MB
[runlim] sample:		6182.35 time, 3050.01 real, 1321 MB
[runlim] sample:		6202.61 time, 3060.01 real, 1321 MB
[runlim] sample:		6222.88 time, 3070.01 real, 1333 MB
[runlim] sample:		6243.17 time, 3080.01 real, 1378 MB
[runlim] sample:		6263.44 time, 3090.01 real, 1374 MB
[runlim] sample:		6283.71 time, 3100.01 real, 1392 MB
[runlim] sample:		6303.99 time, 3110.01 real, 1409 MB
[runlim] sample:		6324.27 time, 3120.01 real, 1425 MB
[runlim] sample:		6344.54 time, 3130.01 real, 1474 MB
[runlim] sample:		6364.74 time, 3140.01 real, 1476 MB
[runlim] sample:		6384.93 time, 3150.01 real, 1476 MB
[runlim] sample:		6405.09 time, 3160.01 real, 1476 MB
[runlim] sample:		6425.27 time, 3170.01 real, 1476 MB
[runlim] sample:		6445.48 time, 3180.01 real, 1510 MB
[runlim] sample:		6465.73 time, 3190.01 real, 1515 MB
[runlim] sample:		6485.99 time, 3200.02 real, 1451 MB
[runlim] sample:		6506.26 time, 3210.01 real, 1451 MB
[runlim] sample:		6526.53 time, 3220.01 real, 1417 MB
[runlim] sample:		6546.81 time, 3230.01 real, 1451 MB
[runlim] sample:		6567.07 time, 3240.01 real, 1490 MB
[runlim] sample:		6587.34 time, 3250.02 real, 1490 MB
[runlim] sample:		6607.61 time, 3260.02 real, 1511 MB
[runlim] sample:		6627.88 time, 3270.01 real, 1511 MB
[runlim] sample:		6648.15 time, 3280.02 real, 1511 MB
[runlim] sample:		6668.42 time, 3290.02 real, 1512 MB
[runlim] sample:		6688.69 time, 3300.01 real, 1546 MB
[runlim] sample:		6708.97 time, 3310.01 real, 1537 MB
[runlim] sample:		6729.24 time, 3320.02 real, 1544 MB
[runlim] sample:		6749.51 time, 3330.01 real, 1544 MB
[runlim] sample:		6769.79 time, 3340.02 real, 1544 MB
[runlim] sample:		6790.06 time, 3350.01 real, 1542 MB
[runlim] sample:		6810.34 time, 3360.01 real, 1542 MB
[runlim] sample:		6830.62 time, 3370.01 real, 1542 MB
[runlim] sample:		6850.90 time, 3380.02 real, 1520 MB
[runlim] sample:		6871.16 time, 3390.01 real, 1613 MB
[runlim] sample:		6891.44 time, 3400.01 real, 1613 MB
[runlim] sample:		6911.72 time, 3410.01 real, 1580 MB
[runlim] sample:		6932.00 time, 3420.01 real, 1580 MB
[runlim] sample:		6952.28 time, 3430.01 real, 1580 MB
[runlim] sample:		6972.53 time, 3440.01 real, 1581 MB
[runlim] sample:		6992.82 time, 3450.01 real, 1583 MB
[runlim] sample:		7013.08 time, 3460.01 real, 1610 MB
[runlim] sample:		7033.35 time, 3470.02 real, 1583 MB
[runlim] sample:		7053.63 time, 3480.02 real, 1599 MB
[runlim] sample:		7073.88 time, 3490.01 real, 1634 MB
[runlim] sample:		7094.13 time, 3500.01 real, 1659 MB
[runlim] sample:		7114.40 time, 3510.01 real, 1648 MB
[runlim] sample:		7134.66 time, 3520.01 real, 1648 MB
[runlim] sample:		7154.94 time, 3530.01 real, 1657 MB
[runlim] sample:		7175.22 time, 3540.02 real, 1629 MB
[runlim] sample:		7195.49 time, 3550.02 real, 1666 MB
[runlim] sample:		7215.76 time, 3560.02 real, 1721 MB
[runlim] sample:		7236.03 time, 3570.01 real, 1763 MB
[runlim] sample:		7256.31 time, 3580.01 real, 1727 MB
[runlim] sample:		7276.56 time, 3590.01 real, 1739 MB
[runlim] sample:		7296.84 time, 3600.01 real, 1755 MB
[runlim] end:			Wed Oct 16 19:42:03 2019
[runlim] status:		out of time
[runlim] result:		2
[runlim] children:		4
[runlim] real:			3600.10 seconds
[runlim] time:			7296.84 seconds
[runlim] space:			1795 MB
[runlim] samples:		36000
