[runlim] version:		1.17
[runlim] host:			c3n23
[runlim] time limit:		311040000 seconds
[runlim] real time limit:	3600 seconds
[runlim] space limit:		120000 MB
[runlim] argv[0]:		./run-cosa2.sh
[runlim] argv[1]:		/tmp/3h7P0FDE.btor
[runlim] start:			Wed Oct 16 16:22:14 2019
[runlim] child:			835
[runlim] sample:		20.16 time, 10.01 real, 97 MB
[runlim] sample:		40.44 time, 20.02 real, 150 MB
[runlim] sample:		60.72 time, 30.02 real, 185 MB
[runlim] sample:		80.98 time, 40.01 real, 204 MB
[runlim] sample:		101.25 time, 50.02 real, 286 MB
[runlim] sample:		121.52 time, 60.01 real, 297 MB
[runlim] sample:		141.80 time, 70.01 real, 317 MB
[runlim] sample:		162.06 time, 80.01 real, 334 MB
[runlim] sample:		182.33 time, 90.01 real, 353 MB
[runlim] sample:		202.62 time, 100.02 real, 375 MB
[runlim] sample:		222.89 time, 110.01 real, 392 MB
[runlim] sample:		243.16 time, 120.01 real, 423 MB
[runlim] sample:		263.43 time, 130.01 real, 441 MB
[runlim] sample:		283.70 time, 140.01 real, 443 MB
[runlim] sample:		303.98 time, 150.01 real, 472 MB
[runlim] sample:		324.26 time, 160.02 real, 481 MB
[runlim] sample:		344.52 time, 170.01 real, 470 MB
[runlim] sample:		364.80 time, 180.01 real, 485 MB
[runlim] sample:		385.07 time, 190.01 real, 563 MB
[runlim] sample:		405.35 time, 200.01 real, 624 MB
[runlim] sample:		425.62 time, 210.01 real, 623 MB
[runlim] sample:		445.90 time, 220.01 real, 633 MB
[runlim] sample:		466.16 time, 230.01 real, 617 MB
[runlim] sample:		486.43 time, 240.01 real, 619 MB
[runlim] sample:		506.72 time, 250.01 real, 623 MB
[runlim] sample:		526.99 time, 260.01 real, 623 MB
[runlim] sample:		547.27 time, 270.01 real, 653 MB
[runlim] sample:		567.54 time, 280.02 real, 690 MB
[runlim] sample:		587.81 time, 290.01 real, 708 MB
[runlim] sample:		608.08 time, 300.01 real, 720 MB
[runlim] sample:		628.37 time, 310.02 real, 759 MB
[runlim] sample:		648.65 time, 320.01 real, 797 MB
[runlim] sample:		668.91 time, 330.02 real, 822 MB
[runlim] sample:		689.19 time, 340.01 real, 839 MB
[runlim] sample:		709.48 time, 350.02 real, 861 MB
[runlim] sample:		729.74 time, 360.01 real, 854 MB
[runlim] sample:		750.01 time, 370.01 real, 885 MB
[runlim] sample:		770.28 time, 380.01 real, 937 MB
[runlim] sample:		790.55 time, 390.01 real, 941 MB
[runlim] sample:		810.84 time, 400.01 real, 977 MB
[runlim] sample:		831.12 time, 410.01 real, 995 MB
[runlim] sample:		851.39 time, 420.01 real, 1023 MB
[runlim] sample:		871.66 time, 430.01 real, 1042 MB
[runlim] sample:		891.94 time, 440.01 real, 1069 MB
[runlim] sample:		912.21 time, 450.01 real, 1058 MB
[runlim] sample:		932.49 time, 460.01 real, 1093 MB
[runlim] sample:		952.76 time, 470.01 real, 1179 MB
[runlim] sample:		973.03 time, 480.01 real, 1208 MB
[runlim] sample:		993.29 time, 490.01 real, 1249 MB
[runlim] sample:		1013.57 time, 500.01 real, 1321 MB
[runlim] sample:		1033.85 time, 510.01 real, 1376 MB
[runlim] sample:		1054.13 time, 520.02 real, 1433 MB
[runlim] sample:		1074.40 time, 530.01 real, 1519 MB
[runlim] sample:		1094.67 time, 540.01 real, 1562 MB
[runlim] sample:		1114.96 time, 550.01 real, 1611 MB
[runlim] sample:		1135.21 time, 560.01 real, 1658 MB
[runlim] sample:		1155.49 time, 570.01 real, 1704 MB
[runlim] sample:		1175.79 time, 580.01 real, 1749 MB
[runlim] sample:		1196.05 time, 590.01 real, 1814 MB
[runlim] sample:		1216.33 time, 600.02 real, 1830 MB
[runlim] sample:		1236.60 time, 610.01 real, 1852 MB
[runlim] sample:		1256.86 time, 620.01 real, 1875 MB
[runlim] sample:		1277.14 time, 630.01 real, 1882 MB
[runlim] sample:		1297.42 time, 640.01 real, 1889 MB
[runlim] sample:		1317.68 time, 650.01 real, 1916 MB
[runlim] sample:		1337.97 time, 660.01 real, 1883 MB
[runlim] sample:		1358.23 time, 670.01 real, 1916 MB
[runlim] sample:		1378.52 time, 680.01 real, 1933 MB
[runlim] sample:		1398.78 time, 690.01 real, 1933 MB
[runlim] sample:		1419.04 time, 700.01 real, 1947 MB
[runlim] sample:		1439.34 time, 710.01 real, 1950 MB
[runlim] sample:		1459.61 time, 720.01 real, 1951 MB
[runlim] sample:		1479.88 time, 730.01 real, 1970 MB
[runlim] sample:		1500.17 time, 740.01 real, 1952 MB
[runlim] sample:		1520.42 time, 750.01 real, 1972 MB
[runlim] sample:		1540.70 time, 760.01 real, 1953 MB
[runlim] sample:		1560.97 time, 770.01 real, 1956 MB
[runlim] sample:		1581.25 time, 780.01 real, 1916 MB
[runlim] sample:		1601.52 time, 790.01 real, 1955 MB
[runlim] sample:		1621.80 time, 800.01 real, 1962 MB
[runlim] sample:		1642.07 time, 810.01 real, 1968 MB
[runlim] sample:		1662.33 time, 820.01 real, 1974 MB
[runlim] sample:		1682.64 time, 830.02 real, 2071 MB
[runlim] sample:		1702.89 time, 840.02 real, 2318 MB
[runlim] sample:		1723.17 time, 850.02 real, 2403 MB
[runlim] sample:		1743.46 time, 860.02 real, 2413 MB
[runlim] sample:		1763.73 time, 870.02 real, 2414 MB
[runlim] sample:		1784.00 time, 880.02 real, 2414 MB
[runlim] sample:		1804.27 time, 890.02 real, 2414 MB
[runlim] sample:		1824.55 time, 900.02 real, 2414 MB
[runlim] sample:		1844.82 time, 910.02 real, 2414 MB
[runlim] sample:		1865.10 time, 920.02 real, 2414 MB
[runlim] sample:		1885.37 time, 930.02 real, 2414 MB
[runlim] sample:		1905.65 time, 940.02 real, 2415 MB
[runlim] sample:		1925.92 time, 950.02 real, 2415 MB
[runlim] sample:		1946.19 time, 960.02 real, 2416 MB
[runlim] sample:		1966.46 time, 970.02 real, 2416 MB
[runlim] sample:		1986.73 time, 980.02 real, 2416 MB
[runlim] sample:		2007.01 time, 990.02 real, 2432 MB
[runlim] sample:		2027.29 time, 1000.02 real, 2451 MB
[runlim] sample:		2047.56 time, 1010.02 real, 2451 MB
[runlim] sample:		2067.84 time, 1020.02 real, 2451 MB
[runlim] sample:		2088.12 time, 1030.02 real, 2451 MB
[runlim] sample:		2108.39 time, 1040.02 real, 2451 MB
[runlim] sample:		2128.65 time, 1050.02 real, 2451 MB
[runlim] sample:		2148.93 time, 1060.02 real, 2452 MB
[runlim] sample:		2169.21 time, 1070.02 real, 2452 MB
[runlim] sample:		2189.49 time, 1080.02 real, 2453 MB
[runlim] sample:		2209.75 time, 1090.02 real, 2455 MB
[runlim] sample:		2230.03 time, 1100.02 real, 2457 MB
[runlim] sample:		2250.30 time, 1110.02 real, 2459 MB
[runlim] sample:		2270.58 time, 1120.02 real, 2464 MB
[runlim] sample:		2290.86 time, 1130.02 real, 2467 MB
[runlim] sample:		2311.12 time, 1140.02 real, 2471 MB
[runlim] sample:		2331.40 time, 1150.02 real, 2478 MB
[runlim] sample:		2351.67 time, 1160.02 real, 2483 MB
[runlim] sample:		2371.95 time, 1170.02 real, 2487 MB
[runlim] sample:		2392.22 time, 1180.02 real, 2492 MB
[runlim] sample:		2412.49 time, 1190.02 real, 2497 MB
[runlim] sample:		2432.77 time, 1200.02 real, 2506 MB
[runlim] sample:		2453.04 time, 1210.02 real, 2512 MB
[runlim] sample:		2473.32 time, 1220.02 real, 2541 MB
[runlim] sample:		2493.59 time, 1230.02 real, 2547 MB
[runlim] sample:		2513.87 time, 1240.02 real, 2551 MB
[runlim] sample:		2534.14 time, 1250.02 real, 2558 MB
[runlim] sample:		2554.42 time, 1260.02 real, 2565 MB
[runlim] sample:		2574.70 time, 1270.02 real, 2578 MB
[runlim] sample:		2594.96 time, 1280.02 real, 2588 MB
[runlim] sample:		2615.24 time, 1290.02 real, 2589 MB
[runlim] sample:		2635.52 time, 1300.02 real, 2592 MB
[runlim] sample:		2655.79 time, 1310.02 real, 2595 MB
[runlim] sample:		2676.06 time, 1320.02 real, 2597 MB
[runlim] sample:		2696.34 time, 1330.02 real, 2599 MB
[runlim] sample:		2716.61 time, 1340.02 real, 2601 MB
[runlim] sample:		2736.88 time, 1350.02 real, 2610 MB
[runlim] sample:		2757.16 time, 1360.02 real, 2611 MB
[runlim] sample:		2777.42 time, 1370.02 real, 2615 MB
[runlim] sample:		2797.71 time, 1380.02 real, 2619 MB
[runlim] sample:		2817.98 time, 1390.02 real, 2624 MB
[runlim] sample:		2838.25 time, 1400.02 real, 2625 MB
[runlim] sample:		2858.52 time, 1410.02 real, 2630 MB
[runlim] sample:		2878.80 time, 1420.02 real, 2632 MB
[runlim] sample:		2899.07 time, 1430.02 real, 2635 MB
[runlim] sample:		2919.34 time, 1440.02 real, 2640 MB
[runlim] sample:		2939.62 time, 1450.02 real, 2642 MB
[runlim] sample:		2959.91 time, 1460.02 real, 2664 MB
[runlim] sample:		2980.17 time, 1470.02 real, 2667 MB
[runlim] sample:		3000.45 time, 1480.02 real, 2670 MB
[runlim] sample:		3020.72 time, 1490.02 real, 2675 MB
[runlim] sample:		3040.99 time, 1500.02 real, 2682 MB
[runlim] sample:		3061.27 time, 1510.02 real, 2685 MB
[runlim] sample:		3081.54 time, 1520.02 real, 2690 MB
[runlim] sample:		3101.82 time, 1530.02 real, 2640 MB
[runlim] sample:		3122.10 time, 1540.02 real, 2646 MB
[runlim] sample:		3142.38 time, 1550.02 real, 2653 MB
[runlim] sample:		3162.64 time, 1560.02 real, 2680 MB
[runlim] sample:		3182.91 time, 1570.02 real, 2690 MB
[runlim] sample:		3203.19 time, 1580.02 real, 2709 MB
[runlim] sample:		3223.47 time, 1590.02 real, 2733 MB
[runlim] sample:		3243.74 time, 1600.02 real, 2760 MB
[runlim] sample:		3264.01 time, 1610.02 real, 2784 MB
[runlim] sample:		3284.29 time, 1620.02 real, 2804 MB
[runlim] sample:		3304.54 time, 1630.02 real, 2822 MB
[runlim] sample:		3324.80 time, 1640.02 real, 2841 MB
[runlim] sample:		3345.08 time, 1650.02 real, 2858 MB
[runlim] sample:		3365.33 time, 1660.02 real, 2886 MB
[runlim] sample:		3385.60 time, 1670.02 real, 2907 MB
[runlim] sample:		3405.85 time, 1680.02 real, 2933 MB
[runlim] sample:		3426.13 time, 1690.02 real, 2958 MB
[runlim] sample:		3446.39 time, 1700.02 real, 2985 MB
[runlim] sample:		3466.65 time, 1710.02 real, 2998 MB
[runlim] sample:		3486.91 time, 1720.02 real, 2970 MB
[runlim] sample:		3507.18 time, 1730.02 real, 2991 MB
[runlim] sample:		3527.44 time, 1740.02 real, 3025 MB
[runlim] sample:		3547.69 time, 1750.02 real, 3055 MB
[runlim] sample:		3567.96 time, 1760.02 real, 3079 MB
[runlim] sample:		3588.23 time, 1770.02 real, 3101 MB
[runlim] sample:		3608.50 time, 1780.02 real, 3136 MB
[runlim] sample:		3628.77 time, 1790.02 real, 3182 MB
[runlim] sample:		3649.05 time, 1800.02 real, 3213 MB
[runlim] sample:		3669.33 time, 1810.02 real, 3264 MB
[runlim] sample:		3689.60 time, 1820.02 real, 3293 MB
[runlim] sample:		3709.88 time, 1830.02 real, 3320 MB
[runlim] sample:		3730.15 time, 1840.02 real, 3349 MB
[runlim] sample:		3750.43 time, 1850.02 real, 3380 MB
[runlim] sample:		3770.70 time, 1860.02 real, 3421 MB
[runlim] sample:		3790.98 time, 1870.02 real, 3453 MB
[runlim] sample:		3811.24 time, 1880.02 real, 3469 MB
[runlim] sample:		3831.52 time, 1890.02 real, 3488 MB
[runlim] end:			Wed Oct 16 16:53:51 2019
[runlim] status:		ok
[runlim] result:		0
[runlim] children:		4
[runlim] real:			1897.73 seconds
[runlim] time:			3847.14 seconds
[runlim] space:			3512 MB
[runlim] samples:		18977
