[runlim] version:		1.17
[runlim] host:			c3n14
[runlim] time limit:		311040000 seconds
[runlim] real time limit:	3600 seconds
[runlim] space limit:		120000 MB
[runlim] argv[0]:		./run-cosa2.sh
[runlim] argv[1]:		/tmp/uFIjrYbA.btor
[runlim] start:			Wed Oct 16 16:15:15 2019
[runlim] child:			29098
[runlim] sample:		20.18 time, 10.02 real, 384 MB
[runlim] sample:		40.44 time, 20.02 real, 465 MB
[runlim] sample:		60.72 time, 30.02 real, 579 MB
[runlim] sample:		81.00 time, 40.02 real, 641 MB
[runlim] sample:		101.28 time, 50.02 real, 710 MB
[runlim] sample:		121.55 time, 60.02 real, 741 MB
[runlim] sample:		141.81 time, 70.02 real, 781 MB
[runlim] sample:		162.11 time, 80.02 real, 870 MB
[runlim] sample:		182.39 time, 90.02 real, 888 MB
[runlim] sample:		202.66 time, 100.02 real, 998 MB
[runlim] sample:		222.95 time, 110.02 real, 1080 MB
[runlim] sample:		243.22 time, 120.02 real, 1234 MB
[runlim] sample:		263.50 time, 130.02 real, 1299 MB
[runlim] sample:		283.78 time, 140.02 real, 1239 MB
[runlim] sample:		304.05 time, 150.02 real, 1310 MB
[runlim] sample:		324.32 time, 160.02 real, 1350 MB
[runlim] sample:		344.61 time, 170.02 real, 1247 MB
[runlim] sample:		364.88 time, 180.02 real, 1258 MB
[runlim] sample:		385.15 time, 190.02 real, 1264 MB
[runlim] sample:		405.43 time, 200.02 real, 1334 MB
[runlim] sample:		425.70 time, 210.02 real, 1327 MB
[runlim] sample:		445.99 time, 220.02 real, 1402 MB
[runlim] sample:		466.27 time, 230.02 real, 1403 MB
[runlim] sample:		486.54 time, 240.02 real, 1423 MB
[runlim] sample:		506.80 time, 250.02 real, 1387 MB
[runlim] sample:		527.09 time, 260.02 real, 1537 MB
[runlim] sample:		547.36 time, 270.02 real, 1560 MB
[runlim] sample:		567.66 time, 280.02 real, 1623 MB
[runlim] sample:		587.93 time, 290.02 real, 1624 MB
[runlim] sample:		608.20 time, 300.02 real, 1631 MB
[runlim] sample:		628.49 time, 310.02 real, 1652 MB
[runlim] sample:		648.77 time, 320.02 real, 1674 MB
[runlim] sample:		669.04 time, 330.02 real, 1646 MB
[runlim] sample:		689.31 time, 340.02 real, 1729 MB
[runlim] sample:		709.58 time, 350.02 real, 1750 MB
[runlim] sample:		729.83 time, 360.02 real, 1929 MB
[runlim] sample:		750.12 time, 370.02 real, 1771 MB
[runlim] sample:		770.39 time, 380.02 real, 1775 MB
[runlim] sample:		790.68 time, 390.02 real, 1871 MB
[runlim] sample:		810.95 time, 400.02 real, 1947 MB
[runlim] sample:		831.24 time, 410.02 real, 2161 MB
[runlim] sample:		851.51 time, 420.02 real, 2041 MB
[runlim] sample:		871.78 time, 430.02 real, 2075 MB
[runlim] sample:		892.09 time, 440.02 real, 2089 MB
[runlim] sample:		912.37 time, 450.02 real, 2102 MB
[runlim] sample:		932.64 time, 460.02 real, 2104 MB
[runlim] sample:		952.91 time, 470.02 real, 2110 MB
[runlim] sample:		973.20 time, 480.02 real, 2141 MB
[runlim] sample:		993.47 time, 490.02 real, 2151 MB
[runlim] sample:		1013.75 time, 500.02 real, 2200 MB
[runlim] sample:		1034.04 time, 510.02 real, 2322 MB
[runlim] sample:		1054.32 time, 520.02 real, 2357 MB
[runlim] sample:		1074.60 time, 530.02 real, 2328 MB
[runlim] sample:		1094.88 time, 540.02 real, 2403 MB
[runlim] sample:		1115.16 time, 550.02 real, 2406 MB
[runlim] sample:		1135.45 time, 560.02 real, 2651 MB
[runlim] sample:		1155.72 time, 570.02 real, 2440 MB
[runlim] sample:		1176.01 time, 580.02 real, 2442 MB
[runlim] sample:		1196.30 time, 590.02 real, 2444 MB
[runlim] sample:		1216.56 time, 600.02 real, 2446 MB
[runlim] sample:		1236.85 time, 610.02 real, 2479 MB
[runlim] sample:		1257.12 time, 620.02 real, 2486 MB
[runlim] sample:		1277.41 time, 630.02 real, 2699 MB
[runlim] sample:		1297.68 time, 640.02 real, 2625 MB
[runlim] sample:		1317.95 time, 650.02 real, 2729 MB
[runlim] sample:		1338.23 time, 660.02 real, 2839 MB
[runlim] sample:		1358.52 time, 670.02 real, 3145 MB
[runlim] sample:		1378.79 time, 680.02 real, 2878 MB
[runlim] sample:		1399.08 time, 690.02 real, 2880 MB
[runlim] sample:		1419.36 time, 700.02 real, 2958 MB
[runlim] sample:		1439.63 time, 710.02 real, 2961 MB
[runlim] sample:		1459.92 time, 720.02 real, 3251 MB
[runlim] sample:		1480.20 time, 730.02 real, 2979 MB
[runlim] sample:		1500.47 time, 740.02 real, 3034 MB
[runlim] sample:		1520.75 time, 750.02 real, 3016 MB
[runlim] sample:		1541.02 time, 760.02 real, 3032 MB
[runlim] end:			Wed Oct 16 16:27:55 2019
[runlim] status:		ok
[runlim] result:		0
[runlim] children:		4
[runlim] real:			760.46 seconds
[runlim] time:			1541.83 seconds
[runlim] space:			3321 MB
[runlim] samples:		7604
