[runlim] version:		1.17
[runlim] host:			c3n03
[runlim] time limit:		311040000 seconds
[runlim] real time limit:	3600 seconds
[runlim] space limit:		120000 MB
[runlim] argv[0]:		./run-cosa2.sh
[runlim] argv[1]:		/tmp/LXayE8nh.btor
[runlim] start:			Wed Oct 16 16:05:24 2019
[runlim] child:			10637
[runlim] sample:		20.17 time, 10.02 real, 85 MB
[runlim] sample:		40.45 time, 20.02 real, 103 MB
[runlim] sample:		60.73 time, 30.02 real, 125 MB
[runlim] sample:		81.00 time, 40.02 real, 131 MB
[runlim] sample:		101.28 time, 50.02 real, 145 MB
[runlim] sample:		121.56 time, 60.01 real, 152 MB
[runlim] sample:		141.84 time, 70.01 real, 156 MB
[runlim] sample:		162.11 time, 80.02 real, 151 MB
[runlim] sample:		182.39 time, 90.02 real, 160 MB
[runlim] sample:		202.68 time, 100.02 real, 168 MB
[runlim] sample:		222.95 time, 110.02 real, 170 MB
[runlim] sample:		243.22 time, 120.01 real, 236 MB
[runlim] sample:		263.49 time, 130.02 real, 237 MB
[runlim] sample:		283.78 time, 140.02 real, 236 MB
[runlim] sample:		304.06 time, 150.01 real, 255 MB
[runlim] sample:		324.33 time, 160.02 real, 266 MB
[runlim] sample:		344.60 time, 170.02 real, 273 MB
[runlim] sample:		364.88 time, 180.01 real, 287 MB
[runlim] sample:		385.17 time, 190.02 real, 377 MB
[runlim] sample:		405.44 time, 200.02 real, 392 MB
[runlim] sample:		425.72 time, 210.02 real, 392 MB
[runlim] sample:		445.99 time, 220.02 real, 382 MB
[runlim] sample:		466.28 time, 230.02 real, 401 MB
[runlim] sample:		486.54 time, 240.02 real, 396 MB
[runlim] sample:		506.81 time, 250.02 real, 402 MB
[runlim] sample:		527.09 time, 260.02 real, 416 MB
[runlim] sample:		547.37 time, 270.02 real, 398 MB
[runlim] sample:		567.65 time, 280.02 real, 419 MB
[runlim] sample:		587.91 time, 290.02 real, 408 MB
[runlim] sample:		608.18 time, 300.02 real, 420 MB
[runlim] sample:		628.46 time, 310.02 real, 425 MB
[runlim] sample:		648.74 time, 320.02 real, 429 MB
[runlim] sample:		669.01 time, 330.02 real, 436 MB
[runlim] sample:		689.29 time, 340.02 real, 444 MB
[runlim] sample:		709.56 time, 350.02 real, 449 MB
[runlim] sample:		729.84 time, 360.02 real, 452 MB
[runlim] sample:		750.12 time, 370.02 real, 455 MB
[runlim] sample:		770.39 time, 380.02 real, 457 MB
[runlim] sample:		790.65 time, 390.02 real, 460 MB
[runlim] sample:		810.92 time, 400.01 real, 463 MB
[runlim] sample:		831.21 time, 410.02 real, 467 MB
[runlim] sample:		851.50 time, 420.02 real, 483 MB
[runlim] sample:		871.76 time, 430.02 real, 475 MB
[runlim] sample:		892.04 time, 440.02 real, 479 MB
[runlim] sample:		912.29 time, 450.02 real, 480 MB
[runlim] sample:		932.57 time, 460.02 real, 494 MB
[runlim] sample:		952.85 time, 470.02 real, 481 MB
[runlim] sample:		973.13 time, 480.02 real, 481 MB
[runlim] sample:		993.39 time, 490.02 real, 482 MB
[runlim] sample:		1013.67 time, 500.02 real, 495 MB
[runlim] sample:		1033.93 time, 510.02 real, 495 MB
[runlim] sample:		1054.20 time, 520.02 real, 496 MB
[runlim] sample:		1074.46 time, 530.02 real, 510 MB
[runlim] sample:		1094.75 time, 540.02 real, 491 MB
[runlim] sample:		1115.02 time, 550.02 real, 477 MB
[runlim] sample:		1135.30 time, 560.02 real, 472 MB
[runlim] sample:		1155.57 time, 570.02 real, 484 MB
[runlim] sample:		1175.84 time, 580.02 real, 511 MB
[runlim] sample:		1196.13 time, 590.01 real, 479 MB
[runlim] sample:		1216.40 time, 600.02 real, 492 MB
[runlim] sample:		1236.69 time, 610.02 real, 506 MB
[runlim] sample:		1256.96 time, 620.02 real, 477 MB
[runlim] sample:		1277.23 time, 630.02 real, 503 MB
[runlim] sample:		1297.51 time, 640.02 real, 503 MB
[runlim] sample:		1317.78 time, 650.02 real, 503 MB
[runlim] sample:		1338.05 time, 660.02 real, 510 MB
[runlim] sample:		1358.33 time, 670.02 real, 511 MB
[runlim] sample:		1378.60 time, 680.02 real, 511 MB
[runlim] sample:		1398.88 time, 690.02 real, 511 MB
[runlim] sample:		1419.15 time, 700.02 real, 511 MB
[runlim] sample:		1439.43 time, 710.02 real, 489 MB
[runlim] sample:		1459.71 time, 720.02 real, 617 MB
[runlim] sample:		1479.99 time, 730.02 real, 647 MB
[runlim] sample:		1500.26 time, 740.02 real, 647 MB
[runlim] sample:		1520.54 time, 750.02 real, 647 MB
[runlim] sample:		1540.82 time, 760.02 real, 625 MB
[runlim] sample:		1561.10 time, 770.02 real, 620 MB
[runlim] sample:		1581.37 time, 780.02 real, 649 MB
[runlim] sample:		1601.65 time, 790.02 real, 649 MB
[runlim] sample:		1621.93 time, 800.02 real, 651 MB
[runlim] sample:		1642.20 time, 810.02 real, 651 MB
[runlim] sample:		1662.48 time, 820.02 real, 657 MB
[runlim] sample:		1682.77 time, 830.02 real, 657 MB
[runlim] sample:		1703.04 time, 840.02 real, 657 MB
[runlim] sample:		1723.31 time, 850.01 real, 639 MB
[runlim] sample:		1743.58 time, 860.02 real, 639 MB
[runlim] sample:		1763.85 time, 870.02 real, 658 MB
[runlim] sample:		1784.12 time, 880.02 real, 622 MB
[runlim] sample:		1804.39 time, 890.02 real, 639 MB
[runlim] sample:		1824.66 time, 900.02 real, 653 MB
[runlim] sample:		1844.94 time, 910.02 real, 632 MB
[runlim] sample:		1865.22 time, 920.02 real, 634 MB
[runlim] sample:		1885.49 time, 930.02 real, 633 MB
[runlim] sample:		1905.76 time, 940.02 real, 649 MB
[runlim] sample:		1926.03 time, 950.02 real, 649 MB
[runlim] sample:		1946.31 time, 960.02 real, 655 MB
[runlim] sample:		1966.58 time, 970.02 real, 655 MB
[runlim] sample:		1986.86 time, 980.02 real, 655 MB
[runlim] sample:		2007.13 time, 990.02 real, 655 MB
[runlim] sample:		2027.40 time, 1000.02 real, 655 MB
[runlim] sample:		2047.67 time, 1010.02 real, 673 MB
[runlim] sample:		2067.94 time, 1020.02 real, 673 MB
[runlim] sample:		2088.23 time, 1030.02 real, 673 MB
[runlim] sample:		2108.50 time, 1040.02 real, 673 MB
[runlim] sample:		2128.78 time, 1050.02 real, 674 MB
[runlim] sample:		2149.05 time, 1060.02 real, 675 MB
[runlim] sample:		2169.33 time, 1070.02 real, 681 MB
[runlim] sample:		2189.60 time, 1080.02 real, 645 MB
[runlim] sample:		2209.88 time, 1090.02 real, 667 MB
[runlim] sample:		2230.15 time, 1100.02 real, 674 MB
[runlim] sample:		2250.44 time, 1110.02 real, 678 MB
[runlim] sample:		2270.71 time, 1120.02 real, 681 MB
[runlim] sample:		2290.98 time, 1130.02 real, 704 MB
[runlim] sample:		2311.26 time, 1140.02 real, 705 MB
[runlim] sample:		2331.55 time, 1150.02 real, 686 MB
[runlim] sample:		2351.82 time, 1160.02 real, 688 MB
[runlim] sample:		2372.10 time, 1170.02 real, 694 MB
[runlim] sample:		2392.38 time, 1180.02 real, 697 MB
[runlim] sample:		2412.65 time, 1190.02 real, 700 MB
[runlim] sample:		2432.93 time, 1200.02 real, 703 MB
[runlim] sample:		2453.21 time, 1210.02 real, 705 MB
[runlim] sample:		2473.47 time, 1220.02 real, 724 MB
[runlim] sample:		2493.75 time, 1230.02 real, 748 MB
[runlim] sample:		2514.02 time, 1240.02 real, 752 MB
[runlim] sample:		2534.31 time, 1250.02 real, 755 MB
[runlim] sample:		2554.57 time, 1260.02 real, 758 MB
[runlim] sample:		2574.85 time, 1270.02 real, 700 MB
[runlim] sample:		2595.12 time, 1280.02 real, 723 MB
[runlim] sample:		2615.40 time, 1290.02 real, 726 MB
[runlim] sample:		2635.68 time, 1300.02 real, 730 MB
[runlim] sample:		2655.95 time, 1310.02 real, 735 MB
[runlim] sample:		2676.22 time, 1320.02 real, 752 MB
[runlim] sample:		2696.50 time, 1330.02 real, 753 MB
[runlim] sample:		2716.77 time, 1340.02 real, 755 MB
[runlim] sample:		2737.04 time, 1350.02 real, 758 MB
[runlim] sample:		2757.33 time, 1360.02 real, 736 MB
[runlim] sample:		2777.60 time, 1370.02 real, 741 MB
[runlim] sample:		2797.87 time, 1380.02 real, 742 MB
[runlim] sample:		2818.14 time, 1390.02 real, 765 MB
[runlim] sample:		2838.42 time, 1400.02 real, 791 MB
[runlim] sample:		2858.70 time, 1410.02 real, 794 MB
[runlim] sample:		2878.96 time, 1420.02 real, 775 MB
[runlim] sample:		2899.24 time, 1430.02 real, 786 MB
[runlim] sample:		2919.51 time, 1440.02 real, 789 MB
[runlim] sample:		2939.79 time, 1450.02 real, 806 MB
[runlim] sample:		2960.06 time, 1460.02 real, 811 MB
[runlim] sample:		2980.33 time, 1470.02 real, 813 MB
[runlim] sample:		3000.61 time, 1480.02 real, 815 MB
[runlim] sample:		3020.89 time, 1490.02 real, 784 MB
[runlim] sample:		3041.15 time, 1500.02 real, 794 MB
[runlim] sample:		3061.42 time, 1510.02 real, 823 MB
[runlim] sample:		3081.69 time, 1520.02 real, 828 MB
[runlim] sample:		3101.96 time, 1530.02 real, 828 MB
[runlim] sample:		3122.24 time, 1540.02 real, 828 MB
[runlim] sample:		3142.49 time, 1550.02 real, 829 MB
[runlim] sample:		3162.76 time, 1560.02 real, 829 MB
[runlim] sample:		3183.04 time, 1570.02 real, 869 MB
[runlim] sample:		3203.32 time, 1580.02 real, 874 MB
[runlim] sample:		3223.58 time, 1590.02 real, 928 MB
[runlim] sample:		3243.85 time, 1600.02 real, 928 MB
[runlim] sample:		3264.13 time, 1610.02 real, 928 MB
[runlim] sample:		3284.41 time, 1620.02 real, 928 MB
[runlim] sample:		3304.67 time, 1630.02 real, 928 MB
[runlim] sample:		3324.95 time, 1640.02 real, 928 MB
[runlim] sample:		3345.24 time, 1650.02 real, 928 MB
[runlim] sample:		3365.52 time, 1660.02 real, 928 MB
[runlim] sample:		3385.78 time, 1670.02 real, 928 MB
[runlim] sample:		3406.05 time, 1680.02 real, 928 MB
[runlim] sample:		3426.34 time, 1690.02 real, 928 MB
[runlim] sample:		3446.61 time, 1700.02 real, 931 MB
[runlim] sample:		3466.89 time, 1710.02 real, 931 MB
[runlim] sample:		3487.16 time, 1720.02 real, 931 MB
[runlim] sample:		3507.43 time, 1730.02 real, 931 MB
[runlim] sample:		3527.70 time, 1740.02 real, 940 MB
[runlim] sample:		3547.97 time, 1750.02 real, 940 MB
[runlim] sample:		3568.25 time, 1760.02 real, 940 MB
[runlim] sample:		3588.53 time, 1770.02 real, 940 MB
[runlim] sample:		3608.80 time, 1780.02 real, 940 MB
[runlim] sample:		3629.08 time, 1790.02 real, 940 MB
[runlim] sample:		3649.34 time, 1800.02 real, 940 MB
[runlim] sample:		3669.63 time, 1810.01 real, 917 MB
[runlim] sample:		3689.90 time, 1820.02 real, 917 MB
[runlim] sample:		3710.18 time, 1830.02 real, 917 MB
[runlim] sample:		3730.45 time, 1840.02 real, 892 MB
[runlim] sample:		3750.73 time, 1850.02 real, 906 MB
[runlim] sample:		3771.00 time, 1860.02 real, 911 MB
[runlim] sample:		3791.27 time, 1870.02 real, 912 MB
[runlim] sample:		3811.53 time, 1880.02 real, 916 MB
[runlim] sample:		3831.81 time, 1890.02 real, 938 MB
[runlim] sample:		3852.08 time, 1900.02 real, 941 MB
[runlim] sample:		3872.34 time, 1910.02 real, 941 MB
[runlim] sample:		3892.61 time, 1920.02 real, 941 MB
[runlim] sample:		3912.88 time, 1930.02 real, 941 MB
[runlim] sample:		3933.16 time, 1940.02 real, 906 MB
[runlim] sample:		3953.43 time, 1950.02 real, 923 MB
[runlim] sample:		3973.69 time, 1960.02 real, 947 MB
[runlim] sample:		3993.95 time, 1970.02 real, 947 MB
[runlim] sample:		4014.22 time, 1980.02 real, 947 MB
[runlim] sample:		4034.50 time, 1990.02 real, 947 MB
[runlim] sample:		4054.77 time, 2000.02 real, 947 MB
[runlim] sample:		4075.03 time, 2010.02 real, 947 MB
[runlim] sample:		4095.29 time, 2020.02 real, 961 MB
[runlim] sample:		4115.57 time, 2030.02 real, 961 MB
[runlim] sample:		4135.85 time, 2040.02 real, 961 MB
[runlim] sample:		4156.10 time, 2050.02 real, 961 MB
[runlim] sample:		4176.37 time, 2060.02 real, 961 MB
[runlim] sample:		4196.65 time, 2070.02 real, 925 MB
[runlim] sample:		4216.92 time, 2080.02 real, 947 MB
[runlim] sample:		4237.19 time, 2090.02 real, 947 MB
[runlim] sample:		4257.47 time, 2100.02 real, 973 MB
[runlim] sample:		4277.74 time, 2110.02 real, 909 MB
[runlim] sample:		4298.02 time, 2120.02 real, 909 MB
[runlim] sample:		4318.29 time, 2130.02 real, 942 MB
[runlim] sample:		4338.57 time, 2140.02 real, 942 MB
[runlim] sample:		4358.84 time, 2150.02 real, 942 MB
[runlim] sample:		4379.12 time, 2160.02 real, 942 MB
[runlim] sample:		4399.40 time, 2170.02 real, 942 MB
[runlim] sample:		4419.68 time, 2180.02 real, 946 MB
[runlim] sample:		4439.96 time, 2190.02 real, 946 MB
[runlim] sample:		4460.24 time, 2200.02 real, 949 MB
[runlim] sample:		4480.50 time, 2210.02 real, 949 MB
[runlim] sample:		4500.77 time, 2220.02 real, 962 MB
[runlim] sample:		4521.06 time, 2230.02 real, 962 MB
[runlim] sample:		4541.34 time, 2240.02 real, 962 MB
[runlim] sample:		4561.61 time, 2250.02 real, 962 MB
[runlim] sample:		4581.89 time, 2260.02 real, 962 MB
[runlim] sample:		4602.17 time, 2270.02 real, 962 MB
[runlim] sample:		4622.43 time, 2280.02 real, 962 MB
[runlim] sample:		4642.71 time, 2290.02 real, 962 MB
[runlim] sample:		4662.98 time, 2300.02 real, 962 MB
[runlim] sample:		4683.24 time, 2310.02 real, 962 MB
[runlim] sample:		4703.52 time, 2320.02 real, 962 MB
[runlim] sample:		4723.80 time, 2330.02 real, 962 MB
[runlim] sample:		4744.08 time, 2340.02 real, 962 MB
[runlim] sample:		4764.34 time, 2350.02 real, 962 MB
[runlim] sample:		4784.62 time, 2360.02 real, 975 MB
[runlim] sample:		4804.91 time, 2370.02 real, 975 MB
[runlim] sample:		4825.18 time, 2380.02 real, 975 MB
[runlim] sample:		4845.44 time, 2390.02 real, 975 MB
[runlim] sample:		4865.72 time, 2400.02 real, 975 MB
[runlim] sample:		4886.00 time, 2410.02 real, 975 MB
[runlim] sample:		4906.27 time, 2420.02 real, 975 MB
[runlim] sample:		4926.56 time, 2430.02 real, 975 MB
[runlim] sample:		4946.83 time, 2440.02 real, 975 MB
[runlim] sample:		4967.10 time, 2450.02 real, 975 MB
[runlim] sample:		4987.37 time, 2460.02 real, 975 MB
[runlim] sample:		5007.65 time, 2470.02 real, 934 MB
[runlim] sample:		5027.92 time, 2480.02 real, 938 MB
[runlim] sample:		5048.20 time, 2490.02 real, 925 MB
[runlim] sample:		5068.46 time, 2500.02 real, 949 MB
[runlim] sample:		5088.73 time, 2510.02 real, 949 MB
[runlim] sample:		5109.00 time, 2520.02 real, 978 MB
[runlim] sample:		5129.28 time, 2530.02 real, 978 MB
[runlim] sample:		5149.55 time, 2540.02 real, 978 MB
[runlim] sample:		5169.83 time, 2550.02 real, 978 MB
[runlim] sample:		5190.10 time, 2560.02 real, 922 MB
[runlim] sample:		5210.37 time, 2570.02 real, 922 MB
[runlim] sample:		5230.65 time, 2580.02 real, 948 MB
[runlim] sample:		5250.92 time, 2590.02 real, 977 MB
[runlim] sample:		5271.19 time, 2600.02 real, 977 MB
[runlim] sample:		5291.47 time, 2610.02 real, 977 MB
[runlim] sample:		5311.73 time, 2620.02 real, 977 MB
[runlim] sample:		5332.02 time, 2630.02 real, 977 MB
[runlim] sample:		5352.30 time, 2640.02 real, 977 MB
[runlim] sample:		5372.58 time, 2650.02 real, 977 MB
[runlim] sample:		5392.85 time, 2660.02 real, 977 MB
[runlim] sample:		5413.13 time, 2670.02 real, 977 MB
[runlim] sample:		5433.41 time, 2680.02 real, 977 MB
[runlim] sample:		5453.68 time, 2690.02 real, 977 MB
[runlim] sample:		5473.96 time, 2700.02 real, 977 MB
[runlim] sample:		5494.24 time, 2710.02 real, 984 MB
[runlim] sample:		5514.50 time, 2720.02 real, 985 MB
[runlim] sample:		5534.79 time, 2730.02 real, 993 MB
[runlim] sample:		5555.07 time, 2740.02 real, 994 MB
[runlim] sample:		5575.35 time, 2750.02 real, 995 MB
[runlim] sample:		5595.61 time, 2760.02 real, 996 MB
[runlim] sample:		5615.89 time, 2770.02 real, 997 MB
[runlim] sample:		5636.18 time, 2780.02 real, 998 MB
[runlim] sample:		5656.44 time, 2790.02 real, 1001 MB
[runlim] sample:		5676.72 time, 2800.02 real, 1002 MB
[runlim] sample:		5696.99 time, 2810.02 real, 1003 MB
[runlim] sample:		5717.29 time, 2820.02 real, 1004 MB
[runlim] sample:		5737.54 time, 2830.02 real, 1005 MB
[runlim] sample:		5757.83 time, 2840.02 real, 1006 MB
[runlim] sample:		5778.10 time, 2850.02 real, 1007 MB
[runlim] sample:		5798.37 time, 2860.02 real, 1008 MB
[runlim] sample:		5818.64 time, 2870.02 real, 1009 MB
[runlim] sample:		5838.91 time, 2880.02 real, 1010 MB
[runlim] sample:		5859.18 time, 2890.02 real, 1012 MB
[runlim] sample:		5879.46 time, 2900.02 real, 1053 MB
[runlim] sample:		5899.74 time, 2910.02 real, 1013 MB
[runlim] sample:		5920.00 time, 2920.02 real, 1014 MB
[runlim] sample:		5940.28 time, 2930.02 real, 1015 MB
[runlim] sample:		5960.55 time, 2940.02 real, 1015 MB
[runlim] sample:		5980.83 time, 2950.02 real, 1016 MB
[runlim] sample:		6001.10 time, 2960.02 real, 1052 MB
[runlim] sample:		6021.37 time, 2970.02 real, 1054 MB
[runlim] sample:		6041.64 time, 2980.02 real, 1021 MB
[runlim] sample:		6061.92 time, 2990.02 real, 1022 MB
[runlim] sample:		6082.19 time, 3000.02 real, 1023 MB
[runlim] sample:		6102.47 time, 3010.02 real, 1023 MB
[runlim] sample:		6122.74 time, 3020.02 real, 1023 MB
[runlim] sample:		6143.01 time, 3030.02 real, 1023 MB
[runlim] sample:		6163.30 time, 3040.02 real, 1023 MB
[runlim] sample:		6183.57 time, 3050.02 real, 1023 MB
[runlim] sample:		6203.85 time, 3060.02 real, 1055 MB
[runlim] sample:		6224.12 time, 3070.02 real, 1056 MB
[runlim] sample:		6244.40 time, 3080.02 real, 1058 MB
[runlim] sample:		6264.67 time, 3090.02 real, 1058 MB
[runlim] sample:		6284.95 time, 3100.02 real, 1059 MB
[runlim] sample:		6305.22 time, 3110.02 real, 1060 MB
[runlim] sample:		6325.49 time, 3120.02 real, 1093 MB
[runlim] sample:		6345.77 time, 3130.02 real, 1061 MB
[runlim] sample:		6366.05 time, 3140.02 real, 1062 MB
[runlim] sample:		6386.32 time, 3150.02 real, 1065 MB
[runlim] sample:		6406.59 time, 3160.02 real, 1099 MB
[runlim] sample:		6426.86 time, 3170.02 real, 1100 MB
[runlim] sample:		6447.13 time, 3180.02 real, 1069 MB
[runlim] sample:		6467.40 time, 3190.02 real, 1071 MB
[runlim] sample:		6487.68 time, 3200.02 real, 1107 MB
[runlim] sample:		6507.96 time, 3210.02 real, 1108 MB
[runlim] sample:		6528.23 time, 3220.02 real, 1109 MB
[runlim] sample:		6548.48 time, 3230.02 real, 1075 MB
[runlim] sample:		6568.75 time, 3240.02 real, 1077 MB
[runlim] sample:		6589.04 time, 3250.02 real, 1078 MB
[runlim] sample:		6609.29 time, 3260.02 real, 1080 MB
[runlim] sample:		6629.57 time, 3270.02 real, 1082 MB
[runlim] sample:		6649.85 time, 3280.02 real, 1083 MB
[runlim] sample:		6670.12 time, 3290.02 real, 1086 MB
[runlim] sample:		6690.38 time, 3300.02 real, 1088 MB
[runlim] sample:		6710.66 time, 3310.02 real, 1089 MB
[runlim] sample:		6730.94 time, 3320.02 real, 1089 MB
[runlim] sample:		6751.21 time, 3330.02 real, 1091 MB
[runlim] sample:		6771.48 time, 3340.02 real, 1092 MB
[runlim] sample:		6791.77 time, 3350.02 real, 1094 MB
[runlim] sample:		6812.05 time, 3360.02 real, 1095 MB
[runlim] sample:		6832.32 time, 3370.02 real, 1096 MB
[runlim] sample:		6852.60 time, 3380.02 real, 1133 MB
[runlim] sample:		6872.88 time, 3390.02 real, 1134 MB
[runlim] sample:		6893.16 time, 3400.02 real, 1099 MB
[runlim] sample:		6913.44 time, 3410.02 real, 1100 MB
[runlim] sample:		6933.70 time, 3420.02 real, 1100 MB
[runlim] sample:		6953.98 time, 3430.02 real, 1136 MB
[runlim] sample:		6974.26 time, 3440.02 real, 1137 MB
[runlim] sample:		6994.55 time, 3450.02 real, 1103 MB
[runlim] sample:		7014.81 time, 3460.02 real, 1105 MB
[runlim] sample:		7035.09 time, 3470.02 real, 1108 MB
[runlim] sample:		7055.36 time, 3480.02 real, 1110 MB
[runlim] sample:		7075.65 time, 3490.02 real, 1110 MB
[runlim] sample:		7095.93 time, 3500.02 real, 1112 MB
[runlim] sample:		7116.18 time, 3510.02 real, 1145 MB
[runlim] sample:		7136.47 time, 3520.02 real, 1118 MB
[runlim] sample:		7156.73 time, 3530.02 real, 1121 MB
[runlim] sample:		7177.02 time, 3540.02 real, 1122 MB
[runlim] sample:		7197.28 time, 3550.02 real, 1123 MB
[runlim] sample:		7217.55 time, 3560.02 real, 1124 MB
[runlim] sample:		7237.83 time, 3570.02 real, 1125 MB
[runlim] sample:		7258.11 time, 3580.02 real, 1126 MB
[runlim] sample:		7278.39 time, 3590.02 real, 1160 MB
[runlim] sample:		7298.68 time, 3600.02 real, 1161 MB
[runlim] end:			Wed Oct 16 17:05:24 2019
[runlim] status:		out of time
[runlim] result:		2
[runlim] children:		4
[runlim] real:			3600.10 seconds
[runlim] time:			7298.68 seconds
[runlim] space:			1161 MB
[runlim] samples:		36000
