[runlim] version:		1.17
[runlim] host:			c3n30
[runlim] time limit:		311040000 seconds
[runlim] real time limit:	3600 seconds
[runlim] space limit:		120000 MB
[runlim] argv[0]:		./run-cosa2.sh
[runlim] argv[1]:		/tmp/51v03X7U.btor
[runlim] start:			Wed Oct 16 17:16:10 2019
[runlim] child:			10826
[runlim] sample:		20.20 time, 10.02 real, 225 MB
[runlim] sample:		40.47 time, 20.02 real, 267 MB
[runlim] sample:		60.73 time, 30.02 real, 305 MB
[runlim] sample:		81.00 time, 40.02 real, 310 MB
[runlim] sample:		101.27 time, 50.02 real, 327 MB
[runlim] sample:		121.54 time, 60.02 real, 316 MB
[runlim] sample:		141.81 time, 70.01 real, 321 MB
[runlim] sample:		162.08 time, 80.02 real, 326 MB
[runlim] sample:		182.35 time, 90.02 real, 336 MB
[runlim] sample:		202.63 time, 100.01 real, 354 MB
[runlim] sample:		222.91 time, 110.02 real, 365 MB
[runlim] sample:		243.18 time, 120.02 real, 366 MB
[runlim] sample:		263.45 time, 130.01 real, 366 MB
[runlim] sample:		283.73 time, 140.01 real, 366 MB
[runlim] sample:		304.01 time, 150.02 real, 376 MB
[runlim] sample:		324.28 time, 160.01 real, 378 MB
[runlim] sample:		344.55 time, 170.02 real, 381 MB
[runlim] sample:		364.84 time, 180.01 real, 392 MB
[runlim] sample:		385.12 time, 190.02 real, 392 MB
[runlim] sample:		405.40 time, 200.02 real, 405 MB
[runlim] sample:		425.67 time, 210.02 real, 405 MB
[runlim] sample:		445.94 time, 220.02 real, 408 MB
[runlim] sample:		466.22 time, 230.01 real, 428 MB
[runlim] sample:		486.48 time, 240.01 real, 428 MB
[runlim] sample:		506.76 time, 250.02 real, 428 MB
[runlim] sample:		527.03 time, 260.01 real, 433 MB
[runlim] sample:		547.31 time, 270.02 real, 441 MB
[runlim] sample:		567.59 time, 280.02 real, 441 MB
[runlim] sample:		587.86 time, 290.02 real, 441 MB
[runlim] sample:		608.14 time, 300.02 real, 441 MB
[runlim] sample:		628.42 time, 310.02 real, 441 MB
[runlim] sample:		648.70 time, 320.02 real, 441 MB
[runlim] sample:		668.98 time, 330.02 real, 441 MB
[runlim] sample:		689.25 time, 340.01 real, 441 MB
[runlim] sample:		709.51 time, 350.01 real, 445 MB
[runlim] sample:		729.81 time, 360.01 real, 445 MB
[runlim] sample:		750.09 time, 370.02 real, 445 MB
[runlim] sample:		770.37 time, 380.01 real, 445 MB
[runlim] sample:		790.65 time, 390.02 real, 445 MB
[runlim] sample:		810.93 time, 400.02 real, 445 MB
[runlim] sample:		831.19 time, 410.02 real, 445 MB
[runlim] sample:		851.48 time, 420.02 real, 455 MB
[runlim] sample:		871.76 time, 430.02 real, 503 MB
[runlim] sample:		892.02 time, 440.01 real, 522 MB
[runlim] sample:		912.30 time, 450.02 real, 522 MB
[runlim] sample:		932.58 time, 460.02 real, 467 MB
[runlim] sample:		952.87 time, 470.02 real, 482 MB
[runlim] sample:		973.15 time, 480.02 real, 483 MB
[runlim] sample:		993.41 time, 490.02 real, 490 MB
[runlim] sample:		1013.70 time, 500.02 real, 511 MB
[runlim] sample:		1033.96 time, 510.02 real, 512 MB
[runlim] sample:		1054.25 time, 520.02 real, 513 MB
[runlim] sample:		1074.52 time, 530.02 real, 515 MB
[runlim] sample:		1094.80 time, 540.02 real, 523 MB
[runlim] sample:		1115.07 time, 550.02 real, 523 MB
[runlim] sample:		1135.35 time, 560.02 real, 523 MB
[runlim] sample:		1155.63 time, 570.02 real, 523 MB
[runlim] sample:		1175.90 time, 580.02 real, 523 MB
[runlim] sample:		1196.18 time, 590.02 real, 523 MB
[runlim] sample:		1216.46 time, 600.02 real, 523 MB
[runlim] sample:		1236.74 time, 610.02 real, 523 MB
[runlim] sample:		1257.02 time, 620.02 real, 523 MB
[runlim] sample:		1277.29 time, 630.02 real, 523 MB
[runlim] sample:		1297.57 time, 640.02 real, 548 MB
[runlim] sample:		1317.84 time, 650.02 real, 548 MB
[runlim] sample:		1338.12 time, 660.02 real, 548 MB
[runlim] sample:		1358.39 time, 670.02 real, 508 MB
[runlim] sample:		1378.67 time, 680.02 real, 531 MB
[runlim] sample:		1398.93 time, 690.02 real, 531 MB
[runlim] sample:		1419.20 time, 700.02 real, 531 MB
[runlim] sample:		1439.48 time, 710.02 real, 531 MB
[runlim] sample:		1459.75 time, 720.02 real, 531 MB
[runlim] sample:		1480.02 time, 730.02 real, 531 MB
[runlim] sample:		1500.29 time, 740.02 real, 531 MB
[runlim] sample:		1520.57 time, 750.02 real, 532 MB
[runlim] sample:		1540.84 time, 760.02 real, 532 MB
[runlim] sample:		1561.11 time, 770.01 real, 552 MB
[runlim] sample:		1581.38 time, 780.02 real, 554 MB
[runlim] sample:		1601.66 time, 790.02 real, 554 MB
[runlim] sample:		1621.93 time, 800.02 real, 571 MB
[runlim] sample:		1642.21 time, 810.02 real, 571 MB
[runlim] sample:		1662.49 time, 820.02 real, 555 MB
[runlim] sample:		1682.77 time, 830.02 real, 576 MB
[runlim] sample:		1703.04 time, 840.02 real, 581 MB
[runlim] sample:		1723.30 time, 850.02 real, 581 MB
[runlim] sample:		1743.58 time, 860.02 real, 584 MB
[runlim] sample:		1763.87 time, 870.02 real, 584 MB
[runlim] sample:		1784.14 time, 880.02 real, 542 MB
[runlim] sample:		1804.42 time, 890.02 real, 544 MB
[runlim] sample:		1824.69 time, 900.02 real, 571 MB
[runlim] sample:		1844.97 time, 910.02 real, 571 MB
[runlim] sample:		1865.24 time, 920.02 real, 593 MB
[runlim] sample:		1885.51 time, 930.02 real, 582 MB
[runlim] sample:		1905.79 time, 940.02 real, 593 MB
[runlim] sample:		1926.07 time, 950.02 real, 593 MB
[runlim] sample:		1946.35 time, 960.02 real, 593 MB
[runlim] sample:		1966.62 time, 970.02 real, 593 MB
[runlim] sample:		1986.90 time, 980.02 real, 594 MB
[runlim] sample:		2007.16 time, 990.02 real, 594 MB
[runlim] sample:		2027.44 time, 1000.02 real, 594 MB
[runlim] sample:		2047.71 time, 1010.02 real, 594 MB
[runlim] sample:		2067.98 time, 1020.02 real, 594 MB
[runlim] sample:		2088.26 time, 1030.02 real, 594 MB
[runlim] sample:		2108.54 time, 1040.02 real, 605 MB
[runlim] sample:		2128.81 time, 1050.02 real, 605 MB
[runlim] sample:		2149.09 time, 1060.02 real, 605 MB
[runlim] sample:		2169.36 time, 1070.02 real, 605 MB
[runlim] sample:		2189.63 time, 1080.02 real, 605 MB
[runlim] sample:		2209.91 time, 1090.02 real, 605 MB
[runlim] sample:		2230.18 time, 1100.02 real, 605 MB
[runlim] sample:		2250.45 time, 1110.02 real, 614 MB
[runlim] sample:		2270.72 time, 1120.02 real, 550 MB
[runlim] sample:		2290.99 time, 1130.02 real, 577 MB
[runlim] sample:		2311.26 time, 1140.02 real, 577 MB
[runlim] sample:		2331.54 time, 1150.02 real, 579 MB
[runlim] sample:		2351.81 time, 1160.02 real, 592 MB
[runlim] sample:		2372.09 time, 1170.02 real, 621 MB
[runlim] sample:		2392.37 time, 1180.02 real, 621 MB
[runlim] sample:		2412.64 time, 1190.02 real, 621 MB
[runlim] sample:		2432.91 time, 1200.02 real, 621 MB
[runlim] sample:		2453.19 time, 1210.02 real, 621 MB
[runlim] sample:		2473.45 time, 1220.02 real, 621 MB
[runlim] sample:		2493.73 time, 1230.02 real, 621 MB
[runlim] sample:		2514.00 time, 1240.02 real, 559 MB
[runlim] sample:		2534.27 time, 1250.02 real, 559 MB
[runlim] sample:		2554.55 time, 1260.02 real, 591 MB
[runlim] sample:		2574.83 time, 1270.02 real, 593 MB
[runlim] sample:		2595.10 time, 1280.02 real, 593 MB
[runlim] sample:		2615.38 time, 1290.02 real, 593 MB
[runlim] sample:		2635.66 time, 1300.02 real, 594 MB
[runlim] sample:		2655.93 time, 1310.02 real, 594 MB
[runlim] sample:		2676.22 time, 1320.02 real, 605 MB
[runlim] sample:		2696.49 time, 1330.02 real, 610 MB
[runlim] sample:		2716.77 time, 1340.02 real, 610 MB
[runlim] sample:		2737.05 time, 1350.02 real, 645 MB
[runlim] sample:		2757.33 time, 1360.02 real, 637 MB
[runlim] sample:		2777.61 time, 1370.02 real, 637 MB
[runlim] sample:		2797.88 time, 1380.02 real, 637 MB
[runlim] sample:		2818.16 time, 1390.02 real, 637 MB
[runlim] sample:		2838.44 time, 1400.02 real, 669 MB
[runlim] sample:		2858.72 time, 1410.02 real, 669 MB
[runlim] sample:		2879.00 time, 1420.02 real, 637 MB
[runlim] sample:		2899.28 time, 1430.02 real, 637 MB
[runlim] sample:		2919.55 time, 1440.02 real, 637 MB
[runlim] sample:		2939.83 time, 1450.02 real, 637 MB
[runlim] sample:		2960.12 time, 1460.02 real, 642 MB
[runlim] sample:		2980.40 time, 1470.02 real, 642 MB
[runlim] sample:		3000.67 time, 1480.02 real, 642 MB
[runlim] sample:		3020.95 time, 1490.02 real, 676 MB
[runlim] sample:		3041.23 time, 1500.02 real, 642 MB
[runlim] sample:		3061.51 time, 1510.02 real, 642 MB
[runlim] sample:		3081.78 time, 1520.02 real, 642 MB
[runlim] sample:		3102.06 time, 1530.02 real, 644 MB
[runlim] sample:		3122.33 time, 1540.02 real, 644 MB
[runlim] sample:		3142.61 time, 1550.02 real, 686 MB
[runlim] sample:		3162.89 time, 1560.02 real, 686 MB
[runlim] sample:		3183.17 time, 1570.02 real, 687 MB
[runlim] sample:		3203.44 time, 1580.02 real, 687 MB
[runlim] sample:		3223.72 time, 1590.02 real, 687 MB
[runlim] sample:		3243.99 time, 1600.02 real, 688 MB
[runlim] sample:		3264.27 time, 1610.02 real, 653 MB
[runlim] sample:		3284.54 time, 1620.02 real, 653 MB
[runlim] sample:		3304.80 time, 1630.02 real, 653 MB
[runlim] sample:		3325.08 time, 1640.02 real, 685 MB
[runlim] sample:		3345.35 time, 1650.02 real, 685 MB
[runlim] sample:		3365.62 time, 1660.02 real, 685 MB
[runlim] sample:		3385.90 time, 1670.02 real, 685 MB
[runlim] sample:		3406.17 time, 1680.02 real, 689 MB
[runlim] sample:		3426.44 time, 1690.02 real, 689 MB
[runlim] sample:		3446.72 time, 1700.02 real, 653 MB
[runlim] sample:		3466.99 time, 1710.02 real, 686 MB
[runlim] sample:		3487.26 time, 1720.02 real, 686 MB
[runlim] sample:		3507.53 time, 1730.02 real, 653 MB
[runlim] sample:		3527.80 time, 1740.02 real, 653 MB
[runlim] sample:		3548.08 time, 1750.02 real, 686 MB
[runlim] sample:		3568.35 time, 1760.02 real, 686 MB
[runlim] sample:		3588.61 time, 1770.02 real, 663 MB
[runlim] sample:		3608.89 time, 1780.02 real, 665 MB
[runlim] sample:		3629.16 time, 1790.02 real, 666 MB
[runlim] sample:		3649.44 time, 1800.02 real, 692 MB
[runlim] sample:		3669.70 time, 1810.02 real, 726 MB
[runlim] sample:		3689.98 time, 1820.02 real, 726 MB
[runlim] sample:		3710.26 time, 1830.02 real, 713 MB
[runlim] sample:		3730.53 time, 1840.02 real, 713 MB
[runlim] sample:		3750.81 time, 1850.02 real, 713 MB
[runlim] sample:		3771.08 time, 1860.02 real, 746 MB
[runlim] sample:		3791.34 time, 1870.02 real, 746 MB
[runlim] sample:		3811.62 time, 1880.02 real, 714 MB
[runlim] sample:		3831.90 time, 1890.02 real, 714 MB
[runlim] sample:		3852.17 time, 1900.02 real, 714 MB
[runlim] sample:		3872.46 time, 1910.02 real, 750 MB
[runlim] sample:		3892.73 time, 1920.02 real, 750 MB
[runlim] sample:		3913.02 time, 1930.02 real, 736 MB
[runlim] sample:		3933.30 time, 1940.02 real, 736 MB
[runlim] sample:		3953.57 time, 1950.02 real, 736 MB
[runlim] sample:		3973.84 time, 1960.02 real, 773 MB
[runlim] sample:		3994.12 time, 1970.02 real, 737 MB
[runlim] sample:		4014.39 time, 1980.02 real, 738 MB
[runlim] sample:		4034.67 time, 1990.02 real, 738 MB
[runlim] sample:		4054.93 time, 2000.02 real, 777 MB
[runlim] sample:		4075.20 time, 2010.02 real, 738 MB
[runlim] sample:		4095.47 time, 2020.02 real, 774 MB
[runlim] sample:		4115.74 time, 2030.02 real, 774 MB
[runlim] sample:		4136.02 time, 2040.02 real, 738 MB
[runlim] sample:		4156.30 time, 2050.02 real, 740 MB
[runlim] sample:		4176.57 time, 2060.02 real, 788 MB
[runlim] sample:		4196.84 time, 2070.02 real, 796 MB
[runlim] sample:		4217.13 time, 2080.02 real, 841 MB
[runlim] sample:		4237.38 time, 2090.02 real, 804 MB
[runlim] sample:		4257.66 time, 2100.02 real, 805 MB
[runlim] sample:		4277.93 time, 2110.02 real, 857 MB
[runlim] sample:		4298.21 time, 2120.02 real, 857 MB
[runlim] sample:		4318.48 time, 2130.02 real, 821 MB
[runlim] sample:		4338.75 time, 2140.02 real, 821 MB
[runlim] sample:		4359.03 time, 2150.02 real, 858 MB
[runlim] sample:		4379.31 time, 2160.02 real, 858 MB
[runlim] sample:		4399.59 time, 2170.02 real, 821 MB
[runlim] sample:		4419.86 time, 2180.02 real, 821 MB
[runlim] sample:		4440.14 time, 2190.02 real, 821 MB
[runlim] sample:		4460.41 time, 2200.02 real, 859 MB
[runlim] sample:		4480.69 time, 2210.02 real, 859 MB
[runlim] sample:		4500.97 time, 2220.02 real, 821 MB
[runlim] sample:		4521.24 time, 2230.02 real, 821 MB
[runlim] sample:		4541.53 time, 2240.02 real, 859 MB
[runlim] sample:		4561.80 time, 2250.02 real, 859 MB
[runlim] sample:		4582.08 time, 2260.02 real, 821 MB
[runlim] sample:		4602.36 time, 2270.02 real, 821 MB
[runlim] sample:		4622.63 time, 2280.02 real, 861 MB
[runlim] sample:		4642.92 time, 2290.02 real, 861 MB
[runlim] sample:		4663.19 time, 2300.02 real, 861 MB
[runlim] sample:		4683.47 time, 2310.02 real, 835 MB
[runlim] sample:		4703.74 time, 2320.02 real, 835 MB
[runlim] sample:		4724.02 time, 2330.02 real, 835 MB
[runlim] sample:		4744.31 time, 2340.02 real, 841 MB
[runlim] sample:		4764.57 time, 2350.02 real, 841 MB
[runlim] sample:		4784.85 time, 2360.02 real, 841 MB
[runlim] sample:		4805.13 time, 2370.02 real, 823 MB
[runlim] sample:		4825.41 time, 2380.02 real, 823 MB
[runlim] sample:		4845.69 time, 2390.02 real, 823 MB
[runlim] sample:		4865.97 time, 2400.02 real, 823 MB
[runlim] sample:		4886.25 time, 2410.02 real, 860 MB
[runlim] sample:		4906.53 time, 2420.02 real, 860 MB
[runlim] sample:		4926.80 time, 2430.02 real, 860 MB
[runlim] sample:		4947.08 time, 2440.02 real, 860 MB
[runlim] sample:		4967.35 time, 2450.02 real, 860 MB
[runlim] sample:		4987.63 time, 2460.02 real, 860 MB
[runlim] sample:		5007.90 time, 2470.02 real, 862 MB
[runlim] sample:		5028.18 time, 2480.02 real, 862 MB
[runlim] sample:		5048.45 time, 2490.02 real, 862 MB
[runlim] sample:		5068.71 time, 2500.02 real, 856 MB
[runlim] sample:		5088.99 time, 2510.02 real, 824 MB
[runlim] sample:		5109.26 time, 2520.02 real, 824 MB
[runlim] sample:		5129.55 time, 2530.02 real, 858 MB
[runlim] sample:		5149.84 time, 2540.02 real, 858 MB
[runlim] sample:		5170.11 time, 2550.02 real, 858 MB
[runlim] sample:		5190.38 time, 2560.02 real, 864 MB
[runlim] sample:		5210.66 time, 2570.02 real, 864 MB
[runlim] sample:		5230.94 time, 2580.02 real, 863 MB
[runlim] sample:		5251.21 time, 2590.02 real, 863 MB
[runlim] sample:		5271.49 time, 2600.02 real, 863 MB
[runlim] sample:		5291.76 time, 2610.02 real, 874 MB
[runlim] sample:		5312.03 time, 2620.02 real, 874 MB
[runlim] sample:		5332.31 time, 2630.02 real, 874 MB
[runlim] sample:		5352.59 time, 2640.02 real, 825 MB
[runlim] sample:		5372.87 time, 2650.02 real, 825 MB
[runlim] sample:		5393.16 time, 2660.02 real, 869 MB
[runlim] sample:		5413.43 time, 2670.02 real, 869 MB
[runlim] sample:		5433.71 time, 2680.02 real, 869 MB
[runlim] sample:		5453.98 time, 2690.02 real, 831 MB
[runlim] sample:		5474.27 time, 2700.02 real, 831 MB
[runlim] sample:		5494.54 time, 2710.02 real, 831 MB
[runlim] sample:		5514.83 time, 2720.02 real, 881 MB
[runlim] sample:		5535.10 time, 2730.02 real, 881 MB
[runlim] sample:		5555.37 time, 2740.02 real, 881 MB
[runlim] sample:		5575.64 time, 2750.02 real, 831 MB
[runlim] sample:		5595.92 time, 2760.02 real, 831 MB
[runlim] sample:		5616.21 time, 2770.02 real, 877 MB
[runlim] sample:		5636.47 time, 2780.02 real, 877 MB
[runlim] sample:		5656.75 time, 2790.02 real, 877 MB
[runlim] sample:		5677.03 time, 2800.02 real, 831 MB
[runlim] sample:		5697.30 time, 2810.02 real, 832 MB
[runlim] sample:		5717.57 time, 2820.02 real, 832 MB
[runlim] sample:		5737.83 time, 2830.02 real, 877 MB
[runlim] sample:		5758.11 time, 2840.02 real, 877 MB
[runlim] sample:		5778.37 time, 2850.02 real, 877 MB
[runlim] sample:		5798.65 time, 2860.02 real, 832 MB
[runlim] sample:		5818.93 time, 2870.02 real, 832 MB
[runlim] sample:		5839.21 time, 2880.02 real, 878 MB
[runlim] sample:		5859.48 time, 2890.02 real, 878 MB
[runlim] sample:		5879.76 time, 2900.02 real, 878 MB
[runlim] sample:		5900.02 time, 2910.02 real, 832 MB
[runlim] sample:		5920.29 time, 2920.02 real, 867 MB
[runlim] sample:		5940.57 time, 2930.02 real, 867 MB
[runlim] sample:		5960.83 time, 2940.02 real, 832 MB
[runlim] sample:		5981.11 time, 2950.02 real, 832 MB
[runlim] sample:		6001.38 time, 2960.02 real, 832 MB
[runlim] sample:		6021.68 time, 2970.02 real, 877 MB
[runlim] sample:		6041.96 time, 2980.02 real, 877 MB
[runlim] sample:		6062.23 time, 2990.02 real, 877 MB
[runlim] sample:		6082.50 time, 3000.02 real, 832 MB
[runlim] sample:		6102.78 time, 3010.02 real, 835 MB
[runlim] sample:		6123.06 time, 3020.02 real, 818 MB
[runlim] sample:		6143.33 time, 3030.02 real, 884 MB
[runlim] sample:		6163.60 time, 3040.02 real, 884 MB
[runlim] sample:		6183.87 time, 3050.02 real, 910 MB
[runlim] sample:		6204.15 time, 3060.02 real, 911 MB
[runlim] sample:		6224.43 time, 3070.02 real, 911 MB
[runlim] sample:		6244.70 time, 3080.02 real, 863 MB
[runlim] sample:		6264.98 time, 3090.02 real, 863 MB
[runlim] sample:		6285.26 time, 3100.02 real, 863 MB
[runlim] sample:		6305.52 time, 3110.02 real, 916 MB
[runlim] sample:		6325.81 time, 3120.02 real, 916 MB
[runlim] sample:		6346.08 time, 3130.02 real, 916 MB
[runlim] sample:		6366.35 time, 3140.02 real, 916 MB
[runlim] sample:		6386.62 time, 3150.02 real, 863 MB
[runlim] sample:		6406.90 time, 3160.02 real, 865 MB
[runlim] sample:		6427.17 time, 3170.02 real, 874 MB
[runlim] sample:		6447.44 time, 3180.02 real, 806 MB
[runlim] sample:		6467.72 time, 3190.02 real, 807 MB
[runlim] sample:		6487.99 time, 3200.02 real, 843 MB
[runlim] sample:		6508.27 time, 3210.02 real, 854 MB
[runlim] sample:		6528.54 time, 3220.02 real, 855 MB
[runlim] sample:		6548.81 time, 3230.02 real, 866 MB
[runlim] sample:		6569.08 time, 3240.02 real, 872 MB
[runlim] sample:		6589.36 time, 3250.02 real, 875 MB
[runlim] sample:		6609.64 time, 3260.02 real, 885 MB
[runlim] sample:		6629.91 time, 3270.02 real, 888 MB
[runlim] sample:		6650.19 time, 3280.02 real, 919 MB
[runlim] sample:		6670.47 time, 3290.02 real, 937 MB
[runlim] sample:		6690.75 time, 3300.02 real, 986 MB
[runlim] sample:		6711.03 time, 3310.02 real, 954 MB
[runlim] sample:		6731.31 time, 3320.02 real, 954 MB
[runlim] sample:		6751.58 time, 3330.02 real, 1000 MB
[runlim] sample:		6771.86 time, 3340.02 real, 1000 MB
[runlim] sample:		6792.14 time, 3350.02 real, 1000 MB
[runlim] sample:		6812.42 time, 3360.02 real, 1007 MB
[runlim] sample:		6832.69 time, 3370.02 real, 1007 MB
[runlim] sample:		6852.97 time, 3380.02 real, 1007 MB
[runlim] sample:		6873.24 time, 3390.02 real, 1007 MB
[runlim] sample:		6893.54 time, 3400.02 real, 1006 MB
[runlim] sample:		6913.80 time, 3410.02 real, 1006 MB
[runlim] sample:		6934.08 time, 3420.02 real, 1006 MB
[runlim] sample:		6954.37 time, 3430.02 real, 1006 MB
[runlim] sample:		6974.65 time, 3440.02 real, 1015 MB
[runlim] sample:		6994.93 time, 3450.02 real, 1015 MB
[runlim] sample:		7015.20 time, 3460.02 real, 1015 MB
[runlim] sample:		7035.48 time, 3470.02 real, 1010 MB
[runlim] sample:		7055.75 time, 3480.02 real, 1010 MB
[runlim] sample:		7076.03 time, 3490.02 real, 1010 MB
[runlim] sample:		7096.31 time, 3500.02 real, 1005 MB
[runlim] sample:		7116.59 time, 3510.02 real, 1005 MB
[runlim] sample:		7136.86 time, 3520.02 real, 997 MB
[runlim] sample:		7157.13 time, 3530.02 real, 997 MB
[runlim] sample:		7177.42 time, 3540.02 real, 997 MB
[runlim] sample:		7197.69 time, 3550.02 real, 997 MB
[runlim] sample:		7217.97 time, 3560.02 real, 1005 MB
[runlim] sample:		7238.23 time, 3570.02 real, 1005 MB
[runlim] sample:		7258.50 time, 3580.02 real, 1005 MB
[runlim] sample:		7278.78 time, 3590.02 real, 1006 MB
[runlim] sample:		7299.05 time, 3600.02 real, 1006 MB
[runlim] end:			Wed Oct 16 18:16:10 2019
[runlim] status:		out of time
[runlim] result:		2
[runlim] children:		4
[runlim] real:			3600.10 seconds
[runlim] time:			7299.05 seconds
[runlim] space:			1071 MB
[runlim] samples:		36000
