[runlim] version:		1.17
[runlim] host:			c3n29
[runlim] time limit:		311040000 seconds
[runlim] real time limit:	3600 seconds
[runlim] space limit:		120000 MB
[runlim] argv[0]:		./run-cosa2.sh
[runlim] argv[1]:		/tmp/yWSgzh1T.btor
[runlim] start:			Wed Oct 16 17:01:13 2019
[runlim] child:			22099
[runlim] sample:		20.16 time, 10.02 real, 175 MB
[runlim] sample:		40.43 time, 20.02 real, 213 MB
[runlim] sample:		60.70 time, 30.02 real, 245 MB
[runlim] sample:		80.99 time, 40.02 real, 238 MB
[runlim] sample:		101.24 time, 50.02 real, 263 MB
[runlim] sample:		121.51 time, 60.02 real, 262 MB
[runlim] sample:		141.78 time, 70.02 real, 280 MB
[runlim] sample:		162.06 time, 80.02 real, 277 MB
[runlim] sample:		182.32 time, 90.02 real, 294 MB
[runlim] sample:		202.58 time, 100.02 real, 308 MB
[runlim] sample:		222.86 time, 110.02 real, 300 MB
[runlim] sample:		243.14 time, 120.02 real, 324 MB
[runlim] sample:		263.41 time, 130.02 real, 329 MB
[runlim] sample:		283.68 time, 140.02 real, 331 MB
[runlim] sample:		303.96 time, 150.02 real, 331 MB
[runlim] sample:		324.22 time, 160.02 real, 329 MB
[runlim] sample:		344.49 time, 170.02 real, 332 MB
[runlim] sample:		364.78 time, 180.02 real, 343 MB
[runlim] sample:		385.05 time, 190.02 real, 345 MB
[runlim] sample:		405.32 time, 200.02 real, 365 MB
[runlim] sample:		425.59 time, 210.02 real, 396 MB
[runlim] sample:		445.87 time, 220.02 real, 419 MB
[runlim] sample:		466.14 time, 230.02 real, 433 MB
[runlim] sample:		486.41 time, 240.02 real, 436 MB
[runlim] sample:		506.68 time, 250.02 real, 438 MB
[runlim] sample:		526.96 time, 260.02 real, 442 MB
[runlim] sample:		547.24 time, 270.02 real, 417 MB
[runlim] sample:		567.51 time, 280.02 real, 411 MB
[runlim] sample:		587.78 time, 290.02 real, 427 MB
[runlim] sample:		608.05 time, 300.02 real, 456 MB
[runlim] sample:		628.33 time, 310.02 real, 427 MB
[runlim] sample:		648.59 time, 320.02 real, 428 MB
[runlim] sample:		668.87 time, 330.02 real, 428 MB
[runlim] sample:		689.14 time, 340.02 real, 428 MB
[runlim] sample:		709.42 time, 350.02 real, 428 MB
[runlim] sample:		729.69 time, 360.02 real, 428 MB
[runlim] sample:		749.95 time, 370.02 real, 428 MB
[runlim] sample:		770.23 time, 380.02 real, 430 MB
[runlim] sample:		790.51 time, 390.02 real, 430 MB
[runlim] sample:		810.79 time, 400.02 real, 434 MB
[runlim] sample:		831.06 time, 410.02 real, 436 MB
[runlim] sample:		851.32 time, 420.02 real, 429 MB
[runlim] sample:		871.59 time, 430.02 real, 449 MB
[runlim] sample:		891.87 time, 440.02 real, 459 MB
[runlim] sample:		912.14 time, 450.02 real, 466 MB
[runlim] sample:		932.42 time, 460.02 real, 472 MB
[runlim] sample:		952.68 time, 470.02 real, 485 MB
[runlim] sample:		972.96 time, 480.02 real, 486 MB
[runlim] sample:		993.21 time, 490.02 real, 486 MB
[runlim] sample:		1013.49 time, 500.02 real, 489 MB
[runlim] sample:		1033.76 time, 510.02 real, 489 MB
[runlim] sample:		1054.04 time, 520.02 real, 520 MB
[runlim] sample:		1074.32 time, 530.02 real, 520 MB
[runlim] sample:		1094.59 time, 540.02 real, 538 MB
[runlim] sample:		1114.87 time, 550.02 real, 538 MB
[runlim] sample:		1135.14 time, 560.02 real, 538 MB
[runlim] sample:		1155.41 time, 570.02 real, 538 MB
[runlim] sample:		1175.69 time, 580.02 real, 538 MB
[runlim] sample:		1195.97 time, 590.02 real, 538 MB
[runlim] sample:		1216.25 time, 600.02 real, 538 MB
[runlim] sample:		1236.52 time, 610.02 real, 538 MB
[runlim] sample:		1256.79 time, 620.02 real, 538 MB
[runlim] sample:		1277.07 time, 630.02 real, 538 MB
[runlim] sample:		1297.33 time, 640.02 real, 538 MB
[runlim] sample:		1317.61 time, 650.02 real, 538 MB
[runlim] sample:		1337.88 time, 660.02 real, 538 MB
[runlim] sample:		1358.16 time, 670.02 real, 554 MB
[runlim] sample:		1378.43 time, 680.02 real, 554 MB
[runlim] sample:		1398.69 time, 690.02 real, 554 MB
[runlim] sample:		1418.97 time, 700.02 real, 554 MB
[runlim] sample:		1439.26 time, 710.02 real, 554 MB
[runlim] sample:		1459.53 time, 720.02 real, 554 MB
[runlim] sample:		1479.80 time, 730.02 real, 554 MB
[runlim] sample:		1500.07 time, 740.02 real, 554 MB
[runlim] sample:		1520.34 time, 750.02 real, 554 MB
[runlim] sample:		1540.62 time, 760.02 real, 555 MB
[runlim] sample:		1560.89 time, 770.02 real, 555 MB
[runlim] sample:		1581.15 time, 780.02 real, 555 MB
[runlim] sample:		1601.43 time, 790.02 real, 555 MB
[runlim] sample:		1621.70 time, 800.02 real, 596 MB
[runlim] sample:		1641.97 time, 810.02 real, 596 MB
[runlim] sample:		1662.25 time, 820.02 real, 555 MB
[runlim] sample:		1682.52 time, 830.02 real, 567 MB
[runlim] sample:		1702.80 time, 840.02 real, 551 MB
[runlim] sample:		1723.06 time, 850.02 real, 551 MB
[runlim] sample:		1743.34 time, 860.02 real, 544 MB
[runlim] sample:		1763.61 time, 870.02 real, 528 MB
[runlim] sample:		1783.87 time, 880.02 real, 572 MB
[runlim] sample:		1804.15 time, 890.02 real, 523 MB
[runlim] sample:		1824.42 time, 900.02 real, 523 MB
[runlim] sample:		1844.69 time, 910.02 real, 559 MB
[runlim] sample:		1864.96 time, 920.02 real, 559 MB
[runlim] sample:		1885.25 time, 930.02 real, 560 MB
[runlim] sample:		1905.51 time, 940.02 real, 563 MB
[runlim] sample:		1925.78 time, 950.02 real, 523 MB
[runlim] sample:		1946.06 time, 960.02 real, 523 MB
[runlim] sample:		1966.32 time, 970.02 real, 573 MB
[runlim] sample:		1986.60 time, 980.02 real, 578 MB
[runlim] sample:		2006.87 time, 990.02 real, 581 MB
[runlim] sample:		2027.13 time, 1000.02 real, 546 MB
[runlim] sample:		2047.42 time, 1010.02 real, 548 MB
[runlim] sample:		2067.70 time, 1020.02 real, 551 MB
[runlim] sample:		2087.96 time, 1030.02 real, 595 MB
[runlim] sample:		2108.24 time, 1040.02 real, 555 MB
[runlim] sample:		2128.50 time, 1050.02 real, 602 MB
[runlim] sample:		2148.79 time, 1060.02 real, 562 MB
[runlim] sample:		2169.06 time, 1070.02 real, 562 MB
[runlim] sample:		2189.34 time, 1080.02 real, 605 MB
[runlim] sample:		2209.61 time, 1090.02 real, 589 MB
[runlim] sample:		2229.89 time, 1100.02 real, 551 MB
[runlim] sample:		2250.16 time, 1110.02 real, 569 MB
[runlim] sample:		2270.43 time, 1120.02 real, 579 MB
[runlim] sample:		2290.70 time, 1130.02 real, 638 MB
[runlim] sample:		2310.97 time, 1140.02 real, 643 MB
[runlim] sample:		2331.25 time, 1150.02 real, 603 MB
[runlim] sample:		2351.53 time, 1160.02 real, 603 MB
[runlim] sample:		2371.79 time, 1170.02 real, 606 MB
[runlim] sample:		2392.06 time, 1180.02 real, 620 MB
[runlim] sample:		2412.34 time, 1190.02 real, 661 MB
[runlim] sample:		2432.62 time, 1200.02 real, 662 MB
[runlim] sample:		2452.89 time, 1210.02 real, 626 MB
[runlim] sample:		2473.16 time, 1220.02 real, 635 MB
[runlim] sample:		2493.42 time, 1230.02 real, 642 MB
[runlim] sample:		2513.70 time, 1240.02 real, 642 MB
[runlim] sample:		2533.97 time, 1250.02 real, 645 MB
[runlim] sample:		2554.25 time, 1260.02 real, 645 MB
[runlim] sample:		2574.54 time, 1270.02 real, 626 MB
[runlim] sample:		2594.80 time, 1280.02 real, 620 MB
[runlim] sample:		2615.08 time, 1290.02 real, 612 MB
[runlim] sample:		2635.35 time, 1300.02 real, 612 MB
[runlim] sample:		2655.63 time, 1310.02 real, 621 MB
[runlim] sample:		2675.89 time, 1320.02 real, 621 MB
[runlim] sample:		2696.17 time, 1330.02 real, 635 MB
[runlim] sample:		2716.45 time, 1340.02 real, 634 MB
[runlim] sample:		2736.72 time, 1350.02 real, 634 MB
[runlim] sample:		2757.00 time, 1360.02 real, 603 MB
[runlim] sample:		2777.28 time, 1370.02 real, 610 MB
[runlim] sample:		2797.55 time, 1380.02 real, 616 MB
[runlim] sample:		2817.83 time, 1390.02 real, 681 MB
[runlim] sample:		2838.10 time, 1400.02 real, 681 MB
[runlim] sample:		2858.37 time, 1410.02 real, 665 MB
[runlim] sample:		2878.66 time, 1420.02 real, 665 MB
[runlim] sample:		2898.92 time, 1430.02 real, 658 MB
[runlim] sample:		2919.20 time, 1440.02 real, 658 MB
[runlim] sample:		2939.48 time, 1450.02 real, 658 MB
[runlim] sample:		2959.75 time, 1460.02 real, 623 MB
[runlim] sample:		2980.01 time, 1470.02 real, 626 MB
[runlim] sample:		3000.29 time, 1480.02 real, 652 MB
[runlim] sample:		3020.56 time, 1490.02 real, 652 MB
[runlim] sample:		3040.83 time, 1500.02 real, 660 MB
[runlim] sample:		3061.11 time, 1510.02 real, 660 MB
[runlim] sample:		3081.37 time, 1520.02 real, 668 MB
[runlim] sample:		3101.65 time, 1530.02 real, 673 MB
[runlim] sample:		3121.93 time, 1540.02 real, 695 MB
[runlim] sample:		3142.21 time, 1550.02 real, 660 MB
[runlim] sample:		3162.49 time, 1560.02 real, 662 MB
[runlim] sample:		3182.75 time, 1570.02 real, 663 MB
[runlim] sample:		3203.02 time, 1580.02 real, 666 MB
[runlim] sample:		3223.30 time, 1590.02 real, 677 MB
[runlim] sample:		3243.57 time, 1600.02 real, 677 MB
[runlim] sample:		3263.85 time, 1610.02 real, 672 MB
[runlim] sample:		3284.12 time, 1620.02 real, 672 MB
[runlim] sample:		3304.40 time, 1630.02 real, 674 MB
[runlim] sample:		3324.66 time, 1640.02 real, 685 MB
[runlim] sample:		3344.94 time, 1650.02 real, 685 MB
[runlim] sample:		3365.21 time, 1660.02 real, 675 MB
[runlim] sample:		3385.49 time, 1670.02 real, 675 MB
[runlim] sample:		3405.76 time, 1680.02 real, 677 MB
[runlim] sample:		3426.02 time, 1690.02 real, 690 MB
[runlim] sample:		3446.31 time, 1700.02 real, 698 MB
[runlim] sample:		3466.59 time, 1710.02 real, 699 MB
[runlim] sample:		3486.86 time, 1720.02 real, 700 MB
[runlim] sample:		3507.14 time, 1730.02 real, 701 MB
[runlim] sample:		3527.40 time, 1740.01 real, 702 MB
[runlim] sample:		3547.66 time, 1750.02 real, 725 MB
[runlim] sample:		3567.94 time, 1760.02 real, 726 MB
[runlim] sample:		3588.22 time, 1770.02 real, 735 MB
[runlim] sample:		3608.49 time, 1780.02 real, 753 MB
[runlim] sample:		3628.77 time, 1790.02 real, 755 MB
[runlim] sample:		3649.05 time, 1800.02 real, 757 MB
[runlim] sample:		3669.31 time, 1810.02 real, 757 MB
[runlim] sample:		3689.59 time, 1820.02 real, 761 MB
[runlim] sample:		3709.86 time, 1830.02 real, 720 MB
[runlim] sample:		3730.13 time, 1840.02 real, 720 MB
[runlim] sample:		3750.42 time, 1850.02 real, 720 MB
[runlim] sample:		3770.68 time, 1860.02 real, 730 MB
[runlim] sample:		3790.96 time, 1870.02 real, 730 MB
[runlim] sample:		3811.23 time, 1880.02 real, 727 MB
[runlim] sample:		3831.51 time, 1890.02 real, 727 MB
[runlim] sample:		3851.79 time, 1900.02 real, 725 MB
[runlim] sample:		3872.06 time, 1910.02 real, 725 MB
[runlim] sample:		3892.33 time, 1920.02 real, 725 MB
[runlim] sample:		3912.61 time, 1930.02 real, 770 MB
[runlim] sample:		3932.89 time, 1940.02 real, 770 MB
[runlim] sample:		3953.16 time, 1950.02 real, 770 MB
[runlim] sample:		3973.43 time, 1960.02 real, 735 MB
[runlim] sample:		3993.70 time, 1970.02 real, 735 MB
[runlim] sample:		4013.98 time, 1980.02 real, 721 MB
[runlim] sample:		4034.24 time, 1990.02 real, 727 MB
[runlim] sample:		4054.52 time, 2000.02 real, 727 MB
[runlim] sample:		4074.79 time, 2010.02 real, 728 MB
[runlim] sample:		4095.05 time, 2020.02 real, 728 MB
[runlim] sample:		4115.33 time, 2030.02 real, 728 MB
[runlim] sample:		4135.60 time, 2040.02 real, 731 MB
[runlim] sample:		4155.87 time, 2050.02 real, 721 MB
[runlim] sample:		4176.15 time, 2060.01 real, 721 MB
[runlim] sample:		4196.42 time, 2070.02 real, 695 MB
[runlim] sample:		4216.69 time, 2080.02 real, 695 MB
[runlim] sample:		4236.96 time, 2090.02 real, 695 MB
[runlim] sample:		4257.24 time, 2100.02 real, 743 MB
[runlim] sample:		4277.50 time, 2110.02 real, 743 MB
[runlim] sample:		4297.78 time, 2120.02 real, 733 MB
[runlim] sample:		4318.05 time, 2130.02 real, 698 MB
[runlim] sample:		4338.32 time, 2140.02 real, 698 MB
[runlim] sample:		4358.60 time, 2150.02 real, 736 MB
[runlim] sample:		4378.87 time, 2160.02 real, 736 MB
[runlim] sample:		4399.14 time, 2170.02 real, 738 MB
[runlim] sample:		4419.41 time, 2180.02 real, 738 MB
[runlim] sample:		4439.69 time, 2190.02 real, 738 MB
[runlim] sample:		4459.97 time, 2200.02 real, 745 MB
[runlim] sample:		4480.24 time, 2210.02 real, 745 MB
[runlim] sample:		4500.51 time, 2220.02 real, 745 MB
[runlim] sample:		4520.79 time, 2230.02 real, 773 MB
[runlim] sample:		4541.07 time, 2240.02 real, 773 MB
[runlim] sample:		4561.34 time, 2250.02 real, 773 MB
[runlim] sample:		4581.60 time, 2260.02 real, 755 MB
[runlim] sample:		4601.86 time, 2270.02 real, 755 MB
[runlim] sample:		4622.15 time, 2280.02 real, 737 MB
[runlim] sample:		4642.42 time, 2290.02 real, 737 MB
[runlim] sample:		4662.68 time, 2300.02 real, 737 MB
[runlim] sample:		4682.96 time, 2310.02 real, 698 MB
[runlim] sample:		4703.23 time, 2320.02 real, 698 MB
[runlim] sample:		4723.52 time, 2330.02 real, 736 MB
[runlim] sample:		4743.79 time, 2340.02 real, 736 MB
[runlim] sample:		4764.07 time, 2350.02 real, 736 MB
[runlim] sample:		4784.36 time, 2360.02 real, 719 MB
[runlim] sample:		4804.63 time, 2370.02 real, 719 MB
[runlim] sample:		4824.90 time, 2380.02 real, 719 MB
[runlim] sample:		4845.17 time, 2390.02 real, 767 MB
[runlim] sample:		4865.45 time, 2400.02 real, 767 MB
[runlim] sample:		4885.73 time, 2410.02 real, 767 MB
[runlim] sample:		4906.01 time, 2420.02 real, 767 MB
[runlim] sample:		4926.28 time, 2430.02 real, 762 MB
[runlim] sample:		4946.56 time, 2440.02 real, 762 MB
[runlim] sample:		4966.84 time, 2450.02 real, 769 MB
[runlim] sample:		4987.12 time, 2460.02 real, 769 MB
[runlim] sample:		5007.39 time, 2470.02 real, 769 MB
[runlim] sample:		5027.66 time, 2480.02 real, 758 MB
[runlim] sample:		5047.93 time, 2490.02 real, 758 MB
[runlim] sample:		5068.21 time, 2500.02 real, 758 MB
[runlim] sample:		5088.49 time, 2510.02 real, 759 MB
[runlim] sample:		5108.75 time, 2520.02 real, 759 MB
[runlim] sample:		5129.01 time, 2530.02 real, 759 MB
[runlim] sample:		5149.30 time, 2540.02 real, 759 MB
[runlim] sample:		5169.58 time, 2550.02 real, 758 MB
[runlim] sample:		5189.85 time, 2560.02 real, 758 MB
[runlim] sample:		5210.13 time, 2570.02 real, 722 MB
[runlim] sample:		5230.41 time, 2580.02 real, 722 MB
[runlim] sample:		5250.68 time, 2590.02 real, 760 MB
[runlim] sample:		5270.96 time, 2600.02 real, 760 MB
[runlim] sample:		5291.24 time, 2610.02 real, 760 MB
[runlim] sample:		5311.51 time, 2620.02 real, 770 MB
[runlim] sample:		5331.78 time, 2630.02 real, 756 MB
[runlim] sample:		5352.05 time, 2640.02 real, 780 MB
[runlim] sample:		5372.32 time, 2650.02 real, 781 MB
[runlim] sample:		5392.59 time, 2660.02 real, 792 MB
[runlim] sample:		5412.86 time, 2670.02 real, 792 MB
[runlim] sample:		5433.13 time, 2680.02 real, 792 MB
[runlim] sample:		5453.41 time, 2690.02 real, 785 MB
[runlim] sample:		5473.69 time, 2700.02 real, 777 MB
[runlim] sample:		5493.95 time, 2710.02 real, 777 MB
[runlim] sample:		5514.22 time, 2720.02 real, 777 MB
[runlim] sample:		5534.51 time, 2730.02 real, 738 MB
[runlim] sample:		5554.79 time, 2740.02 real, 738 MB
[runlim] sample:		5575.05 time, 2750.02 real, 780 MB
[runlim] sample:		5595.32 time, 2760.02 real, 780 MB
[runlim] sample:		5615.60 time, 2770.02 real, 780 MB
[runlim] sample:		5635.87 time, 2780.02 real, 792 MB
[runlim] sample:		5656.14 time, 2790.02 real, 810 MB
[runlim] sample:		5676.41 time, 2800.02 real, 822 MB
[runlim] sample:		5696.69 time, 2810.02 real, 835 MB
[runlim] sample:		5716.97 time, 2820.02 real, 796 MB
[runlim] sample:		5737.24 time, 2830.02 real, 805 MB
[runlim] sample:		5757.51 time, 2840.02 real, 811 MB
[runlim] sample:		5777.79 time, 2850.02 real, 838 MB
[runlim] sample:		5798.05 time, 2860.02 real, 909 MB
[runlim] sample:		5818.33 time, 2870.02 real, 942 MB
[runlim] sample:		5838.59 time, 2880.02 real, 942 MB
[runlim] sample:		5858.87 time, 2890.02 real, 896 MB
[runlim] sample:		5879.14 time, 2900.02 real, 896 MB
[runlim] sample:		5899.42 time, 2910.02 real, 896 MB
[runlim] sample:		5919.69 time, 2920.02 real, 896 MB
[runlim] sample:		5939.95 time, 2930.02 real, 962 MB
[runlim] sample:		5960.23 time, 2940.02 real, 962 MB
[runlim] sample:		5980.49 time, 2950.02 real, 1006 MB
[runlim] sample:		6000.77 time, 2960.02 real, 1006 MB
[runlim] sample:		6021.05 time, 2970.02 real, 983 MB
[runlim] sample:		6041.33 time, 2980.02 real, 983 MB
[runlim] sample:		6061.59 time, 2990.01 real, 983 MB
[runlim] sample:		6081.86 time, 3000.02 real, 983 MB
[runlim] sample:		6102.13 time, 3010.02 real, 992 MB
[runlim] sample:		6122.40 time, 3020.02 real, 1003 MB
[runlim] sample:		6142.68 time, 3030.02 real, 1019 MB
[runlim] sample:		6162.95 time, 3040.02 real, 1022 MB
[runlim] sample:		6183.23 time, 3050.02 real, 928 MB
[runlim] sample:		6203.50 time, 3060.02 real, 932 MB
[runlim] sample:		6223.78 time, 3070.02 real, 939 MB
[runlim] sample:		6244.05 time, 3080.02 real, 943 MB
[runlim] sample:		6264.31 time, 3090.02 real, 942 MB
[runlim] sample:		6284.58 time, 3100.02 real, 943 MB
[runlim] sample:		6304.85 time, 3110.02 real, 945 MB
[runlim] sample:		6325.14 time, 3120.02 real, 949 MB
[runlim] sample:		6345.41 time, 3130.02 real, 958 MB
[runlim] sample:		6365.69 time, 3140.02 real, 960 MB
[runlim] sample:		6385.96 time, 3150.02 real, 962 MB
[runlim] sample:		6406.24 time, 3160.02 real, 1001 MB
[runlim] sample:		6426.50 time, 3170.02 real, 1002 MB
[runlim] sample:		6446.78 time, 3180.02 real, 1004 MB
[runlim] sample:		6467.05 time, 3190.02 real, 1013 MB
[runlim] sample:		6487.32 time, 3200.02 real, 1015 MB
[runlim] sample:		6507.59 time, 3210.02 real, 981 MB
[runlim] sample:		6527.87 time, 3220.02 real, 987 MB
[runlim] sample:		6548.15 time, 3230.02 real, 987 MB
[runlim] sample:		6568.41 time, 3240.01 real, 997 MB
[runlim] sample:		6588.68 time, 3250.02 real, 1000 MB
[runlim] sample:		6608.96 time, 3260.02 real, 1019 MB
[runlim] sample:		6629.25 time, 3270.02 real, 1021 MB
[runlim] sample:		6649.51 time, 3280.02 real, 1024 MB
[runlim] sample:		6669.78 time, 3290.02 real, 1023 MB
[runlim] sample:		6690.06 time, 3300.02 real, 1023 MB
[runlim] sample:		6710.31 time, 3310.02 real, 1019 MB
[runlim] sample:		6730.58 time, 3320.02 real, 1019 MB
[runlim] sample:		6750.86 time, 3330.02 real, 1026 MB
[runlim] sample:		6771.12 time, 3340.02 real, 1020 MB
[runlim] sample:		6791.40 time, 3350.02 real, 1020 MB
[runlim] sample:		6811.68 time, 3360.01 real, 1020 MB
[runlim] sample:		6831.94 time, 3370.02 real, 1024 MB
[runlim] sample:		6852.22 time, 3380.02 real, 1024 MB
[runlim] sample:		6872.49 time, 3390.02 real, 976 MB
[runlim] sample:		6892.76 time, 3400.02 real, 996 MB
[runlim] sample:		6913.03 time, 3410.02 real, 996 MB
[runlim] sample:		6933.32 time, 3420.02 real, 1043 MB
[runlim] sample:		6953.58 time, 3430.02 real, 1043 MB
[runlim] sample:		6973.85 time, 3440.02 real, 1053 MB
[runlim] sample:		6994.12 time, 3450.02 real, 1053 MB
[runlim] sample:		7014.41 time, 3460.02 real, 1053 MB
[runlim] sample:		7034.67 time, 3470.02 real, 1048 MB
[runlim] sample:		7054.94 time, 3480.02 real, 1048 MB
[runlim] sample:		7075.22 time, 3490.02 real, 1048 MB
[runlim] sample:		7095.49 time, 3500.02 real, 1049 MB
[runlim] sample:		7115.77 time, 3510.02 real, 1049 MB
[runlim] sample:		7136.03 time, 3520.02 real, 1049 MB
[runlim] sample:		7156.30 time, 3530.02 real, 1055 MB
[runlim] sample:		7176.57 time, 3540.02 real, 1055 MB
[runlim] sample:		7196.86 time, 3550.02 real, 1050 MB
[runlim] sample:		7217.12 time, 3560.02 real, 1050 MB
[runlim] sample:		7237.39 time, 3570.02 real, 1048 MB
[runlim] sample:		7257.67 time, 3580.02 real, 1048 MB
[runlim] sample:		7277.92 time, 3590.02 real, 1048 MB
[runlim] sample:		7298.22 time, 3600.02 real, 1046 MB
[runlim] end:			Wed Oct 16 18:01:13 2019
[runlim] status:		out of time
[runlim] result:		2
[runlim] children:		4
[runlim] real:			3600.10 seconds
[runlim] time:			7298.22 seconds
[runlim] space:			1119 MB
[runlim] samples:		36000
