[runlim] version:		1.17
[runlim] host:			c3n01
[runlim] time limit:		311040000 seconds
[runlim] real time limit:	3600 seconds
[runlim] space limit:		120000 MB
[runlim] argv[0]:		./run-cosa2.sh
[runlim] argv[1]:		/tmp/cW54Qs8e.btor
[runlim] start:			Wed Oct 16 18:06:39 2019
[runlim] child:			5856
[runlim] sample:		20.14 time, 10.01 real, 102 MB
[runlim] sample:		40.37 time, 20.01 real, 121 MB
[runlim] sample:		60.60 time, 30.01 real, 129 MB
[runlim] sample:		80.87 time, 40.02 real, 165 MB
[runlim] sample:		101.14 time, 50.01 real, 174 MB
[runlim] sample:		121.41 time, 60.01 real, 185 MB
[runlim] sample:		141.68 time, 70.01 real, 187 MB
[runlim] sample:		161.96 time, 80.01 real, 192 MB
[runlim] sample:		182.23 time, 90.01 real, 206 MB
[runlim] sample:		202.51 time, 100.01 real, 208 MB
[runlim] sample:		222.78 time, 110.01 real, 208 MB
[runlim] sample:		243.06 time, 120.01 real, 221 MB
[runlim] sample:		263.33 time, 130.01 real, 225 MB
[runlim] sample:		283.57 time, 140.01 real, 239 MB
[runlim] sample:		303.85 time, 150.01 real, 245 MB
[runlim] sample:		324.11 time, 160.01 real, 248 MB
[runlim] sample:		344.38 time, 170.01 real, 248 MB
[runlim] sample:		364.66 time, 180.01 real, 263 MB
[runlim] sample:		384.92 time, 190.02 real, 265 MB
[runlim] sample:		405.20 time, 200.01 real, 272 MB
[runlim] sample:		425.47 time, 210.01 real, 275 MB
[runlim] sample:		445.74 time, 220.02 real, 270 MB
[runlim] sample:		466.02 time, 230.01 real, 277 MB
[runlim] sample:		486.29 time, 240.02 real, 279 MB
[runlim] sample:		506.56 time, 250.01 real, 280 MB
[runlim] sample:		526.82 time, 260.01 real, 290 MB
[runlim] sample:		547.10 time, 270.01 real, 287 MB
[runlim] sample:		567.37 time, 280.01 real, 289 MB
[runlim] sample:		587.63 time, 290.01 real, 292 MB
[runlim] sample:		607.91 time, 300.01 real, 294 MB
[runlim] sample:		628.18 time, 310.01 real, 297 MB
[runlim] sample:		648.45 time, 320.01 real, 295 MB
[runlim] sample:		668.73 time, 330.01 real, 296 MB
[runlim] sample:		688.99 time, 340.01 real, 298 MB
[runlim] sample:		709.26 time, 350.01 real, 301 MB
[runlim] sample:		729.55 time, 360.01 real, 303 MB
[runlim] sample:		749.82 time, 370.01 real, 312 MB
[runlim] sample:		770.09 time, 380.01 real, 314 MB
[runlim] sample:		790.36 time, 390.02 real, 340 MB
[runlim] sample:		810.63 time, 400.01 real, 347 MB
[runlim] sample:		830.89 time, 410.01 real, 359 MB
[runlim] sample:		851.16 time, 420.01 real, 353 MB
[runlim] sample:		871.45 time, 430.01 real, 357 MB
[runlim] sample:		891.72 time, 440.02 real, 361 MB
[runlim] sample:		911.97 time, 450.02 real, 368 MB
[runlim] sample:		932.24 time, 460.01 real, 360 MB
[runlim] sample:		952.51 time, 470.01 real, 366 MB
[runlim] sample:		972.79 time, 480.01 real, 369 MB
[runlim] sample:		993.08 time, 490.02 real, 371 MB
[runlim] sample:		1013.34 time, 500.01 real, 378 MB
[runlim] sample:		1033.61 time, 510.01 real, 383 MB
[runlim] sample:		1053.88 time, 520.01 real, 387 MB
[runlim] sample:		1074.16 time, 530.01 real, 378 MB
[runlim] sample:		1094.44 time, 540.02 real, 381 MB
[runlim] sample:		1114.71 time, 550.02 real, 385 MB
[runlim] sample:		1134.98 time, 560.01 real, 389 MB
[runlim] sample:		1155.25 time, 570.01 real, 379 MB
[runlim] sample:		1175.51 time, 580.01 real, 385 MB
[runlim] sample:		1195.79 time, 590.01 real, 389 MB
[runlim] sample:		1216.06 time, 600.01 real, 380 MB
[runlim] sample:		1236.33 time, 610.01 real, 385 MB
[runlim] sample:		1256.61 time, 620.01 real, 389 MB
[runlim] sample:		1276.87 time, 630.01 real, 394 MB
[runlim] sample:		1297.14 time, 640.01 real, 384 MB
[runlim] sample:		1317.40 time, 650.01 real, 387 MB
[runlim] sample:		1337.67 time, 660.01 real, 393 MB
[runlim] sample:		1357.96 time, 670.01 real, 399 MB
[runlim] sample:		1378.23 time, 680.01 real, 403 MB
[runlim] sample:		1398.49 time, 690.01 real, 393 MB
[runlim] sample:		1418.76 time, 700.02 real, 393 MB
[runlim] sample:		1439.01 time, 710.01 real, 398 MB
[runlim] sample:		1459.28 time, 720.01 real, 401 MB
[runlim] sample:		1479.56 time, 730.01 real, 405 MB
[runlim] sample:		1499.82 time, 740.01 real, 396 MB
[runlim] sample:		1520.08 time, 750.01 real, 399 MB
[runlim] sample:		1540.35 time, 760.01 real, 419 MB
[runlim] sample:		1560.62 time, 770.01 real, 423 MB
[runlim] sample:		1580.89 time, 780.01 real, 419 MB
[runlim] sample:		1601.17 time, 790.01 real, 424 MB
[runlim] sample:		1621.41 time, 800.01 real, 429 MB
[runlim] sample:		1641.68 time, 810.01 real, 434 MB
[runlim] sample:		1661.94 time, 820.01 real, 439 MB
[runlim] sample:		1682.22 time, 830.01 real, 438 MB
[runlim] sample:		1702.50 time, 840.01 real, 442 MB
[runlim] sample:		1722.76 time, 850.02 real, 446 MB
[runlim] sample:		1743.04 time, 860.01 real, 450 MB
[runlim] sample:		1763.31 time, 870.01 real, 454 MB
[runlim] sample:		1783.56 time, 880.01 real, 442 MB
[runlim] sample:		1803.80 time, 890.01 real, 446 MB
[runlim] sample:		1824.08 time, 900.01 real, 450 MB
[runlim] sample:		1844.35 time, 910.01 real, 454 MB
[runlim] sample:		1864.62 time, 920.01 real, 458 MB
[runlim] sample:		1884.90 time, 930.01 real, 450 MB
[runlim] sample:		1905.17 time, 940.01 real, 460 MB
[runlim] sample:		1925.43 time, 950.01 real, 481 MB
[runlim] sample:		1945.71 time, 960.02 real, 484 MB
[runlim] sample:		1965.99 time, 970.01 real, 487 MB
[runlim] sample:		1986.25 time, 980.01 real, 490 MB
[runlim] sample:		2006.54 time, 990.01 real, 476 MB
[runlim] sample:		2026.82 time, 1000.01 real, 480 MB
[runlim] sample:		2047.10 time, 1010.01 real, 485 MB
[runlim] sample:		2067.37 time, 1020.01 real, 488 MB
[runlim] sample:		2087.65 time, 1030.01 real, 493 MB
[runlim] sample:		2107.92 time, 1040.01 real, 497 MB
[runlim] sample:		2128.19 time, 1050.01 real, 491 MB
[runlim] sample:		2148.46 time, 1060.01 real, 497 MB
[runlim] sample:		2168.74 time, 1070.01 real, 501 MB
[runlim] sample:		2189.01 time, 1080.01 real, 505 MB
[runlim] sample:		2209.28 time, 1090.01 real, 509 MB
[runlim] sample:		2229.56 time, 1100.01 real, 496 MB
[runlim] sample:		2249.84 time, 1110.01 real, 501 MB
[runlim] sample:		2270.11 time, 1120.01 real, 504 MB
[runlim] sample:		2290.39 time, 1130.01 real, 508 MB
[runlim] sample:		2310.66 time, 1140.01 real, 513 MB
[runlim] sample:		2330.94 time, 1150.01 real, 516 MB
[runlim] sample:		2351.20 time, 1160.01 real, 510 MB
[runlim] sample:		2371.47 time, 1170.02 real, 513 MB
[runlim] sample:		2391.74 time, 1180.01 real, 516 MB
[runlim] sample:		2412.01 time, 1190.01 real, 520 MB
[runlim] sample:		2432.26 time, 1200.01 real, 527 MB
[runlim] sample:		2452.53 time, 1210.01 real, 531 MB
[runlim] sample:		2472.80 time, 1220.02 real, 535 MB
[runlim] sample:		2493.07 time, 1230.01 real, 522 MB
[runlim] sample:		2513.34 time, 1240.01 real, 526 MB
[runlim] sample:		2533.61 time, 1250.01 real, 530 MB
[runlim] sample:		2553.88 time, 1260.01 real, 534 MB
[runlim] sample:		2574.17 time, 1270.01 real, 547 MB
[runlim] sample:		2594.44 time, 1280.01 real, 551 MB
[runlim] sample:		2614.70 time, 1290.02 real, 529 MB
[runlim] sample:		2634.97 time, 1300.01 real, 544 MB
[runlim] sample:		2655.25 time, 1310.01 real, 548 MB
[runlim] sample:		2675.53 time, 1320.01 real, 552 MB
[runlim] sample:		2695.81 time, 1330.01 real, 555 MB
[runlim] sample:		2716.08 time, 1340.01 real, 560 MB
[runlim] sample:		2736.36 time, 1350.01 real, 564 MB
[runlim] sample:		2756.63 time, 1360.01 real, 548 MB
[runlim] sample:		2776.92 time, 1370.01 real, 553 MB
[runlim] sample:		2797.19 time, 1380.01 real, 557 MB
[runlim] sample:		2817.45 time, 1390.01 real, 561 MB
[runlim] sample:		2837.71 time, 1400.01 real, 565 MB
[runlim] sample:		2857.99 time, 1410.01 real, 569 MB
[runlim] sample:		2878.26 time, 1420.01 real, 572 MB
[runlim] sample:		2898.55 time, 1430.01 real, 568 MB
[runlim] sample:		2918.81 time, 1440.01 real, 573 MB
[runlim] sample:		2939.08 time, 1450.01 real, 577 MB
[runlim] sample:		2959.36 time, 1460.01 real, 581 MB
[runlim] sample:		2979.63 time, 1470.01 real, 586 MB
[runlim] sample:		2999.91 time, 1480.02 real, 598 MB
[runlim] sample:		3020.21 time, 1490.02 real, 622 MB
[runlim] sample:		3040.48 time, 1500.02 real, 625 MB
[runlim] sample:		3060.75 time, 1510.01 real, 606 MB
[runlim] sample:		3081.03 time, 1520.01 real, 610 MB
[runlim] sample:		3101.30 time, 1530.01 real, 614 MB
[runlim] sample:		3121.58 time, 1540.02 real, 618 MB
[runlim] sample:		3141.86 time, 1550.01 real, 622 MB
[runlim] sample:		3162.13 time, 1560.01 real, 633 MB
[runlim] sample:		3182.40 time, 1570.01 real, 637 MB
[runlim] sample:		3202.67 time, 1580.01 real, 616 MB
[runlim] sample:		3222.96 time, 1590.02 real, 622 MB
[runlim] sample:		3243.23 time, 1600.01 real, 626 MB
[runlim] sample:		3263.50 time, 1610.01 real, 629 MB
[runlim] sample:		3283.78 time, 1620.01 real, 634 MB
[runlim] sample:		3304.04 time, 1630.01 real, 637 MB
[runlim] sample:		3324.33 time, 1640.01 real, 641 MB
[runlim] sample:		3344.59 time, 1650.01 real, 654 MB
[runlim] sample:		3364.87 time, 1660.02 real, 610 MB
[runlim] sample:		3385.14 time, 1670.01 real, 616 MB
[runlim] sample:		3405.41 time, 1680.01 real, 620 MB
[runlim] sample:		3425.70 time, 1690.01 real, 624 MB
[runlim] sample:		3445.97 time, 1700.01 real, 629 MB
[runlim] sample:		3466.24 time, 1710.01 real, 633 MB
[runlim] sample:		3486.52 time, 1720.01 real, 637 MB
[runlim] sample:		3506.80 time, 1730.01 real, 642 MB
[runlim] sample:		3527.08 time, 1740.02 real, 666 MB
[runlim] sample:		3547.35 time, 1750.01 real, 669 MB
[runlim] sample:		3567.62 time, 1760.01 real, 672 MB
[runlim] sample:		3587.90 time, 1770.01 real, 676 MB
[runlim] sample:		3608.18 time, 1780.01 real, 680 MB
[runlim] sample:		3628.43 time, 1790.01 real, 684 MB
[runlim] sample:		3648.70 time, 1800.01 real, 689 MB
[runlim] sample:		3668.96 time, 1810.01 real, 693 MB
[runlim] sample:		3689.24 time, 1820.01 real, 697 MB
[runlim] sample:		3709.51 time, 1830.02 real, 674 MB
[runlim] sample:		3729.77 time, 1840.02 real, 685 MB
[runlim] sample:		3750.05 time, 1850.01 real, 707 MB
[runlim] sample:		3770.31 time, 1860.01 real, 711 MB
[runlim] sample:		3790.59 time, 1870.01 real, 715 MB
[runlim] sample:		3810.86 time, 1880.01 real, 719 MB
[runlim] sample:		3831.12 time, 1890.01 real, 723 MB
[runlim] sample:		3851.38 time, 1900.01 real, 727 MB
[runlim] sample:		3871.66 time, 1910.01 real, 679 MB
[runlim] sample:		3891.94 time, 1920.01 real, 683 MB
[runlim] sample:		3912.22 time, 1930.01 real, 687 MB
[runlim] sample:		3932.50 time, 1940.01 real, 692 MB
[runlim] sample:		3952.77 time, 1950.01 real, 696 MB
[runlim] sample:		3973.04 time, 1960.01 real, 700 MB
[runlim] sample:		3993.32 time, 1970.01 real, 706 MB
[runlim] sample:		4013.59 time, 1980.01 real, 710 MB
[runlim] sample:		4033.81 time, 1990.01 real, 720 MB
[runlim] sample:		4054.08 time, 2000.01 real, 699 MB
[runlim] sample:		4074.36 time, 2010.01 real, 703 MB
[runlim] sample:		4094.64 time, 2020.01 real, 707 MB
[runlim] sample:		4114.93 time, 2030.01 real, 711 MB
[runlim] sample:		4135.20 time, 2040.01 real, 715 MB
[runlim] sample:		4155.46 time, 2050.02 real, 719 MB
[runlim] sample:		4175.73 time, 2060.01 real, 724 MB
[runlim] sample:		4196.00 time, 2070.01 real, 728 MB
[runlim] sample:		4216.27 time, 2080.01 real, 732 MB
[runlim] sample:		4236.54 time, 2090.01 real, 741 MB
[runlim] sample:		4256.79 time, 2100.01 real, 746 MB
[runlim] sample:		4277.05 time, 2110.01 real, 750 MB
[runlim] sample:		4297.33 time, 2120.01 real, 754 MB
[runlim] sample:		4317.59 time, 2130.01 real, 758 MB
[runlim] sample:		4337.86 time, 2140.01 real, 763 MB
[runlim] sample:		4358.14 time, 2150.01 real, 767 MB
[runlim] sample:		4378.41 time, 2160.02 real, 771 MB
[runlim] sample:		4398.67 time, 2170.02 real, 775 MB
[runlim] sample:		4418.94 time, 2180.02 real, 742 MB
[runlim] sample:		4439.19 time, 2190.01 real, 751 MB
[runlim] sample:		4459.46 time, 2200.01 real, 756 MB
[runlim] sample:		4479.73 time, 2210.01 real, 760 MB
[runlim] sample:		4500.01 time, 2220.01 real, 764 MB
[runlim] sample:		4520.28 time, 2230.01 real, 768 MB
[runlim] sample:		4540.55 time, 2240.01 real, 772 MB
[runlim] sample:		4560.82 time, 2250.01 real, 776 MB
[runlim] sample:		4581.10 time, 2260.02 real, 780 MB
[runlim] sample:		4601.36 time, 2270.02 real, 783 MB
[runlim] sample:		4621.64 time, 2280.01 real, 787 MB
[runlim] sample:		4641.91 time, 2290.01 real, 775 MB
[runlim] sample:		4662.18 time, 2300.01 real, 779 MB
[runlim] sample:		4682.46 time, 2310.01 real, 783 MB
[runlim] sample:		4702.72 time, 2320.01 real, 788 MB
[runlim] sample:		4722.99 time, 2330.01 real, 792 MB
[runlim] sample:		4743.27 time, 2340.01 real, 796 MB
[runlim] sample:		4763.54 time, 2350.01 real, 800 MB
[runlim] sample:		4783.81 time, 2360.01 real, 804 MB
[runlim] sample:		4804.08 time, 2370.01 real, 809 MB
[runlim] sample:		4824.36 time, 2380.01 real, 788 MB
[runlim] sample:		4844.62 time, 2390.01 real, 792 MB
[runlim] sample:		4864.90 time, 2400.01 real, 796 MB
[runlim] sample:		4885.17 time, 2410.01 real, 800 MB
[runlim] sample:		4905.44 time, 2420.01 real, 804 MB
[runlim] sample:		4925.70 time, 2430.01 real, 808 MB
[runlim] sample:		4945.99 time, 2440.01 real, 813 MB
[runlim] sample:		4966.26 time, 2450.01 real, 817 MB
[runlim] sample:		4986.53 time, 2460.01 real, 821 MB
[runlim] sample:		5006.80 time, 2470.01 real, 826 MB
[runlim] sample:		5027.06 time, 2480.02 real, 806 MB
[runlim] sample:		5047.35 time, 2490.01 real, 823 MB
[runlim] sample:		5067.61 time, 2500.01 real, 845 MB
[runlim] sample:		5087.89 time, 2510.01 real, 849 MB
[runlim] sample:		5108.16 time, 2520.01 real, 853 MB
[runlim] sample:		5128.42 time, 2530.02 real, 856 MB
[runlim] sample:		5148.70 time, 2540.01 real, 859 MB
[runlim] sample:		5168.97 time, 2550.01 real, 863 MB
[runlim] sample:		5189.24 time, 2560.01 real, 866 MB
[runlim] sample:		5209.50 time, 2570.01 real, 870 MB
[runlim] sample:		5229.79 time, 2580.02 real, 875 MB
[runlim] sample:		5250.04 time, 2590.01 real, 879 MB
[runlim] sample:		5270.32 time, 2600.01 real, 848 MB
[runlim] sample:		5290.60 time, 2610.02 real, 852 MB
[runlim] sample:		5310.88 time, 2620.01 real, 856 MB
[runlim] sample:		5331.15 time, 2630.01 real, 862 MB
[runlim] sample:		5351.42 time, 2640.01 real, 866 MB
[runlim] sample:		5371.71 time, 2650.01 real, 870 MB
[runlim] sample:		5391.97 time, 2660.01 real, 875 MB
[runlim] sample:		5412.25 time, 2670.01 real, 879 MB
[runlim] sample:		5432.52 time, 2680.01 real, 883 MB
[runlim] sample:		5452.77 time, 2690.01 real, 887 MB
[runlim] sample:		5473.05 time, 2700.01 real, 869 MB
[runlim] sample:		5493.32 time, 2710.01 real, 873 MB
[runlim] sample:		5513.60 time, 2720.01 real, 877 MB
[runlim] sample:		5533.83 time, 2730.02 real, 881 MB
[runlim] sample:		5554.10 time, 2740.01 real, 892 MB
[runlim] sample:		5574.36 time, 2750.01 real, 899 MB
[runlim] sample:		5594.65 time, 2760.01 real, 903 MB
[runlim] sample:		5614.92 time, 2770.01 real, 907 MB
[runlim] sample:		5635.20 time, 2780.02 real, 911 MB
[runlim] sample:		5655.42 time, 2790.02 real, 880 MB
[runlim] sample:		5675.69 time, 2800.01 real, 883 MB
[runlim] sample:		5695.99 time, 2810.01 real, 886 MB
[runlim] sample:		5716.27 time, 2820.02 real, 895 MB
[runlim] sample:		5736.52 time, 2830.01 real, 899 MB
[runlim] sample:		5756.80 time, 2840.01 real, 903 MB
[runlim] sample:		5777.07 time, 2850.01 real, 908 MB
[runlim] sample:		5797.34 time, 2860.01 real, 912 MB
[runlim] sample:		5817.59 time, 2870.01 real, 916 MB
[runlim] sample:		5837.87 time, 2880.01 real, 911 MB
[runlim] sample:		5858.15 time, 2890.01 real, 915 MB
[runlim] sample:		5878.43 time, 2900.01 real, 920 MB
[runlim] sample:		5898.70 time, 2910.01 real, 924 MB
[runlim] sample:		5918.97 time, 2920.01 real, 928 MB
[runlim] sample:		5939.23 time, 2930.01 real, 903 MB
[runlim] sample:		5959.51 time, 2940.01 real, 907 MB
[runlim] sample:		5979.78 time, 2950.01 real, 911 MB
[runlim] sample:		6000.05 time, 2960.01 real, 916 MB
[runlim] sample:		6020.32 time, 2970.01 real, 920 MB
[runlim] sample:		6040.58 time, 2980.01 real, 924 MB
[runlim] sample:		6060.86 time, 2990.01 real, 928 MB
[runlim] sample:		6081.13 time, 3000.01 real, 932 MB
[runlim] sample:		6101.41 time, 3010.01 real, 938 MB
[runlim] sample:		6121.68 time, 3020.01 real, 944 MB
[runlim] sample:		6141.95 time, 3030.01 real, 948 MB
[runlim] sample:		6162.23 time, 3040.01 real, 898 MB
[runlim] sample:		6182.50 time, 3050.01 real, 902 MB
[runlim] sample:		6202.77 time, 3060.02 real, 906 MB
[runlim] sample:		6223.03 time, 3070.01 real, 910 MB
[runlim] sample:		6243.29 time, 3080.01 real, 913 MB
[runlim] sample:		6263.55 time, 3090.01 real, 917 MB
[runlim] sample:		6283.82 time, 3100.01 real, 921 MB
[runlim] sample:		6304.06 time, 3110.01 real, 925 MB
[runlim] sample:		6324.32 time, 3120.01 real, 929 MB
[runlim] sample:		6344.61 time, 3130.01 real, 934 MB
[runlim] sample:		6364.88 time, 3140.01 real, 938 MB
[runlim] sample:		6385.16 time, 3150.02 real, 942 MB
[runlim] sample:		6405.44 time, 3160.02 real, 937 MB
[runlim] sample:		6425.72 time, 3170.01 real, 941 MB
[runlim] sample:		6446.00 time, 3180.01 real, 945 MB
[runlim] sample:		6466.28 time, 3190.01 real, 950 MB
[runlim] sample:		6486.56 time, 3200.01 real, 976 MB
[runlim] sample:		6506.83 time, 3210.01 real, 980 MB
[runlim] sample:		6527.11 time, 3220.01 real, 984 MB
[runlim] sample:		6547.37 time, 3230.01 real, 988 MB
[runlim] sample:		6567.63 time, 3240.01 real, 992 MB
[runlim] sample:		6587.91 time, 3250.01 real, 996 MB
[runlim] sample:		6608.19 time, 3260.01 real, 1000 MB
[runlim] sample:		6628.46 time, 3270.01 real, 1004 MB
[runlim] sample:		6648.73 time, 3280.01 real, 983 MB
[runlim] sample:		6669.02 time, 3290.01 real, 987 MB
[runlim] sample:		6689.29 time, 3300.01 real, 991 MB
[runlim] sample:		6709.55 time, 3310.01 real, 995 MB
[runlim] sample:		6729.82 time, 3320.02 real, 999 MB
[runlim] sample:		6750.09 time, 3330.02 real, 1002 MB
[runlim] sample:		6770.36 time, 3340.01 real, 1005 MB
[runlim] sample:		6790.63 time, 3350.01 real, 1008 MB
[runlim] sample:		6810.87 time, 3360.01 real, 1012 MB
[runlim] sample:		6831.11 time, 3370.01 real, 1016 MB
[runlim] sample:		6851.38 time, 3380.01 real, 1020 MB
[runlim] sample:		6871.63 time, 3390.01 real, 1024 MB
[runlim] sample:		6891.88 time, 3400.02 real, 1075 MB
[runlim] sample:		6912.16 time, 3410.01 real, 967 MB
[runlim] sample:		6932.43 time, 3420.01 real, 971 MB
[runlim] sample:		6952.70 time, 3430.01 real, 975 MB
[runlim] sample:		6972.94 time, 3440.01 real, 980 MB
[runlim] sample:		6993.18 time, 3450.01 real, 984 MB
[runlim] sample:		7013.45 time, 3460.01 real, 988 MB
[runlim] sample:		7033.72 time, 3470.01 real, 993 MB
[runlim] sample:		7053.99 time, 3480.01 real, 997 MB
[runlim] sample:		7074.26 time, 3490.02 real, 1001 MB
[runlim] sample:		7094.54 time, 3500.02 real, 1007 MB
[runlim] sample:		7114.81 time, 3510.01 real, 1011 MB
[runlim] sample:		7135.10 time, 3520.02 real, 974 MB
[runlim] sample:		7155.36 time, 3530.01 real, 1025 MB
[runlim] sample:		7175.64 time, 3540.01 real, 1029 MB
[runlim] sample:		7195.90 time, 3550.02 real, 1034 MB
[runlim] sample:		7216.18 time, 3560.01 real, 1038 MB
[runlim] sample:		7236.45 time, 3570.01 real, 1042 MB
[runlim] sample:		7256.73 time, 3580.01 real, 1046 MB
[runlim] sample:		7276.99 time, 3590.02 real, 1050 MB
[runlim] sample:		7297.26 time, 3600.02 real, 1053 MB
[runlim] end:			Wed Oct 16 19:06:39 2019
[runlim] status:		out of time
[runlim] result:		2
[runlim] children:		3
[runlim] real:			3600.10 seconds
[runlim] time:			7297.26 seconds
[runlim] space:			1075 MB
[runlim] samples:		36000
