[runlim] version:		1.17
[runlim] host:			c3n15
[runlim] time limit:		311040000 seconds
[runlim] real time limit:	3600 seconds
[runlim] space limit:		120000 MB
[runlim] argv[0]:		./run-cosa2.sh
[runlim] argv[1]:		/tmp/4RGPsHeZ.btor
[runlim] start:			Wed Oct 16 18:04:24 2019
[runlim] child:			26041
[runlim] sample:		20.17 time, 10.01 real, 161 MB
[runlim] sample:		40.45 time, 20.01 real, 204 MB
[runlim] sample:		60.73 time, 30.01 real, 220 MB
[runlim] sample:		80.99 time, 40.01 real, 260 MB
[runlim] sample:		101.25 time, 50.01 real, 279 MB
[runlim] sample:		121.53 time, 60.01 real, 276 MB
[runlim] sample:		141.81 time, 70.01 real, 308 MB
[runlim] sample:		162.08 time, 80.01 real, 335 MB
[runlim] sample:		182.34 time, 90.01 real, 348 MB
[runlim] sample:		202.62 time, 100.01 real, 354 MB
[runlim] sample:		222.89 time, 110.01 real, 370 MB
[runlim] sample:		243.16 time, 120.01 real, 372 MB
[runlim] sample:		263.44 time, 130.01 real, 374 MB
[runlim] sample:		283.74 time, 140.01 real, 368 MB
[runlim] sample:		304.01 time, 150.01 real, 405 MB
[runlim] sample:		324.28 time, 160.02 real, 406 MB
[runlim] sample:		344.55 time, 170.01 real, 423 MB
[runlim] sample:		364.82 time, 180.01 real, 423 MB
[runlim] sample:		385.10 time, 190.01 real, 448 MB
[runlim] sample:		405.37 time, 200.01 real, 465 MB
[runlim] sample:		425.63 time, 210.02 real, 449 MB
[runlim] sample:		445.90 time, 220.01 real, 464 MB
[runlim] sample:		466.17 time, 230.02 real, 468 MB
[runlim] sample:		486.46 time, 240.01 real, 488 MB
[runlim] sample:		506.72 time, 250.02 real, 496 MB
[runlim] sample:		527.01 time, 260.01 real, 521 MB
[runlim] sample:		547.27 time, 270.02 real, 523 MB
[runlim] sample:		567.55 time, 280.01 real, 504 MB
[runlim] sample:		587.82 time, 290.01 real, 504 MB
[runlim] sample:		608.09 time, 300.01 real, 526 MB
[runlim] sample:		628.38 time, 310.01 real, 530 MB
[runlim] sample:		648.65 time, 320.01 real, 531 MB
[runlim] sample:		668.92 time, 330.01 real, 553 MB
[runlim] sample:		689.18 time, 340.01 real, 541 MB
[runlim] sample:		709.46 time, 350.01 real, 567 MB
[runlim] sample:		729.73 time, 360.01 real, 567 MB
[runlim] sample:		750.00 time, 370.01 real, 578 MB
[runlim] sample:		770.28 time, 380.01 real, 578 MB
[runlim] sample:		790.56 time, 390.01 real, 591 MB
[runlim] sample:		810.81 time, 400.01 real, 582 MB
[runlim] sample:		831.10 time, 410.01 real, 595 MB
[runlim] sample:		851.37 time, 420.01 real, 600 MB
[runlim] sample:		871.64 time, 430.01 real, 609 MB
[runlim] sample:		891.91 time, 440.01 real, 603 MB
[runlim] sample:		912.17 time, 450.01 real, 616 MB
[runlim] sample:		932.46 time, 460.01 real, 644 MB
[runlim] sample:		952.73 time, 470.01 real, 654 MB
[runlim] sample:		973.00 time, 480.01 real, 659 MB
[runlim] sample:		993.26 time, 490.01 real, 616 MB
[runlim] sample:		1013.55 time, 500.01 real, 679 MB
[runlim] sample:		1033.81 time, 510.01 real, 667 MB
[runlim] sample:		1054.09 time, 520.01 real, 686 MB
[runlim] sample:		1074.38 time, 530.01 real, 647 MB
[runlim] sample:		1094.65 time, 540.02 real, 700 MB
[runlim] sample:		1114.92 time, 550.01 real, 721 MB
[runlim] sample:		1135.19 time, 560.01 real, 721 MB
[runlim] sample:		1155.48 time, 570.01 real, 692 MB
[runlim] sample:		1175.74 time, 580.01 real, 740 MB
[runlim] sample:		1196.00 time, 590.01 real, 748 MB
[runlim] sample:		1216.28 time, 600.02 real, 722 MB
[runlim] sample:		1236.56 time, 610.02 real, 759 MB
[runlim] sample:		1256.83 time, 620.01 real, 767 MB
[runlim] sample:		1277.10 time, 630.01 real, 766 MB
[runlim] sample:		1297.36 time, 640.01 real, 710 MB
[runlim] sample:		1317.64 time, 650.01 real, 769 MB
[runlim] sample:		1337.90 time, 660.01 real, 757 MB
[runlim] sample:		1358.18 time, 670.01 real, 757 MB
[runlim] sample:		1378.47 time, 680.01 real, 762 MB
[runlim] sample:		1398.72 time, 690.01 real, 742 MB
[runlim] sample:		1419.00 time, 700.01 real, 774 MB
[runlim] sample:		1439.27 time, 710.01 real, 804 MB
[runlim] sample:		1459.53 time, 720.01 real, 828 MB
[runlim] sample:		1479.81 time, 730.01 real, 828 MB
[runlim] sample:		1500.08 time, 740.01 real, 795 MB
[runlim] sample:		1520.35 time, 750.01 real, 829 MB
[runlim] sample:		1540.62 time, 760.01 real, 804 MB
[runlim] sample:		1560.89 time, 770.02 real, 835 MB
[runlim] sample:		1581.16 time, 780.01 real, 817 MB
[runlim] sample:		1601.44 time, 790.01 real, 817 MB
[runlim] sample:		1621.72 time, 800.01 real, 817 MB
[runlim] sample:		1641.98 time, 810.01 real, 835 MB
[runlim] sample:		1662.27 time, 820.01 real, 823 MB
[runlim] sample:		1682.54 time, 830.01 real, 798 MB
[runlim] sample:		1702.80 time, 840.01 real, 833 MB
[runlim] sample:		1723.09 time, 850.01 real, 824 MB
[runlim] sample:		1743.36 time, 860.02 real, 848 MB
[runlim] sample:		1763.63 time, 870.01 real, 865 MB
[runlim] sample:		1783.92 time, 880.01 real, 848 MB
[runlim] sample:		1804.18 time, 890.01 real, 849 MB
[runlim] sample:		1824.46 time, 900.01 real, 858 MB
[runlim] sample:		1844.73 time, 910.01 real, 882 MB
[runlim] sample:		1865.01 time, 920.01 real, 909 MB
[runlim] sample:		1885.28 time, 930.01 real, 894 MB
[runlim] sample:		1905.57 time, 940.01 real, 911 MB
[runlim] sample:		1925.83 time, 950.02 real, 979 MB
[runlim] sample:		1946.11 time, 960.01 real, 952 MB
[runlim] sample:		1966.37 time, 970.01 real, 956 MB
[runlim] sample:		1986.64 time, 980.01 real, 956 MB
[runlim] sample:		2006.92 time, 990.01 real, 957 MB
[runlim] sample:		2027.19 time, 1000.01 real, 957 MB
[runlim] sample:		2047.46 time, 1010.01 real, 957 MB
[runlim] sample:		2067.74 time, 1020.01 real, 918 MB
[runlim] sample:		2088.01 time, 1030.01 real, 902 MB
[runlim] sample:		2108.27 time, 1040.01 real, 903 MB
[runlim] sample:		2128.53 time, 1050.01 real, 952 MB
[runlim] sample:		2148.83 time, 1060.01 real, 954 MB
[runlim] sample:		2169.08 time, 1070.01 real, 953 MB
[runlim] sample:		2189.37 time, 1080.01 real, 953 MB
[runlim] sample:		2209.64 time, 1090.01 real, 956 MB
[runlim] sample:		2229.91 time, 1100.01 real, 956 MB
[runlim] sample:		2250.19 time, 1110.01 real, 955 MB
[runlim] sample:		2270.46 time, 1120.01 real, 955 MB
[runlim] sample:		2290.74 time, 1130.01 real, 952 MB
[runlim] sample:		2311.00 time, 1140.01 real, 955 MB
[runlim] sample:		2331.28 time, 1150.01 real, 971 MB
[runlim] sample:		2351.56 time, 1160.01 real, 977 MB
[runlim] sample:		2371.83 time, 1170.01 real, 979 MB
[runlim] sample:		2392.09 time, 1180.01 real, 981 MB
[runlim] sample:		2412.38 time, 1190.01 real, 981 MB
[runlim] sample:		2432.64 time, 1200.02 real, 982 MB
[runlim] sample:		2452.91 time, 1210.01 real, 999 MB
[runlim] sample:		2473.20 time, 1220.01 real, 1006 MB
[runlim] sample:		2493.48 time, 1230.01 real, 1016 MB
[runlim] sample:		2513.75 time, 1240.01 real, 1030 MB
[runlim] sample:		2534.03 time, 1250.01 real, 1046 MB
[runlim] sample:		2554.29 time, 1260.01 real, 1040 MB
[runlim] sample:		2574.57 time, 1270.01 real, 1041 MB
[runlim] sample:		2594.84 time, 1280.01 real, 1041 MB
[runlim] sample:		2615.12 time, 1290.02 real, 1041 MB
[runlim] sample:		2635.40 time, 1300.01 real, 1046 MB
[runlim] sample:		2655.67 time, 1310.02 real, 1030 MB
[runlim] sample:		2675.94 time, 1320.02 real, 1036 MB
[runlim] sample:		2696.20 time, 1330.01 real, 1036 MB
[runlim] sample:		2716.49 time, 1340.01 real, 1038 MB
[runlim] sample:		2736.74 time, 1350.02 real, 1042 MB
[runlim] sample:		2757.02 time, 1360.01 real, 1042 MB
[runlim] sample:		2777.30 time, 1370.01 real, 1058 MB
[runlim] sample:		2797.56 time, 1380.01 real, 1082 MB
[runlim] sample:		2817.83 time, 1390.01 real, 1099 MB
[runlim] sample:		2838.11 time, 1400.01 real, 1097 MB
[runlim] sample:		2858.38 time, 1410.01 real, 1098 MB
[runlim] sample:		2878.65 time, 1420.01 real, 1096 MB
[runlim] sample:		2898.93 time, 1430.01 real, 1100 MB
[runlim] sample:		2919.19 time, 1440.01 real, 1123 MB
[runlim] sample:		2939.47 time, 1450.01 real, 1123 MB
[runlim] sample:		2959.74 time, 1460.01 real, 1125 MB
[runlim] sample:		2980.00 time, 1470.01 real, 1099 MB
[runlim] sample:		3000.27 time, 1480.01 real, 1099 MB
[runlim] sample:		3020.55 time, 1490.01 real, 1100 MB
[runlim] sample:		3040.81 time, 1500.01 real, 1143 MB
[runlim] sample:		3061.09 time, 1510.01 real, 1143 MB
[runlim] sample:		3081.36 time, 1520.01 real, 1143 MB
[runlim] sample:		3101.63 time, 1530.01 real, 1149 MB
[runlim] sample:		3121.91 time, 1540.01 real, 1149 MB
[runlim] sample:		3142.17 time, 1550.01 real, 1157 MB
[runlim] sample:		3162.44 time, 1560.01 real, 1157 MB
[runlim] sample:		3182.72 time, 1570.01 real, 1174 MB
[runlim] sample:		3203.00 time, 1580.01 real, 1174 MB
[runlim] sample:		3223.26 time, 1590.01 real, 1174 MB
[runlim] sample:		3243.53 time, 1600.01 real, 1174 MB
[runlim] sample:		3263.81 time, 1610.01 real, 1174 MB
[runlim] sample:		3284.09 time, 1620.01 real, 1179 MB
[runlim] sample:		3304.35 time, 1630.01 real, 1179 MB
[runlim] sample:		3324.64 time, 1640.02 real, 1132 MB
[runlim] sample:		3344.91 time, 1650.01 real, 1136 MB
[runlim] sample:		3365.19 time, 1660.01 real, 1136 MB
[runlim] sample:		3385.46 time, 1670.02 real, 1136 MB
[runlim] sample:		3405.74 time, 1680.01 real, 1136 MB
[runlim] sample:		3426.02 time, 1690.01 real, 1137 MB
[runlim] sample:		3446.30 time, 1700.01 real, 1137 MB
[runlim] sample:		3466.58 time, 1710.01 real, 1137 MB
[runlim] sample:		3486.84 time, 1720.01 real, 1142 MB
[runlim] sample:		3507.12 time, 1730.01 real, 1190 MB
[runlim] sample:		3527.39 time, 1740.01 real, 1190 MB
[runlim] sample:		3547.67 time, 1750.01 real, 1198 MB
[runlim] sample:		3567.94 time, 1760.01 real, 1198 MB
[runlim] sample:		3588.22 time, 1770.01 real, 1203 MB
[runlim] sample:		3608.50 time, 1780.01 real, 1213 MB
[runlim] sample:		3628.77 time, 1790.01 real, 1213 MB
[runlim] sample:		3649.03 time, 1800.01 real, 1211 MB
[runlim] sample:		3669.31 time, 1810.01 real, 1209 MB
[runlim] sample:		3689.59 time, 1820.01 real, 1209 MB
[runlim] sample:		3709.87 time, 1830.02 real, 1220 MB
[runlim] sample:		3730.14 time, 1840.01 real, 1220 MB
[runlim] sample:		3750.41 time, 1850.01 real, 1221 MB
[runlim] sample:		3770.69 time, 1860.01 real, 1221 MB
[runlim] sample:		3790.95 time, 1870.01 real, 1221 MB
[runlim] sample:		3811.23 time, 1880.01 real, 1223 MB
[runlim] sample:		3831.51 time, 1890.01 real, 1223 MB
[runlim] sample:		3851.78 time, 1900.01 real, 1223 MB
[runlim] sample:		3872.05 time, 1910.01 real, 1230 MB
[runlim] sample:		3892.33 time, 1920.01 real, 1230 MB
[runlim] sample:		3912.60 time, 1930.01 real, 1231 MB
[runlim] sample:		3932.87 time, 1940.01 real, 1231 MB
[runlim] sample:		3953.15 time, 1950.01 real, 1231 MB
[runlim] sample:		3973.42 time, 1960.01 real, 1229 MB
[runlim] sample:		3993.68 time, 1970.01 real, 1229 MB
[runlim] sample:		4013.96 time, 1980.01 real, 1232 MB
[runlim] sample:		4034.22 time, 1990.01 real, 1233 MB
[runlim] sample:		4054.50 time, 2000.01 real, 1233 MB
[runlim] sample:		4074.79 time, 2010.02 real, 1231 MB
[runlim] sample:		4095.05 time, 2020.01 real, 1231 MB
[runlim] sample:		4115.33 time, 2030.01 real, 1231 MB
[runlim] sample:		4135.60 time, 2040.01 real, 1233 MB
[runlim] sample:		4155.88 time, 2050.01 real, 1233 MB
[runlim] sample:		4176.15 time, 2060.01 real, 1233 MB
[runlim] sample:		4196.42 time, 2070.01 real, 1231 MB
[runlim] sample:		4216.69 time, 2080.01 real, 1226 MB
[runlim] sample:		4236.96 time, 2090.01 real, 1230 MB
[runlim] sample:		4257.23 time, 2100.02 real, 1230 MB
[runlim] sample:		4277.51 time, 2110.01 real, 1227 MB
[runlim] sample:		4297.79 time, 2120.01 real, 1227 MB
[runlim] sample:		4318.06 time, 2130.01 real, 1227 MB
[runlim] sample:		4338.33 time, 2140.01 real, 1227 MB
[runlim] sample:		4358.61 time, 2150.01 real, 1229 MB
[runlim] sample:		4378.87 time, 2160.01 real, 1229 MB
[runlim] sample:		4399.15 time, 2170.01 real, 1229 MB
[runlim] sample:		4419.43 time, 2180.01 real, 1230 MB
[runlim] sample:		4439.70 time, 2190.01 real, 1230 MB
[runlim] sample:		4459.97 time, 2200.01 real, 1238 MB
[runlim] sample:		4480.25 time, 2210.01 real, 1216 MB
[runlim] sample:		4500.52 time, 2220.01 real, 1246 MB
[runlim] sample:		4520.79 time, 2230.01 real, 1247 MB
[runlim] sample:		4541.07 time, 2240.01 real, 1294 MB
[runlim] sample:		4561.34 time, 2250.01 real, 1253 MB
[runlim] sample:		4581.61 time, 2260.01 real, 1255 MB
[runlim] sample:		4601.88 time, 2270.01 real, 1223 MB
[runlim] sample:		4622.16 time, 2280.01 real, 1231 MB
[runlim] sample:		4642.41 time, 2290.01 real, 1249 MB
[runlim] sample:		4662.68 time, 2300.01 real, 1253 MB
[runlim] sample:		4682.97 time, 2310.01 real, 1253 MB
[runlim] sample:		4703.22 time, 2320.01 real, 1257 MB
[runlim] sample:		4723.50 time, 2330.01 real, 1270 MB
[runlim] sample:		4743.77 time, 2340.01 real, 1321 MB
[runlim] sample:		4764.05 time, 2350.01 real, 1267 MB
[runlim] sample:		4784.31 time, 2360.01 real, 1270 MB
[runlim] sample:		4804.58 time, 2370.01 real, 1272 MB
[runlim] sample:		4824.87 time, 2380.01 real, 1272 MB
[runlim] sample:		4845.15 time, 2390.01 real, 1270 MB
[runlim] sample:		4865.42 time, 2400.01 real, 1270 MB
[runlim] sample:		4885.70 time, 2410.02 real, 1269 MB
[runlim] sample:		4905.98 time, 2420.01 real, 1269 MB
[runlim] sample:		4926.23 time, 2430.01 real, 1269 MB
[runlim] sample:		4946.54 time, 2440.01 real, 1270 MB
[runlim] sample:		4966.80 time, 2450.01 real, 1270 MB
[runlim] sample:		4987.08 time, 2460.01 real, 1271 MB
[runlim] sample:		5007.36 time, 2470.01 real, 1267 MB
[runlim] sample:		5027.62 time, 2480.01 real, 1318 MB
[runlim] sample:		5047.91 time, 2490.01 real, 1318 MB
[runlim] sample:		5068.18 time, 2500.01 real, 1318 MB
[runlim] sample:		5088.46 time, 2510.01 real, 1267 MB
[runlim] sample:		5108.74 time, 2520.01 real, 1267 MB
[runlim] sample:		5129.00 time, 2530.01 real, 1270 MB
[runlim] sample:		5149.28 time, 2540.01 real, 1224 MB
[runlim] sample:		5169.55 time, 2550.01 real, 1257 MB
[runlim] sample:		5189.83 time, 2560.01 real, 1259 MB
[runlim] sample:		5210.09 time, 2570.01 real, 1259 MB
[runlim] sample:		5230.36 time, 2580.01 real, 1265 MB
[runlim] sample:		5250.64 time, 2590.01 real, 1265 MB
[runlim] sample:		5270.90 time, 2600.01 real, 1265 MB
[runlim] sample:		5291.18 time, 2610.01 real, 1268 MB
[runlim] sample:		5311.45 time, 2620.01 real, 1266 MB
[runlim] sample:		5331.73 time, 2630.01 real, 1266 MB
[runlim] sample:		5352.00 time, 2640.01 real, 1266 MB
[runlim] sample:		5372.26 time, 2650.01 real, 1268 MB
[runlim] sample:		5392.54 time, 2660.01 real, 1289 MB
[runlim] sample:		5412.81 time, 2670.01 real, 1289 MB
[runlim] sample:		5433.08 time, 2680.01 real, 1289 MB
[runlim] sample:		5453.36 time, 2690.01 real, 1286 MB
[runlim] sample:		5473.63 time, 2700.01 real, 1287 MB
[runlim] sample:		5493.89 time, 2710.02 real, 1287 MB
[runlim] sample:		5514.18 time, 2720.01 real, 1287 MB
[runlim] sample:		5534.46 time, 2730.01 real, 1320 MB
[runlim] sample:		5554.73 time, 2740.01 real, 1284 MB
[runlim] sample:		5575.00 time, 2750.01 real, 1285 MB
[runlim] sample:		5595.28 time, 2760.01 real, 1285 MB
[runlim] sample:		5615.56 time, 2770.02 real, 1291 MB
[runlim] sample:		5635.83 time, 2780.01 real, 1307 MB
[runlim] sample:		5656.11 time, 2790.01 real, 1362 MB
[runlim] sample:		5676.38 time, 2800.02 real, 1371 MB
[runlim] sample:		5696.64 time, 2810.01 real, 1441 MB
[runlim] sample:		5716.93 time, 2820.01 real, 1347 MB
[runlim] sample:		5737.19 time, 2830.02 real, 1356 MB
[runlim] sample:		5757.46 time, 2840.01 real, 1356 MB
[runlim] sample:		5777.74 time, 2850.01 real, 1357 MB
[runlim] sample:		5798.01 time, 2860.01 real, 1402 MB
[runlim] sample:		5818.29 time, 2870.01 real, 1400 MB
[runlim] sample:		5838.56 time, 2880.01 real, 1371 MB
[runlim] sample:		5858.84 time, 2890.01 real, 1432 MB
[runlim] sample:		5879.10 time, 2900.01 real, 1433 MB
[runlim] sample:		5899.38 time, 2910.01 real, 1406 MB
[runlim] sample:		5919.66 time, 2920.02 real, 1420 MB
[runlim] sample:		5939.93 time, 2930.01 real, 1473 MB
[runlim] sample:		5960.20 time, 2940.01 real, 1456 MB
[runlim] sample:		5980.48 time, 2950.01 real, 1461 MB
[runlim] sample:		6000.74 time, 2960.01 real, 1490 MB
[runlim] sample:		6021.03 time, 2970.01 real, 1496 MB
[runlim] sample:		6041.30 time, 2980.01 real, 1500 MB
[runlim] sample:		6061.56 time, 2990.01 real, 1519 MB
[runlim] sample:		6081.84 time, 3000.01 real, 1587 MB
[runlim] sample:		6102.11 time, 3010.01 real, 1536 MB
[runlim] sample:		6122.38 time, 3020.01 real, 1530 MB
[runlim] sample:		6142.67 time, 3030.01 real, 1593 MB
[runlim] sample:		6162.93 time, 3040.01 real, 1548 MB
[runlim] sample:		6183.22 time, 3050.01 real, 1548 MB
[runlim] sample:		6203.49 time, 3060.01 real, 1605 MB
[runlim] sample:		6223.76 time, 3070.01 real, 1605 MB
[runlim] sample:		6244.04 time, 3080.01 real, 1512 MB
[runlim] sample:		6264.30 time, 3090.01 real, 1520 MB
[runlim] sample:		6284.57 time, 3100.01 real, 1584 MB
[runlim] sample:		6304.85 time, 3110.01 real, 1559 MB
[runlim] sample:		6325.12 time, 3120.01 real, 1577 MB
[runlim] sample:		6345.38 time, 3130.01 real, 1577 MB
[runlim] sample:		6365.66 time, 3140.01 real, 1567 MB
[runlim] sample:		6385.93 time, 3150.01 real, 1566 MB
[runlim] sample:		6406.19 time, 3160.01 real, 1591 MB
[runlim] sample:		6426.48 time, 3170.01 real, 1624 MB
[runlim] sample:		6446.73 time, 3180.01 real, 1633 MB
[runlim] sample:		6467.01 time, 3190.01 real, 1642 MB
[runlim] sample:		6487.28 time, 3200.01 real, 1650 MB
[runlim] sample:		6507.54 time, 3210.01 real, 1650 MB
[runlim] sample:		6527.81 time, 3220.01 real, 1663 MB
[runlim] sample:		6548.10 time, 3230.01 real, 1702 MB
[runlim] sample:		6568.38 time, 3240.01 real, 1702 MB
[runlim] sample:		6588.64 time, 3250.01 real, 1740 MB
[runlim] sample:		6608.92 time, 3260.01 real, 1703 MB
[runlim] sample:		6629.19 time, 3270.01 real, 1752 MB
[runlim] sample:		6649.47 time, 3280.01 real, 1703 MB
[runlim] sample:		6669.76 time, 3290.01 real, 1769 MB
[runlim] sample:		6690.02 time, 3300.01 real, 1789 MB
[runlim] sample:		6710.30 time, 3310.02 real, 1793 MB
[runlim] sample:		6730.57 time, 3320.01 real, 1728 MB
[runlim] sample:		6750.83 time, 3330.01 real, 1728 MB
[runlim] sample:		6771.12 time, 3340.01 real, 1728 MB
[runlim] sample:		6791.40 time, 3350.01 real, 1728 MB
[runlim] sample:		6811.66 time, 3360.01 real, 1739 MB
[runlim] sample:		6831.94 time, 3370.01 real, 1808 MB
[runlim] sample:		6852.21 time, 3380.01 real, 1808 MB
[runlim] sample:		6872.48 time, 3390.02 real, 1854 MB
[runlim] sample:		6892.76 time, 3400.01 real, 1809 MB
[runlim] sample:		6913.03 time, 3410.01 real, 1810 MB
[runlim] sample:		6933.31 time, 3420.01 real, 1810 MB
[runlim] sample:		6953.56 time, 3430.01 real, 1810 MB
[runlim] sample:		6973.84 time, 3440.01 real, 1826 MB
[runlim] sample:		6994.11 time, 3450.01 real, 1828 MB
[runlim] sample:		7014.39 time, 3460.02 real, 1828 MB
[runlim] sample:		7034.65 time, 3470.01 real, 1853 MB
[runlim] sample:		7054.93 time, 3480.01 real, 1841 MB
[runlim] sample:		7075.21 time, 3490.01 real, 1892 MB
[runlim] sample:		7095.47 time, 3500.01 real, 1897 MB
[runlim] sample:		7115.74 time, 3510.01 real, 1852 MB
[runlim] sample:		7136.02 time, 3520.01 real, 1853 MB
[runlim] sample:		7156.28 time, 3530.01 real, 1897 MB
[runlim] sample:		7176.57 time, 3540.01 real, 1853 MB
[runlim] sample:		7196.84 time, 3550.01 real, 1911 MB
[runlim] sample:		7217.10 time, 3560.01 real, 1860 MB
[runlim] sample:		7237.39 time, 3570.01 real, 1864 MB
[runlim] sample:		7257.66 time, 3580.01 real, 1864 MB
[runlim] sample:		7277.92 time, 3590.01 real, 1915 MB
[runlim] sample:		7298.21 time, 3600.01 real, 1864 MB
[runlim] end:			Wed Oct 16 19:04:24 2019
[runlim] status:		out of time
[runlim] result:		2
[runlim] children:		4
[runlim] real:			3600.10 seconds
[runlim] time:			7298.21 seconds
[runlim] space:			1931 MB
[runlim] samples:		36000
