[runlim] version:		1.17
[runlim] host:			c3n21
[runlim] time limit:		311040000 seconds
[runlim] real time limit:	3600 seconds
[runlim] space limit:		120000 MB
[runlim] argv[0]:		./run-cosa2.sh
[runlim] argv[1]:		/tmp/7HWKvt93.btor
[runlim] start:			Wed Oct 16 16:27:41 2019
[runlim] child:			13392
[runlim] sample:		20.17 time, 10.02 real, 332 MB
[runlim] sample:		40.45 time, 20.02 real, 375 MB
[runlim] sample:		60.72 time, 30.01 real, 465 MB
[runlim] sample:		80.99 time, 40.01 real, 520 MB
[runlim] sample:		101.26 time, 50.01 real, 598 MB
[runlim] sample:		121.53 time, 60.02 real, 635 MB
[runlim] sample:		141.80 time, 70.01 real, 686 MB
[runlim] sample:		162.07 time, 80.01 real, 729 MB
[runlim] sample:		182.34 time, 90.01 real, 772 MB
[runlim] sample:		202.62 time, 100.01 real, 790 MB
[runlim] sample:		222.88 time, 110.02 real, 852 MB
[runlim] sample:		243.15 time, 120.01 real, 884 MB
[runlim] sample:		263.42 time, 130.01 real, 925 MB
[runlim] sample:		283.68 time, 140.01 real, 951 MB
[runlim] sample:		303.95 time, 150.01 real, 958 MB
[runlim] sample:		324.23 time, 160.01 real, 937 MB
[runlim] sample:		344.49 time, 170.01 real, 985 MB
[runlim] sample:		364.76 time, 180.01 real, 1005 MB
[runlim] sample:		385.03 time, 190.01 real, 1066 MB
[runlim] sample:		405.30 time, 200.01 real, 1108 MB
[runlim] sample:		425.56 time, 210.01 real, 1130 MB
[runlim] sample:		445.86 time, 220.01 real, 1097 MB
[runlim] sample:		466.14 time, 230.01 real, 1168 MB
[runlim] sample:		486.40 time, 240.01 real, 1119 MB
[runlim] sample:		506.68 time, 250.01 real, 1156 MB
[runlim] sample:		526.95 time, 260.01 real, 1173 MB
[runlim] sample:		547.22 time, 270.01 real, 1180 MB
[runlim] sample:		567.49 time, 280.01 real, 1172 MB
[runlim] sample:		587.74 time, 290.01 real, 1229 MB
[runlim] sample:		608.02 time, 300.01 real, 1199 MB
[runlim] sample:		628.29 time, 310.01 real, 1230 MB
[runlim] sample:		648.55 time, 320.01 real, 1297 MB
[runlim] sample:		668.83 time, 330.01 real, 1312 MB
[runlim] sample:		689.10 time, 340.01 real, 1301 MB
[runlim] sample:		709.38 time, 350.01 real, 1309 MB
[runlim] sample:		729.64 time, 360.01 real, 1354 MB
[runlim] sample:		749.92 time, 370.01 real, 1328 MB
[runlim] sample:		770.19 time, 380.01 real, 1366 MB
[runlim] sample:		790.45 time, 390.01 real, 1422 MB
[runlim] sample:		810.73 time, 400.01 real, 1573 MB
[runlim] sample:		830.99 time, 410.01 real, 1554 MB
[runlim] sample:		851.27 time, 420.01 real, 1568 MB
[runlim] sample:		871.54 time, 430.01 real, 1658 MB
[runlim] sample:		891.82 time, 440.01 real, 1629 MB
[runlim] sample:		912.09 time, 450.01 real, 1630 MB
[runlim] sample:		932.36 time, 460.01 real, 1655 MB
[runlim] sample:		952.64 time, 470.01 real, 1656 MB
[runlim] sample:		972.91 time, 480.01 real, 1660 MB
[runlim] sample:		993.19 time, 490.01 real, 1693 MB
[runlim] sample:		1013.46 time, 500.01 real, 1705 MB
[runlim] sample:		1033.72 time, 510.01 real, 1717 MB
[runlim] sample:		1053.98 time, 520.01 real, 1728 MB
[runlim] sample:		1074.26 time, 530.01 real, 1677 MB
[runlim] sample:		1094.53 time, 540.01 real, 1775 MB
[runlim] sample:		1114.80 time, 550.01 real, 1703 MB
[runlim] sample:		1135.07 time, 560.01 real, 1786 MB
[runlim] sample:		1155.34 time, 570.01 real, 1720 MB
[runlim] sample:		1175.61 time, 580.01 real, 1793 MB
[runlim] sample:		1195.88 time, 590.01 real, 1818 MB
[runlim] sample:		1216.15 time, 600.01 real, 1725 MB
[runlim] sample:		1236.43 time, 610.01 real, 1747 MB
[runlim] sample:		1256.69 time, 620.02 real, 1771 MB
[runlim] sample:		1276.96 time, 630.01 real, 1795 MB
[runlim] sample:		1297.24 time, 640.01 real, 1883 MB
[runlim] sample:		1964.33 time, 650.01 real, 551 MB
[runlim] sample:		1984.58 time, 660.01 real, 555 MB
[runlim] sample:		2004.83 time, 670.01 real, 559 MB
[runlim] sample:		2025.08 time, 680.01 real, 549 MB
[runlim] sample:		2045.34 time, 690.01 real, 560 MB
[runlim] sample:		2065.59 time, 700.01 real, 521 MB
[runlim] sample:		2085.83 time, 710.02 real, 567 MB
[runlim] sample:		2106.09 time, 720.01 real, 549 MB
[runlim] sample:		2126.33 time, 730.01 real, 570 MB
[runlim] sample:		2146.58 time, 740.01 real, 574 MB
[runlim] sample:		2166.82 time, 750.01 real, 575 MB
[runlim] sample:		2187.07 time, 760.01 real, 579 MB
[runlim] sample:		2207.33 time, 770.01 real, 582 MB
[runlim] sample:		2227.58 time, 780.01 real, 612 MB
[runlim] sample:		2247.83 time, 790.01 real, 598 MB
[runlim] sample:		2268.08 time, 800.01 real, 601 MB
[runlim] sample:		2288.33 time, 810.01 real, 606 MB
[runlim] sample:		2308.60 time, 820.01 real, 611 MB
[runlim] sample:		2328.84 time, 830.01 real, 614 MB
[runlim] sample:		2349.09 time, 840.01 real, 587 MB
[runlim] sample:		2369.33 time, 850.01 real, 609 MB
[runlim] sample:		2389.58 time, 860.01 real, 612 MB
[runlim] sample:		2409.84 time, 870.01 real, 616 MB
[runlim] sample:		2430.08 time, 880.01 real, 619 MB
[runlim] sample:		2450.33 time, 890.01 real, 623 MB
[runlim] sample:		2470.59 time, 900.01 real, 627 MB
[runlim] sample:		2490.83 time, 910.01 real, 619 MB
[runlim] sample:		2511.09 time, 920.01 real, 623 MB
[runlim] sample:		2531.33 time, 930.01 real, 627 MB
[runlim] sample:		2551.58 time, 940.01 real, 647 MB
[runlim] sample:		2571.83 time, 950.01 real, 650 MB
[runlim] sample:		2592.08 time, 960.02 real, 654 MB
[runlim] sample:		2612.33 time, 970.01 real, 658 MB
[runlim] sample:		2632.57 time, 980.01 real, 649 MB
[runlim] sample:		2652.84 time, 990.01 real, 654 MB
[runlim] sample:		2673.08 time, 1000.01 real, 658 MB
[runlim] sample:		2693.33 time, 1010.01 real, 662 MB
[runlim] sample:		2713.58 time, 1020.01 real, 665 MB
[runlim] sample:		2733.84 time, 1030.02 real, 673 MB
[runlim] sample:		2754.10 time, 1040.01 real, 671 MB
[runlim] sample:		2774.34 time, 1050.01 real, 682 MB
[runlim] sample:		2794.59 time, 1060.01 real, 692 MB
[runlim] sample:		2814.84 time, 1070.01 real, 709 MB
[runlim] sample:		2835.10 time, 1080.01 real, 716 MB
[runlim] sample:		2855.35 time, 1090.01 real, 729 MB
[runlim] sample:		2875.60 time, 1100.01 real, 739 MB
[runlim] sample:		2895.85 time, 1110.01 real, 729 MB
[runlim] sample:		2916.09 time, 1120.01 real, 732 MB
[runlim] sample:		2936.34 time, 1130.01 real, 738 MB
[runlim] sample:		2956.59 time, 1140.01 real, 742 MB
[runlim] sample:		2976.84 time, 1150.01 real, 745 MB
[runlim] sample:		2997.10 time, 1160.01 real, 749 MB
[runlim] sample:		3017.35 time, 1170.01 real, 753 MB
[runlim] sample:		3037.60 time, 1180.01 real, 750 MB
[runlim] sample:		3057.84 time, 1190.01 real, 755 MB
[runlim] sample:		3078.10 time, 1200.01 real, 759 MB
[runlim] sample:		3098.34 time, 1210.01 real, 763 MB
[runlim] sample:		3118.60 time, 1220.01 real, 766 MB
[runlim] sample:		3138.83 time, 1230.01 real, 787 MB
[runlim] sample:		3159.10 time, 1240.01 real, 793 MB
[runlim] sample:		3179.34 time, 1250.01 real, 796 MB
[runlim] sample:		3199.59 time, 1260.01 real, 785 MB
[runlim] sample:		3219.84 time, 1270.01 real, 789 MB
[runlim] sample:		3240.10 time, 1280.01 real, 795 MB
[runlim] sample:		3260.35 time, 1290.01 real, 799 MB
[runlim] sample:		3280.60 time, 1300.01 real, 803 MB
[runlim] sample:		3300.85 time, 1310.01 real, 806 MB
[runlim] sample:		3321.10 time, 1320.01 real, 810 MB
[runlim] sample:		3341.34 time, 1330.01 real, 814 MB
[runlim] sample:		3361.59 time, 1340.01 real, 802 MB
[runlim] sample:		3381.84 time, 1350.01 real, 806 MB
[runlim] sample:		3402.08 time, 1360.01 real, 810 MB
[runlim] sample:		3422.34 time, 1370.01 real, 813 MB
[runlim] sample:		3442.58 time, 1380.01 real, 817 MB
[runlim] sample:		3462.82 time, 1390.01 real, 828 MB
[runlim] sample:		3483.09 time, 1400.01 real, 849 MB
[runlim] sample:		3503.34 time, 1410.01 real, 853 MB
[runlim] sample:		3523.59 time, 1420.01 real, 839 MB
[runlim] sample:		3543.84 time, 1430.02 real, 844 MB
[runlim] sample:		3564.10 time, 1440.01 real, 848 MB
[runlim] sample:		3584.34 time, 1450.01 real, 852 MB
[runlim] sample:		3604.59 time, 1460.01 real, 858 MB
[runlim] sample:		3624.83 time, 1470.01 real, 872 MB
[runlim] sample:		3645.08 time, 1480.01 real, 895 MB
[runlim] sample:		3665.33 time, 1490.01 real, 897 MB
[runlim] sample:		3685.58 time, 1500.02 real, 902 MB
[runlim] sample:		3705.83 time, 1510.01 real, 906 MB
[runlim] sample:		3726.08 time, 1520.01 real, 910 MB
[runlim] sample:		3746.33 time, 1530.01 real, 924 MB
[runlim] sample:		3766.58 time, 1540.01 real, 950 MB
[runlim] sample:		3786.82 time, 1550.01 real, 974 MB
[runlim] sample:		3807.09 time, 1560.01 real, 1028 MB
[runlim] sample:		3827.33 time, 1570.02 real, 1034 MB
[runlim] sample:		3847.59 time, 1580.02 real, 1036 MB
[runlim] sample:		3867.85 time, 1590.01 real, 1041 MB
[runlim] sample:		3888.09 time, 1600.01 real, 1044 MB
[runlim] sample:		3908.34 time, 1610.01 real, 1048 MB
[runlim] sample:		3928.59 time, 1620.01 real, 1052 MB
[runlim] sample:		3948.84 time, 1630.01 real, 1057 MB
[runlim] sample:		3969.08 time, 1640.01 real, 1060 MB
[runlim] sample:		3989.35 time, 1650.01 real, 1064 MB
[runlim] sample:		4009.59 time, 1660.02 real, 1049 MB
[runlim] sample:		4029.85 time, 1670.02 real, 1051 MB
[runlim] sample:		4050.10 time, 1680.02 real, 1053 MB
[runlim] sample:		4070.34 time, 1690.01 real, 1055 MB
[runlim] sample:		4090.59 time, 1700.01 real, 1062 MB
[runlim] sample:		4110.85 time, 1710.01 real, 1066 MB
[runlim] sample:		4131.09 time, 1720.01 real, 1069 MB
[runlim] sample:		4151.34 time, 1730.01 real, 1073 MB
[runlim] sample:		4171.60 time, 1740.01 real, 1077 MB
[runlim] sample:		4191.85 time, 1750.01 real, 1081 MB
[runlim] sample:		4212.10 time, 1760.01 real, 1062 MB
[runlim] sample:		4232.33 time, 1770.02 real, 1082 MB
[runlim] sample:		4252.60 time, 1780.02 real, 1085 MB
[runlim] sample:		4272.81 time, 1790.02 real, 1077 MB
[runlim] sample:		4293.07 time, 1800.01 real, 1080 MB
[runlim] sample:		4313.31 time, 1810.01 real, 1084 MB
[runlim] sample:		4333.55 time, 1820.01 real, 1087 MB
[runlim] sample:		4353.82 time, 1830.01 real, 1091 MB
[runlim] sample:		4374.07 time, 1840.01 real, 1095 MB
[runlim] sample:		4394.32 time, 1850.01 real, 1099 MB
[runlim] sample:		4414.56 time, 1860.01 real, 1103 MB
[runlim] sample:		4434.81 time, 1870.01 real, 1085 MB
[runlim] sample:		4455.07 time, 1880.01 real, 1087 MB
[runlim] sample:		4475.31 time, 1890.01 real, 1059 MB
[runlim] sample:		4495.56 time, 1900.01 real, 1062 MB
[runlim] sample:		4515.81 time, 1910.01 real, 1065 MB
[runlim] sample:		4536.06 time, 1920.01 real, 1068 MB
[runlim] sample:		4556.31 time, 1930.01 real, 1072 MB
[runlim] sample:		4576.56 time, 1940.01 real, 1076 MB
[runlim] sample:		4596.81 time, 1950.01 real, 1080 MB
[runlim] sample:		4617.06 time, 1960.01 real, 1084 MB
[runlim] sample:		4637.31 time, 1970.01 real, 1088 MB
[runlim] sample:		4657.56 time, 1980.01 real, 1108 MB
[runlim] sample:		4677.80 time, 1990.01 real, 1113 MB
[runlim] sample:		4698.06 time, 2000.01 real, 1116 MB
[runlim] sample:		4718.31 time, 2010.01 real, 1118 MB
[runlim] sample:		4738.55 time, 2020.01 real, 1122 MB
[runlim] sample:		4758.81 time, 2030.01 real, 1125 MB
[runlim] sample:		4779.05 time, 2040.02 real, 1129 MB
[runlim] sample:		4799.31 time, 2050.01 real, 1133 MB
[runlim] sample:		4819.55 time, 2060.01 real, 1137 MB
[runlim] sample:		4839.79 time, 2070.01 real, 1141 MB
[runlim] sample:		4860.06 time, 2080.01 real, 1148 MB
[runlim] sample:		4880.30 time, 2090.02 real, 1175 MB
[runlim] sample:		4900.54 time, 2100.01 real, 1152 MB
[runlim] sample:		4920.80 time, 2110.01 real, 1154 MB
[runlim] sample:		4941.05 time, 2120.01 real, 1159 MB
[runlim] sample:		4961.31 time, 2130.01 real, 1131 MB
[runlim] sample:		4981.56 time, 2140.01 real, 1134 MB
[runlim] sample:		5001.81 time, 2150.01 real, 1138 MB
[runlim] sample:		5022.05 time, 2160.01 real, 1142 MB
[runlim] sample:		5042.30 time, 2170.01 real, 1147 MB
[runlim] sample:		5062.56 time, 2180.01 real, 1151 MB
[runlim] sample:		5082.81 time, 2190.01 real, 1155 MB
[runlim] sample:		5103.06 time, 2200.01 real, 1159 MB
[runlim] sample:		5123.31 time, 2210.01 real, 1169 MB
[runlim] sample:		5143.54 time, 2220.01 real, 1173 MB
[runlim] sample:		5163.78 time, 2230.01 real, 1176 MB
[runlim] sample:		5184.04 time, 2240.01 real, 1179 MB
[runlim] sample:		5204.30 time, 2250.01 real, 1182 MB
[runlim] sample:		5224.54 time, 2260.01 real, 1155 MB
[runlim] sample:		5244.79 time, 2270.01 real, 1158 MB
[runlim] sample:		5265.05 time, 2280.01 real, 1162 MB
[runlim] sample:		5285.30 time, 2290.01 real, 1166 MB
[runlim] sample:		5305.55 time, 2300.01 real, 1170 MB
[runlim] sample:		5325.81 time, 2310.01 real, 1174 MB
[runlim] sample:		5346.05 time, 2320.01 real, 1178 MB
[runlim] sample:		5366.30 time, 2330.01 real, 1188 MB
[runlim] sample:		5386.54 time, 2340.01 real, 1212 MB
[runlim] sample:		5406.81 time, 2350.01 real, 1188 MB
[runlim] sample:		5427.04 time, 2360.01 real, 1191 MB
[runlim] sample:		5447.30 time, 2370.01 real, 1195 MB
[runlim] sample:		5467.54 time, 2380.01 real, 1198 MB
[runlim] sample:		5487.80 time, 2390.01 real, 1202 MB
[runlim] sample:		5508.06 time, 2400.01 real, 1206 MB
[runlim] sample:		5528.30 time, 2410.01 real, 1210 MB
[runlim] sample:		5548.55 time, 2420.01 real, 1214 MB
[runlim] sample:		5568.81 time, 2430.01 real, 1218 MB
[runlim] sample:		5589.06 time, 2440.01 real, 1222 MB
[runlim] sample:		5609.30 time, 2450.01 real, 1265 MB
[runlim] sample:		5629.56 time, 2460.02 real, 1269 MB
[runlim] sample:		5649.80 time, 2470.01 real, 1271 MB
[runlim] sample:		5670.05 time, 2480.01 real, 1274 MB
[runlim] sample:		5690.30 time, 2490.01 real, 1277 MB
[runlim] sample:		5710.55 time, 2500.01 real, 1281 MB
[runlim] sample:		5730.80 time, 2510.01 real, 1286 MB
[runlim] sample:		5751.06 time, 2520.01 real, 1290 MB
[runlim] sample:		5771.29 time, 2530.01 real, 1294 MB
[runlim] sample:		5791.55 time, 2540.02 real, 1297 MB
[runlim] sample:		5811.81 time, 2550.01 real, 1300 MB
[runlim] sample:		5832.06 time, 2560.01 real, 1303 MB
[runlim] sample:		5852.31 time, 2570.01 real, 1307 MB
[runlim] sample:		5872.56 time, 2580.01 real, 1311 MB
[runlim] sample:		5892.81 time, 2590.01 real, 1290 MB
[runlim] sample:		5913.05 time, 2600.01 real, 1294 MB
[runlim] sample:		5933.31 time, 2610.01 real, 1298 MB
[runlim] sample:		5953.56 time, 2620.01 real, 1301 MB
[runlim] sample:		5973.81 time, 2630.01 real, 1306 MB
[runlim] sample:		5994.06 time, 2640.01 real, 1309 MB
[runlim] sample:		6014.32 time, 2650.01 real, 1313 MB
[runlim] sample:		6034.57 time, 2660.01 real, 1317 MB
[runlim] sample:		6054.81 time, 2670.01 real, 1321 MB
[runlim] sample:		6075.06 time, 2680.01 real, 1325 MB
[runlim] sample:		6095.32 time, 2690.01 real, 1329 MB
[runlim] sample:		6115.56 time, 2700.01 real, 1333 MB
[runlim] sample:		6135.80 time, 2710.01 real, 1336 MB
[runlim] sample:		6156.06 time, 2720.01 real, 1284 MB
[runlim] sample:		6176.31 time, 2730.01 real, 1288 MB
[runlim] sample:		6196.56 time, 2740.01 real, 1291 MB
[runlim] sample:		6216.81 time, 2750.01 real, 1295 MB
[runlim] sample:		6237.07 time, 2760.01 real, 1299 MB
[runlim] sample:		6257.31 time, 2770.01 real, 1304 MB
[runlim] sample:		6277.55 time, 2780.01 real, 1308 MB
[runlim] sample:		6297.82 time, 2790.01 real, 1311 MB
[runlim] sample:		6318.08 time, 2800.01 real, 1315 MB
[runlim] sample:		6338.32 time, 2810.01 real, 1328 MB
[runlim] sample:		6358.57 time, 2820.01 real, 1332 MB
[runlim] sample:		6378.80 time, 2830.01 real, 1336 MB
[runlim] sample:		6399.06 time, 2840.01 real, 1339 MB
[runlim] sample:		6419.32 time, 2850.01 real, 1303 MB
[runlim] sample:		6439.56 time, 2860.01 real, 1307 MB
[runlim] sample:		6459.81 time, 2870.01 real, 1311 MB
[runlim] sample:		6480.07 time, 2880.01 real, 1314 MB
[runlim] sample:		6500.33 time, 2890.01 real, 1318 MB
[runlim] sample:		6520.57 time, 2900.01 real, 1321 MB
[runlim] sample:		6540.82 time, 2910.01 real, 1327 MB
[runlim] sample:		6561.07 time, 2920.01 real, 1331 MB
[runlim] sample:		6581.32 time, 2930.01 real, 1327 MB
[runlim] sample:		6601.58 time, 2940.01 real, 1331 MB
[runlim] sample:		6621.82 time, 2950.01 real, 1335 MB
[runlim] sample:		6642.07 time, 2960.01 real, 1338 MB
[runlim] sample:		6662.32 time, 2970.01 real, 1342 MB
[runlim] sample:		6682.56 time, 2980.01 real, 1305 MB
[runlim] sample:		6702.82 time, 2990.01 real, 1309 MB
[runlim] sample:		6723.08 time, 3000.01 real, 1313 MB
[runlim] sample:		6743.32 time, 3010.01 real, 1317 MB
[runlim] sample:		6763.57 time, 3020.01 real, 1321 MB
[runlim] sample:		6783.82 time, 3030.01 real, 1325 MB
[runlim] sample:		6804.06 time, 3040.01 real, 1328 MB
[runlim] sample:		6824.32 time, 3050.01 real, 1332 MB
[runlim] sample:		6844.56 time, 3060.01 real, 1336 MB
[runlim] sample:		6864.83 time, 3070.01 real, 1340 MB
[runlim] sample:		6885.07 time, 3080.01 real, 1344 MB
[runlim] sample:		6905.32 time, 3090.01 real, 1348 MB
[runlim] sample:		6925.56 time, 3100.01 real, 1352 MB
[runlim] sample:		6945.82 time, 3110.01 real, 1313 MB
[runlim] sample:		6966.07 time, 3120.01 real, 1317 MB
[runlim] sample:		6986.32 time, 3130.01 real, 1320 MB
[runlim] sample:		7006.58 time, 3140.01 real, 1325 MB
[runlim] sample:		7026.82 time, 3150.01 real, 1329 MB
[runlim] sample:		7047.08 time, 3160.01 real, 1333 MB
[runlim] sample:		7067.33 time, 3170.01 real, 1337 MB
[runlim] sample:		7087.57 time, 3180.01 real, 1340 MB
[runlim] sample:		7107.81 time, 3190.01 real, 1344 MB
[runlim] sample:		7128.08 time, 3200.01 real, 1348 MB
[runlim] sample:		7148.33 time, 3210.01 real, 1352 MB
[runlim] sample:		7168.57 time, 3220.01 real, 1356 MB
[runlim] sample:		7188.81 time, 3230.01 real, 1360 MB
[runlim] sample:		7209.06 time, 3240.01 real, 1363 MB
[runlim] sample:		7229.31 time, 3250.01 real, 1324 MB
[runlim] sample:		7249.57 time, 3260.01 real, 1328 MB
[runlim] sample:		7269.81 time, 3270.01 real, 1331 MB
[runlim] sample:		7290.07 time, 3280.01 real, 1335 MB
[runlim] sample:		7310.31 time, 3290.01 real, 1339 MB
[runlim] sample:		7330.55 time, 3300.01 real, 1342 MB
[runlim] sample:		7350.81 time, 3310.01 real, 1346 MB
[runlim] sample:		7371.06 time, 3320.01 real, 1350 MB
[runlim] sample:		7391.31 time, 3330.01 real, 1353 MB
[runlim] sample:		7411.56 time, 3340.01 real, 1359 MB
[runlim] sample:		7431.80 time, 3350.01 real, 1363 MB
[runlim] sample:		7452.07 time, 3360.01 real, 1367 MB
[runlim] sample:		7472.32 time, 3370.02 real, 1399 MB
[runlim] sample:		7492.56 time, 3380.01 real, 1403 MB
[runlim] sample:		7512.80 time, 3390.01 real, 1406 MB
[runlim] sample:		7533.06 time, 3400.01 real, 1365 MB
[runlim] sample:		7553.30 time, 3410.01 real, 1369 MB
[runlim] sample:		7573.56 time, 3420.01 real, 1373 MB
[runlim] sample:		7593.79 time, 3430.01 real, 1376 MB
[runlim] sample:		7614.05 time, 3440.01 real, 1380 MB
[runlim] sample:		7634.31 time, 3450.01 real, 1385 MB
[runlim] sample:		7654.57 time, 3460.01 real, 1389 MB
[runlim] sample:		7674.80 time, 3470.01 real, 1427 MB
[runlim] sample:		7695.06 time, 3480.01 real, 1431 MB
[runlim] sample:		7715.30 time, 3490.01 real, 1435 MB
[runlim] sample:		7735.56 time, 3500.01 real, 1439 MB
[runlim] sample:		7755.82 time, 3510.01 real, 1442 MB
[runlim] sample:		7776.07 time, 3520.01 real, 1446 MB
[runlim] sample:		7796.29 time, 3530.01 real, 1450 MB
[runlim] sample:		7816.56 time, 3540.02 real, 1454 MB
[runlim] sample:		7836.81 time, 3550.01 real, 1412 MB
[runlim] sample:		7857.06 time, 3560.01 real, 1416 MB
[runlim] sample:		7877.32 time, 3570.01 real, 1420 MB
[runlim] sample:		7897.55 time, 3580.01 real, 1436 MB
[runlim] sample:		7917.81 time, 3590.01 real, 1463 MB
[runlim] sample:		7938.06 time, 3600.01 real, 1487 MB
[runlim] end:			Wed Oct 16 17:27:41 2019
[runlim] status:		out of time
[runlim] result:		2
[runlim] children:		4
[runlim] real:			3600.10 seconds
[runlim] time:			7938.06 seconds
[runlim] space:			1899 MB
[runlim] samples:		36000
