[runlim] version:		1.17
[runlim] host:			c3n07
[runlim] time limit:		311040000 seconds
[runlim] real time limit:	3600 seconds
[runlim] space limit:		120000 MB
[runlim] argv[0]:		./run-cosa2.sh
[runlim] argv[1]:		/tmp/g7GGzP9Z.btor
[runlim] start:			Wed Oct 16 17:57:37 2019
[runlim] child:			4609
[runlim] sample:		20.18 time, 10.02 real, 194 MB
[runlim] sample:		40.45 time, 20.02 real, 259 MB
[runlim] sample:		60.73 time, 30.02 real, 324 MB
[runlim] sample:		81.01 time, 40.02 real, 357 MB
[runlim] sample:		101.29 time, 50.02 real, 425 MB
[runlim] sample:		121.56 time, 60.02 real, 476 MB
[runlim] sample:		141.84 time, 70.02 real, 551 MB
[runlim] sample:		162.11 time, 80.02 real, 579 MB
[runlim] sample:		182.40 time, 90.02 real, 540 MB
[runlim] sample:		202.69 time, 100.02 real, 576 MB
[runlim] sample:		222.96 time, 110.02 real, 595 MB
[runlim] sample:		243.23 time, 120.02 real, 642 MB
[runlim] sample:		263.50 time, 130.02 real, 678 MB
[runlim] sample:		283.76 time, 140.02 real, 744 MB
[runlim] sample:		304.03 time, 150.02 real, 711 MB
[runlim] sample:		324.30 time, 160.02 real, 712 MB
[runlim] sample:		344.57 time, 170.02 real, 712 MB
[runlim] sample:		364.84 time, 180.02 real, 737 MB
[runlim] sample:		385.12 time, 190.02 real, 743 MB
[runlim] sample:		405.38 time, 200.02 real, 760 MB
[runlim] sample:		425.67 time, 210.02 real, 791 MB
[runlim] sample:		445.94 time, 220.02 real, 795 MB
[runlim] sample:		466.22 time, 230.02 real, 807 MB
[runlim] sample:		486.49 time, 240.02 real, 832 MB
[runlim] sample:		506.77 time, 250.02 real, 849 MB
[runlim] sample:		527.05 time, 260.02 real, 843 MB
[runlim] sample:		547.33 time, 270.02 real, 890 MB
[runlim] sample:		567.60 time, 280.02 real, 941 MB
[runlim] sample:		587.87 time, 290.02 real, 974 MB
[runlim] sample:		608.16 time, 300.02 real, 1014 MB
[runlim] sample:		628.42 time, 310.02 real, 1093 MB
[runlim] sample:		648.70 time, 320.02 real, 1088 MB
[runlim] sample:		668.99 time, 330.02 real, 1144 MB
[runlim] sample:		689.26 time, 340.02 real, 1173 MB
[runlim] sample:		709.54 time, 350.02 real, 1176 MB
[runlim] sample:		729.81 time, 360.02 real, 1206 MB
[runlim] sample:		750.08 time, 370.02 real, 1233 MB
[runlim] sample:		770.37 time, 380.02 real, 1286 MB
[runlim] sample:		790.64 time, 390.02 real, 1323 MB
[runlim] sample:		810.91 time, 400.02 real, 1325 MB
[runlim] sample:		831.20 time, 410.02 real, 1402 MB
[runlim] sample:		851.47 time, 420.02 real, 1401 MB
[runlim] sample:		871.75 time, 430.02 real, 1396 MB
[runlim] sample:		892.02 time, 440.02 real, 1396 MB
[runlim] sample:		912.30 time, 450.02 real, 1435 MB
[runlim] sample:		932.58 time, 460.02 real, 1399 MB
[runlim] sample:		952.85 time, 470.02 real, 1438 MB
[runlim] sample:		973.12 time, 480.02 real, 1393 MB
[runlim] sample:		993.39 time, 490.02 real, 1386 MB
[runlim] sample:		1013.67 time, 500.02 real, 1396 MB
[runlim] sample:		1033.94 time, 510.02 real, 1365 MB
[runlim] sample:		1054.22 time, 520.02 real, 1408 MB
[runlim] sample:		1074.49 time, 530.02 real, 1388 MB
[runlim] sample:		1094.76 time, 540.02 real, 1436 MB
[runlim] sample:		1115.04 time, 550.02 real, 1452 MB
[runlim] sample:		1135.32 time, 560.02 real, 1466 MB
[runlim] sample:		1155.59 time, 570.02 real, 1451 MB
[runlim] sample:		1175.86 time, 580.02 real, 1518 MB
[runlim] sample:		1196.13 time, 590.02 real, 1482 MB
[runlim] sample:		1216.41 time, 600.02 real, 1496 MB
[runlim] sample:		1236.69 time, 610.02 real, 1581 MB
[runlim] sample:		1256.96 time, 620.02 real, 1527 MB
[runlim] sample:		1277.24 time, 630.02 real, 1608 MB
[runlim] sample:		1297.50 time, 640.01 real, 1560 MB
[runlim] sample:		1317.79 time, 650.01 real, 1648 MB
[runlim] sample:		1338.06 time, 660.01 real, 1659 MB
[runlim] sample:		1358.34 time, 670.02 real, 1681 MB
[runlim] sample:		1378.61 time, 680.01 real, 1648 MB
[runlim] sample:		1398.88 time, 690.01 real, 1640 MB
[runlim] sample:		1419.15 time, 700.01 real, 1708 MB
[runlim] sample:		1439.42 time, 710.01 real, 1688 MB
[runlim] sample:		1459.70 time, 720.01 real, 1724 MB
[runlim] sample:		1479.98 time, 730.01 real, 1737 MB
[runlim] sample:		1500.23 time, 740.01 real, 1699 MB
[runlim] sample:		1520.52 time, 750.01 real, 1766 MB
[runlim] sample:		1540.78 time, 760.01 real, 1726 MB
[runlim] sample:		1561.06 time, 770.02 real, 1736 MB
[runlim] sample:		2352.74 time, 780.01 real, 448 MB
[runlim] sample:		2373.00 time, 790.01 real, 451 MB
[runlim] sample:		2393.26 time, 800.01 real, 457 MB
[runlim] sample:		2413.51 time, 810.01 real, 469 MB
[runlim] sample:		2433.77 time, 820.01 real, 460 MB
[runlim] sample:		2454.02 time, 830.01 real, 464 MB
[runlim] sample:		2474.28 time, 840.02 real, 468 MB
[runlim] sample:		2494.54 time, 850.01 real, 472 MB
[runlim] sample:		2514.79 time, 860.02 real, 459 MB
[runlim] sample:		2535.03 time, 870.01 real, 464 MB
[runlim] sample:		2555.29 time, 880.01 real, 468 MB
[runlim] sample:		2575.55 time, 890.01 real, 472 MB
[runlim] sample:		2595.81 time, 900.01 real, 476 MB
[runlim] sample:		2616.07 time, 910.02 real, 463 MB
[runlim] sample:		2636.33 time, 920.02 real, 479 MB
[runlim] sample:		2656.58 time, 930.02 real, 486 MB
[runlim] sample:		2676.84 time, 940.02 real, 490 MB
[runlim] sample:		2697.09 time, 950.01 real, 495 MB
[runlim] sample:		2717.33 time, 960.01 real, 499 MB
[runlim] sample:		2737.59 time, 970.01 real, 491 MB
[runlim] sample:		2757.85 time, 980.01 real, 496 MB
[runlim] sample:		2778.10 time, 990.01 real, 500 MB
[runlim] sample:		2798.36 time, 1000.01 real, 504 MB
[runlim] sample:		2818.61 time, 1010.01 real, 509 MB
[runlim] sample:		2838.86 time, 1020.01 real, 500 MB
[runlim] sample:		2859.12 time, 1030.01 real, 503 MB
[runlim] sample:		2879.37 time, 1040.01 real, 509 MB
[runlim] sample:		2899.62 time, 1050.01 real, 513 MB
[runlim] sample:		2919.87 time, 1060.02 real, 517 MB
[runlim] sample:		2940.12 time, 1070.02 real, 520 MB
[runlim] sample:		2960.37 time, 1080.01 real, 523 MB
[runlim] sample:		2980.61 time, 1090.01 real, 518 MB
[runlim] sample:		3000.87 time, 1100.01 real, 522 MB
[runlim] sample:		3021.13 time, 1110.01 real, 526 MB
[runlim] sample:		3041.38 time, 1120.01 real, 530 MB
[runlim] sample:		3061.63 time, 1130.01 real, 534 MB
[runlim] sample:		3081.87 time, 1140.02 real, 539 MB
[runlim] sample:		3102.14 time, 1150.01 real, 529 MB
[runlim] sample:		3122.38 time, 1160.01 real, 535 MB
[runlim] sample:		3142.64 time, 1170.01 real, 540 MB
[runlim] sample:		3162.90 time, 1180.01 real, 566 MB
[runlim] sample:		3183.14 time, 1190.01 real, 570 MB
[runlim] sample:		3203.40 time, 1200.01 real, 574 MB
[runlim] sample:		3223.64 time, 1210.01 real, 561 MB
[runlim] sample:		3243.91 time, 1220.01 real, 565 MB
[runlim] sample:		3264.16 time, 1230.01 real, 569 MB
[runlim] sample:		3284.42 time, 1240.01 real, 573 MB
[runlim] sample:		3304.67 time, 1250.01 real, 560 MB
[runlim] sample:		3324.93 time, 1260.01 real, 566 MB
[runlim] sample:		3345.16 time, 1270.01 real, 570 MB
[runlim] sample:		3365.44 time, 1280.02 real, 591 MB
[runlim] sample:		3385.68 time, 1290.01 real, 596 MB
[runlim] sample:		3405.94 time, 1300.01 real, 600 MB
[runlim] sample:		3426.19 time, 1310.01 real, 604 MB
[runlim] sample:		3446.46 time, 1320.01 real, 596 MB
[runlim] sample:		3466.70 time, 1330.02 real, 602 MB
[runlim] sample:		3486.96 time, 1340.01 real, 606 MB
[runlim] sample:		3507.22 time, 1350.02 real, 610 MB
[runlim] sample:		3527.47 time, 1360.02 real, 611 MB
[runlim] sample:		3547.72 time, 1370.01 real, 614 MB
[runlim] sample:		3567.97 time, 1380.01 real, 618 MB
[runlim] sample:		3588.23 time, 1390.01 real, 599 MB
[runlim] sample:		3608.48 time, 1400.02 real, 603 MB
[runlim] sample:		3628.75 time, 1410.02 real, 607 MB
[runlim] sample:		3648.99 time, 1420.01 real, 611 MB
[runlim] sample:		3669.26 time, 1430.01 real, 615 MB
[runlim] sample:		3689.50 time, 1440.01 real, 620 MB
[runlim] sample:		3709.75 time, 1450.01 real, 624 MB
[runlim] sample:		3730.01 time, 1460.01 real, 613 MB
[runlim] sample:		3750.29 time, 1470.01 real, 631 MB
[runlim] sample:		3770.54 time, 1480.01 real, 635 MB
[runlim] sample:		3790.77 time, 1490.01 real, 639 MB
[runlim] sample:		3811.03 time, 1500.01 real, 643 MB
[runlim] sample:		3831.29 time, 1510.01 real, 647 MB
[runlim] sample:		3851.53 time, 1520.01 real, 652 MB
[runlim] sample:		3871.79 time, 1530.01 real, 638 MB
[runlim] sample:		3892.05 time, 1540.01 real, 644 MB
[runlim] sample:		3912.31 time, 1550.01 real, 648 MB
[runlim] sample:		3932.56 time, 1560.01 real, 653 MB
[runlim] sample:		3952.81 time, 1570.01 real, 657 MB
[runlim] sample:		3973.07 time, 1580.01 real, 661 MB
[runlim] sample:		3993.32 time, 1590.01 real, 665 MB
[runlim] sample:		4013.59 time, 1600.01 real, 623 MB
[runlim] sample:		4033.84 time, 1610.01 real, 627 MB
[runlim] sample:		4054.09 time, 1620.01 real, 632 MB
[runlim] sample:		4074.35 time, 1630.02 real, 636 MB
[runlim] sample:		4094.60 time, 1640.02 real, 640 MB
[runlim] sample:		4114.86 time, 1650.02 real, 644 MB
[runlim] sample:		4135.13 time, 1660.02 real, 647 MB
[runlim] sample:		4155.38 time, 1670.01 real, 651 MB
[runlim] sample:		4175.62 time, 1680.01 real, 674 MB
[runlim] sample:		4195.88 time, 1690.01 real, 681 MB
[runlim] sample:		4216.14 time, 1700.01 real, 685 MB
[runlim] sample:		4236.39 time, 1710.01 real, 689 MB
[runlim] sample:		4256.65 time, 1720.01 real, 693 MB
[runlim] sample:		4276.89 time, 1730.01 real, 698 MB
[runlim] sample:		4297.15 time, 1740.01 real, 702 MB
[runlim] sample:		4317.42 time, 1750.01 real, 707 MB
[runlim] sample:		4337.66 time, 1760.01 real, 686 MB
[runlim] sample:		4357.92 time, 1770.01 real, 695 MB
[runlim] sample:		4378.18 time, 1780.01 real, 701 MB
[runlim] sample:		4398.43 time, 1790.01 real, 705 MB
[runlim] sample:		4418.69 time, 1800.01 real, 709 MB
[runlim] sample:		4438.95 time, 1810.01 real, 714 MB
[runlim] sample:		4459.20 time, 1820.01 real, 718 MB
[runlim] sample:		4479.43 time, 1830.01 real, 723 MB
[runlim] sample:		4499.68 time, 1840.02 real, 705 MB
[runlim] sample:		4519.93 time, 1850.01 real, 709 MB
[runlim] sample:		4540.17 time, 1860.02 real, 714 MB
[runlim] sample:		4560.43 time, 1870.01 real, 718 MB
[runlim] sample:		4580.68 time, 1880.01 real, 722 MB
[runlim] sample:		4600.93 time, 1890.01 real, 727 MB
[runlim] sample:		4621.19 time, 1900.01 real, 732 MB
[runlim] sample:		4641.45 time, 1910.01 real, 736 MB
[runlim] sample:		4661.70 time, 1920.01 real, 725 MB
[runlim] sample:		4681.96 time, 1930.01 real, 731 MB
[runlim] sample:		4702.21 time, 1940.02 real, 735 MB
[runlim] sample:		4722.47 time, 1950.01 real, 739 MB
[runlim] sample:		4742.73 time, 1960.01 real, 742 MB
[runlim] sample:		4762.99 time, 1970.01 real, 736 MB
[runlim] sample:		4783.23 time, 1980.01 real, 740 MB
[runlim] sample:		4803.50 time, 1990.02 real, 744 MB
[runlim] sample:		4823.75 time, 2000.02 real, 749 MB
[runlim] sample:		4844.00 time, 2010.02 real, 721 MB
[runlim] sample:		4864.26 time, 2020.01 real, 727 MB
[runlim] sample:		4884.51 time, 2030.01 real, 732 MB
[runlim] sample:		4904.78 time, 2040.01 real, 738 MB
[runlim] sample:		4925.04 time, 2050.01 real, 743 MB
[runlim] sample:		4945.29 time, 2060.01 real, 747 MB
[runlim] sample:		4965.53 time, 2070.01 real, 751 MB
[runlim] sample:		4985.79 time, 2080.01 real, 756 MB
[runlim] sample:		5006.06 time, 2090.01 real, 760 MB
[runlim] sample:		5026.32 time, 2100.01 real, 732 MB
[runlim] sample:		5046.56 time, 2110.01 real, 737 MB
[runlim] sample:		5066.83 time, 2120.01 real, 742 MB
[runlim] sample:		5087.08 time, 2130.01 real, 747 MB
[runlim] sample:		5107.34 time, 2140.01 real, 751 MB
[runlim] sample:		5127.60 time, 2150.01 real, 755 MB
[runlim] sample:		5147.84 time, 2160.01 real, 759 MB
[runlim] sample:		5168.10 time, 2170.01 real, 764 MB
[runlim] sample:		5188.35 time, 2180.01 real, 768 MB
[runlim] sample:		5208.63 time, 2190.01 real, 743 MB
[runlim] sample:		5228.89 time, 2200.01 real, 748 MB
[runlim] sample:		5249.13 time, 2210.01 real, 752 MB
[runlim] sample:		5269.40 time, 2220.01 real, 757 MB
[runlim] sample:		5289.64 time, 2230.02 real, 762 MB
[runlim] sample:		5309.90 time, 2240.02 real, 776 MB
[runlim] sample:		5330.16 time, 2250.01 real, 779 MB
[runlim] sample:		5350.41 time, 2260.01 real, 783 MB
[runlim] sample:		5370.67 time, 2270.01 real, 787 MB
[runlim] sample:		5390.92 time, 2280.01 real, 791 MB
[runlim] sample:		5411.17 time, 2290.01 real, 761 MB
[runlim] sample:		5431.42 time, 2300.01 real, 767 MB
[runlim] sample:		5451.69 time, 2310.01 real, 772 MB
[runlim] sample:		5471.94 time, 2320.01 real, 776 MB
[runlim] sample:		5492.21 time, 2330.01 real, 780 MB
[runlim] sample:		5512.47 time, 2340.01 real, 784 MB
[runlim] sample:		5532.73 time, 2350.01 real, 789 MB
[runlim] sample:		5552.97 time, 2360.02 real, 788 MB
[runlim] sample:		5573.23 time, 2370.02 real, 792 MB
[runlim] sample:		5593.48 time, 2380.01 real, 797 MB
[runlim] sample:		5613.73 time, 2390.01 real, 787 MB
[runlim] sample:		5634.00 time, 2400.01 real, 794 MB
[runlim] sample:		5654.26 time, 2410.01 real, 798 MB
[runlim] sample:		5674.52 time, 2420.01 real, 802 MB
[runlim] sample:		5694.76 time, 2430.01 real, 806 MB
[runlim] sample:		5715.02 time, 2440.01 real, 811 MB
[runlim] sample:		5735.30 time, 2450.01 real, 816 MB
[runlim] sample:		5755.56 time, 2460.01 real, 836 MB
[runlim] sample:		5775.82 time, 2470.01 real, 840 MB
[runlim] sample:		5796.07 time, 2480.01 real, 811 MB
[runlim] sample:		5816.33 time, 2490.01 real, 818 MB
[runlim] sample:		5836.59 time, 2500.01 real, 822 MB
[runlim] sample:		5856.85 time, 2510.01 real, 826 MB
[runlim] sample:		5877.11 time, 2520.01 real, 831 MB
[runlim] sample:		5897.36 time, 2530.02 real, 834 MB
[runlim] sample:		5917.63 time, 2540.02 real, 837 MB
[runlim] sample:		5937.88 time, 2550.01 real, 840 MB
[runlim] sample:		5958.14 time, 2560.01 real, 844 MB
[runlim] sample:		5978.39 time, 2570.01 real, 849 MB
[runlim] sample:		5998.65 time, 2580.01 real, 853 MB
[runlim] sample:		6018.92 time, 2590.01 real, 822 MB
[runlim] sample:		6039.18 time, 2600.01 real, 828 MB
[runlim] sample:		6059.43 time, 2610.01 real, 833 MB
[runlim] sample:		6079.69 time, 2620.01 real, 837 MB
[runlim] sample:		6099.94 time, 2630.01 real, 841 MB
[runlim] sample:		6120.19 time, 2640.01 real, 846 MB
[runlim] sample:		6140.46 time, 2650.01 real, 850 MB
[runlim] sample:		6160.71 time, 2660.02 real, 854 MB
[runlim] sample:		6180.98 time, 2670.01 real, 859 MB
[runlim] sample:		6201.22 time, 2680.01 real, 863 MB
[runlim] sample:		6221.48 time, 2690.01 real, 841 MB
[runlim] sample:		6241.74 time, 2700.01 real, 845 MB
[runlim] sample:		6262.00 time, 2710.02 real, 818 MB
[runlim] sample:		6282.25 time, 2720.01 real, 834 MB
[runlim] sample:		6302.51 time, 2730.02 real, 840 MB
[runlim] sample:		6322.78 time, 2740.02 real, 844 MB
[runlim] sample:		6343.03 time, 2750.01 real, 848 MB
[runlim] sample:		6363.29 time, 2760.01 real, 853 MB
[runlim] sample:		6383.55 time, 2770.01 real, 857 MB
[runlim] sample:		6403.79 time, 2780.01 real, 862 MB
[runlim] sample:		6424.06 time, 2790.01 real, 870 MB
[runlim] sample:		6444.32 time, 2800.01 real, 874 MB
[runlim] sample:		6464.56 time, 2810.01 real, 878 MB
[runlim] sample:		6484.83 time, 2820.02 real, 882 MB
[runlim] sample:		6505.09 time, 2830.02 real, 855 MB
[runlim] sample:		6525.34 time, 2840.01 real, 875 MB
[runlim] sample:		6545.59 time, 2850.01 real, 884 MB
[runlim] sample:		6565.84 time, 2860.01 real, 889 MB
[runlim] sample:		6586.10 time, 2870.01 real, 893 MB
[runlim] sample:		6606.36 time, 2880.02 real, 897 MB
[runlim] sample:		6626.62 time, 2890.01 real, 902 MB
[runlim] sample:		6646.88 time, 2900.01 real, 900 MB
[runlim] sample:		6667.12 time, 2910.01 real, 904 MB
[runlim] sample:		6687.40 time, 2920.01 real, 908 MB
[runlim] sample:		6707.64 time, 2930.01 real, 912 MB
[runlim] sample:		6727.89 time, 2940.01 real, 916 MB
[runlim] sample:		6748.15 time, 2950.01 real, 920 MB
[runlim] sample:		6768.40 time, 2960.01 real, 924 MB
[runlim] sample:		6788.65 time, 2970.01 real, 903 MB
[runlim] sample:		6808.92 time, 2980.01 real, 900 MB
[runlim] sample:		6829.17 time, 2990.01 real, 904 MB
[runlim] sample:		6849.43 time, 3000.01 real, 908 MB
[runlim] sample:		6869.68 time, 3010.01 real, 916 MB
[runlim] sample:		6889.94 time, 3020.01 real, 920 MB
[runlim] sample:		6910.20 time, 3030.01 real, 924 MB
[runlim] sample:		6930.45 time, 3040.01 real, 929 MB
[runlim] sample:		6950.71 time, 3050.01 real, 932 MB
[runlim] sample:		6970.98 time, 3060.01 real, 937 MB
[runlim] sample:		6991.23 time, 3070.01 real, 942 MB
[runlim] sample:		7011.49 time, 3080.01 real, 947 MB
[runlim] sample:		7031.75 time, 3090.01 real, 951 MB
[runlim] sample:		7052.01 time, 3100.02 real, 958 MB
[runlim] sample:		7072.26 time, 3110.02 real, 961 MB
[runlim] sample:		7092.53 time, 3120.02 real, 965 MB
[runlim] sample:		7112.78 time, 3130.01 real, 934 MB
[runlim] sample:		7133.04 time, 3140.01 real, 907 MB
[runlim] sample:		7153.30 time, 3150.01 real, 911 MB
[runlim] sample:		7173.56 time, 3160.01 real, 915 MB
[runlim] sample:		7193.82 time, 3170.01 real, 919 MB
[runlim] sample:		7214.06 time, 3180.01 real, 923 MB
[runlim] sample:		7234.33 time, 3190.01 real, 928 MB
[runlim] sample:		7254.59 time, 3200.01 real, 932 MB
[runlim] sample:		7274.84 time, 3210.01 real, 936 MB
[runlim] sample:		7295.10 time, 3220.01 real, 941 MB
[runlim] sample:		7315.36 time, 3230.01 real, 945 MB
[runlim] sample:		7335.62 time, 3240.02 real, 965 MB
[runlim] sample:		7355.87 time, 3250.01 real, 971 MB
[runlim] sample:		7376.12 time, 3260.01 real, 975 MB
[runlim] sample:		7396.39 time, 3270.01 real, 979 MB
[runlim] sample:		7416.64 time, 3280.01 real, 983 MB
[runlim] sample:		7436.90 time, 3290.01 real, 957 MB
[runlim] sample:		7457.15 time, 3300.01 real, 961 MB
[runlim] sample:		7477.40 time, 3310.01 real, 965 MB
[runlim] sample:		7497.66 time, 3320.01 real, 969 MB
[runlim] sample:		7517.92 time, 3330.01 real, 974 MB
[runlim] sample:		7538.19 time, 3340.01 real, 978 MB
[runlim] sample:		7558.44 time, 3350.01 real, 983 MB
[runlim] sample:		7578.70 time, 3360.01 real, 990 MB
[runlim] sample:		7598.96 time, 3370.01 real, 995 MB
[runlim] sample:		7619.20 time, 3380.01 real, 1018 MB
[runlim] sample:		7639.47 time, 3390.01 real, 1022 MB
[runlim] sample:		7659.72 time, 3400.01 real, 1026 MB
[runlim] sample:		7679.97 time, 3410.02 real, 1030 MB
[runlim] sample:		7700.23 time, 3420.01 real, 1033 MB
[runlim] sample:		7720.48 time, 3430.01 real, 1036 MB
[runlim] sample:		7740.74 time, 3440.01 real, 1040 MB
[runlim] sample:		7760.99 time, 3450.01 real, 1045 MB
[runlim] sample:		7781.25 time, 3460.02 real, 1049 MB
[runlim] sample:		7801.50 time, 3470.01 real, 1053 MB
[runlim] sample:		7821.76 time, 3480.01 real, 1058 MB
[runlim] sample:		7842.03 time, 3490.01 real, 1020 MB
[runlim] sample:		7862.28 time, 3500.01 real, 1024 MB
[runlim] sample:		7882.53 time, 3510.01 real, 1028 MB
[runlim] sample:		7902.80 time, 3520.01 real, 1032 MB
[runlim] sample:		7923.06 time, 3530.01 real, 1036 MB
[runlim] sample:		7943.32 time, 3540.01 real, 1041 MB
[runlim] sample:		7963.56 time, 3550.01 real, 1042 MB
[runlim] sample:		7983.83 time, 3560.01 real, 1046 MB
[runlim] sample:		8004.09 time, 3570.01 real, 1050 MB
[runlim] sample:		8024.34 time, 3580.01 real, 1055 MB
[runlim] sample:		8044.60 time, 3590.01 real, 1059 MB
[runlim] sample:		8064.86 time, 3600.01 real, 1063 MB
[runlim] end:			Wed Oct 16 18:57:37 2019
[runlim] status:		out of time
[runlim] result:		2
[runlim] children:		4
[runlim] real:			3600.10 seconds
[runlim] time:			8064.86 seconds
[runlim] space:			1798 MB
[runlim] samples:		36000
