[runlim] version:		1.17
[runlim] host:			c3n01
[runlim] time limit:		311040000 seconds
[runlim] real time limit:	3600 seconds
[runlim] space limit:		120000 MB
[runlim] argv[0]:		./run-cosa2.sh
[runlim] argv[1]:		/tmp/Lp96l23t.btor
[runlim] start:			Wed Oct 16 20:35:47 2019
[runlim] child:			6376
[runlim] sample:		20.17 time, 10.02 real, 507 MB
[runlim] sample:		40.45 time, 20.02 real, 754 MB
[runlim] sample:		60.72 time, 30.02 real, 915 MB
[runlim] sample:		81.00 time, 40.02 real, 1081 MB
[runlim] sample:		101.28 time, 50.02 real, 1175 MB
[runlim] sample:		121.56 time, 60.02 real, 1293 MB
[runlim] sample:		141.81 time, 70.02 real, 1497 MB
[runlim] sample:		162.11 time, 80.02 real, 1573 MB
[runlim] sample:		182.38 time, 90.02 real, 1753 MB
[runlim] sample:		202.65 time, 100.02 real, 1708 MB
[runlim] sample:		222.93 time, 110.02 real, 1619 MB
[runlim] sample:		243.22 time, 120.02 real, 1642 MB
[runlim] sample:		263.49 time, 130.02 real, 1718 MB
[runlim] sample:		283.78 time, 140.02 real, 1859 MB
[runlim] sample:		304.05 time, 150.02 real, 1952 MB
[runlim] sample:		324.32 time, 160.02 real, 2021 MB
[runlim] sample:		344.60 time, 170.02 real, 2040 MB
[runlim] sample:		364.88 time, 180.02 real, 2096 MB
[runlim] sample:		385.14 time, 190.02 real, 2159 MB
[runlim] sample:		405.42 time, 200.02 real, 2240 MB
[runlim] sample:		425.70 time, 210.02 real, 2376 MB
[runlim] sample:		445.96 time, 220.02 real, 2588 MB
[runlim] sample:		466.25 time, 230.02 real, 2720 MB
[runlim] sample:		486.51 time, 240.02 real, 2652 MB
[runlim] sample:		506.80 time, 250.02 real, 2661 MB
[runlim] sample:		527.00 time, 260.02 real, 2680 MB
[runlim] sample:		547.21 time, 270.02 real, 2731 MB
[runlim] sample:		567.49 time, 280.02 real, 2811 MB
[runlim] sample:		587.76 time, 290.02 real, 2797 MB
[runlim] sample:		608.05 time, 300.02 real, 2849 MB
[runlim] end:			Wed Oct 16 20:40:48 2019
[runlim] status:		ok
[runlim] result:		0
[runlim] children:		4
[runlim] real:			301.43 seconds
[runlim] time:			610.88 seconds
[runlim] space:			2913 MB
[runlim] samples:		3014
