[runlim] version:		1.17
[runlim] host:			c3n19
[runlim] time limit:		311040000 seconds
[runlim] real time limit:	3600 seconds
[runlim] space limit:		120000 MB
[runlim] argv[0]:		./run-cosa2.sh
[runlim] argv[1]:		/tmp/BBqFqP0l.btor
[runlim] start:			Wed Oct 16 20:32:24 2019
[runlim] child:			15482
[runlim] sample:		20.17 time, 10.02 real, 378 MB
[runlim] sample:		40.44 time, 20.02 real, 476 MB
[runlim] sample:		60.71 time, 30.02 real, 633 MB
[runlim] sample:		80.99 time, 40.02 real, 704 MB
[runlim] sample:		101.26 time, 50.02 real, 772 MB
[runlim] sample:		121.54 time, 60.02 real, 888 MB
[runlim] sample:		141.82 time, 70.02 real, 947 MB
[runlim] end:			Wed Oct 16 20:33:43 2019
[runlim] status:		ok
[runlim] result:		0
[runlim] children:		4
[runlim] real:			79.13 seconds
[runlim] time:			160.27 seconds
[runlim] space:			1038 MB
[runlim] samples:		791
