[runlim] version:		1.17
[runlim] host:			c3n22
[runlim] time limit:		311040000 seconds
[runlim] real time limit:	3600 seconds
[runlim] space limit:		120000 MB
[runlim] argv[0]:		./run-cosa2.sh
[runlim] argv[1]:		/tmp/336jAzbB.btor
[runlim] start:			Wed Oct 16 20:26:48 2019
[runlim] child:			8405
[runlim] sample:		20.14 time, 10.02 real, 365 MB
[runlim] sample:		40.38 time, 20.02 real, 500 MB
[runlim] sample:		60.63 time, 30.02 real, 632 MB
[runlim] sample:		80.88 time, 40.02 real, 698 MB
[runlim] sample:		101.13 time, 50.02 real, 836 MB
[runlim] sample:		121.36 time, 60.02 real, 966 MB
[runlim] sample:		141.62 time, 70.02 real, 983 MB
[runlim] sample:		161.86 time, 80.02 real, 1055 MB
[runlim] sample:		182.12 time, 90.02 real, 1149 MB
[runlim] sample:		202.41 time, 100.02 real, 1321 MB
[runlim] sample:		222.68 time, 110.02 real, 1463 MB
[runlim] sample:		242.97 time, 120.02 real, 1463 MB
[runlim] sample:		263.23 time, 130.02 real, 1524 MB
[runlim] sample:		283.52 time, 140.02 real, 1547 MB
[runlim] sample:		303.80 time, 150.02 real, 1601 MB
[runlim] sample:		324.08 time, 160.02 real, 1586 MB
[runlim] sample:		344.36 time, 170.01 real, 1645 MB
[runlim] sample:		364.63 time, 180.02 real, 1844 MB
[runlim] sample:		384.91 time, 190.02 real, 1977 MB
[runlim] sample:		405.19 time, 200.02 real, 2029 MB
[runlim] sample:		425.46 time, 210.02 real, 2106 MB
[runlim] sample:		445.74 time, 220.01 real, 2161 MB
[runlim] sample:		466.01 time, 230.02 real, 2197 MB
[runlim] end:			Wed Oct 16 20:30:43 2019
[runlim] status:		ok
[runlim] result:		0
[runlim] children:		4
[runlim] real:			235.29 seconds
[runlim] time:			476.56 seconds
[runlim] space:			2215 MB
[runlim] samples:		2352
