[runlim] version:		1.17
[runlim] host:			c3n06
[runlim] time limit:		311040000 seconds
[runlim] real time limit:	3600 seconds
[runlim] space limit:		120000 MB
[runlim] argv[0]:		./run-cosa2.sh
[runlim] argv[1]:		/tmp/V7jYD2PD.btor
[runlim] start:			Wed Oct 16 22:53:40 2019
[runlim] child:			30598
[runlim] sample:		20.18 time, 10.02 real, 651 MB
[runlim] sample:		40.44 time, 20.02 real, 852 MB
[runlim] sample:		60.69 time, 30.02 real, 996 MB
[runlim] sample:		80.96 time, 40.02 real, 1076 MB
[runlim] sample:		101.23 time, 50.02 real, 1070 MB
[runlim] sample:		121.52 time, 60.02 real, 1122 MB
[runlim] sample:		141.79 time, 70.02 real, 1214 MB
[runlim] sample:		162.07 time, 80.02 real, 1334 MB
[runlim] sample:		182.33 time, 90.02 real, 1549 MB
[runlim] sample:		202.60 time, 100.02 real, 1590 MB
[runlim] sample:		222.87 time, 110.02 real, 1663 MB
[runlim] sample:		243.15 time, 120.02 real, 1750 MB
[runlim] sample:		263.42 time, 130.02 real, 1837 MB
[runlim] sample:		283.67 time, 140.02 real, 1942 MB
[runlim] sample:		303.94 time, 150.02 real, 1992 MB
[runlim] sample:		324.21 time, 160.02 real, 2075 MB
[runlim] sample:		344.47 time, 170.02 real, 2313 MB
[runlim] sample:		364.75 time, 180.02 real, 2355 MB
[runlim] sample:		385.01 time, 190.02 real, 2432 MB
[runlim] sample:		405.29 time, 200.02 real, 2538 MB
[runlim] sample:		425.53 time, 210.02 real, 2608 MB
[runlim] sample:		445.78 time, 220.02 real, 2654 MB
[runlim] sample:		466.05 time, 230.02 real, 2701 MB
[runlim] sample:		486.31 time, 240.02 real, 2970 MB
[runlim] sample:		506.59 time, 250.02 real, 2927 MB
[runlim] sample:		526.86 time, 260.02 real, 2949 MB
[runlim] sample:		547.13 time, 270.02 real, 2976 MB
[runlim] sample:		567.42 time, 280.02 real, 2940 MB
[runlim] sample:		587.70 time, 290.02 real, 2950 MB
[runlim] sample:		607.96 time, 300.02 real, 2948 MB
[runlim] sample:		628.24 time, 310.02 real, 3077 MB
[runlim] sample:		648.49 time, 320.02 real, 3138 MB
[runlim] sample:		668.74 time, 330.02 real, 3100 MB
[runlim] sample:		689.00 time, 340.02 real, 3200 MB
[runlim] sample:		709.26 time, 350.02 real, 3187 MB
[runlim] sample:		729.53 time, 360.02 real, 3248 MB
[runlim] sample:		749.81 time, 370.02 real, 3312 MB
[runlim] sample:		770.06 time, 380.02 real, 3353 MB
[runlim] sample:		790.32 time, 390.02 real, 3480 MB
[runlim] sample:		810.60 time, 400.02 real, 3582 MB
[runlim] sample:		830.87 time, 410.02 real, 3992 MB
[runlim] sample:		851.12 time, 420.02 real, 3967 MB
[runlim] sample:		871.39 time, 430.02 real, 3942 MB
[runlim] sample:		891.66 time, 440.02 real, 4022 MB
[runlim] sample:		911.95 time, 450.02 real, 4068 MB
[runlim] sample:		932.22 time, 460.02 real, 4065 MB
[runlim] sample:		952.51 time, 470.02 real, 4234 MB
[runlim] sample:		972.76 time, 480.02 real, 4184 MB
[runlim] sample:		993.04 time, 490.02 real, 4251 MB
[runlim] sample:		1013.30 time, 500.02 real, 4257 MB
[runlim] sample:		1033.59 time, 510.02 real, 4343 MB
[runlim] sample:		1053.86 time, 520.02 real, 4305 MB
[runlim] sample:		1074.13 time, 530.02 real, 4368 MB
[runlim] sample:		1094.42 time, 540.02 real, 4452 MB
[runlim] sample:		1114.68 time, 550.02 real, 4418 MB
[runlim] sample:		1134.95 time, 560.02 real, 4459 MB
[runlim] sample:		1155.22 time, 570.02 real, 4568 MB
[runlim] sample:		1175.50 time, 580.02 real, 4495 MB
[runlim] sample:		1195.76 time, 590.02 real, 4590 MB
[runlim] sample:		1216.02 time, 600.02 real, 4706 MB
[runlim] sample:		1236.28 time, 610.02 real, 4855 MB
[runlim] sample:		1256.55 time, 620.02 real, 4846 MB
[runlim] sample:		1276.82 time, 630.02 real, 4921 MB
[runlim] sample:		1297.10 time, 640.02 real, 4849 MB
[runlim] sample:		1317.38 time, 650.02 real, 4921 MB
[runlim] sample:		1337.65 time, 660.02 real, 4888 MB
[runlim] sample:		1357.92 time, 670.02 real, 4902 MB
[runlim] sample:		1378.18 time, 680.02 real, 4925 MB
[runlim] sample:		1398.45 time, 690.02 real, 4977 MB
[runlim] sample:		1418.70 time, 700.02 real, 4920 MB
[runlim] sample:		1438.97 time, 710.02 real, 4918 MB
[runlim] sample:		1459.21 time, 720.02 real, 4939 MB
[runlim] sample:		1479.49 time, 730.02 real, 4922 MB
[runlim] sample:		1499.76 time, 740.02 real, 4913 MB
[runlim] sample:		1520.02 time, 750.02 real, 4890 MB
[runlim] sample:		1540.30 time, 760.02 real, 5071 MB
[runlim] sample:		1560.56 time, 770.02 real, 5061 MB
[runlim] sample:		1580.84 time, 780.02 real, 5024 MB
[runlim] sample:		1601.11 time, 790.02 real, 5040 MB
[runlim] sample:		1621.38 time, 800.02 real, 5203 MB
[runlim] sample:		1641.67 time, 810.02 real, 5138 MB
[runlim] sample:		1661.93 time, 820.02 real, 5146 MB
[runlim] sample:		1682.20 time, 830.02 real, 5839 MB
[runlim] sample:		1702.46 time, 840.02 real, 5148 MB
[runlim] sample:		1722.74 time, 850.02 real, 5454 MB
[runlim] sample:		1743.01 time, 860.02 real, 5474 MB
[runlim] sample:		1763.28 time, 870.02 real, 5589 MB
[runlim] sample:		1783.54 time, 880.02 real, 5731 MB
[runlim] sample:		1803.82 time, 890.02 real, 6113 MB
[runlim] sample:		1824.09 time, 900.02 real, 5719 MB
[runlim] sample:		1844.37 time, 910.02 real, 5824 MB
[runlim] sample:		1864.63 time, 920.02 real, 5218 MB
[runlim] sample:		1884.90 time, 930.02 real, 5573 MB
[runlim] sample:		1905.19 time, 940.02 real, 5288 MB
[runlim] sample:		1925.45 time, 950.02 real, 5252 MB
[runlim] sample:		1945.72 time, 960.02 real, 5037 MB
[runlim] sample:		1965.97 time, 970.02 real, 4991 MB
[runlim] sample:		1986.23 time, 980.02 real, 5000 MB
[runlim] sample:		2006.49 time, 990.02 real, 4986 MB
[runlim] sample:		2026.76 time, 1000.02 real, 5005 MB
[runlim] sample:		2047.04 time, 1010.02 real, 5009 MB
[runlim] sample:		2067.31 time, 1020.02 real, 5011 MB
[runlim] sample:		2087.56 time, 1030.02 real, 5035 MB
[runlim] sample:		2107.81 time, 1040.02 real, 5042 MB
[runlim] sample:		2128.08 time, 1050.02 real, 5047 MB
[runlim] sample:		2148.35 time, 1060.02 real, 5028 MB
[runlim] sample:		2168.63 time, 1070.02 real, 5031 MB
[runlim] sample:		2188.90 time, 1080.02 real, 5068 MB
[runlim] sample:		2209.18 time, 1090.02 real, 5081 MB
[runlim] sample:		2229.45 time, 1100.02 real, 5039 MB
[runlim] sample:		2249.74 time, 1110.02 real, 5044 MB
[runlim] sample:		2270.02 time, 1120.02 real, 5092 MB
[runlim] sample:		2290.28 time, 1130.02 real, 5075 MB
[runlim] sample:		2310.54 time, 1140.02 real, 5088 MB
[runlim] sample:		2330.82 time, 1150.02 real, 5092 MB
[runlim] sample:		2351.08 time, 1160.02 real, 5085 MB
[runlim] sample:		2371.36 time, 1170.02 real, 5060 MB
[runlim] sample:		2391.64 time, 1180.02 real, 5105 MB
[runlim] sample:		2411.93 time, 1190.02 real, 5112 MB
[runlim] sample:		2432.18 time, 1200.02 real, 5078 MB
[runlim] sample:		2452.45 time, 1210.02 real, 5100 MB
[runlim] sample:		2472.73 time, 1220.02 real, 5125 MB
[runlim] sample:		2493.00 time, 1230.02 real, 5107 MB
[runlim] sample:		2513.27 time, 1240.02 real, 5093 MB
[runlim] sample:		2533.54 time, 1250.02 real, 5190 MB
[runlim] sample:		2553.81 time, 1260.02 real, 5086 MB
[runlim] sample:		2574.08 time, 1270.02 real, 5157 MB
[runlim] sample:		2594.35 time, 1280.02 real, 5200 MB
[runlim] sample:		2614.60 time, 1290.02 real, 5171 MB
[runlim] sample:		2634.85 time, 1300.02 real, 5180 MB
[runlim] sample:		2655.12 time, 1310.02 real, 5250 MB
[runlim] sample:		2675.39 time, 1320.02 real, 5303 MB
[runlim] sample:		2695.66 time, 1330.02 real, 5342 MB
[runlim] sample:		2715.94 time, 1340.02 real, 5599 MB
[runlim] end:			Wed Oct 16 23:16:00 2019
[runlim] status:		ok
[runlim] result:		0
[runlim] children:		4
[runlim] real:			1340.20 seconds
[runlim] time:			2716.15 seconds
[runlim] space:			6137 MB
[runlim] samples:		13401
