[runlim] version:		1.17
[runlim] host:			c3n23
[runlim] time limit:		311040000 seconds
[runlim] real time limit:	3600 seconds
[runlim] space limit:		120000 MB
[runlim] argv[0]:		./run-cosa2.sh
[runlim] argv[1]:		/tmp/ISOQMbHy.btor
[runlim] start:			Wed Oct 16 20:48:01 2019
[runlim] child:			1709
[runlim] sample:		20.17 time, 10.02 real, 245 MB
[runlim] sample:		40.45 time, 20.02 real, 399 MB
[runlim] sample:		60.72 time, 30.02 real, 406 MB
[runlim] sample:		80.98 time, 40.02 real, 436 MB
[runlim] sample:		101.25 time, 50.02 real, 593 MB
[runlim] sample:		121.52 time, 60.02 real, 536 MB
[runlim] sample:		141.80 time, 70.02 real, 603 MB
[runlim] sample:		162.07 time, 80.02 real, 616 MB
[runlim] sample:		182.34 time, 90.02 real, 727 MB
[runlim] sample:		202.61 time, 100.02 real, 703 MB
[runlim] sample:		222.88 time, 110.02 real, 705 MB
[runlim] sample:		243.15 time, 120.02 real, 761 MB
[runlim] sample:		263.42 time, 130.02 real, 811 MB
[runlim] sample:		283.71 time, 140.02 real, 838 MB
[runlim] sample:		303.96 time, 150.02 real, 883 MB
[runlim] sample:		324.25 time, 160.02 real, 953 MB
[runlim] sample:		344.53 time, 170.02 real, 955 MB
[runlim] sample:		364.78 time, 180.02 real, 984 MB
[runlim] sample:		385.05 time, 190.02 real, 1040 MB
[runlim] sample:		405.32 time, 200.02 real, 1200 MB
[runlim] sample:		425.60 time, 210.02 real, 1069 MB
[runlim] sample:		445.87 time, 220.02 real, 1111 MB
[runlim] sample:		466.13 time, 230.02 real, 1112 MB
[runlim] sample:		486.42 time, 240.02 real, 1159 MB
[runlim] sample:		506.69 time, 250.02 real, 1166 MB
[runlim] sample:		526.96 time, 260.02 real, 1205 MB
[runlim] sample:		547.24 time, 270.02 real, 1274 MB
[runlim] sample:		567.52 time, 280.02 real, 1355 MB
[runlim] sample:		587.80 time, 290.02 real, 1353 MB
[runlim] sample:		608.05 time, 300.02 real, 1362 MB
[runlim] sample:		628.35 time, 310.02 real, 1331 MB
[runlim] sample:		648.61 time, 320.02 real, 1324 MB
[runlim] sample:		668.88 time, 330.02 real, 1373 MB
[runlim] sample:		689.14 time, 340.02 real, 1418 MB
[runlim] sample:		709.42 time, 350.02 real, 1445 MB
[runlim] sample:		729.70 time, 360.02 real, 1482 MB
[runlim] sample:		749.98 time, 370.02 real, 1511 MB
[runlim] sample:		770.25 time, 380.02 real, 1642 MB
[runlim] sample:		790.51 time, 390.01 real, 1542 MB
[runlim] sample:		810.80 time, 400.02 real, 1574 MB
[runlim] sample:		831.08 time, 410.02 real, 1542 MB
[runlim] sample:		851.35 time, 420.02 real, 1575 MB
[runlim] sample:		871.63 time, 430.02 real, 1653 MB
[runlim] sample:		891.89 time, 440.02 real, 1563 MB
[runlim] sample:		912.18 time, 450.02 real, 1653 MB
[runlim] sample:		932.43 time, 460.02 real, 1686 MB
[runlim] sample:		952.70 time, 470.02 real, 1700 MB
[runlim] sample:		972.99 time, 480.02 real, 1749 MB
[runlim] sample:		993.27 time, 490.02 real, 1813 MB
[runlim] sample:		1013.53 time, 500.02 real, 1849 MB
[runlim] sample:		1033.82 time, 510.02 real, 1942 MB
[runlim] sample:		1054.09 time, 520.02 real, 1941 MB
[runlim] sample:		1074.35 time, 530.02 real, 1906 MB
[runlim] sample:		1094.63 time, 540.02 real, 1829 MB
[runlim] sample:		1114.90 time, 550.02 real, 1841 MB
[runlim] sample:		1135.18 time, 560.02 real, 1901 MB
[runlim] sample:		1155.46 time, 570.02 real, 1906 MB
[runlim] sample:		1175.72 time, 580.02 real, 1898 MB
[runlim] sample:		1196.01 time, 590.02 real, 1907 MB
[runlim] sample:		1216.28 time, 600.02 real, 2038 MB
[runlim] sample:		1236.55 time, 610.02 real, 2044 MB
[runlim] sample:		1256.83 time, 620.02 real, 2066 MB
[runlim] sample:		1277.09 time, 630.02 real, 2075 MB
[runlim] sample:		1297.38 time, 640.02 real, 2122 MB
[runlim] sample:		1317.64 time, 650.02 real, 2227 MB
[runlim] sample:		1337.92 time, 660.02 real, 2253 MB
[runlim] sample:		1358.20 time, 670.01 real, 2302 MB
[runlim] sample:		1378.47 time, 680.01 real, 2223 MB
[runlim] sample:		1398.74 time, 690.02 real, 2242 MB
[runlim] sample:		1419.02 time, 700.02 real, 2243 MB
[runlim] sample:		1439.29 time, 710.02 real, 2245 MB
[runlim] sample:		1459.57 time, 720.02 real, 2247 MB
[runlim] sample:		1479.84 time, 730.02 real, 2248 MB
[runlim] sample:		1500.11 time, 740.02 real, 2285 MB
[runlim] sample:		1520.40 time, 750.02 real, 2270 MB
[runlim] sample:		1540.67 time, 760.02 real, 2272 MB
[runlim] sample:		1560.95 time, 770.02 real, 2273 MB
[runlim] sample:		1581.21 time, 780.02 real, 2355 MB
[runlim] sample:		1601.48 time, 790.02 real, 2376 MB
[runlim] sample:		1621.76 time, 800.02 real, 2407 MB
[runlim] sample:		1642.05 time, 810.02 real, 2435 MB
[runlim] sample:		1662.32 time, 820.02 real, 2441 MB
[runlim] sample:		1682.59 time, 830.01 real, 2571 MB
[runlim] sample:		1702.86 time, 840.02 real, 2607 MB
[runlim] sample:		1723.13 time, 850.02 real, 2641 MB
[runlim] sample:		1743.40 time, 860.02 real, 2700 MB
[runlim] sample:		1763.68 time, 870.02 real, 2616 MB
[runlim] sample:		1783.95 time, 880.02 real, 2561 MB
[runlim] sample:		1804.23 time, 890.02 real, 2591 MB
[runlim] sample:		1824.50 time, 900.02 real, 2581 MB
[runlim] sample:		1844.78 time, 910.02 real, 2606 MB
[runlim] sample:		1865.05 time, 920.02 real, 2636 MB
[runlim] sample:		1885.32 time, 930.02 real, 2639 MB
[runlim] sample:		1905.59 time, 940.02 real, 2661 MB
[runlim] sample:		1925.87 time, 950.02 real, 2650 MB
[runlim] sample:		1946.14 time, 960.02 real, 2671 MB
[runlim] sample:		1966.41 time, 970.02 real, 2714 MB
[runlim] sample:		1986.68 time, 980.02 real, 2718 MB
[runlim] sample:		2006.97 time, 990.02 real, 2722 MB
[runlim] sample:		2027.24 time, 1000.02 real, 2771 MB
[runlim] sample:		2047.52 time, 1010.02 real, 2768 MB
[runlim] sample:		2067.79 time, 1020.02 real, 2789 MB
[runlim] sample:		2088.06 time, 1030.02 real, 2837 MB
[runlim] sample:		2108.34 time, 1040.02 real, 2982 MB
[runlim] sample:		2128.61 time, 1050.02 real, 2939 MB
[runlim] sample:		2148.87 time, 1060.02 real, 3087 MB
[runlim] sample:		2169.15 time, 1070.02 real, 3118 MB
[runlim] end:			Wed Oct 16 21:06:01 2019
[runlim] status:		ok
[runlim] result:		0
[runlim] children:		4
[runlim] real:			1079.94 seconds
[runlim] time:			2189.23 seconds
[runlim] space:			3226 MB
[runlim] samples:		10799
