[runlim] version:		1.17
[runlim] host:			c3n25
[runlim] time limit:		311040000 seconds
[runlim] real time limit:	3600 seconds
[runlim] space limit:		120000 MB
[runlim] argv[0]:		./run-cosa2.sh
[runlim] argv[1]:		/tmp/cfxi0WQq.btor
[runlim] start:			Wed Oct 16 20:34:03 2019
[runlim] child:			15577
[runlim] sample:		20.17 time, 10.02 real, 460 MB
[runlim] sample:		40.45 time, 20.02 real, 716 MB
[runlim] sample:		60.73 time, 30.02 real, 896 MB
[runlim] sample:		80.98 time, 40.02 real, 1026 MB
[runlim] sample:		101.27 time, 50.02 real, 1149 MB
[runlim] sample:		121.55 time, 60.02 real, 1300 MB
[runlim] sample:		141.83 time, 70.02 real, 1436 MB
[runlim] sample:		162.10 time, 80.02 real, 1462 MB
[runlim] sample:		182.38 time, 90.02 real, 1629 MB
[runlim] sample:		202.67 time, 100.02 real, 1513 MB
[runlim] sample:		222.95 time, 110.02 real, 1522 MB
[runlim] sample:		243.22 time, 120.02 real, 1583 MB
[runlim] sample:		263.48 time, 130.02 real, 1768 MB
[runlim] sample:		283.76 time, 140.02 real, 1862 MB
[runlim] sample:		304.01 time, 150.02 real, 1893 MB
[runlim] sample:		324.29 time, 160.02 real, 2078 MB
[runlim] sample:		344.58 time, 170.02 real, 2130 MB
[runlim] sample:		364.84 time, 180.02 real, 2201 MB
[runlim] sample:		385.11 time, 190.02 real, 2239 MB
[runlim] sample:		405.39 time, 200.02 real, 2369 MB
[runlim] end:			Wed Oct 16 20:37:29 2019
[runlim] status:		ok
[runlim] result:		0
[runlim] children:		4
[runlim] real:			205.92 seconds
[runlim] time:			623.08 seconds
[runlim] space:			2394 MB
[runlim] samples:		2059
