[runlim] version:		1.17
[runlim] host:			c3n11
[runlim] time limit:		311040000 seconds
[runlim] real time limit:	3600 seconds
[runlim] space limit:		120000 MB
[runlim] argv[0]:		./run-cosa2.sh
[runlim] argv[1]:		/tmp/Ur4EzwT7.btor
[runlim] start:			Wed Oct 16 20:57:07 2019
[runlim] child:			19451
[runlim] sample:		20.19 time, 10.02 real, 356 MB
[runlim] sample:		40.45 time, 20.02 real, 426 MB
[runlim] sample:		60.73 time, 30.02 real, 461 MB
[runlim] sample:		81.00 time, 40.02 real, 432 MB
[runlim] sample:		101.28 time, 50.02 real, 535 MB
[runlim] sample:		121.56 time, 60.02 real, 583 MB
[runlim] sample:		141.82 time, 70.02 real, 643 MB
[runlim] sample:		162.10 time, 80.02 real, 665 MB
[runlim] sample:		182.37 time, 90.02 real, 681 MB
[runlim] sample:		202.65 time, 100.02 real, 644 MB
[runlim] sample:		222.92 time, 110.02 real, 642 MB
[runlim] sample:		243.17 time, 120.02 real, 691 MB
[runlim] sample:		263.41 time, 130.02 real, 709 MB
[runlim] sample:		283.67 time, 140.02 real, 711 MB
[runlim] sample:		303.92 time, 150.02 real, 723 MB
[runlim] sample:		324.18 time, 160.02 real, 729 MB
[runlim] sample:		344.44 time, 170.02 real, 740 MB
[runlim] sample:		364.72 time, 180.02 real, 720 MB
[runlim] sample:		384.99 time, 190.02 real, 746 MB
[runlim] sample:		405.26 time, 200.02 real, 749 MB
[runlim] sample:		425.53 time, 210.02 real, 758 MB
[runlim] sample:		445.82 time, 220.02 real, 925 MB
[runlim] sample:		466.09 time, 230.02 real, 959 MB
[runlim] sample:		486.37 time, 240.02 real, 967 MB
[runlim] sample:		506.64 time, 250.02 real, 968 MB
[runlim] sample:		526.92 time, 260.02 real, 1002 MB
[runlim] sample:		547.19 time, 270.02 real, 974 MB
[runlim] sample:		567.47 time, 280.02 real, 986 MB
[runlim] sample:		587.75 time, 290.02 real, 1026 MB
[runlim] sample:		608.02 time, 300.02 real, 990 MB
[runlim] sample:		628.29 time, 310.02 real, 999 MB
[runlim] sample:		648.57 time, 320.02 real, 1001 MB
[runlim] sample:		668.84 time, 330.02 real, 1003 MB
[runlim] sample:		689.12 time, 340.02 real, 1009 MB
[runlim] sample:		709.40 time, 350.02 real, 1003 MB
[runlim] sample:		729.68 time, 360.02 real, 1004 MB
[runlim] sample:		749.95 time, 370.02 real, 1006 MB
[runlim] sample:		770.22 time, 380.02 real, 1007 MB
[runlim] sample:		790.49 time, 390.02 real, 1009 MB
[runlim] sample:		810.76 time, 400.02 real, 1041 MB
[runlim] sample:		831.00 time, 410.02 real, 1099 MB
[runlim] sample:		851.30 time, 420.02 real, 1108 MB
[runlim] sample:		871.57 time, 430.02 real, 1107 MB
[runlim] sample:		891.83 time, 440.02 real, 1107 MB
[runlim] sample:		912.11 time, 450.02 real, 1106 MB
[runlim] sample:		932.39 time, 460.02 real, 1109 MB
[runlim] sample:		952.66 time, 470.02 real, 1111 MB
[runlim] sample:		972.92 time, 480.02 real, 1089 MB
[runlim] sample:		993.21 time, 490.02 real, 1125 MB
[runlim] sample:		1013.48 time, 500.02 real, 1125 MB
[runlim] sample:		1033.75 time, 510.02 real, 1124 MB
[runlim] sample:		1054.02 time, 520.02 real, 1124 MB
[runlim] sample:		1074.30 time, 530.02 real, 1125 MB
[runlim] sample:		1094.58 time, 540.02 real, 1123 MB
[runlim] sample:		1114.85 time, 550.02 real, 1125 MB
[runlim] sample:		1135.14 time, 560.02 real, 1107 MB
[runlim] sample:		1155.41 time, 570.02 real, 1107 MB
[runlim] sample:		1175.68 time, 580.02 real, 1108 MB
[runlim] sample:		1195.95 time, 590.02 real, 1110 MB
[runlim] sample:		1216.22 time, 600.02 real, 1110 MB
[runlim] sample:		1236.52 time, 610.02 real, 1113 MB
[runlim] sample:		1256.78 time, 620.02 real, 1113 MB
[runlim] sample:		1277.05 time, 630.02 real, 1113 MB
[runlim] sample:		1297.33 time, 640.02 real, 1110 MB
[runlim] sample:		1317.61 time, 650.02 real, 1110 MB
[runlim] sample:		1337.88 time, 660.02 real, 1111 MB
[runlim] sample:		1358.16 time, 670.02 real, 1114 MB
[runlim] sample:		1378.44 time, 680.02 real, 1115 MB
[runlim] sample:		1398.71 time, 690.02 real, 1115 MB
[runlim] sample:		1418.99 time, 700.02 real, 1123 MB
[runlim] sample:		1439.25 time, 710.02 real, 1133 MB
[runlim] sample:		1459.54 time, 720.02 real, 1251 MB
[runlim] sample:		1479.82 time, 730.02 real, 1254 MB
[runlim] sample:		1500.09 time, 740.02 real, 1262 MB
[runlim] sample:		1520.37 time, 750.02 real, 1271 MB
[runlim] sample:		1540.63 time, 760.02 real, 1279 MB
[runlim] sample:		1560.92 time, 770.02 real, 1318 MB
[runlim] sample:		1581.20 time, 780.02 real, 1321 MB
[runlim] sample:		1601.48 time, 790.02 real, 2354 MB
[runlim] sample:		1621.75 time, 800.02 real, 2369 MB
[runlim] sample:		1642.03 time, 810.02 real, 2386 MB
[runlim] sample:		1662.31 time, 820.02 real, 2426 MB
[runlim] sample:		1682.59 time, 830.02 real, 2399 MB
[runlim] sample:		1702.86 time, 840.02 real, 2409 MB
[runlim] sample:		1723.13 time, 850.02 real, 2415 MB
[runlim] sample:		1743.41 time, 860.02 real, 2428 MB
[runlim] sample:		1763.67 time, 870.02 real, 2431 MB
[runlim] sample:		1783.95 time, 880.02 real, 2489 MB
[runlim] sample:		1804.19 time, 890.02 real, 2508 MB
[runlim] sample:		1824.47 time, 900.02 real, 2496 MB
[runlim] sample:		1844.75 time, 910.02 real, 2498 MB
[runlim] sample:		1865.02 time, 920.02 real, 2469 MB
[runlim] sample:		1885.30 time, 930.02 real, 2470 MB
[runlim] sample:		1905.57 time, 940.02 real, 2513 MB
[runlim] sample:		1925.83 time, 950.02 real, 2515 MB
[runlim] sample:		1946.11 time, 960.02 real, 2516 MB
[runlim] sample:		1966.39 time, 970.02 real, 2481 MB
[runlim] sample:		1986.68 time, 980.02 real, 2526 MB
[runlim] sample:		2006.94 time, 990.02 real, 2526 MB
[runlim] sample:		2027.22 time, 1000.02 real, 3005 MB
[runlim] sample:		2047.50 time, 1010.02 real, 3014 MB
[runlim] sample:		2067.77 time, 1020.02 real, 3069 MB
[runlim] sample:		2088.04 time, 1030.02 real, 3142 MB
[runlim] sample:		2108.32 time, 1040.02 real, 3091 MB
[runlim] sample:		2128.60 time, 1050.02 real, 3091 MB
[runlim] sample:		2148.86 time, 1060.02 real, 3092 MB
[runlim] sample:		2169.15 time, 1070.02 real, 3093 MB
[runlim] sample:		2189.44 time, 1080.02 real, 3093 MB
[runlim] sample:		2209.70 time, 1090.02 real, 3093 MB
[runlim] sample:		2229.97 time, 1100.02 real, 3093 MB
[runlim] sample:		2250.24 time, 1110.02 real, 3093 MB
[runlim] sample:		2270.54 time, 1120.02 real, 4563 MB
[runlim] sample:		2290.80 time, 1130.02 real, 4486 MB
[runlim] sample:		2311.08 time, 1140.02 real, 4486 MB
[runlim] sample:		2331.37 time, 1150.02 real, 4488 MB
[runlim] sample:		2351.64 time, 1160.02 real, 4509 MB
[runlim] sample:		2371.91 time, 1170.02 real, 4526 MB
[runlim] sample:		2392.19 time, 1180.02 real, 4532 MB
[runlim] sample:		2412.46 time, 1190.02 real, 4578 MB
[runlim] sample:		2432.73 time, 1200.02 real, 4536 MB
[runlim] sample:		2453.00 time, 1210.02 real, 4536 MB
[runlim] sample:		2473.28 time, 1220.02 real, 4925 MB
[runlim] sample:		2493.55 time, 1230.02 real, 5373 MB
[runlim] sample:		2513.82 time, 1240.02 real, 5373 MB
[runlim] sample:		2534.10 time, 1250.02 real, 5324 MB
[runlim] sample:		2554.38 time, 1260.02 real, 6032 MB
[runlim] sample:		2574.66 time, 1270.02 real, 6034 MB
[runlim] sample:		2594.93 time, 1280.02 real, 6083 MB
[runlim] sample:		2615.20 time, 1290.02 real, 6086 MB
[runlim] sample:		2635.47 time, 1300.02 real, 6090 MB
[runlim] sample:		2655.74 time, 1310.02 real, 6043 MB
[runlim] sample:		2676.02 time, 1320.02 real, 6045 MB
[runlim] sample:		2696.31 time, 1330.02 real, 6096 MB
[runlim] sample:		2716.57 time, 1340.02 real, 6099 MB
[runlim] sample:		2736.85 time, 1350.02 real, 6099 MB
[runlim] sample:		2757.12 time, 1360.02 real, 6108 MB
[runlim] sample:		2777.39 time, 1370.02 real, 6109 MB
[runlim] sample:		2797.67 time, 1380.02 real, 6112 MB
[runlim] sample:		2817.94 time, 1390.02 real, 6113 MB
[runlim] sample:		2838.21 time, 1400.02 real, 6111 MB
[runlim] sample:		2858.49 time, 1410.02 real, 6114 MB
[runlim] sample:		2878.76 time, 1420.02 real, 6116 MB
[runlim] sample:		2899.04 time, 1430.02 real, 6073 MB
[runlim] sample:		2919.32 time, 1440.02 real, 6630 MB
[runlim] sample:		2939.59 time, 1450.02 real, 7964 MB
[runlim] sample:		2959.87 time, 1460.02 real, 7964 MB
[runlim] sample:		2980.15 time, 1470.02 real, 7964 MB
[runlim] sample:		3000.42 time, 1480.02 real, 8496 MB
[runlim] sample:		3020.69 time, 1490.02 real, 8496 MB
[runlim] sample:		3040.97 time, 1500.02 real, 10019 MB
[runlim] sample:		3061.24 time, 1510.02 real, 10022 MB
[runlim] sample:		3081.52 time, 1520.02 real, 10022 MB
[runlim] sample:		3101.81 time, 1530.02 real, 10022 MB
[runlim] sample:		3122.08 time, 1540.02 real, 10022 MB
[runlim] sample:		3142.34 time, 1550.02 real, 10025 MB
[runlim] sample:		3162.62 time, 1560.02 real, 12804 MB
[runlim] sample:		3182.90 time, 1570.02 real, 17344 MB
[runlim] sample:		3203.18 time, 1580.02 real, 21765 MB
[runlim] sample:		3223.45 time, 1590.02 real, 21778 MB
[runlim] sample:		3243.72 time, 1600.02 real, 21778 MB
[runlim] sample:		3264.00 time, 1610.02 real, 21778 MB
[runlim] sample:		3284.28 time, 1620.02 real, 21773 MB
[runlim] sample:		3304.55 time, 1630.02 real, 21773 MB
[runlim] sample:		3324.82 time, 1640.02 real, 21773 MB
[runlim] sample:		3345.10 time, 1650.02 real, 21773 MB
[runlim] sample:		3365.38 time, 1660.02 real, 21777 MB
[runlim] sample:		3385.66 time, 1670.02 real, 21777 MB
[runlim] sample:		3405.94 time, 1680.02 real, 21778 MB
[runlim] sample:		3426.20 time, 1690.02 real, 21778 MB
[runlim] sample:		3446.48 time, 1700.02 real, 21777 MB
[runlim] sample:		3466.76 time, 1710.02 real, 21777 MB
[runlim] sample:		3487.04 time, 1720.02 real, 21777 MB
[runlim] sample:		3507.33 time, 1730.02 real, 21777 MB
[runlim] sample:		3527.60 time, 1740.02 real, 21779 MB
[runlim] sample:		3547.87 time, 1750.02 real, 21779 MB
[runlim] sample:		3568.15 time, 1760.02 real, 21782 MB
[runlim] sample:		3588.42 time, 1770.02 real, 21785 MB
[runlim] sample:		3608.70 time, 1780.02 real, 21786 MB
[runlim] sample:		3628.97 time, 1790.02 real, 21777 MB
[runlim] sample:		3649.25 time, 1800.02 real, 21779 MB
[runlim] sample:		3669.52 time, 1810.02 real, 21781 MB
[runlim] sample:		3689.79 time, 1820.02 real, 21781 MB
[runlim] sample:		3710.08 time, 1830.02 real, 21781 MB
[runlim] sample:		3730.34 time, 1840.02 real, 21790 MB
[runlim] sample:		3750.63 time, 1850.02 real, 21790 MB
[runlim] sample:		3770.90 time, 1860.02 real, 21849 MB
[runlim] sample:		3791.18 time, 1870.02 real, 21793 MB
[runlim] sample:		3811.45 time, 1880.02 real, 21793 MB
[runlim] sample:		3831.71 time, 1890.02 real, 21793 MB
[runlim] sample:		3851.99 time, 1900.02 real, 21793 MB
[runlim] sample:		3872.26 time, 1910.02 real, 21790 MB
[runlim] sample:		3892.54 time, 1920.02 real, 21790 MB
[runlim] sample:		3912.82 time, 1930.02 real, 21790 MB
[runlim] sample:		3933.09 time, 1940.02 real, 21790 MB
[runlim] sample:		3953.37 time, 1950.02 real, 21789 MB
[runlim] sample:		3973.65 time, 1960.02 real, 21789 MB
[runlim] sample:		3993.92 time, 1970.02 real, 22692 MB
[runlim] sample:		4014.19 time, 1980.02 real, 22692 MB
[runlim] sample:		4034.47 time, 1990.02 real, 22695 MB
[runlim] sample:		4054.74 time, 2000.02 real, 22695 MB
[runlim] sample:		4075.01 time, 2010.02 real, 22692 MB
[runlim] sample:		4095.30 time, 2020.02 real, 22679 MB
[runlim] sample:		4115.56 time, 2030.02 real, 22677 MB
[runlim] sample:		4135.83 time, 2040.02 real, 22677 MB
[runlim] sample:		4156.11 time, 2050.02 real, 22677 MB
[runlim] sample:		4176.38 time, 2060.02 real, 22695 MB
[runlim] sample:		4196.66 time, 2070.02 real, 25719 MB
[runlim] sample:		4216.94 time, 2080.02 real, 28095 MB
[runlim] sample:		4237.22 time, 2090.02 real, 31629 MB
[runlim] sample:		4257.49 time, 2100.02 real, 33979 MB
[runlim] sample:		4277.76 time, 2110.02 real, 35283 MB
[runlim] sample:		4298.03 time, 2120.02 real, 37567 MB
[runlim] sample:		4318.32 time, 2130.02 real, 37567 MB
[runlim] sample:		4338.60 time, 2140.02 real, 37579 MB
[runlim] sample:		4358.87 time, 2150.02 real, 37579 MB
[runlim] sample:		4379.14 time, 2160.02 real, 37579 MB
[runlim] sample:		4399.42 time, 2170.02 real, 37579 MB
[runlim] sample:		4419.70 time, 2180.02 real, 37579 MB
[runlim] sample:		4439.98 time, 2190.02 real, 37568 MB
[runlim] sample:		4460.26 time, 2200.02 real, 37568 MB
[runlim] sample:		4480.53 time, 2210.02 real, 37568 MB
[runlim] sample:		4500.82 time, 2220.02 real, 37568 MB
[runlim] sample:		4521.09 time, 2230.02 real, 37576 MB
[runlim] sample:		4541.38 time, 2240.02 real, 37576 MB
[runlim] sample:		4561.66 time, 2250.02 real, 37576 MB
[runlim] sample:		4581.92 time, 2260.02 real, 37576 MB
[runlim] sample:		4602.20 time, 2270.02 real, 37575 MB
[runlim] sample:		4622.46 time, 2280.02 real, 37575 MB
[runlim] sample:		4642.74 time, 2290.02 real, 37575 MB
[runlim] sample:		4663.03 time, 2300.02 real, 37575 MB
[runlim] sample:		4683.30 time, 2310.02 real, 37574 MB
[runlim] sample:		4703.57 time, 2320.02 real, 37574 MB
[runlim] sample:		4723.85 time, 2330.02 real, 37570 MB
[runlim] sample:		4744.12 time, 2340.02 real, 37561 MB
[runlim] sample:		4764.40 time, 2350.02 real, 37561 MB
[runlim] sample:		4784.66 time, 2360.02 real, 37561 MB
[runlim] sample:		4804.93 time, 2370.02 real, 37561 MB
[runlim] sample:		4825.22 time, 2380.02 real, 37561 MB
[runlim] sample:		4845.49 time, 2390.02 real, 37569 MB
[runlim] sample:		4865.75 time, 2400.02 real, 37627 MB
[runlim] sample:		4886.02 time, 2410.02 real, 37571 MB
[runlim] sample:		4906.30 time, 2420.02 real, 37571 MB
[runlim] sample:		4926.59 time, 2430.02 real, 37571 MB
[runlim] sample:		4946.88 time, 2440.02 real, 37570 MB
[runlim] sample:		4967.15 time, 2450.02 real, 37570 MB
[runlim] sample:		4987.42 time, 2460.02 real, 37570 MB
[runlim] sample:		5007.69 time, 2470.02 real, 37570 MB
[runlim] sample:		5027.96 time, 2480.02 real, 37570 MB
[runlim] sample:		5048.25 time, 2490.02 real, 37572 MB
[runlim] sample:		5068.53 time, 2500.02 real, 37572 MB
[runlim] sample:		5088.81 time, 2510.02 real, 37572 MB
[runlim] sample:		5109.09 time, 2520.02 real, 37572 MB
[runlim] sample:		5129.37 time, 2530.02 real, 37572 MB
[runlim] sample:		5149.64 time, 2540.02 real, 37571 MB
[runlim] sample:		5169.93 time, 2550.02 real, 37578 MB
[runlim] sample:		5190.20 time, 2560.02 real, 37578 MB
[runlim] sample:		5210.48 time, 2570.02 real, 37578 MB
[runlim] sample:		5230.76 time, 2580.02 real, 37578 MB
[runlim] sample:		5251.04 time, 2590.02 real, 37578 MB
[runlim] sample:		5271.30 time, 2600.02 real, 37581 MB
[runlim] sample:		5291.58 time, 2610.02 real, 37581 MB
[runlim] sample:		5311.86 time, 2620.02 real, 37581 MB
[runlim] sample:		5332.14 time, 2630.02 real, 37581 MB
[runlim] sample:		5352.40 time, 2640.02 real, 37578 MB
[runlim] sample:		5372.68 time, 2650.02 real, 37574 MB
[runlim] sample:		5392.95 time, 2660.02 real, 37574 MB
[runlim] sample:		5413.23 time, 2670.02 real, 37574 MB
[runlim] sample:		5433.50 time, 2680.02 real, 37575 MB
[runlim] sample:		5453.78 time, 2690.02 real, 37595 MB
[runlim] sample:		5474.06 time, 2700.02 real, 37585 MB
[runlim] sample:		5494.32 time, 2710.02 real, 37585 MB
[runlim] sample:		5514.61 time, 2720.01 real, 38981 MB
[runlim] sample:		5534.87 time, 2730.02 real, 38994 MB
[runlim] sample:		5555.15 time, 2740.02 real, 38994 MB
[runlim] sample:		5575.44 time, 2750.02 real, 38994 MB
[runlim] sample:		5595.70 time, 2760.02 real, 38994 MB
[runlim] sample:		5615.98 time, 2770.02 real, 38997 MB
[runlim] sample:		5636.25 time, 2780.02 real, 38997 MB
[runlim] sample:		5656.51 time, 2790.01 real, 38997 MB
[runlim] sample:		5676.80 time, 2800.02 real, 38997 MB
[runlim] sample:		5697.08 time, 2810.02 real, 38997 MB
[runlim] sample:		5717.36 time, 2820.02 real, 38997 MB
[runlim] sample:		5737.63 time, 2830.02 real, 39005 MB
[runlim] sample:		5757.90 time, 2840.02 real, 39005 MB
[runlim] sample:		5778.17 time, 2850.02 real, 39005 MB
[runlim] sample:		5798.45 time, 2860.02 real, 39005 MB
[runlim] sample:		5818.73 time, 2870.02 real, 39005 MB
[runlim] sample:		5839.00 time, 2880.02 real, 39005 MB
[runlim] sample:		5859.26 time, 2890.02 real, 39005 MB
[runlim] sample:		5879.55 time, 2900.02 real, 39010 MB
[runlim] sample:		5899.80 time, 2910.02 real, 39010 MB
[runlim] sample:		5920.09 time, 2920.02 real, 39010 MB
[runlim] sample:		5940.37 time, 2930.02 real, 39010 MB
[runlim] sample:		5960.65 time, 2940.02 real, 39010 MB
[runlim] sample:		5980.92 time, 2950.02 real, 39001 MB
[runlim] sample:		6001.20 time, 2960.02 real, 39001 MB
[runlim] sample:		6021.46 time, 2970.02 real, 38998 MB
[runlim] sample:		6041.74 time, 2980.02 real, 38998 MB
[runlim] sample:		6062.01 time, 2990.02 real, 38998 MB
[runlim] sample:		6082.30 time, 3000.02 real, 39026 MB
[runlim] sample:		6102.57 time, 3010.02 real, 39089 MB
[runlim] sample:		6122.85 time, 3020.02 real, 39027 MB
[runlim] sample:		6143.12 time, 3030.02 real, 39027 MB
[runlim] sample:		6163.40 time, 3040.02 real, 39027 MB
[runlim] sample:		6183.68 time, 3050.02 real, 39033 MB
[runlim] sample:		6203.95 time, 3060.02 real, 39033 MB
[runlim] sample:		6224.21 time, 3070.02 real, 39033 MB
[runlim] sample:		6244.48 time, 3080.02 real, 39033 MB
[runlim] sample:		6264.77 time, 3090.02 real, 38986 MB
[runlim] sample:		6285.03 time, 3100.02 real, 38986 MB
[runlim] sample:		6305.32 time, 3110.02 real, 38986 MB
[runlim] sample:		6325.59 time, 3120.02 real, 38986 MB
[runlim] sample:		6345.87 time, 3130.02 real, 38986 MB
[runlim] sample:		6366.15 time, 3140.02 real, 38975 MB
[runlim] sample:		6386.41 time, 3150.02 real, 38975 MB
[runlim] sample:		6406.69 time, 3160.02 real, 39008 MB
[runlim] sample:		6426.96 time, 3170.02 real, 39008 MB
[runlim] sample:		6447.23 time, 3180.02 real, 39008 MB
[runlim] sample:		6467.52 time, 3190.02 real, 39008 MB
[runlim] sample:		6487.80 time, 3200.02 real, 39014 MB
[runlim] sample:		6508.06 time, 3210.02 real, 39014 MB
[runlim] sample:		6528.35 time, 3220.02 real, 39014 MB
[runlim] sample:		6548.63 time, 3230.02 real, 39014 MB
[runlim] sample:		6568.90 time, 3240.02 real, 39014 MB
[runlim] sample:		6589.18 time, 3250.02 real, 39011 MB
[runlim] sample:		6609.46 time, 3260.02 real, 39011 MB
[runlim] sample:		6629.75 time, 3270.02 real, 39011 MB
[runlim] sample:		6650.02 time, 3280.02 real, 39011 MB
[runlim] sample:		6670.30 time, 3290.02 real, 39011 MB
[runlim] sample:		6690.58 time, 3300.02 real, 39011 MB
[runlim] sample:		6710.83 time, 3310.02 real, 39011 MB
[runlim] sample:		6731.11 time, 3320.02 real, 39011 MB
[runlim] sample:		6751.40 time, 3330.02 real, 39014 MB
[runlim] sample:		6771.66 time, 3340.02 real, 39014 MB
[runlim] sample:		6791.95 time, 3350.02 real, 39014 MB
[runlim] sample:		6812.22 time, 3360.02 real, 39014 MB
[runlim] sample:		6832.49 time, 3370.02 real, 39031 MB
[runlim] sample:		6852.76 time, 3380.02 real, 39031 MB
[runlim] sample:		6873.02 time, 3390.02 real, 39031 MB
[runlim] sample:		6893.31 time, 3400.02 real, 39031 MB
[runlim] sample:		6913.58 time, 3410.02 real, 39031 MB
[runlim] sample:		6933.85 time, 3420.02 real, 39015 MB
[runlim] sample:		6954.13 time, 3430.02 real, 39015 MB
[runlim] sample:		6974.40 time, 3440.02 real, 39015 MB
[runlim] sample:		6994.66 time, 3450.02 real, 39015 MB
[runlim] sample:		7014.93 time, 3460.02 real, 39015 MB
[runlim] sample:		7035.22 time, 3470.02 real, 39015 MB
[runlim] sample:		7055.50 time, 3480.02 real, 39003 MB
[runlim] sample:		7075.78 time, 3490.02 real, 39003 MB
[runlim] sample:		7096.06 time, 3500.02 real, 39008 MB
[runlim] sample:		7116.34 time, 3510.02 real, 39001 MB
[runlim] sample:		7136.60 time, 3520.02 real, 39005 MB
[runlim] sample:		7156.87 time, 3530.02 real, 39005 MB
[runlim] sample:		7177.15 time, 3540.02 real, 39005 MB
[runlim] sample:		7197.43 time, 3550.02 real, 39005 MB
[runlim] sample:		7217.71 time, 3560.02 real, 39019 MB
[runlim] sample:		7237.98 time, 3570.02 real, 39019 MB
[runlim] sample:		7258.25 time, 3580.02 real, 39019 MB
[runlim] sample:		7278.53 time, 3590.02 real, 39019 MB
[runlim] sample:		7298.80 time, 3600.02 real, 39019 MB
[runlim] end:			Wed Oct 16 21:57:07 2019
[runlim] status:		out of time
[runlim] result:		2
[runlim] children:		4
[runlim] real:			3600.10 seconds
[runlim] time:			7298.80 seconds
[runlim] space:			39102 MB
[runlim] samples:		36000
