[runlim] version:		1.17
[runlim] host:			c3n13
[runlim] time limit:		311040000 seconds
[runlim] real time limit:	3600 seconds
[runlim] space limit:		120000 MB
[runlim] argv[0]:		./run-cosa2.sh
[runlim] argv[1]:		/tmp/k0hSH7Av.btor
[runlim] start:			Wed Oct 16 20:04:56 2019
[runlim] child:			27936
[runlim] sample:		20.16 time, 10.02 real, 408 MB
[runlim] sample:		40.40 time, 20.02 real, 589 MB
[runlim] sample:		60.65 time, 30.02 real, 733 MB
[runlim] sample:		80.88 time, 40.02 real, 909 MB
[runlim] sample:		101.14 time, 50.02 real, 973 MB
[runlim] sample:		121.38 time, 60.02 real, 1047 MB
[runlim] sample:		141.63 time, 70.02 real, 1096 MB
[runlim] sample:		161.87 time, 80.02 real, 1283 MB
[runlim] sample:		182.12 time, 90.02 real, 1373 MB
[runlim] sample:		202.38 time, 100.02 real, 1523 MB
[runlim] sample:		222.66 time, 110.02 real, 1431 MB
[runlim] sample:		242.92 time, 120.02 real, 1433 MB
[runlim] sample:		263.19 time, 130.02 real, 1517 MB
[runlim] sample:		283.44 time, 140.02 real, 1569 MB
[runlim] sample:		303.72 time, 150.02 real, 1635 MB
[runlim] sample:		323.99 time, 160.02 real, 1714 MB
[runlim] sample:		344.26 time, 170.02 real, 1818 MB
[runlim] sample:		364.53 time, 180.02 real, 1891 MB
[runlim] sample:		384.81 time, 190.02 real, 2116 MB
[runlim] sample:		405.08 time, 200.02 real, 2142 MB
[runlim] sample:		425.35 time, 210.02 real, 2031 MB
[runlim] sample:		445.62 time, 220.02 real, 2058 MB
[runlim] sample:		465.88 time, 230.02 real, 2086 MB
[runlim] sample:		486.16 time, 240.02 real, 2102 MB
[runlim] sample:		506.42 time, 250.02 real, 2127 MB
[runlim] sample:		526.71 time, 260.02 real, 2171 MB
[runlim] sample:		546.97 time, 270.02 real, 2229 MB
[runlim] sample:		567.24 time, 280.02 real, 2253 MB
[runlim] sample:		587.52 time, 290.02 real, 2322 MB
[runlim] sample:		607.79 time, 300.02 real, 2368 MB
[runlim] sample:		628.04 time, 310.02 real, 2409 MB
[runlim] sample:		648.31 time, 320.02 real, 2457 MB
[runlim] sample:		668.58 time, 330.02 real, 2589 MB
[runlim] sample:		688.83 time, 340.02 real, 2652 MB
[runlim] sample:		709.10 time, 350.02 real, 2589 MB
[runlim] sample:		729.37 time, 360.02 real, 2648 MB
[runlim] sample:		749.63 time, 370.02 real, 2668 MB
[runlim] sample:		769.91 time, 380.02 real, 2686 MB
[runlim] sample:		790.20 time, 390.02 real, 2725 MB
[runlim] sample:		810.46 time, 400.02 real, 2903 MB
[runlim] sample:		830.74 time, 410.02 real, 2878 MB
[runlim] sample:		851.01 time, 420.02 real, 2886 MB
[runlim] sample:		871.27 time, 430.02 real, 2914 MB
[runlim] sample:		891.54 time, 440.02 real, 2970 MB
[runlim] sample:		911.80 time, 450.02 real, 3019 MB
[runlim] sample:		932.07 time, 460.02 real, 3062 MB
[runlim] sample:		952.34 time, 470.02 real, 3168 MB
[runlim] sample:		972.61 time, 480.02 real, 3194 MB
[runlim] sample:		992.88 time, 490.02 real, 3240 MB
[runlim] sample:		1013.15 time, 500.01 real, 3230 MB
[runlim] sample:		1033.42 time, 510.02 real, 3327 MB
[runlim] sample:		1053.69 time, 520.02 real, 3334 MB
[runlim] sample:		1073.95 time, 530.02 real, 3359 MB
[runlim] sample:		1094.21 time, 540.02 real, 3449 MB
[runlim] sample:		1114.48 time, 550.02 real, 3483 MB
[runlim] sample:		1134.75 time, 560.01 real, 3344 MB
[runlim] sample:		1155.01 time, 570.02 real, 3406 MB
[runlim] sample:		1175.28 time, 580.02 real, 3409 MB
[runlim] sample:		1195.55 time, 590.02 real, 3464 MB
[runlim] sample:		1215.81 time, 600.02 real, 3430 MB
[runlim] sample:		1236.08 time, 610.02 real, 3431 MB
[runlim] sample:		1256.34 time, 620.02 real, 3468 MB
[runlim] sample:		1276.61 time, 630.02 real, 3503 MB
[runlim] sample:		1296.87 time, 640.02 real, 3565 MB
[runlim] sample:		1317.15 time, 650.02 real, 3583 MB
[runlim] sample:		1337.41 time, 660.02 real, 3639 MB
[runlim] sample:		1357.67 time, 670.02 real, 3688 MB
[runlim] sample:		1377.93 time, 680.02 real, 3716 MB
[runlim] sample:		1398.20 time, 690.02 real, 3742 MB
[runlim] sample:		1418.46 time, 700.02 real, 3802 MB
[runlim] sample:		1438.73 time, 710.02 real, 3856 MB
[runlim] sample:		1458.98 time, 720.02 real, 3817 MB
[runlim] sample:		1479.26 time, 730.02 real, 3899 MB
[runlim] sample:		1499.53 time, 740.02 real, 3834 MB
[runlim] sample:		1519.81 time, 750.02 real, 3926 MB
[runlim] sample:		1540.08 time, 760.02 real, 3889 MB
[runlim] sample:		1560.32 time, 770.02 real, 3939 MB
[runlim] sample:		1580.59 time, 780.02 real, 4020 MB
[runlim] sample:		1600.85 time, 790.02 real, 4102 MB
[runlim] sample:		1621.12 time, 800.02 real, 4069 MB
[runlim] sample:		1641.39 time, 810.02 real, 4102 MB
[runlim] sample:		1661.66 time, 820.02 real, 4107 MB
[runlim] sample:		1681.92 time, 830.02 real, 4212 MB
[runlim] sample:		1702.19 time, 840.02 real, 4300 MB
[runlim] sample:		1722.45 time, 850.02 real, 4312 MB
[runlim] sample:		1742.72 time, 860.02 real, 4265 MB
[runlim] sample:		1763.01 time, 870.02 real, 4360 MB
[runlim] sample:		1783.28 time, 880.02 real, 4357 MB
[runlim] sample:		1803.55 time, 890.02 real, 4367 MB
[runlim] sample:		1823.82 time, 900.02 real, 4385 MB
[runlim] sample:		1844.08 time, 910.02 real, 4389 MB
[runlim] sample:		1864.35 time, 920.02 real, 4407 MB
[runlim] sample:		1884.63 time, 930.02 real, 4491 MB
[runlim] sample:		1904.89 time, 940.02 real, 4543 MB
[runlim] sample:		1925.17 time, 950.02 real, 4524 MB
[runlim] sample:		1945.42 time, 960.02 real, 4531 MB
[runlim] sample:		1965.69 time, 970.01 real, 4578 MB
[runlim] sample:		1985.94 time, 980.02 real, 4663 MB
[runlim] sample:		2006.23 time, 990.02 real, 4701 MB
[runlim] sample:		2026.48 time, 1000.02 real, 4706 MB
[runlim] sample:		2046.74 time, 1010.02 real, 4729 MB
[runlim] sample:		2067.02 time, 1020.02 real, 4747 MB
[runlim] sample:		2087.29 time, 1030.02 real, 4767 MB
[runlim] sample:		2107.58 time, 1040.02 real, 4769 MB
[runlim] sample:		2127.84 time, 1050.02 real, 4775 MB
[runlim] sample:		2148.13 time, 1060.02 real, 4778 MB
[runlim] sample:		2168.39 time, 1070.02 real, 4823 MB
[runlim] sample:		2188.66 time, 1080.02 real, 4868 MB
[runlim] sample:		2208.91 time, 1090.02 real, 4939 MB
[runlim] sample:		2229.19 time, 1100.02 real, 4946 MB
[runlim] sample:		2249.47 time, 1110.02 real, 4970 MB
[runlim] sample:		2269.74 time, 1120.02 real, 5040 MB
[runlim] sample:		2290.00 time, 1130.02 real, 5035 MB
[runlim] sample:		2310.27 time, 1140.02 real, 5109 MB
[runlim] sample:		2330.54 time, 1150.02 real, 5169 MB
[runlim] sample:		2350.80 time, 1160.02 real, 5184 MB
[runlim] sample:		2371.06 time, 1170.02 real, 5186 MB
[runlim] sample:		2391.33 time, 1180.02 real, 5149 MB
[runlim] sample:		2411.60 time, 1190.02 real, 5144 MB
[runlim] sample:		2431.86 time, 1200.02 real, 5190 MB
[runlim] sample:		2452.13 time, 1210.02 real, 5214 MB
[runlim] sample:		2472.40 time, 1220.02 real, 5222 MB
[runlim] sample:		2492.67 time, 1230.02 real, 5277 MB
[runlim] sample:		2512.92 time, 1240.02 real, 5419 MB
[runlim] sample:		2533.21 time, 1250.02 real, 5515 MB
[runlim] sample:		2553.47 time, 1260.02 real, 5350 MB
[runlim] sample:		2573.75 time, 1270.02 real, 5305 MB
[runlim] sample:		2594.02 time, 1280.02 real, 5305 MB
[runlim] sample:		2614.28 time, 1290.02 real, 5386 MB
[runlim] sample:		2634.55 time, 1300.02 real, 5339 MB
[runlim] sample:		2654.83 time, 1310.02 real, 5309 MB
[runlim] sample:		2675.10 time, 1320.02 real, 5349 MB
[runlim] sample:		2695.36 time, 1330.02 real, 5354 MB
[runlim] sample:		2715.61 time, 1340.02 real, 5432 MB
[runlim] sample:		2735.91 time, 1350.02 real, 5453 MB
[runlim] sample:		2756.17 time, 1360.02 real, 5343 MB
[runlim] sample:		2776.44 time, 1370.02 real, 5386 MB
[runlim] sample:		2796.70 time, 1380.02 real, 5482 MB
[runlim] sample:		2816.99 time, 1390.02 real, 5432 MB
[runlim] sample:		2837.26 time, 1400.02 real, 5409 MB
[runlim] sample:		2857.51 time, 1410.02 real, 5469 MB
[runlim] sample:		2877.81 time, 1420.02 real, 5464 MB
[runlim] sample:		2898.07 time, 1430.02 real, 5350 MB
[runlim] end:			Wed Oct 16 20:28:51 2019
[runlim] status:		ok
[runlim] result:		0
[runlim] children:		4
[runlim] real:			1434.11 seconds
[runlim] time:			2906.18 seconds
[runlim] space:			5530 MB
[runlim] samples:		14340
