[runlim] version:		1.17
[runlim] host:			c3n09
[runlim] time limit:		311040000 seconds
[runlim] real time limit:	3600 seconds
[runlim] space limit:		120000 MB
[runlim] argv[0]:		./run-cosa2.sh
[runlim] argv[1]:		/tmp/bcDExKAE.btor
[runlim] start:			Wed Oct 16 21:07:29 2019
[runlim] child:			13926
[runlim] sample:		20.17 time, 10.02 real, 491 MB
[runlim] sample:		40.43 time, 20.02 real, 596 MB
[runlim] sample:		60.71 time, 30.02 real, 862 MB
[runlim] sample:		80.98 time, 40.02 real, 981 MB
[runlim] sample:		101.26 time, 50.02 real, 1096 MB
[runlim] sample:		121.54 time, 60.02 real, 934 MB
[runlim] sample:		141.81 time, 70.02 real, 1124 MB
[runlim] sample:		162.09 time, 80.02 real, 1351 MB
[runlim] sample:		182.36 time, 90.02 real, 1477 MB
[runlim] sample:		202.63 time, 100.02 real, 1595 MB
[runlim] sample:		222.90 time, 110.02 real, 1602 MB
[runlim] sample:		243.18 time, 120.02 real, 1697 MB
[runlim] sample:		263.44 time, 130.02 real, 1616 MB
[runlim] sample:		283.71 time, 140.02 real, 1643 MB
[runlim] sample:		303.96 time, 150.02 real, 1594 MB
[runlim] sample:		324.23 time, 160.02 real, 1673 MB
[runlim] sample:		344.49 time, 170.02 real, 1800 MB
[runlim] sample:		364.76 time, 180.02 real, 1927 MB
[runlim] sample:		385.03 time, 190.02 real, 1974 MB
[runlim] sample:		405.28 time, 200.02 real, 2054 MB
[runlim] sample:		425.55 time, 210.02 real, 2187 MB
[runlim] sample:		445.81 time, 220.02 real, 2331 MB
[runlim] sample:		466.09 time, 230.02 real, 2269 MB
[runlim] sample:		486.34 time, 240.02 real, 2160 MB
[runlim] sample:		506.60 time, 250.02 real, 2181 MB
[runlim] sample:		526.87 time, 260.02 real, 2199 MB
[runlim] sample:		547.14 time, 270.02 real, 2253 MB
[runlim] sample:		567.40 time, 280.02 real, 2380 MB
[runlim] sample:		587.66 time, 290.02 real, 2491 MB
[runlim] sample:		607.93 time, 300.02 real, 2554 MB
[runlim] sample:		628.23 time, 310.02 real, 2612 MB
[runlim] sample:		648.49 time, 320.02 real, 2746 MB
[runlim] sample:		668.76 time, 330.02 real, 2846 MB
[runlim] sample:		689.05 time, 340.02 real, 3066 MB
[runlim] sample:		709.30 time, 350.02 real, 3065 MB
[runlim] sample:		729.59 time, 360.02 real, 3070 MB
[runlim] sample:		749.86 time, 370.02 real, 3068 MB
[runlim] sample:		770.13 time, 380.02 real, 3210 MB
[runlim] sample:		790.41 time, 390.02 real, 3337 MB
[runlim] sample:		810.68 time, 400.02 real, 3313 MB
[runlim] sample:		830.95 time, 410.02 real, 3385 MB
[runlim] sample:		851.23 time, 420.02 real, 3050 MB
[runlim] sample:		871.51 time, 430.02 real, 3061 MB
[runlim] sample:		891.76 time, 440.02 real, 3620 MB
[runlim] sample:		912.04 time, 450.02 real, 3710 MB
[runlim] sample:		932.31 time, 460.02 real, 3642 MB
[runlim] sample:		952.59 time, 470.02 real, 3681 MB
[runlim] sample:		972.85 time, 480.02 real, 3594 MB
[runlim] sample:		993.11 time, 490.02 real, 3599 MB
[runlim] sample:		1013.40 time, 500.02 real, 4005 MB
[runlim] sample:		1033.65 time, 510.02 real, 4053 MB
[runlim] sample:		1053.93 time, 520.02 real, 4078 MB
[runlim] sample:		1074.19 time, 530.02 real, 4011 MB
[runlim] sample:		1094.46 time, 540.02 real, 3998 MB
[runlim] sample:		1114.75 time, 550.02 real, 4003 MB
[runlim] sample:		1135.02 time, 560.02 real, 4299 MB
[runlim] sample:		1155.29 time, 570.01 real, 4356 MB
[runlim] sample:		1175.57 time, 580.02 real, 4352 MB
[runlim] sample:		1195.83 time, 590.02 real, 4346 MB
[runlim] sample:		1216.11 time, 600.02 real, 4365 MB
[runlim] sample:		1236.37 time, 610.02 real, 4613 MB
[runlim] sample:		1256.64 time, 620.02 real, 4960 MB
[runlim] sample:		1276.91 time, 630.02 real, 5002 MB
[runlim] sample:		1297.19 time, 640.02 real, 4989 MB
[runlim] sample:		1317.45 time, 650.02 real, 5059 MB
[runlim] sample:		1337.71 time, 660.02 real, 5250 MB
[runlim] sample:		1357.97 time, 670.02 real, 5271 MB
[runlim] sample:		1378.23 time, 680.02 real, 5342 MB
[runlim] sample:		1398.50 time, 690.02 real, 5310 MB
[runlim] sample:		1418.76 time, 700.02 real, 5393 MB
[runlim] sample:		1439.04 time, 710.02 real, 5335 MB
[runlim] sample:		1459.31 time, 720.02 real, 5468 MB
[runlim] sample:		1479.60 time, 730.02 real, 5358 MB
[runlim] sample:		1499.86 time, 740.02 real, 5309 MB
[runlim] sample:		1520.13 time, 750.02 real, 5250 MB
[runlim] sample:		1540.41 time, 760.02 real, 5300 MB
[runlim] sample:		1560.68 time, 770.02 real, 5303 MB
[runlim] sample:		1580.96 time, 780.02 real, 5405 MB
[runlim] sample:		1601.21 time, 790.02 real, 5407 MB
[runlim] sample:		1621.48 time, 800.02 real, 5409 MB
[runlim] sample:		1641.75 time, 810.02 real, 5411 MB
[runlim] sample:		1662.01 time, 820.02 real, 5318 MB
[runlim] sample:		1682.27 time, 830.02 real, 5337 MB
[runlim] sample:		1702.55 time, 840.02 real, 5340 MB
[runlim] sample:		1722.81 time, 850.02 real, 5518 MB
[runlim] sample:		1743.08 time, 860.02 real, 5496 MB
[runlim] sample:		1763.35 time, 870.02 real, 5394 MB
[runlim] sample:		1783.61 time, 880.02 real, 5348 MB
[runlim] sample:		1803.88 time, 890.02 real, 8338 MB
[runlim] sample:		1824.15 time, 900.02 real, 8340 MB
[runlim] sample:		1844.42 time, 910.02 real, 8345 MB
[runlim] sample:		1864.70 time, 920.02 real, 8415 MB
[runlim] sample:		1884.96 time, 930.02 real, 8652 MB
[runlim] sample:		1905.25 time, 940.02 real, 8522 MB
[runlim] sample:		1925.51 time, 950.02 real, 8522 MB
[runlim] sample:		1945.79 time, 960.02 real, 8566 MB
[runlim] sample:		1966.05 time, 970.02 real, 8455 MB
[runlim] sample:		1986.33 time, 980.02 real, 8455 MB
[runlim] sample:		2006.59 time, 990.02 real, 8455 MB
[runlim] sample:		2026.87 time, 1000.02 real, 8498 MB
[runlim] sample:		2047.16 time, 1010.02 real, 8500 MB
[runlim] sample:		2067.41 time, 1020.02 real, 8566 MB
[runlim] sample:		2087.69 time, 1030.02 real, 8596 MB
[runlim] sample:		2107.96 time, 1040.02 real, 8571 MB
[runlim] sample:		2128.23 time, 1050.02 real, 8563 MB
[runlim] sample:		2148.50 time, 1060.02 real, 8634 MB
[runlim] sample:		2168.77 time, 1070.02 real, 8706 MB
[runlim] sample:		2189.04 time, 1080.02 real, 8909 MB
[runlim] sample:		2209.32 time, 1090.02 real, 8947 MB
[runlim] sample:		2229.59 time, 1100.02 real, 9005 MB
[runlim] sample:		2249.87 time, 1110.02 real, 9056 MB
[runlim] sample:		2270.14 time, 1120.02 real, 9088 MB
[runlim] sample:		2290.41 time, 1130.02 real, 9114 MB
[runlim] sample:		2310.69 time, 1140.02 real, 9146 MB
[runlim] sample:		2330.96 time, 1150.02 real, 9172 MB
[runlim] sample:		2351.24 time, 1160.02 real, 9505 MB
[runlim] sample:		2371.48 time, 1170.02 real, 9418 MB
[runlim] sample:		2391.77 time, 1180.02 real, 9369 MB
[runlim] sample:		2412.02 time, 1190.02 real, 9374 MB
[runlim] sample:		2432.30 time, 1200.02 real, 9375 MB
[runlim] sample:		2452.57 time, 1210.02 real, 9373 MB
[runlim] sample:		2472.84 time, 1220.02 real, 9386 MB
[runlim] sample:		2493.13 time, 1230.02 real, 9331 MB
[runlim] sample:		2513.39 time, 1240.02 real, 9483 MB
[runlim] sample:		2533.66 time, 1250.02 real, 9396 MB
[runlim] sample:		2553.93 time, 1260.02 real, 9392 MB
[runlim] sample:		2574.20 time, 1270.02 real, 9508 MB
[runlim] sample:		2594.47 time, 1280.02 real, 9491 MB
[runlim] sample:		2614.76 time, 1290.02 real, 9596 MB
[runlim] sample:		2635.02 time, 1300.02 real, 9728 MB
[runlim] sample:		2655.29 time, 1310.02 real, 9976 MB
[runlim] sample:		2675.58 time, 1320.02 real, 10039 MB
[runlim] sample:		2695.84 time, 1330.02 real, 10192 MB
[runlim] sample:		2716.10 time, 1340.02 real, 10134 MB
[runlim] sample:		2736.39 time, 1350.02 real, 10184 MB
[runlim] sample:		2756.65 time, 1360.02 real, 10303 MB
[runlim] sample:		2776.94 time, 1370.02 real, 10212 MB
[runlim] sample:		2797.19 time, 1380.02 real, 10483 MB
[runlim] sample:		2817.48 time, 1390.02 real, 10400 MB
[runlim] sample:		2837.75 time, 1400.02 real, 10371 MB
[runlim] sample:		2858.02 time, 1410.02 real, 10648 MB
[runlim] sample:		2878.28 time, 1420.02 real, 10558 MB
[runlim] sample:		2898.56 time, 1430.02 real, 10524 MB
[runlim] sample:		2918.83 time, 1440.02 real, 10773 MB
[runlim] sample:		2939.10 time, 1450.02 real, 10647 MB
[runlim] sample:		2959.38 time, 1460.02 real, 10611 MB
[runlim] sample:		2979.64 time, 1470.02 real, 10856 MB
[runlim] sample:		2999.92 time, 1480.02 real, 10722 MB
[runlim] sample:		3020.19 time, 1490.02 real, 10740 MB
[runlim] sample:		3040.46 time, 1500.02 real, 10876 MB
[runlim] sample:		3060.74 time, 1510.02 real, 10880 MB
[runlim] sample:		3080.99 time, 1520.02 real, 11130 MB
[runlim] sample:		3101.27 time, 1530.02 real, 10987 MB
[runlim] sample:		3121.54 time, 1540.02 real, 10972 MB
[runlim] sample:		3141.81 time, 1550.02 real, 11094 MB
[runlim] sample:		3162.09 time, 1560.02 real, 11032 MB
[runlim] sample:		3182.37 time, 1570.02 real, 11282 MB
[runlim] sample:		3202.62 time, 1580.02 real, 11132 MB
[runlim] sample:		3222.90 time, 1590.02 real, 11386 MB
[runlim] sample:		3243.17 time, 1600.02 real, 11191 MB
[runlim] sample:		3263.46 time, 1610.02 real, 11205 MB
[runlim] sample:		3283.73 time, 1620.02 real, 11245 MB
[runlim] sample:		3303.99 time, 1630.02 real, 11289 MB
[runlim] sample:		3324.27 time, 1640.02 real, 11303 MB
[runlim] sample:		3344.55 time, 1650.02 real, 11356 MB
[runlim] sample:		3364.83 time, 1660.02 real, 11581 MB
[runlim] sample:		3385.09 time, 1670.02 real, 11392 MB
[runlim] sample:		3405.37 time, 1680.02 real, 11531 MB
[runlim] sample:		3425.65 time, 1690.02 real, 11472 MB
[runlim] sample:		3445.91 time, 1700.02 real, 11539 MB
[runlim] sample:		3466.18 time, 1710.02 real, 11777 MB
[runlim] sample:		3486.46 time, 1720.02 real, 11630 MB
[runlim] sample:		3506.72 time, 1730.02 real, 11634 MB
[runlim] sample:		3526.99 time, 1740.02 real, 11755 MB
[runlim] sample:		3547.26 time, 1750.02 real, 11914 MB
[runlim] sample:		3567.53 time, 1760.02 real, 11773 MB
[runlim] sample:		3587.82 time, 1770.02 real, 11778 MB
[runlim] sample:		3608.08 time, 1780.02 real, 11888 MB
[runlim] sample:		3628.36 time, 1790.02 real, 12042 MB
[runlim] sample:		3648.63 time, 1800.02 real, 11974 MB
[runlim] sample:		3668.90 time, 1810.02 real, 11884 MB
[runlim] sample:		3689.18 time, 1820.02 real, 11957 MB
[runlim] sample:		3709.44 time, 1830.02 real, 12049 MB
[runlim] sample:		3729.71 time, 1840.02 real, 12204 MB
[runlim] sample:		3749.99 time, 1850.02 real, 12267 MB
[runlim] sample:		3770.26 time, 1860.02 real, 12015 MB
[runlim] sample:		3790.52 time, 1870.02 real, 12074 MB
[runlim] sample:		3810.79 time, 1880.02 real, 12716 MB
[runlim] sample:		3831.08 time, 1890.02 real, 12088 MB
[runlim] sample:		3851.34 time, 1900.02 real, 12344 MB
[runlim] sample:		3871.61 time, 1910.02 real, 12607 MB
[runlim] sample:		3891.87 time, 1920.02 real, 12449 MB
[runlim] sample:		3912.15 time, 1930.02 real, 12549 MB
[runlim] sample:		3932.40 time, 1940.02 real, 12715 MB
[runlim] sample:		3952.68 time, 1950.02 real, 12848 MB
[runlim] sample:		3972.96 time, 1960.02 real, 12815 MB
[runlim] sample:		3993.21 time, 1970.02 real, 12911 MB
[runlim] sample:		4013.49 time, 1980.02 real, 12952 MB
[runlim] sample:		4033.76 time, 1990.02 real, 12979 MB
[runlim] sample:		4054.02 time, 2000.02 real, 12731 MB
[runlim] sample:		4074.29 time, 2010.02 real, 13353 MB
[runlim] sample:		4094.56 time, 2020.02 real, 12346 MB
[runlim] sample:		4114.84 time, 2030.02 real, 12384 MB
[runlim] sample:		4135.10 time, 2040.02 real, 12145 MB
[runlim] sample:		4155.38 time, 2050.02 real, 12220 MB
[runlim] sample:		4175.64 time, 2060.02 real, 12197 MB
[runlim] sample:		4195.91 time, 2070.02 real, 12242 MB
[runlim] sample:		4216.17 time, 2080.02 real, 12200 MB
[runlim] sample:		4236.46 time, 2090.02 real, 12213 MB
[runlim] sample:		4256.73 time, 2100.02 real, 12187 MB
[runlim] sample:		4277.02 time, 2110.02 real, 12170 MB
[runlim] sample:		4297.27 time, 2120.02 real, 12172 MB
[runlim] sample:		4317.56 time, 2130.02 real, 12174 MB
[runlim] sample:		4337.82 time, 2140.02 real, 12176 MB
[runlim] sample:		4358.09 time, 2150.02 real, 12201 MB
[runlim] sample:		4378.37 time, 2160.02 real, 12235 MB
[runlim] sample:		4398.64 time, 2170.02 real, 12338 MB
[runlim] sample:		4418.90 time, 2180.02 real, 12341 MB
[runlim] sample:		4439.17 time, 2190.02 real, 12380 MB
[runlim] sample:		4459.46 time, 2200.02 real, 12274 MB
[runlim] sample:		4479.70 time, 2210.02 real, 12255 MB
[runlim] sample:		4499.98 time, 2220.02 real, 12258 MB
[runlim] sample:		4520.26 time, 2230.02 real, 12265 MB
[runlim] sample:		4540.53 time, 2240.02 real, 12265 MB
[runlim] sample:		4560.80 time, 2250.02 real, 12301 MB
[runlim] sample:		4581.04 time, 2260.02 real, 12307 MB
[runlim] sample:		4601.31 time, 2270.02 real, 12279 MB
[runlim] sample:		4621.60 time, 2280.02 real, 12282 MB
[runlim] sample:		4641.86 time, 2290.02 real, 12284 MB
[runlim] sample:		4662.13 time, 2300.02 real, 12313 MB
[runlim] sample:		4682.41 time, 2310.02 real, 12320 MB
[runlim] sample:		4702.68 time, 2320.02 real, 12311 MB
[runlim] sample:		4722.96 time, 2330.02 real, 12329 MB
[runlim] sample:		4743.22 time, 2340.02 real, 12294 MB
[runlim] sample:		4763.50 time, 2350.02 real, 12866 MB
[runlim] sample:		4783.76 time, 2360.02 real, 12416 MB
[runlim] sample:		4804.04 time, 2370.02 real, 12605 MB
[runlim] sample:		4824.32 time, 2380.02 real, 12915 MB
[runlim] sample:		4844.58 time, 2390.02 real, 12515 MB
[runlim] sample:		4864.84 time, 2400.02 real, 12537 MB
[runlim] sample:		4885.11 time, 2410.02 real, 12506 MB
[runlim] sample:		4905.37 time, 2420.02 real, 12527 MB
[runlim] sample:		4925.64 time, 2430.02 real, 12511 MB
[runlim] sample:		4945.92 time, 2440.02 real, 12544 MB
[runlim] sample:		4966.20 time, 2450.02 real, 12509 MB
[runlim] sample:		4986.47 time, 2460.02 real, 12902 MB
[runlim] sample:		5006.74 time, 2470.02 real, 12809 MB
[runlim] sample:		5026.99 time, 2480.02 real, 12810 MB
[runlim] sample:		5047.27 time, 2490.02 real, 12935 MB
[runlim] sample:		5067.54 time, 2500.02 real, 12908 MB
[runlim] sample:		5087.81 time, 2510.02 real, 12887 MB
[runlim] sample:		5108.08 time, 2520.02 real, 12915 MB
[runlim] sample:		5128.35 time, 2530.02 real, 12867 MB
[runlim] sample:		5148.63 time, 2540.02 real, 12868 MB
[runlim] sample:		5168.88 time, 2550.02 real, 12866 MB
[runlim] sample:		5189.15 time, 2560.02 real, 12841 MB
[runlim] sample:		5209.42 time, 2570.02 real, 12822 MB
[runlim] sample:		5229.69 time, 2580.02 real, 12815 MB
[runlim] sample:		5249.97 time, 2590.02 real, 12863 MB
[runlim] sample:		5270.23 time, 2600.02 real, 12806 MB
[runlim] sample:		5290.52 time, 2610.02 real, 13034 MB
[runlim] sample:		5310.79 time, 2620.02 real, 12937 MB
[runlim] sample:		5331.05 time, 2630.02 real, 12893 MB
[runlim] sample:		5351.32 time, 2640.02 real, 12902 MB
[runlim] sample:		5371.57 time, 2650.02 real, 12908 MB
[runlim] sample:		5391.86 time, 2660.02 real, 12981 MB
[runlim] sample:		5412.11 time, 2670.02 real, 12936 MB
[runlim] sample:		5432.41 time, 2680.02 real, 13323 MB
[runlim] sample:		5452.66 time, 2690.02 real, 13097 MB
[runlim] sample:		5472.96 time, 2700.02 real, 12772 MB
[runlim] sample:		5493.22 time, 2710.02 real, 13417 MB
[runlim] sample:		5513.50 time, 2720.02 real, 13417 MB
[runlim] sample:		5533.78 time, 2730.02 real, 13632 MB
[runlim] sample:		5554.05 time, 2740.02 real, 13666 MB
[runlim] sample:		5574.32 time, 2750.02 real, 13760 MB
[runlim] sample:		5594.58 time, 2760.02 real, 13881 MB
[runlim] sample:		5614.87 time, 2770.02 real, 13919 MB
[runlim] sample:		5635.13 time, 2780.02 real, 14377 MB
[runlim] sample:		5655.41 time, 2790.02 real, 13969 MB
[runlim] sample:		5675.66 time, 2800.02 real, 13718 MB
[runlim] sample:		5695.95 time, 2810.02 real, 13503 MB
[runlim] sample:		5716.22 time, 2820.02 real, 13421 MB
[runlim] sample:		5736.50 time, 2830.02 real, 13349 MB
[runlim] sample:		5756.76 time, 2840.02 real, 13353 MB
[runlim] sample:		5777.03 time, 2850.02 real, 13758 MB
[runlim] sample:		5797.30 time, 2860.02 real, 13352 MB
[runlim] sample:		5817.59 time, 2870.02 real, 13355 MB
[runlim] sample:		5837.85 time, 2880.02 real, 13465 MB
[runlim] sample:		5858.10 time, 2890.02 real, 13466 MB
[runlim] sample:		5878.37 time, 2900.02 real, 13576 MB
[runlim] sample:		5898.64 time, 2910.02 real, 13553 MB
[runlim] sample:		5918.91 time, 2920.02 real, 13542 MB
[runlim] sample:		5939.17 time, 2930.02 real, 13545 MB
[runlim] sample:		5959.43 time, 2940.02 real, 13963 MB
[runlim] sample:		5979.71 time, 2950.02 real, 13557 MB
[runlim] sample:		5999.96 time, 2960.02 real, 13558 MB
[runlim] sample:		6020.24 time, 2970.02 real, 13621 MB
[runlim] sample:		6040.52 time, 2980.02 real, 13563 MB
[runlim] sample:		6060.79 time, 2990.02 real, 13564 MB
[runlim] sample:		6081.05 time, 3000.02 real, 13636 MB
[runlim] sample:		6101.34 time, 3010.02 real, 13568 MB
[runlim] sample:		6121.62 time, 3020.02 real, 13570 MB
[runlim] sample:		6141.88 time, 3030.02 real, 13573 MB
[runlim] sample:		6162.16 time, 3040.02 real, 13574 MB
[runlim] sample:		6182.41 time, 3050.02 real, 13576 MB
[runlim] sample:		6202.70 time, 3060.02 real, 13579 MB
[runlim] sample:		6222.97 time, 3070.02 real, 13684 MB
[runlim] sample:		6243.24 time, 3080.02 real, 13673 MB
[runlim] sample:		6263.52 time, 3090.02 real, 13706 MB
[runlim] sample:		6283.78 time, 3100.02 real, 13659 MB
[runlim] sample:		6304.04 time, 3110.02 real, 13649 MB
[runlim] sample:		6324.30 time, 3120.02 real, 13594 MB
[runlim] sample:		6344.58 time, 3130.02 real, 13596 MB
[runlim] sample:		6364.85 time, 3140.02 real, 13599 MB
[runlim] sample:		6385.14 time, 3150.02 real, 13601 MB
[runlim] sample:		6405.39 time, 3160.02 real, 13560 MB
[runlim] sample:		6425.67 time, 3170.02 real, 13715 MB
[runlim] sample:		6445.93 time, 3180.02 real, 13626 MB
[runlim] sample:		6466.21 time, 3190.02 real, 13598 MB
[runlim] sample:		6486.48 time, 3200.02 real, 13573 MB
[runlim] sample:		6506.75 time, 3210.02 real, 13573 MB
[runlim] sample:		6527.03 time, 3220.02 real, 13470 MB
[runlim] sample:		6547.30 time, 3230.02 real, 13626 MB
[runlim] sample:		6567.57 time, 3240.02 real, 13755 MB
[runlim] sample:		6587.86 time, 3250.02 real, 13875 MB
[runlim] sample:		6608.12 time, 3260.02 real, 13875 MB
[runlim] sample:		6628.39 time, 3270.02 real, 14401 MB
[runlim] sample:		6648.66 time, 3280.02 real, 13769 MB
[runlim] sample:		6668.93 time, 3290.02 real, 14143 MB
[runlim] sample:		6689.20 time, 3300.02 real, 14143 MB
[runlim] sample:		6709.48 time, 3310.02 real, 14218 MB
[runlim] sample:		6729.75 time, 3320.02 real, 14187 MB
[runlim] sample:		6750.02 time, 3330.02 real, 14344 MB
[runlim] sample:		6770.30 time, 3340.02 real, 14442 MB
[runlim] sample:		6790.55 time, 3350.02 real, 14461 MB
[runlim] sample:		6810.83 time, 3360.02 real, 14151 MB
[runlim] sample:		6831.11 time, 3370.02 real, 14204 MB
[runlim] sample:		6851.35 time, 3380.02 real, 14641 MB
[runlim] sample:		6871.65 time, 3390.02 real, 14108 MB
[runlim] sample:		6891.88 time, 3400.02 real, 14167 MB
[runlim] sample:		6912.16 time, 3410.02 real, 14310 MB
[runlim] sample:		6932.44 time, 3420.02 real, 14297 MB
[runlim] sample:		6952.71 time, 3430.02 real, 14260 MB
[runlim] sample:		6972.98 time, 3440.02 real, 15221 MB
[runlim] sample:		6993.26 time, 3450.02 real, 14362 MB
[runlim] sample:		7013.53 time, 3460.02 real, 14285 MB
[runlim] sample:		7033.81 time, 3470.02 real, 14265 MB
[runlim] sample:		7054.06 time, 3480.02 real, 14430 MB
[runlim] sample:		7074.35 time, 3490.02 real, 14347 MB
[runlim] sample:		7094.61 time, 3500.02 real, 14268 MB
[runlim] sample:		7114.89 time, 3510.02 real, 14291 MB
[runlim] sample:		7135.16 time, 3520.02 real, 14364 MB
[runlim] sample:		7155.45 time, 3530.02 real, 14271 MB
[runlim] sample:		7175.72 time, 3540.02 real, 14327 MB
[runlim] sample:		7195.98 time, 3550.02 real, 14451 MB
[runlim] sample:		7216.26 time, 3560.02 real, 14397 MB
[runlim] sample:		7236.53 time, 3570.02 real, 14496 MB
[runlim] sample:		7256.80 time, 3580.02 real, 14598 MB
[runlim] sample:		7277.05 time, 3590.02 real, 14498 MB
[runlim] sample:		7297.32 time, 3600.02 real, 14393 MB
[runlim] end:			Wed Oct 16 22:07:29 2019
[runlim] status:		out of time
[runlim] result:		2
[runlim] children:		4
[runlim] real:			3600.10 seconds
[runlim] time:			7297.32 seconds
[runlim] space:			15259 MB
[runlim] samples:		36000
