[runlim] version:		1.17
[runlim] host:			c3n15
[runlim] time limit:		311040000 seconds
[runlim] real time limit:	3600 seconds
[runlim] space limit:		120000 MB
[runlim] argv[0]:		./run-cosa2.sh
[runlim] argv[1]:		/tmp/iPtCBqYR.btor
[runlim] start:			Wed Oct 16 22:44:00 2019
[runlim] child:			26718
[runlim] sample:		20.16 time, 10.02 real, 310 MB
[runlim] sample:		40.41 time, 20.02 real, 431 MB
[runlim] sample:		60.66 time, 30.02 real, 506 MB
[runlim] sample:		80.93 time, 40.02 real, 551 MB
[runlim] sample:		101.18 time, 50.02 real, 584 MB
[runlim] sample:		121.43 time, 60.02 real, 613 MB
[runlim] sample:		141.69 time, 70.02 real, 734 MB
[runlim] sample:		161.94 time, 80.02 real, 688 MB
[runlim] sample:		182.19 time, 90.02 real, 785 MB
[runlim] sample:		202.44 time, 100.02 real, 837 MB
[runlim] sample:		222.69 time, 110.02 real, 845 MB
[runlim] sample:		242.95 time, 120.02 real, 940 MB
[runlim] sample:		263.23 time, 130.02 real, 920 MB
[runlim] sample:		283.52 time, 140.02 real, 924 MB
[runlim] sample:		303.80 time, 150.02 real, 1047 MB
[runlim] sample:		324.09 time, 160.02 real, 1034 MB
[runlim] sample:		344.37 time, 170.02 real, 1038 MB
[runlim] sample:		364.66 time, 180.02 real, 1062 MB
[runlim] sample:		384.92 time, 190.02 real, 1081 MB
[runlim] sample:		405.23 time, 200.02 real, 1148 MB
[runlim] sample:		425.50 time, 210.02 real, 1141 MB
[runlim] sample:		445.80 time, 220.02 real, 1246 MB
[runlim] sample:		466.08 time, 230.02 real, 1191 MB
[runlim] sample:		486.36 time, 240.02 real, 1197 MB
[runlim] sample:		506.65 time, 250.02 real, 1239 MB
[runlim] sample:		526.93 time, 260.02 real, 1152 MB
[runlim] sample:		547.21 time, 270.02 real, 1214 MB
[runlim] sample:		567.49 time, 280.02 real, 1257 MB
[runlim] sample:		587.78 time, 290.02 real, 1269 MB
[runlim] sample:		608.06 time, 300.02 real, 1228 MB
[runlim] sample:		628.34 time, 310.02 real, 1287 MB
[runlim] sample:		648.62 time, 320.02 real, 1259 MB
[runlim] sample:		668.90 time, 330.02 real, 1262 MB
[runlim] sample:		689.18 time, 340.02 real, 1266 MB
[runlim] sample:		709.46 time, 350.02 real, 1308 MB
[runlim] sample:		729.74 time, 360.02 real, 1394 MB
[runlim] sample:		750.03 time, 370.02 real, 1463 MB
[runlim] sample:		770.31 time, 380.02 real, 1504 MB
[runlim] sample:		790.59 time, 390.02 real, 1561 MB
[runlim] sample:		810.88 time, 400.02 real, 1686 MB
[runlim] sample:		831.17 time, 410.02 real, 1546 MB
[runlim] sample:		851.45 time, 420.02 real, 1550 MB
[runlim] sample:		871.72 time, 430.02 real, 1604 MB
[runlim] sample:		892.00 time, 440.02 real, 1555 MB
[runlim] sample:		912.29 time, 450.02 real, 1558 MB
[runlim] sample:		932.57 time, 460.02 real, 1562 MB
[runlim] sample:		952.86 time, 470.02 real, 1565 MB
[runlim] sample:		973.14 time, 480.02 real, 1570 MB
[runlim] sample:		993.43 time, 490.02 real, 1572 MB
[runlim] sample:		1013.71 time, 500.02 real, 1593 MB
[runlim] sample:		1033.98 time, 510.02 real, 1635 MB
[runlim] sample:		1054.27 time, 520.02 real, 1655 MB
[runlim] sample:		1074.55 time, 530.02 real, 1650 MB
[runlim] sample:		1094.83 time, 540.02 real, 1667 MB
[runlim] sample:		1115.10 time, 550.02 real, 1719 MB
[runlim] sample:		1135.39 time, 560.02 real, 1770 MB
[runlim] sample:		1155.67 time, 570.02 real, 1845 MB
[runlim] sample:		1175.96 time, 580.02 real, 1884 MB
[runlim] sample:		1196.23 time, 590.02 real, 1828 MB
[runlim] sample:		1216.52 time, 600.02 real, 1832 MB
[runlim] sample:		1236.81 time, 610.02 real, 1875 MB
[runlim] sample:		1257.09 time, 620.02 real, 1878 MB
[runlim] sample:		1277.37 time, 630.02 real, 1881 MB
[runlim] sample:		1297.68 time, 640.02 real, 1882 MB
[runlim] sample:		1317.95 time, 650.02 real, 1884 MB
[runlim] sample:		1338.23 time, 660.02 real, 1892 MB
[runlim] sample:		1358.52 time, 670.02 real, 1892 MB
[runlim] sample:		1378.81 time, 680.02 real, 1909 MB
[runlim] sample:		1399.09 time, 690.02 real, 1911 MB
[runlim] sample:		1419.38 time, 700.02 real, 1911 MB
[runlim] sample:		1439.66 time, 710.02 real, 1913 MB
[runlim] sample:		1459.93 time, 720.02 real, 1947 MB
[runlim] sample:		1480.23 time, 730.02 real, 1932 MB
[runlim] sample:		1500.50 time, 740.02 real, 1836 MB
[runlim] sample:		1520.78 time, 750.02 real, 1922 MB
[runlim] sample:		1541.06 time, 760.02 real, 1941 MB
[runlim] sample:		1561.35 time, 770.02 real, 1856 MB
[runlim] sample:		1581.63 time, 780.02 real, 1875 MB
[runlim] sample:		1601.91 time, 790.02 real, 1948 MB
[runlim] sample:		1622.20 time, 800.02 real, 1948 MB
[runlim] sample:		1642.48 time, 810.02 real, 1948 MB
[runlim] sample:		1662.76 time, 820.02 real, 1865 MB
[runlim] sample:		1683.04 time, 830.02 real, 1865 MB
[runlim] sample:		1703.32 time, 840.02 real, 1956 MB
[runlim] sample:		1723.60 time, 850.02 real, 1910 MB
[runlim] sample:		1743.89 time, 860.02 real, 1926 MB
[runlim] sample:		1764.17 time, 870.02 real, 1926 MB
[runlim] sample:		1784.45 time, 880.02 real, 1835 MB
[runlim] sample:		1804.74 time, 890.02 real, 1835 MB
[runlim] sample:		1825.02 time, 900.02 real, 1835 MB
[runlim] sample:		1845.32 time, 910.02 real, 1835 MB
[runlim] sample:		1865.60 time, 920.02 real, 1920 MB
[runlim] sample:		1885.89 time, 930.02 real, 1920 MB
[runlim] sample:		1906.17 time, 940.02 real, 1928 MB
[runlim] sample:		1926.46 time, 950.02 real, 1939 MB
[runlim] sample:		1946.74 time, 960.02 real, 1990 MB
[runlim] sample:		1967.03 time, 970.02 real, 1934 MB
[runlim] sample:		1987.32 time, 980.02 real, 1937 MB
[runlim] sample:		2007.60 time, 990.02 real, 1958 MB
[runlim] sample:		2027.88 time, 1000.02 real, 1959 MB
[runlim] sample:		2048.17 time, 1010.02 real, 1991 MB
[runlim] sample:		2068.44 time, 1020.02 real, 2015 MB
[runlim] sample:		2088.73 time, 1030.02 real, 1935 MB
[runlim] sample:		2109.01 time, 1040.02 real, 1867 MB
[runlim] sample:		2129.29 time, 1050.02 real, 1867 MB
[runlim] sample:		2149.58 time, 1060.02 real, 1867 MB
[runlim] sample:		2169.86 time, 1070.02 real, 1867 MB
[runlim] sample:		2190.15 time, 1080.02 real, 1907 MB
[runlim] sample:		2210.41 time, 1090.02 real, 2009 MB
[runlim] sample:		2230.70 time, 1100.02 real, 2010 MB
[runlim] sample:		2250.98 time, 1110.02 real, 2011 MB
[runlim] sample:		2271.26 time, 1120.02 real, 2014 MB
[runlim] sample:		2291.53 time, 1130.02 real, 2010 MB
[runlim] sample:		2311.82 time, 1140.02 real, 2131 MB
[runlim] sample:		2332.12 time, 1150.02 real, 1998 MB
[runlim] sample:		2352.40 time, 1160.02 real, 2038 MB
[runlim] sample:		2372.68 time, 1170.02 real, 2061 MB
[runlim] sample:		2392.96 time, 1180.02 real, 2163 MB
[runlim] sample:		2413.24 time, 1190.02 real, 2070 MB
[runlim] sample:		2433.54 time, 1200.02 real, 2070 MB
[runlim] sample:		2453.83 time, 1210.02 real, 2064 MB
[runlim] sample:		2474.11 time, 1220.02 real, 2070 MB
[runlim] sample:		2494.41 time, 1230.02 real, 2073 MB
[runlim] sample:		2514.69 time, 1240.02 real, 2073 MB
[runlim] sample:		2534.97 time, 1250.02 real, 2074 MB
[runlim] sample:		2555.23 time, 1260.02 real, 2086 MB
[runlim] sample:		2575.52 time, 1270.02 real, 2087 MB
[runlim] sample:		2595.80 time, 1280.02 real, 2100 MB
[runlim] sample:		2616.09 time, 1290.02 real, 2107 MB
[runlim] sample:		2636.37 time, 1300.02 real, 2116 MB
[runlim] sample:		2656.67 time, 1310.02 real, 2142 MB
[runlim] sample:		2676.94 time, 1320.02 real, 2143 MB
[runlim] sample:		2697.23 time, 1330.02 real, 2164 MB
[runlim] sample:		2717.51 time, 1340.02 real, 2158 MB
[runlim] sample:		2737.78 time, 1350.02 real, 2200 MB
[runlim] sample:		2758.08 time, 1360.02 real, 2267 MB
[runlim] sample:		2778.35 time, 1370.02 real, 2153 MB
[runlim] sample:		2798.63 time, 1380.02 real, 2155 MB
[runlim] sample:		2818.91 time, 1390.02 real, 2161 MB
[runlim] sample:		2839.20 time, 1400.02 real, 2161 MB
[runlim] sample:		2859.48 time, 1410.02 real, 2163 MB
[runlim] sample:		2879.76 time, 1420.02 real, 2181 MB
[runlim] sample:		2900.03 time, 1430.02 real, 2178 MB
[runlim] sample:		2920.32 time, 1440.02 real, 2178 MB
[runlim] sample:		2940.60 time, 1450.02 real, 2178 MB
[runlim] sample:		2960.88 time, 1460.02 real, 2178 MB
[runlim] sample:		2981.16 time, 1470.02 real, 2178 MB
[runlim] sample:		3001.42 time, 1480.02 real, 2188 MB
[runlim] sample:		3021.71 time, 1490.02 real, 2189 MB
[runlim] sample:		3041.99 time, 1500.02 real, 2184 MB
[runlim] sample:		3062.27 time, 1510.02 real, 2175 MB
[runlim] sample:		3082.55 time, 1520.02 real, 2219 MB
[runlim] sample:		3102.82 time, 1530.02 real, 2266 MB
[runlim] sample:		3123.11 time, 1540.02 real, 2275 MB
[runlim] sample:		3143.40 time, 1550.02 real, 2302 MB
[runlim] sample:		3163.67 time, 1560.02 real, 2311 MB
[runlim] sample:		3183.96 time, 1570.02 real, 2405 MB
[runlim] sample:		3204.24 time, 1580.02 real, 2568 MB
[runlim] sample:		3224.51 time, 1590.02 real, 2350 MB
[runlim] sample:		3244.80 time, 1600.02 real, 2375 MB
[runlim] sample:		3265.08 time, 1610.02 real, 2378 MB
[runlim] sample:		3285.36 time, 1620.02 real, 2381 MB
[runlim] sample:		3305.64 time, 1630.02 real, 2417 MB
[runlim] sample:		3325.92 time, 1640.02 real, 2419 MB
[runlim] sample:		3346.22 time, 1650.02 real, 2419 MB
[runlim] sample:		3366.49 time, 1660.02 real, 2470 MB
[runlim] sample:		3386.77 time, 1670.02 real, 2417 MB
[runlim] sample:		3407.05 time, 1680.02 real, 2395 MB
[runlim] sample:		3427.33 time, 1690.02 real, 2395 MB
[runlim] sample:		3447.60 time, 1700.02 real, 2395 MB
[runlim] sample:		3467.89 time, 1710.02 real, 2396 MB
[runlim] sample:		3488.17 time, 1720.02 real, 2480 MB
[runlim] sample:		3508.45 time, 1730.02 real, 2482 MB
[runlim] sample:		3528.73 time, 1740.02 real, 2490 MB
[runlim] sample:		3549.02 time, 1750.02 real, 2504 MB
[runlim] sample:		3569.30 time, 1760.02 real, 2558 MB
[runlim] sample:		3589.58 time, 1770.02 real, 2556 MB
[runlim] sample:		3609.86 time, 1780.02 real, 2619 MB
[runlim] sample:		3630.15 time, 1790.02 real, 2627 MB
[runlim] sample:		3650.43 time, 1800.02 real, 2628 MB
[runlim] sample:		3670.70 time, 1810.02 real, 2655 MB
[runlim] sample:		3690.99 time, 1820.02 real, 2756 MB
[runlim] sample:		3711.27 time, 1830.02 real, 2801 MB
[runlim] sample:		3731.56 time, 1840.02 real, 2860 MB
[runlim] sample:		3751.84 time, 1850.02 real, 2901 MB
[runlim] sample:		3772.13 time, 1860.02 real, 3073 MB
[runlim] sample:		3792.42 time, 1870.02 real, 2865 MB
[runlim] sample:		3812.71 time, 1880.02 real, 2950 MB
[runlim] sample:		3832.99 time, 1890.02 real, 2951 MB
[runlim] sample:		3853.28 time, 1900.02 real, 2955 MB
[runlim] sample:		3873.55 time, 1910.02 real, 2956 MB
[runlim] sample:		3893.83 time, 1920.02 real, 2957 MB
[runlim] sample:		3914.12 time, 1930.02 real, 2957 MB
[runlim] sample:		3934.40 time, 1940.02 real, 2913 MB
[runlim] sample:		3954.67 time, 1950.02 real, 2988 MB
[runlim] sample:		3974.95 time, 1960.02 real, 2966 MB
[runlim] sample:		3995.24 time, 1970.02 real, 2968 MB
[runlim] sample:		4015.52 time, 1980.02 real, 3113 MB
[runlim] sample:		4035.80 time, 1990.02 real, 2975 MB
[runlim] sample:		4056.08 time, 2000.02 real, 2976 MB
[runlim] sample:		4076.36 time, 2010.02 real, 2977 MB
[runlim] sample:		4096.65 time, 2020.02 real, 2977 MB
[runlim] sample:		4116.94 time, 2030.02 real, 2979 MB
[runlim] sample:		4137.20 time, 2040.02 real, 2974 MB
[runlim] sample:		4157.50 time, 2050.02 real, 3055 MB
[runlim] sample:		4177.78 time, 2060.02 real, 2979 MB
[runlim] sample:		4198.08 time, 2070.02 real, 3012 MB
[runlim] sample:		4218.35 time, 2080.02 real, 2932 MB
[runlim] sample:		4238.63 time, 2090.02 real, 2934 MB
[runlim] sample:		4258.91 time, 2100.02 real, 2935 MB
[runlim] sample:		4279.19 time, 2110.02 real, 2938 MB
[runlim] sample:		4299.48 time, 2120.02 real, 2939 MB
[runlim] sample:		4319.77 time, 2130.02 real, 2940 MB
[runlim] sample:		4340.06 time, 2140.02 real, 2940 MB
[runlim] sample:		4360.33 time, 2150.02 real, 2942 MB
[runlim] sample:		4380.59 time, 2160.02 real, 2943 MB
[runlim] sample:		4400.88 time, 2170.02 real, 2944 MB
[runlim] sample:		4421.17 time, 2180.02 real, 2993 MB
[runlim] sample:		4441.45 time, 2190.02 real, 2995 MB
[runlim] sample:		4461.73 time, 2200.02 real, 3024 MB
[runlim] sample:		4482.02 time, 2210.02 real, 2996 MB
[runlim] sample:		4502.29 time, 2220.02 real, 2997 MB
[runlim] sample:		4522.58 time, 2230.02 real, 2996 MB
[runlim] sample:		4542.86 time, 2240.02 real, 2996 MB
[runlim] sample:		4563.15 time, 2250.02 real, 3022 MB
[runlim] sample:		4583.41 time, 2260.02 real, 3033 MB
[runlim] sample:		4603.70 time, 2270.02 real, 3034 MB
[runlim] sample:		4623.99 time, 2280.02 real, 3036 MB
[runlim] sample:		4644.27 time, 2290.02 real, 3038 MB
[runlim] sample:		4664.55 time, 2300.02 real, 3052 MB
[runlim] sample:		4684.84 time, 2310.02 real, 3068 MB
[runlim] sample:		4705.11 time, 2320.02 real, 3042 MB
[runlim] sample:		4725.41 time, 2330.02 real, 3060 MB
[runlim] sample:		4745.68 time, 2340.02 real, 3048 MB
[runlim] sample:		4765.97 time, 2350.02 real, 3056 MB
[runlim] sample:		4786.25 time, 2360.02 real, 3111 MB
[runlim] sample:		4806.55 time, 2370.02 real, 3026 MB
[runlim] sample:		4826.82 time, 2380.02 real, 3092 MB
[runlim] sample:		4847.12 time, 2390.02 real, 3143 MB
[runlim] sample:		4867.41 time, 2400.02 real, 3260 MB
[runlim] sample:		4887.68 time, 2410.02 real, 3065 MB
[runlim] sample:		4907.97 time, 2420.02 real, 3048 MB
[runlim] sample:		4928.26 time, 2430.02 real, 3064 MB
[runlim] sample:		4948.54 time, 2440.02 real, 3066 MB
[runlim] sample:		4968.83 time, 2450.02 real, 3241 MB
[runlim] sample:		4989.11 time, 2460.02 real, 3118 MB
[runlim] sample:		5009.40 time, 2470.02 real, 3119 MB
[runlim] sample:		5029.69 time, 2480.02 real, 3120 MB
[runlim] sample:		5049.96 time, 2490.02 real, 3162 MB
[runlim] sample:		5070.26 time, 2500.02 real, 3164 MB
[runlim] sample:		5090.53 time, 2510.02 real, 3158 MB
[runlim] sample:		5110.83 time, 2520.02 real, 3159 MB
[runlim] sample:		5131.09 time, 2530.02 real, 3166 MB
[runlim] sample:		5151.38 time, 2540.02 real, 3167 MB
[runlim] sample:		5171.66 time, 2550.02 real, 3167 MB
[runlim] sample:		5191.96 time, 2560.02 real, 3177 MB
[runlim] sample:		5212.23 time, 2570.02 real, 3178 MB
[runlim] sample:		5232.51 time, 2580.02 real, 3178 MB
[runlim] sample:		5252.78 time, 2590.02 real, 3178 MB
[runlim] sample:		5273.09 time, 2600.02 real, 3178 MB
[runlim] sample:		5293.36 time, 2610.02 real, 3180 MB
[runlim] sample:		5313.63 time, 2620.02 real, 3258 MB
[runlim] sample:		5333.93 time, 2630.02 real, 3174 MB
[runlim] sample:		5354.21 time, 2640.02 real, 3229 MB
[runlim] sample:		5374.49 time, 2650.02 real, 3174 MB
[runlim] sample:		5394.76 time, 2660.02 real, 3151 MB
[runlim] sample:		5415.04 time, 2670.02 real, 3151 MB
[runlim] sample:		5435.31 time, 2680.02 real, 3151 MB
[runlim] sample:		5455.60 time, 2690.02 real, 3153 MB
[runlim] sample:		5475.89 time, 2700.02 real, 3154 MB
[runlim] sample:		5496.17 time, 2710.02 real, 3154 MB
[runlim] sample:		5516.45 time, 2720.02 real, 3154 MB
[runlim] sample:		5536.74 time, 2730.02 real, 3182 MB
[runlim] sample:		5557.03 time, 2740.02 real, 3174 MB
[runlim] sample:		5577.31 time, 2750.02 real, 3142 MB
[runlim] sample:		5597.59 time, 2760.02 real, 3157 MB
[runlim] sample:		5617.88 time, 2770.02 real, 3165 MB
[runlim] sample:		5638.15 time, 2780.02 real, 3167 MB
[runlim] sample:		5658.45 time, 2790.02 real, 3170 MB
[runlim] sample:		5678.74 time, 2800.02 real, 3245 MB
[runlim] sample:		5699.01 time, 2810.02 real, 3178 MB
[runlim] sample:		5719.31 time, 2820.02 real, 3216 MB
[runlim] sample:		5739.60 time, 2830.02 real, 3259 MB
[runlim] sample:		5759.87 time, 2840.02 real, 3463 MB
[runlim] sample:		5780.17 time, 2850.02 real, 3439 MB
[runlim] sample:		5800.44 time, 2860.02 real, 3445 MB
[runlim] sample:		5820.72 time, 2870.02 real, 3275 MB
[runlim] sample:		5841.00 time, 2880.02 real, 3393 MB
[runlim] sample:		5861.27 time, 2890.02 real, 3401 MB
[runlim] sample:		5881.55 time, 2900.02 real, 3378 MB
[runlim] sample:		5901.83 time, 2910.02 real, 3378 MB
[runlim] sample:		5922.12 time, 2920.02 real, 3382 MB
[runlim] sample:		5942.40 time, 2930.02 real, 3382 MB
[runlim] sample:		5962.67 time, 2940.02 real, 3464 MB
[runlim] sample:		5982.96 time, 2950.02 real, 3466 MB
[runlim] sample:		6003.23 time, 2960.02 real, 3470 MB
[runlim] sample:		6023.51 time, 2970.02 real, 3546 MB
[runlim] sample:		6043.81 time, 2980.02 real, 3490 MB
[runlim] sample:		6064.09 time, 2990.02 real, 3595 MB
[runlim] sample:		6084.39 time, 3000.02 real, 3477 MB
[runlim] sample:		6104.67 time, 3010.02 real, 3493 MB
[runlim] sample:		6124.94 time, 3020.02 real, 3452 MB
[runlim] sample:		6145.23 time, 3030.02 real, 3454 MB
[runlim] sample:		6165.53 time, 3040.02 real, 3456 MB
[runlim] sample:		6185.81 time, 3050.02 real, 3457 MB
[runlim] sample:		6206.10 time, 3060.02 real, 3457 MB
[runlim] sample:		6226.38 time, 3070.02 real, 3501 MB
[runlim] sample:		6246.66 time, 3080.02 real, 3503 MB
[runlim] sample:		6266.94 time, 3090.02 real, 3494 MB
[runlim] sample:		6287.23 time, 3100.02 real, 3496 MB
[runlim] sample:		6307.51 time, 3110.02 real, 3502 MB
[runlim] sample:		6327.79 time, 3120.02 real, 3515 MB
[runlim] sample:		6348.07 time, 3130.02 real, 3517 MB
[runlim] sample:		6368.36 time, 3140.02 real, 3475 MB
[runlim] sample:		6388.63 time, 3150.02 real, 3475 MB
[runlim] sample:		6408.91 time, 3160.02 real, 3476 MB
[runlim] sample:		6429.19 time, 3170.02 real, 3479 MB
[runlim] sample:		6449.48 time, 3180.02 real, 3483 MB
[runlim] sample:		6469.76 time, 3190.02 real, 3484 MB
[runlim] sample:		6490.03 time, 3200.02 real, 3486 MB
[runlim] sample:		6510.32 time, 3210.02 real, 3501 MB
[runlim] sample:		6530.59 time, 3220.02 real, 3502 MB
[runlim] sample:		6550.88 time, 3230.02 real, 3676 MB
[runlim] sample:		6571.16 time, 3240.02 real, 3511 MB
[runlim] sample:		6591.44 time, 3250.02 real, 3558 MB
[runlim] sample:		6611.69 time, 3260.02 real, 3559 MB
[runlim] sample:		6632.00 time, 3270.02 real, 3586 MB
[runlim] sample:		6652.29 time, 3280.02 real, 3518 MB
[runlim] sample:		6672.57 time, 3290.02 real, 3520 MB
[runlim] sample:		6692.85 time, 3300.02 real, 3520 MB
[runlim] sample:		6713.14 time, 3310.02 real, 3522 MB
[runlim] sample:		6733.43 time, 3320.02 real, 3522 MB
[runlim] sample:		6753.71 time, 3330.02 real, 3522 MB
[runlim] sample:		6774.00 time, 3340.02 real, 3522 MB
[runlim] sample:		6794.28 time, 3350.02 real, 3522 MB
[runlim] sample:		6814.55 time, 3360.02 real, 3536 MB
[runlim] sample:		6834.85 time, 3370.02 real, 3538 MB
[runlim] sample:		6855.13 time, 3380.02 real, 3538 MB
[runlim] sample:		6875.41 time, 3390.02 real, 3539 MB
[runlim] sample:		6895.71 time, 3400.02 real, 3539 MB
[runlim] sample:		6915.99 time, 3410.02 real, 3586 MB
[runlim] sample:		6936.27 time, 3420.02 real, 3586 MB
[runlim] sample:		6956.53 time, 3430.02 real, 3557 MB
[runlim] sample:		6976.83 time, 3440.02 real, 3540 MB
[runlim] sample:		6997.12 time, 3450.02 real, 3528 MB
[runlim] sample:		7017.39 time, 3460.02 real, 3529 MB
[runlim] sample:		7037.68 time, 3470.02 real, 3529 MB
[runlim] sample:		7057.98 time, 3480.02 real, 3529 MB
[runlim] sample:		7078.26 time, 3490.02 real, 3529 MB
[runlim] sample:		7098.55 time, 3500.02 real, 3529 MB
[runlim] sample:		7118.83 time, 3510.02 real, 3530 MB
[runlim] sample:		7139.12 time, 3520.02 real, 3530 MB
[runlim] sample:		7159.40 time, 3530.02 real, 3530 MB
[runlim] sample:		7179.66 time, 3540.02 real, 3530 MB
[runlim] sample:		7199.96 time, 3550.02 real, 3530 MB
[runlim] sample:		7220.25 time, 3560.02 real, 3530 MB
[runlim] sample:		7240.51 time, 3570.02 real, 3522 MB
[runlim] sample:		7260.81 time, 3580.02 real, 3522 MB
[runlim] sample:		7281.08 time, 3590.02 real, 3554 MB
[runlim] sample:		7301.38 time, 3600.02 real, 3554 MB
[runlim] end:			Wed Oct 16 23:44:00 2019
[runlim] status:		out of time
[runlim] result:		2
[runlim] children:		4
[runlim] real:			3600.10 seconds
[runlim] time:			7301.38 seconds
[runlim] space:			3718 MB
[runlim] samples:		36000
