[runlim] version:		1.17
[runlim] host:			c3n25
[runlim] time limit:		311040000 seconds
[runlim] real time limit:	3600 seconds
[runlim] space limit:		120000 MB
[runlim] argv[0]:		./run-cosa2.sh
[runlim] argv[1]:		/tmp/98PuYHQh.btor
[runlim] start:			Wed Oct 16 20:51:44 2019
[runlim] child:			15759
[runlim] sample:		20.18 time, 10.01 real, 320 MB
[runlim] sample:		40.45 time, 20.01 real, 444 MB
[runlim] sample:		60.73 time, 30.01 real, 552 MB
[runlim] sample:		81.00 time, 40.01 real, 633 MB
[runlim] sample:		101.28 time, 50.01 real, 740 MB
[runlim] sample:		121.55 time, 60.01 real, 872 MB
[runlim] sample:		141.83 time, 70.01 real, 876 MB
[runlim] sample:		162.11 time, 80.01 real, 933 MB
[runlim] sample:		182.38 time, 90.01 real, 1008 MB
[runlim] sample:		202.64 time, 100.01 real, 1043 MB
[runlim] sample:		222.93 time, 110.01 real, 1135 MB
[runlim] sample:		243.18 time, 120.01 real, 1087 MB
[runlim] sample:		263.45 time, 130.01 real, 1098 MB
[runlim] sample:		283.74 time, 140.01 real, 1249 MB
[runlim] sample:		303.99 time, 150.01 real, 1361 MB
[runlim] sample:		324.26 time, 160.01 real, 1345 MB
[runlim] sample:		344.52 time, 170.01 real, 1402 MB
[runlim] sample:		364.81 time, 180.01 real, 1405 MB
[runlim] sample:		385.05 time, 190.01 real, 1430 MB
[runlim] sample:		405.34 time, 200.01 real, 1465 MB
[runlim] sample:		425.61 time, 210.01 real, 1515 MB
[runlim] sample:		445.87 time, 220.01 real, 1605 MB
[runlim] sample:		466.13 time, 230.01 real, 1705 MB
[runlim] sample:		486.41 time, 240.01 real, 1765 MB
[runlim] sample:		506.67 time, 250.01 real, 1740 MB
[runlim] sample:		526.95 time, 260.01 real, 1744 MB
[runlim] sample:		547.20 time, 270.01 real, 1745 MB
[runlim] sample:		567.49 time, 280.01 real, 1747 MB
[runlim] sample:		587.74 time, 290.01 real, 1803 MB
[runlim] sample:		608.01 time, 300.01 real, 1803 MB
[runlim] sample:		628.29 time, 310.01 real, 1857 MB
[runlim] sample:		648.55 time, 320.01 real, 1955 MB
[runlim] sample:		668.82 time, 330.01 real, 1969 MB
[runlim] sample:		689.08 time, 340.01 real, 2007 MB
[runlim] sample:		709.36 time, 350.01 real, 2037 MB
[runlim] sample:		729.61 time, 360.01 real, 1981 MB
[runlim] sample:		749.87 time, 370.01 real, 1999 MB
[runlim] sample:		770.16 time, 380.01 real, 1959 MB
[runlim] sample:		790.41 time, 390.01 real, 2033 MB
[runlim] sample:		810.69 time, 400.01 real, 2024 MB
[runlim] sample:		830.95 time, 410.01 real, 2066 MB
[runlim] sample:		851.23 time, 420.01 real, 2092 MB
[runlim] sample:		871.50 time, 430.02 real, 2165 MB
[runlim] sample:		891.77 time, 440.02 real, 2203 MB
[runlim] sample:		912.04 time, 450.02 real, 2306 MB
[runlim] sample:		932.32 time, 460.02 real, 2359 MB
[runlim] sample:		952.60 time, 470.02 real, 2532 MB
[runlim] sample:		972.87 time, 480.02 real, 2620 MB
[runlim] sample:		993.14 time, 490.02 real, 2604 MB
[runlim] sample:		1013.42 time, 500.02 real, 2573 MB
[runlim] sample:		1033.69 time, 510.02 real, 2552 MB
[runlim] sample:		1053.97 time, 520.02 real, 2548 MB
[runlim] sample:		1074.24 time, 530.02 real, 2558 MB
[runlim] sample:		1094.50 time, 540.02 real, 2512 MB
[runlim] sample:		1114.77 time, 550.02 real, 2570 MB
[runlim] sample:		1135.06 time, 560.02 real, 2596 MB
[runlim] sample:		1155.33 time, 570.02 real, 2625 MB
[runlim] sample:		1175.60 time, 580.02 real, 2652 MB
[runlim] sample:		1195.87 time, 590.02 real, 2652 MB
[runlim] sample:		1216.15 time, 600.02 real, 2786 MB
[runlim] sample:		1236.42 time, 610.02 real, 2943 MB
[runlim] sample:		1256.70 time, 620.02 real, 2980 MB
[runlim] sample:		1276.96 time, 630.02 real, 2988 MB
[runlim] sample:		1297.24 time, 640.02 real, 3005 MB
[runlim] sample:		1317.51 time, 650.02 real, 3070 MB
[runlim] sample:		1337.79 time, 660.02 real, 3059 MB
[runlim] sample:		1358.06 time, 670.02 real, 3061 MB
[runlim] sample:		1378.34 time, 680.02 real, 3083 MB
[runlim] sample:		1398.60 time, 690.02 real, 3030 MB
[runlim] sample:		1418.87 time, 700.02 real, 3065 MB
[runlim] sample:		1439.15 time, 710.02 real, 3059 MB
[runlim] sample:		1459.41 time, 720.02 real, 3092 MB
[runlim] sample:		1479.68 time, 730.02 real, 3087 MB
[runlim] sample:		1499.96 time, 740.02 real, 3047 MB
[runlim] sample:		1520.24 time, 750.02 real, 3108 MB
[runlim] sample:		1540.51 time, 760.02 real, 3145 MB
[runlim] sample:		1560.77 time, 770.02 real, 3116 MB
[runlim] sample:		1581.03 time, 780.02 real, 3148 MB
[runlim] sample:		1601.31 time, 790.02 real, 3128 MB
[runlim] sample:		1621.58 time, 800.02 real, 3247 MB
[runlim] sample:		1641.86 time, 810.02 real, 3151 MB
[runlim] end:			Wed Oct 16 21:05:21 2019
[runlim] status:		ok
[runlim] result:		0
[runlim] children:		4
[runlim] real:			816.88 seconds
[runlim] time:			1655.64 seconds
[runlim] space:			3354 MB
[runlim] samples:		8168
