[runlim] version:		1.17
[runlim] host:			c3n08
[runlim] time limit:		311040000 seconds
[runlim] real time limit:	3600 seconds
[runlim] space limit:		120000 MB
[runlim] argv[0]:		./run-cosa2.sh
[runlim] argv[1]:		/tmp/Ori7Wmid.btor
[runlim] start:			Wed Oct 16 22:04:00 2019
[runlim] child:			30088
[runlim] sample:		20.18 time, 10.01 real, 627 MB
[runlim] sample:		40.46 time, 20.02 real, 886 MB
[runlim] sample:		60.74 time, 30.02 real, 1217 MB
[runlim] sample:		81.02 time, 40.02 real, 1245 MB
[runlim] sample:		101.30 time, 50.02 real, 1401 MB
[runlim] sample:		121.58 time, 60.02 real, 1555 MB
[runlim] sample:		141.84 time, 70.02 real, 1332 MB
[runlim] sample:		162.12 time, 80.02 real, 1357 MB
[runlim] sample:		182.40 time, 90.02 real, 1373 MB
[runlim] sample:		202.68 time, 100.02 real, 1490 MB
[runlim] sample:		222.96 time, 110.02 real, 1641 MB
[runlim] sample:		243.22 time, 120.02 real, 1741 MB
[runlim] sample:		263.50 time, 130.02 real, 1795 MB
[runlim] sample:		283.78 time, 140.02 real, 1884 MB
[runlim] sample:		304.05 time, 150.02 real, 1922 MB
[runlim] sample:		324.33 time, 160.02 real, 2326 MB
[runlim] sample:		344.59 time, 170.02 real, 2323 MB
[runlim] sample:		364.86 time, 180.02 real, 2366 MB
[runlim] sample:		385.14 time, 190.02 real, 2344 MB
[runlim] sample:		405.41 time, 200.02 real, 2432 MB
[runlim] sample:		425.69 time, 210.02 real, 2458 MB
[runlim] sample:		445.96 time, 220.02 real, 2496 MB
[runlim] sample:		466.22 time, 230.02 real, 2559 MB
[runlim] sample:		486.49 time, 240.02 real, 2680 MB
[runlim] sample:		506.78 time, 250.02 real, 2686 MB
[runlim] sample:		527.03 time, 260.02 real, 2769 MB
[runlim] sample:		547.33 time, 270.02 real, 2812 MB
[runlim] sample:		567.58 time, 280.02 real, 2923 MB
[runlim] sample:		587.86 time, 290.02 real, 3005 MB
[runlim] sample:		608.13 time, 300.02 real, 2991 MB
[runlim] sample:		628.41 time, 310.02 real, 2999 MB
[runlim] sample:		648.68 time, 320.02 real, 3150 MB
[runlim] sample:		668.94 time, 330.02 real, 3120 MB
[runlim] sample:		689.22 time, 340.02 real, 3170 MB
[runlim] sample:		709.50 time, 350.02 real, 3566 MB
[runlim] sample:		729.78 time, 360.02 real, 3687 MB
[runlim] sample:		750.05 time, 370.02 real, 3678 MB
[runlim] sample:		770.30 time, 380.02 real, 3741 MB
[runlim] sample:		790.58 time, 390.02 real, 3885 MB
[runlim] sample:		810.86 time, 400.02 real, 3844 MB
[runlim] sample:		831.13 time, 410.02 real, 3903 MB
[runlim] sample:		851.39 time, 420.02 real, 3965 MB
[runlim] sample:		871.69 time, 430.02 real, 4076 MB
[runlim] sample:		891.96 time, 440.02 real, 3999 MB
[runlim] sample:		912.22 time, 450.02 real, 4065 MB
[runlim] sample:		932.50 time, 460.02 real, 4091 MB
[runlim] sample:		952.77 time, 470.02 real, 4157 MB
[runlim] sample:		973.04 time, 480.02 real, 4284 MB
[runlim] sample:		993.32 time, 490.02 real, 4232 MB
[runlim] sample:		1013.60 time, 500.02 real, 4268 MB
[runlim] sample:		1033.87 time, 510.02 real, 4469 MB
[runlim] sample:		1054.15 time, 520.02 real, 4484 MB
[runlim] sample:		1074.40 time, 530.02 real, 4453 MB
[runlim] sample:		1094.68 time, 540.02 real, 4488 MB
[runlim] sample:		1114.96 time, 550.02 real, 4546 MB
[runlim] sample:		1135.23 time, 560.02 real, 4483 MB
[runlim] sample:		1155.51 time, 570.02 real, 4484 MB
[runlim] sample:		1175.78 time, 580.02 real, 4585 MB
[runlim] sample:		1196.06 time, 590.02 real, 4576 MB
[runlim] sample:		1216.33 time, 600.02 real, 4572 MB
[runlim] sample:		1236.61 time, 610.02 real, 4566 MB
[runlim] sample:		1256.88 time, 620.02 real, 4590 MB
[runlim] sample:		1277.16 time, 630.02 real, 4578 MB
[runlim] sample:		1297.44 time, 640.02 real, 4601 MB
[runlim] sample:		1317.70 time, 650.02 real, 4571 MB
[runlim] sample:		1337.98 time, 660.02 real, 4612 MB
[runlim] sample:		1358.27 time, 670.02 real, 4638 MB
[runlim] sample:		1378.53 time, 680.02 real, 4720 MB
[runlim] sample:		1398.81 time, 690.02 real, 4749 MB
[runlim] sample:		1419.08 time, 700.02 real, 4782 MB
[runlim] sample:		1439.35 time, 710.02 real, 4810 MB
[runlim] sample:		1459.62 time, 720.02 real, 4799 MB
[runlim] sample:		1479.89 time, 730.02 real, 4828 MB
[runlim] sample:		1500.16 time, 740.02 real, 4857 MB
[runlim] sample:		1520.43 time, 750.02 real, 4911 MB
[runlim] sample:		1540.71 time, 760.02 real, 4904 MB
[runlim] sample:		1560.98 time, 770.02 real, 5085 MB
[runlim] sample:		1581.25 time, 780.02 real, 5072 MB
[runlim] sample:		1601.52 time, 790.02 real, 5034 MB
[runlim] sample:		1621.80 time, 800.02 real, 5034 MB
[runlim] sample:		1642.07 time, 810.02 real, 5048 MB
[runlim] sample:		1662.34 time, 820.02 real, 5207 MB
[runlim] sample:		1682.61 time, 830.02 real, 5146 MB
[runlim] sample:		1702.88 time, 840.02 real, 5177 MB
[runlim] sample:		1723.15 time, 850.02 real, 5312 MB
[runlim] sample:		1743.43 time, 860.02 real, 5229 MB
[runlim] sample:		1763.71 time, 870.02 real, 5238 MB
[runlim] sample:		1783.98 time, 880.02 real, 5327 MB
[runlim] sample:		1804.25 time, 890.02 real, 5331 MB
[runlim] sample:		1824.53 time, 900.02 real, 5448 MB
[runlim] sample:		1844.81 time, 910.02 real, 5367 MB
[runlim] sample:		1865.08 time, 920.02 real, 5537 MB
[runlim] sample:		1885.35 time, 930.02 real, 5448 MB
[runlim] sample:		1905.63 time, 940.02 real, 5626 MB
[runlim] sample:		1925.90 time, 950.02 real, 6179 MB
[runlim] sample:		1946.17 time, 960.02 real, 6167 MB
[runlim] sample:		1966.44 time, 970.02 real, 6171 MB
[runlim] sample:		1986.71 time, 980.02 real, 6240 MB
[runlim] sample:		2006.97 time, 990.02 real, 6211 MB
[runlim] sample:		2027.25 time, 1000.02 real, 6248 MB
[runlim] sample:		2047.52 time, 1010.02 real, 6404 MB
[runlim] sample:		2067.79 time, 1020.02 real, 6265 MB
[runlim] sample:		2088.06 time, 1030.02 real, 6416 MB
[runlim] sample:		2108.33 time, 1040.02 real, 6337 MB
[runlim] sample:		2128.61 time, 1050.02 real, 6375 MB
[runlim] sample:		2148.88 time, 1060.02 real, 6544 MB
[runlim] sample:		2169.15 time, 1070.02 real, 6428 MB
[runlim] sample:		2189.43 time, 1080.02 real, 6436 MB
[runlim] sample:		2209.70 time, 1090.02 real, 6635 MB
[runlim] sample:		2229.98 time, 1100.02 real, 6514 MB
[runlim] sample:		2250.25 time, 1110.02 real, 6542 MB
[runlim] sample:		2270.53 time, 1120.02 real, 6653 MB
[runlim] sample:		2290.81 time, 1130.02 real, 6747 MB
[runlim] sample:		2311.08 time, 1140.02 real, 6613 MB
[runlim] sample:		2331.36 time, 1150.02 real, 6637 MB
[runlim] sample:		2351.63 time, 1160.02 real, 6730 MB
[runlim] sample:		2371.90 time, 1170.02 real, 6844 MB
[runlim] sample:		2392.18 time, 1180.02 real, 6719 MB
[runlim] sample:		2412.45 time, 1190.02 real, 6719 MB
[runlim] sample:		2432.73 time, 1200.02 real, 6761 MB
[runlim] sample:		2453.01 time, 1210.02 real, 6866 MB
[runlim] sample:		2473.28 time, 1220.02 real, 6891 MB
[runlim] sample:		2493.56 time, 1230.02 real, 6968 MB
[runlim] sample:		2513.82 time, 1240.02 real, 6805 MB
[runlim] sample:		2534.10 time, 1250.02 real, 6891 MB
[runlim] sample:		2554.37 time, 1260.02 real, 6888 MB
[runlim] sample:		2574.66 time, 1270.02 real, 7659 MB
[runlim] sample:		2594.92 time, 1280.02 real, 7221 MB
[runlim] sample:		2615.20 time, 1290.02 real, 7173 MB
[runlim] sample:		2635.48 time, 1300.02 real, 7163 MB
[runlim] sample:		2655.76 time, 1310.02 real, 7216 MB
[runlim] sample:		2676.04 time, 1320.02 real, 7168 MB
[runlim] sample:		2696.31 time, 1330.02 real, 7231 MB
[runlim] sample:		2716.58 time, 1340.02 real, 7302 MB
[runlim] sample:		2736.86 time, 1350.02 real, 7188 MB
[runlim] sample:		2757.13 time, 1360.02 real, 7533 MB
[runlim] sample:		2777.41 time, 1370.02 real, 7477 MB
[runlim] sample:		2797.70 time, 1380.02 real, 7447 MB
[runlim] sample:		2817.95 time, 1390.02 real, 7463 MB
[runlim] sample:		2838.21 time, 1400.02 real, 7536 MB
[runlim] sample:		2858.50 time, 1410.02 real, 7687 MB
[runlim] sample:		2878.76 time, 1420.02 real, 8166 MB
[runlim] sample:		2899.04 time, 1430.02 real, 7528 MB
[runlim] sample:		2919.32 time, 1440.02 real, 7648 MB
[runlim] sample:		2939.58 time, 1450.02 real, 7736 MB
[runlim] sample:		2959.85 time, 1460.02 real, 7785 MB
[runlim] sample:		2980.13 time, 1470.02 real, 7646 MB
[runlim] sample:		3000.41 time, 1480.02 real, 7685 MB
[runlim] sample:		3020.66 time, 1490.02 real, 7736 MB
[runlim] sample:		3040.95 time, 1500.02 real, 7750 MB
[runlim] sample:		3061.22 time, 1510.02 real, 8444 MB
[runlim] sample:		3081.49 time, 1520.02 real, 7752 MB
[runlim] sample:		3101.77 time, 1530.02 real, 7259 MB
[runlim] sample:		3122.03 time, 1540.02 real, 7476 MB
[runlim] sample:		3142.31 time, 1550.02 real, 6563 MB
[runlim] sample:		3162.57 time, 1560.02 real, 6538 MB
[runlim] sample:		3182.85 time, 1570.02 real, 6524 MB
[runlim] sample:		3203.13 time, 1580.02 real, 6618 MB
[runlim] sample:		3223.41 time, 1590.02 real, 6554 MB
[runlim] sample:		3243.68 time, 1600.02 real, 6554 MB
[runlim] sample:		3263.96 time, 1610.02 real, 6649 MB
[runlim] sample:		3284.22 time, 1620.02 real, 6539 MB
[runlim] sample:		3304.50 time, 1630.02 real, 6602 MB
[runlim] sample:		3324.77 time, 1640.02 real, 6572 MB
[runlim] sample:		3345.06 time, 1650.02 real, 6669 MB
[runlim] sample:		3365.32 time, 1660.02 real, 6626 MB
[runlim] sample:		3385.61 time, 1670.02 real, 7202 MB
[runlim] sample:		3405.87 time, 1680.02 real, 6631 MB
[runlim] sample:		3426.15 time, 1690.02 real, 6637 MB
[runlim] sample:		3446.41 time, 1700.02 real, 6660 MB
[runlim] sample:		3466.69 time, 1710.02 real, 6663 MB
[runlim] sample:		3486.97 time, 1720.02 real, 6755 MB
[runlim] sample:		3507.24 time, 1730.02 real, 6642 MB
[runlim] sample:		3527.50 time, 1740.02 real, 6689 MB
[runlim] sample:		3547.79 time, 1750.02 real, 6645 MB
[runlim] sample:		3568.05 time, 1760.02 real, 6671 MB
[runlim] end:			Wed Oct 16 22:33:28 2019
[runlim] status:		ok
[runlim] result:		0
[runlim] children:		4
[runlim] real:			1767.35 seconds
[runlim] time:			3582.86 seconds
[runlim] space:			8658 MB
[runlim] samples:		17673
