[runlim] version:		1.17
[runlim] host:			c3n32
[runlim] time limit:		311040000 seconds
[runlim] real time limit:	3600 seconds
[runlim] space limit:		120000 MB
[runlim] argv[0]:		./run-cosa2.sh
[runlim] argv[1]:		/tmp/Q7HZSVO8.btor
[runlim] start:			Wed Oct 16 22:07:12 2019
[runlim] child:			32102
[runlim] sample:		20.17 time, 10.02 real, 173 MB
[runlim] sample:		40.44 time, 20.02 real, 241 MB
[runlim] sample:		60.72 time, 30.02 real, 264 MB
[runlim] sample:		80.99 time, 40.02 real, 279 MB
[runlim] sample:		101.27 time, 50.02 real, 301 MB
[runlim] sample:		121.54 time, 60.02 real, 322 MB
[runlim] sample:		141.81 time, 70.02 real, 332 MB
[runlim] sample:		162.08 time, 80.02 real, 340 MB
[runlim] sample:		182.37 time, 90.02 real, 352 MB
[runlim] sample:		202.62 time, 100.02 real, 353 MB
[runlim] sample:		222.88 time, 110.02 real, 341 MB
[runlim] sample:		243.15 time, 120.02 real, 373 MB
[runlim] sample:		263.43 time, 130.02 real, 384 MB
[runlim] sample:		283.70 time, 140.02 real, 393 MB
[runlim] sample:		303.99 time, 150.02 real, 394 MB
[runlim] sample:		324.28 time, 160.02 real, 394 MB
[runlim] sample:		344.56 time, 170.02 real, 396 MB
[runlim] sample:		364.84 time, 180.02 real, 410 MB
[runlim] sample:		385.11 time, 190.02 real, 412 MB
[runlim] sample:		405.39 time, 200.02 real, 413 MB
[runlim] sample:		425.66 time, 210.02 real, 436 MB
[runlim] sample:		445.95 time, 220.02 real, 436 MB
[runlim] sample:		466.23 time, 230.02 real, 455 MB
[runlim] sample:		486.50 time, 240.02 real, 498 MB
[runlim] sample:		506.78 time, 250.02 real, 514 MB
[runlim] sample:		527.07 time, 260.02 real, 517 MB
[runlim] sample:		547.35 time, 270.02 real, 520 MB
[runlim] sample:		567.62 time, 280.02 real, 535 MB
[runlim] sample:		587.90 time, 290.02 real, 545 MB
[runlim] sample:		608.18 time, 300.02 real, 556 MB
[runlim] sample:		628.45 time, 310.02 real, 576 MB
[runlim] sample:		648.74 time, 320.02 real, 589 MB
[runlim] sample:		669.01 time, 330.02 real, 596 MB
[runlim] sample:		689.29 time, 340.02 real, 601 MB
[runlim] sample:		709.57 time, 350.02 real, 610 MB
[runlim] sample:		729.85 time, 360.02 real, 618 MB
[runlim] sample:		750.12 time, 370.02 real, 618 MB
[runlim] sample:		770.40 time, 380.02 real, 621 MB
[runlim] sample:		790.68 time, 390.02 real, 621 MB
[runlim] sample:		810.95 time, 400.02 real, 622 MB
[runlim] sample:		831.23 time, 410.02 real, 634 MB
[runlim] sample:		851.50 time, 420.02 real, 638 MB
[runlim] sample:		871.78 time, 430.02 real, 641 MB
[runlim] sample:		892.06 time, 440.02 real, 645 MB
[runlim] sample:		912.34 time, 450.02 real, 647 MB
[runlim] sample:		932.61 time, 460.02 real, 669 MB
[runlim] sample:		952.88 time, 470.02 real, 648 MB
[runlim] sample:		973.15 time, 480.02 real, 667 MB
[runlim] sample:		993.43 time, 490.02 real, 668 MB
[runlim] sample:		1013.70 time, 500.02 real, 654 MB
[runlim] sample:		1033.97 time, 510.02 real, 659 MB
[runlim] sample:		1054.25 time, 520.02 real, 680 MB
[runlim] sample:		1074.52 time, 530.02 real, 683 MB
[runlim] sample:		1094.80 time, 540.02 real, 684 MB
[runlim] sample:		1115.09 time, 550.02 real, 686 MB
[runlim] sample:		1135.36 time, 560.02 real, 687 MB
[runlim] sample:		1155.62 time, 570.02 real, 688 MB
[runlim] sample:		1175.91 time, 580.02 real, 695 MB
[runlim] sample:		1196.18 time, 590.02 real, 700 MB
[runlim] sample:		1216.45 time, 600.02 real, 702 MB
[runlim] sample:		1236.73 time, 610.02 real, 724 MB
[runlim] sample:		1257.02 time, 620.02 real, 671 MB
[runlim] sample:		1277.28 time, 630.02 real, 721 MB
[runlim] sample:		1297.56 time, 640.02 real, 721 MB
[runlim] sample:		1317.84 time, 650.02 real, 723 MB
[runlim] sample:		1338.10 time, 660.02 real, 727 MB
[runlim] sample:		1358.38 time, 670.02 real, 727 MB
[runlim] sample:		1378.66 time, 680.02 real, 744 MB
[runlim] sample:		1398.94 time, 690.02 real, 680 MB
[runlim] sample:		1419.22 time, 700.02 real, 731 MB
[runlim] sample:		1439.49 time, 710.02 real, 732 MB
[runlim] sample:		1459.78 time, 720.02 real, 752 MB
[runlim] sample:		1480.05 time, 730.02 real, 742 MB
[runlim] sample:		1500.33 time, 740.02 real, 742 MB
[runlim] sample:		1520.60 time, 750.02 real, 742 MB
[runlim] sample:		1540.89 time, 760.02 real, 742 MB
[runlim] sample:		1561.17 time, 770.02 real, 707 MB
[runlim] sample:		1581.45 time, 780.02 real, 718 MB
[runlim] sample:		1601.73 time, 790.02 real, 724 MB
[runlim] sample:		1622.00 time, 800.02 real, 750 MB
[runlim] sample:		1642.28 time, 810.02 real, 711 MB
[runlim] sample:		1662.56 time, 820.02 real, 753 MB
[runlim] sample:		1682.83 time, 830.02 real, 756 MB
[runlim] sample:		1703.11 time, 840.02 real, 756 MB
[runlim] sample:		1723.39 time, 850.02 real, 779 MB
[runlim] sample:		1743.66 time, 860.02 real, 779 MB
[runlim] sample:		1763.94 time, 870.02 real, 779 MB
[runlim] sample:		1784.24 time, 880.02 real, 796 MB
[runlim] sample:		1804.52 time, 890.02 real, 794 MB
[runlim] sample:		1824.77 time, 900.02 real, 728 MB
[runlim] sample:		1845.04 time, 910.02 real, 780 MB
[runlim] sample:		1865.33 time, 920.02 real, 757 MB
[runlim] sample:		1885.60 time, 930.02 real, 746 MB
[runlim] sample:		1905.88 time, 940.02 real, 752 MB
[runlim] sample:		1926.15 time, 950.02 real, 807 MB
[runlim] sample:		1946.44 time, 960.01 real, 756 MB
[runlim] sample:		1966.73 time, 970.02 real, 777 MB
[runlim] sample:		1986.98 time, 980.02 real, 785 MB
[runlim] sample:		2007.25 time, 990.02 real, 737 MB
[runlim] sample:		2027.54 time, 1000.01 real, 732 MB
[runlim] sample:		2047.81 time, 1010.02 real, 775 MB
[runlim] sample:		2068.09 time, 1020.02 real, 779 MB
[runlim] sample:		2088.36 time, 1030.02 real, 798 MB
[runlim] sample:		2108.64 time, 1040.02 real, 801 MB
[runlim] sample:		2128.91 time, 1050.02 real, 758 MB
[runlim] sample:		2149.19 time, 1060.02 real, 761 MB
[runlim] sample:		2169.47 time, 1070.02 real, 771 MB
[runlim] sample:		2189.74 time, 1080.02 real, 816 MB
[runlim] sample:		2210.02 time, 1090.02 real, 817 MB
[runlim] sample:		2230.31 time, 1100.02 real, 766 MB
[runlim] sample:		2250.58 time, 1110.02 real, 767 MB
[runlim] sample:		2270.86 time, 1120.02 real, 782 MB
[runlim] sample:		2291.14 time, 1130.02 real, 788 MB
[runlim] sample:		2311.42 time, 1140.02 real, 786 MB
[runlim] sample:		2331.67 time, 1150.02 real, 841 MB
[runlim] sample:		2351.95 time, 1160.02 real, 862 MB
[runlim] sample:		2372.24 time, 1170.02 real, 879 MB
[runlim] sample:		2392.52 time, 1180.02 real, 880 MB
[runlim] sample:		2412.79 time, 1190.02 real, 878 MB
[runlim] sample:		2433.06 time, 1200.02 real, 857 MB
[runlim] sample:		2453.34 time, 1210.02 real, 857 MB
[runlim] sample:		2473.61 time, 1220.02 real, 893 MB
[runlim] sample:		2493.89 time, 1230.02 real, 907 MB
[runlim] sample:		2514.17 time, 1240.02 real, 897 MB
[runlim] sample:		2534.44 time, 1250.02 real, 896 MB
[runlim] sample:		2554.71 time, 1260.02 real, 897 MB
[runlim] sample:		2575.00 time, 1270.02 real, 914 MB
[runlim] sample:		2595.28 time, 1280.02 real, 915 MB
[runlim] sample:		2615.54 time, 1290.02 real, 917 MB
[runlim] sample:		2635.82 time, 1300.02 real, 860 MB
[runlim] sample:		2656.09 time, 1310.02 real, 862 MB
[runlim] sample:		2676.37 time, 1320.02 real, 917 MB
[runlim] sample:		2696.64 time, 1330.02 real, 928 MB
[runlim] sample:		2716.92 time, 1340.02 real, 921 MB
[runlim] sample:		2737.21 time, 1350.02 real, 913 MB
[runlim] sample:		2757.48 time, 1360.02 real, 936 MB
[runlim] sample:		2777.75 time, 1370.02 real, 936 MB
[runlim] sample:		2798.02 time, 1380.02 real, 968 MB
[runlim] sample:		2818.29 time, 1390.02 real, 968 MB
[runlim] sample:		2838.57 time, 1400.02 real, 970 MB
[runlim] sample:		2858.85 time, 1410.02 real, 970 MB
[runlim] sample:		2879.12 time, 1420.02 real, 972 MB
[runlim] sample:		2899.40 time, 1430.02 real, 972 MB
[runlim] sample:		2919.67 time, 1440.02 real, 914 MB
[runlim] sample:		2939.95 time, 1450.02 real, 916 MB
[runlim] sample:		2960.23 time, 1460.02 real, 916 MB
[runlim] sample:		2980.50 time, 1470.02 real, 918 MB
[runlim] sample:		3000.78 time, 1480.02 real, 921 MB
[runlim] sample:		3021.05 time, 1490.02 real, 930 MB
[runlim] sample:		3041.33 time, 1500.02 real, 934 MB
[runlim] sample:		3061.61 time, 1510.02 real, 980 MB
[runlim] sample:		3081.88 time, 1520.02 real, 951 MB
[runlim] sample:		3102.15 time, 1530.02 real, 950 MB
[runlim] sample:		3122.44 time, 1540.02 real, 985 MB
[runlim] sample:		3142.71 time, 1550.02 real, 937 MB
[runlim] sample:		3162.97 time, 1560.02 real, 948 MB
[runlim] sample:		3183.26 time, 1570.02 real, 954 MB
[runlim] sample:		3203.52 time, 1580.02 real, 983 MB
[runlim] sample:		3223.81 time, 1590.02 real, 982 MB
[runlim] sample:		3244.07 time, 1600.02 real, 982 MB
[runlim] sample:		3264.34 time, 1610.02 real, 969 MB
[runlim] sample:		3284.62 time, 1620.02 real, 970 MB
[runlim] sample:		3304.89 time, 1630.02 real, 989 MB
[runlim] sample:		3325.17 time, 1640.02 real, 996 MB
[runlim] sample:		3345.44 time, 1650.02 real, 1003 MB
[runlim] sample:		3365.72 time, 1660.02 real, 1004 MB
[runlim] sample:		3386.00 time, 1670.02 real, 1006 MB
[runlim] sample:		3406.27 time, 1680.02 real, 1083 MB
[runlim] sample:		3426.55 time, 1690.01 real, 1038 MB
[runlim] sample:		3446.83 time, 1700.02 real, 1038 MB
[runlim] sample:		3467.10 time, 1710.02 real, 1019 MB
[runlim] sample:		3487.39 time, 1720.01 real, 1013 MB
[runlim] sample:		3507.67 time, 1730.02 real, 1044 MB
[runlim] sample:		3527.93 time, 1740.02 real, 1018 MB
[runlim] sample:		3548.21 time, 1750.02 real, 1023 MB
[runlim] sample:		3568.48 time, 1760.01 real, 1065 MB
[runlim] sample:		3588.77 time, 1770.02 real, 1043 MB
[runlim] sample:		3609.04 time, 1780.02 real, 1035 MB
[runlim] sample:		3629.32 time, 1790.02 real, 1035 MB
[runlim] sample:		3649.60 time, 1800.02 real, 1045 MB
[runlim] sample:		3669.88 time, 1810.02 real, 1051 MB
[runlim] sample:		3690.15 time, 1820.02 real, 1052 MB
[runlim] sample:		3710.43 time, 1830.02 real, 1053 MB
[runlim] sample:		3730.71 time, 1840.02 real, 1055 MB
[runlim] sample:		3750.99 time, 1850.02 real, 1056 MB
[runlim] sample:		3771.27 time, 1860.02 real, 1036 MB
[runlim] sample:		3791.54 time, 1870.02 real, 1037 MB
[runlim] sample:		3811.82 time, 1880.02 real, 1138 MB
[runlim] sample:		3832.09 time, 1890.02 real, 1140 MB
[runlim] sample:		3852.37 time, 1900.02 real, 1092 MB
[runlim] sample:		3872.65 time, 1910.02 real, 1093 MB
[runlim] sample:		3892.91 time, 1920.02 real, 1142 MB
[runlim] sample:		3913.20 time, 1930.02 real, 1096 MB
[runlim] sample:		3933.47 time, 1940.02 real, 1097 MB
[runlim] sample:		3953.75 time, 1950.02 real, 1133 MB
[runlim] sample:		3974.03 time, 1960.02 real, 1098 MB
[runlim] sample:		3994.30 time, 1970.02 real, 1099 MB
[runlim] sample:		4014.57 time, 1980.02 real, 1147 MB
[runlim] sample:		4034.86 time, 1990.02 real, 1149 MB
[runlim] sample:		4055.14 time, 2000.02 real, 1151 MB
[runlim] sample:		4075.42 time, 2010.02 real, 1153 MB
[runlim] sample:		4095.70 time, 2020.02 real, 1107 MB
[runlim] sample:		4115.96 time, 2030.02 real, 1107 MB
[runlim] sample:		4136.24 time, 2040.02 real, 1159 MB
[runlim] sample:		4156.51 time, 2050.02 real, 1123 MB
[runlim] sample:		4176.78 time, 2060.02 real, 1118 MB
[runlim] sample:		4197.06 time, 2070.02 real, 1146 MB
[runlim] sample:		4217.33 time, 2080.02 real, 1146 MB
[runlim] sample:		4237.61 time, 2090.02 real, 1163 MB
[runlim] sample:		4257.89 time, 2100.02 real, 1163 MB
[runlim] sample:		4278.17 time, 2110.02 real, 1171 MB
[runlim] sample:		4298.44 time, 2120.02 real, 1171 MB
[runlim] sample:		4318.72 time, 2130.02 real, 1129 MB
[runlim] sample:		4338.99 time, 2140.02 real, 1159 MB
[runlim] sample:		4359.28 time, 2150.02 real, 1159 MB
[runlim] sample:		4379.57 time, 2160.02 real, 1168 MB
[runlim] sample:		4399.84 time, 2170.02 real, 1153 MB
[runlim] sample:		4420.12 time, 2180.02 real, 1153 MB
[runlim] sample:		4440.40 time, 2190.02 real, 1153 MB
[runlim] sample:		4460.68 time, 2200.02 real, 1153 MB
[runlim] sample:		4480.97 time, 2210.02 real, 1153 MB
[runlim] sample:		4501.25 time, 2220.02 real, 1158 MB
[runlim] sample:		4521.51 time, 2230.02 real, 1158 MB
[runlim] sample:		4541.78 time, 2240.02 real, 1158 MB
[runlim] sample:		4562.07 time, 2250.02 real, 1158 MB
[runlim] sample:		4582.33 time, 2260.02 real, 1132 MB
[runlim] sample:		4602.62 time, 2270.01 real, 1173 MB
[runlim] sample:		4622.87 time, 2280.02 real, 1173 MB
[runlim] sample:		4643.15 time, 2290.02 real, 1173 MB
[runlim] sample:		4663.42 time, 2300.01 real, 1132 MB
[runlim] sample:		4683.71 time, 2310.02 real, 1132 MB
[runlim] sample:		4703.99 time, 2320.02 real, 1186 MB
[runlim] sample:		4724.26 time, 2330.02 real, 1154 MB
[runlim] sample:		4744.52 time, 2340.02 real, 1187 MB
[runlim] sample:		4764.81 time, 2350.02 real, 1188 MB
[runlim] sample:		4785.09 time, 2360.02 real, 1133 MB
[runlim] sample:		4805.37 time, 2370.02 real, 1133 MB
[runlim] sample:		4825.65 time, 2380.02 real, 1133 MB
[runlim] sample:		4845.92 time, 2390.02 real, 1136 MB
[runlim] sample:		4866.20 time, 2400.02 real, 1136 MB
[runlim] sample:		4886.48 time, 2410.02 real, 1136 MB
[runlim] sample:		4906.76 time, 2420.02 real, 1120 MB
[runlim] sample:		4927.02 time, 2430.02 real, 1132 MB
[runlim] sample:		4947.30 time, 2440.02 real, 1120 MB
[runlim] sample:		4967.58 time, 2450.02 real, 1130 MB
[runlim] sample:		4987.85 time, 2460.02 real, 1130 MB
[runlim] sample:		5008.13 time, 2470.02 real, 1130 MB
[runlim] sample:		5028.41 time, 2480.02 real, 1143 MB
[runlim] sample:		5048.68 time, 2490.02 real, 1143 MB
[runlim] sample:		5068.96 time, 2500.02 real, 1143 MB
[runlim] sample:		5089.24 time, 2510.02 real, 1144 MB
[runlim] sample:		5109.52 time, 2520.02 real, 1145 MB
[runlim] sample:		5129.79 time, 2530.02 real, 1157 MB
[runlim] sample:		5150.08 time, 2540.02 real, 1157 MB
[runlim] sample:		5170.37 time, 2550.02 real, 1163 MB
[runlim] sample:		5190.64 time, 2560.02 real, 1168 MB
[runlim] sample:		5210.92 time, 2570.02 real, 1163 MB
[runlim] sample:		5231.19 time, 2580.02 real, 1152 MB
[runlim] sample:		5251.45 time, 2590.02 real, 1152 MB
[runlim] sample:		5271.73 time, 2600.02 real, 1152 MB
[runlim] sample:		5292.01 time, 2610.02 real, 1160 MB
[runlim] sample:		5312.29 time, 2620.02 real, 1164 MB
[runlim] sample:		5332.56 time, 2630.02 real, 1164 MB
[runlim] sample:		5352.84 time, 2640.02 real, 1182 MB
[runlim] sample:		5373.12 time, 2650.02 real, 1123 MB
[runlim] sample:		5393.40 time, 2660.02 real, 1162 MB
[runlim] sample:		5413.68 time, 2670.02 real, 1176 MB
[runlim] sample:		5433.96 time, 2680.02 real, 1176 MB
[runlim] sample:		5454.23 time, 2690.02 real, 1176 MB
[runlim] sample:		5474.50 time, 2700.02 real, 1188 MB
[runlim] sample:		5494.78 time, 2710.02 real, 1188 MB
[runlim] sample:		5515.07 time, 2720.02 real, 1188 MB
[runlim] sample:		5535.33 time, 2730.02 real, 1187 MB
[runlim] sample:		5555.61 time, 2740.02 real, 1188 MB
[runlim] sample:		5575.89 time, 2750.02 real, 1196 MB
[runlim] sample:		5596.17 time, 2760.02 real, 1196 MB
[runlim] sample:		5616.43 time, 2770.02 real, 1195 MB
[runlim] sample:		5636.71 time, 2780.02 real, 1190 MB
[runlim] sample:		5656.98 time, 2790.02 real, 1190 MB
[runlim] sample:		5677.28 time, 2800.02 real, 1183 MB
[runlim] sample:		5697.54 time, 2810.02 real, 1183 MB
[runlim] sample:		5717.80 time, 2820.02 real, 1183 MB
[runlim] sample:		5738.10 time, 2830.02 real, 1183 MB
[runlim] sample:		5758.37 time, 2840.02 real, 1194 MB
[runlim] sample:		5778.66 time, 2850.02 real, 1143 MB
[runlim] sample:		5798.94 time, 2860.02 real, 1143 MB
[runlim] sample:		5819.20 time, 2870.02 real, 1205 MB
[runlim] sample:		5839.49 time, 2880.02 real, 1206 MB
[runlim] sample:		5859.75 time, 2890.02 real, 1202 MB
[runlim] sample:		5880.04 time, 2900.02 real, 1202 MB
[runlim] sample:		5900.33 time, 2910.02 real, 1202 MB
[runlim] sample:		5920.61 time, 2920.02 real, 1212 MB
[runlim] sample:		5940.86 time, 2930.02 real, 1212 MB
[runlim] sample:		5961.14 time, 2940.02 real, 1212 MB
[runlim] sample:		5981.42 time, 2950.02 real, 1212 MB
[runlim] sample:		6001.71 time, 2960.02 real, 1218 MB
[runlim] sample:		6021.98 time, 2970.02 real, 1225 MB
[runlim] sample:		6042.25 time, 2980.02 real, 1226 MB
[runlim] sample:		6062.55 time, 2990.02 real, 1255 MB
[runlim] sample:		6082.82 time, 3000.02 real, 1226 MB
[runlim] sample:		6103.09 time, 3010.02 real, 1251 MB
[runlim] sample:		6123.36 time, 3020.02 real, 1226 MB
[runlim] sample:		6143.66 time, 3030.02 real, 1227 MB
[runlim] sample:		6163.93 time, 3040.02 real, 1227 MB
[runlim] sample:		6184.19 time, 3050.02 real, 1257 MB
[runlim] sample:		6204.47 time, 3060.02 real, 1190 MB
[runlim] sample:		6224.75 time, 3070.02 real, 1191 MB
[runlim] sample:		6245.04 time, 3080.02 real, 1249 MB
[runlim] sample:		6265.30 time, 3090.02 real, 1249 MB
[runlim] sample:		6285.59 time, 3100.02 real, 1252 MB
[runlim] sample:		6305.86 time, 3110.02 real, 1263 MB
[runlim] sample:		6326.13 time, 3120.02 real, 1263 MB
[runlim] sample:		6346.42 time, 3130.02 real, 1266 MB
[runlim] sample:		6366.69 time, 3140.02 real, 1267 MB
[runlim] sample:		6386.96 time, 3150.02 real, 1268 MB
[runlim] sample:		6407.23 time, 3160.02 real, 1272 MB
[runlim] sample:		6427.52 time, 3170.02 real, 1273 MB
[runlim] sample:		6447.79 time, 3180.02 real, 1272 MB
[runlim] sample:		6468.07 time, 3190.02 real, 1283 MB
[runlim] sample:		6488.34 time, 3200.02 real, 1285 MB
[runlim] sample:		6508.62 time, 3210.02 real, 1287 MB
[runlim] sample:		6528.90 time, 3220.02 real, 1277 MB
[runlim] sample:		6549.16 time, 3230.02 real, 1280 MB
[runlim] sample:		6569.44 time, 3240.02 real, 1280 MB
[runlim] sample:		6589.71 time, 3250.02 real, 1281 MB
[runlim] sample:		6609.99 time, 3260.02 real, 1290 MB
[runlim] sample:		6630.27 time, 3270.02 real, 1236 MB
[runlim] sample:		6650.54 time, 3280.01 real, 1237 MB
[runlim] sample:		6670.82 time, 3290.02 real, 1237 MB
[runlim] sample:		6691.09 time, 3300.02 real, 1243 MB
[runlim] sample:		6711.36 time, 3310.02 real, 1256 MB
[runlim] sample:		6731.64 time, 3320.02 real, 1261 MB
[runlim] sample:		6751.93 time, 3330.02 real, 1263 MB
[runlim] sample:		6772.19 time, 3340.02 real, 1276 MB
[runlim] sample:		6792.47 time, 3350.02 real, 1278 MB
[runlim] sample:		6812.74 time, 3360.02 real, 1305 MB
[runlim] sample:		6833.03 time, 3370.02 real, 1307 MB
[runlim] sample:		6853.30 time, 3380.02 real, 1308 MB
[runlim] sample:		6873.57 time, 3390.02 real, 1311 MB
[runlim] sample:		6893.85 time, 3400.02 real, 1320 MB
[runlim] sample:		6914.14 time, 3410.02 real, 1320 MB
[runlim] sample:		6934.41 time, 3420.02 real, 1327 MB
[runlim] sample:		6954.68 time, 3430.02 real, 1314 MB
[runlim] sample:		6974.96 time, 3440.02 real, 1322 MB
[runlim] sample:		6995.23 time, 3450.02 real, 1322 MB
[runlim] sample:		7015.50 time, 3460.02 real, 1323 MB
[runlim] sample:		7035.78 time, 3470.02 real, 1328 MB
[runlim] sample:		7056.07 time, 3480.02 real, 1328 MB
[runlim] sample:		7076.35 time, 3490.02 real, 1358 MB
[runlim] sample:		7096.61 time, 3500.02 real, 1331 MB
[runlim] sample:		7116.90 time, 3510.02 real, 1339 MB
[runlim] sample:		7137.16 time, 3520.02 real, 1339 MB
[runlim] sample:		7157.45 time, 3530.02 real, 1360 MB
[runlim] sample:		7177.72 time, 3540.02 real, 1361 MB
[runlim] sample:		7198.01 time, 3550.02 real, 1361 MB
[runlim] sample:		7218.28 time, 3560.02 real, 1366 MB
[runlim] sample:		7238.56 time, 3570.02 real, 1366 MB
[runlim] sample:		7258.82 time, 3580.02 real, 1371 MB
[runlim] sample:		7279.12 time, 3590.02 real, 1374 MB
[runlim] sample:		7299.37 time, 3600.02 real, 1374 MB
[runlim] end:			Wed Oct 16 23:07:12 2019
[runlim] status:		out of time
[runlim] result:		2
[runlim] children:		4
[runlim] real:			3600.10 seconds
[runlim] time:			7299.37 seconds
[runlim] space:			1434 MB
[runlim] samples:		36000
