[runlim] version:		1.17
[runlim] host:			c3n02
[runlim] time limit:		311040000 seconds
[runlim] real time limit:	3600 seconds
[runlim] space limit:		120000 MB
[runlim] argv[0]:		./run-cosa2.sh
[runlim] argv[1]:		/tmp/SLfUP6YM.btor
[runlim] start:			Wed Oct 16 20:16:04 2019
[runlim] child:			32157
[runlim] sample:		20.17 time, 10.02 real, 230 MB
[runlim] sample:		40.44 time, 20.02 real, 281 MB
[runlim] sample:		60.71 time, 30.02 real, 348 MB
[runlim] sample:		81.00 time, 40.02 real, 362 MB
[runlim] sample:		101.27 time, 50.02 real, 422 MB
[runlim] sample:		121.53 time, 60.02 real, 484 MB
[runlim] sample:		141.82 time, 70.02 real, 476 MB
[runlim] sample:		162.09 time, 80.02 real, 516 MB
[runlim] sample:		182.34 time, 90.02 real, 533 MB
[runlim] sample:		202.63 time, 100.02 real, 543 MB
[runlim] sample:		222.90 time, 110.02 real, 591 MB
[runlim] sample:		243.19 time, 120.02 real, 603 MB
[runlim] sample:		263.45 time, 130.02 real, 659 MB
[runlim] sample:		283.72 time, 140.02 real, 667 MB
[runlim] sample:		303.99 time, 150.02 real, 681 MB
[runlim] sample:		324.27 time, 160.02 real, 694 MB
[runlim] sample:		344.55 time, 170.02 real, 698 MB
[runlim] sample:		364.83 time, 180.02 real, 742 MB
[runlim] sample:		385.09 time, 190.02 real, 798 MB
[runlim] sample:		405.37 time, 200.02 real, 799 MB
[runlim] sample:		425.64 time, 210.02 real, 815 MB
[runlim] sample:		445.92 time, 220.02 real, 853 MB
[runlim] sample:		466.19 time, 230.02 real, 888 MB
[runlim] sample:		486.46 time, 240.02 real, 877 MB
[runlim] sample:		506.72 time, 250.02 real, 867 MB
[runlim] sample:		527.00 time, 260.02 real, 940 MB
[runlim] sample:		547.28 time, 270.02 real, 970 MB
[runlim] sample:		567.55 time, 280.02 real, 992 MB
[runlim] sample:		587.82 time, 290.02 real, 1024 MB
[runlim] sample:		608.08 time, 300.02 real, 1035 MB
[runlim] sample:		628.35 time, 310.02 real, 1064 MB
[runlim] sample:		648.63 time, 320.02 real, 1070 MB
[runlim] sample:		668.90 time, 330.02 real, 1073 MB
[runlim] sample:		689.18 time, 340.02 real, 1080 MB
[runlim] sample:		709.44 time, 350.02 real, 1098 MB
[runlim] sample:		729.71 time, 360.02 real, 1132 MB
[runlim] sample:		749.97 time, 370.02 real, 1123 MB
[runlim] sample:		770.24 time, 380.02 real, 1125 MB
[runlim] sample:		790.52 time, 390.02 real, 1146 MB
[runlim] sample:		810.78 time, 400.02 real, 1158 MB
[runlim] sample:		831.07 time, 410.02 real, 1160 MB
[runlim] sample:		851.34 time, 420.02 real, 1169 MB
[runlim] sample:		871.60 time, 430.02 real, 1181 MB
[runlim] sample:		891.88 time, 440.01 real, 1277 MB
[runlim] sample:		912.15 time, 450.02 real, 1268 MB
[runlim] sample:		932.42 time, 460.02 real, 1280 MB
[runlim] sample:		952.69 time, 470.02 real, 1260 MB
[runlim] sample:		972.97 time, 480.02 real, 1309 MB
[runlim] sample:		993.25 time, 490.02 real, 1310 MB
[runlim] sample:		1013.52 time, 500.02 real, 1331 MB
[runlim] sample:		1033.79 time, 510.02 real, 1366 MB
[runlim] sample:		1054.06 time, 520.02 real, 1373 MB
[runlim] sample:		1074.34 time, 530.02 real, 1407 MB
[runlim] sample:		1094.61 time, 540.02 real, 1428 MB
[runlim] sample:		1114.88 time, 550.01 real, 1449 MB
[runlim] sample:		1135.16 time, 560.02 real, 1475 MB
[runlim] sample:		1155.42 time, 570.01 real, 1492 MB
[runlim] sample:		1175.69 time, 580.02 real, 1521 MB
[runlim] sample:		1195.98 time, 590.02 real, 1545 MB
[runlim] sample:		1216.25 time, 600.02 real, 1589 MB
[runlim] sample:		1236.54 time, 610.02 real, 1582 MB
[runlim] sample:		1256.80 time, 620.01 real, 1615 MB
[runlim] sample:		1277.07 time, 630.02 real, 1644 MB
[runlim] sample:		1297.35 time, 640.02 real, 1707 MB
[runlim] sample:		1317.63 time, 650.01 real, 1734 MB
[runlim] sample:		1337.91 time, 660.02 real, 1739 MB
[runlim] sample:		1358.18 time, 670.02 real, 1755 MB
[runlim] sample:		1378.45 time, 680.02 real, 1839 MB
[runlim] sample:		1398.72 time, 690.01 real, 1844 MB
[runlim] sample:		1418.99 time, 700.01 real, 1844 MB
[runlim] sample:		1439.27 time, 710.02 real, 1848 MB
[runlim] sample:		1459.54 time, 720.01 real, 1848 MB
[runlim] sample:		1479.81 time, 730.02 real, 1849 MB
[runlim] sample:		1500.09 time, 740.02 real, 1822 MB
[runlim] sample:		1520.37 time, 750.02 real, 1839 MB
[runlim] sample:		1540.63 time, 760.02 real, 1879 MB
[runlim] sample:		1560.90 time, 770.02 real, 1859 MB
[runlim] sample:		1581.17 time, 780.02 real, 1864 MB
[runlim] sample:		1601.45 time, 790.02 real, 1868 MB
[runlim] sample:		1621.73 time, 800.02 real, 1877 MB
[runlim] sample:		1642.00 time, 810.02 real, 1881 MB
[runlim] sample:		1662.27 time, 820.02 real, 1882 MB
[runlim] sample:		1682.55 time, 830.02 real, 1883 MB
[runlim] sample:		1702.83 time, 840.02 real, 1884 MB
[runlim] sample:		1723.09 time, 850.02 real, 1916 MB
[runlim] sample:		1743.36 time, 860.02 real, 1963 MB
[runlim] sample:		1763.64 time, 870.02 real, 1938 MB
[runlim] sample:		1783.91 time, 880.02 real, 1938 MB
[runlim] sample:		1804.19 time, 890.02 real, 1938 MB
[runlim] sample:		1824.45 time, 900.02 real, 1939 MB
[runlim] sample:		1844.73 time, 910.02 real, 1941 MB
[runlim] sample:		1865.01 time, 920.02 real, 1943 MB
[runlim] sample:		1885.29 time, 930.02 real, 1944 MB
[runlim] sample:		1905.56 time, 940.02 real, 1944 MB
[runlim] sample:		1925.83 time, 950.02 real, 1989 MB
[runlim] sample:		1946.10 time, 960.02 real, 1927 MB
[runlim] sample:		1966.38 time, 970.02 real, 1937 MB
[runlim] sample:		1986.65 time, 980.02 real, 1971 MB
[runlim] sample:		2006.92 time, 990.02 real, 1988 MB
[runlim] sample:		2027.19 time, 1000.02 real, 1989 MB
[runlim] sample:		2047.46 time, 1010.02 real, 2037 MB
[runlim] sample:		2067.74 time, 1020.02 real, 2075 MB
[runlim] sample:		2088.00 time, 1030.02 real, 2083 MB
[runlim] sample:		2108.28 time, 1040.02 real, 2093 MB
[runlim] sample:		2128.54 time, 1050.02 real, 2120 MB
[runlim] sample:		2148.82 time, 1060.02 real, 2136 MB
[runlim] sample:		2169.10 time, 1070.02 real, 2192 MB
[runlim] sample:		2189.37 time, 1080.02 real, 2207 MB
[runlim] sample:		2209.65 time, 1090.02 real, 2240 MB
[runlim] sample:		2229.92 time, 1100.02 real, 2307 MB
[runlim] sample:		2250.20 time, 1110.02 real, 2330 MB
[runlim] sample:		2270.47 time, 1120.02 real, 2350 MB
[runlim] sample:		2290.74 time, 1130.02 real, 2384 MB
[runlim] sample:		2311.02 time, 1140.02 real, 2398 MB
[runlim] sample:		2331.30 time, 1150.02 real, 2408 MB
[runlim] sample:		2351.58 time, 1160.02 real, 2429 MB
[runlim] sample:		2371.85 time, 1170.02 real, 2479 MB
[runlim] sample:		2392.12 time, 1180.02 real, 2490 MB
[runlim] sample:		2412.38 time, 1190.02 real, 2436 MB
[runlim] sample:		2432.65 time, 1200.02 real, 2455 MB
[runlim] sample:		2452.93 time, 1210.02 real, 2459 MB
[runlim] sample:		2473.20 time, 1220.02 real, 2460 MB
[runlim] sample:		2493.48 time, 1230.02 real, 2469 MB
[runlim] sample:		2513.75 time, 1240.02 real, 2483 MB
[runlim] sample:		2534.03 time, 1250.02 real, 2484 MB
[runlim] sample:		2554.29 time, 1260.02 real, 2486 MB
[runlim] sample:		2574.58 time, 1270.02 real, 2490 MB
[runlim] sample:		2594.86 time, 1280.02 real, 2491 MB
[runlim] sample:		2615.13 time, 1290.02 real, 2458 MB
[runlim] sample:		2635.41 time, 1300.02 real, 2527 MB
[runlim] sample:		2655.68 time, 1310.02 real, 2540 MB
[runlim] sample:		2675.95 time, 1320.02 real, 2570 MB
[runlim] sample:		2696.22 time, 1330.02 real, 2576 MB
[runlim] sample:		2716.50 time, 1340.02 real, 2623 MB
[runlim] sample:		2736.78 time, 1350.02 real, 2743 MB
[runlim] sample:		2757.04 time, 1360.02 real, 2790 MB
[runlim] sample:		2777.31 time, 1370.02 real, 2825 MB
[runlim] sample:		2797.58 time, 1380.02 real, 2843 MB
[runlim] sample:		2817.85 time, 1390.02 real, 2855 MB
[runlim] sample:		2838.12 time, 1400.02 real, 2856 MB
[runlim] sample:		2858.39 time, 1410.02 real, 2856 MB
[runlim] sample:		2878.68 time, 1420.02 real, 2864 MB
[runlim] sample:		2898.94 time, 1430.02 real, 2923 MB
[runlim] sample:		2919.21 time, 1440.01 real, 2894 MB
[runlim] sample:		2939.48 time, 1450.02 real, 2910 MB
[runlim] sample:		2959.76 time, 1460.02 real, 2927 MB
[runlim] sample:		2980.01 time, 1470.02 real, 2981 MB
[runlim] sample:		3000.28 time, 1480.02 real, 3001 MB
[runlim] sample:		3020.57 time, 1490.02 real, 3044 MB
[runlim] sample:		3040.84 time, 1500.02 real, 3059 MB
[runlim] sample:		3061.11 time, 1510.02 real, 3082 MB
[runlim] sample:		3081.38 time, 1520.02 real, 3098 MB
[runlim] sample:		3101.65 time, 1530.02 real, 3115 MB
[runlim] sample:		3121.92 time, 1540.02 real, 3131 MB
[runlim] sample:		3142.19 time, 1550.02 real, 3192 MB
[runlim] sample:		3162.46 time, 1560.02 real, 3210 MB
[runlim] sample:		3182.74 time, 1570.02 real, 3183 MB
[runlim] sample:		3203.00 time, 1580.02 real, 3201 MB
[runlim] sample:		3223.27 time, 1590.01 real, 3224 MB
[runlim] sample:		3243.54 time, 1600.02 real, 3235 MB
[runlim] sample:		3263.81 time, 1610.02 real, 3244 MB
[runlim] sample:		3284.07 time, 1620.02 real, 3254 MB
[runlim] sample:		3304.36 time, 1630.02 real, 3279 MB
[runlim] sample:		3324.63 time, 1640.02 real, 3279 MB
[runlim] sample:		3344.90 time, 1650.02 real, 3280 MB
[runlim] sample:		3365.17 time, 1660.02 real, 3280 MB
[runlim] sample:		3385.45 time, 1670.02 real, 3280 MB
[runlim] sample:		3405.72 time, 1680.02 real, 3362 MB
[runlim] sample:		3426.00 time, 1690.02 real, 3326 MB
[runlim] sample:		3446.28 time, 1700.02 real, 3328 MB
[runlim] sample:		3466.53 time, 1710.02 real, 3328 MB
[runlim] sample:		3486.81 time, 1720.02 real, 3360 MB
[runlim] sample:		3507.09 time, 1730.02 real, 3360 MB
[runlim] sample:		3527.38 time, 1740.02 real, 3361 MB
[runlim] sample:		3547.65 time, 1750.02 real, 3299 MB
[runlim] sample:		3567.93 time, 1760.02 real, 3317 MB
[runlim] sample:		3588.19 time, 1770.02 real, 3316 MB
[runlim] sample:		3608.45 time, 1780.02 real, 3322 MB
[runlim] sample:		3628.73 time, 1790.02 real, 3322 MB
[runlim] sample:		3649.01 time, 1800.02 real, 3327 MB
[runlim] sample:		3669.29 time, 1810.02 real, 3330 MB
[runlim] sample:		3689.54 time, 1820.02 real, 3352 MB
[runlim] sample:		3709.83 time, 1830.02 real, 3334 MB
[runlim] sample:		3730.09 time, 1840.02 real, 3394 MB
[runlim] sample:		3750.37 time, 1850.01 real, 3398 MB
[runlim] sample:		3770.65 time, 1860.02 real, 3398 MB
[runlim] sample:		3790.93 time, 1870.02 real, 3398 MB
[runlim] sample:		3811.20 time, 1880.01 real, 3320 MB
[runlim] sample:		3831.47 time, 1890.02 real, 3334 MB
[runlim] sample:		3851.74 time, 1900.02 real, 3338 MB
[runlim] sample:		3872.00 time, 1910.02 real, 3338 MB
[runlim] sample:		3892.29 time, 1920.02 real, 3338 MB
[runlim] sample:		3912.55 time, 1930.02 real, 3338 MB
[runlim] sample:		3932.84 time, 1940.02 real, 3338 MB
[runlim] sample:		3953.10 time, 1950.02 real, 3378 MB
[runlim] sample:		3973.37 time, 1960.02 real, 3378 MB
[runlim] sample:		3993.65 time, 1970.02 real, 3395 MB
[runlim] sample:		4013.93 time, 1980.02 real, 3403 MB
[runlim] sample:		4034.21 time, 1990.01 real, 3405 MB
[runlim] sample:		4054.47 time, 2000.01 real, 3439 MB
[runlim] sample:		4074.74 time, 2010.02 real, 3440 MB
[runlim] sample:		4095.02 time, 2020.02 real, 3440 MB
[runlim] sample:		4115.28 time, 2030.01 real, 3440 MB
[runlim] sample:		4135.56 time, 2040.02 real, 3440 MB
[runlim] sample:		4155.83 time, 2050.02 real, 3406 MB
[runlim] sample:		4176.09 time, 2060.02 real, 3406 MB
[runlim] sample:		4196.38 time, 2070.02 real, 3406 MB
[runlim] sample:		4216.64 time, 2080.02 real, 3406 MB
[runlim] sample:		4236.90 time, 2090.02 real, 3406 MB
[runlim] sample:		4257.19 time, 2100.02 real, 3406 MB
[runlim] sample:		4277.46 time, 2110.02 real, 3406 MB
[runlim] sample:		4297.72 time, 2120.02 real, 3411 MB
[runlim] sample:		4318.00 time, 2130.02 real, 3447 MB
[runlim] sample:		4338.27 time, 2140.02 real, 3416 MB
[runlim] sample:		4358.53 time, 2150.01 real, 3416 MB
[runlim] sample:		4378.79 time, 2160.02 real, 3417 MB
[runlim] sample:		4399.08 time, 2170.01 real, 3418 MB
[runlim] sample:		4419.34 time, 2180.02 real, 3458 MB
[runlim] sample:		4439.61 time, 2190.02 real, 3458 MB
[runlim] sample:		4459.89 time, 2200.02 real, 3458 MB
[runlim] sample:		4480.15 time, 2210.02 real, 3458 MB
[runlim] sample:		4500.42 time, 2220.02 real, 3458 MB
[runlim] sample:		4520.71 time, 2230.02 real, 3458 MB
[runlim] sample:		4540.97 time, 2240.02 real, 3463 MB
[runlim] sample:		4561.24 time, 2250.02 real, 3463 MB
[runlim] sample:		4581.52 time, 2260.02 real, 3463 MB
[runlim] sample:		4601.81 time, 2270.02 real, 3463 MB
[runlim] sample:		4622.07 time, 2280.02 real, 3478 MB
[runlim] sample:		4642.35 time, 2290.02 real, 3513 MB
[runlim] sample:		4662.62 time, 2300.01 real, 3449 MB
[runlim] sample:		4682.88 time, 2310.01 real, 3490 MB
[runlim] sample:		4703.17 time, 2320.02 real, 3490 MB
[runlim] sample:		4723.44 time, 2330.02 real, 3490 MB
[runlim] sample:		4743.71 time, 2340.02 real, 3490 MB
[runlim] sample:		4763.98 time, 2350.02 real, 3492 MB
[runlim] sample:		4784.25 time, 2360.02 real, 3496 MB
[runlim] sample:		4804.51 time, 2370.02 real, 3476 MB
[runlim] sample:		4824.78 time, 2380.02 real, 3481 MB
[runlim] sample:		4845.05 time, 2390.02 real, 3482 MB
[runlim] sample:		4865.34 time, 2400.02 real, 3484 MB
[runlim] sample:		4885.61 time, 2410.02 real, 3488 MB
[runlim] sample:		4905.89 time, 2420.02 real, 3495 MB
[runlim] sample:		4926.16 time, 2430.02 real, 3503 MB
[runlim] sample:		4946.43 time, 2440.02 real, 3554 MB
[runlim] sample:		4966.71 time, 2450.02 real, 3556 MB
[runlim] sample:		4986.97 time, 2460.02 real, 3628 MB
[runlim] sample:		5007.24 time, 2470.02 real, 3611 MB
[runlim] end:			Wed Oct 16 20:57:17 2019
[runlim] status:		ok
[runlim] result:		0
[runlim] children:		4
[runlim] real:			2472.68 seconds
[runlim] time:			5012.51 seconds
[runlim] space:			3644 MB
[runlim] samples:		24726
