[runlim] version:		1.17
[runlim] host:			c3n01
[runlim] time limit:		311040000 seconds
[runlim] real time limit:	3600 seconds
[runlim] space limit:		120000 MB
[runlim] argv[0]:		./run-cosa2.sh
[runlim] argv[1]:		/tmp/y0i0tBUk.btor
[runlim] start:			Wed Oct 16 20:40:49 2019
[runlim] child:			6414
[runlim] sample:		20.18 time, 10.02 real, 238 MB
[runlim] sample:		40.45 time, 20.02 real, 323 MB
[runlim] sample:		60.72 time, 30.02 real, 384 MB
[runlim] sample:		81.00 time, 40.02 real, 466 MB
[runlim] sample:		101.27 time, 50.02 real, 505 MB
[runlim] sample:		121.55 time, 60.02 real, 536 MB
[runlim] sample:		141.84 time, 70.02 real, 596 MB
[runlim] sample:		162.09 time, 80.02 real, 634 MB
[runlim] sample:		182.37 time, 90.02 real, 687 MB
[runlim] sample:		202.65 time, 100.02 real, 714 MB
[runlim] sample:		222.93 time, 110.02 real, 740 MB
[runlim] sample:		243.22 time, 120.02 real, 765 MB
[runlim] sample:		263.48 time, 130.02 real, 803 MB
[runlim] sample:		283.76 time, 140.02 real, 816 MB
[runlim] sample:		304.03 time, 150.02 real, 869 MB
[runlim] sample:		324.30 time, 160.02 real, 895 MB
[runlim] sample:		344.58 time, 170.02 real, 941 MB
[runlim] sample:		364.86 time, 180.02 real, 959 MB
[runlim] sample:		385.13 time, 190.02 real, 963 MB
[runlim] sample:		405.41 time, 200.02 real, 967 MB
[runlim] sample:		425.67 time, 210.02 real, 988 MB
[runlim] sample:		445.95 time, 220.02 real, 1028 MB
[runlim] sample:		466.23 time, 230.02 real, 1038 MB
[runlim] sample:		486.52 time, 240.02 real, 1042 MB
[runlim] sample:		506.78 time, 250.02 real, 1133 MB
[runlim] sample:		527.06 time, 260.02 real, 1137 MB
[runlim] sample:		547.33 time, 270.02 real, 1198 MB
[runlim] sample:		567.63 time, 280.02 real, 1160 MB
[runlim] sample:		587.89 time, 290.02 real, 1172 MB
[runlim] sample:		608.17 time, 300.02 real, 1201 MB
[runlim] sample:		628.45 time, 310.02 real, 1202 MB
[runlim] sample:		648.72 time, 320.02 real, 1201 MB
[runlim] sample:		668.99 time, 330.02 real, 1277 MB
[runlim] sample:		689.26 time, 340.02 real, 1258 MB
[runlim] end:			Wed Oct 16 20:46:30 2019
[runlim] status:		ok
[runlim] result:		0
[runlim] children:		4
[runlim] real:			341.19 seconds
[runlim] time:			691.50 seconds
[runlim] space:			1314 MB
[runlim] samples:		3411
