[runlim] version:		1.17
[runlim] host:			c3n29
[runlim] time limit:		311040000 seconds
[runlim] real time limit:	3600 seconds
[runlim] space limit:		120000 MB
[runlim] argv[0]:		./run-cosa2.sh
[runlim] argv[1]:		/tmp/9GMnZ8XG.btor
[runlim] start:			Wed Oct 16 21:52:33 2019
[runlim] child:			22855
[runlim] sample:		20.17 time, 10.02 real, 332 MB
[runlim] sample:		40.45 time, 20.02 real, 354 MB
[runlim] sample:		60.71 time, 30.02 real, 403 MB
[runlim] sample:		81.00 time, 40.02 real, 486 MB
[runlim] sample:		101.27 time, 50.02 real, 579 MB
[runlim] sample:		121.54 time, 60.02 real, 550 MB
[runlim] sample:		141.81 time, 70.01 real, 597 MB
[runlim] sample:		162.09 time, 80.02 real, 598 MB
[runlim] sample:		182.37 time, 90.01 real, 613 MB
[runlim] sample:		202.63 time, 100.01 real, 665 MB
[runlim] sample:		222.91 time, 110.02 real, 2531 MB
[runlim] sample:		243.20 time, 120.01 real, 2598 MB
[runlim] sample:		263.46 time, 130.01 real, 2842 MB
[runlim] sample:		283.73 time, 140.01 real, 3042 MB
[runlim] sample:		304.01 time, 150.01 real, 3009 MB
[runlim] sample:		324.27 time, 160.01 real, 3011 MB
[runlim] sample:		344.54 time, 170.01 real, 3038 MB
[runlim] sample:		364.81 time, 180.01 real, 3044 MB
[runlim] sample:		385.09 time, 190.01 real, 3000 MB
[runlim] sample:		405.36 time, 200.01 real, 3036 MB
[runlim] sample:		425.65 time, 210.01 real, 3095 MB
[runlim] sample:		445.91 time, 220.01 real, 3076 MB
[runlim] sample:		466.17 time, 230.01 real, 3120 MB
[runlim] sample:		486.45 time, 240.02 real, 3151 MB
[runlim] sample:		506.72 time, 250.02 real, 3152 MB
[runlim] sample:		526.98 time, 260.01 real, 3063 MB
[runlim] sample:		547.20 time, 270.02 real, 3095 MB
[runlim] sample:		567.44 time, 280.01 real, 3098 MB
[runlim] sample:		587.70 time, 290.01 real, 3125 MB
[runlim] sample:		607.97 time, 300.01 real, 3158 MB
[runlim] sample:		628.24 time, 310.01 real, 3159 MB
[runlim] sample:		648.50 time, 320.02 real, 3168 MB
[runlim] sample:		668.76 time, 330.02 real, 3173 MB
[runlim] sample:		689.03 time, 340.02 real, 3159 MB
[runlim] sample:		709.29 time, 350.02 real, 3160 MB
[runlim] sample:		729.58 time, 360.01 real, 3146 MB
[runlim] sample:		749.84 time, 370.01 real, 3149 MB
[runlim] sample:		770.12 time, 380.02 real, 3180 MB
[runlim] sample:		790.39 time, 390.01 real, 3184 MB
[runlim] sample:		810.66 time, 400.01 real, 3182 MB
[runlim] sample:		830.94 time, 410.01 real, 3222 MB
[runlim] sample:		851.21 time, 420.01 real, 3189 MB
[runlim] sample:		871.49 time, 430.02 real, 3191 MB
[runlim] sample:		891.77 time, 440.01 real, 3173 MB
[runlim] sample:		912.04 time, 450.01 real, 3207 MB
[runlim] sample:		932.31 time, 460.01 real, 3209 MB
[runlim] sample:		952.59 time, 470.01 real, 3210 MB
[runlim] sample:		972.87 time, 480.02 real, 3211 MB
[runlim] sample:		993.15 time, 490.01 real, 3216 MB
[runlim] sample:		1013.41 time, 500.01 real, 3219 MB
[runlim] sample:		1033.68 time, 510.01 real, 3220 MB
[runlim] sample:		1053.95 time, 520.01 real, 3226 MB
[runlim] sample:		1074.23 time, 530.01 real, 3195 MB
[runlim] sample:		1094.50 time, 540.02 real, 3233 MB
[runlim] sample:		1114.77 time, 550.01 real, 3238 MB
[runlim] sample:		1135.04 time, 560.01 real, 3239 MB
[runlim] sample:		1155.31 time, 570.01 real, 3243 MB
[runlim] sample:		1175.59 time, 580.01 real, 3245 MB
[runlim] sample:		1195.87 time, 590.01 real, 3212 MB
[runlim] sample:		1216.13 time, 600.01 real, 3254 MB
[runlim] sample:		1236.41 time, 610.01 real, 3256 MB
[runlim] sample:		1256.67 time, 620.01 real, 3268 MB
[runlim] sample:		1276.95 time, 630.01 real, 3281 MB
[runlim] sample:		1297.23 time, 640.01 real, 3284 MB
[runlim] sample:		1317.49 time, 650.01 real, 3287 MB
[runlim] sample:		1337.78 time, 660.01 real, 3288 MB
[runlim] sample:		1358.05 time, 670.02 real, 3291 MB
[runlim] sample:		1378.31 time, 680.01 real, 3293 MB
[runlim] sample:		1398.59 time, 690.01 real, 3296 MB
[runlim] sample:		1418.88 time, 700.01 real, 3294 MB
[runlim] sample:		1439.13 time, 710.01 real, 3338 MB
[runlim] sample:		1459.39 time, 720.01 real, 3340 MB
[runlim] sample:		1479.69 time, 730.02 real, 3326 MB
[runlim] sample:		1499.96 time, 740.02 real, 3289 MB
[runlim] sample:		1520.23 time, 750.01 real, 3328 MB
[runlim] sample:		1540.51 time, 760.02 real, 3294 MB
[runlim] sample:		1560.79 time, 770.02 real, 3294 MB
[runlim] sample:		1581.05 time, 780.02 real, 3294 MB
[runlim] sample:		1601.31 time, 790.02 real, 3294 MB
[runlim] sample:		1621.60 time, 800.02 real, 3296 MB
[runlim] sample:		1641.87 time, 810.02 real, 3296 MB
[runlim] sample:		1662.14 time, 820.02 real, 3296 MB
[runlim] sample:		1682.40 time, 830.01 real, 3294 MB
[runlim] sample:		1702.68 time, 840.01 real, 3294 MB
[runlim] sample:		1722.95 time, 850.01 real, 3294 MB
[runlim] sample:		1743.23 time, 860.01 real, 3295 MB
[runlim] sample:		1763.49 time, 870.02 real, 3299 MB
[runlim] sample:		1783.77 time, 880.01 real, 3299 MB
[runlim] sample:		1804.03 time, 890.01 real, 3299 MB
[runlim] sample:		1824.31 time, 900.01 real, 3299 MB
[runlim] sample:		1844.58 time, 910.02 real, 3299 MB
[runlim] sample:		1864.85 time, 920.01 real, 3299 MB
[runlim] sample:		1885.12 time, 930.01 real, 3347 MB
[runlim] sample:		1905.39 time, 940.01 real, 3347 MB
[runlim] sample:		1925.65 time, 950.01 real, 3300 MB
[runlim] sample:		1945.92 time, 960.02 real, 3300 MB
[runlim] sample:		1966.19 time, 970.02 real, 3300 MB
[runlim] sample:		1986.47 time, 980.02 real, 3297 MB
[runlim] sample:		2006.72 time, 990.02 real, 3299 MB
[runlim] sample:		2027.00 time, 1000.02 real, 3306 MB
[runlim] sample:		2047.27 time, 1010.01 real, 3306 MB
[runlim] sample:		2067.54 time, 1020.01 real, 3306 MB
[runlim] sample:		2087.83 time, 1030.01 real, 3306 MB
[runlim] sample:		2108.10 time, 1040.02 real, 3308 MB
[runlim] sample:		2128.35 time, 1050.02 real, 3308 MB
[runlim] sample:		2148.63 time, 1060.01 real, 3356 MB
[runlim] sample:		2168.90 time, 1070.01 real, 3356 MB
[runlim] sample:		2189.18 time, 1080.01 real, 3353 MB
[runlim] sample:		2209.45 time, 1090.01 real, 3313 MB
[runlim] sample:		2229.72 time, 1100.01 real, 3313 MB
[runlim] sample:		2249.98 time, 1110.01 real, 3324 MB
[runlim] sample:		2270.26 time, 1120.01 real, 3389 MB
[runlim] sample:		2290.51 time, 1130.01 real, 3389 MB
[runlim] sample:		2310.79 time, 1140.01 real, 3390 MB
[runlim] sample:		2331.07 time, 1150.01 real, 3340 MB
[runlim] sample:		2351.35 time, 1160.01 real, 3349 MB
[runlim] sample:		2371.61 time, 1170.01 real, 3349 MB
[runlim] sample:		2391.88 time, 1180.01 real, 3393 MB
[runlim] sample:		2412.15 time, 1190.01 real, 3393 MB
[runlim] sample:		2432.40 time, 1200.01 real, 3349 MB
[runlim] sample:		2452.68 time, 1210.01 real, 3349 MB
[runlim] sample:		2472.96 time, 1220.01 real, 3399 MB
[runlim] sample:		2493.23 time, 1230.01 real, 3399 MB
[runlim] sample:		2513.49 time, 1240.01 real, 3399 MB
[runlim] sample:		2533.75 time, 1250.01 real, 3349 MB
[runlim] sample:		2554.04 time, 1260.01 real, 3349 MB
[runlim] sample:		2574.30 time, 1270.01 real, 3349 MB
[runlim] sample:		2594.57 time, 1280.01 real, 3397 MB
[runlim] sample:		2614.83 time, 1290.01 real, 3397 MB
[runlim] sample:		2635.11 time, 1300.01 real, 3397 MB
[runlim] sample:		2655.39 time, 1310.01 real, 3402 MB
[runlim] sample:		2675.67 time, 1320.01 real, 3351 MB
[runlim] sample:		2695.93 time, 1330.01 real, 3395 MB
[runlim] sample:		2716.20 time, 1340.01 real, 3395 MB
[runlim] sample:		2736.47 time, 1350.01 real, 3395 MB
[runlim] sample:		2756.74 time, 1360.01 real, 3401 MB
[runlim] sample:		2777.00 time, 1370.01 real, 3401 MB
[runlim] sample:		2797.28 time, 1380.01 real, 3401 MB
[runlim] sample:		2817.56 time, 1390.02 real, 3402 MB
[runlim] sample:		2837.82 time, 1400.02 real, 3402 MB
[runlim] sample:		2858.08 time, 1410.02 real, 3400 MB
[runlim] sample:		2878.35 time, 1420.02 real, 3400 MB
[runlim] sample:		2898.64 time, 1430.02 real, 3400 MB
[runlim] sample:		2918.91 time, 1440.02 real, 3400 MB
[runlim] sample:		2939.18 time, 1450.02 real, 3403 MB
[runlim] sample:		2959.43 time, 1460.02 real, 3403 MB
[runlim] sample:		2979.71 time, 1470.01 real, 3402 MB
[runlim] sample:		2999.97 time, 1480.02 real, 3399 MB
[runlim] sample:		3020.25 time, 1490.01 real, 3399 MB
[runlim] sample:		3040.51 time, 1500.01 real, 3396 MB
[runlim] sample:		3060.78 time, 1510.01 real, 3396 MB
[runlim] sample:		3081.05 time, 1520.01 real, 3396 MB
[runlim] sample:		3101.31 time, 1530.02 real, 3401 MB
[runlim] sample:		3121.59 time, 1540.02 real, 3401 MB
[runlim] sample:		3141.87 time, 1550.01 real, 3406 MB
[runlim] sample:		3162.14 time, 1560.01 real, 3406 MB
[runlim] sample:		3182.39 time, 1570.01 real, 3406 MB
[runlim] sample:		3202.66 time, 1580.01 real, 3407 MB
[runlim] sample:		3222.93 time, 1590.01 real, 3407 MB
[runlim] sample:		3243.19 time, 1600.01 real, 3405 MB
[runlim] sample:		3263.47 time, 1610.01 real, 3403 MB
[runlim] sample:		3283.75 time, 1620.01 real, 3403 MB
[runlim] sample:		3304.01 time, 1630.01 real, 3403 MB
[runlim] sample:		3324.28 time, 1640.02 real, 3406 MB
[runlim] sample:		3344.54 time, 1650.01 real, 3406 MB
[runlim] sample:		3364.81 time, 1660.01 real, 3397 MB
[runlim] sample:		3385.09 time, 1670.01 real, 3401 MB
[runlim] sample:		3405.35 time, 1680.01 real, 3401 MB
[runlim] sample:		3425.62 time, 1690.01 real, 3410 MB
[runlim] sample:		3445.89 time, 1700.01 real, 3410 MB
[runlim] sample:		3466.16 time, 1710.01 real, 3410 MB
[runlim] sample:		3486.43 time, 1720.02 real, 3410 MB
[runlim] sample:		3506.72 time, 1730.01 real, 3410 MB
[runlim] sample:		3526.98 time, 1740.02 real, 3408 MB
[runlim] sample:		3547.24 time, 1750.02 real, 3408 MB
[runlim] sample:		3567.53 time, 1760.01 real, 3408 MB
[runlim] sample:		3587.82 time, 1770.02 real, 3408 MB
[runlim] sample:		3608.09 time, 1780.01 real, 3408 MB
[runlim] sample:		3628.36 time, 1790.01 real, 3414 MB
[runlim] sample:		3648.62 time, 1800.01 real, 3414 MB
[runlim] sample:		3668.89 time, 1810.01 real, 3414 MB
[runlim] sample:		3689.16 time, 1820.01 real, 3409 MB
[runlim] sample:		3709.43 time, 1830.01 real, 3409 MB
[runlim] sample:		3729.71 time, 1840.02 real, 3406 MB
[runlim] sample:		3749.99 time, 1850.02 real, 3412 MB
[runlim] sample:		3770.26 time, 1860.02 real, 3412 MB
[runlim] sample:		3790.55 time, 1870.02 real, 3407 MB
[runlim] sample:		3810.81 time, 1880.02 real, 3404 MB
[runlim] sample:		3831.08 time, 1890.02 real, 3404 MB
[runlim] sample:		3851.37 time, 1900.02 real, 3404 MB
[runlim] sample:		3871.64 time, 1910.02 real, 3409 MB
[runlim] sample:		3891.90 time, 1920.02 real, 3409 MB
[runlim] sample:		3912.17 time, 1930.02 real, 3414 MB
[runlim] sample:		3932.43 time, 1940.02 real, 3414 MB
[runlim] sample:		3952.71 time, 1950.02 real, 3414 MB
[runlim] sample:		3972.97 time, 1960.02 real, 3414 MB
[runlim] sample:		3993.25 time, 1970.02 real, 3414 MB
[runlim] sample:		4013.51 time, 1980.02 real, 3411 MB
[runlim] sample:		4033.77 time, 1990.02 real, 3411 MB
[runlim] sample:		4054.06 time, 2000.02 real, 3413 MB
[runlim] sample:		4074.32 time, 2010.02 real, 3413 MB
[runlim] sample:		4094.59 time, 2020.02 real, 3413 MB
[runlim] sample:		4114.86 time, 2030.02 real, 3413 MB
[runlim] sample:		4135.13 time, 2040.02 real, 3413 MB
[runlim] sample:		4155.41 time, 2050.02 real, 3428 MB
[runlim] sample:		4175.69 time, 2060.02 real, 3428 MB
[runlim] sample:		4195.95 time, 2070.02 real, 3423 MB
[runlim] sample:		4216.23 time, 2080.02 real, 3423 MB
[runlim] sample:		4236.49 time, 2090.02 real, 3423 MB
[runlim] sample:		4256.76 time, 2100.02 real, 3431 MB
[runlim] sample:		4277.03 time, 2110.01 real, 3431 MB
[runlim] sample:		4297.31 time, 2120.01 real, 3431 MB
[runlim] sample:		4317.57 time, 2130.01 real, 3432 MB
[runlim] sample:		4337.85 time, 2140.01 real, 3432 MB
[runlim] sample:		4358.11 time, 2150.01 real, 3432 MB
[runlim] sample:		4378.38 time, 2160.01 real, 3432 MB
[runlim] sample:		4398.64 time, 2170.01 real, 3432 MB
[runlim] sample:		4418.92 time, 2180.02 real, 3434 MB
[runlim] sample:		4439.19 time, 2190.02 real, 3434 MB
[runlim] sample:		4459.45 time, 2200.02 real, 3431 MB
[runlim] sample:		4479.73 time, 2210.02 real, 3432 MB
[runlim] sample:		4500.00 time, 2220.02 real, 3432 MB
[runlim] sample:		4520.26 time, 2230.02 real, 3432 MB
[runlim] sample:		4540.53 time, 2240.02 real, 3432 MB
[runlim] sample:		4560.81 time, 2250.02 real, 3431 MB
[runlim] sample:		4581.08 time, 2260.02 real, 3431 MB
[runlim] sample:		4601.35 time, 2270.02 real, 3432 MB
[runlim] sample:		4621.62 time, 2280.02 real, 3423 MB
[runlim] sample:		4641.90 time, 2290.02 real, 3423 MB
[runlim] sample:		4662.16 time, 2300.02 real, 3423 MB
[runlim] sample:		4682.44 time, 2310.02 real, 3423 MB
[runlim] sample:		4702.71 time, 2320.02 real, 3423 MB
[runlim] sample:		4722.98 time, 2330.02 real, 3434 MB
[runlim] sample:		4743.26 time, 2340.02 real, 3434 MB
[runlim] sample:		4763.53 time, 2350.02 real, 3434 MB
[runlim] sample:		4783.80 time, 2360.02 real, 3445 MB
[runlim] sample:		4804.06 time, 2370.02 real, 3445 MB
[runlim] sample:		4824.34 time, 2380.02 real, 3445 MB
[runlim] sample:		4844.62 time, 2390.02 real, 3445 MB
[runlim] sample:		4864.86 time, 2400.02 real, 3446 MB
[runlim] sample:		4885.13 time, 2410.02 real, 3446 MB
[runlim] sample:		4905.41 time, 2420.02 real, 3446 MB
[runlim] sample:		4925.68 time, 2430.02 real, 3446 MB
[runlim] sample:		4945.95 time, 2440.02 real, 3442 MB
[runlim] sample:		4966.23 time, 2450.02 real, 3442 MB
[runlim] sample:		4986.50 time, 2460.02 real, 3442 MB
[runlim] sample:		5006.77 time, 2470.02 real, 3442 MB
[runlim] sample:		5027.05 time, 2480.02 real, 3508 MB
[runlim] sample:		5047.32 time, 2490.02 real, 3443 MB
[runlim] sample:		5067.58 time, 2500.02 real, 3443 MB
[runlim] sample:		5087.87 time, 2510.02 real, 3443 MB
[runlim] sample:		5108.14 time, 2520.02 real, 3443 MB
[runlim] sample:		5128.40 time, 2530.02 real, 3445 MB
[runlim] sample:		5148.68 time, 2540.02 real, 3445 MB
[runlim] sample:		5168.94 time, 2550.02 real, 3445 MB
[runlim] sample:		5189.22 time, 2560.02 real, 3445 MB
[runlim] sample:		5209.50 time, 2570.02 real, 3440 MB
[runlim] sample:		5229.76 time, 2580.02 real, 3440 MB
[runlim] sample:		5250.03 time, 2590.02 real, 3440 MB
[runlim] sample:		5270.31 time, 2600.02 real, 3440 MB
[runlim] sample:		5290.56 time, 2610.02 real, 3444 MB
[runlim] sample:		5310.85 time, 2620.02 real, 3444 MB
[runlim] sample:		5331.11 time, 2630.02 real, 3473 MB
[runlim] sample:		5351.38 time, 2640.02 real, 3465 MB
[runlim] sample:		5371.66 time, 2650.02 real, 3463 MB
[runlim] sample:		5391.93 time, 2660.02 real, 3463 MB
[runlim] sample:		5412.19 time, 2670.02 real, 3463 MB
[runlim] sample:		5432.47 time, 2680.02 real, 3463 MB
[runlim] sample:		5452.74 time, 2690.02 real, 3470 MB
[runlim] sample:		5473.01 time, 2700.02 real, 3470 MB
[runlim] sample:		5493.28 time, 2710.02 real, 3470 MB
[runlim] sample:		5513.54 time, 2720.02 real, 3470 MB
[runlim] sample:		5533.80 time, 2730.02 real, 3470 MB
[runlim] sample:		5554.08 time, 2740.02 real, 3477 MB
[runlim] sample:		5574.35 time, 2750.02 real, 3477 MB
[runlim] sample:		5594.62 time, 2760.02 real, 3477 MB
[runlim] sample:		5614.90 time, 2770.02 real, 3477 MB
[runlim] sample:		5635.17 time, 2780.02 real, 3477 MB
[runlim] sample:		5655.44 time, 2790.02 real, 3470 MB
[runlim] sample:		5675.71 time, 2800.02 real, 3470 MB
[runlim] sample:		5695.98 time, 2810.02 real, 3470 MB
[runlim] sample:		5716.26 time, 2820.02 real, 3472 MB
[runlim] sample:		5736.54 time, 2830.02 real, 3472 MB
[runlim] sample:		5756.81 time, 2840.02 real, 3472 MB
[runlim] sample:		5777.06 time, 2850.02 real, 3514 MB
[runlim] sample:		5797.34 time, 2860.02 real, 3476 MB
[runlim] sample:		5817.62 time, 2870.02 real, 3476 MB
[runlim] sample:		5837.88 time, 2880.02 real, 3476 MB
[runlim] sample:		5858.14 time, 2890.02 real, 3476 MB
[runlim] sample:		5878.42 time, 2900.02 real, 3480 MB
[runlim] sample:		5898.69 time, 2910.02 real, 3480 MB
[runlim] sample:		5918.97 time, 2920.02 real, 3480 MB
[runlim] sample:		5939.23 time, 2930.02 real, 3480 MB
[runlim] sample:		5959.51 time, 2940.02 real, 3484 MB
[runlim] sample:		5979.78 time, 2950.02 real, 3484 MB
[runlim] sample:		6000.04 time, 2960.02 real, 3484 MB
[runlim] sample:		6020.32 time, 2970.02 real, 3484 MB
[runlim] sample:		6040.59 time, 2980.02 real, 3485 MB
[runlim] sample:		6060.85 time, 2990.02 real, 3485 MB
[runlim] sample:		6081.12 time, 3000.02 real, 3500 MB
[runlim] sample:		6101.40 time, 3010.02 real, 3498 MB
[runlim] sample:		6121.68 time, 3020.02 real, 3498 MB
[runlim] sample:		6141.95 time, 3030.02 real, 3424 MB
[runlim] sample:		6162.21 time, 3040.02 real, 3424 MB
[runlim] sample:		6182.48 time, 3050.02 real, 3424 MB
[runlim] sample:		6202.75 time, 3060.02 real, 3424 MB
[runlim] sample:		6223.03 time, 3070.02 real, 3435 MB
[runlim] sample:		6243.29 time, 3080.02 real, 3435 MB
[runlim] sample:		6263.56 time, 3090.02 real, 3435 MB
[runlim] sample:		6283.84 time, 3100.02 real, 3435 MB
[runlim] sample:		6304.11 time, 3110.02 real, 3435 MB
[runlim] sample:		6324.39 time, 3120.02 real, 3440 MB
[runlim] sample:		6344.66 time, 3130.02 real, 3440 MB
[runlim] sample:		6364.93 time, 3140.02 real, 3440 MB
[runlim] sample:		6385.20 time, 3150.02 real, 3444 MB
[runlim] sample:		6405.47 time, 3160.02 real, 3444 MB
[runlim] sample:		6425.75 time, 3170.02 real, 3443 MB
[runlim] sample:		6446.03 time, 3180.02 real, 3443 MB
[runlim] sample:		6466.30 time, 3190.02 real, 3443 MB
[runlim] sample:		6486.56 time, 3200.02 real, 3488 MB
[runlim] sample:		6506.85 time, 3210.02 real, 3450 MB
[runlim] sample:		6527.12 time, 3220.02 real, 3450 MB
[runlim] sample:		6547.38 time, 3230.02 real, 3450 MB
[runlim] sample:		6567.65 time, 3240.02 real, 3450 MB
[runlim] sample:		6587.92 time, 3250.02 real, 3450 MB
[runlim] sample:		6608.19 time, 3260.02 real, 3450 MB
[runlim] sample:		6628.48 time, 3270.02 real, 3450 MB
[runlim] sample:		6648.75 time, 3280.02 real, 3465 MB
[runlim] sample:		6669.02 time, 3290.02 real, 3453 MB
[runlim] sample:		6689.28 time, 3300.02 real, 3455 MB
[runlim] sample:		6709.59 time, 3310.02 real, 3455 MB
[runlim] sample:		6729.85 time, 3320.02 real, 3455 MB
[runlim] sample:		6750.14 time, 3330.02 real, 3455 MB
[runlim] sample:		6770.40 time, 3340.02 real, 3472 MB
[runlim] sample:		6790.67 time, 3350.02 real, 3472 MB
[runlim] sample:		6810.95 time, 3360.02 real, 3472 MB
[runlim] sample:		6831.22 time, 3370.02 real, 3472 MB
[runlim] sample:		6851.51 time, 3380.02 real, 3472 MB
[runlim] sample:		6871.77 time, 3390.02 real, 3472 MB
[runlim] sample:		6892.06 time, 3400.02 real, 3472 MB
[runlim] sample:		6912.34 time, 3410.02 real, 3472 MB
[runlim] sample:		6932.61 time, 3420.02 real, 3472 MB
[runlim] sample:		6952.90 time, 3430.02 real, 3472 MB
[runlim] sample:		6973.16 time, 3440.02 real, 3499 MB
[runlim] sample:		6993.44 time, 3450.02 real, 3502 MB
[runlim] sample:		7013.71 time, 3460.02 real, 3502 MB
[runlim] sample:		7033.98 time, 3470.02 real, 3508 MB
[runlim] sample:		7054.27 time, 3480.02 real, 3508 MB
[runlim] sample:		7074.53 time, 3490.02 real, 3508 MB
[runlim] sample:		7094.79 time, 3500.02 real, 3508 MB
[runlim] sample:		7115.07 time, 3510.02 real, 3506 MB
[runlim] sample:		7135.34 time, 3520.02 real, 3506 MB
[runlim] sample:		7155.62 time, 3530.02 real, 3503 MB
[runlim] sample:		7175.89 time, 3540.02 real, 3503 MB
[runlim] sample:		7196.18 time, 3550.02 real, 3503 MB
[runlim] sample:		7216.45 time, 3560.02 real, 3503 MB
[runlim] sample:		7236.72 time, 3570.02 real, 3503 MB
[runlim] sample:		7256.99 time, 3580.02 real, 3503 MB
[runlim] sample:		7277.26 time, 3590.02 real, 3495 MB
[runlim] sample:		7297.54 time, 3600.02 real, 3483 MB
[runlim] end:			Wed Oct 16 22:52:33 2019
[runlim] status:		out of time
[runlim] result:		2
[runlim] children:		4
[runlim] real:			3600.11 seconds
[runlim] time:			7297.54 seconds
[runlim] space:			3584 MB
[runlim] samples:		36000
