[runlim] version:		1.17
[runlim] host:			c3n24
[runlim] time limit:		311040000 seconds
[runlim] real time limit:	3600 seconds
[runlim] space limit:		120000 MB
[runlim] argv[0]:		./run-cosa2.sh
[runlim] argv[1]:		/tmp/BMPxesCj.btor
[runlim] start:			Wed Oct 16 21:05:19 2019
[runlim] child:			30613
[runlim] sample:		20.19 time, 10.02 real, 366 MB
[runlim] sample:		40.45 time, 20.02 real, 767 MB
[runlim] sample:		60.72 time, 30.02 real, 931 MB
[runlim] sample:		81.00 time, 40.02 real, 902 MB
[runlim] sample:		101.27 time, 50.02 real, 912 MB
[runlim] sample:		121.55 time, 60.02 real, 993 MB
[runlim] sample:		141.83 time, 70.02 real, 1218 MB
[runlim] sample:		162.11 time, 80.02 real, 1363 MB
[runlim] sample:		182.39 time, 90.02 real, 1452 MB
[runlim] sample:		202.66 time, 100.02 real, 1666 MB
[runlim] sample:		222.94 time, 110.02 real, 1786 MB
[runlim] sample:		243.20 time, 120.02 real, 1784 MB
[runlim] sample:		263.46 time, 130.02 real, 1633 MB
[runlim] sample:		283.72 time, 140.02 real, 1623 MB
[runlim] sample:		303.99 time, 150.02 real, 1646 MB
[runlim] sample:		324.26 time, 160.02 real, 1651 MB
[runlim] sample:		344.53 time, 170.02 real, 1630 MB
[runlim] sample:		364.80 time, 180.02 real, 1674 MB
[runlim] sample:		385.08 time, 190.02 real, 1691 MB
[runlim] sample:		405.34 time, 200.02 real, 1600 MB
[runlim] sample:		425.59 time, 210.02 real, 1589 MB
[runlim] sample:		445.86 time, 220.02 real, 1674 MB
[runlim] sample:		466.12 time, 230.02 real, 1675 MB
[runlim] sample:		486.38 time, 240.02 real, 1662 MB
[runlim] sample:		506.64 time, 250.02 real, 1676 MB
[runlim] sample:		526.91 time, 260.02 real, 1628 MB
[runlim] sample:		547.20 time, 270.02 real, 1629 MB
[runlim] sample:		567.45 time, 280.02 real, 1639 MB
[runlim] sample:		587.72 time, 290.02 real, 1709 MB
[runlim] sample:		608.01 time, 300.02 real, 1660 MB
[runlim] sample:		628.27 time, 310.02 real, 1682 MB
[runlim] sample:		648.54 time, 320.02 real, 1744 MB
[runlim] sample:		668.82 time, 330.02 real, 1877 MB
[runlim] sample:		689.08 time, 340.02 real, 1986 MB
[runlim] sample:		709.36 time, 350.02 real, 2112 MB
[runlim] sample:		729.62 time, 360.02 real, 2208 MB
[runlim] sample:		749.86 time, 370.02 real, 2404 MB
[runlim] sample:		770.14 time, 380.02 real, 2278 MB
[runlim] sample:		790.40 time, 390.02 real, 2266 MB
[runlim] sample:		810.67 time, 400.02 real, 2179 MB
[runlim] sample:		830.94 time, 410.02 real, 2230 MB
[runlim] sample:		851.22 time, 420.02 real, 2235 MB
[runlim] sample:		871.49 time, 430.02 real, 2235 MB
[runlim] sample:		891.75 time, 440.02 real, 2341 MB
[runlim] sample:		912.03 time, 450.02 real, 2240 MB
[runlim] sample:		932.29 time, 460.02 real, 2263 MB
[runlim] sample:		952.55 time, 470.02 real, 2176 MB
[runlim] sample:		972.83 time, 480.02 real, 2371 MB
[runlim] sample:		993.10 time, 490.02 real, 2273 MB
[runlim] sample:		1013.37 time, 500.02 real, 2276 MB
[runlim] sample:		1033.64 time, 510.02 real, 2180 MB
[runlim] sample:		1053.92 time, 520.02 real, 2251 MB
[runlim] sample:		1074.18 time, 530.02 real, 2251 MB
[runlim] sample:		1094.44 time, 540.02 real, 2251 MB
[runlim] sample:		1114.72 time, 550.02 real, 2250 MB
[runlim] sample:		1134.98 time, 560.02 real, 2250 MB
[runlim] sample:		1155.26 time, 570.02 real, 2253 MB
[runlim] sample:		1175.53 time, 580.02 real, 2251 MB
[runlim] sample:		1195.81 time, 590.02 real, 2251 MB
[runlim] sample:		1216.07 time, 600.02 real, 2252 MB
[runlim] sample:		1236.34 time, 610.02 real, 2271 MB
[runlim] sample:		1256.60 time, 620.02 real, 2272 MB
[runlim] sample:		1276.87 time, 630.02 real, 2272 MB
[runlim] sample:		1297.12 time, 640.02 real, 2187 MB
[runlim] sample:		1317.38 time, 650.02 real, 2278 MB
[runlim] sample:		1337.64 time, 660.02 real, 2279 MB
[runlim] sample:		1357.92 time, 670.02 real, 2279 MB
[runlim] sample:		1378.19 time, 680.02 real, 2254 MB
[runlim] sample:		1398.47 time, 690.02 real, 2254 MB
[runlim] sample:		1418.74 time, 700.02 real, 2261 MB
[runlim] sample:		1439.01 time, 710.02 real, 2282 MB
[runlim] sample:		1459.28 time, 720.02 real, 2282 MB
[runlim] sample:		1479.57 time, 730.02 real, 2262 MB
[runlim] sample:		1499.83 time, 740.02 real, 2262 MB
[runlim] sample:		1520.11 time, 750.02 real, 2308 MB
[runlim] sample:		1540.38 time, 760.02 real, 2290 MB
[runlim] sample:		1560.66 time, 770.02 real, 2328 MB
[runlim] sample:		1580.93 time, 780.02 real, 2420 MB
[runlim] sample:		1601.19 time, 790.02 real, 2562 MB
[runlim] sample:		1621.46 time, 800.02 real, 2664 MB
[runlim] sample:		1641.74 time, 810.02 real, 2717 MB
[runlim] sample:		1662.00 time, 820.02 real, 2748 MB
[runlim] sample:		1682.28 time, 830.02 real, 2884 MB
[runlim] sample:		1702.53 time, 840.02 real, 3077 MB
[runlim] sample:		1722.83 time, 850.02 real, 3187 MB
[runlim] sample:		1743.09 time, 860.02 real, 3271 MB
[runlim] sample:		1763.37 time, 870.02 real, 3256 MB
[runlim] sample:		1783.64 time, 880.02 real, 3257 MB
[runlim] sample:		1803.90 time, 890.02 real, 3309 MB
[runlim] sample:		1824.17 time, 900.02 real, 3357 MB
[runlim] sample:		1844.44 time, 910.02 real, 3425 MB
[runlim] sample:		1864.72 time, 920.02 real, 3516 MB
[runlim] sample:		1884.98 time, 930.02 real, 3568 MB
[runlim] sample:		1905.23 time, 940.02 real, 3628 MB
[runlim] sample:		1925.50 time, 950.02 real, 3662 MB
[runlim] sample:		1945.75 time, 960.02 real, 3802 MB
[runlim] sample:		1966.00 time, 970.02 real, 3826 MB
[runlim] sample:		1986.27 time, 980.02 real, 4002 MB
[runlim] sample:		2006.54 time, 990.02 real, 4023 MB
[runlim] sample:		2026.81 time, 1000.02 real, 4090 MB
[runlim] sample:		2047.06 time, 1010.02 real, 4192 MB
[runlim] sample:		2067.33 time, 1020.02 real, 4269 MB
[runlim] sample:		2087.58 time, 1030.02 real, 4669 MB
[runlim] sample:		2107.85 time, 1040.02 real, 4735 MB
[runlim] sample:		2128.11 time, 1050.02 real, 4822 MB
[runlim] sample:		2148.38 time, 1060.02 real, 4845 MB
[runlim] sample:		2168.64 time, 1070.02 real, 4889 MB
[runlim] sample:		2188.91 time, 1080.02 real, 4939 MB
[runlim] sample:		2209.18 time, 1090.02 real, 4941 MB
[runlim] sample:		2229.44 time, 1100.02 real, 4971 MB
[runlim] sample:		2249.72 time, 1110.02 real, 5020 MB
[runlim] sample:		2269.98 time, 1120.02 real, 5581 MB
[runlim] sample:		2290.26 time, 1130.02 real, 6948 MB
[runlim] sample:		2310.53 time, 1140.02 real, 6920 MB
[runlim] sample:		2330.79 time, 1150.02 real, 6932 MB
[runlim] sample:		2351.06 time, 1160.02 real, 6977 MB
[runlim] sample:		2371.31 time, 1170.02 real, 7128 MB
[runlim] sample:		2391.58 time, 1180.02 real, 7098 MB
[runlim] sample:		2411.85 time, 1190.02 real, 7291 MB
[runlim] sample:		2432.12 time, 1200.02 real, 7209 MB
[runlim] sample:		2452.39 time, 1210.02 real, 7245 MB
[runlim] sample:		2472.65 time, 1220.02 real, 7349 MB
[runlim] sample:		2492.92 time, 1230.02 real, 7366 MB
[runlim] sample:		2513.20 time, 1240.02 real, 7498 MB
[runlim] sample:		2533.47 time, 1250.02 real, 7459 MB
[runlim] sample:		2553.74 time, 1260.02 real, 7563 MB
[runlim] sample:		2574.01 time, 1270.02 real, 7558 MB
[runlim] sample:		2594.28 time, 1280.02 real, 7608 MB
[runlim] sample:		2614.54 time, 1290.02 real, 7604 MB
[runlim] sample:		2634.82 time, 1300.02 real, 7662 MB
[runlim] sample:		2655.09 time, 1310.02 real, 7745 MB
[runlim] sample:		2675.36 time, 1320.02 real, 7833 MB
[runlim] sample:		2695.63 time, 1330.02 real, 7857 MB
[runlim] sample:		2715.90 time, 1340.02 real, 7865 MB
[runlim] sample:		2736.17 time, 1350.02 real, 7811 MB
[runlim] sample:		2756.43 time, 1360.02 real, 7919 MB
[runlim] sample:		2776.71 time, 1370.02 real, 7982 MB
[runlim] sample:		2796.98 time, 1380.02 real, 7949 MB
[runlim] sample:		2817.23 time, 1390.02 real, 7975 MB
[runlim] sample:		2837.51 time, 1400.02 real, 8218 MB
[runlim] sample:		2857.77 time, 1410.02 real, 8153 MB
[runlim] sample:		2878.05 time, 1420.02 real, 8475 MB
[runlim] sample:		2898.32 time, 1430.02 real, 8409 MB
[runlim] sample:		2918.58 time, 1440.02 real, 8407 MB
[runlim] sample:		2938.83 time, 1450.02 real, 8432 MB
[runlim] sample:		2959.11 time, 1460.02 real, 8393 MB
[runlim] sample:		2979.38 time, 1470.02 real, 8395 MB
[runlim] sample:		2999.65 time, 1480.02 real, 9930 MB
[runlim] sample:		3019.92 time, 1490.02 real, 12033 MB
[runlim] sample:		3040.21 time, 1500.02 real, 12821 MB
[runlim] sample:		3060.47 time, 1510.02 real, 14453 MB
[runlim] sample:		3080.75 time, 1520.02 real, 14630 MB
[runlim] sample:		3101.02 time, 1530.02 real, 14623 MB
[runlim] sample:		3121.30 time, 1540.02 real, 14630 MB
[runlim] sample:		3141.58 time, 1550.02 real, 14714 MB
[runlim] sample:		3161.83 time, 1560.02 real, 15192 MB
[runlim] sample:		3182.09 time, 1570.02 real, 16613 MB
[runlim] sample:		3202.37 time, 1580.02 real, 16635 MB
[runlim] sample:		3222.64 time, 1590.02 real, 16687 MB
[runlim] sample:		3242.91 time, 1600.02 real, 16672 MB
[runlim] sample:		3263.20 time, 1610.02 real, 16665 MB
[runlim] sample:		3283.47 time, 1620.02 real, 16635 MB
[runlim] sample:		3303.72 time, 1630.02 real, 16776 MB
[runlim] sample:		3323.99 time, 1640.02 real, 17557 MB
[runlim] sample:		3344.25 time, 1650.02 real, 17397 MB
[runlim] sample:		3364.52 time, 1660.02 real, 17598 MB
[runlim] sample:		3384.78 time, 1670.02 real, 17425 MB
[runlim] sample:		3405.04 time, 1680.02 real, 17564 MB
[runlim] sample:		3425.30 time, 1690.02 real, 17496 MB
[runlim] sample:		3445.58 time, 1700.02 real, 17613 MB
[runlim] sample:		3465.84 time, 1710.02 real, 17561 MB
[runlim] sample:		3486.12 time, 1720.02 real, 17706 MB
[runlim] sample:		3506.39 time, 1730.02 real, 17612 MB
[runlim] sample:		3526.65 time, 1740.02 real, 17711 MB
[runlim] sample:		3546.94 time, 1750.02 real, 17795 MB
[runlim] sample:		3567.22 time, 1760.02 real, 17964 MB
[runlim] sample:		3587.49 time, 1770.02 real, 17796 MB
[runlim] sample:		3607.74 time, 1780.02 real, 17835 MB
[runlim] sample:		3628.03 time, 1790.02 real, 18022 MB
[runlim] sample:		3648.30 time, 1800.02 real, 17831 MB
[runlim] sample:		3668.59 time, 1810.02 real, 17896 MB
[runlim] sample:		3688.86 time, 1820.02 real, 18009 MB
[runlim] sample:		3709.13 time, 1830.02 real, 19706 MB
[runlim] sample:		3729.38 time, 1840.02 real, 20475 MB
[runlim] sample:		3749.64 time, 1850.02 real, 22346 MB
[runlim] sample:		3769.91 time, 1860.02 real, 25587 MB
[runlim] sample:		3790.18 time, 1870.02 real, 29035 MB
[runlim] sample:		3810.44 time, 1880.02 real, 31126 MB
[runlim] sample:		3830.72 time, 1890.02 real, 31002 MB
[runlim] sample:		3850.99 time, 1900.02 real, 31068 MB
[runlim] sample:		3871.26 time, 1910.02 real, 31219 MB
[runlim] sample:		3891.52 time, 1920.02 real, 31343 MB
[runlim] sample:		3911.81 time, 1930.02 real, 31145 MB
[runlim] sample:		3932.08 time, 1940.02 real, 31178 MB
[runlim] sample:		3952.34 time, 1950.02 real, 31240 MB
[runlim] sample:		3972.61 time, 1960.02 real, 31394 MB
[runlim] sample:		3992.88 time, 1970.02 real, 31464 MB
[runlim] sample:		4013.16 time, 1980.02 real, 31563 MB
[runlim] sample:		4033.42 time, 1990.02 real, 31356 MB
[runlim] sample:		4053.69 time, 2000.02 real, 31454 MB
[runlim] sample:		4073.96 time, 2010.02 real, 31605 MB
[runlim] sample:		4094.23 time, 2020.02 real, 31459 MB
[runlim] sample:		4114.50 time, 2030.02 real, 32595 MB
[runlim] sample:		4134.77 time, 2040.02 real, 31474 MB
[runlim] sample:		4155.04 time, 2050.02 real, 31927 MB
[runlim] sample:		4175.32 time, 2060.02 real, 31858 MB
[runlim] sample:		4195.59 time, 2070.02 real, 32146 MB
[runlim] sample:		4215.87 time, 2080.02 real, 31886 MB
[runlim] sample:		4236.12 time, 2090.02 real, 32213 MB
[runlim] sample:		4256.40 time, 2100.02 real, 32395 MB
[runlim] sample:		4276.68 time, 2110.02 real, 32516 MB
[runlim] sample:		4296.95 time, 2120.02 real, 32931 MB
[runlim] sample:		4317.22 time, 2130.02 real, 32421 MB
[runlim] sample:		4337.47 time, 2140.02 real, 32522 MB
[runlim] sample:		4357.75 time, 2150.02 real, 32607 MB
[runlim] sample:		4378.02 time, 2160.02 real, 32643 MB
[runlim] sample:		4398.29 time, 2170.02 real, 32684 MB
[runlim] sample:		4418.54 time, 2180.02 real, 32688 MB
[runlim] sample:		4438.82 time, 2190.02 real, 32786 MB
[runlim] sample:		4459.09 time, 2200.02 real, 32103 MB
[runlim] sample:		4479.38 time, 2210.02 real, 31924 MB
[runlim] sample:		4499.65 time, 2220.02 real, 30896 MB
[runlim] sample:		4519.91 time, 2230.02 real, 30808 MB
[runlim] sample:		4540.19 time, 2240.02 real, 30808 MB
[runlim] sample:		4560.45 time, 2250.02 real, 30810 MB
[runlim] sample:		4580.73 time, 2260.02 real, 30813 MB
[runlim] sample:		4601.00 time, 2270.02 real, 30884 MB
[runlim] sample:		4621.27 time, 2280.02 real, 30887 MB
[runlim] sample:		4641.53 time, 2290.02 real, 31237 MB
[runlim] sample:		4661.81 time, 2300.02 real, 30897 MB
[runlim] sample:		4682.08 time, 2310.02 real, 30897 MB
[runlim] sample:		4702.36 time, 2320.02 real, 30943 MB
[runlim] sample:		4722.62 time, 2330.02 real, 31014 MB
[runlim] sample:		4742.88 time, 2340.02 real, 30943 MB
[runlim] sample:		4763.16 time, 2350.02 real, 31078 MB
[runlim] sample:		4783.43 time, 2360.02 real, 30947 MB
[runlim] sample:		4803.69 time, 2370.02 real, 30944 MB
[runlim] sample:		4823.95 time, 2380.02 real, 30944 MB
[runlim] sample:		4844.21 time, 2390.02 real, 30944 MB
[runlim] sample:		4864.48 time, 2400.02 real, 30943 MB
[runlim] sample:		4884.74 time, 2410.02 real, 30944 MB
[runlim] sample:		4905.01 time, 2420.02 real, 30949 MB
[runlim] sample:		4925.26 time, 2430.02 real, 30949 MB
[runlim] sample:		4945.53 time, 2440.02 real, 30983 MB
[runlim] sample:		4965.78 time, 2450.02 real, 31018 MB
[runlim] sample:		4986.05 time, 2460.02 real, 30948 MB
[runlim] sample:		5006.31 time, 2470.02 real, 30885 MB
[runlim] sample:		5026.56 time, 2480.02 real, 30949 MB
[runlim] sample:		5046.84 time, 2490.02 real, 30949 MB
[runlim] sample:		5067.09 time, 2500.02 real, 30949 MB
[runlim] sample:		5087.37 time, 2510.02 real, 30929 MB
[runlim] sample:		5107.62 time, 2520.02 real, 30931 MB
[runlim] sample:		5127.89 time, 2530.02 real, 30934 MB
[runlim] sample:		5148.15 time, 2540.02 real, 30934 MB
[runlim] sample:		5168.41 time, 2550.02 real, 30934 MB
[runlim] sample:		5188.67 time, 2560.02 real, 30934 MB
[runlim] sample:		5208.95 time, 2570.02 real, 31004 MB
[runlim] sample:		5229.22 time, 2580.02 real, 30934 MB
[runlim] sample:		5249.49 time, 2590.02 real, 30934 MB
[runlim] sample:		5269.73 time, 2600.02 real, 30934 MB
[runlim] sample:		5289.96 time, 2610.02 real, 30934 MB
[runlim] sample:		5310.23 time, 2620.02 real, 31269 MB
[runlim] sample:		5330.50 time, 2630.02 real, 30934 MB
[runlim] sample:		5350.77 time, 2640.02 real, 30868 MB
[runlim] sample:		5371.04 time, 2650.02 real, 30934 MB
[runlim] sample:		5391.31 time, 2660.02 real, 30942 MB
[runlim] sample:		5411.59 time, 2670.02 real, 30942 MB
[runlim] sample:		5431.84 time, 2680.02 real, 30942 MB
[runlim] sample:		5452.11 time, 2690.02 real, 30944 MB
[runlim] sample:		5472.37 time, 2700.02 real, 30944 MB
[runlim] sample:		5492.66 time, 2710.02 real, 31101 MB
[runlim] sample:		5512.93 time, 2720.02 real, 31014 MB
[runlim] sample:		5533.19 time, 2730.02 real, 30944 MB
[runlim] sample:		5553.45 time, 2740.02 real, 30944 MB
[runlim] sample:		5573.74 time, 2750.02 real, 30879 MB
[runlim] sample:		5594.01 time, 2760.02 real, 30945 MB
[runlim] sample:		5614.28 time, 2770.02 real, 30930 MB
[runlim] sample:		5634.55 time, 2780.02 real, 30930 MB
[runlim] sample:		5654.82 time, 2790.02 real, 30932 MB
[runlim] sample:		5675.08 time, 2800.02 real, 30936 MB
[runlim] sample:		5695.35 time, 2810.02 real, 30936 MB
[runlim] sample:		5715.62 time, 2820.02 real, 30940 MB
[runlim] sample:		5735.89 time, 2830.02 real, 30940 MB
[runlim] sample:		5756.16 time, 2840.02 real, 30941 MB
[runlim] sample:		5776.43 time, 2850.02 real, 30975 MB
[runlim] sample:		5796.67 time, 2860.02 real, 30941 MB
[runlim] sample:		5816.94 time, 2870.02 real, 30941 MB
[runlim] sample:		5837.21 time, 2880.02 real, 30941 MB
[runlim] sample:		5857.48 time, 2890.02 real, 30934 MB
[runlim] sample:		5877.76 time, 2900.02 real, 30935 MB
[runlim] sample:		5898.03 time, 2910.02 real, 30946 MB
[runlim] sample:		5918.29 time, 2920.02 real, 30947 MB
[runlim] sample:		5938.54 time, 2930.02 real, 31291 MB
[runlim] sample:		5958.80 time, 2940.02 real, 30947 MB
[runlim] sample:		5979.06 time, 2950.02 real, 30947 MB
[runlim] sample:		5999.34 time, 2960.02 real, 31298 MB
[runlim] sample:		6019.61 time, 2970.02 real, 31103 MB
[runlim] sample:		6039.89 time, 2980.02 real, 31024 MB
[runlim] sample:		6060.15 time, 2990.02 real, 30954 MB
[runlim] sample:		6080.42 time, 3000.02 real, 30955 MB
[runlim] sample:		6100.69 time, 3010.02 real, 30955 MB
[runlim] sample:		6120.97 time, 3020.02 real, 30955 MB
[runlim] sample:		6141.25 time, 3030.02 real, 30955 MB
[runlim] sample:		6161.52 time, 3040.02 real, 30955 MB
[runlim] sample:		6181.79 time, 3050.02 real, 30955 MB
[runlim] sample:		6202.06 time, 3060.02 real, 30945 MB
[runlim] sample:		6222.34 time, 3070.02 real, 30945 MB
[runlim] sample:		6242.58 time, 3080.02 real, 30945 MB
[runlim] sample:		6262.86 time, 3090.02 real, 30945 MB
[runlim] sample:		6283.13 time, 3100.02 real, 30934 MB
[runlim] sample:		6303.40 time, 3110.02 real, 30934 MB
[runlim] sample:		6323.66 time, 3120.02 real, 30934 MB
[runlim] sample:		6343.93 time, 3130.02 real, 30934 MB
[runlim] sample:		6364.20 time, 3140.02 real, 31003 MB
[runlim] sample:		6384.47 time, 3150.02 real, 30934 MB
[runlim] sample:		6404.74 time, 3160.02 real, 30958 MB
[runlim] sample:		6424.99 time, 3170.02 real, 30936 MB
[runlim] sample:		6445.26 time, 3180.02 real, 30950 MB
[runlim] sample:		6465.54 time, 3190.02 real, 30942 MB
[runlim] sample:		6485.81 time, 3200.02 real, 30943 MB
[runlim] sample:		6506.08 time, 3210.02 real, 30954 MB
[runlim] sample:		6526.35 time, 3220.02 real, 30954 MB
[runlim] sample:		6546.63 time, 3230.02 real, 30949 MB
[runlim] sample:		6566.90 time, 3240.02 real, 30949 MB
[runlim] sample:		6587.17 time, 3250.02 real, 30949 MB
[runlim] sample:		6607.43 time, 3260.02 real, 30947 MB
[runlim] sample:		6627.69 time, 3270.02 real, 31016 MB
[runlim] sample:		6647.98 time, 3280.02 real, 30948 MB
[runlim] sample:		6668.25 time, 3290.02 real, 30971 MB
[runlim] sample:		6688.52 time, 3300.02 real, 30949 MB
[runlim] sample:		6708.79 time, 3310.02 real, 30949 MB
[runlim] sample:		6729.07 time, 3320.02 real, 30949 MB
[runlim] sample:		6749.34 time, 3330.02 real, 30949 MB
[runlim] sample:		6769.59 time, 3340.02 real, 30949 MB
[runlim] sample:		6789.86 time, 3350.02 real, 30972 MB
[runlim] sample:		6810.13 time, 3360.02 real, 31311 MB
[runlim] sample:		6830.40 time, 3370.02 real, 30946 MB
[runlim] sample:		6850.68 time, 3380.02 real, 30946 MB
[runlim] sample:		6870.95 time, 3390.02 real, 30946 MB
[runlim] sample:		6891.21 time, 3400.02 real, 30948 MB
[runlim] sample:		6911.48 time, 3410.02 real, 30948 MB
[runlim] sample:		6931.75 time, 3420.02 real, 31016 MB
[runlim] sample:		6952.02 time, 3430.02 real, 31016 MB
[runlim] sample:		6972.28 time, 3440.02 real, 30948 MB
[runlim] sample:		6992.54 time, 3450.02 real, 30970 MB
[runlim] sample:		7012.80 time, 3460.02 real, 30948 MB
[runlim] sample:		7033.07 time, 3470.02 real, 30948 MB
[runlim] sample:		7053.33 time, 3480.02 real, 30952 MB
[runlim] sample:		7073.59 time, 3490.02 real, 30952 MB
[runlim] sample:		7093.87 time, 3500.02 real, 30952 MB
[runlim] sample:		7114.12 time, 3510.02 real, 30952 MB
[runlim] sample:		7134.38 time, 3520.02 real, 30952 MB
[runlim] sample:		7154.66 time, 3530.02 real, 31297 MB
[runlim] sample:		7174.92 time, 3540.02 real, 30957 MB
[runlim] sample:		7195.20 time, 3550.02 real, 30953 MB
[runlim] sample:		7215.47 time, 3560.02 real, 30953 MB
[runlim] sample:		7235.73 time, 3570.02 real, 30953 MB
[runlim] sample:		7255.99 time, 3580.02 real, 30887 MB
[runlim] sample:		7276.27 time, 3590.02 real, 31307 MB
[runlim] sample:		7296.54 time, 3600.02 real, 34664 MB
[runlim] end:			Wed Oct 16 22:05:19 2019
[runlim] status:		out of time
[runlim] result:		2
[runlim] children:		4
[runlim] real:			3600.11 seconds
[runlim] time:			7296.54 seconds
[runlim] space:			34664 MB
[runlim] samples:		36000
