[runlim] version:		1.17
[runlim] host:			c3n08
[runlim] time limit:		311040000 seconds
[runlim] real time limit:	3600 seconds
[runlim] space limit:		120000 MB
[runlim] argv[0]:		./run-cosa2.sh
[runlim] argv[1]:		/tmp/j3hxk6Nh.btor
[runlim] start:			Wed Oct 16 22:33:29 2019
[runlim] child:			30221
[runlim] sample:		20.15 time, 10.02 real, 321 MB
[runlim] sample:		40.45 time, 20.02 real, 598 MB
[runlim] sample:		60.70 time, 30.02 real, 770 MB
[runlim] sample:		80.97 time, 40.02 real, 1037 MB
[runlim] sample:		101.26 time, 50.02 real, 1204 MB
[runlim] sample:		121.53 time, 60.02 real, 1270 MB
[runlim] sample:		141.81 time, 70.02 real, 1677 MB
[runlim] sample:		162.09 time, 80.02 real, 1597 MB
[runlim] sample:		182.37 time, 90.02 real, 1720 MB
[runlim] sample:		202.64 time, 100.02 real, 1572 MB
[runlim] sample:		222.92 time, 110.02 real, 1421 MB
[runlim] sample:		243.18 time, 120.02 real, 1450 MB
[runlim] sample:		263.45 time, 130.02 real, 1424 MB
[runlim] sample:		283.72 time, 140.02 real, 1543 MB
[runlim] sample:		304.00 time, 150.02 real, 1546 MB
[runlim] sample:		324.26 time, 160.02 real, 1580 MB
[runlim] sample:		344.52 time, 170.02 real, 1596 MB
[runlim] sample:		364.80 time, 180.02 real, 1671 MB
[runlim] sample:		385.09 time, 190.02 real, 1698 MB
[runlim] sample:		405.35 time, 200.02 real, 1817 MB
[runlim] sample:		425.62 time, 210.02 real, 1966 MB
[runlim] sample:		445.89 time, 220.02 real, 2097 MB
[runlim] sample:		466.16 time, 230.02 real, 2082 MB
[runlim] sample:		486.44 time, 240.02 real, 2205 MB
[runlim] sample:		506.70 time, 250.02 real, 2332 MB
[runlim] sample:		526.97 time, 260.02 real, 2414 MB
[runlim] sample:		547.25 time, 270.02 real, 2465 MB
[runlim] sample:		567.53 time, 280.02 real, 2490 MB
[runlim] sample:		587.80 time, 290.02 real, 2532 MB
[runlim] sample:		608.06 time, 300.02 real, 2602 MB
[runlim] sample:		628.32 time, 310.02 real, 2718 MB
[runlim] sample:		648.62 time, 320.02 real, 3039 MB
[runlim] sample:		668.90 time, 330.02 real, 2802 MB
[runlim] sample:		689.16 time, 340.02 real, 2930 MB
[runlim] sample:		709.43 time, 350.02 real, 2896 MB
[runlim] sample:		729.71 time, 360.02 real, 3061 MB
[runlim] sample:		749.99 time, 370.02 real, 2804 MB
[runlim] sample:		770.26 time, 380.02 real, 2752 MB
[runlim] sample:		790.54 time, 390.02 real, 2758 MB
[runlim] sample:		810.80 time, 400.02 real, 2807 MB
[runlim] sample:		831.07 time, 410.02 real, 2811 MB
[runlim] sample:		851.34 time, 420.02 real, 2780 MB
[runlim] sample:		871.60 time, 430.02 real, 2914 MB
[runlim] sample:		891.89 time, 440.02 real, 2818 MB
[runlim] sample:		912.15 time, 450.02 real, 2781 MB
[runlim] sample:		932.40 time, 460.02 real, 2838 MB
[runlim] sample:		952.67 time, 470.02 real, 2818 MB
[runlim] sample:		972.95 time, 480.02 real, 2838 MB
[runlim] sample:		993.23 time, 490.02 real, 2938 MB
[runlim] sample:		1013.47 time, 500.02 real, 2817 MB
[runlim] sample:		1033.74 time, 510.02 real, 2819 MB
[runlim] sample:		1053.99 time, 520.02 real, 2823 MB
[runlim] sample:		1074.26 time, 530.02 real, 2843 MB
[runlim] sample:		1094.53 time, 540.02 real, 2896 MB
[runlim] sample:		1114.79 time, 550.02 real, 2939 MB
[runlim] sample:		1135.06 time, 560.02 real, 2817 MB
[runlim] sample:		1155.35 time, 570.02 real, 2819 MB
[runlim] sample:		1175.60 time, 580.02 real, 2833 MB
[runlim] sample:		1195.87 time, 590.02 real, 2878 MB
[runlim] sample:		1216.14 time, 600.02 real, 2852 MB
[runlim] sample:		1236.42 time, 610.02 real, 2851 MB
[runlim] sample:		1256.70 time, 620.02 real, 2852 MB
[runlim] sample:		1276.97 time, 630.02 real, 2853 MB
[runlim] sample:		1297.24 time, 640.02 real, 2852 MB
[runlim] sample:		1317.50 time, 650.02 real, 2943 MB
[runlim] sample:		1337.77 time, 660.02 real, 2846 MB
[runlim] sample:		1358.03 time, 670.02 real, 2848 MB
[runlim] sample:		1378.31 time, 680.02 real, 2849 MB
[runlim] sample:		1398.60 time, 690.02 real, 2850 MB
[runlim] sample:		1418.87 time, 700.02 real, 2852 MB
[runlim] sample:		1439.15 time, 710.02 real, 2854 MB
[runlim] sample:		1459.42 time, 720.02 real, 2858 MB
[runlim] sample:		1479.70 time, 730.02 real, 2863 MB
[runlim] sample:		1499.96 time, 740.02 real, 2868 MB
[runlim] sample:		1520.23 time, 750.02 real, 2875 MB
[runlim] sample:		1540.51 time, 760.02 real, 2879 MB
[runlim] sample:		1560.78 time, 770.02 real, 2979 MB
[runlim] sample:		1581.05 time, 780.02 real, 3108 MB
[runlim] sample:		1601.33 time, 790.02 real, 3091 MB
[runlim] sample:		1621.58 time, 800.02 real, 3116 MB
[runlim] sample:		1641.85 time, 810.02 real, 3108 MB
[runlim] sample:		1662.13 time, 820.02 real, 3096 MB
[runlim] sample:		1682.40 time, 830.02 real, 3143 MB
[runlim] sample:		1702.67 time, 840.02 real, 3227 MB
[runlim] sample:		1722.95 time, 850.02 real, 3305 MB
[runlim] sample:		1743.23 time, 860.02 real, 3348 MB
[runlim] sample:		1763.50 time, 870.02 real, 3329 MB
[runlim] sample:		1783.78 time, 880.02 real, 3371 MB
[runlim] sample:		1804.06 time, 890.02 real, 3392 MB
[runlim] sample:		1824.33 time, 900.02 real, 3440 MB
[runlim] sample:		1844.61 time, 910.02 real, 3455 MB
[runlim] sample:		1864.88 time, 920.02 real, 3591 MB
[runlim] sample:		1885.15 time, 930.02 real, 3544 MB
[runlim] sample:		1905.42 time, 940.02 real, 3602 MB
[runlim] sample:		1925.68 time, 950.02 real, 3569 MB
[runlim] sample:		1945.97 time, 960.02 real, 3661 MB
[runlim] sample:		1966.24 time, 970.02 real, 3774 MB
[runlim] sample:		1986.52 time, 980.02 real, 4093 MB
[runlim] sample:		2006.80 time, 990.02 real, 4018 MB
[runlim] sample:		2027.08 time, 1000.02 real, 4038 MB
[runlim] sample:		2047.35 time, 1010.02 real, 4150 MB
[runlim] sample:		2067.63 time, 1020.02 real, 4078 MB
[runlim] sample:		2087.90 time, 1030.02 real, 4140 MB
[runlim] sample:		2108.17 time, 1040.02 real, 4168 MB
[runlim] sample:		2128.46 time, 1050.02 real, 4318 MB
[runlim] sample:		2148.73 time, 1060.02 real, 4374 MB
[runlim] sample:		2169.01 time, 1070.02 real, 4395 MB
[runlim] sample:		2189.29 time, 1080.02 real, 4444 MB
[runlim] sample:		2209.57 time, 1090.02 real, 4446 MB
[runlim] sample:		2229.85 time, 1100.02 real, 4273 MB
[runlim] sample:		2250.12 time, 1110.02 real, 4454 MB
[runlim] sample:		2270.39 time, 1120.02 real, 4728 MB
[runlim] sample:		2290.65 time, 1130.02 real, 4667 MB
[runlim] sample:		2310.92 time, 1140.02 real, 4881 MB
[runlim] sample:		2331.19 time, 1150.02 real, 5191 MB
[runlim] sample:		2351.46 time, 1160.02 real, 5001 MB
[runlim] sample:		2371.74 time, 1170.02 real, 5231 MB
[runlim] sample:		2392.01 time, 1180.02 real, 5032 MB
[runlim] sample:		2412.27 time, 1190.02 real, 4840 MB
[runlim] sample:		2432.54 time, 1200.02 real, 4623 MB
[runlim] sample:		2452.82 time, 1210.02 real, 4623 MB
[runlim] sample:		2473.09 time, 1220.02 real, 4652 MB
[runlim] sample:		2493.36 time, 1230.02 real, 4659 MB
[runlim] sample:		2513.62 time, 1240.02 real, 4662 MB
[runlim] sample:		2533.90 time, 1250.02 real, 4687 MB
[runlim] sample:		2554.17 time, 1260.02 real, 4690 MB
[runlim] sample:		2574.44 time, 1270.02 real, 4768 MB
[runlim] sample:		2594.72 time, 1280.02 real, 4594 MB
[runlim] sample:		2614.99 time, 1290.02 real, 4594 MB
[runlim] sample:		2635.27 time, 1300.02 real, 4610 MB
[runlim] sample:		2655.55 time, 1310.02 real, 4609 MB
[runlim] sample:		2675.81 time, 1320.02 real, 4610 MB
[runlim] sample:		2696.09 time, 1330.02 real, 4813 MB
[runlim] sample:		2716.36 time, 1340.02 real, 4658 MB
[runlim] sample:		2736.65 time, 1350.02 real, 4704 MB
[runlim] sample:		2756.92 time, 1360.02 real, 4611 MB
[runlim] sample:		2777.19 time, 1370.02 real, 4611 MB
[runlim] sample:		2797.45 time, 1380.02 real, 4611 MB
[runlim] sample:		2817.73 time, 1390.02 real, 4835 MB
[runlim] sample:		2838.01 time, 1400.02 real, 4613 MB
[runlim] sample:		2858.27 time, 1410.02 real, 4839 MB
[runlim] sample:		2878.54 time, 1420.02 real, 4614 MB
[runlim] sample:		2898.82 time, 1430.02 real, 4661 MB
[runlim] sample:		2919.09 time, 1440.02 real, 4661 MB
[runlim] sample:		2939.36 time, 1450.02 real, 4739 MB
[runlim] sample:		2959.64 time, 1460.02 real, 4615 MB
[runlim] sample:		2979.90 time, 1470.02 real, 4666 MB
[runlim] sample:		3000.17 time, 1480.02 real, 4669 MB
[runlim] sample:		3020.44 time, 1490.02 real, 4672 MB
[runlim] sample:		3040.72 time, 1500.02 real, 4449 MB
[runlim] sample:		3060.98 time, 1510.02 real, 4449 MB
[runlim] sample:		3081.25 time, 1520.02 real, 4670 MB
[runlim] sample:		3101.53 time, 1530.02 real, 4717 MB
[runlim] sample:		3121.79 time, 1540.02 real, 4763 MB
[runlim] sample:		3142.06 time, 1550.02 real, 4671 MB
[runlim] sample:		3162.34 time, 1560.02 real, 4671 MB
[runlim] sample:		3182.62 time, 1570.02 real, 4673 MB
[runlim] sample:		3202.90 time, 1580.02 real, 4673 MB
[runlim] sample:		3223.16 time, 1590.02 real, 4444 MB
[runlim] sample:		3243.44 time, 1600.02 real, 4428 MB
[runlim] sample:		3263.71 time, 1610.02 real, 4649 MB
[runlim] sample:		3283.98 time, 1620.02 real, 4651 MB
[runlim] sample:		3304.25 time, 1630.02 real, 4590 MB
[runlim] sample:		3324.53 time, 1640.02 real, 4498 MB
[runlim] sample:		3344.80 time, 1650.02 real, 4499 MB
[runlim] sample:		3365.08 time, 1660.02 real, 4454 MB
[runlim] sample:		3385.34 time, 1670.02 real, 4674 MB
[runlim] sample:		3405.61 time, 1680.02 real, 4682 MB
[runlim] sample:		3425.88 time, 1690.02 real, 4683 MB
[runlim] sample:		3446.17 time, 1700.02 real, 4683 MB
[runlim] sample:		3466.44 time, 1710.02 real, 4465 MB
[runlim] sample:		3486.70 time, 1720.02 real, 4465 MB
[runlim] sample:		3506.97 time, 1730.02 real, 4686 MB
[runlim] sample:		3527.25 time, 1740.02 real, 4734 MB
[runlim] sample:		3547.52 time, 1750.02 real, 4734 MB
[runlim] sample:		3567.80 time, 1760.02 real, 4834 MB
[runlim] sample:		3588.07 time, 1770.02 real, 4687 MB
[runlim] sample:		3608.35 time, 1780.02 real, 4687 MB
[runlim] sample:		3628.63 time, 1790.02 real, 4687 MB
[runlim] sample:		3648.91 time, 1800.02 real, 4467 MB
[runlim] sample:		3669.18 time, 1810.02 real, 4687 MB
[runlim] sample:		3689.47 time, 1820.02 real, 4467 MB
[runlim] sample:		3709.73 time, 1830.02 real, 4467 MB
[runlim] sample:		3730.00 time, 1840.02 real, 4467 MB
[runlim] sample:		3750.27 time, 1850.02 real, 4467 MB
[runlim] sample:		3770.54 time, 1860.02 real, 4550 MB
[runlim] sample:		3790.82 time, 1870.02 real, 4514 MB
[runlim] sample:		3811.09 time, 1880.02 real, 4514 MB
[runlim] sample:		3831.35 time, 1890.02 real, 4648 MB
[runlim] sample:		3851.63 time, 1900.02 real, 4469 MB
[runlim] sample:		3871.91 time, 1910.02 real, 4702 MB
[runlim] sample:		3892.17 time, 1920.02 real, 4694 MB
[runlim] sample:		3912.43 time, 1930.02 real, 4694 MB
[runlim] sample:		3932.70 time, 1940.02 real, 4694 MB
[runlim] sample:		3952.97 time, 1950.02 real, 4695 MB
[runlim] sample:		3973.25 time, 1960.02 real, 4664 MB
[runlim] sample:		3993.51 time, 1970.02 real, 4711 MB
[runlim] sample:		4013.79 time, 1980.02 real, 4697 MB
[runlim] sample:		4034.04 time, 1990.02 real, 4672 MB
[runlim] sample:		4054.32 time, 2000.02 real, 4675 MB
[runlim] sample:		4074.59 time, 2010.02 real, 4706 MB
[runlim] sample:		4094.87 time, 2020.02 real, 4724 MB
[runlim] sample:		4115.13 time, 2030.02 real, 4727 MB
[runlim] sample:		4135.40 time, 2040.02 real, 4740 MB
[runlim] sample:		4155.67 time, 2050.02 real, 4750 MB
[runlim] sample:		4175.94 time, 2060.02 real, 4770 MB
[runlim] sample:		4196.21 time, 2070.02 real, 4744 MB
[runlim] sample:		4216.48 time, 2080.02 real, 4747 MB
[runlim] sample:		4236.75 time, 2090.02 real, 4754 MB
[runlim] sample:		4257.02 time, 2100.02 real, 4756 MB
[runlim] sample:		4277.30 time, 2110.02 real, 4783 MB
[runlim] sample:		4297.58 time, 2120.02 real, 4773 MB
[runlim] sample:		4317.85 time, 2130.02 real, 4775 MB
[runlim] sample:		4338.13 time, 2140.02 real, 4735 MB
[runlim] sample:		4358.40 time, 2150.02 real, 4753 MB
[runlim] sample:		4378.67 time, 2160.02 real, 4784 MB
[runlim] sample:		4398.94 time, 2170.02 real, 5018 MB
[runlim] sample:		4419.21 time, 2180.02 real, 4964 MB
[runlim] sample:		4439.48 time, 2190.02 real, 5157 MB
[runlim] sample:		4459.76 time, 2200.02 real, 5043 MB
[runlim] sample:		4480.02 time, 2210.02 real, 5053 MB
[runlim] sample:		4500.30 time, 2220.02 real, 5092 MB
[runlim] sample:		4520.57 time, 2230.02 real, 5108 MB
[runlim] sample:		4540.84 time, 2240.02 real, 5076 MB
[runlim] sample:		4561.11 time, 2250.02 real, 5165 MB
[runlim] sample:		4581.38 time, 2260.02 real, 5123 MB
[runlim] sample:		4601.66 time, 2270.02 real, 5206 MB
[runlim] sample:		4621.93 time, 2280.02 real, 5394 MB
[runlim] sample:		4642.19 time, 2290.02 real, 5247 MB
[runlim] sample:		4662.46 time, 2300.02 real, 5449 MB
[runlim] sample:		4682.72 time, 2310.02 real, 5302 MB
[runlim] sample:		4703.01 time, 2320.02 real, 5421 MB
[runlim] sample:		4723.28 time, 2330.02 real, 5368 MB
[runlim] sample:		4743.55 time, 2340.02 real, 5396 MB
[runlim] sample:		4763.82 time, 2350.02 real, 5581 MB
[runlim] sample:		4784.10 time, 2360.02 real, 5427 MB
[runlim] sample:		4804.36 time, 2370.02 real, 5542 MB
[runlim] sample:		4824.62 time, 2380.02 real, 5486 MB
[runlim] sample:		4844.89 time, 2390.02 real, 5538 MB
[runlim] sample:		4865.16 time, 2400.02 real, 5586 MB
[runlim] sample:		4885.43 time, 2410.02 real, 5742 MB
[runlim] sample:		4905.70 time, 2420.02 real, 5604 MB
[runlim] sample:		4925.97 time, 2430.02 real, 5645 MB
[runlim] sample:		4946.25 time, 2440.02 real, 5792 MB
[runlim] sample:		4966.52 time, 2450.02 real, 5683 MB
[runlim] sample:		4986.79 time, 2460.02 real, 5710 MB
[runlim] sample:		5007.08 time, 2470.02 real, 5768 MB
[runlim] sample:		5027.35 time, 2480.02 real, 5874 MB
[runlim] sample:		5047.63 time, 2490.02 real, 5922 MB
[runlim] sample:		5067.90 time, 2500.02 real, 5808 MB
[runlim] sample:		5088.17 time, 2510.02 real, 5813 MB
[runlim] sample:		5108.45 time, 2520.02 real, 5872 MB
[runlim] sample:		5128.71 time, 2530.02 real, 6025 MB
[runlim] sample:		5148.98 time, 2540.02 real, 5947 MB
[runlim] sample:		5169.26 time, 2550.02 real, 5930 MB
[runlim] sample:		5189.54 time, 2560.02 real, 5934 MB
[runlim] sample:		5209.81 time, 2570.02 real, 5969 MB
[runlim] sample:		5230.09 time, 2580.02 real, 6006 MB
[runlim] sample:		5250.36 time, 2590.02 real, 6093 MB
[runlim] sample:		5270.63 time, 2600.02 real, 6156 MB
[runlim] sample:		5290.89 time, 2610.02 real, 6253 MB
[runlim] sample:		5311.17 time, 2620.02 real, 6079 MB
[runlim] sample:		5331.45 time, 2630.02 real, 6129 MB
[runlim] sample:		5351.71 time, 2640.02 real, 6124 MB
[runlim] sample:		5371.97 time, 2650.02 real, 6150 MB
[runlim] sample:		5392.25 time, 2660.02 real, 6197 MB
[runlim] sample:		5412.53 time, 2670.02 real, 6217 MB
[runlim] sample:		5432.79 time, 2680.02 real, 6321 MB
[runlim] sample:		5453.06 time, 2690.02 real, 6244 MB
[runlim] sample:		5473.34 time, 2700.02 real, 6486 MB
[runlim] sample:		5493.60 time, 2710.02 real, 6342 MB
[runlim] sample:		5513.88 time, 2720.02 real, 6309 MB
[runlim] sample:		5534.15 time, 2730.02 real, 6935 MB
[runlim] sample:		5554.41 time, 2740.02 real, 6868 MB
[runlim] sample:		5574.70 time, 2750.02 real, 6943 MB
[runlim] sample:		5594.96 time, 2760.02 real, 6881 MB
[runlim] sample:		5615.23 time, 2770.02 real, 7111 MB
[runlim] sample:		5635.52 time, 2780.02 real, 6935 MB
[runlim] sample:		5655.78 time, 2790.02 real, 7184 MB
[runlim] sample:		5676.07 time, 2800.02 real, 6984 MB
[runlim] sample:		5696.33 time, 2810.02 real, 7210 MB
[runlim] sample:		5716.62 time, 2820.02 real, 7004 MB
[runlim] sample:		5736.88 time, 2830.02 real, 7152 MB
[runlim] sample:		5757.15 time, 2840.02 real, 7070 MB
[runlim] sample:		5777.42 time, 2850.02 real, 7025 MB
[runlim] sample:		5797.68 time, 2860.02 real, 7112 MB
[runlim] sample:		5817.97 time, 2870.02 real, 7090 MB
[runlim] sample:		5838.25 time, 2880.02 real, 7184 MB
[runlim] sample:		5858.52 time, 2890.02 real, 7091 MB
[runlim] sample:		5878.81 time, 2900.02 real, 7215 MB
[runlim] sample:		5899.08 time, 2910.02 real, 7146 MB
[runlim] sample:		5919.35 time, 2920.02 real, 7221 MB
[runlim] sample:		5939.63 time, 2930.02 real, 7443 MB
[runlim] sample:		5959.90 time, 2940.02 real, 7245 MB
[runlim] sample:		5980.17 time, 2950.02 real, 7488 MB
[runlim] sample:		6000.42 time, 2960.02 real, 7283 MB
[runlim] sample:		6020.69 time, 2970.02 real, 7498 MB
[runlim] sample:		6040.96 time, 2980.02 real, 7341 MB
[runlim] sample:		6061.25 time, 2990.02 real, 7457 MB
[runlim] sample:		6081.52 time, 3000.02 real, 7865 MB
[runlim] sample:		6101.77 time, 3010.02 real, 7672 MB
[runlim] sample:		6122.05 time, 3020.02 real, 7673 MB
[runlim] sample:		6142.32 time, 3030.02 real, 7674 MB
[runlim] sample:		6162.61 time, 3040.02 real, 7664 MB
[runlim] sample:		6182.89 time, 3050.02 real, 7672 MB
[runlim] sample:		6203.14 time, 3060.02 real, 7662 MB
[runlim] sample:		6223.40 time, 3070.02 real, 7653 MB
[runlim] sample:		6243.70 time, 3080.02 real, 7686 MB
[runlim] sample:		6263.97 time, 3090.02 real, 7806 MB
[runlim] sample:		6284.24 time, 3100.02 real, 7789 MB
[runlim] sample:		6304.52 time, 3110.02 real, 7774 MB
[runlim] sample:		6324.79 time, 3120.02 real, 7736 MB
[runlim] sample:		6345.05 time, 3130.02 real, 7727 MB
[runlim] sample:		6365.32 time, 3140.02 real, 7725 MB
[runlim] sample:		6385.60 time, 3150.02 real, 7727 MB
[runlim] sample:		6405.86 time, 3160.02 real, 7712 MB
[runlim] sample:		6426.15 time, 3170.02 real, 7705 MB
[runlim] sample:		6446.43 time, 3180.02 real, 7693 MB
[runlim] sample:		6466.71 time, 3190.02 real, 7683 MB
[runlim] sample:		6486.99 time, 3200.02 real, 7672 MB
[runlim] sample:		6507.27 time, 3210.02 real, 7685 MB
[runlim] sample:		6527.55 time, 3220.02 real, 7686 MB
[runlim] sample:		6547.82 time, 3230.02 real, 7723 MB
[runlim] sample:		6568.11 time, 3240.02 real, 7725 MB
[runlim] sample:		6588.40 time, 3250.02 real, 7726 MB
[runlim] sample:		6608.68 time, 3260.02 real, 7692 MB
[runlim] sample:		6628.96 time, 3270.02 real, 7694 MB
[runlim] sample:		6649.24 time, 3280.02 real, 7717 MB
[runlim] sample:		6669.51 time, 3290.02 real, 7697 MB
[runlim] sample:		6689.79 time, 3300.02 real, 7722 MB
[runlim] sample:		6710.07 time, 3310.02 real, 7790 MB
[runlim] sample:		6730.34 time, 3320.02 real, 7820 MB
[runlim] sample:		6750.62 time, 3330.02 real, 7913 MB
[runlim] sample:		6770.91 time, 3340.02 real, 7730 MB
[runlim] sample:		6791.17 time, 3350.02 real, 7720 MB
[runlim] sample:		6811.45 time, 3360.02 real, 7744 MB
[runlim] sample:		6831.73 time, 3370.02 real, 7709 MB
[runlim] sample:		6852.00 time, 3380.02 real, 7748 MB
[runlim] sample:		6872.26 time, 3390.02 real, 7740 MB
[runlim] sample:		6892.55 time, 3400.02 real, 7764 MB
[runlim] sample:		6912.81 time, 3410.02 real, 7834 MB
[runlim] sample:		6933.08 time, 3420.02 real, 7866 MB
[runlim] sample:		6953.37 time, 3430.02 real, 7745 MB
[runlim] sample:		6973.64 time, 3440.02 real, 7721 MB
[runlim] sample:		6993.91 time, 3450.02 real, 7722 MB
[runlim] sample:		7014.19 time, 3460.02 real, 7767 MB
[runlim] sample:		7034.45 time, 3470.02 real, 7820 MB
[runlim] sample:		7054.74 time, 3480.02 real, 7898 MB
[runlim] sample:		7075.01 time, 3490.02 real, 7894 MB
[runlim] sample:		7095.29 time, 3500.02 real, 7924 MB
[runlim] sample:		7115.57 time, 3510.02 real, 7976 MB
[runlim] sample:		7135.84 time, 3520.02 real, 7711 MB
[runlim] sample:		7156.13 time, 3530.02 real, 7773 MB
[runlim] sample:		7176.39 time, 3540.02 real, 7838 MB
[runlim] sample:		7196.66 time, 3550.02 real, 7849 MB
[runlim] sample:		7216.93 time, 3560.02 real, 7929 MB
[runlim] sample:		7237.21 time, 3570.02 real, 7974 MB
[runlim] sample:		7257.48 time, 3580.02 real, 8055 MB
[runlim] sample:		7277.76 time, 3590.02 real, 8117 MB
[runlim] sample:		7298.04 time, 3600.02 real, 8142 MB
[runlim] end:			Wed Oct 16 23:33:29 2019
[runlim] status:		out of time
[runlim] result:		2
[runlim] children:		4
[runlim] real:			3600.10 seconds
[runlim] time:			7298.04 seconds
[runlim] space:			8273 MB
[runlim] samples:		36000
