[runlim] version:		1.17
[runlim] host:			c3n32
[runlim] time limit:		311040000 seconds
[runlim] real time limit:	3600 seconds
[runlim] space limit:		120000 MB
[runlim] argv[0]:		./run-cosa2.sh
[runlim] argv[1]:		/tmp/1NoKOi6g.btor
[runlim] start:			Wed Oct 16 20:12:37 2019
[runlim] child:			31782
[runlim] sample:		20.18 time, 10.02 real, 204 MB
[runlim] sample:		40.45 time, 20.02 real, 245 MB
[runlim] sample:		60.73 time, 30.02 real, 276 MB
[runlim] sample:		80.99 time, 40.02 real, 332 MB
[runlim] sample:		101.26 time, 50.02 real, 382 MB
[runlim] sample:		121.53 time, 60.02 real, 388 MB
[runlim] sample:		141.81 time, 70.02 real, 441 MB
[runlim] sample:		162.07 time, 80.02 real, 454 MB
[runlim] sample:		182.35 time, 90.02 real, 509 MB
[runlim] sample:		202.63 time, 100.02 real, 543 MB
[runlim] sample:		222.90 time, 110.02 real, 495 MB
[runlim] sample:		243.17 time, 120.02 real, 557 MB
[runlim] sample:		263.45 time, 130.02 real, 633 MB
[runlim] sample:		283.72 time, 140.02 real, 646 MB
[runlim] sample:		304.01 time, 150.02 real, 656 MB
[runlim] sample:		324.27 time, 160.02 real, 710 MB
[runlim] sample:		344.54 time, 170.02 real, 729 MB
[runlim] sample:		364.82 time, 180.02 real, 700 MB
[runlim] sample:		385.09 time, 190.02 real, 713 MB
[runlim] sample:		405.36 time, 200.02 real, 734 MB
[runlim] sample:		425.64 time, 210.02 real, 813 MB
[runlim] sample:		445.91 time, 220.02 real, 815 MB
[runlim] sample:		466.17 time, 230.02 real, 837 MB
[runlim] sample:		486.46 time, 240.02 real, 782 MB
[runlim] sample:		506.72 time, 250.02 real, 829 MB
[runlim] sample:		526.99 time, 260.02 real, 922 MB
[runlim] sample:		547.27 time, 270.02 real, 924 MB
[runlim] sample:		567.53 time, 280.02 real, 932 MB
[runlim] sample:		587.81 time, 290.02 real, 942 MB
[runlim] sample:		608.06 time, 300.02 real, 1004 MB
[runlim] sample:		628.35 time, 310.02 real, 999 MB
[runlim] sample:		648.63 time, 320.02 real, 1001 MB
[runlim] sample:		668.92 time, 330.02 real, 1019 MB
[runlim] sample:		689.18 time, 340.02 real, 1051 MB
[runlim] sample:		709.45 time, 350.02 real, 1055 MB
[runlim] sample:		729.73 time, 360.02 real, 1089 MB
[runlim] sample:		749.99 time, 370.02 real, 1052 MB
[runlim] sample:		770.27 time, 380.01 real, 1091 MB
[runlim] sample:		790.53 time, 390.01 real, 1091 MB
[runlim] sample:		810.81 time, 400.01 real, 1109 MB
[runlim] sample:		831.08 time, 410.01 real, 1116 MB
[runlim] sample:		851.36 time, 420.01 real, 1150 MB
[runlim] sample:		871.65 time, 430.01 real, 1190 MB
[runlim] sample:		891.92 time, 440.01 real, 1131 MB
[runlim] sample:		912.19 time, 450.01 real, 1161 MB
[runlim] sample:		932.47 time, 460.01 real, 1191 MB
[runlim] sample:		952.74 time, 470.01 real, 1168 MB
[runlim] sample:		972.96 time, 480.01 real, 1199 MB
[runlim] sample:		993.26 time, 490.01 real, 1210 MB
[runlim] sample:		1013.54 time, 500.01 real, 1215 MB
[runlim] sample:		1033.82 time, 510.01 real, 1218 MB
[runlim] sample:		1054.09 time, 520.01 real, 1263 MB
[runlim] sample:		1074.37 time, 530.01 real, 1284 MB
[runlim] sample:		1094.64 time, 540.01 real, 1298 MB
[runlim] sample:		1114.92 time, 550.01 real, 1324 MB
[runlim] sample:		1135.20 time, 560.01 real, 1359 MB
[runlim] sample:		1155.47 time, 570.01 real, 1304 MB
[runlim] sample:		1175.75 time, 580.01 real, 1369 MB
[runlim] sample:		1196.02 time, 590.01 real, 1376 MB
[runlim] sample:		1216.28 time, 600.02 real, 1370 MB
[runlim] sample:		1236.56 time, 610.01 real, 1385 MB
[runlim] sample:		1256.84 time, 620.01 real, 1391 MB
[runlim] sample:		1277.09 time, 630.01 real, 1396 MB
[runlim] sample:		1297.38 time, 640.01 real, 1416 MB
[runlim] sample:		1317.64 time, 650.01 real, 1468 MB
[runlim] sample:		1337.91 time, 660.01 real, 1469 MB
[runlim] sample:		1358.19 time, 670.01 real, 1490 MB
[runlim] sample:		1378.45 time, 680.01 real, 1545 MB
[runlim] sample:		1398.69 time, 690.01 real, 1521 MB
[runlim] sample:		1418.94 time, 700.01 real, 1543 MB
[runlim] sample:		1439.22 time, 710.01 real, 1548 MB
[runlim] sample:		1459.49 time, 720.01 real, 1558 MB
[runlim] sample:		1479.76 time, 730.01 real, 1575 MB
[runlim] sample:		1500.04 time, 740.01 real, 1618 MB
[runlim] sample:		1520.30 time, 750.01 real, 1555 MB
[runlim] sample:		1540.60 time, 760.01 real, 1637 MB
[runlim] sample:		1560.87 time, 770.01 real, 1641 MB
[runlim] sample:		1581.13 time, 780.02 real, 1658 MB
[runlim] sample:		1601.40 time, 790.01 real, 1670 MB
[runlim] sample:		1621.67 time, 800.01 real, 1670 MB
[runlim] sample:		1641.96 time, 810.01 real, 1634 MB
[runlim] sample:		1662.24 time, 820.01 real, 1671 MB
[runlim] sample:		1682.51 time, 830.01 real, 1693 MB
[runlim] sample:		1702.77 time, 840.01 real, 1788 MB
[runlim] sample:		1723.06 time, 850.01 real, 1763 MB
[runlim] sample:		1743.33 time, 860.01 real, 1769 MB
[runlim] sample:		1763.60 time, 870.01 real, 1741 MB
[runlim] sample:		1783.87 time, 880.01 real, 1772 MB
[runlim] sample:		1804.15 time, 890.01 real, 1779 MB
[runlim] sample:		1824.41 time, 900.01 real, 1798 MB
[runlim] sample:		1844.70 time, 910.01 real, 1831 MB
[runlim] sample:		1864.97 time, 920.01 real, 1881 MB
[runlim] sample:		1885.24 time, 930.02 real, 1925 MB
[runlim] end:			Wed Oct 16 20:28:13 2019
[runlim] status:		ok
[runlim] result:		0
[runlim] children:		4
[runlim] real:			935.92 seconds
[runlim] time:			1897.06 seconds
[runlim] space:			1995 MB
[runlim] samples:		9359
