[runlim] version:		1.17
[runlim] host:			c3n22
[runlim] time limit:		311040000 seconds
[runlim] real time limit:	3600 seconds
[runlim] space limit:		120000 MB
[runlim] argv[0]:		./run-cosa2.sh
[runlim] argv[1]:		/tmp/BoVlmlx1.btor
[runlim] start:			Wed Oct 16 20:51:29 2019
[runlim] child:			8658
[runlim] sample:		20.17 time, 10.02 real, 499 MB
[runlim] sample:		40.44 time, 20.02 real, 735 MB
[runlim] sample:		60.72 time, 30.02 real, 859 MB
[runlim] sample:		80.99 time, 40.02 real, 955 MB
[runlim] sample:		101.28 time, 50.02 real, 1058 MB
[runlim] sample:		121.56 time, 60.02 real, 1233 MB
[runlim] sample:		141.84 time, 70.02 real, 1426 MB
[runlim] sample:		162.12 time, 80.02 real, 1486 MB
[runlim] sample:		182.41 time, 90.02 real, 1600 MB
[runlim] sample:		202.68 time, 100.02 real, 1705 MB
[runlim] sample:		222.97 time, 110.02 real, 1649 MB
[runlim] sample:		243.24 time, 120.02 real, 1671 MB
[runlim] sample:		263.50 time, 130.02 real, 1683 MB
[runlim] sample:		283.78 time, 140.02 real, 1863 MB
[runlim] sample:		304.05 time, 150.02 real, 1962 MB
[runlim] sample:		324.34 time, 160.02 real, 1995 MB
[runlim] sample:		344.60 time, 170.02 real, 2047 MB
[runlim] sample:		364.87 time, 180.02 real, 2146 MB
[runlim] sample:		385.15 time, 190.02 real, 2192 MB
[runlim] sample:		405.43 time, 200.02 real, 2272 MB
[runlim] end:			Wed Oct 16 20:54:55 2019
[runlim] status:		ok
[runlim] result:		0
[runlim] children:		4
[runlim] real:			205.59 seconds
[runlim] time:			416.59 seconds
[runlim] space:			2337 MB
[runlim] samples:		2055
