[runlim] version:		1.17
[runlim] host:			c3n30
[runlim] time limit:		311040000 seconds
[runlim] real time limit:	3600 seconds
[runlim] space limit:		120000 MB
[runlim] argv[0]:		./run-cosa2.sh
[runlim] argv[1]:		/tmp/zZEEFqr7.btor
[runlim] start:			Wed Oct 16 20:17:02 2019
[runlim] child:			11275
[runlim] sample:		20.19 time, 10.02 real, 464 MB
[runlim] sample:		40.47 time, 20.02 real, 787 MB
[runlim] sample:		60.75 time, 30.02 real, 811 MB
[runlim] sample:		81.01 time, 40.02 real, 935 MB
[runlim] sample:		101.29 time, 50.02 real, 1123 MB
[runlim] sample:		121.55 time, 60.02 real, 1203 MB
[runlim] sample:		141.83 time, 70.02 real, 1297 MB
[runlim] sample:		162.11 time, 80.02 real, 1357 MB
[runlim] sample:		182.37 time, 90.02 real, 1378 MB
[runlim] sample:		202.65 time, 100.02 real, 1404 MB
[runlim] sample:		222.94 time, 110.02 real, 1455 MB
[runlim] sample:		243.20 time, 120.02 real, 1540 MB
[runlim] sample:		263.47 time, 130.02 real, 1694 MB
[runlim] sample:		283.76 time, 140.02 real, 1756 MB
[runlim] sample:		304.03 time, 150.02 real, 1914 MB
[runlim] sample:		324.31 time, 160.02 real, 1960 MB
[runlim] sample:		344.60 time, 170.02 real, 2013 MB
[runlim] sample:		364.87 time, 180.02 real, 2109 MB
[runlim] sample:		385.15 time, 190.02 real, 2200 MB
[runlim] sample:		405.43 time, 200.02 real, 2128 MB
[runlim] sample:		425.72 time, 210.02 real, 2137 MB
[runlim] sample:		445.99 time, 220.02 real, 2181 MB
[runlim] sample:		466.28 time, 230.02 real, 2205 MB
[runlim] sample:		486.55 time, 240.02 real, 2253 MB
[runlim] sample:		506.84 time, 250.02 real, 2281 MB
[runlim] sample:		527.12 time, 260.02 real, 2377 MB
[runlim] sample:		547.38 time, 270.02 real, 2398 MB
[runlim] sample:		567.66 time, 280.02 real, 2480 MB
[runlim] sample:		587.93 time, 290.02 real, 2532 MB
[runlim] end:			Wed Oct 16 20:21:57 2019
[runlim] status:		ok
[runlim] result:		0
[runlim] children:		4
[runlim] real:			294.78 seconds
[runlim] time:			597.47 seconds
[runlim] space:			2676 MB
[runlim] samples:		2947
