[runlim] version:		1.17
[runlim] host:			c3n31
[runlim] time limit:		311040000 seconds
[runlim] real time limit:	3600 seconds
[runlim] space limit:		120000 MB
[runlim] argv[0]:		./run-cosa2.sh
[runlim] argv[1]:		/tmp/6WvgC6HR.btor
[runlim] start:			Wed Oct 16 19:52:50 2019
[runlim] child:			25122
[runlim] sample:		20.15 time, 10.02 real, 278 MB
[runlim] sample:		40.43 time, 20.02 real, 354 MB
[runlim] sample:		60.71 time, 30.02 real, 381 MB
[runlim] sample:		80.98 time, 40.02 real, 384 MB
[runlim] sample:		101.25 time, 50.02 real, 423 MB
[runlim] sample:		121.53 time, 60.02 real, 429 MB
[runlim] sample:		141.79 time, 70.02 real, 436 MB
[runlim] sample:		162.07 time, 80.02 real, 440 MB
[runlim] sample:		182.34 time, 90.02 real, 443 MB
[runlim] sample:		202.61 time, 100.02 real, 398 MB
[runlim] sample:		222.88 time, 110.02 real, 434 MB
[runlim] sample:		243.17 time, 120.02 real, 452 MB
[runlim] sample:		263.43 time, 130.02 real, 453 MB
[runlim] sample:		283.70 time, 140.02 real, 476 MB
[runlim] sample:		303.98 time, 150.02 real, 476 MB
[runlim] sample:		324.26 time, 160.02 real, 476 MB
[runlim] sample:		344.52 time, 170.02 real, 477 MB
[runlim] sample:		364.80 time, 180.02 real, 477 MB
[runlim] sample:		385.07 time, 190.02 real, 480 MB
[runlim] sample:		405.34 time, 200.02 real, 484 MB
[runlim] sample:		425.61 time, 210.02 real, 489 MB
[runlim] sample:		445.88 time, 220.02 real, 427 MB
[runlim] sample:		466.15 time, 230.02 real, 488 MB
[runlim] sample:		486.43 time, 240.02 real, 469 MB
[runlim] sample:		506.71 time, 250.02 real, 498 MB
[runlim] sample:		526.98 time, 260.02 real, 499 MB
[runlim] sample:		547.24 time, 270.02 real, 500 MB
[runlim] sample:		567.50 time, 280.02 real, 525 MB
[runlim] sample:		587.78 time, 290.02 real, 514 MB
[runlim] sample:		608.04 time, 300.02 real, 515 MB
[runlim] sample:		628.32 time, 310.02 real, 528 MB
[runlim] sample:		648.59 time, 320.02 real, 489 MB
[runlim] sample:		668.87 time, 330.02 real, 533 MB
[runlim] sample:		689.14 time, 340.02 real, 507 MB
[runlim] sample:		709.42 time, 350.02 real, 551 MB
[runlim] sample:		729.68 time, 360.02 real, 589 MB
[runlim] sample:		749.95 time, 370.02 real, 601 MB
[runlim] sample:		770.22 time, 380.02 real, 624 MB
[runlim] sample:		790.50 time, 390.02 real, 639 MB
[runlim] sample:		810.76 time, 400.02 real, 584 MB
[runlim] sample:		831.03 time, 410.02 real, 590 MB
[runlim] sample:		851.31 time, 420.02 real, 624 MB
[runlim] sample:		871.58 time, 430.02 real, 637 MB
[runlim] sample:		891.86 time, 440.02 real, 646 MB
[runlim] sample:		912.13 time, 450.02 real, 653 MB
[runlim] sample:		932.40 time, 460.02 real, 665 MB
[runlim] sample:		952.67 time, 470.02 real, 676 MB
[runlim] sample:		972.94 time, 480.02 real, 709 MB
[runlim] sample:		993.21 time, 490.02 real, 732 MB
[runlim] sample:		1013.48 time, 500.02 real, 755 MB
[runlim] sample:		1033.73 time, 510.02 real, 756 MB
[runlim] sample:		1054.03 time, 520.02 real, 765 MB
[runlim] sample:		1074.29 time, 530.02 real, 765 MB
[runlim] sample:		1094.56 time, 540.02 real, 765 MB
[runlim] sample:		1114.83 time, 550.02 real, 745 MB
[runlim] sample:		1135.11 time, 560.02 real, 745 MB
[runlim] sample:		1155.37 time, 570.02 real, 702 MB
[runlim] sample:		1175.65 time, 580.02 real, 737 MB
[runlim] sample:		1195.90 time, 590.02 real, 763 MB
[runlim] sample:		1216.19 time, 600.02 real, 770 MB
[runlim] sample:		1236.46 time, 610.02 real, 770 MB
[runlim] sample:		1256.72 time, 620.02 real, 770 MB
[runlim] sample:		1276.98 time, 630.02 real, 772 MB
[runlim] sample:		1297.26 time, 640.02 real, 736 MB
[runlim] sample:		1317.54 time, 650.02 real, 765 MB
[runlim] sample:		1337.81 time, 660.02 real, 774 MB
[runlim] sample:		1358.08 time, 670.02 real, 804 MB
[runlim] sample:		1378.35 time, 680.02 real, 808 MB
[runlim] sample:		1398.63 time, 690.02 real, 765 MB
[runlim] sample:		1418.89 time, 700.02 real, 769 MB
[runlim] sample:		1439.16 time, 710.02 real, 801 MB
[runlim] sample:		1459.44 time, 720.02 real, 808 MB
[runlim] sample:		1479.70 time, 730.02 real, 842 MB
[runlim] sample:		1499.97 time, 740.02 real, 849 MB
[runlim] sample:		1520.23 time, 750.02 real, 854 MB
[runlim] sample:		1540.50 time, 760.02 real, 862 MB
[runlim] sample:		1560.79 time, 770.02 real, 867 MB
[runlim] sample:		1581.06 time, 780.02 real, 870 MB
[runlim] sample:		1601.33 time, 790.02 real, 873 MB
[runlim] sample:		1621.59 time, 800.02 real, 878 MB
[runlim] sample:		1641.87 time, 810.02 real, 880 MB
[runlim] sample:		1662.14 time, 820.02 real, 881 MB
[runlim] sample:		1682.42 time, 830.02 real, 881 MB
[runlim] sample:		1702.69 time, 840.02 real, 881 MB
[runlim] sample:		1722.96 time, 850.02 real, 882 MB
[runlim] sample:		1743.23 time, 860.02 real, 882 MB
[runlim] sample:		1763.51 time, 870.02 real, 882 MB
[runlim] sample:		1783.78 time, 880.02 real, 882 MB
[runlim] sample:		1804.04 time, 890.02 real, 882 MB
[runlim] sample:		1824.31 time, 900.02 real, 883 MB
[runlim] sample:		1844.59 time, 910.02 real, 838 MB
[runlim] sample:		1864.86 time, 920.02 real, 838 MB
[runlim] sample:		1885.12 time, 930.02 real, 839 MB
[runlim] sample:		1905.41 time, 940.02 real, 840 MB
[runlim] sample:		1925.68 time, 950.02 real, 831 MB
[runlim] sample:		1945.96 time, 960.02 real, 832 MB
[runlim] end:			Wed Oct 16 20:09:00 2019
[runlim] status:		ok
[runlim] result:		0
[runlim] children:		4
[runlim] real:			969.83 seconds
[runlim] time:			1965.62 seconds
[runlim] space:			917 MB
[runlim] samples:		9698
