[runlim] version:		1.17
[runlim] host:			c3n10
[runlim] time limit:		311040000 seconds
[runlim] real time limit:	3600 seconds
[runlim] space limit:		120000 MB
[runlim] argv[0]:		./run-cosa2.sh
[runlim] argv[1]:		/tmp/QNc8pcbT.btor
[runlim] start:			Wed Oct 16 20:35:16 2019
[runlim] child:			29919
[runlim] sample:		20.17 time, 10.02 real, 415 MB
[runlim] sample:		40.45 time, 20.01 real, 548 MB
[runlim] sample:		60.71 time, 30.01 real, 748 MB
[runlim] sample:		80.98 time, 40.01 real, 906 MB
[runlim] sample:		101.25 time, 50.01 real, 901 MB
[runlim] sample:		121.52 time, 60.01 real, 1009 MB
[runlim] sample:		141.79 time, 70.01 real, 1174 MB
[runlim] sample:		162.07 time, 80.01 real, 1241 MB
[runlim] sample:		182.34 time, 90.02 real, 1313 MB
[runlim] sample:		202.60 time, 100.02 real, 1309 MB
[runlim] sample:		222.87 time, 110.02 real, 1325 MB
[runlim] sample:		243.14 time, 120.02 real, 1394 MB
[runlim] sample:		263.41 time, 130.02 real, 1565 MB
[runlim] sample:		283.71 time, 140.02 real, 1568 MB
[runlim] sample:		303.96 time, 150.02 real, 1619 MB
[runlim] sample:		324.24 time, 160.02 real, 1719 MB
[runlim] sample:		344.51 time, 170.01 real, 1815 MB
[runlim] sample:		364.79 time, 180.02 real, 1911 MB
[runlim] sample:		385.05 time, 190.02 real, 1930 MB
[runlim] sample:		405.33 time, 200.02 real, 1908 MB
[runlim] sample:		425.60 time, 210.02 real, 1984 MB
[runlim] sample:		445.88 time, 220.02 real, 1997 MB
[runlim] sample:		466.15 time, 230.02 real, 2084 MB
[runlim] sample:		486.42 time, 240.02 real, 2180 MB
[runlim] sample:		506.70 time, 250.02 real, 2235 MB
[runlim] sample:		526.97 time, 260.02 real, 2287 MB
[runlim] sample:		547.24 time, 270.02 real, 2393 MB
[runlim] sample:		567.52 time, 280.02 real, 2419 MB
[runlim] sample:		587.80 time, 290.02 real, 2353 MB
[runlim] sample:		608.07 time, 300.02 real, 2365 MB
[runlim] sample:		628.34 time, 310.02 real, 2367 MB
[runlim] sample:		648.61 time, 320.02 real, 2374 MB
[runlim] sample:		668.88 time, 330.02 real, 2465 MB
[runlim] sample:		689.15 time, 340.02 real, 2493 MB
[runlim] sample:		709.43 time, 350.02 real, 2537 MB
[runlim] sample:		729.71 time, 360.02 real, 2556 MB
[runlim] sample:		749.98 time, 370.02 real, 2622 MB
[runlim] sample:		770.25 time, 380.02 real, 2791 MB
[runlim] sample:		790.53 time, 390.02 real, 2810 MB
[runlim] sample:		810.79 time, 400.02 real, 2863 MB
[runlim] sample:		831.07 time, 410.02 real, 2823 MB
[runlim] sample:		851.35 time, 420.02 real, 3017 MB
[runlim] sample:		871.63 time, 430.02 real, 2968 MB
[runlim] sample:		891.89 time, 440.02 real, 2991 MB
[runlim] sample:		912.17 time, 450.02 real, 2994 MB
[runlim] sample:		932.43 time, 460.02 real, 2996 MB
[runlim] sample:		952.71 time, 470.02 real, 3019 MB
[runlim] sample:		972.98 time, 480.02 real, 3072 MB
[runlim] sample:		993.24 time, 490.02 real, 3066 MB
[runlim] sample:		1013.53 time, 500.02 real, 3186 MB
[runlim] sample:		1033.79 time, 510.02 real, 3181 MB
[runlim] sample:		1054.07 time, 520.02 real, 3186 MB
[runlim] sample:		1074.34 time, 530.02 real, 3201 MB
[runlim] sample:		1094.62 time, 540.02 real, 3178 MB
[runlim] sample:		1114.89 time, 550.01 real, 3202 MB
[runlim] sample:		1135.16 time, 560.02 real, 3279 MB
[runlim] sample:		1155.43 time, 570.02 real, 3315 MB
[runlim] sample:		1175.70 time, 580.02 real, 3347 MB
[runlim] sample:		1195.98 time, 590.02 real, 3399 MB
[runlim] sample:		1216.25 time, 600.02 real, 3398 MB
[runlim] sample:		1236.53 time, 610.02 real, 3438 MB
[runlim] sample:		1256.80 time, 620.02 real, 3442 MB
[runlim] sample:		1277.07 time, 630.02 real, 3536 MB
[runlim] sample:		1297.35 time, 640.02 real, 3556 MB
[runlim] sample:		1317.61 time, 650.02 real, 3614 MB
[runlim] sample:		1337.89 time, 660.02 real, 3710 MB
[runlim] sample:		1358.15 time, 670.01 real, 3770 MB
[runlim] sample:		1378.42 time, 680.02 real, 3724 MB
[runlim] sample:		1398.70 time, 690.02 real, 3725 MB
[runlim] sample:		1418.97 time, 700.02 real, 3758 MB
[runlim] sample:		1439.24 time, 710.02 real, 3765 MB
[runlim] sample:		1459.51 time, 720.02 real, 3803 MB
[runlim] sample:		1479.79 time, 730.02 real, 3816 MB
[runlim] sample:		1500.06 time, 740.02 real, 3845 MB
[runlim] sample:		1520.34 time, 750.02 real, 3820 MB
[runlim] sample:		1540.60 time, 760.02 real, 3822 MB
[runlim] sample:		1560.88 time, 770.02 real, 3875 MB
[runlim] sample:		1581.15 time, 780.02 real, 3919 MB
[runlim] sample:		1601.43 time, 790.02 real, 3930 MB
[runlim] sample:		1621.71 time, 800.02 real, 3986 MB
[runlim] sample:		1641.97 time, 810.02 real, 4056 MB
[runlim] sample:		1662.26 time, 820.02 real, 4062 MB
[runlim] sample:		1682.54 time, 830.02 real, 4052 MB
[runlim] sample:		1702.79 time, 840.02 real, 4078 MB
[runlim] sample:		1723.07 time, 850.02 real, 4104 MB
[runlim] sample:		1743.34 time, 860.02 real, 4106 MB
[runlim] sample:		1763.63 time, 870.02 real, 4163 MB
[runlim] sample:		1783.88 time, 880.02 real, 4329 MB
[runlim] sample:		1804.16 time, 890.02 real, 4359 MB
[runlim] sample:		1824.43 time, 900.02 real, 4365 MB
[runlim] sample:		1844.70 time, 910.02 real, 4375 MB
[runlim] sample:		1864.98 time, 920.02 real, 4417 MB
[runlim] sample:		1885.25 time, 930.02 real, 4412 MB
[runlim] sample:		1905.53 time, 940.02 real, 4437 MB
[runlim] sample:		1925.79 time, 950.02 real, 4454 MB
[runlim] sample:		1946.06 time, 960.02 real, 4466 MB
[runlim] sample:		1966.33 time, 970.02 real, 4505 MB
[runlim] sample:		1986.62 time, 980.02 real, 4507 MB
[runlim] sample:		2006.89 time, 990.02 real, 4510 MB
[runlim] sample:		2027.16 time, 1000.02 real, 4511 MB
[runlim] sample:		2047.44 time, 1010.02 real, 4513 MB
[runlim] sample:		2067.71 time, 1020.02 real, 4523 MB
[runlim] sample:		2087.99 time, 1030.02 real, 4519 MB
[runlim] sample:		2108.25 time, 1040.02 real, 4538 MB
[runlim] sample:		2128.54 time, 1050.02 real, 4597 MB
[runlim] sample:		2148.80 time, 1060.02 real, 4588 MB
[runlim] sample:		2169.07 time, 1070.02 real, 4656 MB
[runlim] sample:		2189.36 time, 1080.02 real, 4645 MB
[runlim] sample:		2209.62 time, 1090.02 real, 4742 MB
[runlim] sample:		2229.89 time, 1100.02 real, 4704 MB
[runlim] sample:		2250.18 time, 1110.02 real, 4734 MB
[runlim] sample:		2270.45 time, 1120.02 real, 4657 MB
[runlim] sample:		2290.71 time, 1130.02 real, 4712 MB
[runlim] sample:		2310.99 time, 1140.02 real, 4665 MB
[runlim] sample:		2331.25 time, 1150.02 real, 4669 MB
[runlim] end:			Wed Oct 16 20:54:35 2019
[runlim] status:		ok
[runlim] result:		0
[runlim] children:		4
[runlim] real:			1159.17 seconds
[runlim] time:			2349.70 seconds
[runlim] space:			4809 MB
[runlim] samples:		11591
