[runlim] version:		1.17
[runlim] host:			c3n01
[runlim] time limit:		311040000 seconds
[runlim] real time limit:	3600 seconds
[runlim] space limit:		120000 MB
[runlim] argv[0]:		./run-cosa2.sh
[runlim] argv[1]:		/tmp/lZMuQ6aA.btor
[runlim] start:			Wed Oct 16 20:29:49 2019
[runlim] child:			6302
[runlim] sample:		20.16 time, 10.02 real, 454 MB
[runlim] sample:		40.44 time, 20.01 real, 723 MB
[runlim] sample:		60.73 time, 30.02 real, 912 MB
[runlim] sample:		80.99 time, 40.02 real, 1017 MB
[runlim] end:			Wed Oct 16 20:30:38 2019
[runlim] status:		ok
[runlim] result:		0
[runlim] children:		4
[runlim] real:			48.80 seconds
[runlim] time:			98.62 seconds
[runlim] space:			1131 MB
[runlim] samples:		487
