[runlim] version:		1.17
[runlim] host:			c3n17
[runlim] time limit:		311040000 seconds
[runlim] real time limit:	3600 seconds
[runlim] space limit:		120000 MB
[runlim] argv[0]:		./run-cosa2.sh
[runlim] argv[1]:		/tmp/hFHjSUX7.btor
[runlim] start:			Wed Oct 16 22:00:53 2019
[runlim] child:			10667
[runlim] sample:		20.18 time, 10.01 real, 337 MB
[runlim] sample:		40.46 time, 20.01 real, 571 MB
[runlim] sample:		60.73 time, 30.01 real, 566 MB
[runlim] sample:		81.00 time, 40.01 real, 729 MB
[runlim] sample:		101.28 time, 50.02 real, 903 MB
[runlim] sample:		121.56 time, 60.02 real, 1098 MB
[runlim] sample:		141.81 time, 70.02 real, 1144 MB
[runlim] sample:		162.10 time, 80.02 real, 1317 MB
[runlim] sample:		182.37 time, 90.02 real, 1348 MB
[runlim] sample:		202.65 time, 100.02 real, 1223 MB
[runlim] sample:		222.93 time, 110.01 real, 1214 MB
[runlim] sample:		243.21 time, 120.02 real, 1217 MB
[runlim] sample:		263.48 time, 130.02 real, 1218 MB
[runlim] sample:		283.74 time, 140.02 real, 1219 MB
[runlim] sample:		304.02 time, 150.02 real, 1223 MB
[runlim] sample:		324.29 time, 160.02 real, 1165 MB
[runlim] sample:		344.58 time, 170.02 real, 1212 MB
[runlim] sample:		364.85 time, 180.02 real, 1219 MB
[runlim] sample:		385.10 time, 190.02 real, 1293 MB
[runlim] sample:		405.39 time, 200.02 real, 1371 MB
[runlim] sample:		425.66 time, 210.02 real, 1537 MB
[runlim] sample:		445.92 time, 220.02 real, 1549 MB
[runlim] sample:		466.21 time, 230.02 real, 1554 MB
[runlim] sample:		486.46 time, 240.02 real, 1564 MB
[runlim] sample:		506.75 time, 250.02 real, 1548 MB
[runlim] sample:		527.01 time, 260.02 real, 1563 MB
[runlim] sample:		547.29 time, 270.02 real, 1572 MB
[runlim] sample:		567.56 time, 280.02 real, 1701 MB
[runlim] sample:		587.83 time, 290.02 real, 1759 MB
[runlim] sample:		608.10 time, 300.02 real, 1871 MB
[runlim] sample:		628.38 time, 310.02 real, 1948 MB
[runlim] sample:		648.65 time, 320.02 real, 2044 MB
[runlim] sample:		668.93 time, 330.02 real, 2220 MB
[runlim] sample:		689.20 time, 340.02 real, 2225 MB
[runlim] sample:		709.45 time, 350.02 real, 2205 MB
[runlim] sample:		729.69 time, 360.02 real, 2342 MB
[runlim] sample:		749.97 time, 370.02 real, 2430 MB
[runlim] sample:		770.25 time, 380.02 real, 2560 MB
[runlim] sample:		790.52 time, 390.02 real, 2304 MB
[runlim] sample:		810.79 time, 400.02 real, 2331 MB
[runlim] sample:		831.07 time, 410.02 real, 2309 MB
[runlim] sample:		851.34 time, 420.02 real, 2327 MB
[runlim] sample:		871.62 time, 430.02 real, 2319 MB
[runlim] sample:		891.90 time, 440.02 real, 2322 MB
[runlim] sample:		912.17 time, 450.02 real, 2327 MB
[runlim] sample:		932.44 time, 460.02 real, 2393 MB
[runlim] sample:		952.72 time, 470.02 real, 2361 MB
[runlim] sample:		973.00 time, 480.02 real, 2366 MB
[runlim] sample:		993.27 time, 490.02 real, 2424 MB
[runlim] sample:		1013.54 time, 500.02 real, 2354 MB
[runlim] sample:		1033.81 time, 510.02 real, 2326 MB
[runlim] sample:		1054.08 time, 520.02 real, 2332 MB
[runlim] sample:		1074.35 time, 530.02 real, 2396 MB
[runlim] sample:		1094.62 time, 540.02 real, 2319 MB
[runlim] sample:		1114.90 time, 550.02 real, 2343 MB
[runlim] sample:		1135.17 time, 560.02 real, 2352 MB
[runlim] sample:		1155.45 time, 570.02 real, 2365 MB
[runlim] sample:		1175.72 time, 580.02 real, 2344 MB
[runlim] sample:		1195.99 time, 590.02 real, 2381 MB
[runlim] sample:		1216.26 time, 600.02 real, 2381 MB
[runlim] sample:		1236.54 time, 610.02 real, 2398 MB
[runlim] sample:		1256.80 time, 620.02 real, 2401 MB
[runlim] sample:		1277.08 time, 630.02 real, 2402 MB
[runlim] sample:		1297.35 time, 640.02 real, 2370 MB
[runlim] sample:		1317.62 time, 650.02 real, 2427 MB
[runlim] sample:		1337.90 time, 660.02 real, 2444 MB
[runlim] sample:		1358.15 time, 670.02 real, 2450 MB
[runlim] sample:		1378.44 time, 680.02 real, 2458 MB
[runlim] sample:		1398.70 time, 690.02 real, 2437 MB
[runlim] sample:		1418.98 time, 700.02 real, 2459 MB
[runlim] sample:		1439.25 time, 710.02 real, 2464 MB
[runlim] sample:		1459.53 time, 720.02 real, 2469 MB
[runlim] sample:		1479.80 time, 730.02 real, 2472 MB
[runlim] sample:		1500.07 time, 740.02 real, 2453 MB
[runlim] sample:		1520.33 time, 750.02 real, 2497 MB
[runlim] sample:		1540.59 time, 760.02 real, 2612 MB
[runlim] sample:		1560.88 time, 770.02 real, 2507 MB
[runlim] sample:		1581.16 time, 780.02 real, 2536 MB
[runlim] sample:		1601.42 time, 790.02 real, 2475 MB
[runlim] sample:		1621.70 time, 800.02 real, 2507 MB
[runlim] sample:		1641.96 time, 810.02 real, 2572 MB
[runlim] sample:		1662.24 time, 820.02 real, 2576 MB
[runlim] sample:		1682.52 time, 830.02 real, 2595 MB
[runlim] sample:		1702.79 time, 840.02 real, 2601 MB
[runlim] sample:		1723.05 time, 850.02 real, 2606 MB
[runlim] sample:		1743.33 time, 860.02 real, 2611 MB
[runlim] sample:		1763.60 time, 870.02 real, 2713 MB
[runlim] sample:		1783.88 time, 880.02 real, 2761 MB
[runlim] sample:		1804.16 time, 890.02 real, 2851 MB
[runlim] sample:		1824.43 time, 900.02 real, 2936 MB
[runlim] sample:		1844.69 time, 910.02 real, 2970 MB
[runlim] sample:		1864.96 time, 920.02 real, 2933 MB
[runlim] sample:		1885.23 time, 930.02 real, 2939 MB
[runlim] sample:		1905.50 time, 940.02 real, 2941 MB
[runlim] sample:		1925.78 time, 950.02 real, 3025 MB
[runlim] sample:		1946.04 time, 960.02 real, 3048 MB
[runlim] sample:		1966.32 time, 970.02 real, 3097 MB
[runlim] sample:		1986.59 time, 980.02 real, 3203 MB
[runlim] sample:		2006.87 time, 990.02 real, 3270 MB
[runlim] sample:		2027.13 time, 1000.02 real, 3335 MB
[runlim] sample:		2047.40 time, 1010.02 real, 3547 MB
[runlim] sample:		2067.67 time, 1020.02 real, 3650 MB
[runlim] sample:		2087.95 time, 1030.02 real, 3608 MB
[runlim] sample:		2108.22 time, 1040.02 real, 3648 MB
[runlim] sample:		2128.51 time, 1050.02 real, 3673 MB
[runlim] sample:		2148.78 time, 1060.02 real, 3720 MB
[runlim] sample:		2169.04 time, 1070.02 real, 3762 MB
[runlim] sample:		2189.31 time, 1080.02 real, 3804 MB
[runlim] sample:		2209.59 time, 1090.02 real, 3864 MB
[runlim] sample:		2229.87 time, 1100.02 real, 3924 MB
[runlim] sample:		2250.13 time, 1110.02 real, 3944 MB
[runlim] sample:		2270.41 time, 1120.02 real, 3949 MB
[runlim] sample:		2290.67 time, 1130.02 real, 4103 MB
[runlim] sample:		2310.95 time, 1140.02 real, 4157 MB
[runlim] sample:		2331.22 time, 1150.02 real, 4130 MB
[runlim] sample:		2351.48 time, 1160.02 real, 4136 MB
[runlim] sample:		2371.76 time, 1170.02 real, 4136 MB
[runlim] sample:		2392.03 time, 1180.02 real, 4287 MB
[runlim] sample:		2412.31 time, 1190.02 real, 4187 MB
[runlim] sample:		2432.58 time, 1200.02 real, 4290 MB
[runlim] sample:		2452.85 time, 1210.02 real, 4561 MB
[runlim] sample:		2473.12 time, 1220.02 real, 4457 MB
[runlim] sample:		2493.39 time, 1230.02 real, 4519 MB
[runlim] sample:		2513.65 time, 1240.02 real, 4512 MB
[runlim] sample:		2533.93 time, 1250.02 real, 4494 MB
[runlim] sample:		2554.22 time, 1260.02 real, 4502 MB
[runlim] sample:		2574.47 time, 1270.02 real, 4620 MB
[runlim] sample:		2594.75 time, 1280.02 real, 4464 MB
[runlim] sample:		2615.02 time, 1290.02 real, 4686 MB
[runlim] sample:		2635.29 time, 1300.02 real, 4624 MB
[runlim] sample:		2655.57 time, 1310.02 real, 4678 MB
[runlim] sample:		2675.84 time, 1320.02 real, 4902 MB
[runlim] sample:		2696.11 time, 1330.02 real, 4605 MB
[runlim] sample:		2716.39 time, 1340.02 real, 4355 MB
[runlim] sample:		2736.65 time, 1350.02 real, 4563 MB
[runlim] sample:		2756.93 time, 1360.02 real, 4352 MB
[runlim] sample:		2777.21 time, 1370.02 real, 4395 MB
[runlim] sample:		2797.48 time, 1380.02 real, 4361 MB
[runlim] sample:		2817.76 time, 1390.02 real, 4363 MB
[runlim] sample:		2838.03 time, 1400.02 real, 4405 MB
[runlim] sample:		2858.30 time, 1410.02 real, 4410 MB
[runlim] sample:		2878.58 time, 1420.02 real, 4446 MB
[runlim] sample:		2898.85 time, 1430.02 real, 4372 MB
[runlim] sample:		2919.13 time, 1440.02 real, 4359 MB
[runlim] sample:		2939.40 time, 1450.02 real, 4364 MB
[runlim] sample:		2959.67 time, 1460.02 real, 4369 MB
[runlim] sample:		2979.94 time, 1470.02 real, 4394 MB
[runlim] sample:		3000.22 time, 1480.02 real, 4611 MB
[runlim] sample:		3020.49 time, 1490.02 real, 4418 MB
[runlim] sample:		3040.76 time, 1500.02 real, 4460 MB
[runlim] sample:		3061.04 time, 1510.02 real, 4376 MB
[runlim] sample:		3081.31 time, 1520.02 real, 4376 MB
[runlim] sample:		3101.59 time, 1530.02 real, 4369 MB
[runlim] sample:		3121.86 time, 1540.02 real, 4369 MB
[runlim] sample:		3142.13 time, 1550.02 real, 4372 MB
[runlim] sample:		3162.39 time, 1560.02 real, 4374 MB
[runlim] sample:		3182.66 time, 1570.02 real, 4554 MB
[runlim] sample:		3202.95 time, 1580.02 real, 4418 MB
[runlim] sample:		3223.21 time, 1590.02 real, 4420 MB
[runlim] sample:		3243.49 time, 1600.02 real, 4378 MB
[runlim] sample:		3263.78 time, 1610.02 real, 4382 MB
[runlim] sample:		3284.05 time, 1620.02 real, 4380 MB
[runlim] sample:		3304.33 time, 1630.02 real, 4380 MB
[runlim] sample:		3324.59 time, 1640.02 real, 4381 MB
[runlim] sample:		3344.87 time, 1650.02 real, 4382 MB
[runlim] sample:		3365.14 time, 1660.02 real, 4384 MB
[runlim] sample:		3385.41 time, 1670.02 real, 4386 MB
[runlim] sample:		3405.68 time, 1680.02 real, 4431 MB
[runlim] sample:		3425.94 time, 1690.02 real, 4431 MB
[runlim] sample:		3446.24 time, 1700.02 real, 4432 MB
[runlim] sample:		3466.51 time, 1710.02 real, 4388 MB
[runlim] sample:		3486.73 time, 1720.02 real, 4388 MB
[runlim] sample:		3506.99 time, 1730.02 real, 4433 MB
[runlim] sample:		3527.23 time, 1740.02 real, 4391 MB
[runlim] sample:		3547.45 time, 1750.02 real, 4391 MB
[runlim] sample:		3567.72 time, 1760.02 real, 4578 MB
[runlim] sample:		3587.98 time, 1770.02 real, 4439 MB
[runlim] sample:		3608.26 time, 1780.02 real, 4496 MB
[runlim] sample:		3628.54 time, 1790.02 real, 4395 MB
[runlim] sample:		3648.81 time, 1800.02 real, 4395 MB
[runlim] sample:		3669.08 time, 1810.02 real, 4392 MB
[runlim] sample:		3689.35 time, 1820.02 real, 4392 MB
[runlim] sample:		3709.63 time, 1830.02 real, 4611 MB
[runlim] sample:		3729.90 time, 1840.02 real, 4397 MB
[runlim] sample:		3750.16 time, 1850.02 real, 4439 MB
[runlim] sample:		3770.42 time, 1860.02 real, 4439 MB
[runlim] sample:		3790.70 time, 1870.02 real, 4397 MB
[runlim] sample:		3810.98 time, 1880.02 real, 4391 MB
[runlim] sample:		3831.25 time, 1890.02 real, 4391 MB
[runlim] sample:		3851.53 time, 1900.02 real, 4395 MB
[runlim] sample:		3871.81 time, 1910.02 real, 4430 MB
[runlim] sample:		3892.06 time, 1920.02 real, 4650 MB
[runlim] sample:		3912.34 time, 1930.02 real, 4398 MB
[runlim] sample:		3932.62 time, 1940.02 real, 4398 MB
[runlim] sample:		3952.90 time, 1950.02 real, 4576 MB
[runlim] sample:		3973.16 time, 1960.02 real, 4440 MB
[runlim] sample:		3993.44 time, 1970.02 real, 4442 MB
[runlim] sample:		4013.71 time, 1980.02 real, 4400 MB
[runlim] sample:		4033.98 time, 1990.02 real, 4400 MB
[runlim] sample:		4054.25 time, 2000.02 real, 4401 MB
[runlim] sample:		4074.52 time, 2010.02 real, 4402 MB
[runlim] sample:		4094.80 time, 2020.02 real, 4403 MB
[runlim] sample:		4115.07 time, 2030.02 real, 4403 MB
[runlim] sample:		4135.33 time, 2040.02 real, 4350 MB
[runlim] sample:		4155.60 time, 2050.02 real, 4381 MB
[runlim] sample:		4175.88 time, 2060.02 real, 4399 MB
[runlim] sample:		4196.15 time, 2070.02 real, 4448 MB
[runlim] sample:		4216.42 time, 2080.02 real, 4471 MB
[runlim] sample:		4236.70 time, 2090.02 real, 4546 MB
[runlim] sample:		4256.96 time, 2100.02 real, 4398 MB
[runlim] sample:		4277.23 time, 2110.02 real, 4400 MB
[runlim] sample:		4297.51 time, 2120.02 real, 4401 MB
[runlim] sample:		4317.79 time, 2130.02 real, 4402 MB
[runlim] sample:		4338.07 time, 2140.02 real, 4402 MB
[runlim] sample:		4358.33 time, 2150.02 real, 4402 MB
[runlim] sample:		4378.60 time, 2160.02 real, 4358 MB
[runlim] sample:		4398.87 time, 2170.02 real, 4371 MB
[runlim] sample:		4419.14 time, 2180.02 real, 4402 MB
[runlim] sample:		4439.43 time, 2190.02 real, 4595 MB
[runlim] sample:		4459.69 time, 2200.02 real, 4472 MB
[runlim] sample:		4479.96 time, 2210.02 real, 4443 MB
[runlim] sample:		4500.24 time, 2220.02 real, 4524 MB
[runlim] sample:		4520.51 time, 2230.02 real, 4409 MB
[runlim] sample:		4540.79 time, 2240.02 real, 4410 MB
[runlim] sample:		4560.97 time, 2250.02 real, 4414 MB
[runlim] sample:		4581.25 time, 2260.02 real, 4423 MB
[runlim] sample:		4601.52 time, 2270.02 real, 4427 MB
[runlim] sample:		4621.76 time, 2280.02 real, 4429 MB
[runlim] sample:		4642.03 time, 2290.02 real, 4433 MB
[runlim] sample:		4662.28 time, 2300.02 real, 4437 MB
[runlim] sample:		4682.54 time, 2310.02 real, 4441 MB
[runlim] sample:		4702.82 time, 2320.02 real, 4451 MB
[runlim] sample:		4723.09 time, 2330.02 real, 4462 MB
[runlim] sample:		4743.37 time, 2340.02 real, 4670 MB
[runlim] sample:		4763.64 time, 2350.02 real, 4520 MB
[runlim] sample:		4783.90 time, 2360.02 real, 4524 MB
[runlim] sample:		4804.18 time, 2370.02 real, 4598 MB
[runlim] sample:		4824.46 time, 2380.02 real, 4481 MB
[runlim] sample:		4844.72 time, 2390.02 real, 4470 MB
[runlim] sample:		4864.99 time, 2400.02 real, 4480 MB
[runlim] sample:		4885.27 time, 2410.02 real, 4482 MB
[runlim] sample:		4905.54 time, 2420.02 real, 4484 MB
[runlim] sample:		4925.82 time, 2430.02 real, 4488 MB
[runlim] sample:		4946.09 time, 2440.02 real, 4533 MB
[runlim] sample:		4966.37 time, 2450.02 real, 4495 MB
[runlim] sample:		4986.64 time, 2460.02 real, 4498 MB
[runlim] sample:		5006.91 time, 2470.02 real, 4499 MB
[runlim] sample:		5027.18 time, 2480.02 real, 4500 MB
[runlim] sample:		5047.46 time, 2490.02 real, 4503 MB
[runlim] sample:		5067.72 time, 2500.02 real, 4692 MB
[runlim] sample:		5087.99 time, 2510.02 real, 4548 MB
[runlim] sample:		5108.28 time, 2520.02 real, 4512 MB
[runlim] sample:		5128.54 time, 2530.02 real, 4481 MB
[runlim] sample:		5148.82 time, 2540.02 real, 4549 MB
[runlim] sample:		5169.08 time, 2550.02 real, 4533 MB
[runlim] sample:		5189.36 time, 2560.02 real, 4510 MB
[runlim] sample:		5209.62 time, 2570.02 real, 4514 MB
[runlim] sample:		5229.90 time, 2580.02 real, 4516 MB
[runlim] sample:		5250.15 time, 2590.02 real, 4518 MB
[runlim] sample:		5270.44 time, 2600.02 real, 4520 MB
[runlim] sample:		5290.72 time, 2610.02 real, 4523 MB
[runlim] sample:		5310.97 time, 2620.02 real, 4524 MB
[runlim] sample:		5331.25 time, 2630.02 real, 4525 MB
[runlim] sample:		5351.53 time, 2640.02 real, 4527 MB
[runlim] sample:		5371.81 time, 2650.02 real, 4572 MB
[runlim] sample:		5392.09 time, 2660.02 real, 4577 MB
[runlim] sample:		5412.36 time, 2670.02 real, 4623 MB
[runlim] sample:		5432.63 time, 2680.02 real, 4542 MB
[runlim] sample:		5452.91 time, 2690.02 real, 4546 MB
[runlim] sample:		5473.20 time, 2700.02 real, 4547 MB
[runlim] sample:		5493.46 time, 2710.02 real, 4554 MB
[runlim] sample:		5513.75 time, 2720.02 real, 4535 MB
[runlim] sample:		5534.01 time, 2730.02 real, 4540 MB
[runlim] sample:		5554.28 time, 2740.02 real, 4544 MB
[runlim] sample:		5574.55 time, 2750.02 real, 4546 MB
[runlim] sample:		5594.82 time, 2760.02 real, 4565 MB
[runlim] sample:		5615.09 time, 2770.02 real, 4574 MB
[runlim] sample:		5635.36 time, 2780.02 real, 4575 MB
[runlim] sample:		5655.64 time, 2790.02 real, 4790 MB
[runlim] sample:		5675.92 time, 2800.02 real, 4578 MB
[runlim] sample:		5696.18 time, 2810.02 real, 4579 MB
[runlim] sample:		5716.47 time, 2820.02 real, 4804 MB
[runlim] sample:		5736.73 time, 2830.02 real, 4627 MB
[runlim] sample:		5757.01 time, 2840.02 real, 4628 MB
[runlim] sample:		5777.27 time, 2850.02 real, 4672 MB
[runlim] sample:		5797.55 time, 2860.02 real, 4673 MB
[runlim] sample:		5817.83 time, 2870.02 real, 4673 MB
[runlim] sample:		5838.09 time, 2880.02 real, 4678 MB
[runlim] sample:		5858.36 time, 2890.02 real, 4678 MB
[runlim] sample:		5878.65 time, 2900.02 real, 4898 MB
[runlim] sample:		5898.90 time, 2910.02 real, 4683 MB
[runlim] sample:		5919.16 time, 2920.02 real, 4642 MB
[runlim] sample:		5939.44 time, 2930.02 real, 4810 MB
[runlim] sample:		5959.72 time, 2940.02 real, 4660 MB
[runlim] sample:		5979.99 time, 2950.02 real, 4668 MB
[runlim] sample:		6000.25 time, 2960.02 real, 4642 MB
[runlim] sample:		6020.53 time, 2970.02 real, 4715 MB
[runlim] sample:		6040.79 time, 2980.02 real, 4755 MB
[runlim] sample:		6061.06 time, 2990.02 real, 4892 MB
[runlim] sample:		6081.34 time, 3000.02 real, 4768 MB
[runlim] sample:		6101.60 time, 3010.02 real, 4768 MB
[runlim] sample:		6121.87 time, 3020.02 real, 4736 MB
[runlim] sample:		6142.16 time, 3030.02 real, 4756 MB
[runlim] sample:		6162.43 time, 3040.02 real, 4877 MB
[runlim] sample:		6182.70 time, 3050.02 real, 4737 MB
[runlim] sample:		6202.97 time, 3060.02 real, 4789 MB
[runlim] sample:		6223.24 time, 3070.02 real, 4788 MB
[runlim] sample:		6243.51 time, 3080.02 real, 4785 MB
[runlim] sample:		6263.78 time, 3090.02 real, 4806 MB
[runlim] sample:		6284.06 time, 3100.02 real, 4777 MB
[runlim] sample:		6304.32 time, 3110.02 real, 4778 MB
[runlim] sample:		6324.59 time, 3120.02 real, 4780 MB
[runlim] sample:		6344.86 time, 3130.02 real, 4784 MB
[runlim] sample:		6365.14 time, 3140.02 real, 4937 MB
[runlim] sample:		6385.40 time, 3150.02 real, 4786 MB
[runlim] sample:		6405.68 time, 3160.02 real, 4835 MB
[runlim] sample:		6425.95 time, 3170.02 real, 4857 MB
[runlim] sample:		6446.22 time, 3180.02 real, 4762 MB
[runlim] sample:		6466.49 time, 3190.02 real, 4763 MB
[runlim] sample:		6486.76 time, 3200.02 real, 4764 MB
[runlim] sample:		6507.04 time, 3210.02 real, 4828 MB
[runlim] sample:		6527.31 time, 3220.02 real, 4873 MB
[runlim] sample:		6547.57 time, 3230.02 real, 4848 MB
[runlim] sample:		6567.85 time, 3240.02 real, 4855 MB
[runlim] sample:		6588.14 time, 3250.02 real, 4837 MB
[runlim] sample:		6608.40 time, 3260.02 real, 4960 MB
[runlim] sample:		6628.68 time, 3270.02 real, 4849 MB
[runlim] sample:		6648.96 time, 3280.02 real, 4842 MB
[runlim] sample:		6669.23 time, 3290.02 real, 4861 MB
[runlim] sample:		6689.51 time, 3300.02 real, 4846 MB
[runlim] sample:		6709.77 time, 3310.02 real, 4846 MB
[runlim] sample:		6730.05 time, 3320.02 real, 4932 MB
[runlim] sample:		6750.32 time, 3330.02 real, 4936 MB
[runlim] sample:		6770.60 time, 3340.02 real, 4960 MB
[runlim] sample:		6790.87 time, 3350.02 real, 4958 MB
[runlim] sample:		6811.14 time, 3360.02 real, 4956 MB
[runlim] sample:		6831.42 time, 3370.02 real, 5134 MB
[runlim] sample:		6851.69 time, 3380.02 real, 5019 MB
[runlim] sample:		6871.96 time, 3390.02 real, 4971 MB
[runlim] sample:		6892.22 time, 3400.02 real, 5005 MB
[runlim] sample:		6912.51 time, 3410.02 real, 5288 MB
[runlim] sample:		6932.78 time, 3420.02 real, 4910 MB
[runlim] sample:		6953.05 time, 3430.02 real, 4910 MB
[runlim] sample:		6973.33 time, 3440.02 real, 4911 MB
[runlim] sample:		6993.60 time, 3450.02 real, 4920 MB
[runlim] sample:		7013.87 time, 3460.02 real, 4940 MB
[runlim] sample:		7034.15 time, 3470.02 real, 4953 MB
[runlim] sample:		7054.41 time, 3480.02 real, 4968 MB
[runlim] sample:		7074.69 time, 3490.02 real, 5150 MB
[runlim] sample:		7094.96 time, 3500.02 real, 5039 MB
[runlim] sample:		7115.23 time, 3510.02 real, 5023 MB
[runlim] sample:		7135.50 time, 3520.02 real, 5093 MB
[runlim] sample:		7155.78 time, 3530.02 real, 5098 MB
[runlim] sample:		7176.05 time, 3540.02 real, 5102 MB
[runlim] sample:		7196.32 time, 3550.02 real, 5103 MB
[runlim] sample:		7216.60 time, 3560.02 real, 5108 MB
[runlim] sample:		7236.86 time, 3570.02 real, 5108 MB
[runlim] sample:		7257.13 time, 3580.02 real, 5110 MB
[runlim] sample:		7277.40 time, 3590.02 real, 5067 MB
[runlim] sample:		7297.68 time, 3600.02 real, 5069 MB
[runlim] end:			Wed Oct 16 23:00:54 2019
[runlim] status:		out of time
[runlim] result:		2
[runlim] children:		4
[runlim] real:			3600.10 seconds
[runlim] time:			7297.68 seconds
[runlim] space:			5358 MB
[runlim] samples:		36000
