[runlim] version:		1.17
[runlim] host:			c3n03
[runlim] time limit:		311040000 seconds
[runlim] real time limit:	3600 seconds
[runlim] space limit:		120000 MB
[runlim] argv[0]:		./run-cosa2.sh
[runlim] argv[1]:		/tmp/EaIzJEFU.btor
[runlim] start:			Wed Oct 16 21:57:34 2019
[runlim] child:			11939
[runlim] sample:		20.18 time, 10.01 real, 383 MB
[runlim] sample:		40.47 time, 20.01 real, 663 MB
[runlim] sample:		60.75 time, 30.01 real, 625 MB
[runlim] sample:		81.01 time, 40.01 real, 837 MB
[runlim] sample:		101.29 time, 50.01 real, 947 MB
[runlim] sample:		121.57 time, 60.01 real, 1046 MB
[runlim] sample:		141.87 time, 70.02 real, 1007 MB
[runlim] sample:		162.14 time, 80.01 real, 1003 MB
[runlim] sample:		182.42 time, 90.01 real, 1101 MB
[runlim] sample:		202.71 time, 100.01 real, 1291 MB
[runlim] sample:		222.97 time, 110.01 real, 1324 MB
[runlim] sample:		243.23 time, 120.01 real, 1272 MB
[runlim] sample:		263.50 time, 130.02 real, 1276 MB
[runlim] sample:		283.79 time, 140.01 real, 1290 MB
[runlim] sample:		304.07 time, 150.01 real, 1392 MB
[runlim] sample:		324.35 time, 160.01 real, 1529 MB
[runlim] sample:		344.62 time, 170.01 real, 1662 MB
[runlim] sample:		364.89 time, 180.01 real, 1639 MB
[runlim] sample:		385.18 time, 190.01 real, 1643 MB
[runlim] sample:		405.47 time, 200.01 real, 1667 MB
[runlim] sample:		425.75 time, 210.01 real, 1730 MB
[runlim] sample:		446.02 time, 220.01 real, 1798 MB
[runlim] sample:		466.31 time, 230.01 real, 1827 MB
[runlim] sample:		486.57 time, 240.01 real, 1909 MB
[runlim] sample:		506.84 time, 250.01 real, 1945 MB
[runlim] sample:		527.13 time, 260.02 real, 2051 MB
[runlim] sample:		547.41 time, 270.01 real, 1962 MB
[runlim] sample:		567.68 time, 280.01 real, 2028 MB
[runlim] sample:		587.96 time, 290.01 real, 1947 MB
[runlim] sample:		608.24 time, 300.02 real, 1921 MB
[runlim] sample:		628.51 time, 310.01 real, 1954 MB
[runlim] sample:		648.79 time, 320.01 real, 1961 MB
[runlim] sample:		669.07 time, 330.01 real, 1966 MB
[runlim] sample:		689.36 time, 340.01 real, 1990 MB
[runlim] sample:		709.64 time, 350.01 real, 1971 MB
[runlim] sample:		729.92 time, 360.01 real, 1983 MB
[runlim] sample:		750.19 time, 370.01 real, 2100 MB
[runlim] sample:		770.47 time, 380.01 real, 1973 MB
[runlim] sample:		790.74 time, 390.01 real, 1996 MB
[runlim] sample:		811.03 time, 400.01 real, 2022 MB
[runlim] sample:		831.32 time, 410.01 real, 2055 MB
[runlim] sample:		851.59 time, 420.01 real, 2067 MB
[runlim] sample:		871.84 time, 430.01 real, 2067 MB
[runlim] sample:		892.13 time, 440.01 real, 2074 MB
[runlim] sample:		912.40 time, 450.01 real, 2104 MB
[runlim] sample:		932.67 time, 460.01 real, 2082 MB
[runlim] sample:		952.96 time, 470.01 real, 2085 MB
[runlim] sample:		973.23 time, 480.01 real, 2090 MB
[runlim] sample:		993.50 time, 490.01 real, 2090 MB
[runlim] sample:		1013.77 time, 500.01 real, 2102 MB
[runlim] sample:		1034.07 time, 510.02 real, 2100 MB
[runlim] sample:		1054.32 time, 520.01 real, 2107 MB
[runlim] sample:		1074.60 time, 530.01 real, 2109 MB
[runlim] sample:		1094.90 time, 540.02 real, 2109 MB
[runlim] sample:		1115.16 time, 550.01 real, 2122 MB
[runlim] sample:		1135.43 time, 560.01 real, 2121 MB
[runlim] sample:		1155.71 time, 570.01 real, 2130 MB
[runlim] sample:		1175.99 time, 580.01 real, 2143 MB
[runlim] sample:		1196.26 time, 590.01 real, 2145 MB
[runlim] sample:		1216.54 time, 600.01 real, 2149 MB
[runlim] sample:		1236.81 time, 610.02 real, 2151 MB
[runlim] sample:		1257.09 time, 620.01 real, 2144 MB
[runlim] sample:		1277.37 time, 630.01 real, 2243 MB
[runlim] sample:		1297.63 time, 640.01 real, 2191 MB
[runlim] sample:		1317.90 time, 650.01 real, 2191 MB
[runlim] sample:		1338.17 time, 660.01 real, 2264 MB
[runlim] sample:		1358.46 time, 670.01 real, 2268 MB
[runlim] sample:		1378.74 time, 680.01 real, 2286 MB
[runlim] sample:		1399.02 time, 690.01 real, 2292 MB
[runlim] sample:		1419.30 time, 700.01 real, 2296 MB
[runlim] sample:		1439.58 time, 710.02 real, 2297 MB
[runlim] sample:		1459.83 time, 720.01 real, 2428 MB
[runlim] sample:		1480.12 time, 730.02 real, 2315 MB
[runlim] sample:		1500.40 time, 740.01 real, 2317 MB
[runlim] sample:		1520.68 time, 750.02 real, 2323 MB
[runlim] sample:		1540.96 time, 760.01 real, 2429 MB
[runlim] sample:		1561.23 time, 770.01 real, 2410 MB
[runlim] sample:		1581.50 time, 780.01 real, 2432 MB
[runlim] sample:		1601.78 time, 790.01 real, 2548 MB
[runlim] sample:		1622.06 time, 800.01 real, 2560 MB
[runlim] sample:		1642.34 time, 810.01 real, 2444 MB
[runlim] sample:		1662.62 time, 820.01 real, 2492 MB
[runlim] sample:		1682.87 time, 830.01 real, 2475 MB
[runlim] sample:		1703.15 time, 840.01 real, 2475 MB
[runlim] sample:		1723.44 time, 850.01 real, 2475 MB
[runlim] sample:		1743.72 time, 860.01 real, 2476 MB
[runlim] sample:		1763.99 time, 870.01 real, 2476 MB
[runlim] sample:		1784.27 time, 880.01 real, 2484 MB
[runlim] sample:		1804.56 time, 890.01 real, 2484 MB
[runlim] sample:		1824.84 time, 900.01 real, 2629 MB
[runlim] sample:		1845.11 time, 910.01 real, 2561 MB
[runlim] sample:		1865.41 time, 920.01 real, 2556 MB
[runlim] sample:		1885.68 time, 930.01 real, 2477 MB
[runlim] sample:		1905.96 time, 940.01 real, 2556 MB
[runlim] sample:		1926.25 time, 950.01 real, 2566 MB
[runlim] sample:		1946.53 time, 960.01 real, 2566 MB
[runlim] sample:		1966.80 time, 970.01 real, 2568 MB
[runlim] sample:		1987.08 time, 980.01 real, 2577 MB
[runlim] sample:		2007.35 time, 990.01 real, 2609 MB
[runlim] sample:		2027.64 time, 1000.01 real, 2519 MB
[runlim] sample:		2047.91 time, 1010.01 real, 2546 MB
[runlim] sample:		2068.20 time, 1020.01 real, 2611 MB
[runlim] sample:		2088.46 time, 1030.01 real, 2604 MB
[runlim] sample:		2108.74 time, 1040.01 real, 2607 MB
[runlim] sample:		2129.02 time, 1050.01 real, 2607 MB
[runlim] sample:		2149.29 time, 1060.01 real, 2625 MB
[runlim] sample:		2169.57 time, 1070.01 real, 2759 MB
[runlim] sample:		2189.85 time, 1080.01 real, 2651 MB
[runlim] sample:		2210.14 time, 1090.01 real, 2606 MB
[runlim] sample:		2230.41 time, 1100.01 real, 2594 MB
[runlim] sample:		2250.69 time, 1110.01 real, 2594 MB
[runlim] sample:		2270.97 time, 1120.01 real, 2775 MB
[runlim] sample:		2291.24 time, 1130.01 real, 2648 MB
[runlim] sample:		2311.53 time, 1140.01 real, 2649 MB
[runlim] sample:		2331.81 time, 1150.01 real, 2652 MB
[runlim] sample:		2352.08 time, 1160.01 real, 2676 MB
[runlim] sample:		2372.36 time, 1170.01 real, 2676 MB
[runlim] sample:		2392.64 time, 1180.01 real, 2713 MB
[runlim] sample:		2412.92 time, 1190.01 real, 2734 MB
[runlim] sample:		2433.20 time, 1200.01 real, 2695 MB
[runlim] sample:		2453.47 time, 1210.01 real, 2650 MB
[runlim] sample:		2473.75 time, 1220.01 real, 2704 MB
[runlim] sample:		2494.04 time, 1230.01 real, 2705 MB
[runlim] sample:		2514.33 time, 1240.02 real, 2714 MB
[runlim] sample:		2534.61 time, 1250.02 real, 2718 MB
[runlim] sample:		2554.88 time, 1260.02 real, 2757 MB
[runlim] sample:		2575.16 time, 1270.01 real, 2759 MB
[runlim] sample:		2595.44 time, 1280.01 real, 2783 MB
[runlim] sample:		2615.71 time, 1290.01 real, 2723 MB
[runlim] sample:		2635.99 time, 1300.01 real, 2775 MB
[runlim] sample:		2656.26 time, 1310.01 real, 2775 MB
[runlim] sample:		2676.54 time, 1320.01 real, 2773 MB
[runlim] sample:		2696.81 time, 1330.01 real, 2794 MB
[runlim] sample:		2717.09 time, 1340.01 real, 2801 MB
[runlim] sample:		2737.36 time, 1350.01 real, 2784 MB
[runlim] sample:		2757.65 time, 1360.01 real, 2801 MB
[runlim] sample:		2777.92 time, 1370.01 real, 2802 MB
[runlim] sample:		2798.19 time, 1380.01 real, 2806 MB
[runlim] sample:		2818.48 time, 1390.01 real, 2798 MB
[runlim] sample:		2838.76 time, 1400.01 real, 2843 MB
[runlim] sample:		2859.04 time, 1410.01 real, 2869 MB
[runlim] sample:		2879.30 time, 1420.01 real, 3040 MB
[runlim] sample:		2899.60 time, 1430.01 real, 2966 MB
[runlim] sample:		2919.88 time, 1440.01 real, 3034 MB
[runlim] sample:		2940.17 time, 1450.01 real, 3095 MB
[runlim] sample:		2960.46 time, 1460.02 real, 2960 MB
[runlim] sample:		2980.73 time, 1470.01 real, 3023 MB
[runlim] sample:		3001.02 time, 1480.01 real, 3029 MB
[runlim] sample:		3021.30 time, 1490.01 real, 3031 MB
[runlim] sample:		3041.58 time, 1500.01 real, 3035 MB
[runlim] sample:		3061.86 time, 1510.01 real, 3040 MB
[runlim] sample:		3082.15 time, 1520.01 real, 3089 MB
[runlim] sample:		3102.43 time, 1530.01 real, 3257 MB
[runlim] sample:		3122.72 time, 1540.01 real, 3123 MB
[runlim] sample:		3142.98 time, 1550.01 real, 3125 MB
[runlim] sample:		3163.28 time, 1560.01 real, 3036 MB
[runlim] sample:		3183.56 time, 1570.01 real, 3082 MB
[runlim] sample:		3203.84 time, 1580.01 real, 3144 MB
[runlim] sample:		3224.13 time, 1590.01 real, 3144 MB
[runlim] sample:		3244.39 time, 1600.01 real, 3149 MB
[runlim] sample:		3264.67 time, 1610.01 real, 3151 MB
[runlim] sample:		3284.94 time, 1620.01 real, 3155 MB
[runlim] sample:		3305.23 time, 1630.01 real, 3199 MB
[runlim] sample:		3325.51 time, 1640.01 real, 3215 MB
[runlim] sample:		3345.79 time, 1650.01 real, 3240 MB
[runlim] sample:		3366.07 time, 1660.01 real, 3220 MB
[runlim] sample:		3386.33 time, 1670.01 real, 3225 MB
[runlim] sample:		3406.60 time, 1680.01 real, 3288 MB
[runlim] sample:		3426.89 time, 1690.01 real, 3262 MB
[runlim] sample:		3447.16 time, 1700.01 real, 3309 MB
[runlim] sample:		3467.46 time, 1710.01 real, 3338 MB
[runlim] sample:		3487.74 time, 1720.01 real, 3405 MB
[runlim] sample:		3508.01 time, 1730.01 real, 3353 MB
[runlim] sample:		3528.29 time, 1740.01 real, 3366 MB
[runlim] sample:		3548.58 time, 1750.01 real, 3474 MB
[runlim] sample:		3568.85 time, 1760.01 real, 3596 MB
[runlim] sample:		3589.13 time, 1770.01 real, 3643 MB
[runlim] sample:		3609.41 time, 1780.01 real, 3584 MB
[runlim] sample:		3629.70 time, 1790.01 real, 3584 MB
[runlim] sample:		3649.97 time, 1800.01 real, 3588 MB
[runlim] sample:		3670.26 time, 1810.01 real, 3595 MB
[runlim] sample:		3690.53 time, 1820.01 real, 3650 MB
[runlim] sample:		3710.81 time, 1830.01 real, 3597 MB
[runlim] sample:		3731.08 time, 1840.01 real, 3598 MB
[runlim] sample:		3751.36 time, 1850.01 real, 3609 MB
[runlim] sample:		3771.65 time, 1860.01 real, 3610 MB
[runlim] sample:		3791.91 time, 1870.01 real, 3612 MB
[runlim] sample:		3812.20 time, 1880.01 real, 3652 MB
[runlim] sample:		3832.47 time, 1890.01 real, 3664 MB
[runlim] sample:		3852.75 time, 1900.01 real, 3719 MB
[runlim] sample:		3873.03 time, 1910.01 real, 3720 MB
[runlim] sample:		3893.29 time, 1920.01 real, 3733 MB
[runlim] sample:		3913.57 time, 1930.01 real, 3756 MB
[runlim] sample:		3933.85 time, 1940.01 real, 3818 MB
[runlim] sample:		3954.13 time, 1950.01 real, 3932 MB
[runlim] sample:		3974.40 time, 1960.01 real, 3873 MB
[runlim] sample:		3994.69 time, 1970.01 real, 3873 MB
[runlim] sample:		4014.96 time, 1980.01 real, 3938 MB
[runlim] sample:		4035.24 time, 1990.01 real, 3915 MB
[runlim] sample:		4055.51 time, 2000.01 real, 3966 MB
[runlim] sample:		4075.79 time, 2010.01 real, 3962 MB
[runlim] sample:		4096.07 time, 2020.01 real, 3911 MB
[runlim] sample:		4116.34 time, 2030.01 real, 3913 MB
[runlim] sample:		4136.62 time, 2040.01 real, 3913 MB
[runlim] sample:		4156.90 time, 2050.01 real, 3915 MB
[runlim] sample:		4177.17 time, 2060.01 real, 3915 MB
[runlim] sample:		4197.45 time, 2070.01 real, 3915 MB
[runlim] sample:		4217.71 time, 2080.01 real, 3912 MB
[runlim] sample:		4238.01 time, 2090.02 real, 3957 MB
[runlim] sample:		4258.29 time, 2100.02 real, 3961 MB
[runlim] sample:		4278.58 time, 2110.02 real, 3976 MB
[runlim] sample:		4298.86 time, 2120.02 real, 3963 MB
[runlim] sample:		4319.13 time, 2130.02 real, 3964 MB
[runlim] sample:		4339.41 time, 2140.01 real, 3982 MB
[runlim] sample:		4359.69 time, 2150.01 real, 4054 MB
[runlim] sample:		4379.97 time, 2160.01 real, 4163 MB
[runlim] sample:		4400.25 time, 2170.01 real, 4002 MB
[runlim] sample:		4420.52 time, 2180.01 real, 3939 MB
[runlim] sample:		4440.81 time, 2190.01 real, 3940 MB
[runlim] sample:		4461.07 time, 2200.01 real, 4102 MB
[runlim] sample:		4481.37 time, 2210.01 real, 4121 MB
[runlim] sample:		4501.64 time, 2220.01 real, 4125 MB
[runlim] sample:		4521.92 time, 2230.02 real, 4170 MB
[runlim] sample:		4542.20 time, 2240.01 real, 4108 MB
[runlim] sample:		4562.47 time, 2250.01 real, 4109 MB
[runlim] sample:		4582.76 time, 2260.01 real, 4110 MB
[runlim] sample:		4603.02 time, 2270.01 real, 4107 MB
[runlim] sample:		4623.31 time, 2280.01 real, 4122 MB
[runlim] sample:		4643.58 time, 2290.01 real, 4105 MB
[runlim] sample:		4663.86 time, 2300.01 real, 4172 MB
[runlim] sample:		4684.14 time, 2310.01 real, 4233 MB
[runlim] sample:		4704.41 time, 2320.01 real, 4214 MB
[runlim] sample:		4724.70 time, 2330.01 real, 4370 MB
[runlim] sample:		4744.98 time, 2340.01 real, 4274 MB
[runlim] sample:		4765.27 time, 2350.01 real, 4402 MB
[runlim] sample:		4785.55 time, 2360.01 real, 4320 MB
[runlim] sample:		4805.82 time, 2370.01 real, 4333 MB
[runlim] sample:		4826.09 time, 2380.01 real, 4416 MB
[runlim] sample:		4846.37 time, 2390.01 real, 4455 MB
[runlim] sample:		4866.65 time, 2400.01 real, 4455 MB
[runlim] sample:		4886.92 time, 2410.01 real, 4491 MB
[runlim] sample:		4907.19 time, 2420.01 real, 4561 MB
[runlim] sample:		4927.48 time, 2430.01 real, 4491 MB
[runlim] sample:		4947.75 time, 2440.01 real, 4493 MB
[runlim] sample:		4968.03 time, 2450.01 real, 4493 MB
[runlim] sample:		4988.30 time, 2460.01 real, 4492 MB
[runlim] sample:		5008.58 time, 2470.01 real, 4575 MB
[runlim] sample:		5028.86 time, 2480.01 real, 4558 MB
[runlim] sample:		5049.13 time, 2490.01 real, 4635 MB
[runlim] sample:		5069.41 time, 2500.01 real, 4563 MB
[runlim] sample:		5089.69 time, 2510.01 real, 4522 MB
[runlim] sample:		5109.98 time, 2520.01 real, 4587 MB
[runlim] sample:		5130.24 time, 2530.01 real, 4617 MB
[runlim] sample:		5150.52 time, 2540.01 real, 4611 MB
[runlim] sample:		5170.80 time, 2550.01 real, 4621 MB
[runlim] sample:		5191.07 time, 2560.02 real, 4623 MB
[runlim] sample:		5211.34 time, 2570.02 real, 4675 MB
[runlim] sample:		5231.61 time, 2580.01 real, 4644 MB
[runlim] sample:		5251.90 time, 2590.01 real, 4697 MB
[runlim] sample:		5272.17 time, 2600.01 real, 4750 MB
[runlim] sample:		5292.45 time, 2610.01 real, 4852 MB
[runlim] sample:		5312.72 time, 2620.01 real, 4850 MB
[runlim] sample:		5333.01 time, 2630.01 real, 4881 MB
[runlim] sample:		5353.29 time, 2640.01 real, 4890 MB
[runlim] sample:		5373.56 time, 2650.01 real, 4904 MB
[runlim] sample:		5393.83 time, 2660.01 real, 4984 MB
[runlim] sample:		5414.12 time, 2670.01 real, 5034 MB
[runlim] sample:		5434.40 time, 2680.01 real, 5036 MB
[runlim] sample:		5454.66 time, 2690.01 real, 5072 MB
[runlim] sample:		5474.95 time, 2700.01 real, 5118 MB
[runlim] sample:		5495.22 time, 2710.01 real, 5098 MB
[runlim] sample:		5515.51 time, 2720.01 real, 5426 MB
[runlim] sample:		5535.80 time, 2730.01 real, 5317 MB
[runlim] sample:		5556.07 time, 2740.02 real, 5253 MB
[runlim] sample:		5576.35 time, 2750.02 real, 5329 MB
[runlim] sample:		5596.64 time, 2760.02 real, 5348 MB
[runlim] sample:		5616.91 time, 2770.02 real, 5317 MB
[runlim] sample:		5637.20 time, 2780.01 real, 5355 MB
[runlim] sample:		5657.48 time, 2790.02 real, 5370 MB
[runlim] sample:		5677.76 time, 2800.02 real, 5459 MB
[runlim] sample:		5698.04 time, 2810.02 real, 5479 MB
[runlim] sample:		5718.33 time, 2820.02 real, 5478 MB
[runlim] sample:		5738.60 time, 2830.02 real, 5504 MB
[runlim] sample:		5758.88 time, 2840.02 real, 5621 MB
[runlim] sample:		5779.15 time, 2850.01 real, 5549 MB
[runlim] sample:		5799.43 time, 2860.01 real, 5577 MB
[runlim] sample:		5819.69 time, 2870.01 real, 5577 MB
[runlim] sample:		5839.97 time, 2880.01 real, 5598 MB
[runlim] sample:		5860.27 time, 2890.01 real, 5612 MB
[runlim] sample:		5880.54 time, 2900.01 real, 5854 MB
[runlim] sample:		5900.81 time, 2910.01 real, 5725 MB
[runlim] sample:		5921.09 time, 2920.01 real, 5633 MB
[runlim] sample:		5941.37 time, 2930.01 real, 5888 MB
[runlim] sample:		5961.65 time, 2940.01 real, 5682 MB
[runlim] sample:		5981.94 time, 2950.02 real, 5702 MB
[runlim] sample:		6002.20 time, 2960.02 real, 5760 MB
[runlim] sample:		6022.48 time, 2970.01 real, 6031 MB
[runlim] sample:		6042.76 time, 2980.01 real, 5711 MB
[runlim] sample:		6063.05 time, 2990.01 real, 5740 MB
[runlim] sample:		6083.32 time, 3000.01 real, 5797 MB
[runlim] sample:		6103.61 time, 3010.01 real, 5795 MB
[runlim] sample:		6123.88 time, 3020.01 real, 5800 MB
[runlim] sample:		6144.15 time, 3030.01 real, 5786 MB
[runlim] sample:		6164.44 time, 3040.01 real, 5851 MB
[runlim] sample:		6184.71 time, 3050.01 real, 5878 MB
[runlim] sample:		6205.00 time, 3060.01 real, 5867 MB
[runlim] sample:		6225.27 time, 3070.01 real, 5943 MB
[runlim] sample:		6245.55 time, 3080.01 real, 5892 MB
[runlim] sample:		6265.83 time, 3090.01 real, 5845 MB
[runlim] sample:		6286.11 time, 3100.01 real, 5918 MB
[runlim] sample:		6306.38 time, 3110.01 real, 5967 MB
[runlim] sample:		6326.66 time, 3120.01 real, 5850 MB
[runlim] sample:		6346.93 time, 3130.01 real, 5871 MB
[runlim] sample:		6367.21 time, 3140.01 real, 5950 MB
[runlim] sample:		6387.49 time, 3150.01 real, 6030 MB
[runlim] sample:		6407.75 time, 3160.01 real, 6078 MB
[runlim] sample:		6428.05 time, 3170.01 real, 6133 MB
[runlim] sample:		6448.32 time, 3180.01 real, 6164 MB
[runlim] sample:		6468.59 time, 3190.01 real, 6167 MB
[runlim] sample:		6488.87 time, 3200.01 real, 6262 MB
[runlim] sample:		6509.14 time, 3210.01 real, 6192 MB
[runlim] sample:		6529.41 time, 3220.01 real, 6256 MB
[runlim] sample:		6549.71 time, 3230.01 real, 6291 MB
[runlim] sample:		6569.98 time, 3240.01 real, 6297 MB
[runlim] sample:		6590.25 time, 3250.01 real, 6361 MB
[runlim] sample:		6610.53 time, 3260.01 real, 6362 MB
[runlim] sample:		6630.80 time, 3270.01 real, 6550 MB
[runlim] sample:		6651.07 time, 3280.01 real, 6692 MB
[runlim] sample:		6671.36 time, 3290.01 real, 6718 MB
[runlim] sample:		6691.64 time, 3300.01 real, 6743 MB
[runlim] sample:		6711.92 time, 3310.01 real, 6793 MB
[runlim] sample:		6732.20 time, 3320.01 real, 6832 MB
[runlim] sample:		6752.50 time, 3330.02 real, 7260 MB
[runlim] sample:		6772.78 time, 3340.01 real, 7033 MB
[runlim] sample:		6793.06 time, 3350.01 real, 7028 MB
[runlim] sample:		6813.34 time, 3360.01 real, 6954 MB
[runlim] sample:		6833.60 time, 3370.01 real, 7097 MB
[runlim] sample:		6853.88 time, 3380.01 real, 7145 MB
[runlim] sample:		6874.17 time, 3390.01 real, 7078 MB
[runlim] sample:		6894.45 time, 3400.01 real, 6928 MB
[runlim] sample:		6914.71 time, 3410.01 real, 6751 MB
[runlim] sample:		6935.00 time, 3420.01 real, 6793 MB
[runlim] sample:		6955.28 time, 3430.01 real, 6815 MB
[runlim] sample:		6975.56 time, 3440.02 real, 6868 MB
[runlim] sample:		6995.83 time, 3450.02 real, 6875 MB
[runlim] sample:		7016.11 time, 3460.02 real, 6840 MB
[runlim] sample:		7036.38 time, 3470.02 real, 6864 MB
[runlim] sample:		7056.65 time, 3480.02 real, 6838 MB
[runlim] sample:		7076.93 time, 3490.01 real, 6908 MB
[runlim] sample:		7097.21 time, 3500.01 real, 6993 MB
[runlim] sample:		7117.50 time, 3510.01 real, 7026 MB
[runlim] sample:		7137.78 time, 3520.01 real, 7013 MB
[runlim] sample:		7158.04 time, 3530.01 real, 7005 MB
[runlim] sample:		7178.30 time, 3540.01 real, 7015 MB
[runlim] sample:		7198.60 time, 3550.01 real, 7054 MB
[runlim] sample:		7218.86 time, 3560.01 real, 7357 MB
[runlim] sample:		7239.15 time, 3570.01 real, 7204 MB
[runlim] sample:		7259.42 time, 3580.01 real, 7205 MB
[runlim] sample:		7279.71 time, 3590.01 real, 7140 MB
[runlim] sample:		7299.98 time, 3600.01 real, 7310 MB
[runlim] end:			Wed Oct 16 22:57:34 2019
[runlim] status:		out of time
[runlim] result:		2
[runlim] children:		4
[runlim] real:			3600.10 seconds
[runlim] time:			7299.98 seconds
[runlim] space:			7617 MB
[runlim] samples:		36000
