[runlim] version:		1.17
[runlim] host:			c3n13
[runlim] time limit:		311040000 seconds
[runlim] real time limit:	3600 seconds
[runlim] space limit:		120000 MB
[runlim] argv[0]:		./run-cosa2.sh
[runlim] argv[1]:		/tmp/Rwa1gA3o.btor
[runlim] start:			Wed Oct 16 21:54:09 2019
[runlim] child:			28355
[runlim] sample:		20.17 time, 10.02 real, 334 MB
[runlim] sample:		40.45 time, 20.02 real, 500 MB
[runlim] sample:		60.71 time, 30.02 real, 644 MB
[runlim] sample:		80.98 time, 40.02 real, 791 MB
[runlim] sample:		101.27 time, 50.02 real, 790 MB
[runlim] sample:		121.55 time, 60.02 real, 939 MB
[runlim] sample:		141.82 time, 70.02 real, 982 MB
[runlim] sample:		162.10 time, 80.02 real, 958 MB
[runlim] sample:		182.37 time, 90.02 real, 1034 MB
[runlim] sample:		202.64 time, 100.02 real, 1064 MB
[runlim] sample:		222.92 time, 110.02 real, 1261 MB
[runlim] sample:		243.19 time, 120.02 real, 1362 MB
[runlim] sample:		263.47 time, 130.02 real, 1637 MB
[runlim] sample:		283.74 time, 140.02 real, 1792 MB
[runlim] sample:		304.02 time, 150.02 real, 1899 MB
[runlim] sample:		324.30 time, 160.02 real, 2027 MB
[runlim] sample:		344.57 time, 170.02 real, 2273 MB
[runlim] sample:		364.86 time, 180.02 real, 2288 MB
[runlim] sample:		385.13 time, 190.02 real, 2415 MB
[runlim] sample:		405.41 time, 200.02 real, 2443 MB
[runlim] sample:		425.69 time, 210.02 real, 2434 MB
[runlim] sample:		445.95 time, 220.02 real, 2217 MB
[runlim] sample:		466.24 time, 230.02 real, 2219 MB
[runlim] sample:		486.52 time, 240.02 real, 2212 MB
[runlim] sample:		506.81 time, 250.02 real, 2193 MB
[runlim] sample:		527.08 time, 260.02 real, 2386 MB
[runlim] sample:		547.36 time, 270.02 real, 2391 MB
[runlim] sample:		567.63 time, 280.02 real, 2392 MB
[runlim] sample:		587.91 time, 290.02 real, 2395 MB
[runlim] sample:		608.22 time, 300.02 real, 2673 MB
[runlim] sample:		628.48 time, 310.02 real, 2673 MB
[runlim] sample:		648.76 time, 320.02 real, 2735 MB
[runlim] sample:		669.05 time, 330.02 real, 2735 MB
[runlim] sample:		689.32 time, 340.02 real, 2754 MB
[runlim] sample:		709.60 time, 350.02 real, 2735 MB
[runlim] sample:		729.89 time, 360.02 real, 2805 MB
[runlim] sample:		750.17 time, 370.02 real, 2717 MB
[runlim] sample:		770.45 time, 380.02 real, 2718 MB
[runlim] sample:		790.73 time, 390.02 real, 3859 MB
[runlim] sample:		810.99 time, 400.02 real, 5271 MB
[runlim] sample:		831.27 time, 410.02 real, 5204 MB
[runlim] sample:		851.55 time, 420.02 real, 5292 MB
[runlim] sample:		871.83 time, 430.02 real, 5330 MB
[runlim] sample:		892.12 time, 440.02 real, 5295 MB
[runlim] sample:		912.39 time, 450.02 real, 5198 MB
[runlim] sample:		932.68 time, 460.02 real, 5198 MB
[runlim] sample:		952.95 time, 470.02 real, 5291 MB
[runlim] sample:		973.21 time, 480.02 real, 5294 MB
[runlim] sample:		993.49 time, 490.02 real, 5294 MB
[runlim] sample:		1013.77 time, 500.02 real, 5299 MB
[runlim] sample:		1034.05 time, 510.02 real, 5335 MB
[runlim] sample:		1054.33 time, 520.02 real, 5200 MB
[runlim] sample:		1074.62 time, 530.02 real, 5310 MB
[runlim] sample:		1094.88 time, 540.02 real, 5321 MB
[runlim] sample:		1115.16 time, 550.02 real, 5353 MB
[runlim] sample:		1135.45 time, 560.02 real, 5327 MB
[runlim] sample:		1155.72 time, 570.02 real, 5329 MB
[runlim] sample:		1176.00 time, 580.02 real, 5307 MB
[runlim] sample:		1196.28 time, 590.02 real, 5330 MB
[runlim] sample:		1216.54 time, 600.02 real, 5420 MB
[runlim] sample:		1236.82 time, 610.02 real, 5320 MB
[runlim] sample:		1257.11 time, 620.02 real, 5321 MB
[runlim] sample:		1277.37 time, 630.02 real, 5411 MB
[runlim] sample:		1297.65 time, 640.02 real, 5761 MB
[runlim] sample:		1317.94 time, 650.02 real, 6625 MB
[runlim] sample:		1338.22 time, 660.02 real, 6640 MB
[runlim] sample:		1358.49 time, 670.02 real, 6761 MB
[runlim] sample:		1378.78 time, 680.02 real, 6608 MB
[runlim] sample:		1399.05 time, 690.02 real, 6600 MB
[runlim] sample:		1419.33 time, 700.02 real, 6596 MB
[runlim] sample:		1439.60 time, 710.02 real, 6615 MB
[runlim] sample:		1459.88 time, 720.02 real, 6698 MB
[runlim] sample:		1480.15 time, 730.02 real, 7057 MB
[runlim] sample:		1500.43 time, 740.02 real, 6942 MB
[runlim] sample:		1520.71 time, 750.02 real, 6993 MB
[runlim] sample:		1541.00 time, 760.02 real, 6893 MB
[runlim] sample:		1561.27 time, 770.02 real, 6923 MB
[runlim] sample:		1581.55 time, 780.02 real, 7045 MB
[runlim] sample:		1601.84 time, 790.02 real, 8813 MB
[runlim] sample:		1622.12 time, 800.02 real, 8794 MB
[runlim] sample:		1642.39 time, 810.02 real, 8816 MB
[runlim] sample:		1662.67 time, 820.02 real, 8868 MB
[runlim] sample:		1682.94 time, 830.02 real, 8845 MB
[runlim] sample:		1703.21 time, 840.02 real, 8910 MB
[runlim] sample:		1723.50 time, 850.02 real, 9077 MB
[runlim] sample:		1743.77 time, 860.02 real, 9150 MB
[runlim] sample:		1764.06 time, 870.02 real, 9181 MB
[runlim] sample:		1784.33 time, 880.02 real, 9014 MB
[runlim] sample:		1804.62 time, 890.02 real, 9229 MB
[runlim] sample:		1824.88 time, 900.02 real, 9230 MB
[runlim] sample:		1845.17 time, 910.02 real, 9262 MB
[runlim] sample:		1865.43 time, 920.02 real, 9407 MB
[runlim] sample:		1885.71 time, 930.02 real, 9263 MB
[runlim] sample:		1906.00 time, 940.02 real, 9271 MB
[runlim] sample:		1926.26 time, 950.02 real, 9293 MB
[runlim] sample:		1946.54 time, 960.02 real, 9337 MB
[runlim] sample:		1966.81 time, 970.02 real, 9413 MB
[runlim] sample:		1987.09 time, 980.02 real, 9298 MB
[runlim] sample:		2007.37 time, 990.02 real, 9332 MB
[runlim] sample:		2027.65 time, 1000.02 real, 9333 MB
[runlim] sample:		2047.91 time, 1010.02 real, 9353 MB
[runlim] sample:		2068.20 time, 1020.02 real, 9373 MB
[runlim] sample:		2088.49 time, 1030.02 real, 9431 MB
[runlim] sample:		2108.76 time, 1040.02 real, 9389 MB
[runlim] sample:		2129.04 time, 1050.02 real, 9428 MB
[runlim] sample:		2149.31 time, 1060.02 real, 9429 MB
[runlim] sample:		2169.60 time, 1070.02 real, 9459 MB
[runlim] sample:		2189.87 time, 1080.02 real, 9648 MB
[runlim] sample:		2210.16 time, 1090.02 real, 9535 MB
[runlim] sample:		2230.45 time, 1100.02 real, 9604 MB
[runlim] sample:		2250.72 time, 1110.02 real, 9510 MB
[runlim] sample:		2271.01 time, 1120.02 real, 9495 MB
[runlim] sample:		2291.28 time, 1130.02 real, 9631 MB
[runlim] sample:		2311.58 time, 1140.02 real, 9541 MB
[runlim] sample:		2331.86 time, 1150.02 real, 9519 MB
[runlim] sample:		2352.12 time, 1160.02 real, 9581 MB
[runlim] sample:		2372.42 time, 1170.02 real, 9591 MB
[runlim] sample:		2392.68 time, 1180.02 real, 9603 MB
[runlim] sample:		2412.98 time, 1190.02 real, 9612 MB
[runlim] sample:		2433.23 time, 1200.02 real, 9624 MB
[runlim] sample:		2453.53 time, 1210.02 real, 9660 MB
[runlim] sample:		2473.81 time, 1220.02 real, 9721 MB
[runlim] sample:		2494.07 time, 1230.02 real, 9716 MB
[runlim] sample:		2514.34 time, 1240.02 real, 9721 MB
[runlim] sample:		2534.63 time, 1250.02 real, 9636 MB
[runlim] sample:		2554.91 time, 1260.02 real, 9678 MB
[runlim] sample:		2575.20 time, 1270.02 real, 9699 MB
[runlim] sample:		2595.47 time, 1280.02 real, 9700 MB
[runlim] sample:		2615.74 time, 1290.02 real, 9700 MB
[runlim] sample:		2636.03 time, 1300.02 real, 9712 MB
[runlim] sample:		2656.28 time, 1310.02 real, 9712 MB
[runlim] sample:		2676.58 time, 1320.02 real, 9710 MB
[runlim] sample:		2696.85 time, 1330.02 real, 9710 MB
[runlim] sample:		2717.12 time, 1340.02 real, 9786 MB
[runlim] sample:		2737.40 time, 1350.02 real, 9780 MB
[runlim] sample:		2757.68 time, 1360.02 real, 9798 MB
[runlim] sample:		2777.94 time, 1370.02 real, 9692 MB
[runlim] sample:		2798.22 time, 1380.02 real, 9709 MB
[runlim] sample:		2818.50 time, 1390.02 real, 9757 MB
[runlim] sample:		2838.77 time, 1400.02 real, 9757 MB
[runlim] sample:		2859.03 time, 1410.02 real, 9761 MB
[runlim] sample:		2879.31 time, 1420.02 real, 9784 MB
[runlim] sample:		2899.58 time, 1430.02 real, 9784 MB
[runlim] sample:		2919.86 time, 1440.02 real, 9912 MB
[runlim] sample:		2940.14 time, 1450.02 real, 9764 MB
[runlim] sample:		2960.42 time, 1460.02 real, 9764 MB
[runlim] sample:		2980.70 time, 1470.02 real, 9768 MB
[runlim] sample:		3000.97 time, 1480.02 real, 9768 MB
[runlim] sample:		3021.24 time, 1490.02 real, 9761 MB
[runlim] sample:		3041.53 time, 1500.02 real, 9784 MB
[runlim] sample:		3061.80 time, 1510.02 real, 9761 MB
[runlim] sample:		3082.07 time, 1520.02 real, 9761 MB
[runlim] sample:		3102.34 time, 1530.02 real, 9759 MB
[runlim] sample:		3122.62 time, 1540.02 real, 9759 MB
[runlim] sample:		3142.90 time, 1550.02 real, 9759 MB
[runlim] sample:		3163.18 time, 1560.02 real, 9761 MB
[runlim] sample:		3183.47 time, 1570.02 real, 9761 MB
[runlim] sample:		3203.74 time, 1580.02 real, 9761 MB
[runlim] sample:		3224.01 time, 1590.02 real, 9785 MB
[runlim] sample:		3244.29 time, 1600.02 real, 9815 MB
[runlim] sample:		3264.56 time, 1610.02 real, 9764 MB
[runlim] sample:		3284.85 time, 1620.02 real, 9764 MB
[runlim] sample:		3305.11 time, 1630.02 real, 9765 MB
[runlim] sample:		3325.39 time, 1640.02 real, 9764 MB
[runlim] sample:		3345.66 time, 1650.02 real, 9764 MB
[runlim] sample:		3365.94 time, 1660.02 real, 9902 MB
[runlim] sample:		3386.21 time, 1670.02 real, 9779 MB
[runlim] sample:		3406.49 time, 1680.02 real, 9801 MB
[runlim] sample:		3426.76 time, 1690.02 real, 9801 MB
[runlim] sample:		3447.05 time, 1700.02 real, 9779 MB
[runlim] sample:		3467.32 time, 1710.02 real, 9771 MB
[runlim] sample:		3487.59 time, 1720.02 real, 9771 MB
[runlim] sample:		3507.87 time, 1730.02 real, 9771 MB
[runlim] sample:		3528.14 time, 1740.02 real, 9776 MB
[runlim] sample:		3548.43 time, 1750.02 real, 9776 MB
[runlim] sample:		3568.69 time, 1760.02 real, 9776 MB
[runlim] sample:		3588.98 time, 1770.02 real, 9776 MB
[runlim] sample:		3609.26 time, 1780.02 real, 9776 MB
[runlim] sample:		3629.54 time, 1790.02 real, 9791 MB
[runlim] sample:		3649.82 time, 1800.02 real, 9799 MB
[runlim] sample:		3670.10 time, 1810.02 real, 9777 MB
[runlim] sample:		3690.37 time, 1820.02 real, 9777 MB
[runlim] sample:		3710.65 time, 1830.02 real, 9708 MB
[runlim] sample:		3730.91 time, 1840.02 real, 9713 MB
[runlim] sample:		3751.19 time, 1850.02 real, 9713 MB
[runlim] sample:		3771.48 time, 1860.02 real, 9713 MB
[runlim] sample:		3791.75 time, 1870.02 real, 9713 MB
[runlim] sample:		3812.02 time, 1880.02 real, 9725 MB
[runlim] sample:		3832.31 time, 1890.02 real, 9725 MB
[runlim] sample:		3852.58 time, 1900.02 real, 9725 MB
[runlim] sample:		3872.85 time, 1910.02 real, 9730 MB
[runlim] sample:		3893.13 time, 1920.02 real, 9730 MB
[runlim] sample:		3913.40 time, 1930.02 real, 9708 MB
[runlim] sample:		3933.67 time, 1940.02 real, 9708 MB
[runlim] sample:		3953.95 time, 1950.02 real, 9705 MB
[runlim] sample:		3974.24 time, 1960.02 real, 9705 MB
[runlim] sample:		3994.51 time, 1970.02 real, 9713 MB
[runlim] sample:		4014.80 time, 1980.02 real, 9713 MB
[runlim] sample:		4035.07 time, 1990.02 real, 9713 MB
[runlim] sample:		4055.34 time, 2000.02 real, 9738 MB
[runlim] sample:		4075.62 time, 2010.02 real, 9664 MB
[runlim] sample:		4095.90 time, 2020.02 real, 9834 MB
[runlim] sample:		4116.17 time, 2030.02 real, 9672 MB
[runlim] sample:		4136.44 time, 2040.02 real, 9672 MB
[runlim] sample:		4156.72 time, 2050.02 real, 9673 MB
[runlim] sample:		4177.00 time, 2060.02 real, 9673 MB
[runlim] sample:		4197.28 time, 2070.02 real, 9673 MB
[runlim] sample:		4217.55 time, 2080.02 real, 9673 MB
[runlim] sample:		4237.83 time, 2090.02 real, 9674 MB
[runlim] sample:		4258.11 time, 2100.02 real, 9787 MB
[runlim] sample:		4278.39 time, 2110.02 real, 9722 MB
[runlim] sample:		4298.67 time, 2120.02 real, 9699 MB
[runlim] sample:		4318.94 time, 2130.02 real, 9699 MB
[runlim] sample:		4339.22 time, 2140.02 real, 9700 MB
[runlim] sample:		4359.50 time, 2150.02 real, 9700 MB
[runlim] sample:		4379.77 time, 2160.02 real, 9700 MB
[runlim] sample:		4400.05 time, 2170.02 real, 9701 MB
[runlim] sample:		4420.33 time, 2180.02 real, 9701 MB
[runlim] sample:		4440.60 time, 2190.02 real, 9701 MB
[runlim] sample:		4460.88 time, 2200.02 real, 9701 MB
[runlim] sample:		4481.16 time, 2210.02 real, 9701 MB
[runlim] sample:		4501.42 time, 2220.02 real, 9726 MB
[runlim] sample:		4521.70 time, 2230.02 real, 9726 MB
[runlim] sample:		4541.98 time, 2240.02 real, 9704 MB
[runlim] sample:		4562.26 time, 2250.02 real, 9707 MB
[runlim] sample:		4582.53 time, 2260.02 real, 9707 MB
[runlim] sample:		4602.82 time, 2270.02 real, 9707 MB
[runlim] sample:		4623.08 time, 2280.02 real, 9709 MB
[runlim] sample:		4643.36 time, 2290.02 real, 9709 MB
[runlim] sample:		4663.66 time, 2300.02 real, 9709 MB
[runlim] sample:		4683.95 time, 2310.02 real, 9709 MB
[runlim] sample:		4704.23 time, 2320.02 real, 9615 MB
[runlim] sample:		4724.48 time, 2330.02 real, 9627 MB
[runlim] sample:		4744.78 time, 2340.02 real, 9699 MB
[runlim] sample:		4765.05 time, 2350.02 real, 9720 MB
[runlim] sample:		4785.33 time, 2360.02 real, 9869 MB
[runlim] sample:		4805.62 time, 2370.02 real, 9770 MB
[runlim] sample:		4825.87 time, 2380.02 real, 9757 MB
[runlim] sample:		4846.16 time, 2390.02 real, 9911 MB
[runlim] sample:		4866.43 time, 2400.02 real, 9686 MB
[runlim] sample:		4886.71 time, 2410.02 real, 9679 MB
[runlim] sample:		4906.99 time, 2420.02 real, 9679 MB
[runlim] sample:		4927.26 time, 2430.02 real, 9682 MB
[runlim] sample:		4947.57 time, 2440.02 real, 9702 MB
[runlim] sample:		4967.83 time, 2450.02 real, 9727 MB
[runlim] sample:		4988.12 time, 2460.02 real, 9741 MB
[runlim] sample:		5008.38 time, 2470.02 real, 9833 MB
[runlim] sample:		5028.67 time, 2480.02 real, 9762 MB
[runlim] sample:		5048.95 time, 2490.02 real, 9759 MB
[runlim] sample:		5069.22 time, 2500.02 real, 9759 MB
[runlim] sample:		5089.50 time, 2510.02 real, 9752 MB
[runlim] sample:		5109.76 time, 2520.02 real, 9752 MB
[runlim] sample:		5130.05 time, 2530.02 real, 9752 MB
[runlim] sample:		5150.32 time, 2540.02 real, 11754 MB
[runlim] sample:		5170.61 time, 2550.02 real, 11744 MB
[runlim] sample:		5190.88 time, 2560.02 real, 11744 MB
[runlim] sample:		5211.16 time, 2570.02 real, 11644 MB
[runlim] sample:		5231.44 time, 2580.02 real, 11644 MB
[runlim] sample:		5251.72 time, 2590.02 real, 11709 MB
[runlim] sample:		5271.99 time, 2600.02 real, 11743 MB
[runlim] sample:		5292.27 time, 2610.02 real, 11768 MB
[runlim] sample:		5312.54 time, 2620.02 real, 11670 MB
[runlim] sample:		5332.82 time, 2630.02 real, 11670 MB
[runlim] sample:		5353.11 time, 2640.02 real, 11670 MB
[runlim] sample:		5373.37 time, 2650.02 real, 11672 MB
[runlim] sample:		5393.65 time, 2660.02 real, 11733 MB
[runlim] sample:		5413.93 time, 2670.02 real, 11734 MB
[runlim] sample:		5434.20 time, 2680.02 real, 11753 MB
[runlim] sample:		5454.46 time, 2690.02 real, 11753 MB
[runlim] sample:		5474.75 time, 2700.02 real, 11842 MB
[runlim] sample:		5495.02 time, 2710.02 real, 11765 MB
[runlim] sample:		5515.27 time, 2720.02 real, 11721 MB
[runlim] sample:		5535.56 time, 2730.02 real, 11721 MB
[runlim] sample:		5555.83 time, 2740.02 real, 11722 MB
[runlim] sample:		5576.12 time, 2750.02 real, 11722 MB
[runlim] sample:		5596.40 time, 2760.02 real, 11722 MB
[runlim] sample:		5616.67 time, 2770.02 real, 11737 MB
[runlim] sample:		5636.93 time, 2780.02 real, 11737 MB
[runlim] sample:		5657.22 time, 2790.02 real, 11737 MB
[runlim] sample:		5677.51 time, 2800.02 real, 11738 MB
[runlim] sample:		5697.79 time, 2810.02 real, 11738 MB
[runlim] sample:		5718.06 time, 2820.02 real, 11738 MB
[runlim] sample:		5738.34 time, 2830.02 real, 11738 MB
[runlim] sample:		5758.61 time, 2840.02 real, 11743 MB
[runlim] sample:		5778.89 time, 2850.02 real, 11743 MB
[runlim] sample:		5799.18 time, 2860.02 real, 11743 MB
[runlim] sample:		5819.47 time, 2870.02 real, 11836 MB
[runlim] sample:		5839.73 time, 2880.02 real, 11801 MB
[runlim] sample:		5860.02 time, 2890.02 real, 11802 MB
[runlim] sample:		5880.28 time, 2900.02 real, 12529 MB
[runlim] sample:		5900.58 time, 2910.02 real, 14150 MB
[runlim] sample:		5920.85 time, 2920.02 real, 14370 MB
[runlim] sample:		5941.13 time, 2930.02 real, 14367 MB
[runlim] sample:		5961.42 time, 2940.02 real, 14400 MB
[runlim] sample:		5981.69 time, 2950.02 real, 14400 MB
[runlim] sample:		6001.98 time, 2960.02 real, 14400 MB
[runlim] sample:		6022.26 time, 2970.02 real, 14403 MB
[runlim] sample:		6042.53 time, 2980.02 real, 14403 MB
[runlim] sample:		6062.82 time, 2990.02 real, 14403 MB
[runlim] sample:		6083.10 time, 3000.02 real, 14403 MB
[runlim] sample:		6103.38 time, 3010.02 real, 14371 MB
[runlim] sample:		6123.65 time, 3020.02 real, 14424 MB
[runlim] sample:		6143.93 time, 3030.02 real, 14375 MB
[runlim] sample:		6164.21 time, 3040.02 real, 14401 MB
[runlim] sample:		6184.50 time, 3050.02 real, 14401 MB
[runlim] sample:		6204.78 time, 3060.02 real, 14401 MB
[runlim] sample:		6225.04 time, 3070.02 real, 14401 MB
[runlim] sample:		6245.32 time, 3080.02 real, 14401 MB
[runlim] sample:		6265.60 time, 3090.02 real, 14401 MB
[runlim] sample:		6285.86 time, 3100.02 real, 14437 MB
[runlim] sample:		6306.14 time, 3110.02 real, 14437 MB
[runlim] sample:		6326.41 time, 3120.02 real, 14437 MB
[runlim] sample:		6346.69 time, 3130.02 real, 14437 MB
[runlim] sample:		6366.98 time, 3140.02 real, 14426 MB
[runlim] sample:		6387.25 time, 3150.02 real, 14426 MB
[runlim] sample:		6407.54 time, 3160.02 real, 14459 MB
[runlim] sample:		6427.81 time, 3170.02 real, 14492 MB
[runlim] sample:		6448.09 time, 3180.02 real, 14489 MB
[runlim] sample:		6468.37 time, 3190.02 real, 14415 MB
[runlim] sample:		6488.63 time, 3200.02 real, 14585 MB
[runlim] sample:		6508.93 time, 3210.02 real, 14419 MB
[runlim] sample:		6529.20 time, 3220.02 real, 14481 MB
[runlim] sample:		6549.49 time, 3230.02 real, 14481 MB
[runlim] sample:		6569.78 time, 3240.02 real, 14481 MB
[runlim] sample:		6590.05 time, 3250.02 real, 14481 MB
[runlim] sample:		6610.30 time, 3260.02 real, 14481 MB
[runlim] sample:		6630.60 time, 3270.02 real, 14509 MB
[runlim] sample:		6650.87 time, 3280.02 real, 14509 MB
[runlim] sample:		6671.14 time, 3290.02 real, 14509 MB
[runlim] sample:		6691.41 time, 3300.02 real, 14509 MB
[runlim] sample:		6711.69 time, 3310.02 real, 14509 MB
[runlim] sample:		6731.98 time, 3320.02 real, 14424 MB
[runlim] sample:		6752.25 time, 3330.02 real, 14424 MB
[runlim] sample:		6772.53 time, 3340.02 real, 14420 MB
[runlim] sample:		6792.82 time, 3350.02 real, 14496 MB
[runlim] sample:		6813.08 time, 3360.02 real, 14463 MB
[runlim] sample:		6833.37 time, 3370.02 real, 14499 MB
[runlim] sample:		6853.64 time, 3380.02 real, 14402 MB
[runlim] sample:		6873.92 time, 3390.02 real, 14402 MB
[runlim] sample:		6894.21 time, 3400.02 real, 18054 MB
[runlim] sample:		6914.48 time, 3410.02 real, 20054 MB
[runlim] sample:		6934.77 time, 3420.02 real, 20057 MB
[runlim] sample:		6955.05 time, 3430.02 real, 20060 MB
[runlim] sample:		6975.32 time, 3440.02 real, 20063 MB
[runlim] sample:		6995.62 time, 3450.02 real, 20064 MB
[runlim] sample:		7015.89 time, 3460.02 real, 20078 MB
[runlim] sample:		7036.17 time, 3470.02 real, 20081 MB
[runlim] sample:		7056.45 time, 3480.02 real, 20083 MB
[runlim] sample:		7076.72 time, 3490.02 real, 20321 MB
[runlim] sample:		7097.01 time, 3500.02 real, 23229 MB
[runlim] sample:		7117.29 time, 3510.02 real, 25877 MB
[runlim] sample:		7137.57 time, 3520.02 real, 25880 MB
[runlim] sample:		7157.86 time, 3530.02 real, 26037 MB
[runlim] sample:		7178.13 time, 3540.02 real, 25918 MB
[runlim] sample:		7198.40 time, 3550.02 real, 25872 MB
[runlim] sample:		7218.66 time, 3560.02 real, 25886 MB
[runlim] sample:		7238.95 time, 3570.02 real, 25826 MB
[runlim] sample:		7259.22 time, 3580.02 real, 25856 MB
[runlim] sample:		7279.50 time, 3590.02 real, 25882 MB
[runlim] sample:		7299.78 time, 3600.02 real, 25895 MB
[runlim] end:			Wed Oct 16 22:54:09 2019
[runlim] status:		out of time
[runlim] result:		2
[runlim] children:		4
[runlim] real:			3600.10 seconds
[runlim] time:			7299.78 seconds
[runlim] space:			26245 MB
[runlim] samples:		36000
