[runlim] version:		1.17
[runlim] host:			c3n24
[runlim] time limit:		311040000 seconds
[runlim] real time limit:	3600 seconds
[runlim] space limit:		120000 MB
[runlim] argv[0]:		./run-cosa2.sh
[runlim] argv[1]:		/tmp/LgAeMfJs.btor
[runlim] start:			Wed Oct 16 22:09:32 2019
[runlim] child:			30826
[runlim] sample:		20.18 time, 10.01 real, 363 MB
[runlim] sample:		40.44 time, 20.02 real, 684 MB
[runlim] sample:		60.71 time, 30.02 real, 915 MB
[runlim] sample:		80.99 time, 40.02 real, 1073 MB
[runlim] sample:		101.27 time, 50.02 real, 1050 MB
[runlim] sample:		121.54 time, 60.02 real, 1031 MB
[runlim] sample:		141.81 time, 70.02 real, 1195 MB
[runlim] sample:		162.09 time, 80.02 real, 1198 MB
[runlim] sample:		182.36 time, 90.02 real, 1331 MB
[runlim] sample:		202.64 time, 100.02 real, 1537 MB
[runlim] sample:		222.92 time, 110.02 real, 1654 MB
[runlim] sample:		243.19 time, 120.02 real, 1566 MB
[runlim] sample:		263.46 time, 130.02 real, 1506 MB
[runlim] sample:		283.73 time, 140.02 real, 1553 MB
[runlim] sample:		303.99 time, 150.02 real, 1604 MB
[runlim] sample:		324.25 time, 160.02 real, 1612 MB
[runlim] sample:		344.54 time, 170.02 real, 1676 MB
[runlim] sample:		364.81 time, 180.02 real, 1754 MB
[runlim] sample:		385.08 time, 190.02 real, 1859 MB
[runlim] sample:		405.36 time, 200.02 real, 1866 MB
[runlim] sample:		425.65 time, 210.02 real, 1857 MB
[runlim] sample:		445.94 time, 220.02 real, 1927 MB
[runlim] sample:		466.20 time, 230.02 real, 2173 MB
[runlim] sample:		486.49 time, 240.02 real, 2302 MB
[runlim] sample:		506.75 time, 250.02 real, 2329 MB
[runlim] sample:		527.03 time, 260.02 real, 2426 MB
[runlim] sample:		547.29 time, 270.02 real, 2517 MB
[runlim] sample:		567.58 time, 280.02 real, 2534 MB
[runlim] sample:		587.86 time, 290.02 real, 2550 MB
[runlim] sample:		608.11 time, 300.02 real, 2614 MB
[runlim] sample:		628.39 time, 310.02 real, 2858 MB
[runlim] sample:		648.67 time, 320.02 real, 2807 MB
[runlim] sample:		668.94 time, 330.02 real, 2745 MB
[runlim] sample:		689.20 time, 340.02 real, 2890 MB
[runlim] sample:		709.44 time, 350.02 real, 2960 MB
[runlim] sample:		729.72 time, 360.02 real, 2964 MB
[runlim] sample:		750.00 time, 370.02 real, 2923 MB
[runlim] sample:		770.23 time, 380.02 real, 3118 MB
[runlim] sample:		790.50 time, 390.02 real, 2850 MB
[runlim] sample:		810.79 time, 400.02 real, 2892 MB
[runlim] sample:		831.05 time, 410.02 real, 2904 MB
[runlim] sample:		851.33 time, 420.02 real, 2861 MB
[runlim] sample:		871.61 time, 430.02 real, 2853 MB
[runlim] sample:		891.87 time, 440.02 real, 2825 MB
[runlim] sample:		912.15 time, 450.02 real, 2878 MB
[runlim] sample:		932.43 time, 460.02 real, 2836 MB
[runlim] sample:		952.70 time, 470.02 real, 2873 MB
[runlim] sample:		972.96 time, 480.02 real, 2881 MB
[runlim] sample:		993.25 time, 490.02 real, 2931 MB
[runlim] sample:		1013.52 time, 500.02 real, 2889 MB
[runlim] sample:		1033.79 time, 510.01 real, 2869 MB
[runlim] sample:		1054.06 time, 520.01 real, 3012 MB
[runlim] sample:		1074.34 time, 530.01 real, 2922 MB
[runlim] sample:		1094.61 time, 540.01 real, 2876 MB
[runlim] sample:		1114.89 time, 550.02 real, 2878 MB
[runlim] sample:		1135.16 time, 560.02 real, 3017 MB
[runlim] sample:		1155.44 time, 570.02 real, 2878 MB
[runlim] sample:		1175.70 time, 580.02 real, 2883 MB
[runlim] sample:		1195.98 time, 590.02 real, 2915 MB
[runlim] sample:		1216.24 time, 600.02 real, 2918 MB
[runlim] sample:		1236.53 time, 610.02 real, 2920 MB
[runlim] sample:		1256.80 time, 620.02 real, 2968 MB
[runlim] sample:		1277.07 time, 630.02 real, 2922 MB
[runlim] sample:		1297.35 time, 640.02 real, 2885 MB
[runlim] sample:		1317.62 time, 650.02 real, 2886 MB
[runlim] sample:		1337.90 time, 660.02 real, 2886 MB
[runlim] sample:		1358.15 time, 670.02 real, 3021 MB
[runlim] sample:		1378.43 time, 680.02 real, 2934 MB
[runlim] sample:		1398.71 time, 690.02 real, 2887 MB
[runlim] sample:		1418.98 time, 700.02 real, 2943 MB
[runlim] sample:		1439.26 time, 710.02 real, 2952 MB
[runlim] sample:		1459.52 time, 720.02 real, 2983 MB
[runlim] sample:		1479.80 time, 730.02 real, 3008 MB
[runlim] sample:		1500.09 time, 740.02 real, 2978 MB
[runlim] sample:		1520.36 time, 750.02 real, 2981 MB
[runlim] sample:		1540.62 time, 760.02 real, 2987 MB
[runlim] sample:		1560.89 time, 770.02 real, 3027 MB
[runlim] sample:		1581.18 time, 780.02 real, 3024 MB
[runlim] sample:		1601.45 time, 790.02 real, 3037 MB
[runlim] sample:		1621.72 time, 800.02 real, 3238 MB
[runlim] sample:		1641.99 time, 810.02 real, 3301 MB
[runlim] sample:		1662.27 time, 820.02 real, 3416 MB
[runlim] sample:		1682.55 time, 830.02 real, 3496 MB
[runlim] sample:		1702.81 time, 840.02 real, 3433 MB
[runlim] sample:		1723.06 time, 850.02 real, 3498 MB
[runlim] sample:		1743.34 time, 860.01 real, 3573 MB
[runlim] sample:		1763.60 time, 870.01 real, 3641 MB
[runlim] sample:		1783.86 time, 880.01 real, 3734 MB
[runlim] sample:		1804.13 time, 890.01 real, 3657 MB
[runlim] sample:		1824.40 time, 900.01 real, 3714 MB
[runlim] sample:		1844.67 time, 910.02 real, 3747 MB
[runlim] sample:		1864.95 time, 920.02 real, 3842 MB
[runlim] sample:		1885.20 time, 930.02 real, 3881 MB
[runlim] sample:		1905.47 time, 940.02 real, 4017 MB
[runlim] sample:		1925.73 time, 950.02 real, 3991 MB
[runlim] sample:		1946.00 time, 960.02 real, 4159 MB
[runlim] sample:		1966.26 time, 970.02 real, 4136 MB
[runlim] sample:		1986.53 time, 980.02 real, 4236 MB
[runlim] sample:		2006.79 time, 990.02 real, 4297 MB
[runlim] sample:		2027.06 time, 1000.02 real, 4423 MB
[runlim] sample:		2047.31 time, 1010.02 real, 4440 MB
[runlim] sample:		2067.58 time, 1020.02 real, 4503 MB
[runlim] sample:		2087.86 time, 1030.02 real, 4738 MB
[runlim] sample:		2108.11 time, 1040.02 real, 4760 MB
[runlim] sample:		2128.39 time, 1050.02 real, 4775 MB
[runlim] sample:		2148.67 time, 1060.02 real, 4787 MB
[runlim] sample:		2168.94 time, 1070.02 real, 4831 MB
[runlim] sample:		2189.21 time, 1080.02 real, 4874 MB
[runlim] sample:		2209.49 time, 1090.02 real, 4851 MB
[runlim] sample:		2229.76 time, 1100.02 real, 4851 MB
[runlim] sample:		2250.03 time, 1110.02 real, 4866 MB
[runlim] sample:		2270.30 time, 1120.02 real, 4884 MB
[runlim] sample:		2290.57 time, 1130.02 real, 4868 MB
[runlim] sample:		2310.85 time, 1140.02 real, 4883 MB
[runlim] sample:		2331.12 time, 1150.02 real, 4901 MB
[runlim] sample:		2351.41 time, 1160.02 real, 4890 MB
[runlim] sample:		2371.64 time, 1170.02 real, 5109 MB
[runlim] sample:		2391.89 time, 1180.02 real, 5134 MB
[runlim] sample:		2412.15 time, 1190.02 real, 5150 MB
[runlim] sample:		2432.44 time, 1200.02 real, 5169 MB
[runlim] sample:		2452.69 time, 1210.02 real, 5153 MB
[runlim] sample:		2472.98 time, 1220.02 real, 5157 MB
[runlim] sample:		2493.26 time, 1230.02 real, 5145 MB
[runlim] sample:		2513.52 time, 1240.02 real, 5195 MB
[runlim] sample:		2533.81 time, 1250.02 real, 5347 MB
[runlim] sample:		2554.08 time, 1260.02 real, 5304 MB
[runlim] sample:		2574.35 time, 1270.02 real, 5251 MB
[runlim] sample:		2594.61 time, 1280.02 real, 5282 MB
[runlim] sample:		2614.89 time, 1290.02 real, 5412 MB
[runlim] sample:		2635.18 time, 1300.02 real, 5403 MB
[runlim] sample:		2655.43 time, 1310.02 real, 5580 MB
[runlim] sample:		2675.70 time, 1320.02 real, 5482 MB
[runlim] sample:		2695.97 time, 1330.02 real, 5479 MB
[runlim] sample:		2716.25 time, 1340.02 real, 5656 MB
[runlim] sample:		2736.54 time, 1350.02 real, 5554 MB
[runlim] sample:		2756.81 time, 1360.02 real, 5549 MB
[runlim] sample:		2777.06 time, 1370.02 real, 5633 MB
[runlim] sample:		2797.33 time, 1380.02 real, 5614 MB
[runlim] sample:		2817.60 time, 1390.02 real, 5728 MB
[runlim] sample:		2837.86 time, 1400.02 real, 5708 MB
[runlim] sample:		2858.14 time, 1410.02 real, 5796 MB
[runlim] sample:		2878.42 time, 1420.02 real, 5724 MB
[runlim] sample:		2898.68 time, 1430.02 real, 5878 MB
[runlim] sample:		2918.96 time, 1440.02 real, 5809 MB
[runlim] sample:		2939.25 time, 1450.02 real, 5882 MB
[runlim] sample:		2959.52 time, 1460.02 real, 5885 MB
[runlim] sample:		2979.80 time, 1470.02 real, 5872 MB
[runlim] sample:		3000.06 time, 1480.02 real, 5983 MB
[runlim] sample:		3020.34 time, 1490.02 real, 5950 MB
[runlim] sample:		3040.61 time, 1500.02 real, 6039 MB
[runlim] sample:		3060.88 time, 1510.02 real, 6038 MB
[runlim] sample:		3081.16 time, 1520.02 real, 5980 MB
[runlim] sample:		3101.43 time, 1530.02 real, 6251 MB
[runlim] sample:		3121.70 time, 1540.02 real, 6429 MB
[runlim] sample:		3141.97 time, 1550.02 real, 6513 MB
[runlim] sample:		3162.26 time, 1560.02 real, 6623 MB
[runlim] sample:		3182.53 time, 1570.02 real, 6761 MB
[runlim] sample:		3202.81 time, 1580.02 real, 6753 MB
[runlim] sample:		3223.07 time, 1590.02 real, 6804 MB
[runlim] sample:		3243.35 time, 1600.02 real, 6861 MB
[runlim] sample:		3263.62 time, 1610.02 real, 6642 MB
[runlim] sample:		3283.90 time, 1620.02 real, 6906 MB
[runlim] sample:		3304.18 time, 1630.02 real, 6882 MB
[runlim] sample:		3324.45 time, 1640.02 real, 6783 MB
[runlim] sample:		3344.72 time, 1650.02 real, 6646 MB
[runlim] sample:		3364.99 time, 1660.02 real, 6432 MB
[runlim] sample:		3385.27 time, 1670.02 real, 6492 MB
[runlim] sample:		3405.54 time, 1680.02 real, 6800 MB
[runlim] sample:		3425.82 time, 1690.02 real, 6502 MB
[runlim] sample:		3446.08 time, 1700.02 real, 6459 MB
[runlim] sample:		3466.33 time, 1710.02 real, 6790 MB
[runlim] sample:		3486.62 time, 1720.02 real, 6515 MB
[runlim] sample:		3506.88 time, 1730.02 real, 6554 MB
[runlim] sample:		3527.15 time, 1740.02 real, 6715 MB
[runlim] sample:		3547.43 time, 1750.02 real, 6563 MB
[runlim] sample:		3567.71 time, 1760.02 real, 6604 MB
[runlim] sample:		3587.98 time, 1770.02 real, 6538 MB
[runlim] sample:		3608.25 time, 1780.02 real, 6564 MB
[runlim] sample:		3628.53 time, 1790.02 real, 6536 MB
[runlim] sample:		3648.82 time, 1800.02 real, 6545 MB
[runlim] sample:		3669.09 time, 1810.02 real, 6564 MB
[runlim] sample:		3689.36 time, 1820.02 real, 6572 MB
[runlim] sample:		3709.63 time, 1830.02 real, 6748 MB
[runlim] sample:		3729.90 time, 1840.02 real, 6547 MB
[runlim] sample:		3750.19 time, 1850.02 real, 6575 MB
[runlim] sample:		3770.46 time, 1860.02 real, 6566 MB
[runlim] sample:		3790.74 time, 1870.02 real, 6577 MB
[runlim] sample:		3811.03 time, 1880.01 real, 6578 MB
[runlim] sample:		3831.27 time, 1890.02 real, 6578 MB
[runlim] sample:		3851.56 time, 1900.02 real, 6630 MB
[runlim] sample:		3871.82 time, 1910.02 real, 6632 MB
[runlim] sample:		3892.08 time, 1920.02 real, 6676 MB
[runlim] sample:		3912.34 time, 1930.02 real, 6337 MB
[runlim] sample:		3932.60 time, 1940.02 real, 6337 MB
[runlim] sample:		3952.86 time, 1950.02 real, 6299 MB
[runlim] sample:		3973.14 time, 1960.02 real, 6612 MB
[runlim] sample:		3993.40 time, 1970.02 real, 6656 MB
[runlim] sample:		4013.65 time, 1980.02 real, 6636 MB
[runlim] sample:		4033.94 time, 1990.02 real, 6820 MB
[runlim] sample:		4054.20 time, 2000.02 real, 6700 MB
[runlim] sample:		4074.47 time, 2010.02 real, 6254 MB
[runlim] sample:		4094.72 time, 2020.02 real, 6377 MB
[runlim] sample:		4115.00 time, 2030.01 real, 6417 MB
[runlim] sample:		4135.26 time, 2040.02 real, 6702 MB
[runlim] sample:		4155.52 time, 2050.02 real, 6776 MB
[runlim] sample:		4175.79 time, 2060.01 real, 6510 MB
[runlim] sample:		4196.07 time, 2070.01 real, 6510 MB
[runlim] sample:		4216.34 time, 2080.02 real, 6555 MB
[runlim] sample:		4236.60 time, 2090.02 real, 6551 MB
[runlim] sample:		4256.87 time, 2100.02 real, 6511 MB
[runlim] sample:		4277.15 time, 2110.02 real, 6512 MB
[runlim] sample:		4297.44 time, 2120.02 real, 6482 MB
[runlim] sample:		4317.71 time, 2130.01 real, 6811 MB
[runlim] sample:		4337.96 time, 2140.02 real, 6816 MB
[runlim] sample:		4358.25 time, 2150.02 real, 6519 MB
[runlim] sample:		4378.52 time, 2160.02 real, 6524 MB
[runlim] sample:		4398.80 time, 2170.02 real, 6524 MB
[runlim] sample:		4419.07 time, 2180.02 real, 6649 MB
[runlim] sample:		4439.34 time, 2190.02 real, 6524 MB
[runlim] sample:		4459.61 time, 2200.02 real, 6596 MB
[runlim] sample:		4479.88 time, 2210.01 real, 6567 MB
[runlim] sample:		4500.15 time, 2220.01 real, 6567 MB
[runlim] sample:		4520.43 time, 2230.02 real, 6881 MB
[runlim] sample:		4540.70 time, 2240.02 real, 6902 MB
[runlim] sample:		4560.98 time, 2250.02 real, 6573 MB
[runlim] sample:		4581.26 time, 2260.02 real, 6903 MB
[runlim] sample:		4601.52 time, 2270.02 real, 6871 MB
[runlim] sample:		4621.81 time, 2280.01 real, 6909 MB
[runlim] sample:		4642.07 time, 2290.02 real, 6877 MB
[runlim] sample:		4662.35 time, 2300.02 real, 6629 MB
[runlim] sample:		4682.63 time, 2310.02 real, 6680 MB
[runlim] sample:		4702.91 time, 2320.02 real, 6619 MB
[runlim] sample:		4723.19 time, 2330.02 real, 6787 MB
[runlim] sample:		4743.45 time, 2340.02 real, 6596 MB
[runlim] sample:		4763.74 time, 2350.02 real, 6584 MB
[runlim] sample:		4784.02 time, 2360.02 real, 6908 MB
[runlim] sample:		4804.28 time, 2370.02 real, 6856 MB
[runlim] sample:		4824.54 time, 2380.02 real, 6925 MB
[runlim] sample:		4844.83 time, 2390.01 real, 6637 MB
[runlim] sample:		4865.12 time, 2400.02 real, 6643 MB
[runlim] sample:		4885.39 time, 2410.02 real, 6657 MB
[runlim] sample:		4905.67 time, 2420.02 real, 6985 MB
[runlim] sample:		4925.93 time, 2430.02 real, 6985 MB
[runlim] sample:		4946.20 time, 2440.02 real, 6991 MB
[runlim] sample:		4966.50 time, 2450.02 real, 6968 MB
[runlim] sample:		4986.76 time, 2460.02 real, 6845 MB
[runlim] sample:		5007.05 time, 2470.02 real, 7008 MB
[runlim] sample:		5027.30 time, 2480.02 real, 7015 MB
[runlim] sample:		5047.57 time, 2490.01 real, 6694 MB
[runlim] sample:		5067.86 time, 2500.02 real, 6694 MB
[runlim] sample:		5088.13 time, 2510.01 real, 6996 MB
[runlim] sample:		5108.40 time, 2520.02 real, 6975 MB
[runlim] sample:		5128.63 time, 2530.02 real, 7002 MB
[runlim] sample:		5148.90 time, 2540.02 real, 6830 MB
[runlim] sample:		5169.15 time, 2550.02 real, 6778 MB
[runlim] sample:		5189.45 time, 2560.02 real, 6644 MB
[runlim] sample:		5209.70 time, 2570.02 real, 6694 MB
[runlim] sample:		5229.99 time, 2580.02 real, 6644 MB
[runlim] sample:		5250.26 time, 2590.02 real, 6696 MB
[runlim] sample:		5270.54 time, 2600.02 real, 7027 MB
[runlim] sample:		5290.81 time, 2610.02 real, 6946 MB
[runlim] sample:		5311.09 time, 2620.02 real, 6947 MB
[runlim] sample:		5331.36 time, 2630.01 real, 6947 MB
[runlim] sample:		5351.64 time, 2640.01 real, 6948 MB
[runlim] sample:		5371.91 time, 2650.02 real, 6954 MB
[runlim] sample:		5392.20 time, 2660.02 real, 6945 MB
[runlim] sample:		5412.46 time, 2670.02 real, 6916 MB
[runlim] sample:		5432.73 time, 2680.01 real, 6995 MB
[runlim] sample:		5453.01 time, 2690.02 real, 6951 MB
[runlim] sample:		5473.28 time, 2700.01 real, 6957 MB
[runlim] sample:		5493.55 time, 2710.02 real, 6941 MB
[runlim] sample:		5513.83 time, 2720.02 real, 6919 MB
[runlim] sample:		5534.09 time, 2730.01 real, 7261 MB
[runlim] sample:		5554.35 time, 2740.02 real, 6890 MB
[runlim] sample:		5574.63 time, 2750.02 real, 6976 MB
[runlim] sample:		5594.90 time, 2760.01 real, 7318 MB
[runlim] sample:		5615.15 time, 2770.02 real, 7207 MB
[runlim] sample:		5635.42 time, 2780.02 real, 7035 MB
[runlim] sample:		5655.70 time, 2790.02 real, 7044 MB
[runlim] sample:		5675.95 time, 2800.02 real, 7126 MB
[runlim] sample:		5696.24 time, 2810.02 real, 7041 MB
[runlim] sample:		5716.51 time, 2820.01 real, 7042 MB
[runlim] sample:		5736.78 time, 2830.02 real, 7322 MB
[runlim] sample:		5757.06 time, 2840.02 real, 7032 MB
[runlim] sample:		5777.34 time, 2850.02 real, 7021 MB
[runlim] sample:		5797.61 time, 2860.02 real, 6993 MB
[runlim] sample:		5817.88 time, 2870.01 real, 7371 MB
[runlim] sample:		5838.15 time, 2880.02 real, 7096 MB
[runlim] sample:		5858.44 time, 2890.02 real, 7175 MB
[runlim] sample:		5878.71 time, 2900.02 real, 7096 MB
[runlim] sample:		5898.98 time, 2910.01 real, 7217 MB
[runlim] sample:		5919.22 time, 2920.02 real, 7181 MB
[runlim] sample:		5939.49 time, 2930.01 real, 7220 MB
[runlim] sample:		5959.78 time, 2940.02 real, 7194 MB
[runlim] sample:		5980.05 time, 2950.02 real, 7288 MB
[runlim] sample:		6000.32 time, 2960.02 real, 7253 MB
[runlim] sample:		6020.59 time, 2970.02 real, 7253 MB
[runlim] sample:		6040.86 time, 2980.02 real, 7122 MB
[runlim] sample:		6061.14 time, 2990.02 real, 7322 MB
[runlim] sample:		6081.41 time, 3000.02 real, 7051 MB
[runlim] sample:		6101.70 time, 3010.01 real, 7051 MB
[runlim] sample:		6121.94 time, 3020.02 real, 7051 MB
[runlim] sample:		6142.21 time, 3030.02 real, 7082 MB
[runlim] sample:		6162.49 time, 3040.02 real, 7069 MB
[runlim] sample:		6182.77 time, 3050.02 real, 6928 MB
[runlim] sample:		6203.04 time, 3060.02 real, 7057 MB
[runlim] sample:		6223.31 time, 3070.02 real, 7291 MB
[runlim] sample:		6243.59 time, 3080.02 real, 7264 MB
[runlim] sample:		6263.87 time, 3090.02 real, 7234 MB
[runlim] sample:		6284.15 time, 3100.02 real, 7279 MB
[runlim] sample:		6304.41 time, 3110.02 real, 7280 MB
[runlim] sample:		6324.69 time, 3120.02 real, 7226 MB
[runlim] sample:		6344.97 time, 3130.01 real, 7280 MB
[runlim] sample:		6365.25 time, 3140.02 real, 7282 MB
[runlim] sample:		6385.52 time, 3150.02 real, 7237 MB
[runlim] sample:		6405.79 time, 3160.02 real, 7283 MB
[runlim] sample:		6426.06 time, 3170.02 real, 7232 MB
[runlim] sample:		6446.34 time, 3180.02 real, 7244 MB
[runlim] sample:		6466.62 time, 3190.01 real, 7285 MB
[runlim] sample:		6486.90 time, 3200.02 real, 7285 MB
[runlim] sample:		6507.16 time, 3210.02 real, 7287 MB
[runlim] sample:		6527.44 time, 3220.01 real, 7303 MB
[runlim] sample:		6547.71 time, 3230.02 real, 7257 MB
[runlim] sample:		6567.99 time, 3240.01 real, 7304 MB
[runlim] sample:		6588.24 time, 3250.02 real, 7548 MB
[runlim] sample:		6608.51 time, 3260.02 real, 7236 MB
[runlim] sample:		6628.79 time, 3270.01 real, 7305 MB
[runlim] sample:		6649.05 time, 3280.01 real, 7314 MB
[runlim] sample:		6669.31 time, 3290.02 real, 7292 MB
[runlim] sample:		6689.58 time, 3300.02 real, 7316 MB
[runlim] sample:		6709.84 time, 3310.02 real, 7324 MB
[runlim] sample:		6730.11 time, 3320.01 real, 7332 MB
[runlim] sample:		6750.39 time, 3330.02 real, 7307 MB
[runlim] sample:		6770.64 time, 3340.02 real, 7357 MB
[runlim] sample:		6790.92 time, 3350.02 real, 7190 MB
[runlim] sample:		6811.20 time, 3360.02 real, 7358 MB
[runlim] sample:		6831.47 time, 3370.02 real, 7270 MB
[runlim] sample:		6851.74 time, 3380.01 real, 7377 MB
[runlim] sample:		6872.01 time, 3390.01 real, 7389 MB
[runlim] sample:		6892.29 time, 3400.02 real, 7309 MB
[runlim] sample:		6912.56 time, 3410.01 real, 7689 MB
[runlim] sample:		6932.83 time, 3420.02 real, 7277 MB
[runlim] sample:		6953.11 time, 3430.02 real, 7424 MB
[runlim] sample:		6973.39 time, 3440.02 real, 7446 MB
[runlim] sample:		6993.66 time, 3450.02 real, 7488 MB
[runlim] sample:		7013.89 time, 3460.02 real, 7447 MB
[runlim] sample:		7034.19 time, 3470.02 real, 7447 MB
[runlim] sample:		7054.46 time, 3480.02 real, 7448 MB
[runlim] sample:		7074.73 time, 3490.01 real, 7447 MB
[runlim] sample:		7095.00 time, 3500.01 real, 7448 MB
[runlim] sample:		7115.26 time, 3510.01 real, 7448 MB
[runlim] sample:		7135.55 time, 3520.01 real, 7466 MB
[runlim] sample:		7155.80 time, 3530.02 real, 7466 MB
[runlim] sample:		7176.07 time, 3540.02 real, 7468 MB
[runlim] sample:		7196.37 time, 3550.02 real, 7417 MB
[runlim] sample:		7216.64 time, 3560.01 real, 7469 MB
[runlim] sample:		7236.93 time, 3570.02 real, 7427 MB
[runlim] sample:		7257.18 time, 3580.01 real, 7486 MB
[runlim] sample:		7277.48 time, 3590.02 real, 7503 MB
[runlim] sample:		7297.75 time, 3600.02 real, 7513 MB
[runlim] end:			Wed Oct 16 23:09:32 2019
[runlim] status:		out of time
[runlim] result:		2
[runlim] children:		4
[runlim] real:			3600.10 seconds
[runlim] time:			7297.75 seconds
[runlim] space:			7758 MB
[runlim] samples:		36000
