[runlim] version:		1.17
[runlim] host:			c3n13
[runlim] time limit:		311040000 seconds
[runlim] real time limit:	3600 seconds
[runlim] space limit:		120000 MB
[runlim] argv[0]:		./run-cosa2.sh
[runlim] argv[1]:		/tmp/gzJOmNCK.btor
[runlim] start:			Wed Oct 16 20:36:34 2019
[runlim] child:			28081
[runlim] sample:		20.14 time, 10.02 real, 462 MB
[runlim] sample:		40.39 time, 20.02 real, 645 MB
[runlim] sample:		60.64 time, 30.02 real, 748 MB
[runlim] sample:		80.90 time, 40.02 real, 906 MB
[runlim] sample:		101.16 time, 50.02 real, 1000 MB
[runlim] sample:		121.44 time, 60.02 real, 1130 MB
[runlim] sample:		141.72 time, 70.02 real, 1159 MB
[runlim] sample:		161.99 time, 80.02 real, 1223 MB
[runlim] sample:		182.27 time, 90.02 real, 1285 MB
[runlim] end:			Wed Oct 16 20:38:09 2019
[runlim] status:		ok
[runlim] result:		0
[runlim] children:		4
[runlim] real:			95.64 seconds
[runlim] time:			193.62 seconds
[runlim] space:			1366 MB
[runlim] samples:		956
