[runlim] version:		1.17
[runlim] host:			c3n22
[runlim] time limit:		311040000 seconds
[runlim] real time limit:	3600 seconds
[runlim] space limit:		120000 MB
[runlim] argv[0]:		./run-cosa2.sh
[runlim] argv[1]:		/tmp/cB5Hf3Lr.btor
[runlim] start:			Wed Oct 16 20:54:55 2019
[runlim] child:			8693
[runlim] sample:		20.16 time, 10.02 real, 729 MB
[runlim] sample:		40.42 time, 20.02 real, 974 MB
[runlim] sample:		60.69 time, 30.02 real, 1328 MB
[runlim] sample:		80.95 time, 40.02 real, 1600 MB
[runlim] sample:		101.22 time, 50.02 real, 1754 MB
[runlim] sample:		121.50 time, 60.02 real, 1872 MB
[runlim] sample:		141.77 time, 70.02 real, 2266 MB
[runlim] sample:		162.04 time, 80.02 real, 2422 MB
[runlim] sample:		182.33 time, 90.02 real, 2486 MB
[runlim] sample:		202.60 time, 100.02 real, 2615 MB
[runlim] sample:		222.87 time, 110.02 real, 2722 MB
[runlim] sample:		243.15 time, 120.02 real, 2801 MB
[runlim] sample:		263.42 time, 130.02 real, 2942 MB
[runlim] sample:		283.70 time, 140.02 real, 3062 MB
[runlim] sample:		303.97 time, 150.02 real, 3151 MB
[runlim] sample:		324.24 time, 160.02 real, 3232 MB
[runlim] sample:		344.52 time, 170.02 real, 3271 MB
[runlim] sample:		364.78 time, 180.02 real, 3454 MB
[runlim] sample:		385.06 time, 190.02 real, 3420 MB
[runlim] sample:		405.35 time, 200.02 real, 3580 MB
[runlim] sample:		425.64 time, 210.02 real, 3581 MB
[runlim] sample:		445.90 time, 220.02 real, 3719 MB
[runlim] sample:		466.17 time, 230.02 real, 3809 MB
[runlim] sample:		486.44 time, 240.02 real, 3802 MB
[runlim] sample:		506.73 time, 250.02 real, 4028 MB
[runlim] sample:		527.00 time, 260.02 real, 4353 MB
[runlim] sample:		547.28 time, 270.02 real, 4775 MB
[runlim] sample:		567.55 time, 280.02 real, 4811 MB
[runlim] sample:		587.84 time, 290.02 real, 4832 MB
[runlim] sample:		608.11 time, 300.02 real, 4854 MB
[runlim] sample:		628.39 time, 310.02 real, 4848 MB
[runlim] sample:		648.65 time, 320.02 real, 4882 MB
[runlim] sample:		668.93 time, 330.02 real, 4890 MB
[runlim] sample:		689.21 time, 340.02 real, 4963 MB
[runlim] sample:		709.48 time, 350.02 real, 5172 MB
[runlim] sample:		729.76 time, 360.02 real, 5873 MB
[runlim] sample:		750.02 time, 370.02 real, 6591 MB
[runlim] sample:		770.29 time, 380.02 real, 6085 MB
[runlim] sample:		790.56 time, 390.02 real, 6608 MB
[runlim] sample:		810.84 time, 400.02 real, 6612 MB
[runlim] sample:		831.11 time, 410.02 real, 7953 MB
[runlim] sample:		851.38 time, 420.02 real, 8022 MB
[runlim] sample:		871.66 time, 430.02 real, 7864 MB
[runlim] sample:		891.94 time, 440.02 real, 7647 MB
[runlim] sample:		912.21 time, 450.02 real, 7653 MB
[runlim] sample:		932.49 time, 460.02 real, 7676 MB
[runlim] sample:		952.76 time, 470.02 real, 7707 MB
[runlim] sample:		973.02 time, 480.02 real, 7664 MB
[runlim] sample:		993.29 time, 490.02 real, 7710 MB
[runlim] sample:		1013.59 time, 500.02 real, 7677 MB
[runlim] sample:		1033.87 time, 510.02 real, 7722 MB
[runlim] sample:		1054.13 time, 520.02 real, 7698 MB
[runlim] sample:		1074.41 time, 530.02 real, 7693 MB
[runlim] sample:		1094.69 time, 540.02 real, 7714 MB
[runlim] sample:		1114.98 time, 550.02 real, 7696 MB
[runlim] sample:		1135.24 time, 560.02 real, 7779 MB
[runlim] sample:		1155.53 time, 570.02 real, 7779 MB
[runlim] sample:		1175.79 time, 580.02 real, 7774 MB
[runlim] sample:		1196.06 time, 590.02 real, 7811 MB
[runlim] sample:		1216.34 time, 600.02 real, 7952 MB
[runlim] sample:		1236.61 time, 610.02 real, 7940 MB
[runlim] sample:		1256.88 time, 620.02 real, 8105 MB
[runlim] sample:		1277.16 time, 630.02 real, 8034 MB
[runlim] sample:		1297.45 time, 640.02 real, 8063 MB
[runlim] sample:		1317.72 time, 650.02 real, 8153 MB
[runlim] sample:		1338.00 time, 660.02 real, 8167 MB
[runlim] sample:		1358.26 time, 670.02 real, 8254 MB
[runlim] sample:		1378.52 time, 680.02 real, 8435 MB
[runlim] sample:		1398.82 time, 690.02 real, 8315 MB
[runlim] sample:		1419.06 time, 700.02 real, 8454 MB
[runlim] sample:		1439.35 time, 710.02 real, 8418 MB
[runlim] sample:		1459.61 time, 720.02 real, 8486 MB
[runlim] sample:		1479.89 time, 730.02 real, 8656 MB
[runlim] sample:		1500.16 time, 740.02 real, 8534 MB
[runlim] sample:		1520.43 time, 750.02 real, 8592 MB
[runlim] sample:		1540.71 time, 760.02 real, 8732 MB
[runlim] sample:		1560.97 time, 770.02 real, 8756 MB
[runlim] sample:		1581.25 time, 780.02 real, 8736 MB
[runlim] sample:		1601.53 time, 790.02 real, 8763 MB
[runlim] sample:		1621.80 time, 800.02 real, 8921 MB
[runlim] sample:		1642.08 time, 810.02 real, 8875 MB
[runlim] sample:		1662.36 time, 820.02 real, 8895 MB
[runlim] sample:		1682.64 time, 830.02 real, 9091 MB
[runlim] sample:		1702.90 time, 840.02 real, 8960 MB
[runlim] sample:		1723.18 time, 850.02 real, 9222 MB
[runlim] sample:		1743.45 time, 860.02 real, 9135 MB
[runlim] sample:		1763.72 time, 870.02 real, 9081 MB
[runlim] sample:		1783.99 time, 880.02 real, 9338 MB
[runlim] sample:		1804.27 time, 890.02 real, 9236 MB
[runlim] sample:		1824.55 time, 900.02 real, 9291 MB
[runlim] sample:		1844.84 time, 910.02 real, 9481 MB
[runlim] sample:		1865.10 time, 920.02 real, 9986 MB
[runlim] sample:		1885.38 time, 930.02 real, 10156 MB
[runlim] sample:		1905.66 time, 940.02 real, 10026 MB
[runlim] sample:		1925.93 time, 950.02 real, 10040 MB
[runlim] sample:		1946.20 time, 960.02 real, 10194 MB
[runlim] sample:		1966.47 time, 970.02 real, 10099 MB
[runlim] sample:		1986.74 time, 980.02 real, 10349 MB
[runlim] sample:		2007.02 time, 990.02 real, 10195 MB
[runlim] sample:		2027.29 time, 1000.02 real, 10170 MB
[runlim] sample:		2047.56 time, 1010.02 real, 10337 MB
[runlim] sample:		2067.84 time, 1020.02 real, 10283 MB
[runlim] sample:		2088.10 time, 1030.02 real, 10384 MB
[runlim] sample:		2108.38 time, 1040.02 real, 10334 MB
[runlim] sample:		2128.67 time, 1050.02 real, 10475 MB
[runlim] sample:		2148.93 time, 1060.02 real, 10397 MB
[runlim] sample:		2169.21 time, 1070.02 real, 10922 MB
[runlim] sample:		2189.48 time, 1080.02 real, 10745 MB
[runlim] sample:		2209.75 time, 1090.02 real, 10721 MB
[runlim] sample:		2230.04 time, 1100.02 real, 10750 MB
[runlim] sample:		2250.30 time, 1110.02 real, 10816 MB
[runlim] sample:		2270.58 time, 1120.02 real, 10787 MB
[runlim] sample:		2290.85 time, 1130.02 real, 10797 MB
[runlim] sample:		2311.13 time, 1140.02 real, 10800 MB
[runlim] sample:		2331.39 time, 1150.02 real, 10802 MB
[runlim] sample:		2351.67 time, 1160.02 real, 10789 MB
[runlim] sample:		2371.93 time, 1170.02 real, 10795 MB
[runlim] sample:		2392.21 time, 1180.02 real, 10795 MB
[runlim] sample:		2412.48 time, 1190.02 real, 10811 MB
[runlim] sample:		2432.76 time, 1200.02 real, 10815 MB
[runlim] sample:		2453.03 time, 1210.02 real, 10781 MB
[runlim] sample:		2473.32 time, 1220.02 real, 10800 MB
[runlim] sample:		2493.59 time, 1230.02 real, 10787 MB
[runlim] sample:		2513.88 time, 1240.02 real, 10947 MB
[runlim] sample:		2534.15 time, 1250.02 real, 10816 MB
[runlim] sample:		2554.43 time, 1260.02 real, 10817 MB
[runlim] sample:		2574.70 time, 1270.02 real, 10867 MB
[runlim] sample:		2595.00 time, 1280.02 real, 10901 MB
[runlim] sample:		2615.26 time, 1290.02 real, 10953 MB
[runlim] sample:		2635.54 time, 1300.02 real, 10999 MB
[runlim] sample:		2655.81 time, 1310.02 real, 10970 MB
[runlim] sample:		2676.08 time, 1320.02 real, 11000 MB
[runlim] sample:		2696.36 time, 1330.02 real, 10997 MB
[runlim] sample:		2716.63 time, 1340.02 real, 11053 MB
[runlim] sample:		2736.90 time, 1350.02 real, 11141 MB
[runlim] sample:		2757.14 time, 1360.02 real, 10970 MB
[runlim] sample:		2777.42 time, 1370.02 real, 10966 MB
[runlim] sample:		2797.69 time, 1380.02 real, 11018 MB
[runlim] sample:		2817.96 time, 1390.02 real, 11154 MB
[runlim] sample:		2838.24 time, 1400.02 real, 11228 MB
[runlim] sample:		2858.51 time, 1410.02 real, 11371 MB
[runlim] sample:		2878.79 time, 1420.02 real, 11114 MB
[runlim] sample:		2899.06 time, 1430.02 real, 11127 MB
[runlim] sample:		2919.32 time, 1440.02 real, 11304 MB
[runlim] sample:		2939.60 time, 1450.02 real, 11441 MB
[runlim] sample:		2959.87 time, 1460.02 real, 11588 MB
[runlim] sample:		2980.15 time, 1470.02 real, 11312 MB
[runlim] sample:		3000.42 time, 1480.02 real, 11332 MB
[runlim] sample:		3020.70 time, 1490.02 real, 11404 MB
[runlim] sample:		3040.99 time, 1500.02 real, 11454 MB
[runlim] sample:		3061.27 time, 1510.02 real, 11584 MB
[runlim] sample:		3081.54 time, 1520.02 real, 11602 MB
[runlim] sample:		3101.81 time, 1530.02 real, 11709 MB
[runlim] sample:		3122.11 time, 1540.02 real, 11793 MB
[runlim] sample:		3142.37 time, 1550.02 real, 11554 MB
[runlim] sample:		3162.67 time, 1560.02 real, 11617 MB
[runlim] sample:		3182.93 time, 1570.02 real, 11618 MB
[runlim] sample:		3203.21 time, 1580.02 real, 11681 MB
[runlim] sample:		3223.48 time, 1590.02 real, 11712 MB
[runlim] sample:		3243.76 time, 1600.02 real, 11800 MB
[runlim] sample:		3264.03 time, 1610.02 real, 11875 MB
[runlim] sample:		3284.32 time, 1620.02 real, 11976 MB
[runlim] sample:		3304.59 time, 1630.02 real, 11974 MB
[runlim] sample:		3324.86 time, 1640.02 real, 12044 MB
[runlim] sample:		3345.14 time, 1650.02 real, 12096 MB
[runlim] sample:		3365.42 time, 1660.02 real, 12158 MB
[runlim] sample:		3385.68 time, 1670.02 real, 12144 MB
[runlim] sample:		3405.96 time, 1680.02 real, 11918 MB
[runlim] sample:		3426.23 time, 1690.02 real, 11991 MB
[runlim] sample:		3446.51 time, 1700.02 real, 12029 MB
[runlim] sample:		3466.79 time, 1710.02 real, 12075 MB
[runlim] sample:		3487.05 time, 1720.02 real, 12105 MB
[runlim] sample:		3507.33 time, 1730.02 real, 12136 MB
[runlim] sample:		3527.59 time, 1740.02 real, 12160 MB
[runlim] sample:		3547.88 time, 1750.02 real, 12187 MB
[runlim] sample:		3568.16 time, 1760.02 real, 12217 MB
[runlim] sample:		3588.44 time, 1770.02 real, 12248 MB
[runlim] sample:		3608.72 time, 1780.02 real, 12279 MB
[runlim] sample:		3629.00 time, 1790.02 real, 12309 MB
[runlim] sample:		3649.28 time, 1800.02 real, 12339 MB
[runlim] sample:		3669.56 time, 1810.02 real, 12362 MB
[runlim] sample:		3689.84 time, 1820.02 real, 12389 MB
[runlim] sample:		3710.11 time, 1830.02 real, 12410 MB
[runlim] sample:		3730.38 time, 1840.02 real, 12427 MB
[runlim] sample:		3750.65 time, 1850.02 real, 12425 MB
[runlim] sample:		3770.93 time, 1860.02 real, 12442 MB
[runlim] sample:		3791.20 time, 1870.02 real, 12809 MB
[runlim] sample:		3811.47 time, 1880.02 real, 12766 MB
[runlim] sample:		3831.75 time, 1890.02 real, 12783 MB
[runlim] sample:		3852.03 time, 1900.02 real, 12799 MB
[runlim] sample:		3872.31 time, 1910.02 real, 12800 MB
[runlim] sample:		3892.58 time, 1920.02 real, 12783 MB
[runlim] sample:		3912.86 time, 1930.02 real, 12780 MB
[runlim] sample:		3933.13 time, 1940.02 real, 12780 MB
[runlim] sample:		3953.41 time, 1950.02 real, 12763 MB
[runlim] sample:		3973.68 time, 1960.02 real, 12807 MB
[runlim] sample:		3993.95 time, 1970.02 real, 12823 MB
[runlim] sample:		4014.23 time, 1980.02 real, 12818 MB
[runlim] sample:		4034.51 time, 1990.02 real, 12838 MB
[runlim] sample:		4054.79 time, 2000.02 real, 13208 MB
[runlim] sample:		4075.06 time, 2010.02 real, 13248 MB
[runlim] sample:		4095.33 time, 2020.02 real, 13150 MB
[runlim] sample:		4115.59 time, 2030.02 real, 13118 MB
[runlim] sample:		4135.87 time, 2040.02 real, 13084 MB
[runlim] sample:		4156.14 time, 2050.02 real, 13051 MB
[runlim] sample:		4176.42 time, 2060.02 real, 13094 MB
[runlim] sample:		4196.71 time, 2070.02 real, 13070 MB
[runlim] sample:		4217.00 time, 2080.02 real, 13135 MB
[runlim] sample:		4237.27 time, 2090.02 real, 13334 MB
[runlim] sample:		4257.55 time, 2100.02 real, 13421 MB
[runlim] sample:		4277.84 time, 2110.02 real, 13356 MB
[runlim] sample:		4298.10 time, 2120.02 real, 13281 MB
[runlim] sample:		4318.38 time, 2130.02 real, 13281 MB
[runlim] sample:		4338.67 time, 2140.02 real, 13262 MB
[runlim] sample:		4358.94 time, 2150.02 real, 13322 MB
[runlim] sample:		4379.21 time, 2160.02 real, 13654 MB
[runlim] sample:		4399.50 time, 2170.02 real, 13578 MB
[runlim] sample:		4419.78 time, 2180.02 real, 13556 MB
[runlim] sample:		4440.06 time, 2190.02 real, 13441 MB
[runlim] sample:		4460.34 time, 2200.02 real, 13449 MB
[runlim] sample:		4480.63 time, 2210.02 real, 13496 MB
[runlim] sample:		4500.91 time, 2220.02 real, 13810 MB
[runlim] sample:		4521.18 time, 2230.02 real, 13736 MB
[runlim] sample:		4541.47 time, 2240.02 real, 13579 MB
[runlim] sample:		4561.74 time, 2250.02 real, 13586 MB
[runlim] sample:		4582.02 time, 2260.02 real, 13624 MB
[runlim] sample:		4602.30 time, 2270.02 real, 13976 MB
[runlim] sample:		4622.59 time, 2280.02 real, 13795 MB
[runlim] sample:		4642.85 time, 2290.02 real, 13833 MB
[runlim] sample:		4663.13 time, 2300.02 real, 14191 MB
[runlim] sample:		4683.41 time, 2310.02 real, 14454 MB
[runlim] sample:		4703.67 time, 2320.02 real, 15143 MB
[runlim] sample:		4723.97 time, 2330.02 real, 15047 MB
[runlim] sample:		4744.24 time, 2340.02 real, 15126 MB
[runlim] sample:		4764.52 time, 2350.02 real, 15062 MB
[runlim] sample:		4784.81 time, 2360.02 real, 15372 MB
[runlim] sample:		4805.07 time, 2370.02 real, 15274 MB
[runlim] sample:		4825.35 time, 2380.02 real, 15187 MB
[runlim] sample:		4845.62 time, 2390.02 real, 15223 MB
[runlim] sample:		4865.90 time, 2400.02 real, 15498 MB
[runlim] sample:		4886.17 time, 2410.02 real, 15390 MB
[runlim] sample:		4906.46 time, 2420.02 real, 15342 MB
[runlim] sample:		4926.72 time, 2430.02 real, 15369 MB
[runlim] sample:		4947.00 time, 2440.02 real, 15701 MB
[runlim] sample:		4967.30 time, 2450.02 real, 15571 MB
[runlim] sample:		4987.56 time, 2460.02 real, 15436 MB
[runlim] sample:		5007.84 time, 2470.02 real, 15479 MB
[runlim] sample:		5028.10 time, 2480.02 real, 15852 MB
[runlim] sample:		5048.37 time, 2490.02 real, 15700 MB
[runlim] sample:		5068.67 time, 2500.02 real, 15552 MB
[runlim] sample:		5088.93 time, 2510.02 real, 15592 MB
[runlim] sample:		5109.21 time, 2520.02 real, 15852 MB
[runlim] sample:		5129.48 time, 2530.02 real, 15765 MB
[runlim] sample:		5149.73 time, 2540.02 real, 18193 MB
[runlim] sample:		5170.03 time, 2550.02 real, 19380 MB
[runlim] sample:		5190.29 time, 2560.02 real, 20250 MB
[runlim] sample:		5210.57 time, 2570.02 real, 20326 MB
[runlim] sample:		5230.83 time, 2580.02 real, 20253 MB
[runlim] sample:		5251.11 time, 2590.02 real, 20518 MB
[runlim] sample:		5271.39 time, 2600.02 real, 21496 MB
[runlim] sample:		5291.67 time, 2610.02 real, 23454 MB
[runlim] sample:		5311.94 time, 2620.02 real, 24174 MB
[runlim] sample:		5332.22 time, 2630.02 real, 24044 MB
[runlim] sample:		5352.51 time, 2640.02 real, 23991 MB
[runlim] sample:		5372.78 time, 2650.02 real, 24382 MB
[runlim] sample:		5393.06 time, 2660.02 real, 24793 MB
[runlim] sample:		5413.34 time, 2670.02 real, 25285 MB
[runlim] sample:		5433.63 time, 2680.02 real, 25631 MB
[runlim] sample:		5453.89 time, 2690.02 real, 25442 MB
[runlim] sample:		5474.17 time, 2700.02 real, 25348 MB
[runlim] sample:		5494.45 time, 2710.02 real, 25343 MB
[runlim] sample:		5514.71 time, 2720.02 real, 29113 MB
[runlim] sample:		5534.99 time, 2730.02 real, 28546 MB
[runlim] sample:		5555.27 time, 2740.02 real, 28600 MB
[runlim] sample:		5575.54 time, 2750.02 real, 28768 MB
[runlim] sample:		5595.81 time, 2760.02 real, 29811 MB
[runlim] sample:		5616.09 time, 2770.02 real, 30413 MB
[runlim] sample:		5636.37 time, 2780.02 real, 30307 MB
[runlim] sample:		5656.63 time, 2790.02 real, 30351 MB
[runlim] sample:		5676.89 time, 2800.02 real, 30513 MB
[runlim] sample:		5697.19 time, 2810.02 real, 30323 MB
[runlim] sample:		5717.44 time, 2820.02 real, 30374 MB
[runlim] sample:		5737.73 time, 2830.02 real, 30309 MB
[runlim] sample:		5758.02 time, 2840.02 real, 30311 MB
[runlim] sample:		5778.30 time, 2850.02 real, 30461 MB
[runlim] sample:		5798.56 time, 2860.02 real, 30313 MB
[runlim] sample:		5818.85 time, 2870.02 real, 30314 MB
[runlim] sample:		5839.12 time, 2880.02 real, 30339 MB
[runlim] sample:		5859.41 time, 2890.02 real, 30411 MB
[runlim] sample:		5879.68 time, 2900.02 real, 30483 MB
[runlim] sample:		5899.94 time, 2910.02 real, 30560 MB
[runlim] sample:		5920.22 time, 2920.02 real, 30354 MB
[runlim] sample:		5940.49 time, 2930.02 real, 30363 MB
[runlim] sample:		5960.75 time, 2940.02 real, 30404 MB
[runlim] sample:		5981.04 time, 2950.02 real, 30496 MB
[runlim] sample:		6001.32 time, 2960.02 real, 30389 MB
[runlim] sample:		6021.60 time, 2970.02 real, 30386 MB
[runlim] sample:		6041.88 time, 2980.02 real, 30329 MB
[runlim] sample:		6062.16 time, 2990.02 real, 32040 MB
[runlim] sample:		6082.43 time, 3000.02 real, 32347 MB
[runlim] sample:		6102.71 time, 3010.02 real, 30357 MB
[runlim] sample:		6122.99 time, 3020.02 real, 30702 MB
[runlim] sample:		6143.26 time, 3030.02 real, 31003 MB
[runlim] sample:		6163.54 time, 3040.02 real, 31003 MB
[runlim] sample:		6183.81 time, 3050.02 real, 30731 MB
[runlim] sample:		6204.08 time, 3060.02 real, 30763 MB
[runlim] sample:		6224.34 time, 3070.02 real, 31551 MB
[runlim] sample:		6244.62 time, 3080.02 real, 31161 MB
[runlim] sample:		6264.90 time, 3090.02 real, 31083 MB
[runlim] sample:		6285.17 time, 3100.02 real, 31838 MB
[runlim] sample:		6305.44 time, 3110.02 real, 30870 MB
[runlim] sample:		6325.72 time, 3120.02 real, 32860 MB
[runlim] sample:		6345.99 time, 3130.02 real, 31827 MB
[runlim] sample:		6366.27 time, 3140.02 real, 32482 MB
[runlim] sample:		6386.54 time, 3150.02 real, 30633 MB
[runlim] sample:		6406.81 time, 3160.02 real, 29945 MB
[runlim] sample:		6427.10 time, 3170.02 real, 29808 MB
[runlim] sample:		6447.37 time, 3180.02 real, 29786 MB
[runlim] sample:		6467.66 time, 3190.02 real, 30464 MB
[runlim] sample:		6487.93 time, 3200.02 real, 30498 MB
[runlim] sample:		6508.21 time, 3210.02 real, 30499 MB
[runlim] sample:		6528.49 time, 3220.02 real, 30518 MB
[runlim] sample:		6548.78 time, 3230.02 real, 30584 MB
[runlim] sample:		6569.05 time, 3240.02 real, 30527 MB
[runlim] sample:		6589.33 time, 3250.02 real, 30544 MB
[runlim] sample:		6609.61 time, 3260.02 real, 30596 MB
[runlim] sample:		6629.88 time, 3270.02 real, 30539 MB
[runlim] sample:		6650.17 time, 3280.02 real, 30559 MB
[runlim] sample:		6670.44 time, 3290.02 real, 30596 MB
[runlim] sample:		6690.71 time, 3300.02 real, 30561 MB
[runlim] sample:		6710.98 time, 3310.02 real, 30591 MB
[runlim] sample:		6731.26 time, 3320.02 real, 31541 MB
[runlim] sample:		6751.53 time, 3330.02 real, 34607 MB
[runlim] sample:		6771.79 time, 3340.02 real, 35464 MB
[runlim] sample:		6792.08 time, 3350.02 real, 35459 MB
[runlim] sample:		6812.34 time, 3360.02 real, 35545 MB
[runlim] sample:		6832.62 time, 3370.02 real, 35598 MB
[runlim] sample:		6852.89 time, 3380.02 real, 35423 MB
[runlim] sample:		6873.16 time, 3390.02 real, 35419 MB
[runlim] sample:		6893.44 time, 3400.02 real, 35381 MB
[runlim] sample:		6913.70 time, 3410.02 real, 37487 MB
[runlim] sample:		6933.98 time, 3420.02 real, 37959 MB
[runlim] sample:		6954.26 time, 3430.02 real, 38105 MB
[runlim] sample:		6974.51 time, 3440.02 real, 38124 MB
[runlim] sample:		6994.79 time, 3450.02 real, 38179 MB
[runlim] sample:		7015.09 time, 3460.02 real, 37915 MB
[runlim] sample:		7035.36 time, 3470.02 real, 37917 MB
[runlim] sample:		7055.65 time, 3480.02 real, 37960 MB
[runlim] sample:		7075.92 time, 3490.02 real, 37922 MB
[runlim] sample:		7096.20 time, 3500.02 real, 37924 MB
[runlim] sample:		7116.48 time, 3510.02 real, 37995 MB
[runlim] sample:		7136.76 time, 3520.02 real, 38101 MB
[runlim] sample:		7157.04 time, 3530.02 real, 38185 MB
[runlim] sample:		7177.32 time, 3540.02 real, 38217 MB
[runlim] sample:		7197.59 time, 3550.02 real, 38013 MB
[runlim] sample:		7217.88 time, 3560.02 real, 38001 MB
[runlim] sample:		7238.15 time, 3570.02 real, 38010 MB
[runlim] sample:		7258.43 time, 3580.02 real, 38087 MB
[runlim] sample:		7278.72 time, 3590.02 real, 38186 MB
[runlim] sample:		7298.99 time, 3600.02 real, 38239 MB
[runlim] end:			Wed Oct 16 21:54:55 2019
[runlim] status:		out of time
[runlim] result:		2
[runlim] children:		4
[runlim] real:			3600.11 seconds
[runlim] time:			7298.99 seconds
[runlim] space:			38369 MB
[runlim] samples:		36000
