[runlim] version:		1.17
[runlim] host:			c3n29
[runlim] time limit:		311040000 seconds
[runlim] real time limit:	3600 seconds
[runlim] space limit:		120000 MB
[runlim] argv[0]:		./run-cosa2.sh
[runlim] argv[1]:		/tmp/Dwr1RiIC.btor
[runlim] start:			Wed Oct 16 22:52:35 2019
[runlim] child:			23031
[runlim] sample:		20.19 time, 10.02 real, 631 MB
[runlim] sample:		40.45 time, 20.02 real, 888 MB
[runlim] sample:		60.72 time, 30.02 real, 1195 MB
[runlim] sample:		80.98 time, 40.02 real, 1271 MB
[runlim] sample:		101.27 time, 50.02 real, 1393 MB
[runlim] sample:		121.54 time, 60.02 real, 1582 MB
[runlim] sample:		141.80 time, 70.02 real, 1396 MB
[runlim] sample:		162.07 time, 80.02 real, 1413 MB
[runlim] sample:		182.34 time, 90.02 real, 1418 MB
[runlim] sample:		202.61 time, 100.02 real, 1429 MB
[runlim] sample:		222.89 time, 110.02 real, 1441 MB
[runlim] sample:		243.15 time, 120.02 real, 1494 MB
[runlim] sample:		263.42 time, 130.02 real, 1602 MB
[runlim] sample:		283.69 time, 140.02 real, 1706 MB
[runlim] sample:		303.95 time, 150.02 real, 1750 MB
[runlim] sample:		324.23 time, 160.02 real, 1799 MB
[runlim] sample:		344.50 time, 170.02 real, 1915 MB
[runlim] sample:		364.77 time, 180.02 real, 2224 MB
[runlim] sample:		385.04 time, 190.02 real, 2332 MB
[runlim] sample:		405.31 time, 200.02 real, 2275 MB
[runlim] sample:		425.59 time, 210.02 real, 2432 MB
[runlim] sample:		445.86 time, 220.02 real, 2485 MB
[runlim] sample:		466.12 time, 230.02 real, 2514 MB
[runlim] sample:		486.38 time, 240.02 real, 2601 MB
[runlim] sample:		506.67 time, 250.02 real, 2630 MB
[runlim] sample:		526.93 time, 260.02 real, 2696 MB
[runlim] sample:		547.21 time, 270.02 real, 2839 MB
[runlim] sample:		567.48 time, 280.02 real, 2808 MB
[runlim] sample:		587.75 time, 290.02 real, 2917 MB
[runlim] sample:		608.02 time, 300.02 real, 3026 MB
[runlim] sample:		628.29 time, 310.02 real, 2971 MB
[runlim] sample:		648.55 time, 320.02 real, 3124 MB
[runlim] sample:		668.83 time, 330.02 real, 3169 MB
[runlim] sample:		689.10 time, 340.02 real, 3186 MB
[runlim] sample:		709.36 time, 350.02 real, 3374 MB
[runlim] sample:		729.63 time, 360.02 real, 3409 MB
[runlim] sample:		749.90 time, 370.02 real, 3379 MB
[runlim] sample:		770.18 time, 380.02 real, 3433 MB
[runlim] sample:		790.45 time, 390.02 real, 3754 MB
[runlim] sample:		810.73 time, 400.02 real, 3761 MB
[runlim] sample:		831.01 time, 410.02 real, 3781 MB
[runlim] sample:		851.28 time, 420.02 real, 3847 MB
[runlim] sample:		871.55 time, 430.02 real, 3877 MB
[runlim] sample:		891.83 time, 440.02 real, 3871 MB
[runlim] sample:		912.11 time, 450.02 real, 3906 MB
[runlim] sample:		932.39 time, 460.02 real, 3984 MB
[runlim] sample:		952.66 time, 470.02 real, 3885 MB
[runlim] sample:		972.94 time, 480.02 real, 3928 MB
[runlim] sample:		993.20 time, 490.02 real, 4038 MB
[runlim] sample:		1013.48 time, 500.02 real, 4037 MB
[runlim] sample:		1033.74 time, 510.02 real, 4201 MB
[runlim] sample:		1054.02 time, 520.02 real, 4151 MB
[runlim] sample:		1074.31 time, 530.02 real, 4169 MB
[runlim] sample:		1094.58 time, 540.02 real, 4286 MB
[runlim] sample:		1114.86 time, 550.02 real, 4240 MB
[runlim] sample:		1135.12 time, 560.02 real, 4332 MB
[runlim] sample:		1155.40 time, 570.02 real, 4310 MB
[runlim] sample:		1175.69 time, 580.02 real, 4378 MB
[runlim] sample:		1195.97 time, 590.02 real, 4353 MB
[runlim] sample:		1216.24 time, 600.02 real, 4436 MB
[runlim] sample:		1236.52 time, 610.02 real, 4549 MB
[runlim] sample:		1256.78 time, 620.02 real, 4532 MB
[runlim] sample:		1277.05 time, 630.02 real, 4580 MB
[runlim] sample:		1297.33 time, 640.02 real, 4690 MB
[runlim] sample:		1317.61 time, 650.02 real, 4742 MB
[runlim] sample:		1337.89 time, 660.02 real, 4671 MB
[runlim] sample:		1358.16 time, 670.02 real, 4768 MB
[runlim] sample:		1378.44 time, 680.02 real, 4859 MB
[runlim] sample:		1398.70 time, 690.02 real, 4765 MB
[runlim] sample:		1418.98 time, 700.02 real, 4787 MB
[runlim] sample:		1439.25 time, 710.02 real, 4872 MB
[runlim] sample:		1459.53 time, 720.02 real, 4887 MB
[runlim] sample:		1479.80 time, 730.02 real, 4954 MB
[runlim] sample:		1500.07 time, 740.02 real, 4934 MB
[runlim] sample:		1520.35 time, 750.02 real, 4995 MB
[runlim] sample:		1540.64 time, 760.02 real, 5056 MB
[runlim] sample:		1560.89 time, 770.02 real, 5074 MB
[runlim] sample:		1581.17 time, 780.02 real, 5103 MB
[runlim] sample:		1601.45 time, 790.02 real, 5142 MB
[runlim] sample:		1621.72 time, 800.02 real, 5156 MB
[runlim] sample:		1642.00 time, 810.02 real, 5175 MB
[runlim] sample:		1662.29 time, 820.02 real, 5229 MB
[runlim] sample:		1682.54 time, 830.02 real, 5249 MB
[runlim] sample:		1702.81 time, 840.02 real, 5421 MB
[runlim] sample:		1723.09 time, 850.02 real, 5388 MB
[runlim] sample:		1743.37 time, 860.02 real, 5342 MB
[runlim] sample:		1763.65 time, 870.02 real, 5369 MB
[runlim] sample:		1783.91 time, 880.02 real, 5364 MB
[runlim] sample:		1804.18 time, 890.02 real, 5535 MB
[runlim] sample:		1824.47 time, 900.02 real, 5461 MB
[runlim] sample:		1844.74 time, 910.02 real, 5512 MB
[runlim] sample:		1865.02 time, 920.02 real, 5613 MB
[runlim] sample:		1885.28 time, 930.02 real, 5541 MB
[runlim] sample:		1905.56 time, 940.02 real, 5547 MB
[runlim] sample:		1925.81 time, 950.02 real, 5733 MB
[runlim] sample:		1946.09 time, 960.02 real, 5630 MB
[runlim] sample:		1966.37 time, 970.02 real, 5677 MB
[runlim] sample:		1986.65 time, 980.02 real, 5800 MB
[runlim] sample:		2006.91 time, 990.02 real, 5743 MB
[runlim] sample:		2027.18 time, 1000.02 real, 6386 MB
[runlim] sample:		2047.47 time, 1010.02 real, 6088 MB
[runlim] sample:		2067.74 time, 1020.02 real, 6017 MB
[runlim] sample:		2088.00 time, 1030.02 real, 6042 MB
[runlim] sample:		2108.28 time, 1040.02 real, 5979 MB
[runlim] sample:		2128.56 time, 1050.02 real, 6798 MB
[runlim] sample:		2148.83 time, 1060.02 real, 6717 MB
[runlim] sample:		2169.10 time, 1070.02 real, 6764 MB
[runlim] sample:		2189.38 time, 1080.02 real, 6742 MB
[runlim] sample:		2209.64 time, 1090.02 real, 6773 MB
[runlim] sample:		2229.92 time, 1100.02 real, 6770 MB
[runlim] sample:		2250.18 time, 1110.02 real, 6783 MB
[runlim] sample:		2270.45 time, 1120.02 real, 6759 MB
[runlim] sample:		2290.73 time, 1130.02 real, 6806 MB
[runlim] end:			Wed Oct 16 23:11:30 2019
[runlim] status:		ok
[runlim] result:		0
[runlim] children:		4
[runlim] real:			1134.69 seconds
[runlim] time:			2300.07 seconds
[runlim] space:			6878 MB
[runlim] samples:		11346
