[runlim] version:		1.17
[runlim] host:			c3n21
[runlim] time limit:		311040000 seconds
[runlim] real time limit:	3600 seconds
[runlim] space limit:		120000 MB
[runlim] argv[0]:		./run-cosa2.sh
[runlim] argv[1]:		/tmp/GUcHP51u.btor
[runlim] start:			Wed Oct 16 20:46:59 2019
[runlim] child:			14191
[runlim] sample:		20.20 time, 10.02 real, 171 MB
[runlim] sample:		40.47 time, 20.02 real, 231 MB
[runlim] sample:		60.74 time, 30.02 real, 266 MB
[runlim] sample:		81.02 time, 40.02 real, 300 MB
[runlim] sample:		101.29 time, 50.02 real, 351 MB
[runlim] sample:		121.56 time, 60.02 real, 384 MB
[runlim] sample:		141.85 time, 70.02 real, 422 MB
[runlim] sample:		162.11 time, 80.02 real, 457 MB
[runlim] sample:		182.40 time, 90.02 real, 472 MB
[runlim] sample:		202.67 time, 100.02 real, 502 MB
[runlim] sample:		222.95 time, 110.02 real, 513 MB
[runlim] sample:		243.21 time, 120.02 real, 534 MB
[runlim] sample:		263.49 time, 130.02 real, 568 MB
[runlim] sample:		283.75 time, 140.02 real, 590 MB
[runlim] sample:		304.03 time, 150.02 real, 631 MB
[runlim] sample:		324.30 time, 160.02 real, 678 MB
[runlim] sample:		344.57 time, 170.02 real, 690 MB
[runlim] sample:		364.84 time, 180.02 real, 722 MB
[runlim] sample:		385.13 time, 190.02 real, 745 MB
[runlim] sample:		405.39 time, 200.02 real, 742 MB
[runlim] sample:		425.66 time, 210.02 real, 770 MB
[runlim] sample:		445.94 time, 220.02 real, 765 MB
[runlim] sample:		466.21 time, 230.02 real, 783 MB
[runlim] sample:		486.48 time, 240.02 real, 816 MB
[runlim] sample:		506.76 time, 250.02 real, 840 MB
[runlim] sample:		527.04 time, 260.02 real, 890 MB
[runlim] sample:		547.30 time, 270.02 real, 868 MB
[runlim] sample:		567.58 time, 280.02 real, 864 MB
[runlim] sample:		587.86 time, 290.02 real, 896 MB
[runlim] sample:		608.12 time, 300.02 real, 944 MB
[runlim] sample:		628.40 time, 310.02 real, 957 MB
[runlim] sample:		648.68 time, 320.02 real, 966 MB
[runlim] sample:		668.96 time, 330.02 real, 1036 MB
[runlim] sample:		689.23 time, 340.02 real, 1036 MB
[runlim] sample:		709.50 time, 350.02 real, 1060 MB
[runlim] sample:		729.77 time, 360.02 real, 1068 MB
[runlim] sample:		750.05 time, 370.02 real, 1108 MB
[runlim] sample:		770.32 time, 380.02 real, 1077 MB
[runlim] sample:		790.59 time, 390.02 real, 1126 MB
[runlim] sample:		810.86 time, 400.02 real, 1125 MB
[runlim] sample:		831.15 time, 410.02 real, 1164 MB
[runlim] sample:		851.42 time, 420.02 real, 1147 MB
[runlim] sample:		871.65 time, 430.02 real, 1219 MB
[runlim] sample:		891.93 time, 440.02 real, 1206 MB
[runlim] sample:		912.19 time, 450.02 real, 1251 MB
[runlim] end:			Wed Oct 16 20:54:36 2019
[runlim] status:		ok
[runlim] result:		0
[runlim] children:		4
[runlim] real:			457.14 seconds
[runlim] time:			926.59 seconds
[runlim] space:			1305 MB
[runlim] samples:		4571
