[runlim] version:		1.17
[runlim] host:			c3n02
[runlim] time limit:		311040000 seconds
[runlim] real time limit:	3600 seconds
[runlim] space limit:		120000 MB
[runlim] argv[0]:		./run-btormc-master.sh
[runlim] argv[1]:		/tmp/cqaGG2j6.btor
[runlim] start:			Fri Oct 18 06:15:48 2019
[runlim] child:			7296
[runlim] sample:		10.00 time, 10.01 real, 47 MB
[runlim] sample:		20.00 time, 20.02 real, 87 MB
[runlim] sample:		30.00 time, 30.01 real, 137 MB
[runlim] sample:		40.00 time, 40.01 real, 137 MB
[runlim] sample:		50.00 time, 50.01 real, 137 MB
[runlim] sample:		60.00 time, 60.01 real, 137 MB
[runlim] sample:		70.00 time, 70.01 real, 137 MB
[runlim] sample:		80.00 time, 80.02 real, 174 MB
[runlim] sample:		89.99 time, 90.02 real, 241 MB
[runlim] sample:		100.00 time, 100.02 real, 294 MB
[runlim] sample:		110.00 time, 110.02 real, 346 MB
[runlim] sample:		120.00 time, 120.02 real, 371 MB
[runlim] sample:		130.00 time, 130.02 real, 441 MB
[runlim] sample:		140.00 time, 140.02 real, 454 MB
[runlim] sample:		149.99 time, 150.02 real, 536 MB
[runlim] sample:		160.00 time, 160.02 real, 569 MB
[runlim] sample:		170.00 time, 170.02 real, 646 MB
[runlim] sample:		180.00 time, 180.02 real, 721 MB
[runlim] sample:		190.00 time, 190.02 real, 744 MB
[runlim] sample:		200.00 time, 200.02 real, 783 MB
[runlim] sample:		210.00 time, 210.02 real, 828 MB
[runlim] sample:		220.00 time, 220.02 real, 895 MB
[runlim] sample:		230.00 time, 230.02 real, 903 MB
[runlim] sample:		240.00 time, 240.02 real, 918 MB
[runlim] sample:		250.00 time, 250.02 real, 1029 MB
[runlim] sample:		259.99 time, 260.02 real, 1068 MB
[runlim] sample:		270.00 time, 270.01 real, 1135 MB
[runlim] sample:		279.99 time, 280.02 real, 1184 MB
[runlim] sample:		290.00 time, 290.02 real, 1219 MB
[runlim] sample:		299.99 time, 300.02 real, 1246 MB
[runlim] sample:		310.00 time, 310.02 real, 1274 MB
[runlim] sample:		320.00 time, 320.02 real, 1308 MB
[runlim] sample:		329.99 time, 330.02 real, 1379 MB
[runlim] sample:		339.99 time, 340.02 real, 1398 MB
[runlim] sample:		349.99 time, 350.02 real, 1458 MB
[runlim] sample:		359.99 time, 360.02 real, 1460 MB
[runlim] sample:		369.99 time, 370.02 real, 1291 MB
[runlim] sample:		379.99 time, 380.02 real, 1416 MB
[runlim] sample:		389.99 time, 390.02 real, 1451 MB
[runlim] sample:		400.00 time, 400.02 real, 1453 MB
[runlim] sample:		410.00 time, 410.02 real, 1475 MB
[runlim] end:			Fri Oct 18 06:22:40 2019
[runlim] status:		ok
[runlim] result:		0
[runlim] children:		2
[runlim] real:			412.06 seconds
[runlim] time:			411.99 seconds
[runlim] space:			1527 MB
[runlim] samples:		4120
