[runlim] version:		1.17
[runlim] host:			c3n22
[runlim] time limit:		311040000 seconds
[runlim] real time limit:	3600 seconds
[runlim] space limit:		120000 MB
[runlim] argv[0]:		./run-btormc-master.sh
[runlim] argv[1]:		/tmp/zCEXUpwh.btor
[runlim] start:			Fri Oct 18 09:12:40 2019
[runlim] child:			16910
[runlim] sample:		10.00 time, 10.02 real, 215 MB
[runlim] sample:		20.00 time, 20.02 real, 529 MB
[runlim] sample:		30.00 time, 30.02 real, 571 MB
[runlim] sample:		40.00 time, 40.02 real, 834 MB
[runlim] sample:		50.00 time, 50.02 real, 926 MB
[runlim] sample:		60.00 time, 60.02 real, 1165 MB
[runlim] sample:		70.00 time, 70.02 real, 1174 MB
[runlim] sample:		80.00 time, 80.02 real, 1280 MB
[runlim] sample:		90.00 time, 90.02 real, 1474 MB
[runlim] sample:		100.00 time, 100.02 real, 1326 MB
[runlim] sample:		110.00 time, 110.02 real, 1649 MB
[runlim] sample:		119.99 time, 120.02 real, 1688 MB
[runlim] sample:		130.00 time, 130.02 real, 1787 MB
[runlim] sample:		140.00 time, 140.02 real, 1937 MB
[runlim] sample:		150.00 time, 150.02 real, 2323 MB
[runlim] sample:		160.00 time, 160.02 real, 2419 MB
[runlim] sample:		170.00 time, 170.02 real, 2529 MB
[runlim] sample:		180.00 time, 180.02 real, 2612 MB
[runlim] sample:		189.99 time, 190.02 real, 2696 MB
[runlim] sample:		200.00 time, 200.02 real, 2776 MB
[runlim] sample:		209.99 time, 210.02 real, 2541 MB
[runlim] sample:		220.00 time, 220.02 real, 2538 MB
[runlim] sample:		230.00 time, 230.02 real, 2526 MB
[runlim] sample:		239.99 time, 240.02 real, 3134 MB
[runlim] sample:		250.00 time, 250.02 real, 2903 MB
[runlim] sample:		260.00 time, 260.02 real, 3146 MB
[runlim] sample:		269.99 time, 270.02 real, 3385 MB
[runlim] sample:		279.99 time, 280.02 real, 3393 MB
[runlim] sample:		289.99 time, 290.02 real, 3069 MB
[runlim] sample:		300.00 time, 300.02 real, 3584 MB
[runlim] sample:		310.00 time, 310.02 real, 3186 MB
[runlim] sample:		319.99 time, 320.02 real, 3413 MB
[runlim] sample:		329.99 time, 330.02 real, 3283 MB
[runlim] sample:		339.99 time, 340.02 real, 3639 MB
[runlim] sample:		349.99 time, 350.02 real, 3417 MB
[runlim] sample:		359.99 time, 360.02 real, 3995 MB
[runlim] sample:		369.99 time, 370.02 real, 3672 MB
[runlim] sample:		379.99 time, 380.02 real, 3869 MB
[runlim] sample:		389.99 time, 390.02 real, 4314 MB
[runlim] sample:		399.99 time, 400.02 real, 4156 MB
[runlim] sample:		409.99 time, 410.02 real, 4397 MB
[runlim] sample:		420.00 time, 420.02 real, 3857 MB
[runlim] sample:		429.99 time, 430.02 real, 4505 MB
[runlim] sample:		439.99 time, 440.02 real, 4415 MB
[runlim] sample:		449.99 time, 450.02 real, 3985 MB
[runlim] sample:		459.99 time, 460.02 real, 4147 MB
[runlim] sample:		469.99 time, 470.02 real, 4238 MB
[runlim] sample:		479.99 time, 480.02 real, 4106 MB
[runlim] sample:		489.99 time, 490.02 real, 4813 MB
[runlim] sample:		499.99 time, 500.02 real, 4353 MB
[runlim] sample:		509.99 time, 510.02 real, 4793 MB
[runlim] sample:		519.99 time, 520.02 real, 5040 MB
[runlim] sample:		529.99 time, 530.02 real, 4926 MB
[runlim] sample:		539.99 time, 540.02 real, 4890 MB
[runlim] sample:		549.99 time, 550.02 real, 4437 MB
[runlim] end:			Fri Oct 18 09:21:59 2019
[runlim] status:		ok
[runlim] result:		0
[runlim] children:		2
[runlim] real:			558.62 seconds
[runlim] time:			558.59 seconds
[runlim] space:			5159 MB
[runlim] samples:		5586
