[runlim] version:		1.17
[runlim] host:			c3n10
[runlim] time limit:		311040000 seconds
[runlim] real time limit:	3600 seconds
[runlim] space limit:		120000 MB
[runlim] argv[0]:		./run-btormc-master.sh
[runlim] argv[1]:		/tmp/sjShmneW.btor
[runlim] start:			Fri Oct 18 07:40:48 2019
[runlim] child:			4795
[runlim] sample:		10.00 time, 10.02 real, 223 MB
[runlim] sample:		20.00 time, 20.02 real, 460 MB
[runlim] sample:		30.00 time, 30.02 real, 444 MB
[runlim] sample:		40.00 time, 40.02 real, 958 MB
[runlim] sample:		50.00 time, 50.02 real, 998 MB
[runlim] sample:		59.99 time, 60.02 real, 1239 MB
[runlim] sample:		70.00 time, 70.02 real, 1306 MB
[runlim] sample:		80.00 time, 80.02 real, 1412 MB
[runlim] sample:		89.99 time, 90.02 real, 1290 MB
[runlim] sample:		100.00 time, 100.02 real, 1363 MB
[runlim] sample:		110.00 time, 110.02 real, 1653 MB
[runlim] sample:		120.00 time, 120.02 real, 1889 MB
[runlim] sample:		130.00 time, 130.02 real, 1873 MB
[runlim] sample:		140.00 time, 140.02 real, 2268 MB
[runlim] sample:		149.99 time, 150.02 real, 1954 MB
[runlim] sample:		160.00 time, 160.01 real, 2290 MB
[runlim] sample:		169.99 time, 170.02 real, 2288 MB
[runlim] sample:		179.99 time, 180.02 real, 2288 MB
[runlim] sample:		190.00 time, 190.02 real, 2288 MB
[runlim] sample:		200.00 time, 200.02 real, 1975 MB
[runlim] sample:		209.99 time, 210.02 real, 2292 MB
[runlim] sample:		220.00 time, 220.02 real, 2291 MB
[runlim] sample:		230.00 time, 230.02 real, 2291 MB
[runlim] sample:		240.00 time, 240.02 real, 2244 MB
[runlim] sample:		249.99 time, 250.02 real, 2307 MB
[runlim] sample:		259.99 time, 260.02 real, 2366 MB
[runlim] sample:		269.99 time, 270.02 real, 1981 MB
[runlim] sample:		280.00 time, 280.02 real, 2311 MB
[runlim] sample:		290.00 time, 290.02 real, 2311 MB
[runlim] sample:		300.00 time, 300.02 real, 2311 MB
[runlim] sample:		310.00 time, 310.02 real, 2648 MB
[runlim] sample:		320.00 time, 320.02 real, 2873 MB
[runlim] sample:		330.00 time, 330.01 real, 3049 MB
[runlim] sample:		339.99 time, 340.02 real, 2989 MB
[runlim] sample:		350.00 time, 350.02 real, 2989 MB
[runlim] sample:		360.00 time, 360.02 real, 2989 MB
[runlim] sample:		370.00 time, 370.02 real, 2989 MB
[runlim] sample:		380.00 time, 380.02 real, 3051 MB
[runlim] sample:		389.99 time, 390.02 real, 2915 MB
[runlim] sample:		399.99 time, 400.02 real, 2616 MB
[runlim] sample:		410.00 time, 410.02 real, 2920 MB
[runlim] sample:		420.00 time, 420.02 real, 3246 MB
[runlim] sample:		430.00 time, 430.02 real, 2796 MB
[runlim] sample:		439.99 time, 440.01 real, 2980 MB
[runlim] sample:		450.00 time, 450.02 real, 2880 MB
[runlim] sample:		459.99 time, 460.02 real, 2880 MB
[runlim] sample:		470.00 time, 470.02 real, 2880 MB
[runlim] sample:		479.99 time, 480.02 real, 2880 MB
[runlim] sample:		490.00 time, 490.02 real, 2880 MB
[runlim] sample:		500.00 time, 500.02 real, 2873 MB
[runlim] sample:		509.99 time, 510.02 real, 2772 MB
[runlim] sample:		519.99 time, 520.01 real, 3006 MB
[runlim] sample:		529.99 time, 530.02 real, 2600 MB
[runlim] sample:		539.99 time, 540.02 real, 2898 MB
[runlim] sample:		549.99 time, 550.02 real, 2632 MB
[runlim] sample:		559.99 time, 560.02 real, 2903 MB
[runlim] sample:		570.00 time, 570.02 real, 3040 MB
[runlim] sample:		580.00 time, 580.02 real, 2653 MB
[runlim] sample:		589.99 time, 590.02 real, 2913 MB
[runlim] sample:		600.00 time, 600.02 real, 2913 MB
[runlim] sample:		610.00 time, 610.02 real, 2913 MB
[runlim] sample:		619.99 time, 620.02 real, 2913 MB
[runlim] sample:		629.99 time, 630.02 real, 2913 MB
[runlim] sample:		640.00 time, 640.02 real, 2982 MB
[runlim] sample:		649.99 time, 650.02 real, 2848 MB
[runlim] sample:		659.99 time, 660.02 real, 2818 MB
[runlim] sample:		670.00 time, 670.02 real, 3216 MB
[runlim] sample:		679.99 time, 680.02 real, 2861 MB
[runlim] sample:		690.00 time, 690.02 real, 2949 MB
[runlim] sample:		700.00 time, 700.02 real, 2657 MB
[runlim] sample:		709.99 time, 710.02 real, 2878 MB
[runlim] sample:		720.00 time, 720.01 real, 2815 MB
[runlim] sample:		730.00 time, 730.02 real, 2615 MB
[runlim] sample:		740.00 time, 740.02 real, 2915 MB
[runlim] sample:		749.99 time, 750.01 real, 2972 MB
[runlim] sample:		759.99 time, 760.02 real, 2829 MB
[runlim] sample:		769.99 time, 770.02 real, 2829 MB
[runlim] sample:		779.99 time, 780.02 real, 2847 MB
[runlim] sample:		789.99 time, 790.02 real, 2847 MB
[runlim] sample:		799.99 time, 800.02 real, 3004 MB
[runlim] sample:		809.99 time, 810.02 real, 2825 MB
[runlim] sample:		819.99 time, 820.02 real, 2837 MB
[runlim] sample:		829.99 time, 830.02 real, 2834 MB
[runlim] sample:		839.99 time, 840.01 real, 3006 MB
[runlim] sample:		849.99 time, 850.01 real, 3006 MB
[runlim] sample:		860.00 time, 860.01 real, 3006 MB
[runlim] sample:		869.99 time, 870.01 real, 3112 MB
[runlim] sample:		879.99 time, 880.01 real, 3112 MB
[runlim] sample:		889.99 time, 890.01 real, 3112 MB
[runlim] sample:		899.99 time, 900.01 real, 3112 MB
[runlim] sample:		909.99 time, 910.01 real, 3112 MB
[runlim] sample:		919.99 time, 920.01 real, 3112 MB
[runlim] sample:		929.99 time, 930.01 real, 3112 MB
[runlim] sample:		939.99 time, 940.01 real, 3112 MB
[runlim] sample:		949.99 time, 950.02 real, 3112 MB
[runlim] sample:		959.99 time, 960.02 real, 3112 MB
[runlim] sample:		969.99 time, 970.02 real, 3112 MB
[runlim] sample:		979.99 time, 980.01 real, 3112 MB
[runlim] sample:		989.99 time, 990.02 real, 2945 MB
[runlim] sample:		999.99 time, 1000.02 real, 2799 MB
[runlim] sample:		1010.00 time, 1010.01 real, 2799 MB
[runlim] sample:		1020.00 time, 1020.02 real, 2866 MB
[runlim] sample:		1029.99 time, 1030.01 real, 3120 MB
[runlim] sample:		1040.00 time, 1040.02 real, 2790 MB
[runlim] sample:		1050.00 time, 1050.02 real, 2656 MB
[runlim] sample:		1060.00 time, 1060.01 real, 3055 MB
[runlim] sample:		1069.99 time, 1070.01 real, 3055 MB
[runlim] sample:		1079.99 time, 1080.01 real, 3055 MB
[runlim] sample:		1089.99 time, 1090.02 real, 2787 MB
[runlim] sample:		1099.99 time, 1100.02 real, 2984 MB
[runlim] sample:		1109.99 time, 1110.02 real, 2792 MB
[runlim] sample:		1119.99 time, 1120.01 real, 3057 MB
[runlim] sample:		1129.99 time, 1130.02 real, 2924 MB
[runlim] sample:		1139.99 time, 1140.02 real, 2790 MB
[runlim] sample:		1149.99 time, 1150.02 real, 2790 MB
[runlim] sample:		1159.99 time, 1160.02 real, 2790 MB
[runlim] sample:		1169.99 time, 1170.02 real, 2861 MB
[runlim] sample:		1179.99 time, 1180.02 real, 2797 MB
[runlim] sample:		1189.99 time, 1190.02 real, 2797 MB
[runlim] sample:		1199.99 time, 1200.02 real, 2797 MB
[runlim] sample:		1209.99 time, 1210.02 real, 2797 MB
[runlim] sample:		1219.99 time, 1220.01 real, 2797 MB
[runlim] sample:		1229.99 time, 1230.02 real, 3014 MB
[runlim] sample:		1240.00 time, 1240.01 real, 3081 MB
[runlim] sample:		1249.99 time, 1250.01 real, 3081 MB
[runlim] sample:		1259.99 time, 1260.01 real, 3081 MB
[runlim] sample:		1269.99 time, 1270.02 real, 3081 MB
[runlim] sample:		1279.99 time, 1280.02 real, 2811 MB
[runlim] sample:		1289.99 time, 1290.02 real, 2811 MB
[runlim] sample:		1299.99 time, 1300.02 real, 2811 MB
[runlim] sample:		1309.99 time, 1310.02 real, 2812 MB
[runlim] sample:		1320.00 time, 1320.02 real, 2817 MB
[runlim] sample:		1329.99 time, 1330.02 real, 3083 MB
[runlim] sample:		1339.99 time, 1340.01 real, 3083 MB
[runlim] sample:		1349.99 time, 1350.01 real, 3083 MB
[runlim] sample:		1359.99 time, 1360.02 real, 3083 MB
[runlim] sample:		1369.99 time, 1370.01 real, 3083 MB
[runlim] sample:		1379.99 time, 1380.01 real, 3083 MB
[runlim] sample:		1390.00 time, 1390.02 real, 2811 MB
[runlim] sample:		1399.99 time, 1400.02 real, 2811 MB
[runlim] sample:		1409.99 time, 1410.02 real, 2811 MB
[runlim] sample:		1419.99 time, 1420.02 real, 2811 MB
[runlim] sample:		1430.00 time, 1430.02 real, 2811 MB
[runlim] sample:		1440.00 time, 1440.02 real, 2817 MB
[runlim] sample:		1450.00 time, 1450.02 real, 2816 MB
[runlim] sample:		1459.99 time, 1460.01 real, 2816 MB
[runlim] sample:		1469.99 time, 1470.02 real, 2816 MB
[runlim] sample:		1479.99 time, 1480.02 real, 2816 MB
[runlim] sample:		1489.99 time, 1490.02 real, 2816 MB
[runlim] sample:		1499.99 time, 1500.02 real, 2673 MB
[runlim] sample:		1509.99 time, 1510.01 real, 3087 MB
[runlim] sample:		1519.99 time, 1520.01 real, 3087 MB
[runlim] sample:		1529.99 time, 1530.01 real, 3087 MB
[runlim] sample:		1539.99 time, 1540.02 real, 3087 MB
[runlim] sample:		1549.99 time, 1550.02 real, 2816 MB
[runlim] sample:		1559.99 time, 1560.02 real, 2816 MB
[runlim] sample:		1570.00 time, 1570.02 real, 2816 MB
[runlim] sample:		1579.99 time, 1580.02 real, 2816 MB
[runlim] sample:		1589.99 time, 1590.02 real, 2816 MB
[runlim] sample:		1599.99 time, 1600.02 real, 2999 MB
[runlim] sample:		1609.99 time, 1610.02 real, 3089 MB
[runlim] sample:		1619.99 time, 1620.02 real, 2673 MB
[runlim] sample:		1629.99 time, 1630.02 real, 2821 MB
[runlim] sample:		1639.99 time, 1640.02 real, 2821 MB
[runlim] sample:		1649.99 time, 1650.02 real, 2821 MB
[runlim] sample:		1660.00 time, 1660.02 real, 2821 MB
[runlim] sample:		1669.99 time, 1670.02 real, 2821 MB
[runlim] sample:		1679.99 time, 1680.02 real, 2821 MB
[runlim] sample:		1689.99 time, 1690.02 real, 2874 MB
[runlim] sample:		1699.99 time, 1700.02 real, 2817 MB
[runlim] sample:		1710.00 time, 1710.02 real, 2817 MB
[runlim] sample:		1719.99 time, 1720.02 real, 2817 MB
[runlim] sample:		1729.99 time, 1730.02 real, 2817 MB
[runlim] sample:		1739.99 time, 1740.02 real, 2817 MB
[runlim] sample:		1750.00 time, 1750.01 real, 2817 MB
[runlim] sample:		1759.99 time, 1760.02 real, 2817 MB
[runlim] sample:		1769.99 time, 1770.01 real, 2817 MB
[runlim] sample:		1779.99 time, 1780.02 real, 2817 MB
[runlim] sample:		1789.99 time, 1790.02 real, 2817 MB
[runlim] sample:		1800.00 time, 1800.02 real, 2820 MB
[runlim] sample:		1810.00 time, 1810.01 real, 3085 MB
[runlim] sample:		1819.99 time, 1820.01 real, 3085 MB
[runlim] sample:		1830.00 time, 1830.01 real, 3085 MB
[runlim] sample:		1839.99 time, 1840.02 real, 3018 MB
[runlim] sample:		1849.99 time, 1850.02 real, 2814 MB
[runlim] sample:		1859.99 time, 1860.02 real, 2814 MB
[runlim] sample:		1869.99 time, 1870.02 real, 2814 MB
[runlim] sample:		1880.00 time, 1880.02 real, 2814 MB
[runlim] sample:		1889.99 time, 1890.02 real, 2683 MB
[runlim] sample:		1899.99 time, 1900.02 real, 2326 MB
[runlim] sample:		1909.99 time, 1910.02 real, 2633 MB
[runlim] sample:		1919.99 time, 1920.02 real, 2444 MB
[runlim] sample:		1929.99 time, 1930.02 real, 2444 MB
[runlim] sample:		1939.99 time, 1940.02 real, 2444 MB
[runlim] sample:		1949.99 time, 1950.02 real, 2444 MB
[runlim] sample:		1960.00 time, 1960.02 real, 2444 MB
[runlim] sample:		1969.99 time, 1970.02 real, 2444 MB
[runlim] sample:		1979.99 time, 1980.02 real, 2444 MB
[runlim] sample:		1989.99 time, 1990.02 real, 2444 MB
[runlim] sample:		1999.99 time, 2000.02 real, 2444 MB
[runlim] sample:		2009.99 time, 2010.02 real, 2460 MB
[runlim] sample:		2019.99 time, 2020.02 real, 2623 MB
[runlim] sample:		2030.00 time, 2030.02 real, 2100 MB
[runlim] sample:		2039.99 time, 2040.02 real, 2433 MB
[runlim] sample:		2049.99 time, 2050.01 real, 2433 MB
[runlim] sample:		2059.99 time, 2060.02 real, 2433 MB
[runlim] sample:		2070.00 time, 2070.02 real, 2434 MB
[runlim] sample:		2079.99 time, 2080.02 real, 2434 MB
[runlim] sample:		2089.99 time, 2090.02 real, 3142 MB
[runlim] sample:		2099.99 time, 2100.02 real, 2850 MB
[runlim] sample:		2110.00 time, 2110.02 real, 3227 MB
[runlim] sample:		2119.99 time, 2120.02 real, 3167 MB
[runlim] sample:		2129.99 time, 2130.02 real, 3165 MB
[runlim] sample:		2139.99 time, 2140.02 real, 3165 MB
[runlim] sample:		2149.99 time, 2150.02 real, 3165 MB
[runlim] sample:		2160.00 time, 2160.02 real, 3165 MB
[runlim] sample:		2169.99 time, 2170.02 real, 3165 MB
[runlim] sample:		2179.99 time, 2180.02 real, 3165 MB
[runlim] sample:		2189.99 time, 2190.02 real, 3165 MB
[runlim] sample:		2199.99 time, 2200.02 real, 3151 MB
[runlim] sample:		2209.99 time, 2210.02 real, 3319 MB
[runlim] sample:		2219.99 time, 2220.02 real, 3264 MB
[runlim] sample:		2229.99 time, 2230.02 real, 3058 MB
[runlim] sample:		2239.99 time, 2240.02 real, 2921 MB
[runlim] sample:		2249.99 time, 2250.02 real, 3151 MB
[runlim] sample:		2259.99 time, 2260.02 real, 2753 MB
[runlim] sample:		2269.99 time, 2270.02 real, 3053 MB
[runlim] sample:		2279.99 time, 2280.02 real, 3053 MB
[runlim] sample:		2289.99 time, 2290.02 real, 3053 MB
[runlim] sample:		2299.99 time, 2300.02 real, 3053 MB
[runlim] sample:		2309.99 time, 2310.02 real, 3053 MB
[runlim] sample:		2319.99 time, 2320.02 real, 3053 MB
[runlim] sample:		2329.99 time, 2330.02 real, 3053 MB
[runlim] sample:		2339.99 time, 2340.02 real, 3031 MB
[runlim] sample:		2349.99 time, 2350.02 real, 3124 MB
[runlim] sample:		2359.99 time, 2360.02 real, 3147 MB
[runlim] sample:		2369.99 time, 2370.02 real, 3040 MB
[runlim] sample:		2379.99 time, 2380.02 real, 3040 MB
[runlim] sample:		2389.99 time, 2390.02 real, 3032 MB
[runlim] sample:		2399.99 time, 2400.02 real, 3110 MB
[runlim] sample:		2409.99 time, 2410.02 real, 3207 MB
[runlim] sample:		2419.99 time, 2420.02 real, 2731 MB
[runlim] sample:		2429.99 time, 2430.02 real, 2987 MB
[runlim] sample:		2439.99 time, 2440.02 real, 2737 MB
[runlim] sample:		2449.99 time, 2450.01 real, 3144 MB
[runlim] sample:		2459.99 time, 2460.02 real, 2732 MB
[runlim] sample:		2469.99 time, 2470.02 real, 2978 MB
[runlim] sample:		2479.99 time, 2480.02 real, 3005 MB
[runlim] sample:		2489.99 time, 2490.02 real, 3070 MB
[runlim] sample:		2499.99 time, 2500.02 real, 3069 MB
[runlim] sample:		2509.99 time, 2510.02 real, 2977 MB
[runlim] sample:		2519.99 time, 2520.02 real, 3007 MB
[runlim] sample:		2529.99 time, 2530.02 real, 3007 MB
[runlim] sample:		2539.99 time, 2540.02 real, 3049 MB
[runlim] sample:		2549.98 time, 2550.02 real, 3049 MB
[runlim] sample:		2559.99 time, 2560.01 real, 3198 MB
[runlim] sample:		2569.98 time, 2570.01 real, 3198 MB
[runlim] sample:		2579.99 time, 2580.01 real, 3198 MB
[runlim] sample:		2589.99 time, 2590.01 real, 3295 MB
[runlim] sample:		2599.99 time, 2600.01 real, 3295 MB
[runlim] sample:		2609.98 time, 2610.02 real, 3295 MB
[runlim] sample:		2619.99 time, 2620.01 real, 3295 MB
[runlim] sample:		2629.99 time, 2630.01 real, 3295 MB
[runlim] sample:		2639.99 time, 2640.01 real, 3295 MB
[runlim] sample:		2649.99 time, 2650.01 real, 3295 MB
[runlim] sample:		2659.98 time, 2660.01 real, 3295 MB
[runlim] sample:		2669.99 time, 2670.01 real, 3295 MB
[runlim] sample:		2679.99 time, 2680.01 real, 3295 MB
[runlim] sample:		2689.99 time, 2690.01 real, 3295 MB
[runlim] sample:		2699.99 time, 2700.02 real, 3295 MB
[runlim] sample:		2709.99 time, 2710.02 real, 3295 MB
[runlim] sample:		2719.98 time, 2720.02 real, 3295 MB
[runlim] sample:		2729.99 time, 2730.02 real, 3295 MB
[runlim] sample:		2739.99 time, 2740.02 real, 2916 MB
[runlim] sample:		2749.99 time, 2750.02 real, 2863 MB
[runlim] sample:		2759.99 time, 2760.02 real, 3077 MB
[runlim] sample:		2769.99 time, 2770.02 real, 2940 MB
[runlim] sample:		2779.99 time, 2780.01 real, 3199 MB
[runlim] sample:		2789.99 time, 2790.02 real, 2907 MB
[runlim] sample:		2799.99 time, 2800.02 real, 2855 MB
[runlim] sample:		2809.98 time, 2810.02 real, 2865 MB
[runlim] sample:		2819.99 time, 2820.01 real, 3135 MB
[runlim] sample:		2829.99 time, 2830.01 real, 3135 MB
[runlim] sample:		2839.99 time, 2840.01 real, 3135 MB
[runlim] sample:		2849.98 time, 2850.02 real, 2852 MB
[runlim] sample:		2859.98 time, 2860.02 real, 2852 MB
[runlim] sample:		2869.99 time, 2870.02 real, 3160 MB
[runlim] sample:		2879.99 time, 2880.01 real, 3135 MB
[runlim] sample:		2889.99 time, 2890.01 real, 3135 MB
[runlim] sample:		2899.99 time, 2900.02 real, 2718 MB
[runlim] sample:		2909.99 time, 2910.02 real, 2855 MB
[runlim] sample:		2919.98 time, 2920.02 real, 2855 MB
[runlim] sample:		2929.99 time, 2930.02 real, 3064 MB
[runlim] sample:		2939.99 time, 2940.01 real, 3141 MB
[runlim] sample:		2949.99 time, 2950.01 real, 3141 MB
[runlim] sample:		2959.99 time, 2960.01 real, 3141 MB
[runlim] sample:		2969.98 time, 2970.02 real, 3141 MB
[runlim] sample:		2979.99 time, 2980.02 real, 2722 MB
[runlim] sample:		2989.98 time, 2990.02 real, 2861 MB
[runlim] sample:		2999.99 time, 3000.01 real, 2861 MB
[runlim] sample:		3009.99 time, 3010.01 real, 2861 MB
[runlim] sample:		3019.98 time, 3020.02 real, 2868 MB
[runlim] sample:		3029.99 time, 3030.01 real, 3147 MB
[runlim] sample:		3039.98 time, 3040.01 real, 3147 MB
[runlim] sample:		3049.99 time, 3050.01 real, 3147 MB
[runlim] sample:		3059.99 time, 3060.02 real, 3147 MB
[runlim] sample:		3069.99 time, 3070.01 real, 3147 MB
[runlim] sample:		3079.99 time, 3080.02 real, 3147 MB
[runlim] sample:		3089.99 time, 3090.02 real, 2867 MB
[runlim] sample:		3099.99 time, 3100.01 real, 2867 MB
[runlim] sample:		3109.99 time, 3110.02 real, 2867 MB
[runlim] sample:		3119.98 time, 3120.02 real, 2867 MB
[runlim] sample:		3129.99 time, 3130.02 real, 2867 MB
[runlim] sample:		3139.99 time, 3140.02 real, 2940 MB
[runlim] sample:		3149.99 time, 3150.02 real, 2879 MB
[runlim] sample:		3159.99 time, 3160.02 real, 2875 MB
[runlim] sample:		3169.99 time, 3170.02 real, 2876 MB
[runlim] sample:		3179.99 time, 3180.02 real, 2876 MB
[runlim] sample:		3189.98 time, 3190.01 real, 2876 MB
[runlim] sample:		3199.99 time, 3200.02 real, 2876 MB
[runlim] sample:		3209.98 time, 3210.01 real, 2876 MB
[runlim] sample:		3219.99 time, 3220.02 real, 2876 MB
[runlim] sample:		3229.98 time, 3230.02 real, 2876 MB
[runlim] sample:		3239.99 time, 3240.02 real, 2947 MB
[runlim] sample:		3249.98 time, 3250.02 real, 3169 MB
[runlim] sample:		3259.99 time, 3260.01 real, 3169 MB
[runlim] sample:		3269.98 time, 3270.01 real, 3169 MB
[runlim] sample:		3279.99 time, 3280.01 real, 3169 MB
[runlim] sample:		3289.99 time, 3290.02 real, 2889 MB
[runlim] sample:		3299.99 time, 3300.02 real, 2889 MB
[runlim] sample:		3309.98 time, 3310.01 real, 2889 MB
[runlim] sample:		3319.98 time, 3320.02 real, 2889 MB
[runlim] sample:		3329.99 time, 3330.02 real, 2889 MB
[runlim] sample:		3339.99 time, 3340.02 real, 2950 MB
[runlim] sample:		3349.98 time, 3350.02 real, 3171 MB
[runlim] sample:		3359.98 time, 3360.02 real, 3134 MB
[runlim] sample:		3369.98 time, 3370.01 real, 2891 MB
[runlim] sample:		3379.99 time, 3380.02 real, 2891 MB
[runlim] sample:		3389.99 time, 3390.02 real, 2891 MB
[runlim] sample:		3399.99 time, 3400.02 real, 2891 MB
[runlim] sample:		3409.98 time, 3410.02 real, 2891 MB
[runlim] sample:		3419.98 time, 3420.02 real, 2891 MB
[runlim] sample:		3429.98 time, 3430.02 real, 2526 MB
[runlim] sample:		3439.98 time, 3440.02 real, 2422 MB
[runlim] sample:		3449.98 time, 3450.01 real, 2566 MB
[runlim] sample:		3459.99 time, 3460.02 real, 2479 MB
[runlim] sample:		3469.98 time, 3470.02 real, 2492 MB
[runlim] sample:		3479.98 time, 3480.02 real, 2492 MB
[runlim] sample:		3489.98 time, 3490.02 real, 2492 MB
[runlim] sample:		3499.98 time, 3500.02 real, 2492 MB
[runlim] sample:		3509.98 time, 3510.02 real, 2492 MB
[runlim] sample:		3519.98 time, 3520.02 real, 2492 MB
[runlim] sample:		3529.98 time, 3530.02 real, 2492 MB
[runlim] sample:		3539.98 time, 3540.02 real, 2492 MB
[runlim] sample:		3549.98 time, 3550.02 real, 2604 MB
[runlim] sample:		3559.98 time, 3560.02 real, 2745 MB
[runlim] sample:		3569.98 time, 3570.01 real, 2568 MB
[runlim] sample:		3579.98 time, 3580.02 real, 2216 MB
[runlim] sample:		3589.98 time, 3590.01 real, 2531 MB
[runlim] sample:		3599.98 time, 3600.01 real, 2531 MB
[runlim] end:			Fri Oct 18 08:40:48 2019
[runlim] status:		out of time
[runlim] result:		2
[runlim] children:		2
[runlim] real:			3600.10 seconds
[runlim] time:			3599.98 seconds
[runlim] space:			3618 MB
[runlim] samples:		36000
