[runlim] version:		1.17
[runlim] host:			c3n13
[runlim] time limit:		311040000 seconds
[runlim] real time limit:	3600 seconds
[runlim] space limit:		120000 MB
[runlim] argv[0]:		./run-btormc-master.sh
[runlim] argv[1]:		/tmp/jSyIkels.btor
[runlim] start:			Fri Oct 18 06:37:57 2019
[runlim] child:			4113
[runlim] sample:		10.00 time, 10.01 real, 249 MB
[runlim] sample:		20.00 time, 20.01 real, 490 MB
[runlim] sample:		30.00 time, 30.01 real, 682 MB
[runlim] sample:		40.00 time, 40.01 real, 735 MB
[runlim] sample:		49.99 time, 50.01 real, 872 MB
[runlim] end:			Fri Oct 18 06:38:56 2019
[runlim] status:		ok
[runlim] result:		0
[runlim] children:		2
[runlim] real:			58.98 seconds
[runlim] time:			58.90 seconds
[runlim] space:			937 MB
[runlim] samples:		589
