[runlim] version:		1.17
[runlim] host:			c3n16
[runlim] time limit:		311040000 seconds
[runlim] real time limit:	3600 seconds
[runlim] space limit:		120000 MB
[runlim] argv[0]:		./run-btormc-master.sh
[runlim] argv[1]:		/tmp/jZ6cYeSb.btor
[runlim] start:			Fri Oct 18 09:33:22 2019
[runlim] child:			3653
[runlim] sample:		10.00 time, 10.02 real, 533 MB
[runlim] sample:		20.00 time, 20.02 real, 931 MB
[runlim] sample:		30.00 time, 30.02 real, 1123 MB
[runlim] sample:		40.00 time, 40.02 real, 1379 MB
[runlim] sample:		50.00 time, 50.02 real, 1519 MB
[runlim] sample:		60.00 time, 60.02 real, 1427 MB
[runlim] sample:		70.00 time, 70.02 real, 1897 MB
[runlim] sample:		80.00 time, 80.02 real, 1852 MB
[runlim] sample:		89.99 time, 90.02 real, 2322 MB
[runlim] sample:		100.00 time, 100.02 real, 2316 MB
[runlim] sample:		109.99 time, 110.02 real, 2511 MB
[runlim] sample:		120.00 time, 120.02 real, 2369 MB
[runlim] sample:		130.00 time, 130.02 real, 2703 MB
[runlim] sample:		139.99 time, 140.02 real, 2421 MB
[runlim] sample:		149.99 time, 150.02 real, 2866 MB
[runlim] sample:		160.00 time, 160.02 real, 2944 MB
[runlim] sample:		170.00 time, 170.02 real, 2581 MB
[runlim] sample:		179.99 time, 180.02 real, 2822 MB
[runlim] sample:		190.00 time, 190.02 real, 2986 MB
[runlim] sample:		200.00 time, 200.02 real, 2747 MB
[runlim] sample:		210.00 time, 210.02 real, 2843 MB
[runlim] sample:		219.99 time, 220.02 real, 3762 MB
[runlim] sample:		230.00 time, 230.02 real, 3502 MB
[runlim] sample:		240.00 time, 240.02 real, 3757 MB
[runlim] sample:		249.99 time, 250.02 real, 3685 MB
[runlim] sample:		259.99 time, 260.02 real, 3891 MB
[runlim] sample:		269.99 time, 270.02 real, 4188 MB
[runlim] sample:		279.99 time, 280.02 real, 4249 MB
[runlim] sample:		289.99 time, 290.02 real, 4227 MB
[runlim] sample:		299.99 time, 300.02 real, 4381 MB
[runlim] sample:		309.99 time, 310.02 real, 4569 MB
[runlim] sample:		319.99 time, 320.02 real, 4622 MB
[runlim] sample:		329.99 time, 330.02 real, 4433 MB
[runlim] sample:		339.98 time, 340.02 real, 4087 MB
[runlim] sample:		349.99 time, 350.02 real, 4304 MB
[runlim] sample:		359.99 time, 360.02 real, 4441 MB
[runlim] sample:		369.98 time, 370.02 real, 4347 MB
[runlim] sample:		379.99 time, 380.02 real, 4246 MB
[runlim] sample:		389.99 time, 390.02 real, 4720 MB
[runlim] sample:		399.99 time, 400.02 real, 5020 MB
[runlim] sample:		409.99 time, 410.02 real, 4359 MB
[runlim] sample:		419.99 time, 420.02 real, 4403 MB
[runlim] sample:		429.99 time, 430.02 real, 5241 MB
[runlim] sample:		439.98 time, 440.02 real, 5036 MB
[runlim] sample:		449.99 time, 450.02 real, 4630 MB
[runlim] sample:		459.99 time, 460.02 real, 4925 MB
[runlim] end:			Fri Oct 18 09:41:12 2019
[runlim] status:		ok
[runlim] result:		0
[runlim] children:		2
[runlim] real:			469.26 seconds
[runlim] time:			469.18 seconds
[runlim] space:			5362 MB
[runlim] samples:		4692
