[runlim] version:		1.17
[runlim] host:			c3n01
[runlim] time limit:		311040000 seconds
[runlim] real time limit:	3600 seconds
[runlim] space limit:		120000 MB
[runlim] argv[0]:		./run-btormc-master.sh
[runlim] argv[1]:		/tmp/TvJBhlTh.btor
[runlim] start:			Fri Oct 18 06:38:17 2019
[runlim] child:			14188
[runlim] sample:		10.00 time, 10.01 real, 302 MB
[runlim] sample:		20.00 time, 20.01 real, 562 MB
[runlim] sample:		30.00 time, 30.01 real, 682 MB
[runlim] sample:		40.00 time, 40.01 real, 916 MB
[runlim] sample:		50.00 time, 50.01 real, 1018 MB
[runlim] sample:		59.99 time, 60.01 real, 1352 MB
[runlim] sample:		70.00 time, 70.01 real, 1526 MB
[runlim] sample:		80.00 time, 80.01 real, 1576 MB
[runlim] sample:		90.00 time, 90.01 real, 1467 MB
[runlim] sample:		100.00 time, 100.01 real, 1786 MB
[runlim] end:			Fri Oct 18 06:40:05 2019
[runlim] status:		ok
[runlim] result:		0
[runlim] children:		2
[runlim] real:			107.75 seconds
[runlim] time:			107.69 seconds
[runlim] space:			1826 MB
[runlim] samples:		1077
