[runlim] version:		1.17
[runlim] host:			c3n06
[runlim] time limit:		311040000 seconds
[runlim] real time limit:	3600 seconds
[runlim] space limit:		120000 MB
[runlim] argv[0]:		./run-btormc-master.sh
[runlim] argv[1]:		/tmp/fCfJ173v.btor
[runlim] start:			Fri Oct 18 08:59:59 2019
[runlim] child:			6353
[runlim] sample:		10.00 time, 10.02 real, 200 MB
[runlim] sample:		20.00 time, 20.02 real, 535 MB
[runlim] sample:		30.00 time, 30.02 real, 699 MB
[runlim] sample:		40.00 time, 40.02 real, 889 MB
[runlim] sample:		50.00 time, 50.01 real, 905 MB
[runlim] sample:		60.00 time, 60.02 real, 1123 MB
[runlim] sample:		70.00 time, 70.02 real, 1280 MB
[runlim] sample:		80.00 time, 80.02 real, 1309 MB
[runlim] sample:		90.00 time, 90.02 real, 1525 MB
[runlim] sample:		100.00 time, 100.02 real, 1725 MB
[runlim] sample:		110.00 time, 110.02 real, 1758 MB
[runlim] sample:		119.99 time, 120.02 real, 1872 MB
[runlim] sample:		130.00 time, 130.02 real, 1931 MB
[runlim] sample:		139.99 time, 140.02 real, 1970 MB
[runlim] sample:		150.00 time, 150.02 real, 2270 MB
[runlim] sample:		159.99 time, 160.02 real, 2266 MB
[runlim] sample:		170.00 time, 170.02 real, 2476 MB
[runlim] sample:		179.99 time, 180.02 real, 2455 MB
[runlim] sample:		190.00 time, 190.02 real, 2412 MB
[runlim] sample:		200.00 time, 200.02 real, 2565 MB
[runlim] sample:		209.99 time, 210.02 real, 2817 MB
[runlim] sample:		219.99 time, 220.02 real, 2722 MB
[runlim] sample:		229.99 time, 230.02 real, 2935 MB
[runlim] sample:		239.99 time, 240.02 real, 2432 MB
[runlim] sample:		249.99 time, 250.02 real, 2944 MB
[runlim] sample:		259.99 time, 260.02 real, 2962 MB
[runlim] sample:		269.99 time, 270.02 real, 2980 MB
[runlim] sample:		279.99 time, 280.02 real, 3455 MB
[runlim] sample:		289.99 time, 290.02 real, 3525 MB
[runlim] sample:		299.99 time, 300.02 real, 3338 MB
[runlim] sample:		309.99 time, 310.02 real, 3666 MB
[runlim] sample:		319.99 time, 320.02 real, 3725 MB
[runlim] sample:		330.00 time, 330.02 real, 3569 MB
[runlim] sample:		339.99 time, 340.02 real, 3361 MB
[runlim] sample:		349.99 time, 350.02 real, 3420 MB
[runlim] sample:		359.99 time, 360.02 real, 3998 MB
[runlim] sample:		369.99 time, 370.02 real, 3510 MB
[runlim] sample:		379.99 time, 380.02 real, 3686 MB
[runlim] sample:		389.99 time, 390.02 real, 4052 MB
[runlim] sample:		399.98 time, 400.02 real, 4351 MB
[runlim] sample:		409.99 time, 410.02 real, 3813 MB
[runlim] sample:		419.99 time, 420.02 real, 3859 MB
[runlim] sample:		429.99 time, 430.02 real, 4508 MB
[runlim] sample:		439.99 time, 440.02 real, 4168 MB
[runlim] sample:		449.98 time, 450.02 real, 4552 MB
[runlim] sample:		459.98 time, 460.02 real, 4666 MB
[runlim] sample:		469.99 time, 470.02 real, 4699 MB
[runlim] sample:		479.99 time, 480.02 real, 4446 MB
[runlim] sample:		489.99 time, 490.02 real, 4147 MB
[runlim] sample:		499.99 time, 500.02 real, 4482 MB
[runlim] sample:		509.99 time, 510.02 real, 4950 MB
[runlim] sample:		519.99 time, 520.02 real, 4802 MB
[runlim] sample:		529.98 time, 530.02 real, 4792 MB
[runlim] sample:		539.99 time, 540.02 real, 4401 MB
[runlim] end:			Fri Oct 18 09:09:09 2019
[runlim] status:		ok
[runlim] result:		0
[runlim] children:		2
[runlim] real:			549.45 seconds
[runlim] time:			549.39 seconds
[runlim] space:			5116 MB
[runlim] samples:		5494
