[runlim] version:		1.17
[runlim] host:			c3n09
[runlim] time limit:		311040000 seconds
[runlim] real time limit:	3600 seconds
[runlim] space limit:		120000 MB
[runlim] argv[0]:		./run-btormc-master.sh
[runlim] argv[1]:		/tmp/LBsURn42.btor
[runlim] start:			Fri Oct 18 07:18:04 2019
[runlim] child:			20916
[runlim] sample:		9.99 time, 10.01 real, 157 MB
[runlim] sample:		20.00 time, 20.01 real, 216 MB
[runlim] sample:		30.00 time, 30.01 real, 218 MB
[runlim] sample:		40.00 time, 40.01 real, 239 MB
[runlim] sample:		50.00 time, 50.01 real, 225 MB
[runlim] sample:		60.00 time, 60.01 real, 257 MB
[runlim] sample:		70.00 time, 70.01 real, 275 MB
[runlim] sample:		80.00 time, 80.01 real, 289 MB
[runlim] sample:		89.99 time, 90.01 real, 289 MB
[runlim] sample:		99.99 time, 100.01 real, 289 MB
[runlim] sample:		110.00 time, 110.01 real, 306 MB
[runlim] sample:		120.00 time, 120.01 real, 306 MB
[runlim] sample:		130.00 time, 130.01 real, 338 MB
[runlim] sample:		140.00 time, 140.01 real, 306 MB
[runlim] sample:		150.00 time, 150.01 real, 306 MB
[runlim] sample:		160.00 time, 160.01 real, 309 MB
[runlim] sample:		169.99 time, 170.01 real, 309 MB
[runlim] sample:		179.99 time, 180.01 real, 309 MB
[runlim] sample:		189.99 time, 190.01 real, 309 MB
[runlim] sample:		200.00 time, 200.01 real, 328 MB
[runlim] sample:		210.00 time, 210.01 real, 328 MB
[runlim] sample:		220.00 time, 220.01 real, 328 MB
[runlim] sample:		230.00 time, 230.01 real, 328 MB
[runlim] sample:		240.00 time, 240.01 real, 328 MB
[runlim] sample:		250.00 time, 250.01 real, 328 MB
[runlim] sample:		260.00 time, 260.01 real, 328 MB
[runlim] sample:		269.99 time, 270.01 real, 356 MB
[runlim] sample:		280.00 time, 280.01 real, 392 MB
[runlim] sample:		290.00 time, 290.01 real, 392 MB
[runlim] sample:		300.00 time, 300.01 real, 392 MB
[runlim] sample:		310.00 time, 310.01 real, 392 MB
[runlim] sample:		320.00 time, 320.01 real, 392 MB
[runlim] sample:		330.00 time, 330.01 real, 392 MB
[runlim] sample:		340.00 time, 340.01 real, 392 MB
[runlim] sample:		350.00 time, 350.01 real, 411 MB
[runlim] sample:		360.00 time, 360.01 real, 411 MB
[runlim] sample:		369.99 time, 370.01 real, 454 MB
[runlim] sample:		380.00 time, 380.01 real, 410 MB
[runlim] sample:		389.99 time, 390.01 real, 389 MB
[runlim] sample:		400.00 time, 400.01 real, 410 MB
[runlim] sample:		410.00 time, 410.01 real, 410 MB
[runlim] sample:		419.99 time, 420.01 real, 388 MB
[runlim] sample:		429.99 time, 430.01 real, 355 MB
[runlim] sample:		439.99 time, 440.01 real, 355 MB
[runlim] sample:		449.99 time, 450.01 real, 355 MB
[runlim] sample:		459.99 time, 460.01 real, 355 MB
[runlim] sample:		470.00 time, 470.01 real, 371 MB
[runlim] sample:		480.00 time, 480.01 real, 371 MB
[runlim] sample:		490.00 time, 490.01 real, 371 MB
[runlim] sample:		499.99 time, 500.01 real, 371 MB
[runlim] sample:		509.99 time, 510.01 real, 371 MB
[runlim] sample:		519.99 time, 520.01 real, 371 MB
[runlim] sample:		529.99 time, 530.01 real, 338 MB
[runlim] sample:		539.99 time, 540.01 real, 384 MB
[runlim] sample:		549.99 time, 550.01 real, 384 MB
[runlim] sample:		559.99 time, 560.01 real, 384 MB
[runlim] sample:		569.99 time, 570.01 real, 431 MB
[runlim] sample:		579.99 time, 580.01 real, 431 MB
[runlim] sample:		589.99 time, 590.01 real, 431 MB
[runlim] sample:		599.99 time, 600.01 real, 431 MB
[runlim] sample:		609.99 time, 610.01 real, 431 MB
[runlim] sample:		619.99 time, 620.01 real, 431 MB
[runlim] sample:		629.99 time, 630.01 real, 385 MB
[runlim] sample:		639.99 time, 640.01 real, 385 MB
[runlim] sample:		649.99 time, 650.01 real, 385 MB
[runlim] sample:		659.99 time, 660.01 real, 385 MB
[runlim] sample:		669.99 time, 670.01 real, 385 MB
[runlim] sample:		679.99 time, 680.01 real, 385 MB
[runlim] sample:		689.99 time, 690.01 real, 385 MB
[runlim] sample:		699.99 time, 700.01 real, 405 MB
[runlim] sample:		709.99 time, 710.01 real, 413 MB
[runlim] sample:		719.99 time, 720.01 real, 413 MB
[runlim] sample:		729.99 time, 730.01 real, 413 MB
[runlim] sample:		739.99 time, 740.01 real, 413 MB
[runlim] sample:		749.99 time, 750.01 real, 413 MB
[runlim] sample:		759.99 time, 760.01 real, 413 MB
[runlim] sample:		769.99 time, 770.01 real, 413 MB
[runlim] sample:		779.99 time, 780.01 real, 413 MB
[runlim] sample:		789.99 time, 790.01 real, 373 MB
[runlim] sample:		799.99 time, 800.01 real, 425 MB
[runlim] sample:		809.99 time, 810.01 real, 425 MB
[runlim] sample:		819.99 time, 820.01 real, 426 MB
[runlim] sample:		829.99 time, 830.01 real, 426 MB
[runlim] sample:		839.99 time, 840.01 real, 426 MB
[runlim] sample:		849.98 time, 850.01 real, 426 MB
[runlim] sample:		859.98 time, 860.01 real, 426 MB
[runlim] sample:		869.98 time, 870.01 real, 426 MB
[runlim] sample:		879.98 time, 880.01 real, 426 MB
[runlim] sample:		889.98 time, 890.01 real, 427 MB
[runlim] sample:		899.98 time, 900.01 real, 427 MB
[runlim] sample:		909.99 time, 910.01 real, 442 MB
[runlim] sample:		919.98 time, 920.01 real, 442 MB
[runlim] sample:		929.98 time, 930.01 real, 442 MB
[runlim] sample:		939.98 time, 940.01 real, 442 MB
[runlim] sample:		949.98 time, 950.01 real, 442 MB
[runlim] sample:		959.98 time, 960.01 real, 442 MB
[runlim] sample:		969.98 time, 970.01 real, 442 MB
[runlim] sample:		979.98 time, 980.01 real, 449 MB
[runlim] sample:		989.98 time, 990.01 real, 449 MB
[runlim] sample:		999.98 time, 1000.01 real, 449 MB
[runlim] sample:		1009.98 time, 1010.01 real, 449 MB
[runlim] sample:		1019.99 time, 1020.01 real, 406 MB
[runlim] sample:		1029.99 time, 1030.01 real, 463 MB
[runlim] sample:		1039.98 time, 1040.02 real, 461 MB
[runlim] sample:		1049.98 time, 1050.02 real, 461 MB
[runlim] sample:		1059.99 time, 1060.02 real, 461 MB
[runlim] sample:		1069.99 time, 1070.02 real, 472 MB
[runlim] sample:		1079.99 time, 1080.02 real, 472 MB
[runlim] sample:		1089.99 time, 1090.02 real, 472 MB
[runlim] sample:		1099.98 time, 1100.02 real, 472 MB
[runlim] sample:		1109.99 time, 1110.02 real, 472 MB
[runlim] sample:		1119.99 time, 1120.02 real, 472 MB
[runlim] sample:		1129.98 time, 1130.02 real, 472 MB
[runlim] sample:		1139.99 time, 1140.02 real, 472 MB
[runlim] sample:		1149.99 time, 1150.02 real, 472 MB
[runlim] sample:		1159.99 time, 1160.02 real, 480 MB
[runlim] sample:		1169.98 time, 1170.02 real, 453 MB
[runlim] sample:		1179.98 time, 1180.02 real, 517 MB
[runlim] sample:		1189.98 time, 1190.02 real, 517 MB
[runlim] sample:		1199.98 time, 1200.02 real, 517 MB
[runlim] sample:		1209.98 time, 1210.01 real, 517 MB
[runlim] sample:		1219.98 time, 1220.02 real, 517 MB
[runlim] sample:		1229.98 time, 1230.02 real, 517 MB
[runlim] sample:		1239.98 time, 1240.02 real, 517 MB
[runlim] sample:		1249.99 time, 1250.02 real, 517 MB
[runlim] sample:		1259.99 time, 1260.02 real, 517 MB
[runlim] sample:		1269.99 time, 1270.01 real, 517 MB
[runlim] sample:		1279.99 time, 1280.02 real, 583 MB
[runlim] sample:		1289.99 time, 1290.02 real, 583 MB
[runlim] sample:		1299.99 time, 1300.02 real, 583 MB
[runlim] sample:		1309.99 time, 1310.02 real, 583 MB
[runlim] sample:		1319.99 time, 1320.01 real, 583 MB
[runlim] sample:		1329.98 time, 1330.02 real, 583 MB
[runlim] sample:		1339.98 time, 1340.02 real, 583 MB
[runlim] sample:		1349.99 time, 1350.02 real, 583 MB
[runlim] sample:		1359.99 time, 1360.02 real, 583 MB
[runlim] sample:		1369.99 time, 1370.01 real, 597 MB
[runlim] sample:		1379.99 time, 1380.01 real, 637 MB
[runlim] sample:		1389.99 time, 1390.01 real, 637 MB
[runlim] sample:		1399.99 time, 1400.01 real, 637 MB
[runlim] sample:		1409.99 time, 1410.02 real, 498 MB
[runlim] sample:		1419.99 time, 1420.02 real, 508 MB
[runlim] sample:		1429.98 time, 1430.01 real, 540 MB
[runlim] sample:		1439.99 time, 1440.02 real, 497 MB
[runlim] sample:		1449.99 time, 1450.01 real, 535 MB
[runlim] sample:		1459.99 time, 1460.02 real, 500 MB
[runlim] sample:		1469.99 time, 1470.01 real, 500 MB
[runlim] sample:		1479.99 time, 1480.01 real, 501 MB
[runlim] sample:		1489.99 time, 1490.01 real, 501 MB
[runlim] sample:		1499.99 time, 1500.02 real, 501 MB
[runlim] sample:		1509.99 time, 1510.02 real, 497 MB
[runlim] sample:		1519.99 time, 1520.02 real, 497 MB
[runlim] sample:		1529.99 time, 1530.02 real, 497 MB
[runlim] sample:		1539.99 time, 1540.02 real, 497 MB
[runlim] sample:		1549.99 time, 1550.02 real, 497 MB
[runlim] sample:		1559.99 time, 1560.02 real, 497 MB
[runlim] sample:		1569.99 time, 1570.01 real, 497 MB
[runlim] sample:		1579.99 time, 1580.02 real, 497 MB
[runlim] sample:		1589.99 time, 1590.02 real, 497 MB
[runlim] sample:		1599.99 time, 1600.02 real, 497 MB
[runlim] sample:		1609.99 time, 1610.02 real, 528 MB
[runlim] sample:		1619.99 time, 1620.02 real, 529 MB
[runlim] sample:		1629.99 time, 1630.02 real, 529 MB
[runlim] sample:		1639.99 time, 1640.02 real, 529 MB
[runlim] sample:		1649.99 time, 1650.02 real, 529 MB
[runlim] sample:		1659.99 time, 1660.02 real, 529 MB
[runlim] sample:		1669.99 time, 1670.02 real, 529 MB
[runlim] sample:		1679.99 time, 1680.02 real, 529 MB
[runlim] sample:		1689.99 time, 1690.01 real, 595 MB
[runlim] sample:		1699.99 time, 1700.01 real, 595 MB
[runlim] sample:		1709.99 time, 1710.01 real, 595 MB
[runlim] sample:		1719.99 time, 1720.01 real, 595 MB
[runlim] sample:		1729.99 time, 1730.02 real, 595 MB
[runlim] sample:		1739.99 time, 1740.02 real, 595 MB
[runlim] sample:		1750.00 time, 1750.02 real, 595 MB
[runlim] sample:		1759.99 time, 1760.02 real, 595 MB
[runlim] sample:		1769.99 time, 1770.02 real, 595 MB
[runlim] sample:		1779.99 time, 1780.02 real, 595 MB
[runlim] sample:		1789.99 time, 1790.02 real, 601 MB
[runlim] sample:		1799.99 time, 1800.02 real, 539 MB
[runlim] sample:		1809.99 time, 1810.01 real, 623 MB
[runlim] sample:		1819.99 time, 1820.01 real, 665 MB
[runlim] sample:		1829.99 time, 1830.01 real, 665 MB
[runlim] sample:		1839.99 time, 1840.02 real, 548 MB
[runlim] sample:		1849.99 time, 1850.01 real, 557 MB
[runlim] sample:		1859.99 time, 1860.01 real, 500 MB
[runlim] sample:		1869.99 time, 1870.01 real, 553 MB
[runlim] sample:		1879.99 time, 1880.01 real, 517 MB
[runlim] sample:		1889.99 time, 1890.01 real, 517 MB
[runlim] sample:		1899.99 time, 1900.01 real, 517 MB
[runlim] sample:		1909.99 time, 1910.01 real, 517 MB
[runlim] sample:		1919.99 time, 1920.02 real, 521 MB
[runlim] sample:		1929.99 time, 1930.01 real, 556 MB
[runlim] sample:		1939.99 time, 1940.01 real, 519 MB
[runlim] sample:		1949.99 time, 1950.01 real, 519 MB
[runlim] sample:		1959.99 time, 1960.01 real, 519 MB
[runlim] sample:		1969.99 time, 1970.01 real, 519 MB
[runlim] sample:		1979.99 time, 1980.01 real, 519 MB
[runlim] sample:		1989.99 time, 1990.02 real, 519 MB
[runlim] sample:		1999.99 time, 2000.01 real, 528 MB
[runlim] sample:		2010.00 time, 2010.02 real, 526 MB
[runlim] sample:		2019.99 time, 2020.02 real, 526 MB
[runlim] sample:		2029.99 time, 2030.01 real, 561 MB
[runlim] sample:		2039.99 time, 2040.01 real, 527 MB
[runlim] sample:		2050.00 time, 2050.02 real, 532 MB
[runlim] sample:		2060.00 time, 2060.02 real, 532 MB
[runlim] sample:		2069.99 time, 2070.01 real, 567 MB
[runlim] sample:		2079.99 time, 2080.01 real, 531 MB
[runlim] sample:		2089.99 time, 2090.01 real, 531 MB
[runlim] sample:		2099.99 time, 2100.01 real, 531 MB
[runlim] sample:		2110.00 time, 2110.01 real, 531 MB
[runlim] sample:		2120.00 time, 2120.01 real, 531 MB
[runlim] sample:		2130.00 time, 2130.02 real, 531 MB
[runlim] sample:		2139.99 time, 2140.02 real, 515 MB
[runlim] sample:		2149.99 time, 2150.01 real, 515 MB
[runlim] sample:		2159.99 time, 2160.02 real, 515 MB
[runlim] sample:		2169.99 time, 2170.02 real, 515 MB
[runlim] sample:		2180.00 time, 2180.02 real, 543 MB
[runlim] sample:		2190.00 time, 2190.02 real, 479 MB
[runlim] sample:		2200.00 time, 2200.02 real, 549 MB
[runlim] sample:		2209.99 time, 2210.02 real, 549 MB
[runlim] sample:		2219.99 time, 2220.02 real, 549 MB
[runlim] sample:		2230.00 time, 2230.02 real, 549 MB
[runlim] sample:		2240.00 time, 2240.02 real, 549 MB
[runlim] sample:		2250.00 time, 2250.02 real, 549 MB
[runlim] sample:		2260.00 time, 2260.02 real, 549 MB
[runlim] sample:		2269.99 time, 2270.02 real, 549 MB
[runlim] sample:		2279.99 time, 2280.02 real, 549 MB
[runlim] sample:		2290.00 time, 2290.02 real, 549 MB
[runlim] sample:		2300.00 time, 2300.02 real, 549 MB
[runlim] sample:		2309.99 time, 2310.02 real, 549 MB
[runlim] sample:		2319.99 time, 2320.02 real, 549 MB
[runlim] sample:		2330.00 time, 2330.02 real, 619 MB
[runlim] sample:		2340.00 time, 2340.02 real, 619 MB
[runlim] sample:		2350.00 time, 2350.02 real, 619 MB
[runlim] sample:		2360.00 time, 2360.02 real, 619 MB
[runlim] sample:		2370.00 time, 2370.02 real, 619 MB
[runlim] sample:		2380.00 time, 2380.02 real, 619 MB
[runlim] sample:		2390.00 time, 2390.02 real, 619 MB
[runlim] sample:		2400.00 time, 2400.02 real, 619 MB
[runlim] sample:		2410.00 time, 2410.02 real, 619 MB
[runlim] sample:		2420.00 time, 2420.02 real, 619 MB
[runlim] sample:		2430.00 time, 2430.02 real, 565 MB
[runlim] sample:		2440.00 time, 2440.01 real, 660 MB
[runlim] sample:		2450.00 time, 2450.02 real, 703 MB
[runlim] sample:		2460.00 time, 2460.01 real, 703 MB
[runlim] sample:		2470.00 time, 2470.02 real, 575 MB
[runlim] sample:		2480.00 time, 2480.01 real, 598 MB
[runlim] sample:		2490.00 time, 2490.01 real, 572 MB
[runlim] sample:		2500.00 time, 2500.02 real, 515 MB
[runlim] sample:		2510.00 time, 2510.01 real, 571 MB
[runlim] sample:		2520.00 time, 2520.01 real, 541 MB
[runlim] sample:		2530.00 time, 2530.01 real, 541 MB
[runlim] sample:		2540.00 time, 2540.01 real, 541 MB
[runlim] sample:		2550.00 time, 2550.01 real, 580 MB
[runlim] sample:		2560.00 time, 2560.02 real, 541 MB
[runlim] sample:		2570.00 time, 2570.01 real, 541 MB
[runlim] sample:		2580.00 time, 2580.02 real, 552 MB
[runlim] sample:		2590.00 time, 2590.02 real, 550 MB
[runlim] sample:		2600.00 time, 2600.02 real, 550 MB
[runlim] sample:		2610.00 time, 2610.02 real, 550 MB
[runlim] sample:		2620.00 time, 2620.02 real, 554 MB
[runlim] sample:		2630.00 time, 2630.02 real, 554 MB
[runlim] sample:		2640.00 time, 2640.02 real, 553 MB
[runlim] sample:		2650.00 time, 2650.01 real, 552 MB
[runlim] sample:		2660.00 time, 2660.02 real, 552 MB
[runlim] sample:		2670.00 time, 2670.02 real, 552 MB
[runlim] sample:		2680.00 time, 2680.02 real, 552 MB
[runlim] sample:		2690.00 time, 2690.01 real, 552 MB
[runlim] sample:		2700.00 time, 2700.01 real, 552 MB
[runlim] sample:		2710.00 time, 2710.02 real, 538 MB
[runlim] sample:		2720.00 time, 2720.02 real, 538 MB
[runlim] sample:		2730.00 time, 2730.02 real, 538 MB
[runlim] sample:		2740.00 time, 2740.02 real, 538 MB
[runlim] sample:		2750.00 time, 2750.02 real, 538 MB
[runlim] sample:		2760.01 time, 2760.02 real, 558 MB
[runlim] sample:		2770.01 time, 2770.02 real, 558 MB
[runlim] sample:		2780.00 time, 2780.02 real, 558 MB
[runlim] sample:		2790.00 time, 2790.02 real, 558 MB
[runlim] sample:		2800.00 time, 2800.02 real, 558 MB
[runlim] sample:		2810.00 time, 2810.02 real, 558 MB
[runlim] sample:		2820.01 time, 2820.02 real, 558 MB
[runlim] sample:		2830.01 time, 2830.02 real, 558 MB
[runlim] sample:		2840.00 time, 2840.02 real, 558 MB
[runlim] sample:		2850.00 time, 2850.02 real, 558 MB
[runlim] sample:		2860.01 time, 2860.02 real, 558 MB
[runlim] sample:		2870.01 time, 2870.01 real, 558 MB
[runlim] sample:		2880.00 time, 2880.02 real, 558 MB
[runlim] sample:		2890.00 time, 2890.02 real, 558 MB
[runlim] sample:		2900.00 time, 2900.02 real, 558 MB
[runlim] sample:		2910.01 time, 2910.02 real, 631 MB
[runlim] sample:		2920.00 time, 2920.02 real, 631 MB
[runlim] sample:		2930.00 time, 2930.01 real, 640 MB
[runlim] sample:		2940.01 time, 2940.01 real, 660 MB
[runlim] sample:		2950.00 time, 2950.01 real, 703 MB
[runlim] sample:		2960.01 time, 2960.02 real, 798 MB
[runlim] sample:		2970.00 time, 2970.02 real, 587 MB
[runlim] sample:		2980.01 time, 2980.02 real, 588 MB
[runlim] sample:		2990.01 time, 2990.01 real, 598 MB
[runlim] sample:		3000.00 time, 3000.02 real, 556 MB
[runlim] sample:		3010.00 time, 3010.01 real, 546 MB
[runlim] sample:		3020.00 time, 3020.02 real, 546 MB
[runlim] sample:		3030.00 time, 3030.02 real, 557 MB
[runlim] sample:		3040.00 time, 3040.02 real, 557 MB
[runlim] sample:		3050.00 time, 3050.02 real, 577 MB
[runlim] sample:		3060.01 time, 3060.01 real, 592 MB
[runlim] sample:		3070.01 time, 3070.01 real, 554 MB
[runlim] sample:		3080.01 time, 3080.02 real, 555 MB
[runlim] sample:		3090.01 time, 3090.02 real, 555 MB
[runlim] sample:		3100.01 time, 3100.01 real, 555 MB
[runlim] sample:		3110.01 time, 3110.02 real, 562 MB
[runlim] sample:		3120.01 time, 3120.02 real, 562 MB
[runlim] sample:		3130.01 time, 3130.02 real, 562 MB
[runlim] sample:		3140.01 time, 3140.01 real, 600 MB
[runlim] sample:		3150.01 time, 3150.01 real, 562 MB
[runlim] sample:		3160.01 time, 3160.01 real, 562 MB
[runlim] sample:		3170.01 time, 3170.02 real, 562 MB
[runlim] sample:		3180.01 time, 3180.01 real, 562 MB
[runlim] sample:		3190.01 time, 3190.01 real, 562 MB
[runlim] sample:		3200.01 time, 3200.02 real, 562 MB
[runlim] sample:		3210.00 time, 3210.01 real, 602 MB
[runlim] sample:		3220.01 time, 3220.01 real, 563 MB
[runlim] sample:		3230.01 time, 3230.02 real, 563 MB
[runlim] sample:		3240.01 time, 3240.02 real, 563 MB
[runlim] sample:		3250.01 time, 3250.01 real, 563 MB
[runlim] sample:		3260.01 time, 3260.02 real, 563 MB
[runlim] sample:		3270.01 time, 3270.02 real, 552 MB
[runlim] sample:		3280.01 time, 3280.02 real, 497 MB
[runlim] sample:		3290.01 time, 3290.02 real, 571 MB
[runlim] sample:		3300.01 time, 3300.02 real, 571 MB
[runlim] sample:		3310.01 time, 3310.02 real, 571 MB
[runlim] sample:		3320.01 time, 3320.02 real, 571 MB
[runlim] sample:		3330.01 time, 3330.02 real, 571 MB
[runlim] sample:		3340.01 time, 3340.02 real, 571 MB
[runlim] sample:		3350.01 time, 3350.02 real, 571 MB
[runlim] sample:		3360.01 time, 3360.02 real, 571 MB
[runlim] sample:		3370.01 time, 3370.02 real, 571 MB
[runlim] sample:		3380.01 time, 3380.02 real, 571 MB
[runlim] sample:		3390.01 time, 3390.01 real, 571 MB
[runlim] sample:		3400.01 time, 3400.02 real, 571 MB
[runlim] sample:		3410.01 time, 3410.02 real, 571 MB
[runlim] sample:		3420.01 time, 3420.02 real, 571 MB
[runlim] sample:		3430.01 time, 3430.02 real, 571 MB
[runlim] sample:		3440.01 time, 3440.02 real, 571 MB
[runlim] sample:		3450.01 time, 3450.02 real, 508 MB
[runlim] sample:		3460.01 time, 3460.02 real, 592 MB
[runlim] sample:		3470.01 time, 3470.02 real, 592 MB
[runlim] sample:		3480.01 time, 3480.02 real, 592 MB
[runlim] sample:		3490.01 time, 3490.01 real, 629 MB
[runlim] sample:		3500.01 time, 3500.02 real, 629 MB
[runlim] sample:		3510.01 time, 3510.01 real, 629 MB
[runlim] sample:		3520.01 time, 3520.01 real, 629 MB
[runlim] sample:		3530.01 time, 3530.02 real, 629 MB
[runlim] sample:		3540.01 time, 3540.02 real, 629 MB
[runlim] sample:		3550.01 time, 3550.02 real, 526 MB
[runlim] sample:		3560.01 time, 3560.02 real, 629 MB
[runlim] sample:		3570.01 time, 3570.01 real, 629 MB
[runlim] sample:		3580.01 time, 3580.02 real, 629 MB
[runlim] sample:		3590.01 time, 3590.02 real, 732 MB
[runlim] sample:		3600.01 time, 3600.02 real, 732 MB
[runlim] end:			Fri Oct 18 08:18:04 2019
[runlim] status:		out of time
[runlim] result:		2
[runlim] children:		2
[runlim] real:			3600.10 seconds
[runlim] time:			3600.01 seconds
[runlim] space:			798 MB
[runlim] samples:		36000
