[runlim] version:		1.17
[runlim] host:			c3n15
[runlim] time limit:		311040000 seconds
[runlim] real time limit:	3600 seconds
[runlim] space limit:		120000 MB
[runlim] argv[0]:		./run-btormc-master.sh
[runlim] argv[1]:		/tmp/zQFMaD3v.btor
[runlim] start:			Fri Oct 18 07:55:53 2019
[runlim] child:			1041
[runlim] sample:		10.00 time, 10.01 real, 254 MB
[runlim] sample:		19.99 time, 20.01 real, 408 MB
[runlim] sample:		30.00 time, 30.01 real, 456 MB
[runlim] sample:		39.99 time, 40.01 real, 514 MB
[runlim] sample:		50.00 time, 50.01 real, 586 MB
[runlim] sample:		60.00 time, 60.01 real, 622 MB
[runlim] sample:		70.00 time, 70.01 real, 566 MB
[runlim] sample:		80.00 time, 80.01 real, 729 MB
[runlim] sample:		89.99 time, 90.01 real, 729 MB
[runlim] sample:		99.99 time, 100.01 real, 729 MB
[runlim] sample:		109.99 time, 110.01 real, 618 MB
[runlim] sample:		119.99 time, 120.01 real, 707 MB
[runlim] sample:		130.00 time, 130.01 real, 707 MB
[runlim] sample:		140.00 time, 140.01 real, 641 MB
[runlim] sample:		149.99 time, 150.01 real, 780 MB
[runlim] sample:		160.00 time, 160.01 real, 635 MB
[runlim] sample:		170.00 time, 170.01 real, 818 MB
[runlim] sample:		180.00 time, 180.01 real, 775 MB
[runlim] sample:		189.99 time, 190.01 real, 709 MB
[runlim] sample:		200.00 time, 200.01 real, 951 MB
[runlim] sample:		209.99 time, 210.01 real, 742 MB
[runlim] sample:		219.99 time, 220.01 real, 937 MB
[runlim] sample:		229.99 time, 230.01 real, 779 MB
[runlim] sample:		239.99 time, 240.01 real, 892 MB
[runlim] sample:		249.99 time, 250.01 real, 954 MB
[runlim] sample:		260.00 time, 260.01 real, 908 MB
[runlim] sample:		270.00 time, 270.01 real, 947 MB
[runlim] sample:		279.99 time, 280.01 real, 1057 MB
[runlim] sample:		290.00 time, 290.01 real, 939 MB
[runlim] sample:		299.99 time, 300.01 real, 1025 MB
[runlim] sample:		309.99 time, 310.01 real, 1025 MB
[runlim] sample:		319.99 time, 320.01 real, 1025 MB
[runlim] sample:		329.99 time, 330.01 real, 1025 MB
[runlim] sample:		339.99 time, 340.01 real, 1116 MB
[runlim] sample:		349.99 time, 350.01 real, 1191 MB
[runlim] sample:		359.99 time, 360.01 real, 1347 MB
[runlim] sample:		369.99 time, 370.01 real, 1340 MB
[runlim] sample:		380.00 time, 380.01 real, 1161 MB
[runlim] sample:		389.99 time, 390.01 real, 1323 MB
[runlim] sample:		399.99 time, 400.01 real, 1305 MB
[runlim] sample:		409.98 time, 410.01 real, 1305 MB
[runlim] sample:		419.99 time, 420.01 real, 1305 MB
[runlim] sample:		429.99 time, 430.01 real, 1305 MB
[runlim] sample:		439.99 time, 440.01 real, 1305 MB
[runlim] sample:		449.99 time, 450.01 real, 1305 MB
[runlim] sample:		459.99 time, 460.01 real, 1305 MB
[runlim] sample:		469.99 time, 470.01 real, 1305 MB
[runlim] sample:		479.99 time, 480.01 real, 1318 MB
[runlim] sample:		489.99 time, 490.02 real, 1495 MB
[runlim] sample:		499.99 time, 500.02 real, 1646 MB
[runlim] sample:		509.99 time, 510.02 real, 1646 MB
[runlim] sample:		519.99 time, 520.02 real, 1646 MB
[runlim] sample:		529.99 time, 530.02 real, 1646 MB
[runlim] sample:		539.99 time, 540.02 real, 1712 MB
[runlim] sample:		549.99 time, 550.02 real, 1757 MB
[runlim] sample:		559.99 time, 560.02 real, 1837 MB
[runlim] sample:		569.98 time, 570.02 real, 1623 MB
[runlim] sample:		579.99 time, 580.02 real, 1623 MB
[runlim] sample:		589.98 time, 590.02 real, 1623 MB
[runlim] sample:		599.99 time, 600.02 real, 1607 MB
[runlim] sample:		609.99 time, 610.01 real, 1723 MB
[runlim] sample:		619.99 time, 620.02 real, 1723 MB
[runlim] sample:		629.98 time, 630.02 real, 1769 MB
[runlim] sample:		639.99 time, 640.01 real, 1769 MB
[runlim] sample:		649.99 time, 650.01 real, 1769 MB
[runlim] sample:		659.98 time, 660.01 real, 1769 MB
[runlim] sample:		669.98 time, 670.01 real, 1769 MB
[runlim] sample:		679.98 time, 680.01 real, 1769 MB
[runlim] sample:		689.98 time, 690.01 real, 1859 MB
[runlim] sample:		699.99 time, 700.02 real, 1954 MB
[runlim] sample:		709.98 time, 710.01 real, 1954 MB
[runlim] sample:		719.98 time, 720.01 real, 1954 MB
[runlim] sample:		729.99 time, 730.02 real, 1655 MB
[runlim] sample:		739.98 time, 740.01 real, 1753 MB
[runlim] sample:		749.98 time, 750.01 real, 1753 MB
[runlim] sample:		759.98 time, 760.01 real, 1753 MB
[runlim] sample:		769.98 time, 770.02 real, 1704 MB
[runlim] sample:		779.98 time, 780.01 real, 1741 MB
[runlim] sample:		789.98 time, 790.01 real, 1741 MB
[runlim] sample:		799.98 time, 800.02 real, 1592 MB
[runlim] sample:		809.98 time, 810.01 real, 1592 MB
[runlim] sample:		819.98 time, 820.02 real, 1592 MB
[runlim] sample:		829.98 time, 830.02 real, 1592 MB
[runlim] sample:		839.98 time, 840.02 real, 1617 MB
[runlim] sample:		849.98 time, 850.02 real, 1618 MB
[runlim] sample:		859.98 time, 860.02 real, 1617 MB
[runlim] sample:		869.98 time, 870.01 real, 1617 MB
[runlim] sample:		879.98 time, 880.02 real, 1764 MB
[runlim] sample:		889.97 time, 890.01 real, 1759 MB
[runlim] sample:		899.98 time, 900.01 real, 1759 MB
[runlim] sample:		909.98 time, 910.02 real, 1612 MB
[runlim] sample:		919.98 time, 920.02 real, 1612 MB
[runlim] sample:		929.97 time, 930.02 real, 1612 MB
[runlim] sample:		939.98 time, 940.02 real, 1612 MB
[runlim] sample:		949.97 time, 950.02 real, 1547 MB
[runlim] sample:		959.97 time, 960.01 real, 1770 MB
[runlim] sample:		969.98 time, 970.01 real, 1770 MB
[runlim] sample:		979.97 time, 980.02 real, 1770 MB
[runlim] sample:		989.98 time, 990.01 real, 1622 MB
[runlim] sample:		999.97 time, 1000.02 real, 1622 MB
[runlim] sample:		1009.98 time, 1010.02 real, 1622 MB
[runlim] sample:		1019.98 time, 1020.02 real, 1622 MB
[runlim] sample:		1029.98 time, 1030.02 real, 1622 MB
[runlim] sample:		1039.97 time, 1040.02 real, 1629 MB
[runlim] sample:		1049.97 time, 1050.02 real, 1629 MB
[runlim] sample:		1059.97 time, 1060.01 real, 1629 MB
[runlim] sample:		1069.98 time, 1070.02 real, 1629 MB
[runlim] sample:		1079.97 time, 1080.02 real, 1629 MB
[runlim] sample:		1089.97 time, 1090.01 real, 1775 MB
[runlim] sample:		1099.97 time, 1100.01 real, 1775 MB
[runlim] sample:		1109.97 time, 1110.02 real, 1775 MB
[runlim] sample:		1119.97 time, 1120.02 real, 1627 MB
[runlim] sample:		1129.97 time, 1130.02 real, 1627 MB
[runlim] sample:		1139.97 time, 1140.01 real, 1627 MB
[runlim] sample:		1149.97 time, 1150.01 real, 1627 MB
[runlim] sample:		1159.97 time, 1160.02 real, 1627 MB
[runlim] sample:		1169.98 time, 1170.02 real, 1627 MB
[runlim] sample:		1179.97 time, 1180.02 real, 1629 MB
[runlim] sample:		1189.97 time, 1190.02 real, 1630 MB
[runlim] sample:		1199.96 time, 1200.01 real, 1776 MB
[runlim] sample:		1209.96 time, 1210.01 real, 1776 MB
[runlim] sample:		1219.97 time, 1220.02 real, 1629 MB
[runlim] sample:		1229.97 time, 1230.01 real, 1629 MB
[runlim] sample:		1239.97 time, 1240.02 real, 1629 MB
[runlim] sample:		1249.97 time, 1250.02 real, 1629 MB
[runlim] sample:		1259.96 time, 1260.02 real, 1629 MB
[runlim] sample:		1269.97 time, 1270.02 real, 1497 MB
[runlim] sample:		1279.97 time, 1280.02 real, 1446 MB
[runlim] sample:		1289.97 time, 1290.02 real, 1449 MB
[runlim] sample:		1299.97 time, 1300.02 real, 1449 MB
[runlim] sample:		1309.97 time, 1310.02 real, 1449 MB
[runlim] sample:		1319.97 time, 1320.02 real, 1449 MB
[runlim] sample:		1329.97 time, 1330.02 real, 1449 MB
[runlim] sample:		1339.97 time, 1340.02 real, 1449 MB
[runlim] sample:		1349.97 time, 1350.01 real, 1449 MB
[runlim] sample:		1359.97 time, 1360.02 real, 1449 MB
[runlim] sample:		1369.97 time, 1370.02 real, 1285 MB
[runlim] sample:		1379.97 time, 1380.02 real, 1454 MB
[runlim] sample:		1389.96 time, 1390.02 real, 1454 MB
[runlim] sample:		1399.96 time, 1400.02 real, 1454 MB
[runlim] sample:		1409.96 time, 1410.02 real, 1454 MB
[runlim] sample:		1419.96 time, 1420.02 real, 1454 MB
[runlim] sample:		1429.97 time, 1430.02 real, 1454 MB
[runlim] sample:		1439.96 time, 1440.02 real, 1730 MB
[runlim] sample:		1449.96 time, 1450.02 real, 1908 MB
[runlim] sample:		1459.96 time, 1460.02 real, 1812 MB
[runlim] sample:		1469.96 time, 1470.02 real, 1892 MB
[runlim] sample:		1479.96 time, 1480.02 real, 1892 MB
[runlim] sample:		1489.96 time, 1490.02 real, 1935 MB
[runlim] sample:		1499.96 time, 1500.02 real, 1935 MB
[runlim] sample:		1509.96 time, 1510.01 real, 2011 MB
[runlim] sample:		1519.96 time, 1520.02 real, 2011 MB
[runlim] sample:		1529.96 time, 1530.01 real, 2097 MB
[runlim] sample:		1539.96 time, 1540.01 real, 2097 MB
[runlim] sample:		1549.95 time, 1550.01 real, 2097 MB
[runlim] sample:		1559.96 time, 1560.01 real, 2097 MB
[runlim] sample:		1569.95 time, 1570.01 real, 2097 MB
[runlim] sample:		1579.96 time, 1580.01 real, 2097 MB
[runlim] sample:		1589.96 time, 1590.02 real, 1717 MB
[runlim] sample:		1599.96 time, 1600.02 real, 1641 MB
[runlim] sample:		1609.96 time, 1610.01 real, 1856 MB
[runlim] sample:		1619.95 time, 1620.01 real, 1856 MB
[runlim] sample:		1629.95 time, 1630.01 real, 1856 MB
[runlim] sample:		1639.96 time, 1640.02 real, 1696 MB
[runlim] sample:		1649.96 time, 1650.02 real, 1699 MB
[runlim] sample:		1659.96 time, 1660.02 real, 1706 MB
[runlim] sample:		1669.96 time, 1670.02 real, 1699 MB
[runlim] sample:		1679.96 time, 1680.02 real, 1699 MB
[runlim] sample:		1689.95 time, 1690.02 real, 1699 MB
[runlim] sample:		1699.96 time, 1700.02 real, 1699 MB
[runlim] sample:		1709.96 time, 1710.02 real, 1722 MB
[runlim] sample:		1719.95 time, 1720.02 real, 1723 MB
[runlim] sample:		1729.96 time, 1730.02 real, 1628 MB
[runlim] sample:		1739.96 time, 1740.02 real, 1628 MB
[runlim] sample:		1749.96 time, 1750.02 real, 1601 MB
[runlim] sample:		1759.95 time, 1760.01 real, 1619 MB
[runlim] sample:		1769.96 time, 1770.02 real, 1600 MB
[runlim] sample:		1779.95 time, 1780.02 real, 1690 MB
[runlim] sample:		1789.96 time, 1790.02 real, 1463 MB
[runlim] sample:		1799.95 time, 1800.01 real, 1625 MB
[runlim] sample:		1809.95 time, 1810.02 real, 1606 MB
[runlim] sample:		1819.95 time, 1820.02 real, 1606 MB
[runlim] sample:		1829.96 time, 1830.02 real, 1606 MB
[runlim] sample:		1839.95 time, 1840.02 real, 1606 MB
[runlim] sample:		1849.95 time, 1850.02 real, 1606 MB
[runlim] sample:		1859.95 time, 1860.02 real, 1606 MB
[runlim] sample:		1869.96 time, 1870.02 real, 1606 MB
[runlim] sample:		1879.95 time, 1880.02 real, 1606 MB
[runlim] sample:		1889.95 time, 1890.02 real, 1610 MB
[runlim] sample:		1899.95 time, 1900.02 real, 1708 MB
[runlim] sample:		1909.95 time, 1910.02 real, 1612 MB
[runlim] sample:		1919.95 time, 1920.02 real, 1612 MB
[runlim] sample:		1929.95 time, 1930.02 real, 1612 MB
[runlim] sample:		1939.95 time, 1940.02 real, 1612 MB
[runlim] sample:		1949.95 time, 1950.02 real, 1612 MB
[runlim] sample:		1959.95 time, 1960.02 real, 1612 MB
[runlim] sample:		1969.95 time, 1970.02 real, 1612 MB
[runlim] sample:		1979.95 time, 1980.02 real, 1612 MB
[runlim] sample:		1989.94 time, 1990.02 real, 1612 MB
[runlim] sample:		1999.95 time, 2000.02 real, 1612 MB
[runlim] sample:		2009.95 time, 2010.02 real, 1684 MB
[runlim] sample:		2019.95 time, 2020.02 real, 1691 MB
[runlim] sample:		2029.95 time, 2030.02 real, 1655 MB
[runlim] sample:		2039.94 time, 2040.02 real, 1544 MB
[runlim] sample:		2049.95 time, 2050.01 real, 1707 MB
[runlim] sample:		2059.94 time, 2060.02 real, 1685 MB
[runlim] sample:		2069.94 time, 2070.02 real, 1685 MB
[runlim] sample:		2079.95 time, 2080.02 real, 1685 MB
[runlim] sample:		2089.94 time, 2090.02 real, 1685 MB
[runlim] sample:		2099.94 time, 2100.02 real, 1685 MB
[runlim] sample:		2109.94 time, 2110.02 real, 1685 MB
[runlim] sample:		2119.95 time, 2120.02 real, 1685 MB
[runlim] sample:		2129.95 time, 2130.02 real, 1685 MB
[runlim] sample:		2139.94 time, 2140.02 real, 2169 MB
[runlim] sample:		2149.95 time, 2150.02 real, 1891 MB
[runlim] sample:		2159.94 time, 2160.01 real, 2159 MB
[runlim] sample:		2169.95 time, 2170.01 real, 2220 MB
[runlim] sample:		2179.94 time, 2180.02 real, 2014 MB
[runlim] sample:		2189.93 time, 2190.01 real, 2090 MB
[runlim] sample:		2199.95 time, 2200.02 real, 2090 MB
[runlim] sample:		2209.94 time, 2210.02 real, 1926 MB
[runlim] sample:		2219.94 time, 2220.01 real, 2057 MB
[runlim] sample:		2229.94 time, 2230.01 real, 2057 MB
[runlim] sample:		2239.94 time, 2240.01 real, 2129 MB
[runlim] sample:		2249.94 time, 2250.01 real, 2129 MB
[runlim] sample:		2259.94 time, 2260.01 real, 2129 MB
[runlim] sample:		2269.94 time, 2270.01 real, 2129 MB
[runlim] sample:		2279.94 time, 2280.01 real, 2129 MB
[runlim] sample:		2289.94 time, 2290.01 real, 2129 MB
[runlim] sample:		2299.93 time, 2300.01 real, 2129 MB
[runlim] sample:		2309.93 time, 2310.01 real, 2129 MB
[runlim] sample:		2319.93 time, 2320.02 real, 2129 MB
[runlim] sample:		2329.94 time, 2330.01 real, 2129 MB
[runlim] sample:		2339.94 time, 2340.02 real, 1922 MB
[runlim] sample:		2349.93 time, 2350.02 real, 1922 MB
[runlim] sample:		2359.94 time, 2360.01 real, 2092 MB
[runlim] sample:		2369.94 time, 2370.01 real, 2092 MB
[runlim] sample:		2379.94 time, 2380.01 real, 2092 MB
[runlim] sample:		2389.94 time, 2390.02 real, 1895 MB
[runlim] sample:		2399.94 time, 2400.02 real, 1920 MB
[runlim] sample:		2409.93 time, 2410.02 real, 1927 MB
[runlim] sample:		2419.93 time, 2420.01 real, 2109 MB
[runlim] sample:		2429.94 time, 2430.02 real, 1927 MB
[runlim] sample:		2439.94 time, 2440.02 real, 1927 MB
[runlim] sample:		2449.93 time, 2450.02 real, 1927 MB
[runlim] sample:		2459.93 time, 2460.01 real, 1927 MB
[runlim] sample:		2469.94 time, 2470.02 real, 1927 MB
[runlim] sample:		2479.94 time, 2480.02 real, 1939 MB
[runlim] sample:		2489.94 time, 2490.02 real, 1938 MB
[runlim] sample:		2499.93 time, 2500.02 real, 1938 MB
[runlim] sample:		2509.93 time, 2510.01 real, 1938 MB
[runlim] sample:		2519.93 time, 2520.02 real, 1938 MB
[runlim] sample:		2529.94 time, 2530.02 real, 1938 MB
[runlim] sample:		2539.93 time, 2540.02 real, 1938 MB
[runlim] sample:		2549.93 time, 2550.02 real, 1948 MB
[runlim] sample:		2559.93 time, 2560.01 real, 2128 MB
[runlim] sample:		2569.93 time, 2570.01 real, 2128 MB
[runlim] sample:		2579.93 time, 2580.02 real, 2128 MB
[runlim] sample:		2589.93 time, 2590.02 real, 1944 MB
[runlim] sample:		2599.93 time, 2600.02 real, 1944 MB
[runlim] sample:		2609.93 time, 2610.02 real, 1944 MB
[runlim] sample:		2619.93 time, 2620.02 real, 1944 MB
[runlim] sample:		2629.93 time, 2630.02 real, 1944 MB
[runlim] sample:		2639.93 time, 2640.02 real, 1944 MB
[runlim] sample:		2649.93 time, 2650.02 real, 1944 MB
[runlim] sample:		2659.93 time, 2660.01 real, 1945 MB
[runlim] sample:		2669.93 time, 2670.01 real, 2135 MB
[runlim] sample:		2679.92 time, 2680.01 real, 2135 MB
[runlim] sample:		2689.92 time, 2690.02 real, 2135 MB
[runlim] sample:		2699.93 time, 2700.02 real, 1951 MB
[runlim] sample:		2709.93 time, 2710.02 real, 1951 MB
[runlim] sample:		2719.93 time, 2720.02 real, 1951 MB
[runlim] sample:		2729.92 time, 2730.01 real, 1951 MB
[runlim] sample:		2739.93 time, 2740.02 real, 1951 MB
[runlim] sample:		2749.93 time, 2750.02 real, 1951 MB
[runlim] sample:		2759.92 time, 2760.01 real, 1951 MB
[runlim] sample:		2769.92 time, 2770.02 real, 1951 MB
[runlim] sample:		2779.93 time, 2780.02 real, 1951 MB
[runlim] sample:		2789.93 time, 2790.02 real, 1850 MB
[runlim] sample:		2799.92 time, 2800.02 real, 1957 MB
[runlim] sample:		2809.92 time, 2810.02 real, 1957 MB
[runlim] sample:		2819.93 time, 2820.02 real, 1957 MB
[runlim] sample:		2829.92 time, 2830.01 real, 1957 MB
[runlim] sample:		2839.92 time, 2840.02 real, 1957 MB
[runlim] sample:		2849.92 time, 2850.02 real, 1957 MB
[runlim] sample:		2859.93 time, 2860.02 real, 1957 MB
[runlim] sample:		2869.92 time, 2870.02 real, 1957 MB
[runlim] sample:		2879.92 time, 2880.01 real, 1957 MB
[runlim] sample:		2889.92 time, 2890.02 real, 1957 MB
[runlim] sample:		2899.92 time, 2900.02 real, 1957 MB
[runlim] sample:		2909.93 time, 2910.02 real, 1964 MB
[runlim] sample:		2919.92 time, 2920.02 real, 1959 MB
[runlim] sample:		2929.92 time, 2930.02 real, 1959 MB
[runlim] sample:		2939.92 time, 2940.01 real, 2141 MB
[runlim] sample:		2949.92 time, 2950.01 real, 2141 MB
[runlim] sample:		2959.92 time, 2960.01 real, 2141 MB
[runlim] sample:		2969.92 time, 2970.01 real, 2141 MB
[runlim] sample:		2979.91 time, 2980.01 real, 2141 MB
[runlim] sample:		2989.92 time, 2990.01 real, 2141 MB
[runlim] sample:		2999.92 time, 3000.01 real, 2141 MB
[runlim] sample:		3009.91 time, 3010.01 real, 2141 MB
[runlim] sample:		3019.92 time, 3020.02 real, 1956 MB
[runlim] sample:		3029.92 time, 3030.02 real, 1956 MB
[runlim] sample:		3039.91 time, 3040.01 real, 1956 MB
[runlim] sample:		3049.92 time, 3050.01 real, 1956 MB
[runlim] sample:		3059.92 time, 3060.01 real, 1956 MB
[runlim] sample:		3069.91 time, 3070.02 real, 1919 MB
[runlim] sample:		3079.92 time, 3080.02 real, 1777 MB
[runlim] sample:		3089.92 time, 3090.02 real, 1776 MB
[runlim] sample:		3099.92 time, 3100.02 real, 1776 MB
[runlim] sample:		3109.91 time, 3110.02 real, 1776 MB
[runlim] sample:		3119.91 time, 3120.02 real, 1776 MB
[runlim] sample:		3129.91 time, 3130.02 real, 1776 MB
[runlim] sample:		3139.92 time, 3140.02 real, 1776 MB
[runlim] sample:		3149.92 time, 3150.02 real, 1776 MB
[runlim] sample:		3159.91 time, 3160.02 real, 1776 MB
[runlim] sample:		3169.91 time, 3170.02 real, 1776 MB
[runlim] sample:		3179.92 time, 3180.02 real, 1776 MB
[runlim] sample:		3189.91 time, 3190.02 real, 1776 MB
[runlim] sample:		3199.90 time, 3200.01 real, 2083 MB
[runlim] sample:		3209.91 time, 3210.02 real, 2083 MB
[runlim] sample:		3219.92 time, 3220.02 real, 2083 MB
[runlim] sample:		3229.92 time, 3230.02 real, 2083 MB
[runlim] sample:		3239.91 time, 3240.02 real, 2083 MB
[runlim] sample:		3249.91 time, 3250.02 real, 2084 MB
[runlim] sample:		3259.91 time, 3260.02 real, 1939 MB
[runlim] sample:		3269.91 time, 3270.02 real, 1945 MB
[runlim] sample:		3279.91 time, 3280.02 real, 2247 MB
[runlim] sample:		3289.91 time, 3290.02 real, 2018 MB
[runlim] sample:		3299.90 time, 3300.01 real, 1865 MB
[runlim] sample:		3309.91 time, 3310.02 real, 1865 MB
[runlim] sample:		3319.91 time, 3320.01 real, 2109 MB
[runlim] sample:		3329.91 time, 3330.01 real, 2158 MB
[runlim] sample:		3339.90 time, 3340.01 real, 2158 MB
[runlim] sample:		3349.91 time, 3350.02 real, 2158 MB
[runlim] sample:		3359.91 time, 3360.01 real, 2254 MB
[runlim] sample:		3369.91 time, 3370.02 real, 2254 MB
[runlim] sample:		3379.90 time, 3380.01 real, 2254 MB
[runlim] sample:		3389.90 time, 3390.01 real, 2254 MB
[runlim] sample:		3399.90 time, 3400.01 real, 2254 MB
[runlim] sample:		3409.90 time, 3410.01 real, 2360 MB
[runlim] sample:		3419.91 time, 3420.01 real, 2360 MB
[runlim] sample:		3429.91 time, 3430.02 real, 2360 MB
[runlim] sample:		3439.90 time, 3440.01 real, 2360 MB
[runlim] sample:		3449.91 time, 3450.02 real, 1981 MB
[runlim] sample:		3459.91 time, 3460.01 real, 2149 MB
[runlim] sample:		3469.90 time, 3470.01 real, 2149 MB
[runlim] sample:		3479.90 time, 3480.01 real, 2149 MB
[runlim] sample:		3489.91 time, 3490.02 real, 2149 MB
[runlim] sample:		3499.90 time, 3500.02 real, 2017 MB
[runlim] sample:		3509.90 time, 3510.01 real, 2142 MB
[runlim] sample:		3519.90 time, 3520.01 real, 2142 MB
[runlim] sample:		3529.90 time, 3530.02 real, 2142 MB
[runlim] sample:		3539.90 time, 3540.02 real, 1957 MB
[runlim] sample:		3549.91 time, 3550.02 real, 1957 MB
[runlim] sample:		3559.90 time, 3560.02 real, 1957 MB
[runlim] sample:		3569.90 time, 3570.02 real, 1957 MB
[runlim] sample:		3579.90 time, 3580.02 real, 1865 MB
[runlim] sample:		3589.91 time, 3590.02 real, 1865 MB
[runlim] sample:		3599.90 time, 3600.02 real, 1865 MB
[runlim] end:			Fri Oct 18 08:55:53 2019
[runlim] status:		out of time
[runlim] result:		2
[runlim] children:		2
[runlim] real:			3600.10 seconds
[runlim] time:			3599.90 seconds
[runlim] space:			2582 MB
[runlim] samples:		36000
