[runlim] version:		1.17
[runlim] host:			c3n31
[runlim] time limit:		311040000 seconds
[runlim] real time limit:	3600 seconds
[runlim] space limit:		120000 MB
[runlim] argv[0]:		./run-btormc-master.sh
[runlim] argv[1]:		/tmp/sdIBScG9.btor
[runlim] start:			Fri Oct 18 08:43:11 2019
[runlim] child:			1179
[runlim] sample:		10.00 time, 10.02 real, 533 MB
[runlim] sample:		20.00 time, 20.02 real, 950 MB
[runlim] sample:		30.00 time, 30.02 real, 1051 MB
[runlim] sample:		40.00 time, 40.02 real, 1379 MB
[runlim] sample:		50.00 time, 50.02 real, 1479 MB
[runlim] sample:		60.00 time, 60.02 real, 1406 MB
[runlim] sample:		70.00 time, 70.02 real, 1755 MB
[runlim] sample:		80.00 time, 80.02 real, 2136 MB
[runlim] sample:		90.00 time, 90.02 real, 2057 MB
[runlim] sample:		100.00 time, 100.02 real, 2418 MB
[runlim] sample:		110.00 time, 110.02 real, 2510 MB
[runlim] sample:		120.00 time, 120.02 real, 2258 MB
[runlim] sample:		129.99 time, 130.02 real, 2438 MB
[runlim] sample:		140.00 time, 140.02 real, 2722 MB
[runlim] sample:		150.00 time, 150.02 real, 2452 MB
[runlim] sample:		160.00 time, 160.02 real, 2935 MB
[runlim] sample:		170.00 time, 170.02 real, 2573 MB
[runlim] sample:		179.99 time, 180.02 real, 2732 MB
[runlim] sample:		189.99 time, 190.02 real, 2809 MB
[runlim] sample:		200.00 time, 200.02 real, 3209 MB
[runlim] sample:		210.00 time, 210.02 real, 2796 MB
[runlim] sample:		220.00 time, 220.02 real, 3455 MB
[runlim] sample:		230.00 time, 230.02 real, 3921 MB
[runlim] sample:		240.00 time, 240.02 real, 3460 MB
[runlim] sample:		249.99 time, 250.02 real, 4043 MB
[runlim] sample:		259.99 time, 260.02 real, 3932 MB
[runlim] sample:		269.99 time, 270.02 real, 3743 MB
[runlim] sample:		279.99 time, 280.02 real, 3825 MB
[runlim] sample:		289.99 time, 290.02 real, 4462 MB
[runlim] sample:		299.99 time, 300.02 real, 4523 MB
[runlim] sample:		309.99 time, 310.02 real, 3952 MB
[runlim] sample:		319.99 time, 320.02 real, 3994 MB
[runlim] sample:		329.99 time, 330.02 real, 4625 MB
[runlim] sample:		339.99 time, 340.02 real, 4088 MB
[runlim] sample:		349.99 time, 350.02 real, 4399 MB
[runlim] sample:		359.99 time, 360.02 real, 4486 MB
[runlim] sample:		369.98 time, 370.02 real, 4357 MB
[runlim] sample:		379.99 time, 380.02 real, 4793 MB
[runlim] sample:		389.99 time, 390.02 real, 4615 MB
[runlim] sample:		399.99 time, 400.02 real, 5006 MB
[runlim] sample:		409.98 time, 410.02 real, 5054 MB
[runlim] sample:		419.99 time, 420.02 real, 5100 MB
[runlim] sample:		429.99 time, 430.02 real, 5064 MB
[runlim] sample:		439.98 time, 440.02 real, 4683 MB
[runlim] sample:		449.98 time, 450.02 real, 5282 MB
[runlim] sample:		459.98 time, 460.02 real, 4601 MB
[runlim] sample:		469.99 time, 470.02 real, 4612 MB
[runlim] end:			Fri Oct 18 08:51:03 2019
[runlim] status:		ok
[runlim] result:		0
[runlim] children:		2
[runlim] real:			472.20 seconds
[runlim] time:			472.08 seconds
[runlim] space:			5361 MB
[runlim] samples:		4721
