[runlim] version:		1.17
[runlim] host:			c3n27
[runlim] time limit:		311040000 seconds
[runlim] real time limit:	3600 seconds
[runlim] space limit:		120000 MB
[runlim] argv[0]:		./run-btormc-master.sh
[runlim] argv[1]:		/tmp/5SSg3rfS.btor
[runlim] start:			Fri Oct 18 09:44:25 2019
[runlim] child:			29677
[runlim] sample:		10.00 time, 10.02 real, 533 MB
[runlim] sample:		20.00 time, 20.02 real, 986 MB
[runlim] sample:		29.99 time, 30.02 real, 1132 MB
[runlim] sample:		39.99 time, 40.01 real, 1234 MB
[runlim] sample:		50.00 time, 50.02 real, 1420 MB
[runlim] sample:		60.00 time, 60.02 real, 1401 MB
[runlim] sample:		70.00 time, 70.02 real, 1858 MB
[runlim] sample:		80.00 time, 80.02 real, 2136 MB
[runlim] sample:		90.00 time, 90.02 real, 2267 MB
[runlim] sample:		99.99 time, 100.02 real, 2182 MB
[runlim] sample:		110.00 time, 110.02 real, 2483 MB
[runlim] sample:		120.00 time, 120.02 real, 2258 MB
[runlim] sample:		129.99 time, 130.02 real, 2560 MB
[runlim] sample:		139.99 time, 140.02 real, 2594 MB
[runlim] sample:		149.99 time, 150.02 real, 2780 MB
[runlim] sample:		159.99 time, 160.02 real, 2772 MB
[runlim] sample:		170.00 time, 170.02 real, 3013 MB
[runlim] sample:		180.00 time, 180.02 real, 2630 MB
[runlim] sample:		189.99 time, 190.02 real, 2752 MB
[runlim] sample:		200.00 time, 200.02 real, 3219 MB
[runlim] sample:		210.00 time, 210.02 real, 3283 MB
[runlim] sample:		219.99 time, 220.02 real, 3494 MB
[runlim] sample:		229.99 time, 230.02 real, 3923 MB
[runlim] sample:		239.99 time, 240.02 real, 3474 MB
[runlim] sample:		249.99 time, 250.02 real, 3511 MB
[runlim] sample:		259.99 time, 260.02 real, 3609 MB
[runlim] sample:		269.99 time, 270.01 real, 3974 MB
[runlim] sample:		279.99 time, 280.01 real, 3852 MB
[runlim] sample:		289.99 time, 290.01 real, 4118 MB
[runlim] sample:		299.99 time, 300.01 real, 4276 MB
[runlim] sample:		309.99 time, 310.01 real, 3983 MB
[runlim] sample:		319.99 time, 320.01 real, 4596 MB
[runlim] sample:		329.99 time, 330.01 real, 4346 MB
[runlim] sample:		339.98 time, 340.01 real, 4700 MB
[runlim] sample:		349.99 time, 350.01 real, 4105 MB
[runlim] sample:		359.99 time, 360.01 real, 4194 MB
[runlim] sample:		369.99 time, 370.01 real, 4185 MB
[runlim] sample:		379.98 time, 380.01 real, 4882 MB
[runlim] sample:		389.99 time, 390.01 real, 4340 MB
[runlim] sample:		399.99 time, 400.01 real, 4768 MB
[runlim] sample:		409.98 time, 410.01 real, 4984 MB
[runlim] sample:		419.99 time, 420.01 real, 5036 MB
[runlim] sample:		429.98 time, 430.01 real, 4870 MB
[runlim] sample:		439.98 time, 440.01 real, 4496 MB
[runlim] sample:		449.98 time, 450.01 real, 5116 MB
[runlim] sample:		459.98 time, 460.01 real, 4567 MB
[runlim] sample:		469.98 time, 470.01 real, 4612 MB
[runlim] end:			Fri Oct 18 09:52:21 2019
[runlim] status:		ok
[runlim] result:		0
[runlim] children:		2
[runlim] real:			476.18 seconds
[runlim] time:			476.08 seconds
[runlim] space:			5362 MB
[runlim] samples:		4761
