[runlim] version:		1.17
[runlim] host:			c3n01
[runlim] time limit:		311040000 seconds
[runlim] real time limit:	3600 seconds
[runlim] space limit:		120000 MB
[runlim] argv[0]:		./run-btormc-master.sh
[runlim] argv[1]:		/tmp/rs4NLi0H.btor
[runlim] start:			Fri Oct 18 07:31:03 2019
[runlim] child:			14602
[runlim] sample:		10.00 time, 10.01 real, 220 MB
[runlim] sample:		20.00 time, 20.01 real, 463 MB
[runlim] sample:		30.00 time, 30.01 real, 661 MB
[runlim] sample:		40.00 time, 40.01 real, 868 MB
[runlim] sample:		50.00 time, 50.01 real, 1143 MB
[runlim] sample:		60.00 time, 60.01 real, 1313 MB
[runlim] sample:		70.00 time, 70.01 real, 1564 MB
[runlim] sample:		80.00 time, 80.01 real, 1623 MB
[runlim] sample:		90.00 time, 90.01 real, 1773 MB
[runlim] sample:		99.99 time, 100.01 real, 2098 MB
[runlim] sample:		110.00 time, 110.01 real, 2090 MB
[runlim] sample:		119.99 time, 120.02 real, 1717 MB
[runlim] sample:		130.00 time, 130.01 real, 2293 MB
[runlim] sample:		140.00 time, 140.01 real, 2679 MB
[runlim] sample:		149.99 time, 150.01 real, 2452 MB
[runlim] sample:		160.00 time, 160.01 real, 2634 MB
[runlim] sample:		169.99 time, 170.01 real, 2096 MB
[runlim] sample:		179.99 time, 180.01 real, 2539 MB
[runlim] sample:		189.99 time, 190.01 real, 2666 MB
[runlim] sample:		199.99 time, 200.01 real, 2696 MB
[runlim] sample:		209.99 time, 210.01 real, 3195 MB
[runlim] sample:		219.99 time, 220.01 real, 3008 MB
[runlim] sample:		229.99 time, 230.01 real, 3038 MB
[runlim] sample:		239.99 time, 240.01 real, 3541 MB
[runlim] sample:		249.99 time, 250.01 real, 3277 MB
[runlim] sample:		259.99 time, 260.01 real, 3247 MB
[runlim] sample:		269.99 time, 270.01 real, 3432 MB
[runlim] sample:		279.99 time, 280.01 real, 3948 MB
[runlim] sample:		289.99 time, 290.01 real, 4183 MB
[runlim] sample:		299.98 time, 300.01 real, 3891 MB
[runlim] sample:		309.98 time, 310.01 real, 4360 MB
[runlim] sample:		319.99 time, 320.01 real, 3839 MB
[runlim] sample:		329.99 time, 330.01 real, 3952 MB
[runlim] sample:		339.99 time, 340.01 real, 4683 MB
[runlim] sample:		349.98 time, 350.01 real, 4435 MB
[runlim] sample:		359.99 time, 360.02 real, 4435 MB
[runlim] sample:		369.98 time, 370.01 real, 4087 MB
[runlim] sample:		379.98 time, 380.01 real, 5250 MB
[runlim] sample:		389.99 time, 390.01 real, 3967 MB
[runlim] sample:		399.99 time, 400.01 real, 5183 MB
[runlim] sample:		409.98 time, 410.01 real, 4802 MB
[runlim] sample:		419.98 time, 420.01 real, 4888 MB
[runlim] sample:		429.98 time, 430.01 real, 4925 MB
[runlim] sample:		439.98 time, 440.01 real, 5187 MB
[runlim] sample:		449.98 time, 450.01 real, 5653 MB
[runlim] sample:		459.98 time, 460.01 real, 5830 MB
[runlim] sample:		469.98 time, 470.01 real, 5807 MB
[runlim] sample:		479.98 time, 480.01 real, 5489 MB
[runlim] sample:		489.98 time, 490.01 real, 6042 MB
[runlim] sample:		499.98 time, 500.01 real, 5334 MB
[runlim] sample:		509.98 time, 510.01 real, 5462 MB
[runlim] sample:		519.98 time, 520.01 real, 5439 MB
[runlim] sample:		529.98 time, 530.01 real, 6084 MB
[runlim] sample:		539.98 time, 540.01 real, 5588 MB
[runlim] sample:		549.98 time, 550.01 real, 6298 MB
[runlim] sample:		559.98 time, 560.01 real, 6512 MB
[runlim] sample:		569.98 time, 570.01 real, 5705 MB
[runlim] sample:		579.97 time, 580.01 real, 5815 MB
[runlim] sample:		589.98 time, 590.01 real, 5809 MB
[runlim] sample:		599.98 time, 600.02 real, 6746 MB
[runlim] sample:		609.98 time, 610.01 real, 6438 MB
[runlim] sample:		619.97 time, 620.01 real, 6060 MB
[runlim] sample:		629.98 time, 630.01 real, 6925 MB
[runlim] sample:		639.98 time, 640.01 real, 7005 MB
[runlim] sample:		649.97 time, 650.01 real, 6095 MB
[runlim] sample:		659.98 time, 660.01 real, 6623 MB
[runlim] sample:		669.98 time, 670.01 real, 6992 MB
[runlim] sample:		679.97 time, 680.01 real, 7197 MB
[runlim] sample:		689.97 time, 690.01 real, 7245 MB
[runlim] sample:		699.97 time, 700.01 real, 7146 MB
[runlim] sample:		709.98 time, 710.01 real, 6396 MB
[runlim] sample:		719.97 time, 720.01 real, 6891 MB
[runlim] sample:		729.97 time, 730.01 real, 6179 MB
[runlim] sample:		739.97 time, 740.01 real, 7268 MB
[runlim] sample:		749.98 time, 750.01 real, 6892 MB
[runlim] sample:		759.97 time, 760.01 real, 6851 MB
[runlim] sample:		769.97 time, 770.01 real, 6851 MB
[runlim] sample:		779.97 time, 780.01 real, 7660 MB
[runlim] sample:		789.97 time, 790.01 real, 6291 MB
[runlim] sample:		799.97 time, 800.01 real, 7271 MB
[runlim] sample:		809.97 time, 810.01 real, 6071 MB
[runlim] sample:		819.97 time, 820.01 real, 6071 MB
[runlim] sample:		829.97 time, 830.01 real, 7835 MB
[runlim] sample:		839.97 time, 840.02 real, 7506 MB
[runlim] sample:		849.97 time, 850.01 real, 8370 MB
[runlim] sample:		859.97 time, 860.01 real, 8117 MB
[runlim] sample:		869.97 time, 870.01 real, 7432 MB
[runlim] sample:		879.97 time, 880.01 real, 7506 MB
[runlim] sample:		889.97 time, 890.01 real, 8135 MB
[runlim] sample:		899.96 time, 900.01 real, 8622 MB
[runlim] sample:		909.96 time, 910.01 real, 7591 MB
[runlim] sample:		919.97 time, 920.01 real, 7705 MB
[runlim] sample:		929.96 time, 930.01 real, 7833 MB
[runlim] sample:		939.96 time, 940.01 real, 7781 MB
[runlim] sample:		949.97 time, 950.01 real, 8513 MB
[runlim] sample:		959.96 time, 960.01 real, 8377 MB
[runlim] sample:		969.96 time, 970.01 real, 8110 MB
[runlim] sample:		979.96 time, 980.01 real, 8110 MB
[runlim] end:			Fri Oct 18 07:47:26 2019
[runlim] status:		ok
[runlim] result:		0
[runlim] children:		2
[runlim] real:			982.43 seconds
[runlim] time:			982.36 seconds
[runlim] space:			9262 MB
[runlim] samples:		9824
