[runlim] version:		1.17
[runlim] host:			c3n13
[runlim] time limit:		311040000 seconds
[runlim] real time limit:	3600 seconds
[runlim] space limit:		120000 MB
[runlim] argv[0]:		./run-btormc-master.sh
[runlim] argv[1]:		/tmp/fc4BIXik.btor
[runlim] start:			Fri Oct 18 05:34:27 2019
[runlim] child:			3828
warning: unsupported tag 'output'
warning: unsupported tag 'output'
warning: unsupported tag 'output'
warning: unsupported tag 'output'
warning: unsupported tag 'output'
warning: unsupported tag 'output'
warning: unsupported tag 'output'
warning: unsupported tag 'output'
warning: unsupported tag 'output'
warning: unsupported tag 'output'
warning: unsupported tag 'output'
warning: unsupported tag 'output'
warning: unsupported tag 'output'
warning: unsupported tag 'output'
warning: unsupported tag 'output'
warning: unsupported tag 'output'
warning: unsupported tag 'output'
warning: unsupported tag 'output'
warning: unsupported tag 'output'
[runlim] sample:		10.00 time, 10.01 real, 26 MB
[runlim] sample:		20.00 time, 20.01 real, 35 MB
[runlim] sample:		30.00 time, 30.01 real, 42 MB
[runlim] sample:		40.00 time, 40.01 real, 46 MB
[runlim] sample:		50.00 time, 50.01 real, 53 MB
[runlim] sample:		60.00 time, 60.01 real, 58 MB
[runlim] sample:		70.00 time, 70.01 real, 62 MB
[runlim] sample:		79.99 time, 80.01 real, 68 MB
[runlim] sample:		89.99 time, 90.01 real, 70 MB
[runlim] sample:		99.99 time, 100.01 real, 75 MB
[runlim] sample:		110.00 time, 110.01 real, 71 MB
[runlim] sample:		119.99 time, 120.01 real, 77 MB
[runlim] sample:		130.00 time, 130.01 real, 82 MB
[runlim] sample:		140.00 time, 140.01 real, 84 MB
[runlim] sample:		150.00 time, 150.01 real, 94 MB
[runlim] sample:		159.99 time, 160.01 real, 103 MB
[runlim] sample:		169.99 time, 170.01 real, 106 MB
[runlim] sample:		179.99 time, 180.01 real, 113 MB
[runlim] sample:		189.99 time, 190.01 real, 112 MB
[runlim] sample:		199.99 time, 200.01 real, 112 MB
[runlim] sample:		210.00 time, 210.01 real, 114 MB
[runlim] sample:		220.00 time, 220.01 real, 114 MB
[runlim] sample:		229.99 time, 230.01 real, 121 MB
[runlim] sample:		239.99 time, 240.01 real, 122 MB
[runlim] sample:		249.99 time, 250.01 real, 124 MB
[runlim] sample:		259.99 time, 260.01 real, 124 MB
[runlim] sample:		269.99 time, 270.01 real, 132 MB
[runlim] sample:		279.99 time, 280.01 real, 136 MB
[runlim] sample:		289.99 time, 290.01 real, 138 MB
[runlim] sample:		299.99 time, 300.01 real, 151 MB
[runlim] sample:		309.99 time, 310.01 real, 151 MB
[runlim] sample:		319.99 time, 320.01 real, 151 MB
[runlim] sample:		329.99 time, 330.01 real, 153 MB
[runlim] sample:		339.99 time, 340.01 real, 165 MB
[runlim] sample:		349.99 time, 350.01 real, 165 MB
[runlim] sample:		359.99 time, 360.01 real, 167 MB
[runlim] sample:		369.99 time, 370.01 real, 167 MB
[runlim] sample:		379.99 time, 380.01 real, 167 MB
[runlim] sample:		389.99 time, 390.01 real, 168 MB
[runlim] sample:		399.98 time, 400.01 real, 168 MB
[runlim] sample:		409.98 time, 410.01 real, 168 MB
[runlim] sample:		419.98 time, 420.01 real, 168 MB
[runlim] sample:		429.98 time, 430.01 real, 171 MB
[runlim] sample:		439.99 time, 440.01 real, 175 MB
[runlim] sample:		449.98 time, 450.01 real, 179 MB
[runlim] sample:		459.98 time, 460.01 real, 180 MB
[runlim] sample:		469.98 time, 470.01 real, 176 MB
[runlim] sample:		479.98 time, 480.01 real, 176 MB
[runlim] sample:		489.98 time, 490.01 real, 176 MB
[runlim] sample:		499.98 time, 500.01 real, 187 MB
[runlim] sample:		509.99 time, 510.01 real, 187 MB
[runlim] sample:		519.99 time, 520.01 real, 196 MB
[runlim] sample:		529.99 time, 530.01 real, 197 MB
[runlim] sample:		539.99 time, 540.01 real, 197 MB
[runlim] sample:		549.99 time, 550.01 real, 215 MB
[runlim] sample:		559.99 time, 560.01 real, 215 MB
[runlim] sample:		569.99 time, 570.01 real, 215 MB
[runlim] sample:		579.99 time, 580.01 real, 215 MB
[runlim] sample:		589.98 time, 590.01 real, 218 MB
[runlim] sample:		599.98 time, 600.01 real, 218 MB
[runlim] sample:		609.98 time, 610.01 real, 218 MB
[runlim] sample:		619.98 time, 620.01 real, 218 MB
[runlim] sample:		629.98 time, 630.01 real, 225 MB
[runlim] sample:		639.98 time, 640.01 real, 224 MB
[runlim] sample:		649.98 time, 650.01 real, 224 MB
[runlim] sample:		659.98 time, 660.01 real, 224 MB
[runlim] sample:		669.98 time, 670.01 real, 224 MB
[runlim] sample:		679.98 time, 680.01 real, 237 MB
[runlim] sample:		689.98 time, 690.01 real, 237 MB
[runlim] sample:		699.98 time, 700.01 real, 237 MB
[runlim] sample:		709.98 time, 710.01 real, 237 MB
[runlim] sample:		719.98 time, 720.01 real, 250 MB
[runlim] sample:		729.98 time, 730.01 real, 249 MB
[runlim] sample:		739.98 time, 740.01 real, 249 MB
[runlim] sample:		749.98 time, 750.01 real, 249 MB
[runlim] sample:		759.98 time, 760.01 real, 249 MB
[runlim] sample:		769.98 time, 770.01 real, 263 MB
[runlim] sample:		779.97 time, 780.01 real, 263 MB
[runlim] sample:		789.97 time, 790.01 real, 263 MB
[runlim] sample:		799.97 time, 800.01 real, 263 MB
[runlim] sample:		809.97 time, 810.01 real, 263 MB
[runlim] sample:		819.97 time, 820.01 real, 263 MB
[runlim] sample:		829.97 time, 830.01 real, 265 MB
[runlim] sample:		839.97 time, 840.01 real, 264 MB
[runlim] sample:		849.97 time, 850.01 real, 264 MB
[runlim] sample:		859.97 time, 860.01 real, 264 MB
[runlim] sample:		869.97 time, 870.01 real, 264 MB
[runlim] sample:		879.97 time, 880.01 real, 276 MB
[runlim] sample:		889.97 time, 890.01 real, 276 MB
[runlim] sample:		899.97 time, 900.01 real, 276 MB
[runlim] sample:		909.97 time, 910.01 real, 276 MB
[runlim] sample:		919.97 time, 920.01 real, 276 MB
[runlim] sample:		929.97 time, 930.01 real, 290 MB
[runlim] sample:		939.97 time, 940.01 real, 290 MB
[runlim] sample:		949.97 time, 950.01 real, 289 MB
[runlim] sample:		959.97 time, 960.01 real, 289 MB
[runlim] sample:		969.97 time, 970.01 real, 289 MB
[runlim] sample:		979.97 time, 980.01 real, 289 MB
[runlim] sample:		989.97 time, 990.01 real, 289 MB
[runlim] sample:		999.97 time, 1000.01 real, 296 MB
[runlim] sample:		1009.97 time, 1010.01 real, 320 MB
[runlim] sample:		1019.97 time, 1020.01 real, 320 MB
[runlim] sample:		1029.97 time, 1030.01 real, 320 MB
[runlim] sample:		1039.97 time, 1040.01 real, 320 MB
[runlim] sample:		1049.97 time, 1050.01 real, 299 MB
[runlim] sample:		1059.97 time, 1060.01 real, 324 MB
[runlim] sample:		1069.97 time, 1070.01 real, 324 MB
[runlim] sample:		1079.97 time, 1080.01 real, 324 MB
[runlim] sample:		1089.97 time, 1090.01 real, 324 MB
[runlim] sample:		1099.97 time, 1100.01 real, 324 MB
[runlim] sample:		1109.97 time, 1110.01 real, 324 MB
[runlim] sample:		1119.97 time, 1120.01 real, 324 MB
[runlim] sample:		1129.96 time, 1130.01 real, 353 MB
[runlim] sample:		1139.97 time, 1140.01 real, 353 MB
[runlim] sample:		1149.97 time, 1150.01 real, 353 MB
[runlim] sample:		1159.97 time, 1160.01 real, 353 MB
[runlim] sample:		1169.97 time, 1170.01 real, 353 MB
[runlim] sample:		1179.97 time, 1180.01 real, 353 MB
[runlim] sample:		1189.97 time, 1190.01 real, 346 MB
[runlim] sample:		1199.97 time, 1200.01 real, 372 MB
[runlim] sample:		1209.97 time, 1210.01 real, 372 MB
[runlim] sample:		1219.97 time, 1220.01 real, 372 MB
[runlim] sample:		1229.97 time, 1230.01 real, 372 MB
[runlim] sample:		1239.97 time, 1240.01 real, 372 MB
[runlim] sample:		1249.97 time, 1250.01 real, 372 MB
[runlim] sample:		1259.96 time, 1260.01 real, 375 MB
[runlim] sample:		1269.96 time, 1270.01 real, 375 MB
[runlim] sample:		1279.96 time, 1280.01 real, 374 MB
[runlim] sample:		1289.96 time, 1290.01 real, 374 MB
[runlim] sample:		1299.96 time, 1300.01 real, 374 MB
[runlim] sample:		1309.96 time, 1310.01 real, 374 MB
[runlim] sample:		1319.96 time, 1320.01 real, 374 MB
[runlim] sample:		1329.96 time, 1330.01 real, 374 MB
[runlim] sample:		1339.96 time, 1340.01 real, 379 MB
[runlim] sample:		1349.96 time, 1350.01 real, 379 MB
[runlim] sample:		1359.96 time, 1360.01 real, 379 MB
[runlim] sample:		1369.96 time, 1370.01 real, 379 MB
[runlim] sample:		1379.96 time, 1380.01 real, 379 MB
[runlim] sample:		1389.96 time, 1390.01 real, 380 MB
[runlim] sample:		1399.96 time, 1400.01 real, 371 MB
[runlim] sample:		1409.96 time, 1410.01 real, 401 MB
[runlim] sample:		1419.96 time, 1420.01 real, 401 MB
[runlim] sample:		1429.96 time, 1430.01 real, 401 MB
[runlim] sample:		1439.96 time, 1440.01 real, 409 MB
[runlim] sample:		1449.96 time, 1450.01 real, 409 MB
[runlim] sample:		1459.96 time, 1460.01 real, 409 MB
[runlim] sample:		1469.96 time, 1470.01 real, 427 MB
[runlim] sample:		1479.95 time, 1480.01 real, 427 MB
[runlim] sample:		1489.96 time, 1490.01 real, 395 MB
[runlim] sample:		1499.96 time, 1500.01 real, 426 MB
[runlim] sample:		1509.96 time, 1510.01 real, 428 MB
[runlim] sample:		1519.96 time, 1520.01 real, 428 MB
[runlim] sample:		1529.96 time, 1530.01 real, 429 MB
[runlim] sample:		1539.96 time, 1540.01 real, 429 MB
[runlim] sample:		1549.96 time, 1550.01 real, 429 MB
[runlim] sample:		1559.96 time, 1560.01 real, 443 MB
[runlim] sample:		1569.96 time, 1570.01 real, 442 MB
[runlim] sample:		1579.96 time, 1580.01 real, 442 MB
[runlim] sample:		1589.96 time, 1590.01 real, 442 MB
[runlim] sample:		1599.96 time, 1600.01 real, 442 MB
[runlim] sample:		1609.96 time, 1610.01 real, 442 MB
[runlim] sample:		1619.96 time, 1620.01 real, 442 MB
[runlim] sample:		1629.96 time, 1630.01 real, 463 MB
[runlim] sample:		1639.95 time, 1640.01 real, 463 MB
[runlim] sample:		1649.95 time, 1650.01 real, 463 MB
[runlim] sample:		1659.95 time, 1660.01 real, 463 MB
[runlim] sample:		1669.95 time, 1670.01 real, 463 MB
[runlim] sample:		1679.95 time, 1680.01 real, 463 MB
[runlim] sample:		1689.95 time, 1690.01 real, 463 MB
[runlim] sample:		1699.95 time, 1700.01 real, 463 MB
[runlim] sample:		1709.95 time, 1710.01 real, 431 MB
[runlim] sample:		1719.95 time, 1720.01 real, 466 MB
[runlim] sample:		1729.95 time, 1730.01 real, 465 MB
[runlim] sample:		1739.95 time, 1740.01 real, 465 MB
[runlim] sample:		1749.94 time, 1750.01 real, 465 MB
[runlim] sample:		1759.94 time, 1760.01 real, 465 MB
[runlim] sample:		1769.94 time, 1770.01 real, 465 MB
[runlim] sample:		1779.94 time, 1780.01 real, 465 MB
[runlim] sample:		1789.94 time, 1790.01 real, 465 MB
[runlim] sample:		1799.95 time, 1800.01 real, 468 MB
[runlim] sample:		1809.95 time, 1810.01 real, 467 MB
[runlim] sample:		1819.95 time, 1820.01 real, 467 MB
[runlim] sample:		1829.95 time, 1830.01 real, 467 MB
[runlim] sample:		1839.95 time, 1840.01 real, 467 MB
[runlim] sample:		1849.95 time, 1850.01 real, 467 MB
[runlim] sample:		1859.95 time, 1860.01 real, 467 MB
[runlim] sample:		1869.95 time, 1870.01 real, 467 MB
[runlim] sample:		1879.95 time, 1880.01 real, 467 MB
[runlim] sample:		1889.94 time, 1890.01 real, 475 MB
[runlim] sample:		1899.94 time, 1900.01 real, 475 MB
[runlim] sample:		1909.94 time, 1910.01 real, 475 MB
[runlim] sample:		1919.94 time, 1920.01 real, 475 MB
[runlim] sample:		1929.94 time, 1930.01 real, 475 MB
[runlim] sample:		1939.94 time, 1940.01 real, 475 MB
[runlim] sample:		1949.94 time, 1950.01 real, 475 MB
[runlim] sample:		1959.94 time, 1960.01 real, 475 MB
[runlim] sample:		1969.94 time, 1970.01 real, 475 MB
[runlim] sample:		1979.94 time, 1980.01 real, 489 MB
[runlim] sample:		1989.94 time, 1990.01 real, 489 MB
[runlim] sample:		1999.94 time, 2000.01 real, 488 MB
[runlim] sample:		2009.94 time, 2010.01 real, 488 MB
[runlim] sample:		2019.94 time, 2020.01 real, 488 MB
[runlim] sample:		2029.94 time, 2030.01 real, 488 MB
[runlim] sample:		2039.94 time, 2040.01 real, 489 MB
[runlim] sample:		2049.94 time, 2050.01 real, 489 MB
[runlim] sample:		2059.94 time, 2060.01 real, 489 MB
[runlim] sample:		2069.94 time, 2070.01 real, 489 MB
[runlim] sample:		2079.94 time, 2080.01 real, 463 MB
[runlim] sample:		2089.94 time, 2090.01 real, 503 MB
[runlim] sample:		2099.94 time, 2100.01 real, 503 MB
[runlim] sample:		2109.94 time, 2110.01 real, 503 MB
[runlim] sample:		2119.94 time, 2120.01 real, 526 MB
[runlim] sample:		2129.93 time, 2130.01 real, 526 MB
[runlim] sample:		2139.93 time, 2140.01 real, 526 MB
[runlim] sample:		2149.93 time, 2150.01 real, 526 MB
[runlim] sample:		2159.94 time, 2160.01 real, 535 MB
[runlim] sample:		2169.94 time, 2170.01 real, 555 MB
[runlim] sample:		2179.94 time, 2180.01 real, 513 MB
[runlim] sample:		2189.94 time, 2190.01 real, 571 MB
[runlim] sample:		2199.94 time, 2200.01 real, 571 MB
[runlim] sample:		2209.94 time, 2210.01 real, 571 MB
[runlim] sample:		2219.93 time, 2220.01 real, 572 MB
[runlim] sample:		2229.93 time, 2230.01 real, 572 MB
[runlim] sample:		2239.93 time, 2240.01 real, 572 MB
[runlim] sample:		2249.94 time, 2250.01 real, 572 MB
[runlim] sample:		2259.94 time, 2260.01 real, 573 MB
[runlim] sample:		2269.93 time, 2270.01 real, 577 MB
[runlim] sample:		2279.93 time, 2280.01 real, 534 MB
[runlim] sample:		2289.93 time, 2290.01 real, 576 MB
[runlim] sample:		2299.93 time, 2300.01 real, 576 MB
[runlim] sample:		2309.93 time, 2310.01 real, 576 MB
[runlim] sample:		2319.93 time, 2320.01 real, 576 MB
[runlim] sample:		2329.93 time, 2330.01 real, 576 MB
[runlim] sample:		2339.93 time, 2340.01 real, 576 MB
[runlim] sample:		2349.93 time, 2350.01 real, 576 MB
[runlim] sample:		2359.93 time, 2360.01 real, 576 MB
[runlim] sample:		2369.93 time, 2370.01 real, 577 MB
[runlim] sample:		2379.93 time, 2380.01 real, 579 MB
[runlim] sample:		2389.93 time, 2390.01 real, 579 MB
[runlim] sample:		2399.93 time, 2400.01 real, 579 MB
[runlim] sample:		2409.93 time, 2410.01 real, 579 MB
[runlim] sample:		2419.93 time, 2420.01 real, 579 MB
[runlim] sample:		2429.93 time, 2430.01 real, 579 MB
[runlim] sample:		2439.93 time, 2440.01 real, 579 MB
[runlim] sample:		2449.92 time, 2450.01 real, 579 MB
[runlim] sample:		2459.93 time, 2460.01 real, 580 MB
[runlim] sample:		2469.93 time, 2470.01 real, 580 MB
[runlim] sample:		2479.93 time, 2480.01 real, 580 MB
[runlim] sample:		2489.93 time, 2490.01 real, 611 MB
[runlim] sample:		2499.92 time, 2500.01 real, 611 MB
[runlim] sample:		2509.93 time, 2510.01 real, 591 MB
[runlim] sample:		2519.92 time, 2520.01 real, 611 MB
[runlim] sample:		2529.92 time, 2530.01 real, 611 MB
[runlim] sample:		2539.92 time, 2540.01 real, 610 MB
[runlim] sample:		2549.93 time, 2550.01 real, 610 MB
[runlim] sample:		2559.93 time, 2560.01 real, 610 MB
[runlim] sample:		2569.93 time, 2570.01 real, 610 MB
[runlim] sample:		2579.92 time, 2580.01 real, 610 MB
[runlim] sample:		2589.92 time, 2590.01 real, 610 MB
[runlim] sample:		2599.92 time, 2600.01 real, 610 MB
[runlim] sample:		2609.92 time, 2610.01 real, 610 MB
[runlim] sample:		2619.92 time, 2620.01 real, 610 MB
[runlim] sample:		2629.93 time, 2630.01 real, 614 MB
[runlim] sample:		2639.92 time, 2640.01 real, 614 MB
[runlim] sample:		2649.92 time, 2650.01 real, 614 MB
[runlim] sample:		2659.92 time, 2660.01 real, 626 MB
[runlim] sample:		2669.92 time, 2670.01 real, 627 MB
[runlim] sample:		2679.92 time, 2680.01 real, 627 MB
[runlim] sample:		2689.92 time, 2690.01 real, 627 MB
[runlim] sample:		2699.92 time, 2700.01 real, 627 MB
[runlim] sample:		2709.92 time, 2710.01 real, 627 MB
[runlim] sample:		2719.92 time, 2720.01 real, 627 MB
[runlim] sample:		2729.91 time, 2730.01 real, 628 MB
[runlim] sample:		2739.92 time, 2740.01 real, 631 MB
[runlim] sample:		2749.91 time, 2750.01 real, 631 MB
[runlim] sample:		2759.92 time, 2760.01 real, 631 MB
[runlim] sample:		2769.92 time, 2770.01 real, 631 MB
[runlim] sample:		2779.92 time, 2780.01 real, 631 MB
[runlim] sample:		2789.91 time, 2790.01 real, 631 MB
[runlim] sample:		2799.91 time, 2800.01 real, 631 MB
[runlim] sample:		2809.91 time, 2810.01 real, 631 MB
[runlim] sample:		2819.92 time, 2820.01 real, 631 MB
[runlim] sample:		2829.92 time, 2830.01 real, 631 MB
[runlim] sample:		2839.92 time, 2840.01 real, 631 MB
[runlim] sample:		2849.91 time, 2850.01 real, 631 MB
[runlim] sample:		2859.91 time, 2860.01 real, 631 MB
[runlim] sample:		2869.92 time, 2870.01 real, 632 MB
[runlim] sample:		2879.92 time, 2880.01 real, 586 MB
[runlim] sample:		2889.91 time, 2890.01 real, 636 MB
[runlim] sample:		2899.91 time, 2900.01 real, 636 MB
[runlim] sample:		2909.91 time, 2910.01 real, 636 MB
[runlim] sample:		2919.91 time, 2920.01 real, 636 MB
[runlim] sample:		2929.91 time, 2930.01 real, 636 MB
[runlim] sample:		2939.92 time, 2940.01 real, 636 MB
[runlim] sample:		2949.92 time, 2950.01 real, 636 MB
[runlim] sample:		2959.92 time, 2960.01 real, 636 MB
[runlim] sample:		2969.91 time, 2970.01 real, 636 MB
[runlim] sample:		2979.91 time, 2980.01 real, 636 MB
[runlim] sample:		2989.91 time, 2990.01 real, 636 MB
[runlim] sample:		2999.91 time, 3000.01 real, 641 MB
[runlim] sample:		3009.91 time, 3010.01 real, 640 MB
[runlim] sample:		3019.91 time, 3020.01 real, 640 MB
[runlim] sample:		3029.91 time, 3030.01 real, 640 MB
[runlim] sample:		3039.91 time, 3040.01 real, 640 MB
[runlim] sample:		3049.90 time, 3050.01 real, 640 MB
[runlim] sample:		3059.91 time, 3060.01 real, 640 MB
[runlim] sample:		3069.91 time, 3070.01 real, 640 MB
[runlim] sample:		3079.91 time, 3080.01 real, 640 MB
[runlim] sample:		3089.91 time, 3090.01 real, 640 MB
[runlim] sample:		3099.91 time, 3100.01 real, 641 MB
[runlim] sample:		3109.90 time, 3110.01 real, 641 MB
[runlim] sample:		3119.91 time, 3120.01 real, 644 MB
[runlim] sample:		3129.90 time, 3130.01 real, 591 MB
[runlim] sample:		3139.91 time, 3140.01 real, 644 MB
[runlim] sample:		3149.91 time, 3150.01 real, 643 MB
[runlim] sample:		3159.91 time, 3160.01 real, 643 MB
[runlim] sample:		3169.91 time, 3170.01 real, 643 MB
[runlim] sample:		3179.90 time, 3180.01 real, 644 MB
[runlim] sample:		3189.90 time, 3190.01 real, 644 MB
[runlim] sample:		3199.91 time, 3200.01 real, 644 MB
[runlim] sample:		3209.91 time, 3210.01 real, 644 MB
[runlim] sample:		3219.90 time, 3220.01 real, 644 MB
[runlim] sample:		3229.90 time, 3230.01 real, 644 MB
[runlim] sample:		3239.90 time, 3240.01 real, 700 MB
[runlim] sample:		3249.90 time, 3250.01 real, 701 MB
[runlim] sample:		3259.91 time, 3260.01 real, 687 MB
[runlim] sample:		3269.91 time, 3270.01 real, 687 MB
[runlim] sample:		3279.90 time, 3280.01 real, 704 MB
[runlim] sample:		3289.90 time, 3290.01 real, 704 MB
[runlim] sample:		3299.90 time, 3300.01 real, 687 MB
[runlim] sample:		3309.90 time, 3310.01 real, 704 MB
[runlim] sample:		3319.90 time, 3320.01 real, 687 MB
[runlim] sample:		3329.90 time, 3330.01 real, 705 MB
[runlim] sample:		3339.90 time, 3340.01 real, 705 MB
[runlim] sample:		3349.90 time, 3350.01 real, 705 MB
[runlim] sample:		3359.90 time, 3360.01 real, 705 MB
[runlim] sample:		3369.90 time, 3370.01 real, 706 MB
[runlim] sample:		3379.90 time, 3380.01 real, 706 MB
[runlim] sample:		3389.90 time, 3390.01 real, 709 MB
[runlim] sample:		3399.90 time, 3400.01 real, 691 MB
[runlim] sample:		3409.90 time, 3410.01 real, 708 MB
[runlim] sample:		3419.90 time, 3420.01 real, 708 MB
[runlim] sample:		3429.90 time, 3430.01 real, 690 MB
[runlim] sample:		3439.89 time, 3440.01 real, 708 MB
[runlim] sample:		3449.89 time, 3450.01 real, 708 MB
[runlim] sample:		3459.89 time, 3460.01 real, 709 MB
[runlim] sample:		3469.90 time, 3470.01 real, 709 MB
[runlim] sample:		3479.90 time, 3480.01 real, 709 MB
[runlim] sample:		3489.90 time, 3490.01 real, 709 MB
[runlim] sample:		3499.90 time, 3500.01 real, 709 MB
[runlim] sample:		3509.89 time, 3510.01 real, 710 MB
[runlim] sample:		3519.89 time, 3520.01 real, 710 MB
[runlim] sample:		3529.90 time, 3530.01 real, 695 MB
[runlim] sample:		3539.89 time, 3540.01 real, 696 MB
[runlim] sample:		3549.90 time, 3550.01 real, 696 MB
[runlim] sample:		3559.89 time, 3560.01 real, 712 MB
[runlim] sample:		3569.90 time, 3570.01 real, 712 MB
[runlim] sample:		3579.90 time, 3580.01 real, 713 MB
[runlim] sample:		3589.89 time, 3590.01 real, 713 MB
[runlim] sample:		3599.89 time, 3600.01 real, 713 MB
[runlim] end:			Fri Oct 18 06:34:27 2019
[runlim] status:		out of time
[runlim] result:		2
[runlim] children:		2
[runlim] real:			3600.10 seconds
[runlim] time:			3599.89 seconds
[runlim] space:			777 MB
[runlim] samples:		36000
