[runlim] version:		1.17
[runlim] host:			c3n03
[runlim] time limit:		311040000 seconds
[runlim] real time limit:	3600 seconds
[runlim] space limit:		120000 MB
[runlim] argv[0]:		./run-btormc-master.sh
[runlim] argv[1]:		/tmp/gFdX5zdM.btor
[runlim] start:			Fri Oct 18 08:04:44 2019
[runlim] child:			20398
[runlim] sample:		10.00 time, 10.01 real, 274 MB
[runlim] sample:		19.99 time, 20.01 real, 415 MB
[runlim] sample:		30.00 time, 30.01 real, 631 MB
[runlim] sample:		40.00 time, 40.01 real, 912 MB
[runlim] sample:		49.99 time, 50.01 real, 964 MB
[runlim] sample:		60.00 time, 60.01 real, 868 MB
[runlim] sample:		69.99 time, 70.01 real, 934 MB
[runlim] sample:		80.00 time, 80.01 real, 884 MB
[runlim] sample:		89.99 time, 90.01 real, 1296 MB
[runlim] sample:		99.99 time, 100.01 real, 1458 MB
[runlim] sample:		109.99 time, 110.01 real, 1506 MB
[runlim] sample:		119.99 time, 120.01 real, 1713 MB
[runlim] sample:		130.00 time, 130.01 real, 1792 MB
[runlim] sample:		139.99 time, 140.01 real, 2019 MB
[runlim] sample:		149.99 time, 150.01 real, 1886 MB
[runlim] sample:		159.99 time, 160.01 real, 1856 MB
[runlim] sample:		170.00 time, 170.01 real, 1945 MB
[runlim] sample:		179.99 time, 180.01 real, 2028 MB
[runlim] sample:		189.99 time, 190.01 real, 2441 MB
[runlim] sample:		199.99 time, 200.01 real, 2321 MB
[runlim] sample:		210.00 time, 210.01 real, 2726 MB
[runlim] sample:		219.99 time, 220.01 real, 2509 MB
[runlim] sample:		229.99 time, 230.01 real, 2821 MB
[runlim] sample:		239.99 time, 240.01 real, 2703 MB
[runlim] sample:		249.99 time, 250.01 real, 2944 MB
[runlim] sample:		259.99 time, 260.01 real, 2428 MB
[runlim] sample:		269.99 time, 270.01 real, 2942 MB
[runlim] sample:		279.99 time, 280.01 real, 3301 MB
[runlim] sample:		289.99 time, 290.01 real, 3210 MB
[runlim] sample:		299.98 time, 300.01 real, 3310 MB
[runlim] sample:		309.99 time, 310.01 real, 3277 MB
[runlim] sample:		319.99 time, 320.01 real, 3359 MB
[runlim] sample:		329.98 time, 330.01 real, 3811 MB
[runlim] sample:		339.99 time, 340.01 real, 3821 MB
[runlim] sample:		349.99 time, 350.01 real, 4005 MB
[runlim] sample:		359.99 time, 360.01 real, 3859 MB
[runlim] sample:		369.99 time, 370.01 real, 4466 MB
[runlim] sample:		379.98 time, 380.01 real, 3961 MB
[runlim] sample:		389.98 time, 390.01 real, 4499 MB
[runlim] sample:		399.98 time, 400.01 real, 4528 MB
[runlim] sample:		409.99 time, 410.01 real, 4639 MB
[runlim] sample:		419.98 time, 420.01 real, 4304 MB
[runlim] sample:		429.98 time, 430.01 real, 4627 MB
[runlim] sample:		439.98 time, 440.01 real, 3840 MB
[runlim] sample:		449.99 time, 450.01 real, 3840 MB
[runlim] sample:		459.98 time, 460.01 real, 4811 MB
[runlim] sample:		469.98 time, 470.01 real, 5251 MB
[runlim] sample:		479.98 time, 480.01 real, 4725 MB
[runlim] sample:		489.98 time, 490.01 real, 5214 MB
[runlim] sample:		499.97 time, 500.01 real, 5312 MB
[runlim] sample:		509.98 time, 510.01 real, 4929 MB
[runlim] sample:		519.98 time, 520.01 real, 5031 MB
[runlim] sample:		529.97 time, 530.01 real, 4929 MB
[runlim] sample:		539.98 time, 540.01 real, 4783 MB
[runlim] sample:		549.98 time, 550.01 real, 5323 MB
[runlim] sample:		559.97 time, 560.01 real, 5051 MB
[runlim] sample:		569.98 time, 570.01 real, 4270 MB
[runlim] sample:		579.98 time, 580.01 real, 4343 MB
[runlim] sample:		589.98 time, 590.01 real, 5657 MB
[runlim] sample:		599.98 time, 600.01 real, 5812 MB
[runlim] sample:		609.97 time, 610.01 real, 5189 MB
[runlim] sample:		619.97 time, 620.01 real, 5237 MB
[runlim] sample:		629.97 time, 630.01 real, 5355 MB
[runlim] sample:		639.97 time, 640.01 real, 5387 MB
[runlim] sample:		649.98 time, 650.01 real, 5120 MB
[runlim] sample:		659.97 time, 660.01 real, 5705 MB
[runlim] sample:		669.97 time, 670.01 real, 5606 MB
[runlim] sample:		679.98 time, 680.01 real, 5675 MB
[runlim] sample:		689.98 time, 690.01 real, 4565 MB
[runlim] sample:		699.97 time, 700.01 real, 5964 MB
[runlim] sample:		709.97 time, 710.01 real, 5806 MB
[runlim] sample:		719.97 time, 720.01 real, 5504 MB
[runlim] sample:		729.97 time, 730.01 real, 6131 MB
[runlim] sample:		739.97 time, 740.01 real, 6375 MB
[runlim] sample:		749.97 time, 750.01 real, 6439 MB
[runlim] sample:		759.97 time, 760.01 real, 6498 MB
[runlim] sample:		769.97 time, 770.01 real, 5823 MB
[runlim] sample:		779.97 time, 780.01 real, 6643 MB
[runlim] sample:		789.97 time, 790.01 real, 5998 MB
[runlim] sample:		799.97 time, 800.01 real, 6473 MB
[runlim] sample:		809.96 time, 810.01 real, 6726 MB
[runlim] sample:		819.97 time, 820.01 real, 6809 MB
[runlim] sample:		829.97 time, 830.01 real, 6746 MB
[runlim] sample:		839.96 time, 840.01 real, 6364 MB
[runlim] sample:		849.96 time, 850.01 real, 6171 MB
[runlim] sample:		859.97 time, 860.01 real, 7132 MB
[runlim] sample:		869.96 time, 870.01 real, 6619 MB
[runlim] sample:		879.97 time, 880.01 real, 7074 MB
[runlim] sample:		889.96 time, 890.01 real, 6354 MB
[runlim] sample:		899.96 time, 900.01 real, 6667 MB
[runlim] sample:		909.96 time, 910.01 real, 6589 MB
[runlim] sample:		919.96 time, 920.01 real, 6494 MB
[runlim] sample:		929.96 time, 930.01 real, 6536 MB
[runlim] sample:		939.96 time, 940.01 real, 6577 MB
[runlim] sample:		949.96 time, 950.01 real, 7615 MB
[runlim] sample:		959.96 time, 960.01 real, 7465 MB
[runlim] sample:		969.96 time, 970.01 real, 6865 MB
[runlim] sample:		979.96 time, 980.01 real, 7766 MB
[runlim] sample:		989.96 time, 990.01 real, 6791 MB
[runlim] sample:		999.96 time, 1000.01 real, 7649 MB
[runlim] sample:		1009.96 time, 1010.01 real, 6289 MB
[runlim] sample:		1019.96 time, 1020.01 real, 7813 MB
[runlim] sample:		1029.96 time, 1030.01 real, 7649 MB
[runlim] sample:		1039.95 time, 1040.01 real, 7064 MB
[runlim] sample:		1049.96 time, 1050.01 real, 7090 MB
[runlim] sample:		1059.95 time, 1060.01 real, 7931 MB
[runlim] sample:		1069.96 time, 1070.01 real, 7530 MB
[runlim] sample:		1079.96 time, 1080.01 real, 7513 MB
[runlim] sample:		1089.95 time, 1090.01 real, 7621 MB
[runlim] sample:		1099.95 time, 1100.01 real, 6304 MB
[runlim] sample:		1109.95 time, 1110.01 real, 7486 MB
[runlim] sample:		1119.95 time, 1120.01 real, 7486 MB
[runlim] sample:		1129.96 time, 1130.01 real, 7544 MB
[runlim] sample:		1139.96 time, 1140.01 real, 7601 MB
[runlim] sample:		1149.95 time, 1150.01 real, 8309 MB
[runlim] sample:		1159.96 time, 1160.01 real, 8694 MB
[runlim] sample:		1169.95 time, 1170.01 real, 7660 MB
[runlim] sample:		1179.95 time, 1180.01 real, 7901 MB
[runlim] sample:		1189.95 time, 1190.01 real, 8108 MB
[runlim] sample:		1199.95 time, 1200.01 real, 8868 MB
[runlim] sample:		1209.95 time, 1210.01 real, 8982 MB
[runlim] sample:		1219.95 time, 1220.01 real, 8940 MB
[runlim] sample:		1229.95 time, 1230.01 real, 8188 MB
[runlim] end:			Fri Oct 18 08:25:23 2019
[runlim] status:		ok
[runlim] result:		0
[runlim] children:		2
[runlim] real:			1238.29 seconds
[runlim] time:			1238.15 seconds
[runlim] space:			9314 MB
[runlim] samples:		12382
