[runlim] version:		1.17
[runlim] host:			c3n20
[runlim] time limit:		311040000 seconds
[runlim] real time limit:	3600 seconds
[runlim] space limit:		120000 MB
[runlim] argv[0]:		./run-btormc-master.sh
[runlim] argv[1]:		/tmp/Un9im3Jj.btor
[runlim] start:			Fri Oct 18 06:55:18 2019
[runlim] child:			31432
[runlim] sample:		10.00 time, 10.02 real, 145 MB
[runlim] sample:		19.99 time, 20.02 real, 208 MB
[runlim] sample:		30.00 time, 30.02 real, 221 MB
[runlim] sample:		39.99 time, 40.02 real, 237 MB
[runlim] sample:		49.99 time, 50.02 real, 237 MB
[runlim] sample:		60.00 time, 60.02 real, 242 MB
[runlim] sample:		69.99 time, 70.02 real, 213 MB
[runlim] sample:		79.99 time, 80.02 real, 244 MB
[runlim] sample:		89.99 time, 90.01 real, 248 MB
[runlim] sample:		99.99 time, 100.02 real, 248 MB
[runlim] sample:		109.99 time, 110.01 real, 259 MB
[runlim] sample:		119.99 time, 120.01 real, 274 MB
[runlim] sample:		129.99 time, 130.02 real, 274 MB
[runlim] sample:		139.99 time, 140.02 real, 274 MB
[runlim] sample:		149.98 time, 150.02 real, 279 MB
[runlim] sample:		159.99 time, 160.02 real, 292 MB
[runlim] sample:		169.99 time, 170.02 real, 292 MB
[runlim] sample:		179.99 time, 180.02 real, 292 MB
[runlim] sample:		189.99 time, 190.01 real, 292 MB
[runlim] sample:		199.99 time, 200.02 real, 292 MB
[runlim] sample:		209.98 time, 210.02 real, 276 MB
[runlim] sample:		219.98 time, 220.02 real, 318 MB
[runlim] sample:		229.98 time, 230.02 real, 318 MB
[runlim] sample:		239.98 time, 240.02 real, 318 MB
[runlim] sample:		249.98 time, 250.02 real, 318 MB
[runlim] sample:		259.98 time, 260.02 real, 318 MB
[runlim] sample:		269.98 time, 270.02 real, 318 MB
[runlim] sample:		279.98 time, 280.02 real, 318 MB
[runlim] sample:		289.97 time, 290.02 real, 328 MB
[runlim] sample:		299.97 time, 300.02 real, 329 MB
[runlim] sample:		309.97 time, 310.02 real, 329 MB
[runlim] sample:		319.97 time, 320.02 real, 329 MB
[runlim] sample:		329.97 time, 330.02 real, 329 MB
[runlim] sample:		339.97 time, 340.02 real, 329 MB
[runlim] sample:		349.97 time, 350.02 real, 329 MB
[runlim] sample:		359.98 time, 360.02 real, 389 MB
[runlim] sample:		369.97 time, 370.01 real, 392 MB
[runlim] sample:		379.97 time, 380.01 real, 393 MB
[runlim] sample:		389.97 time, 390.01 real, 440 MB
[runlim] sample:		399.97 time, 400.01 real, 408 MB
[runlim] sample:		409.97 time, 410.01 real, 390 MB
[runlim] sample:		419.97 time, 420.02 real, 279 MB
[runlim] sample:		429.97 time, 430.02 real, 312 MB
[runlim] sample:		439.97 time, 440.02 real, 336 MB
[runlim] sample:		449.97 time, 450.01 real, 336 MB
[runlim] sample:		459.97 time, 460.02 real, 336 MB
[runlim] sample:		469.97 time, 470.02 real, 336 MB
[runlim] sample:		479.96 time, 480.02 real, 336 MB
[runlim] sample:		489.96 time, 490.01 real, 336 MB
[runlim] sample:		499.96 time, 500.01 real, 336 MB
[runlim] sample:		509.96 time, 510.01 real, 407 MB
[runlim] sample:		519.96 time, 520.01 real, 429 MB
[runlim] sample:		529.96 time, 530.01 real, 429 MB
[runlim] sample:		539.96 time, 540.01 real, 395 MB
[runlim] sample:		549.96 time, 550.01 real, 401 MB
[runlim] sample:		559.95 time, 560.01 real, 389 MB
[runlim] sample:		569.96 time, 570.02 real, 415 MB
[runlim] sample:		579.95 time, 580.01 real, 412 MB
[runlim] sample:		589.96 time, 590.02 real, 336 MB
[runlim] sample:		599.95 time, 600.02 real, 337 MB
[runlim] sample:		609.95 time, 610.02 real, 337 MB
[runlim] sample:		619.95 time, 620.02 real, 337 MB
[runlim] sample:		629.95 time, 630.02 real, 337 MB
[runlim] sample:		639.95 time, 640.02 real, 337 MB
[runlim] sample:		649.95 time, 650.02 real, 337 MB
[runlim] sample:		659.95 time, 660.02 real, 337 MB
[runlim] sample:		669.95 time, 670.02 real, 337 MB
[runlim] sample:		679.95 time, 680.01 real, 434 MB
[runlim] sample:		689.94 time, 690.01 real, 448 MB
[runlim] sample:		699.95 time, 700.01 real, 484 MB
[runlim] sample:		709.95 time, 710.02 real, 412 MB
[runlim] sample:		719.95 time, 720.02 real, 387 MB
[runlim] sample:		729.94 time, 730.01 real, 412 MB
[runlim] sample:		739.94 time, 740.01 real, 397 MB
[runlim] sample:		749.95 time, 750.01 real, 389 MB
[runlim] sample:		759.94 time, 760.02 real, 389 MB
[runlim] sample:		769.94 time, 770.01 real, 389 MB
[runlim] sample:		779.94 time, 780.02 real, 348 MB
[runlim] sample:		789.94 time, 790.02 real, 386 MB
[runlim] sample:		799.94 time, 800.02 real, 386 MB
[runlim] sample:		809.93 time, 810.02 real, 386 MB
[runlim] sample:		819.93 time, 820.02 real, 386 MB
[runlim] sample:		829.93 time, 830.02 real, 386 MB
[runlim] sample:		839.93 time, 840.02 real, 386 MB
[runlim] sample:		849.93 time, 850.02 real, 386 MB
[runlim] sample:		859.93 time, 860.02 real, 386 MB
[runlim] sample:		869.93 time, 870.02 real, 386 MB
[runlim] sample:		879.93 time, 880.02 real, 438 MB
[runlim] sample:		889.93 time, 890.02 real, 458 MB
[runlim] sample:		899.93 time, 900.01 real, 469 MB
[runlim] sample:		909.93 time, 910.01 real, 469 MB
[runlim] sample:		919.93 time, 920.02 real, 443 MB
[runlim] sample:		929.93 time, 930.01 real, 461 MB
[runlim] sample:		939.92 time, 940.01 real, 459 MB
[runlim] sample:		949.92 time, 950.01 real, 438 MB
[runlim] sample:		959.92 time, 960.01 real, 438 MB
[runlim] sample:		969.92 time, 970.02 real, 438 MB
[runlim] sample:		979.92 time, 980.02 real, 364 MB
[runlim] sample:		989.92 time, 990.02 real, 364 MB
[runlim] sample:		999.92 time, 1000.02 real, 379 MB
[runlim] sample:		1009.92 time, 1010.02 real, 341 MB
[runlim] sample:		1019.92 time, 1020.02 real, 384 MB
[runlim] sample:		1029.92 time, 1030.02 real, 384 MB
[runlim] sample:		1039.92 time, 1040.02 real, 384 MB
[runlim] sample:		1049.92 time, 1050.02 real, 398 MB
[runlim] sample:		1059.92 time, 1060.02 real, 398 MB
[runlim] sample:		1069.92 time, 1070.02 real, 398 MB
[runlim] sample:		1079.92 time, 1080.02 real, 398 MB
[runlim] sample:		1089.92 time, 1090.02 real, 398 MB
[runlim] sample:		1099.92 time, 1100.02 real, 398 MB
[runlim] sample:		1109.92 time, 1110.02 real, 398 MB
[runlim] sample:		1119.91 time, 1120.02 real, 445 MB
[runlim] sample:		1129.91 time, 1130.02 real, 445 MB
[runlim] sample:		1139.91 time, 1140.02 real, 445 MB
[runlim] sample:		1149.91 time, 1150.02 real, 445 MB
[runlim] sample:		1159.91 time, 1160.02 real, 445 MB
[runlim] sample:		1169.91 time, 1170.02 real, 445 MB
[runlim] sample:		1179.91 time, 1180.02 real, 445 MB
[runlim] sample:		1189.91 time, 1190.02 real, 445 MB
[runlim] sample:		1199.90 time, 1200.01 real, 490 MB
[runlim] sample:		1209.90 time, 1210.01 real, 511 MB
[runlim] sample:		1219.91 time, 1220.01 real, 511 MB
[runlim] sample:		1229.90 time, 1230.01 real, 482 MB
[runlim] sample:		1239.91 time, 1240.01 real, 501 MB
[runlim] sample:		1249.90 time, 1250.02 real, 477 MB
[runlim] sample:		1259.90 time, 1260.02 real, 501 MB
[runlim] sample:		1269.90 time, 1270.01 real, 479 MB
[runlim] sample:		1279.90 time, 1280.01 real, 479 MB
[runlim] sample:		1289.90 time, 1290.01 real, 479 MB
[runlim] sample:		1299.89 time, 1300.01 real, 479 MB
[runlim] sample:		1309.90 time, 1310.02 real, 475 MB
[runlim] sample:		1319.90 time, 1320.02 real, 398 MB
[runlim] sample:		1329.90 time, 1330.02 real, 405 MB
[runlim] sample:		1339.90 time, 1340.02 real, 405 MB
[runlim] sample:		1349.89 time, 1350.02 real, 374 MB
[runlim] sample:		1359.89 time, 1360.02 real, 420 MB
[runlim] sample:		1369.89 time, 1370.02 real, 420 MB
[runlim] sample:		1379.89 time, 1380.01 real, 420 MB
[runlim] sample:		1389.89 time, 1390.02 real, 420 MB
[runlim] sample:		1399.89 time, 1400.02 real, 420 MB
[runlim] sample:		1409.89 time, 1410.01 real, 420 MB
[runlim] sample:		1419.89 time, 1420.02 real, 420 MB
[runlim] sample:		1429.89 time, 1430.02 real, 420 MB
[runlim] sample:		1439.89 time, 1440.02 real, 420 MB
[runlim] sample:		1449.89 time, 1450.02 real, 420 MB
[runlim] sample:		1459.88 time, 1460.02 real, 420 MB
[runlim] sample:		1469.88 time, 1470.02 real, 468 MB
[runlim] sample:		1479.88 time, 1480.02 real, 468 MB
[runlim] sample:		1489.88 time, 1490.02 real, 468 MB
[runlim] sample:		1499.88 time, 1500.02 real, 468 MB
[runlim] sample:		1509.88 time, 1510.01 real, 468 MB
[runlim] sample:		1519.88 time, 1520.02 real, 468 MB
[runlim] sample:		1529.88 time, 1530.02 real, 468 MB
[runlim] sample:		1539.88 time, 1540.02 real, 468 MB
[runlim] sample:		1549.88 time, 1550.01 real, 518 MB
[runlim] sample:		1559.88 time, 1560.01 real, 540 MB
[runlim] sample:		1569.88 time, 1570.01 real, 540 MB
[runlim] sample:		1579.88 time, 1580.02 real, 487 MB
[runlim] sample:		1589.87 time, 1590.02 real, 510 MB
[runlim] sample:		1599.88 time, 1600.01 real, 531 MB
[runlim] sample:		1609.88 time, 1610.01 real, 504 MB
[runlim] sample:		1619.88 time, 1620.01 real, 528 MB
[runlim] sample:		1629.88 time, 1630.01 real, 505 MB
[runlim] sample:		1639.87 time, 1640.02 real, 505 MB
[runlim] sample:		1649.87 time, 1650.01 real, 505 MB
[runlim] sample:		1659.87 time, 1660.02 real, 505 MB
[runlim] sample:		1669.87 time, 1670.02 real, 415 MB
[runlim] sample:		1679.87 time, 1680.02 real, 423 MB
[runlim] sample:		1689.87 time, 1690.02 real, 423 MB
[runlim] sample:		1699.87 time, 1700.02 real, 423 MB
[runlim] sample:		1709.87 time, 1710.02 real, 423 MB
[runlim] sample:		1719.87 time, 1720.02 real, 423 MB
[runlim] sample:		1729.87 time, 1730.02 real, 423 MB
[runlim] sample:		1739.87 time, 1740.02 real, 423 MB
[runlim] sample:		1749.87 time, 1750.02 real, 388 MB
[runlim] sample:		1759.86 time, 1760.02 real, 436 MB
[runlim] sample:		1769.86 time, 1770.02 real, 436 MB
[runlim] sample:		1779.86 time, 1780.02 real, 436 MB
[runlim] sample:		1789.86 time, 1790.02 real, 436 MB
[runlim] sample:		1799.86 time, 1800.02 real, 436 MB
[runlim] sample:		1809.86 time, 1810.02 real, 388 MB
[runlim] sample:		1819.86 time, 1820.02 real, 485 MB
[runlim] sample:		1829.86 time, 1830.02 real, 485 MB
[runlim] sample:		1839.86 time, 1840.02 real, 485 MB
[runlim] sample:		1849.85 time, 1850.02 real, 485 MB
[runlim] sample:		1859.85 time, 1860.01 real, 485 MB
[runlim] sample:		1869.85 time, 1870.02 real, 485 MB
[runlim] sample:		1879.85 time, 1880.02 real, 485 MB
[runlim] sample:		1889.85 time, 1890.02 real, 485 MB
[runlim] sample:		1899.85 time, 1900.02 real, 485 MB
[runlim] sample:		1909.85 time, 1910.02 real, 485 MB
[runlim] sample:		1919.85 time, 1920.02 real, 485 MB
[runlim] sample:		1929.85 time, 1930.02 real, 485 MB
[runlim] sample:		1939.85 time, 1940.02 real, 485 MB
[runlim] sample:		1949.85 time, 1950.02 real, 485 MB
[runlim] sample:		1959.85 time, 1960.02 real, 485 MB
[runlim] sample:		1969.85 time, 1970.02 real, 474 MB
[runlim] sample:		1979.85 time, 1980.02 real, 522 MB
[runlim] sample:		1989.85 time, 1990.01 real, 551 MB
[runlim] sample:		1999.85 time, 2000.01 real, 551 MB
[runlim] sample:		2009.84 time, 2010.01 real, 551 MB
[runlim] sample:		2019.84 time, 2020.02 real, 517 MB
[runlim] sample:		2029.84 time, 2030.01 real, 539 MB
[runlim] sample:		2039.85 time, 2040.01 real, 512 MB
[runlim] sample:		2049.84 time, 2050.01 real, 538 MB
[runlim] sample:		2059.84 time, 2060.01 real, 514 MB
[runlim] sample:		2069.84 time, 2070.01 real, 514 MB
[runlim] sample:		2079.84 time, 2080.01 real, 514 MB
[runlim] sample:		2089.84 time, 2090.01 real, 514 MB
[runlim] sample:		2099.83 time, 2100.01 real, 514 MB
[runlim] sample:		2109.84 time, 2110.02 real, 425 MB
[runlim] sample:		2119.84 time, 2120.01 real, 425 MB
[runlim] sample:		2129.84 time, 2130.02 real, 425 MB
[runlim] sample:		2139.84 time, 2140.02 real, 425 MB
[runlim] sample:		2149.84 time, 2150.02 real, 425 MB
[runlim] sample:		2159.84 time, 2160.02 real, 425 MB
[runlim] sample:		2169.84 time, 2170.02 real, 425 MB
[runlim] sample:		2179.84 time, 2180.02 real, 425 MB
[runlim] sample:		2189.84 time, 2190.02 real, 425 MB
[runlim] sample:		2199.83 time, 2200.02 real, 425 MB
[runlim] sample:		2209.83 time, 2210.02 real, 425 MB
[runlim] sample:		2219.83 time, 2220.02 real, 425 MB
[runlim] sample:		2229.83 time, 2230.02 real, 425 MB
[runlim] sample:		2239.83 time, 2240.02 real, 425 MB
[runlim] sample:		2249.82 time, 2250.02 real, 447 MB
[runlim] sample:		2259.83 time, 2260.02 real, 450 MB
[runlim] sample:		2269.83 time, 2270.02 real, 508 MB
[runlim] sample:		2279.83 time, 2280.02 real, 453 MB
[runlim] sample:		2289.83 time, 2290.02 real, 453 MB
[runlim] sample:		2299.82 time, 2300.02 real, 453 MB
[runlim] sample:		2309.82 time, 2310.02 real, 453 MB
[runlim] sample:		2319.82 time, 2320.02 real, 453 MB
[runlim] sample:		2329.82 time, 2330.02 real, 506 MB
[runlim] sample:		2339.82 time, 2340.02 real, 506 MB
[runlim] sample:		2349.82 time, 2350.02 real, 506 MB
[runlim] sample:		2359.82 time, 2360.02 real, 506 MB
[runlim] sample:		2369.82 time, 2370.02 real, 506 MB
[runlim] sample:		2379.81 time, 2380.02 real, 506 MB
[runlim] sample:		2389.81 time, 2390.02 real, 506 MB
[runlim] sample:		2399.81 time, 2400.02 real, 506 MB
[runlim] sample:		2409.81 time, 2410.02 real, 506 MB
[runlim] sample:		2419.81 time, 2420.02 real, 506 MB
[runlim] sample:		2429.81 time, 2430.02 real, 506 MB
[runlim] sample:		2439.81 time, 2440.02 real, 506 MB
[runlim] sample:		2449.81 time, 2450.02 real, 506 MB
[runlim] sample:		2459.81 time, 2460.02 real, 506 MB
[runlim] sample:		2469.81 time, 2470.02 real, 506 MB
[runlim] sample:		2479.81 time, 2480.02 real, 506 MB
[runlim] sample:		2489.81 time, 2490.02 real, 506 MB
[runlim] sample:		2499.81 time, 2500.02 real, 506 MB
[runlim] sample:		2509.80 time, 2510.02 real, 506 MB
[runlim] sample:		2519.80 time, 2520.02 real, 506 MB
[runlim] sample:		2529.80 time, 2530.02 real, 547 MB
[runlim] sample:		2539.81 time, 2540.01 real, 561 MB
[runlim] sample:		2549.81 time, 2550.01 real, 586 MB
[runlim] sample:		2559.80 time, 2560.01 real, 586 MB
[runlim] sample:		2569.80 time, 2570.01 real, 586 MB
[runlim] sample:		2579.81 time, 2580.01 real, 526 MB
[runlim] sample:		2589.80 time, 2590.01 real, 574 MB
[runlim] sample:		2599.80 time, 2600.01 real, 545 MB
[runlim] sample:		2609.80 time, 2610.02 real, 550 MB
[runlim] sample:		2619.80 time, 2620.01 real, 575 MB
[runlim] sample:		2629.80 time, 2630.01 real, 548 MB
[runlim] sample:		2639.79 time, 2640.01 real, 548 MB
[runlim] sample:		2649.80 time, 2650.01 real, 548 MB
[runlim] sample:		2659.79 time, 2660.01 real, 548 MB
[runlim] sample:		2669.80 time, 2670.02 real, 471 MB
[runlim] sample:		2679.80 time, 2680.02 real, 472 MB
[runlim] sample:		2689.80 time, 2690.02 real, 472 MB
[runlim] sample:		2699.80 time, 2700.02 real, 472 MB
[runlim] sample:		2709.80 time, 2710.02 real, 472 MB
[runlim] sample:		2719.79 time, 2720.02 real, 472 MB
[runlim] sample:		2729.79 time, 2730.02 real, 472 MB
[runlim] sample:		2739.79 time, 2740.02 real, 472 MB
[runlim] sample:		2749.79 time, 2750.02 real, 472 MB
[runlim] sample:		2759.79 time, 2760.02 real, 472 MB
[runlim] sample:		2769.79 time, 2770.02 real, 472 MB
[runlim] sample:		2779.79 time, 2780.02 real, 472 MB
[runlim] sample:		2789.79 time, 2790.02 real, 472 MB
[runlim] sample:		2799.78 time, 2800.02 real, 472 MB
[runlim] sample:		2809.78 time, 2810.02 real, 472 MB
[runlim] sample:		2819.78 time, 2820.01 real, 487 MB
[runlim] sample:		2829.78 time, 2830.02 real, 486 MB
[runlim] sample:		2839.78 time, 2840.02 real, 486 MB
[runlim] sample:		2849.78 time, 2850.02 real, 486 MB
[runlim] sample:		2859.78 time, 2860.02 real, 486 MB
[runlim] sample:		2869.78 time, 2870.02 real, 486 MB
[runlim] sample:		2879.78 time, 2880.02 real, 486 MB
[runlim] sample:		2889.78 time, 2890.02 real, 486 MB
[runlim] sample:		2899.78 time, 2900.02 real, 486 MB
[runlim] sample:		2909.77 time, 2910.02 real, 486 MB
[runlim] sample:		2919.77 time, 2920.02 real, 486 MB
[runlim] sample:		2929.77 time, 2930.02 real, 542 MB
[runlim] sample:		2939.78 time, 2940.02 real, 542 MB
[runlim] sample:		2949.78 time, 2950.02 real, 542 MB
[runlim] sample:		2959.77 time, 2960.02 real, 542 MB
[runlim] sample:		2969.77 time, 2970.02 real, 542 MB
[runlim] sample:		2979.77 time, 2980.02 real, 542 MB
[runlim] sample:		2989.77 time, 2990.02 real, 542 MB
[runlim] sample:		2999.77 time, 3000.02 real, 542 MB
[runlim] sample:		3009.77 time, 3010.02 real, 542 MB
[runlim] sample:		3019.77 time, 3020.02 real, 542 MB
[runlim] sample:		3029.77 time, 3030.02 real, 542 MB
[runlim] sample:		3039.77 time, 3040.02 real, 542 MB
[runlim] sample:		3049.77 time, 3050.02 real, 542 MB
[runlim] sample:		3059.76 time, 3060.02 real, 542 MB
[runlim] sample:		3069.76 time, 3070.02 real, 542 MB
[runlim] sample:		3079.76 time, 3080.02 real, 542 MB
[runlim] sample:		3089.76 time, 3090.02 real, 542 MB
[runlim] sample:		3099.76 time, 3100.02 real, 542 MB
[runlim] sample:		3109.76 time, 3110.02 real, 542 MB
[runlim] sample:		3119.76 time, 3120.02 real, 542 MB
[runlim] sample:		3129.76 time, 3130.02 real, 542 MB
[runlim] sample:		3139.76 time, 3140.02 real, 521 MB
[runlim] sample:		3149.76 time, 3150.01 real, 617 MB
[runlim] sample:		3159.76 time, 3160.01 real, 617 MB
[runlim] sample:		3169.76 time, 3170.01 real, 617 MB
[runlim] sample:		3179.76 time, 3180.01 real, 554 MB
[runlim] sample:		3189.76 time, 3190.02 real, 533 MB
[runlim] sample:		3199.76 time, 3200.01 real, 559 MB
[runlim] sample:		3209.75 time, 3210.02 real, 559 MB
[runlim] sample:		3219.75 time, 3220.02 real, 548 MB
[runlim] sample:		3229.75 time, 3230.02 real, 547 MB
[runlim] sample:		3239.76 time, 3240.01 real, 547 MB
[runlim] sample:		3249.75 time, 3250.01 real, 547 MB
[runlim] sample:		3259.75 time, 3260.01 real, 547 MB
[runlim] sample:		3269.75 time, 3270.01 real, 547 MB
[runlim] sample:		3279.75 time, 3280.02 real, 547 MB
[runlim] sample:		3289.75 time, 3290.01 real, 547 MB
[runlim] sample:		3299.74 time, 3300.02 real, 528 MB
[runlim] sample:		3309.75 time, 3310.01 real, 551 MB
[runlim] sample:		3319.74 time, 3320.01 real, 551 MB
[runlim] sample:		3329.75 time, 3330.01 real, 551 MB
[runlim] sample:		3339.75 time, 3340.01 real, 551 MB
[runlim] sample:		3349.75 time, 3350.01 real, 551 MB
[runlim] sample:		3359.74 time, 3360.01 real, 551 MB
[runlim] sample:		3369.74 time, 3370.02 real, 450 MB
[runlim] sample:		3379.74 time, 3380.02 real, 450 MB
[runlim] sample:		3389.74 time, 3390.01 real, 450 MB
[runlim] sample:		3399.74 time, 3400.01 real, 450 MB
[runlim] sample:		3409.74 time, 3410.02 real, 450 MB
[runlim] sample:		3419.74 time, 3420.02 real, 450 MB
[runlim] sample:		3429.74 time, 3430.02 real, 450 MB
[runlim] sample:		3439.74 time, 3440.02 real, 450 MB
[runlim] sample:		3449.74 time, 3450.02 real, 450 MB
[runlim] sample:		3459.74 time, 3460.01 real, 577 MB
[runlim] sample:		3469.73 time, 3470.01 real, 619 MB
[runlim] sample:		3479.73 time, 3480.01 real, 619 MB
[runlim] sample:		3489.74 time, 3490.01 real, 553 MB
[runlim] sample:		3499.74 time, 3500.02 real, 531 MB
[runlim] sample:		3509.73 time, 3510.01 real, 556 MB
[runlim] sample:		3519.73 time, 3520.01 real, 547 MB
[runlim] sample:		3529.73 time, 3530.01 real, 547 MB
[runlim] sample:		3539.72 time, 3540.01 real, 546 MB
[runlim] sample:		3549.72 time, 3550.01 real, 546 MB
[runlim] sample:		3559.72 time, 3560.01 real, 546 MB
[runlim] sample:		3569.73 time, 3570.01 real, 546 MB
[runlim] sample:		3579.73 time, 3580.02 real, 546 MB
[runlim] sample:		3589.73 time, 3590.01 real, 546 MB
[runlim] sample:		3599.72 time, 3600.01 real, 547 MB
[runlim] end:			Fri Oct 18 07:55:19 2019
[runlim] status:		out of time
[runlim] result:		2
[runlim] children:		2
[runlim] real:			3600.10 seconds
[runlim] time:			3599.72 seconds
[runlim] space:			702 MB
[runlim] samples:		36000
