[runlim] version:		1.17
[runlim] host:			c3n18
[runlim] time limit:		311040000 seconds
[runlim] real time limit:	3600 seconds
[runlim] space limit:		120000 MB
[runlim] argv[0]:		./run-btormc-master.sh
[runlim] argv[1]:		/tmp/uq36ezT1.btor
[runlim] start:			Fri Oct 18 06:48:52 2019
[runlim] child:			4610
[runlim] sample:		10.00 time, 10.02 real, 403 MB
[runlim] sample:		20.00 time, 20.02 real, 689 MB
[runlim] sample:		30.00 time, 30.02 real, 861 MB
[runlim] sample:		40.00 time, 40.02 real, 1148 MB
[runlim] sample:		50.00 time, 50.02 real, 1291 MB
[runlim] sample:		60.00 time, 60.02 real, 1264 MB
[runlim] sample:		70.00 time, 70.01 real, 1547 MB
[runlim] sample:		80.00 time, 80.01 real, 1646 MB
[runlim] end:			Fri Oct 18 06:50:20 2019
[runlim] status:		ok
[runlim] result:		0
[runlim] children:		2
[runlim] real:			87.18 seconds
[runlim] time:			87.10 seconds
[runlim] space:			1708 MB
[runlim] samples:		871
