[runlim] version:		1.17
[runlim] host:			c3n16
[runlim] time limit:		311040000 seconds
[runlim] real time limit:	3600 seconds
[runlim] space limit:		120000 MB
[runlim] argv[0]:		./run-btormc-master.sh
[runlim] argv[1]:		/tmp/axesUtmk.btor
[runlim] start:			Fri Oct 18 09:41:12 2019
[runlim] child:			3694
[runlim] sample:		10.00 time, 10.02 real, 50 MB
[runlim] sample:		20.00 time, 20.01 real, 57 MB
[runlim] sample:		30.00 time, 30.01 real, 68 MB
[runlim] sample:		39.99 time, 40.01 real, 73 MB
[runlim] sample:		49.99 time, 50.01 real, 85 MB
[runlim] sample:		60.00 time, 60.02 real, 91 MB
[runlim] sample:		69.99 time, 70.01 real, 92 MB
[runlim] sample:		79.99 time, 80.01 real, 92 MB
[runlim] sample:		90.00 time, 90.01 real, 92 MB
[runlim] sample:		99.99 time, 100.01 real, 92 MB
[runlim] sample:		109.99 time, 110.01 real, 79 MB
[runlim] sample:		119.99 time, 120.01 real, 96 MB
[runlim] sample:		129.99 time, 130.01 real, 88 MB
[runlim] sample:		139.99 time, 140.01 real, 92 MB
[runlim] sample:		149.99 time, 150.01 real, 92 MB
[runlim] sample:		159.98 time, 160.02 real, 102 MB
[runlim] sample:		169.99 time, 170.01 real, 108 MB
[runlim] sample:		179.99 time, 180.01 real, 109 MB
[runlim] sample:		189.99 time, 190.01 real, 110 MB
[runlim] sample:		199.99 time, 200.01 real, 110 MB
[runlim] sample:		209.98 time, 210.01 real, 110 MB
[runlim] sample:		219.98 time, 220.01 real, 121 MB
[runlim] sample:		229.98 time, 230.01 real, 121 MB
[runlim] sample:		239.98 time, 240.01 real, 134 MB
[runlim] sample:		249.98 time, 250.01 real, 138 MB
[runlim] sample:		259.98 time, 260.01 real, 137 MB
[runlim] sample:		269.98 time, 270.01 real, 110 MB
[runlim] sample:		279.98 time, 280.02 real, 110 MB
[runlim] sample:		289.98 time, 290.02 real, 108 MB
[runlim] sample:		299.98 time, 300.01 real, 119 MB
[runlim] sample:		309.98 time, 310.01 real, 131 MB
[runlim] sample:		319.98 time, 320.02 real, 131 MB
[runlim] sample:		329.97 time, 330.01 real, 143 MB
[runlim] sample:		339.97 time, 340.01 real, 130 MB
[runlim] sample:		349.98 time, 350.01 real, 130 MB
[runlim] sample:		359.98 time, 360.01 real, 130 MB
[runlim] sample:		369.97 time, 370.01 real, 133 MB
[runlim] sample:		379.97 time, 380.02 real, 135 MB
[runlim] sample:		389.97 time, 390.01 real, 135 MB
[runlim] sample:		399.97 time, 400.01 real, 148 MB
[runlim] sample:		409.97 time, 410.02 real, 148 MB
[runlim] sample:		419.97 time, 420.01 real, 152 MB
[runlim] sample:		429.97 time, 430.01 real, 145 MB
[runlim] sample:		439.96 time, 440.01 real, 150 MB
[runlim] sample:		449.97 time, 450.01 real, 150 MB
[runlim] sample:		459.96 time, 460.02 real, 151 MB
[runlim] sample:		469.97 time, 470.02 real, 152 MB
[runlim] sample:		479.96 time, 480.01 real, 152 MB
[runlim] sample:		489.96 time, 490.02 real, 152 MB
[runlim] sample:		499.96 time, 500.02 real, 152 MB
[runlim] sample:		509.96 time, 510.01 real, 165 MB
[runlim] sample:		519.96 time, 520.01 real, 152 MB
[runlim] sample:		529.96 time, 530.01 real, 153 MB
[runlim] sample:		539.96 time, 540.01 real, 153 MB
[runlim] sample:		549.96 time, 550.01 real, 153 MB
[runlim] sample:		559.96 time, 560.01 real, 153 MB
[runlim] sample:		569.96 time, 570.01 real, 154 MB
[runlim] sample:		579.95 time, 580.01 real, 154 MB
[runlim] sample:		589.95 time, 590.01 real, 154 MB
[runlim] sample:		599.95 time, 600.01 real, 154 MB
[runlim] sample:		609.95 time, 610.01 real, 156 MB
[runlim] sample:		619.95 time, 620.02 real, 156 MB
[runlim] sample:		629.95 time, 630.01 real, 156 MB
[runlim] sample:		639.95 time, 640.02 real, 156 MB
[runlim] sample:		649.95 time, 650.01 real, 169 MB
[runlim] sample:		659.95 time, 660.01 real, 155 MB
[runlim] sample:		669.95 time, 670.01 real, 153 MB
[runlim] sample:		679.95 time, 680.02 real, 156 MB
[runlim] sample:		689.95 time, 690.01 real, 156 MB
[runlim] sample:		699.95 time, 700.02 real, 156 MB
[runlim] sample:		709.95 time, 710.01 real, 156 MB
[runlim] sample:		719.95 time, 720.01 real, 168 MB
[runlim] sample:		729.94 time, 730.01 real, 169 MB
[runlim] sample:		739.95 time, 740.02 real, 160 MB
[runlim] sample:		749.94 time, 750.01 real, 158 MB
[runlim] sample:		759.94 time, 760.01 real, 158 MB
[runlim] sample:		769.94 time, 770.01 real, 164 MB
[runlim] sample:		779.94 time, 780.01 real, 164 MB
[runlim] sample:		789.94 time, 790.01 real, 164 MB
[runlim] sample:		799.94 time, 800.02 real, 164 MB
[runlim] sample:		809.94 time, 810.01 real, 164 MB
[runlim] sample:		819.94 time, 820.01 real, 164 MB
[runlim] sample:		829.94 time, 830.01 real, 164 MB
[runlim] sample:		839.94 time, 840.02 real, 164 MB
[runlim] sample:		849.94 time, 850.01 real, 174 MB
[runlim] sample:		859.93 time, 860.01 real, 174 MB
[runlim] sample:		869.93 time, 870.02 real, 174 MB
[runlim] sample:		879.94 time, 880.02 real, 194 MB
[runlim] sample:		889.94 time, 890.02 real, 194 MB
[runlim] sample:		899.93 time, 900.01 real, 194 MB
[runlim] sample:		909.93 time, 910.02 real, 194 MB
[runlim] sample:		919.93 time, 920.01 real, 194 MB
[runlim] sample:		929.93 time, 930.02 real, 194 MB
[runlim] sample:		939.93 time, 940.01 real, 193 MB
[runlim] sample:		949.92 time, 950.01 real, 177 MB
[runlim] sample:		959.93 time, 960.01 real, 174 MB
[runlim] sample:		969.93 time, 970.01 real, 176 MB
[runlim] sample:		979.93 time, 980.01 real, 174 MB
[runlim] sample:		989.93 time, 990.01 real, 175 MB
[runlim] sample:		999.93 time, 1000.01 real, 175 MB
[runlim] sample:		1009.93 time, 1010.01 real, 150 MB
[runlim] sample:		1019.93 time, 1020.02 real, 150 MB
[runlim] sample:		1029.92 time, 1030.02 real, 150 MB
[runlim] sample:		1039.92 time, 1040.01 real, 153 MB
[runlim] sample:		1049.92 time, 1050.02 real, 150 MB
[runlim] sample:		1059.92 time, 1060.02 real, 169 MB
[runlim] sample:		1069.92 time, 1070.01 real, 169 MB
[runlim] sample:		1079.92 time, 1080.02 real, 169 MB
[runlim] sample:		1089.92 time, 1090.01 real, 169 MB
[runlim] sample:		1099.92 time, 1100.02 real, 192 MB
[runlim] sample:		1109.91 time, 1110.02 real, 212 MB
[runlim] sample:		1119.91 time, 1120.02 real, 213 MB
[runlim] sample:		1129.91 time, 1130.01 real, 213 MB
[runlim] sample:		1139.91 time, 1140.01 real, 188 MB
[runlim] sample:		1149.91 time, 1150.02 real, 180 MB
[runlim] sample:		1159.91 time, 1160.01 real, 186 MB
[runlim] sample:		1169.91 time, 1170.01 real, 186 MB
[runlim] sample:		1179.91 time, 1180.01 real, 188 MB
[runlim] sample:		1189.92 time, 1190.01 real, 187 MB
[runlim] sample:		1199.91 time, 1200.01 real, 187 MB
[runlim] sample:		1209.91 time, 1210.02 real, 180 MB
[runlim] sample:		1219.91 time, 1220.01 real, 186 MB
[runlim] sample:		1229.91 time, 1230.01 real, 186 MB
[runlim] sample:		1239.91 time, 1240.01 real, 185 MB
[runlim] sample:		1249.91 time, 1250.01 real, 182 MB
[runlim] sample:		1259.91 time, 1260.01 real, 194 MB
[runlim] sample:		1269.91 time, 1270.02 real, 194 MB
[runlim] sample:		1279.91 time, 1280.02 real, 195 MB
[runlim] sample:		1289.91 time, 1290.02 real, 195 MB
[runlim] sample:		1299.90 time, 1300.02 real, 195 MB
[runlim] sample:		1309.90 time, 1310.02 real, 195 MB
[runlim] sample:		1319.90 time, 1320.01 real, 195 MB
[runlim] sample:		1329.90 time, 1330.01 real, 195 MB
[runlim] sample:		1339.90 time, 1340.02 real, 195 MB
[runlim] sample:		1349.90 time, 1350.02 real, 215 MB
[runlim] sample:		1359.89 time, 1360.02 real, 215 MB
[runlim] sample:		1369.89 time, 1370.01 real, 215 MB
[runlim] sample:		1379.89 time, 1380.02 real, 215 MB
[runlim] sample:		1389.90 time, 1390.01 real, 214 MB
[runlim] sample:		1399.89 time, 1400.01 real, 191 MB
[runlim] sample:		1409.90 time, 1410.01 real, 188 MB
[runlim] sample:		1419.89 time, 1420.01 real, 187 MB
[runlim] sample:		1429.89 time, 1430.01 real, 187 MB
[runlim] sample:		1439.89 time, 1440.01 real, 187 MB
[runlim] sample:		1449.89 time, 1450.01 real, 198 MB
[runlim] sample:		1459.89 time, 1460.01 real, 188 MB
[runlim] sample:		1469.89 time, 1470.01 real, 186 MB
[runlim] sample:		1479.89 time, 1480.02 real, 197 MB
[runlim] sample:		1489.89 time, 1490.02 real, 197 MB
[runlim] sample:		1499.89 time, 1500.02 real, 201 MB
[runlim] sample:		1509.88 time, 1510.02 real, 200 MB
[runlim] sample:		1519.88 time, 1520.02 real, 200 MB
[runlim] sample:		1529.88 time, 1530.02 real, 200 MB
[runlim] sample:		1539.88 time, 1540.01 real, 200 MB
[runlim] sample:		1549.89 time, 1550.01 real, 222 MB
[runlim] sample:		1559.89 time, 1560.01 real, 222 MB
[runlim] sample:		1569.89 time, 1570.02 real, 222 MB
[runlim] sample:		1579.89 time, 1580.01 real, 222 MB
[runlim] sample:		1589.89 time, 1590.01 real, 222 MB
[runlim] sample:		1599.89 time, 1600.02 real, 222 MB
[runlim] sample:		1609.88 time, 1610.01 real, 220 MB
[runlim] sample:		1619.88 time, 1620.01 real, 193 MB
[runlim] sample:		1629.88 time, 1630.01 real, 194 MB
[runlim] sample:		1639.88 time, 1640.01 real, 194 MB
[runlim] sample:		1649.88 time, 1650.01 real, 195 MB
[runlim] sample:		1659.87 time, 1660.01 real, 195 MB
[runlim] sample:		1669.87 time, 1670.01 real, 195 MB
[runlim] sample:		1679.87 time, 1680.02 real, 205 MB
[runlim] sample:		1689.87 time, 1690.02 real, 205 MB
[runlim] sample:		1699.87 time, 1700.01 real, 204 MB
[runlim] sample:		1709.87 time, 1710.02 real, 204 MB
[runlim] sample:		1719.87 time, 1720.01 real, 226 MB
[runlim] sample:		1729.87 time, 1730.01 real, 226 MB
[runlim] sample:		1739.87 time, 1740.02 real, 226 MB
[runlim] sample:		1749.87 time, 1750.01 real, 226 MB
[runlim] sample:		1759.87 time, 1760.01 real, 226 MB
[runlim] sample:		1769.87 time, 1770.02 real, 226 MB
[runlim] sample:		1779.87 time, 1780.01 real, 226 MB
[runlim] sample:		1789.87 time, 1790.01 real, 226 MB
[runlim] sample:		1799.87 time, 1800.02 real, 226 MB
[runlim] sample:		1809.87 time, 1810.02 real, 230 MB
[runlim] sample:		1819.87 time, 1820.01 real, 230 MB
[runlim] sample:		1829.86 time, 1830.01 real, 211 MB
[runlim] sample:		1839.86 time, 1840.01 real, 208 MB
[runlim] sample:		1849.87 time, 1850.01 real, 208 MB
[runlim] sample:		1859.86 time, 1860.01 real, 209 MB
[runlim] sample:		1869.87 time, 1870.01 real, 208 MB
[runlim] sample:		1879.86 time, 1880.01 real, 208 MB
[runlim] sample:		1889.86 time, 1890.01 real, 207 MB
[runlim] sample:		1899.86 time, 1900.01 real, 206 MB
[runlim] sample:		1909.86 time, 1910.01 real, 206 MB
[runlim] sample:		1919.86 time, 1920.01 real, 205 MB
[runlim] sample:		1929.85 time, 1930.01 real, 185 MB
[runlim] sample:		1939.85 time, 1940.02 real, 185 MB
[runlim] sample:		1949.85 time, 1950.02 real, 185 MB
[runlim] sample:		1959.85 time, 1960.01 real, 185 MB
[runlim] sample:		1969.85 time, 1970.02 real, 238 MB
[runlim] sample:		1979.85 time, 1980.01 real, 239 MB
[runlim] sample:		1989.85 time, 1990.01 real, 239 MB
[runlim] sample:		1999.85 time, 2000.01 real, 210 MB
[runlim] sample:		2009.85 time, 2010.01 real, 209 MB
[runlim] sample:		2019.85 time, 2020.01 real, 209 MB
[runlim] sample:		2029.85 time, 2030.02 real, 216 MB
[runlim] sample:		2039.85 time, 2040.02 real, 194 MB
[runlim] sample:		2049.85 time, 2050.02 real, 217 MB
[runlim] sample:		2059.85 time, 2060.02 real, 216 MB
[runlim] sample:		2069.85 time, 2070.01 real, 216 MB
[runlim] sample:		2079.85 time, 2080.02 real, 216 MB
[runlim] sample:		2089.85 time, 2090.02 real, 216 MB
[runlim] sample:		2099.85 time, 2100.02 real, 216 MB
[runlim] sample:		2109.85 time, 2110.02 real, 239 MB
[runlim] sample:		2119.85 time, 2120.02 real, 239 MB
[runlim] sample:		2129.85 time, 2130.02 real, 239 MB
[runlim] sample:		2139.85 time, 2140.02 real, 239 MB
[runlim] sample:		2149.84 time, 2150.01 real, 239 MB
[runlim] sample:		2159.84 time, 2160.02 real, 239 MB
[runlim] sample:		2169.84 time, 2170.01 real, 246 MB
[runlim] sample:		2179.84 time, 2180.01 real, 225 MB
[runlim] sample:		2189.84 time, 2190.01 real, 225 MB
[runlim] sample:		2199.84 time, 2200.02 real, 222 MB
[runlim] sample:		2209.83 time, 2210.01 real, 220 MB
[runlim] sample:		2219.84 time, 2220.01 real, 219 MB
[runlim] sample:		2229.84 time, 2230.01 real, 221 MB
[runlim] sample:		2239.83 time, 2240.02 real, 220 MB
[runlim] sample:		2249.83 time, 2250.01 real, 219 MB
[runlim] sample:		2259.83 time, 2260.01 real, 219 MB
[runlim] sample:		2269.83 time, 2270.01 real, 219 MB
[runlim] sample:		2279.84 time, 2280.02 real, 188 MB
[runlim] sample:		2289.83 time, 2290.01 real, 193 MB
[runlim] sample:		2299.83 time, 2300.01 real, 219 MB
[runlim] sample:		2309.83 time, 2310.02 real, 219 MB
[runlim] sample:		2319.83 time, 2320.02 real, 219 MB
[runlim] sample:		2329.83 time, 2330.02 real, 219 MB
[runlim] sample:		2339.83 time, 2340.02 real, 219 MB
[runlim] sample:		2349.83 time, 2350.02 real, 219 MB
[runlim] sample:		2359.83 time, 2360.02 real, 219 MB
[runlim] sample:		2369.82 time, 2370.02 real, 249 MB
[runlim] sample:		2379.82 time, 2380.02 real, 249 MB
[runlim] sample:		2389.82 time, 2390.02 real, 249 MB
[runlim] sample:		2399.82 time, 2400.01 real, 249 MB
[runlim] sample:		2409.82 time, 2410.02 real, 249 MB
[runlim] sample:		2419.82 time, 2420.02 real, 249 MB
[runlim] sample:		2429.82 time, 2430.01 real, 251 MB
[runlim] sample:		2439.82 time, 2440.01 real, 221 MB
[runlim] sample:		2449.82 time, 2450.01 real, 222 MB
[runlim] sample:		2459.82 time, 2460.01 real, 219 MB
[runlim] sample:		2469.82 time, 2470.02 real, 230 MB
[runlim] sample:		2479.82 time, 2480.01 real, 230 MB
[runlim] sample:		2489.81 time, 2490.01 real, 230 MB
[runlim] sample:		2499.82 time, 2500.02 real, 230 MB
[runlim] sample:		2509.81 time, 2510.01 real, 230 MB
[runlim] sample:		2519.81 time, 2520.01 real, 230 MB
[runlim] sample:		2529.81 time, 2530.02 real, 254 MB
[runlim] sample:		2539.81 time, 2540.02 real, 254 MB
[runlim] sample:		2549.81 time, 2550.02 real, 254 MB
[runlim] sample:		2559.81 time, 2560.02 real, 254 MB
[runlim] sample:		2569.81 time, 2570.02 real, 254 MB
[runlim] sample:		2579.81 time, 2580.02 real, 254 MB
[runlim] sample:		2589.80 time, 2590.02 real, 254 MB
[runlim] sample:		2599.80 time, 2600.01 real, 254 MB
[runlim] sample:		2609.81 time, 2610.01 real, 230 MB
[runlim] sample:		2619.81 time, 2620.02 real, 230 MB
[runlim] sample:		2629.81 time, 2630.02 real, 230 MB
[runlim] sample:		2639.81 time, 2640.02 real, 230 MB
[runlim] sample:		2649.80 time, 2650.02 real, 230 MB
[runlim] sample:		2659.80 time, 2660.02 real, 230 MB
[runlim] sample:		2669.80 time, 2670.02 real, 230 MB
[runlim] sample:		2679.80 time, 2680.02 real, 228 MB
[runlim] sample:		2689.80 time, 2690.02 real, 216 MB
[runlim] sample:		2699.80 time, 2700.02 real, 267 MB
[runlim] sample:		2709.80 time, 2710.01 real, 267 MB
[runlim] sample:		2719.80 time, 2720.01 real, 267 MB
[runlim] sample:		2729.80 time, 2730.02 real, 267 MB
[runlim] sample:		2739.80 time, 2740.02 real, 267 MB
[runlim] sample:		2749.80 time, 2750.01 real, 267 MB
[runlim] sample:		2759.80 time, 2760.01 real, 267 MB
[runlim] sample:		2769.80 time, 2770.02 real, 267 MB
[runlim] sample:		2779.79 time, 2780.02 real, 242 MB
[runlim] sample:		2789.79 time, 2790.01 real, 268 MB
[runlim] sample:		2799.79 time, 2800.01 real, 235 MB
[runlim] sample:		2809.79 time, 2810.01 real, 243 MB
[runlim] sample:		2819.80 time, 2820.01 real, 247 MB
[runlim] sample:		2829.79 time, 2830.01 real, 246 MB
[runlim] sample:		2839.79 time, 2840.01 real, 245 MB
[runlim] sample:		2849.79 time, 2850.02 real, 246 MB
[runlim] sample:		2859.79 time, 2860.01 real, 246 MB
[runlim] sample:		2869.78 time, 2870.01 real, 246 MB
[runlim] sample:		2879.78 time, 2880.02 real, 246 MB
[runlim] sample:		2889.78 time, 2890.01 real, 246 MB
[runlim] sample:		2899.78 time, 2900.01 real, 246 MB
[runlim] sample:		2909.78 time, 2910.01 real, 246 MB
[runlim] sample:		2919.79 time, 2920.02 real, 250 MB
[runlim] sample:		2929.79 time, 2930.01 real, 250 MB
[runlim] sample:		2939.79 time, 2940.01 real, 250 MB
[runlim] sample:		2949.79 time, 2950.02 real, 250 MB
[runlim] sample:		2959.79 time, 2960.02 real, 250 MB
[runlim] sample:		2969.78 time, 2970.01 real, 276 MB
[runlim] sample:		2979.78 time, 2980.02 real, 276 MB
[runlim] sample:		2989.78 time, 2990.02 real, 276 MB
[runlim] sample:		2999.78 time, 3000.01 real, 276 MB
[runlim] sample:		3009.78 time, 3010.02 real, 276 MB
[runlim] sample:		3019.78 time, 3020.01 real, 276 MB
[runlim] sample:		3029.78 time, 3030.01 real, 289 MB
[runlim] sample:		3039.78 time, 3040.01 real, 289 MB
[runlim] sample:		3049.78 time, 3050.01 real, 259 MB
[runlim] sample:		3059.77 time, 3060.01 real, 255 MB
[runlim] sample:		3069.78 time, 3070.02 real, 255 MB
[runlim] sample:		3079.78 time, 3080.01 real, 255 MB
[runlim] sample:		3089.78 time, 3090.01 real, 255 MB
[runlim] sample:		3099.78 time, 3100.01 real, 255 MB
[runlim] sample:		3109.77 time, 3110.02 real, 266 MB
[runlim] sample:		3119.77 time, 3120.02 real, 266 MB
[runlim] sample:		3129.77 time, 3130.01 real, 266 MB
[runlim] sample:		3139.77 time, 3140.01 real, 270 MB
[runlim] sample:		3149.77 time, 3150.02 real, 270 MB
[runlim] sample:		3159.77 time, 3160.02 real, 270 MB
[runlim] sample:		3169.76 time, 3170.02 real, 298 MB
[runlim] sample:		3179.76 time, 3180.02 real, 270 MB
[runlim] sample:		3189.76 time, 3190.02 real, 270 MB
[runlim] sample:		3199.76 time, 3200.01 real, 270 MB
[runlim] sample:		3209.76 time, 3210.02 real, 270 MB
[runlim] sample:		3219.76 time, 3220.02 real, 270 MB
[runlim] sample:		3229.76 time, 3230.02 real, 298 MB
[runlim] sample:		3239.76 time, 3240.02 real, 298 MB
[runlim] sample:		3249.76 time, 3250.01 real, 297 MB
[runlim] sample:		3259.76 time, 3260.01 real, 263 MB
[runlim] sample:		3269.76 time, 3270.01 real, 269 MB
[runlim] sample:		3279.76 time, 3280.02 real, 266 MB
[runlim] sample:		3289.76 time, 3290.02 real, 270 MB
[runlim] sample:		3299.76 time, 3300.01 real, 268 MB
[runlim] sample:		3309.76 time, 3310.01 real, 269 MB
[runlim] sample:		3319.75 time, 3320.01 real, 269 MB
[runlim] sample:		3329.76 time, 3330.02 real, 268 MB
[runlim] sample:		3339.75 time, 3340.02 real, 268 MB
[runlim] sample:		3349.75 time, 3350.02 real, 268 MB
[runlim] sample:		3359.75 time, 3360.02 real, 268 MB
[runlim] sample:		3369.75 time, 3370.02 real, 268 MB
[runlim] sample:		3379.76 time, 3380.01 real, 275 MB
[runlim] sample:		3389.76 time, 3390.02 real, 275 MB
[runlim] sample:		3399.75 time, 3400.01 real, 275 MB
[runlim] sample:		3409.75 time, 3410.02 real, 274 MB
[runlim] sample:		3419.75 time, 3420.01 real, 274 MB
[runlim] sample:		3429.75 time, 3430.02 real, 274 MB
[runlim] sample:		3439.75 time, 3440.01 real, 274 MB
[runlim] sample:		3449.75 time, 3450.02 real, 274 MB
[runlim] sample:		3459.75 time, 3460.02 real, 274 MB
[runlim] sample:		3469.75 time, 3470.01 real, 274 MB
[runlim] sample:		3479.75 time, 3480.02 real, 302 MB
[runlim] sample:		3489.75 time, 3490.01 real, 302 MB
[runlim] sample:		3499.75 time, 3500.02 real, 302 MB
[runlim] sample:		3509.74 time, 3510.02 real, 302 MB
[runlim] sample:		3519.74 time, 3520.02 real, 302 MB
[runlim] sample:		3529.74 time, 3530.02 real, 302 MB
[runlim] sample:		3539.74 time, 3540.02 real, 302 MB
[runlim] sample:		3549.74 time, 3550.02 real, 302 MB
[runlim] sample:		3559.74 time, 3560.02 real, 298 MB
[runlim] sample:		3569.74 time, 3570.01 real, 298 MB
[runlim] sample:		3579.74 time, 3580.01 real, 264 MB
[runlim] sample:		3589.73 time, 3590.01 real, 265 MB
[runlim] sample:		3599.73 time, 3600.02 real, 261 MB
[runlim] end:			Fri Oct 18 10:41:12 2019
[runlim] status:		out of time
[runlim] result:		2
[runlim] children:		2
[runlim] real:			3600.10 seconds
[runlim] time:			3599.73 seconds
[runlim] space:			336 MB
[runlim] samples:		36000
