[runlim] version:		1.17
[runlim] host:			c3n20
[runlim] time limit:		311040000 seconds
[runlim] real time limit:	3600 seconds
[runlim] space limit:		120000 MB
[runlim] argv[0]:		./run-btormc-master.sh
[runlim] argv[1]:		/tmp/jGU3kQ3z.btor
[runlim] start:			Fri Oct 18 06:53:30 2019
[runlim] child:			31399
[runlim] sample:		10.00 time, 10.02 real, 326 MB
[runlim] sample:		20.00 time, 20.02 real, 562 MB
[runlim] sample:		30.00 time, 30.02 real, 821 MB
[runlim] sample:		40.00 time, 40.02 real, 977 MB
[runlim] sample:		50.00 time, 50.02 real, 1130 MB
[runlim] sample:		59.99 time, 60.02 real, 1281 MB
[runlim] sample:		70.00 time, 70.02 real, 1311 MB
[runlim] sample:		80.00 time, 80.02 real, 1567 MB
[runlim] sample:		90.00 time, 90.02 real, 1694 MB
[runlim] sample:		100.00 time, 100.01 real, 1759 MB
[runlim] end:			Fri Oct 18 06:55:18 2019
[runlim] status:		ok
[runlim] result:		0
[runlim] children:		2
[runlim] real:			108.52 seconds
[runlim] time:			108.49 seconds
[runlim] space:			1861 MB
[runlim] samples:		1085
