[runlim] version:		1.17
[runlim] host:			c3n19
[runlim] time limit:		311040000 seconds
[runlim] real time limit:	3600 seconds
[runlim] space limit:		120000 MB
[runlim] argv[0]:		./run-btormc-master.sh
[runlim] argv[1]:		/tmp/Q3Vu46dE.btor
[runlim] start:			Fri Oct 18 07:12:38 2019
[runlim] child:			22859
[runlim] sample:		10.00 time, 10.01 real, 253 MB
[runlim] sample:		20.00 time, 20.01 real, 473 MB
[runlim] sample:		30.00 time, 30.01 real, 734 MB
[runlim] sample:		40.00 time, 40.01 real, 739 MB
[runlim] sample:		50.00 time, 50.01 real, 1187 MB
[runlim] sample:		60.00 time, 60.01 real, 1436 MB
[runlim] sample:		69.99 time, 70.01 real, 1371 MB
[runlim] sample:		80.00 time, 80.01 real, 1592 MB
[runlim] sample:		90.00 time, 90.01 real, 1348 MB
[runlim] sample:		100.00 time, 100.01 real, 1918 MB
[runlim] sample:		110.00 time, 110.01 real, 1990 MB
[runlim] sample:		120.00 time, 120.01 real, 2066 MB
[runlim] sample:		129.99 time, 130.01 real, 2260 MB
[runlim] sample:		140.00 time, 140.01 real, 2518 MB
[runlim] sample:		149.99 time, 150.01 real, 2779 MB
[runlim] sample:		160.00 time, 160.01 real, 2155 MB
[runlim] sample:		170.00 time, 170.01 real, 2584 MB
[runlim] sample:		180.00 time, 180.01 real, 2962 MB
[runlim] sample:		189.99 time, 190.01 real, 3076 MB
[runlim] sample:		199.99 time, 200.01 real, 3206 MB
[runlim] sample:		210.00 time, 210.01 real, 3320 MB
[runlim] sample:		219.99 time, 220.01 real, 3445 MB
[runlim] sample:		229.99 time, 230.01 real, 3504 MB
[runlim] sample:		239.99 time, 240.01 real, 3550 MB
[runlim] sample:		250.00 time, 250.01 real, 3761 MB
[runlim] sample:		259.99 time, 260.01 real, 3444 MB
[runlim] sample:		269.99 time, 270.01 real, 4183 MB
[runlim] sample:		279.99 time, 280.01 real, 3071 MB
[runlim] sample:		289.99 time, 290.01 real, 3861 MB
[runlim] sample:		299.99 time, 300.01 real, 3941 MB
[runlim] sample:		309.99 time, 310.01 real, 4253 MB
[runlim] sample:		319.99 time, 320.01 real, 4345 MB
[runlim] sample:		329.99 time, 330.01 real, 4564 MB
[runlim] sample:		339.99 time, 340.01 real, 4397 MB
[runlim] sample:		349.99 time, 350.01 real, 4178 MB
[runlim] sample:		359.99 time, 360.01 real, 4562 MB
[runlim] sample:		369.99 time, 370.01 real, 4953 MB
[runlim] sample:		379.98 time, 380.01 real, 4692 MB
[runlim] sample:		389.99 time, 390.01 real, 4505 MB
[runlim] sample:		399.98 time, 400.01 real, 5033 MB
[runlim] sample:		409.99 time, 410.01 real, 4915 MB
[runlim] sample:		419.98 time, 420.01 real, 4353 MB
[runlim] sample:		429.99 time, 430.01 real, 4673 MB
[runlim] sample:		439.99 time, 440.01 real, 4915 MB
[runlim] sample:		449.99 time, 450.01 real, 4173 MB
[runlim] sample:		459.98 time, 460.01 real, 4173 MB
[runlim] sample:		469.98 time, 470.01 real, 5631 MB
[runlim] sample:		479.98 time, 480.01 real, 5009 MB
[runlim] sample:		489.98 time, 490.01 real, 5704 MB
[runlim] sample:		499.98 time, 500.01 real, 5186 MB
[runlim] sample:		509.98 time, 510.01 real, 5700 MB
[runlim] sample:		519.98 time, 520.01 real, 5911 MB
[runlim] sample:		529.98 time, 530.01 real, 5853 MB
[runlim] sample:		539.98 time, 540.01 real, 5514 MB
[runlim] sample:		549.98 time, 550.01 real, 6135 MB
[runlim] sample:		559.98 time, 560.01 real, 5431 MB
[runlim] sample:		569.98 time, 570.01 real, 5498 MB
[runlim] sample:		579.98 time, 580.01 real, 5698 MB
[runlim] sample:		589.98 time, 590.01 real, 5810 MB
[runlim] sample:		599.98 time, 600.01 real, 5703 MB
[runlim] sample:		609.98 time, 610.01 real, 5524 MB
[runlim] sample:		619.98 time, 620.01 real, 5524 MB
[runlim] sample:		629.98 time, 630.01 real, 5092 MB
[runlim] sample:		639.98 time, 640.01 real, 4918 MB
[runlim] sample:		649.98 time, 650.01 real, 4918 MB
[runlim] sample:		659.98 time, 660.01 real, 5813 MB
[runlim] sample:		669.98 time, 670.01 real, 5872 MB
[runlim] sample:		679.98 time, 680.01 real, 6517 MB
[runlim] sample:		689.98 time, 690.01 real, 6220 MB
[runlim] sample:		699.98 time, 700.01 real, 6824 MB
[runlim] sample:		709.97 time, 710.01 real, 6311 MB
[runlim] sample:		719.97 time, 720.01 real, 6772 MB
[runlim] sample:		729.98 time, 730.01 real, 7029 MB
[runlim] sample:		739.98 time, 740.01 real, 7080 MB
[runlim] sample:		749.98 time, 750.01 real, 7004 MB
[runlim] sample:		759.97 time, 760.01 real, 6708 MB
[runlim] sample:		769.98 time, 770.01 real, 6444 MB
[runlim] sample:		779.97 time, 780.01 real, 7038 MB
[runlim] sample:		789.98 time, 790.01 real, 7385 MB
[runlim] sample:		799.97 time, 800.01 real, 6713 MB
[runlim] sample:		809.97 time, 810.01 real, 7434 MB
[runlim] sample:		819.97 time, 820.01 real, 7266 MB
[runlim] sample:		829.97 time, 830.01 real, 6622 MB
[runlim] sample:		839.97 time, 840.01 real, 6739 MB
[runlim] sample:		849.97 time, 850.01 real, 6735 MB
[runlim] sample:		859.97 time, 860.01 real, 6761 MB
[runlim] sample:		869.96 time, 870.01 real, 7815 MB
[runlim] sample:		879.97 time, 880.01 real, 7562 MB
[runlim] sample:		889.97 time, 890.01 real, 6982 MB
[runlim] sample:		899.97 time, 900.01 real, 7287 MB
[runlim] sample:		909.97 time, 910.01 real, 8035 MB
[runlim] sample:		919.96 time, 920.01 real, 7104 MB
[runlim] sample:		929.97 time, 930.01 real, 7685 MB
[runlim] sample:		939.96 time, 940.01 real, 8152 MB
[runlim] sample:		949.96 time, 950.01 real, 8234 MB
[runlim] sample:		959.96 time, 960.01 real, 7231 MB
[runlim] sample:		969.97 time, 970.01 real, 7692 MB
[runlim] sample:		979.97 time, 980.01 real, 7315 MB
[runlim] sample:		989.97 time, 990.01 real, 8104 MB
[runlim] sample:		999.96 time, 1000.01 real, 6714 MB
[runlim] sample:		1009.97 time, 1010.01 real, 6731 MB
[runlim] sample:		1019.96 time, 1020.01 real, 7593 MB
[runlim] sample:		1029.96 time, 1030.01 real, 7223 MB
[runlim] sample:		1039.96 time, 1040.01 real, 8076 MB
[runlim] sample:		1049.97 time, 1050.01 real, 8263 MB
[runlim] sample:		1059.96 time, 1060.01 real, 7077 MB
[runlim] sample:		1069.96 time, 1070.01 real, 6728 MB
[runlim] sample:		1079.96 time, 1080.01 real, 6728 MB
[runlim] sample:		1089.96 time, 1090.01 real, 9091 MB
[runlim] sample:		1099.96 time, 1100.01 real, 9134 MB
[runlim] sample:		1109.96 time, 1110.01 real, 8382 MB
[runlim] end:			Fri Oct 18 07:31:18 2019
[runlim] status:		ok
[runlim] result:		0
[runlim] children:		2
[runlim] real:			1119.52 seconds
[runlim] time:			1119.46 seconds
[runlim] space:			9501 MB
[runlim] samples:		11195
