[runlim] version:		1.17
[runlim] host:			c3n09
[runlim] time limit:		311040000 seconds
[runlim] real time limit:	3600 seconds
[runlim] space limit:		120000 MB
[runlim] argv[0]:		./run-btormc-master.sh
[runlim] argv[1]:		/tmp/kesEq6bX.btor
[runlim] start:			Fri Oct 18 06:47:26 2019
[runlim] child:			20632
[runlim] sample:		10.00 time, 10.02 real, 248 MB
[runlim] sample:		20.00 time, 20.02 real, 436 MB
[runlim] sample:		30.00 time, 30.02 real, 616 MB
[runlim] sample:		40.00 time, 40.02 real, 747 MB
[runlim] sample:		50.00 time, 50.02 real, 912 MB
[runlim] sample:		60.00 time, 60.02 real, 996 MB
[runlim] end:			Fri Oct 18 06:48:33 2019
[runlim] status:		ok
[runlim] result:		0
[runlim] children:		2
[runlim] real:			66.72 seconds
[runlim] time:			66.70 seconds
[runlim] space:			1071 MB
[runlim] samples:		667
