[runlim] version:		1.17
[runlim] host:			c3n30
[runlim] time limit:		311040000 seconds
[runlim] real time limit:	3600 seconds
[runlim] space limit:		120000 MB
[runlim] argv[0]:		./run-btormc-master.sh
[runlim] argv[1]:		/tmp/Nr6RnHBI.btor
[runlim] start:			Fri Oct 18 05:38:01 2019
[runlim] child:			17360
[runlim] sample:		10.00 time, 10.01 real, 71 MB
[runlim] sample:		20.00 time, 20.01 real, 73 MB
[runlim] sample:		30.00 time, 30.01 real, 82 MB
[runlim] sample:		40.00 time, 40.01 real, 82 MB
[runlim] sample:		50.00 time, 50.01 real, 90 MB
[runlim] sample:		60.00 time, 60.01 real, 90 MB
[runlim] sample:		70.00 time, 70.02 real, 97 MB
[runlim] sample:		80.00 time, 80.02 real, 103 MB
[runlim] sample:		90.00 time, 90.01 real, 109 MB
[runlim] sample:		100.00 time, 100.01 real, 115 MB
[runlim] sample:		110.00 time, 110.01 real, 115 MB
[runlim] sample:		120.00 time, 120.01 real, 115 MB
[runlim] sample:		130.00 time, 130.02 real, 115 MB
[runlim] sample:		140.00 time, 140.02 real, 115 MB
[runlim] sample:		150.00 time, 150.02 real, 118 MB
[runlim] sample:		160.00 time, 160.01 real, 118 MB
[runlim] sample:		170.00 time, 170.02 real, 118 MB
[runlim] sample:		179.99 time, 180.02 real, 118 MB
[runlim] sample:		189.99 time, 190.02 real, 118 MB
[runlim] sample:		200.00 time, 200.02 real, 107 MB
[runlim] sample:		210.00 time, 210.02 real, 122 MB
[runlim] sample:		220.00 time, 220.01 real, 138 MB
[runlim] sample:		230.00 time, 230.02 real, 138 MB
[runlim] sample:		240.00 time, 240.01 real, 138 MB
[runlim] sample:		250.00 time, 250.02 real, 138 MB
[runlim] sample:		260.00 time, 260.02 real, 138 MB
[runlim] sample:		270.00 time, 270.01 real, 138 MB
[runlim] sample:		279.99 time, 280.02 real, 122 MB
[runlim] end:			Fri Oct 18 05:42:41 2019
[runlim] status:		ok
[runlim] result:		0
[runlim] children:		2
[runlim] real:			280.64 seconds
[runlim] time:			280.59 seconds
[runlim] space:			138 MB
[runlim] samples:		2806
