[runlim] version:		1.17
[runlim] host:			c3n06
[runlim] time limit:		311040000 seconds
[runlim] real time limit:	3600 seconds
[runlim] space limit:		120000 MB
[runlim] argv[0]:		./run-btormc-master.sh
[runlim] argv[1]:		/tmp/7i6yAGHj.btor
[runlim] start:			Fri Oct 18 07:59:59 2019
[runlim] child:			6202
[runlim] sample:		10.00 time, 10.01 real, 121 MB
[runlim] sample:		20.00 time, 20.01 real, 141 MB
[runlim] sample:		30.00 time, 30.01 real, 166 MB
[runlim] sample:		40.00 time, 40.01 real, 180 MB
[runlim] sample:		50.00 time, 50.01 real, 187 MB
[runlim] sample:		59.99 time, 60.01 real, 208 MB
[runlim] sample:		70.00 time, 70.01 real, 234 MB
[runlim] sample:		80.00 time, 80.01 real, 234 MB
[runlim] sample:		90.00 time, 90.01 real, 273 MB
[runlim] sample:		100.00 time, 100.01 real, 309 MB
[runlim] sample:		110.00 time, 110.01 real, 279 MB
[runlim] sample:		120.00 time, 120.01 real, 276 MB
[runlim] sample:		129.99 time, 130.01 real, 221 MB
[runlim] sample:		140.00 time, 140.01 real, 224 MB
[runlim] sample:		150.00 time, 150.01 real, 251 MB
[runlim] sample:		160.00 time, 160.01 real, 251 MB
[runlim] sample:		170.00 time, 170.01 real, 260 MB
[runlim] sample:		179.99 time, 180.01 real, 262 MB
[runlim] sample:		189.99 time, 190.01 real, 262 MB
[runlim] sample:		199.99 time, 200.01 real, 262 MB
[runlim] sample:		210.00 time, 210.01 real, 240 MB
[runlim] sample:		220.00 time, 220.01 real, 301 MB
[runlim] sample:		229.99 time, 230.01 real, 270 MB
[runlim] sample:		239.99 time, 240.01 real, 270 MB
[runlim] sample:		249.99 time, 250.01 real, 270 MB
[runlim] sample:		259.99 time, 260.01 real, 270 MB
[runlim] sample:		269.99 time, 270.01 real, 270 MB
[runlim] sample:		280.00 time, 280.01 real, 284 MB
[runlim] sample:		289.99 time, 290.01 real, 288 MB
[runlim] sample:		299.99 time, 300.01 real, 288 MB
[runlim] sample:		309.99 time, 310.01 real, 288 MB
[runlim] sample:		319.99 time, 320.01 real, 320 MB
[runlim] sample:		330.00 time, 330.01 real, 343 MB
[runlim] sample:		340.00 time, 340.01 real, 343 MB
[runlim] sample:		350.00 time, 350.01 real, 329 MB
[runlim] sample:		360.00 time, 360.01 real, 328 MB
[runlim] sample:		370.00 time, 370.01 real, 328 MB
[runlim] sample:		380.00 time, 380.01 real, 328 MB
[runlim] sample:		389.99 time, 390.01 real, 332 MB
[runlim] sample:		399.99 time, 400.01 real, 322 MB
[runlim] sample:		409.99 time, 410.01 real, 333 MB
[runlim] sample:		419.99 time, 420.01 real, 333 MB
[runlim] sample:		429.99 time, 430.01 real, 273 MB
[runlim] sample:		439.99 time, 440.01 real, 300 MB
[runlim] sample:		449.99 time, 450.01 real, 300 MB
[runlim] sample:		459.99 time, 460.01 real, 300 MB
[runlim] sample:		469.99 time, 470.01 real, 300 MB
[runlim] sample:		479.99 time, 480.01 real, 300 MB
[runlim] sample:		489.99 time, 490.01 real, 300 MB
[runlim] sample:		499.99 time, 500.01 real, 302 MB
[runlim] sample:		509.99 time, 510.01 real, 302 MB
[runlim] sample:		519.99 time, 520.01 real, 302 MB
[runlim] sample:		529.99 time, 530.01 real, 302 MB
[runlim] sample:		539.99 time, 540.01 real, 302 MB
[runlim] sample:		549.99 time, 550.01 real, 302 MB
[runlim] sample:		559.99 time, 560.01 real, 302 MB
[runlim] sample:		569.99 time, 570.01 real, 371 MB
[runlim] sample:		579.99 time, 580.01 real, 323 MB
[runlim] sample:		589.99 time, 590.01 real, 333 MB
[runlim] sample:		599.99 time, 600.01 real, 333 MB
[runlim] sample:		609.99 time, 610.01 real, 333 MB
[runlim] sample:		619.99 time, 620.01 real, 333 MB
[runlim] sample:		629.99 time, 630.01 real, 333 MB
[runlim] sample:		639.99 time, 640.01 real, 333 MB
[runlim] sample:		649.99 time, 650.01 real, 381 MB
[runlim] sample:		659.99 time, 660.01 real, 381 MB
[runlim] sample:		669.99 time, 670.01 real, 381 MB
[runlim] sample:		679.99 time, 680.01 real, 434 MB
[runlim] sample:		689.99 time, 690.01 real, 434 MB
[runlim] sample:		699.99 time, 700.01 real, 393 MB
[runlim] sample:		709.99 time, 710.01 real, 393 MB
[runlim] sample:		719.99 time, 720.01 real, 386 MB
[runlim] sample:		729.98 time, 730.01 real, 386 MB
[runlim] sample:		739.98 time, 740.01 real, 386 MB
[runlim] sample:		749.99 time, 750.01 real, 386 MB
[runlim] sample:		759.99 time, 760.01 real, 386 MB
[runlim] sample:		769.99 time, 770.01 real, 386 MB
[runlim] sample:		779.98 time, 780.01 real, 346 MB
[runlim] sample:		789.98 time, 790.01 real, 346 MB
[runlim] sample:		799.98 time, 800.01 real, 346 MB
[runlim] sample:		809.99 time, 810.01 real, 359 MB
[runlim] sample:		819.99 time, 820.01 real, 379 MB
[runlim] sample:		829.99 time, 830.01 real, 379 MB
[runlim] sample:		839.99 time, 840.01 real, 379 MB
[runlim] sample:		849.99 time, 850.01 real, 379 MB
[runlim] sample:		859.99 time, 860.01 real, 379 MB
[runlim] sample:		869.99 time, 870.01 real, 379 MB
[runlim] sample:		879.99 time, 880.01 real, 379 MB
[runlim] sample:		889.99 time, 890.01 real, 395 MB
[runlim] sample:		899.99 time, 900.01 real, 456 MB
[runlim] sample:		909.98 time, 910.01 real, 483 MB
[runlim] sample:		919.99 time, 920.01 real, 419 MB
[runlim] sample:		929.99 time, 930.01 real, 419 MB
[runlim] sample:		939.98 time, 940.01 real, 411 MB
[runlim] sample:		949.99 time, 950.01 real, 411 MB
[runlim] sample:		959.99 time, 960.01 real, 411 MB
[runlim] sample:		969.99 time, 970.01 real, 411 MB
[runlim] sample:		979.99 time, 980.01 real, 415 MB
[runlim] sample:		989.99 time, 990.01 real, 414 MB
[runlim] sample:		999.99 time, 1000.01 real, 416 MB
[runlim] sample:		1009.98 time, 1010.01 real, 416 MB
[runlim] sample:		1019.98 time, 1020.01 real, 416 MB
[runlim] sample:		1029.98 time, 1030.01 real, 416 MB
[runlim] sample:		1039.99 time, 1040.01 real, 392 MB
[runlim] sample:		1049.99 time, 1050.01 real, 392 MB
[runlim] sample:		1059.99 time, 1060.01 real, 392 MB
[runlim] sample:		1069.99 time, 1070.01 real, 392 MB
[runlim] sample:		1079.99 time, 1080.01 real, 392 MB
[runlim] sample:		1089.99 time, 1090.01 real, 392 MB
[runlim] sample:		1099.99 time, 1100.01 real, 392 MB
[runlim] sample:		1109.99 time, 1110.01 real, 392 MB
[runlim] sample:		1119.99 time, 1120.01 real, 392 MB
[runlim] sample:		1129.99 time, 1130.01 real, 392 MB
[runlim] sample:		1139.99 time, 1140.01 real, 348 MB
[runlim] sample:		1149.99 time, 1150.01 real, 351 MB
[runlim] sample:		1159.99 time, 1160.01 real, 404 MB
[runlim] sample:		1169.98 time, 1170.01 real, 403 MB
[runlim] sample:		1179.99 time, 1180.01 real, 455 MB
[runlim] sample:		1189.99 time, 1190.01 real, 455 MB
[runlim] sample:		1199.99 time, 1200.01 real, 455 MB
[runlim] sample:		1209.99 time, 1210.01 real, 455 MB
[runlim] sample:		1219.99 time, 1220.01 real, 455 MB
[runlim] sample:		1229.99 time, 1230.01 real, 455 MB
[runlim] sample:		1239.99 time, 1240.01 real, 455 MB
[runlim] sample:		1249.99 time, 1250.01 real, 455 MB
[runlim] sample:		1259.99 time, 1260.01 real, 455 MB
[runlim] sample:		1269.99 time, 1270.01 real, 455 MB
[runlim] sample:		1279.98 time, 1280.01 real, 477 MB
[runlim] sample:		1289.98 time, 1290.01 real, 478 MB
[runlim] sample:		1299.99 time, 1300.01 real, 506 MB
[runlim] sample:		1309.98 time, 1310.01 real, 442 MB
[runlim] sample:		1319.98 time, 1320.01 real, 435 MB
[runlim] sample:		1329.98 time, 1330.01 real, 437 MB
[runlim] sample:		1339.99 time, 1340.01 real, 436 MB
[runlim] sample:		1349.99 time, 1350.01 real, 436 MB
[runlim] sample:		1359.98 time, 1360.01 real, 436 MB
[runlim] sample:		1369.98 time, 1370.01 real, 436 MB
[runlim] sample:		1379.98 time, 1380.01 real, 436 MB
[runlim] sample:		1389.98 time, 1390.01 real, 436 MB
[runlim] sample:		1399.98 time, 1400.01 real, 443 MB
[runlim] sample:		1409.98 time, 1410.01 real, 441 MB
[runlim] sample:		1419.98 time, 1420.01 real, 443 MB
[runlim] sample:		1429.98 time, 1430.01 real, 441 MB
[runlim] sample:		1439.98 time, 1440.01 real, 441 MB
[runlim] sample:		1449.98 time, 1450.01 real, 391 MB
[runlim] sample:		1459.98 time, 1460.01 real, 391 MB
[runlim] sample:		1469.98 time, 1470.01 real, 391 MB
[runlim] sample:		1479.98 time, 1480.01 real, 391 MB
[runlim] sample:		1489.98 time, 1490.01 real, 391 MB
[runlim] sample:		1499.98 time, 1500.01 real, 391 MB
[runlim] sample:		1509.98 time, 1510.01 real, 391 MB
[runlim] sample:		1519.98 time, 1520.01 real, 391 MB
[runlim] sample:		1529.98 time, 1530.01 real, 391 MB
[runlim] sample:		1539.98 time, 1540.01 real, 419 MB
[runlim] sample:		1549.98 time, 1550.01 real, 420 MB
[runlim] sample:		1559.98 time, 1560.01 real, 472 MB
[runlim] sample:		1569.98 time, 1570.01 real, 472 MB
[runlim] sample:		1579.98 time, 1580.01 real, 472 MB
[runlim] sample:		1589.98 time, 1590.01 real, 472 MB
[runlim] sample:		1599.98 time, 1600.01 real, 472 MB
[runlim] sample:		1609.98 time, 1610.01 real, 472 MB
[runlim] sample:		1619.98 time, 1620.01 real, 472 MB
[runlim] sample:		1629.98 time, 1630.01 real, 472 MB
[runlim] sample:		1639.98 time, 1640.01 real, 472 MB
[runlim] sample:		1649.98 time, 1650.01 real, 472 MB
[runlim] sample:		1659.98 time, 1660.01 real, 472 MB
[runlim] sample:		1669.97 time, 1670.01 real, 492 MB
[runlim] sample:		1679.97 time, 1680.01 real, 531 MB
[runlim] sample:		1689.98 time, 1690.01 real, 463 MB
[runlim] sample:		1699.98 time, 1700.01 real, 464 MB
[runlim] sample:		1709.98 time, 1710.01 real, 464 MB
[runlim] sample:		1719.98 time, 1720.01 real, 453 MB
[runlim] sample:		1729.97 time, 1730.01 real, 453 MB
[runlim] sample:		1739.97 time, 1740.01 real, 453 MB
[runlim] sample:		1749.98 time, 1750.01 real, 458 MB
[runlim] sample:		1759.97 time, 1760.01 real, 458 MB
[runlim] sample:		1769.98 time, 1770.01 real, 458 MB
[runlim] sample:		1779.98 time, 1780.01 real, 457 MB
[runlim] sample:		1789.97 time, 1790.01 real, 460 MB
[runlim] sample:		1799.98 time, 1800.01 real, 457 MB
[runlim] sample:		1809.97 time, 1810.01 real, 456 MB
[runlim] sample:		1819.97 time, 1820.01 real, 456 MB
[runlim] sample:		1829.97 time, 1830.01 real, 456 MB
[runlim] sample:		1839.98 time, 1840.01 real, 458 MB
[runlim] sample:		1849.98 time, 1850.01 real, 457 MB
[runlim] sample:		1859.98 time, 1860.01 real, 457 MB
[runlim] sample:		1869.98 time, 1870.01 real, 457 MB
[runlim] sample:		1879.98 time, 1880.01 real, 457 MB
[runlim] sample:		1889.98 time, 1890.01 real, 457 MB
[runlim] sample:		1899.97 time, 1900.01 real, 404 MB
[runlim] sample:		1909.97 time, 1910.01 real, 404 MB
[runlim] sample:		1919.97 time, 1920.01 real, 404 MB
[runlim] sample:		1929.97 time, 1930.01 real, 404 MB
[runlim] sample:		1939.97 time, 1940.01 real, 404 MB
[runlim] sample:		1949.97 time, 1950.01 real, 404 MB
[runlim] sample:		1959.97 time, 1960.01 real, 404 MB
[runlim] sample:		1969.97 time, 1970.01 real, 404 MB
[runlim] sample:		1979.97 time, 1980.01 real, 404 MB
[runlim] sample:		1989.97 time, 1990.01 real, 404 MB
[runlim] sample:		1999.97 time, 2000.01 real, 382 MB
[runlim] sample:		2009.97 time, 2010.01 real, 490 MB
[runlim] sample:		2019.97 time, 2020.01 real, 490 MB
[runlim] sample:		2029.97 time, 2030.01 real, 490 MB
[runlim] sample:		2039.97 time, 2040.01 real, 490 MB
[runlim] sample:		2049.97 time, 2050.01 real, 490 MB
[runlim] sample:		2059.97 time, 2060.01 real, 490 MB
[runlim] sample:		2069.97 time, 2070.01 real, 490 MB
[runlim] sample:		2079.97 time, 2080.01 real, 490 MB
[runlim] sample:		2089.97 time, 2090.01 real, 490 MB
[runlim] sample:		2099.97 time, 2100.01 real, 507 MB
[runlim] sample:		2109.97 time, 2110.01 real, 507 MB
[runlim] sample:		2119.97 time, 2120.01 real, 507 MB
[runlim] sample:		2129.97 time, 2130.01 real, 533 MB
[runlim] sample:		2139.97 time, 2140.01 real, 533 MB
[runlim] sample:		2149.97 time, 2150.01 real, 577 MB
[runlim] sample:		2159.97 time, 2160.01 real, 467 MB
[runlim] sample:		2169.97 time, 2170.01 real, 486 MB
[runlim] sample:		2179.97 time, 2180.01 real, 457 MB
[runlim] sample:		2189.97 time, 2190.01 real, 479 MB
[runlim] sample:		2199.97 time, 2200.01 real, 459 MB
[runlim] sample:		2209.97 time, 2210.01 real, 459 MB
[runlim] sample:		2219.97 time, 2220.01 real, 461 MB
[runlim] sample:		2229.97 time, 2230.01 real, 459 MB
[runlim] sample:		2239.97 time, 2240.01 real, 424 MB
[runlim] sample:		2249.97 time, 2250.01 real, 443 MB
[runlim] sample:		2259.97 time, 2260.01 real, 423 MB
[runlim] sample:		2269.97 time, 2270.01 real, 423 MB
[runlim] sample:		2279.97 time, 2280.01 real, 443 MB
[runlim] sample:		2289.97 time, 2290.01 real, 423 MB
[runlim] sample:		2299.97 time, 2300.01 real, 423 MB
[runlim] sample:		2309.97 time, 2310.01 real, 423 MB
[runlim] sample:		2319.97 time, 2320.01 real, 424 MB
[runlim] sample:		2329.97 time, 2330.01 real, 424 MB
[runlim] sample:		2339.97 time, 2340.01 real, 423 MB
[runlim] sample:		2349.97 time, 2350.01 real, 423 MB
[runlim] sample:		2359.97 time, 2360.01 real, 423 MB
[runlim] sample:		2369.97 time, 2370.01 real, 423 MB
[runlim] sample:		2379.97 time, 2380.01 real, 423 MB
[runlim] sample:		2389.97 time, 2390.01 real, 424 MB
[runlim] sample:		2399.97 time, 2400.01 real, 432 MB
[runlim] sample:		2409.97 time, 2410.01 real, 432 MB
[runlim] sample:		2419.97 time, 2420.01 real, 432 MB
[runlim] sample:		2429.97 time, 2430.01 real, 432 MB
[runlim] sample:		2439.97 time, 2440.01 real, 432 MB
[runlim] sample:		2449.97 time, 2450.01 real, 432 MB
[runlim] sample:		2459.97 time, 2460.01 real, 432 MB
[runlim] sample:		2469.97 time, 2470.01 real, 432 MB
[runlim] sample:		2479.97 time, 2480.01 real, 432 MB
[runlim] sample:		2489.97 time, 2490.01 real, 432 MB
[runlim] sample:		2499.97 time, 2500.01 real, 432 MB
[runlim] sample:		2509.96 time, 2510.01 real, 520 MB
[runlim] sample:		2519.96 time, 2520.01 real, 520 MB
[runlim] sample:		2529.97 time, 2530.01 real, 520 MB
[runlim] sample:		2539.97 time, 2540.01 real, 520 MB
[runlim] sample:		2549.97 time, 2550.01 real, 520 MB
[runlim] sample:		2559.97 time, 2560.01 real, 565 MB
[runlim] sample:		2569.97 time, 2570.01 real, 583 MB
[runlim] sample:		2579.96 time, 2580.01 real, 615 MB
[runlim] sample:		2589.97 time, 2590.01 real, 491 MB
[runlim] sample:		2599.97 time, 2600.01 real, 511 MB
[runlim] sample:		2609.96 time, 2610.01 real, 474 MB
[runlim] sample:		2619.97 time, 2620.01 real, 475 MB
[runlim] sample:		2629.97 time, 2630.01 real, 475 MB
[runlim] sample:		2639.97 time, 2640.01 real, 475 MB
[runlim] sample:		2649.97 time, 2650.01 real, 476 MB
[runlim] sample:		2659.97 time, 2660.01 real, 474 MB
[runlim] sample:		2669.97 time, 2670.01 real, 439 MB
[runlim] sample:		2679.96 time, 2680.01 real, 459 MB
[runlim] sample:		2689.97 time, 2690.01 real, 445 MB
[runlim] sample:		2699.96 time, 2700.01 real, 438 MB
[runlim] sample:		2709.96 time, 2710.01 real, 438 MB
[runlim] sample:		2719.96 time, 2720.01 real, 438 MB
[runlim] sample:		2729.96 time, 2730.01 real, 438 MB
[runlim] sample:		2739.96 time, 2740.01 real, 425 MB
[runlim] sample:		2749.96 time, 2750.01 real, 439 MB
[runlim] sample:		2759.96 time, 2760.01 real, 439 MB
[runlim] sample:		2769.96 time, 2770.01 real, 439 MB
[runlim] sample:		2779.96 time, 2780.01 real, 439 MB
[runlim] sample:		2789.96 time, 2790.01 real, 440 MB
[runlim] sample:		2799.96 time, 2800.01 real, 440 MB
[runlim] sample:		2809.96 time, 2810.01 real, 440 MB
[runlim] sample:		2819.96 time, 2820.01 real, 463 MB
[runlim] sample:		2829.96 time, 2830.01 real, 463 MB
[runlim] sample:		2839.96 time, 2840.01 real, 463 MB
[runlim] sample:		2849.96 time, 2850.01 real, 463 MB
[runlim] sample:		2859.97 time, 2860.01 real, 437 MB
[runlim] sample:		2869.97 time, 2870.01 real, 437 MB
[runlim] sample:		2879.97 time, 2880.01 real, 437 MB
[runlim] sample:		2889.97 time, 2890.01 real, 437 MB
[runlim] sample:		2899.97 time, 2900.01 real, 437 MB
[runlim] sample:		2909.97 time, 2910.01 real, 437 MB
[runlim] sample:		2919.97 time, 2920.01 real, 437 MB
[runlim] sample:		2929.97 time, 2930.01 real, 437 MB
[runlim] sample:		2939.97 time, 2940.01 real, 437 MB
[runlim] sample:		2949.97 time, 2950.01 real, 437 MB
[runlim] sample:		2959.97 time, 2960.01 real, 437 MB
[runlim] sample:		2969.96 time, 2970.01 real, 471 MB
[runlim] sample:		2979.97 time, 2980.01 real, 480 MB
[runlim] sample:		2989.97 time, 2990.01 real, 480 MB
[runlim] sample:		2999.96 time, 3000.01 real, 486 MB
[runlim] sample:		3009.96 time, 3010.01 real, 486 MB
[runlim] sample:		3019.96 time, 3020.01 real, 486 MB
[runlim] sample:		3029.96 time, 3030.01 real, 563 MB
[runlim] sample:		3039.96 time, 3040.01 real, 563 MB
[runlim] sample:		3049.96 time, 3050.01 real, 563 MB
[runlim] sample:		3059.96 time, 3060.01 real, 563 MB
[runlim] sample:		3069.96 time, 3070.01 real, 563 MB
[runlim] sample:		3079.96 time, 3080.01 real, 563 MB
[runlim] sample:		3089.96 time, 3090.01 real, 563 MB
[runlim] sample:		3099.96 time, 3100.01 real, 563 MB
[runlim] sample:		3109.96 time, 3110.01 real, 496 MB
[runlim] sample:		3119.96 time, 3120.01 real, 605 MB
[runlim] sample:		3129.96 time, 3130.01 real, 672 MB
[runlim] sample:		3139.96 time, 3140.01 real, 438 MB
[runlim] sample:		3149.96 time, 3150.01 real, 463 MB
[runlim] sample:		3159.95 time, 3160.01 real, 492 MB
[runlim] sample:		3169.96 time, 3170.01 real, 449 MB
[runlim] sample:		3179.96 time, 3180.01 real, 477 MB
[runlim] sample:		3189.96 time, 3190.01 real, 449 MB
[runlim] sample:		3199.96 time, 3200.01 real, 449 MB
[runlim] sample:		3209.96 time, 3210.01 real, 449 MB
[runlim] sample:		3219.96 time, 3220.01 real, 449 MB
[runlim] sample:		3229.96 time, 3230.01 real, 449 MB
[runlim] sample:		3239.96 time, 3240.01 real, 449 MB
[runlim] sample:		3249.96 time, 3250.01 real, 449 MB
[runlim] sample:		3259.96 time, 3260.01 real, 449 MB
[runlim] sample:		3269.96 time, 3270.01 real, 449 MB
[runlim] sample:		3279.96 time, 3280.01 real, 449 MB
[runlim] sample:		3289.95 time, 3290.01 real, 476 MB
[runlim] sample:		3299.95 time, 3300.01 real, 458 MB
[runlim] sample:		3309.96 time, 3310.01 real, 461 MB
[runlim] sample:		3319.96 time, 3320.01 real, 488 MB
[runlim] sample:		3329.96 time, 3330.01 real, 460 MB
[runlim] sample:		3339.96 time, 3340.01 real, 462 MB
[runlim] sample:		3349.96 time, 3350.01 real, 462 MB
[runlim] sample:		3359.96 time, 3360.01 real, 462 MB
[runlim] sample:		3369.96 time, 3370.01 real, 462 MB
[runlim] sample:		3379.96 time, 3380.01 real, 462 MB
[runlim] sample:		3389.96 time, 3390.01 real, 462 MB
[runlim] sample:		3399.96 time, 3400.01 real, 462 MB
[runlim] sample:		3409.96 time, 3410.01 real, 462 MB
[runlim] sample:		3419.96 time, 3420.01 real, 446 MB
[runlim] sample:		3429.95 time, 3430.01 real, 461 MB
[runlim] sample:		3439.95 time, 3440.01 real, 461 MB
[runlim] sample:		3449.95 time, 3450.01 real, 461 MB
[runlim] sample:		3459.95 time, 3460.01 real, 461 MB
[runlim] sample:		3469.96 time, 3470.01 real, 478 MB
[runlim] sample:		3479.96 time, 3480.01 real, 478 MB
[runlim] sample:		3489.96 time, 3490.01 real, 478 MB
[runlim] sample:		3499.96 time, 3500.01 real, 478 MB
[runlim] sample:		3509.96 time, 3510.01 real, 478 MB
[runlim] sample:		3519.96 time, 3520.01 real, 478 MB
[runlim] sample:		3529.96 time, 3530.01 real, 478 MB
[runlim] sample:		3539.96 time, 3540.01 real, 478 MB
[runlim] sample:		3549.95 time, 3550.01 real, 501 MB
[runlim] sample:		3559.95 time, 3560.01 real, 516 MB
[runlim] sample:		3569.95 time, 3570.01 real, 516 MB
[runlim] sample:		3579.95 time, 3580.01 real, 516 MB
[runlim] sample:		3589.95 time, 3590.01 real, 516 MB
[runlim] sample:		3599.95 time, 3600.01 real, 595 MB
[runlim] end:			Fri Oct 18 08:59:59 2019
[runlim] status:		out of time
[runlim] result:		2
[runlim] children:		2
[runlim] real:			3600.10 seconds
[runlim] time:			3599.95 seconds
[runlim] space:			672 MB
[runlim] samples:		36000
