[runlim] version:		1.17
[runlim] host:			c3n09
[runlim] time limit:		311040000 seconds
[runlim] real time limit:	3600 seconds
[runlim] space limit:		120000 MB
[runlim] argv[0]:		./run-btormc-master.sh
[runlim] argv[1]:		/tmp/F9xBUBKn.btor
[runlim] start:			Fri Oct 18 06:48:33 2019
[runlim] child:			20660
[runlim] sample:		10.00 time, 10.02 real, 105 MB
[runlim] sample:		20.00 time, 20.02 real, 192 MB
[runlim] sample:		30.00 time, 30.02 real, 279 MB
[runlim] sample:		40.00 time, 40.02 real, 379 MB
[runlim] sample:		50.00 time, 50.02 real, 431 MB
[runlim] sample:		60.00 time, 60.02 real, 470 MB
[runlim] sample:		70.00 time, 70.02 real, 579 MB
[runlim] sample:		80.00 time, 80.02 real, 660 MB
[runlim] sample:		89.99 time, 90.02 real, 663 MB
[runlim] sample:		100.00 time, 100.02 real, 721 MB
[runlim] sample:		110.00 time, 110.02 real, 782 MB
[runlim] sample:		120.00 time, 120.02 real, 733 MB
[runlim] sample:		130.00 time, 130.02 real, 688 MB
[runlim] sample:		140.00 time, 140.02 real, 855 MB
[runlim] sample:		150.00 time, 150.02 real, 974 MB
[runlim] sample:		160.00 time, 160.02 real, 989 MB
[runlim] sample:		169.99 time, 170.02 real, 1025 MB
[runlim] sample:		180.00 time, 180.02 real, 1054 MB
[runlim] sample:		189.99 time, 190.02 real, 1073 MB
[runlim] sample:		200.00 time, 200.02 real, 1077 MB
[runlim] end:			Fri Oct 18 06:51:57 2019
[runlim] status:		ok
[runlim] result:		0
[runlim] children:		2
[runlim] real:			204.48 seconds
[runlim] time:			204.40 seconds
[runlim] space:			1131 MB
[runlim] samples:		2044
