[runlim] version:		1.17
[runlim] host:			c3n24
[runlim] time limit:		311040000 seconds
[runlim] real time limit:	3600 seconds
[runlim] space limit:		120000 MB
[runlim] argv[0]:		./run-btormc-master.sh
[runlim] argv[1]:		/tmp/md8UeC96.btor
[runlim] start:			Fri Oct 18 06:55:21 2019
[runlim] child:			6076
[runlim] sample:		10.00 time, 10.01 real, 198 MB
[runlim] sample:		20.00 time, 20.01 real, 278 MB
[runlim] sample:		30.00 time, 30.01 real, 336 MB
[runlim] sample:		40.00 time, 40.01 real, 378 MB
[runlim] sample:		50.00 time, 50.01 real, 372 MB
[runlim] sample:		59.99 time, 60.01 real, 412 MB
[runlim] sample:		70.00 time, 70.01 real, 430 MB
[runlim] sample:		80.00 time, 80.01 real, 452 MB
[runlim] sample:		90.00 time, 90.01 real, 452 MB
[runlim] sample:		100.00 time, 100.01 real, 453 MB
[runlim] sample:		110.00 time, 110.01 real, 476 MB
[runlim] sample:		120.00 time, 120.01 real, 561 MB
[runlim] sample:		130.00 time, 130.01 real, 541 MB
[runlim] sample:		139.99 time, 140.01 real, 595 MB
[runlim] sample:		149.99 time, 150.01 real, 489 MB
[runlim] sample:		160.00 time, 160.01 real, 544 MB
[runlim] sample:		169.99 time, 170.01 real, 487 MB
[runlim] sample:		179.99 time, 180.01 real, 563 MB
[runlim] sample:		189.99 time, 190.01 real, 640 MB
[runlim] sample:		199.99 time, 200.01 real, 640 MB
[runlim] sample:		210.00 time, 210.01 real, 579 MB
[runlim] sample:		220.00 time, 220.01 real, 656 MB
[runlim] sample:		230.00 time, 230.01 real, 701 MB
[runlim] sample:		240.00 time, 240.01 real, 741 MB
[runlim] sample:		249.99 time, 250.01 real, 742 MB
[runlim] sample:		259.99 time, 260.01 real, 674 MB
[runlim] sample:		269.99 time, 270.01 real, 762 MB
[runlim] sample:		279.99 time, 280.01 real, 778 MB
[runlim] sample:		290.00 time, 290.01 real, 794 MB
[runlim] sample:		300.00 time, 300.01 real, 824 MB
[runlim] sample:		310.00 time, 310.01 real, 824 MB
[runlim] sample:		319.99 time, 320.01 real, 844 MB
[runlim] sample:		329.99 time, 330.01 real, 842 MB
[runlim] sample:		339.99 time, 340.01 real, 842 MB
[runlim] sample:		349.99 time, 350.01 real, 858 MB
[runlim] sample:		359.99 time, 360.01 real, 848 MB
[runlim] sample:		369.99 time, 370.01 real, 879 MB
[runlim] sample:		380.00 time, 380.01 real, 880 MB
[runlim] sample:		389.99 time, 390.01 real, 880 MB
[runlim] sample:		399.99 time, 400.01 real, 755 MB
[runlim] sample:		409.99 time, 410.01 real, 859 MB
[runlim] sample:		419.99 time, 420.01 real, 859 MB
[runlim] sample:		429.99 time, 430.01 real, 892 MB
[runlim] sample:		439.99 time, 440.01 real, 892 MB
[runlim] sample:		449.99 time, 450.01 real, 892 MB
[runlim] sample:		459.99 time, 460.01 real, 893 MB
[runlim] sample:		469.99 time, 470.01 real, 783 MB
[runlim] sample:		479.99 time, 480.01 real, 915 MB
[runlim] sample:		489.99 time, 490.01 real, 767 MB
[runlim] sample:		499.99 time, 500.01 real, 887 MB
[runlim] sample:		509.99 time, 510.01 real, 887 MB
[runlim] sample:		519.99 time, 520.02 real, 887 MB
[runlim] sample:		529.99 time, 530.02 real, 955 MB
[runlim] sample:		539.99 time, 540.02 real, 955 MB
[runlim] sample:		549.99 time, 550.02 real, 955 MB
[runlim] sample:		559.99 time, 560.02 real, 955 MB
[runlim] sample:		569.99 time, 570.02 real, 956 MB
[runlim] sample:		579.99 time, 580.02 real, 957 MB
[runlim] sample:		589.99 time, 590.02 real, 958 MB
[runlim] sample:		599.98 time, 600.02 real, 920 MB
[runlim] sample:		609.99 time, 610.02 real, 940 MB
[runlim] sample:		619.99 time, 620.02 real, 940 MB
[runlim] sample:		629.99 time, 630.02 real, 940 MB
[runlim] sample:		639.99 time, 640.02 real, 940 MB
[runlim] sample:		649.99 time, 650.02 real, 940 MB
[runlim] sample:		659.99 time, 660.02 real, 940 MB
[runlim] sample:		669.99 time, 670.02 real, 1007 MB
[runlim] sample:		679.99 time, 680.02 real, 1007 MB
[runlim] sample:		689.99 time, 690.02 real, 836 MB
[runlim] sample:		699.99 time, 700.02 real, 956 MB
[runlim] sample:		709.99 time, 710.02 real, 956 MB
[runlim] sample:		719.99 time, 720.02 real, 956 MB
[runlim] sample:		729.99 time, 730.02 real, 956 MB
[runlim] sample:		739.99 time, 740.02 real, 906 MB
[runlim] sample:		749.99 time, 750.02 real, 1001 MB
[runlim] sample:		759.99 time, 760.02 real, 1021 MB
[runlim] sample:		769.99 time, 770.02 real, 1021 MB
[runlim] sample:		779.99 time, 780.02 real, 1021 MB
[runlim] sample:		789.99 time, 790.02 real, 973 MB
[runlim] sample:		799.99 time, 800.02 real, 997 MB
[runlim] sample:		809.99 time, 810.02 real, 997 MB
[runlim] sample:		819.99 time, 820.02 real, 1064 MB
[runlim] sample:		829.99 time, 830.02 real, 897 MB
[runlim] sample:		839.99 time, 840.02 real, 1122 MB
[runlim] sample:		849.99 time, 850.02 real, 1057 MB
[runlim] sample:		859.99 time, 860.01 real, 1116 MB
[runlim] sample:		869.99 time, 870.02 real, 1116 MB
[runlim] sample:		879.99 time, 880.02 real, 1116 MB
[runlim] sample:		889.99 time, 890.02 real, 1116 MB
[runlim] sample:		899.99 time, 900.02 real, 1059 MB
[runlim] sample:		909.99 time, 910.02 real, 930 MB
[runlim] sample:		919.99 time, 920.02 real, 1119 MB
[runlim] sample:		929.99 time, 930.02 real, 1119 MB
[runlim] sample:		939.99 time, 940.02 real, 1000 MB
[runlim] sample:		949.99 time, 950.02 real, 1096 MB
[runlim] sample:		959.99 time, 960.02 real, 1056 MB
[runlim] sample:		969.99 time, 970.01 real, 1129 MB
[runlim] sample:		979.99 time, 980.02 real, 1129 MB
[runlim] sample:		989.99 time, 990.02 real, 1129 MB
[runlim] sample:		999.99 time, 1000.02 real, 1129 MB
[runlim] sample:		1009.99 time, 1010.02 real, 1129 MB
[runlim] sample:		1019.99 time, 1020.02 real, 1129 MB
[runlim] sample:		1029.99 time, 1030.02 real, 1193 MB
[runlim] sample:		1039.99 time, 1040.02 real, 1193 MB
[runlim] sample:		1049.99 time, 1050.01 real, 1146 MB
[runlim] sample:		1059.99 time, 1060.02 real, 1146 MB
[runlim] sample:		1069.99 time, 1070.02 real, 1146 MB
[runlim] sample:		1079.99 time, 1080.02 real, 1146 MB
[runlim] sample:		1089.99 time, 1090.02 real, 1165 MB
[runlim] sample:		1099.99 time, 1100.02 real, 1165 MB
[runlim] sample:		1109.99 time, 1110.02 real, 1165 MB
[runlim] sample:		1119.99 time, 1120.02 real, 1167 MB
[runlim] sample:		1129.99 time, 1130.02 real, 1167 MB
[runlim] sample:		1139.99 time, 1140.02 real, 1028 MB
[runlim] sample:		1149.99 time, 1150.02 real, 1027 MB
[runlim] sample:		1159.99 time, 1160.02 real, 1177 MB
[runlim] sample:		1169.99 time, 1170.02 real, 1148 MB
[runlim] sample:		1179.98 time, 1180.01 real, 1191 MB
[runlim] sample:		1189.99 time, 1190.02 real, 1191 MB
[runlim] sample:		1199.99 time, 1200.02 real, 1062 MB
[runlim] sample:		1209.99 time, 1210.02 real, 1177 MB
[runlim] sample:		1220.00 time, 1220.01 real, 1177 MB
[runlim] sample:		1230.00 time, 1230.02 real, 1177 MB
[runlim] sample:		1239.99 time, 1240.02 real, 1252 MB
[runlim] sample:		1249.99 time, 1250.02 real, 1252 MB
[runlim] sample:		1260.00 time, 1260.02 real, 1252 MB
[runlim] sample:		1269.99 time, 1270.02 real, 1271 MB
[runlim] sample:		1279.99 time, 1280.02 real, 1271 MB
[runlim] sample:		1289.99 time, 1290.02 real, 1271 MB
[runlim] sample:		1299.99 time, 1300.02 real, 1271 MB
[runlim] sample:		1309.99 time, 1310.02 real, 1271 MB
[runlim] sample:		1319.99 time, 1320.02 real, 1275 MB
[runlim] sample:		1329.99 time, 1330.02 real, 1275 MB
[runlim] sample:		1339.99 time, 1340.02 real, 1275 MB
[runlim] sample:		1349.99 time, 1350.01 real, 1275 MB
[runlim] sample:		1359.99 time, 1360.02 real, 1275 MB
[runlim] sample:		1369.99 time, 1370.02 real, 1275 MB
[runlim] sample:		1379.99 time, 1380.02 real, 1275 MB
[runlim] sample:		1390.00 time, 1390.02 real, 1436 MB
[runlim] sample:		1399.99 time, 1400.02 real, 1613 MB
[runlim] sample:		1409.99 time, 1410.01 real, 1670 MB
[runlim] sample:		1419.99 time, 1420.02 real, 1586 MB
[runlim] sample:		1429.99 time, 1430.01 real, 1587 MB
[runlim] sample:		1440.00 time, 1440.02 real, 1559 MB
[runlim] sample:		1450.00 time, 1450.02 real, 1444 MB
[runlim] sample:		1460.00 time, 1460.01 real, 1546 MB
[runlim] sample:		1469.98 time, 1470.01 real, 1546 MB
[runlim] sample:		1479.99 time, 1480.01 real, 1546 MB
[runlim] sample:		1489.99 time, 1490.01 real, 1546 MB
[runlim] sample:		1499.99 time, 1500.02 real, 1703 MB
[runlim] sample:		1509.99 time, 1510.02 real, 1313 MB
[runlim] sample:		1519.99 time, 1520.02 real, 1280 MB
[runlim] sample:		1529.99 time, 1530.02 real, 1278 MB
[runlim] sample:		1539.99 time, 1540.02 real, 1278 MB
[runlim] sample:		1550.00 time, 1550.02 real, 1278 MB
[runlim] sample:		1560.00 time, 1560.02 real, 1278 MB
[runlim] sample:		1570.00 time, 1570.02 real, 1278 MB
[runlim] sample:		1579.99 time, 1580.02 real, 1278 MB
[runlim] sample:		1589.99 time, 1590.02 real, 1278 MB
[runlim] sample:		1599.99 time, 1600.02 real, 1278 MB
[runlim] sample:		1609.99 time, 1610.02 real, 1278 MB
[runlim] sample:		1619.99 time, 1620.02 real, 1348 MB
[runlim] sample:		1629.99 time, 1630.02 real, 1348 MB
[runlim] sample:		1639.99 time, 1640.02 real, 1348 MB
[runlim] sample:		1649.99 time, 1650.02 real, 1348 MB
[runlim] sample:		1660.00 time, 1660.02 real, 1348 MB
[runlim] sample:		1669.99 time, 1670.02 real, 1349 MB
[runlim] sample:		1679.99 time, 1680.02 real, 1349 MB
[runlim] sample:		1689.99 time, 1690.02 real, 1285 MB
[runlim] sample:		1699.99 time, 1700.01 real, 1289 MB
[runlim] sample:		1710.00 time, 1710.02 real, 1288 MB
[runlim] sample:		1719.99 time, 1720.02 real, 1288 MB
[runlim] sample:		1729.99 time, 1730.02 real, 1288 MB
[runlim] sample:		1739.99 time, 1740.02 real, 1288 MB
[runlim] sample:		1750.00 time, 1750.02 real, 1288 MB
[runlim] sample:		1760.00 time, 1760.02 real, 1288 MB
[runlim] sample:		1769.99 time, 1770.02 real, 1335 MB
[runlim] sample:		1779.99 time, 1780.02 real, 1212 MB
[runlim] sample:		1789.99 time, 1790.02 real, 1330 MB
[runlim] sample:		1799.99 time, 1800.02 real, 1330 MB
[runlim] sample:		1809.99 time, 1810.02 real, 1330 MB
[runlim] sample:		1819.99 time, 1820.02 real, 1330 MB
[runlim] sample:		1829.99 time, 1830.02 real, 1330 MB
[runlim] sample:		1839.99 time, 1840.02 real, 1468 MB
[runlim] sample:		1850.00 time, 1850.02 real, 1419 MB
[runlim] sample:		1860.00 time, 1860.02 real, 1419 MB
[runlim] sample:		1869.99 time, 1870.02 real, 1419 MB
[runlim] sample:		1879.99 time, 1880.02 real, 1419 MB
[runlim] sample:		1889.99 time, 1890.02 real, 1419 MB
[runlim] sample:		1899.99 time, 1900.01 real, 1333 MB
[runlim] sample:		1909.99 time, 1910.01 real, 1341 MB
[runlim] sample:		1920.00 time, 1920.01 real, 1341 MB
[runlim] sample:		1930.00 time, 1930.01 real, 1341 MB
[runlim] sample:		1939.99 time, 1940.01 real, 1413 MB
[runlim] sample:		1949.99 time, 1950.01 real, 1413 MB
[runlim] sample:		1960.00 time, 1960.01 real, 1413 MB
[runlim] sample:		1970.00 time, 1970.01 real, 1181 MB
[runlim] sample:		1979.99 time, 1980.01 real, 1371 MB
[runlim] sample:		1990.00 time, 1990.01 real, 1370 MB
[runlim] sample:		1999.99 time, 2000.01 real, 1370 MB
[runlim] sample:		2009.99 time, 2010.01 real, 1438 MB
[runlim] sample:		2020.00 time, 2020.01 real, 1438 MB
[runlim] sample:		2029.99 time, 2030.01 real, 1438 MB
[runlim] sample:		2039.99 time, 2040.01 real, 1438 MB
[runlim] sample:		2049.99 time, 2050.01 real, 1438 MB
[runlim] sample:		2059.99 time, 2060.01 real, 1374 MB
[runlim] sample:		2070.00 time, 2070.01 real, 1375 MB
[runlim] sample:		2079.99 time, 2080.01 real, 1375 MB
[runlim] sample:		2089.99 time, 2090.01 real, 1659 MB
[runlim] sample:		2099.99 time, 2100.01 real, 1433 MB
[runlim] sample:		2110.00 time, 2110.01 real, 1433 MB
[runlim] sample:		2119.99 time, 2120.01 real, 1433 MB
[runlim] sample:		2129.99 time, 2130.01 real, 1433 MB
[runlim] sample:		2139.99 time, 2140.01 real, 1347 MB
[runlim] sample:		2150.00 time, 2150.01 real, 1366 MB
[runlim] sample:		2159.99 time, 2160.01 real, 1403 MB
[runlim] sample:		2169.99 time, 2170.01 real, 1403 MB
[runlim] sample:		2180.00 time, 2180.01 real, 1403 MB
[runlim] sample:		2189.99 time, 2190.01 real, 1403 MB
[runlim] sample:		2200.00 time, 2200.01 real, 1403 MB
[runlim] sample:		2210.00 time, 2210.01 real, 1403 MB
[runlim] sample:		2219.99 time, 2220.01 real, 1403 MB
[runlim] sample:		2229.99 time, 2230.01 real, 1403 MB
[runlim] sample:		2239.99 time, 2240.01 real, 1413 MB
[runlim] sample:		2250.00 time, 2250.01 real, 1413 MB
[runlim] sample:		2260.00 time, 2260.01 real, 1413 MB
[runlim] sample:		2269.99 time, 2270.01 real, 1433 MB
[runlim] sample:		2279.99 time, 2280.01 real, 1434 MB
[runlim] sample:		2290.00 time, 2290.01 real, 1434 MB
[runlim] sample:		2300.00 time, 2300.01 real, 1434 MB
[runlim] sample:		2309.99 time, 2310.01 real, 1434 MB
[runlim] sample:		2319.99 time, 2320.01 real, 1463 MB
[runlim] sample:		2330.00 time, 2330.01 real, 1262 MB
[runlim] sample:		2339.99 time, 2340.01 real, 1436 MB
[runlim] sample:		2350.00 time, 2350.01 real, 1436 MB
[runlim] sample:		2360.00 time, 2360.01 real, 1436 MB
[runlim] sample:		2370.00 time, 2370.01 real, 1436 MB
[runlim] sample:		2379.99 time, 2380.01 real, 1436 MB
[runlim] sample:		2389.99 time, 2390.01 real, 1436 MB
[runlim] sample:		2399.99 time, 2400.01 real, 1436 MB
[runlim] sample:		2410.00 time, 2410.01 real, 1436 MB
[runlim] sample:		2420.00 time, 2420.01 real, 1442 MB
[runlim] sample:		2429.99 time, 2430.01 real, 1740 MB
[runlim] sample:		2440.00 time, 2440.01 real, 1740 MB
[runlim] sample:		2449.99 time, 2450.01 real, 1610 MB
[runlim] sample:		2459.99 time, 2460.01 real, 1610 MB
[runlim] sample:		2470.00 time, 2470.01 real, 1610 MB
[runlim] sample:		2480.00 time, 2480.01 real, 1763 MB
[runlim] sample:		2490.00 time, 2490.01 real, 1587 MB
[runlim] sample:		2499.99 time, 2500.01 real, 1587 MB
[runlim] sample:		2509.99 time, 2510.01 real, 1639 MB
[runlim] sample:		2520.00 time, 2520.01 real, 1639 MB
[runlim] sample:		2530.00 time, 2530.01 real, 1639 MB
[runlim] sample:		2540.00 time, 2540.01 real, 1639 MB
[runlim] sample:		2550.00 time, 2550.01 real, 1639 MB
[runlim] sample:		2560.00 time, 2560.01 real, 1414 MB
[runlim] sample:		2570.00 time, 2570.01 real, 1591 MB
[runlim] sample:		2580.00 time, 2580.01 real, 1591 MB
[runlim] sample:		2589.99 time, 2590.01 real, 1591 MB
[runlim] sample:		2600.00 time, 2600.01 real, 1591 MB
[runlim] sample:		2609.99 time, 2610.01 real, 1591 MB
[runlim] sample:		2620.00 time, 2620.01 real, 1591 MB
[runlim] sample:		2630.00 time, 2630.01 real, 1591 MB
[runlim] sample:		2639.99 time, 2640.01 real, 1591 MB
[runlim] sample:		2650.00 time, 2650.01 real, 1591 MB
[runlim] sample:		2660.00 time, 2660.01 real, 1591 MB
[runlim] sample:		2670.00 time, 2670.01 real, 1591 MB
[runlim] sample:		2679.99 time, 2680.01 real, 1591 MB
[runlim] sample:		2690.00 time, 2690.01 real, 1591 MB
[runlim] sample:		2699.99 time, 2700.01 real, 1591 MB
[runlim] sample:		2710.00 time, 2710.01 real, 1591 MB
[runlim] sample:		2719.99 time, 2720.01 real, 1591 MB
[runlim] sample:		2730.00 time, 2730.01 real, 1594 MB
[runlim] sample:		2740.00 time, 2740.01 real, 1665 MB
[runlim] sample:		2750.00 time, 2750.01 real, 1665 MB
[runlim] sample:		2760.00 time, 2760.01 real, 1665 MB
[runlim] sample:		2770.00 time, 2770.01 real, 1665 MB
[runlim] sample:		2780.00 time, 2780.01 real, 1665 MB
[runlim] sample:		2790.00 time, 2790.01 real, 1665 MB
[runlim] sample:		2800.00 time, 2800.01 real, 1665 MB
[runlim] sample:		2810.00 time, 2810.01 real, 1665 MB
[runlim] sample:		2820.00 time, 2820.01 real, 1665 MB
[runlim] sample:		2830.00 time, 2830.01 real, 1665 MB
[runlim] sample:		2840.00 time, 2840.01 real, 1665 MB
[runlim] sample:		2850.00 time, 2850.01 real, 1665 MB
[runlim] sample:		2860.00 time, 2860.01 real, 1482 MB
[runlim] sample:		2870.00 time, 2870.01 real, 1645 MB
[runlim] sample:		2880.00 time, 2880.01 real, 1644 MB
[runlim] sample:		2889.99 time, 2890.01 real, 1644 MB
[runlim] sample:		2899.99 time, 2900.01 real, 1644 MB
[runlim] sample:		2910.01 time, 2910.01 real, 1671 MB
[runlim] sample:		2920.00 time, 2920.01 real, 1671 MB
[runlim] sample:		2930.00 time, 2930.01 real, 1671 MB
[runlim] sample:		2940.00 time, 2940.01 real, 1467 MB
[runlim] sample:		2949.99 time, 2950.01 real, 1665 MB
[runlim] sample:		2960.00 time, 2960.01 real, 1648 MB
[runlim] sample:		2970.00 time, 2970.01 real, 1648 MB
[runlim] sample:		2979.99 time, 2980.01 real, 1648 MB
[runlim] sample:		2990.00 time, 2990.01 real, 1648 MB
[runlim] sample:		3000.00 time, 3000.01 real, 1648 MB
[runlim] sample:		3010.00 time, 3010.01 real, 1648 MB
[runlim] sample:		3020.00 time, 3020.01 real, 1648 MB
[runlim] sample:		3029.99 time, 3030.01 real, 1648 MB
[runlim] sample:		3040.00 time, 3040.01 real, 1648 MB
[runlim] sample:		3050.00 time, 3050.01 real, 1648 MB
[runlim] sample:		3060.00 time, 3060.01 real, 1675 MB
[runlim] sample:		3070.00 time, 3070.01 real, 1675 MB
[runlim] sample:		3080.00 time, 3080.01 real, 1675 MB
[runlim] sample:		3090.00 time, 3090.01 real, 1469 MB
[runlim] sample:		3099.99 time, 3100.01 real, 1651 MB
[runlim] sample:		3110.00 time, 3110.01 real, 1651 MB
[runlim] sample:		3120.00 time, 3120.01 real, 1651 MB
[runlim] sample:		3130.00 time, 3130.01 real, 1678 MB
[runlim] sample:		3140.00 time, 3140.01 real, 1678 MB
[runlim] sample:		3150.00 time, 3150.01 real, 1678 MB
[runlim] sample:		3160.00 time, 3160.01 real, 1678 MB
[runlim] sample:		3170.00 time, 3170.01 real, 1678 MB
[runlim] sample:		3180.00 time, 3180.01 real, 1678 MB
[runlim] sample:		3190.00 time, 3190.01 real, 1678 MB
[runlim] sample:		3200.01 time, 3200.01 real, 1678 MB
[runlim] sample:		3210.00 time, 3210.01 real, 1678 MB
[runlim] sample:		3220.00 time, 3220.01 real, 1678 MB
[runlim] sample:		3230.00 time, 3230.01 real, 1678 MB
[runlim] sample:		3240.01 time, 3240.01 real, 1678 MB
[runlim] sample:		3250.01 time, 3250.01 real, 1678 MB
[runlim] sample:		3260.00 time, 3260.01 real, 1678 MB
[runlim] sample:		3270.00 time, 3270.01 real, 1925 MB
[runlim] sample:		3280.00 time, 3280.01 real, 1925 MB
[runlim] sample:		3290.01 time, 3290.01 real, 1925 MB
[runlim] sample:		3300.00 time, 3300.01 real, 1813 MB
[runlim] sample:		3310.01 time, 3310.01 real, 1851 MB
[runlim] sample:		3320.01 time, 3320.01 real, 2038 MB
[runlim] sample:		3330.00 time, 3330.01 real, 2077 MB
[runlim] sample:		3340.00 time, 3340.01 real, 2116 MB
[runlim] sample:		3350.00 time, 3350.01 real, 2116 MB
[runlim] sample:		3360.00 time, 3360.01 real, 2187 MB
[runlim] sample:		3370.00 time, 3370.01 real, 2265 MB
[runlim] sample:		3380.00 time, 3380.01 real, 2265 MB
[runlim] sample:		3390.00 time, 3390.01 real, 2265 MB
[runlim] sample:		3400.00 time, 3400.01 real, 2265 MB
[runlim] sample:		3410.01 time, 3410.01 real, 2265 MB
[runlim] sample:		3420.01 time, 3420.01 real, 2265 MB
[runlim] sample:		3430.00 time, 3430.01 real, 1810 MB
[runlim] sample:		3440.01 time, 3440.01 real, 1811 MB
[runlim] sample:		3450.00 time, 3450.01 real, 1943 MB
[runlim] sample:		3460.00 time, 3460.01 real, 1943 MB
[runlim] sample:		3470.00 time, 3470.01 real, 1943 MB
[runlim] sample:		3480.00 time, 3480.01 real, 1792 MB
[runlim] sample:		3490.00 time, 3490.01 real, 1700 MB
[runlim] sample:		3500.00 time, 3500.01 real, 1700 MB
[runlim] sample:		3510.00 time, 3510.01 real, 1700 MB
[runlim] sample:		3520.00 time, 3520.01 real, 1700 MB
[runlim] sample:		3530.00 time, 3530.01 real, 1700 MB
[runlim] sample:		3540.00 time, 3540.01 real, 1847 MB
[runlim] sample:		3550.00 time, 3550.01 real, 1851 MB
[runlim] sample:		3560.01 time, 3560.01 real, 1648 MB
[runlim] sample:		3570.01 time, 3570.01 real, 1703 MB
[runlim] sample:		3580.00 time, 3580.01 real, 1703 MB
[runlim] sample:		3590.00 time, 3590.01 real, 1703 MB
[runlim] sample:		3600.01 time, 3600.01 real, 1703 MB
[runlim] end:			Fri Oct 18 07:55:21 2019
[runlim] status:		out of time
[runlim] result:		2
[runlim] children:		2
[runlim] real:			3600.10 seconds
[runlim] time:			3600.01 seconds
[runlim] space:			2494 MB
[runlim] samples:		36000
