[runlim] version:		1.17
[runlim] host:			c3n02
[runlim] time limit:		311040000 seconds
[runlim] real time limit:	3600 seconds
[runlim] space limit:		120000 MB
[runlim] argv[0]:		./run-btormc-master.sh
[runlim] argv[1]:		/tmp/hVkW7svL.btor
[runlim] start:			Fri Oct 18 05:15:48 2019
[runlim] child:			7090
warning: unsupported tag 'output'
warning: unsupported tag 'output'
warning: unsupported tag 'output'
warning: unsupported tag 'output'
warning: unsupported tag 'output'
warning: unsupported tag 'output'
warning: unsupported tag 'output'
warning: unsupported tag 'output'
warning: unsupported tag 'output'
warning: unsupported tag 'output'
warning: unsupported tag 'output'
warning: unsupported tag 'output'
warning: unsupported tag 'output'
warning: unsupported tag 'output'
warning: unsupported tag 'output'
warning: unsupported tag 'output'
warning: unsupported tag 'output'
warning: unsupported tag 'output'
[runlim] sample:		10.00 time, 10.02 real, 114 MB
[runlim] sample:		20.00 time, 20.02 real, 177 MB
[runlim] sample:		30.00 time, 30.02 real, 211 MB
[runlim] sample:		40.00 time, 40.02 real, 264 MB
[runlim] sample:		50.00 time, 50.02 real, 285 MB
[runlim] sample:		60.00 time, 60.02 real, 303 MB
[runlim] sample:		70.00 time, 70.02 real, 352 MB
[runlim] sample:		80.00 time, 80.02 real, 363 MB
[runlim] sample:		90.00 time, 90.02 real, 323 MB
[runlim] sample:		100.00 time, 100.02 real, 420 MB
[runlim] sample:		110.00 time, 110.02 real, 420 MB
[runlim] sample:		120.00 time, 120.02 real, 420 MB
[runlim] sample:		130.00 time, 130.02 real, 435 MB
[runlim] sample:		140.00 time, 140.02 real, 436 MB
[runlim] sample:		150.00 time, 150.02 real, 436 MB
[runlim] sample:		160.00 time, 160.02 real, 468 MB
[runlim] sample:		170.00 time, 170.02 real, 468 MB
[runlim] sample:		180.00 time, 180.02 real, 468 MB
[runlim] sample:		190.00 time, 190.02 real, 468 MB
[runlim] sample:		199.99 time, 200.02 real, 468 MB
[runlim] sample:		210.00 time, 210.02 real, 477 MB
[runlim] sample:		219.99 time, 220.02 real, 478 MB
[runlim] sample:		230.00 time, 230.02 real, 507 MB
[runlim] sample:		239.99 time, 240.02 real, 507 MB
[runlim] sample:		249.99 time, 250.02 real, 507 MB
[runlim] sample:		259.99 time, 260.02 real, 507 MB
[runlim] sample:		269.99 time, 270.02 real, 387 MB
[runlim] sample:		279.99 time, 280.02 real, 482 MB
[runlim] sample:		290.00 time, 290.02 real, 513 MB
[runlim] sample:		300.00 time, 300.02 real, 513 MB
[runlim] sample:		310.00 time, 310.02 real, 513 MB
[runlim] sample:		320.00 time, 320.02 real, 515 MB
[runlim] sample:		330.00 time, 330.02 real, 516 MB
[runlim] sample:		339.99 time, 340.02 real, 517 MB
[runlim] sample:		349.99 time, 350.02 real, 529 MB
[runlim] sample:		360.00 time, 360.02 real, 529 MB
[runlim] sample:		370.00 time, 370.02 real, 529 MB
[runlim] sample:		380.00 time, 380.02 real, 530 MB
[runlim] sample:		389.99 time, 390.02 real, 481 MB
[runlim] sample:		399.99 time, 400.02 real, 526 MB
[runlim] sample:		409.99 time, 410.02 real, 538 MB
[runlim] sample:		419.99 time, 420.02 real, 538 MB
[runlim] sample:		430.00 time, 430.02 real, 538 MB
[runlim] sample:		439.99 time, 440.02 real, 538 MB
[runlim] sample:		450.00 time, 450.02 real, 538 MB
[runlim] sample:		460.00 time, 460.02 real, 487 MB
[runlim] sample:		470.00 time, 470.02 real, 497 MB
[runlim] sample:		480.00 time, 480.02 real, 497 MB
[runlim] sample:		489.99 time, 490.02 real, 497 MB
[runlim] sample:		499.99 time, 500.02 real, 518 MB
[runlim] sample:		509.99 time, 510.02 real, 518 MB
[runlim] sample:		519.99 time, 520.02 real, 559 MB
[runlim] sample:		530.00 time, 530.02 real, 604 MB
[runlim] sample:		540.00 time, 540.02 real, 609 MB
[runlim] sample:		550.00 time, 550.02 real, 609 MB
[runlim] sample:		559.99 time, 560.01 real, 545 MB
[runlim] sample:		569.99 time, 570.02 real, 656 MB
[runlim] sample:		580.00 time, 580.02 real, 657 MB
[runlim] sample:		589.99 time, 590.02 real, 697 MB
[runlim] sample:		599.99 time, 600.02 real, 697 MB
[runlim] sample:		609.99 time, 610.02 real, 654 MB
[runlim] sample:		619.99 time, 620.02 real, 682 MB
[runlim] sample:		630.00 time, 630.02 real, 682 MB
[runlim] sample:		639.99 time, 640.02 real, 683 MB
[runlim] sample:		649.99 time, 650.02 real, 740 MB
[runlim] sample:		660.00 time, 660.02 real, 740 MB
[runlim] sample:		669.99 time, 670.02 real, 740 MB
[runlim] sample:		679.99 time, 680.02 real, 742 MB
[runlim] sample:		690.00 time, 690.02 real, 742 MB
[runlim] sample:		699.99 time, 700.02 real, 742 MB
[runlim] sample:		709.99 time, 710.02 real, 742 MB
[runlim] sample:		720.00 time, 720.02 real, 742 MB
[runlim] sample:		729.99 time, 730.02 real, 632 MB
[runlim] sample:		739.99 time, 740.02 real, 668 MB
[runlim] sample:		750.00 time, 750.02 real, 764 MB
[runlim] sample:		759.99 time, 760.02 real, 764 MB
[runlim] sample:		769.99 time, 770.02 real, 764 MB
[runlim] sample:		779.99 time, 780.02 real, 764 MB
[runlim] sample:		789.99 time, 790.02 real, 764 MB
[runlim] sample:		799.99 time, 800.02 real, 650 MB
[runlim] sample:		809.99 time, 810.02 real, 733 MB
[runlim] sample:		819.99 time, 820.02 real, 782 MB
[runlim] sample:		829.99 time, 830.02 real, 782 MB
[runlim] sample:		839.99 time, 840.02 real, 782 MB
[runlim] sample:		849.99 time, 850.02 real, 782 MB
[runlim] sample:		859.99 time, 860.02 real, 782 MB
[runlim] sample:		869.99 time, 870.02 real, 782 MB
[runlim] sample:		879.99 time, 880.02 real, 783 MB
[runlim] sample:		889.99 time, 890.02 real, 784 MB
[runlim] sample:		899.99 time, 900.02 real, 784 MB
[runlim] sample:		909.99 time, 910.02 real, 784 MB
[runlim] sample:		919.99 time, 920.02 real, 784 MB
[runlim] sample:		929.99 time, 930.02 real, 784 MB
[runlim] sample:		939.99 time, 940.02 real, 801 MB
[runlim] sample:		949.99 time, 950.02 real, 700 MB
[runlim] sample:		959.99 time, 960.02 real, 709 MB
[runlim] sample:		969.99 time, 970.02 real, 709 MB
[runlim] sample:		979.99 time, 980.02 real, 709 MB
[runlim] sample:		989.99 time, 990.02 real, 709 MB
[runlim] sample:		999.99 time, 1000.02 real, 709 MB
[runlim] sample:		1009.99 time, 1010.02 real, 709 MB
[runlim] sample:		1019.99 time, 1020.02 real, 709 MB
[runlim] sample:		1029.99 time, 1030.02 real, 758 MB
[runlim] sample:		1039.99 time, 1040.02 real, 758 MB
[runlim] sample:		1049.99 time, 1050.02 real, 758 MB
[runlim] sample:		1059.99 time, 1060.02 real, 759 MB
[runlim] sample:		1069.99 time, 1070.02 real, 759 MB
[runlim] sample:		1079.99 time, 1080.02 real, 759 MB
[runlim] sample:		1089.99 time, 1090.02 real, 776 MB
[runlim] sample:		1099.98 time, 1100.02 real, 778 MB
[runlim] sample:		1109.99 time, 1110.02 real, 779 MB
[runlim] sample:		1119.99 time, 1120.02 real, 779 MB
[runlim] sample:		1129.98 time, 1130.02 real, 779 MB
[runlim] sample:		1139.98 time, 1140.02 real, 781 MB
[runlim] sample:		1149.98 time, 1150.02 real, 782 MB
[runlim] sample:		1159.99 time, 1160.02 real, 629 MB
[runlim] sample:		1169.99 time, 1170.02 real, 780 MB
[runlim] sample:		1179.99 time, 1180.02 real, 780 MB
[runlim] sample:		1189.99 time, 1190.02 real, 729 MB
[runlim] sample:		1199.99 time, 1200.02 real, 676 MB
[runlim] sample:		1209.99 time, 1210.02 real, 848 MB
[runlim] sample:		1219.99 time, 1220.02 real, 848 MB
[runlim] sample:		1229.99 time, 1230.02 real, 848 MB
[runlim] sample:		1239.99 time, 1240.02 real, 848 MB
[runlim] sample:		1249.98 time, 1250.02 real, 848 MB
[runlim] sample:		1259.98 time, 1260.02 real, 679 MB
[runlim] sample:		1269.99 time, 1270.02 real, 798 MB
[runlim] sample:		1279.99 time, 1280.02 real, 798 MB
[runlim] sample:		1289.98 time, 1290.02 real, 798 MB
[runlim] sample:		1299.99 time, 1300.02 real, 798 MB
[runlim] sample:		1309.99 time, 1310.02 real, 798 MB
[runlim] sample:		1319.98 time, 1320.02 real, 798 MB
[runlim] sample:		1329.99 time, 1330.02 real, 798 MB
[runlim] sample:		1339.99 time, 1340.02 real, 798 MB
[runlim] sample:		1349.99 time, 1350.02 real, 965 MB
[runlim] sample:		1359.99 time, 1360.02 real, 799 MB
[runlim] sample:		1369.99 time, 1370.02 real, 799 MB
[runlim] sample:		1379.98 time, 1380.02 real, 799 MB
[runlim] sample:		1389.99 time, 1390.02 real, 799 MB
[runlim] sample:		1399.99 time, 1400.02 real, 799 MB
[runlim] sample:		1409.98 time, 1410.02 real, 799 MB
[runlim] sample:		1419.98 time, 1420.02 real, 799 MB
[runlim] sample:		1429.99 time, 1430.02 real, 799 MB
[runlim] sample:		1439.99 time, 1440.02 real, 800 MB
[runlim] sample:		1449.99 time, 1450.02 real, 800 MB
[runlim] sample:		1459.98 time, 1460.02 real, 800 MB
[runlim] sample:		1469.98 time, 1470.02 real, 800 MB
[runlim] sample:		1479.98 time, 1480.02 real, 800 MB
[runlim] sample:		1489.99 time, 1490.02 real, 800 MB
[runlim] sample:		1499.98 time, 1500.02 real, 924 MB
[runlim] sample:		1509.99 time, 1510.02 real, 689 MB
[runlim] sample:		1519.98 time, 1520.02 real, 811 MB
[runlim] sample:		1529.99 time, 1530.02 real, 811 MB
[runlim] sample:		1539.98 time, 1540.02 real, 811 MB
[runlim] sample:		1549.98 time, 1550.02 real, 811 MB
[runlim] sample:		1559.99 time, 1560.02 real, 811 MB
[runlim] sample:		1569.98 time, 1570.02 real, 811 MB
[runlim] sample:		1579.98 time, 1580.02 real, 977 MB
[runlim] sample:		1589.99 time, 1590.02 real, 821 MB
[runlim] sample:		1599.98 time, 1600.02 real, 821 MB
[runlim] sample:		1609.99 time, 1610.02 real, 821 MB
[runlim] sample:		1619.99 time, 1620.02 real, 821 MB
[runlim] sample:		1629.99 time, 1630.02 real, 663 MB
[runlim] sample:		1639.98 time, 1640.02 real, 791 MB
[runlim] sample:		1649.99 time, 1650.02 real, 822 MB
[runlim] sample:		1659.99 time, 1660.02 real, 822 MB
[runlim] sample:		1669.99 time, 1670.02 real, 822 MB
[runlim] sample:		1679.99 time, 1680.02 real, 823 MB
[runlim] sample:		1689.98 time, 1690.02 real, 823 MB
[runlim] sample:		1699.99 time, 1700.02 real, 859 MB
[runlim] sample:		1709.98 time, 1710.02 real, 823 MB
[runlim] sample:		1719.98 time, 1720.02 real, 823 MB
[runlim] sample:		1729.99 time, 1730.02 real, 823 MB
[runlim] sample:		1739.98 time, 1740.02 real, 703 MB
[runlim] sample:		1749.99 time, 1750.02 real, 860 MB
[runlim] sample:		1759.99 time, 1760.02 real, 877 MB
[runlim] sample:		1769.98 time, 1770.02 real, 879 MB
[runlim] sample:		1779.98 time, 1780.02 real, 881 MB
[runlim] sample:		1789.98 time, 1790.02 real, 881 MB
[runlim] sample:		1799.98 time, 1800.02 real, 881 MB
[runlim] sample:		1809.99 time, 1810.02 real, 881 MB
[runlim] sample:		1819.98 time, 1820.02 real, 881 MB
[runlim] sample:		1829.98 time, 1830.02 real, 871 MB
[runlim] sample:		1839.99 time, 1840.02 real, 814 MB
[runlim] sample:		1849.98 time, 1850.02 real, 814 MB
[runlim] sample:		1859.99 time, 1860.02 real, 892 MB
[runlim] sample:		1869.98 time, 1870.02 real, 892 MB
[runlim] sample:		1879.98 time, 1880.02 real, 892 MB
[runlim] sample:		1889.99 time, 1890.02 real, 892 MB
[runlim] sample:		1899.99 time, 1900.02 real, 745 MB
[runlim] sample:		1909.98 time, 1910.02 real, 832 MB
[runlim] sample:		1919.98 time, 1920.02 real, 832 MB
[runlim] sample:		1929.98 time, 1930.02 real, 871 MB
[runlim] sample:		1939.98 time, 1940.02 real, 872 MB
[runlim] sample:		1949.98 time, 1950.02 real, 872 MB
[runlim] sample:		1959.98 time, 1960.02 real, 913 MB
[runlim] sample:		1969.99 time, 1970.02 real, 903 MB
[runlim] sample:		1979.98 time, 1980.02 real, 903 MB
[runlim] sample:		1989.99 time, 1990.02 real, 903 MB
[runlim] sample:		1999.99 time, 2000.02 real, 904 MB
[runlim] sample:		2009.98 time, 2010.02 real, 904 MB
[runlim] sample:		2019.99 time, 2020.02 real, 904 MB
[runlim] sample:		2029.98 time, 2030.02 real, 904 MB
[runlim] sample:		2039.98 time, 2040.02 real, 904 MB
[runlim] sample:		2049.99 time, 2050.02 real, 904 MB
[runlim] sample:		2059.98 time, 2060.02 real, 778 MB
[runlim] sample:		2069.98 time, 2070.01 real, 884 MB
[runlim] sample:		2079.98 time, 2080.02 real, 884 MB
[runlim] sample:		2089.98 time, 2090.02 real, 884 MB
[runlim] sample:		2099.99 time, 2100.02 real, 884 MB
[runlim] sample:		2109.98 time, 2110.02 real, 884 MB
[runlim] sample:		2119.98 time, 2120.02 real, 884 MB
[runlim] sample:		2129.99 time, 2130.02 real, 884 MB
[runlim] sample:		2139.98 time, 2140.02 real, 884 MB
[runlim] sample:		2149.98 time, 2150.02 real, 946 MB
[runlim] sample:		2159.99 time, 2160.02 real, 946 MB
[runlim] sample:		2169.98 time, 2170.02 real, 946 MB
[runlim] sample:		2179.98 time, 2180.02 real, 946 MB
[runlim] sample:		2189.99 time, 2190.02 real, 946 MB
[runlim] sample:		2199.98 time, 2200.02 real, 766 MB
[runlim] sample:		2209.98 time, 2210.02 real, 864 MB
[runlim] sample:		2219.98 time, 2220.02 real, 864 MB
[runlim] sample:		2229.98 time, 2230.02 real, 864 MB
[runlim] sample:		2239.98 time, 2240.02 real, 864 MB
[runlim] sample:		2249.98 time, 2250.02 real, 926 MB
[runlim] sample:		2259.98 time, 2260.02 real, 926 MB
[runlim] sample:		2269.98 time, 2270.02 real, 926 MB
[runlim] sample:		2279.98 time, 2280.02 real, 928 MB
[runlim] sample:		2289.98 time, 2290.02 real, 928 MB
[runlim] sample:		2299.98 time, 2300.02 real, 928 MB
[runlim] sample:		2309.98 time, 2310.02 real, 928 MB
[runlim] sample:		2319.98 time, 2320.02 real, 928 MB
[runlim] sample:		2329.98 time, 2330.02 real, 928 MB
[runlim] sample:		2339.98 time, 2340.02 real, 928 MB
[runlim] sample:		2349.98 time, 2350.02 real, 928 MB
[runlim] sample:		2359.98 time, 2360.02 real, 928 MB
[runlim] sample:		2369.98 time, 2370.02 real, 928 MB
[runlim] sample:		2379.98 time, 2380.02 real, 928 MB
[runlim] sample:		2389.98 time, 2390.02 real, 928 MB
[runlim] sample:		2399.98 time, 2400.02 real, 928 MB
[runlim] sample:		2409.98 time, 2410.02 real, 928 MB
[runlim] sample:		2419.98 time, 2420.02 real, 928 MB
[runlim] sample:		2429.98 time, 2430.02 real, 929 MB
[runlim] sample:		2439.98 time, 2440.02 real, 929 MB
[runlim] sample:		2449.98 time, 2450.02 real, 827 MB
[runlim] sample:		2459.98 time, 2460.02 real, 982 MB
[runlim] sample:		2469.98 time, 2470.02 real, 918 MB
[runlim] sample:		2479.98 time, 2480.02 real, 918 MB
[runlim] sample:		2489.98 time, 2490.02 real, 918 MB
[runlim] sample:		2499.98 time, 2500.02 real, 961 MB
[runlim] sample:		2509.98 time, 2510.02 real, 961 MB
[runlim] sample:		2519.98 time, 2520.02 real, 961 MB
[runlim] sample:		2529.98 time, 2530.02 real, 983 MB
[runlim] sample:		2539.98 time, 2540.02 real, 983 MB
[runlim] sample:		2549.98 time, 2550.02 real, 993 MB
[runlim] sample:		2559.98 time, 2560.02 real, 993 MB
[runlim] sample:		2569.98 time, 2570.02 real, 993 MB
[runlim] sample:		2579.98 time, 2580.02 real, 993 MB
[runlim] sample:		2589.98 time, 2590.02 real, 993 MB
[runlim] sample:		2599.98 time, 2600.02 real, 993 MB
[runlim] sample:		2609.98 time, 2610.02 real, 875 MB
[runlim] sample:		2619.98 time, 2620.02 real, 899 MB
[runlim] sample:		2629.97 time, 2630.02 real, 899 MB
[runlim] sample:		2639.98 time, 2640.02 real, 899 MB
[runlim] sample:		2649.98 time, 2650.02 real, 899 MB
[runlim] sample:		2659.97 time, 2660.02 real, 899 MB
[runlim] sample:		2669.98 time, 2670.02 real, 1003 MB
[runlim] sample:		2679.98 time, 2680.02 real, 844 MB
[runlim] sample:		2689.98 time, 2690.02 real, 926 MB
[runlim] sample:		2699.98 time, 2700.02 real, 926 MB
[runlim] sample:		2709.98 time, 2710.02 real, 1002 MB
[runlim] sample:		2719.98 time, 2720.02 real, 1002 MB
[runlim] sample:		2729.97 time, 2730.02 real, 1002 MB
[runlim] sample:		2739.98 time, 2740.02 real, 1002 MB
[runlim] sample:		2749.98 time, 2750.02 real, 1002 MB
[runlim] sample:		2759.98 time, 2760.02 real, 1002 MB
[runlim] sample:		2769.98 time, 2770.02 real, 951 MB
[runlim] sample:		2779.98 time, 2780.02 real, 941 MB
[runlim] sample:		2789.98 time, 2790.02 real, 941 MB
[runlim] sample:		2799.98 time, 2800.02 real, 941 MB
[runlim] sample:		2809.98 time, 2810.02 real, 941 MB
[runlim] sample:		2819.98 time, 2820.02 real, 994 MB
[runlim] sample:		2829.98 time, 2830.02 real, 994 MB
[runlim] sample:		2839.98 time, 2840.02 real, 994 MB
[runlim] sample:		2849.98 time, 2850.02 real, 994 MB
[runlim] sample:		2859.98 time, 2860.02 real, 994 MB
[runlim] sample:		2869.98 time, 2870.02 real, 994 MB
[runlim] sample:		2879.98 time, 2880.02 real, 994 MB
[runlim] sample:		2889.98 time, 2890.02 real, 824 MB
[runlim] sample:		2899.98 time, 2900.02 real, 1001 MB
[runlim] sample:		2909.97 time, 2910.02 real, 1001 MB
[runlim] sample:		2919.97 time, 2920.02 real, 1001 MB
[runlim] sample:		2929.98 time, 2930.02 real, 1046 MB
[runlim] sample:		2939.97 time, 2940.02 real, 1046 MB
[runlim] sample:		2949.98 time, 2950.02 real, 1046 MB
[runlim] sample:		2959.98 time, 2960.02 real, 1046 MB
[runlim] sample:		2969.97 time, 2970.02 real, 1046 MB
[runlim] sample:		2979.98 time, 2980.02 real, 1046 MB
[runlim] sample:		2989.98 time, 2990.02 real, 1046 MB
[runlim] sample:		2999.98 time, 3000.02 real, 916 MB
[runlim] sample:		3009.98 time, 3010.02 real, 1002 MB
[runlim] sample:		3019.98 time, 3020.02 real, 1002 MB
[runlim] sample:		3029.97 time, 3030.02 real, 1002 MB
[runlim] sample:		3039.98 time, 3040.02 real, 1002 MB
[runlim] sample:		3049.98 time, 3050.02 real, 1041 MB
[runlim] sample:		3059.98 time, 3060.02 real, 1041 MB
[runlim] sample:		3069.98 time, 3070.02 real, 1041 MB
[runlim] sample:		3079.98 time, 3080.02 real, 1041 MB
[runlim] sample:		3089.98 time, 3090.02 real, 1041 MB
[runlim] sample:		3099.98 time, 3100.02 real, 919 MB
[runlim] sample:		3109.98 time, 3110.02 real, 1006 MB
[runlim] sample:		3119.98 time, 3120.02 real, 1006 MB
[runlim] sample:		3129.98 time, 3130.02 real, 1006 MB
[runlim] sample:		3139.98 time, 3140.02 real, 1006 MB
[runlim] sample:		3149.98 time, 3150.02 real, 1006 MB
[runlim] sample:		3159.98 time, 3160.02 real, 1006 MB
[runlim] sample:		3169.98 time, 3170.02 real, 1100 MB
[runlim] sample:		3179.97 time, 3180.02 real, 1100 MB
[runlim] sample:		3189.98 time, 3190.02 real, 1100 MB
[runlim] sample:		3199.98 time, 3200.02 real, 1100 MB
[runlim] sample:		3209.97 time, 3210.02 real, 1100 MB
[runlim] sample:		3219.98 time, 3220.02 real, 1101 MB
[runlim] sample:		3229.98 time, 3230.02 real, 1101 MB
[runlim] sample:		3239.97 time, 3240.02 real, 1101 MB
[runlim] sample:		3249.97 time, 3250.02 real, 1101 MB
[runlim] sample:		3259.98 time, 3260.02 real, 1101 MB
[runlim] sample:		3269.98 time, 3270.02 real, 932 MB
[runlim] sample:		3279.98 time, 3280.02 real, 868 MB
[runlim] sample:		3289.97 time, 3290.02 real, 1023 MB
[runlim] sample:		3299.98 time, 3300.02 real, 1023 MB
[runlim] sample:		3309.97 time, 3310.02 real, 1023 MB
[runlim] sample:		3319.97 time, 3320.02 real, 1023 MB
[runlim] sample:		3329.97 time, 3330.02 real, 1023 MB
[runlim] sample:		3339.97 time, 3340.02 real, 1023 MB
[runlim] sample:		3349.97 time, 3350.02 real, 1023 MB
[runlim] sample:		3359.97 time, 3360.02 real, 1023 MB
[runlim] sample:		3369.97 time, 3370.02 real, 1023 MB
[runlim] sample:		3379.97 time, 3380.02 real, 1023 MB
[runlim] sample:		3389.97 time, 3390.02 real, 1023 MB
[runlim] sample:		3399.98 time, 3400.02 real, 1023 MB
[runlim] sample:		3409.97 time, 3410.02 real, 1023 MB
[runlim] sample:		3419.97 time, 3420.02 real, 1272 MB
[runlim] sample:		3429.98 time, 3430.02 real, 1272 MB
[runlim] sample:		3439.97 time, 3440.02 real, 1272 MB
[runlim] sample:		3449.97 time, 3450.02 real, 1093 MB
[runlim] sample:		3459.98 time, 3460.02 real, 1093 MB
[runlim] sample:		3469.97 time, 3470.02 real, 1094 MB
[runlim] sample:		3479.97 time, 3480.02 real, 1094 MB
[runlim] sample:		3489.97 time, 3490.02 real, 1094 MB
[runlim] sample:		3499.98 time, 3500.02 real, 1094 MB
[runlim] sample:		3509.97 time, 3510.02 real, 1094 MB
[runlim] sample:		3519.97 time, 3520.02 real, 1094 MB
[runlim] sample:		3529.98 time, 3530.02 real, 1094 MB
[runlim] sample:		3539.97 time, 3540.02 real, 972 MB
[runlim] sample:		3549.97 time, 3550.02 real, 908 MB
[runlim] sample:		3559.97 time, 3560.02 real, 1064 MB
[runlim] sample:		3569.98 time, 3570.02 real, 1064 MB
[runlim] sample:		3579.97 time, 3580.02 real, 1064 MB
[runlim] sample:		3589.97 time, 3590.02 real, 1064 MB
[runlim] sample:		3599.98 time, 3600.02 real, 1064 MB
[runlim] end:			Fri Oct 18 06:15:48 2019
[runlim] status:		out of time
[runlim] result:		2
[runlim] children:		2
[runlim] real:			3600.10 seconds
[runlim] time:			3599.98 seconds
[runlim] space:			1451 MB
[runlim] samples:		36000
