[runlim] version:		1.17
[runlim] host:			c3n03
[runlim] time limit:		311040000 seconds
[runlim] real time limit:	3600 seconds
[runlim] space limit:		120000 MB
[runlim] argv[0]:		./run-conps-btormc-thp.sh
[runlim] argv[1]:		/tmp/3HM45muT.btor
[runlim] start:			Thu Oct 17 08:54:09 2019
[runlim] child:			16012
[runlim] sample:		9.98 time, 10.01 real, 49 MB
[runlim] sample:		19.99 time, 20.01 real, 68 MB
[runlim] sample:		29.98 time, 30.01 real, 85 MB
[runlim] sample:		39.98 time, 40.01 real, 94 MB
[runlim] sample:		49.98 time, 50.01 real, 106 MB
[runlim] sample:		59.98 time, 60.02 real, 114 MB
[runlim] sample:		69.98 time, 70.01 real, 130 MB
[runlim] sample:		79.98 time, 80.02 real, 143 MB
[runlim] sample:		89.98 time, 90.02 real, 143 MB
[runlim] sample:		99.98 time, 100.02 real, 163 MB
[runlim] sample:		109.98 time, 110.01 real, 165 MB
[runlim] sample:		119.98 time, 120.01 real, 165 MB
[runlim] sample:		129.98 time, 130.01 real, 177 MB
[runlim] sample:		139.98 time, 140.01 real, 178 MB
[runlim] sample:		149.98 time, 150.02 real, 195 MB
[runlim] sample:		159.98 time, 160.01 real, 195 MB
[runlim] sample:		169.98 time, 170.02 real, 221 MB
[runlim] sample:		179.98 time, 180.02 real, 223 MB
[runlim] sample:		189.98 time, 190.02 real, 223 MB
[runlim] sample:		199.98 time, 200.02 real, 233 MB
[runlim] sample:		209.98 time, 210.02 real, 233 MB
[runlim] sample:		219.98 time, 220.02 real, 233 MB
[runlim] sample:		229.98 time, 230.02 real, 233 MB
[runlim] sample:		239.98 time, 240.02 real, 269 MB
[runlim] sample:		249.98 time, 250.02 real, 269 MB
[runlim] sample:		259.98 time, 260.02 real, 269 MB
[runlim] sample:		269.98 time, 270.02 real, 273 MB
[runlim] sample:		279.98 time, 280.01 real, 273 MB
[runlim] sample:		289.98 time, 290.02 real, 273 MB
[runlim] sample:		299.98 time, 300.02 real, 283 MB
[runlim] sample:		309.98 time, 310.02 real, 311 MB
[runlim] sample:		319.98 time, 320.02 real, 311 MB
[runlim] sample:		329.98 time, 330.01 real, 311 MB
[runlim] sample:		339.98 time, 340.01 real, 311 MB
[runlim] sample:		349.97 time, 350.02 real, 315 MB
[runlim] sample:		359.97 time, 360.02 real, 315 MB
[runlim] sample:		369.97 time, 370.02 real, 315 MB
[runlim] sample:		379.97 time, 380.02 real, 315 MB
[runlim] sample:		389.97 time, 390.02 real, 315 MB
[runlim] sample:		399.98 time, 400.02 real, 347 MB
[runlim] sample:		409.98 time, 410.02 real, 347 MB
[runlim] sample:		419.98 time, 420.02 real, 347 MB
[runlim] sample:		429.98 time, 430.02 real, 347 MB
[runlim] sample:		439.98 time, 440.02 real, 347 MB
[runlim] sample:		449.98 time, 450.02 real, 347 MB
[runlim] sample:		459.98 time, 460.02 real, 365 MB
[runlim] sample:		469.97 time, 470.02 real, 365 MB
[runlim] sample:		479.97 time, 480.02 real, 365 MB
[runlim] sample:		489.97 time, 490.02 real, 365 MB
[runlim] sample:		499.97 time, 500.02 real, 365 MB
[runlim] sample:		509.97 time, 510.02 real, 365 MB
[runlim] sample:		519.97 time, 520.02 real, 365 MB
[runlim] sample:		529.97 time, 530.02 real, 365 MB
[runlim] sample:		539.97 time, 540.02 real, 367 MB
[runlim] sample:		549.97 time, 550.02 real, 367 MB
[runlim] sample:		559.98 time, 560.02 real, 388 MB
[runlim] sample:		569.98 time, 570.02 real, 388 MB
[runlim] sample:		579.98 time, 580.02 real, 388 MB
[runlim] sample:		589.98 time, 590.02 real, 388 MB
[runlim] sample:		599.98 time, 600.02 real, 388 MB
[runlim] sample:		609.98 time, 610.02 real, 388 MB
[runlim] sample:		619.98 time, 620.02 real, 408 MB
[runlim] sample:		629.97 time, 630.02 real, 413 MB
[runlim] sample:		639.97 time, 640.02 real, 413 MB
[runlim] sample:		649.97 time, 650.02 real, 413 MB
[runlim] sample:		659.97 time, 660.02 real, 413 MB
[runlim] sample:		669.97 time, 670.02 real, 413 MB
[runlim] sample:		679.97 time, 680.02 real, 413 MB
[runlim] sample:		689.97 time, 690.02 real, 413 MB
[runlim] sample:		699.97 time, 700.02 real, 413 MB
[runlim] sample:		709.97 time, 710.02 real, 413 MB
[runlim] sample:		719.97 time, 720.01 real, 430 MB
[runlim] sample:		729.98 time, 730.02 real, 430 MB
[runlim] sample:		739.98 time, 740.02 real, 430 MB
[runlim] sample:		749.98 time, 750.01 real, 430 MB
[runlim] sample:		759.97 time, 760.02 real, 430 MB
[runlim] sample:		769.97 time, 770.02 real, 434 MB
[runlim] sample:		779.97 time, 780.02 real, 434 MB
[runlim] sample:		789.97 time, 790.02 real, 434 MB
[runlim] sample:		799.97 time, 800.01 real, 434 MB
[runlim] sample:		809.98 time, 810.02 real, 453 MB
[runlim] sample:		819.98 time, 820.02 real, 453 MB
[runlim] sample:		829.98 time, 830.02 real, 453 MB
[runlim] sample:		839.98 time, 840.02 real, 465 MB
[runlim] sample:		849.97 time, 850.01 real, 477 MB
[runlim] sample:		859.97 time, 860.01 real, 477 MB
[runlim] sample:		869.98 time, 870.02 real, 477 MB
[runlim] sample:		879.98 time, 880.02 real, 477 MB
[runlim] sample:		889.98 time, 890.02 real, 477 MB
[runlim] sample:		899.97 time, 900.02 real, 477 MB
[runlim] sample:		909.97 time, 910.02 real, 477 MB
[runlim] sample:		919.97 time, 920.02 real, 493 MB
[runlim] sample:		929.98 time, 930.01 real, 499 MB
[runlim] sample:		939.97 time, 940.02 real, 499 MB
[runlim] sample:		949.97 time, 950.02 real, 499 MB
[runlim] sample:		959.97 time, 960.02 real, 499 MB
[runlim] sample:		969.97 time, 970.02 real, 499 MB
[runlim] sample:		979.97 time, 980.02 real, 499 MB
[runlim] sample:		989.97 time, 990.02 real, 499 MB
[runlim] sample:		999.97 time, 1000.02 real, 499 MB
[runlim] sample:		1009.97 time, 1010.02 real, 499 MB
[runlim] sample:		1019.97 time, 1020.02 real, 499 MB
[runlim] sample:		1029.97 time, 1030.02 real, 499 MB
[runlim] sample:		1039.97 time, 1040.02 real, 499 MB
[runlim] sample:		1049.97 time, 1050.02 real, 511 MB
[runlim] sample:		1059.97 time, 1060.02 real, 532 MB
[runlim] sample:		1069.98 time, 1070.02 real, 532 MB
[runlim] sample:		1079.98 time, 1080.02 real, 532 MB
[runlim] sample:		1089.98 time, 1090.02 real, 532 MB
[runlim] sample:		1099.98 time, 1100.02 real, 532 MB
[runlim] sample:		1109.98 time, 1110.02 real, 532 MB
[runlim] sample:		1119.98 time, 1120.02 real, 532 MB
[runlim] sample:		1129.97 time, 1130.02 real, 532 MB
[runlim] sample:		1139.97 time, 1140.02 real, 532 MB
[runlim] sample:		1149.97 time, 1150.02 real, 532 MB
[runlim] sample:		1159.97 time, 1160.02 real, 532 MB
[runlim] sample:		1169.97 time, 1170.02 real, 532 MB
[runlim] sample:		1179.97 time, 1180.02 real, 580 MB
[runlim] sample:		1189.97 time, 1190.02 real, 547 MB
[runlim] sample:		1199.97 time, 1200.02 real, 547 MB
[runlim] sample:		1209.97 time, 1210.02 real, 559 MB
[runlim] sample:		1219.97 time, 1220.02 real, 559 MB
[runlim] sample:		1229.97 time, 1230.02 real, 559 MB
[runlim] sample:		1239.97 time, 1240.02 real, 559 MB
[runlim] sample:		1249.97 time, 1250.02 real, 559 MB
[runlim] sample:		1259.97 time, 1260.02 real, 559 MB
[runlim] sample:		1269.97 time, 1270.02 real, 559 MB
[runlim] sample:		1279.97 time, 1280.02 real, 559 MB
[runlim] sample:		1289.97 time, 1290.02 real, 559 MB
[runlim] sample:		1299.97 time, 1300.02 real, 559 MB
[runlim] sample:		1309.97 time, 1310.02 real, 565 MB
[runlim] sample:		1319.97 time, 1320.02 real, 569 MB
[runlim] sample:		1329.97 time, 1330.02 real, 569 MB
[runlim] sample:		1339.97 time, 1340.02 real, 569 MB
[runlim] sample:		1349.97 time, 1350.02 real, 569 MB
[runlim] sample:		1359.98 time, 1360.02 real, 583 MB
[runlim] sample:		1369.98 time, 1370.02 real, 583 MB
[runlim] sample:		1379.97 time, 1380.02 real, 595 MB
[runlim] sample:		1389.97 time, 1390.02 real, 595 MB
[runlim] sample:		1399.97 time, 1400.02 real, 595 MB
[runlim] sample:		1409.97 time, 1410.02 real, 595 MB
[runlim] sample:		1419.97 time, 1420.02 real, 595 MB
[runlim] sample:		1429.97 time, 1430.02 real, 595 MB
[runlim] sample:		1439.97 time, 1440.02 real, 664 MB
[runlim] sample:		1449.97 time, 1450.02 real, 605 MB
[runlim] sample:		1459.97 time, 1460.02 real, 606 MB
[runlim] sample:		1469.97 time, 1470.02 real, 606 MB
[runlim] sample:		1479.97 time, 1480.02 real, 606 MB
[runlim] sample:		1489.97 time, 1490.02 real, 606 MB
[runlim] sample:		1499.97 time, 1500.02 real, 606 MB
[runlim] sample:		1509.97 time, 1510.02 real, 606 MB
[runlim] sample:		1519.97 time, 1520.02 real, 612 MB
[runlim] sample:		1529.97 time, 1530.02 real, 612 MB
[runlim] sample:		1539.97 time, 1540.02 real, 612 MB
[runlim] sample:		1549.97 time, 1550.02 real, 612 MB
[runlim] sample:		1559.97 time, 1560.02 real, 612 MB
[runlim] sample:		1569.97 time, 1570.02 real, 612 MB
[runlim] sample:		1579.97 time, 1580.02 real, 612 MB
[runlim] sample:		1589.97 time, 1590.02 real, 628 MB
[runlim] sample:		1599.97 time, 1600.01 real, 628 MB
[runlim] sample:		1609.97 time, 1610.02 real, 628 MB
[runlim] sample:		1619.97 time, 1620.02 real, 628 MB
[runlim] sample:		1629.97 time, 1630.02 real, 628 MB
[runlim] sample:		1639.97 time, 1640.02 real, 628 MB
[runlim] sample:		1649.97 time, 1650.02 real, 628 MB
[runlim] sample:		1659.97 time, 1660.02 real, 628 MB
[runlim] sample:		1669.97 time, 1670.02 real, 628 MB
[runlim] sample:		1679.97 time, 1680.02 real, 628 MB
[runlim] sample:		1689.97 time, 1690.02 real, 628 MB
[runlim] sample:		1699.97 time, 1700.02 real, 628 MB
[runlim] sample:		1709.97 time, 1710.02 real, 628 MB
[runlim] sample:		1719.97 time, 1720.02 real, 628 MB
[runlim] sample:		1729.97 time, 1730.02 real, 628 MB
[runlim] sample:		1739.97 time, 1740.02 real, 628 MB
[runlim] sample:		1749.97 time, 1750.02 real, 628 MB
[runlim] sample:		1759.97 time, 1760.02 real, 628 MB
[runlim] sample:		1769.97 time, 1770.02 real, 714 MB
[runlim] sample:		1779.97 time, 1780.02 real, 653 MB
[runlim] sample:		1789.97 time, 1790.02 real, 653 MB
[runlim] sample:		1799.97 time, 1800.02 real, 653 MB
[runlim] sample:		1809.97 time, 1810.02 real, 659 MB
[runlim] sample:		1819.97 time, 1820.02 real, 659 MB
[runlim] sample:		1829.97 time, 1830.02 real, 659 MB
[runlim] sample:		1839.97 time, 1840.02 real, 659 MB
[runlim] sample:		1849.97 time, 1850.02 real, 659 MB
[runlim] sample:		1859.97 time, 1860.02 real, 659 MB
[runlim] sample:		1869.97 time, 1870.02 real, 659 MB
[runlim] sample:		1879.97 time, 1880.02 real, 659 MB
[runlim] sample:		1889.97 time, 1890.02 real, 659 MB
[runlim] sample:		1899.97 time, 1900.02 real, 659 MB
[runlim] sample:		1909.97 time, 1910.02 real, 659 MB
[runlim] sample:		1919.97 time, 1920.02 real, 659 MB
[runlim] sample:		1929.97 time, 1930.02 real, 659 MB
[runlim] sample:		1939.97 time, 1940.02 real, 659 MB
[runlim] sample:		1949.97 time, 1950.02 real, 659 MB
[runlim] sample:		1959.97 time, 1960.02 real, 659 MB
[runlim] sample:		1969.97 time, 1970.02 real, 659 MB
[runlim] sample:		1979.97 time, 1980.02 real, 659 MB
[runlim] sample:		1989.96 time, 1990.02 real, 671 MB
[runlim] sample:		1999.97 time, 2000.02 real, 671 MB
[runlim] sample:		2009.97 time, 2010.02 real, 693 MB
[runlim] sample:		2019.97 time, 2020.02 real, 711 MB
[runlim] sample:		2029.97 time, 2030.02 real, 711 MB
[runlim] sample:		2039.97 time, 2040.02 real, 711 MB
[runlim] sample:		2049.97 time, 2050.02 real, 711 MB
[runlim] sample:		2059.97 time, 2060.02 real, 711 MB
[runlim] sample:		2069.97 time, 2070.02 real, 711 MB
[runlim] sample:		2079.97 time, 2080.02 real, 711 MB
[runlim] sample:		2089.97 time, 2090.02 real, 711 MB
[runlim] sample:		2099.97 time, 2100.02 real, 711 MB
[runlim] sample:		2109.97 time, 2110.02 real, 711 MB
[runlim] sample:		2119.97 time, 2120.02 real, 711 MB
[runlim] sample:		2129.97 time, 2130.02 real, 711 MB
[runlim] sample:		2139.97 time, 2140.02 real, 715 MB
[runlim] sample:		2149.97 time, 2150.02 real, 715 MB
[runlim] sample:		2159.97 time, 2160.02 real, 715 MB
[runlim] sample:		2169.97 time, 2170.02 real, 732 MB
[runlim] sample:		2179.96 time, 2180.02 real, 739 MB
[runlim] sample:		2189.96 time, 2190.02 real, 739 MB
[runlim] sample:		2199.96 time, 2200.02 real, 743 MB
[runlim] sample:		2209.96 time, 2210.02 real, 743 MB
[runlim] sample:		2219.96 time, 2220.02 real, 743 MB
[runlim] sample:		2229.97 time, 2230.02 real, 743 MB
[runlim] sample:		2239.97 time, 2240.02 real, 743 MB
[runlim] sample:		2249.97 time, 2250.02 real, 743 MB
[runlim] sample:		2259.97 time, 2260.02 real, 743 MB
[runlim] sample:		2269.97 time, 2270.02 real, 743 MB
[runlim] sample:		2279.97 time, 2280.02 real, 743 MB
[runlim] sample:		2289.97 time, 2290.02 real, 743 MB
[runlim] sample:		2299.97 time, 2300.02 real, 743 MB
[runlim] sample:		2309.97 time, 2310.02 real, 743 MB
[runlim] sample:		2319.97 time, 2320.02 real, 743 MB
[runlim] sample:		2329.97 time, 2330.02 real, 743 MB
[runlim] sample:		2339.97 time, 2340.02 real, 743 MB
[runlim] sample:		2349.97 time, 2350.02 real, 743 MB
[runlim] sample:		2359.97 time, 2360.02 real, 743 MB
[runlim] sample:		2369.97 time, 2370.02 real, 743 MB
[runlim] sample:		2379.97 time, 2380.02 real, 743 MB
[runlim] sample:		2389.97 time, 2390.02 real, 743 MB
[runlim] sample:		2399.97 time, 2400.02 real, 743 MB
[runlim] sample:		2409.97 time, 2410.02 real, 743 MB
[runlim] sample:		2419.97 time, 2420.01 real, 743 MB
[runlim] sample:		2429.97 time, 2430.02 real, 743 MB
[runlim] sample:		2439.97 time, 2440.02 real, 743 MB
[runlim] sample:		2449.97 time, 2450.02 real, 743 MB
[runlim] sample:		2459.97 time, 2460.02 real, 753 MB
[runlim] sample:		2469.97 time, 2470.02 real, 753 MB
[runlim] sample:		2479.97 time, 2480.02 real, 753 MB
[runlim] sample:		2489.97 time, 2490.02 real, 753 MB
[runlim] sample:		2499.97 time, 2500.02 real, 753 MB
[runlim] sample:		2509.97 time, 2510.02 real, 753 MB
[runlim] sample:		2519.97 time, 2520.02 real, 753 MB
[runlim] sample:		2529.97 time, 2530.02 real, 753 MB
[runlim] sample:		2539.97 time, 2540.02 real, 753 MB
[runlim] sample:		2549.97 time, 2550.02 real, 753 MB
[runlim] sample:		2559.97 time, 2560.02 real, 753 MB
[runlim] sample:		2569.97 time, 2570.02 real, 753 MB
[runlim] sample:		2579.97 time, 2580.02 real, 753 MB
[runlim] sample:		2589.97 time, 2590.02 real, 753 MB
[runlim] sample:		2599.97 time, 2600.02 real, 753 MB
[runlim] sample:		2609.97 time, 2610.02 real, 753 MB
[runlim] sample:		2619.97 time, 2620.02 real, 753 MB
[runlim] sample:		2629.97 time, 2630.02 real, 753 MB
[runlim] sample:		2639.97 time, 2640.02 real, 753 MB
[runlim] sample:		2649.97 time, 2650.02 real, 771 MB
[runlim] sample:		2659.97 time, 2660.02 real, 771 MB
[runlim] sample:		2669.97 time, 2670.02 real, 771 MB
[runlim] sample:		2679.97 time, 2680.02 real, 771 MB
[runlim] sample:		2689.97 time, 2690.02 real, 771 MB
[runlim] sample:		2699.97 time, 2700.02 real, 771 MB
[runlim] sample:		2709.97 time, 2710.02 real, 771 MB
[runlim] sample:		2719.97 time, 2720.02 real, 771 MB
[runlim] sample:		2729.97 time, 2730.02 real, 771 MB
[runlim] sample:		2739.97 time, 2740.02 real, 771 MB
[runlim] sample:		2749.96 time, 2750.02 real, 771 MB
[runlim] sample:		2759.96 time, 2760.02 real, 779 MB
[runlim] sample:		2769.96 time, 2770.02 real, 779 MB
[runlim] sample:		2779.96 time, 2780.02 real, 779 MB
[runlim] sample:		2789.96 time, 2790.02 real, 779 MB
[runlim] sample:		2799.96 time, 2800.02 real, 779 MB
[runlim] sample:		2809.96 time, 2810.02 real, 779 MB
[runlim] sample:		2819.96 time, 2820.02 real, 819 MB
[runlim] sample:		2829.96 time, 2830.02 real, 819 MB
[runlim] sample:		2839.97 time, 2840.02 real, 819 MB
[runlim] sample:		2849.96 time, 2850.02 real, 819 MB
[runlim] sample:		2859.96 time, 2860.02 real, 819 MB
[runlim] sample:		2869.96 time, 2870.02 real, 819 MB
[runlim] sample:		2879.96 time, 2880.02 real, 819 MB
[runlim] sample:		2889.96 time, 2890.02 real, 819 MB
[runlim] sample:		2899.96 time, 2900.02 real, 819 MB
[runlim] sample:		2909.96 time, 2910.02 real, 819 MB
[runlim] sample:		2919.96 time, 2920.02 real, 819 MB
[runlim] sample:		2929.96 time, 2930.01 real, 819 MB
[runlim] sample:		2939.96 time, 2940.02 real, 819 MB
[runlim] sample:		2949.96 time, 2950.02 real, 850 MB
[runlim] sample:		2959.96 time, 2960.02 real, 851 MB
[runlim] sample:		2969.96 time, 2970.02 real, 851 MB
[runlim] sample:		2979.96 time, 2980.02 real, 851 MB
[runlim] sample:		2989.97 time, 2990.02 real, 790 MB
[runlim] sample:		2999.97 time, 3000.02 real, 790 MB
[runlim] sample:		3009.97 time, 3010.02 real, 790 MB
[runlim] sample:		3019.97 time, 3020.02 real, 790 MB
[runlim] sample:		3029.97 time, 3030.02 real, 790 MB
[runlim] sample:		3039.96 time, 3040.02 real, 812 MB
[runlim] sample:		3049.96 time, 3050.02 real, 812 MB
[runlim] sample:		3059.96 time, 3060.02 real, 812 MB
[runlim] sample:		3069.96 time, 3070.02 real, 812 MB
[runlim] sample:		3079.96 time, 3080.02 real, 812 MB
[runlim] sample:		3089.96 time, 3090.02 real, 812 MB
[runlim] sample:		3099.96 time, 3100.02 real, 812 MB
[runlim] sample:		3109.96 time, 3110.02 real, 812 MB
[runlim] sample:		3119.96 time, 3120.02 real, 812 MB
[runlim] sample:		3129.96 time, 3130.02 real, 812 MB
[runlim] sample:		3139.96 time, 3140.02 real, 812 MB
[runlim] sample:		3149.96 time, 3150.02 real, 813 MB
[runlim] sample:		3159.96 time, 3160.01 real, 813 MB
[runlim] sample:		3169.96 time, 3170.02 real, 813 MB
[runlim] sample:		3179.96 time, 3180.02 real, 813 MB
[runlim] sample:		3189.96 time, 3190.02 real, 813 MB
[runlim] sample:		3199.96 time, 3200.02 real, 813 MB
[runlim] sample:		3209.96 time, 3210.02 real, 835 MB
[runlim] sample:		3219.96 time, 3220.01 real, 835 MB
[runlim] sample:		3229.96 time, 3230.02 real, 869 MB
[runlim] sample:		3239.96 time, 3240.02 real, 869 MB
[runlim] sample:		3249.96 time, 3250.01 real, 869 MB
[runlim] sample:		3259.96 time, 3260.02 real, 869 MB
[runlim] sample:		3269.96 time, 3270.02 real, 869 MB
[runlim] sample:		3279.96 time, 3280.01 real, 869 MB
[runlim] sample:		3289.96 time, 3290.02 real, 869 MB
[runlim] sample:		3299.96 time, 3300.02 real, 869 MB
[runlim] sample:		3309.96 time, 3310.02 real, 869 MB
[runlim] sample:		3319.96 time, 3320.02 real, 869 MB
[runlim] sample:		3329.96 time, 3330.02 real, 897 MB
[runlim] sample:		3339.96 time, 3340.02 real, 799 MB
[runlim] sample:		3349.96 time, 3350.02 real, 821 MB
[runlim] sample:		3359.96 time, 3360.02 real, 867 MB
[runlim] sample:		3369.96 time, 3370.02 real, 867 MB
[runlim] sample:		3379.96 time, 3380.02 real, 867 MB
[runlim] sample:		3389.96 time, 3390.02 real, 867 MB
[runlim] sample:		3399.96 time, 3400.02 real, 867 MB
[runlim] sample:		3409.96 time, 3410.02 real, 867 MB
[runlim] sample:		3419.96 time, 3420.02 real, 867 MB
[runlim] sample:		3429.96 time, 3430.02 real, 867 MB
[runlim] sample:		3439.96 time, 3440.02 real, 867 MB
[runlim] sample:		3449.96 time, 3450.02 real, 867 MB
[runlim] sample:		3459.96 time, 3460.02 real, 867 MB
[runlim] sample:		3469.96 time, 3470.02 real, 867 MB
[runlim] sample:		3479.96 time, 3480.02 real, 867 MB
[runlim] sample:		3489.96 time, 3490.02 real, 867 MB
[runlim] sample:		3499.96 time, 3500.02 real, 867 MB
[runlim] sample:		3509.96 time, 3510.02 real, 867 MB
[runlim] sample:		3519.96 time, 3520.02 real, 867 MB
[runlim] sample:		3529.96 time, 3530.02 real, 867 MB
[runlim] sample:		3539.96 time, 3540.02 real, 867 MB
[runlim] sample:		3549.96 time, 3550.02 real, 867 MB
[runlim] sample:		3559.96 time, 3560.02 real, 868 MB
[runlim] sample:		3569.96 time, 3570.02 real, 868 MB
[runlim] sample:		3579.96 time, 3580.02 real, 868 MB
[runlim] sample:		3589.96 time, 3590.02 real, 868 MB
[runlim] sample:		3599.96 time, 3600.02 real, 868 MB
[runlim] end:			Thu Oct 17 09:54:10 2019
[runlim] status:		out of time
[runlim] result:		2
[runlim] children:		3
[runlim] real:			3600.10 seconds
[runlim] time:			3599.96 seconds
[runlim] space:			936 MB
[runlim] samples:		36000
