[runlim] version:		1.17
[runlim] host:			c3n12
[runlim] time limit:		311040000 seconds
[runlim] real time limit:	3600 seconds
[runlim] space limit:		120000 MB
[runlim] argv[0]:		./run-conps-btormc-thp.sh
[runlim] argv[1]:		/tmp/X9VF8q0X.btor
[runlim] start:			Thu Oct 17 07:58:44 2019
[runlim] child:			20329
[runlim] sample:		9.99 time, 10.02 real, 82 MB
[runlim] sample:		19.99 time, 20.01 real, 84 MB
[runlim] sample:		29.98 time, 30.01 real, 98 MB
[runlim] sample:		39.98 time, 40.01 real, 98 MB
[runlim] sample:		49.98 time, 50.02 real, 98 MB
[runlim] sample:		59.98 time, 60.01 real, 98 MB
[runlim] sample:		69.98 time, 70.01 real, 98 MB
[runlim] sample:		79.98 time, 80.01 real, 98 MB
[runlim] sample:		89.98 time, 90.01 real, 102 MB
[runlim] sample:		99.98 time, 100.02 real, 102 MB
[runlim] sample:		109.98 time, 110.01 real, 102 MB
[runlim] sample:		119.98 time, 120.01 real, 102 MB
[runlim] sample:		129.97 time, 130.01 real, 148 MB
[runlim] sample:		139.97 time, 140.01 real, 150 MB
[runlim] sample:		149.98 time, 150.01 real, 150 MB
[runlim] sample:		159.98 time, 160.01 real, 150 MB
[runlim] sample:		169.98 time, 170.01 real, 150 MB
[runlim] sample:		179.98 time, 180.01 real, 150 MB
[runlim] sample:		189.97 time, 190.01 real, 152 MB
[runlim] sample:		199.97 time, 200.01 real, 152 MB
[runlim] sample:		209.97 time, 210.01 real, 129 MB
[runlim] sample:		219.97 time, 220.01 real, 130 MB
[runlim] sample:		229.97 time, 230.02 real, 130 MB
[runlim] sample:		239.97 time, 240.01 real, 130 MB
[runlim] sample:		249.97 time, 250.02 real, 130 MB
[runlim] sample:		259.97 time, 260.01 real, 130 MB
[runlim] sample:		269.97 time, 270.02 real, 130 MB
[runlim] sample:		279.96 time, 280.02 real, 130 MB
[runlim] sample:		289.96 time, 290.01 real, 130 MB
[runlim] sample:		299.97 time, 300.01 real, 157 MB
[runlim] sample:		309.97 time, 310.02 real, 157 MB
[runlim] sample:		319.97 time, 320.02 real, 130 MB
[runlim] sample:		329.97 time, 330.02 real, 130 MB
[runlim] sample:		339.97 time, 340.01 real, 130 MB
[runlim] sample:		349.97 time, 350.02 real, 130 MB
[runlim] sample:		359.97 time, 360.01 real, 121 MB
[runlim] sample:		369.97 time, 370.01 real, 121 MB
[runlim] sample:		379.97 time, 380.02 real, 121 MB
[runlim] sample:		389.96 time, 390.02 real, 150 MB
[runlim] sample:		399.96 time, 400.02 real, 150 MB
[runlim] sample:		409.96 time, 410.02 real, 150 MB
[runlim] sample:		419.96 time, 420.01 real, 159 MB
[runlim] sample:		429.96 time, 430.01 real, 159 MB
[runlim] sample:		439.95 time, 440.02 real, 175 MB
[runlim] sample:		449.95 time, 450.02 real, 175 MB
[runlim] sample:		459.95 time, 460.01 real, 175 MB
[runlim] sample:		469.95 time, 470.01 real, 175 MB
[runlim] sample:		479.95 time, 480.01 real, 175 MB
[runlim] sample:		489.95 time, 490.01 real, 175 MB
[runlim] sample:		499.95 time, 500.01 real, 175 MB
[runlim] sample:		509.95 time, 510.01 real, 175 MB
[runlim] sample:		519.95 time, 520.01 real, 175 MB
[runlim] sample:		529.95 time, 530.01 real, 175 MB
[runlim] sample:		539.95 time, 540.01 real, 175 MB
[runlim] sample:		549.95 time, 550.01 real, 175 MB
[runlim] sample:		559.95 time, 560.01 real, 175 MB
[runlim] sample:		569.95 time, 570.01 real, 175 MB
[runlim] sample:		579.95 time, 580.02 real, 145 MB
[runlim] sample:		589.95 time, 590.01 real, 145 MB
[runlim] sample:		599.94 time, 600.02 real, 145 MB
[runlim] sample:		609.94 time, 610.02 real, 145 MB
[runlim] sample:		619.94 time, 620.02 real, 145 MB
[runlim] sample:		629.94 time, 630.01 real, 145 MB
[runlim] sample:		639.94 time, 640.01 real, 145 MB
[runlim] sample:		649.94 time, 650.01 real, 145 MB
[runlim] sample:		659.94 time, 660.01 real, 145 MB
[runlim] sample:		669.94 time, 670.02 real, 145 MB
[runlim] sample:		679.94 time, 680.01 real, 145 MB
[runlim] sample:		689.94 time, 690.01 real, 145 MB
[runlim] sample:		699.94 time, 700.02 real, 145 MB
[runlim] sample:		709.94 time, 710.01 real, 145 MB
[runlim] sample:		719.94 time, 720.02 real, 145 MB
[runlim] sample:		729.94 time, 730.01 real, 149 MB
[runlim] sample:		739.94 time, 740.01 real, 149 MB
[runlim] sample:		749.94 time, 750.01 real, 149 MB
[runlim] sample:		759.94 time, 760.02 real, 149 MB
[runlim] sample:		769.93 time, 770.02 real, 149 MB
[runlim] sample:		779.93 time, 780.01 real, 149 MB
[runlim] sample:		789.94 time, 790.02 real, 167 MB
[runlim] sample:		799.94 time, 800.01 real, 167 MB
[runlim] sample:		809.93 time, 810.01 real, 167 MB
[runlim] sample:		819.94 time, 820.01 real, 185 MB
[runlim] sample:		829.94 time, 830.01 real, 185 MB
[runlim] sample:		839.93 time, 840.01 real, 185 MB
[runlim] sample:		849.93 time, 850.01 real, 185 MB
[runlim] sample:		859.93 time, 860.01 real, 185 MB
[runlim] sample:		869.93 time, 870.01 real, 185 MB
[runlim] sample:		879.93 time, 880.01 real, 185 MB
[runlim] sample:		889.93 time, 890.01 real, 185 MB
[runlim] sample:		899.93 time, 900.01 real, 185 MB
[runlim] sample:		909.93 time, 910.01 real, 185 MB
[runlim] sample:		919.93 time, 920.01 real, 185 MB
[runlim] sample:		929.93 time, 930.01 real, 185 MB
[runlim] sample:		939.93 time, 940.01 real, 185 MB
[runlim] sample:		949.93 time, 950.01 real, 185 MB
[runlim] sample:		959.93 time, 960.02 real, 185 MB
[runlim] sample:		969.93 time, 970.02 real, 185 MB
[runlim] sample:		979.93 time, 980.01 real, 185 MB
[runlim] sample:		989.93 time, 990.01 real, 185 MB
[runlim] sample:		999.93 time, 1000.01 real, 185 MB
[runlim] sample:		1009.93 time, 1010.02 real, 185 MB
[runlim] sample:		1019.92 time, 1020.01 real, 185 MB
[runlim] sample:		1029.92 time, 1030.02 real, 185 MB
[runlim] sample:		1039.92 time, 1040.02 real, 164 MB
[runlim] sample:		1049.92 time, 1050.02 real, 164 MB
[runlim] sample:		1059.92 time, 1060.01 real, 164 MB
[runlim] sample:		1069.92 time, 1070.02 real, 164 MB
[runlim] sample:		1079.92 time, 1080.01 real, 164 MB
[runlim] sample:		1089.92 time, 1090.02 real, 164 MB
[runlim] sample:		1099.92 time, 1100.02 real, 164 MB
[runlim] sample:		1109.92 time, 1110.02 real, 164 MB
[runlim] sample:		1119.92 time, 1120.01 real, 164 MB
[runlim] sample:		1129.92 time, 1130.01 real, 164 MB
[runlim] sample:		1139.92 time, 1140.02 real, 164 MB
[runlim] sample:		1149.91 time, 1150.02 real, 164 MB
[runlim] sample:		1159.91 time, 1160.02 real, 165 MB
[runlim] sample:		1169.91 time, 1170.01 real, 165 MB
[runlim] sample:		1179.91 time, 1180.01 real, 165 MB
[runlim] sample:		1189.91 time, 1190.01 real, 165 MB
[runlim] sample:		1199.91 time, 1200.02 real, 165 MB
[runlim] sample:		1209.91 time, 1210.01 real, 165 MB
[runlim] sample:		1219.91 time, 1220.01 real, 165 MB
[runlim] sample:		1229.91 time, 1230.01 real, 165 MB
[runlim] sample:		1239.91 time, 1240.02 real, 165 MB
[runlim] sample:		1249.91 time, 1250.02 real, 165 MB
[runlim] sample:		1259.91 time, 1260.02 real, 165 MB
[runlim] sample:		1269.91 time, 1270.02 real, 199 MB
[runlim] sample:		1279.91 time, 1280.01 real, 200 MB
[runlim] sample:		1289.90 time, 1290.01 real, 200 MB
[runlim] sample:		1299.90 time, 1300.01 real, 200 MB
[runlim] sample:		1309.90 time, 1310.02 real, 200 MB
[runlim] sample:		1319.90 time, 1320.01 real, 200 MB
[runlim] sample:		1329.90 time, 1330.02 real, 200 MB
[runlim] sample:		1339.90 time, 1340.01 real, 200 MB
[runlim] sample:		1349.90 time, 1350.02 real, 200 MB
[runlim] sample:		1359.90 time, 1360.02 real, 202 MB
[runlim] sample:		1369.90 time, 1370.01 real, 208 MB
[runlim] sample:		1379.91 time, 1380.01 real, 232 MB
[runlim] sample:		1389.91 time, 1390.01 real, 232 MB
[runlim] sample:		1399.90 time, 1400.02 real, 232 MB
[runlim] sample:		1409.90 time, 1410.01 real, 232 MB
[runlim] sample:		1419.90 time, 1420.02 real, 232 MB
[runlim] sample:		1429.90 time, 1430.01 real, 232 MB
[runlim] sample:		1439.90 time, 1440.01 real, 232 MB
[runlim] sample:		1449.90 time, 1450.01 real, 232 MB
[runlim] sample:		1459.90 time, 1460.02 real, 197 MB
[runlim] sample:		1469.90 time, 1470.01 real, 197 MB
[runlim] sample:		1479.90 time, 1480.01 real, 197 MB
[runlim] sample:		1489.90 time, 1490.01 real, 197 MB
[runlim] sample:		1499.90 time, 1500.01 real, 197 MB
[runlim] sample:		1509.90 time, 1510.02 real, 197 MB
[runlim] sample:		1519.90 time, 1520.01 real, 197 MB
[runlim] sample:		1529.90 time, 1530.02 real, 197 MB
[runlim] sample:		1539.90 time, 1540.01 real, 197 MB
[runlim] sample:		1549.90 time, 1550.02 real, 197 MB
[runlim] sample:		1559.90 time, 1560.02 real, 197 MB
[runlim] sample:		1569.89 time, 1570.01 real, 197 MB
[runlim] sample:		1579.89 time, 1580.02 real, 197 MB
[runlim] sample:		1589.89 time, 1590.02 real, 197 MB
[runlim] sample:		1599.89 time, 1600.01 real, 197 MB
[runlim] sample:		1609.89 time, 1610.02 real, 197 MB
[runlim] sample:		1619.89 time, 1620.02 real, 197 MB
[runlim] sample:		1629.89 time, 1630.02 real, 197 MB
[runlim] sample:		1639.89 time, 1640.01 real, 197 MB
[runlim] sample:		1649.89 time, 1650.01 real, 197 MB
[runlim] sample:		1659.89 time, 1660.01 real, 197 MB
[runlim] sample:		1669.89 time, 1670.01 real, 197 MB
[runlim] sample:		1679.89 time, 1680.02 real, 197 MB
[runlim] sample:		1689.89 time, 1690.01 real, 197 MB
[runlim] sample:		1699.89 time, 1700.01 real, 197 MB
[runlim] sample:		1709.89 time, 1710.02 real, 197 MB
[runlim] sample:		1719.89 time, 1720.01 real, 197 MB
[runlim] sample:		1729.89 time, 1730.02 real, 197 MB
[runlim] sample:		1739.89 time, 1740.01 real, 197 MB
[runlim] sample:		1749.88 time, 1750.02 real, 197 MB
[runlim] sample:		1759.88 time, 1760.02 real, 197 MB
[runlim] sample:		1769.88 time, 1770.02 real, 197 MB
[runlim] sample:		1779.88 time, 1780.02 real, 197 MB
[runlim] sample:		1789.88 time, 1790.02 real, 197 MB
[runlim] sample:		1799.88 time, 1800.02 real, 197 MB
[runlim] sample:		1809.88 time, 1810.01 real, 197 MB
[runlim] sample:		1819.88 time, 1820.02 real, 197 MB
[runlim] sample:		1829.88 time, 1830.02 real, 197 MB
[runlim] sample:		1839.88 time, 1840.02 real, 197 MB
[runlim] sample:		1849.88 time, 1850.02 real, 197 MB
[runlim] sample:		1859.88 time, 1860.01 real, 197 MB
[runlim] sample:		1869.88 time, 1870.02 real, 197 MB
[runlim] sample:		1879.88 time, 1880.02 real, 197 MB
[runlim] sample:		1889.88 time, 1890.02 real, 197 MB
[runlim] sample:		1899.88 time, 1900.01 real, 161 MB
[runlim] sample:		1909.88 time, 1910.02 real, 161 MB
[runlim] sample:		1919.87 time, 1920.02 real, 161 MB
[runlim] sample:		1929.87 time, 1930.02 real, 161 MB
[runlim] sample:		1939.87 time, 1940.02 real, 161 MB
[runlim] sample:		1949.87 time, 1950.02 real, 161 MB
[runlim] sample:		1959.87 time, 1960.02 real, 161 MB
[runlim] sample:		1969.87 time, 1970.02 real, 161 MB
[runlim] sample:		1979.87 time, 1980.01 real, 163 MB
[runlim] sample:		1989.87 time, 1990.01 real, 163 MB
[runlim] sample:		1999.87 time, 2000.01 real, 163 MB
[runlim] sample:		2009.87 time, 2010.01 real, 163 MB
[runlim] sample:		2019.87 time, 2020.01 real, 163 MB
[runlim] sample:		2029.87 time, 2030.01 real, 163 MB
[runlim] sample:		2039.87 time, 2040.01 real, 163 MB
[runlim] sample:		2049.87 time, 2050.01 real, 163 MB
[runlim] sample:		2059.87 time, 2060.02 real, 163 MB
[runlim] sample:		2069.87 time, 2070.02 real, 167 MB
[runlim] sample:		2079.87 time, 2080.01 real, 167 MB
[runlim] sample:		2089.86 time, 2090.02 real, 167 MB
[runlim] sample:		2099.86 time, 2100.01 real, 225 MB
[runlim] sample:		2109.86 time, 2110.01 real, 226 MB
[runlim] sample:		2119.86 time, 2120.02 real, 226 MB
[runlim] sample:		2129.86 time, 2130.01 real, 226 MB
[runlim] sample:		2139.86 time, 2140.01 real, 226 MB
[runlim] sample:		2149.86 time, 2150.01 real, 226 MB
[runlim] sample:		2159.86 time, 2160.01 real, 226 MB
[runlim] sample:		2169.86 time, 2170.01 real, 226 MB
[runlim] sample:		2179.86 time, 2180.01 real, 226 MB
[runlim] sample:		2189.86 time, 2190.01 real, 226 MB
[runlim] sample:		2199.86 time, 2200.01 real, 226 MB
[runlim] sample:		2209.86 time, 2210.01 real, 226 MB
[runlim] sample:		2219.86 time, 2220.01 real, 226 MB
[runlim] sample:		2229.85 time, 2230.01 real, 226 MB
[runlim] sample:		2239.85 time, 2240.01 real, 226 MB
[runlim] sample:		2249.85 time, 2250.01 real, 226 MB
[runlim] sample:		2259.85 time, 2260.01 real, 226 MB
[runlim] sample:		2269.85 time, 2270.01 real, 226 MB
[runlim] sample:		2279.85 time, 2280.01 real, 226 MB
[runlim] sample:		2289.85 time, 2290.01 real, 226 MB
[runlim] sample:		2299.85 time, 2300.01 real, 226 MB
[runlim] sample:		2309.85 time, 2310.01 real, 226 MB
[runlim] sample:		2319.85 time, 2320.02 real, 226 MB
[runlim] sample:		2329.85 time, 2330.01 real, 226 MB
[runlim] sample:		2339.84 time, 2340.01 real, 226 MB
[runlim] sample:		2349.84 time, 2350.02 real, 226 MB
[runlim] sample:		2359.84 time, 2360.01 real, 226 MB
[runlim] sample:		2369.84 time, 2370.01 real, 226 MB
[runlim] sample:		2379.84 time, 2380.01 real, 226 MB
[runlim] sample:		2389.84 time, 2390.01 real, 226 MB
[runlim] sample:		2399.84 time, 2400.01 real, 226 MB
[runlim] sample:		2409.84 time, 2410.01 real, 226 MB
[runlim] sample:		2419.84 time, 2420.01 real, 226 MB
[runlim] sample:		2429.84 time, 2430.01 real, 226 MB
[runlim] sample:		2439.84 time, 2440.01 real, 226 MB
[runlim] sample:		2449.84 time, 2450.01 real, 226 MB
[runlim] sample:		2459.84 time, 2460.01 real, 226 MB
[runlim] sample:		2469.84 time, 2470.01 real, 226 MB
[runlim] sample:		2479.84 time, 2480.01 real, 226 MB
[runlim] sample:		2489.84 time, 2490.02 real, 226 MB
[runlim] sample:		2499.84 time, 2500.01 real, 226 MB
[runlim] sample:		2509.83 time, 2510.01 real, 226 MB
[runlim] sample:		2519.83 time, 2520.01 real, 226 MB
[runlim] sample:		2529.83 time, 2530.01 real, 226 MB
[runlim] sample:		2539.83 time, 2540.01 real, 226 MB
[runlim] sample:		2549.83 time, 2550.02 real, 226 MB
[runlim] sample:		2559.83 time, 2560.01 real, 226 MB
[runlim] sample:		2569.83 time, 2570.01 real, 226 MB
[runlim] sample:		2579.83 time, 2580.02 real, 152 MB
[runlim] sample:		2589.83 time, 2590.01 real, 152 MB
[runlim] sample:		2599.83 time, 2600.02 real, 152 MB
[runlim] sample:		2609.83 time, 2610.02 real, 152 MB
[runlim] sample:		2619.83 time, 2620.01 real, 152 MB
[runlim] sample:		2629.83 time, 2630.02 real, 152 MB
[runlim] sample:		2639.83 time, 2640.02 real, 152 MB
[runlim] sample:		2649.83 time, 2650.02 real, 152 MB
[runlim] sample:		2659.83 time, 2660.02 real, 152 MB
[runlim] sample:		2669.83 time, 2670.01 real, 152 MB
[runlim] sample:		2679.83 time, 2680.01 real, 152 MB
[runlim] sample:		2689.83 time, 2690.02 real, 170 MB
[runlim] sample:		2699.83 time, 2700.02 real, 174 MB
[runlim] sample:		2709.83 time, 2710.01 real, 174 MB
[runlim] sample:		2719.83 time, 2720.02 real, 174 MB
[runlim] sample:		2729.83 time, 2730.02 real, 174 MB
[runlim] sample:		2739.83 time, 2740.02 real, 174 MB
[runlim] sample:		2749.82 time, 2750.02 real, 174 MB
[runlim] sample:		2759.82 time, 2760.02 real, 174 MB
[runlim] sample:		2769.82 time, 2770.02 real, 174 MB
[runlim] sample:		2779.82 time, 2780.02 real, 174 MB
[runlim] sample:		2789.82 time, 2790.01 real, 174 MB
[runlim] sample:		2799.82 time, 2800.01 real, 174 MB
[runlim] sample:		2809.82 time, 2810.01 real, 174 MB
[runlim] sample:		2819.82 time, 2820.01 real, 174 MB
[runlim] sample:		2829.82 time, 2830.02 real, 229 MB
[runlim] sample:		2839.82 time, 2840.02 real, 229 MB
[runlim] sample:		2849.82 time, 2850.02 real, 188 MB
[runlim] sample:		2859.82 time, 2860.01 real, 188 MB
[runlim] sample:		2869.82 time, 2870.02 real, 188 MB
[runlim] sample:		2879.82 time, 2880.02 real, 188 MB
[runlim] sample:		2889.82 time, 2890.02 real, 188 MB
[runlim] sample:		2899.82 time, 2900.02 real, 188 MB
[runlim] sample:		2909.82 time, 2910.02 real, 188 MB
[runlim] sample:		2919.82 time, 2920.02 real, 188 MB
[runlim] sample:		2929.82 time, 2930.02 real, 188 MB
[runlim] sample:		2939.83 time, 2940.02 real, 188 MB
[runlim] sample:		2949.82 time, 2950.02 real, 190 MB
[runlim] sample:		2959.82 time, 2960.02 real, 233 MB
[runlim] sample:		2969.82 time, 2970.02 real, 233 MB
[runlim] sample:		2979.82 time, 2980.02 real, 233 MB
[runlim] sample:		2989.82 time, 2990.02 real, 233 MB
[runlim] sample:		2999.82 time, 3000.02 real, 233 MB
[runlim] sample:		3009.82 time, 3010.02 real, 233 MB
[runlim] sample:		3019.82 time, 3020.02 real, 233 MB
[runlim] sample:		3029.82 time, 3030.01 real, 233 MB
[runlim] sample:		3039.82 time, 3040.02 real, 233 MB
[runlim] sample:		3049.82 time, 3050.02 real, 233 MB
[runlim] sample:		3059.82 time, 3060.01 real, 233 MB
[runlim] sample:		3069.82 time, 3070.02 real, 233 MB
[runlim] sample:		3079.82 time, 3080.02 real, 233 MB
[runlim] sample:		3089.82 time, 3090.02 real, 233 MB
[runlim] sample:		3099.82 time, 3100.02 real, 233 MB
[runlim] sample:		3109.82 time, 3110.02 real, 233 MB
[runlim] sample:		3119.82 time, 3120.02 real, 233 MB
[runlim] sample:		3129.82 time, 3130.02 real, 233 MB
[runlim] sample:		3139.82 time, 3140.02 real, 233 MB
[runlim] sample:		3149.82 time, 3150.02 real, 237 MB
[runlim] sample:		3159.82 time, 3160.01 real, 237 MB
[runlim] sample:		3169.82 time, 3170.01 real, 257 MB
[runlim] sample:		3179.82 time, 3180.01 real, 257 MB
[runlim] sample:		3189.82 time, 3190.01 real, 257 MB
[runlim] sample:		3199.82 time, 3200.01 real, 257 MB
[runlim] sample:		3209.82 time, 3210.01 real, 257 MB
[runlim] sample:		3219.82 time, 3220.01 real, 257 MB
[runlim] sample:		3229.82 time, 3230.01 real, 257 MB
[runlim] sample:		3239.82 time, 3240.01 real, 257 MB
[runlim] sample:		3249.82 time, 3250.01 real, 257 MB
[runlim] sample:		3259.82 time, 3260.02 real, 257 MB
[runlim] sample:		3269.82 time, 3270.01 real, 257 MB
[runlim] sample:		3279.82 time, 3280.01 real, 257 MB
[runlim] sample:		3289.82 time, 3290.01 real, 257 MB
[runlim] sample:		3299.82 time, 3300.01 real, 257 MB
[runlim] sample:		3309.81 time, 3310.02 real, 257 MB
[runlim] sample:		3319.81 time, 3320.02 real, 257 MB
[runlim] sample:		3329.81 time, 3330.02 real, 257 MB
[runlim] sample:		3339.81 time, 3340.01 real, 257 MB
[runlim] sample:		3349.81 time, 3350.01 real, 257 MB
[runlim] sample:		3359.81 time, 3360.01 real, 257 MB
[runlim] sample:		3369.81 time, 3370.02 real, 257 MB
[runlim] sample:		3379.81 time, 3380.01 real, 257 MB
[runlim] sample:		3389.81 time, 3390.01 real, 257 MB
[runlim] sample:		3399.81 time, 3400.01 real, 257 MB
[runlim] sample:		3409.81 time, 3410.01 real, 257 MB
[runlim] sample:		3419.81 time, 3420.01 real, 257 MB
[runlim] sample:		3429.81 time, 3430.01 real, 257 MB
[runlim] sample:		3439.81 time, 3440.01 real, 257 MB
[runlim] sample:		3449.81 time, 3450.02 real, 257 MB
[runlim] sample:		3459.81 time, 3460.01 real, 257 MB
[runlim] sample:		3469.81 time, 3470.01 real, 257 MB
[runlim] sample:		3479.81 time, 3480.01 real, 257 MB
[runlim] sample:		3489.81 time, 3490.01 real, 257 MB
[runlim] sample:		3499.81 time, 3500.01 real, 257 MB
[runlim] sample:		3509.81 time, 3510.02 real, 257 MB
[runlim] sample:		3519.81 time, 3520.01 real, 257 MB
[runlim] sample:		3529.81 time, 3530.01 real, 257 MB
[runlim] sample:		3539.81 time, 3540.02 real, 257 MB
[runlim] sample:		3549.81 time, 3550.01 real, 257 MB
[runlim] sample:		3559.81 time, 3560.01 real, 257 MB
[runlim] sample:		3569.81 time, 3570.01 real, 257 MB
[runlim] sample:		3579.81 time, 3580.01 real, 257 MB
[runlim] sample:		3589.81 time, 3590.01 real, 257 MB
[runlim] sample:		3599.81 time, 3600.01 real, 257 MB
[runlim] end:			Thu Oct 17 08:58:45 2019
[runlim] status:		out of time
[runlim] result:		2
[runlim] children:		3
[runlim] real:			3600.10 seconds
[runlim] time:			3599.81 seconds
[runlim] space:			257 MB
[runlim] samples:		36000
