[runlim] version:		1.17
[runlim] host:			c3n27
[runlim] time limit:		311040000 seconds
[runlim] real time limit:	3600 seconds
[runlim] space limit:		120000 MB
[runlim] argv[0]:		./run-conps-btormc-thp.sh
[runlim] argv[1]:		/tmp/wWQBigdq.btor
[runlim] start:			Thu Oct 17 07:57:31 2019
[runlim] child:			23962
[runlim] sample:		9.98 time, 10.02 real, 75 MB
[runlim] sample:		19.98 time, 20.02 real, 92 MB
[runlim] sample:		29.98 time, 30.01 real, 96 MB
[runlim] sample:		39.98 time, 40.01 real, 96 MB
[runlim] sample:		49.98 time, 50.01 real, 96 MB
[runlim] sample:		59.98 time, 60.01 real, 96 MB
[runlim] sample:		69.98 time, 70.01 real, 96 MB
[runlim] sample:		79.98 time, 80.01 real, 133 MB
[runlim] sample:		89.98 time, 90.02 real, 149 MB
[runlim] sample:		99.98 time, 100.01 real, 149 MB
[runlim] sample:		109.98 time, 110.01 real, 149 MB
[runlim] sample:		119.98 time, 120.01 real, 149 MB
[runlim] sample:		129.98 time, 130.01 real, 149 MB
[runlim] sample:		139.98 time, 140.01 real, 149 MB
[runlim] sample:		149.98 time, 150.01 real, 109 MB
[runlim] sample:		159.98 time, 160.02 real, 109 MB
[runlim] sample:		169.98 time, 170.01 real, 109 MB
[runlim] sample:		179.98 time, 180.01 real, 113 MB
[runlim] sample:		189.99 time, 190.01 real, 118 MB
[runlim] sample:		199.99 time, 200.02 real, 118 MB
[runlim] sample:		209.99 time, 210.01 real, 118 MB
[runlim] sample:		219.99 time, 220.01 real, 118 MB
[runlim] sample:		229.99 time, 230.01 real, 118 MB
[runlim] sample:		239.99 time, 240.01 real, 118 MB
[runlim] sample:		249.99 time, 250.02 real, 120 MB
[runlim] sample:		259.98 time, 260.02 real, 149 MB
[runlim] sample:		269.98 time, 270.01 real, 149 MB
[runlim] sample:		279.98 time, 280.02 real, 149 MB
[runlim] sample:		289.98 time, 290.02 real, 149 MB
[runlim] sample:		299.98 time, 300.01 real, 149 MB
[runlim] sample:		309.98 time, 310.01 real, 149 MB
[runlim] sample:		319.99 time, 320.02 real, 165 MB
[runlim] sample:		329.99 time, 330.01 real, 169 MB
[runlim] sample:		339.98 time, 340.01 real, 185 MB
[runlim] sample:		349.98 time, 350.01 real, 185 MB
[runlim] sample:		359.98 time, 360.01 real, 185 MB
[runlim] sample:		369.98 time, 370.01 real, 185 MB
[runlim] sample:		379.98 time, 380.01 real, 185 MB
[runlim] sample:		389.98 time, 390.01 real, 185 MB
[runlim] sample:		399.98 time, 400.01 real, 185 MB
[runlim] sample:		409.98 time, 410.01 real, 185 MB
[runlim] sample:		419.98 time, 420.01 real, 185 MB
[runlim] sample:		429.98 time, 430.01 real, 185 MB
[runlim] sample:		439.98 time, 440.01 real, 185 MB
[runlim] sample:		449.98 time, 450.01 real, 185 MB
[runlim] sample:		459.98 time, 460.01 real, 185 MB
[runlim] sample:		469.99 time, 470.01 real, 185 MB
[runlim] sample:		479.99 time, 480.01 real, 185 MB
[runlim] sample:		489.99 time, 490.01 real, 185 MB
[runlim] sample:		499.99 time, 500.01 real, 185 MB
[runlim] sample:		509.99 time, 510.01 real, 158 MB
[runlim] sample:		519.99 time, 520.01 real, 158 MB
[runlim] sample:		529.99 time, 530.02 real, 158 MB
[runlim] sample:		539.99 time, 540.01 real, 158 MB
[runlim] sample:		549.99 time, 550.01 real, 158 MB
[runlim] sample:		559.99 time, 560.01 real, 158 MB
[runlim] sample:		569.99 time, 570.01 real, 158 MB
[runlim] sample:		579.98 time, 580.01 real, 165 MB
[runlim] sample:		589.98 time, 590.02 real, 165 MB
[runlim] sample:		599.98 time, 600.01 real, 165 MB
[runlim] sample:		609.99 time, 610.01 real, 147 MB
[runlim] sample:		619.99 time, 620.02 real, 147 MB
[runlim] sample:		629.99 time, 630.01 real, 147 MB
[runlim] sample:		639.99 time, 640.01 real, 147 MB
[runlim] sample:		649.99 time, 650.01 real, 147 MB
[runlim] end:			Thu Oct 17 08:08:27 2019
[runlim] status:		ok
[runlim] result:		0
[runlim] children:		3
[runlim] real:			656.09 seconds
[runlim] time:			655.99 seconds
[runlim] space:			185 MB
[runlim] samples:		6560
