[runlim] version:		1.17
[runlim] host:			c3n02
[runlim] time limit:		311040000 seconds
[runlim] real time limit:	3600 seconds
[runlim] space limit:		120000 MB
[runlim] argv[0]:		./run-conps-btormc-thp.sh
[runlim] argv[1]:		/tmp/Wm6nQOjR.btor
[runlim] start:			Thu Oct 17 08:16:59 2019
[runlim] child:			2946
[runlim] sample:		9.99 time, 10.02 real, 50 MB
[runlim] sample:		19.99 time, 20.01 real, 58 MB
[runlim] sample:		29.98 time, 30.02 real, 69 MB
[runlim] sample:		39.98 time, 40.01 real, 83 MB
[runlim] sample:		49.99 time, 50.01 real, 93 MB
[runlim] sample:		59.98 time, 60.01 real, 109 MB
[runlim] sample:		69.98 time, 70.02 real, 121 MB
[runlim] sample:		79.98 time, 80.01 real, 137 MB
[runlim] sample:		89.99 time, 90.01 real, 153 MB
[runlim] sample:		99.98 time, 100.01 real, 153 MB
[runlim] sample:		109.98 time, 110.01 real, 167 MB
[runlim] sample:		119.98 time, 120.01 real, 179 MB
[runlim] sample:		129.98 time, 130.02 real, 189 MB
[runlim] sample:		139.98 time, 140.01 real, 189 MB
[runlim] sample:		149.98 time, 150.01 real, 203 MB
[runlim] sample:		159.98 time, 160.02 real, 215 MB
[runlim] sample:		169.98 time, 170.01 real, 215 MB
[runlim] sample:		179.98 time, 180.02 real, 235 MB
[runlim] sample:		189.98 time, 190.01 real, 235 MB
[runlim] sample:		199.98 time, 200.02 real, 247 MB
[runlim] sample:		209.98 time, 210.01 real, 247 MB
[runlim] sample:		219.98 time, 220.02 real, 269 MB
[runlim] sample:		229.98 time, 230.02 real, 269 MB
[runlim] sample:		239.98 time, 240.02 real, 301 MB
[runlim] sample:		249.98 time, 250.02 real, 301 MB
[runlim] sample:		259.98 time, 260.02 real, 301 MB
[runlim] sample:		269.98 time, 270.01 real, 313 MB
[runlim] sample:		279.98 time, 280.02 real, 313 MB
[runlim] sample:		289.98 time, 290.01 real, 325 MB
[runlim] sample:		299.98 time, 300.02 real, 327 MB
[runlim] sample:		309.98 time, 310.02 real, 359 MB
[runlim] sample:		319.98 time, 320.01 real, 359 MB
[runlim] sample:		329.98 time, 330.01 real, 359 MB
[runlim] sample:		339.98 time, 340.02 real, 359 MB
[runlim] sample:		349.98 time, 350.02 real, 373 MB
[runlim] sample:		359.98 time, 360.02 real, 373 MB
[runlim] sample:		369.98 time, 370.02 real, 415 MB
[runlim] sample:		379.98 time, 380.02 real, 415 MB
[runlim] sample:		389.98 time, 390.02 real, 415 MB
[runlim] sample:		399.98 time, 400.02 real, 419 MB
[runlim] sample:		409.98 time, 410.02 real, 419 MB
[runlim] sample:		419.98 time, 420.02 real, 419 MB
[runlim] sample:		429.98 time, 430.02 real, 423 MB
[runlim] sample:		439.98 time, 440.02 real, 437 MB
[runlim] sample:		449.98 time, 450.02 real, 437 MB
[runlim] sample:		459.98 time, 460.02 real, 459 MB
[runlim] sample:		469.98 time, 470.02 real, 481 MB
[runlim] sample:		479.98 time, 480.02 real, 481 MB
[runlim] sample:		489.98 time, 490.02 real, 491 MB
[runlim] sample:		499.98 time, 500.02 real, 497 MB
[runlim] sample:		509.98 time, 510.01 real, 497 MB
[runlim] sample:		519.98 time, 520.01 real, 523 MB
[runlim] sample:		529.98 time, 530.02 real, 523 MB
[runlim] sample:		539.98 time, 540.02 real, 528 MB
[runlim] sample:		549.98 time, 550.02 real, 528 MB
[runlim] sample:		559.98 time, 560.02 real, 528 MB
[runlim] sample:		569.98 time, 570.02 real, 539 MB
[runlim] sample:		579.97 time, 580.02 real, 591 MB
[runlim] sample:		589.97 time, 590.02 real, 591 MB
[runlim] sample:		599.97 time, 600.01 real, 591 MB
[runlim] sample:		609.98 time, 610.02 real, 601 MB
[runlim] sample:		619.98 time, 620.02 real, 601 MB
[runlim] sample:		629.98 time, 630.02 real, 629 MB
[runlim] sample:		639.98 time, 640.02 real, 629 MB
[runlim] sample:		649.98 time, 650.02 real, 653 MB
[runlim] sample:		659.98 time, 660.01 real, 659 MB
[runlim] sample:		669.97 time, 670.02 real, 667 MB
[runlim] sample:		679.97 time, 680.02 real, 667 MB
[runlim] sample:		689.98 time, 690.02 real, 683 MB
[runlim] sample:		699.98 time, 700.02 real, 688 MB
[runlim] sample:		709.98 time, 710.02 real, 702 MB
[runlim] sample:		719.98 time, 720.02 real, 702 MB
[runlim] sample:		729.98 time, 730.02 real, 702 MB
[runlim] sample:		739.98 time, 740.02 real, 709 MB
[runlim] sample:		749.98 time, 750.02 real, 709 MB
[runlim] sample:		759.98 time, 760.02 real, 709 MB
[runlim] sample:		769.98 time, 770.02 real, 709 MB
[runlim] sample:		779.98 time, 780.01 real, 709 MB
[runlim] sample:		789.97 time, 790.02 real, 759 MB
[runlim] sample:		799.97 time, 800.02 real, 759 MB
[runlim] sample:		809.97 time, 810.02 real, 759 MB
[runlim] sample:		819.98 time, 820.02 real, 783 MB
[runlim] sample:		829.97 time, 830.02 real, 799 MB
[runlim] sample:		839.98 time, 840.02 real, 805 MB
[runlim] sample:		849.98 time, 850.02 real, 805 MB
[runlim] sample:		859.98 time, 860.02 real, 805 MB
[runlim] sample:		869.98 time, 870.02 real, 805 MB
[runlim] sample:		879.98 time, 880.02 real, 827 MB
[runlim] sample:		889.98 time, 890.02 real, 827 MB
[runlim] sample:		899.98 time, 900.01 real, 863 MB
[runlim] sample:		909.98 time, 910.02 real, 863 MB
[runlim] sample:		919.98 time, 920.02 real, 863 MB
[runlim] sample:		929.98 time, 930.02 real, 863 MB
[runlim] sample:		939.97 time, 940.02 real, 807 MB
[runlim] sample:		949.98 time, 950.02 real, 831 MB
[runlim] sample:		959.98 time, 960.02 real, 831 MB
[runlim] sample:		969.98 time, 970.02 real, 831 MB
[runlim] sample:		979.98 time, 980.02 real, 831 MB
[runlim] sample:		989.97 time, 990.02 real, 837 MB
[runlim] sample:		999.98 time, 1000.02 real, 837 MB
[runlim] sample:		1009.98 time, 1010.02 real, 837 MB
[runlim] sample:		1019.97 time, 1020.01 real, 839 MB
[runlim] sample:		1029.98 time, 1030.02 real, 883 MB
[runlim] sample:		1039.97 time, 1040.02 real, 823 MB
[runlim] sample:		1049.97 time, 1050.02 real, 825 MB
[runlim] sample:		1059.97 time, 1060.02 real, 935 MB
[runlim] sample:		1069.97 time, 1070.02 real, 935 MB
[runlim] sample:		1079.97 time, 1080.01 real, 935 MB
[runlim] sample:		1089.97 time, 1090.02 real, 951 MB
[runlim] sample:		1099.97 time, 1100.02 real, 953 MB
[runlim] sample:		1109.97 time, 1110.02 real, 891 MB
[runlim] sample:		1119.97 time, 1120.02 real, 971 MB
[runlim] sample:		1129.97 time, 1130.02 real, 971 MB
[runlim] sample:		1139.97 time, 1140.02 real, 973 MB
[runlim] sample:		1149.97 time, 1150.02 real, 977 MB
[runlim] sample:		1159.97 time, 1160.02 real, 977 MB
[runlim] sample:		1169.97 time, 1170.02 real, 917 MB
[runlim] sample:		1179.98 time, 1180.02 real, 1003 MB
[runlim] sample:		1189.98 time, 1190.02 real, 1003 MB
[runlim] sample:		1199.98 time, 1200.02 real, 1007 MB
[runlim] sample:		1209.98 time, 1210.02 real, 1007 MB
[runlim] sample:		1219.98 time, 1220.01 real, 1009 MB
[runlim] sample:		1229.98 time, 1230.02 real, 997 MB
[runlim] sample:		1239.98 time, 1240.02 real, 1041 MB
[runlim] sample:		1249.97 time, 1250.01 real, 1017 MB
[runlim] sample:		1259.97 time, 1260.02 real, 1017 MB
[runlim] sample:		1269.97 time, 1270.01 real, 1017 MB
[runlim] sample:		1279.97 time, 1280.02 real, 1017 MB
[runlim] sample:		1289.97 time, 1290.02 real, 1031 MB
[runlim] sample:		1299.97 time, 1300.02 real, 1059 MB
[runlim] sample:		1309.98 time, 1310.02 real, 1053 MB
[runlim] sample:		1319.98 time, 1320.02 real, 1065 MB
[runlim] sample:		1329.98 time, 1330.02 real, 1065 MB
[runlim] sample:		1339.98 time, 1340.02 real, 1065 MB
[runlim] sample:		1349.98 time, 1350.02 real, 1065 MB
[runlim] sample:		1359.98 time, 1360.02 real, 1065 MB
[runlim] sample:		1369.97 time, 1370.02 real, 1067 MB
[runlim] sample:		1379.98 time, 1380.02 real, 1009 MB
[runlim] sample:		1389.97 time, 1390.02 real, 1145 MB
[runlim] sample:		1399.97 time, 1400.02 real, 1187 MB
[runlim] sample:		1409.97 time, 1410.02 real, 1187 MB
[runlim] sample:		1419.97 time, 1420.02 real, 1123 MB
[runlim] sample:		1429.97 time, 1430.01 real, 1209 MB
[runlim] sample:		1439.97 time, 1440.02 real, 1269 MB
[runlim] sample:		1449.97 time, 1450.02 real, 1279 MB
[runlim] sample:		1459.97 time, 1460.01 real, 1279 MB
[runlim] sample:		1469.97 time, 1470.01 real, 1279 MB
[runlim] sample:		1479.97 time, 1480.02 real, 1279 MB
[runlim] sample:		1489.97 time, 1490.02 real, 1279 MB
[runlim] sample:		1499.97 time, 1500.02 real, 1279 MB
[runlim] sample:		1509.97 time, 1510.02 real, 1281 MB
[runlim] sample:		1519.97 time, 1520.01 real, 1281 MB
[runlim] sample:		1529.97 time, 1530.01 real, 1291 MB
[runlim] sample:		1539.97 time, 1540.02 real, 1323 MB
[runlim] sample:		1549.97 time, 1550.02 real, 1323 MB
[runlim] sample:		1559.97 time, 1560.02 real, 1323 MB
[runlim] sample:		1569.97 time, 1570.02 real, 1323 MB
[runlim] sample:		1579.97 time, 1580.01 real, 1325 MB
[runlim] sample:		1589.97 time, 1590.02 real, 1325 MB
[runlim] sample:		1599.97 time, 1600.01 real, 1325 MB
[runlim] sample:		1609.97 time, 1610.02 real, 1301 MB
[runlim] sample:		1619.97 time, 1620.02 real, 1301 MB
[runlim] sample:		1629.97 time, 1630.02 real, 1333 MB
[runlim] sample:		1639.97 time, 1640.02 real, 1333 MB
[runlim] sample:		1649.97 time, 1650.02 real, 1333 MB
[runlim] sample:		1659.97 time, 1660.01 real, 1337 MB
[runlim] sample:		1669.97 time, 1670.02 real, 1337 MB
[runlim] sample:		1679.97 time, 1680.02 real, 1337 MB
[runlim] sample:		1689.97 time, 1690.02 real, 1337 MB
[runlim] sample:		1699.97 time, 1700.02 real, 1315 MB
[runlim] sample:		1709.97 time, 1710.02 real, 1349 MB
[runlim] sample:		1719.97 time, 1720.02 real, 1349 MB
[runlim] sample:		1729.97 time, 1730.02 real, 1349 MB
[runlim] sample:		1739.97 time, 1740.02 real, 1384 MB
[runlim] sample:		1749.97 time, 1750.01 real, 1385 MB
[runlim] sample:		1759.97 time, 1760.02 real, 1317 MB
[runlim] sample:		1769.97 time, 1770.02 real, 1353 MB
[runlim] sample:		1779.97 time, 1780.01 real, 1353 MB
[runlim] sample:		1789.97 time, 1790.02 real, 1393 MB
[runlim] sample:		1799.97 time, 1800.02 real, 1363 MB
[runlim] sample:		1809.97 time, 1810.02 real, 1365 MB
[runlim] sample:		1819.97 time, 1820.02 real, 1365 MB
[runlim] sample:		1829.97 time, 1830.02 real, 1365 MB
[runlim] sample:		1839.97 time, 1840.02 real, 1365 MB
[runlim] sample:		1849.97 time, 1850.02 real, 1365 MB
[runlim] sample:		1859.97 time, 1860.02 real, 1365 MB
[runlim] sample:		1869.97 time, 1870.01 real, 1365 MB
[runlim] sample:		1879.97 time, 1880.02 real, 1341 MB
[runlim] sample:		1889.97 time, 1890.02 real, 1341 MB
[runlim] sample:		1899.97 time, 1900.02 real, 1448 MB
[runlim] sample:		1909.97 time, 1910.02 real, 1449 MB
[runlim] sample:		1919.97 time, 1920.02 real, 1454 MB
[runlim] sample:		1929.97 time, 1930.02 real, 1454 MB
[runlim] sample:		1939.96 time, 1940.02 real, 1454 MB
[runlim] sample:		1949.96 time, 1950.02 real, 1454 MB
[runlim] sample:		1959.97 time, 1960.02 real, 1456 MB
[runlim] sample:		1969.97 time, 1970.02 real, 1456 MB
[runlim] sample:		1979.97 time, 1980.02 real, 1353 MB
[runlim] sample:		1989.97 time, 1990.02 real, 1470 MB
[runlim] sample:		1999.97 time, 2000.02 real, 1470 MB
[runlim] sample:		2009.97 time, 2010.02 real, 1470 MB
[runlim] end:			Thu Oct 17 08:50:37 2019
[runlim] status:		ok
[runlim] result:		0
[runlim] children:		3
[runlim] real:			2017.70 seconds
[runlim] time:			2017.57 seconds
[runlim] space:			1545 MB
[runlim] samples:		20176
