[runlim] version:		1.17
[runlim] host:			c3n11
[runlim] time limit:		311040000 seconds
[runlim] real time limit:	3600 seconds
[runlim] space limit:		120000 MB
[runlim] argv[0]:		./run-conps-btormc-thp.sh
[runlim] argv[1]:		/tmp/MltNIYiH.btor
[runlim] start:			Thu Oct 17 09:22:07 2019
[runlim] child:			22884
[runlim] sample:		9.98 time, 10.01 real, 297 MB
[runlim] sample:		19.98 time, 20.01 real, 541 MB
[runlim] sample:		29.99 time, 30.01 real, 856 MB
[runlim] sample:		39.99 time, 40.01 real, 891 MB
[runlim] sample:		49.99 time, 50.01 real, 1336 MB
[runlim] sample:		59.99 time, 60.01 real, 1891 MB
[runlim] sample:		69.99 time, 70.01 real, 1662 MB
[runlim] sample:		79.98 time, 80.01 real, 1610 MB
[runlim] sample:		89.98 time, 90.01 real, 1967 MB
[runlim] sample:		99.98 time, 100.01 real, 2287 MB
[runlim] sample:		109.98 time, 110.01 real, 2529 MB
[runlim] sample:		119.98 time, 120.01 real, 2737 MB
[runlim] sample:		129.98 time, 130.01 real, 2626 MB
[runlim] sample:		139.98 time, 140.01 real, 3222 MB
[runlim] sample:		149.98 time, 150.01 real, 3348 MB
[runlim] sample:		159.98 time, 160.01 real, 3047 MB
[runlim] sample:		169.98 time, 170.01 real, 3454 MB
[runlim] sample:		179.98 time, 180.01 real, 3736 MB
[runlim] sample:		189.98 time, 190.01 real, 3738 MB
[runlim] sample:		199.98 time, 200.01 real, 3850 MB
[runlim] sample:		209.98 time, 210.01 real, 4094 MB
[runlim] sample:		219.98 time, 220.01 real, 4156 MB
[runlim] sample:		229.98 time, 230.01 real, 4446 MB
[runlim] sample:		239.98 time, 240.01 real, 4578 MB
[runlim] sample:		249.98 time, 250.01 real, 4700 MB
[runlim] sample:		259.98 time, 260.01 real, 4872 MB
[runlim] sample:		269.98 time, 270.01 real, 4992 MB
[runlim] sample:		279.98 time, 280.01 real, 5114 MB
[runlim] sample:		289.98 time, 290.01 real, 5230 MB
[runlim] sample:		299.98 time, 300.01 real, 5337 MB
[runlim] sample:		309.98 time, 310.01 real, 5452 MB
[runlim] sample:		319.98 time, 320.01 real, 5638 MB
[runlim] sample:		329.98 time, 330.01 real, 5334 MB
[runlim] sample:		339.98 time, 340.01 real, 5968 MB
[runlim] sample:		349.98 time, 350.01 real, 6396 MB
[runlim] sample:		359.98 time, 360.01 real, 6396 MB
[runlim] sample:		369.98 time, 370.01 real, 5970 MB
[runlim] sample:		379.98 time, 380.01 real, 5742 MB
[runlim] sample:		389.98 time, 390.01 real, 5752 MB
[runlim] sample:		399.98 time, 400.01 real, 6532 MB
[runlim] sample:		409.98 time, 410.01 real, 6910 MB
[runlim] sample:		419.98 time, 420.01 real, 6732 MB
[runlim] sample:		429.98 time, 430.01 real, 6808 MB
[runlim] sample:		439.98 time, 440.01 real, 6900 MB
[runlim] sample:		449.98 time, 450.01 real, 6990 MB
[runlim] sample:		459.98 time, 460.01 real, 7080 MB
[runlim] sample:		469.98 time, 470.01 real, 7259 MB
[runlim] sample:		479.98 time, 480.01 real, 7268 MB
[runlim] sample:		489.98 time, 490.01 real, 7380 MB
[runlim] sample:		499.98 time, 500.01 real, 7518 MB
[runlim] sample:		509.98 time, 510.01 real, 7524 MB
[runlim] sample:		519.97 time, 520.01 real, 7606 MB
[runlim] sample:		529.98 time, 530.01 real, 7690 MB
[runlim] sample:		539.98 time, 540.01 real, 7774 MB
[runlim] sample:		549.97 time, 550.01 real, 7852 MB
[runlim] sample:		559.98 time, 560.01 real, 8114 MB
[runlim] sample:		569.98 time, 570.01 real, 8024 MB
[runlim] sample:		579.98 time, 580.01 real, 8082 MB
[runlim] sample:		589.98 time, 590.01 real, 8160 MB
[runlim] sample:		599.98 time, 600.01 real, 8460 MB
[runlim] sample:		609.97 time, 610.01 real, 8367 MB
[runlim] sample:		619.98 time, 620.01 real, 8998 MB
[runlim] sample:		629.98 time, 630.01 real, 8728 MB
[runlim] end:			Thu Oct 17 09:32:41 2019
[runlim] status:		ok
[runlim] result:		0
[runlim] children:		3
[runlim] real:			634.21 seconds
[runlim] time:			634.08 seconds
[runlim] space:			9196 MB
[runlim] samples:		6341
