[runlim] version:		1.17
[runlim] host:			c3n31
[runlim] time limit:		311040000 seconds
[runlim] real time limit:	3600 seconds
[runlim] space limit:		120000 MB
[runlim] argv[0]:		./run-conps-btormc-thp.sh
[runlim] argv[1]:		/tmp/NurKMqDb.btor
[runlim] start:			Thu Oct 17 09:18:04 2019
[runlim] child:			28629
[runlim] sample:		9.98 time, 10.02 real, 819 MB
[runlim] sample:		19.98 time, 20.02 real, 1333 MB
[runlim] sample:		29.98 time, 30.02 real, 1881 MB
[runlim] sample:		39.99 time, 40.02 real, 2143 MB
[runlim] sample:		49.98 time, 50.02 real, 2475 MB
[runlim] sample:		59.98 time, 60.02 real, 2682 MB
[runlim] sample:		69.98 time, 70.02 real, 2975 MB
[runlim] sample:		79.98 time, 80.02 real, 3050 MB
[runlim] sample:		89.98 time, 90.02 real, 3722 MB
[runlim] sample:		99.98 time, 100.02 real, 3883 MB
[runlim] sample:		109.98 time, 110.02 real, 4029 MB
[runlim] sample:		119.98 time, 120.02 real, 4167 MB
[runlim] sample:		129.98 time, 130.02 real, 4346 MB
[runlim] sample:		139.98 time, 140.02 real, 4635 MB
[runlim] sample:		149.98 time, 150.02 real, 4755 MB
[runlim] sample:		159.98 time, 160.02 real, 4883 MB
[runlim] sample:		169.98 time, 170.02 real, 5041 MB
[runlim] sample:		179.98 time, 180.02 real, 5160 MB
[runlim] sample:		189.98 time, 190.02 real, 5273 MB
[runlim] sample:		199.98 time, 200.02 real, 5381 MB
[runlim] sample:		209.98 time, 210.02 real, 5490 MB
[runlim] sample:		219.98 time, 220.02 real, 5595 MB
[runlim] sample:		229.97 time, 230.02 real, 5862 MB
[runlim] sample:		239.98 time, 240.02 real, 5799 MB
[runlim] sample:		249.98 time, 250.02 real, 5894 MB
[runlim] sample:		259.98 time, 260.02 real, 5989 MB
[runlim] sample:		269.97 time, 270.02 real, 6084 MB
[runlim] sample:		279.98 time, 280.02 real, 6175 MB
[runlim] sample:		289.98 time, 290.02 real, 6275 MB
[runlim] sample:		299.98 time, 300.02 real, 6425 MB
[runlim] sample:		309.98 time, 310.02 real, 7465 MB
[runlim] sample:		319.98 time, 320.02 real, 7626 MB
[runlim] sample:		329.98 time, 330.02 real, 7649 MB
[runlim] sample:		339.98 time, 340.02 real, 7718 MB
[runlim] sample:		349.98 time, 350.02 real, 7805 MB
[runlim] sample:		359.97 time, 360.02 real, 7880 MB
[runlim] sample:		369.97 time, 370.02 real, 7969 MB
[runlim] sample:		379.97 time, 380.02 real, 8047 MB
[runlim] sample:		389.98 time, 390.02 real, 8125 MB
[runlim] sample:		399.97 time, 400.02 real, 8203 MB
[runlim] sample:		409.97 time, 410.02 real, 8294 MB
[runlim] sample:		419.97 time, 420.02 real, 8353 MB
[runlim] sample:		429.98 time, 430.02 real, 8868 MB
[runlim] sample:		439.97 time, 440.02 real, 8499 MB
[runlim] sample:		449.98 time, 450.02 real, 8693 MB
[runlim] sample:		459.98 time, 460.02 real, 9024 MB
[runlim] sample:		469.97 time, 470.02 real, 9060 MB
[runlim] end:			Thu Oct 17 09:25:59 2019
[runlim] status:		ok
[runlim] result:		0
[runlim] children:		3
[runlim] real:			474.94 seconds
[runlim] time:			474.88 seconds
[runlim] space:			9555 MB
[runlim] samples:		4749
