[runlim] version:		1.17
[runlim] host:			c3n05
[runlim] time limit:		311040000 seconds
[runlim] real time limit:	3600 seconds
[runlim] space limit:		120000 MB
[runlim] argv[0]:		./run-conps-btormc-thp.sh
[runlim] argv[1]:		/tmp/yn4bxUfR.btor
[runlim] start:			Thu Oct 17 10:03:21 2019
[runlim] child:			16212
[runlim] sample:		9.98 time, 10.02 real, 188 MB
[runlim] sample:		19.98 time, 20.02 real, 335 MB
[runlim] sample:		29.98 time, 30.02 real, 468 MB
[runlim] sample:		39.98 time, 40.01 real, 516 MB
[runlim] sample:		49.98 time, 50.02 real, 528 MB
[runlim] sample:		59.98 time, 60.02 real, 528 MB
[runlim] sample:		69.98 time, 70.02 real, 532 MB
[runlim] sample:		79.98 time, 80.01 real, 552 MB
[runlim] sample:		89.98 time, 90.02 real, 566 MB
[runlim] sample:		99.98 time, 100.02 real, 562 MB
[runlim] sample:		109.98 time, 110.02 real, 563 MB
[runlim] sample:		119.98 time, 120.02 real, 633 MB
[runlim] sample:		129.98 time, 130.02 real, 633 MB
[runlim] sample:		139.98 time, 140.02 real, 658 MB
[runlim] sample:		149.98 time, 150.02 real, 658 MB
[runlim] sample:		159.98 time, 160.02 real, 638 MB
[runlim] sample:		169.98 time, 170.02 real, 759 MB
[runlim] sample:		179.98 time, 180.02 real, 678 MB
[runlim] sample:		189.98 time, 190.02 real, 800 MB
[runlim] sample:		199.98 time, 200.02 real, 829 MB
[runlim] sample:		209.98 time, 210.02 real, 859 MB
[runlim] sample:		219.98 time, 220.02 real, 782 MB
[runlim] sample:		229.99 time, 230.02 real, 810 MB
[runlim] sample:		239.98 time, 240.02 real, 849 MB
[runlim] sample:		249.98 time, 250.02 real, 791 MB
[runlim] sample:		259.98 time, 260.02 real, 895 MB
[runlim] sample:		269.98 time, 270.02 real, 895 MB
[runlim] sample:		279.98 time, 280.01 real, 898 MB
[runlim] sample:		289.98 time, 290.02 real, 898 MB
[runlim] sample:		299.98 time, 300.02 real, 852 MB
[runlim] sample:		309.98 time, 310.02 real, 852 MB
[runlim] sample:		319.98 time, 320.02 real, 975 MB
[runlim] sample:		329.98 time, 330.01 real, 892 MB
[runlim] sample:		339.98 time, 340.02 real, 892 MB
[runlim] sample:		349.98 time, 350.02 real, 1006 MB
[runlim] sample:		359.98 time, 360.02 real, 1008 MB
[runlim] sample:		369.98 time, 370.02 real, 1010 MB
[runlim] sample:		379.98 time, 380.02 real, 1010 MB
[runlim] sample:		389.98 time, 390.02 real, 1064 MB
[runlim] sample:		399.98 time, 400.01 real, 923 MB
[runlim] sample:		409.98 time, 410.02 real, 923 MB
[runlim] sample:		419.99 time, 420.02 real, 992 MB
[runlim] sample:		429.98 time, 430.02 real, 1032 MB
[runlim] sample:		439.98 time, 440.01 real, 929 MB
[runlim] sample:		449.98 time, 450.02 real, 929 MB
[runlim] sample:		459.98 time, 460.02 real, 929 MB
[runlim] sample:		469.98 time, 470.02 real, 929 MB
[runlim] sample:		479.98 time, 480.02 real, 929 MB
[runlim] sample:		489.98 time, 490.02 real, 1039 MB
[runlim] sample:		499.98 time, 500.02 real, 1039 MB
[runlim] sample:		509.98 time, 510.02 real, 942 MB
[runlim] sample:		519.98 time, 520.02 real, 942 MB
[runlim] sample:		529.98 time, 530.02 real, 1053 MB
[runlim] sample:		539.98 time, 540.02 real, 1053 MB
[runlim] sample:		549.98 time, 550.02 real, 1055 MB
[runlim] sample:		559.98 time, 560.02 real, 1055 MB
[runlim] sample:		569.98 time, 570.01 real, 1055 MB
[runlim] sample:		579.98 time, 580.02 real, 1006 MB
[runlim] sample:		589.99 time, 590.02 real, 984 MB
[runlim] sample:		599.98 time, 600.02 real, 984 MB
[runlim] sample:		609.98 time, 610.02 real, 1077 MB
[runlim] sample:		619.98 time, 620.02 real, 1078 MB
[runlim] sample:		629.98 time, 630.02 real, 1112 MB
[runlim] sample:		639.98 time, 640.02 real, 1112 MB
[runlim] sample:		649.98 time, 650.02 real, 1112 MB
[runlim] sample:		659.98 time, 660.02 real, 1112 MB
[runlim] sample:		669.98 time, 670.02 real, 1112 MB
[runlim] sample:		679.99 time, 680.02 real, 1117 MB
[runlim] sample:		689.99 time, 690.02 real, 1117 MB
[runlim] sample:		699.99 time, 700.02 real, 1117 MB
[runlim] sample:		709.98 time, 710.02 real, 1117 MB
[runlim] sample:		719.98 time, 720.02 real, 1117 MB
[runlim] sample:		729.98 time, 730.02 real, 1117 MB
[runlim] sample:		739.98 time, 740.02 real, 1117 MB
[runlim] sample:		749.99 time, 750.02 real, 1025 MB
[runlim] sample:		759.99 time, 760.02 real, 1039 MB
[runlim] sample:		769.99 time, 770.02 real, 1039 MB
[runlim] sample:		779.98 time, 780.02 real, 1167 MB
[runlim] sample:		789.99 time, 790.02 real, 1078 MB
[runlim] sample:		799.99 time, 800.02 real, 1078 MB
[runlim] sample:		809.99 time, 810.02 real, 1078 MB
[runlim] sample:		819.99 time, 820.02 real, 1207 MB
[runlim] sample:		829.99 time, 830.02 real, 1207 MB
[runlim] sample:		839.99 time, 840.02 real, 1207 MB
[runlim] sample:		849.99 time, 850.02 real, 1207 MB
[runlim] sample:		859.99 time, 860.02 real, 1207 MB
[runlim] sample:		869.98 time, 870.02 real, 1572 MB
[runlim] sample:		879.98 time, 880.01 real, 1604 MB
[runlim] sample:		889.98 time, 890.02 real, 1692 MB
[runlim] sample:		899.99 time, 900.02 real, 1692 MB
[runlim] sample:		909.99 time, 910.01 real, 1685 MB
[runlim] sample:		919.99 time, 920.01 real, 1685 MB
[runlim] sample:		929.99 time, 930.01 real, 1767 MB
[runlim] sample:		939.99 time, 940.01 real, 1767 MB
[runlim] sample:		949.99 time, 950.01 real, 1767 MB
[runlim] sample:		959.99 time, 960.01 real, 1767 MB
[runlim] sample:		969.99 time, 970.01 real, 1767 MB
[runlim] sample:		979.99 time, 980.01 real, 1767 MB
[runlim] sample:		989.99 time, 990.01 real, 1767 MB
[runlim] sample:		999.99 time, 1000.01 real, 1767 MB
[runlim] sample:		1009.98 time, 1010.02 real, 1767 MB
[runlim] sample:		1019.98 time, 1020.01 real, 1836 MB
[runlim] sample:		1029.98 time, 1030.01 real, 1836 MB
[runlim] sample:		1039.98 time, 1040.02 real, 1836 MB
[runlim] sample:		1049.98 time, 1050.02 real, 1853 MB
[runlim] sample:		1059.98 time, 1060.02 real, 1853 MB
[runlim] sample:		1069.98 time, 1070.02 real, 1853 MB
[runlim] sample:		1079.98 time, 1080.01 real, 1853 MB
[runlim] sample:		1089.98 time, 1090.01 real, 1853 MB
[runlim] sample:		1099.98 time, 1100.02 real, 1853 MB
[runlim] sample:		1109.98 time, 1110.02 real, 1854 MB
[runlim] sample:		1119.98 time, 1120.02 real, 1854 MB
[runlim] sample:		1129.98 time, 1130.01 real, 1854 MB
[runlim] sample:		1139.98 time, 1140.01 real, 1854 MB
[runlim] sample:		1149.99 time, 1150.02 real, 1855 MB
[runlim] sample:		1159.99 time, 1160.02 real, 1170 MB
[runlim] sample:		1169.99 time, 1170.02 real, 1143 MB
[runlim] sample:		1179.99 time, 1180.02 real, 1143 MB
[runlim] sample:		1189.99 time, 1190.02 real, 1143 MB
[runlim] sample:		1199.99 time, 1200.02 real, 1143 MB
[runlim] sample:		1209.99 time, 1210.02 real, 1232 MB
[runlim] sample:		1219.99 time, 1220.02 real, 1232 MB
[runlim] sample:		1229.99 time, 1230.02 real, 1193 MB
[runlim] sample:		1239.98 time, 1240.02 real, 1148 MB
[runlim] sample:		1249.98 time, 1250.02 real, 1271 MB
[runlim] sample:		1259.98 time, 1260.02 real, 1271 MB
[runlim] sample:		1269.98 time, 1270.01 real, 1130 MB
[runlim] sample:		1279.99 time, 1280.02 real, 1130 MB
[runlim] sample:		1289.99 time, 1290.02 real, 1130 MB
[runlim] sample:		1299.99 time, 1300.02 real, 1130 MB
[runlim] sample:		1309.99 time, 1310.02 real, 1130 MB
[runlim] sample:		1319.99 time, 1320.01 real, 1130 MB
[runlim] sample:		1329.98 time, 1330.02 real, 1181 MB
[runlim] sample:		1339.99 time, 1340.02 real, 1138 MB
[runlim] sample:		1349.99 time, 1350.02 real, 1138 MB
[runlim] sample:		1359.99 time, 1360.01 real, 1180 MB
[runlim] sample:		1369.99 time, 1370.02 real, 1180 MB
[runlim] sample:		1379.99 time, 1380.02 real, 1180 MB
[runlim] sample:		1389.99 time, 1390.02 real, 1306 MB
[runlim] sample:		1399.99 time, 1400.02 real, 1306 MB
[runlim] sample:		1409.99 time, 1410.02 real, 1210 MB
[runlim] sample:		1419.99 time, 1420.01 real, 1201 MB
[runlim] sample:		1429.98 time, 1430.02 real, 1201 MB
[runlim] sample:		1439.98 time, 1440.02 real, 1201 MB
[runlim] sample:		1449.98 time, 1450.02 real, 1329 MB
[runlim] sample:		1459.98 time, 1460.02 real, 1329 MB
[runlim] sample:		1469.98 time, 1470.02 real, 1329 MB
[runlim] sample:		1479.99 time, 1480.01 real, 1331 MB
[runlim] sample:		1489.99 time, 1490.02 real, 1331 MB
[runlim] sample:		1499.99 time, 1500.02 real, 1332 MB
[runlim] sample:		1509.99 time, 1510.02 real, 1332 MB
[runlim] sample:		1519.99 time, 1520.02 real, 1335 MB
[runlim] sample:		1529.99 time, 1530.02 real, 1335 MB
[runlim] sample:		1539.99 time, 1540.02 real, 1214 MB
[runlim] sample:		1549.99 time, 1550.02 real, 1217 MB
[runlim] sample:		1559.99 time, 1560.02 real, 1217 MB
[runlim] sample:		1569.99 time, 1570.02 real, 1217 MB
[runlim] sample:		1579.99 time, 1580.02 real, 1217 MB
[runlim] sample:		1589.99 time, 1590.02 real, 1217 MB
[runlim] sample:		1599.99 time, 1600.02 real, 1217 MB
[runlim] sample:		1609.99 time, 1610.02 real, 1217 MB
[runlim] sample:		1619.98 time, 1620.02 real, 1245 MB
[runlim] sample:		1629.98 time, 1630.02 real, 1148 MB
[runlim] sample:		1639.98 time, 1640.02 real, 1148 MB
[runlim] sample:		1649.98 time, 1650.02 real, 1148 MB
[runlim] sample:		1659.98 time, 1660.02 real, 1148 MB
[runlim] sample:		1669.98 time, 1670.02 real, 1148 MB
[runlim] sample:		1679.98 time, 1680.02 real, 1148 MB
[runlim] sample:		1689.98 time, 1690.02 real, 1148 MB
[runlim] sample:		1699.98 time, 1700.02 real, 1148 MB
[runlim] sample:		1709.98 time, 1710.02 real, 1356 MB
[runlim] sample:		1719.98 time, 1720.02 real, 1356 MB
[runlim] sample:		1729.98 time, 1730.02 real, 1356 MB
[runlim] sample:		1739.98 time, 1740.02 real, 1356 MB
[runlim] sample:		1749.98 time, 1750.02 real, 1356 MB
[runlim] sample:		1759.99 time, 1760.02 real, 1364 MB
[runlim] sample:		1769.99 time, 1770.02 real, 1364 MB
[runlim] sample:		1779.99 time, 1780.02 real, 1364 MB
[runlim] sample:		1789.99 time, 1790.02 real, 1364 MB
[runlim] sample:		1799.99 time, 1800.02 real, 1407 MB
[runlim] sample:		1809.99 time, 1810.01 real, 1231 MB
[runlim] sample:		1819.99 time, 1820.02 real, 1249 MB
[runlim] sample:		1829.99 time, 1830.02 real, 1249 MB
[runlim] sample:		1839.99 time, 1840.02 real, 1441 MB
[runlim] sample:		1849.99 time, 1850.02 real, 1441 MB
[runlim] sample:		1859.99 time, 1860.02 real, 1305 MB
[runlim] sample:		1869.99 time, 1870.02 real, 1254 MB
[runlim] sample:		1879.99 time, 1880.02 real, 1254 MB
[runlim] sample:		1889.99 time, 1890.02 real, 1254 MB
[runlim] sample:		1899.99 time, 1900.01 real, 1254 MB
[runlim] sample:		1909.99 time, 1910.02 real, 1254 MB
[runlim] sample:		1919.99 time, 1920.02 real, 1496 MB
[runlim] sample:		1929.99 time, 1930.02 real, 1496 MB
[runlim] sample:		1939.99 time, 1940.02 real, 1496 MB
[runlim] sample:		1949.99 time, 1950.02 real, 1496 MB
[runlim] sample:		1959.99 time, 1960.02 real, 1423 MB
[runlim] sample:		1969.99 time, 1970.02 real, 1332 MB
[runlim] sample:		1979.99 time, 1980.02 real, 1332 MB
[runlim] sample:		1989.99 time, 1990.02 real, 1332 MB
[runlim] sample:		1999.99 time, 2000.02 real, 1332 MB
[runlim] sample:		2009.99 time, 2010.02 real, 1529 MB
[runlim] sample:		2019.99 time, 2020.02 real, 1529 MB
[runlim] sample:		2029.99 time, 2030.02 real, 1529 MB
[runlim] sample:		2039.99 time, 2040.02 real, 1529 MB
[runlim] sample:		2049.99 time, 2050.02 real, 1529 MB
[runlim] sample:		2059.99 time, 2060.02 real, 1390 MB
[runlim] sample:		2069.99 time, 2070.02 real, 1337 MB
[runlim] sample:		2079.99 time, 2080.02 real, 1337 MB
[runlim] sample:		2089.99 time, 2090.02 real, 1337 MB
[runlim] sample:		2099.99 time, 2100.02 real, 1337 MB
[runlim] sample:		2109.99 time, 2110.02 real, 1337 MB
[runlim] sample:		2119.99 time, 2120.02 real, 1493 MB
[runlim] sample:		2129.99 time, 2130.02 real, 1493 MB
[runlim] sample:		2139.99 time, 2140.02 real, 1493 MB
[runlim] sample:		2149.99 time, 2150.02 real, 1493 MB
[runlim] sample:		2159.99 time, 2160.02 real, 1498 MB
[runlim] sample:		2169.99 time, 2170.02 real, 1498 MB
[runlim] sample:		2179.99 time, 2180.02 real, 1498 MB
[runlim] sample:		2189.99 time, 2190.02 real, 1498 MB
[runlim] sample:		2199.99 time, 2200.02 real, 1498 MB
[runlim] sample:		2209.99 time, 2210.02 real, 1498 MB
[runlim] sample:		2219.99 time, 2220.02 real, 1498 MB
[runlim] sample:		2229.99 time, 2230.02 real, 1498 MB
[runlim] sample:		2239.99 time, 2240.02 real, 1498 MB
[runlim] sample:		2249.99 time, 2250.02 real, 1498 MB
[runlim] sample:		2259.99 time, 2260.02 real, 1930 MB
[runlim] sample:		2269.99 time, 2270.02 real, 1930 MB
[runlim] sample:		2279.99 time, 2280.02 real, 1558 MB
[runlim] sample:		2289.99 time, 2290.02 real, 1559 MB
[runlim] sample:		2299.99 time, 2300.02 real, 1559 MB
[runlim] sample:		2309.99 time, 2310.02 real, 1559 MB
[runlim] sample:		2319.99 time, 2320.02 real, 1559 MB
[runlim] sample:		2329.99 time, 2330.02 real, 1559 MB
[runlim] sample:		2339.99 time, 2340.02 real, 1418 MB
[runlim] sample:		2350.00 time, 2350.02 real, 1418 MB
[runlim] sample:		2360.00 time, 2360.02 real, 1418 MB
[runlim] sample:		2370.00 time, 2370.02 real, 1418 MB
[runlim] sample:		2380.00 time, 2380.02 real, 1418 MB
[runlim] sample:		2390.00 time, 2390.02 real, 1418 MB
[runlim] sample:		2400.00 time, 2400.02 real, 1418 MB
[runlim] sample:		2410.00 time, 2410.02 real, 1418 MB
[runlim] sample:		2420.00 time, 2420.02 real, 1418 MB
[runlim] sample:		2430.00 time, 2430.02 real, 1418 MB
[runlim] sample:		2440.00 time, 2440.02 real, 1418 MB
[runlim] sample:		2450.00 time, 2450.02 real, 1418 MB
[runlim] sample:		2460.00 time, 2460.02 real, 1418 MB
[runlim] sample:		2470.00 time, 2470.02 real, 1418 MB
[runlim] sample:		2480.00 time, 2480.02 real, 1418 MB
[runlim] sample:		2490.00 time, 2490.02 real, 1418 MB
[runlim] sample:		2500.00 time, 2500.02 real, 1418 MB
[runlim] sample:		2509.99 time, 2510.02 real, 1898 MB
[runlim] sample:		2519.99 time, 2520.02 real, 1898 MB
[runlim] sample:		2529.99 time, 2530.02 real, 1898 MB
[runlim] sample:		2539.99 time, 2540.02 real, 1614 MB
[runlim] sample:		2549.99 time, 2550.02 real, 1614 MB
[runlim] sample:		2559.99 time, 2560.02 real, 1614 MB
[runlim] sample:		2569.99 time, 2570.02 real, 1527 MB
[runlim] sample:		2579.99 time, 2580.01 real, 1527 MB
[runlim] sample:		2590.00 time, 2590.02 real, 1527 MB
[runlim] sample:		2600.00 time, 2600.02 real, 1527 MB
[runlim] sample:		2610.00 time, 2610.02 real, 1527 MB
[runlim] sample:		2620.00 time, 2620.02 real, 1527 MB
[runlim] sample:		2630.00 time, 2630.02 real, 1527 MB
[runlim] sample:		2640.00 time, 2640.02 real, 1527 MB
[runlim] sample:		2650.00 time, 2650.02 real, 1527 MB
[runlim] sample:		2660.00 time, 2660.02 real, 1616 MB
[runlim] sample:		2669.99 time, 2670.02 real, 1673 MB
[runlim] sample:		2679.99 time, 2680.02 real, 1673 MB
[runlim] sample:		2689.99 time, 2690.02 real, 1673 MB
[runlim] sample:		2699.99 time, 2700.02 real, 1673 MB
[runlim] sample:		2709.99 time, 2710.02 real, 1673 MB
[runlim] sample:		2719.99 time, 2720.02 real, 1673 MB
[runlim] sample:		2729.99 time, 2730.02 real, 1673 MB
[runlim] sample:		2739.99 time, 2740.02 real, 1673 MB
[runlim] sample:		2749.99 time, 2750.02 real, 1673 MB
[runlim] sample:		2759.99 time, 2760.02 real, 1673 MB
[runlim] sample:		2769.99 time, 2770.02 real, 1673 MB
[runlim] sample:		2779.99 time, 2780.02 real, 1570 MB
[runlim] sample:		2790.00 time, 2790.02 real, 1570 MB
[runlim] sample:		2799.99 time, 2800.02 real, 1570 MB
[runlim] sample:		2810.00 time, 2810.02 real, 1570 MB
[runlim] sample:		2820.00 time, 2820.02 real, 1570 MB
[runlim] sample:		2830.00 time, 2830.02 real, 1570 MB
[runlim] sample:		2840.00 time, 2840.02 real, 1570 MB
[runlim] sample:		2850.00 time, 2850.02 real, 1570 MB
[runlim] sample:		2860.00 time, 2860.02 real, 1570 MB
[runlim] sample:		2870.00 time, 2870.02 real, 1570 MB
[runlim] sample:		2880.00 time, 2880.02 real, 1570 MB
[runlim] sample:		2890.00 time, 2890.02 real, 1570 MB
[runlim] sample:		2900.00 time, 2900.02 real, 1570 MB
[runlim] sample:		2910.00 time, 2910.02 real, 1570 MB
[runlim] sample:		2920.00 time, 2920.02 real, 1570 MB
[runlim] sample:		2930.00 time, 2930.02 real, 1570 MB
[runlim] sample:		2940.00 time, 2940.02 real, 1570 MB
[runlim] sample:		2950.00 time, 2950.02 real, 1570 MB
[runlim] sample:		2960.00 time, 2960.02 real, 1570 MB
[runlim] sample:		2970.00 time, 2970.02 real, 1570 MB
[runlim] sample:		2980.00 time, 2980.02 real, 1570 MB
[runlim] sample:		2990.00 time, 2990.02 real, 1570 MB
[runlim] sample:		2999.99 time, 3000.02 real, 1614 MB
[runlim] sample:		3009.99 time, 3010.02 real, 1614 MB
[runlim] sample:		3019.99 time, 3020.02 real, 1614 MB
[runlim] sample:		3029.99 time, 3030.02 real, 1614 MB
[runlim] sample:		3039.99 time, 3040.02 real, 1614 MB
[runlim] sample:		3049.99 time, 3050.02 real, 1614 MB
[runlim] sample:		3059.99 time, 3060.02 real, 1614 MB
[runlim] sample:		3069.99 time, 3070.02 real, 1614 MB
[runlim] sample:		3079.99 time, 3080.02 real, 1614 MB
[runlim] sample:		3090.00 time, 3090.02 real, 1579 MB
[runlim] sample:		3100.00 time, 3100.02 real, 1580 MB
[runlim] sample:		3110.00 time, 3110.02 real, 1580 MB
[runlim] sample:		3120.00 time, 3120.02 real, 1760 MB
[runlim] sample:		3130.00 time, 3130.02 real, 1760 MB
[runlim] sample:		3140.00 time, 3140.02 real, 1760 MB
[runlim] sample:		3150.00 time, 3150.02 real, 1633 MB
[runlim] sample:		3160.00 time, 3160.02 real, 1506 MB
[runlim] sample:		3170.00 time, 3170.02 real, 1506 MB
[runlim] sample:		3180.00 time, 3180.02 real, 1551 MB
[runlim] sample:		3190.00 time, 3190.02 real, 1611 MB
[runlim] sample:		3200.00 time, 3200.01 real, 1550 MB
[runlim] sample:		3210.00 time, 3210.01 real, 1615 MB
[runlim] sample:		3220.00 time, 3220.01 real, 1615 MB
[runlim] sample:		3230.00 time, 3230.02 real, 1615 MB
[runlim] sample:		3240.00 time, 3240.02 real, 1550 MB
[runlim] sample:		3250.00 time, 3250.02 real, 1550 MB
[runlim] sample:		3260.00 time, 3260.02 real, 1550 MB
[runlim] sample:		3270.00 time, 3270.02 real, 1550 MB
[runlim] sample:		3280.00 time, 3280.02 real, 1550 MB
[runlim] sample:		3290.00 time, 3290.02 real, 2073 MB
[runlim] sample:		3300.00 time, 3300.02 real, 2073 MB
[runlim] sample:		3310.00 time, 3310.02 real, 2073 MB
[runlim] sample:		3320.00 time, 3320.02 real, 2073 MB
[runlim] sample:		3330.00 time, 3330.02 real, 2073 MB
[runlim] sample:		3340.00 time, 3340.02 real, 2073 MB
[runlim] sample:		3350.00 time, 3350.02 real, 2197 MB
[runlim] sample:		3360.00 time, 3360.02 real, 2154 MB
[runlim] sample:		3369.99 time, 3370.02 real, 2238 MB
[runlim] sample:		3379.99 time, 3380.02 real, 2238 MB
[runlim] sample:		3390.00 time, 3390.02 real, 2282 MB
[runlim] sample:		3400.00 time, 3400.02 real, 2296 MB
[runlim] sample:		3410.00 time, 3410.01 real, 2360 MB
[runlim] sample:		3420.00 time, 3420.01 real, 2448 MB
[runlim] sample:		3430.00 time, 3430.01 real, 2448 MB
[runlim] sample:		3440.00 time, 3440.01 real, 2448 MB
[runlim] sample:		3450.00 time, 3450.01 real, 2448 MB
[runlim] sample:		3460.00 time, 3460.02 real, 2448 MB
[runlim] sample:		3470.00 time, 3470.02 real, 2448 MB
[runlim] sample:		3480.00 time, 3480.01 real, 2448 MB
[runlim] sample:		3490.00 time, 3490.02 real, 2354 MB
[runlim] sample:		3500.00 time, 3500.02 real, 2354 MB
[runlim] sample:		3510.00 time, 3510.02 real, 2354 MB
[runlim] sample:		3520.00 time, 3520.02 real, 2354 MB
[runlim] sample:		3530.00 time, 3530.02 real, 2354 MB
[runlim] sample:		3540.00 time, 3540.02 real, 2403 MB
[runlim] sample:		3550.00 time, 3550.01 real, 2403 MB
[runlim] sample:		3560.00 time, 3560.01 real, 2403 MB
[runlim] sample:		3570.00 time, 3570.02 real, 2403 MB
[runlim] sample:		3580.00 time, 3580.02 real, 2403 MB
[runlim] sample:		3590.00 time, 3590.02 real, 2429 MB
[runlim] sample:		3600.00 time, 3600.02 real, 2429 MB
[runlim] end:			Thu Oct 17 11:03:21 2019
[runlim] status:		out of time
[runlim] result:		2
[runlim] children:		3
[runlim] real:			3600.10 seconds
[runlim] time:			3600.00 seconds
[runlim] space:			2732 MB
[runlim] samples:		36000
