[runlim] version:		1.17
[runlim] host:			c3n13
[runlim] time limit:		311040000 seconds
[runlim] real time limit:	3600 seconds
[runlim] space limit:		120000 MB
[runlim] argv[0]:		./run-conps-btormc-thp.sh
[runlim] argv[1]:		/tmp/sK9kqQlS.btor
[runlim] start:			Thu Oct 17 09:51:24 2019
[runlim] child:			32431
[runlim] sample:		9.98 time, 10.02 real, 214 MB
[runlim] sample:		19.98 time, 20.01 real, 387 MB
[runlim] sample:		29.98 time, 30.02 real, 405 MB
[runlim] sample:		39.98 time, 40.02 real, 456 MB
[runlim] sample:		49.98 time, 50.02 real, 544 MB
[runlim] sample:		59.98 time, 60.02 real, 512 MB
[runlim] sample:		69.98 time, 70.02 real, 662 MB
[runlim] sample:		79.98 time, 80.02 real, 708 MB
[runlim] sample:		89.98 time, 90.01 real, 763 MB
[runlim] sample:		99.98 time, 100.02 real, 766 MB
[runlim] sample:		109.98 time, 110.02 real, 802 MB
[runlim] sample:		119.98 time, 120.02 real, 732 MB
[runlim] sample:		129.98 time, 130.02 real, 738 MB
[runlim] sample:		139.98 time, 140.02 real, 744 MB
[runlim] sample:		149.98 time, 150.02 real, 744 MB
[runlim] sample:		159.98 time, 160.02 real, 744 MB
[runlim] sample:		169.98 time, 170.02 real, 744 MB
[runlim] sample:		179.98 time, 180.02 real, 744 MB
[runlim] sample:		189.98 time, 190.02 real, 803 MB
[runlim] sample:		199.98 time, 200.02 real, 803 MB
[runlim] sample:		209.98 time, 210.02 real, 941 MB
[runlim] sample:		219.97 time, 220.02 real, 867 MB
[runlim] sample:		229.98 time, 230.02 real, 902 MB
[runlim] sample:		239.98 time, 240.02 real, 886 MB
[runlim] sample:		249.98 time, 250.02 real, 886 MB
[runlim] sample:		259.97 time, 260.02 real, 959 MB
[runlim] sample:		269.98 time, 270.02 real, 1008 MB
[runlim] sample:		279.97 time, 280.02 real, 947 MB
[runlim] sample:		289.98 time, 290.01 real, 947 MB
[runlim] sample:		299.97 time, 300.02 real, 951 MB
[runlim] sample:		309.98 time, 310.02 real, 1030 MB
[runlim] sample:		319.98 time, 320.02 real, 998 MB
[runlim] sample:		329.98 time, 330.02 real, 998 MB
[runlim] sample:		339.98 time, 340.01 real, 1001 MB
[runlim] sample:		349.98 time, 350.01 real, 1001 MB
[runlim] sample:		359.97 time, 360.01 real, 1069 MB
[runlim] sample:		369.98 time, 370.01 real, 1004 MB
[runlim] sample:		379.98 time, 380.01 real, 1004 MB
[runlim] sample:		389.97 time, 390.01 real, 1139 MB
[runlim] sample:		399.97 time, 400.01 real, 1212 MB
[runlim] sample:		409.98 time, 410.01 real, 1081 MB
[runlim] sample:		419.98 time, 420.01 real, 1218 MB
[runlim] sample:		429.98 time, 430.01 real, 1278 MB
[runlim] sample:		439.97 time, 440.01 real, 1260 MB
[runlim] sample:		449.98 time, 450.01 real, 1144 MB
[runlim] sample:		459.98 time, 460.01 real, 1144 MB
[runlim] sample:		469.98 time, 470.01 real, 1144 MB
[runlim] sample:		479.97 time, 480.01 real, 1205 MB
[runlim] sample:		489.97 time, 490.01 real, 1205 MB
[runlim] sample:		499.97 time, 500.01 real, 1205 MB
[runlim] sample:		509.98 time, 510.01 real, 1451 MB
[runlim] sample:		519.98 time, 520.01 real, 1403 MB
[runlim] sample:		529.97 time, 530.01 real, 1310 MB
[runlim] sample:		539.97 time, 540.01 real, 1310 MB
[runlim] sample:		549.97 time, 550.01 real, 1310 MB
[runlim] sample:		559.97 time, 560.01 real, 1310 MB
[runlim] sample:		569.97 time, 570.01 real, 1310 MB
[runlim] sample:		579.97 time, 580.01 real, 1310 MB
[runlim] sample:		589.97 time, 590.01 real, 1752 MB
[runlim] sample:		599.97 time, 600.01 real, 1494 MB
[runlim] sample:		609.97 time, 610.01 real, 1494 MB
[runlim] sample:		619.97 time, 620.01 real, 1494 MB
[runlim] sample:		629.97 time, 630.01 real, 1494 MB
[runlim] sample:		639.97 time, 640.01 real, 1494 MB
[runlim] sample:		649.97 time, 650.01 real, 1494 MB
[runlim] sample:		659.97 time, 660.01 real, 1494 MB
[runlim] sample:		669.97 time, 670.01 real, 1371 MB
[runlim] sample:		679.97 time, 680.01 real, 1374 MB
[runlim] sample:		689.97 time, 690.01 real, 1374 MB
[runlim] sample:		699.97 time, 700.01 real, 1374 MB
[runlim] sample:		709.97 time, 710.01 real, 1374 MB
[runlim] sample:		719.97 time, 720.01 real, 1374 MB
[runlim] sample:		729.97 time, 730.01 real, 1488 MB
[runlim] sample:		739.97 time, 740.01 real, 1391 MB
[runlim] sample:		749.97 time, 750.01 real, 1391 MB
[runlim] sample:		759.98 time, 760.01 real, 1567 MB
[runlim] sample:		769.98 time, 770.01 real, 1405 MB
[runlim] sample:		779.97 time, 780.01 real, 1442 MB
[runlim] sample:		789.97 time, 790.01 real, 1442 MB
[runlim] sample:		799.97 time, 800.01 real, 1442 MB
[runlim] sample:		809.97 time, 810.01 real, 1442 MB
[runlim] sample:		819.97 time, 820.01 real, 1442 MB
[runlim] sample:		829.97 time, 830.01 real, 1882 MB
[runlim] sample:		839.97 time, 840.01 real, 1882 MB
[runlim] sample:		849.97 time, 850.01 real, 1896 MB
[runlim] sample:		859.97 time, 860.01 real, 1974 MB
[runlim] sample:		869.97 time, 870.01 real, 2012 MB
[runlim] sample:		879.97 time, 880.01 real, 1992 MB
[runlim] sample:		889.97 time, 890.01 real, 2038 MB
[runlim] sample:		899.97 time, 900.01 real, 2038 MB
[runlim] sample:		909.97 time, 910.01 real, 2084 MB
[runlim] sample:		919.97 time, 920.01 real, 2126 MB
[runlim] sample:		929.97 time, 930.01 real, 2126 MB
[runlim] sample:		939.97 time, 940.01 real, 2126 MB
[runlim] sample:		949.97 time, 950.01 real, 2126 MB
[runlim] sample:		959.97 time, 960.01 real, 2126 MB
[runlim] sample:		969.97 time, 970.01 real, 2156 MB
[runlim] sample:		979.97 time, 980.01 real, 2180 MB
[runlim] sample:		989.97 time, 990.01 real, 2180 MB
[runlim] sample:		999.97 time, 1000.01 real, 2180 MB
[runlim] sample:		1009.97 time, 1010.01 real, 2206 MB
[runlim] sample:		1019.97 time, 1020.01 real, 2206 MB
[runlim] sample:		1029.97 time, 1030.01 real, 2319 MB
[runlim] sample:		1039.97 time, 1040.01 real, 2222 MB
[runlim] sample:		1049.97 time, 1050.01 real, 2222 MB
[runlim] sample:		1059.97 time, 1060.01 real, 2222 MB
[runlim] sample:		1069.97 time, 1070.01 real, 2222 MB
[runlim] sample:		1079.97 time, 1080.01 real, 2222 MB
[runlim] sample:		1089.97 time, 1090.01 real, 2222 MB
[runlim] sample:		1099.97 time, 1100.01 real, 2222 MB
[runlim] sample:		1109.97 time, 1110.01 real, 2222 MB
[runlim] sample:		1119.97 time, 1120.01 real, 2222 MB
[runlim] sample:		1129.97 time, 1130.01 real, 2222 MB
[runlim] sample:		1139.97 time, 1140.01 real, 2248 MB
[runlim] sample:		1149.97 time, 1150.01 real, 2248 MB
[runlim] sample:		1159.97 time, 1160.01 real, 2248 MB
[runlim] sample:		1169.97 time, 1170.01 real, 2248 MB
[runlim] sample:		1179.97 time, 1180.01 real, 2248 MB
[runlim] sample:		1189.97 time, 1190.01 real, 2248 MB
[runlim] sample:		1199.97 time, 1200.01 real, 2248 MB
[runlim] sample:		1209.97 time, 1210.01 real, 2266 MB
[runlim] sample:		1219.97 time, 1220.01 real, 2266 MB
[runlim] sample:		1229.97 time, 1230.01 real, 2266 MB
[runlim] sample:		1239.97 time, 1240.01 real, 2266 MB
[runlim] sample:		1249.97 time, 1250.01 real, 2266 MB
[runlim] sample:		1259.97 time, 1260.01 real, 2266 MB
[runlim] sample:		1269.97 time, 1270.01 real, 2266 MB
[runlim] sample:		1279.97 time, 1280.01 real, 2266 MB
[runlim] sample:		1289.97 time, 1290.01 real, 2266 MB
[runlim] sample:		1299.97 time, 1300.01 real, 2266 MB
[runlim] sample:		1309.97 time, 1310.01 real, 2266 MB
[runlim] sample:		1319.96 time, 1320.01 real, 2266 MB
[runlim] sample:		1329.97 time, 1330.01 real, 2267 MB
[runlim] sample:		1339.97 time, 1340.01 real, 2267 MB
[runlim] sample:		1349.97 time, 1350.01 real, 2267 MB
[runlim] sample:		1359.97 time, 1360.01 real, 2267 MB
[runlim] sample:		1369.97 time, 1370.01 real, 1572 MB
[runlim] sample:		1379.97 time, 1380.01 real, 1572 MB
[runlim] sample:		1389.96 time, 1390.01 real, 1523 MB
[runlim] sample:		1399.96 time, 1400.01 real, 1464 MB
[runlim] sample:		1409.96 time, 1410.01 real, 1464 MB
[runlim] sample:		1419.97 time, 1420.01 real, 1640 MB
[runlim] sample:		1429.97 time, 1430.01 real, 1640 MB
[runlim] sample:		1439.97 time, 1440.01 real, 1640 MB
[runlim] sample:		1449.97 time, 1450.01 real, 1640 MB
[runlim] sample:		1459.97 time, 1460.01 real, 1640 MB
[runlim] sample:		1469.97 time, 1470.01 real, 1640 MB
[runlim] sample:		1479.97 time, 1480.01 real, 1640 MB
[runlim] sample:		1489.97 time, 1490.01 real, 1640 MB
[runlim] sample:		1499.97 time, 1500.01 real, 1640 MB
[runlim] sample:		1509.97 time, 1510.01 real, 1640 MB
[runlim] sample:		1519.97 time, 1520.01 real, 1642 MB
[runlim] sample:		1529.97 time, 1530.01 real, 1470 MB
[runlim] sample:		1539.97 time, 1540.01 real, 1470 MB
[runlim] sample:		1549.96 time, 1550.01 real, 1470 MB
[runlim] sample:		1559.96 time, 1560.01 real, 1470 MB
[runlim] sample:		1569.96 time, 1570.01 real, 1470 MB
[runlim] sample:		1579.96 time, 1580.01 real, 1470 MB
[runlim] sample:		1589.97 time, 1590.01 real, 1635 MB
[runlim] sample:		1599.96 time, 1600.01 real, 1474 MB
[runlim] sample:		1609.97 time, 1610.01 real, 1539 MB
[runlim] sample:		1619.97 time, 1620.01 real, 1539 MB
[runlim] sample:		1629.97 time, 1630.01 real, 1474 MB
[runlim] sample:		1639.97 time, 1640.01 real, 1474 MB
[runlim] sample:		1649.97 time, 1650.01 real, 1675 MB
[runlim] sample:		1659.96 time, 1660.01 real, 1480 MB
[runlim] sample:		1669.96 time, 1670.01 real, 1480 MB
[runlim] sample:		1679.96 time, 1680.01 real, 1480 MB
[runlim] sample:		1689.96 time, 1690.01 real, 1986 MB
[runlim] sample:		1699.96 time, 1700.01 real, 1986 MB
[runlim] sample:		1709.96 time, 1710.01 real, 1642 MB
[runlim] sample:		1719.96 time, 1720.01 real, 1642 MB
[runlim] sample:		1729.96 time, 1730.01 real, 1642 MB
[runlim] sample:		1739.96 time, 1740.01 real, 1642 MB
[runlim] sample:		1749.96 time, 1750.01 real, 1642 MB
[runlim] sample:		1759.96 time, 1760.01 real, 1642 MB
[runlim] sample:		1769.96 time, 1770.01 real, 1642 MB
[runlim] sample:		1779.96 time, 1780.01 real, 1642 MB
[runlim] sample:		1789.96 time, 1790.01 real, 1642 MB
[runlim] sample:		1799.96 time, 1800.01 real, 1642 MB
[runlim] sample:		1809.96 time, 1810.01 real, 1642 MB
[runlim] sample:		1819.96 time, 1820.01 real, 1642 MB
[runlim] sample:		1829.96 time, 1830.01 real, 1642 MB
[runlim] sample:		1839.96 time, 1840.01 real, 1642 MB
[runlim] sample:		1849.96 time, 1850.01 real, 1642 MB
[runlim] sample:		1859.96 time, 1860.01 real, 1642 MB
[runlim] sample:		1869.96 time, 1870.01 real, 1642 MB
[runlim] sample:		1879.96 time, 1880.01 real, 1642 MB
[runlim] sample:		1889.96 time, 1890.01 real, 1642 MB
[runlim] sample:		1899.96 time, 1900.01 real, 2346 MB
[runlim] sample:		1909.96 time, 1910.01 real, 2218 MB
[runlim] sample:		1919.96 time, 1920.01 real, 2300 MB
[runlim] sample:		1929.96 time, 1930.01 real, 2320 MB
[runlim] sample:		1939.97 time, 1940.01 real, 2228 MB
[runlim] sample:		1949.97 time, 1950.01 real, 2228 MB
[runlim] sample:		1959.96 time, 1960.01 real, 2274 MB
[runlim] sample:		1969.96 time, 1970.01 real, 2274 MB
[runlim] sample:		1979.96 time, 1980.01 real, 2274 MB
[runlim] sample:		1989.96 time, 1990.01 real, 2274 MB
[runlim] sample:		1999.96 time, 2000.01 real, 2274 MB
[runlim] sample:		2009.97 time, 2010.01 real, 2364 MB
[runlim] sample:		2019.97 time, 2020.01 real, 2364 MB
[runlim] sample:		2029.97 time, 2030.01 real, 2364 MB
[runlim] sample:		2039.97 time, 2040.01 real, 2460 MB
[runlim] sample:		2049.97 time, 2050.01 real, 2460 MB
[runlim] sample:		2059.96 time, 2060.01 real, 2410 MB
[runlim] sample:		2069.96 time, 2070.01 real, 2410 MB
[runlim] sample:		2079.96 time, 2080.01 real, 2410 MB
[runlim] sample:		2089.96 time, 2090.01 real, 2410 MB
[runlim] sample:		2099.96 time, 2100.01 real, 2410 MB
[runlim] sample:		2109.97 time, 2110.01 real, 2507 MB
[runlim] sample:		2119.96 time, 2120.01 real, 2436 MB
[runlim] sample:		2129.96 time, 2130.01 real, 2436 MB
[runlim] sample:		2139.97 time, 2140.01 real, 2436 MB
[runlim] sample:		2149.97 time, 2150.01 real, 2436 MB
[runlim] sample:		2159.97 time, 2160.01 real, 2436 MB
[runlim] sample:		2169.97 time, 2170.01 real, 2436 MB
[runlim] sample:		2179.97 time, 2180.01 real, 2436 MB
[runlim] sample:		2189.96 time, 2190.01 real, 2437 MB
[runlim] sample:		2199.96 time, 2200.01 real, 2437 MB
[runlim] sample:		2209.97 time, 2210.01 real, 2437 MB
[runlim] sample:		2219.97 time, 2220.01 real, 2437 MB
[runlim] sample:		2229.97 time, 2230.01 real, 2437 MB
[runlim] sample:		2239.96 time, 2240.01 real, 2437 MB
[runlim] sample:		2249.96 time, 2250.01 real, 2437 MB
[runlim] sample:		2259.96 time, 2260.01 real, 2437 MB
[runlim] sample:		2269.96 time, 2270.01 real, 2437 MB
[runlim] sample:		2279.96 time, 2280.01 real, 2437 MB
[runlim] sample:		2289.97 time, 2290.01 real, 1485 MB
[runlim] sample:		2299.96 time, 2300.01 real, 1485 MB
[runlim] sample:		2309.96 time, 2310.01 real, 1486 MB
[runlim] sample:		2319.96 time, 2320.01 real, 1486 MB
[runlim] sample:		2329.96 time, 2330.01 real, 1486 MB
[runlim] sample:		2339.96 time, 2340.01 real, 1713 MB
[runlim] sample:		2349.96 time, 2350.01 real, 1716 MB
[runlim] sample:		2359.96 time, 2360.01 real, 1716 MB
[runlim] sample:		2369.96 time, 2370.01 real, 1716 MB
[runlim] sample:		2379.96 time, 2380.01 real, 1523 MB
[runlim] sample:		2389.96 time, 2390.01 real, 1523 MB
[runlim] sample:		2399.96 time, 2400.01 real, 1523 MB
[runlim] sample:		2409.96 time, 2410.01 real, 1523 MB
[runlim] sample:		2419.96 time, 2420.01 real, 1523 MB
[runlim] sample:		2429.96 time, 2430.01 real, 1523 MB
[runlim] sample:		2439.96 time, 2440.01 real, 1523 MB
[runlim] sample:		2449.96 time, 2450.01 real, 1523 MB
[runlim] sample:		2459.96 time, 2460.01 real, 1523 MB
[runlim] sample:		2469.96 time, 2470.01 real, 1523 MB
[runlim] sample:		2479.96 time, 2480.01 real, 1523 MB
[runlim] sample:		2489.96 time, 2490.01 real, 1523 MB
[runlim] sample:		2499.97 time, 2500.01 real, 1722 MB
[runlim] sample:		2509.97 time, 2510.01 real, 1722 MB
[runlim] sample:		2519.97 time, 2520.01 real, 1621 MB
[runlim] sample:		2529.96 time, 2530.01 real, 1528 MB
[runlim] sample:		2539.96 time, 2540.01 real, 1528 MB
[runlim] sample:		2549.96 time, 2550.01 real, 1528 MB
[runlim] sample:		2559.96 time, 2560.01 real, 1528 MB
[runlim] sample:		2569.96 time, 2570.01 real, 1729 MB
[runlim] sample:		2579.96 time, 2580.01 real, 1729 MB
[runlim] sample:		2589.96 time, 2590.01 real, 1729 MB
[runlim] sample:		2599.96 time, 2600.01 real, 1729 MB
[runlim] sample:		2609.96 time, 2610.01 real, 1503 MB
[runlim] sample:		2619.96 time, 2620.01 real, 1535 MB
[runlim] sample:		2629.96 time, 2630.01 real, 1763 MB
[runlim] sample:		2639.96 time, 2640.01 real, 1764 MB
[runlim] sample:		2649.96 time, 2650.01 real, 1764 MB
[runlim] sample:		2659.96 time, 2660.01 real, 1660 MB
[runlim] sample:		2669.96 time, 2670.01 real, 1564 MB
[runlim] sample:		2679.96 time, 2680.01 real, 1564 MB
[runlim] sample:		2689.96 time, 2690.01 real, 1564 MB
[runlim] sample:		2699.96 time, 2700.01 real, 1564 MB
[runlim] sample:		2709.96 time, 2710.01 real, 1564 MB
[runlim] sample:		2719.96 time, 2720.01 real, 1564 MB
[runlim] sample:		2729.96 time, 2730.01 real, 1564 MB
[runlim] sample:		2739.96 time, 2740.01 real, 1564 MB
[runlim] sample:		2749.96 time, 2750.01 real, 1564 MB
[runlim] sample:		2759.96 time, 2760.01 real, 1564 MB
[runlim] sample:		2769.96 time, 2770.01 real, 1564 MB
[runlim] sample:		2779.96 time, 2780.01 real, 1590 MB
[runlim] sample:		2789.96 time, 2790.01 real, 1596 MB
[runlim] sample:		2799.96 time, 2800.01 real, 1590 MB
[runlim] sample:		2809.96 time, 2810.01 real, 1590 MB
[runlim] sample:		2819.96 time, 2820.01 real, 1590 MB
[runlim] sample:		2829.96 time, 2830.01 real, 1590 MB
[runlim] sample:		2839.96 time, 2840.01 real, 1590 MB
[runlim] sample:		2849.96 time, 2850.01 real, 1590 MB
[runlim] sample:		2859.96 time, 2860.01 real, 1590 MB
[runlim] sample:		2869.96 time, 2870.01 real, 1590 MB
[runlim] sample:		2879.95 time, 2880.01 real, 2186 MB
[runlim] sample:		2889.95 time, 2890.01 real, 2186 MB
[runlim] sample:		2899.95 time, 2900.01 real, 2186 MB
[runlim] sample:		2909.96 time, 2910.01 real, 2473 MB
[runlim] sample:		2919.95 time, 2920.01 real, 2243 MB
[runlim] sample:		2929.96 time, 2930.01 real, 2275 MB
[runlim] sample:		2939.96 time, 2940.01 real, 2365 MB
[runlim] sample:		2949.96 time, 2950.01 real, 2365 MB
[runlim] sample:		2959.96 time, 2960.01 real, 2413 MB
[runlim] sample:		2969.96 time, 2970.01 real, 2413 MB
[runlim] sample:		2979.96 time, 2980.01 real, 2497 MB
[runlim] sample:		2989.96 time, 2990.01 real, 2497 MB
[runlim] sample:		2999.96 time, 3000.01 real, 2592 MB
[runlim] sample:		3009.96 time, 3010.01 real, 2592 MB
[runlim] sample:		3019.96 time, 3020.01 real, 2592 MB
[runlim] sample:		3029.96 time, 3030.01 real, 2592 MB
[runlim] sample:		3039.96 time, 3040.01 real, 2592 MB
[runlim] sample:		3049.96 time, 3050.01 real, 2592 MB
[runlim] sample:		3059.96 time, 3060.01 real, 2592 MB
[runlim] sample:		3069.96 time, 3070.01 real, 2548 MB
[runlim] sample:		3079.96 time, 3080.01 real, 2548 MB
[runlim] sample:		3089.96 time, 3090.01 real, 2548 MB
[runlim] sample:		3099.96 time, 3100.01 real, 2548 MB
[runlim] sample:		3109.95 time, 3110.01 real, 2548 MB
[runlim] sample:		3119.95 time, 3120.01 real, 2576 MB
[runlim] sample:		3129.96 time, 3130.01 real, 2576 MB
[runlim] sample:		3139.96 time, 3140.01 real, 2576 MB
[runlim] sample:		3149.96 time, 3150.01 real, 2576 MB
[runlim] sample:		3159.96 time, 3160.01 real, 2576 MB
[runlim] sample:		3169.95 time, 3170.01 real, 2576 MB
[runlim] sample:		3179.95 time, 3180.01 real, 2576 MB
[runlim] sample:		3189.95 time, 3190.01 real, 2576 MB
[runlim] sample:		3199.95 time, 3200.01 real, 2576 MB
[runlim] sample:		3209.95 time, 3210.01 real, 2576 MB
[runlim] sample:		3219.95 time, 3220.01 real, 2576 MB
[runlim] sample:		3229.96 time, 3230.01 real, 1751 MB
[runlim] sample:		3239.96 time, 3240.01 real, 1751 MB
[runlim] sample:		3249.95 time, 3250.01 real, 1593 MB
[runlim] sample:		3259.95 time, 3260.01 real, 1626 MB
[runlim] sample:		3269.95 time, 3270.01 real, 1625 MB
[runlim] sample:		3279.95 time, 3280.01 real, 1658 MB
[runlim] sample:		3289.95 time, 3290.01 real, 1776 MB
[runlim] sample:		3299.96 time, 3300.01 real, 1661 MB
[runlim] sample:		3309.96 time, 3310.01 real, 1629 MB
[runlim] sample:		3319.96 time, 3320.01 real, 1629 MB
[runlim] sample:		3329.96 time, 3330.01 real, 1629 MB
[runlim] sample:		3339.95 time, 3340.01 real, 1770 MB
[runlim] sample:		3349.95 time, 3350.01 real, 1762 MB
[runlim] sample:		3359.96 time, 3360.01 real, 1644 MB
[runlim] sample:		3369.96 time, 3370.01 real, 1678 MB
[runlim] sample:		3379.96 time, 3380.01 real, 1678 MB
[runlim] sample:		3389.96 time, 3390.01 real, 1678 MB
[runlim] sample:		3399.96 time, 3400.01 real, 1870 MB
[runlim] sample:		3409.96 time, 3410.01 real, 1870 MB
[runlim] sample:		3419.96 time, 3420.01 real, 1631 MB
[runlim] sample:		3429.96 time, 3430.01 real, 1666 MB
[runlim] sample:		3439.96 time, 3440.01 real, 1654 MB
[runlim] sample:		3449.95 time, 3450.01 real, 1654 MB
[runlim] sample:		3459.95 time, 3460.01 real, 1654 MB
[runlim] sample:		3469.95 time, 3470.01 real, 1654 MB
[runlim] sample:		3479.95 time, 3480.01 real, 1654 MB
[runlim] sample:		3489.96 time, 3490.01 real, 2305 MB
[runlim] sample:		3499.96 time, 3500.01 real, 2305 MB
[runlim] sample:		3509.96 time, 3510.01 real, 2305 MB
[runlim] sample:		3519.95 time, 3520.01 real, 2367 MB
[runlim] sample:		3529.95 time, 3530.01 real, 2393 MB
[runlim] sample:		3539.95 time, 3540.01 real, 2397 MB
[runlim] sample:		3549.96 time, 3550.01 real, 2346 MB
[runlim] sample:		3559.95 time, 3560.01 real, 2346 MB
[runlim] sample:		3569.95 time, 3570.01 real, 2346 MB
[runlim] sample:		3579.95 time, 3580.01 real, 2346 MB
[runlim] sample:		3589.95 time, 3590.01 real, 2346 MB
[runlim] sample:		3599.95 time, 3600.01 real, 2346 MB
[runlim] end:			Thu Oct 17 10:51:25 2019
[runlim] status:		out of time
[runlim] result:		2
[runlim] children:		3
[runlim] real:			3600.10 seconds
[runlim] time:			3599.95 seconds
[runlim] space:			2830 MB
[runlim] samples:		36000
