[runlim] version:		1.17
[runlim] host:			c3n10
[runlim] time limit:		311040000 seconds
[runlim] real time limit:	3600 seconds
[runlim] space limit:		120000 MB
[runlim] argv[0]:		./run-conps-btormc-thp.sh
[runlim] argv[1]:		/tmp/Uu1ofp7r.btor
[runlim] start:			Thu Oct 17 08:31:19 2019
[runlim] child:			32548
[runlim] sample:		9.99 time, 10.02 real, 387 MB
[runlim] sample:		19.99 time, 20.02 real, 692 MB
[runlim] sample:		29.98 time, 30.02 real, 902 MB
[runlim] sample:		39.98 time, 40.02 real, 1222 MB
[runlim] sample:		49.99 time, 50.01 real, 1324 MB
[runlim] sample:		59.98 time, 60.02 real, 1543 MB
[runlim] sample:		69.98 time, 70.02 real, 1738 MB
[runlim] end:			Thu Oct 17 08:32:33 2019
[runlim] status:		ok
[runlim] result:		0
[runlim] children:		3
[runlim] real:			73.30 seconds
[runlim] time:			73.18 seconds
[runlim] space:			1741 MB
[runlim] samples:		732
