[runlim] version:		1.17
[runlim] host:			c3n30
[runlim] time limit:		311040000 seconds
[runlim] real time limit:	3600 seconds
[runlim] space limit:		120000 MB
[runlim] argv[0]:		./run-conps-btormc-thp.sh
[runlim] argv[1]:		/tmp/ArRFt8bJ.btor
[runlim] start:			Thu Oct 17 08:57:02 2019
[runlim] child:			14026
[runlim] sample:		9.98 time, 10.02 real, 432 MB
[runlim] sample:		19.98 time, 20.02 real, 806 MB
[runlim] sample:		29.98 time, 30.02 real, 1023 MB
[runlim] sample:		39.98 time, 40.02 real, 1253 MB
[runlim] sample:		49.98 time, 50.02 real, 1446 MB
[runlim] sample:		59.98 time, 60.02 real, 1626 MB
[runlim] end:			Thu Oct 17 08:58:11 2019
[runlim] status:		ok
[runlim] result:		0
[runlim] children:		3
[runlim] real:			68.78 seconds
[runlim] time:			68.68 seconds
[runlim] space:			1726 MB
[runlim] samples:		687
