[runlim] version:		1.17
[runlim] host:			c3n11
[runlim] time limit:		311040000 seconds
[runlim] real time limit:	3600 seconds
[runlim] space limit:		120000 MB
[runlim] argv[0]:		./run-conps-btormc-thp.sh
[runlim] argv[1]:		/tmp/Wjc2oRBR.btor
[runlim] start:			Thu Oct 17 08:44:27 2019
[runlim] child:			22753
[runlim] sample:		9.98 time, 10.01 real, 71 MB
[runlim] sample:		19.98 time, 20.01 real, 76 MB
[runlim] sample:		29.98 time, 30.01 real, 119 MB
[runlim] sample:		39.99 time, 40.01 real, 125 MB
[runlim] sample:		49.98 time, 50.02 real, 149 MB
[runlim] sample:		59.99 time, 60.02 real, 166 MB
[runlim] sample:		69.98 time, 70.02 real, 192 MB
[runlim] sample:		79.98 time, 80.02 real, 249 MB
[runlim] sample:		89.98 time, 90.02 real, 254 MB
[runlim] sample:		99.98 time, 100.02 real, 270 MB
[runlim] sample:		109.99 time, 110.02 real, 282 MB
[runlim] sample:		119.98 time, 120.02 real, 296 MB
[runlim] sample:		129.98 time, 130.01 real, 325 MB
[runlim] sample:		139.98 time, 140.02 real, 325 MB
[runlim] sample:		149.98 time, 150.02 real, 337 MB
[runlim] sample:		159.98 time, 160.02 real, 337 MB
[runlim] sample:		169.98 time, 170.02 real, 363 MB
[runlim] sample:		179.99 time, 180.02 real, 381 MB
[runlim] sample:		189.98 time, 190.01 real, 417 MB
[runlim] sample:		199.98 time, 200.01 real, 422 MB
[runlim] sample:		209.98 time, 210.01 real, 422 MB
[runlim] sample:		219.98 time, 220.01 real, 422 MB
[runlim] sample:		229.98 time, 230.02 real, 422 MB
[runlim] sample:		239.98 time, 240.02 real, 446 MB
[runlim] sample:		249.98 time, 250.02 real, 474 MB
[runlim] sample:		259.98 time, 260.02 real, 474 MB
[runlim] sample:		269.98 time, 270.01 real, 488 MB
[runlim] sample:		279.98 time, 280.02 real, 512 MB
[runlim] sample:		289.98 time, 290.02 real, 512 MB
[runlim] sample:		299.98 time, 300.02 real, 506 MB
[runlim] sample:		309.98 time, 310.02 real, 589 MB
[runlim] sample:		319.98 time, 320.02 real, 555 MB
[runlim] sample:		329.98 time, 330.02 real, 559 MB
[runlim] sample:		339.98 time, 340.02 real, 559 MB
[runlim] sample:		349.98 time, 350.02 real, 563 MB
[runlim] sample:		359.98 time, 360.02 real, 563 MB
[runlim] sample:		369.98 time, 370.02 real, 563 MB
[runlim] sample:		379.98 time, 380.02 real, 581 MB
[runlim] sample:		389.98 time, 390.02 real, 589 MB
[runlim] sample:		399.98 time, 400.02 real, 607 MB
[runlim] sample:		409.98 time, 410.02 real, 615 MB
[runlim] sample:		419.98 time, 420.02 real, 645 MB
[runlim] sample:		429.98 time, 430.02 real, 645 MB
[runlim] sample:		439.98 time, 440.02 real, 645 MB
[runlim] sample:		449.98 time, 450.02 real, 611 MB
[runlim] sample:		459.98 time, 460.02 real, 617 MB
[runlim] sample:		469.98 time, 470.02 real, 617 MB
[runlim] sample:		479.98 time, 480.02 real, 647 MB
[runlim] sample:		489.98 time, 490.02 real, 657 MB
[runlim] sample:		499.98 time, 500.02 real, 657 MB
[runlim] sample:		509.98 time, 510.02 real, 661 MB
[runlim] sample:		519.98 time, 520.02 real, 685 MB
[runlim] sample:		529.98 time, 530.02 real, 685 MB
[runlim] sample:		539.98 time, 540.02 real, 689 MB
[runlim] sample:		549.98 time, 550.02 real, 721 MB
[runlim] sample:		559.98 time, 560.02 real, 755 MB
[runlim] sample:		569.98 time, 570.02 real, 779 MB
[runlim] sample:		579.98 time, 580.01 real, 791 MB
[runlim] sample:		589.98 time, 590.02 real, 791 MB
[runlim] sample:		599.98 time, 600.02 real, 807 MB
[runlim] sample:		609.98 time, 610.02 real, 845 MB
[runlim] sample:		619.98 time, 620.02 real, 845 MB
[runlim] sample:		629.98 time, 630.02 real, 845 MB
[runlim] sample:		639.98 time, 640.02 real, 845 MB
[runlim] sample:		649.98 time, 650.01 real, 766 MB
[runlim] sample:		659.98 time, 660.02 real, 742 MB
[runlim] sample:		669.98 time, 670.02 real, 784 MB
[runlim] sample:		679.98 time, 680.02 real, 860 MB
[runlim] sample:		689.98 time, 690.02 real, 860 MB
[runlim] sample:		699.98 time, 700.02 real, 860 MB
[runlim] sample:		709.98 time, 710.02 real, 862 MB
[runlim] sample:		719.98 time, 720.02 real, 862 MB
[runlim] sample:		729.98 time, 730.02 real, 892 MB
[runlim] sample:		739.98 time, 740.02 real, 904 MB
[runlim] sample:		749.98 time, 750.02 real, 904 MB
[runlim] sample:		759.98 time, 760.02 real, 908 MB
[runlim] sample:		769.98 time, 770.02 real, 936 MB
[runlim] sample:		779.98 time, 780.02 real, 936 MB
[runlim] sample:		789.98 time, 790.02 real, 936 MB
[runlim] sample:		799.98 time, 800.02 real, 940 MB
[runlim] sample:		809.98 time, 810.02 real, 940 MB
[runlim] sample:		819.98 time, 820.02 real, 940 MB
[runlim] sample:		829.98 time, 830.02 real, 954 MB
[runlim] sample:		839.98 time, 840.02 real, 954 MB
[runlim] sample:		849.98 time, 850.02 real, 954 MB
[runlim] sample:		859.98 time, 860.02 real, 989 MB
[runlim] sample:		869.98 time, 870.02 real, 989 MB
[runlim] sample:		879.98 time, 880.02 real, 943 MB
[runlim] sample:		889.98 time, 890.02 real, 1002 MB
[runlim] sample:		899.98 time, 900.02 real, 1048 MB
[runlim] sample:		909.98 time, 910.02 real, 1079 MB
[runlim] sample:		919.98 time, 920.02 real, 1079 MB
[runlim] sample:		929.98 time, 930.02 real, 1080 MB
[runlim] sample:		939.98 time, 940.02 real, 1037 MB
[runlim] sample:		949.98 time, 950.02 real, 1070 MB
[runlim] sample:		959.98 time, 960.02 real, 1039 MB
[runlim] sample:		969.98 time, 970.01 real, 1039 MB
[runlim] sample:		979.98 time, 980.02 real, 1040 MB
[runlim] sample:		989.98 time, 990.02 real, 1040 MB
[runlim] sample:		999.98 time, 1000.02 real, 1041 MB
[runlim] sample:		1009.98 time, 1010.02 real, 1042 MB
[runlim] sample:		1019.98 time, 1020.02 real, 1077 MB
[runlim] sample:		1029.98 time, 1030.01 real, 1078 MB
[runlim] sample:		1039.98 time, 1040.02 real, 1080 MB
[runlim] sample:		1049.98 time, 1050.02 real, 1081 MB
[runlim] sample:		1059.98 time, 1060.02 real, 1081 MB
[runlim] sample:		1069.98 time, 1070.02 real, 1083 MB
[runlim] sample:		1079.98 time, 1080.01 real, 1083 MB
[runlim] sample:		1089.98 time, 1090.02 real, 1084 MB
[runlim] sample:		1099.98 time, 1100.02 real, 1085 MB
[runlim] sample:		1109.98 time, 1110.02 real, 1086 MB
[runlim] sample:		1119.98 time, 1120.02 real, 1086 MB
[runlim] sample:		1129.98 time, 1130.02 real, 1106 MB
[runlim] sample:		1139.97 time, 1140.02 real, 1069 MB
[runlim] sample:		1149.98 time, 1150.02 real, 1204 MB
[runlim] sample:		1159.98 time, 1160.02 real, 1169 MB
[runlim] sample:		1169.98 time, 1170.02 real, 1170 MB
[runlim] sample:		1179.98 time, 1180.02 real, 1170 MB
[runlim] sample:		1189.98 time, 1190.02 real, 1172 MB
[runlim] sample:		1199.98 time, 1200.02 real, 1172 MB
[runlim] sample:		1209.98 time, 1210.02 real, 1173 MB
[runlim] sample:		1219.98 time, 1220.02 real, 1178 MB
[runlim] sample:		1229.98 time, 1230.02 real, 1178 MB
[runlim] sample:		1239.97 time, 1240.02 real, 1179 MB
[runlim] sample:		1249.97 time, 1250.02 real, 1179 MB
[runlim] sample:		1259.97 time, 1260.02 real, 1179 MB
[runlim] sample:		1269.97 time, 1270.02 real, 1180 MB
[runlim] sample:		1279.97 time, 1280.02 real, 1180 MB
[runlim] sample:		1289.97 time, 1290.01 real, 1180 MB
[runlim] sample:		1299.98 time, 1300.02 real, 1180 MB
[runlim] sample:		1309.98 time, 1310.02 real, 1181 MB
[runlim] sample:		1319.98 time, 1320.02 real, 1181 MB
[runlim] sample:		1329.98 time, 1330.02 real, 1181 MB
[runlim] sample:		1339.98 time, 1340.02 real, 1182 MB
[runlim] sample:		1349.98 time, 1350.02 real, 1226 MB
[runlim] sample:		1359.98 time, 1360.02 real, 1227 MB
[runlim] sample:		1369.98 time, 1370.02 real, 1228 MB
[runlim] sample:		1379.98 time, 1380.01 real, 1229 MB
[runlim] sample:		1389.97 time, 1390.02 real, 1230 MB
[runlim] sample:		1399.97 time, 1400.02 real, 1231 MB
[runlim] sample:		1409.97 time, 1410.02 real, 1232 MB
[runlim] sample:		1419.97 time, 1420.02 real, 1233 MB
[runlim] sample:		1429.97 time, 1430.02 real, 1263 MB
[runlim] sample:		1439.98 time, 1440.01 real, 1215 MB
[runlim] sample:		1449.98 time, 1450.02 real, 1373 MB
[runlim] sample:		1459.98 time, 1460.02 real, 1374 MB
[runlim] sample:		1469.98 time, 1470.01 real, 1375 MB
[runlim] sample:		1479.97 time, 1480.01 real, 1376 MB
[runlim] sample:		1489.97 time, 1490.01 real, 1378 MB
[runlim] sample:		1499.97 time, 1500.01 real, 1379 MB
[runlim] sample:		1509.97 time, 1510.01 real, 1380 MB
[runlim] sample:		1519.97 time, 1520.01 real, 1381 MB
[runlim] sample:		1529.97 time, 1530.01 real, 1383 MB
[runlim] sample:		1539.97 time, 1540.01 real, 1384 MB
[runlim] sample:		1549.97 time, 1550.01 real, 1385 MB
[runlim] sample:		1559.98 time, 1560.01 real, 1386 MB
[runlim] sample:		1569.98 time, 1570.01 real, 1386 MB
[runlim] sample:		1579.98 time, 1580.01 real, 1387 MB
[runlim] sample:		1589.98 time, 1590.01 real, 1388 MB
[runlim] sample:		1599.98 time, 1600.01 real, 1390 MB
[runlim] sample:		1609.98 time, 1610.01 real, 1390 MB
[runlim] sample:		1619.98 time, 1620.01 real, 1391 MB
[runlim] sample:		1629.98 time, 1630.01 real, 1392 MB
[runlim] sample:		1639.98 time, 1640.01 real, 1394 MB
[runlim] sample:		1649.98 time, 1650.01 real, 1394 MB
[runlim] sample:		1659.98 time, 1660.01 real, 1394 MB
[runlim] sample:		1669.97 time, 1670.01 real, 1396 MB
[runlim] sample:		1679.97 time, 1680.01 real, 1396 MB
[runlim] sample:		1689.97 time, 1690.01 real, 1396 MB
[runlim] sample:		1699.97 time, 1700.01 real, 1396 MB
[runlim] sample:		1709.97 time, 1710.01 real, 1396 MB
[runlim] sample:		1719.97 time, 1720.01 real, 1396 MB
[runlim] sample:		1729.97 time, 1730.01 real, 1310 MB
[runlim] sample:		1739.97 time, 1740.01 real, 1276 MB
[runlim] sample:		1749.98 time, 1750.01 real, 1451 MB
[runlim] sample:		1759.98 time, 1760.01 real, 1452 MB
[runlim] sample:		1769.98 time, 1770.01 real, 1453 MB
[runlim] sample:		1779.97 time, 1780.01 real, 1454 MB
[runlim] sample:		1789.97 time, 1790.01 real, 1421 MB
[runlim] sample:		1799.98 time, 1800.01 real, 1354 MB
[runlim] sample:		1809.97 time, 1810.01 real, 1354 MB
[runlim] sample:		1819.98 time, 1820.01 real, 1486 MB
[runlim] sample:		1829.98 time, 1830.01 real, 1535 MB
[runlim] sample:		1839.98 time, 1840.01 real, 1536 MB
[runlim] sample:		1849.98 time, 1850.01 real, 1514 MB
[runlim] sample:		1859.98 time, 1860.01 real, 1519 MB
[runlim] sample:		1869.98 time, 1870.01 real, 1520 MB
[runlim] sample:		1879.98 time, 1880.01 real, 1521 MB
[runlim] sample:		1889.98 time, 1890.01 real, 1521 MB
[runlim] sample:		1899.98 time, 1900.01 real, 1521 MB
[runlim] sample:		1909.97 time, 1910.01 real, 1522 MB
[runlim] sample:		1919.97 time, 1920.01 real, 1524 MB
[runlim] sample:		1929.97 time, 1930.01 real, 1525 MB
[runlim] sample:		1939.97 time, 1940.01 real, 1525 MB
[runlim] sample:		1949.97 time, 1950.01 real, 1526 MB
[runlim] sample:		1959.97 time, 1960.01 real, 1526 MB
[runlim] sample:		1969.97 time, 1970.01 real, 1526 MB
[runlim] sample:		1979.97 time, 1980.01 real, 1527 MB
[runlim] sample:		1989.97 time, 1990.01 real, 1528 MB
[runlim] sample:		1999.97 time, 2000.01 real, 1551 MB
[runlim] sample:		2009.98 time, 2010.01 real, 1449 MB
[runlim] sample:		2019.98 time, 2020.01 real, 1449 MB
[runlim] sample:		2029.98 time, 2030.01 real, 1449 MB
[runlim] sample:		2039.98 time, 2040.01 real, 1449 MB
[runlim] sample:		2049.98 time, 2050.01 real, 1589 MB
[runlim] sample:		2059.98 time, 2060.01 real, 1641 MB
[runlim] sample:		2069.98 time, 2070.01 real, 1642 MB
[runlim] sample:		2079.98 time, 2080.01 real, 1642 MB
[runlim] sample:		2089.98 time, 2090.01 real, 1644 MB
[runlim] sample:		2099.98 time, 2100.01 real, 1645 MB
[runlim] sample:		2109.98 time, 2110.01 real, 1647 MB
[runlim] sample:		2119.98 time, 2120.01 real, 1648 MB
[runlim] sample:		2129.97 time, 2130.01 real, 1649 MB
[runlim] sample:		2139.97 time, 2140.01 real, 1650 MB
[runlim] sample:		2149.97 time, 2150.01 real, 1651 MB
[runlim] sample:		2159.97 time, 2160.01 real, 1652 MB
[runlim] sample:		2169.97 time, 2170.01 real, 1653 MB
[runlim] sample:		2179.97 time, 2180.01 real, 1653 MB
[runlim] sample:		2189.97 time, 2190.01 real, 1653 MB
[runlim] sample:		2199.97 time, 2200.01 real, 1654 MB
[runlim] sample:		2209.98 time, 2210.01 real, 1583 MB
[runlim] sample:		2219.97 time, 2220.01 real, 1583 MB
[runlim] sample:		2229.97 time, 2230.01 real, 1583 MB
[runlim] sample:		2239.97 time, 2240.01 real, 1763 MB
[runlim] sample:		2249.97 time, 2250.01 real, 1766 MB
[runlim] end:			Thu Oct 17 09:22:07 2019
[runlim] status:		ok
[runlim] result:		0
[runlim] children:		3
[runlim] real:			2259.71 seconds
[runlim] time:			2259.57 seconds
[runlim] space:			1887 MB
[runlim] samples:		22596
