[runlim] version:		1.17
[runlim] host:			c3n26
[runlim] time limit:		311040000 seconds
[runlim] real time limit:	3600 seconds
[runlim] space limit:		120000 MB
[runlim] argv[0]:		./run-conps-btormc-thp.sh
[runlim] argv[1]:		/tmp/4qe08vqZ.btor
[runlim] start:			Thu Oct 17 09:17:32 2019
[runlim] child:			11396
[runlim] sample:		9.98 time, 10.02 real, 304 MB
[runlim] sample:		19.98 time, 20.02 real, 551 MB
[runlim] sample:		29.98 time, 30.02 real, 841 MB
[runlim] sample:		39.98 time, 40.02 real, 877 MB
[runlim] sample:		49.98 time, 50.02 real, 1338 MB
[runlim] sample:		59.98 time, 60.02 real, 1642 MB
[runlim] sample:		69.98 time, 70.02 real, 1604 MB
[runlim] sample:		79.98 time, 80.02 real, 1564 MB
[runlim] sample:		89.98 time, 90.02 real, 1985 MB
[runlim] sample:		99.98 time, 100.02 real, 2289 MB
[runlim] sample:		109.98 time, 110.02 real, 2510 MB
[runlim] sample:		119.98 time, 120.02 real, 2826 MB
[runlim] sample:		129.98 time, 130.02 real, 2679 MB
[runlim] sample:		139.98 time, 140.02 real, 2538 MB
[runlim] sample:		149.98 time, 150.02 real, 2941 MB
[runlim] sample:		159.98 time, 160.02 real, 3084 MB
[runlim] sample:		169.98 time, 170.02 real, 3266 MB
[runlim] sample:		179.98 time, 180.02 real, 3443 MB
[runlim] sample:		189.97 time, 190.02 real, 3602 MB
[runlim] sample:		199.98 time, 200.02 real, 3299 MB
[runlim] sample:		209.97 time, 210.02 real, 3572 MB
[runlim] sample:		219.98 time, 220.02 real, 3785 MB
[runlim] sample:		229.98 time, 230.02 real, 3628 MB
[runlim] sample:		239.98 time, 240.02 real, 3610 MB
[runlim] sample:		249.98 time, 250.02 real, 4172 MB
[runlim] sample:		259.98 time, 260.02 real, 4411 MB
[runlim] sample:		269.98 time, 270.02 real, 4664 MB
[runlim] sample:		279.98 time, 280.02 real, 4746 MB
[runlim] sample:		289.97 time, 290.02 real, 4872 MB
[runlim] sample:		299.98 time, 300.02 real, 5054 MB
[runlim] sample:		309.97 time, 310.02 real, 5168 MB
[runlim] sample:		319.98 time, 320.02 real, 4907 MB
[runlim] sample:		329.98 time, 330.02 real, 5122 MB
[runlim] sample:		339.98 time, 340.02 real, 5405 MB
[runlim] sample:		349.98 time, 350.02 real, 5192 MB
[runlim] sample:		359.98 time, 360.02 real, 4907 MB
[runlim] sample:		369.98 time, 370.02 real, 4909 MB
[runlim] sample:		379.97 time, 380.02 real, 4909 MB
[runlim] sample:		389.98 time, 390.02 real, 5662 MB
[runlim] sample:		399.98 time, 400.02 real, 5771 MB
[runlim] sample:		409.98 time, 410.02 real, 5954 MB
[runlim] sample:		419.98 time, 420.02 real, 5976 MB
[runlim] sample:		429.97 time, 430.02 real, 6083 MB
[runlim] sample:		439.98 time, 440.02 real, 6183 MB
[runlim] sample:		449.97 time, 450.02 real, 6299 MB
[runlim] sample:		459.97 time, 460.02 real, 6318 MB
[runlim] sample:		469.97 time, 470.02 real, 5846 MB
[runlim] sample:		479.97 time, 480.02 real, 5840 MB
[runlim] sample:		489.98 time, 490.02 real, 6425 MB
[runlim] sample:		499.98 time, 500.02 real, 5820 MB
[runlim] sample:		509.97 time, 510.02 real, 5820 MB
[runlim] sample:		519.98 time, 520.02 real, 5818 MB
[runlim] sample:		529.98 time, 530.02 real, 5818 MB
[runlim] sample:		539.98 time, 540.02 real, 6897 MB
[runlim] sample:		549.97 time, 550.02 real, 6758 MB
[runlim] sample:		559.98 time, 560.02 real, 6845 MB
[runlim] sample:		569.98 time, 570.02 real, 6936 MB
[runlim] sample:		579.98 time, 580.02 real, 7273 MB
[runlim] sample:		589.97 time, 590.02 real, 7138 MB
[runlim] sample:		599.97 time, 600.02 real, 7212 MB
[runlim] sample:		609.97 time, 610.02 real, 7310 MB
[runlim] sample:		619.98 time, 620.02 real, 7407 MB
[runlim] sample:		629.97 time, 630.02 real, 7465 MB
[runlim] sample:		639.97 time, 640.02 real, 7546 MB
[runlim] sample:		649.97 time, 650.02 real, 7636 MB
[runlim] sample:		659.98 time, 660.02 real, 8007 MB
[runlim] sample:		669.98 time, 670.02 real, 7795 MB
[runlim] sample:		679.97 time, 680.02 real, 8219 MB
[runlim] sample:		689.98 time, 690.02 real, 7953 MB
[runlim] sample:		699.97 time, 700.02 real, 8041 MB
[runlim] sample:		709.97 time, 710.02 real, 8107 MB
[runlim] sample:		719.97 time, 720.02 real, 8543 MB
[runlim] sample:		729.98 time, 730.02 real, 8259 MB
[runlim] sample:		739.97 time, 740.02 real, 8749 MB
[runlim] sample:		749.98 time, 750.02 real, 7596 MB
[runlim] sample:		759.98 time, 760.02 real, 8643 MB
[runlim] sample:		769.97 time, 770.02 real, 8047 MB
[runlim] sample:		779.97 time, 780.02 real, 8909 MB
[runlim] sample:		789.97 time, 790.02 real, 8909 MB
[runlim] sample:		799.97 time, 800.02 real, 8051 MB
[runlim] sample:		809.97 time, 810.01 real, 8359 MB
[runlim] sample:		819.97 time, 820.02 real, 8048 MB
[runlim] sample:		829.97 time, 830.02 real, 8048 MB
[runlim] sample:		839.97 time, 840.02 real, 8048 MB
[runlim] sample:		849.98 time, 850.02 real, 9189 MB
[runlim] sample:		859.97 time, 860.02 real, 9510 MB
[runlim] sample:		869.97 time, 870.02 real, 9518 MB
[runlim] end:			Thu Oct 17 09:32:03 2019
[runlim] status:		ok
[runlim] result:		0
[runlim] children:		3
[runlim] real:			871.61 seconds
[runlim] time:			871.48 seconds
[runlim] space:			10892 MB
[runlim] samples:		8715
