[runlim] version:		1.17
[runlim] host:			c3n24
[runlim] time limit:		311040000 seconds
[runlim] real time limit:	3600 seconds
[runlim] space limit:		120000 MB
[runlim] argv[0]:		./run-conps-btormc-thp.sh
[runlim] argv[1]:		/tmp/G8b1xbYs.btor
[runlim] start:			Thu Oct 17 10:45:16 2019
[runlim] child:			1948
[runlim] sample:		9.98 time, 10.02 real, 716 MB
[runlim] sample:		19.99 time, 20.02 real, 1224 MB
[runlim] sample:		29.98 time, 30.02 real, 1445 MB
[runlim] sample:		39.98 time, 40.02 real, 1655 MB
[runlim] sample:		49.98 time, 50.02 real, 2188 MB
[runlim] sample:		59.98 time, 60.02 real, 2344 MB
[runlim] sample:		69.98 time, 70.02 real, 2522 MB
[runlim] sample:		79.98 time, 80.02 real, 2661 MB
[runlim] sample:		89.98 time, 90.02 real, 2790 MB
[runlim] sample:		99.98 time, 100.02 real, 2968 MB
[runlim] sample:		109.98 time, 110.02 real, 3040 MB
[runlim] sample:		119.98 time, 120.02 real, 3148 MB
[runlim] sample:		129.98 time, 130.02 real, 3260 MB
[runlim] sample:		139.98 time, 140.02 real, 3880 MB
[runlim] sample:		149.98 time, 150.02 real, 3972 MB
[runlim] sample:		159.98 time, 160.02 real, 4073 MB
[runlim] sample:		169.98 time, 170.02 real, 4199 MB
[runlim] sample:		179.98 time, 180.02 real, 4293 MB
[runlim] sample:		189.98 time, 190.02 real, 4552 MB
[runlim] sample:		199.98 time, 200.02 real, 4630 MB
[runlim] sample:		209.98 time, 210.02 real, 4979 MB
[runlim] sample:		219.98 time, 220.02 real, 4792 MB
[runlim] sample:		229.98 time, 230.02 real, 5014 MB
[runlim] sample:		239.98 time, 240.02 real, 4953 MB
[runlim] sample:		249.98 time, 250.02 real, 5033 MB
[runlim] sample:		259.98 time, 260.02 real, 5111 MB
[runlim] sample:		269.98 time, 270.02 real, 5522 MB
[runlim] sample:		279.98 time, 280.02 real, 5311 MB
[runlim] sample:		289.98 time, 290.02 real, 5379 MB
[runlim] end:			Thu Oct 17 10:50:10 2019
[runlim] status:		ok
[runlim] result:		0
[runlim] children:		3
[runlim] real:			293.59 seconds
[runlim] time:			293.48 seconds
[runlim] space:			5677 MB
[runlim] samples:		2935
