[runlim] version:		1.17
[runlim] host:			c3n17
[runlim] time limit:		311040000 seconds
[runlim] real time limit:	3600 seconds
[runlim] space limit:		120000 MB
[runlim] argv[0]:		./run-conps-btormc-thp.sh
[runlim] argv[1]:		/tmp/zSGPTlVC.btor
[runlim] start:			Thu Oct 17 07:29:02 2019
[runlim] child:			13657
warning: unsupported tag 'output'
warning: unsupported tag 'output'
warning: unsupported tag 'output'
warning: unsupported tag 'output'
warning: unsupported tag 'output'
warning: unsupported tag 'output'
warning: unsupported tag 'output'
warning: unsupported tag 'output'
warning: unsupported tag 'output'
warning: unsupported tag 'output'
warning: unsupported tag 'output'
warning: unsupported tag 'output'
warning: unsupported tag 'output'
warning: unsupported tag 'output'
warning: unsupported tag 'output'
warning: unsupported tag 'output'
warning: unsupported tag 'output'
warning: unsupported tag 'output'
[runlim] sample:		9.98 time, 10.02 real, 154 MB
[runlim] sample:		19.98 time, 20.01 real, 210 MB
[runlim] sample:		29.98 time, 30.02 real, 346 MB
[runlim] sample:		39.98 time, 40.02 real, 386 MB
[runlim] sample:		49.98 time, 50.02 real, 508 MB
[runlim] sample:		59.98 time, 60.02 real, 554 MB
[runlim] sample:		69.98 time, 70.02 real, 604 MB
[runlim] sample:		79.98 time, 80.02 real, 634 MB
[runlim] sample:		89.98 time, 90.02 real, 769 MB
[runlim] sample:		99.98 time, 100.02 real, 870 MB
[runlim] sample:		109.98 time, 110.02 real, 721 MB
[runlim] sample:		119.98 time, 120.02 real, 915 MB
[runlim] sample:		129.98 time, 130.02 real, 933 MB
[runlim] sample:		139.98 time, 140.02 real, 949 MB
[runlim] sample:		149.98 time, 150.02 real, 949 MB
[runlim] sample:		159.98 time, 160.02 real, 1019 MB
[runlim] sample:		169.98 time, 170.01 real, 983 MB
[runlim] sample:		179.98 time, 180.02 real, 1240 MB
[runlim] sample:		189.98 time, 190.02 real, 1274 MB
[runlim] sample:		199.98 time, 200.02 real, 1305 MB
[runlim] sample:		209.98 time, 210.02 real, 1228 MB
[runlim] sample:		219.97 time, 220.02 real, 1328 MB
[runlim] sample:		229.98 time, 230.02 real, 1283 MB
[runlim] sample:		239.98 time, 240.02 real, 1424 MB
[runlim] sample:		249.98 time, 250.02 real, 1296 MB
[runlim] sample:		259.97 time, 260.02 real, 1515 MB
[runlim] sample:		269.98 time, 270.02 real, 1542 MB
[runlim] sample:		279.97 time, 280.02 real, 1590 MB
[runlim] sample:		289.98 time, 290.02 real, 1628 MB
[runlim] sample:		299.98 time, 300.02 real, 1680 MB
[runlim] sample:		309.98 time, 310.02 real, 1727 MB
[runlim] sample:		319.98 time, 320.02 real, 1835 MB
[runlim] sample:		329.97 time, 330.01 real, 1674 MB
[runlim] sample:		339.97 time, 340.02 real, 1606 MB
[runlim] sample:		349.97 time, 350.02 real, 1940 MB
[runlim] sample:		359.98 time, 360.02 real, 1661 MB
[runlim] sample:		369.98 time, 370.02 real, 1912 MB
[runlim] sample:		379.97 time, 380.02 real, 1942 MB
[runlim] sample:		389.98 time, 390.02 real, 1967 MB
[runlim] sample:		399.98 time, 400.02 real, 1963 MB
[runlim] sample:		409.98 time, 410.02 real, 1778 MB
[runlim] sample:		419.97 time, 420.01 real, 1775 MB
[runlim] sample:		429.97 time, 430.02 real, 2042 MB
[runlim] end:			Thu Oct 17 07:36:20 2019
[runlim] status:		ok
[runlim] result:		0
[runlim] children:		3
[runlim] real:			437.49 seconds
[runlim] time:			437.37 seconds
[runlim] space:			2335 MB
[runlim] samples:		4374
