[runlim] version:		1.17
[runlim] host:			c3n04
[runlim] time limit:		311040000 seconds
[runlim] real time limit:	3600 seconds
[runlim] space limit:		120000 MB
[runlim] argv[0]:		./run-conps-btormc-thp.sh
[runlim] argv[1]:		/tmp/tqZQTIRt.btor
[runlim] start:			Thu Oct 17 08:45:37 2019
[runlim] child:			28808
[runlim] sample:		9.98 time, 10.02 real, 419 MB
[runlim] sample:		19.99 time, 20.02 real, 693 MB
[runlim] sample:		29.98 time, 30.02 real, 877 MB
[runlim] sample:		39.99 time, 40.02 real, 1221 MB
[runlim] sample:		49.98 time, 50.02 real, 1377 MB
[runlim] sample:		59.99 time, 60.02 real, 1545 MB
[runlim] sample:		69.99 time, 70.02 real, 1780 MB
[runlim] end:			Thu Oct 17 08:46:52 2019
[runlim] status:		ok
[runlim] result:		0
[runlim] children:		3
[runlim] real:			74.42 seconds
[runlim] time:			74.38 seconds
[runlim] space:			1781 MB
[runlim] samples:		744
