[runlim] version:		1.17
[runlim] host:			c3n21
[runlim] time limit:		311040000 seconds
[runlim] real time limit:	3600 seconds
[runlim] space limit:		120000 MB
[runlim] argv[0]:		./run-conps-btormc-thp.sh
[runlim] argv[1]:		/tmp/nEU2nKSG.btor
[runlim] start:			Thu Oct 17 10:34:51 2019
[runlim] child:			18382
[runlim] sample:		9.98 time, 10.02 real, 716 MB
[runlim] sample:		19.98 time, 20.02 real, 1240 MB
[runlim] sample:		29.98 time, 30.02 real, 1442 MB
[runlim] sample:		39.98 time, 40.02 real, 1650 MB
[runlim] sample:		49.99 time, 50.02 real, 2097 MB
[runlim] sample:		59.99 time, 60.02 real, 2338 MB
[runlim] sample:		69.99 time, 70.02 real, 2494 MB
[runlim] sample:		79.98 time, 80.02 real, 2658 MB
[runlim] sample:		89.98 time, 90.02 real, 2787 MB
[runlim] sample:		99.99 time, 100.02 real, 2912 MB
[runlim] sample:		109.98 time, 110.02 real, 3037 MB
[runlim] sample:		119.99 time, 120.02 real, 3144 MB
[runlim] sample:		129.98 time, 130.02 real, 3255 MB
[runlim] sample:		139.99 time, 140.02 real, 3876 MB
[runlim] sample:		149.99 time, 150.02 real, 3967 MB
[runlim] sample:		159.98 time, 160.02 real, 4073 MB
[runlim] sample:		169.99 time, 170.02 real, 4196 MB
[runlim] sample:		179.98 time, 180.02 real, 4290 MB
[runlim] sample:		189.98 time, 190.02 real, 4550 MB
[runlim] sample:		199.99 time, 200.02 real, 4623 MB
[runlim] sample:		209.98 time, 210.02 real, 4757 MB
[runlim] sample:		219.98 time, 220.02 real, 4789 MB
[runlim] sample:		229.98 time, 230.02 real, 4877 MB
[runlim] sample:		239.98 time, 240.02 real, 4948 MB
[runlim] sample:		249.98 time, 250.02 real, 5029 MB
[runlim] sample:		259.98 time, 260.02 real, 5103 MB
[runlim] sample:		269.98 time, 270.02 real, 5457 MB
[runlim] sample:		279.99 time, 280.02 real, 5307 MB
[runlim] sample:		289.98 time, 290.02 real, 5373 MB
[runlim] end:			Thu Oct 17 10:39:45 2019
[runlim] status:		ok
[runlim] result:		0
[runlim] children:		3
[runlim] real:			293.46 seconds
[runlim] time:			293.38 seconds
[runlim] space:			5650 MB
[runlim] samples:		2934
