[runlim] version:		1.17
[runlim] host:			c3n21
[runlim] time limit:		311040000 seconds
[runlim] real time limit:	3600 seconds
[runlim] space limit:		120000 MB
[runlim] argv[0]:		./run-conps-btormc-thp.sh
[runlim] argv[1]:		/tmp/NMaTudIh.btor
[runlim] start:			Thu Oct 17 09:24:16 2019
[runlim] child:			18138
[runlim] sample:		9.99 time, 10.01 real, 297 MB
[runlim] sample:		19.98 time, 20.01 real, 529 MB
[runlim] sample:		29.99 time, 30.01 real, 818 MB
[runlim] sample:		39.99 time, 40.01 real, 889 MB
[runlim] sample:		49.99 time, 50.01 real, 1325 MB
[runlim] sample:		59.98 time, 60.01 real, 1739 MB
[runlim] sample:		69.98 time, 70.01 real, 1755 MB
[runlim] sample:		79.98 time, 80.01 real, 1611 MB
[runlim] sample:		89.99 time, 90.01 real, 1969 MB
[runlim] sample:		99.99 time, 100.01 real, 2262 MB
[runlim] sample:		109.98 time, 110.01 real, 2512 MB
[runlim] sample:		119.98 time, 120.01 real, 2716 MB
[runlim] sample:		129.98 time, 130.01 real, 2926 MB
[runlim] sample:		139.98 time, 140.01 real, 3494 MB
[runlim] sample:		149.98 time, 150.01 real, 3350 MB
[runlim] sample:		159.99 time, 160.01 real, 3134 MB
[runlim] sample:		169.98 time, 170.01 real, 3048 MB
[runlim] sample:		179.98 time, 180.01 real, 3648 MB
[runlim] sample:		189.98 time, 190.01 real, 3838 MB
[runlim] sample:		199.98 time, 200.01 real, 3834 MB
[runlim] sample:		209.98 time, 210.01 real, 3990 MB
[runlim] sample:		219.98 time, 220.01 real, 4134 MB
[runlim] sample:		229.98 time, 230.01 real, 4430 MB
[runlim] sample:		239.98 time, 240.01 real, 4554 MB
[runlim] sample:		249.98 time, 250.01 real, 4684 MB
[runlim] sample:		259.98 time, 260.01 real, 4862 MB
[runlim] sample:		269.98 time, 270.01 real, 4988 MB
[runlim] sample:		279.98 time, 280.01 real, 5104 MB
[runlim] sample:		289.98 time, 290.01 real, 5206 MB
[runlim] sample:		299.98 time, 300.01 real, 5318 MB
[runlim] sample:		309.98 time, 310.01 real, 5588 MB
[runlim] sample:		319.98 time, 320.01 real, 5538 MB
[runlim] sample:		329.98 time, 330.01 real, 4912 MB
[runlim] sample:		339.98 time, 340.01 real, 6706 MB
[runlim] sample:		349.98 time, 350.01 real, 5796 MB
[runlim] sample:		359.98 time, 360.01 real, 6396 MB
[runlim] sample:		369.98 time, 370.01 real, 6682 MB
[runlim] sample:		379.98 time, 380.01 real, 5744 MB
[runlim] sample:		389.98 time, 390.02 real, 5754 MB
[runlim] sample:		399.98 time, 400.01 real, 5754 MB
[runlim] sample:		409.98 time, 410.01 real, 6594 MB
[runlim] sample:		419.98 time, 420.01 real, 6706 MB
[runlim] sample:		429.98 time, 430.01 real, 6804 MB
[runlim] sample:		439.98 time, 440.01 real, 7118 MB
[runlim] sample:		449.98 time, 450.01 real, 6984 MB
[runlim] sample:		459.98 time, 460.01 real, 7074 MB
[runlim] sample:		469.98 time, 470.01 real, 7174 MB
[runlim] sample:		479.98 time, 480.01 real, 7268 MB
[runlim] sample:		489.98 time, 490.01 real, 7708 MB
[runlim] sample:		499.98 time, 500.01 real, 7444 MB
[runlim] sample:		509.98 time, 510.01 real, 7520 MB
[runlim] sample:		519.98 time, 520.01 real, 7920 MB
[runlim] sample:		529.98 time, 530.01 real, 7686 MB
[runlim] sample:		539.98 time, 540.01 real, 7768 MB
[runlim] sample:		549.97 time, 550.01 real, 7850 MB
[runlim] sample:		559.98 time, 560.01 real, 7928 MB
[runlim] sample:		569.97 time, 570.01 real, 8026 MB
[runlim] sample:		579.98 time, 580.01 real, 8082 MB
[runlim] sample:		589.98 time, 590.01 real, 8158 MB
[runlim] sample:		599.98 time, 600.01 real, 8232 MB
[runlim] sample:		609.98 time, 610.01 real, 8366 MB
[runlim] sample:		619.98 time, 620.01 real, 8696 MB
[runlim] sample:		629.98 time, 630.01 real, 8730 MB
[runlim] end:			Thu Oct 17 09:34:51 2019
[runlim] status:		ok
[runlim] result:		0
[runlim] children:		3
[runlim] real:			634.44 seconds
[runlim] time:			634.38 seconds
[runlim] space:			9186 MB
[runlim] samples:		6344
