[runlim] version:		1.17
[runlim] host:			c3n01
[runlim] time limit:		311040000 seconds
[runlim] real time limit:	3600 seconds
[runlim] space limit:		120000 MB
[runlim] argv[0]:		./run-btormc-master.sh
[runlim] argv[1]:		/tmp/6dZ0XeNr.btor2
[runlim] start:			Thu Oct 17 23:10:43 2019
[runlim] child:			12798
[runlim] sample:		9.97 time, 10.02 real, 198 MB
[runlim] sample:		19.97 time, 20.02 real, 207 MB
[runlim] sample:		29.96 time, 30.01 real, 261 MB
[runlim] sample:		39.97 time, 40.02 real, 271 MB
[runlim] sample:		49.97 time, 50.01 real, 281 MB
[runlim] sample:		59.97 time, 60.02 real, 281 MB
[runlim] sample:		69.97 time, 70.01 real, 295 MB
[runlim] sample:		79.97 time, 80.02 real, 295 MB
[runlim] sample:		89.97 time, 90.01 real, 295 MB
[runlim] sample:		99.97 time, 100.01 real, 332 MB
[runlim] sample:		109.97 time, 110.01 real, 297 MB
[runlim] sample:		119.97 time, 120.01 real, 297 MB
[runlim] sample:		129.96 time, 130.01 real, 297 MB
[runlim] sample:		139.96 time, 140.01 real, 297 MB
[runlim] sample:		149.96 time, 150.01 real, 297 MB
[runlim] sample:		159.96 time, 160.01 real, 297 MB
[runlim] sample:		169.96 time, 170.01 real, 304 MB
[runlim] sample:		179.97 time, 180.01 real, 304 MB
[runlim] sample:		189.97 time, 190.01 real, 304 MB
[runlim] sample:		199.96 time, 200.01 real, 321 MB
[runlim] sample:		209.96 time, 210.02 real, 400 MB
[runlim] sample:		219.97 time, 220.02 real, 358 MB
[runlim] sample:		229.97 time, 230.02 real, 358 MB
[runlim] sample:		239.97 time, 240.01 real, 358 MB
[runlim] sample:		249.97 time, 250.01 real, 358 MB
[runlim] sample:		259.97 time, 260.01 real, 358 MB
[runlim] sample:		269.97 time, 270.01 real, 358 MB
[runlim] sample:		279.97 time, 280.02 real, 370 MB
[runlim] sample:		289.97 time, 290.02 real, 380 MB
[runlim] sample:		299.97 time, 300.01 real, 380 MB
[runlim] sample:		309.97 time, 310.02 real, 380 MB
[runlim] sample:		319.96 time, 320.01 real, 399 MB
[runlim] sample:		329.97 time, 330.02 real, 417 MB
[runlim] sample:		339.97 time, 340.01 real, 447 MB
[runlim] sample:		349.97 time, 350.01 real, 466 MB
[runlim] sample:		359.97 time, 360.01 real, 530 MB
[runlim] sample:		369.97 time, 370.02 real, 365 MB
[runlim] sample:		379.97 time, 380.02 real, 366 MB
[runlim] sample:		389.97 time, 390.02 real, 372 MB
[runlim] sample:		399.97 time, 400.01 real, 368 MB
[runlim] sample:		409.97 time, 410.01 real, 368 MB
[runlim] sample:		419.96 time, 420.01 real, 370 MB
[runlim] sample:		429.96 time, 430.02 real, 368 MB
[runlim] sample:		439.96 time, 440.01 real, 365 MB
[runlim] sample:		449.96 time, 450.01 real, 368 MB
[runlim] sample:		459.96 time, 460.01 real, 377 MB
[runlim] sample:		469.97 time, 470.02 real, 369 MB
[runlim] sample:		479.97 time, 480.02 real, 371 MB
[runlim] sample:		489.97 time, 490.02 real, 400 MB
[runlim] sample:		499.97 time, 500.02 real, 386 MB
[runlim] sample:		509.97 time, 510.01 real, 388 MB
[runlim] sample:		519.96 time, 520.02 real, 384 MB
[runlim] sample:		529.97 time, 530.01 real, 392 MB
[runlim] sample:		539.97 time, 540.01 real, 389 MB
[runlim] sample:		549.97 time, 550.02 real, 389 MB
[runlim] sample:		559.96 time, 560.02 real, 384 MB
[runlim] sample:		569.97 time, 570.02 real, 384 MB
[runlim] sample:		579.97 time, 580.01 real, 388 MB
[runlim] sample:		589.97 time, 590.01 real, 392 MB
[runlim] sample:		599.97 time, 600.01 real, 388 MB
[runlim] sample:		609.96 time, 610.01 real, 394 MB
[runlim] sample:		619.97 time, 620.02 real, 398 MB
[runlim] sample:		629.96 time, 630.02 real, 406 MB
[runlim] sample:		639.97 time, 640.01 real, 401 MB
[runlim] sample:		649.97 time, 650.01 real, 395 MB
[runlim] sample:		659.97 time, 660.02 real, 415 MB
[runlim] sample:		669.96 time, 670.02 real, 405 MB
[runlim] sample:		679.97 time, 680.02 real, 412 MB
[runlim] sample:		689.97 time, 690.02 real, 397 MB
[runlim] sample:		699.97 time, 700.02 real, 397 MB
[runlim] sample:		709.97 time, 710.02 real, 412 MB
[runlim] sample:		719.97 time, 720.02 real, 406 MB
[runlim] sample:		729.97 time, 730.02 real, 493 MB
[runlim] sample:		739.97 time, 740.02 real, 439 MB
[runlim] sample:		749.97 time, 750.02 real, 487 MB
[runlim] sample:		759.96 time, 760.01 real, 547 MB
[runlim] sample:		769.97 time, 770.02 real, 488 MB
[runlim] sample:		779.96 time, 780.01 real, 456 MB
[runlim] sample:		789.97 time, 790.01 real, 454 MB
[runlim] sample:		799.96 time, 800.01 real, 464 MB
[runlim] sample:		809.97 time, 810.01 real, 464 MB
[runlim] sample:		819.97 time, 820.02 real, 465 MB
[runlim] sample:		829.97 time, 830.01 real, 464 MB
[runlim] sample:		839.97 time, 840.01 real, 458 MB
[runlim] sample:		849.97 time, 850.02 real, 481 MB
[runlim] sample:		859.97 time, 860.02 real, 483 MB
[runlim] sample:		869.97 time, 870.01 real, 467 MB
[runlim] sample:		879.97 time, 880.02 real, 468 MB
[runlim] sample:		889.97 time, 890.02 real, 514 MB
[runlim] sample:		899.97 time, 900.01 real, 471 MB
[runlim] sample:		909.97 time, 910.02 real, 561 MB
[runlim] sample:		919.97 time, 920.01 real, 498 MB
[runlim] sample:		929.97 time, 930.01 real, 515 MB
[runlim] sample:		939.97 time, 940.01 real, 501 MB
[runlim] sample:		949.97 time, 950.02 real, 546 MB
[runlim] sample:		959.96 time, 960.02 real, 495 MB
[runlim] sample:		969.97 time, 970.02 real, 547 MB
[runlim] sample:		979.97 time, 980.02 real, 465 MB
[runlim] sample:		989.96 time, 990.02 real, 464 MB
[runlim] sample:		999.97 time, 1000.02 real, 470 MB
[runlim] sample:		1009.97 time, 1010.02 real, 471 MB
[runlim] sample:		1019.97 time, 1020.02 real, 472 MB
[runlim] sample:		1029.97 time, 1030.02 real, 487 MB
[runlim] sample:		1039.96 time, 1040.01 real, 468 MB
[runlim] sample:		1049.96 time, 1050.02 real, 482 MB
[runlim] sample:		1059.97 time, 1060.02 real, 475 MB
[runlim] sample:		1069.97 time, 1070.01 real, 478 MB
[runlim] sample:		1079.97 time, 1080.02 real, 509 MB
[runlim] sample:		1089.97 time, 1090.02 real, 510 MB
[runlim] sample:		1099.96 time, 1100.02 real, 483 MB
[runlim] sample:		1109.97 time, 1110.02 real, 485 MB
[runlim] sample:		1119.97 time, 1120.02 real, 504 MB
[runlim] sample:		1129.97 time, 1130.02 real, 497 MB
[runlim] sample:		1139.97 time, 1140.02 real, 528 MB
[runlim] sample:		1149.97 time, 1150.02 real, 575 MB
[runlim] sample:		1159.96 time, 1160.02 real, 486 MB
[runlim] sample:		1169.96 time, 1170.02 real, 490 MB
[runlim] sample:		1179.97 time, 1180.01 real, 489 MB
[runlim] sample:		1189.96 time, 1190.01 real, 506 MB
[runlim] sample:		1199.97 time, 1200.02 real, 516 MB
[runlim] sample:		1209.97 time, 1210.02 real, 534 MB
[runlim] sample:		1219.97 time, 1220.01 real, 524 MB
[runlim] sample:		1229.97 time, 1230.02 real, 524 MB
[runlim] sample:		1239.97 time, 1240.02 real, 563 MB
[runlim] sample:		1249.97 time, 1250.02 real, 550 MB
[runlim] sample:		1259.97 time, 1260.02 real, 523 MB
[runlim] sample:		1269.97 time, 1270.02 real, 599 MB
[runlim] sample:		1279.97 time, 1280.02 real, 543 MB
[runlim] sample:		1289.97 time, 1290.01 real, 532 MB
[runlim] sample:		1299.96 time, 1300.02 real, 567 MB
[runlim] sample:		1309.97 time, 1310.01 real, 537 MB
[runlim] sample:		1319.97 time, 1320.01 real, 524 MB
[runlim] sample:		1329.97 time, 1330.02 real, 556 MB
[runlim] sample:		1339.96 time, 1340.01 real, 527 MB
[runlim] sample:		1349.97 time, 1350.01 real, 589 MB
[runlim] sample:		1359.96 time, 1360.01 real, 665 MB
[runlim] sample:		1369.97 time, 1370.02 real, 623 MB
[runlim] sample:		1379.96 time, 1380.02 real, 709 MB
[runlim] sample:		1389.97 time, 1390.02 real, 735 MB
[runlim] sample:		1399.97 time, 1400.02 real, 648 MB
[runlim] sample:		1409.97 time, 1410.02 real, 694 MB
[runlim] sample:		1419.97 time, 1420.02 real, 620 MB
[runlim] sample:		1429.97 time, 1430.02 real, 676 MB
[runlim] sample:		1439.97 time, 1440.02 real, 764 MB
[runlim] sample:		1449.97 time, 1450.02 real, 499 MB
[runlim] sample:		1459.97 time, 1460.02 real, 504 MB
[runlim] sample:		1469.97 time, 1470.02 real, 512 MB
[runlim] sample:		1479.97 time, 1480.02 real, 504 MB
[runlim] sample:		1489.96 time, 1490.02 real, 512 MB
[runlim] sample:		1499.97 time, 1500.02 real, 526 MB
[runlim] sample:		1509.97 time, 1510.02 real, 515 MB
[runlim] sample:		1519.97 time, 1520.02 real, 517 MB
[runlim] sample:		1529.97 time, 1530.01 real, 525 MB
[runlim] sample:		1539.97 time, 1540.02 real, 517 MB
[runlim] sample:		1549.97 time, 1550.02 real, 559 MB
[runlim] sample:		1559.97 time, 1560.02 real, 617 MB
[runlim] sample:		1569.97 time, 1570.01 real, 562 MB
[runlim] sample:		1579.97 time, 1580.01 real, 630 MB
[runlim] sample:		1589.97 time, 1590.01 real, 578 MB
[runlim] sample:		1599.97 time, 1600.02 real, 637 MB
[runlim] sample:		1609.97 time, 1610.02 real, 562 MB
[runlim] sample:		1619.97 time, 1620.02 real, 617 MB
[runlim] sample:		1629.97 time, 1630.01 real, 664 MB
[runlim] sample:		1639.97 time, 1640.02 real, 609 MB
[runlim] sample:		1649.97 time, 1650.01 real, 584 MB
[runlim] sample:		1659.96 time, 1660.01 real, 552 MB
[runlim] sample:		1669.97 time, 1670.01 real, 532 MB
[runlim] sample:		1679.97 time, 1680.01 real, 391 MB
[runlim] sample:		1689.97 time, 1690.01 real, 445 MB
[runlim] sample:		1699.96 time, 1700.01 real, 443 MB
[runlim] sample:		1709.97 time, 1710.01 real, 434 MB
[runlim] sample:		1719.97 time, 1720.01 real, 449 MB
[runlim] sample:		1729.97 time, 1730.01 real, 440 MB
[runlim] sample:		1739.97 time, 1740.01 real, 447 MB
[runlim] sample:		1749.96 time, 1750.01 real, 441 MB
[runlim] sample:		1759.97 time, 1760.01 real, 443 MB
[runlim] sample:		1769.97 time, 1770.01 real, 469 MB
[runlim] sample:		1779.97 time, 1780.01 real, 433 MB
[runlim] sample:		1789.97 time, 1790.01 real, 470 MB
[runlim] sample:		1799.97 time, 1800.01 real, 487 MB
[runlim] sample:		1809.97 time, 1810.01 real, 484 MB
[runlim] sample:		1819.96 time, 1820.01 real, 471 MB
[runlim] sample:		1829.96 time, 1830.01 real, 533 MB
[runlim] sample:		1839.97 time, 1840.01 real, 556 MB
[runlim] sample:		1849.97 time, 1850.01 real, 521 MB
[runlim] sample:		1859.96 time, 1860.01 real, 553 MB
[runlim] sample:		1869.97 time, 1870.01 real, 518 MB
[runlim] sample:		1879.97 time, 1880.01 real, 546 MB
[runlim] sample:		1889.97 time, 1890.01 real, 502 MB
[runlim] sample:		1899.97 time, 1900.01 real, 533 MB
[runlim] sample:		1909.97 time, 1910.01 real, 504 MB
[runlim] sample:		1919.97 time, 1920.01 real, 551 MB
[runlim] sample:		1929.97 time, 1930.01 real, 594 MB
[runlim] sample:		1939.97 time, 1940.01 real, 542 MB
[runlim] sample:		1949.97 time, 1950.01 real, 529 MB
[runlim] sample:		1959.97 time, 1960.01 real, 541 MB
[runlim] sample:		1969.97 time, 1970.01 real, 612 MB
[runlim] sample:		1979.96 time, 1980.01 real, 546 MB
[runlim] sample:		1989.97 time, 1990.01 real, 592 MB
[runlim] sample:		1999.96 time, 2000.01 real, 477 MB
[runlim] sample:		2009.97 time, 2010.01 real, 437 MB
[runlim] sample:		2019.97 time, 2020.01 real, 439 MB
[runlim] sample:		2029.97 time, 2030.01 real, 442 MB
[runlim] sample:		2039.97 time, 2040.01 real, 435 MB
[runlim] sample:		2049.96 time, 2050.01 real, 458 MB
[runlim] sample:		2059.97 time, 2060.01 real, 442 MB
[runlim] sample:		2069.97 time, 2070.01 real, 450 MB
[runlim] sample:		2079.97 time, 2080.01 real, 477 MB
[runlim] sample:		2089.97 time, 2090.01 real, 484 MB
[runlim] sample:		2099.96 time, 2100.01 real, 489 MB
[runlim] sample:		2109.97 time, 2110.01 real, 473 MB
[runlim] sample:		2119.97 time, 2120.01 real, 488 MB
[runlim] sample:		2129.97 time, 2130.01 real, 553 MB
[runlim] sample:		2139.97 time, 2140.01 real, 528 MB
[runlim] sample:		2149.97 time, 2150.01 real, 528 MB
[runlim] sample:		2159.97 time, 2160.01 real, 501 MB
[runlim] sample:		2169.97 time, 2170.01 real, 540 MB
[runlim] sample:		2179.96 time, 2180.01 real, 599 MB
[runlim] sample:		2189.97 time, 2190.01 real, 506 MB
[runlim] sample:		2199.97 time, 2200.01 real, 548 MB
[runlim] sample:		2209.97 time, 2210.01 real, 619 MB
[runlim] sample:		2219.97 time, 2220.01 real, 539 MB
[runlim] sample:		2229.97 time, 2230.01 real, 595 MB
[runlim] sample:		2239.97 time, 2240.01 real, 629 MB
[runlim] sample:		2249.97 time, 2250.01 real, 547 MB
[runlim] sample:		2259.97 time, 2260.01 real, 583 MB
[runlim] sample:		2269.96 time, 2270.01 real, 648 MB
[runlim] sample:		2279.97 time, 2280.01 real, 548 MB
[runlim] sample:		2289.97 time, 2290.01 real, 580 MB
[runlim] sample:		2299.97 time, 2300.01 real, 632 MB
[runlim] sample:		2309.96 time, 2310.01 real, 558 MB
[runlim] sample:		2319.96 time, 2320.01 real, 594 MB
[runlim] sample:		2329.97 time, 2330.01 real, 647 MB
[runlim] sample:		2339.97 time, 2340.01 real, 661 MB
[runlim] sample:		2349.98 time, 2350.01 real, 606 MB
[runlim] sample:		2359.97 time, 2360.01 real, 658 MB
[runlim] sample:		2369.97 time, 2370.01 real, 740 MB
[runlim] sample:		2379.97 time, 2380.01 real, 740 MB
[runlim] sample:		2389.97 time, 2390.01 real, 611 MB
[runlim] sample:		2399.97 time, 2400.01 real, 645 MB
[runlim] sample:		2409.98 time, 2410.01 real, 661 MB
[runlim] sample:		2419.97 time, 2420.01 real, 698 MB
[runlim] sample:		2429.97 time, 2430.01 real, 619 MB
[runlim] sample:		2439.97 time, 2440.01 real, 652 MB
[runlim] sample:		2449.97 time, 2450.01 real, 671 MB
[runlim] sample:		2459.97 time, 2460.01 real, 773 MB
[runlim] sample:		2469.98 time, 2470.01 real, 642 MB
[runlim] sample:		2479.98 time, 2480.01 real, 677 MB
[runlim] sample:		2489.97 time, 2490.01 real, 708 MB
[runlim] sample:		2499.97 time, 2500.01 real, 791 MB
[runlim] sample:		2509.98 time, 2510.01 real, 665 MB
[runlim] sample:		2519.97 time, 2520.01 real, 679 MB
[runlim] sample:		2529.97 time, 2530.01 real, 698 MB
[runlim] sample:		2539.97 time, 2540.01 real, 741 MB
[runlim] sample:		2549.97 time, 2550.01 real, 681 MB
[runlim] sample:		2559.97 time, 2560.01 real, 711 MB
[runlim] sample:		2569.98 time, 2570.01 real, 752 MB
[runlim] sample:		2579.97 time, 2580.01 real, 831 MB
[runlim] sample:		2589.97 time, 2590.01 real, 831 MB
[runlim] sample:		2599.98 time, 2600.01 real, 735 MB
[runlim] sample:		2609.97 time, 2610.01 real, 740 MB
[runlim] sample:		2619.98 time, 2620.01 real, 790 MB
[runlim] sample:		2629.97 time, 2630.01 real, 872 MB
[runlim] sample:		2639.97 time, 2640.01 real, 928 MB
[runlim] sample:		2649.98 time, 2650.01 real, 965 MB
[runlim] sample:		2659.97 time, 2660.01 real, 748 MB
[runlim] sample:		2669.97 time, 2670.01 real, 803 MB
[runlim] sample:		2679.98 time, 2680.01 real, 880 MB
[runlim] sample:		2689.97 time, 2690.01 real, 948 MB
[runlim] sample:		2699.97 time, 2700.01 real, 981 MB
[runlim] sample:		2709.97 time, 2710.01 real, 981 MB
[runlim] sample:		2719.97 time, 2720.01 real, 770 MB
[runlim] sample:		2729.97 time, 2730.01 real, 808 MB
[runlim] sample:		2739.97 time, 2740.01 real, 876 MB
[runlim] sample:		2749.97 time, 2750.01 real, 952 MB
[runlim] sample:		2759.98 time, 2760.01 real, 1017 MB
[runlim] sample:		2769.97 time, 2770.01 real, 777 MB
[runlim] sample:		2779.98 time, 2780.01 real, 810 MB
[runlim] sample:		2789.97 time, 2790.01 real, 923 MB
[runlim] sample:		2799.98 time, 2800.01 real, 444 MB
[runlim] sample:		2809.97 time, 2810.01 real, 449 MB
[runlim] sample:		2819.97 time, 2820.01 real, 447 MB
[runlim] sample:		2829.97 time, 2830.01 real, 451 MB
[runlim] sample:		2839.98 time, 2840.01 real, 460 MB
[runlim] sample:		2849.97 time, 2850.01 real, 468 MB
[runlim] sample:		2859.97 time, 2860.01 real, 457 MB
[runlim] sample:		2869.97 time, 2870.01 real, 462 MB
[runlim] sample:		2879.97 time, 2880.01 real, 503 MB
[runlim] sample:		2889.97 time, 2890.01 real, 487 MB
[runlim] sample:		2899.97 time, 2900.01 real, 475 MB
[runlim] sample:		2909.97 time, 2910.01 real, 509 MB
[runlim] sample:		2919.97 time, 2920.01 real, 498 MB
[runlim] sample:		2929.97 time, 2930.01 real, 498 MB
[runlim] sample:		2939.98 time, 2940.01 real, 479 MB
[runlim] sample:		2949.97 time, 2950.01 real, 519 MB
[runlim] sample:		2959.97 time, 2960.01 real, 563 MB
[runlim] sample:		2969.98 time, 2970.01 real, 520 MB
[runlim] sample:		2979.97 time, 2980.01 real, 556 MB
[runlim] sample:		2989.98 time, 2990.01 real, 612 MB
[runlim] sample:		2999.98 time, 3000.01 real, 537 MB
[runlim] sample:		3009.97 time, 3010.01 real, 575 MB
[runlim] sample:		3019.98 time, 3020.01 real, 662 MB
[runlim] sample:		3029.97 time, 3030.01 real, 551 MB
[runlim] sample:		3039.98 time, 3040.01 real, 604 MB
[runlim] sample:		3049.97 time, 3050.01 real, 620 MB
[runlim] sample:		3059.97 time, 3060.01 real, 545 MB
[runlim] sample:		3069.98 time, 3070.01 real, 606 MB
[runlim] sample:		3079.98 time, 3080.01 real, 638 MB
[runlim] sample:		3089.98 time, 3090.01 real, 686 MB
[runlim] sample:		3099.97 time, 3100.01 real, 596 MB
[runlim] sample:		3109.97 time, 3110.01 real, 613 MB
[runlim] sample:		3119.98 time, 3120.01 real, 700 MB
[runlim] sample:		3129.98 time, 3130.01 real, 622 MB
[runlim] sample:		3139.97 time, 3140.01 real, 666 MB
[runlim] sample:		3149.98 time, 3150.01 real, 687 MB
[runlim] sample:		3159.97 time, 3160.01 real, 617 MB
[runlim] sample:		3169.98 time, 3170.01 real, 635 MB
[runlim] sample:		3179.97 time, 3180.01 real, 684 MB
[runlim] sample:		3189.97 time, 3190.01 real, 735 MB
[runlim] sample:		3199.98 time, 3200.01 real, 835 MB
[runlim] sample:		3209.97 time, 3210.01 real, 655 MB
[runlim] sample:		3219.98 time, 3220.01 real, 698 MB
[runlim] sample:		3229.98 time, 3230.01 real, 744 MB
[runlim] sample:		3239.98 time, 3240.01 real, 775 MB
[runlim] sample:		3249.97 time, 3250.01 real, 677 MB
[runlim] sample:		3259.97 time, 3260.01 real, 687 MB
[runlim] sample:		3269.97 time, 3270.01 real, 793 MB
[runlim] sample:		3279.98 time, 3280.01 real, 540 MB
[runlim] sample:		3289.98 time, 3290.01 real, 500 MB
[runlim] sample:		3299.97 time, 3300.01 real, 511 MB
[runlim] sample:		3309.97 time, 3310.01 real, 510 MB
[runlim] sample:		3319.98 time, 3320.01 real, 508 MB
[runlim] sample:		3329.97 time, 3330.01 real, 497 MB
[runlim] sample:		3339.97 time, 3340.01 real, 506 MB
[runlim] sample:		3349.98 time, 3350.01 real, 509 MB
[runlim] sample:		3359.97 time, 3360.01 real, 547 MB
[runlim] sample:		3369.98 time, 3370.01 real, 534 MB
[runlim] sample:		3379.97 time, 3380.01 real, 550 MB
[runlim] sample:		3389.97 time, 3390.01 real, 535 MB
[runlim] sample:		3399.98 time, 3400.01 real, 542 MB
[runlim] sample:		3409.97 time, 3410.01 real, 537 MB
[runlim] sample:		3419.97 time, 3420.01 real, 529 MB
[runlim] sample:		3429.97 time, 3430.01 real, 540 MB
[runlim] sample:		3439.98 time, 3440.01 real, 590 MB
[runlim] sample:		3449.97 time, 3450.01 real, 569 MB
[runlim] sample:		3459.97 time, 3460.01 real, 534 MB
[runlim] sample:		3469.97 time, 3470.01 real, 574 MB
[runlim] sample:		3479.97 time, 3480.01 real, 541 MB
[runlim] sample:		3489.97 time, 3490.01 real, 573 MB
[runlim] sample:		3499.97 time, 3500.01 real, 558 MB
[runlim] sample:		3509.97 time, 3510.01 real, 606 MB
[runlim] sample:		3519.97 time, 3520.01 real, 571 MB
[runlim] sample:		3529.97 time, 3530.01 real, 638 MB
[runlim] sample:		3539.97 time, 3540.01 real, 601 MB
[runlim] sample:		3549.98 time, 3550.01 real, 590 MB
[runlim] sample:		3559.98 time, 3560.01 real, 634 MB
[runlim] sample:		3569.97 time, 3570.01 real, 734 MB
[runlim] sample:		3579.98 time, 3580.01 real, 641 MB
[runlim] sample:		3589.97 time, 3590.01 real, 665 MB
[runlim] sample:		3599.98 time, 3600.01 real, 580 MB
[runlim] end:			Fri Oct 18 00:10:43 2019
[runlim] status:		out of time
[runlim] result:		2
[runlim] children:		2
[runlim] real:			3600.10 seconds
[runlim] time:			3599.98 seconds
[runlim] space:			1017 MB
[runlim] samples:		36000
