[runlim] version:		1.17
[runlim] host:			c3n03
[runlim] time limit:		311040000 seconds
[runlim] real time limit:	3600 seconds
[runlim] space limit:		120000 MB
[runlim] argv[0]:		./run-btormc-master.sh
[runlim] argv[1]:		/tmp/WpPud8m8.btor2
[runlim] start:			Fri Oct 18 00:46:19 2019
[runlim] child:			19111
warning: unsupported tag 'output'
[runlim] sample:		10.00 time, 10.02 real, 82 MB
[runlim] sample:		20.00 time, 20.02 real, 127 MB
[runlim] sample:		30.00 time, 30.02 real, 131 MB
[runlim] sample:		40.00 time, 40.02 real, 196 MB
[runlim] sample:		50.00 time, 50.02 real, 222 MB
[runlim] sample:		60.01 time, 60.02 real, 244 MB
[runlim] sample:		70.00 time, 70.02 real, 265 MB
[runlim] sample:		79.99 time, 80.02 real, 242 MB
[runlim] sample:		90.00 time, 90.02 real, 284 MB
[runlim] sample:		100.00 time, 100.02 real, 302 MB
[runlim] sample:		110.00 time, 110.02 real, 305 MB
[runlim] sample:		120.00 time, 120.02 real, 312 MB
[runlim] sample:		130.00 time, 130.02 real, 302 MB
[runlim] sample:		140.00 time, 140.02 real, 361 MB
[runlim] sample:		150.00 time, 150.02 real, 343 MB
[runlim] sample:		160.00 time, 160.02 real, 368 MB
[runlim] sample:		170.00 time, 170.02 real, 381 MB
[runlim] sample:		180.00 time, 180.02 real, 398 MB
[runlim] sample:		190.00 time, 190.02 real, 399 MB
[runlim] sample:		200.00 time, 200.02 real, 408 MB
[runlim] sample:		210.00 time, 210.02 real, 408 MB
[runlim] sample:		220.00 time, 220.02 real, 410 MB
[runlim] sample:		229.99 time, 230.02 real, 435 MB
[runlim] sample:		239.99 time, 240.02 real, 435 MB
[runlim] sample:		250.00 time, 250.02 real, 348 MB
[runlim] sample:		259.99 time, 260.02 real, 418 MB
[runlim] sample:		269.99 time, 270.02 real, 468 MB
[runlim] sample:		280.00 time, 280.02 real, 384 MB
[runlim] sample:		289.99 time, 290.02 real, 459 MB
[runlim] sample:		300.00 time, 300.02 real, 356 MB
[runlim] sample:		309.99 time, 310.02 real, 454 MB
[runlim] sample:		319.99 time, 320.02 real, 454 MB
[runlim] sample:		329.99 time, 330.02 real, 473 MB
[runlim] sample:		339.99 time, 340.02 real, 475 MB
[runlim] sample:		350.00 time, 350.02 real, 406 MB
[runlim] sample:		360.00 time, 360.01 real, 440 MB
[runlim] sample:		369.99 time, 370.01 real, 476 MB
[runlim] sample:		380.00 time, 380.02 real, 495 MB
[runlim] sample:		390.00 time, 390.02 real, 495 MB
[runlim] sample:		399.99 time, 400.02 real, 460 MB
[runlim] sample:		409.99 time, 410.02 real, 506 MB
[runlim] sample:		419.99 time, 420.02 real, 508 MB
[runlim] sample:		429.99 time, 430.02 real, 508 MB
[runlim] sample:		439.99 time, 440.02 real, 508 MB
[runlim] sample:		450.00 time, 450.02 real, 486 MB
[runlim] sample:		459.99 time, 460.02 real, 506 MB
[runlim] sample:		469.99 time, 470.02 real, 506 MB
[runlim] sample:		479.99 time, 480.02 real, 506 MB
[runlim] sample:		490.00 time, 490.02 real, 524 MB
[runlim] sample:		500.00 time, 500.02 real, 554 MB
[runlim] sample:		510.00 time, 510.02 real, 554 MB
[runlim] sample:		520.00 time, 520.02 real, 554 MB
[runlim] sample:		530.00 time, 530.02 real, 557 MB
[runlim] sample:		539.99 time, 540.02 real, 557 MB
[runlim] sample:		549.99 time, 550.02 real, 558 MB
[runlim] sample:		559.99 time, 560.02 real, 495 MB
[runlim] sample:		570.00 time, 570.02 real, 442 MB
[runlim] sample:		579.99 time, 580.02 real, 535 MB
[runlim] sample:		589.99 time, 590.02 real, 566 MB
[runlim] sample:		599.99 time, 600.02 real, 567 MB
[runlim] sample:		609.99 time, 610.01 real, 587 MB
[runlim] sample:		619.99 time, 620.01 real, 534 MB
[runlim] sample:		629.99 time, 630.02 real, 535 MB
[runlim] sample:		640.00 time, 640.02 real, 535 MB
[runlim] sample:		649.99 time, 650.02 real, 535 MB
[runlim] sample:		659.99 time, 660.02 real, 535 MB
[runlim] sample:		670.00 time, 670.01 real, 542 MB
[runlim] sample:		679.99 time, 680.01 real, 545 MB
[runlim] sample:		689.99 time, 690.01 real, 545 MB
[runlim] sample:		700.00 time, 700.01 real, 545 MB
[runlim] sample:		709.99 time, 710.01 real, 545 MB
[runlim] sample:		719.99 time, 720.01 real, 545 MB
[runlim] sample:		729.99 time, 730.01 real, 547 MB
[runlim] sample:		739.99 time, 740.01 real, 547 MB
[runlim] sample:		749.99 time, 750.01 real, 602 MB
[runlim] sample:		759.99 time, 760.01 real, 602 MB
[runlim] sample:		769.99 time, 770.01 real, 602 MB
[runlim] sample:		779.99 time, 780.01 real, 603 MB
[runlim] sample:		789.99 time, 790.01 real, 614 MB
[runlim] sample:		799.99 time, 800.01 real, 614 MB
[runlim] sample:		809.98 time, 810.01 real, 553 MB
[runlim] sample:		819.99 time, 820.01 real, 576 MB
[runlim] sample:		829.98 time, 830.01 real, 576 MB
[runlim] sample:		839.99 time, 840.01 real, 610 MB
[runlim] sample:		849.99 time, 850.01 real, 610 MB
[runlim] sample:		859.99 time, 860.01 real, 610 MB
[runlim] sample:		869.99 time, 870.01 real, 611 MB
[runlim] sample:		879.99 time, 880.01 real, 587 MB
[runlim] sample:		889.99 time, 890.01 real, 592 MB
[runlim] sample:		899.99 time, 900.01 real, 592 MB
[runlim] sample:		909.99 time, 910.01 real, 592 MB
[runlim] sample:		919.99 time, 920.01 real, 592 MB
[runlim] sample:		929.99 time, 930.01 real, 511 MB
[runlim] sample:		939.99 time, 940.01 real, 528 MB
[runlim] sample:		949.99 time, 950.01 real, 603 MB
[runlim] sample:		959.99 time, 960.01 real, 638 MB
[runlim] sample:		969.98 time, 970.01 real, 638 MB
[runlim] sample:		979.99 time, 980.01 real, 642 MB
[runlim] sample:		989.99 time, 990.01 real, 559 MB
[runlim] sample:		999.98 time, 1000.01 real, 658 MB
[runlim] sample:		1009.99 time, 1010.01 real, 658 MB
[runlim] sample:		1019.99 time, 1020.01 real, 658 MB
[runlim] sample:		1029.99 time, 1030.01 real, 516 MB
[runlim] sample:		1039.99 time, 1040.01 real, 624 MB
[runlim] sample:		1049.98 time, 1050.01 real, 660 MB
[runlim] sample:		1059.98 time, 1060.01 real, 660 MB
[runlim] sample:		1069.99 time, 1070.01 real, 660 MB
[runlim] sample:		1079.99 time, 1080.01 real, 660 MB
[runlim] sample:		1089.98 time, 1090.01 real, 574 MB
[runlim] sample:		1099.98 time, 1100.01 real, 580 MB
[runlim] sample:		1109.99 time, 1110.01 real, 580 MB
[runlim] sample:		1119.98 time, 1120.01 real, 645 MB
[runlim] sample:		1129.98 time, 1130.01 real, 669 MB
[runlim] sample:		1139.99 time, 1140.01 real, 693 MB
[runlim] sample:		1149.98 time, 1150.01 real, 693 MB
[runlim] sample:		1159.98 time, 1160.01 real, 693 MB
[runlim] sample:		1169.99 time, 1170.01 real, 695 MB
[runlim] sample:		1179.98 time, 1180.01 real, 707 MB
[runlim] sample:		1189.99 time, 1190.01 real, 707 MB
[runlim] sample:		1199.99 time, 1200.01 real, 707 MB
[runlim] sample:		1209.98 time, 1210.01 real, 707 MB
[runlim] sample:		1219.98 time, 1220.01 real, 614 MB
[runlim] sample:		1229.99 time, 1230.01 real, 704 MB
[runlim] sample:		1239.99 time, 1240.01 real, 704 MB
[runlim] sample:		1249.98 time, 1250.01 real, 712 MB
[runlim] sample:		1259.99 time, 1260.01 real, 712 MB
[runlim] sample:		1269.99 time, 1270.01 real, 712 MB
[runlim] sample:		1279.99 time, 1280.01 real, 712 MB
[runlim] sample:		1289.98 time, 1290.01 real, 553 MB
[runlim] sample:		1299.98 time, 1300.01 real, 674 MB
[runlim] sample:		1309.98 time, 1310.01 real, 686 MB
[runlim] sample:		1319.98 time, 1320.01 real, 712 MB
[runlim] sample:		1329.98 time, 1330.01 real, 724 MB
[runlim] sample:		1339.98 time, 1340.01 real, 725 MB
[runlim] sample:		1349.98 time, 1350.01 real, 725 MB
[runlim] sample:		1359.98 time, 1360.01 real, 725 MB
[runlim] sample:		1369.98 time, 1370.01 real, 725 MB
[runlim] sample:		1379.98 time, 1380.01 real, 725 MB
[runlim] sample:		1389.98 time, 1390.01 real, 725 MB
[runlim] sample:		1399.98 time, 1400.01 real, 725 MB
[runlim] sample:		1409.98 time, 1410.01 real, 735 MB
[runlim] sample:		1419.98 time, 1420.01 real, 748 MB
[runlim] sample:		1429.98 time, 1430.01 real, 748 MB
[runlim] sample:		1439.98 time, 1440.01 real, 748 MB
[runlim] sample:		1449.98 time, 1450.01 real, 684 MB
[runlim] sample:		1459.98 time, 1460.01 real, 684 MB
[runlim] sample:		1469.99 time, 1470.01 real, 684 MB
[runlim] sample:		1479.99 time, 1480.01 real, 684 MB
[runlim] sample:		1489.98 time, 1490.01 real, 684 MB
[runlim] sample:		1499.99 time, 1500.01 real, 694 MB
[runlim] sample:		1509.98 time, 1510.01 real, 624 MB
[runlim] sample:		1519.98 time, 1520.01 real, 702 MB
[runlim] sample:		1529.98 time, 1530.01 real, 742 MB
[runlim] sample:		1539.98 time, 1540.01 real, 742 MB
[runlim] sample:		1549.98 time, 1550.01 real, 756 MB
[runlim] sample:		1559.99 time, 1560.01 real, 771 MB
[runlim] sample:		1569.98 time, 1570.01 real, 783 MB
[runlim] sample:		1579.98 time, 1580.01 real, 783 MB
[runlim] sample:		1589.98 time, 1590.01 real, 797 MB
[runlim] sample:		1599.98 time, 1600.01 real, 797 MB
[runlim] sample:		1609.97 time, 1610.01 real, 797 MB
[runlim] sample:		1619.98 time, 1620.01 real, 797 MB
[runlim] sample:		1629.98 time, 1630.01 real, 797 MB
[runlim] sample:		1639.98 time, 1640.01 real, 797 MB
[runlim] sample:		1649.98 time, 1650.01 real, 797 MB
[runlim] sample:		1659.98 time, 1660.01 real, 797 MB
[runlim] sample:		1669.98 time, 1670.01 real, 734 MB
[runlim] sample:		1679.99 time, 1680.01 real, 768 MB
[runlim] sample:		1689.98 time, 1690.01 real, 785 MB
[runlim] sample:		1699.98 time, 1700.01 real, 713 MB
[runlim] sample:		1709.98 time, 1710.01 real, 786 MB
[runlim] sample:		1719.98 time, 1720.01 real, 786 MB
[runlim] sample:		1729.99 time, 1730.01 real, 830 MB
[runlim] sample:		1739.98 time, 1740.01 real, 751 MB
[runlim] sample:		1749.98 time, 1750.01 real, 678 MB
[runlim] sample:		1759.98 time, 1760.01 real, 809 MB
[runlim] sample:		1769.98 time, 1770.01 real, 809 MB
[runlim] sample:		1779.98 time, 1780.01 real, 837 MB
[runlim] sample:		1789.98 time, 1790.01 real, 837 MB
[runlim] sample:		1799.98 time, 1800.01 real, 840 MB
[runlim] sample:		1809.98 time, 1810.01 real, 841 MB
[runlim] sample:		1819.98 time, 1820.01 real, 841 MB
[runlim] sample:		1829.98 time, 1830.01 real, 841 MB
[runlim] sample:		1839.98 time, 1840.01 real, 841 MB
[runlim] sample:		1849.97 time, 1850.01 real, 841 MB
[runlim] sample:		1859.98 time, 1860.01 real, 841 MB
[runlim] sample:		1869.98 time, 1870.01 real, 841 MB
[runlim] sample:		1879.98 time, 1880.01 real, 770 MB
[runlim] sample:		1889.97 time, 1890.01 real, 844 MB
[runlim] sample:		1899.98 time, 1900.01 real, 844 MB
[runlim] sample:		1909.98 time, 1910.01 real, 844 MB
[runlim] sample:		1919.98 time, 1920.01 real, 844 MB
[runlim] sample:		1929.98 time, 1930.01 real, 844 MB
[runlim] sample:		1939.98 time, 1940.01 real, 844 MB
[runlim] sample:		1949.97 time, 1950.01 real, 844 MB
[runlim] sample:		1959.98 time, 1960.01 real, 844 MB
[runlim] sample:		1969.98 time, 1970.01 real, 844 MB
[runlim] sample:		1979.98 time, 1980.01 real, 888 MB
[runlim] sample:		1989.97 time, 1990.01 real, 847 MB
[runlim] sample:		1999.97 time, 2000.01 real, 847 MB
[runlim] sample:		2009.97 time, 2010.01 real, 847 MB
[runlim] sample:		2019.98 time, 2020.01 real, 847 MB
[runlim] sample:		2029.98 time, 2030.01 real, 848 MB
[runlim] sample:		2039.98 time, 2040.01 real, 848 MB
[runlim] sample:		2049.98 time, 2050.01 real, 848 MB
[runlim] sample:		2059.97 time, 2060.01 real, 848 MB
[runlim] sample:		2069.98 time, 2070.01 real, 848 MB
[runlim] sample:		2079.98 time, 2080.01 real, 849 MB
[runlim] sample:		2089.97 time, 2090.01 real, 849 MB
[runlim] sample:		2099.97 time, 2100.01 real, 849 MB
[runlim] sample:		2109.97 time, 2110.01 real, 849 MB
[runlim] sample:		2119.98 time, 2120.01 real, 849 MB
[runlim] sample:		2129.98 time, 2130.01 real, 849 MB
[runlim] sample:		2139.98 time, 2140.01 real, 849 MB
[runlim] sample:		2149.97 time, 2150.01 real, 849 MB
[runlim] sample:		2159.97 time, 2160.01 real, 849 MB
[runlim] sample:		2169.97 time, 2170.01 real, 850 MB
[runlim] sample:		2179.98 time, 2180.01 real, 850 MB
[runlim] sample:		2189.98 time, 2190.01 real, 850 MB
[runlim] sample:		2199.98 time, 2200.01 real, 850 MB
[runlim] sample:		2209.98 time, 2210.01 real, 850 MB
[runlim] sample:		2219.98 time, 2220.01 real, 775 MB
[runlim] sample:		2229.98 time, 2230.01 real, 853 MB
[runlim] sample:		2239.97 time, 2240.01 real, 853 MB
[runlim] sample:		2249.97 time, 2250.01 real, 853 MB
[runlim] sample:		2259.97 time, 2260.01 real, 853 MB
[runlim] sample:		2269.97 time, 2270.01 real, 854 MB
[runlim] sample:		2279.97 time, 2280.01 real, 854 MB
[runlim] sample:		2289.97 time, 2290.01 real, 854 MB
[runlim] sample:		2299.98 time, 2300.01 real, 854 MB
[runlim] sample:		2309.97 time, 2310.01 real, 854 MB
[runlim] sample:		2319.97 time, 2320.01 real, 854 MB
[runlim] sample:		2329.98 time, 2330.01 real, 855 MB
[runlim] sample:		2339.98 time, 2340.01 real, 857 MB
[runlim] sample:		2349.97 time, 2350.01 real, 857 MB
[runlim] sample:		2359.97 time, 2360.01 real, 857 MB
[runlim] sample:		2369.97 time, 2370.01 real, 857 MB
[runlim] sample:		2379.98 time, 2380.01 real, 857 MB
[runlim] sample:		2389.98 time, 2390.01 real, 857 MB
[runlim] sample:		2399.97 time, 2400.01 real, 857 MB
[runlim] sample:		2409.97 time, 2410.01 real, 857 MB
[runlim] sample:		2419.97 time, 2420.01 real, 916 MB
[runlim] sample:		2429.97 time, 2430.01 real, 916 MB
[runlim] sample:		2439.97 time, 2440.01 real, 952 MB
[runlim] sample:		2449.97 time, 2450.01 real, 962 MB
[runlim] sample:		2459.97 time, 2460.01 real, 962 MB
[runlim] sample:		2469.97 time, 2470.01 real, 962 MB
[runlim] sample:		2479.97 time, 2480.01 real, 962 MB
[runlim] sample:		2489.97 time, 2490.01 real, 962 MB
[runlim] sample:		2499.98 time, 2500.01 real, 843 MB
[runlim] sample:		2509.98 time, 2510.01 real, 844 MB
[runlim] sample:		2519.97 time, 2520.01 real, 862 MB
[runlim] sample:		2529.98 time, 2530.01 real, 874 MB
[runlim] sample:		2539.96 time, 2540.01 real, 892 MB
[runlim] sample:		2549.97 time, 2550.01 real, 892 MB
[runlim] sample:		2559.97 time, 2560.01 real, 874 MB
[runlim] sample:		2569.98 time, 2570.01 real, 874 MB
[runlim] sample:		2579.97 time, 2580.01 real, 893 MB
[runlim] sample:		2589.97 time, 2590.01 real, 894 MB
[runlim] sample:		2599.97 time, 2600.01 real, 894 MB
[runlim] sample:		2609.98 time, 2610.01 real, 877 MB
[runlim] sample:		2619.97 time, 2620.01 real, 894 MB
[runlim] sample:		2629.97 time, 2630.01 real, 894 MB
[runlim] sample:		2639.98 time, 2640.01 real, 894 MB
[runlim] sample:		2649.98 time, 2650.01 real, 894 MB
[runlim] sample:		2659.97 time, 2660.01 real, 894 MB
[runlim] sample:		2669.97 time, 2670.01 real, 894 MB
[runlim] sample:		2679.97 time, 2680.01 real, 894 MB
[runlim] sample:		2689.97 time, 2690.01 real, 982 MB
[runlim] sample:		2699.97 time, 2700.01 real, 1019 MB
[runlim] sample:		2709.97 time, 2710.01 real, 1019 MB
[runlim] sample:		2719.97 time, 2720.01 real, 1086 MB
[runlim] sample:		2729.97 time, 2730.01 real, 932 MB
[runlim] sample:		2739.97 time, 2740.01 real, 932 MB
[runlim] sample:		2749.97 time, 2750.01 real, 981 MB
[runlim] sample:		2759.97 time, 2760.01 real, 968 MB
[runlim] sample:		2769.97 time, 2770.01 real, 928 MB
[runlim] sample:		2779.97 time, 2780.01 real, 930 MB
[runlim] sample:		2789.97 time, 2790.01 real, 930 MB
[runlim] sample:		2799.97 time, 2800.01 real, 924 MB
[runlim] sample:		2809.97 time, 2810.01 real, 849 MB
[runlim] sample:		2819.97 time, 2820.01 real, 867 MB
[runlim] sample:		2829.97 time, 2830.01 real, 867 MB
[runlim] sample:		2839.97 time, 2840.01 real, 929 MB
[runlim] sample:		2849.97 time, 2850.01 real, 976 MB
[runlim] sample:		2859.97 time, 2860.01 real, 977 MB
[runlim] sample:		2869.96 time, 2870.01 real, 977 MB
[runlim] sample:		2879.97 time, 2880.01 real, 977 MB
[runlim] sample:		2889.96 time, 2890.01 real, 977 MB
[runlim] sample:		2899.97 time, 2900.01 real, 977 MB
[runlim] sample:		2909.97 time, 2910.01 real, 977 MB
[runlim] sample:		2919.96 time, 2920.01 real, 994 MB
[runlim] sample:		2929.97 time, 2930.01 real, 994 MB
[runlim] sample:		2939.97 time, 2940.01 real, 994 MB
[runlim] sample:		2949.96 time, 2950.01 real, 995 MB
[runlim] sample:		2959.97 time, 2960.01 real, 995 MB
[runlim] sample:		2969.97 time, 2970.01 real, 995 MB
[runlim] sample:		2979.97 time, 2980.01 real, 995 MB
[runlim] sample:		2989.97 time, 2990.01 real, 995 MB
[runlim] sample:		2999.96 time, 3000.01 real, 996 MB
[runlim] sample:		3009.97 time, 3010.01 real, 772 MB
[runlim] sample:		3019.97 time, 3020.01 real, 879 MB
[runlim] sample:		3029.96 time, 3030.01 real, 895 MB
[runlim] sample:		3039.97 time, 3040.01 real, 912 MB
[runlim] sample:		3049.97 time, 3050.01 real, 912 MB
[runlim] sample:		3059.96 time, 3060.01 real, 912 MB
[runlim] sample:		3069.96 time, 3070.01 real, 861 MB
[runlim] sample:		3079.96 time, 3080.01 real, 897 MB
[runlim] sample:		3089.96 time, 3090.01 real, 897 MB
[runlim] sample:		3099.97 time, 3100.01 real, 897 MB
[runlim] sample:		3109.96 time, 3110.01 real, 914 MB
[runlim] sample:		3119.96 time, 3120.01 real, 914 MB
[runlim] sample:		3129.97 time, 3130.01 real, 915 MB
[runlim] sample:		3139.97 time, 3140.01 real, 863 MB
[runlim] sample:		3149.96 time, 3150.01 real, 884 MB
[runlim] sample:		3159.96 time, 3160.01 real, 880 MB
[runlim] sample:		3169.96 time, 3170.01 real, 901 MB
[runlim] sample:		3179.96 time, 3180.01 real, 897 MB
[runlim] sample:		3189.96 time, 3190.01 real, 918 MB
[runlim] sample:		3199.97 time, 3200.01 real, 776 MB
[runlim] sample:		3209.96 time, 3210.01 real, 801 MB
[runlim] sample:		3219.96 time, 3220.01 real, 911 MB
[runlim] sample:		3229.97 time, 3230.01 real, 928 MB
[runlim] sample:		3239.97 time, 3240.01 real, 928 MB
[runlim] sample:		3249.97 time, 3250.01 real, 962 MB
[runlim] sample:		3259.96 time, 3260.01 real, 962 MB
[runlim] sample:		3269.96 time, 3270.01 real, 962 MB
[runlim] sample:		3279.96 time, 3280.01 real, 962 MB
[runlim] sample:		3289.97 time, 3290.01 real, 962 MB
[runlim] sample:		3299.96 time, 3300.01 real, 963 MB
[runlim] sample:		3309.96 time, 3310.01 real, 963 MB
[runlim] sample:		3319.97 time, 3320.01 real, 1076 MB
[runlim] sample:		3329.96 time, 3330.01 real, 1076 MB
[runlim] sample:		3339.96 time, 3340.01 real, 1076 MB
[runlim] sample:		3349.97 time, 3350.01 real, 1076 MB
[runlim] sample:		3359.96 time, 3360.01 real, 964 MB
[runlim] sample:		3369.96 time, 3370.01 real, 964 MB
[runlim] sample:		3379.96 time, 3380.01 real, 964 MB
[runlim] sample:		3389.96 time, 3390.01 real, 964 MB
[runlim] sample:		3399.96 time, 3400.01 real, 964 MB
[runlim] sample:		3409.96 time, 3410.01 real, 894 MB
[runlim] sample:		3419.96 time, 3420.01 real, 915 MB
[runlim] sample:		3429.95 time, 3430.01 real, 932 MB
[runlim] sample:		3439.96 time, 3440.01 real, 966 MB
[runlim] sample:		3449.96 time, 3450.01 real, 966 MB
[runlim] sample:		3459.95 time, 3460.01 real, 966 MB
[runlim] sample:		3469.95 time, 3470.01 real, 966 MB
[runlim] sample:		3479.96 time, 3480.01 real, 967 MB
[runlim] sample:		3489.96 time, 3490.01 real, 967 MB
[runlim] sample:		3499.96 time, 3500.01 real, 967 MB
[runlim] sample:		3509.96 time, 3510.01 real, 967 MB
[runlim] sample:		3519.96 time, 3520.01 real, 990 MB
[runlim] sample:		3529.96 time, 3530.01 real, 935 MB
[runlim] sample:		3539.95 time, 3540.01 real, 935 MB
[runlim] sample:		3549.96 time, 3550.01 real, 953 MB
[runlim] sample:		3559.96 time, 3560.01 real, 953 MB
[runlim] sample:		3569.96 time, 3570.01 real, 953 MB
[runlim] sample:		3579.96 time, 3580.01 real, 806 MB
[runlim] sample:		3589.96 time, 3590.01 real, 921 MB
[runlim] sample:		3599.96 time, 3600.01 real, 921 MB
[runlim] end:			Fri Oct 18 01:46:19 2019
[runlim] status:		out of time
[runlim] result:		2
[runlim] children:		2
[runlim] real:			3600.10 seconds
[runlim] time:			3599.96 seconds
[runlim] space:			1212 MB
[runlim] samples:		36000
