[runlim] version:		1.17
[runlim] host:			c3n26
[runlim] time limit:		311040000 seconds
[runlim] real time limit:	3600 seconds
[runlim] space limit:		120000 MB
[runlim] argv[0]:		./run-btormc-master.sh
[runlim] argv[1]:		/tmp/XDSnYnSL.btor2
[runlim] start:			Fri Oct 18 00:32:26 2019
[runlim] child:			14336
warning: unsupported tag 'output'
[runlim] sample:		10.00 time, 10.01 real, 14 MB
[runlim] sample:		20.00 time, 20.01 real, 17 MB
[runlim] sample:		30.00 time, 30.01 real, 17 MB
[runlim] sample:		40.00 time, 40.01 real, 22 MB
[runlim] sample:		50.00 time, 50.01 real, 22 MB
[runlim] sample:		60.00 time, 60.01 real, 24 MB
[runlim] sample:		70.00 time, 70.01 real, 27 MB
[runlim] sample:		80.00 time, 80.01 real, 27 MB
[runlim] sample:		90.01 time, 90.01 real, 28 MB
[runlim] sample:		100.00 time, 100.01 real, 28 MB
[runlim] sample:		110.00 time, 110.01 real, 28 MB
[runlim] sample:		120.00 time, 120.01 real, 28 MB
[runlim] sample:		130.00 time, 130.01 real, 28 MB
[runlim] sample:		140.00 time, 140.01 real, 27 MB
[runlim] sample:		150.00 time, 150.01 real, 29 MB
[runlim] sample:		160.00 time, 160.01 real, 29 MB
[runlim] sample:		170.00 time, 170.01 real, 29 MB
[runlim] sample:		180.00 time, 180.01 real, 29 MB
[runlim] sample:		190.00 time, 190.01 real, 29 MB
[runlim] sample:		200.00 time, 200.01 real, 29 MB
[runlim] sample:		210.00 time, 210.01 real, 29 MB
[runlim] sample:		220.00 time, 220.01 real, 29 MB
[runlim] sample:		230.00 time, 230.01 real, 29 MB
[runlim] sample:		240.00 time, 240.01 real, 30 MB
[runlim] sample:		250.00 time, 250.01 real, 30 MB
[runlim] sample:		260.00 time, 260.01 real, 30 MB
[runlim] sample:		270.00 time, 270.01 real, 28 MB
[runlim] sample:		280.00 time, 280.01 real, 28 MB
[runlim] sample:		290.00 time, 290.01 real, 28 MB
[runlim] sample:		300.00 time, 300.01 real, 28 MB
[runlim] sample:		310.00 time, 310.01 real, 55 MB
[runlim] sample:		320.00 time, 320.01 real, 55 MB
[runlim] sample:		330.00 time, 330.01 real, 55 MB
[runlim] sample:		340.00 time, 340.01 real, 25 MB
[runlim] sample:		350.00 time, 350.01 real, 25 MB
[runlim] sample:		360.00 time, 360.01 real, 25 MB
[runlim] sample:		370.00 time, 370.01 real, 25 MB
[runlim] sample:		380.00 time, 380.01 real, 25 MB
[runlim] sample:		390.00 time, 390.01 real, 25 MB
[runlim] sample:		400.00 time, 400.01 real, 25 MB
[runlim] sample:		410.00 time, 410.01 real, 25 MB
[runlim] sample:		420.00 time, 420.01 real, 25 MB
[runlim] sample:		430.00 time, 430.01 real, 25 MB
[runlim] sample:		440.00 time, 440.01 real, 29 MB
[runlim] sample:		450.00 time, 450.01 real, 29 MB
[runlim] sample:		460.00 time, 460.01 real, 29 MB
[runlim] sample:		470.00 time, 470.01 real, 29 MB
[runlim] sample:		480.00 time, 480.01 real, 29 MB
[runlim] sample:		490.00 time, 490.01 real, 29 MB
[runlim] sample:		500.00 time, 500.01 real, 29 MB
[runlim] sample:		510.00 time, 510.01 real, 29 MB
[runlim] sample:		520.00 time, 520.01 real, 29 MB
[runlim] sample:		530.00 time, 530.01 real, 31 MB
[runlim] sample:		540.00 time, 540.01 real, 31 MB
[runlim] sample:		550.00 time, 550.01 real, 31 MB
[runlim] sample:		560.00 time, 560.01 real, 31 MB
[runlim] sample:		570.00 time, 570.01 real, 45 MB
[runlim] sample:		580.00 time, 580.01 real, 48 MB
[runlim] sample:		590.00 time, 590.01 real, 48 MB
[runlim] sample:		600.00 time, 600.01 real, 48 MB
[runlim] sample:		610.00 time, 610.01 real, 48 MB
[runlim] sample:		620.00 time, 620.01 real, 48 MB
[runlim] sample:		630.00 time, 630.01 real, 48 MB
[runlim] sample:		640.00 time, 640.01 real, 48 MB
[runlim] sample:		650.00 time, 650.01 real, 48 MB
[runlim] sample:		660.00 time, 660.01 real, 48 MB
[runlim] sample:		670.00 time, 670.01 real, 48 MB
[runlim] sample:		680.00 time, 680.01 real, 48 MB
[runlim] sample:		690.00 time, 690.01 real, 48 MB
[runlim] sample:		700.00 time, 700.01 real, 48 MB
[runlim] sample:		710.00 time, 710.01 real, 48 MB
[runlim] sample:		720.00 time, 720.01 real, 48 MB
[runlim] sample:		730.00 time, 730.01 real, 46 MB
[runlim] sample:		740.00 time, 740.01 real, 46 MB
[runlim] sample:		750.00 time, 750.01 real, 46 MB
[runlim] sample:		760.00 time, 760.01 real, 46 MB
[runlim] sample:		770.00 time, 770.01 real, 46 MB
[runlim] sample:		780.00 time, 780.01 real, 46 MB
[runlim] sample:		790.00 time, 790.01 real, 46 MB
[runlim] sample:		800.00 time, 800.01 real, 46 MB
[runlim] sample:		810.00 time, 810.01 real, 46 MB
[runlim] sample:		820.00 time, 820.01 real, 46 MB
[runlim] sample:		830.00 time, 830.01 real, 46 MB
[runlim] sample:		840.00 time, 840.01 real, 142 MB
[runlim] sample:		850.00 time, 850.01 real, 179 MB
[runlim] sample:		860.00 time, 860.01 real, 179 MB
[runlim] sample:		870.00 time, 870.01 real, 179 MB
[runlim] sample:		880.00 time, 880.01 real, 179 MB
[runlim] sample:		890.00 time, 890.01 real, 179 MB
[runlim] sample:		900.00 time, 900.01 real, 179 MB
[runlim] sample:		910.00 time, 910.01 real, 36 MB
[runlim] sample:		920.00 time, 920.01 real, 39 MB
[runlim] sample:		930.00 time, 930.01 real, 43 MB
[runlim] sample:		940.00 time, 940.01 real, 43 MB
[runlim] sample:		950.00 time, 950.01 real, 46 MB
[runlim] sample:		960.00 time, 960.01 real, 46 MB
[runlim] sample:		970.00 time, 970.01 real, 46 MB
[runlim] sample:		980.00 time, 980.01 real, 46 MB
[runlim] sample:		990.00 time, 990.01 real, 46 MB
[runlim] sample:		1000.00 time, 1000.01 real, 46 MB
[runlim] sample:		1010.00 time, 1010.01 real, 46 MB
[runlim] sample:		1020.00 time, 1020.01 real, 46 MB
[runlim] sample:		1029.99 time, 1030.01 real, 94 MB
[runlim] sample:		1040.00 time, 1040.01 real, 33 MB
[runlim] sample:		1050.00 time, 1050.01 real, 33 MB
[runlim] sample:		1060.00 time, 1060.01 real, 33 MB
[runlim] sample:		1070.00 time, 1070.01 real, 33 MB
[runlim] sample:		1080.00 time, 1080.01 real, 33 MB
[runlim] sample:		1090.00 time, 1090.01 real, 33 MB
[runlim] sample:		1100.00 time, 1100.01 real, 33 MB
[runlim] sample:		1110.00 time, 1110.01 real, 33 MB
[runlim] sample:		1120.00 time, 1120.01 real, 33 MB
[runlim] sample:		1130.00 time, 1130.01 real, 33 MB
[runlim] sample:		1140.00 time, 1140.01 real, 33 MB
[runlim] sample:		1150.00 time, 1150.01 real, 33 MB
[runlim] sample:		1160.00 time, 1160.01 real, 33 MB
[runlim] sample:		1170.00 time, 1170.01 real, 35 MB
[runlim] sample:		1180.00 time, 1180.01 real, 36 MB
[runlim] sample:		1190.00 time, 1190.01 real, 49 MB
[runlim] sample:		1200.00 time, 1200.01 real, 49 MB
[runlim] sample:		1210.00 time, 1210.01 real, 49 MB
[runlim] sample:		1220.00 time, 1220.01 real, 49 MB
[runlim] sample:		1230.00 time, 1230.01 real, 53 MB
[runlim] sample:		1240.00 time, 1240.01 real, 53 MB
[runlim] sample:		1250.00 time, 1250.01 real, 53 MB
[runlim] sample:		1260.00 time, 1260.01 real, 53 MB
[runlim] sample:		1270.00 time, 1270.01 real, 53 MB
[runlim] sample:		1280.00 time, 1280.01 real, 53 MB
[runlim] sample:		1290.00 time, 1290.01 real, 53 MB
[runlim] sample:		1300.00 time, 1300.01 real, 53 MB
[runlim] sample:		1310.00 time, 1310.01 real, 54 MB
[runlim] sample:		1320.00 time, 1320.01 real, 54 MB
[runlim] sample:		1330.00 time, 1330.01 real, 54 MB
[runlim] sample:		1340.00 time, 1340.01 real, 54 MB
[runlim] sample:		1350.00 time, 1350.01 real, 54 MB
[runlim] sample:		1360.00 time, 1360.01 real, 54 MB
[runlim] sample:		1370.00 time, 1370.01 real, 54 MB
[runlim] sample:		1380.00 time, 1380.01 real, 54 MB
[runlim] sample:		1390.00 time, 1390.01 real, 54 MB
[runlim] sample:		1400.00 time, 1400.01 real, 50 MB
[runlim] sample:		1410.00 time, 1410.01 real, 50 MB
[runlim] sample:		1420.00 time, 1420.01 real, 50 MB
[runlim] sample:		1430.00 time, 1430.01 real, 50 MB
[runlim] sample:		1440.00 time, 1440.01 real, 50 MB
[runlim] sample:		1450.00 time, 1450.01 real, 50 MB
[runlim] sample:		1460.00 time, 1460.01 real, 50 MB
[runlim] sample:		1470.00 time, 1470.01 real, 50 MB
[runlim] sample:		1480.00 time, 1480.01 real, 50 MB
[runlim] sample:		1490.00 time, 1490.01 real, 50 MB
[runlim] sample:		1500.00 time, 1500.01 real, 50 MB
[runlim] sample:		1510.00 time, 1510.01 real, 50 MB
[runlim] sample:		1520.00 time, 1520.01 real, 50 MB
[runlim] sample:		1530.00 time, 1530.01 real, 50 MB
[runlim] sample:		1540.00 time, 1540.01 real, 50 MB
[runlim] sample:		1550.00 time, 1550.01 real, 50 MB
[runlim] sample:		1559.99 time, 1560.01 real, 54 MB
[runlim] sample:		1569.99 time, 1570.01 real, 54 MB
[runlim] sample:		1579.99 time, 1580.01 real, 54 MB
[runlim] sample:		1589.99 time, 1590.01 real, 54 MB
[runlim] sample:		1599.99 time, 1600.01 real, 54 MB
[runlim] sample:		1609.99 time, 1610.01 real, 54 MB
[runlim] sample:		1619.99 time, 1620.01 real, 54 MB
[runlim] sample:		1629.99 time, 1630.01 real, 54 MB
[runlim] sample:		1639.99 time, 1640.01 real, 54 MB
[runlim] sample:		1649.99 time, 1650.01 real, 54 MB
[runlim] sample:		1659.99 time, 1660.01 real, 54 MB
[runlim] sample:		1670.00 time, 1670.01 real, 55 MB
[runlim] sample:		1680.00 time, 1680.01 real, 55 MB
[runlim] sample:		1690.00 time, 1690.01 real, 55 MB
[runlim] sample:		1700.00 time, 1700.01 real, 55 MB
[runlim] sample:		1710.00 time, 1710.01 real, 51 MB
[runlim] sample:		1720.00 time, 1720.01 real, 51 MB
[runlim] sample:		1730.00 time, 1730.01 real, 51 MB
[runlim] sample:		1740.00 time, 1740.01 real, 51 MB
[runlim] sample:		1750.00 time, 1750.01 real, 51 MB
[runlim] sample:		1760.00 time, 1760.01 real, 51 MB
[runlim] sample:		1770.00 time, 1770.01 real, 55 MB
[runlim] sample:		1780.00 time, 1780.01 real, 55 MB
[runlim] sample:		1790.00 time, 1790.01 real, 55 MB
[runlim] sample:		1800.00 time, 1800.01 real, 55 MB
[runlim] sample:		1810.00 time, 1810.01 real, 55 MB
[runlim] sample:		1820.00 time, 1820.01 real, 55 MB
[runlim] sample:		1830.00 time, 1830.01 real, 55 MB
[runlim] sample:		1840.00 time, 1840.01 real, 55 MB
[runlim] sample:		1850.00 time, 1850.01 real, 55 MB
[runlim] sample:		1860.00 time, 1860.01 real, 55 MB
[runlim] sample:		1870.00 time, 1870.01 real, 55 MB
[runlim] sample:		1880.00 time, 1880.01 real, 55 MB
[runlim] sample:		1890.00 time, 1890.01 real, 55 MB
[runlim] sample:		1900.00 time, 1900.01 real, 55 MB
[runlim] sample:		1910.00 time, 1910.01 real, 55 MB
[runlim] sample:		1920.00 time, 1920.01 real, 55 MB
[runlim] sample:		1930.00 time, 1930.01 real, 55 MB
[runlim] sample:		1940.00 time, 1940.01 real, 55 MB
[runlim] sample:		1950.00 time, 1950.01 real, 55 MB
[runlim] sample:		1960.00 time, 1960.01 real, 56 MB
[runlim] sample:		1970.00 time, 1970.01 real, 56 MB
[runlim] sample:		1980.00 time, 1980.01 real, 56 MB
[runlim] sample:		1990.00 time, 1990.01 real, 56 MB
[runlim] sample:		2000.00 time, 2000.01 real, 56 MB
[runlim] sample:		2010.00 time, 2010.01 real, 59 MB
[runlim] sample:		2020.00 time, 2020.01 real, 59 MB
[runlim] sample:		2030.00 time, 2030.01 real, 59 MB
[runlim] sample:		2040.00 time, 2040.01 real, 59 MB
[runlim] sample:		2050.00 time, 2050.01 real, 59 MB
[runlim] sample:		2060.00 time, 2060.01 real, 59 MB
[runlim] sample:		2070.00 time, 2070.01 real, 59 MB
[runlim] sample:		2080.00 time, 2080.01 real, 59 MB
[runlim] sample:		2090.00 time, 2090.01 real, 59 MB
[runlim] sample:		2100.00 time, 2100.01 real, 59 MB
[runlim] sample:		2110.00 time, 2110.01 real, 59 MB
[runlim] sample:		2120.00 time, 2120.01 real, 64 MB
[runlim] sample:		2130.00 time, 2130.01 real, 64 MB
[runlim] sample:		2140.00 time, 2140.01 real, 64 MB
[runlim] sample:		2150.00 time, 2150.01 real, 64 MB
[runlim] sample:		2160.00 time, 2160.01 real, 64 MB
[runlim] sample:		2170.00 time, 2170.01 real, 69 MB
[runlim] sample:		2180.00 time, 2180.01 real, 69 MB
[runlim] sample:		2190.00 time, 2190.01 real, 69 MB
[runlim] sample:		2200.00 time, 2200.01 real, 69 MB
[runlim] sample:		2210.00 time, 2210.01 real, 69 MB
[runlim] sample:		2220.00 time, 2220.01 real, 70 MB
[runlim] sample:		2230.00 time, 2230.01 real, 70 MB
[runlim] sample:		2240.00 time, 2240.01 real, 70 MB
[runlim] sample:		2250.00 time, 2250.01 real, 70 MB
[runlim] sample:		2260.00 time, 2260.01 real, 70 MB
[runlim] sample:		2270.00 time, 2270.01 real, 70 MB
[runlim] sample:		2280.00 time, 2280.01 real, 70 MB
[runlim] sample:		2290.00 time, 2290.01 real, 70 MB
[runlim] sample:		2300.00 time, 2300.01 real, 70 MB
[runlim] sample:		2310.00 time, 2310.01 real, 44 MB
[runlim] sample:		2320.00 time, 2320.01 real, 44 MB
[runlim] sample:		2330.00 time, 2330.01 real, 44 MB
[runlim] sample:		2340.00 time, 2340.01 real, 44 MB
[runlim] sample:		2350.00 time, 2350.01 real, 44 MB
[runlim] sample:		2360.00 time, 2360.01 real, 44 MB
[runlim] sample:		2370.00 time, 2370.01 real, 44 MB
[runlim] sample:		2380.00 time, 2380.01 real, 44 MB
[runlim] sample:		2390.00 time, 2390.01 real, 44 MB
[runlim] sample:		2400.00 time, 2400.01 real, 44 MB
[runlim] sample:		2410.00 time, 2410.01 real, 44 MB
[runlim] sample:		2420.00 time, 2420.01 real, 44 MB
[runlim] sample:		2430.00 time, 2430.01 real, 44 MB
[runlim] sample:		2440.00 time, 2440.01 real, 44 MB
[runlim] sample:		2450.00 time, 2450.01 real, 44 MB
[runlim] sample:		2460.00 time, 2460.01 real, 47 MB
[runlim] sample:		2470.00 time, 2470.01 real, 47 MB
[runlim] sample:		2480.00 time, 2480.01 real, 47 MB
[runlim] sample:		2490.00 time, 2490.01 real, 47 MB
[runlim] sample:		2500.00 time, 2500.01 real, 44 MB
[runlim] sample:		2510.00 time, 2510.01 real, 44 MB
[runlim] sample:		2520.00 time, 2520.01 real, 44 MB
[runlim] sample:		2530.00 time, 2530.01 real, 44 MB
[runlim] sample:		2540.00 time, 2540.01 real, 44 MB
[runlim] sample:		2550.00 time, 2550.01 real, 44 MB
[runlim] sample:		2560.00 time, 2560.01 real, 46 MB
[runlim] sample:		2570.00 time, 2570.01 real, 46 MB
[runlim] sample:		2580.00 time, 2580.01 real, 53 MB
[runlim] sample:		2590.00 time, 2590.01 real, 53 MB
[runlim] sample:		2600.00 time, 2600.01 real, 54 MB
[runlim] sample:		2610.00 time, 2610.01 real, 54 MB
[runlim] sample:		2620.00 time, 2620.01 real, 54 MB
[runlim] sample:		2630.00 time, 2630.01 real, 54 MB
[runlim] sample:		2640.00 time, 2640.01 real, 54 MB
[runlim] sample:		2650.00 time, 2650.01 real, 54 MB
[runlim] sample:		2660.00 time, 2660.01 real, 54 MB
[runlim] sample:		2670.00 time, 2670.01 real, 54 MB
[runlim] sample:		2680.00 time, 2680.01 real, 56 MB
[runlim] sample:		2690.00 time, 2690.01 real, 56 MB
[runlim] sample:		2700.00 time, 2700.01 real, 56 MB
[runlim] sample:		2710.00 time, 2710.01 real, 59 MB
[runlim] sample:		2720.00 time, 2720.01 real, 59 MB
[runlim] sample:		2730.00 time, 2730.01 real, 59 MB
[runlim] sample:		2740.00 time, 2740.01 real, 59 MB
[runlim] sample:		2750.00 time, 2750.01 real, 64 MB
[runlim] sample:		2760.00 time, 2760.01 real, 64 MB
[runlim] sample:		2770.00 time, 2770.01 real, 64 MB
[runlim] sample:		2780.00 time, 2780.01 real, 64 MB
[runlim] sample:		2790.00 time, 2790.01 real, 64 MB
[runlim] sample:		2800.00 time, 2800.01 real, 64 MB
[runlim] sample:		2810.00 time, 2810.01 real, 64 MB
[runlim] sample:		2820.00 time, 2820.01 real, 69 MB
[runlim] sample:		2830.00 time, 2830.01 real, 69 MB
[runlim] sample:		2840.00 time, 2840.01 real, 69 MB
[runlim] sample:		2850.00 time, 2850.01 real, 69 MB
[runlim] sample:		2860.00 time, 2860.01 real, 69 MB
[runlim] sample:		2870.00 time, 2870.01 real, 69 MB
[runlim] sample:		2880.00 time, 2880.01 real, 69 MB
[runlim] sample:		2890.00 time, 2890.01 real, 69 MB
[runlim] sample:		2900.00 time, 2900.01 real, 69 MB
[runlim] sample:		2910.00 time, 2910.01 real, 69 MB
[runlim] sample:		2920.00 time, 2920.01 real, 69 MB
[runlim] sample:		2930.00 time, 2930.01 real, 69 MB
[runlim] sample:		2940.00 time, 2940.01 real, 69 MB
[runlim] sample:		2950.00 time, 2950.01 real, 69 MB
[runlim] sample:		2960.00 time, 2960.01 real, 69 MB
[runlim] sample:		2970.00 time, 2970.01 real, 69 MB
[runlim] sample:		2980.00 time, 2980.01 real, 69 MB
[runlim] sample:		2990.00 time, 2990.01 real, 69 MB
[runlim] sample:		3000.00 time, 3000.01 real, 69 MB
[runlim] sample:		3010.00 time, 3010.01 real, 69 MB
[runlim] sample:		3020.00 time, 3020.01 real, 69 MB
[runlim] sample:		3030.00 time, 3030.01 real, 69 MB
[runlim] sample:		3040.00 time, 3040.01 real, 69 MB
[runlim] sample:		3050.00 time, 3050.01 real, 64 MB
[runlim] sample:		3060.00 time, 3060.01 real, 64 MB
[runlim] sample:		3070.00 time, 3070.01 real, 64 MB
[runlim] sample:		3080.00 time, 3080.01 real, 64 MB
[runlim] sample:		3090.00 time, 3090.01 real, 64 MB
[runlim] sample:		3100.00 time, 3100.01 real, 64 MB
[runlim] sample:		3110.00 time, 3110.01 real, 64 MB
[runlim] sample:		3120.00 time, 3120.01 real, 64 MB
[runlim] sample:		3130.00 time, 3130.01 real, 64 MB
[runlim] sample:		3140.00 time, 3140.01 real, 64 MB
[runlim] sample:		3150.00 time, 3150.01 real, 64 MB
[runlim] sample:		3160.00 time, 3160.01 real, 64 MB
[runlim] sample:		3170.00 time, 3170.01 real, 64 MB
[runlim] sample:		3180.00 time, 3180.01 real, 64 MB
[runlim] sample:		3190.00 time, 3190.01 real, 64 MB
[runlim] sample:		3200.00 time, 3200.01 real, 64 MB
[runlim] sample:		3210.00 time, 3210.01 real, 64 MB
[runlim] sample:		3220.00 time, 3220.01 real, 64 MB
[runlim] sample:		3230.00 time, 3230.01 real, 64 MB
[runlim] sample:		3240.00 time, 3240.01 real, 64 MB
[runlim] sample:		3250.00 time, 3250.01 real, 64 MB
[runlim] sample:		3260.00 time, 3260.01 real, 64 MB
[runlim] sample:		3270.00 time, 3270.01 real, 64 MB
[runlim] sample:		3280.00 time, 3280.01 real, 64 MB
[runlim] sample:		3290.00 time, 3290.01 real, 64 MB
[runlim] sample:		3300.00 time, 3300.01 real, 64 MB
[runlim] sample:		3310.00 time, 3310.01 real, 64 MB
[runlim] sample:		3320.00 time, 3320.01 real, 64 MB
[runlim] sample:		3330.00 time, 3330.01 real, 64 MB
[runlim] sample:		3340.00 time, 3340.01 real, 64 MB
[runlim] sample:		3350.00 time, 3350.01 real, 64 MB
[runlim] sample:		3360.00 time, 3360.01 real, 64 MB
[runlim] sample:		3370.00 time, 3370.01 real, 64 MB
[runlim] sample:		3380.00 time, 3380.01 real, 64 MB
[runlim] sample:		3390.00 time, 3390.01 real, 64 MB
[runlim] sample:		3400.00 time, 3400.01 real, 64 MB
[runlim] sample:		3410.00 time, 3410.01 real, 64 MB
[runlim] sample:		3420.00 time, 3420.01 real, 64 MB
[runlim] sample:		3430.00 time, 3430.01 real, 64 MB
[runlim] sample:		3440.00 time, 3440.01 real, 64 MB
[runlim] sample:		3450.00 time, 3450.01 real, 65 MB
[runlim] sample:		3460.00 time, 3460.01 real, 65 MB
[runlim] sample:		3470.00 time, 3470.01 real, 73 MB
[runlim] sample:		3480.00 time, 3480.01 real, 73 MB
[runlim] sample:		3490.00 time, 3490.01 real, 73 MB
[runlim] sample:		3500.00 time, 3500.01 real, 73 MB
[runlim] sample:		3510.00 time, 3510.01 real, 73 MB
[runlim] sample:		3520.00 time, 3520.01 real, 73 MB
[runlim] sample:		3530.00 time, 3530.01 real, 73 MB
[runlim] sample:		3540.00 time, 3540.01 real, 73 MB
[runlim] sample:		3549.99 time, 3550.01 real, 75 MB
[runlim] sample:		3559.99 time, 3560.01 real, 75 MB
[runlim] sample:		3569.99 time, 3570.01 real, 75 MB
[runlim] sample:		3579.99 time, 3580.01 real, 75 MB
[runlim] sample:		3589.99 time, 3590.01 real, 75 MB
[runlim] sample:		3600.00 time, 3600.01 real, 44 MB
[runlim] end:			Fri Oct 18 01:32:26 2019
[runlim] status:		out of time
[runlim] result:		2
[runlim] children:		2
[runlim] real:			3600.10 seconds
[runlim] time:			3600.00 seconds
[runlim] space:			179 MB
[runlim] samples:		36000
