[runlim] version:		1.17
[runlim] host:			c3n06
[runlim] time limit:		311040000 seconds
[runlim] real time limit:	3600 seconds
[runlim] space limit:		120000 MB
[runlim] argv[0]:		./run-btormc-master.sh
[runlim] argv[1]:		/tmp/tBGcef8s.btor2
[runlim] start:			Fri Oct 18 00:08:57 2019
[runlim] child:			4903
warning: unsupported tag 'output'
[runlim] sample:		10.00 time, 10.02 real, 23 MB
[runlim] sample:		20.00 time, 20.01 real, 26 MB
[runlim] sample:		30.01 time, 30.01 real, 34 MB
[runlim] sample:		40.00 time, 40.01 real, 33 MB
[runlim] sample:		50.00 time, 50.01 real, 34 MB
[runlim] sample:		60.00 time, 60.01 real, 37 MB
[runlim] sample:		70.00 time, 70.01 real, 39 MB
[runlim] sample:		80.01 time, 80.01 real, 44 MB
[runlim] sample:		90.00 time, 90.01 real, 45 MB
[runlim] sample:		100.00 time, 100.01 real, 45 MB
[runlim] sample:		110.01 time, 110.01 real, 45 MB
[runlim] sample:		120.00 time, 120.01 real, 50 MB
[runlim] sample:		130.00 time, 130.01 real, 50 MB
[runlim] sample:		140.00 time, 140.01 real, 50 MB
[runlim] sample:		150.00 time, 150.01 real, 50 MB
[runlim] sample:		160.00 time, 160.01 real, 59 MB
[runlim] sample:		170.00 time, 170.01 real, 59 MB
[runlim] sample:		180.00 time, 180.01 real, 55 MB
[runlim] sample:		190.00 time, 190.01 real, 55 MB
[runlim] sample:		200.00 time, 200.01 real, 58 MB
[runlim] sample:		210.00 time, 210.01 real, 58 MB
[runlim] sample:		220.00 time, 220.01 real, 60 MB
[runlim] sample:		230.01 time, 230.01 real, 59 MB
[runlim] sample:		240.00 time, 240.01 real, 59 MB
[runlim] sample:		250.00 time, 250.01 real, 59 MB
[runlim] sample:		260.00 time, 260.01 real, 60 MB
[runlim] sample:		270.01 time, 270.01 real, 60 MB
[runlim] sample:		280.01 time, 280.01 real, 60 MB
[runlim] sample:		290.00 time, 290.01 real, 60 MB
[runlim] sample:		300.00 time, 300.01 real, 60 MB
[runlim] sample:		310.00 time, 310.01 real, 61 MB
[runlim] sample:		320.00 time, 320.01 real, 61 MB
[runlim] sample:		330.00 time, 330.01 real, 63 MB
[runlim] sample:		340.00 time, 340.01 real, 63 MB
[runlim] sample:		350.00 time, 350.01 real, 63 MB
[runlim] sample:		360.00 time, 360.01 real, 63 MB
[runlim] sample:		370.00 time, 370.01 real, 63 MB
[runlim] sample:		380.00 time, 380.01 real, 69 MB
[runlim] sample:		390.00 time, 390.01 real, 62 MB
[runlim] sample:		400.00 time, 400.01 real, 62 MB
[runlim] sample:		410.00 time, 410.02 real, 59 MB
[runlim] sample:		420.00 time, 420.01 real, 66 MB
[runlim] sample:		430.00 time, 430.01 real, 66 MB
[runlim] sample:		440.00 time, 440.01 real, 66 MB
[runlim] sample:		450.00 time, 450.01 real, 66 MB
[runlim] sample:		460.00 time, 460.01 real, 74 MB
[runlim] sample:		470.00 time, 470.01 real, 74 MB
[runlim] sample:		480.01 time, 480.01 real, 82 MB
[runlim] sample:		490.01 time, 490.01 real, 75 MB
[runlim] sample:		500.01 time, 500.01 real, 75 MB
[runlim] sample:		510.01 time, 510.01 real, 75 MB
[runlim] sample:		520.01 time, 520.01 real, 75 MB
[runlim] sample:		530.01 time, 530.01 real, 75 MB
[runlim] sample:		540.00 time, 540.01 real, 75 MB
[runlim] sample:		550.00 time, 550.01 real, 75 MB
[runlim] sample:		560.00 time, 560.01 real, 78 MB
[runlim] sample:		570.00 time, 570.01 real, 78 MB
[runlim] sample:		580.01 time, 580.01 real, 77 MB
[runlim] sample:		590.01 time, 590.01 real, 77 MB
[runlim] sample:		600.01 time, 600.01 real, 77 MB
[runlim] sample:		610.01 time, 610.01 real, 78 MB
[runlim] sample:		620.01 time, 620.01 real, 78 MB
[runlim] sample:		630.01 time, 630.01 real, 78 MB
[runlim] sample:		640.00 time, 640.01 real, 77 MB
[runlim] sample:		650.00 time, 650.01 real, 77 MB
[runlim] sample:		660.00 time, 660.01 real, 77 MB
[runlim] sample:		670.00 time, 670.01 real, 77 MB
[runlim] sample:		680.00 time, 680.01 real, 79 MB
[runlim] sample:		690.00 time, 690.01 real, 79 MB
[runlim] sample:		700.00 time, 700.01 real, 79 MB
[runlim] sample:		710.01 time, 710.01 real, 83 MB
[runlim] sample:		720.01 time, 720.01 real, 83 MB
[runlim] sample:		730.01 time, 730.01 real, 83 MB
[runlim] sample:		740.01 time, 740.01 real, 83 MB
[runlim] sample:		750.01 time, 750.01 real, 83 MB
[runlim] sample:		760.01 time, 760.01 real, 83 MB
[runlim] sample:		770.01 time, 770.01 real, 91 MB
[runlim] sample:		780.00 time, 780.01 real, 83 MB
[runlim] sample:		790.00 time, 790.01 real, 83 MB
[runlim] sample:		800.01 time, 800.01 real, 91 MB
[runlim] sample:		810.01 time, 810.01 real, 91 MB
[runlim] sample:		820.00 time, 820.01 real, 84 MB
[runlim] sample:		830.00 time, 830.01 real, 84 MB
[runlim] sample:		840.01 time, 840.01 real, 92 MB
[runlim] sample:		850.01 time, 850.01 real, 89 MB
[runlim] sample:		860.00 time, 860.01 real, 89 MB
[runlim] sample:		870.00 time, 870.01 real, 89 MB
[runlim] sample:		880.00 time, 880.01 real, 89 MB
[runlim] sample:		890.01 time, 890.01 real, 89 MB
[runlim] sample:		900.00 time, 900.01 real, 89 MB
[runlim] sample:		910.01 time, 910.01 real, 89 MB
[runlim] sample:		920.01 time, 920.01 real, 98 MB
[runlim] sample:		930.01 time, 930.01 real, 98 MB
[runlim] sample:		940.01 time, 940.01 real, 89 MB
[runlim] sample:		950.01 time, 950.01 real, 89 MB
[runlim] sample:		960.01 time, 960.01 real, 98 MB
[runlim] sample:		970.01 time, 970.01 real, 98 MB
[runlim] sample:		980.01 time, 980.01 real, 98 MB
[runlim] sample:		990.01 time, 990.01 real, 89 MB
[runlim] sample:		1000.01 time, 1000.01 real, 89 MB
[runlim] sample:		1010.01 time, 1010.01 real, 97 MB
[runlim] sample:		1020.01 time, 1020.01 real, 97 MB
[runlim] sample:		1030.01 time, 1030.01 real, 99 MB
[runlim] sample:		1040.01 time, 1040.01 real, 97 MB
[runlim] sample:		1050.01 time, 1050.01 real, 97 MB
[runlim] sample:		1060.01 time, 1060.01 real, 97 MB
[runlim] sample:		1070.01 time, 1070.01 real, 107 MB
[runlim] sample:		1080.01 time, 1080.01 real, 107 MB
[runlim] sample:		1090.01 time, 1090.01 real, 100 MB
[runlim] sample:		1100.01 time, 1100.01 real, 100 MB
[runlim] sample:		1110.02 time, 1110.01 real, 100 MB
[runlim] sample:		1120.02 time, 1120.01 real, 100 MB
[runlim] sample:		1130.02 time, 1130.01 real, 109 MB
[runlim] sample:		1140.02 time, 1140.01 real, 109 MB
[runlim] sample:		1150.01 time, 1150.01 real, 100 MB
[runlim] sample:		1160.01 time, 1160.01 real, 100 MB
[runlim] sample:		1170.01 time, 1170.01 real, 100 MB
[runlim] sample:		1180.02 time, 1180.01 real, 109 MB
[runlim] sample:		1190.02 time, 1190.01 real, 109 MB
[runlim] sample:		1200.01 time, 1200.01 real, 100 MB
[runlim] sample:		1210.01 time, 1210.01 real, 100 MB
[runlim] sample:		1220.01 time, 1220.01 real, 100 MB
[runlim] sample:		1230.01 time, 1230.01 real, 100 MB
[runlim] sample:		1240.01 time, 1240.01 real, 110 MB
[runlim] sample:		1250.01 time, 1250.01 real, 110 MB
[runlim] sample:		1260.01 time, 1260.01 real, 110 MB
[runlim] sample:		1270.02 time, 1270.01 real, 101 MB
[runlim] sample:		1280.02 time, 1280.01 real, 101 MB
[runlim] sample:		1290.02 time, 1290.01 real, 101 MB
[runlim] sample:		1300.01 time, 1300.01 real, 111 MB
[runlim] sample:		1310.01 time, 1310.01 real, 111 MB
[runlim] sample:		1320.01 time, 1320.01 real, 111 MB
[runlim] sample:		1330.01 time, 1330.01 real, 101 MB
[runlim] sample:		1340.01 time, 1340.01 real, 101 MB
[runlim] sample:		1350.01 time, 1350.01 real, 101 MB
[runlim] sample:		1360.01 time, 1360.01 real, 98 MB
[runlim] sample:		1370.01 time, 1370.01 real, 98 MB
[runlim] sample:		1380.01 time, 1380.01 real, 98 MB
[runlim] sample:		1390.01 time, 1390.01 real, 98 MB
[runlim] sample:		1400.01 time, 1400.01 real, 101 MB
[runlim] sample:		1410.01 time, 1410.01 real, 101 MB
[runlim] sample:		1420.01 time, 1420.01 real, 92 MB
[runlim] sample:		1430.01 time, 1430.01 real, 92 MB
[runlim] sample:		1440.01 time, 1440.01 real, 92 MB
[runlim] sample:		1450.01 time, 1450.01 real, 92 MB
[runlim] sample:		1460.01 time, 1460.01 real, 101 MB
[runlim] sample:		1470.01 time, 1470.01 real, 104 MB
[runlim] sample:		1480.01 time, 1480.01 real, 104 MB
[runlim] sample:		1490.01 time, 1490.01 real, 104 MB
[runlim] sample:		1500.01 time, 1500.01 real, 104 MB
[runlim] sample:		1510.01 time, 1510.01 real, 104 MB
[runlim] sample:		1520.01 time, 1520.01 real, 104 MB
[runlim] sample:		1530.01 time, 1530.01 real, 104 MB
[runlim] sample:		1540.01 time, 1540.01 real, 104 MB
[runlim] sample:		1550.01 time, 1550.01 real, 104 MB
[runlim] sample:		1560.01 time, 1560.01 real, 99 MB
[runlim] sample:		1570.02 time, 1570.01 real, 93 MB
[runlim] sample:		1580.02 time, 1580.01 real, 98 MB
[runlim] sample:		1590.01 time, 1590.01 real, 97 MB
[runlim] sample:		1600.01 time, 1600.01 real, 97 MB
[runlim] sample:		1610.01 time, 1610.01 real, 97 MB
[runlim] sample:		1620.02 time, 1620.01 real, 98 MB
[runlim] sample:		1630.02 time, 1630.01 real, 98 MB
[runlim] sample:		1640.02 time, 1640.01 real, 98 MB
[runlim] sample:		1650.02 time, 1650.01 real, 98 MB
[runlim] sample:		1660.02 time, 1660.01 real, 98 MB
[runlim] sample:		1670.02 time, 1670.01 real, 98 MB
[runlim] sample:		1680.01 time, 1680.01 real, 98 MB
[runlim] sample:		1690.01 time, 1690.01 real, 98 MB
[runlim] sample:		1700.01 time, 1700.01 real, 98 MB
[runlim] sample:		1710.01 time, 1710.01 real, 98 MB
[runlim] sample:		1720.02 time, 1720.01 real, 98 MB
[runlim] sample:		1730.01 time, 1730.01 real, 98 MB
[runlim] sample:		1740.02 time, 1740.01 real, 98 MB
[runlim] sample:		1750.02 time, 1750.01 real, 98 MB
[runlim] sample:		1760.02 time, 1760.01 real, 99 MB
[runlim] sample:		1770.02 time, 1770.01 real, 99 MB
[runlim] sample:		1780.02 time, 1780.01 real, 99 MB
[runlim] sample:		1790.02 time, 1790.01 real, 99 MB
[runlim] sample:		1800.02 time, 1800.01 real, 106 MB
[runlim] sample:		1810.02 time, 1810.01 real, 106 MB
[runlim] sample:		1820.02 time, 1820.01 real, 106 MB
[runlim] sample:		1830.02 time, 1830.01 real, 106 MB
[runlim] sample:		1840.02 time, 1840.01 real, 106 MB
[runlim] sample:		1850.02 time, 1850.01 real, 106 MB
[runlim] sample:		1860.02 time, 1860.01 real, 106 MB
[runlim] sample:		1870.02 time, 1870.01 real, 106 MB
[runlim] sample:		1880.02 time, 1880.01 real, 106 MB
[runlim] sample:		1890.02 time, 1890.01 real, 107 MB
[runlim] sample:		1900.02 time, 1900.01 real, 107 MB
[runlim] sample:		1910.02 time, 1910.01 real, 107 MB
[runlim] sample:		1920.02 time, 1920.01 real, 107 MB
[runlim] sample:		1930.02 time, 1930.01 real, 106 MB
[runlim] sample:		1940.02 time, 1940.01 real, 106 MB
[runlim] sample:		1950.02 time, 1950.01 real, 106 MB
[runlim] sample:		1960.02 time, 1960.01 real, 106 MB
[runlim] sample:		1970.02 time, 1970.01 real, 106 MB
[runlim] sample:		1980.02 time, 1980.01 real, 106 MB
[runlim] sample:		1990.02 time, 1990.01 real, 106 MB
[runlim] sample:		2000.02 time, 2000.01 real, 106 MB
[runlim] sample:		2010.02 time, 2010.01 real, 106 MB
[runlim] sample:		2020.02 time, 2020.01 real, 116 MB
[runlim] sample:		2030.02 time, 2030.01 real, 107 MB
[runlim] sample:		2040.02 time, 2040.01 real, 110 MB
[runlim] sample:		2050.02 time, 2050.01 real, 110 MB
[runlim] sample:		2060.02 time, 2060.01 real, 110 MB
[runlim] sample:		2070.02 time, 2070.01 real, 110 MB
[runlim] sample:		2080.02 time, 2080.01 real, 110 MB
[runlim] sample:		2090.02 time, 2090.01 real, 116 MB
[runlim] sample:		2100.02 time, 2100.01 real, 116 MB
[runlim] sample:		2110.02 time, 2110.01 real, 116 MB
[runlim] sample:		2120.02 time, 2120.01 real, 116 MB
[runlim] sample:		2130.02 time, 2130.01 real, 116 MB
[runlim] sample:		2140.02 time, 2140.01 real, 116 MB
[runlim] sample:		2150.02 time, 2150.01 real, 116 MB
[runlim] sample:		2160.02 time, 2160.01 real, 116 MB
[runlim] sample:		2170.02 time, 2170.01 real, 116 MB
[runlim] sample:		2180.02 time, 2180.01 real, 116 MB
[runlim] sample:		2190.02 time, 2190.01 real, 116 MB
[runlim] sample:		2200.02 time, 2200.01 real, 116 MB
[runlim] sample:		2210.03 time, 2210.01 real, 128 MB
[runlim] sample:		2220.02 time, 2220.01 real, 116 MB
[runlim] sample:		2230.02 time, 2230.01 real, 116 MB
[runlim] sample:		2240.02 time, 2240.01 real, 116 MB
[runlim] sample:		2250.02 time, 2250.01 real, 116 MB
[runlim] sample:		2260.02 time, 2260.01 real, 116 MB
[runlim] sample:		2270.02 time, 2270.01 real, 116 MB
[runlim] sample:		2280.03 time, 2280.01 real, 128 MB
[runlim] sample:		2290.02 time, 2290.01 real, 116 MB
[runlim] sample:		2300.02 time, 2300.01 real, 116 MB
[runlim] sample:		2310.02 time, 2310.01 real, 116 MB
[runlim] sample:		2320.03 time, 2320.01 real, 116 MB
[runlim] sample:		2330.03 time, 2330.01 real, 116 MB
[runlim] sample:		2340.03 time, 2340.01 real, 128 MB
[runlim] sample:		2350.02 time, 2350.01 real, 116 MB
[runlim] sample:		2360.02 time, 2360.01 real, 116 MB
[runlim] sample:		2370.02 time, 2370.01 real, 116 MB
[runlim] sample:		2380.02 time, 2380.01 real, 116 MB
[runlim] sample:		2390.02 time, 2390.01 real, 116 MB
[runlim] sample:		2400.02 time, 2400.01 real, 127 MB
[runlim] sample:		2410.02 time, 2410.01 real, 127 MB
[runlim] sample:		2420.02 time, 2420.01 real, 127 MB
[runlim] sample:		2430.02 time, 2430.01 real, 115 MB
[runlim] sample:		2440.02 time, 2440.01 real, 115 MB
[runlim] sample:		2450.02 time, 2450.01 real, 115 MB
[runlim] sample:		2460.02 time, 2460.01 real, 115 MB
[runlim] sample:		2470.02 time, 2470.01 real, 126 MB
[runlim] sample:		2480.02 time, 2480.01 real, 126 MB
[runlim] sample:		2490.02 time, 2490.01 real, 126 MB
[runlim] sample:		2500.02 time, 2500.01 real, 126 MB
[runlim] sample:		2510.03 time, 2510.01 real, 115 MB
[runlim] sample:		2520.03 time, 2520.01 real, 115 MB
[runlim] sample:		2530.03 time, 2530.01 real, 115 MB
[runlim] sample:		2540.03 time, 2540.01 real, 126 MB
[runlim] sample:		2550.03 time, 2550.01 real, 126 MB
[runlim] sample:		2560.03 time, 2560.01 real, 126 MB
[runlim] sample:		2570.03 time, 2570.01 real, 126 MB
[runlim] sample:		2580.03 time, 2580.01 real, 116 MB
[runlim] sample:		2590.03 time, 2590.01 real, 115 MB
[runlim] sample:		2600.03 time, 2600.01 real, 115 MB
[runlim] sample:		2610.03 time, 2610.01 real, 115 MB
[runlim] sample:		2620.03 time, 2620.01 real, 127 MB
[runlim] sample:		2630.03 time, 2630.01 real, 127 MB
[runlim] sample:		2640.03 time, 2640.01 real, 127 MB
[runlim] sample:		2650.03 time, 2650.01 real, 127 MB
[runlim] sample:		2660.03 time, 2660.01 real, 127 MB
[runlim] sample:		2670.02 time, 2670.01 real, 116 MB
[runlim] sample:		2680.02 time, 2680.01 real, 116 MB
[runlim] sample:		2690.02 time, 2690.01 real, 116 MB
[runlim] sample:		2700.03 time, 2700.01 real, 116 MB
[runlim] sample:		2710.03 time, 2710.01 real, 128 MB
[runlim] sample:		2720.03 time, 2720.01 real, 128 MB
[runlim] sample:		2730.03 time, 2730.01 real, 128 MB
[runlim] sample:		2740.03 time, 2740.01 real, 128 MB
[runlim] sample:		2750.03 time, 2750.01 real, 128 MB
[runlim] sample:		2760.03 time, 2760.01 real, 128 MB
[runlim] sample:		2770.03 time, 2770.01 real, 128 MB
[runlim] sample:		2780.03 time, 2780.01 real, 128 MB
[runlim] sample:		2790.03 time, 2790.01 real, 126 MB
[runlim] sample:		2800.03 time, 2800.01 real, 127 MB
[runlim] sample:		2810.03 time, 2810.01 real, 127 MB
[runlim] sample:		2820.03 time, 2820.01 real, 127 MB
[runlim] sample:		2830.03 time, 2830.01 real, 127 MB
[runlim] sample:		2840.03 time, 2840.01 real, 80 MB
[runlim] sample:		2850.03 time, 2850.01 real, 80 MB
[runlim] sample:		2860.03 time, 2860.01 real, 80 MB
[runlim] sample:		2870.03 time, 2870.01 real, 80 MB
[runlim] sample:		2880.03 time, 2880.01 real, 86 MB
[runlim] sample:		2890.02 time, 2890.01 real, 97 MB
[runlim] sample:		2900.03 time, 2900.01 real, 97 MB
[runlim] sample:		2910.03 time, 2910.01 real, 107 MB
[runlim] sample:		2920.03 time, 2920.01 real, 107 MB
[runlim] sample:		2930.03 time, 2930.01 real, 110 MB
[runlim] sample:		2940.03 time, 2940.01 real, 106 MB
[runlim] sample:		2950.03 time, 2950.01 real, 106 MB
[runlim] sample:		2960.03 time, 2960.01 real, 106 MB
[runlim] sample:		2970.03 time, 2970.01 real, 106 MB
[runlim] sample:		2980.03 time, 2980.01 real, 108 MB
[runlim] sample:		2990.03 time, 2990.01 real, 107 MB
[runlim] sample:		3000.03 time, 3000.01 real, 107 MB
[runlim] sample:		3010.03 time, 3010.01 real, 107 MB
[runlim] sample:		3020.03 time, 3020.01 real, 107 MB
[runlim] sample:		3030.03 time, 3030.01 real, 107 MB
[runlim] sample:		3040.03 time, 3040.01 real, 107 MB
[runlim] sample:		3050.03 time, 3050.01 real, 107 MB
[runlim] sample:		3060.03 time, 3060.01 real, 107 MB
[runlim] sample:		3070.03 time, 3070.01 real, 107 MB
[runlim] sample:		3080.03 time, 3080.01 real, 107 MB
[runlim] sample:		3090.03 time, 3090.01 real, 107 MB
[runlim] sample:		3100.03 time, 3100.01 real, 107 MB
[runlim] sample:		3110.03 time, 3110.01 real, 107 MB
[runlim] sample:		3120.03 time, 3120.01 real, 107 MB
[runlim] sample:		3130.04 time, 3130.01 real, 107 MB
[runlim] sample:		3140.03 time, 3140.01 real, 109 MB
[runlim] sample:		3150.03 time, 3150.01 real, 109 MB
[runlim] sample:		3160.03 time, 3160.01 real, 109 MB
[runlim] sample:		3170.03 time, 3170.01 real, 109 MB
[runlim] sample:		3180.03 time, 3180.01 real, 109 MB
[runlim] sample:		3190.03 time, 3190.01 real, 113 MB
[runlim] sample:		3200.03 time, 3200.01 real, 113 MB
[runlim] sample:		3210.03 time, 3210.01 real, 113 MB
[runlim] sample:		3220.03 time, 3220.01 real, 114 MB
[runlim] sample:		3230.03 time, 3230.01 real, 114 MB
[runlim] sample:		3240.03 time, 3240.01 real, 114 MB
[runlim] sample:		3250.03 time, 3250.01 real, 114 MB
[runlim] sample:		3260.03 time, 3260.01 real, 114 MB
[runlim] sample:		3270.03 time, 3270.01 real, 113 MB
[runlim] sample:		3280.03 time, 3280.01 real, 113 MB
[runlim] sample:		3290.03 time, 3290.01 real, 113 MB
[runlim] sample:		3300.03 time, 3300.01 real, 113 MB
[runlim] sample:		3310.03 time, 3310.01 real, 113 MB
[runlim] sample:		3320.03 time, 3320.01 real, 113 MB
[runlim] sample:		3330.03 time, 3330.01 real, 113 MB
[runlim] sample:		3340.03 time, 3340.01 real, 113 MB
[runlim] sample:		3350.04 time, 3350.01 real, 125 MB
[runlim] sample:		3360.03 time, 3360.01 real, 120 MB
[runlim] sample:		3370.03 time, 3370.01 real, 120 MB
[runlim] sample:		3380.03 time, 3380.01 real, 120 MB
[runlim] sample:		3390.03 time, 3390.01 real, 120 MB
[runlim] sample:		3400.03 time, 3400.01 real, 132 MB
[runlim] sample:		3410.03 time, 3410.01 real, 132 MB
[runlim] sample:		3420.03 time, 3420.01 real, 120 MB
[runlim] sample:		3430.03 time, 3430.01 real, 120 MB
[runlim] sample:		3440.03 time, 3440.01 real, 120 MB
[runlim] sample:		3450.03 time, 3450.01 real, 120 MB
[runlim] sample:		3460.03 time, 3460.01 real, 120 MB
[runlim] sample:		3470.03 time, 3470.01 real, 120 MB
[runlim] sample:		3480.04 time, 3480.01 real, 121 MB
[runlim] sample:		3490.03 time, 3490.01 real, 120 MB
[runlim] sample:		3500.03 time, 3500.01 real, 120 MB
[runlim] sample:		3510.03 time, 3510.01 real, 120 MB
[runlim] sample:		3520.03 time, 3520.01 real, 120 MB
[runlim] sample:		3530.03 time, 3530.01 real, 133 MB
[runlim] sample:		3540.03 time, 3540.01 real, 133 MB
[runlim] sample:		3550.04 time, 3550.01 real, 120 MB
[runlim] sample:		3560.04 time, 3560.01 real, 120 MB
[runlim] sample:		3570.04 time, 3570.01 real, 120 MB
[runlim] sample:		3580.04 time, 3580.01 real, 120 MB
[runlim] sample:		3590.04 time, 3590.01 real, 120 MB
[runlim] sample:		3600.04 time, 3600.01 real, 133 MB
[runlim] end:			Fri Oct 18 01:08:57 2019
[runlim] status:		out of time
[runlim] result:		2
[runlim] children:		2
[runlim] real:			3600.10 seconds
[runlim] time:			3600.04 seconds
[runlim] space:			133 MB
[runlim] samples:		36000
