[runlim] version:		1.17
[runlim] host:			c3n07
[runlim] time limit:		311040000 seconds
[runlim] real time limit:	3600 seconds
[runlim] space limit:		120000 MB
[runlim] argv[0]:		./run-btormc-master.sh
[runlim] argv[1]:		/tmp/CJPYswuG.btor2
[runlim] start:			Fri Oct 18 01:27:01 2019
[runlim] child:			11627
warning: unsupported tag 'output'
warning: unsupported tag 'output'
warning: unsupported tag 'output'
[runlim] sample:		10.00 time, 10.01 real, 29 MB
[runlim] sample:		20.00 time, 20.01 real, 29 MB
[runlim] sample:		30.00 time, 30.01 real, 33 MB
[runlim] sample:		40.00 time, 40.01 real, 35 MB
[runlim] sample:		50.00 time, 50.01 real, 36 MB
[runlim] sample:		60.00 time, 60.01 real, 36 MB
[runlim] sample:		70.00 time, 70.01 real, 42 MB
[runlim] sample:		80.00 time, 80.01 real, 46 MB
[runlim] sample:		90.00 time, 90.01 real, 47 MB
[runlim] sample:		100.00 time, 100.01 real, 53 MB
[runlim] sample:		110.00 time, 110.01 real, 54 MB
[runlim] sample:		120.00 time, 120.01 real, 52 MB
[runlim] sample:		130.00 time, 130.01 real, 52 MB
[runlim] sample:		140.00 time, 140.01 real, 53 MB
[runlim] sample:		150.00 time, 150.01 real, 53 MB
[runlim] sample:		160.00 time, 160.01 real, 53 MB
[runlim] sample:		170.00 time, 170.01 real, 59 MB
[runlim] sample:		180.00 time, 180.01 real, 59 MB
[runlim] sample:		190.00 time, 190.01 real, 63 MB
[runlim] sample:		200.00 time, 200.01 real, 65 MB
[runlim] sample:		210.00 time, 210.01 real, 63 MB
[runlim] sample:		220.00 time, 220.01 real, 54 MB
[runlim] sample:		230.00 time, 230.01 real, 60 MB
[runlim] sample:		240.00 time, 240.01 real, 60 MB
[runlim] sample:		250.00 time, 250.01 real, 60 MB
[runlim] sample:		260.00 time, 260.01 real, 60 MB
[runlim] sample:		270.00 time, 270.01 real, 61 MB
[runlim] sample:		279.99 time, 280.01 real, 66 MB
[runlim] sample:		289.99 time, 290.01 real, 62 MB
[runlim] sample:		299.99 time, 300.01 real, 62 MB
[runlim] sample:		309.99 time, 310.01 real, 62 MB
[runlim] sample:		320.00 time, 320.01 real, 63 MB
[runlim] sample:		330.00 time, 330.01 real, 63 MB
[runlim] sample:		340.00 time, 340.01 real, 63 MB
[runlim] sample:		350.00 time, 350.01 real, 64 MB
[runlim] sample:		360.00 time, 360.01 real, 73 MB
[runlim] sample:		370.00 time, 370.01 real, 73 MB
[runlim] sample:		380.00 time, 380.01 real, 56 MB
[runlim] sample:		390.00 time, 390.01 real, 64 MB
[runlim] sample:		400.00 time, 400.01 real, 65 MB
[runlim] sample:		410.00 time, 410.01 real, 65 MB
[runlim] sample:		420.00 time, 420.01 real, 65 MB
[runlim] sample:		430.00 time, 430.01 real, 65 MB
[runlim] sample:		439.99 time, 440.02 real, 74 MB
[runlim] sample:		449.99 time, 450.01 real, 74 MB
[runlim] sample:		459.99 time, 460.01 real, 74 MB
[runlim] sample:		469.99 time, 470.01 real, 77 MB
[runlim] sample:		480.00 time, 480.01 real, 85 MB
[runlim] sample:		489.99 time, 490.01 real, 81 MB
[runlim] sample:		500.00 time, 500.01 real, 81 MB
[runlim] sample:		510.00 time, 510.01 real, 84 MB
[runlim] sample:		519.99 time, 520.01 real, 64 MB
[runlim] sample:		529.99 time, 530.01 real, 64 MB
[runlim] sample:		539.99 time, 540.01 real, 64 MB
[runlim] sample:		549.99 time, 550.01 real, 64 MB
[runlim] sample:		560.00 time, 560.01 real, 73 MB
[runlim] sample:		569.99 time, 570.01 real, 72 MB
[runlim] sample:		580.00 time, 580.02 real, 73 MB
[runlim] sample:		590.00 time, 590.01 real, 73 MB
[runlim] sample:		599.99 time, 600.01 real, 76 MB
[runlim] sample:		609.99 time, 610.01 real, 76 MB
[runlim] sample:		619.99 time, 620.01 real, 76 MB
[runlim] sample:		629.99 time, 630.01 real, 76 MB
[runlim] sample:		639.99 time, 640.01 real, 76 MB
[runlim] sample:		649.99 time, 650.01 real, 92 MB
[runlim] sample:		659.99 time, 660.01 real, 92 MB
[runlim] sample:		669.99 time, 670.01 real, 92 MB
[runlim] sample:		679.99 time, 680.01 real, 92 MB
[runlim] sample:		690.00 time, 690.02 real, 79 MB
[runlim] sample:		700.00 time, 700.01 real, 79 MB
[runlim] sample:		710.00 time, 710.01 real, 79 MB
[runlim] sample:		720.00 time, 720.01 real, 79 MB
[runlim] sample:		729.99 time, 730.01 real, 80 MB
[runlim] sample:		739.99 time, 740.01 real, 80 MB
[runlim] sample:		749.99 time, 750.01 real, 79 MB
[runlim] sample:		759.99 time, 760.01 real, 79 MB
[runlim] sample:		770.00 time, 770.01 real, 79 MB
[runlim] sample:		780.00 time, 780.01 real, 88 MB
[runlim] sample:		790.00 time, 790.01 real, 89 MB
[runlim] sample:		800.00 time, 800.01 real, 89 MB
[runlim] sample:		810.00 time, 810.01 real, 89 MB
[runlim] sample:		820.00 time, 820.01 real, 89 MB
[runlim] sample:		830.00 time, 830.01 real, 89 MB
[runlim] sample:		840.00 time, 840.01 real, 89 MB
[runlim] sample:		850.00 time, 850.01 real, 95 MB
[runlim] sample:		860.00 time, 860.01 real, 95 MB
[runlim] sample:		870.00 time, 870.01 real, 95 MB
[runlim] sample:		880.00 time, 880.02 real, 96 MB
[runlim] sample:		890.00 time, 890.01 real, 95 MB
[runlim] sample:		900.00 time, 900.01 real, 95 MB
[runlim] sample:		910.00 time, 910.01 real, 95 MB
[runlim] sample:		920.00 time, 920.01 real, 89 MB
[runlim] sample:		930.00 time, 930.01 real, 89 MB
[runlim] sample:		940.00 time, 940.01 real, 89 MB
[runlim] sample:		950.00 time, 950.01 real, 89 MB
[runlim] sample:		960.00 time, 960.01 real, 91 MB
[runlim] sample:		970.00 time, 970.01 real, 91 MB
[runlim] sample:		980.00 time, 980.01 real, 91 MB
[runlim] sample:		990.00 time, 990.01 real, 91 MB
[runlim] sample:		1000.00 time, 1000.01 real, 91 MB
[runlim] sample:		1010.00 time, 1010.01 real, 91 MB
[runlim] sample:		1020.00 time, 1020.01 real, 91 MB
[runlim] sample:		1030.00 time, 1030.01 real, 91 MB
[runlim] sample:		1040.00 time, 1040.01 real, 91 MB
[runlim] sample:		1050.00 time, 1050.01 real, 91 MB
[runlim] sample:		1060.00 time, 1060.01 real, 91 MB
[runlim] sample:		1070.00 time, 1070.01 real, 102 MB
[runlim] sample:		1079.99 time, 1080.01 real, 98 MB
[runlim] sample:		1089.99 time, 1090.01 real, 98 MB
[runlim] sample:		1100.00 time, 1100.02 real, 98 MB
[runlim] sample:		1109.99 time, 1110.02 real, 98 MB
[runlim] sample:		1119.99 time, 1120.01 real, 98 MB
[runlim] sample:		1129.99 time, 1130.01 real, 98 MB
[runlim] sample:		1139.99 time, 1140.01 real, 91 MB
[runlim] sample:		1149.99 time, 1150.01 real, 91 MB
[runlim] sample:		1159.99 time, 1160.01 real, 101 MB
[runlim] sample:		1169.99 time, 1170.01 real, 101 MB
[runlim] sample:		1179.99 time, 1180.01 real, 101 MB
[runlim] sample:		1189.99 time, 1190.01 real, 101 MB
[runlim] sample:		1199.99 time, 1200.01 real, 101 MB
[runlim] sample:		1209.99 time, 1210.01 real, 101 MB
[runlim] sample:		1219.99 time, 1220.01 real, 101 MB
[runlim] sample:		1229.99 time, 1230.01 real, 101 MB
[runlim] sample:		1239.99 time, 1240.01 real, 101 MB
[runlim] sample:		1249.99 time, 1250.01 real, 101 MB
[runlim] sample:		1259.99 time, 1260.01 real, 101 MB
[runlim] sample:		1269.99 time, 1270.01 real, 101 MB
[runlim] sample:		1279.99 time, 1280.01 real, 101 MB
[runlim] sample:		1289.99 time, 1290.01 real, 101 MB
[runlim] sample:		1299.99 time, 1300.01 real, 101 MB
[runlim] sample:		1309.99 time, 1310.01 real, 104 MB
[runlim] sample:		1319.99 time, 1320.01 real, 104 MB
[runlim] sample:		1329.99 time, 1330.01 real, 104 MB
[runlim] sample:		1339.99 time, 1340.01 real, 84 MB
[runlim] sample:		1349.99 time, 1350.01 real, 84 MB
[runlim] sample:		1359.99 time, 1360.01 real, 84 MB
[runlim] sample:		1369.99 time, 1370.01 real, 84 MB
[runlim] sample:		1379.99 time, 1380.01 real, 93 MB
[runlim] sample:		1390.00 time, 1390.01 real, 103 MB
[runlim] sample:		1400.00 time, 1400.01 real, 103 MB
[runlim] sample:		1410.00 time, 1410.01 real, 103 MB
[runlim] sample:		1420.00 time, 1420.01 real, 103 MB
[runlim] sample:		1430.00 time, 1430.01 real, 103 MB
[runlim] sample:		1440.00 time, 1440.01 real, 103 MB
[runlim] sample:		1450.00 time, 1450.01 real, 104 MB
[runlim] sample:		1459.99 time, 1460.01 real, 96 MB
[runlim] sample:		1470.00 time, 1470.01 real, 97 MB
[runlim] sample:		1479.99 time, 1480.01 real, 97 MB
[runlim] sample:		1490.00 time, 1490.01 real, 101 MB
[runlim] sample:		1500.00 time, 1500.01 real, 101 MB
[runlim] sample:		1509.99 time, 1510.01 real, 97 MB
[runlim] sample:		1519.99 time, 1520.01 real, 97 MB
[runlim] sample:		1529.99 time, 1530.01 real, 103 MB
[runlim] sample:		1539.99 time, 1540.01 real, 98 MB
[runlim] sample:		1549.99 time, 1550.01 real, 103 MB
[runlim] sample:		1559.99 time, 1560.01 real, 103 MB
[runlim] sample:		1569.99 time, 1570.01 real, 103 MB
[runlim] sample:		1579.99 time, 1580.01 real, 98 MB
[runlim] sample:		1589.99 time, 1590.01 real, 98 MB
[runlim] sample:		1599.99 time, 1600.01 real, 100 MB
[runlim] sample:		1609.99 time, 1610.02 real, 100 MB
[runlim] sample:		1619.99 time, 1620.01 real, 100 MB
[runlim] sample:		1629.99 time, 1630.01 real, 100 MB
[runlim] sample:		1639.99 time, 1640.01 real, 100 MB
[runlim] sample:		1650.00 time, 1650.01 real, 113 MB
[runlim] sample:		1659.99 time, 1660.01 real, 113 MB
[runlim] sample:		1669.99 time, 1670.02 real, 104 MB
[runlim] sample:		1679.99 time, 1680.01 real, 107 MB
[runlim] sample:		1689.99 time, 1690.01 real, 106 MB
[runlim] sample:		1699.99 time, 1700.01 real, 106 MB
[runlim] sample:		1709.99 time, 1710.01 real, 111 MB
[runlim] sample:		1719.99 time, 1720.01 real, 107 MB
[runlim] sample:		1729.99 time, 1730.01 real, 112 MB
[runlim] sample:		1739.99 time, 1740.01 real, 112 MB
[runlim] sample:		1749.99 time, 1750.01 real, 112 MB
[runlim] sample:		1759.99 time, 1760.01 real, 107 MB
[runlim] sample:		1769.99 time, 1770.01 real, 113 MB
[runlim] sample:		1779.99 time, 1780.01 real, 113 MB
[runlim] sample:		1789.99 time, 1790.01 real, 108 MB
[runlim] sample:		1799.99 time, 1800.01 real, 108 MB
[runlim] sample:		1809.99 time, 1810.01 real, 115 MB
[runlim] sample:		1819.99 time, 1820.01 real, 115 MB
[runlim] sample:		1829.99 time, 1830.01 real, 108 MB
[runlim] sample:		1839.99 time, 1840.01 real, 108 MB
[runlim] sample:		1849.99 time, 1850.01 real, 116 MB
[runlim] sample:		1859.99 time, 1860.01 real, 116 MB
[runlim] sample:		1869.99 time, 1870.01 real, 108 MB
[runlim] sample:		1879.99 time, 1880.01 real, 108 MB
[runlim] sample:		1889.99 time, 1890.02 real, 116 MB
[runlim] sample:		1899.99 time, 1900.01 real, 109 MB
[runlim] sample:		1909.99 time, 1910.01 real, 110 MB
[runlim] sample:		1919.99 time, 1920.01 real, 110 MB
[runlim] sample:		1929.99 time, 1930.01 real, 110 MB
[runlim] sample:		1939.99 time, 1940.01 real, 110 MB
[runlim] sample:		1949.99 time, 1950.01 real, 110 MB
[runlim] sample:		1959.99 time, 1960.01 real, 110 MB
[runlim] sample:		1970.00 time, 1970.01 real, 114 MB
[runlim] sample:		1979.99 time, 1980.01 real, 114 MB
[runlim] sample:		1989.99 time, 1990.01 real, 114 MB
[runlim] sample:		1999.99 time, 2000.01 real, 120 MB
[runlim] sample:		2009.99 time, 2010.01 real, 120 MB
[runlim] sample:		2019.99 time, 2020.01 real, 116 MB
[runlim] sample:		2029.99 time, 2030.01 real, 116 MB
[runlim] sample:		2039.99 time, 2040.01 real, 116 MB
[runlim] sample:		2049.99 time, 2050.01 real, 123 MB
[runlim] sample:		2059.99 time, 2060.01 real, 123 MB
[runlim] sample:		2069.99 time, 2070.01 real, 116 MB
[runlim] sample:		2079.99 time, 2080.01 real, 116 MB
[runlim] sample:		2089.99 time, 2090.01 real, 116 MB
[runlim] sample:		2099.99 time, 2100.01 real, 123 MB
[runlim] sample:		2109.99 time, 2110.01 real, 117 MB
[runlim] sample:		2119.99 time, 2120.01 real, 117 MB
[runlim] sample:		2129.99 time, 2130.01 real, 117 MB
[runlim] sample:		2139.99 time, 2140.01 real, 117 MB
[runlim] sample:		2149.99 time, 2150.01 real, 117 MB
[runlim] sample:		2159.99 time, 2160.01 real, 117 MB
[runlim] sample:		2169.99 time, 2170.01 real, 117 MB
[runlim] sample:		2179.99 time, 2180.02 real, 114 MB
[runlim] sample:		2189.99 time, 2190.01 real, 117 MB
[runlim] end:			Fri Oct 18 02:03:37 2019
[runlim] status:		ok
[runlim] result:		0
[runlim] children:		2
[runlim] real:			2196.08 seconds
[runlim] time:			2195.99 seconds
[runlim] space:			135 MB
[runlim] samples:		21960
