[runlim] version:		1.17
[runlim] host:			c3n20
[runlim] time limit:		311040000 seconds
[runlim] real time limit:	3600 seconds
[runlim] space limit:		120000 MB
[runlim] argv[0]:		./run-btormc-master.sh
[runlim] argv[1]:		/tmp/hMuUCofa.btor2
[runlim] start:			Fri Oct 18 01:27:01 2019
[runlim] child:			30246
warning: unsupported tag 'output'
warning: unsupported tag 'output'
warning: unsupported tag 'output'
[runlim] sample:		10.00 time, 10.01 real, 34 MB
[runlim] sample:		20.01 time, 20.01 real, 39 MB
[runlim] sample:		30.00 time, 30.01 real, 42 MB
[runlim] sample:		40.00 time, 40.01 real, 46 MB
[runlim] sample:		50.00 time, 50.01 real, 47 MB
[runlim] sample:		60.00 time, 60.01 real, 52 MB
[runlim] sample:		70.00 time, 70.01 real, 54 MB
[runlim] sample:		80.00 time, 80.01 real, 56 MB
[runlim] sample:		90.00 time, 90.01 real, 58 MB
[runlim] sample:		100.00 time, 100.01 real, 59 MB
[runlim] sample:		110.00 time, 110.01 real, 59 MB
[runlim] sample:		120.00 time, 120.01 real, 62 MB
[runlim] sample:		130.00 time, 130.01 real, 62 MB
[runlim] sample:		140.00 time, 140.01 real, 62 MB
[runlim] sample:		150.00 time, 150.01 real, 62 MB
[runlim] sample:		160.00 time, 160.01 real, 64 MB
[runlim] sample:		170.00 time, 170.01 real, 64 MB
[runlim] sample:		180.00 time, 180.02 real, 66 MB
[runlim] sample:		190.00 time, 190.01 real, 65 MB
[runlim] sample:		200.00 time, 200.01 real, 65 MB
[runlim] sample:		210.00 time, 210.01 real, 67 MB
[runlim] sample:		219.99 time, 220.01 real, 68 MB
[runlim] sample:		230.00 time, 230.01 real, 69 MB
[runlim] sample:		240.00 time, 240.01 real, 73 MB
[runlim] sample:		250.00 time, 250.01 real, 76 MB
[runlim] sample:		260.00 time, 260.01 real, 76 MB
[runlim] sample:		269.99 time, 270.01 real, 72 MB
[runlim] sample:		279.99 time, 280.01 real, 72 MB
[runlim] sample:		289.99 time, 290.01 real, 72 MB
[runlim] sample:		300.00 time, 300.02 real, 77 MB
[runlim] sample:		310.00 time, 310.01 real, 77 MB
[runlim] sample:		320.00 time, 320.01 real, 82 MB
[runlim] sample:		330.00 time, 330.01 real, 82 MB
[runlim] sample:		340.00 time, 340.01 real, 82 MB
[runlim] sample:		350.00 time, 350.02 real, 78 MB
[runlim] sample:		359.99 time, 360.01 real, 79 MB
[runlim] sample:		370.00 time, 370.01 real, 80 MB
[runlim] sample:		380.00 time, 380.01 real, 80 MB
[runlim] sample:		390.00 time, 390.01 real, 80 MB
[runlim] sample:		400.00 time, 400.01 real, 80 MB
[runlim] sample:		409.99 time, 410.02 real, 82 MB
[runlim] sample:		420.00 time, 420.02 real, 81 MB
[runlim] sample:		430.00 time, 430.01 real, 81 MB
[runlim] sample:		439.99 time, 440.01 real, 81 MB
[runlim] sample:		449.99 time, 450.01 real, 81 MB
[runlim] sample:		459.99 time, 460.01 real, 81 MB
[runlim] sample:		469.99 time, 470.01 real, 93 MB
[runlim] sample:		479.99 time, 480.01 real, 93 MB
[runlim] sample:		489.99 time, 490.01 real, 93 MB
[runlim] sample:		499.99 time, 500.01 real, 93 MB
[runlim] sample:		509.99 time, 510.01 real, 72 MB
[runlim] sample:		519.99 time, 520.01 real, 74 MB
[runlim] sample:		529.99 time, 530.01 real, 74 MB
[runlim] sample:		540.00 time, 540.02 real, 83 MB
[runlim] sample:		550.00 time, 550.01 real, 83 MB
[runlim] sample:		560.00 time, 560.01 real, 85 MB
[runlim] sample:		570.00 time, 570.01 real, 86 MB
[runlim] sample:		580.00 time, 580.01 real, 86 MB
[runlim] sample:		590.00 time, 590.02 real, 99 MB
[runlim] sample:		599.99 time, 600.01 real, 93 MB
[runlim] sample:		610.00 time, 610.01 real, 93 MB
[runlim] sample:		619.99 time, 620.01 real, 96 MB
[runlim] sample:		630.00 time, 630.01 real, 94 MB
[runlim] sample:		639.99 time, 640.01 real, 75 MB
[runlim] sample:		649.99 time, 650.01 real, 76 MB
[runlim] sample:		659.99 time, 660.01 real, 76 MB
[runlim] sample:		669.99 time, 670.01 real, 85 MB
[runlim] sample:		679.99 time, 680.02 real, 85 MB
[runlim] sample:		690.00 time, 690.01 real, 86 MB
[runlim] sample:		700.00 time, 700.01 real, 88 MB
[runlim] sample:		710.00 time, 710.01 real, 88 MB
[runlim] sample:		720.00 time, 720.01 real, 88 MB
[runlim] sample:		730.00 time, 730.02 real, 88 MB
[runlim] sample:		739.99 time, 740.01 real, 94 MB
[runlim] sample:		749.99 time, 750.01 real, 95 MB
[runlim] sample:		760.00 time, 760.01 real, 104 MB
[runlim] sample:		770.00 time, 770.01 real, 104 MB
[runlim] sample:		780.00 time, 780.01 real, 104 MB
[runlim] sample:		789.99 time, 790.01 real, 89 MB
[runlim] sample:		799.99 time, 800.01 real, 89 MB
[runlim] sample:		809.99 time, 810.01 real, 89 MB
[runlim] sample:		820.00 time, 820.01 real, 92 MB
[runlim] sample:		830.00 time, 830.01 real, 92 MB
[runlim] sample:		840.00 time, 840.01 real, 93 MB
[runlim] sample:		850.00 time, 850.02 real, 100 MB
[runlim] sample:		860.00 time, 860.01 real, 100 MB
[runlim] sample:		870.00 time, 870.01 real, 100 MB
[runlim] sample:		880.00 time, 880.01 real, 100 MB
[runlim] sample:		890.00 time, 890.02 real, 96 MB
[runlim] sample:		899.99 time, 900.01 real, 98 MB
[runlim] sample:		909.99 time, 910.01 real, 102 MB
[runlim] sample:		919.99 time, 920.01 real, 102 MB
[runlim] sample:		930.00 time, 930.01 real, 99 MB
[runlim] sample:		940.00 time, 940.01 real, 87 MB
[runlim] sample:		950.00 time, 950.01 real, 87 MB
[runlim] sample:		959.99 time, 960.01 real, 87 MB
[runlim] sample:		969.99 time, 970.01 real, 88 MB
[runlim] sample:		979.99 time, 980.01 real, 94 MB
[runlim] sample:		989.99 time, 990.02 real, 106 MB
[runlim] sample:		999.99 time, 1000.01 real, 107 MB
[runlim] sample:		1009.99 time, 1010.01 real, 107 MB
[runlim] sample:		1019.99 time, 1020.01 real, 107 MB
[runlim] sample:		1029.99 time, 1030.01 real, 112 MB
[runlim] sample:		1039.99 time, 1040.01 real, 108 MB
[runlim] sample:		1049.99 time, 1050.01 real, 108 MB
[runlim] sample:		1059.99 time, 1060.01 real, 113 MB
[runlim] sample:		1069.99 time, 1070.02 real, 109 MB
[runlim] sample:		1079.99 time, 1080.01 real, 109 MB
[runlim] sample:		1089.99 time, 1090.01 real, 110 MB
[runlim] sample:		1099.99 time, 1100.02 real, 110 MB
[runlim] sample:		1109.99 time, 1110.01 real, 110 MB
[runlim] sample:		1119.99 time, 1120.01 real, 109 MB
[runlim] sample:		1129.99 time, 1130.01 real, 109 MB
[runlim] sample:		1139.99 time, 1140.01 real, 109 MB
[runlim] sample:		1149.99 time, 1150.01 real, 109 MB
[runlim] sample:		1160.00 time, 1160.01 real, 110 MB
[runlim] sample:		1170.00 time, 1170.01 real, 110 MB
[runlim] sample:		1180.00 time, 1180.01 real, 110 MB
[runlim] sample:		1189.99 time, 1190.01 real, 120 MB
[runlim] sample:		1199.99 time, 1200.01 real, 120 MB
[runlim] sample:		1209.99 time, 1210.01 real, 120 MB
[runlim] sample:		1219.99 time, 1220.01 real, 120 MB
[runlim] sample:		1229.99 time, 1230.02 real, 120 MB
[runlim] sample:		1239.99 time, 1240.01 real, 120 MB
[runlim] sample:		1249.99 time, 1250.01 real, 120 MB
[runlim] sample:		1259.99 time, 1260.01 real, 120 MB
[runlim] sample:		1269.99 time, 1270.01 real, 120 MB
[runlim] sample:		1279.99 time, 1280.01 real, 120 MB
[runlim] sample:		1289.99 time, 1290.01 real, 120 MB
[runlim] sample:		1299.99 time, 1300.01 real, 120 MB
[runlim] sample:		1309.99 time, 1310.01 real, 120 MB
[runlim] sample:		1319.99 time, 1320.01 real, 120 MB
[runlim] sample:		1329.99 time, 1330.01 real, 96 MB
[runlim] sample:		1339.99 time, 1340.02 real, 96 MB
[runlim] sample:		1349.99 time, 1350.01 real, 96 MB
[runlim] sample:		1359.99 time, 1360.01 real, 96 MB
[runlim] sample:		1369.99 time, 1370.01 real, 109 MB
[runlim] sample:		1379.99 time, 1380.01 real, 109 MB
[runlim] sample:		1389.99 time, 1390.01 real, 109 MB
[runlim] sample:		1399.99 time, 1400.02 real, 117 MB
[runlim] sample:		1409.99 time, 1410.01 real, 117 MB
[runlim] sample:		1419.99 time, 1420.01 real, 117 MB
[runlim] sample:		1429.99 time, 1430.01 real, 117 MB
[runlim] sample:		1439.99 time, 1440.01 real, 117 MB
[runlim] sample:		1449.99 time, 1450.01 real, 121 MB
[runlim] sample:		1459.99 time, 1460.01 real, 121 MB
[runlim] sample:		1469.99 time, 1470.01 real, 129 MB
[runlim] sample:		1479.99 time, 1480.01 real, 120 MB
[runlim] sample:		1489.99 time, 1490.01 real, 119 MB
[runlim] sample:		1499.99 time, 1500.01 real, 123 MB
[runlim] sample:		1509.99 time, 1510.01 real, 123 MB
[runlim] sample:		1519.99 time, 1520.01 real, 120 MB
[runlim] sample:		1529.99 time, 1530.01 real, 120 MB
[runlim] sample:		1539.99 time, 1540.01 real, 126 MB
[runlim] sample:		1549.99 time, 1550.01 real, 126 MB
[runlim] sample:		1559.99 time, 1560.01 real, 120 MB
[runlim] sample:		1569.99 time, 1570.01 real, 120 MB
[runlim] sample:		1579.99 time, 1580.01 real, 127 MB
[runlim] sample:		1589.99 time, 1590.01 real, 127 MB
[runlim] sample:		1599.99 time, 1600.01 real, 122 MB
[runlim] sample:		1609.99 time, 1610.01 real, 98 MB
[runlim] sample:		1619.99 time, 1620.01 real, 98 MB
[runlim] sample:		1629.99 time, 1630.01 real, 98 MB
[runlim] sample:		1639.99 time, 1640.01 real, 98 MB
[runlim] sample:		1649.99 time, 1650.01 real, 98 MB
[runlim] sample:		1659.99 time, 1660.01 real, 98 MB
[runlim] sample:		1669.98 time, 1670.01 real, 125 MB
[runlim] sample:		1679.99 time, 1680.01 real, 124 MB
[runlim] sample:		1689.99 time, 1690.01 real, 124 MB
[runlim] sample:		1699.99 time, 1700.01 real, 129 MB
[runlim] sample:		1709.99 time, 1710.01 real, 129 MB
[runlim] sample:		1719.99 time, 1720.01 real, 125 MB
[runlim] sample:		1729.98 time, 1730.01 real, 125 MB
[runlim] sample:		1739.98 time, 1740.01 real, 125 MB
[runlim] sample:		1749.98 time, 1750.01 real, 125 MB
[runlim] sample:		1759.99 time, 1760.01 real, 126 MB
[runlim] sample:		1769.99 time, 1770.01 real, 126 MB
[runlim] sample:		1779.99 time, 1780.01 real, 126 MB
[runlim] sample:		1789.98 time, 1790.01 real, 133 MB
[runlim] sample:		1799.98 time, 1800.01 real, 127 MB
[runlim] sample:		1809.99 time, 1810.01 real, 127 MB
[runlim] sample:		1819.99 time, 1820.01 real, 127 MB
[runlim] sample:		1829.98 time, 1830.01 real, 112 MB
[runlim] sample:		1839.98 time, 1840.01 real, 112 MB
[runlim] sample:		1849.99 time, 1850.02 real, 115 MB
[runlim] sample:		1859.99 time, 1860.01 real, 123 MB
[runlim] sample:		1869.99 time, 1870.01 real, 124 MB
[runlim] sample:		1879.99 time, 1880.01 real, 124 MB
[runlim] sample:		1889.99 time, 1890.01 real, 124 MB
[runlim] sample:		1899.99 time, 1900.01 real, 124 MB
[runlim] sample:		1909.99 time, 1910.01 real, 124 MB
[runlim] sample:		1919.99 time, 1920.01 real, 133 MB
[runlim] sample:		1929.99 time, 1930.01 real, 133 MB
[runlim] sample:		1939.99 time, 1940.02 real, 133 MB
[runlim] sample:		1949.99 time, 1950.01 real, 133 MB
[runlim] sample:		1959.99 time, 1960.01 real, 133 MB
[runlim] sample:		1969.99 time, 1970.01 real, 133 MB
[runlim] sample:		1979.99 time, 1980.01 real, 133 MB
[runlim] sample:		1989.99 time, 1990.01 real, 133 MB
[runlim] sample:		1999.98 time, 2000.01 real, 128 MB
[runlim] sample:		2009.98 time, 2010.01 real, 128 MB
[runlim] sample:		2019.98 time, 2020.01 real, 128 MB
[runlim] sample:		2029.98 time, 2030.01 real, 128 MB
[runlim] sample:		2039.99 time, 2040.01 real, 134 MB
[runlim] sample:		2049.99 time, 2050.01 real, 134 MB
[runlim] sample:		2059.99 time, 2060.01 real, 129 MB
[runlim] sample:		2069.98 time, 2070.01 real, 130 MB
[runlim] sample:		2079.98 time, 2080.01 real, 130 MB
[runlim] sample:		2089.98 time, 2090.01 real, 130 MB
[runlim] sample:		2099.99 time, 2100.01 real, 137 MB
[runlim] sample:		2109.99 time, 2110.01 real, 131 MB
[runlim] sample:		2119.99 time, 2120.01 real, 130 MB
[runlim] sample:		2129.99 time, 2130.01 real, 138 MB
[runlim] sample:		2139.99 time, 2140.01 real, 138 MB
[runlim] sample:		2149.99 time, 2150.01 real, 138 MB
[runlim] sample:		2159.99 time, 2160.02 real, 131 MB
[runlim] sample:		2169.99 time, 2170.01 real, 131 MB
[runlim] sample:		2179.99 time, 2180.01 real, 131 MB
[runlim] sample:		2189.99 time, 2190.01 real, 140 MB
[runlim] sample:		2199.98 time, 2200.02 real, 131 MB
[runlim] sample:		2209.98 time, 2210.01 real, 131 MB
[runlim] sample:		2219.98 time, 2220.02 real, 131 MB
[runlim] sample:		2229.98 time, 2230.01 real, 131 MB
[runlim] sample:		2239.98 time, 2240.01 real, 131 MB
[runlim] sample:		2249.98 time, 2250.01 real, 131 MB
[runlim] sample:		2259.99 time, 2260.01 real, 132 MB
[runlim] sample:		2269.98 time, 2270.01 real, 132 MB
[runlim] sample:		2279.99 time, 2280.01 real, 127 MB
[runlim] sample:		2289.99 time, 2290.01 real, 127 MB
[runlim] sample:		2299.99 time, 2300.02 real, 127 MB
[runlim] sample:		2309.99 time, 2310.01 real, 127 MB
[runlim] sample:		2319.99 time, 2320.01 real, 127 MB
[runlim] sample:		2329.99 time, 2330.01 real, 127 MB
[runlim] sample:		2339.99 time, 2340.01 real, 128 MB
[runlim] sample:		2349.99 time, 2350.01 real, 128 MB
[runlim] sample:		2359.99 time, 2360.01 real, 128 MB
[runlim] sample:		2369.99 time, 2370.01 real, 128 MB
[runlim] sample:		2379.99 time, 2380.02 real, 139 MB
[runlim] sample:		2389.98 time, 2390.01 real, 151 MB
[runlim] sample:		2399.98 time, 2400.01 real, 151 MB
[runlim] sample:		2409.98 time, 2410.01 real, 151 MB
[runlim] sample:		2419.98 time, 2420.01 real, 151 MB
[runlim] sample:		2429.98 time, 2430.01 real, 151 MB
[runlim] sample:		2439.98 time, 2440.01 real, 151 MB
[runlim] sample:		2449.98 time, 2450.01 real, 151 MB
[runlim] sample:		2459.98 time, 2460.01 real, 151 MB
[runlim] sample:		2469.98 time, 2470.01 real, 151 MB
[runlim] sample:		2479.98 time, 2480.01 real, 151 MB
[runlim] sample:		2489.98 time, 2490.01 real, 151 MB
[runlim] sample:		2499.98 time, 2500.01 real, 151 MB
[runlim] sample:		2509.98 time, 2510.01 real, 151 MB
[runlim] sample:		2519.98 time, 2520.01 real, 151 MB
[runlim] sample:		2529.98 time, 2530.01 real, 151 MB
[runlim] sample:		2539.98 time, 2540.01 real, 151 MB
[runlim] sample:		2549.98 time, 2550.01 real, 151 MB
[runlim] sample:		2559.98 time, 2560.01 real, 151 MB
[runlim] sample:		2569.98 time, 2570.01 real, 151 MB
[runlim] sample:		2579.98 time, 2580.01 real, 151 MB
[runlim] sample:		2589.98 time, 2590.01 real, 151 MB
[runlim] sample:		2599.98 time, 2600.01 real, 151 MB
[runlim] sample:		2609.98 time, 2610.01 real, 151 MB
[runlim] sample:		2619.98 time, 2620.01 real, 151 MB
[runlim] sample:		2629.98 time, 2630.01 real, 151 MB
[runlim] sample:		2639.98 time, 2640.01 real, 151 MB
[runlim] sample:		2649.98 time, 2650.01 real, 151 MB
[runlim] sample:		2659.98 time, 2660.01 real, 151 MB
[runlim] sample:		2669.99 time, 2670.01 real, 113 MB
[runlim] sample:		2679.99 time, 2680.01 real, 114 MB
[runlim] sample:		2689.99 time, 2690.01 real, 114 MB
[runlim] sample:		2699.99 time, 2700.01 real, 114 MB
[runlim] sample:		2709.99 time, 2710.01 real, 114 MB
[runlim] sample:		2719.99 time, 2720.01 real, 114 MB
[runlim] sample:		2729.98 time, 2730.02 real, 140 MB
[runlim] sample:		2739.98 time, 2740.01 real, 140 MB
[runlim] sample:		2749.98 time, 2750.02 real, 149 MB
[runlim] sample:		2759.99 time, 2760.01 real, 139 MB
[runlim] sample:		2769.99 time, 2770.01 real, 137 MB
[runlim] sample:		2779.98 time, 2780.02 real, 139 MB
[runlim] sample:		2789.98 time, 2790.01 real, 138 MB
[runlim] sample:		2799.98 time, 2800.01 real, 138 MB
[runlim] sample:		2809.98 time, 2810.01 real, 144 MB
[runlim] sample:		2819.98 time, 2820.01 real, 144 MB
[runlim] sample:		2829.98 time, 2830.01 real, 144 MB
[runlim] sample:		2839.98 time, 2840.01 real, 144 MB
[runlim] sample:		2849.98 time, 2850.01 real, 139 MB
[runlim] sample:		2859.98 time, 2860.01 real, 139 MB
[runlim] sample:		2869.98 time, 2870.01 real, 139 MB
[runlim] sample:		2879.98 time, 2880.01 real, 147 MB
[runlim] sample:		2889.98 time, 2890.02 real, 144 MB
[runlim] sample:		2899.98 time, 2900.01 real, 144 MB
[runlim] sample:		2909.98 time, 2910.01 real, 144 MB
[runlim] sample:		2919.98 time, 2920.01 real, 144 MB
[runlim] sample:		2929.98 time, 2930.01 real, 144 MB
[runlim] sample:		2939.98 time, 2940.01 real, 153 MB
[runlim] sample:		2949.98 time, 2950.01 real, 144 MB
[runlim] sample:		2959.98 time, 2960.01 real, 144 MB
[runlim] sample:		2969.98 time, 2970.01 real, 144 MB
[runlim] sample:		2979.98 time, 2980.01 real, 153 MB
[runlim] sample:		2989.98 time, 2990.01 real, 153 MB
[runlim] sample:		2999.98 time, 3000.01 real, 153 MB
[runlim] sample:		3009.98 time, 3010.01 real, 148 MB
[runlim] sample:		3019.98 time, 3020.01 real, 148 MB
[runlim] sample:		3029.98 time, 3030.01 real, 157 MB
[runlim] sample:		3039.98 time, 3040.01 real, 157 MB
[runlim] sample:		3049.98 time, 3050.01 real, 157 MB
[runlim] sample:		3059.98 time, 3060.01 real, 157 MB
[runlim] sample:		3069.98 time, 3070.01 real, 157 MB
[runlim] sample:		3079.98 time, 3080.01 real, 155 MB
[runlim] sample:		3089.98 time, 3090.02 real, 155 MB
[runlim] sample:		3099.98 time, 3100.01 real, 165 MB
[runlim] sample:		3109.98 time, 3110.01 real, 165 MB
[runlim] sample:		3119.98 time, 3120.01 real, 155 MB
[runlim] sample:		3129.98 time, 3130.01 real, 155 MB
[runlim] sample:		3139.98 time, 3140.01 real, 155 MB
[runlim] sample:		3149.98 time, 3150.01 real, 155 MB
[runlim] sample:		3159.98 time, 3160.01 real, 155 MB
[runlim] sample:		3169.98 time, 3170.01 real, 156 MB
[runlim] sample:		3179.98 time, 3180.01 real, 156 MB
[runlim] sample:		3189.98 time, 3190.01 real, 156 MB
[runlim] sample:		3199.98 time, 3200.01 real, 149 MB
[runlim] sample:		3209.99 time, 3210.01 real, 149 MB
[runlim] sample:		3219.98 time, 3220.01 real, 149 MB
[runlim] sample:		3229.98 time, 3230.01 real, 150 MB
[runlim] sample:		3239.98 time, 3240.01 real, 150 MB
[runlim] sample:		3249.98 time, 3250.01 real, 150 MB
[runlim] sample:		3259.98 time, 3260.02 real, 150 MB
[runlim] sample:		3269.98 time, 3270.01 real, 150 MB
[runlim] sample:		3279.98 time, 3280.02 real, 150 MB
[runlim] sample:		3289.98 time, 3290.01 real, 166 MB
[runlim] sample:		3299.98 time, 3300.01 real, 166 MB
[runlim] sample:		3309.98 time, 3310.01 real, 166 MB
[runlim] sample:		3319.98 time, 3320.01 real, 166 MB
[runlim] sample:		3329.98 time, 3330.01 real, 166 MB
[runlim] sample:		3339.98 time, 3340.01 real, 166 MB
[runlim] sample:		3349.98 time, 3350.01 real, 166 MB
[runlim] sample:		3359.98 time, 3360.01 real, 166 MB
[runlim] sample:		3369.98 time, 3370.01 real, 166 MB
[runlim] sample:		3379.98 time, 3380.01 real, 166 MB
[runlim] sample:		3389.98 time, 3390.01 real, 166 MB
[runlim] sample:		3399.98 time, 3400.01 real, 166 MB
[runlim] sample:		3409.98 time, 3410.01 real, 166 MB
[runlim] sample:		3419.98 time, 3420.01 real, 166 MB
[runlim] sample:		3429.98 time, 3430.02 real, 166 MB
[runlim] sample:		3439.98 time, 3440.01 real, 166 MB
[runlim] sample:		3449.98 time, 3450.01 real, 166 MB
[runlim] sample:		3459.98 time, 3460.02 real, 166 MB
[runlim] sample:		3469.98 time, 3470.01 real, 166 MB
[runlim] sample:		3479.98 time, 3480.01 real, 166 MB
[runlim] sample:		3489.98 time, 3490.01 real, 166 MB
[runlim] sample:		3499.98 time, 3500.01 real, 166 MB
[runlim] sample:		3509.98 time, 3510.01 real, 166 MB
[runlim] sample:		3519.98 time, 3520.01 real, 166 MB
[runlim] sample:		3529.98 time, 3530.01 real, 166 MB
[runlim] sample:		3539.98 time, 3540.01 real, 166 MB
[runlim] sample:		3549.98 time, 3550.01 real, 166 MB
[runlim] sample:		3559.98 time, 3560.01 real, 166 MB
[runlim] sample:		3569.98 time, 3570.01 real, 166 MB
[runlim] sample:		3579.98 time, 3580.01 real, 166 MB
[runlim] sample:		3589.98 time, 3590.01 real, 186 MB
[runlim] sample:		3599.98 time, 3600.01 real, 186 MB
[runlim] end:			Fri Oct 18 02:27:01 2019
[runlim] status:		out of time
[runlim] result:		2
[runlim] children:		2
[runlim] real:			3600.10 seconds
[runlim] time:			3599.98 seconds
[runlim] space:			186 MB
[runlim] samples:		36000
