[runlim] version:		1.17
[runlim] host:			c3n13
[runlim] time limit:		311040000 seconds
[runlim] real time limit:	3600 seconds
[runlim] space limit:		120000 MB
[runlim] argv[0]:		./run-btormc-master.sh
[runlim] argv[1]:		/tmp/hBNEN4so.btor2
[runlim] start:			Fri Oct 18 01:12:55 2019
[runlim] child:			3211
warning: unsupported tag 'output'
warning: unsupported tag 'output'
warning: unsupported tag 'output'
[runlim] sample:		10.00 time, 10.01 real, 14 MB
[runlim] sample:		20.00 time, 20.01 real, 17 MB
[runlim] end:			Fri Oct 18 01:13:20 2019
[runlim] status:		ok
[runlim] result:		0
[runlim] children:		2
[runlim] real:			24.43 seconds
[runlim] time:			24.40 seconds
[runlim] space:			20 MB
[runlim] samples:		244
