[runlim] version:		1.17
[runlim] host:			c3n14
[runlim] time limit:		311040000 seconds
[runlim] real time limit:	3600 seconds
[runlim] space limit:		120000 MB
[runlim] argv[0]:		./run-btormc-master.sh
[runlim] argv[1]:		/tmp/uHRRDLIn.btor
[runlim] start:			Fri Oct 18 03:04:31 2019
[runlim] child:			5460
[runlim] sample:		10.00 time, 10.02 real, 122 MB
[runlim] sample:		20.00 time, 20.01 real, 122 MB
[runlim] sample:		30.00 time, 30.01 real, 122 MB
[runlim] sample:		40.00 time, 40.01 real, 142 MB
[runlim] sample:		50.00 time, 50.01 real, 142 MB
[runlim] sample:		60.00 time, 60.01 real, 142 MB
[runlim] sample:		70.00 time, 70.01 real, 142 MB
[runlim] sample:		79.99 time, 80.01 real, 133 MB
[runlim] sample:		90.00 time, 90.01 real, 179 MB
[runlim] sample:		100.00 time, 100.01 real, 178 MB
[runlim] sample:		110.00 time, 110.01 real, 179 MB
[runlim] sample:		120.00 time, 120.01 real, 179 MB
[runlim] sample:		130.00 time, 130.01 real, 179 MB
[runlim] sample:		140.00 time, 140.01 real, 179 MB
[runlim] sample:		150.00 time, 150.01 real, 179 MB
[runlim] sample:		160.00 time, 160.01 real, 194 MB
[runlim] sample:		170.00 time, 170.01 real, 227 MB
[runlim] sample:		180.00 time, 180.01 real, 227 MB
[runlim] sample:		190.00 time, 190.01 real, 227 MB
[runlim] sample:		200.00 time, 200.01 real, 227 MB
[runlim] sample:		210.00 time, 210.01 real, 227 MB
[runlim] sample:		220.00 time, 220.01 real, 227 MB
[runlim] sample:		230.00 time, 230.01 real, 227 MB
[runlim] sample:		240.00 time, 240.01 real, 227 MB
[runlim] sample:		250.00 time, 250.01 real, 197 MB
[runlim] sample:		260.00 time, 260.01 real, 197 MB
[runlim] sample:		270.00 time, 270.01 real, 197 MB
[runlim] sample:		280.00 time, 280.01 real, 197 MB
[runlim] sample:		290.00 time, 290.01 real, 197 MB
[runlim] sample:		300.00 time, 300.01 real, 197 MB
[runlim] sample:		310.00 time, 310.01 real, 197 MB
[runlim] sample:		320.00 time, 320.01 real, 197 MB
[runlim] sample:		330.00 time, 330.01 real, 197 MB
[runlim] sample:		340.00 time, 340.01 real, 197 MB
[runlim] sample:		350.00 time, 350.01 real, 231 MB
[runlim] sample:		360.00 time, 360.01 real, 231 MB
[runlim] sample:		370.00 time, 370.01 real, 231 MB
[runlim] sample:		380.00 time, 380.01 real, 231 MB
[runlim] sample:		390.00 time, 390.01 real, 289 MB
[runlim] sample:		400.00 time, 400.01 real, 285 MB
[runlim] sample:		410.00 time, 410.01 real, 285 MB
[runlim] sample:		420.00 time, 420.01 real, 285 MB
[runlim] sample:		430.00 time, 430.01 real, 285 MB
[runlim] sample:		440.00 time, 440.01 real, 348 MB
[runlim] sample:		450.00 time, 450.01 real, 348 MB
[runlim] sample:		460.00 time, 460.01 real, 348 MB
[runlim] sample:		470.00 time, 470.01 real, 348 MB
[runlim] sample:		480.00 time, 480.01 real, 348 MB
[runlim] sample:		490.00 time, 490.01 real, 322 MB
[runlim] sample:		500.00 time, 500.01 real, 385 MB
[runlim] sample:		510.00 time, 510.01 real, 412 MB
[runlim] sample:		519.99 time, 520.01 real, 298 MB
[runlim] sample:		530.00 time, 530.01 real, 297 MB
[runlim] sample:		540.00 time, 540.01 real, 297 MB
[runlim] sample:		550.00 time, 550.01 real, 333 MB
[runlim] sample:		560.00 time, 560.01 real, 333 MB
[runlim] sample:		570.00 time, 570.01 real, 341 MB
[runlim] sample:		580.00 time, 580.01 real, 341 MB
[runlim] sample:		590.00 time, 590.01 real, 356 MB
[runlim] sample:		599.99 time, 600.01 real, 355 MB
[runlim] sample:		609.99 time, 610.01 real, 355 MB
[runlim] sample:		619.99 time, 620.01 real, 355 MB
[runlim] sample:		629.99 time, 630.01 real, 355 MB
[runlim] sample:		639.99 time, 640.01 real, 355 MB
[runlim] sample:		650.00 time, 650.01 real, 357 MB
[runlim] sample:		659.99 time, 660.01 real, 355 MB
[runlim] sample:		669.99 time, 670.01 real, 355 MB
[runlim] sample:		679.99 time, 680.01 real, 355 MB
[runlim] sample:		689.99 time, 690.01 real, 355 MB
[runlim] sample:		699.99 time, 700.01 real, 355 MB
[runlim] sample:		709.99 time, 710.01 real, 361 MB
[runlim] sample:		720.00 time, 720.01 real, 383 MB
[runlim] sample:		730.00 time, 730.01 real, 363 MB
[runlim] sample:		740.00 time, 740.01 real, 363 MB
[runlim] sample:		750.00 time, 750.01 real, 363 MB
[runlim] sample:		760.00 time, 760.01 real, 363 MB
[runlim] sample:		770.00 time, 770.01 real, 363 MB
[runlim] sample:		780.00 time, 780.01 real, 363 MB
[runlim] sample:		790.00 time, 790.01 real, 363 MB
[runlim] sample:		800.00 time, 800.01 real, 369 MB
[runlim] sample:		810.00 time, 810.01 real, 409 MB
[runlim] sample:		820.00 time, 820.01 real, 409 MB
[runlim] sample:		830.00 time, 830.01 real, 409 MB
[runlim] sample:		840.00 time, 840.01 real, 407 MB
[runlim] sample:		850.00 time, 850.01 real, 407 MB
[runlim] sample:		860.00 time, 860.01 real, 407 MB
[runlim] sample:		870.00 time, 870.01 real, 407 MB
[runlim] sample:		880.00 time, 880.01 real, 407 MB
[runlim] sample:		889.99 time, 890.01 real, 374 MB
[runlim] sample:		900.00 time, 900.01 real, 375 MB
[runlim] sample:		910.00 time, 910.01 real, 404 MB
[runlim] sample:		920.00 time, 920.01 real, 404 MB
[runlim] sample:		930.00 time, 930.01 real, 374 MB
[runlim] sample:		940.00 time, 940.01 real, 375 MB
[runlim] sample:		949.99 time, 950.01 real, 378 MB
[runlim] sample:		959.99 time, 960.01 real, 407 MB
[runlim] sample:		970.00 time, 970.01 real, 378 MB
[runlim] sample:		979.99 time, 980.01 real, 377 MB
[runlim] sample:		989.99 time, 990.01 real, 377 MB
[runlim] sample:		999.99 time, 1000.01 real, 377 MB
[runlim] sample:		1009.99 time, 1010.01 real, 377 MB
[runlim] sample:		1019.99 time, 1020.01 real, 377 MB
[runlim] sample:		1029.99 time, 1030.01 real, 377 MB
[runlim] sample:		1039.99 time, 1040.01 real, 377 MB
[runlim] sample:		1050.00 time, 1050.01 real, 378 MB
[runlim] sample:		1059.99 time, 1060.01 real, 380 MB
[runlim] sample:		1069.99 time, 1070.01 real, 381 MB
[runlim] sample:		1080.00 time, 1080.01 real, 315 MB
[runlim] sample:		1090.00 time, 1090.01 real, 366 MB
[runlim] sample:		1100.00 time, 1100.01 real, 384 MB
[runlim] sample:		1109.99 time, 1110.01 real, 362 MB
[runlim] sample:		1119.99 time, 1120.01 real, 362 MB
[runlim] sample:		1129.99 time, 1130.01 real, 362 MB
[runlim] sample:		1139.99 time, 1140.01 real, 362 MB
[runlim] sample:		1149.99 time, 1150.01 real, 362 MB
[runlim] sample:		1159.99 time, 1160.01 real, 362 MB
[runlim] sample:		1170.00 time, 1170.01 real, 386 MB
[runlim] sample:		1179.99 time, 1180.01 real, 363 MB
[runlim] sample:		1189.99 time, 1190.01 real, 363 MB
[runlim] sample:		1199.99 time, 1200.01 real, 363 MB
[runlim] sample:		1209.99 time, 1210.01 real, 363 MB
[runlim] sample:		1219.99 time, 1220.01 real, 363 MB
[runlim] sample:		1229.99 time, 1230.01 real, 363 MB
[runlim] sample:		1239.99 time, 1240.01 real, 363 MB
[runlim] sample:		1250.00 time, 1250.01 real, 405 MB
[runlim] sample:		1260.00 time, 1260.01 real, 406 MB
[runlim] sample:		1270.00 time, 1270.01 real, 444 MB
[runlim] sample:		1280.00 time, 1280.01 real, 346 MB
[runlim] sample:		1290.00 time, 1290.01 real, 345 MB
[runlim] sample:		1300.00 time, 1300.01 real, 345 MB
[runlim] sample:		1310.00 time, 1310.01 real, 344 MB
[runlim] sample:		1320.00 time, 1320.01 real, 344 MB
[runlim] sample:		1329.99 time, 1330.01 real, 393 MB
[runlim] sample:		1339.99 time, 1340.01 real, 393 MB
[runlim] sample:		1350.00 time, 1350.01 real, 393 MB
[runlim] sample:		1360.00 time, 1360.01 real, 393 MB
[runlim] sample:		1369.99 time, 1370.01 real, 393 MB
[runlim] sample:		1380.00 time, 1380.01 real, 393 MB
[runlim] sample:		1390.00 time, 1390.01 real, 370 MB
[runlim] sample:		1400.00 time, 1400.01 real, 371 MB
[runlim] sample:		1410.00 time, 1410.01 real, 370 MB
[runlim] sample:		1420.00 time, 1420.01 real, 369 MB
[runlim] sample:		1430.00 time, 1430.01 real, 369 MB
[runlim] sample:		1439.99 time, 1440.01 real, 370 MB
[runlim] sample:		1450.00 time, 1450.01 real, 344 MB
[runlim] sample:		1460.00 time, 1460.01 real, 385 MB
[runlim] sample:		1470.00 time, 1470.01 real, 364 MB
[runlim] sample:		1480.00 time, 1480.01 real, 363 MB
[runlim] sample:		1490.00 time, 1490.01 real, 364 MB
[runlim] sample:		1500.00 time, 1500.01 real, 364 MB
[runlim] sample:		1510.00 time, 1510.01 real, 365 MB
[runlim] sample:		1520.00 time, 1520.01 real, 368 MB
[runlim] sample:		1529.99 time, 1530.01 real, 365 MB
[runlim] sample:		1540.00 time, 1540.01 real, 387 MB
[runlim] sample:		1550.00 time, 1550.01 real, 401 MB
[runlim] sample:		1560.00 time, 1560.01 real, 366 MB
[runlim] sample:		1570.00 time, 1570.01 real, 366 MB
[runlim] sample:		1579.99 time, 1580.01 real, 372 MB
[runlim] sample:		1589.99 time, 1590.01 real, 368 MB
[runlim] sample:		1600.00 time, 1600.01 real, 369 MB
[runlim] sample:		1610.00 time, 1610.01 real, 365 MB
[runlim] sample:		1620.00 time, 1620.01 real, 367 MB
[runlim] sample:		1630.00 time, 1630.01 real, 367 MB
[runlim] sample:		1640.00 time, 1640.01 real, 368 MB
[runlim] sample:		1650.00 time, 1650.01 real, 367 MB
[runlim] sample:		1660.00 time, 1660.01 real, 367 MB
[runlim] sample:		1670.00 time, 1670.01 real, 366 MB
[runlim] sample:		1680.00 time, 1680.01 real, 366 MB
[runlim] sample:		1690.00 time, 1690.01 real, 366 MB
[runlim] sample:		1700.00 time, 1700.01 real, 366 MB
[runlim] sample:		1710.00 time, 1710.01 real, 367 MB
[runlim] sample:		1720.00 time, 1720.01 real, 370 MB
[runlim] sample:		1730.00 time, 1730.01 real, 366 MB
[runlim] sample:		1740.00 time, 1740.01 real, 367 MB
[runlim] sample:		1750.00 time, 1750.01 real, 368 MB
[runlim] sample:		1760.00 time, 1760.01 real, 367 MB
[runlim] sample:		1770.00 time, 1770.01 real, 366 MB
[runlim] sample:		1779.99 time, 1780.01 real, 368 MB
[runlim] sample:		1790.00 time, 1790.01 real, 366 MB
[runlim] sample:		1800.00 time, 1800.01 real, 366 MB
[runlim] sample:		1809.99 time, 1810.01 real, 374 MB
[runlim] sample:		1819.99 time, 1820.01 real, 403 MB
[runlim] sample:		1830.00 time, 1830.01 real, 390 MB
[runlim] sample:		1840.00 time, 1840.01 real, 372 MB
[runlim] sample:		1850.00 time, 1850.01 real, 372 MB
[runlim] sample:		1860.00 time, 1860.01 real, 372 MB
[runlim] sample:		1870.00 time, 1870.01 real, 365 MB
[runlim] sample:		1879.99 time, 1880.01 real, 366 MB
[runlim] sample:		1890.00 time, 1890.01 real, 366 MB
[runlim] sample:		1900.00 time, 1900.01 real, 366 MB
[runlim] sample:		1910.00 time, 1910.01 real, 368 MB
[runlim] sample:		1920.00 time, 1920.01 real, 366 MB
[runlim] sample:		1930.00 time, 1930.01 real, 368 MB
[runlim] sample:		1939.99 time, 1940.01 real, 368 MB
[runlim] sample:		1950.00 time, 1950.01 real, 364 MB
[runlim] sample:		1960.00 time, 1960.01 real, 358 MB
[runlim] sample:		1970.00 time, 1970.01 real, 359 MB
[runlim] sample:		1979.99 time, 1980.01 real, 368 MB
[runlim] sample:		1989.99 time, 1990.01 real, 360 MB
[runlim] sample:		2000.00 time, 2000.01 real, 363 MB
[runlim] sample:		2010.00 time, 2010.01 real, 361 MB
[runlim] sample:		2019.99 time, 2020.01 real, 360 MB
[runlim] sample:		2029.99 time, 2030.01 real, 364 MB
[runlim] sample:		2039.99 time, 2040.01 real, 361 MB
[runlim] sample:		2049.99 time, 2050.01 real, 362 MB
[runlim] sample:		2060.00 time, 2060.01 real, 382 MB
[runlim] sample:		2070.00 time, 2070.01 real, 386 MB
[runlim] sample:		2080.00 time, 2080.01 real, 383 MB
[runlim] sample:		2090.00 time, 2090.01 real, 382 MB
[runlim] sample:		2100.00 time, 2100.01 real, 385 MB
[runlim] sample:		2110.00 time, 2110.01 real, 382 MB
[runlim] sample:		2119.99 time, 2120.01 real, 382 MB
[runlim] sample:		2130.00 time, 2130.01 real, 386 MB
[runlim] sample:		2140.00 time, 2140.01 real, 382 MB
[runlim] sample:		2150.00 time, 2150.01 real, 382 MB
[runlim] sample:		2160.00 time, 2160.01 real, 381 MB
[runlim] sample:		2170.00 time, 2170.01 real, 384 MB
[runlim] sample:		2180.00 time, 2180.01 real, 388 MB
[runlim] sample:		2190.00 time, 2190.01 real, 386 MB
[runlim] sample:		2200.00 time, 2200.01 real, 382 MB
[runlim] sample:		2209.99 time, 2210.01 real, 385 MB
[runlim] sample:		2220.00 time, 2220.01 real, 388 MB
[runlim] sample:		2230.00 time, 2230.01 real, 382 MB
[runlim] sample:		2240.00 time, 2240.01 real, 383 MB
[runlim] sample:		2250.00 time, 2250.01 real, 386 MB
[runlim] sample:		2260.00 time, 2260.01 real, 385 MB
[runlim] sample:		2270.00 time, 2270.01 real, 383 MB
[runlim] sample:		2280.00 time, 2280.01 real, 386 MB
[runlim] sample:		2290.00 time, 2290.01 real, 389 MB
[runlim] sample:		2300.00 time, 2300.01 real, 389 MB
[runlim] sample:		2310.00 time, 2310.01 real, 384 MB
[runlim] sample:		2319.99 time, 2320.01 real, 383 MB
[runlim] sample:		2330.00 time, 2330.01 real, 387 MB
[runlim] sample:		2340.00 time, 2340.01 real, 394 MB
[runlim] sample:		2350.00 time, 2350.01 real, 384 MB
[runlim] sample:		2360.00 time, 2360.01 real, 384 MB
[runlim] sample:		2370.00 time, 2370.01 real, 387 MB
[runlim] sample:		2380.00 time, 2380.01 real, 384 MB
[runlim] sample:		2389.99 time, 2390.01 real, 387 MB
[runlim] sample:		2399.99 time, 2400.01 real, 384 MB
[runlim] sample:		2409.99 time, 2410.01 real, 387 MB
[runlim] sample:		2420.00 time, 2420.01 real, 387 MB
[runlim] sample:		2430.00 time, 2430.01 real, 392 MB
[runlim] sample:		2439.99 time, 2440.01 real, 387 MB
[runlim] sample:		2449.99 time, 2450.01 real, 387 MB
[runlim] sample:		2460.00 time, 2460.01 real, 390 MB
[runlim] sample:		2469.99 time, 2470.01 real, 397 MB
[runlim] sample:		2479.99 time, 2480.01 real, 387 MB
[runlim] sample:		2489.99 time, 2490.01 real, 391 MB
[runlim] sample:		2499.99 time, 2500.01 real, 387 MB
[runlim] sample:		2510.00 time, 2510.01 real, 386 MB
[runlim] sample:		2520.00 time, 2520.01 real, 388 MB
[runlim] sample:		2530.00 time, 2530.01 real, 386 MB
[runlim] sample:		2540.00 time, 2540.01 real, 386 MB
[runlim] sample:		2550.00 time, 2550.01 real, 386 MB
[runlim] sample:		2560.00 time, 2560.01 real, 386 MB
[runlim] sample:		2569.99 time, 2570.01 real, 386 MB
[runlim] sample:		2580.00 time, 2580.01 real, 417 MB
[runlim] sample:		2590.00 time, 2590.01 real, 386 MB
[runlim] sample:		2599.99 time, 2600.01 real, 389 MB
[runlim] sample:		2609.99 time, 2610.01 real, 386 MB
[runlim] sample:		2619.99 time, 2620.01 real, 386 MB
[runlim] sample:		2630.00 time, 2630.01 real, 386 MB
[runlim] sample:		2640.00 time, 2640.01 real, 389 MB
[runlim] sample:		2650.00 time, 2650.01 real, 386 MB
[runlim] sample:		2660.00 time, 2660.01 real, 390 MB
[runlim] sample:		2670.00 time, 2670.01 real, 386 MB
[runlim] sample:		2680.00 time, 2680.01 real, 386 MB
[runlim] sample:		2689.99 time, 2690.01 real, 386 MB
[runlim] sample:		2699.99 time, 2700.01 real, 386 MB
[runlim] sample:		2709.99 time, 2710.01 real, 385 MB
[runlim] sample:		2720.00 time, 2720.01 real, 388 MB
[runlim] sample:		2729.99 time, 2730.01 real, 386 MB
[runlim] sample:		2739.99 time, 2740.01 real, 389 MB
[runlim] sample:		2749.99 time, 2750.01 real, 388 MB
[runlim] sample:		2759.99 time, 2760.01 real, 390 MB
[runlim] sample:		2769.99 time, 2770.01 real, 390 MB
[runlim] sample:		2779.99 time, 2780.01 real, 383 MB
[runlim] sample:		2789.99 time, 2790.01 real, 384 MB
[runlim] sample:		2799.99 time, 2800.01 real, 387 MB
[runlim] sample:		2809.99 time, 2810.01 real, 387 MB
[runlim] sample:		2819.99 time, 2820.01 real, 384 MB
[runlim] sample:		2829.99 time, 2830.01 real, 387 MB
[runlim] sample:		2839.99 time, 2840.01 real, 384 MB
[runlim] sample:		2849.99 time, 2850.01 real, 387 MB
[runlim] sample:		2859.99 time, 2860.01 real, 387 MB
[runlim] sample:		2869.99 time, 2870.01 real, 390 MB
[runlim] sample:		2879.99 time, 2880.01 real, 384 MB
[runlim] sample:		2889.99 time, 2890.01 real, 396 MB
[runlim] sample:		2899.99 time, 2900.01 real, 392 MB
[runlim] sample:		2910.00 time, 2910.01 real, 399 MB
[runlim] sample:		2920.00 time, 2920.01 real, 388 MB
[runlim] sample:		2930.00 time, 2930.01 real, 403 MB
[runlim] sample:		2939.99 time, 2940.01 real, 392 MB
[runlim] sample:		2950.00 time, 2950.01 real, 413 MB
[runlim] sample:		2960.00 time, 2960.01 real, 394 MB
[runlim] sample:		2970.00 time, 2970.01 real, 406 MB
[runlim] sample:		2980.00 time, 2980.01 real, 391 MB
[runlim] sample:		2989.99 time, 2990.01 real, 386 MB
[runlim] sample:		3000.00 time, 3000.01 real, 395 MB
[runlim] sample:		3010.00 time, 3010.01 real, 386 MB
[runlim] sample:		3020.00 time, 3020.01 real, 396 MB
[runlim] sample:		3030.00 time, 3030.01 real, 396 MB
[runlim] sample:		3040.00 time, 3040.01 real, 393 MB
[runlim] sample:		3050.00 time, 3050.01 real, 405 MB
[runlim] sample:		3060.00 time, 3060.01 real, 389 MB
[runlim] sample:		3070.00 time, 3070.01 real, 397 MB
[runlim] sample:		3080.00 time, 3080.01 real, 391 MB
[runlim] sample:		3089.99 time, 3090.01 real, 397 MB
[runlim] sample:		3100.00 time, 3100.01 real, 436 MB
[runlim] sample:		3110.00 time, 3110.01 real, 398 MB
[runlim] sample:		3120.00 time, 3120.01 real, 386 MB
[runlim] sample:		3129.99 time, 3130.01 real, 401 MB
[runlim] sample:		3140.00 time, 3140.01 real, 388 MB
[runlim] sample:		3149.99 time, 3150.01 real, 401 MB
[runlim] sample:		3160.00 time, 3160.01 real, 387 MB
[runlim] sample:		3169.99 time, 3170.01 real, 394 MB
[runlim] sample:		3180.00 time, 3180.01 real, 393 MB
[runlim] sample:		3190.00 time, 3190.01 real, 393 MB
[runlim] sample:		3200.00 time, 3200.01 real, 393 MB
[runlim] sample:		3210.00 time, 3210.01 real, 397 MB
[runlim] sample:		3220.00 time, 3220.01 real, 390 MB
[runlim] sample:		3229.99 time, 3230.01 real, 388 MB
[runlim] sample:		3240.00 time, 3240.01 real, 409 MB
[runlim] sample:		3250.00 time, 3250.01 real, 391 MB
[runlim] sample:		3260.00 time, 3260.01 real, 395 MB
[runlim] sample:		3269.99 time, 3270.01 real, 387 MB
[runlim] sample:		3279.99 time, 3280.01 real, 395 MB
[runlim] sample:		3290.00 time, 3290.01 real, 389 MB
[runlim] sample:		3300.00 time, 3300.01 real, 392 MB
[runlim] sample:		3310.00 time, 3310.01 real, 398 MB
[runlim] sample:		3319.99 time, 3320.01 real, 390 MB
[runlim] sample:		3330.00 time, 3330.01 real, 408 MB
[runlim] sample:		3339.99 time, 3340.01 real, 392 MB
[runlim] sample:		3350.00 time, 3350.01 real, 402 MB
[runlim] sample:		3359.99 time, 3360.01 real, 390 MB
[runlim] sample:		3370.00 time, 3370.01 real, 408 MB
[runlim] sample:		3379.99 time, 3380.01 real, 388 MB
[runlim] sample:		3390.00 time, 3390.01 real, 391 MB
[runlim] sample:		3400.00 time, 3400.01 real, 389 MB
[runlim] sample:		3409.99 time, 3410.01 real, 396 MB
[runlim] sample:		3420.00 time, 3420.01 real, 388 MB
[runlim] sample:		3430.00 time, 3430.01 real, 399 MB
[runlim] sample:		3439.99 time, 3440.01 real, 389 MB
[runlim] sample:		3450.00 time, 3450.01 real, 392 MB
[runlim] sample:		3459.99 time, 3460.01 real, 394 MB
[runlim] sample:		3470.00 time, 3470.01 real, 389 MB
[runlim] sample:		3479.99 time, 3480.01 real, 399 MB
[runlim] sample:		3489.99 time, 3490.01 real, 387 MB
[runlim] sample:		3499.99 time, 3500.01 real, 390 MB
[runlim] sample:		3510.00 time, 3510.01 real, 397 MB
[runlim] sample:		3520.00 time, 3520.01 real, 388 MB
[runlim] sample:		3530.00 time, 3530.01 real, 395 MB
[runlim] sample:		3539.99 time, 3540.01 real, 388 MB
[runlim] sample:		3549.99 time, 3550.01 real, 397 MB
[runlim] sample:		3559.99 time, 3560.01 real, 389 MB
[runlim] sample:		3570.00 time, 3570.01 real, 392 MB
[runlim] sample:		3579.99 time, 3580.01 real, 387 MB
[runlim] sample:		3590.00 time, 3590.01 real, 396 MB
[runlim] sample:		3600.00 time, 3600.01 real, 388 MB
[runlim] end:			Fri Oct 18 04:04:31 2019
[runlim] status:		out of time
[runlim] result:		2
[runlim] children:		2
[runlim] real:			3600.10 seconds
[runlim] time:			3600.00 seconds
[runlim] space:			497 MB
[runlim] samples:		36000
