[runlim] version:		1.17
[runlim] host:			c3n22
[runlim] time limit:		311040000 seconds
[runlim] real time limit:	3600 seconds
[runlim] space limit:		120000 MB
[runlim] argv[0]:		./run-btormc-master.sh
[runlim] argv[1]:		/tmp/1SWzD9dG.btor
[runlim] start:			Fri Oct 18 04:34:53 2019
[runlim] child:			15832
[runlim] sample:		10.00 time, 10.01 real, 189 MB
[runlim] sample:		20.00 time, 20.01 real, 273 MB
[runlim] sample:		30.00 time, 30.01 real, 375 MB
[runlim] sample:		40.00 time, 40.01 real, 442 MB
[runlim] sample:		49.99 time, 50.01 real, 668 MB
[runlim] sample:		60.00 time, 60.01 real, 781 MB
[runlim] sample:		70.00 time, 70.01 real, 937 MB
[runlim] sample:		80.00 time, 80.01 real, 1116 MB
[runlim] sample:		90.00 time, 90.01 real, 1013 MB
[runlim] end:			Fri Oct 18 04:36:23 2019
[runlim] status:		ok
[runlim] result:		0
[runlim] children:		2
[runlim] real:			90.23 seconds
[runlim] time:			90.20 seconds
[runlim] space:			1158 MB
[runlim] samples:		902
