[runlim] version:		1.17
[runlim] host:			c3n23
[runlim] time limit:		311040000 seconds
[runlim] real time limit:	3600 seconds
[runlim] space limit:		120000 MB
[runlim] argv[0]:		./run-btormc-master.sh
[runlim] argv[1]:		/tmp/y5opPiZh.btor
[runlim] start:			Fri Oct 18 03:45:14 2019
[runlim] child:			9456
[runlim] sample:		10.00 time, 10.02 real, 65 MB
[runlim] sample:		20.00 time, 20.01 real, 78 MB
[runlim] sample:		30.00 time, 30.02 real, 89 MB
[runlim] sample:		40.00 time, 40.01 real, 91 MB
[runlim] sample:		50.00 time, 50.01 real, 98 MB
[runlim] sample:		60.00 time, 60.01 real, 105 MB
[runlim] sample:		70.00 time, 70.01 real, 105 MB
[runlim] sample:		80.00 time, 80.02 real, 99 MB
[runlim] sample:		90.00 time, 90.01 real, 110 MB
[runlim] sample:		100.00 time, 100.01 real, 112 MB
[runlim] sample:		110.00 time, 110.02 real, 115 MB
[runlim] sample:		120.00 time, 120.02 real, 116 MB
[runlim] sample:		130.00 time, 130.01 real, 116 MB
[runlim] sample:		140.00 time, 140.01 real, 116 MB
[runlim] sample:		149.99 time, 150.01 real, 123 MB
[runlim] sample:		160.00 time, 160.01 real, 123 MB
[runlim] sample:		170.00 time, 170.01 real, 123 MB
[runlim] sample:		180.00 time, 180.02 real, 131 MB
[runlim] sample:		190.00 time, 190.01 real, 131 MB
[runlim] sample:		200.00 time, 200.02 real, 125 MB
[runlim] sample:		210.00 time, 210.01 real, 137 MB
[runlim] sample:		220.00 time, 220.01 real, 137 MB
[runlim] sample:		230.00 time, 230.01 real, 137 MB
[runlim] sample:		240.00 time, 240.01 real, 137 MB
[runlim] sample:		250.00 time, 250.02 real, 137 MB
[runlim] sample:		260.00 time, 260.02 real, 141 MB
[runlim] sample:		269.99 time, 270.02 real, 140 MB
[runlim] sample:		279.99 time, 280.01 real, 140 MB
[runlim] sample:		290.00 time, 290.01 real, 144 MB
[runlim] sample:		300.00 time, 300.01 real, 147 MB
[runlim] sample:		310.00 time, 310.02 real, 148 MB
[runlim] sample:		320.00 time, 320.01 real, 148 MB
[runlim] sample:		329.99 time, 330.02 real, 149 MB
[runlim] sample:		340.00 time, 340.01 real, 148 MB
[runlim] sample:		350.00 time, 350.01 real, 153 MB
[runlim] sample:		360.00 time, 360.01 real, 153 MB
[runlim] sample:		370.00 time, 370.02 real, 153 MB
[runlim] sample:		379.99 time, 380.01 real, 151 MB
[runlim] sample:		390.00 time, 390.02 real, 152 MB
[runlim] sample:		399.99 time, 400.01 real, 152 MB
[runlim] sample:		409.99 time, 410.01 real, 152 MB
[runlim] sample:		420.00 time, 420.01 real, 153 MB
[runlim] sample:		430.00 time, 430.01 real, 153 MB
[runlim] sample:		440.00 time, 440.02 real, 153 MB
[runlim] sample:		450.00 time, 450.02 real, 153 MB
[runlim] sample:		460.00 time, 460.01 real, 153 MB
[runlim] sample:		470.00 time, 470.02 real, 162 MB
[runlim] sample:		479.99 time, 480.02 real, 147 MB
[runlim] sample:		490.00 time, 490.01 real, 162 MB
[runlim] sample:		500.00 time, 500.01 real, 162 MB
[runlim] sample:		510.00 time, 510.01 real, 162 MB
[runlim] sample:		520.00 time, 520.01 real, 162 MB
[runlim] sample:		530.00 time, 530.01 real, 162 MB
[runlim] sample:		540.00 time, 540.01 real, 162 MB
[runlim] sample:		549.99 time, 550.02 real, 163 MB
[runlim] sample:		560.00 time, 560.01 real, 163 MB
[runlim] sample:		570.00 time, 570.02 real, 163 MB
[runlim] sample:		580.00 time, 580.01 real, 163 MB
[runlim] sample:		590.00 time, 590.02 real, 163 MB
[runlim] sample:		599.99 time, 600.01 real, 165 MB
[runlim] sample:		609.99 time, 610.01 real, 165 MB
[runlim] sample:		619.99 time, 620.01 real, 165 MB
[runlim] sample:		629.99 time, 630.02 real, 165 MB
[runlim] sample:		639.99 time, 640.02 real, 165 MB
[runlim] sample:		649.99 time, 650.01 real, 165 MB
[runlim] sample:		659.99 time, 660.02 real, 165 MB
[runlim] sample:		669.99 time, 670.01 real, 165 MB
[runlim] sample:		680.00 time, 680.02 real, 172 MB
[runlim] sample:		689.99 time, 690.01 real, 171 MB
[runlim] sample:		699.99 time, 700.02 real, 171 MB
[runlim] sample:		709.99 time, 710.02 real, 171 MB
[runlim] sample:		719.99 time, 720.02 real, 176 MB
[runlim] sample:		729.99 time, 730.02 real, 179 MB
[runlim] sample:		739.99 time, 740.01 real, 179 MB
[runlim] sample:		749.99 time, 750.01 real, 179 MB
[runlim] sample:		759.99 time, 760.02 real, 179 MB
[runlim] sample:		769.99 time, 770.02 real, 179 MB
[runlim] sample:		779.99 time, 780.02 real, 179 MB
[runlim] sample:		789.99 time, 790.02 real, 179 MB
[runlim] sample:		799.99 time, 800.02 real, 179 MB
[runlim] sample:		809.99 time, 810.02 real, 179 MB
[runlim] sample:		819.99 time, 820.02 real, 179 MB
[runlim] sample:		829.99 time, 830.01 real, 179 MB
[runlim] sample:		839.99 time, 840.01 real, 179 MB
[runlim] sample:		849.99 time, 850.02 real, 179 MB
[runlim] sample:		859.99 time, 860.02 real, 179 MB
[runlim] sample:		869.99 time, 870.02 real, 179 MB
[runlim] sample:		879.99 time, 880.01 real, 199 MB
[runlim] sample:		889.99 time, 890.02 real, 198 MB
[runlim] sample:		899.99 time, 900.01 real, 197 MB
[runlim] sample:		910.00 time, 910.01 real, 197 MB
[runlim] sample:		920.00 time, 920.01 real, 197 MB
[runlim] sample:		930.00 time, 930.02 real, 202 MB
[runlim] sample:		940.00 time, 940.01 real, 199 MB
[runlim] sample:		950.00 time, 950.02 real, 199 MB
[runlim] sample:		960.00 time, 960.02 real, 199 MB
[runlim] sample:		970.00 time, 970.02 real, 199 MB
[runlim] sample:		980.00 time, 980.02 real, 199 MB
[runlim] sample:		990.00 time, 990.02 real, 199 MB
[runlim] sample:		1000.00 time, 1000.02 real, 199 MB
[runlim] sample:		1010.00 time, 1010.02 real, 199 MB
[runlim] sample:		1020.00 time, 1020.01 real, 199 MB
[runlim] sample:		1030.00 time, 1030.01 real, 199 MB
[runlim] sample:		1040.00 time, 1040.02 real, 199 MB
[runlim] sample:		1050.00 time, 1050.02 real, 199 MB
[runlim] sample:		1060.00 time, 1060.02 real, 199 MB
[runlim] sample:		1070.00 time, 1070.02 real, 203 MB
[runlim] sample:		1080.00 time, 1080.02 real, 204 MB
[runlim] sample:		1090.00 time, 1090.02 real, 204 MB
[runlim] sample:		1100.00 time, 1100.02 real, 204 MB
[runlim] sample:		1110.00 time, 1110.02 real, 204 MB
[runlim] sample:		1120.00 time, 1120.01 real, 204 MB
[runlim] sample:		1130.00 time, 1130.01 real, 204 MB
[runlim] sample:		1140.00 time, 1140.01 real, 204 MB
[runlim] sample:		1150.00 time, 1150.02 real, 204 MB
[runlim] sample:		1160.00 time, 1160.02 real, 204 MB
[runlim] sample:		1170.00 time, 1170.02 real, 204 MB
[runlim] sample:		1180.00 time, 1180.02 real, 204 MB
[runlim] sample:		1190.00 time, 1190.02 real, 204 MB
[runlim] sample:		1200.00 time, 1200.02 real, 204 MB
[runlim] sample:		1210.00 time, 1210.02 real, 204 MB
[runlim] sample:		1220.00 time, 1220.01 real, 204 MB
[runlim] sample:		1230.00 time, 1230.02 real, 206 MB
[runlim] sample:		1239.99 time, 1240.02 real, 206 MB
[runlim] sample:		1249.99 time, 1250.01 real, 206 MB
[runlim] sample:		1259.99 time, 1260.02 real, 206 MB
[runlim] sample:		1269.99 time, 1270.02 real, 206 MB
[runlim] sample:		1279.99 time, 1280.02 real, 207 MB
[runlim] sample:		1289.99 time, 1290.02 real, 207 MB
[runlim] sample:		1299.99 time, 1300.01 real, 207 MB
[runlim] sample:		1309.99 time, 1310.01 real, 207 MB
[runlim] sample:		1319.99 time, 1320.02 real, 207 MB
[runlim] sample:		1329.99 time, 1330.02 real, 207 MB
[runlim] sample:		1339.99 time, 1340.02 real, 207 MB
[runlim] sample:		1349.99 time, 1350.02 real, 207 MB
[runlim] sample:		1359.99 time, 1360.02 real, 207 MB
[runlim] sample:		1369.99 time, 1370.02 real, 207 MB
[runlim] sample:		1379.99 time, 1380.02 real, 207 MB
[runlim] sample:		1389.99 time, 1390.02 real, 207 MB
[runlim] sample:		1399.99 time, 1400.02 real, 207 MB
[runlim] sample:		1409.99 time, 1410.02 real, 207 MB
[runlim] sample:		1419.99 time, 1420.01 real, 207 MB
[runlim] sample:		1429.99 time, 1430.02 real, 207 MB
[runlim] sample:		1439.99 time, 1440.01 real, 207 MB
[runlim] sample:		1449.99 time, 1450.02 real, 207 MB
[runlim] sample:		1459.99 time, 1460.02 real, 223 MB
[runlim] sample:		1469.99 time, 1470.01 real, 220 MB
[runlim] sample:		1479.99 time, 1480.02 real, 205 MB
[runlim] sample:		1490.00 time, 1490.01 real, 210 MB
[runlim] sample:		1500.00 time, 1500.01 real, 212 MB
[runlim] sample:		1509.99 time, 1510.02 real, 217 MB
[runlim] sample:		1520.00 time, 1520.01 real, 216 MB
[runlim] sample:		1530.00 time, 1530.01 real, 216 MB
[runlim] sample:		1540.00 time, 1540.01 real, 216 MB
[runlim] sample:		1550.00 time, 1550.02 real, 216 MB
[runlim] sample:		1560.00 time, 1560.02 real, 216 MB
[runlim] sample:		1570.00 time, 1570.02 real, 216 MB
[runlim] sample:		1580.00 time, 1580.02 real, 216 MB
[runlim] sample:		1590.00 time, 1590.02 real, 216 MB
[runlim] sample:		1600.00 time, 1600.01 real, 217 MB
[runlim] sample:		1610.00 time, 1610.01 real, 217 MB
[runlim] sample:		1619.99 time, 1620.01 real, 217 MB
[runlim] sample:		1630.00 time, 1630.01 real, 221 MB
[runlim] sample:		1640.00 time, 1640.01 real, 221 MB
[runlim] sample:		1650.00 time, 1650.02 real, 221 MB
[runlim] sample:		1660.00 time, 1660.02 real, 221 MB
[runlim] sample:		1670.00 time, 1670.02 real, 221 MB
[runlim] sample:		1680.00 time, 1680.01 real, 221 MB
[runlim] sample:		1690.00 time, 1690.02 real, 221 MB
[runlim] sample:		1700.00 time, 1700.02 real, 221 MB
[runlim] sample:		1710.00 time, 1710.01 real, 221 MB
[runlim] sample:		1720.00 time, 1720.01 real, 221 MB
[runlim] sample:		1730.00 time, 1730.01 real, 221 MB
[runlim] sample:		1740.00 time, 1740.01 real, 221 MB
[runlim] sample:		1750.00 time, 1750.02 real, 221 MB
[runlim] sample:		1760.00 time, 1760.02 real, 221 MB
[runlim] sample:		1769.99 time, 1770.01 real, 236 MB
[runlim] sample:		1779.99 time, 1780.01 real, 232 MB
[runlim] sample:		1789.99 time, 1790.01 real, 230 MB
[runlim] sample:		1800.00 time, 1800.01 real, 228 MB
[runlim] sample:		1810.00 time, 1810.01 real, 228 MB
[runlim] sample:		1820.00 time, 1820.01 real, 228 MB
[runlim] sample:		1830.00 time, 1830.02 real, 233 MB
[runlim] sample:		1840.00 time, 1840.02 real, 233 MB
[runlim] sample:		1850.00 time, 1850.02 real, 233 MB
[runlim] sample:		1860.00 time, 1860.01 real, 233 MB
[runlim] sample:		1870.00 time, 1870.02 real, 233 MB
[runlim] sample:		1880.00 time, 1880.02 real, 233 MB
[runlim] sample:		1890.00 time, 1890.02 real, 233 MB
[runlim] sample:		1900.00 time, 1900.02 real, 233 MB
[runlim] sample:		1910.00 time, 1910.02 real, 233 MB
[runlim] sample:		1920.00 time, 1920.01 real, 233 MB
[runlim] sample:		1930.00 time, 1930.02 real, 233 MB
[runlim] sample:		1940.00 time, 1940.02 real, 233 MB
[runlim] sample:		1950.00 time, 1950.02 real, 233 MB
[runlim] sample:		1960.00 time, 1960.02 real, 233 MB
[runlim] sample:		1970.00 time, 1970.02 real, 233 MB
[runlim] sample:		1980.00 time, 1980.02 real, 233 MB
[runlim] sample:		1989.99 time, 1990.02 real, 241 MB
[runlim] sample:		1999.99 time, 2000.02 real, 241 MB
[runlim] sample:		2009.99 time, 2010.02 real, 241 MB
[runlim] sample:		2019.99 time, 2020.02 real, 241 MB
[runlim] sample:		2029.99 time, 2030.01 real, 241 MB
[runlim] sample:		2039.99 time, 2040.02 real, 241 MB
[runlim] sample:		2049.99 time, 2050.02 real, 241 MB
[runlim] sample:		2059.99 time, 2060.02 real, 241 MB
[runlim] sample:		2069.99 time, 2070.01 real, 241 MB
[runlim] sample:		2079.99 time, 2080.01 real, 241 MB
[runlim] sample:		2089.99 time, 2090.02 real, 241 MB
[runlim] sample:		2099.99 time, 2100.02 real, 241 MB
[runlim] sample:		2109.99 time, 2110.02 real, 241 MB
[runlim] sample:		2119.99 time, 2120.02 real, 241 MB
[runlim] sample:		2129.99 time, 2130.02 real, 241 MB
[runlim] sample:		2139.99 time, 2140.02 real, 241 MB
[runlim] sample:		2149.99 time, 2150.01 real, 241 MB
[runlim] sample:		2159.99 time, 2160.01 real, 241 MB
[runlim] sample:		2169.99 time, 2170.02 real, 241 MB
[runlim] sample:		2179.99 time, 2180.02 real, 241 MB
[runlim] sample:		2189.99 time, 2190.02 real, 241 MB
[runlim] sample:		2199.99 time, 2200.01 real, 241 MB
[runlim] sample:		2209.99 time, 2210.01 real, 241 MB
[runlim] sample:		2219.99 time, 2220.01 real, 243 MB
[runlim] sample:		2230.00 time, 2230.02 real, 243 MB
[runlim] sample:		2239.99 time, 2240.02 real, 243 MB
[runlim] sample:		2249.99 time, 2250.02 real, 243 MB
[runlim] sample:		2259.99 time, 2260.02 real, 243 MB
[runlim] sample:		2269.99 time, 2270.02 real, 243 MB
[runlim] sample:		2279.99 time, 2280.01 real, 243 MB
[runlim] sample:		2289.99 time, 2290.02 real, 243 MB
[runlim] sample:		2299.99 time, 2300.02 real, 244 MB
[runlim] sample:		2309.99 time, 2310.01 real, 243 MB
[runlim] sample:		2319.99 time, 2320.01 real, 243 MB
[runlim] sample:		2329.99 time, 2330.01 real, 265 MB
[runlim] sample:		2339.99 time, 2340.02 real, 244 MB
[runlim] sample:		2349.99 time, 2350.02 real, 244 MB
[runlim] sample:		2359.99 time, 2360.01 real, 248 MB
[runlim] sample:		2369.99 time, 2370.01 real, 248 MB
[runlim] sample:		2379.99 time, 2380.02 real, 248 MB
[runlim] sample:		2389.99 time, 2390.02 real, 248 MB
[runlim] sample:		2399.99 time, 2400.02 real, 248 MB
[runlim] sample:		2409.99 time, 2410.02 real, 248 MB
[runlim] sample:		2419.99 time, 2420.02 real, 248 MB
[runlim] sample:		2429.99 time, 2430.01 real, 248 MB
[runlim] sample:		2439.99 time, 2440.02 real, 248 MB
[runlim] sample:		2449.99 time, 2450.02 real, 248 MB
[runlim] sample:		2459.99 time, 2460.02 real, 248 MB
[runlim] sample:		2470.00 time, 2470.02 real, 244 MB
[runlim] sample:		2480.00 time, 2480.02 real, 244 MB
[runlim] sample:		2490.00 time, 2490.02 real, 244 MB
[runlim] sample:		2500.00 time, 2500.02 real, 244 MB
[runlim] sample:		2510.00 time, 2510.02 real, 244 MB
[runlim] sample:		2520.00 time, 2520.01 real, 244 MB
[runlim] sample:		2530.00 time, 2530.02 real, 244 MB
[runlim] sample:		2539.99 time, 2540.02 real, 244 MB
[runlim] sample:		2549.99 time, 2550.01 real, 244 MB
[runlim] sample:		2559.99 time, 2560.01 real, 244 MB
[runlim] sample:		2569.99 time, 2570.02 real, 244 MB
[runlim] sample:		2579.99 time, 2580.02 real, 244 MB
[runlim] sample:		2589.99 time, 2590.02 real, 244 MB
[runlim] sample:		2599.99 time, 2600.02 real, 244 MB
[runlim] sample:		2609.99 time, 2610.02 real, 244 MB
[runlim] sample:		2619.99 time, 2620.01 real, 244 MB
[runlim] sample:		2629.99 time, 2630.02 real, 244 MB
[runlim] sample:		2639.99 time, 2640.02 real, 245 MB
[runlim] sample:		2649.99 time, 2650.01 real, 245 MB
[runlim] sample:		2659.99 time, 2660.02 real, 245 MB
[runlim] sample:		2669.99 time, 2670.02 real, 245 MB
[runlim] sample:		2679.99 time, 2680.02 real, 245 MB
[runlim] sample:		2689.99 time, 2690.02 real, 245 MB
[runlim] sample:		2700.00 time, 2700.02 real, 245 MB
[runlim] sample:		2710.00 time, 2710.02 real, 245 MB
[runlim] sample:		2720.00 time, 2720.02 real, 245 MB
[runlim] sample:		2730.00 time, 2730.02 real, 245 MB
[runlim] sample:		2740.00 time, 2740.02 real, 245 MB
[runlim] sample:		2750.00 time, 2750.02 real, 246 MB
[runlim] sample:		2760.00 time, 2760.02 real, 246 MB
[runlim] sample:		2770.00 time, 2770.01 real, 246 MB
[runlim] sample:		2780.00 time, 2780.01 real, 246 MB
[runlim] sample:		2790.00 time, 2790.02 real, 246 MB
[runlim] sample:		2800.00 time, 2800.01 real, 246 MB
[runlim] sample:		2810.00 time, 2810.01 real, 246 MB
[runlim] sample:		2820.00 time, 2820.02 real, 246 MB
[runlim] sample:		2830.00 time, 2830.02 real, 246 MB
[runlim] sample:		2840.00 time, 2840.01 real, 246 MB
[runlim] sample:		2850.00 time, 2850.02 real, 246 MB
[runlim] sample:		2860.00 time, 2860.02 real, 246 MB
[runlim] sample:		2870.00 time, 2870.01 real, 246 MB
[runlim] sample:		2880.00 time, 2880.01 real, 246 MB
[runlim] sample:		2890.00 time, 2890.02 real, 246 MB
[runlim] sample:		2900.00 time, 2900.02 real, 246 MB
[runlim] sample:		2910.00 time, 2910.02 real, 246 MB
[runlim] sample:		2919.99 time, 2920.02 real, 246 MB
[runlim] sample:		2929.99 time, 2930.02 real, 246 MB
[runlim] sample:		2940.00 time, 2940.02 real, 261 MB
[runlim] sample:		2949.99 time, 2950.02 real, 261 MB
[runlim] sample:		2959.99 time, 2960.01 real, 287 MB
[runlim] sample:		2969.99 time, 2970.01 real, 287 MB
[runlim] sample:		2979.99 time, 2980.02 real, 287 MB
[runlim] sample:		2989.99 time, 2990.02 real, 287 MB
[runlim] sample:		2999.99 time, 3000.02 real, 287 MB
[runlim] sample:		3009.99 time, 3010.02 real, 261 MB
[runlim] sample:		3019.99 time, 3020.02 real, 261 MB
[runlim] sample:		3029.99 time, 3030.02 real, 261 MB
[runlim] sample:		3039.99 time, 3040.01 real, 261 MB
[runlim] sample:		3049.99 time, 3050.02 real, 261 MB
[runlim] sample:		3060.00 time, 3060.01 real, 264 MB
[runlim] sample:		3070.00 time, 3070.02 real, 264 MB
[runlim] sample:		3080.00 time, 3080.02 real, 264 MB
[runlim] sample:		3090.00 time, 3090.02 real, 264 MB
[runlim] sample:		3100.00 time, 3100.01 real, 264 MB
[runlim] sample:		3110.00 time, 3110.02 real, 264 MB
[runlim] sample:		3120.00 time, 3120.01 real, 264 MB
[runlim] sample:		3130.00 time, 3130.01 real, 264 MB
[runlim] sample:		3139.99 time, 3140.02 real, 264 MB
[runlim] sample:		3149.99 time, 3150.01 real, 266 MB
[runlim] sample:		3159.99 time, 3160.01 real, 260 MB
[runlim] sample:		3169.99 time, 3170.02 real, 260 MB
[runlim] sample:		3179.99 time, 3180.02 real, 260 MB
[runlim] sample:		3189.99 time, 3190.02 real, 260 MB
[runlim] sample:		3199.99 time, 3200.02 real, 260 MB
[runlim] sample:		3209.99 time, 3210.02 real, 260 MB
[runlim] sample:		3219.99 time, 3220.02 real, 268 MB
[runlim] sample:		3229.99 time, 3230.02 real, 268 MB
[runlim] sample:		3239.99 time, 3240.02 real, 268 MB
[runlim] sample:		3249.99 time, 3250.02 real, 268 MB
[runlim] sample:		3259.99 time, 3260.02 real, 268 MB
[runlim] sample:		3269.99 time, 3270.01 real, 268 MB
[runlim] sample:		3279.99 time, 3280.02 real, 268 MB
[runlim] sample:		3289.99 time, 3290.02 real, 268 MB
[runlim] sample:		3299.99 time, 3300.02 real, 268 MB
[runlim] sample:		3309.99 time, 3310.02 real, 268 MB
[runlim] sample:		3319.99 time, 3320.01 real, 268 MB
[runlim] sample:		3329.99 time, 3330.02 real, 268 MB
[runlim] sample:		3339.99 time, 3340.01 real, 268 MB
[runlim] sample:		3349.99 time, 3350.02 real, 268 MB
[runlim] sample:		3359.99 time, 3360.02 real, 263 MB
[runlim] sample:		3369.99 time, 3370.02 real, 263 MB
[runlim] sample:		3379.99 time, 3380.02 real, 263 MB
[runlim] sample:		3389.99 time, 3390.02 real, 263 MB
[runlim] sample:		3399.99 time, 3400.01 real, 263 MB
[runlim] sample:		3409.99 time, 3410.02 real, 263 MB
[runlim] sample:		3419.99 time, 3420.01 real, 263 MB
[runlim] sample:		3429.99 time, 3430.02 real, 264 MB
[runlim] sample:		3439.99 time, 3440.02 real, 265 MB
[runlim] sample:		3449.99 time, 3450.02 real, 265 MB
[runlim] sample:		3459.99 time, 3460.01 real, 265 MB
[runlim] sample:		3469.99 time, 3470.02 real, 265 MB
[runlim] sample:		3479.99 time, 3480.02 real, 265 MB
[runlim] sample:		3489.99 time, 3490.02 real, 265 MB
[runlim] sample:		3499.99 time, 3500.02 real, 265 MB
[runlim] sample:		3509.99 time, 3510.02 real, 265 MB
[runlim] sample:		3519.99 time, 3520.02 real, 265 MB
[runlim] sample:		3529.99 time, 3530.02 real, 265 MB
[runlim] sample:		3539.99 time, 3540.01 real, 265 MB
[runlim] sample:		3549.99 time, 3550.02 real, 265 MB
[runlim] sample:		3559.99 time, 3560.02 real, 265 MB
[runlim] sample:		3569.99 time, 3570.01 real, 265 MB
[runlim] sample:		3579.99 time, 3580.02 real, 265 MB
[runlim] sample:		3589.99 time, 3590.01 real, 266 MB
[runlim] sample:		3599.99 time, 3600.02 real, 266 MB
[runlim] end:			Fri Oct 18 04:45:14 2019
[runlim] status:		out of time
[runlim] result:		2
[runlim] children:		2
[runlim] real:			3600.10 seconds
[runlim] time:			3599.99 seconds
[runlim] space:			290 MB
[runlim] samples:		36000
