[runlim] version:		1.17
[runlim] host:			c3n06
[runlim] time limit:		311040000 seconds
[runlim] real time limit:	3600 seconds
[runlim] space limit:		120000 MB
[runlim] argv[0]:		./run-btormc-master.sh
[runlim] argv[1]:		/tmp/XFg7p2oO.btor
[runlim] start:			Fri Oct 18 03:40:17 2019
[runlim] child:			5326
[runlim] sample:		10.00 time, 10.01 real, 113 MB
[runlim] sample:		20.00 time, 20.01 real, 153 MB
[runlim] sample:		30.00 time, 30.01 real, 173 MB
[runlim] sample:		40.00 time, 40.01 real, 181 MB
[runlim] sample:		50.00 time, 50.01 real, 197 MB
[runlim] sample:		60.00 time, 60.02 real, 197 MB
[runlim] sample:		70.00 time, 70.02 real, 197 MB
[runlim] sample:		80.00 time, 80.01 real, 202 MB
[runlim] sample:		90.00 time, 90.01 real, 202 MB
[runlim] sample:		100.00 time, 100.01 real, 214 MB
[runlim] sample:		110.00 time, 110.02 real, 232 MB
[runlim] sample:		120.01 time, 120.02 real, 235 MB
[runlim] sample:		130.01 time, 130.02 real, 235 MB
[runlim] sample:		140.01 time, 140.02 real, 236 MB
[runlim] sample:		150.00 time, 150.02 real, 213 MB
[runlim] sample:		160.00 time, 160.01 real, 241 MB
[runlim] sample:		170.00 time, 170.01 real, 241 MB
[runlim] sample:		180.00 time, 180.01 real, 241 MB
[runlim] sample:		190.00 time, 190.02 real, 253 MB
[runlim] sample:		200.00 time, 200.01 real, 253 MB
[runlim] sample:		210.00 time, 210.01 real, 253 MB
[runlim] sample:		220.00 time, 220.02 real, 253 MB
[runlim] sample:		230.00 time, 230.02 real, 253 MB
[runlim] sample:		240.01 time, 240.02 real, 253 MB
[runlim] sample:		250.00 time, 250.02 real, 286 MB
[runlim] sample:		260.01 time, 260.02 real, 237 MB
[runlim] sample:		270.00 time, 270.02 real, 271 MB
[runlim] sample:		280.00 time, 280.02 real, 271 MB
[runlim] sample:		290.00 time, 290.02 real, 271 MB
[runlim] sample:		300.00 time, 300.02 real, 271 MB
[runlim] sample:		310.00 time, 310.02 real, 271 MB
[runlim] sample:		320.01 time, 320.02 real, 271 MB
[runlim] sample:		330.01 time, 330.02 real, 271 MB
[runlim] sample:		340.01 time, 340.02 real, 271 MB
[runlim] sample:		350.00 time, 350.02 real, 271 MB
[runlim] sample:		360.00 time, 360.02 real, 271 MB
[runlim] sample:		370.01 time, 370.02 real, 238 MB
[runlim] sample:		380.00 time, 380.01 real, 274 MB
[runlim] sample:		390.00 time, 390.01 real, 274 MB
[runlim] sample:		400.00 time, 400.01 real, 274 MB
[runlim] sample:		410.00 time, 410.01 real, 274 MB
[runlim] sample:		420.00 time, 420.01 real, 274 MB
[runlim] sample:		430.00 time, 430.01 real, 274 MB
[runlim] sample:		440.00 time, 440.01 real, 274 MB
[runlim] sample:		450.00 time, 450.01 real, 274 MB
[runlim] sample:		460.00 time, 460.02 real, 274 MB
[runlim] sample:		470.00 time, 470.01 real, 274 MB
[runlim] sample:		480.01 time, 480.01 real, 305 MB
[runlim] sample:		490.01 time, 490.02 real, 307 MB
[runlim] sample:		500.01 time, 500.01 real, 328 MB
[runlim] sample:		510.01 time, 510.02 real, 307 MB
[runlim] sample:		520.01 time, 520.02 real, 307 MB
[runlim] sample:		530.01 time, 530.02 real, 307 MB
[runlim] sample:		540.01 time, 540.02 real, 307 MB
[runlim] sample:		550.00 time, 550.02 real, 361 MB
[runlim] sample:		560.00 time, 560.02 real, 361 MB
[runlim] sample:		570.00 time, 570.02 real, 361 MB
[runlim] sample:		580.01 time, 580.02 real, 314 MB
[runlim] sample:		590.01 time, 590.02 real, 314 MB
[runlim] sample:		600.01 time, 600.02 real, 314 MB
[runlim] sample:		610.00 time, 610.01 real, 336 MB
[runlim] sample:		620.01 time, 620.02 real, 315 MB
[runlim] sample:		630.01 time, 630.02 real, 315 MB
[runlim] sample:		640.01 time, 640.02 real, 315 MB
[runlim] sample:		650.01 time, 650.02 real, 315 MB
[runlim] sample:		660.01 time, 660.02 real, 315 MB
[runlim] sample:		670.01 time, 670.02 real, 315 MB
[runlim] sample:		680.01 time, 680.02 real, 315 MB
[runlim] sample:		690.01 time, 690.01 real, 318 MB
[runlim] sample:		700.01 time, 700.01 real, 318 MB
[runlim] sample:		710.01 time, 710.01 real, 318 MB
[runlim] sample:		720.01 time, 720.01 real, 318 MB
[runlim] sample:		730.01 time, 730.02 real, 318 MB
[runlim] sample:		740.01 time, 740.01 real, 318 MB
[runlim] sample:		750.01 time, 750.01 real, 318 MB
[runlim] sample:		760.01 time, 760.02 real, 318 MB
[runlim] sample:		770.01 time, 770.02 real, 380 MB
[runlim] sample:		780.01 time, 780.01 real, 380 MB
[runlim] sample:		790.01 time, 790.02 real, 351 MB
[runlim] sample:		800.01 time, 800.02 real, 352 MB
[runlim] sample:		810.01 time, 810.02 real, 351 MB
[runlim] sample:		820.01 time, 820.02 real, 351 MB
[runlim] sample:		830.01 time, 830.02 real, 351 MB
[runlim] sample:		840.01 time, 840.02 real, 351 MB
[runlim] sample:		850.01 time, 850.02 real, 351 MB
[runlim] sample:		860.01 time, 860.02 real, 423 MB
[runlim] sample:		870.01 time, 870.02 real, 423 MB
[runlim] sample:		880.01 time, 880.02 real, 352 MB
[runlim] sample:		890.01 time, 890.02 real, 352 MB
[runlim] sample:		900.01 time, 900.02 real, 352 MB
[runlim] sample:		910.01 time, 910.02 real, 352 MB
[runlim] sample:		920.01 time, 920.02 real, 381 MB
[runlim] sample:		930.01 time, 930.01 real, 293 MB
[runlim] sample:		940.01 time, 940.01 real, 366 MB
[runlim] sample:		950.01 time, 950.02 real, 367 MB
[runlim] sample:		960.01 time, 960.02 real, 367 MB
[runlim] sample:		970.01 time, 970.02 real, 367 MB
[runlim] sample:		980.01 time, 980.02 real, 367 MB
[runlim] sample:		990.01 time, 990.02 real, 367 MB
[runlim] sample:		1000.01 time, 1000.02 real, 367 MB
[runlim] sample:		1010.01 time, 1010.02 real, 367 MB
[runlim] sample:		1020.01 time, 1020.02 real, 367 MB
[runlim] sample:		1030.01 time, 1030.02 real, 367 MB
[runlim] sample:		1040.01 time, 1040.02 real, 367 MB
[runlim] sample:		1050.01 time, 1050.02 real, 367 MB
[runlim] sample:		1060.01 time, 1060.02 real, 367 MB
[runlim] sample:		1070.01 time, 1070.01 real, 373 MB
[runlim] sample:		1080.01 time, 1080.02 real, 374 MB
[runlim] sample:		1090.01 time, 1090.02 real, 374 MB
[runlim] sample:		1100.01 time, 1100.02 real, 374 MB
[runlim] sample:		1110.01 time, 1110.02 real, 374 MB
[runlim] sample:		1120.01 time, 1120.02 real, 448 MB
[runlim] sample:		1130.01 time, 1130.02 real, 448 MB
[runlim] sample:		1140.01 time, 1140.02 real, 448 MB
[runlim] sample:		1150.01 time, 1150.02 real, 374 MB
[runlim] sample:		1160.01 time, 1160.02 real, 374 MB
[runlim] sample:		1170.01 time, 1170.02 real, 374 MB
[runlim] sample:		1180.01 time, 1180.02 real, 374 MB
[runlim] sample:		1190.01 time, 1190.02 real, 374 MB
[runlim] sample:		1200.01 time, 1200.02 real, 374 MB
[runlim] sample:		1210.01 time, 1210.02 real, 374 MB
[runlim] sample:		1220.01 time, 1220.01 real, 376 MB
[runlim] sample:		1230.01 time, 1230.01 real, 376 MB
[runlim] sample:		1240.01 time, 1240.01 real, 376 MB
[runlim] sample:		1250.01 time, 1250.01 real, 376 MB
[runlim] sample:		1260.01 time, 1260.01 real, 376 MB
[runlim] sample:		1270.01 time, 1270.01 real, 376 MB
[runlim] sample:		1280.01 time, 1280.02 real, 309 MB
[runlim] sample:		1290.01 time, 1290.02 real, 371 MB
[runlim] sample:		1300.01 time, 1300.02 real, 389 MB
[runlim] sample:		1310.01 time, 1310.02 real, 389 MB
[runlim] sample:		1320.01 time, 1320.02 real, 389 MB
[runlim] sample:		1330.01 time, 1330.02 real, 389 MB
[runlim] sample:		1340.01 time, 1340.02 real, 389 MB
[runlim] sample:		1350.01 time, 1350.02 real, 389 MB
[runlim] sample:		1360.01 time, 1360.02 real, 389 MB
[runlim] sample:		1370.01 time, 1370.02 real, 389 MB
[runlim] sample:		1380.01 time, 1380.02 real, 389 MB
[runlim] sample:		1390.01 time, 1390.02 real, 389 MB
[runlim] sample:		1400.02 time, 1400.02 real, 472 MB
[runlim] sample:		1410.02 time, 1410.02 real, 472 MB
[runlim] sample:		1420.01 time, 1420.02 real, 383 MB
[runlim] sample:		1430.02 time, 1430.02 real, 426 MB
[runlim] sample:		1440.01 time, 1440.01 real, 381 MB
[runlim] sample:		1450.01 time, 1450.01 real, 417 MB
[runlim] sample:		1460.01 time, 1460.01 real, 394 MB
[runlim] sample:		1470.01 time, 1470.02 real, 399 MB
[runlim] sample:		1480.01 time, 1480.01 real, 424 MB
[runlim] sample:		1490.02 time, 1490.01 real, 403 MB
[runlim] sample:		1500.01 time, 1500.01 real, 424 MB
[runlim] sample:		1510.01 time, 1510.01 real, 403 MB
[runlim] sample:		1520.01 time, 1520.02 real, 403 MB
[runlim] sample:		1530.01 time, 1530.02 real, 403 MB
[runlim] sample:		1540.01 time, 1540.02 real, 403 MB
[runlim] sample:		1550.02 time, 1550.02 real, 368 MB
[runlim] sample:		1560.01 time, 1560.01 real, 400 MB
[runlim] sample:		1570.01 time, 1570.02 real, 397 MB
[runlim] sample:		1580.02 time, 1580.02 real, 397 MB
[runlim] sample:		1590.02 time, 1590.02 real, 397 MB
[runlim] sample:		1600.02 time, 1600.02 real, 397 MB
[runlim] sample:		1610.02 time, 1610.02 real, 397 MB
[runlim] sample:		1620.02 time, 1620.02 real, 397 MB
[runlim] sample:		1630.02 time, 1630.02 real, 397 MB
[runlim] sample:		1640.02 time, 1640.02 real, 397 MB
[runlim] sample:		1650.02 time, 1650.02 real, 397 MB
[runlim] sample:		1660.02 time, 1660.02 real, 397 MB
[runlim] sample:		1670.02 time, 1670.02 real, 397 MB
[runlim] sample:		1680.02 time, 1680.02 real, 397 MB
[runlim] sample:		1690.02 time, 1690.02 real, 397 MB
[runlim] sample:		1700.02 time, 1700.02 real, 397 MB
[runlim] sample:		1710.01 time, 1710.02 real, 433 MB
[runlim] sample:		1720.01 time, 1720.01 real, 433 MB
[runlim] sample:		1730.01 time, 1730.01 real, 433 MB
[runlim] sample:		1740.01 time, 1740.02 real, 433 MB
[runlim] sample:		1750.01 time, 1750.01 real, 433 MB
[runlim] sample:		1760.01 time, 1760.02 real, 433 MB
[runlim] sample:		1770.01 time, 1770.02 real, 433 MB
[runlim] sample:		1780.01 time, 1780.02 real, 433 MB
[runlim] sample:		1790.01 time, 1790.02 real, 433 MB
[runlim] sample:		1800.01 time, 1800.01 real, 433 MB
[runlim] sample:		1810.01 time, 1810.02 real, 433 MB
[runlim] sample:		1820.01 time, 1820.02 real, 433 MB
[runlim] sample:		1830.01 time, 1830.02 real, 433 MB
[runlim] sample:		1840.01 time, 1840.01 real, 433 MB
[runlim] sample:		1850.01 time, 1850.02 real, 433 MB
[runlim] sample:		1860.01 time, 1860.01 real, 433 MB
[runlim] sample:		1870.01 time, 1870.01 real, 433 MB
[runlim] sample:		1880.01 time, 1880.01 real, 433 MB
[runlim] sample:		1890.01 time, 1890.02 real, 433 MB
[runlim] sample:		1900.01 time, 1900.01 real, 433 MB
[runlim] sample:		1910.01 time, 1910.02 real, 433 MB
[runlim] sample:		1920.02 time, 1920.02 real, 396 MB
[runlim] sample:		1930.02 time, 1930.02 real, 397 MB
[runlim] sample:		1940.02 time, 1940.02 real, 397 MB
[runlim] sample:		1950.02 time, 1950.02 real, 397 MB
[runlim] sample:		1960.02 time, 1960.02 real, 397 MB
[runlim] sample:		1970.02 time, 1970.02 real, 397 MB
[runlim] sample:		1980.02 time, 1980.02 real, 482 MB
[runlim] sample:		1990.02 time, 1990.02 real, 482 MB
[runlim] sample:		2000.01 time, 2000.02 real, 482 MB
[runlim] sample:		2010.01 time, 2010.02 real, 482 MB
[runlim] sample:		2020.01 time, 2020.02 real, 482 MB
[runlim] sample:		2030.02 time, 2030.02 real, 482 MB
[runlim] sample:		2040.02 time, 2040.02 real, 482 MB
[runlim] sample:		2050.02 time, 2050.02 real, 467 MB
[runlim] sample:		2060.02 time, 2060.02 real, 457 MB
[runlim] sample:		2070.02 time, 2070.01 real, 443 MB
[runlim] sample:		2080.02 time, 2080.02 real, 417 MB
[runlim] sample:		2090.02 time, 2090.01 real, 454 MB
[runlim] sample:		2100.02 time, 2100.01 real, 454 MB
[runlim] sample:		2110.01 time, 2110.01 real, 451 MB
[runlim] sample:		2120.01 time, 2120.01 real, 451 MB
[runlim] sample:		2130.01 time, 2130.01 real, 451 MB
[runlim] sample:		2140.01 time, 2140.01 real, 451 MB
[runlim] sample:		2150.02 time, 2150.02 real, 430 MB
[runlim] sample:		2160.02 time, 2160.02 real, 430 MB
[runlim] sample:		2170.02 time, 2170.01 real, 430 MB
[runlim] sample:		2180.02 time, 2180.02 real, 430 MB
[runlim] sample:		2190.02 time, 2190.02 real, 430 MB
[runlim] sample:		2200.02 time, 2200.02 real, 387 MB
[runlim] sample:		2210.02 time, 2210.02 real, 387 MB
[runlim] sample:		2220.02 time, 2220.02 real, 387 MB
[runlim] sample:		2230.02 time, 2230.02 real, 387 MB
[runlim] sample:		2240.02 time, 2240.02 real, 387 MB
[runlim] sample:		2250.02 time, 2250.02 real, 387 MB
[runlim] sample:		2260.02 time, 2260.02 real, 387 MB
[runlim] sample:		2270.02 time, 2270.02 real, 387 MB
[runlim] sample:		2280.02 time, 2280.01 real, 399 MB
[runlim] sample:		2290.02 time, 2290.01 real, 399 MB
[runlim] sample:		2300.02 time, 2300.01 real, 399 MB
[runlim] sample:		2310.02 time, 2310.01 real, 399 MB
[runlim] sample:		2320.02 time, 2320.01 real, 399 MB
[runlim] sample:		2330.02 time, 2330.01 real, 399 MB
[runlim] sample:		2340.02 time, 2340.01 real, 399 MB
[runlim] sample:		2350.02 time, 2350.02 real, 399 MB
[runlim] sample:		2360.02 time, 2360.01 real, 459 MB
[runlim] sample:		2370.02 time, 2370.02 real, 413 MB
[runlim] sample:		2380.02 time, 2380.02 real, 413 MB
[runlim] sample:		2390.02 time, 2390.02 real, 413 MB
[runlim] sample:		2400.02 time, 2400.02 real, 413 MB
[runlim] sample:		2410.02 time, 2410.02 real, 413 MB
[runlim] sample:		2420.02 time, 2420.02 real, 413 MB
[runlim] sample:		2430.02 time, 2430.02 real, 413 MB
[runlim] sample:		2440.02 time, 2440.02 real, 413 MB
[runlim] sample:		2450.02 time, 2450.02 real, 413 MB
[runlim] sample:		2460.02 time, 2460.02 real, 507 MB
[runlim] sample:		2470.02 time, 2470.02 real, 507 MB
[runlim] sample:		2480.02 time, 2480.02 real, 507 MB
[runlim] sample:		2490.02 time, 2490.02 real, 507 MB
[runlim] sample:		2500.02 time, 2500.02 real, 507 MB
[runlim] sample:		2510.02 time, 2510.02 real, 507 MB
[runlim] sample:		2520.02 time, 2520.02 real, 507 MB
[runlim] sample:		2530.02 time, 2530.02 real, 405 MB
[runlim] sample:		2540.02 time, 2540.01 real, 464 MB
[runlim] sample:		2550.02 time, 2550.02 real, 431 MB
[runlim] sample:		2560.02 time, 2560.01 real, 470 MB
[runlim] sample:		2570.02 time, 2570.01 real, 470 MB
[runlim] sample:		2580.02 time, 2580.02 real, 445 MB
[runlim] sample:		2590.03 time, 2590.02 real, 450 MB
[runlim] sample:		2600.03 time, 2600.01 real, 477 MB
[runlim] sample:		2610.03 time, 2610.02 real, 455 MB
[runlim] sample:		2620.02 time, 2620.01 real, 477 MB
[runlim] sample:		2630.02 time, 2630.02 real, 455 MB
[runlim] sample:		2640.02 time, 2640.02 real, 455 MB
[runlim] sample:		2650.02 time, 2650.02 real, 455 MB
[runlim] sample:		2660.02 time, 2660.01 real, 455 MB
[runlim] sample:		2670.02 time, 2670.02 real, 455 MB
[runlim] sample:		2680.02 time, 2680.01 real, 455 MB
[runlim] sample:		2690.02 time, 2690.02 real, 403 MB
[runlim] sample:		2700.02 time, 2700.02 real, 403 MB
[runlim] sample:		2710.02 time, 2710.02 real, 403 MB
[runlim] sample:		2720.02 time, 2720.02 real, 403 MB
[runlim] sample:		2730.02 time, 2730.02 real, 403 MB
[runlim] sample:		2740.02 time, 2740.02 real, 323 MB
[runlim] sample:		2750.02 time, 2750.02 real, 416 MB
[runlim] sample:		2760.03 time, 2760.02 real, 417 MB
[runlim] sample:		2770.03 time, 2770.02 real, 417 MB
[runlim] sample:		2780.03 time, 2780.02 real, 417 MB
[runlim] sample:		2790.03 time, 2790.02 real, 417 MB
[runlim] sample:		2800.03 time, 2800.02 real, 417 MB
[runlim] sample:		2810.03 time, 2810.02 real, 417 MB
[runlim] sample:		2820.03 time, 2820.02 real, 417 MB
[runlim] sample:		2830.03 time, 2830.02 real, 417 MB
[runlim] sample:		2840.03 time, 2840.02 real, 417 MB
[runlim] sample:		2850.03 time, 2850.02 real, 417 MB
[runlim] sample:		2860.03 time, 2860.02 real, 417 MB
[runlim] sample:		2870.03 time, 2870.02 real, 417 MB
[runlim] sample:		2880.03 time, 2880.02 real, 417 MB
[runlim] sample:		2890.03 time, 2890.02 real, 512 MB
[runlim] sample:		2900.03 time, 2900.02 real, 512 MB
[runlim] sample:		2910.03 time, 2910.02 real, 512 MB
[runlim] sample:		2920.03 time, 2920.02 real, 512 MB
[runlim] sample:		2930.03 time, 2930.02 real, 512 MB
[runlim] sample:		2940.03 time, 2940.02 real, 512 MB
[runlim] sample:		2950.02 time, 2950.02 real, 512 MB
[runlim] sample:		2960.02 time, 2960.02 real, 512 MB
[runlim] sample:		2970.02 time, 2970.01 real, 435 MB
[runlim] sample:		2980.02 time, 2980.01 real, 435 MB
[runlim] sample:		2990.02 time, 2990.01 real, 442 MB
[runlim] sample:		3000.02 time, 3000.01 real, 442 MB
[runlim] sample:		3010.02 time, 3010.01 real, 442 MB
[runlim] sample:		3020.03 time, 3020.02 real, 419 MB
[runlim] sample:		3030.03 time, 3030.02 real, 439 MB
[runlim] sample:		3040.03 time, 3040.01 real, 445 MB
[runlim] sample:		3050.03 time, 3050.01 real, 468 MB
[runlim] sample:		3060.03 time, 3060.02 real, 442 MB
[runlim] sample:		3070.02 time, 3070.01 real, 463 MB
[runlim] sample:		3080.03 time, 3080.02 real, 441 MB
[runlim] sample:		3090.03 time, 3090.02 real, 441 MB
[runlim] sample:		3100.03 time, 3100.01 real, 441 MB
[runlim] sample:		3110.03 time, 3110.02 real, 441 MB
[runlim] sample:		3120.03 time, 3120.02 real, 406 MB
[runlim] sample:		3130.03 time, 3130.02 real, 421 MB
[runlim] sample:		3140.03 time, 3140.02 real, 421 MB
[runlim] sample:		3150.03 time, 3150.02 real, 421 MB
[runlim] sample:		3160.03 time, 3160.02 real, 421 MB
[runlim] sample:		3170.03 time, 3170.02 real, 421 MB
[runlim] sample:		3180.03 time, 3180.02 real, 421 MB
[runlim] sample:		3190.03 time, 3190.02 real, 421 MB
[runlim] sample:		3200.03 time, 3200.02 real, 421 MB
[runlim] sample:		3210.03 time, 3210.02 real, 421 MB
[runlim] sample:		3220.03 time, 3220.02 real, 421 MB
[runlim] sample:		3230.03 time, 3230.02 real, 421 MB
[runlim] sample:		3240.03 time, 3240.02 real, 421 MB
[runlim] sample:		3250.03 time, 3250.02 real, 421 MB
[runlim] sample:		3260.03 time, 3260.02 real, 421 MB
[runlim] sample:		3270.03 time, 3270.02 real, 421 MB
[runlim] sample:		3280.03 time, 3280.02 real, 421 MB
[runlim] sample:		3290.03 time, 3290.02 real, 421 MB
[runlim] sample:		3300.03 time, 3300.02 real, 422 MB
[runlim] sample:		3310.03 time, 3310.01 real, 422 MB
[runlim] sample:		3320.03 time, 3320.01 real, 422 MB
[runlim] sample:		3330.03 time, 3330.02 real, 422 MB
[runlim] sample:		3340.03 time, 3340.01 real, 422 MB
[runlim] sample:		3350.03 time, 3350.01 real, 422 MB
[runlim] sample:		3360.03 time, 3360.01 real, 422 MB
[runlim] sample:		3370.03 time, 3370.01 real, 422 MB
[runlim] sample:		3380.04 time, 3380.02 real, 335 MB
[runlim] sample:		3390.03 time, 3390.01 real, 488 MB
[runlim] sample:		3400.03 time, 3400.02 real, 488 MB
[runlim] sample:		3410.04 time, 3410.01 real, 488 MB
[runlim] sample:		3420.03 time, 3420.01 real, 488 MB
[runlim] sample:		3430.04 time, 3430.02 real, 437 MB
[runlim] sample:		3440.04 time, 3440.02 real, 437 MB
[runlim] sample:		3450.04 time, 3450.02 real, 437 MB
[runlim] sample:		3460.03 time, 3460.02 real, 541 MB
[runlim] sample:		3470.03 time, 3470.02 real, 541 MB
[runlim] sample:		3480.03 time, 3480.02 real, 541 MB
[runlim] sample:		3490.03 time, 3490.02 real, 541 MB
[runlim] sample:		3500.03 time, 3500.02 real, 542 MB
[runlim] sample:		3510.04 time, 3510.02 real, 542 MB
[runlim] sample:		3520.03 time, 3520.02 real, 542 MB
[runlim] sample:		3530.03 time, 3530.02 real, 542 MB
[runlim] sample:		3540.04 time, 3540.02 real, 542 MB
[runlim] sample:		3550.04 time, 3550.02 real, 542 MB
[runlim] sample:		3560.03 time, 3560.02 real, 543 MB
[runlim] sample:		3570.03 time, 3570.02 real, 543 MB
[runlim] sample:		3580.03 time, 3580.02 real, 528 MB
[runlim] sample:		3590.03 time, 3590.01 real, 548 MB
[runlim] sample:		3600.04 time, 3600.01 real, 575 MB
[runlim] end:			Fri Oct 18 04:40:17 2019
[runlim] status:		out of time
[runlim] result:		2
[runlim] children:		2
[runlim] real:			3600.10 seconds
[runlim] time:			3600.04 seconds
[runlim] space:			671 MB
[runlim] samples:		36000
