[runlim] version:		1.17
[runlim] host:			c3n18
[runlim] time limit:		311040000 seconds
[runlim] real time limit:	3600 seconds
[runlim] space limit:		120000 MB
[runlim] argv[0]:		./run-btormc-master.sh
[runlim] argv[1]:		/tmp/Obrqeiki.btor
[runlim] start:			Fri Oct 18 03:51:14 2019
[runlim] child:			4120
[runlim] sample:		10.01 time, 10.01 real, 57 MB
[runlim] sample:		20.00 time, 20.01 real, 104 MB
[runlim] sample:		30.00 time, 30.01 real, 130 MB
[runlim] sample:		40.00 time, 40.01 real, 159 MB
[runlim] sample:		50.00 time, 50.01 real, 178 MB
[runlim] sample:		60.00 time, 60.01 real, 208 MB
[runlim] sample:		70.00 time, 70.01 real, 208 MB
[runlim] sample:		80.00 time, 80.01 real, 241 MB
[runlim] sample:		90.00 time, 90.01 real, 258 MB
[runlim] sample:		99.99 time, 100.01 real, 295 MB
[runlim] sample:		110.00 time, 110.01 real, 295 MB
[runlim] sample:		120.00 time, 120.01 real, 331 MB
[runlim] sample:		130.00 time, 130.01 real, 339 MB
[runlim] sample:		139.99 time, 140.01 real, 329 MB
[runlim] sample:		150.00 time, 150.01 real, 366 MB
[runlim] sample:		160.00 time, 160.01 real, 368 MB
[runlim] sample:		170.00 time, 170.01 real, 368 MB
[runlim] sample:		180.00 time, 180.01 real, 383 MB
[runlim] sample:		190.00 time, 190.01 real, 418 MB
[runlim] sample:		199.99 time, 200.01 real, 419 MB
[runlim] sample:		210.00 time, 210.01 real, 421 MB
[runlim] sample:		220.00 time, 220.01 real, 446 MB
[runlim] sample:		229.99 time, 230.01 real, 405 MB
[runlim] sample:		239.99 time, 240.01 real, 444 MB
[runlim] sample:		250.00 time, 250.01 real, 493 MB
[runlim] sample:		259.99 time, 260.01 real, 454 MB
[runlim] sample:		270.00 time, 270.01 real, 479 MB
[runlim] sample:		280.00 time, 280.01 real, 550 MB
[runlim] sample:		289.99 time, 290.01 real, 610 MB
[runlim] sample:		299.99 time, 300.01 real, 674 MB
[runlim] sample:		310.00 time, 310.01 real, 674 MB
[runlim] sample:		320.00 time, 320.01 real, 671 MB
[runlim] sample:		330.00 time, 330.01 real, 742 MB
[runlim] sample:		339.99 time, 340.01 real, 829 MB
[runlim] sample:		349.99 time, 350.01 real, 864 MB
[runlim] sample:		360.00 time, 360.01 real, 892 MB
[runlim] sample:		369.99 time, 370.01 real, 924 MB
[runlim] sample:		379.99 time, 380.01 real, 933 MB
[runlim] sample:		389.99 time, 390.01 real, 982 MB
[runlim] sample:		399.99 time, 400.01 real, 942 MB
[runlim] sample:		410.00 time, 410.01 real, 997 MB
[runlim] sample:		419.99 time, 420.01 real, 1063 MB
[runlim] sample:		429.99 time, 430.01 real, 1177 MB
[runlim] sample:		439.99 time, 440.01 real, 1175 MB
[runlim] sample:		449.99 time, 450.01 real, 1139 MB
[runlim] sample:		459.99 time, 460.01 real, 1198 MB
[runlim] sample:		469.99 time, 470.01 real, 1198 MB
[runlim] sample:		479.99 time, 480.01 real, 1231 MB
[runlim] sample:		489.99 time, 490.02 real, 1235 MB
[runlim] end:			Fri Oct 18 03:59:29 2019
[runlim] status:		ok
[runlim] result:		0
[runlim] children:		2
[runlim] real:			494.68 seconds
[runlim] time:			494.59 seconds
[runlim] space:			1262 MB
[runlim] samples:		4946
