[runlim] version:		1.17
[runlim] host:			c3n30
[runlim] time limit:		311040000 seconds
[runlim] real time limit:	3600 seconds
[runlim] space limit:		120000 MB
[runlim] argv[0]:		./run-btormc-master.sh
[runlim] argv[1]:		/tmp/H8Sw4HYP.btor
[runlim] start:			Fri Oct 18 03:38:00 2019
[runlim] child:			17133
[runlim] sample:		10.00 time, 10.01 real, 78 MB
[runlim] sample:		20.00 time, 20.01 real, 87 MB
[runlim] sample:		30.00 time, 30.01 real, 108 MB
[runlim] sample:		40.00 time, 40.01 real, 110 MB
[runlim] sample:		50.00 time, 50.01 real, 110 MB
[runlim] sample:		60.00 time, 60.01 real, 112 MB
[runlim] sample:		70.00 time, 70.01 real, 112 MB
[runlim] sample:		80.00 time, 80.01 real, 114 MB
[runlim] sample:		90.00 time, 90.01 real, 114 MB
[runlim] sample:		100.00 time, 100.01 real, 117 MB
[runlim] sample:		110.00 time, 110.01 real, 117 MB
[runlim] sample:		120.00 time, 120.01 real, 118 MB
[runlim] sample:		130.00 time, 130.01 real, 119 MB
[runlim] sample:		140.00 time, 140.01 real, 126 MB
[runlim] sample:		150.00 time, 150.01 real, 126 MB
[runlim] sample:		160.00 time, 160.01 real, 126 MB
[runlim] sample:		170.00 time, 170.01 real, 128 MB
[runlim] sample:		180.00 time, 180.01 real, 128 MB
[runlim] sample:		190.00 time, 190.01 real, 128 MB
[runlim] sample:		200.00 time, 200.01 real, 128 MB
[runlim] sample:		210.00 time, 210.01 real, 129 MB
[runlim] sample:		219.99 time, 220.01 real, 129 MB
[runlim] sample:		230.00 time, 230.01 real, 149 MB
[runlim] sample:		240.00 time, 240.01 real, 149 MB
[runlim] sample:		250.00 time, 250.01 real, 149 MB
[runlim] sample:		260.00 time, 260.01 real, 149 MB
[runlim] sample:		270.00 time, 270.01 real, 152 MB
[runlim] sample:		279.99 time, 280.01 real, 145 MB
[runlim] sample:		289.99 time, 290.01 real, 142 MB
[runlim] sample:		299.99 time, 300.01 real, 142 MB
[runlim] sample:		310.00 time, 310.01 real, 143 MB
[runlim] sample:		320.00 time, 320.01 real, 146 MB
[runlim] sample:		329.99 time, 330.01 real, 139 MB
[runlim] sample:		340.00 time, 340.01 real, 138 MB
[runlim] sample:		350.00 time, 350.01 real, 154 MB
[runlim] sample:		360.00 time, 360.01 real, 154 MB
[runlim] sample:		370.00 time, 370.01 real, 154 MB
[runlim] sample:		379.99 time, 380.01 real, 154 MB
[runlim] sample:		389.99 time, 390.01 real, 154 MB
[runlim] sample:		400.00 time, 400.01 real, 156 MB
[runlim] sample:		409.99 time, 410.01 real, 156 MB
[runlim] sample:		419.99 time, 420.01 real, 166 MB
[runlim] sample:		430.00 time, 430.01 real, 166 MB
[runlim] sample:		440.00 time, 440.01 real, 166 MB
[runlim] sample:		450.00 time, 450.01 real, 166 MB
[runlim] sample:		460.00 time, 460.01 real, 170 MB
[runlim] sample:		470.00 time, 470.01 real, 170 MB
[runlim] sample:		480.00 time, 480.01 real, 170 MB
[runlim] sample:		490.00 time, 490.01 real, 173 MB
[runlim] sample:		500.00 time, 500.01 real, 173 MB
[runlim] sample:		509.99 time, 510.01 real, 176 MB
[runlim] sample:		519.99 time, 520.01 real, 176 MB
[runlim] sample:		529.99 time, 530.01 real, 176 MB
[runlim] sample:		539.99 time, 540.01 real, 176 MB
[runlim] sample:		549.99 time, 550.01 real, 176 MB
[runlim] sample:		560.00 time, 560.01 real, 178 MB
[runlim] sample:		569.99 time, 570.01 real, 178 MB
[runlim] sample:		579.99 time, 580.01 real, 178 MB
[runlim] sample:		589.99 time, 590.01 real, 178 MB
[runlim] sample:		599.99 time, 600.01 real, 178 MB
[runlim] sample:		609.99 time, 610.01 real, 177 MB
[runlim] sample:		620.00 time, 620.01 real, 192 MB
[runlim] sample:		630.00 time, 630.01 real, 192 MB
[runlim] sample:		639.99 time, 640.01 real, 217 MB
[runlim] sample:		649.99 time, 650.01 real, 217 MB
[runlim] sample:		659.99 time, 660.01 real, 217 MB
[runlim] sample:		669.99 time, 670.01 real, 217 MB
[runlim] sample:		679.99 time, 680.01 real, 217 MB
[runlim] sample:		689.99 time, 690.01 real, 191 MB
[runlim] sample:		699.99 time, 700.01 real, 194 MB
[runlim] sample:		709.99 time, 710.01 real, 186 MB
[runlim] sample:		720.00 time, 720.01 real, 183 MB
[runlim] sample:		729.99 time, 730.01 real, 183 MB
[runlim] sample:		739.99 time, 740.01 real, 183 MB
[runlim] sample:		749.99 time, 750.01 real, 185 MB
[runlim] sample:		759.99 time, 760.01 real, 184 MB
[runlim] sample:		769.99 time, 770.01 real, 184 MB
[runlim] sample:		779.99 time, 780.01 real, 184 MB
[runlim] sample:		789.99 time, 790.01 real, 188 MB
[runlim] sample:		799.99 time, 800.01 real, 188 MB
[runlim] sample:		809.99 time, 810.01 real, 188 MB
[runlim] sample:		819.99 time, 820.01 real, 190 MB
[runlim] sample:		829.99 time, 830.01 real, 182 MB
[runlim] sample:		839.99 time, 840.01 real, 189 MB
[runlim] sample:		849.99 time, 850.01 real, 189 MB
[runlim] sample:		859.99 time, 860.01 real, 192 MB
[runlim] sample:		869.99 time, 870.01 real, 192 MB
[runlim] sample:		879.99 time, 880.01 real, 200 MB
[runlim] sample:		889.99 time, 890.01 real, 200 MB
[runlim] sample:		899.99 time, 900.01 real, 200 MB
[runlim] sample:		909.99 time, 910.01 real, 200 MB
[runlim] sample:		919.99 time, 920.01 real, 200 MB
[runlim] sample:		929.99 time, 930.01 real, 200 MB
[runlim] sample:		939.99 time, 940.01 real, 203 MB
[runlim] sample:		949.99 time, 950.01 real, 210 MB
[runlim] sample:		959.99 time, 960.01 real, 208 MB
[runlim] sample:		969.99 time, 970.01 real, 208 MB
[runlim] sample:		979.99 time, 980.01 real, 210 MB
[runlim] sample:		989.99 time, 990.01 real, 210 MB
[runlim] sample:		999.99 time, 1000.01 real, 210 MB
[runlim] sample:		1009.99 time, 1010.01 real, 210 MB
[runlim] sample:		1019.99 time, 1020.01 real, 210 MB
[runlim] sample:		1029.99 time, 1030.01 real, 210 MB
[runlim] sample:		1039.99 time, 1040.01 real, 210 MB
[runlim] sample:		1049.99 time, 1050.01 real, 210 MB
[runlim] sample:		1059.99 time, 1060.01 real, 210 MB
[runlim] sample:		1069.99 time, 1070.01 real, 210 MB
[runlim] sample:		1079.99 time, 1080.01 real, 180 MB
[runlim] sample:		1089.99 time, 1090.01 real, 210 MB
[runlim] sample:		1099.99 time, 1100.01 real, 210 MB
[runlim] sample:		1109.99 time, 1110.01 real, 210 MB
[runlim] sample:		1119.99 time, 1120.01 real, 210 MB
[runlim] sample:		1129.99 time, 1130.01 real, 210 MB
[runlim] sample:		1139.99 time, 1140.01 real, 210 MB
[runlim] sample:		1149.99 time, 1150.01 real, 210 MB
[runlim] sample:		1159.99 time, 1160.01 real, 210 MB
[runlim] sample:		1169.99 time, 1170.01 real, 210 MB
[runlim] sample:		1179.99 time, 1180.01 real, 210 MB
[runlim] sample:		1189.98 time, 1190.01 real, 240 MB
[runlim] sample:		1199.98 time, 1200.01 real, 240 MB
[runlim] sample:		1209.98 time, 1210.01 real, 240 MB
[runlim] sample:		1219.98 time, 1220.01 real, 240 MB
[runlim] sample:		1229.98 time, 1230.01 real, 240 MB
[runlim] sample:		1239.99 time, 1240.01 real, 212 MB
[runlim] sample:		1249.99 time, 1250.01 real, 215 MB
[runlim] sample:		1259.99 time, 1260.01 real, 194 MB
[runlim] sample:		1269.98 time, 1270.01 real, 190 MB
[runlim] sample:		1279.98 time, 1280.01 real, 190 MB
[runlim] sample:		1289.98 time, 1290.01 real, 190 MB
[runlim] sample:		1299.98 time, 1300.01 real, 190 MB
[runlim] sample:		1309.98 time, 1310.01 real, 190 MB
[runlim] sample:		1319.98 time, 1320.01 real, 190 MB
[runlim] sample:		1329.99 time, 1330.01 real, 193 MB
[runlim] sample:		1339.99 time, 1340.01 real, 192 MB
[runlim] sample:		1349.99 time, 1350.01 real, 192 MB
[runlim] sample:		1359.99 time, 1360.01 real, 192 MB
[runlim] sample:		1369.99 time, 1370.01 real, 192 MB
[runlim] sample:		1379.99 time, 1380.01 real, 195 MB
[runlim] sample:		1389.99 time, 1390.01 real, 197 MB
[runlim] sample:		1399.98 time, 1400.01 real, 197 MB
[runlim] sample:		1409.98 time, 1410.01 real, 197 MB
[runlim] sample:		1419.98 time, 1420.01 real, 197 MB
[runlim] sample:		1429.99 time, 1430.01 real, 198 MB
[runlim] sample:		1439.99 time, 1440.01 real, 197 MB
[runlim] sample:		1449.99 time, 1450.01 real, 197 MB
[runlim] sample:		1459.99 time, 1460.01 real, 197 MB
[runlim] sample:		1469.99 time, 1470.01 real, 197 MB
[runlim] sample:		1479.98 time, 1480.01 real, 200 MB
[runlim] sample:		1489.98 time, 1490.01 real, 198 MB
[runlim] sample:		1499.98 time, 1500.01 real, 198 MB
[runlim] sample:		1509.98 time, 1510.01 real, 198 MB
[runlim] sample:		1519.98 time, 1520.01 real, 198 MB
[runlim] sample:		1529.98 time, 1530.01 real, 198 MB
[runlim] sample:		1539.98 time, 1540.01 real, 198 MB
[runlim] sample:		1549.98 time, 1550.01 real, 195 MB
[runlim] sample:		1559.98 time, 1560.01 real, 195 MB
[runlim] sample:		1569.98 time, 1570.01 real, 197 MB
[runlim] sample:		1579.99 time, 1580.01 real, 195 MB
[runlim] sample:		1589.98 time, 1590.01 real, 196 MB
[runlim] sample:		1599.99 time, 1600.01 real, 196 MB
[runlim] sample:		1609.98 time, 1610.01 real, 211 MB
[runlim] sample:		1619.98 time, 1620.01 real, 211 MB
[runlim] sample:		1629.98 time, 1630.01 real, 211 MB
[runlim] sample:		1639.98 time, 1640.01 real, 211 MB
[runlim] sample:		1649.98 time, 1650.01 real, 211 MB
[runlim] sample:		1659.98 time, 1660.01 real, 211 MB
[runlim] sample:		1669.98 time, 1670.01 real, 211 MB
[runlim] sample:		1679.98 time, 1680.01 real, 211 MB
[runlim] sample:		1689.98 time, 1690.01 real, 211 MB
[runlim] sample:		1699.98 time, 1700.01 real, 211 MB
[runlim] sample:		1709.98 time, 1710.01 real, 214 MB
[runlim] sample:		1719.98 time, 1720.01 real, 224 MB
[runlim] sample:		1729.98 time, 1730.01 real, 222 MB
[runlim] sample:		1739.98 time, 1740.01 real, 222 MB
[runlim] sample:		1749.98 time, 1750.01 real, 224 MB
[runlim] sample:		1759.98 time, 1760.01 real, 224 MB
[runlim] sample:		1769.99 time, 1770.01 real, 224 MB
[runlim] sample:		1779.99 time, 1780.01 real, 224 MB
[runlim] sample:		1789.99 time, 1790.02 real, 224 MB
[runlim] sample:		1799.99 time, 1800.02 real, 224 MB
[runlim] sample:		1809.99 time, 1810.01 real, 224 MB
[runlim] sample:		1819.98 time, 1820.02 real, 224 MB
[runlim] sample:		1829.98 time, 1830.01 real, 260 MB
[runlim] sample:		1839.98 time, 1840.01 real, 260 MB
[runlim] sample:		1849.98 time, 1850.01 real, 260 MB
[runlim] sample:		1859.98 time, 1860.01 real, 260 MB
[runlim] sample:		1869.98 time, 1870.01 real, 260 MB
[runlim] sample:		1879.98 time, 1880.01 real, 260 MB
[runlim] sample:		1889.98 time, 1890.01 real, 260 MB
[runlim] sample:		1899.98 time, 1900.01 real, 233 MB
[runlim] sample:		1909.98 time, 1910.01 real, 233 MB
[runlim] sample:		1919.98 time, 1920.01 real, 233 MB
[runlim] sample:		1929.98 time, 1930.01 real, 233 MB
[runlim] sample:		1939.98 time, 1940.01 real, 232 MB
[runlim] sample:		1949.98 time, 1950.02 real, 239 MB
[runlim] sample:		1959.98 time, 1960.01 real, 232 MB
[runlim] sample:		1969.98 time, 1970.01 real, 234 MB
[runlim] sample:		1979.98 time, 1980.01 real, 232 MB
[runlim] sample:		1989.98 time, 1990.01 real, 232 MB
[runlim] sample:		1999.98 time, 2000.01 real, 232 MB
[runlim] sample:		2009.98 time, 2010.01 real, 232 MB
[runlim] sample:		2019.98 time, 2020.01 real, 233 MB
[runlim] sample:		2029.98 time, 2030.01 real, 233 MB
[runlim] sample:		2039.98 time, 2040.01 real, 234 MB
[runlim] sample:		2049.98 time, 2050.01 real, 233 MB
[runlim] sample:		2059.98 time, 2060.01 real, 233 MB
[runlim] sample:		2069.98 time, 2070.01 real, 233 MB
[runlim] sample:		2079.98 time, 2080.01 real, 233 MB
[runlim] sample:		2089.98 time, 2090.01 real, 238 MB
[runlim] sample:		2099.97 time, 2100.01 real, 238 MB
[runlim] sample:		2109.98 time, 2110.01 real, 238 MB
[runlim] sample:		2119.98 time, 2120.01 real, 238 MB
[runlim] sample:		2129.98 time, 2130.01 real, 238 MB
[runlim] sample:		2139.98 time, 2140.01 real, 238 MB
[runlim] sample:		2149.98 time, 2150.01 real, 238 MB
[runlim] sample:		2159.98 time, 2160.01 real, 241 MB
[runlim] sample:		2169.98 time, 2170.01 real, 241 MB
[runlim] sample:		2179.98 time, 2180.01 real, 240 MB
[runlim] sample:		2189.98 time, 2190.01 real, 240 MB
[runlim] sample:		2199.98 time, 2200.01 real, 240 MB
[runlim] sample:		2209.98 time, 2210.01 real, 240 MB
[runlim] sample:		2219.98 time, 2220.01 real, 240 MB
[runlim] sample:		2229.98 time, 2230.01 real, 240 MB
[runlim] sample:		2239.97 time, 2240.01 real, 241 MB
[runlim] sample:		2249.97 time, 2250.01 real, 241 MB
[runlim] sample:		2259.98 time, 2260.01 real, 241 MB
[runlim] sample:		2269.98 time, 2270.01 real, 241 MB
[runlim] sample:		2279.98 time, 2280.01 real, 241 MB
[runlim] sample:		2289.98 time, 2290.01 real, 241 MB
[runlim] sample:		2299.98 time, 2300.01 real, 241 MB
[runlim] sample:		2309.98 time, 2310.01 real, 241 MB
[runlim] sample:		2319.97 time, 2320.01 real, 239 MB
[runlim] sample:		2329.97 time, 2330.01 real, 239 MB
[runlim] sample:		2339.98 time, 2340.01 real, 239 MB
[runlim] sample:		2349.98 time, 2350.02 real, 239 MB
[runlim] sample:		2359.98 time, 2360.01 real, 239 MB
[runlim] sample:		2369.98 time, 2370.01 real, 239 MB
[runlim] sample:		2379.98 time, 2380.01 real, 239 MB
[runlim] sample:		2389.97 time, 2390.01 real, 240 MB
[runlim] sample:		2399.97 time, 2400.01 real, 241 MB
[runlim] sample:		2409.97 time, 2410.01 real, 241 MB
[runlim] sample:		2419.97 time, 2420.01 real, 241 MB
[runlim] sample:		2429.97 time, 2430.01 real, 241 MB
[runlim] sample:		2439.97 time, 2440.01 real, 241 MB
[runlim] sample:		2449.97 time, 2450.01 real, 241 MB
[runlim] sample:		2459.98 time, 2460.01 real, 243 MB
[runlim] sample:		2469.97 time, 2470.01 real, 242 MB
[runlim] sample:		2479.97 time, 2480.01 real, 242 MB
[runlim] sample:		2489.97 time, 2490.01 real, 242 MB
[runlim] sample:		2499.97 time, 2500.01 real, 242 MB
[runlim] sample:		2509.97 time, 2510.01 real, 242 MB
[runlim] sample:		2519.97 time, 2520.01 real, 242 MB
[runlim] sample:		2529.97 time, 2530.01 real, 242 MB
[runlim] sample:		2539.97 time, 2540.01 real, 242 MB
[runlim] sample:		2549.97 time, 2550.01 real, 242 MB
[runlim] sample:		2559.97 time, 2560.01 real, 242 MB
[runlim] sample:		2569.97 time, 2570.02 real, 242 MB
[runlim] sample:		2579.97 time, 2580.01 real, 242 MB
[runlim] sample:		2589.97 time, 2590.01 real, 242 MB
[runlim] sample:		2599.97 time, 2600.01 real, 242 MB
[runlim] sample:		2609.97 time, 2610.02 real, 244 MB
[runlim] sample:		2619.97 time, 2620.01 real, 244 MB
[runlim] sample:		2629.97 time, 2630.01 real, 244 MB
[runlim] sample:		2639.97 time, 2640.02 real, 264 MB
[runlim] sample:		2649.98 time, 2650.01 real, 191 MB
[runlim] sample:		2659.98 time, 2660.02 real, 191 MB
[runlim] sample:		2669.98 time, 2670.01 real, 191 MB
[runlim] sample:		2679.98 time, 2680.01 real, 221 MB
[runlim] sample:		2689.98 time, 2690.01 real, 220 MB
[runlim] sample:		2699.98 time, 2700.01 real, 221 MB
[runlim] sample:		2709.98 time, 2710.01 real, 221 MB
[runlim] sample:		2719.97 time, 2720.01 real, 226 MB
[runlim] sample:		2729.97 time, 2730.01 real, 226 MB
[runlim] sample:		2739.97 time, 2740.01 real, 226 MB
[runlim] sample:		2749.97 time, 2750.01 real, 226 MB
[runlim] sample:		2759.97 time, 2760.01 real, 226 MB
[runlim] sample:		2769.97 time, 2770.01 real, 226 MB
[runlim] sample:		2779.97 time, 2780.01 real, 226 MB
[runlim] sample:		2789.97 time, 2790.01 real, 226 MB
[runlim] sample:		2799.98 time, 2800.02 real, 226 MB
[runlim] sample:		2809.97 time, 2810.01 real, 226 MB
[runlim] sample:		2819.97 time, 2820.02 real, 226 MB
[runlim] sample:		2829.97 time, 2830.02 real, 226 MB
[runlim] sample:		2839.97 time, 2840.01 real, 226 MB
[runlim] sample:		2849.97 time, 2850.01 real, 226 MB
[runlim] sample:		2859.97 time, 2860.01 real, 226 MB
[runlim] sample:		2869.97 time, 2870.02 real, 267 MB
[runlim] sample:		2879.97 time, 2880.01 real, 249 MB
[runlim] sample:		2889.97 time, 2890.01 real, 236 MB
[runlim] sample:		2899.97 time, 2900.01 real, 238 MB
[runlim] sample:		2909.97 time, 2910.01 real, 238 MB
[runlim] sample:		2919.97 time, 2920.01 real, 238 MB
[runlim] sample:		2929.96 time, 2930.01 real, 233 MB
[runlim] sample:		2939.97 time, 2940.01 real, 237 MB
[runlim] sample:		2949.96 time, 2950.01 real, 239 MB
[runlim] sample:		2959.96 time, 2960.01 real, 239 MB
[runlim] sample:		2969.97 time, 2970.02 real, 238 MB
[runlim] sample:		2979.97 time, 2980.01 real, 239 MB
[runlim] sample:		2989.97 time, 2990.02 real, 239 MB
[runlim] sample:		2999.97 time, 3000.02 real, 239 MB
[runlim] sample:		3009.97 time, 3010.01 real, 239 MB
[runlim] sample:		3019.97 time, 3020.01 real, 239 MB
[runlim] sample:		3029.96 time, 3030.01 real, 238 MB
[runlim] sample:		3039.96 time, 3040.01 real, 238 MB
[runlim] sample:		3049.96 time, 3050.01 real, 238 MB
[runlim] sample:		3059.97 time, 3060.01 real, 238 MB
[runlim] sample:		3069.97 time, 3070.01 real, 238 MB
[runlim] sample:		3079.97 time, 3080.01 real, 238 MB
[runlim] sample:		3089.97 time, 3090.01 real, 238 MB
[runlim] sample:		3099.97 time, 3100.02 real, 238 MB
[runlim] sample:		3109.97 time, 3110.01 real, 238 MB
[runlim] sample:		3119.97 time, 3120.01 real, 238 MB
[runlim] sample:		3129.96 time, 3130.01 real, 237 MB
[runlim] sample:		3139.96 time, 3140.01 real, 237 MB
[runlim] sample:		3149.96 time, 3150.01 real, 236 MB
[runlim] sample:		3159.96 time, 3160.01 real, 236 MB
[runlim] sample:		3169.96 time, 3170.01 real, 236 MB
[runlim] sample:		3179.96 time, 3180.01 real, 236 MB
[runlim] sample:		3189.96 time, 3190.01 real, 236 MB
[runlim] sample:		3199.96 time, 3200.01 real, 240 MB
[runlim] sample:		3209.96 time, 3210.01 real, 240 MB
[runlim] sample:		3219.96 time, 3220.01 real, 240 MB
[runlim] sample:		3229.96 time, 3230.01 real, 240 MB
[runlim] sample:		3239.96 time, 3240.01 real, 240 MB
[runlim] sample:		3249.96 time, 3250.01 real, 240 MB
[runlim] sample:		3259.96 time, 3260.02 real, 241 MB
[runlim] sample:		3269.96 time, 3270.02 real, 242 MB
[runlim] sample:		3279.96 time, 3280.01 real, 241 MB
[runlim] sample:		3289.96 time, 3290.01 real, 241 MB
[runlim] sample:		3299.96 time, 3300.01 real, 241 MB
[runlim] sample:		3309.96 time, 3310.01 real, 241 MB
[runlim] sample:		3319.96 time, 3320.01 real, 241 MB
[runlim] sample:		3329.95 time, 3330.01 real, 241 MB
[runlim] sample:		3339.95 time, 3340.01 real, 241 MB
[runlim] sample:		3349.95 time, 3350.01 real, 241 MB
[runlim] sample:		3359.95 time, 3360.01 real, 241 MB
[runlim] sample:		3369.95 time, 3370.01 real, 241 MB
[runlim] sample:		3379.95 time, 3380.01 real, 241 MB
[runlim] sample:		3389.96 time, 3390.01 real, 249 MB
[runlim] sample:		3399.96 time, 3400.01 real, 249 MB
[runlim] sample:		3409.96 time, 3410.01 real, 249 MB
[runlim] sample:		3419.96 time, 3420.01 real, 249 MB
[runlim] sample:		3429.96 time, 3430.01 real, 249 MB
[runlim] sample:		3439.96 time, 3440.01 real, 249 MB
[runlim] sample:		3449.96 time, 3450.01 real, 249 MB
[runlim] sample:		3459.96 time, 3460.01 real, 254 MB
[runlim] sample:		3469.95 time, 3470.01 real, 254 MB
[runlim] sample:		3479.95 time, 3480.01 real, 254 MB
[runlim] sample:		3489.95 time, 3490.01 real, 254 MB
[runlim] sample:		3499.95 time, 3500.01 real, 254 MB
[runlim] sample:		3509.95 time, 3510.01 real, 254 MB
[runlim] sample:		3519.95 time, 3520.01 real, 254 MB
[runlim] sample:		3529.95 time, 3530.01 real, 254 MB
[runlim] sample:		3539.95 time, 3540.01 real, 254 MB
[runlim] sample:		3549.95 time, 3550.01 real, 254 MB
[runlim] sample:		3559.95 time, 3560.01 real, 255 MB
[runlim] sample:		3569.95 time, 3570.01 real, 255 MB
[runlim] sample:		3579.95 time, 3580.01 real, 255 MB
[runlim] sample:		3589.95 time, 3590.01 real, 255 MB
[runlim] sample:		3599.95 time, 3600.01 real, 255 MB
[runlim] end:			Fri Oct 18 04:38:00 2019
[runlim] status:		out of time
[runlim] result:		2
[runlim] children:		2
[runlim] real:			3600.10 seconds
[runlim] time:			3599.95 seconds
[runlim] space:			268 MB
[runlim] samples:		36000
