[runlim] version:		1.17
[runlim] host:			c3n11
[runlim] time limit:		311040000 seconds
[runlim] real time limit:	3600 seconds
[runlim] space limit:		120000 MB
[runlim] argv[0]:		./run-btormc-master.sh
[runlim] argv[1]:		/tmp/b9fEhGrz.btor
[runlim] start:			Fri Oct 18 04:25:44 2019
[runlim] child:			26255
[runlim] sample:		10.00 time, 10.01 real, 70 MB
[runlim] sample:		20.00 time, 20.01 real, 98 MB
[runlim] sample:		30.00 time, 30.01 real, 111 MB
[runlim] sample:		40.00 time, 40.01 real, 137 MB
[runlim] sample:		50.00 time, 50.01 real, 144 MB
[runlim] sample:		60.00 time, 60.01 real, 164 MB
[runlim] sample:		70.00 time, 70.01 real, 181 MB
[runlim] sample:		80.00 time, 80.01 real, 191 MB
[runlim] sample:		90.00 time, 90.01 real, 216 MB
[runlim] sample:		99.99 time, 100.01 real, 216 MB
[runlim] sample:		109.99 time, 110.01 real, 216 MB
[runlim] sample:		119.99 time, 120.01 real, 216 MB
[runlim] sample:		130.00 time, 130.01 real, 235 MB
[runlim] sample:		139.99 time, 140.01 real, 240 MB
[runlim] sample:		150.00 time, 150.01 real, 247 MB
[runlim] sample:		159.99 time, 160.01 real, 276 MB
[runlim] sample:		170.00 time, 170.01 real, 279 MB
[runlim] sample:		179.99 time, 180.01 real, 281 MB
[runlim] sample:		189.99 time, 190.01 real, 304 MB
[runlim] sample:		199.99 time, 200.01 real, 304 MB
[runlim] sample:		210.00 time, 210.01 real, 307 MB
[runlim] sample:		220.00 time, 220.01 real, 321 MB
[runlim] sample:		230.00 time, 230.01 real, 346 MB
[runlim] sample:		240.00 time, 240.01 real, 345 MB
[runlim] sample:		249.99 time, 250.01 real, 351 MB
[runlim] sample:		259.99 time, 260.01 real, 351 MB
[runlim] sample:		269.99 time, 270.01 real, 351 MB
[runlim] sample:		279.99 time, 280.01 real, 351 MB
[runlim] sample:		289.99 time, 290.01 real, 351 MB
[runlim] sample:		299.99 time, 300.01 real, 340 MB
[runlim] sample:		309.99 time, 310.01 real, 384 MB
[runlim] sample:		319.99 time, 320.01 real, 391 MB
[runlim] sample:		330.00 time, 330.01 real, 395 MB
[runlim] sample:		340.00 time, 340.01 real, 395 MB
[runlim] sample:		350.00 time, 350.01 real, 395 MB
[runlim] sample:		359.99 time, 360.01 real, 395 MB
[runlim] sample:		369.99 time, 370.01 real, 395 MB
[runlim] sample:		379.99 time, 380.01 real, 408 MB
[runlim] sample:		389.99 time, 390.01 real, 411 MB
[runlim] sample:		399.99 time, 400.01 real, 409 MB
[runlim] sample:		409.99 time, 410.01 real, 411 MB
[runlim] sample:		419.99 time, 420.01 real, 411 MB
[runlim] sample:		429.99 time, 430.01 real, 411 MB
[runlim] sample:		439.99 time, 440.01 real, 411 MB
[runlim] sample:		449.99 time, 450.01 real, 411 MB
[runlim] sample:		459.99 time, 460.01 real, 411 MB
[runlim] sample:		469.98 time, 470.01 real, 422 MB
[runlim] sample:		479.98 time, 480.01 real, 421 MB
[runlim] sample:		489.98 time, 490.01 real, 421 MB
[runlim] sample:		499.98 time, 500.01 real, 421 MB
[runlim] sample:		509.99 time, 510.01 real, 422 MB
[runlim] sample:		519.99 time, 520.01 real, 423 MB
[runlim] sample:		529.99 time, 530.01 real, 423 MB
[runlim] sample:		539.99 time, 540.01 real, 423 MB
[runlim] sample:		549.99 time, 550.01 real, 423 MB
[runlim] sample:		559.99 time, 560.01 real, 427 MB
[runlim] sample:		569.99 time, 570.01 real, 426 MB
[runlim] sample:		579.99 time, 580.01 real, 426 MB
[runlim] sample:		589.99 time, 590.01 real, 426 MB
[runlim] sample:		599.99 time, 600.01 real, 432 MB
[runlim] sample:		609.99 time, 610.01 real, 432 MB
[runlim] sample:		619.99 time, 620.01 real, 432 MB
[runlim] sample:		629.99 time, 630.01 real, 448 MB
[runlim] sample:		639.98 time, 640.01 real, 469 MB
[runlim] sample:		649.98 time, 650.01 real, 491 MB
[runlim] sample:		659.99 time, 660.01 real, 493 MB
[runlim] sample:		669.98 time, 670.01 real, 565 MB
[runlim] sample:		679.98 time, 680.01 real, 572 MB
[runlim] sample:		689.98 time, 690.01 real, 582 MB
[runlim] sample:		699.99 time, 700.01 real, 634 MB
[runlim] sample:		709.98 time, 710.01 real, 692 MB
[runlim] sample:		719.98 time, 720.01 real, 779 MB
[runlim] sample:		729.98 time, 730.01 real, 812 MB
[runlim] sample:		739.99 time, 740.01 real, 860 MB
[runlim] sample:		749.99 time, 750.01 real, 860 MB
[runlim] sample:		759.98 time, 760.01 real, 862 MB
[runlim] sample:		769.98 time, 770.01 real, 928 MB
[runlim] sample:		779.98 time, 780.01 real, 856 MB
[runlim] sample:		789.98 time, 790.01 real, 911 MB
[runlim] sample:		799.98 time, 800.01 real, 948 MB
[runlim] sample:		809.98 time, 810.01 real, 891 MB
[runlim] sample:		819.98 time, 820.01 real, 891 MB
[runlim] sample:		829.98 time, 830.01 real, 945 MB
[runlim] sample:		839.98 time, 840.01 real, 973 MB
[runlim] sample:		849.98 time, 850.01 real, 989 MB
[runlim] sample:		859.98 time, 860.01 real, 939 MB
[runlim] sample:		869.98 time, 870.01 real, 940 MB
[runlim] sample:		879.98 time, 880.01 real, 999 MB
[runlim] sample:		889.98 time, 890.01 real, 999 MB
[runlim] sample:		899.98 time, 900.01 real, 999 MB
[runlim] sample:		909.98 time, 910.01 real, 999 MB
[runlim] sample:		919.98 time, 920.01 real, 999 MB
[runlim] sample:		929.98 time, 930.01 real, 1002 MB
[runlim] sample:		939.98 time, 940.01 real, 999 MB
[runlim] sample:		949.97 time, 950.01 real, 999 MB
[runlim] sample:		959.97 time, 960.01 real, 999 MB
[runlim] sample:		969.98 time, 970.01 real, 1000 MB
[runlim] sample:		979.97 time, 980.01 real, 1000 MB
[runlim] sample:		989.98 time, 990.01 real, 960 MB
[runlim] sample:		999.98 time, 1000.01 real, 963 MB
[runlim] sample:		1009.97 time, 1010.01 real, 1019 MB
[runlim] sample:		1019.97 time, 1020.01 real, 1019 MB
[runlim] sample:		1029.98 time, 1030.01 real, 1080 MB
[runlim] sample:		1039.97 time, 1040.01 real, 1080 MB
[runlim] sample:		1049.98 time, 1050.01 real, 1020 MB
[runlim] sample:		1059.98 time, 1060.01 real, 1021 MB
[runlim] sample:		1069.97 time, 1070.01 real, 1021 MB
[runlim] sample:		1079.98 time, 1080.01 real, 1020 MB
[runlim] sample:		1089.98 time, 1090.01 real, 1020 MB
[runlim] sample:		1099.97 time, 1100.01 real, 1020 MB
[runlim] sample:		1109.98 time, 1110.01 real, 1022 MB
[runlim] sample:		1119.97 time, 1120.01 real, 1022 MB
[runlim] sample:		1129.98 time, 1130.01 real, 1022 MB
[runlim] sample:		1139.98 time, 1140.01 real, 1022 MB
[runlim] sample:		1149.98 time, 1150.01 real, 1022 MB
[runlim] sample:		1159.97 time, 1160.01 real, 1023 MB
[runlim] sample:		1169.97 time, 1170.01 real, 1023 MB
[runlim] sample:		1179.97 time, 1180.01 real, 1023 MB
[runlim] sample:		1189.97 time, 1190.01 real, 1026 MB
[runlim] sample:		1199.97 time, 1200.01 real, 1026 MB
[runlim] sample:		1209.97 time, 1210.01 real, 1088 MB
[runlim] sample:		1219.97 time, 1220.01 real, 1088 MB
[runlim] sample:		1229.97 time, 1230.01 real, 1088 MB
[runlim] sample:		1239.97 time, 1240.01 real, 1088 MB
[runlim] sample:		1249.97 time, 1250.01 real, 1088 MB
[runlim] sample:		1259.97 time, 1260.01 real, 1088 MB
[runlim] sample:		1269.97 time, 1270.01 real, 1088 MB
[runlim] sample:		1279.97 time, 1280.01 real, 1026 MB
[runlim] sample:		1289.97 time, 1290.01 real, 1026 MB
[runlim] sample:		1299.97 time, 1300.01 real, 965 MB
[runlim] sample:		1309.97 time, 1310.01 real, 1027 MB
[runlim] sample:		1319.96 time, 1320.01 real, 1027 MB
[runlim] sample:		1329.97 time, 1330.01 real, 1026 MB
[runlim] sample:		1339.97 time, 1340.01 real, 987 MB
[runlim] sample:		1349.97 time, 1350.01 real, 1027 MB
[runlim] sample:		1359.97 time, 1360.01 real, 1027 MB
[runlim] sample:		1369.97 time, 1370.01 real, 1027 MB
[runlim] sample:		1379.97 time, 1380.01 real, 1059 MB
[runlim] sample:		1389.96 time, 1390.01 real, 1059 MB
[runlim] sample:		1399.97 time, 1400.01 real, 1059 MB
[runlim] sample:		1409.97 time, 1410.01 real, 1059 MB
[runlim] sample:		1419.97 time, 1420.01 real, 1060 MB
[runlim] sample:		1429.97 time, 1430.01 real, 1060 MB
[runlim] sample:		1439.97 time, 1440.01 real, 1060 MB
[runlim] sample:		1449.96 time, 1450.01 real, 1007 MB
[runlim] sample:		1459.97 time, 1460.01 real, 1026 MB
[runlim] sample:		1469.97 time, 1470.01 real, 1026 MB
[runlim] sample:		1479.96 time, 1480.01 real, 1097 MB
[runlim] sample:		1489.96 time, 1490.01 real, 1112 MB
[runlim] sample:		1499.97 time, 1500.01 real, 1129 MB
[runlim] sample:		1509.96 time, 1510.01 real, 1130 MB
[runlim] sample:		1519.96 time, 1520.01 real, 1128 MB
[runlim] sample:		1529.96 time, 1530.01 real, 1128 MB
[runlim] sample:		1539.97 time, 1540.01 real, 1192 MB
[runlim] sample:		1549.96 time, 1550.01 real, 1192 MB
[runlim] sample:		1559.96 time, 1560.01 real, 1128 MB
[runlim] sample:		1569.97 time, 1570.01 real, 1128 MB
[runlim] sample:		1579.97 time, 1580.01 real, 1128 MB
[runlim] sample:		1589.97 time, 1590.01 real, 1128 MB
[runlim] sample:		1599.96 time, 1600.01 real, 1130 MB
[runlim] sample:		1609.96 time, 1610.01 real, 1130 MB
[runlim] sample:		1619.96 time, 1620.01 real, 1209 MB
[runlim] sample:		1629.96 time, 1630.01 real, 1245 MB
[runlim] end:			Fri Oct 18 04:52:59 2019
[runlim] status:		ok
[runlim] result:		0
[runlim] children:		2
[runlim] real:			1635.66 seconds
[runlim] time:			1635.56 seconds
[runlim] space:			1277 MB
[runlim] samples:		16356
