[runlim] version:		1.17
[runlim] host:			c3n02
[runlim] time limit:		311040000 seconds
[runlim] real time limit:	3600 seconds
[runlim] space limit:		120000 MB
[runlim] argv[0]:		./run-btormc-master.sh
[runlim] argv[1]:		/tmp/goSw14sQ.btor
[runlim] start:			Fri Oct 18 02:59:32 2019
[runlim] child:			6727
[runlim] sample:		10.00 time, 10.01 real, 117 MB
[runlim] sample:		20.00 time, 20.02 real, 128 MB
[runlim] sample:		30.00 time, 30.02 real, 129 MB
[runlim] sample:		40.00 time, 40.01 real, 130 MB
[runlim] sample:		50.00 time, 50.02 real, 155 MB
[runlim] sample:		60.00 time, 60.02 real, 155 MB
[runlim] sample:		70.00 time, 70.02 real, 161 MB
[runlim] sample:		80.00 time, 80.02 real, 161 MB
[runlim] sample:		90.00 time, 90.02 real, 161 MB
[runlim] sample:		100.00 time, 100.02 real, 190 MB
[runlim] sample:		110.00 time, 110.01 real, 190 MB
[runlim] sample:		120.00 time, 120.02 real, 190 MB
[runlim] sample:		130.00 time, 130.02 real, 190 MB
[runlim] sample:		140.00 time, 140.01 real, 190 MB
[runlim] sample:		150.00 time, 150.01 real, 190 MB
[runlim] sample:		159.99 time, 160.02 real, 204 MB
[runlim] sample:		170.00 time, 170.01 real, 202 MB
[runlim] sample:		180.00 time, 180.01 real, 188 MB
[runlim] sample:		190.00 time, 190.01 real, 202 MB
[runlim] sample:		200.00 time, 200.01 real, 195 MB
[runlim] sample:		210.00 time, 210.02 real, 193 MB
[runlim] sample:		220.00 time, 220.01 real, 145 MB
[runlim] sample:		230.00 time, 230.01 real, 145 MB
[runlim] sample:		240.00 time, 240.02 real, 145 MB
[runlim] sample:		250.00 time, 250.02 real, 145 MB
[runlim] sample:		260.00 time, 260.02 real, 172 MB
[runlim] sample:		270.00 time, 270.02 real, 172 MB
[runlim] sample:		280.00 time, 280.01 real, 172 MB
[runlim] sample:		290.00 time, 290.02 real, 172 MB
[runlim] sample:		300.00 time, 300.02 real, 172 MB
[runlim] sample:		310.00 time, 310.02 real, 172 MB
[runlim] sample:		320.00 time, 320.02 real, 172 MB
[runlim] sample:		330.00 time, 330.02 real, 172 MB
[runlim] sample:		340.00 time, 340.02 real, 172 MB
[runlim] sample:		350.00 time, 350.02 real, 172 MB
[runlim] sample:		359.99 time, 360.02 real, 185 MB
[runlim] sample:		369.99 time, 370.02 real, 185 MB
[runlim] sample:		380.00 time, 380.02 real, 248 MB
[runlim] sample:		390.00 time, 390.02 real, 248 MB
[runlim] sample:		399.99 time, 400.01 real, 293 MB
[runlim] sample:		410.00 time, 410.01 real, 261 MB
[runlim] sample:		419.99 time, 420.01 real, 331 MB
[runlim] sample:		429.99 time, 430.01 real, 331 MB
[runlim] sample:		439.99 time, 440.02 real, 331 MB
[runlim] sample:		449.99 time, 450.02 real, 331 MB
[runlim] sample:		459.99 time, 460.02 real, 331 MB
[runlim] sample:		469.99 time, 470.02 real, 331 MB
[runlim] sample:		480.00 time, 480.01 real, 336 MB
[runlim] sample:		490.00 time, 490.02 real, 342 MB
[runlim] sample:		500.00 time, 500.01 real, 342 MB
[runlim] sample:		510.00 time, 510.02 real, 342 MB
[runlim] sample:		520.00 time, 520.01 real, 377 MB
[runlim] sample:		530.00 time, 530.01 real, 398 MB
[runlim] sample:		540.00 time, 540.02 real, 263 MB
[runlim] sample:		550.00 time, 550.01 real, 265 MB
[runlim] sample:		560.00 time, 560.01 real, 265 MB
[runlim] sample:		570.00 time, 570.02 real, 265 MB
[runlim] sample:		580.00 time, 580.02 real, 265 MB
[runlim] sample:		590.00 time, 590.01 real, 265 MB
[runlim] sample:		600.00 time, 600.01 real, 265 MB
[runlim] sample:		610.00 time, 610.02 real, 265 MB
[runlim] sample:		620.00 time, 620.01 real, 278 MB
[runlim] sample:		630.00 time, 630.02 real, 307 MB
[runlim] sample:		640.00 time, 640.02 real, 326 MB
[runlim] sample:		650.00 time, 650.02 real, 326 MB
[runlim] sample:		660.00 time, 660.02 real, 326 MB
[runlim] sample:		670.00 time, 670.01 real, 360 MB
[runlim] sample:		680.00 time, 680.01 real, 323 MB
[runlim] sample:		690.00 time, 690.01 real, 344 MB
[runlim] sample:		699.99 time, 700.02 real, 324 MB
[runlim] sample:		709.99 time, 710.01 real, 324 MB
[runlim] sample:		719.99 time, 720.01 real, 324 MB
[runlim] sample:		729.99 time, 730.01 real, 324 MB
[runlim] sample:		739.99 time, 740.01 real, 324 MB
[runlim] sample:		749.99 time, 750.01 real, 324 MB
[runlim] sample:		759.99 time, 760.01 real, 324 MB
[runlim] sample:		770.00 time, 770.01 real, 342 MB
[runlim] sample:		780.00 time, 780.01 real, 342 MB
[runlim] sample:		790.00 time, 790.01 real, 342 MB
[runlim] sample:		800.00 time, 800.01 real, 341 MB
[runlim] sample:		810.00 time, 810.01 real, 341 MB
[runlim] sample:		820.00 time, 820.01 real, 341 MB
[runlim] sample:		830.00 time, 830.01 real, 341 MB
[runlim] sample:		840.00 time, 840.01 real, 341 MB
[runlim] sample:		850.00 time, 850.01 real, 322 MB
[runlim] sample:		860.00 time, 860.01 real, 324 MB
[runlim] sample:		870.00 time, 870.02 real, 324 MB
[runlim] sample:		879.99 time, 880.02 real, 344 MB
[runlim] sample:		889.99 time, 890.02 real, 344 MB
[runlim] sample:		899.99 time, 900.02 real, 344 MB
[runlim] sample:		909.99 time, 910.02 real, 344 MB
[runlim] sample:		919.99 time, 920.02 real, 344 MB
[runlim] sample:		929.99 time, 930.02 real, 344 MB
[runlim] sample:		940.00 time, 940.01 real, 405 MB
[runlim] sample:		949.99 time, 950.01 real, 367 MB
[runlim] sample:		959.99 time, 960.01 real, 324 MB
[runlim] sample:		970.00 time, 970.01 real, 325 MB
[runlim] sample:		979.99 time, 980.01 real, 326 MB
[runlim] sample:		990.00 time, 990.01 real, 324 MB
[runlim] sample:		999.99 time, 1000.01 real, 324 MB
[runlim] sample:		1009.99 time, 1010.01 real, 305 MB
[runlim] sample:		1019.99 time, 1020.02 real, 307 MB
[runlim] sample:		1030.00 time, 1030.01 real, 306 MB
[runlim] sample:		1039.99 time, 1040.01 real, 297 MB
[runlim] sample:		1049.99 time, 1050.01 real, 297 MB
[runlim] sample:		1060.00 time, 1060.01 real, 296 MB
[runlim] sample:		1069.99 time, 1070.01 real, 290 MB
[runlim] sample:		1079.99 time, 1080.01 real, 292 MB
[runlim] sample:		1089.99 time, 1090.02 real, 278 MB
[runlim] sample:		1099.99 time, 1100.01 real, 294 MB
[runlim] sample:		1110.00 time, 1110.01 real, 293 MB
[runlim] sample:		1119.99 time, 1120.01 real, 293 MB
[runlim] sample:		1130.00 time, 1130.01 real, 287 MB
[runlim] sample:		1140.00 time, 1140.01 real, 276 MB
[runlim] sample:		1150.00 time, 1150.01 real, 288 MB
[runlim] sample:		1159.99 time, 1160.01 real, 287 MB
[runlim] sample:		1169.99 time, 1170.01 real, 281 MB
[runlim] sample:		1179.99 time, 1180.01 real, 282 MB
[runlim] sample:		1189.99 time, 1190.01 real, 281 MB
[runlim] sample:		1200.00 time, 1200.02 real, 262 MB
[runlim] sample:		1210.00 time, 1210.02 real, 262 MB
[runlim] sample:		1220.00 time, 1220.02 real, 262 MB
[runlim] sample:		1230.00 time, 1230.02 real, 262 MB
[runlim] sample:		1240.00 time, 1240.02 real, 262 MB
[runlim] sample:		1250.00 time, 1250.02 real, 262 MB
[runlim] sample:		1260.00 time, 1260.02 real, 262 MB
[runlim] sample:		1269.99 time, 1270.02 real, 262 MB
[runlim] sample:		1279.99 time, 1280.02 real, 194 MB
[runlim] sample:		1289.99 time, 1290.01 real, 267 MB
[runlim] sample:		1299.99 time, 1300.01 real, 304 MB
[runlim] sample:		1309.99 time, 1310.01 real, 304 MB
[runlim] sample:		1319.99 time, 1320.01 real, 304 MB
[runlim] sample:		1329.99 time, 1330.01 real, 304 MB
[runlim] sample:		1339.99 time, 1340.01 real, 304 MB
[runlim] sample:		1349.99 time, 1350.01 real, 304 MB
[runlim] sample:		1359.99 time, 1360.01 real, 304 MB
[runlim] sample:		1369.99 time, 1370.01 real, 304 MB
[runlim] sample:		1379.99 time, 1380.01 real, 304 MB
[runlim] sample:		1389.99 time, 1390.01 real, 304 MB
[runlim] sample:		1399.99 time, 1400.02 real, 272 MB
[runlim] sample:		1409.99 time, 1410.02 real, 272 MB
[runlim] sample:		1419.99 time, 1420.02 real, 272 MB
[runlim] sample:		1429.99 time, 1430.02 real, 272 MB
[runlim] sample:		1439.99 time, 1440.02 real, 272 MB
[runlim] sample:		1449.99 time, 1450.02 real, 272 MB
[runlim] sample:		1459.99 time, 1460.02 real, 272 MB
[runlim] sample:		1469.99 time, 1470.02 real, 272 MB
[runlim] sample:		1479.99 time, 1480.02 real, 272 MB
[runlim] sample:		1489.99 time, 1490.02 real, 272 MB
[runlim] sample:		1499.99 time, 1500.02 real, 272 MB
[runlim] sample:		1509.99 time, 1510.02 real, 272 MB
[runlim] sample:		1519.99 time, 1520.02 real, 272 MB
[runlim] sample:		1529.99 time, 1530.02 real, 272 MB
[runlim] sample:		1539.99 time, 1540.02 real, 272 MB
[runlim] sample:		1549.99 time, 1550.02 real, 273 MB
[runlim] sample:		1559.99 time, 1560.02 real, 273 MB
[runlim] sample:		1569.99 time, 1570.02 real, 273 MB
[runlim] sample:		1579.99 time, 1580.02 real, 273 MB
[runlim] sample:		1589.99 time, 1590.02 real, 273 MB
[runlim] sample:		1599.99 time, 1600.02 real, 273 MB
[runlim] sample:		1609.99 time, 1610.02 real, 344 MB
[runlim] sample:		1619.99 time, 1620.02 real, 349 MB
[runlim] sample:		1629.99 time, 1630.02 real, 349 MB
[runlim] sample:		1639.99 time, 1640.02 real, 349 MB
[runlim] sample:		1649.99 time, 1650.02 real, 349 MB
[runlim] sample:		1659.99 time, 1660.02 real, 349 MB
[runlim] sample:		1669.99 time, 1670.02 real, 349 MB
[runlim] sample:		1679.99 time, 1680.02 real, 349 MB
[runlim] sample:		1689.99 time, 1690.02 real, 349 MB
[runlim] sample:		1699.99 time, 1700.02 real, 349 MB
[runlim] sample:		1709.99 time, 1710.02 real, 349 MB
[runlim] sample:		1719.99 time, 1720.02 real, 349 MB
[runlim] sample:		1729.99 time, 1730.02 real, 349 MB
[runlim] sample:		1739.99 time, 1740.02 real, 349 MB
[runlim] sample:		1749.99 time, 1750.01 real, 355 MB
[runlim] sample:		1759.99 time, 1760.02 real, 366 MB
[runlim] sample:		1769.99 time, 1770.02 real, 480 MB
[runlim] sample:		1779.99 time, 1780.01 real, 480 MB
[runlim] sample:		1789.99 time, 1790.01 real, 480 MB
[runlim] sample:		1799.99 time, 1800.02 real, 480 MB
[runlim] sample:		1809.99 time, 1810.01 real, 480 MB
[runlim] sample:		1819.99 time, 1820.02 real, 480 MB
[runlim] sample:		1829.99 time, 1830.02 real, 480 MB
[runlim] sample:		1839.99 time, 1840.02 real, 480 MB
[runlim] sample:		1849.99 time, 1850.02 real, 480 MB
[runlim] sample:		1859.99 time, 1860.02 real, 480 MB
[runlim] sample:		1869.99 time, 1870.02 real, 382 MB
[runlim] sample:		1879.99 time, 1880.01 real, 544 MB
[runlim] sample:		1889.99 time, 1890.02 real, 550 MB
[runlim] sample:		1899.99 time, 1900.01 real, 340 MB
[runlim] sample:		1909.99 time, 1910.02 real, 359 MB
[runlim] sample:		1919.99 time, 1920.01 real, 358 MB
[runlim] sample:		1929.99 time, 1930.02 real, 358 MB
[runlim] sample:		1939.99 time, 1940.02 real, 385 MB
[runlim] sample:		1949.99 time, 1950.02 real, 368 MB
[runlim] sample:		1959.99 time, 1960.01 real, 416 MB
[runlim] sample:		1969.99 time, 1970.01 real, 398 MB
[runlim] sample:		1979.99 time, 1980.01 real, 398 MB
[runlim] sample:		1989.99 time, 1990.01 real, 398 MB
[runlim] sample:		1999.99 time, 2000.02 real, 398 MB
[runlim] sample:		2009.99 time, 2010.02 real, 398 MB
[runlim] sample:		2019.99 time, 2020.02 real, 398 MB
[runlim] sample:		2029.99 time, 2030.02 real, 398 MB
[runlim] sample:		2039.99 time, 2040.01 real, 398 MB
[runlim] sample:		2049.99 time, 2050.02 real, 405 MB
[runlim] sample:		2059.99 time, 2060.02 real, 401 MB
[runlim] sample:		2069.99 time, 2070.01 real, 401 MB
[runlim] sample:		2079.99 time, 2080.01 real, 401 MB
[runlim] sample:		2089.99 time, 2090.02 real, 401 MB
[runlim] sample:		2099.99 time, 2100.01 real, 401 MB
[runlim] sample:		2109.99 time, 2110.01 real, 401 MB
[runlim] sample:		2119.99 time, 2120.02 real, 401 MB
[runlim] sample:		2129.99 time, 2130.02 real, 401 MB
[runlim] sample:		2139.99 time, 2140.01 real, 401 MB
[runlim] sample:		2149.99 time, 2150.01 real, 401 MB
[runlim] sample:		2159.99 time, 2160.01 real, 401 MB
[runlim] sample:		2169.99 time, 2170.01 real, 426 MB
[runlim] sample:		2179.99 time, 2180.01 real, 426 MB
[runlim] sample:		2189.99 time, 2190.01 real, 426 MB
[runlim] sample:		2199.99 time, 2200.01 real, 409 MB
[runlim] sample:		2209.99 time, 2210.01 real, 409 MB
[runlim] sample:		2219.99 time, 2220.01 real, 409 MB
[runlim] sample:		2229.99 time, 2230.02 real, 409 MB
[runlim] sample:		2239.99 time, 2240.02 real, 409 MB
[runlim] sample:		2249.99 time, 2250.02 real, 409 MB
[runlim] sample:		2259.99 time, 2260.01 real, 409 MB
[runlim] sample:		2269.99 time, 2270.02 real, 409 MB
[runlim] sample:		2279.99 time, 2280.02 real, 409 MB
[runlim] sample:		2289.99 time, 2290.02 real, 409 MB
[runlim] sample:		2299.98 time, 2300.02 real, 410 MB
[runlim] sample:		2309.98 time, 2310.02 real, 410 MB
[runlim] sample:		2319.99 time, 2320.02 real, 434 MB
[runlim] sample:		2329.99 time, 2330.02 real, 434 MB
[runlim] sample:		2339.99 time, 2340.02 real, 434 MB
[runlim] sample:		2349.99 time, 2350.02 real, 434 MB
[runlim] sample:		2359.99 time, 2360.02 real, 434 MB
[runlim] sample:		2369.99 time, 2370.02 real, 434 MB
[runlim] sample:		2379.99 time, 2380.02 real, 434 MB
[runlim] sample:		2389.98 time, 2390.01 real, 502 MB
[runlim] sample:		2399.98 time, 2400.01 real, 502 MB
[runlim] sample:		2409.98 time, 2410.02 real, 502 MB
[runlim] sample:		2419.99 time, 2420.01 real, 501 MB
[runlim] sample:		2429.99 time, 2430.02 real, 458 MB
[runlim] sample:		2439.99 time, 2440.02 real, 539 MB
[runlim] sample:		2449.99 time, 2450.01 real, 503 MB
[runlim] sample:		2459.99 time, 2460.01 real, 503 MB
[runlim] sample:		2469.99 time, 2470.01 real, 503 MB
[runlim] sample:		2479.98 time, 2480.02 real, 450 MB
[runlim] sample:		2489.98 time, 2490.02 real, 450 MB
[runlim] sample:		2499.98 time, 2500.02 real, 396 MB
[runlim] sample:		2509.99 time, 2510.02 real, 429 MB
[runlim] sample:		2519.99 time, 2520.01 real, 429 MB
[runlim] sample:		2529.99 time, 2530.01 real, 429 MB
[runlim] sample:		2539.99 time, 2540.01 real, 429 MB
[runlim] sample:		2549.99 time, 2550.01 real, 429 MB
[runlim] sample:		2559.99 time, 2560.01 real, 429 MB
[runlim] sample:		2569.99 time, 2570.02 real, 429 MB
[runlim] sample:		2579.99 time, 2580.01 real, 429 MB
[runlim] sample:		2589.99 time, 2590.01 real, 462 MB
[runlim] sample:		2599.99 time, 2600.01 real, 462 MB
[runlim] sample:		2609.99 time, 2610.01 real, 462 MB
[runlim] sample:		2619.99 time, 2620.01 real, 462 MB
[runlim] sample:		2629.99 time, 2630.01 real, 462 MB
[runlim] sample:		2639.99 time, 2640.01 real, 462 MB
[runlim] sample:		2649.99 time, 2650.01 real, 462 MB
[runlim] sample:		2659.99 time, 2660.02 real, 466 MB
[runlim] sample:		2669.99 time, 2670.01 real, 492 MB
[runlim] sample:		2679.99 time, 2680.01 real, 492 MB
[runlim] sample:		2689.99 time, 2690.01 real, 487 MB
[runlim] sample:		2699.99 time, 2700.01 real, 487 MB
[runlim] sample:		2709.98 time, 2710.02 real, 462 MB
[runlim] sample:		2719.98 time, 2720.01 real, 462 MB
[runlim] sample:		2729.99 time, 2730.01 real, 487 MB
[runlim] sample:		2739.98 time, 2740.02 real, 462 MB
[runlim] sample:		2749.98 time, 2750.01 real, 462 MB
[runlim] sample:		2759.98 time, 2760.01 real, 462 MB
[runlim] sample:		2769.98 time, 2770.01 real, 462 MB
[runlim] sample:		2779.98 time, 2780.01 real, 462 MB
[runlim] sample:		2789.98 time, 2790.01 real, 462 MB
[runlim] sample:		2799.98 time, 2800.02 real, 462 MB
[runlim] sample:		2809.99 time, 2810.02 real, 473 MB
[runlim] sample:		2819.99 time, 2820.01 real, 478 MB
[runlim] sample:		2829.99 time, 2830.02 real, 478 MB
[runlim] sample:		2839.99 time, 2840.01 real, 486 MB
[runlim] sample:		2849.99 time, 2850.02 real, 367 MB
[runlim] sample:		2859.98 time, 2860.02 real, 367 MB
[runlim] sample:		2869.98 time, 2870.02 real, 271 MB
[runlim] sample:		2879.99 time, 2880.02 real, 373 MB
[runlim] sample:		2889.98 time, 2890.01 real, 373 MB
[runlim] sample:		2899.99 time, 2900.01 real, 436 MB
[runlim] sample:		2909.99 time, 2910.01 real, 436 MB
[runlim] sample:		2919.99 time, 2920.02 real, 436 MB
[runlim] sample:		2929.98 time, 2930.02 real, 379 MB
[runlim] sample:		2939.98 time, 2940.02 real, 379 MB
[runlim] sample:		2949.98 time, 2950.02 real, 379 MB
[runlim] sample:		2959.98 time, 2960.01 real, 379 MB
[runlim] sample:		2969.98 time, 2970.02 real, 379 MB
[runlim] sample:		2979.98 time, 2980.02 real, 379 MB
[runlim] sample:		2989.98 time, 2990.02 real, 379 MB
[runlim] sample:		2999.98 time, 3000.02 real, 379 MB
[runlim] sample:		3009.98 time, 3010.02 real, 379 MB
[runlim] sample:		3019.98 time, 3020.02 real, 379 MB
[runlim] sample:		3029.98 time, 3030.02 real, 379 MB
[runlim] sample:		3039.98 time, 3040.02 real, 379 MB
[runlim] sample:		3049.98 time, 3050.02 real, 379 MB
[runlim] sample:		3059.98 time, 3060.01 real, 379 MB
[runlim] sample:		3069.98 time, 3070.02 real, 379 MB
[runlim] sample:		3079.98 time, 3080.02 real, 379 MB
[runlim] end:			Fri Oct 18 03:50:53 2019
[runlim] status:		ok
[runlim] result:		0
[runlim] children:		2
[runlim] real:			3080.97 seconds
[runlim] time:			3080.88 seconds
[runlim] space:			625 MB
[runlim] samples:		30809
