[runlim] version:		1.17
[runlim] host:			c3n23
[runlim] time limit:		311040000 seconds
[runlim] real time limit:	3600 seconds
[runlim] space limit:		120000 MB
[runlim] argv[0]:		./run-btormc-master.sh
[runlim] argv[1]:		/tmp/fzqWUw8C.btor
[runlim] start:			Fri Oct 18 02:23:52 2019
[runlim] child:			9207
[runlim] sample:		10.00 time, 10.02 real, 108 MB
[runlim] sample:		20.00 time, 20.01 real, 124 MB
[runlim] sample:		30.00 time, 30.01 real, 125 MB
[runlim] sample:		40.00 time, 40.01 real, 143 MB
[runlim] sample:		50.00 time, 50.01 real, 161 MB
[runlim] sample:		60.00 time, 60.01 real, 159 MB
[runlim] sample:		70.00 time, 70.01 real, 161 MB
[runlim] sample:		80.00 time, 80.01 real, 155 MB
[runlim] sample:		89.99 time, 90.02 real, 156 MB
[runlim] sample:		99.99 time, 100.02 real, 156 MB
[runlim] sample:		110.00 time, 110.02 real, 157 MB
[runlim] sample:		120.00 time, 120.01 real, 157 MB
[runlim] sample:		129.99 time, 130.02 real, 162 MB
[runlim] sample:		139.99 time, 140.01 real, 162 MB
[runlim] sample:		149.99 time, 150.01 real, 162 MB
[runlim] sample:		160.00 time, 160.01 real, 163 MB
[runlim] sample:		170.00 time, 170.01 real, 163 MB
[runlim] sample:		180.00 time, 180.02 real, 163 MB
[runlim] sample:		190.00 time, 190.02 real, 163 MB
[runlim] sample:		200.00 time, 200.01 real, 163 MB
[runlim] sample:		209.99 time, 210.02 real, 164 MB
[runlim] sample:		219.99 time, 220.01 real, 164 MB
[runlim] sample:		229.99 time, 230.01 real, 164 MB
[runlim] sample:		240.00 time, 240.02 real, 165 MB
[runlim] sample:		250.00 time, 250.02 real, 165 MB
[runlim] sample:		260.00 time, 260.02 real, 165 MB
[runlim] sample:		270.00 time, 270.01 real, 165 MB
[runlim] sample:		279.99 time, 280.01 real, 174 MB
[runlim] sample:		289.99 time, 290.02 real, 174 MB
[runlim] sample:		299.99 time, 300.02 real, 174 MB
[runlim] sample:		309.99 time, 310.01 real, 174 MB
[runlim] sample:		319.99 time, 320.01 real, 174 MB
[runlim] sample:		329.99 time, 330.01 real, 174 MB
[runlim] sample:		339.99 time, 340.01 real, 174 MB
[runlim] sample:		349.99 time, 350.01 real, 174 MB
[runlim] sample:		360.00 time, 360.01 real, 174 MB
[runlim] sample:		370.00 time, 370.02 real, 175 MB
[runlim] sample:		380.00 time, 380.01 real, 175 MB
[runlim] sample:		390.00 time, 390.01 real, 175 MB
[runlim] sample:		400.00 time, 400.02 real, 175 MB
[runlim] sample:		410.00 time, 410.01 real, 182 MB
[runlim] sample:		420.00 time, 420.02 real, 182 MB
[runlim] sample:		430.00 time, 430.01 real, 182 MB
[runlim] sample:		440.00 time, 440.01 real, 182 MB
[runlim] sample:		450.00 time, 450.01 real, 184 MB
[runlim] sample:		460.00 time, 460.01 real, 184 MB
[runlim] sample:		470.00 time, 470.01 real, 184 MB
[runlim] sample:		480.00 time, 480.01 real, 184 MB
[runlim] sample:		490.00 time, 490.01 real, 184 MB
[runlim] sample:		500.00 time, 500.01 real, 196 MB
[runlim] sample:		510.00 time, 510.01 real, 196 MB
[runlim] sample:		520.00 time, 520.01 real, 196 MB
[runlim] sample:		530.00 time, 530.01 real, 196 MB
[runlim] sample:		540.00 time, 540.01 real, 196 MB
[runlim] sample:		550.00 time, 550.01 real, 195 MB
[runlim] sample:		560.00 time, 560.01 real, 195 MB
[runlim] sample:		570.00 time, 570.02 real, 187 MB
[runlim] sample:		580.00 time, 580.02 real, 253 MB
[runlim] sample:		590.00 time, 590.02 real, 305 MB
[runlim] end:			Fri Oct 18 02:33:43 2019
[runlim] status:		ok
[runlim] result:		0
[runlim] children:		2
[runlim] real:			590.83 seconds
[runlim] time:			590.80 seconds
[runlim] space:			307 MB
[runlim] samples:		5908
