[runlim] version:		1.17
[runlim] host:			c3n11
[runlim] time limit:		311040000 seconds
[runlim] real time limit:	3600 seconds
[runlim] space limit:		120000 MB
[runlim] argv[0]:		./run-btormc-master.sh
[runlim] argv[1]:		/tmp/qjQVOqgl.btor
[runlim] start:			Fri Oct 18 04:06:17 2019
[runlim] child:			26193
[runlim] sample:		9.99 time, 10.01 real, 92 MB
[runlim] sample:		20.00 time, 20.01 real, 132 MB
[runlim] sample:		30.00 time, 30.01 real, 188 MB
[runlim] sample:		40.00 time, 40.01 real, 202 MB
[runlim] sample:		50.00 time, 50.01 real, 232 MB
[runlim] sample:		60.00 time, 60.01 real, 284 MB
[runlim] sample:		69.99 time, 70.01 real, 345 MB
[runlim] sample:		80.00 time, 80.01 real, 348 MB
[runlim] sample:		90.00 time, 90.01 real, 365 MB
[runlim] sample:		100.00 time, 100.01 real, 367 MB
[runlim] sample:		110.00 time, 110.01 real, 413 MB
[runlim] sample:		120.00 time, 120.01 real, 410 MB
[runlim] sample:		130.00 time, 130.01 real, 414 MB
[runlim] sample:		140.00 time, 140.01 real, 380 MB
[runlim] sample:		149.99 time, 150.01 real, 442 MB
[runlim] sample:		159.99 time, 160.01 real, 432 MB
[runlim] sample:		169.99 time, 170.01 real, 520 MB
[runlim] sample:		179.99 time, 180.01 real, 646 MB
[runlim] sample:		189.99 time, 190.01 real, 733 MB
[runlim] sample:		200.00 time, 200.01 real, 847 MB
[runlim] sample:		210.00 time, 210.01 real, 923 MB
[runlim] sample:		219.99 time, 220.01 real, 925 MB
[runlim] sample:		230.00 time, 230.01 real, 929 MB
[runlim] sample:		239.99 time, 240.01 real, 929 MB
[runlim] sample:		249.99 time, 250.01 real, 929 MB
[runlim] sample:		260.00 time, 260.01 real, 930 MB
[runlim] sample:		269.99 time, 270.01 real, 986 MB
[runlim] sample:		279.99 time, 280.01 real, 986 MB
[runlim] sample:		290.00 time, 290.01 real, 931 MB
[runlim] sample:		299.99 time, 300.01 real, 1025 MB
[runlim] sample:		309.99 time, 310.01 real, 1025 MB
[runlim] sample:		319.99 time, 320.01 real, 1025 MB
[runlim] sample:		329.99 time, 330.01 real, 911 MB
[runlim] sample:		339.99 time, 340.01 real, 958 MB
[runlim] sample:		349.99 time, 350.01 real, 992 MB
[runlim] sample:		359.99 time, 360.01 real, 1043 MB
[runlim] sample:		369.99 time, 370.01 real, 1065 MB
[runlim] sample:		379.99 time, 380.01 real, 965 MB
[runlim] sample:		389.99 time, 390.01 real, 965 MB
[runlim] sample:		399.99 time, 400.01 real, 967 MB
[runlim] sample:		409.99 time, 410.01 real, 1006 MB
[runlim] sample:		419.99 time, 420.01 real, 1006 MB
[runlim] sample:		429.99 time, 430.01 real, 1006 MB
[runlim] sample:		439.99 time, 440.01 real, 1006 MB
[runlim] sample:		449.99 time, 450.01 real, 966 MB
[runlim] sample:		459.99 time, 460.01 real, 966 MB
[runlim] sample:		469.99 time, 470.01 real, 966 MB
[runlim] sample:		479.99 time, 480.01 real, 969 MB
[runlim] sample:		489.99 time, 490.01 real, 969 MB
[runlim] sample:		499.99 time, 500.01 real, 969 MB
[runlim] sample:		509.99 time, 510.01 real, 969 MB
[runlim] sample:		519.99 time, 520.01 real, 978 MB
[runlim] sample:		529.99 time, 530.01 real, 978 MB
[runlim] sample:		539.99 time, 540.01 real, 976 MB
[runlim] sample:		549.98 time, 550.01 real, 1013 MB
[runlim] sample:		559.98 time, 560.01 real, 1013 MB
[runlim] sample:		569.99 time, 570.01 real, 1013 MB
[runlim] sample:		579.99 time, 580.01 real, 1043 MB
[runlim] sample:		589.99 time, 590.01 real, 982 MB
[runlim] sample:		599.98 time, 600.01 real, 982 MB
[runlim] sample:		609.98 time, 610.01 real, 982 MB
[runlim] sample:		619.98 time, 620.01 real, 982 MB
[runlim] sample:		629.98 time, 630.01 real, 1027 MB
[runlim] sample:		639.98 time, 640.01 real, 1027 MB
[runlim] sample:		649.98 time, 650.01 real, 1027 MB
[runlim] sample:		659.98 time, 660.01 real, 1027 MB
[runlim] sample:		669.98 time, 670.01 real, 1027 MB
[runlim] sample:		679.98 time, 680.01 real, 1027 MB
[runlim] sample:		689.99 time, 690.01 real, 1027 MB
[runlim] sample:		699.99 time, 700.01 real, 1027 MB
[runlim] sample:		709.99 time, 710.01 real, 1027 MB
[runlim] sample:		719.98 time, 720.01 real, 1027 MB
[runlim] sample:		729.98 time, 730.01 real, 1067 MB
[runlim] sample:		739.98 time, 740.01 real, 982 MB
[runlim] sample:		749.99 time, 750.01 real, 982 MB
[runlim] sample:		759.99 time, 760.01 real, 982 MB
[runlim] sample:		769.99 time, 770.01 real, 982 MB
[runlim] sample:		779.99 time, 780.01 real, 982 MB
[runlim] sample:		789.99 time, 790.01 real, 984 MB
[runlim] sample:		799.99 time, 800.01 real, 984 MB
[runlim] sample:		809.99 time, 810.01 real, 984 MB
[runlim] sample:		819.98 time, 820.01 real, 984 MB
[runlim] sample:		829.98 time, 830.01 real, 984 MB
[runlim] sample:		839.98 time, 840.01 real, 984 MB
[runlim] sample:		849.98 time, 850.01 real, 984 MB
[runlim] sample:		859.98 time, 860.01 real, 987 MB
[runlim] sample:		869.98 time, 870.01 real, 1028 MB
[runlim] sample:		879.98 time, 880.01 real, 1028 MB
[runlim] sample:		889.98 time, 890.01 real, 1028 MB
[runlim] sample:		899.98 time, 900.01 real, 1028 MB
[runlim] sample:		909.98 time, 910.01 real, 1028 MB
[runlim] sample:		919.98 time, 920.01 real, 986 MB
[runlim] sample:		929.98 time, 930.01 real, 986 MB
[runlim] sample:		939.98 time, 940.01 real, 986 MB
[runlim] sample:		949.98 time, 950.01 real, 986 MB
[runlim] sample:		959.98 time, 960.01 real, 986 MB
[runlim] sample:		969.98 time, 970.01 real, 986 MB
[runlim] sample:		979.98 time, 980.01 real, 986 MB
[runlim] sample:		989.98 time, 990.01 real, 978 MB
[runlim] sample:		999.97 time, 1000.01 real, 977 MB
[runlim] sample:		1009.98 time, 1010.01 real, 975 MB
[runlim] sample:		1019.98 time, 1020.01 real, 985 MB
[runlim] sample:		1029.98 time, 1030.01 real, 974 MB
[runlim] sample:		1039.98 time, 1040.01 real, 974 MB
[runlim] sample:		1049.98 time, 1050.01 real, 1006 MB
[runlim] sample:		1059.97 time, 1060.01 real, 1006 MB
[runlim] sample:		1069.98 time, 1070.01 real, 964 MB
[runlim] sample:		1079.97 time, 1080.01 real, 932 MB
[runlim] sample:		1089.98 time, 1090.01 real, 932 MB
[runlim] sample:		1099.97 time, 1100.01 real, 933 MB
[runlim] sample:		1109.98 time, 1110.01 real, 967 MB
[runlim] sample:		1119.97 time, 1120.01 real, 1030 MB
[runlim] sample:		1129.97 time, 1130.01 real, 1121 MB
[runlim] sample:		1139.97 time, 1140.01 real, 1183 MB
[runlim] sample:		1149.98 time, 1150.01 real, 1192 MB
[runlim] sample:		1159.97 time, 1160.01 real, 1130 MB
[runlim] end:			Fri Oct 18 04:25:44 2019
[runlim] status:		ok
[runlim] result:		0
[runlim] children:		2
[runlim] real:			1166.72 seconds
[runlim] time:			1166.67 seconds
[runlim] space:			1260 MB
[runlim] samples:		11667
