[runlim] version:		1.17
[runlim] host:			c3n12
[runlim] time limit:		311040000 seconds
[runlim] real time limit:	3600 seconds
[runlim] space limit:		120000 MB
[runlim] argv[0]:		./run-btormc-master.sh
[runlim] argv[1]:		/tmp/9GoMXzOx.btor
[runlim] start:			Fri Oct 18 02:40:44 2019
[runlim] child:			23702
warning: unsupported tag 'output'
warning: unsupported tag 'output'
warning: unsupported tag 'output'
warning: unsupported tag 'output'
warning: unsupported tag 'output'
warning: unsupported tag 'output'
warning: unsupported tag 'output'
warning: unsupported tag 'output'
warning: unsupported tag 'output'
warning: unsupported tag 'output'
warning: unsupported tag 'output'
warning: unsupported tag 'output'
warning: unsupported tag 'output'
warning: unsupported tag 'output'
warning: unsupported tag 'output'
warning: unsupported tag 'output'
warning: unsupported tag 'output'
warning: unsupported tag 'output'
warning: unsupported tag 'output'
[runlim] sample:		10.00 time, 10.01 real, 60 MB
[runlim] sample:		20.00 time, 20.01 real, 116 MB
[runlim] sample:		30.00 time, 30.02 real, 137 MB
[runlim] sample:		40.00 time, 40.01 real, 179 MB
[runlim] sample:		50.00 time, 50.02 real, 204 MB
[runlim] sample:		60.00 time, 60.01 real, 248 MB
[runlim] sample:		70.00 time, 70.02 real, 234 MB
[runlim] sample:		80.00 time, 80.01 real, 296 MB
[runlim] sample:		90.00 time, 90.02 real, 356 MB
[runlim] sample:		100.00 time, 100.01 real, 330 MB
[runlim] sample:		110.00 time, 110.02 real, 370 MB
[runlim] sample:		120.01 time, 120.02 real, 442 MB
[runlim] sample:		130.00 time, 130.01 real, 460 MB
[runlim] sample:		140.00 time, 140.02 real, 386 MB
[runlim] sample:		150.01 time, 150.02 real, 487 MB
[runlim] sample:		160.00 time, 160.01 real, 449 MB
[runlim] sample:		170.00 time, 170.02 real, 436 MB
[runlim] sample:		180.00 time, 180.01 real, 469 MB
[runlim] sample:		190.00 time, 190.02 real, 557 MB
[runlim] sample:		200.00 time, 200.02 real, 625 MB
[runlim] sample:		210.00 time, 210.02 real, 507 MB
[runlim] sample:		220.00 time, 220.01 real, 581 MB
[runlim] sample:		230.00 time, 230.01 real, 593 MB
[runlim] sample:		240.00 time, 240.02 real, 521 MB
[runlim] sample:		250.01 time, 250.02 real, 655 MB
[runlim] sample:		260.00 time, 260.02 real, 704 MB
[runlim] sample:		270.00 time, 270.01 real, 642 MB
[runlim] sample:		280.01 time, 280.02 real, 726 MB
[runlim] sample:		290.00 time, 290.01 real, 685 MB
[runlim] sample:		300.00 time, 300.02 real, 688 MB
[runlim] sample:		310.00 time, 310.02 real, 612 MB
[runlim] sample:		320.00 time, 320.01 real, 695 MB
[runlim] sample:		330.00 time, 330.02 real, 646 MB
[runlim] sample:		340.00 time, 340.01 real, 704 MB
[runlim] sample:		350.01 time, 350.02 real, 797 MB
[runlim] sample:		360.00 time, 360.02 real, 688 MB
[runlim] sample:		370.00 time, 370.01 real, 725 MB
[runlim] sample:		380.00 time, 380.02 real, 820 MB
[runlim] sample:		390.00 time, 390.02 real, 754 MB
[runlim] sample:		400.00 time, 400.01 real, 754 MB
[runlim] end:			Fri Oct 18 02:47:33 2019
[runlim] status:		ok
[runlim] result:		0
[runlim] children:		2
[runlim] real:			408.25 seconds
[runlim] time:			408.20 seconds
[runlim] space:			871 MB
[runlim] samples:		4082
