[runlim] version:		1.17
[runlim] host:			c3n15
[runlim] time limit:		311040000 seconds
[runlim] real time limit:	3600 seconds
[runlim] space limit:		120000 MB
[runlim] argv[0]:		./run-btormc-master.sh
[runlim] argv[1]:		/tmp/rFFsJHtb.btor
[runlim] start:			Fri Oct 18 02:35:12 2019
[runlim] child:			32368
warning: unsupported tag 'output'
warning: unsupported tag 'output'
[runlim] sample:		10.00 time, 10.02 real, 899 MB
[runlim] sample:		20.00 time, 20.02 real, 1087 MB
[runlim] sample:		30.00 time, 30.02 real, 1053 MB
[runlim] sample:		39.99 time, 40.02 real, 1100 MB
[runlim] sample:		49.99 time, 50.02 real, 1269 MB
[runlim] sample:		59.99 time, 60.02 real, 1086 MB
[runlim] sample:		69.99 time, 70.02 real, 1086 MB
[runlim] sample:		80.00 time, 80.02 real, 892 MB
[runlim] sample:		89.99 time, 90.01 real, 1107 MB
[runlim] sample:		100.00 time, 100.02 real, 1115 MB
[runlim] sample:		110.00 time, 110.02 real, 1115 MB
[runlim] sample:		120.00 time, 120.02 real, 1115 MB
[runlim] sample:		130.00 time, 130.02 real, 1115 MB
[runlim] sample:		139.99 time, 140.02 real, 1403 MB
[runlim] sample:		150.00 time, 150.02 real, 1403 MB
[runlim] sample:		160.00 time, 160.02 real, 1403 MB
[runlim] sample:		170.00 time, 170.02 real, 1403 MB
[runlim] sample:		180.00 time, 180.02 real, 1403 MB
[runlim] sample:		190.00 time, 190.02 real, 1403 MB
[runlim] sample:		199.99 time, 200.02 real, 1403 MB
[runlim] sample:		209.99 time, 210.02 real, 1394 MB
[runlim] sample:		219.99 time, 220.01 real, 1454 MB
[runlim] sample:		230.00 time, 230.01 real, 1495 MB
[runlim] sample:		240.00 time, 240.01 real, 1578 MB
[runlim] sample:		250.00 time, 250.01 real, 1638 MB
[runlim] sample:		259.99 time, 260.01 real, 1638 MB
[runlim] sample:		270.00 time, 270.02 real, 1751 MB
[runlim] sample:		279.99 time, 280.02 real, 1751 MB
[runlim] sample:		289.99 time, 290.01 real, 1751 MB
[runlim] sample:		300.00 time, 300.01 real, 1751 MB
[runlim] sample:		309.99 time, 310.02 real, 1751 MB
[runlim] sample:		319.99 time, 320.01 real, 1751 MB
[runlim] sample:		329.99 time, 330.02 real, 1871 MB
[runlim] sample:		339.99 time, 340.02 real, 1433 MB
[runlim] sample:		349.99 time, 350.02 real, 1439 MB
[runlim] sample:		359.99 time, 360.02 real, 1801 MB
[runlim] sample:		370.00 time, 370.02 real, 1444 MB
[runlim] sample:		380.00 time, 380.02 real, 1444 MB
[runlim] sample:		389.99 time, 390.02 real, 1444 MB
[runlim] end:			Fri Oct 18 02:41:45 2019
[runlim] status:		ok
[runlim] result:		0
[runlim] children:		2
[runlim] real:			393.17 seconds
[runlim] time:			393.10 seconds
[runlim] space:			2102 MB
[runlim] samples:		3931
