[runlim] version:		1.17
[runlim] host:			c3n05
[runlim] time limit:		311040000 seconds
[runlim] real time limit:	3600 seconds
[runlim] space limit:		120000 MB
[runlim] argv[0]:		./run-btormc-master.sh
[runlim] argv[1]:		/tmp/5eaT0dml.btor
[runlim] start:			Fri Oct 18 05:09:52 2019
[runlim] child:			19094
[runlim] sample:		10.00 time, 10.01 real, 193 MB
[runlim] sample:		20.00 time, 20.02 real, 407 MB
[runlim] sample:		30.00 time, 30.01 real, 536 MB
[runlim] sample:		40.00 time, 40.02 real, 677 MB
[runlim] end:			Fri Oct 18 05:10:41 2019
[runlim] status:		ok
[runlim] result:		0
[runlim] children:		2
[runlim] real:			48.91 seconds
[runlim] time:			48.80 seconds
[runlim] space:			858 MB
[runlim] samples:		488
