[runlim] version:		1.17
[runlim] host:			c3n10
[runlim] time limit:		311040000 seconds
[runlim] real time limit:	3600 seconds
[runlim] space limit:		120000 MB
[runlim] argv[0]:		./run-btormc-master.sh
[runlim] argv[1]:		/tmp/b2bqYUqn.btor
[runlim] start:			Fri Oct 18 03:03:56 2019
[runlim] child:			3744
[runlim] sample:		10.00 time, 10.02 real, 120 MB
[runlim] sample:		20.00 time, 20.01 real, 121 MB
[runlim] sample:		30.00 time, 30.01 real, 121 MB
[runlim] sample:		40.00 time, 40.01 real, 121 MB
[runlim] sample:		49.99 time, 50.01 real, 144 MB
[runlim] sample:		60.00 time, 60.01 real, 145 MB
[runlim] sample:		70.00 time, 70.01 real, 145 MB
[runlim] sample:		80.00 time, 80.01 real, 152 MB
[runlim] sample:		90.00 time, 90.01 real, 150 MB
[runlim] sample:		100.00 time, 100.01 real, 223 MB
[runlim] sample:		110.00 time, 110.01 real, 189 MB
[runlim] sample:		120.00 time, 120.01 real, 189 MB
[runlim] sample:		130.00 time, 130.01 real, 189 MB
[runlim] sample:		140.00 time, 140.01 real, 189 MB
[runlim] sample:		150.00 time, 150.01 real, 189 MB
[runlim] sample:		160.00 time, 160.01 real, 189 MB
[runlim] sample:		170.00 time, 170.01 real, 207 MB
[runlim] sample:		179.99 time, 180.01 real, 243 MB
[runlim] sample:		189.99 time, 190.01 real, 243 MB
[runlim] sample:		199.99 time, 200.01 real, 243 MB
[runlim] sample:		209.99 time, 210.01 real, 243 MB
[runlim] sample:		219.99 time, 220.01 real, 243 MB
[runlim] sample:		229.99 time, 230.01 real, 243 MB
[runlim] sample:		239.99 time, 240.01 real, 243 MB
[runlim] sample:		249.99 time, 250.01 real, 243 MB
[runlim] sample:		259.99 time, 260.01 real, 243 MB
[runlim] sample:		269.99 time, 270.01 real, 243 MB
[runlim] sample:		279.99 time, 280.01 real, 243 MB
[runlim] sample:		290.00 time, 290.01 real, 256 MB
[runlim] sample:		300.00 time, 300.01 real, 256 MB
[runlim] sample:		310.00 time, 310.01 real, 256 MB
[runlim] sample:		320.00 time, 320.01 real, 335 MB
[runlim] sample:		330.00 time, 330.01 real, 359 MB
[runlim] sample:		340.00 time, 340.01 real, 245 MB
[runlim] sample:		349.99 time, 350.01 real, 247 MB
[runlim] sample:		360.00 time, 360.01 real, 245 MB
[runlim] sample:		370.00 time, 370.01 real, 256 MB
[runlim] sample:		380.00 time, 380.01 real, 256 MB
[runlim] sample:		390.00 time, 390.01 real, 256 MB
[runlim] sample:		400.00 time, 400.01 real, 256 MB
[runlim] sample:		410.00 time, 410.01 real, 256 MB
[runlim] sample:		420.00 time, 420.01 real, 261 MB
[runlim] sample:		430.00 time, 430.01 real, 261 MB
[runlim] sample:		440.00 time, 440.01 real, 261 MB
[runlim] sample:		450.00 time, 450.01 real, 312 MB
[runlim] sample:		459.99 time, 460.01 real, 311 MB
[runlim] sample:		469.99 time, 470.01 real, 311 MB
[runlim] sample:		479.99 time, 480.01 real, 311 MB
[runlim] sample:		489.99 time, 490.01 real, 311 MB
[runlim] sample:		499.99 time, 500.01 real, 312 MB
[runlim] sample:		509.99 time, 510.01 real, 312 MB
[runlim] sample:		519.99 time, 520.01 real, 312 MB
[runlim] sample:		529.99 time, 530.01 real, 312 MB
[runlim] sample:		539.99 time, 540.01 real, 376 MB
[runlim] sample:		549.99 time, 550.01 real, 376 MB
[runlim] sample:		559.99 time, 560.01 real, 376 MB
[runlim] sample:		569.99 time, 570.01 real, 376 MB
[runlim] sample:		580.00 time, 580.01 real, 376 MB
[runlim] sample:		590.00 time, 590.01 real, 411 MB
[runlim] sample:		600.00 time, 600.01 real, 320 MB
[runlim] sample:		610.00 time, 610.01 real, 320 MB
[runlim] sample:		620.00 time, 620.01 real, 319 MB
[runlim] sample:		630.00 time, 630.01 real, 319 MB
[runlim] sample:		640.00 time, 640.01 real, 319 MB
[runlim] sample:		649.99 time, 650.01 real, 349 MB
[runlim] sample:		660.00 time, 660.01 real, 365 MB
[runlim] sample:		670.00 time, 670.01 real, 365 MB
[runlim] sample:		680.00 time, 680.01 real, 365 MB
[runlim] sample:		690.00 time, 690.01 real, 365 MB
[runlim] sample:		700.00 time, 700.01 real, 325 MB
[runlim] sample:		710.00 time, 710.01 real, 365 MB
[runlim] sample:		720.00 time, 720.01 real, 365 MB
[runlim] sample:		730.00 time, 730.01 real, 365 MB
[runlim] sample:		740.00 time, 740.01 real, 365 MB
[runlim] sample:		750.00 time, 750.01 real, 365 MB
[runlim] sample:		760.00 time, 760.01 real, 372 MB
[runlim] sample:		770.00 time, 770.01 real, 372 MB
[runlim] sample:		779.99 time, 780.01 real, 373 MB
[runlim] sample:		789.99 time, 790.01 real, 373 MB
[runlim] sample:		799.99 time, 800.01 real, 373 MB
[runlim] sample:		809.99 time, 810.01 real, 373 MB
[runlim] sample:		819.99 time, 820.01 real, 373 MB
[runlim] sample:		829.99 time, 830.01 real, 373 MB
[runlim] sample:		839.99 time, 840.01 real, 373 MB
[runlim] sample:		849.99 time, 850.01 real, 373 MB
[runlim] sample:		860.00 time, 860.01 real, 374 MB
[runlim] sample:		870.00 time, 870.01 real, 375 MB
[runlim] sample:		879.99 time, 880.01 real, 379 MB
[runlim] sample:		890.00 time, 890.01 real, 381 MB
[runlim] sample:		900.00 time, 900.01 real, 381 MB
[runlim] sample:		910.00 time, 910.01 real, 380 MB
[runlim] sample:		920.00 time, 920.01 real, 380 MB
[runlim] sample:		930.00 time, 930.01 real, 380 MB
[runlim] sample:		940.00 time, 940.01 real, 380 MB
[runlim] sample:		950.00 time, 950.01 real, 380 MB
[runlim] sample:		960.00 time, 960.01 real, 388 MB
[runlim] sample:		970.00 time, 970.01 real, 287 MB
[runlim] sample:		979.99 time, 980.01 real, 360 MB
[runlim] sample:		989.99 time, 990.01 real, 339 MB
[runlim] sample:		999.99 time, 1000.01 real, 340 MB
[runlim] sample:		1009.99 time, 1010.01 real, 340 MB
[runlim] sample:		1019.99 time, 1020.01 real, 340 MB
[runlim] sample:		1029.99 time, 1030.01 real, 340 MB
[runlim] sample:		1039.99 time, 1040.01 real, 340 MB
[runlim] sample:		1049.99 time, 1050.01 real, 340 MB
[runlim] sample:		1059.99 time, 1060.01 real, 360 MB
[runlim] sample:		1069.99 time, 1070.01 real, 341 MB
[runlim] sample:		1079.99 time, 1080.01 real, 341 MB
[runlim] sample:		1089.99 time, 1090.01 real, 341 MB
[runlim] sample:		1099.99 time, 1100.01 real, 341 MB
[runlim] sample:		1109.99 time, 1110.01 real, 341 MB
[runlim] sample:		1119.99 time, 1120.01 real, 341 MB
[runlim] sample:		1129.99 time, 1130.01 real, 341 MB
[runlim] sample:		1140.00 time, 1140.01 real, 354 MB
[runlim] sample:		1150.00 time, 1150.01 real, 357 MB
[runlim] sample:		1160.00 time, 1160.01 real, 362 MB
[runlim] sample:		1170.00 time, 1170.01 real, 359 MB
[runlim] sample:		1180.00 time, 1180.02 real, 359 MB
[runlim] sample:		1189.99 time, 1190.01 real, 359 MB
[runlim] sample:		1199.99 time, 1200.01 real, 359 MB
[runlim] sample:		1209.99 time, 1210.02 real, 359 MB
[runlim] sample:		1220.00 time, 1220.01 real, 359 MB
[runlim] sample:		1229.99 time, 1230.02 real, 359 MB
[runlim] sample:		1240.00 time, 1240.01 real, 359 MB
[runlim] sample:		1249.99 time, 1250.01 real, 359 MB
[runlim] sample:		1260.00 time, 1260.01 real, 359 MB
[runlim] sample:		1270.00 time, 1270.01 real, 385 MB
[runlim] sample:		1280.00 time, 1280.01 real, 366 MB
[runlim] sample:		1290.00 time, 1290.01 real, 366 MB
[runlim] sample:		1299.99 time, 1300.01 real, 400 MB
[runlim] sample:		1309.99 time, 1310.01 real, 380 MB
[runlim] sample:		1320.00 time, 1320.01 real, 372 MB
[runlim] sample:		1330.00 time, 1330.01 real, 371 MB
[runlim] sample:		1340.00 time, 1340.01 real, 373 MB
[runlim] sample:		1350.00 time, 1350.01 real, 373 MB
[runlim] sample:		1359.99 time, 1360.01 real, 376 MB
[runlim] sample:		1369.99 time, 1370.02 real, 370 MB
[runlim] sample:		1380.00 time, 1380.01 real, 376 MB
[runlim] sample:		1389.99 time, 1390.01 real, 373 MB
[runlim] sample:		1400.00 time, 1400.01 real, 374 MB
[runlim] sample:		1410.00 time, 1410.01 real, 369 MB
[runlim] sample:		1420.00 time, 1420.01 real, 375 MB
[runlim] sample:		1430.00 time, 1430.01 real, 376 MB
[runlim] sample:		1439.99 time, 1440.01 real, 371 MB
[runlim] sample:		1449.99 time, 1450.02 real, 369 MB
[runlim] sample:		1459.99 time, 1460.02 real, 369 MB
[runlim] sample:		1469.99 time, 1470.01 real, 369 MB
[runlim] sample:		1479.99 time, 1480.01 real, 375 MB
[runlim] sample:		1490.00 time, 1490.02 real, 376 MB
[runlim] sample:		1499.99 time, 1500.02 real, 376 MB
[runlim] sample:		1509.99 time, 1510.01 real, 397 MB
[runlim] sample:		1520.00 time, 1520.01 real, 376 MB
[runlim] sample:		1529.99 time, 1530.02 real, 373 MB
[runlim] sample:		1539.99 time, 1540.01 real, 379 MB
[runlim] sample:		1549.99 time, 1550.01 real, 379 MB
[runlim] sample:		1559.99 time, 1560.02 real, 375 MB
[runlim] sample:		1569.99 time, 1570.01 real, 374 MB
[runlim] sample:		1579.99 time, 1580.01 real, 379 MB
[runlim] sample:		1590.00 time, 1590.01 real, 377 MB
[runlim] sample:		1600.00 time, 1600.01 real, 374 MB
[runlim] sample:		1609.99 time, 1610.01 real, 379 MB
[runlim] sample:		1620.00 time, 1620.01 real, 378 MB
[runlim] sample:		1629.99 time, 1630.01 real, 394 MB
[runlim] sample:		1639.99 time, 1640.01 real, 376 MB
[runlim] sample:		1649.99 time, 1650.01 real, 333 MB
[runlim] sample:		1659.99 time, 1660.01 real, 399 MB
[runlim] sample:		1670.00 time, 1670.01 real, 376 MB
[runlim] sample:		1680.00 time, 1680.01 real, 373 MB
[runlim] sample:		1689.99 time, 1690.01 real, 378 MB
[runlim] sample:		1699.99 time, 1700.01 real, 375 MB
[runlim] sample:		1709.99 time, 1710.02 real, 373 MB
[runlim] sample:		1720.00 time, 1720.01 real, 374 MB
[runlim] sample:		1729.99 time, 1730.01 real, 373 MB
[runlim] sample:		1740.00 time, 1740.01 real, 373 MB
[runlim] sample:		1750.00 time, 1750.01 real, 375 MB
[runlim] sample:		1760.00 time, 1760.01 real, 372 MB
[runlim] sample:		1770.00 time, 1770.01 real, 373 MB
[runlim] sample:		1779.99 time, 1780.01 real, 379 MB
[runlim] sample:		1790.00 time, 1790.01 real, 382 MB
[runlim] sample:		1800.00 time, 1800.01 real, 381 MB
[runlim] sample:		1810.00 time, 1810.01 real, 373 MB
[runlim] sample:		1820.00 time, 1820.01 real, 379 MB
[runlim] sample:		1829.99 time, 1830.01 real, 375 MB
[runlim] sample:		1839.99 time, 1840.01 real, 378 MB
[runlim] sample:		1849.99 time, 1850.01 real, 361 MB
[runlim] sample:		1860.00 time, 1860.01 real, 360 MB
[runlim] sample:		1870.00 time, 1870.01 real, 354 MB
[runlim] sample:		1880.00 time, 1880.01 real, 319 MB
[runlim] sample:		1890.00 time, 1890.01 real, 355 MB
[runlim] sample:		1900.00 time, 1900.02 real, 348 MB
[runlim] sample:		1910.00 time, 1910.01 real, 366 MB
[runlim] sample:		1920.00 time, 1920.02 real, 367 MB
[runlim] sample:		1929.99 time, 1930.01 real, 363 MB
[runlim] sample:		1939.99 time, 1940.01 real, 363 MB
[runlim] sample:		1949.99 time, 1950.01 real, 363 MB
[runlim] sample:		1959.99 time, 1960.02 real, 333 MB
[runlim] sample:		1969.99 time, 1970.01 real, 362 MB
[runlim] sample:		1980.00 time, 1980.01 real, 362 MB
[runlim] sample:		1990.00 time, 1990.01 real, 364 MB
[runlim] sample:		2000.00 time, 2000.01 real, 363 MB
[runlim] sample:		2010.00 time, 2010.01 real, 362 MB
[runlim] sample:		2020.00 time, 2020.01 real, 368 MB
[runlim] sample:		2030.00 time, 2030.01 real, 364 MB
[runlim] sample:		2040.00 time, 2040.01 real, 362 MB
[runlim] sample:		2050.00 time, 2050.01 real, 361 MB
[runlim] sample:		2060.00 time, 2060.01 real, 365 MB
[runlim] sample:		2070.00 time, 2070.01 real, 362 MB
[runlim] sample:		2079.99 time, 2080.01 real, 365 MB
[runlim] sample:		2090.00 time, 2090.01 real, 348 MB
[runlim] sample:		2099.99 time, 2100.01 real, 351 MB
[runlim] sample:		2109.99 time, 2110.01 real, 349 MB
[runlim] sample:		2120.00 time, 2120.01 real, 349 MB
[runlim] sample:		2129.99 time, 2130.01 real, 362 MB
[runlim] sample:		2140.00 time, 2140.01 real, 362 MB
[runlim] sample:		2149.99 time, 2150.02 real, 375 MB
[runlim] sample:		2159.99 time, 2160.01 real, 371 MB
[runlim] sample:		2169.99 time, 2170.01 real, 369 MB
[runlim] sample:		2179.99 time, 2180.02 real, 329 MB
[runlim] sample:		2189.99 time, 2190.01 real, 362 MB
[runlim] sample:		2199.99 time, 2200.01 real, 360 MB
[runlim] sample:		2209.99 time, 2210.01 real, 359 MB
[runlim] sample:		2220.00 time, 2220.01 real, 354 MB
[runlim] sample:		2230.00 time, 2230.01 real, 353 MB
[runlim] sample:		2239.99 time, 2240.01 real, 359 MB
[runlim] sample:		2249.99 time, 2250.02 real, 360 MB
[runlim] sample:		2259.99 time, 2260.01 real, 354 MB
[runlim] sample:		2269.99 time, 2270.01 real, 352 MB
[runlim] sample:		2279.99 time, 2280.01 real, 347 MB
[runlim] sample:		2289.99 time, 2290.01 real, 345 MB
[runlim] sample:		2299.99 time, 2300.01 real, 342 MB
[runlim] sample:		2309.99 time, 2310.01 real, 352 MB
[runlim] sample:		2319.99 time, 2320.01 real, 345 MB
[runlim] sample:		2330.00 time, 2330.01 real, 346 MB
[runlim] sample:		2340.00 time, 2340.01 real, 323 MB
[runlim] sample:		2349.99 time, 2350.01 real, 340 MB
[runlim] sample:		2360.00 time, 2360.01 real, 336 MB
[runlim] sample:		2369.99 time, 2370.01 real, 338 MB
[runlim] sample:		2379.99 time, 2380.01 real, 344 MB
[runlim] sample:		2389.99 time, 2390.02 real, 336 MB
[runlim] sample:		2399.99 time, 2400.02 real, 321 MB
[runlim] sample:		2409.99 time, 2410.01 real, 334 MB
[runlim] sample:		2419.99 time, 2420.01 real, 337 MB
[runlim] sample:		2429.99 time, 2430.01 real, 332 MB
[runlim] sample:		2439.99 time, 2440.01 real, 336 MB
[runlim] sample:		2449.99 time, 2450.01 real, 335 MB
[runlim] sample:		2459.99 time, 2460.01 real, 336 MB
[runlim] sample:		2469.99 time, 2470.02 real, 334 MB
[runlim] sample:		2479.99 time, 2480.01 real, 336 MB
[runlim] sample:		2489.99 time, 2490.01 real, 336 MB
[runlim] sample:		2499.99 time, 2500.01 real, 332 MB
[runlim] sample:		2509.99 time, 2510.01 real, 336 MB
[runlim] sample:		2519.99 time, 2520.01 real, 334 MB
[runlim] sample:		2529.99 time, 2530.01 real, 333 MB
[runlim] sample:		2540.00 time, 2540.01 real, 334 MB
[runlim] sample:		2550.00 time, 2550.01 real, 339 MB
[runlim] sample:		2559.99 time, 2560.01 real, 333 MB
[runlim] sample:		2569.99 time, 2570.01 real, 336 MB
[runlim] sample:		2579.99 time, 2580.01 real, 335 MB
[runlim] sample:		2589.99 time, 2590.01 real, 334 MB
[runlim] sample:		2599.99 time, 2600.01 real, 335 MB
[runlim] sample:		2609.99 time, 2610.01 real, 337 MB
[runlim] sample:		2619.99 time, 2620.01 real, 333 MB
[runlim] sample:		2629.99 time, 2630.01 real, 333 MB
[runlim] sample:		2639.99 time, 2640.01 real, 334 MB
[runlim] sample:		2649.99 time, 2650.01 real, 334 MB
[runlim] sample:		2659.99 time, 2660.01 real, 333 MB
[runlim] sample:		2669.99 time, 2670.01 real, 331 MB
[runlim] sample:		2679.99 time, 2680.01 real, 332 MB
[runlim] sample:		2689.99 time, 2690.01 real, 331 MB
[runlim] sample:		2699.99 time, 2700.01 real, 331 MB
[runlim] sample:		2709.99 time, 2710.01 real, 332 MB
[runlim] sample:		2719.99 time, 2720.01 real, 332 MB
[runlim] sample:		2729.99 time, 2730.01 real, 332 MB
[runlim] sample:		2739.99 time, 2740.02 real, 317 MB
[runlim] sample:		2749.99 time, 2750.02 real, 331 MB
[runlim] sample:		2759.99 time, 2760.01 real, 333 MB
[runlim] sample:		2769.99 time, 2770.01 real, 330 MB
[runlim] sample:		2779.99 time, 2780.01 real, 330 MB
[runlim] sample:		2789.99 time, 2790.01 real, 332 MB
[runlim] sample:		2799.99 time, 2800.01 real, 333 MB
[runlim] sample:		2809.99 time, 2810.01 real, 332 MB
[runlim] sample:		2819.99 time, 2820.01 real, 331 MB
[runlim] sample:		2829.99 time, 2830.01 real, 332 MB
[runlim] sample:		2839.99 time, 2840.01 real, 331 MB
[runlim] sample:		2849.99 time, 2850.01 real, 330 MB
[runlim] sample:		2859.99 time, 2860.01 real, 331 MB
[runlim] sample:		2869.99 time, 2870.01 real, 332 MB
[runlim] sample:		2879.99 time, 2880.01 real, 332 MB
[runlim] sample:		2889.99 time, 2890.01 real, 333 MB
[runlim] sample:		2899.99 time, 2900.01 real, 332 MB
[runlim] sample:		2909.99 time, 2910.01 real, 332 MB
[runlim] sample:		2919.99 time, 2920.01 real, 334 MB
[runlim] sample:		2929.99 time, 2930.01 real, 333 MB
[runlim] sample:		2939.99 time, 2940.01 real, 331 MB
[runlim] sample:		2949.99 time, 2950.02 real, 333 MB
[runlim] sample:		2959.99 time, 2960.01 real, 331 MB
[runlim] sample:		2969.99 time, 2970.01 real, 331 MB
[runlim] sample:		2979.99 time, 2980.01 real, 331 MB
[runlim] sample:		2989.99 time, 2990.01 real, 332 MB
[runlim] sample:		2999.99 time, 3000.01 real, 332 MB
[runlim] sample:		3009.99 time, 3010.02 real, 294 MB
[runlim] sample:		3019.99 time, 3020.02 real, 302 MB
[runlim] sample:		3029.99 time, 3030.02 real, 300 MB
[runlim] sample:		3039.99 time, 3040.02 real, 300 MB
[runlim] sample:		3049.99 time, 3050.02 real, 300 MB
[runlim] sample:		3059.99 time, 3060.02 real, 300 MB
[runlim] sample:		3069.99 time, 3070.02 real, 300 MB
[runlim] sample:		3079.99 time, 3080.02 real, 300 MB
[runlim] sample:		3089.99 time, 3090.02 real, 300 MB
[runlim] sample:		3099.99 time, 3100.02 real, 300 MB
[runlim] sample:		3109.99 time, 3110.02 real, 300 MB
[runlim] sample:		3119.99 time, 3120.02 real, 300 MB
[runlim] sample:		3129.99 time, 3130.02 real, 300 MB
[runlim] sample:		3139.99 time, 3140.02 real, 300 MB
[runlim] sample:		3149.99 time, 3150.02 real, 239 MB
[runlim] sample:		3159.99 time, 3160.01 real, 344 MB
[runlim] sample:		3169.99 time, 3170.02 real, 344 MB
[runlim] sample:		3179.99 time, 3180.02 real, 317 MB
[runlim] sample:		3189.99 time, 3190.02 real, 317 MB
[runlim] sample:		3199.99 time, 3200.02 real, 317 MB
[runlim] sample:		3209.99 time, 3210.02 real, 317 MB
[runlim] sample:		3219.99 time, 3220.02 real, 317 MB
[runlim] sample:		3229.99 time, 3230.02 real, 317 MB
[runlim] sample:		3239.99 time, 3240.02 real, 317 MB
[runlim] sample:		3249.99 time, 3250.02 real, 317 MB
[runlim] sample:		3259.99 time, 3260.02 real, 317 MB
[runlim] sample:		3269.99 time, 3270.02 real, 317 MB
[runlim] sample:		3279.99 time, 3280.02 real, 317 MB
[runlim] sample:		3289.99 time, 3290.01 real, 317 MB
[runlim] sample:		3299.99 time, 3300.02 real, 317 MB
[runlim] sample:		3309.99 time, 3310.02 real, 317 MB
[runlim] sample:		3319.99 time, 3320.02 real, 317 MB
[runlim] sample:		3329.99 time, 3330.02 real, 317 MB
[runlim] sample:		3339.99 time, 3340.02 real, 317 MB
[runlim] sample:		3349.99 time, 3350.02 real, 322 MB
[runlim] sample:		3359.99 time, 3360.02 real, 322 MB
[runlim] sample:		3369.99 time, 3370.02 real, 322 MB
[runlim] sample:		3379.99 time, 3380.02 real, 322 MB
[runlim] sample:		3389.99 time, 3390.02 real, 322 MB
[runlim] sample:		3399.99 time, 3400.02 real, 521 MB
[runlim] sample:		3409.99 time, 3410.02 real, 393 MB
[runlim] sample:		3419.99 time, 3420.02 real, 393 MB
[runlim] sample:		3429.99 time, 3430.02 real, 393 MB
[runlim] sample:		3439.99 time, 3440.02 real, 393 MB
[runlim] sample:		3449.99 time, 3450.02 real, 393 MB
[runlim] sample:		3459.99 time, 3460.02 real, 393 MB
[runlim] sample:		3469.99 time, 3470.01 real, 393 MB
[runlim] sample:		3479.99 time, 3480.01 real, 393 MB
[runlim] sample:		3489.99 time, 3490.02 real, 503 MB
[runlim] sample:		3499.99 time, 3500.01 real, 503 MB
[runlim] sample:		3509.99 time, 3510.02 real, 503 MB
[runlim] sample:		3519.99 time, 3520.01 real, 503 MB
[runlim] sample:		3529.99 time, 3530.02 real, 503 MB
[runlim] sample:		3539.99 time, 3540.02 real, 503 MB
[runlim] sample:		3549.99 time, 3550.02 real, 503 MB
[runlim] sample:		3559.99 time, 3560.02 real, 503 MB
[runlim] sample:		3569.99 time, 3570.02 real, 503 MB
[runlim] sample:		3579.99 time, 3580.02 real, 503 MB
[runlim] sample:		3589.99 time, 3590.02 real, 503 MB
[runlim] sample:		3599.99 time, 3600.02 real, 503 MB
[runlim] end:			Fri Oct 18 04:03:57 2019
[runlim] status:		out of time
[runlim] result:		2
[runlim] children:		2
[runlim] real:			3600.10 seconds
[runlim] time:			3599.99 seconds
[runlim] space:			521 MB
[runlim] samples:		36000
