[runlim] version:		1.17
[runlim] host:			c3n10
[runlim] time limit:		311040000 seconds
[runlim] real time limit:	3600 seconds
[runlim] space limit:		120000 MB
[runlim] argv[0]:		./run-btormc-master.sh
[runlim] argv[1]:		/tmp/zbR67J1y.btor
[runlim] start:			Fri Oct 18 04:09:41 2019
[runlim] child:			3888
[runlim] sample:		10.00 time, 10.01 real, 55 MB
[runlim] sample:		20.00 time, 20.01 real, 88 MB
[runlim] sample:		30.00 time, 30.02 real, 103 MB
[runlim] sample:		40.00 time, 40.01 real, 122 MB
[runlim] sample:		50.00 time, 50.01 real, 136 MB
[runlim] sample:		60.00 time, 60.01 real, 146 MB
[runlim] sample:		70.00 time, 70.02 real, 153 MB
[runlim] sample:		80.00 time, 80.02 real, 166 MB
[runlim] sample:		90.00 time, 90.02 real, 176 MB
[runlim] sample:		100.00 time, 100.02 real, 182 MB
[runlim] sample:		110.00 time, 110.01 real, 189 MB
[runlim] sample:		120.00 time, 120.02 real, 206 MB
[runlim] sample:		130.00 time, 130.01 real, 207 MB
[runlim] sample:		140.00 time, 140.01 real, 207 MB
[runlim] sample:		150.00 time, 150.02 real, 207 MB
[runlim] sample:		160.00 time, 160.02 real, 228 MB
[runlim] sample:		170.00 time, 170.01 real, 230 MB
[runlim] sample:		180.00 time, 180.01 real, 230 MB
[runlim] sample:		190.00 time, 190.02 real, 230 MB
[runlim] sample:		200.00 time, 200.01 real, 230 MB
[runlim] sample:		210.00 time, 210.01 real, 230 MB
[runlim] sample:		220.00 time, 220.02 real, 235 MB
[runlim] sample:		230.00 time, 230.01 real, 235 MB
[runlim] sample:		240.00 time, 240.02 real, 235 MB
[runlim] sample:		250.00 time, 250.02 real, 235 MB
[runlim] sample:		260.00 time, 260.02 real, 235 MB
[runlim] sample:		270.00 time, 270.01 real, 235 MB
[runlim] sample:		280.00 time, 280.02 real, 252 MB
[runlim] sample:		290.00 time, 290.02 real, 252 MB
[runlim] sample:		300.00 time, 300.02 real, 252 MB
[runlim] sample:		310.00 time, 310.02 real, 252 MB
[runlim] sample:		320.00 time, 320.02 real, 252 MB
[runlim] sample:		330.00 time, 330.01 real, 252 MB
[runlim] sample:		340.00 time, 340.02 real, 277 MB
[runlim] sample:		350.00 time, 350.01 real, 278 MB
[runlim] sample:		360.00 time, 360.01 real, 277 MB
[runlim] sample:		370.00 time, 370.02 real, 277 MB
[runlim] sample:		380.00 time, 380.02 real, 277 MB
[runlim] sample:		390.00 time, 390.01 real, 277 MB
[runlim] sample:		400.00 time, 400.01 real, 277 MB
[runlim] sample:		410.00 time, 410.02 real, 277 MB
[runlim] sample:		420.00 time, 420.01 real, 277 MB
[runlim] sample:		429.99 time, 430.01 real, 290 MB
[runlim] sample:		439.99 time, 440.02 real, 290 MB
[runlim] sample:		449.99 time, 450.02 real, 290 MB
[runlim] sample:		459.99 time, 460.02 real, 290 MB
[runlim] sample:		469.99 time, 470.02 real, 290 MB
[runlim] sample:		479.99 time, 480.02 real, 290 MB
[runlim] sample:		489.99 time, 490.02 real, 290 MB
[runlim] sample:		499.99 time, 500.02 real, 290 MB
[runlim] sample:		510.00 time, 510.02 real, 316 MB
[runlim] sample:		520.00 time, 520.02 real, 316 MB
[runlim] sample:		530.00 time, 530.02 real, 316 MB
[runlim] sample:		540.00 time, 540.02 real, 316 MB
[runlim] sample:		550.00 time, 550.02 real, 316 MB
[runlim] sample:		560.00 time, 560.01 real, 316 MB
[runlim] sample:		570.00 time, 570.02 real, 316 MB
[runlim] sample:		580.00 time, 580.01 real, 316 MB
[runlim] sample:		590.00 time, 590.02 real, 316 MB
[runlim] sample:		600.00 time, 600.02 real, 316 MB
[runlim] sample:		609.99 time, 610.02 real, 321 MB
[runlim] sample:		619.99 time, 620.02 real, 323 MB
[runlim] sample:		629.99 time, 630.02 real, 322 MB
[runlim] sample:		639.99 time, 640.02 real, 322 MB
[runlim] sample:		649.99 time, 650.02 real, 322 MB
[runlim] sample:		659.99 time, 660.02 real, 322 MB
[runlim] sample:		669.99 time, 670.02 real, 322 MB
[runlim] sample:		679.99 time, 680.02 real, 322 MB
[runlim] sample:		689.99 time, 690.02 real, 322 MB
[runlim] sample:		699.99 time, 700.02 real, 322 MB
[runlim] sample:		709.99 time, 710.02 real, 322 MB
[runlim] sample:		720.00 time, 720.02 real, 325 MB
[runlim] sample:		730.00 time, 730.01 real, 325 MB
[runlim] sample:		740.00 time, 740.02 real, 325 MB
[runlim] sample:		750.00 time, 750.02 real, 325 MB
[runlim] sample:		760.00 time, 760.02 real, 325 MB
[runlim] sample:		770.00 time, 770.01 real, 325 MB
[runlim] sample:		780.00 time, 780.01 real, 325 MB
[runlim] sample:		790.00 time, 790.02 real, 325 MB
[runlim] sample:		800.00 time, 800.02 real, 325 MB
[runlim] sample:		810.00 time, 810.02 real, 325 MB
[runlim] sample:		820.00 time, 820.02 real, 325 MB
[runlim] sample:		830.00 time, 830.02 real, 325 MB
[runlim] sample:		840.00 time, 840.02 real, 325 MB
[runlim] sample:		850.00 time, 850.01 real, 328 MB
[runlim] sample:		860.00 time, 860.02 real, 328 MB
[runlim] sample:		870.00 time, 870.02 real, 328 MB
[runlim] sample:		880.00 time, 880.01 real, 328 MB
[runlim] sample:		890.00 time, 890.02 real, 330 MB
[runlim] sample:		899.99 time, 900.02 real, 365 MB
[runlim] sample:		909.99 time, 910.01 real, 330 MB
[runlim] sample:		919.99 time, 920.02 real, 330 MB
[runlim] sample:		929.99 time, 930.02 real, 330 MB
[runlim] sample:		939.99 time, 940.01 real, 330 MB
[runlim] sample:		949.99 time, 950.02 real, 330 MB
[runlim] sample:		959.99 time, 960.01 real, 330 MB
[runlim] sample:		969.99 time, 970.01 real, 331 MB
[runlim] sample:		979.99 time, 980.02 real, 331 MB
[runlim] sample:		989.99 time, 990.02 real, 335 MB
[runlim] sample:		1000.00 time, 1000.01 real, 375 MB
[runlim] sample:		1010.00 time, 1010.01 real, 375 MB
[runlim] sample:		1020.00 time, 1020.02 real, 375 MB
[runlim] sample:		1030.00 time, 1030.02 real, 375 MB
[runlim] sample:		1040.00 time, 1040.02 real, 375 MB
[runlim] sample:		1050.00 time, 1050.01 real, 375 MB
[runlim] sample:		1060.00 time, 1060.01 real, 375 MB
[runlim] sample:		1070.00 time, 1070.02 real, 375 MB
[runlim] sample:		1080.00 time, 1080.01 real, 375 MB
[runlim] sample:		1090.00 time, 1090.02 real, 375 MB
[runlim] sample:		1100.00 time, 1100.01 real, 375 MB
[runlim] sample:		1110.00 time, 1110.02 real, 375 MB
[runlim] sample:		1120.00 time, 1120.02 real, 375 MB
[runlim] sample:		1130.00 time, 1130.02 real, 375 MB
[runlim] sample:		1140.00 time, 1140.02 real, 375 MB
[runlim] sample:		1149.99 time, 1150.01 real, 379 MB
[runlim] sample:		1159.99 time, 1160.02 real, 379 MB
[runlim] sample:		1169.99 time, 1170.02 real, 379 MB
[runlim] sample:		1179.99 time, 1180.01 real, 379 MB
[runlim] sample:		1189.99 time, 1190.02 real, 379 MB
[runlim] sample:		1199.99 time, 1200.02 real, 379 MB
[runlim] sample:		1209.99 time, 1210.01 real, 379 MB
[runlim] sample:		1219.99 time, 1220.02 real, 379 MB
[runlim] sample:		1229.99 time, 1230.02 real, 379 MB
[runlim] sample:		1239.99 time, 1240.02 real, 379 MB
[runlim] sample:		1249.99 time, 1250.02 real, 379 MB
[runlim] sample:		1259.99 time, 1260.01 real, 379 MB
[runlim] sample:		1269.99 time, 1270.02 real, 379 MB
[runlim] sample:		1279.99 time, 1280.02 real, 379 MB
[runlim] sample:		1289.99 time, 1290.02 real, 380 MB
[runlim] sample:		1299.99 time, 1300.02 real, 380 MB
[runlim] sample:		1309.99 time, 1310.02 real, 380 MB
[runlim] sample:		1319.99 time, 1320.02 real, 398 MB
[runlim] sample:		1329.99 time, 1330.01 real, 399 MB
[runlim] sample:		1339.99 time, 1340.02 real, 398 MB
[runlim] sample:		1349.99 time, 1350.02 real, 398 MB
[runlim] sample:		1360.00 time, 1360.02 real, 405 MB
[runlim] sample:		1370.00 time, 1370.02 real, 405 MB
[runlim] sample:		1380.00 time, 1380.02 real, 405 MB
[runlim] sample:		1390.00 time, 1390.02 real, 405 MB
[runlim] sample:		1400.00 time, 1400.02 real, 405 MB
[runlim] sample:		1410.00 time, 1410.02 real, 405 MB
[runlim] sample:		1420.00 time, 1420.01 real, 405 MB
[runlim] sample:		1430.00 time, 1430.02 real, 405 MB
[runlim] sample:		1440.00 time, 1440.01 real, 405 MB
[runlim] sample:		1450.00 time, 1450.01 real, 405 MB
[runlim] sample:		1460.00 time, 1460.01 real, 405 MB
[runlim] sample:		1470.00 time, 1470.02 real, 405 MB
[runlim] sample:		1480.00 time, 1480.02 real, 405 MB
[runlim] sample:		1490.00 time, 1490.02 real, 405 MB
[runlim] sample:		1500.00 time, 1500.02 real, 422 MB
[runlim] sample:		1509.99 time, 1510.02 real, 424 MB
[runlim] sample:		1519.99 time, 1520.02 real, 424 MB
[runlim] sample:		1529.99 time, 1530.02 real, 424 MB
[runlim] sample:		1539.99 time, 1540.01 real, 424 MB
[runlim] sample:		1549.99 time, 1550.02 real, 424 MB
[runlim] sample:		1559.99 time, 1560.01 real, 424 MB
[runlim] sample:		1569.99 time, 1570.02 real, 424 MB
[runlim] sample:		1579.99 time, 1580.01 real, 424 MB
[runlim] sample:		1589.99 time, 1590.02 real, 424 MB
[runlim] sample:		1599.99 time, 1600.02 real, 424 MB
[runlim] sample:		1609.99 time, 1610.02 real, 424 MB
[runlim] sample:		1619.99 time, 1620.02 real, 424 MB
[runlim] sample:		1629.99 time, 1630.02 real, 424 MB
[runlim] sample:		1639.99 time, 1640.02 real, 424 MB
[runlim] sample:		1649.99 time, 1650.02 real, 424 MB
[runlim] sample:		1659.99 time, 1660.02 real, 424 MB
[runlim] sample:		1669.99 time, 1670.02 real, 424 MB
[runlim] sample:		1679.99 time, 1680.02 real, 424 MB
[runlim] sample:		1690.00 time, 1690.02 real, 411 MB
[runlim] sample:		1700.00 time, 1700.02 real, 427 MB
[runlim] sample:		1710.00 time, 1710.02 real, 427 MB
[runlim] sample:		1720.00 time, 1720.02 real, 427 MB
[runlim] sample:		1730.00 time, 1730.02 real, 427 MB
[runlim] sample:		1739.99 time, 1740.02 real, 437 MB
[runlim] sample:		1749.99 time, 1750.02 real, 437 MB
[runlim] sample:		1759.99 time, 1760.01 real, 437 MB
[runlim] sample:		1769.99 time, 1770.02 real, 437 MB
[runlim] sample:		1779.99 time, 1780.01 real, 437 MB
[runlim] sample:		1789.99 time, 1790.01 real, 437 MB
[runlim] sample:		1799.99 time, 1800.02 real, 437 MB
[runlim] sample:		1809.99 time, 1810.02 real, 437 MB
[runlim] sample:		1819.99 time, 1820.01 real, 437 MB
[runlim] sample:		1829.99 time, 1830.02 real, 437 MB
[runlim] sample:		1839.99 time, 1840.02 real, 437 MB
[runlim] sample:		1849.99 time, 1850.01 real, 437 MB
[runlim] sample:		1859.99 time, 1860.01 real, 437 MB
[runlim] sample:		1869.99 time, 1870.02 real, 437 MB
[runlim] sample:		1879.99 time, 1880.01 real, 437 MB
[runlim] sample:		1889.99 time, 1890.02 real, 437 MB
[runlim] sample:		1899.99 time, 1900.02 real, 449 MB
[runlim] sample:		1909.99 time, 1910.02 real, 450 MB
[runlim] sample:		1919.99 time, 1920.02 real, 449 MB
[runlim] sample:		1929.99 time, 1930.01 real, 449 MB
[runlim] sample:		1939.99 time, 1940.02 real, 449 MB
[runlim] sample:		1949.99 time, 1950.02 real, 449 MB
[runlim] sample:		1959.99 time, 1960.02 real, 449 MB
[runlim] sample:		1969.99 time, 1970.02 real, 449 MB
[runlim] sample:		1979.99 time, 1980.01 real, 449 MB
[runlim] sample:		1989.99 time, 1990.01 real, 449 MB
[runlim] sample:		1999.99 time, 2000.02 real, 449 MB
[runlim] sample:		2009.99 time, 2010.02 real, 449 MB
[runlim] sample:		2019.99 time, 2020.02 real, 449 MB
[runlim] sample:		2029.99 time, 2030.01 real, 449 MB
[runlim] sample:		2039.99 time, 2040.02 real, 449 MB
[runlim] sample:		2049.99 time, 2050.02 real, 449 MB
[runlim] sample:		2059.99 time, 2060.02 real, 449 MB
[runlim] sample:		2069.99 time, 2070.02 real, 449 MB
[runlim] sample:		2079.99 time, 2080.01 real, 449 MB
[runlim] sample:		2089.99 time, 2090.02 real, 449 MB
[runlim] sample:		2099.99 time, 2100.02 real, 449 MB
[runlim] sample:		2109.99 time, 2110.02 real, 449 MB
[runlim] sample:		2119.99 time, 2120.02 real, 452 MB
[runlim] sample:		2130.00 time, 2130.02 real, 451 MB
[runlim] sample:		2140.00 time, 2140.01 real, 451 MB
[runlim] sample:		2150.00 time, 2150.02 real, 451 MB
[runlim] sample:		2160.00 time, 2160.02 real, 451 MB
[runlim] sample:		2170.00 time, 2170.02 real, 451 MB
[runlim] sample:		2180.00 time, 2180.02 real, 451 MB
[runlim] sample:		2190.00 time, 2190.01 real, 451 MB
[runlim] sample:		2200.00 time, 2200.02 real, 451 MB
[runlim] sample:		2210.00 time, 2210.01 real, 451 MB
[runlim] sample:		2220.00 time, 2220.02 real, 451 MB
[runlim] sample:		2230.00 time, 2230.01 real, 451 MB
[runlim] sample:		2240.00 time, 2240.02 real, 451 MB
[runlim] sample:		2250.00 time, 2250.02 real, 451 MB
[runlim] sample:		2260.00 time, 2260.01 real, 451 MB
[runlim] sample:		2270.00 time, 2270.01 real, 451 MB
[runlim] sample:		2280.00 time, 2280.02 real, 451 MB
[runlim] sample:		2290.00 time, 2290.02 real, 451 MB
[runlim] sample:		2300.00 time, 2300.02 real, 451 MB
[runlim] sample:		2310.00 time, 2310.02 real, 451 MB
[runlim] sample:		2320.00 time, 2320.02 real, 451 MB
[runlim] sample:		2330.00 time, 2330.02 real, 451 MB
[runlim] sample:		2340.00 time, 2340.01 real, 451 MB
[runlim] sample:		2350.00 time, 2350.02 real, 478 MB
[runlim] sample:		2359.99 time, 2360.02 real, 478 MB
[runlim] sample:		2369.99 time, 2370.02 real, 478 MB
[runlim] sample:		2379.99 time, 2380.01 real, 478 MB
[runlim] sample:		2389.99 time, 2390.01 real, 478 MB
[runlim] sample:		2399.99 time, 2400.02 real, 478 MB
[runlim] sample:		2409.99 time, 2410.02 real, 478 MB
[runlim] sample:		2419.99 time, 2420.02 real, 478 MB
[runlim] sample:		2429.99 time, 2430.02 real, 478 MB
[runlim] sample:		2439.99 time, 2440.02 real, 478 MB
[runlim] sample:		2449.99 time, 2450.02 real, 478 MB
[runlim] sample:		2459.99 time, 2460.02 real, 478 MB
[runlim] sample:		2469.99 time, 2470.02 real, 478 MB
[runlim] sample:		2479.99 time, 2480.02 real, 478 MB
[runlim] sample:		2489.99 time, 2490.02 real, 478 MB
[runlim] sample:		2499.99 time, 2500.01 real, 478 MB
[runlim] sample:		2509.99 time, 2510.01 real, 478 MB
[runlim] sample:		2519.99 time, 2520.02 real, 478 MB
[runlim] sample:		2529.99 time, 2530.01 real, 478 MB
[runlim] sample:		2539.99 time, 2540.01 real, 478 MB
[runlim] sample:		2549.99 time, 2550.02 real, 478 MB
[runlim] sample:		2559.99 time, 2560.02 real, 478 MB
[runlim] sample:		2569.99 time, 2570.02 real, 480 MB
[runlim] sample:		2580.00 time, 2580.02 real, 481 MB
[runlim] sample:		2590.00 time, 2590.02 real, 480 MB
[runlim] sample:		2600.00 time, 2600.01 real, 480 MB
[runlim] sample:		2610.00 time, 2610.02 real, 480 MB
[runlim] sample:		2620.00 time, 2620.02 real, 480 MB
[runlim] sample:		2630.00 time, 2630.02 real, 480 MB
[runlim] sample:		2640.00 time, 2640.02 real, 480 MB
[runlim] sample:		2650.00 time, 2650.02 real, 480 MB
[runlim] sample:		2660.00 time, 2660.01 real, 480 MB
[runlim] sample:		2670.00 time, 2670.02 real, 480 MB
[runlim] sample:		2680.00 time, 2680.02 real, 480 MB
[runlim] sample:		2690.00 time, 2690.01 real, 480 MB
[runlim] sample:		2700.00 time, 2700.01 real, 480 MB
[runlim] sample:		2710.00 time, 2710.01 real, 480 MB
[runlim] sample:		2720.00 time, 2720.01 real, 480 MB
[runlim] sample:		2730.00 time, 2730.02 real, 480 MB
[runlim] sample:		2740.00 time, 2740.01 real, 480 MB
[runlim] sample:		2750.00 time, 2750.01 real, 480 MB
[runlim] sample:		2760.00 time, 2760.01 real, 480 MB
[runlim] sample:		2770.00 time, 2770.02 real, 480 MB
[runlim] sample:		2780.00 time, 2780.02 real, 480 MB
[runlim] sample:		2790.00 time, 2790.02 real, 480 MB
[runlim] sample:		2800.00 time, 2800.02 real, 480 MB
[runlim] sample:		2810.00 time, 2810.02 real, 480 MB
[runlim] sample:		2820.00 time, 2820.02 real, 483 MB
[runlim] sample:		2829.99 time, 2830.01 real, 485 MB
[runlim] sample:		2839.99 time, 2840.01 real, 485 MB
[runlim] sample:		2849.99 time, 2850.02 real, 485 MB
[runlim] sample:		2859.99 time, 2860.02 real, 485 MB
[runlim] sample:		2869.99 time, 2870.02 real, 485 MB
[runlim] sample:		2879.99 time, 2880.02 real, 485 MB
[runlim] sample:		2889.99 time, 2890.02 real, 485 MB
[runlim] sample:		2900.00 time, 2900.02 real, 485 MB
[runlim] sample:		2910.00 time, 2910.02 real, 485 MB
[runlim] sample:		2920.00 time, 2920.01 real, 485 MB
[runlim] sample:		2930.00 time, 2930.02 real, 485 MB
[runlim] sample:		2940.00 time, 2940.02 real, 485 MB
[runlim] sample:		2950.00 time, 2950.02 real, 485 MB
[runlim] sample:		2960.00 time, 2960.02 real, 485 MB
[runlim] sample:		2970.00 time, 2970.02 real, 485 MB
[runlim] sample:		2980.00 time, 2980.02 real, 485 MB
[runlim] sample:		2990.00 time, 2990.01 real, 485 MB
[runlim] sample:		3000.00 time, 3000.02 real, 485 MB
[runlim] sample:		3010.00 time, 3010.02 real, 485 MB
[runlim] sample:		3020.00 time, 3020.02 real, 485 MB
[runlim] sample:		3030.00 time, 3030.02 real, 485 MB
[runlim] sample:		3040.00 time, 3040.02 real, 485 MB
[runlim] sample:		3050.00 time, 3050.02 real, 495 MB
[runlim] sample:		3060.00 time, 3060.02 real, 495 MB
[runlim] sample:		3070.00 time, 3070.01 real, 495 MB
[runlim] sample:		3080.00 time, 3080.02 real, 495 MB
[runlim] sample:		3090.00 time, 3090.02 real, 495 MB
[runlim] sample:		3099.99 time, 3100.02 real, 450 MB
[runlim] sample:		3110.00 time, 3110.02 real, 495 MB
[runlim] sample:		3119.99 time, 3120.02 real, 495 MB
[runlim] sample:		3129.99 time, 3130.02 real, 495 MB
[runlim] sample:		3139.99 time, 3140.02 real, 495 MB
[runlim] sample:		3149.99 time, 3150.01 real, 495 MB
[runlim] sample:		3159.99 time, 3160.01 real, 495 MB
[runlim] sample:		3169.99 time, 3170.02 real, 495 MB
[runlim] sample:		3179.99 time, 3180.02 real, 495 MB
[runlim] sample:		3189.99 time, 3190.02 real, 496 MB
[runlim] sample:		3199.99 time, 3200.01 real, 496 MB
[runlim] sample:		3209.99 time, 3210.02 real, 496 MB
[runlim] sample:		3219.99 time, 3220.02 real, 496 MB
[runlim] sample:		3229.99 time, 3230.02 real, 496 MB
[runlim] sample:		3239.99 time, 3240.02 real, 496 MB
[runlim] sample:		3249.99 time, 3250.02 real, 496 MB
[runlim] sample:		3259.99 time, 3260.02 real, 496 MB
[runlim] sample:		3269.99 time, 3270.02 real, 496 MB
[runlim] sample:		3279.99 time, 3280.02 real, 533 MB
[runlim] sample:		3289.99 time, 3290.01 real, 533 MB
[runlim] sample:		3299.99 time, 3300.02 real, 533 MB
[runlim] sample:		3309.99 time, 3310.02 real, 533 MB
[runlim] sample:		3319.99 time, 3320.02 real, 533 MB
[runlim] sample:		3330.00 time, 3330.02 real, 533 MB
[runlim] sample:		3340.00 time, 3340.02 real, 533 MB
[runlim] sample:		3350.00 time, 3350.01 real, 533 MB
[runlim] sample:		3359.99 time, 3360.02 real, 533 MB
[runlim] sample:		3369.99 time, 3370.01 real, 533 MB
[runlim] sample:		3379.99 time, 3380.02 real, 533 MB
[runlim] sample:		3390.00 time, 3390.02 real, 535 MB
[runlim] sample:		3399.99 time, 3400.02 real, 536 MB
[runlim] sample:		3409.99 time, 3410.02 real, 536 MB
[runlim] sample:		3419.99 time, 3420.02 real, 536 MB
[runlim] sample:		3429.99 time, 3430.01 real, 536 MB
[runlim] sample:		3439.99 time, 3440.02 real, 536 MB
[runlim] sample:		3450.00 time, 3450.02 real, 536 MB
[runlim] sample:		3460.00 time, 3460.02 real, 536 MB
[runlim] sample:		3470.00 time, 3470.02 real, 536 MB
[runlim] sample:		3479.99 time, 3480.02 real, 536 MB
[runlim] sample:		3489.99 time, 3490.01 real, 536 MB
[runlim] sample:		3499.99 time, 3500.02 real, 536 MB
[runlim] sample:		3510.00 time, 3510.02 real, 536 MB
[runlim] sample:		3520.00 time, 3520.02 real, 536 MB
[runlim] sample:		3530.00 time, 3530.02 real, 536 MB
[runlim] sample:		3539.99 time, 3540.02 real, 536 MB
[runlim] sample:		3549.99 time, 3550.01 real, 536 MB
[runlim] sample:		3559.99 time, 3560.01 real, 536 MB
[runlim] sample:		3569.99 time, 3570.02 real, 536 MB
[runlim] sample:		3579.99 time, 3580.02 real, 536 MB
[runlim] sample:		3589.99 time, 3590.01 real, 536 MB
[runlim] sample:		3600.00 time, 3600.02 real, 536 MB
[runlim] end:			Fri Oct 18 05:09:41 2019
[runlim] status:		out of time
[runlim] result:		2
[runlim] children:		2
[runlim] real:			3600.10 seconds
[runlim] time:			3600.00 seconds
[runlim] space:			588 MB
[runlim] samples:		36000
