[runlim] version:		1.17
[runlim] host:			c3n06
[runlim] time limit:		311040000 seconds
[runlim] real time limit:	3600 seconds
[runlim] space limit:		120000 MB
[runlim] argv[0]:		./run-btormc-master.sh
[runlim] argv[1]:		/tmp/4IeGQnmX.btor
[runlim] start:			Fri Oct 18 04:42:56 2019
[runlim] child:			5469
[runlim] sample:		10.01 time, 10.02 real, 191 MB
[runlim] sample:		20.00 time, 20.02 real, 319 MB
[runlim] sample:		30.00 time, 30.01 real, 498 MB
[runlim] sample:		40.00 time, 40.02 real, 599 MB
[runlim] sample:		50.01 time, 50.02 real, 773 MB
[runlim] sample:		60.01 time, 60.02 real, 862 MB
[runlim] sample:		70.00 time, 70.02 real, 1024 MB
[runlim] sample:		80.00 time, 80.02 real, 1092 MB
[runlim] end:			Fri Oct 18 04:44:17 2019
[runlim] status:		ok
[runlim] result:		0
[runlim] children:		2
[runlim] real:			80.52 seconds
[runlim] time:			80.40 seconds
[runlim] space:			1123 MB
[runlim] samples:		805
