[runlim] version:		1.17
[runlim] host:			c3n16
[runlim] time limit:		311040000 seconds
[runlim] real time limit:	3600 seconds
[runlim] space limit:		120000 MB
[runlim] argv[0]:		./run-btormc-master.sh
[runlim] argv[1]:		/tmp/cuTWevEF.btor
[runlim] start:			Fri Oct 18 04:50:00 2019
[runlim] child:			2542
[runlim] sample:		10.00 time, 10.02 real, 69 MB
[runlim] sample:		20.00 time, 20.02 real, 99 MB
[runlim] sample:		30.00 time, 30.02 real, 123 MB
[runlim] sample:		40.00 time, 40.01 real, 137 MB
[runlim] sample:		50.00 time, 50.01 real, 152 MB
[runlim] sample:		60.00 time, 60.02 real, 170 MB
[runlim] sample:		70.00 time, 70.02 real, 159 MB
[runlim] sample:		80.00 time, 80.02 real, 174 MB
[runlim] sample:		89.99 time, 90.01 real, 198 MB
[runlim] sample:		100.00 time, 100.01 real, 199 MB
[runlim] sample:		110.00 time, 110.02 real, 220 MB
[runlim] sample:		120.00 time, 120.02 real, 230 MB
[runlim] sample:		130.00 time, 130.02 real, 241 MB
[runlim] sample:		140.00 time, 140.02 real, 261 MB
[runlim] sample:		150.00 time, 150.02 real, 278 MB
[runlim] sample:		160.00 time, 160.02 real, 282 MB
[runlim] sample:		170.00 time, 170.02 real, 254 MB
[runlim] sample:		180.00 time, 180.02 real, 263 MB
[runlim] sample:		190.00 time, 190.02 real, 306 MB
[runlim] sample:		200.00 time, 200.02 real, 276 MB
[runlim] sample:		210.00 time, 210.02 real, 309 MB
[runlim] sample:		220.00 time, 220.02 real, 277 MB
[runlim] sample:		230.00 time, 230.02 real, 277 MB
[runlim] sample:		239.99 time, 240.02 real, 308 MB
[runlim] sample:		250.00 time, 250.02 real, 347 MB
[runlim] sample:		260.00 time, 260.02 real, 318 MB
[runlim] sample:		269.99 time, 270.02 real, 347 MB
[runlim] sample:		279.99 time, 280.02 real, 351 MB
[runlim] sample:		290.00 time, 290.01 real, 375 MB
[runlim] sample:		300.00 time, 300.02 real, 393 MB
[runlim] sample:		310.00 time, 310.02 real, 394 MB
[runlim] sample:		319.99 time, 320.02 real, 375 MB
[runlim] sample:		330.00 time, 330.02 real, 444 MB
[runlim] sample:		339.99 time, 340.01 real, 445 MB
[runlim] sample:		350.00 time, 350.02 real, 449 MB
[runlim] sample:		359.99 time, 360.01 real, 446 MB
[runlim] sample:		369.99 time, 370.01 real, 408 MB
[runlim] sample:		380.00 time, 380.02 real, 411 MB
[runlim] sample:		389.99 time, 390.02 real, 431 MB
[runlim] sample:		399.99 time, 400.02 real, 436 MB
[runlim] sample:		410.00 time, 410.02 real, 346 MB
[runlim] sample:		420.00 time, 420.02 real, 464 MB
[runlim] sample:		430.00 time, 430.02 real, 470 MB
[runlim] sample:		440.00 time, 440.01 real, 470 MB
[runlim] sample:		450.00 time, 450.02 real, 472 MB
[runlim] sample:		459.99 time, 460.02 real, 423 MB
[runlim] sample:		470.00 time, 470.02 real, 509 MB
[runlim] sample:		480.00 time, 480.02 real, 473 MB
[runlim] sample:		490.00 time, 490.01 real, 487 MB
[runlim] sample:		500.00 time, 500.02 real, 495 MB
[runlim] sample:		509.99 time, 510.02 real, 456 MB
[runlim] sample:		520.00 time, 520.02 real, 503 MB
[runlim] sample:		530.00 time, 530.02 real, 548 MB
[runlim] sample:		539.99 time, 540.02 real, 504 MB
[runlim] sample:		549.99 time, 550.01 real, 528 MB
[runlim] sample:		559.99 time, 560.02 real, 530 MB
[runlim] sample:		570.00 time, 570.02 real, 480 MB
[runlim] sample:		579.99 time, 580.02 real, 531 MB
[runlim] sample:		589.99 time, 590.02 real, 533 MB
[runlim] sample:		599.99 time, 600.02 real, 513 MB
[runlim] sample:		609.99 time, 610.02 real, 544 MB
[runlim] sample:		619.99 time, 620.02 real, 537 MB
[runlim] sample:		630.00 time, 630.01 real, 540 MB
[runlim] sample:		640.00 time, 640.01 real, 540 MB
[runlim] sample:		650.00 time, 650.02 real, 547 MB
[runlim] sample:		659.99 time, 660.02 real, 547 MB
[runlim] sample:		669.99 time, 670.02 real, 548 MB
[runlim] sample:		679.99 time, 680.02 real, 543 MB
[runlim] sample:		689.99 time, 690.02 real, 545 MB
[runlim] sample:		699.99 time, 700.02 real, 470 MB
[runlim] sample:		709.99 time, 710.02 real, 532 MB
[runlim] sample:		720.00 time, 720.02 real, 532 MB
[runlim] sample:		729.99 time, 730.01 real, 532 MB
[runlim] sample:		740.00 time, 740.02 real, 534 MB
[runlim] sample:		749.99 time, 750.02 real, 534 MB
[runlim] sample:		759.99 time, 760.02 real, 474 MB
[runlim] sample:		769.99 time, 770.02 real, 571 MB
[runlim] sample:		779.99 time, 780.01 real, 541 MB
[runlim] sample:		789.99 time, 790.02 real, 605 MB
[runlim] sample:		799.99 time, 800.01 real, 542 MB
[runlim] sample:		810.00 time, 810.02 real, 598 MB
[runlim] sample:		819.99 time, 820.02 real, 545 MB
[runlim] sample:		829.99 time, 830.01 real, 545 MB
[runlim] sample:		840.00 time, 840.02 real, 545 MB
[runlim] sample:		849.99 time, 850.02 real, 623 MB
[runlim] sample:		859.99 time, 860.02 real, 483 MB
[runlim] sample:		870.00 time, 870.01 real, 565 MB
[runlim] sample:		880.00 time, 880.02 real, 565 MB
[runlim] sample:		889.99 time, 890.02 real, 565 MB
[runlim] sample:		899.99 time, 900.02 real, 565 MB
[runlim] sample:		909.99 time, 910.02 real, 778 MB
[runlim] sample:		919.99 time, 920.01 real, 741 MB
[runlim] sample:		929.99 time, 930.01 real, 741 MB
[runlim] sample:		940.00 time, 940.01 real, 741 MB
[runlim] sample:		949.99 time, 950.02 real, 660 MB
[runlim] sample:		959.99 time, 960.02 real, 660 MB
[runlim] sample:		970.00 time, 970.01 real, 662 MB
[runlim] sample:		980.00 time, 980.01 real, 692 MB
[runlim] sample:		990.00 time, 990.01 real, 692 MB
[runlim] sample:		999.99 time, 1000.01 real, 692 MB
[runlim] sample:		1009.99 time, 1010.01 real, 692 MB
[runlim] sample:		1019.99 time, 1020.02 real, 630 MB
[runlim] sample:		1030.00 time, 1030.01 real, 695 MB
[runlim] sample:		1039.99 time, 1040.01 real, 695 MB
[runlim] sample:		1049.99 time, 1050.01 real, 690 MB
[runlim] sample:		1060.00 time, 1060.01 real, 690 MB
[runlim] sample:		1070.00 time, 1070.02 real, 660 MB
[runlim] sample:		1079.99 time, 1080.02 real, 660 MB
[runlim] sample:		1089.99 time, 1090.02 real, 677 MB
[runlim] sample:		1099.99 time, 1100.01 real, 677 MB
[runlim] sample:		1109.99 time, 1110.01 real, 677 MB
[runlim] sample:		1119.99 time, 1120.01 real, 677 MB
[runlim] sample:		1129.99 time, 1130.01 real, 677 MB
[runlim] sample:		1140.00 time, 1140.02 real, 677 MB
[runlim] sample:		1150.00 time, 1150.02 real, 677 MB
[runlim] sample:		1159.99 time, 1160.01 real, 677 MB
[runlim] sample:		1169.99 time, 1170.01 real, 677 MB
[runlim] sample:		1179.99 time, 1180.02 real, 677 MB
[runlim] sample:		1189.99 time, 1190.02 real, 677 MB
[runlim] sample:		1200.00 time, 1200.02 real, 677 MB
[runlim] sample:		1210.00 time, 1210.02 real, 677 MB
[runlim] sample:		1220.00 time, 1220.01 real, 706 MB
[runlim] sample:		1230.00 time, 1230.01 real, 706 MB
[runlim] sample:		1240.00 time, 1240.02 real, 675 MB
[runlim] sample:		1250.00 time, 1250.02 real, 675 MB
[runlim] sample:		1259.99 time, 1260.02 real, 675 MB
[runlim] sample:		1269.99 time, 1270.01 real, 679 MB
[runlim] sample:		1279.99 time, 1280.01 real, 678 MB
[runlim] sample:		1289.99 time, 1290.02 real, 678 MB
[runlim] sample:		1300.00 time, 1300.01 real, 709 MB
[runlim] sample:		1310.00 time, 1310.02 real, 709 MB
[runlim] sample:		1320.00 time, 1320.02 real, 676 MB
[runlim] sample:		1330.00 time, 1330.01 real, 713 MB
[runlim] sample:		1339.99 time, 1340.01 real, 713 MB
[runlim] sample:		1349.99 time, 1350.02 real, 681 MB
[runlim] sample:		1359.99 time, 1360.02 real, 681 MB
[runlim] sample:		1369.99 time, 1370.02 real, 681 MB
[runlim] sample:		1379.99 time, 1380.02 real, 664 MB
[runlim] sample:		1390.00 time, 1390.02 real, 684 MB
[runlim] sample:		1400.00 time, 1400.01 real, 715 MB
[runlim] sample:		1409.99 time, 1410.02 real, 652 MB
[runlim] sample:		1420.00 time, 1420.02 real, 683 MB
[runlim] sample:		1430.00 time, 1430.02 real, 683 MB
[runlim] sample:		1439.99 time, 1440.02 real, 582 MB
[runlim] sample:		1449.99 time, 1450.01 real, 592 MB
[runlim] sample:		1459.99 time, 1460.02 real, 630 MB
[runlim] sample:		1469.99 time, 1470.02 real, 630 MB
[runlim] sample:		1479.99 time, 1480.02 real, 631 MB
[runlim] sample:		1490.00 time, 1490.02 real, 573 MB
[runlim] sample:		1500.00 time, 1500.02 real, 573 MB
[runlim] sample:		1509.99 time, 1510.02 real, 552 MB
[runlim] sample:		1519.99 time, 1520.02 real, 595 MB
[runlim] sample:		1529.99 time, 1530.01 real, 528 MB
[runlim] sample:		1539.99 time, 1540.01 real, 602 MB
[runlim] sample:		1549.99 time, 1550.02 real, 621 MB
[runlim] sample:		1559.99 time, 1560.02 real, 621 MB
[runlim] sample:		1569.99 time, 1570.02 real, 621 MB
[runlim] sample:		1579.99 time, 1580.02 real, 621 MB
[runlim] sample:		1589.99 time, 1590.02 real, 621 MB
[runlim] sample:		1599.99 time, 1600.02 real, 621 MB
[runlim] sample:		1609.99 time, 1610.02 real, 621 MB
[runlim] sample:		1619.99 time, 1620.02 real, 602 MB
[runlim] sample:		1630.00 time, 1630.01 real, 668 MB
[runlim] sample:		1639.99 time, 1640.01 real, 623 MB
[runlim] sample:		1649.99 time, 1650.02 real, 547 MB
[runlim] sample:		1659.99 time, 1660.02 real, 627 MB
[runlim] sample:		1669.99 time, 1670.02 real, 713 MB
[runlim] sample:		1679.99 time, 1680.02 real, 547 MB
[runlim] sample:		1689.99 time, 1690.02 real, 625 MB
[runlim] sample:		1699.99 time, 1700.02 real, 625 MB
[runlim] sample:		1710.00 time, 1710.02 real, 566 MB
[runlim] sample:		1720.00 time, 1720.02 real, 735 MB
[runlim] sample:		1730.00 time, 1730.02 real, 735 MB
[runlim] sample:		1739.99 time, 1740.02 real, 735 MB
[runlim] sample:		1749.99 time, 1750.02 real, 736 MB
[runlim] sample:		1759.99 time, 1760.01 real, 691 MB
[runlim] sample:		1769.99 time, 1770.02 real, 691 MB
[runlim] sample:		1780.00 time, 1780.01 real, 706 MB
[runlim] sample:		1789.99 time, 1790.02 real, 643 MB
[runlim] sample:		1799.99 time, 1800.01 real, 726 MB
[runlim] sample:		1809.99 time, 1810.02 real, 726 MB
[runlim] sample:		1819.99 time, 1820.01 real, 731 MB
[runlim] sample:		1829.99 time, 1830.02 real, 731 MB
[runlim] sample:		1839.99 time, 1840.02 real, 831 MB
[runlim] sample:		1849.99 time, 1850.02 real, 868 MB
[runlim] sample:		1860.00 time, 1860.02 real, 753 MB
[runlim] sample:		1870.00 time, 1870.02 real, 780 MB
[runlim] sample:		1879.99 time, 1880.02 real, 698 MB
[runlim] sample:		1889.99 time, 1890.02 real, 802 MB
[runlim] sample:		1900.00 time, 1900.02 real, 802 MB
[runlim] sample:		1909.99 time, 1910.02 real, 759 MB
[runlim] sample:		1919.99 time, 1920.02 real, 753 MB
[runlim] sample:		1929.99 time, 1930.02 real, 629 MB
[runlim] sample:		1939.99 time, 1940.02 real, 810 MB
[runlim] sample:		1949.99 time, 1950.02 real, 883 MB
[runlim] sample:		1959.99 time, 1960.01 real, 770 MB
[runlim] sample:		1969.99 time, 1970.01 real, 770 MB
[runlim] sample:		1979.99 time, 1980.01 real, 770 MB
[runlim] sample:		1989.99 time, 1990.02 real, 769 MB
[runlim] sample:		1999.99 time, 2000.02 real, 769 MB
[runlim] sample:		2009.99 time, 2010.02 real, 835 MB
[runlim] sample:		2019.99 time, 2020.02 real, 766 MB
[runlim] sample:		2029.99 time, 2030.02 real, 766 MB
[runlim] sample:		2039.99 time, 2040.02 real, 766 MB
[runlim] sample:		2049.99 time, 2050.02 real, 766 MB
[runlim] sample:		2059.99 time, 2060.02 real, 674 MB
[runlim] sample:		2069.99 time, 2070.01 real, 772 MB
[runlim] sample:		2079.99 time, 2080.02 real, 874 MB
[runlim] sample:		2089.99 time, 2090.02 real, 765 MB
[runlim] sample:		2099.99 time, 2100.02 real, 788 MB
[runlim] sample:		2109.99 time, 2110.02 real, 678 MB
[runlim] sample:		2119.99 time, 2120.02 real, 777 MB
[runlim] sample:		2129.99 time, 2130.01 real, 780 MB
[runlim] sample:		2139.99 time, 2140.02 real, 745 MB
[runlim] sample:		2149.99 time, 2150.01 real, 786 MB
[runlim] sample:		2159.99 time, 2160.02 real, 809 MB
[runlim] sample:		2169.99 time, 2170.02 real, 868 MB
[runlim] sample:		2179.99 time, 2180.02 real, 867 MB
[runlim] sample:		2189.99 time, 2190.02 real, 764 MB
[runlim] sample:		2199.99 time, 2200.01 real, 867 MB
[runlim] sample:		2209.99 time, 2210.02 real, 867 MB
[runlim] sample:		2219.99 time, 2220.02 real, 869 MB
[runlim] sample:		2229.99 time, 2230.02 real, 694 MB
[runlim] sample:		2239.99 time, 2240.02 real, 800 MB
[runlim] sample:		2249.99 time, 2250.02 real, 800 MB
[runlim] sample:		2259.99 time, 2260.02 real, 800 MB
[runlim] sample:		2269.99 time, 2270.02 real, 800 MB
[runlim] sample:		2279.99 time, 2280.02 real, 950 MB
[runlim] sample:		2289.99 time, 2290.02 real, 950 MB
[runlim] sample:		2299.99 time, 2300.02 real, 950 MB
[runlim] sample:		2309.99 time, 2310.02 real, 951 MB
[runlim] sample:		2319.99 time, 2320.02 real, 951 MB
[runlim] sample:		2329.99 time, 2330.02 real, 951 MB
[runlim] sample:		2339.99 time, 2340.02 real, 951 MB
[runlim] sample:		2349.99 time, 2350.02 real, 951 MB
[runlim] sample:		2359.99 time, 2360.02 real, 951 MB
[runlim] sample:		2369.99 time, 2370.02 real, 851 MB
[runlim] sample:		2379.99 time, 2380.02 real, 851 MB
[runlim] sample:		2389.99 time, 2390.02 real, 897 MB
[runlim] sample:		2399.99 time, 2400.02 real, 738 MB
[runlim] sample:		2409.99 time, 2410.01 real, 843 MB
[runlim] sample:		2419.99 time, 2420.02 real, 878 MB
[runlim] sample:		2429.99 time, 2430.02 real, 915 MB
[runlim] sample:		2439.99 time, 2440.01 real, 797 MB
[runlim] sample:		2449.99 time, 2450.01 real, 812 MB
[runlim] sample:		2459.98 time, 2460.02 real, 812 MB
[runlim] sample:		2469.99 time, 2470.02 real, 812 MB
[runlim] sample:		2479.99 time, 2480.02 real, 812 MB
[runlim] sample:		2489.99 time, 2490.02 real, 812 MB
[runlim] sample:		2499.98 time, 2500.02 real, 867 MB
[runlim] sample:		2509.99 time, 2510.01 real, 865 MB
[runlim] sample:		2519.99 time, 2520.02 real, 908 MB
[runlim] sample:		2529.99 time, 2530.02 real, 908 MB
[runlim] sample:		2539.99 time, 2540.01 real, 867 MB
[runlim] sample:		2549.99 time, 2550.02 real, 867 MB
[runlim] sample:		2559.98 time, 2560.01 real, 875 MB
[runlim] sample:		2569.99 time, 2570.02 real, 875 MB
[runlim] sample:		2579.99 time, 2580.01 real, 874 MB
[runlim] sample:		2589.98 time, 2590.02 real, 874 MB
[runlim] sample:		2599.99 time, 2600.02 real, 874 MB
[runlim] sample:		2609.98 time, 2610.02 real, 911 MB
[runlim] sample:		2619.99 time, 2620.02 real, 936 MB
[runlim] sample:		2629.99 time, 2630.02 real, 765 MB
[runlim] sample:		2639.99 time, 2640.02 real, 995 MB
[runlim] sample:		2649.98 time, 2650.02 real, 929 MB
[runlim] sample:		2659.99 time, 2660.02 real, 943 MB
[runlim] sample:		2669.99 time, 2670.02 real, 783 MB
[runlim] sample:		2679.99 time, 2680.01 real, 913 MB
[runlim] sample:		2689.98 time, 2690.02 real, 965 MB
[runlim] sample:		2699.98 time, 2700.02 real, 980 MB
[runlim] sample:		2709.99 time, 2710.02 real, 980 MB
[runlim] sample:		2719.99 time, 2720.02 real, 843 MB
[runlim] sample:		2729.99 time, 2730.01 real, 928 MB
[runlim] sample:		2739.99 time, 2740.01 real, 932 MB
[runlim] sample:		2749.98 time, 2750.02 real, 932 MB
[runlim] sample:		2759.98 time, 2760.02 real, 932 MB
[runlim] sample:		2769.99 time, 2770.02 real, 932 MB
[runlim] sample:		2779.99 time, 2780.02 real, 932 MB
[runlim] sample:		2789.99 time, 2790.02 real, 1067 MB
[runlim] sample:		2799.99 time, 2800.02 real, 1067 MB
[runlim] sample:		2809.98 time, 2810.02 real, 1114 MB
[runlim] sample:		2819.99 time, 2820.01 real, 1163 MB
[runlim] sample:		2829.99 time, 2830.01 real, 1163 MB
[runlim] sample:		2839.99 time, 2840.01 real, 1163 MB
[runlim] sample:		2849.99 time, 2850.01 real, 1163 MB
[runlim] sample:		2859.99 time, 2860.01 real, 1163 MB
[runlim] sample:		2869.99 time, 2870.02 real, 1016 MB
[runlim] sample:		2879.99 time, 2880.02 real, 1016 MB
[runlim] sample:		2889.98 time, 2890.02 real, 1016 MB
[runlim] sample:		2899.98 time, 2900.01 real, 1016 MB
[runlim] sample:		2909.99 time, 2910.02 real, 1038 MB
[runlim] sample:		2919.99 time, 2920.01 real, 1038 MB
[runlim] sample:		2929.98 time, 2930.01 real, 1038 MB
[runlim] sample:		2939.98 time, 2940.01 real, 1038 MB
[runlim] sample:		2949.99 time, 2950.01 real, 1038 MB
[runlim] sample:		2959.99 time, 2960.01 real, 1038 MB
[runlim] sample:		2969.98 time, 2970.02 real, 1038 MB
[runlim] sample:		2979.98 time, 2980.02 real, 1038 MB
[runlim] sample:		2989.99 time, 2990.02 real, 1038 MB
[runlim] sample:		2999.99 time, 3000.01 real, 1038 MB
[runlim] sample:		3009.99 time, 3010.01 real, 1038 MB
[runlim] sample:		3019.99 time, 3020.02 real, 1038 MB
[runlim] sample:		3029.99 time, 3030.01 real, 1038 MB
[runlim] sample:		3039.99 time, 3040.02 real, 1038 MB
[runlim] sample:		3049.98 time, 3050.02 real, 1038 MB
[runlim] sample:		3059.98 time, 3060.02 real, 1038 MB
[runlim] sample:		3069.99 time, 3070.02 real, 1038 MB
[runlim] sample:		3079.99 time, 3080.02 real, 1038 MB
[runlim] sample:		3089.98 time, 3090.02 real, 1038 MB
[runlim] sample:		3099.98 time, 3100.02 real, 1038 MB
[runlim] sample:		3109.98 time, 3110.02 real, 1038 MB
[runlim] sample:		3119.98 time, 3120.02 real, 1038 MB
[runlim] sample:		3129.99 time, 3130.02 real, 1038 MB
[runlim] sample:		3139.99 time, 3140.02 real, 1038 MB
[runlim] sample:		3149.98 time, 3150.02 real, 1038 MB
[runlim] sample:		3159.98 time, 3160.02 real, 1038 MB
[runlim] sample:		3169.99 time, 3170.02 real, 1038 MB
[runlim] sample:		3179.99 time, 3180.02 real, 1038 MB
[runlim] sample:		3189.99 time, 3190.02 real, 1038 MB
[runlim] sample:		3199.99 time, 3200.02 real, 1038 MB
[runlim] sample:		3209.99 time, 3210.02 real, 1038 MB
[runlim] sample:		3219.99 time, 3220.02 real, 1038 MB
[runlim] sample:		3229.98 time, 3230.01 real, 1077 MB
[runlim] sample:		3239.98 time, 3240.01 real, 1077 MB
[runlim] sample:		3249.98 time, 3250.01 real, 1077 MB
[runlim] sample:		3259.98 time, 3260.01 real, 1077 MB
[runlim] sample:		3269.99 time, 3270.01 real, 1077 MB
[runlim] sample:		3279.99 time, 3280.02 real, 1025 MB
[runlim] sample:		3289.98 time, 3290.01 real, 1045 MB
[runlim] sample:		3299.98 time, 3300.01 real, 1045 MB
[runlim] sample:		3309.98 time, 3310.01 real, 1046 MB
[runlim] sample:		3319.98 time, 3320.01 real, 1046 MB
[runlim] sample:		3329.99 time, 3330.02 real, 1046 MB
[runlim] sample:		3339.99 time, 3340.02 real, 1046 MB
[runlim] sample:		3349.99 time, 3350.01 real, 1089 MB
[runlim] sample:		3359.99 time, 3360.01 real, 1089 MB
[runlim] sample:		3369.98 time, 3370.02 real, 1037 MB
[runlim] sample:		3379.98 time, 3380.02 real, 1037 MB
[runlim] sample:		3389.98 time, 3390.02 real, 1027 MB
[runlim] sample:		3399.98 time, 3400.01 real, 1092 MB
[runlim] sample:		3409.99 time, 3410.01 real, 1092 MB
[runlim] sample:		3419.98 time, 3420.02 real, 1046 MB
[runlim] sample:		3429.99 time, 3430.02 real, 1046 MB
[runlim] sample:		3439.99 time, 3440.02 real, 1046 MB
[runlim] sample:		3449.98 time, 3450.02 real, 1046 MB
[runlim] sample:		3459.98 time, 3460.01 real, 1046 MB
[runlim] sample:		3469.99 time, 3470.02 real, 1046 MB
[runlim] sample:		3479.99 time, 3480.02 real, 1046 MB
[runlim] sample:		3489.98 time, 3490.01 real, 1046 MB
[runlim] sample:		3499.98 time, 3500.02 real, 1051 MB
[runlim] sample:		3509.99 time, 3510.01 real, 1048 MB
[runlim] sample:		3519.99 time, 3520.02 real, 1048 MB
[runlim] sample:		3529.98 time, 3530.01 real, 1093 MB
[runlim] sample:		3539.98 time, 3540.01 real, 1093 MB
[runlim] sample:		3549.98 time, 3550.02 real, 1046 MB
[runlim] sample:		3559.98 time, 3560.02 real, 1046 MB
[runlim] sample:		3569.99 time, 3570.02 real, 1046 MB
[runlim] sample:		3579.99 time, 3580.02 real, 1046 MB
[runlim] sample:		3589.99 time, 3590.01 real, 1046 MB
[runlim] sample:		3599.99 time, 3600.02 real, 1046 MB
[runlim] end:			Fri Oct 18 05:50:00 2019
[runlim] status:		out of time
[runlim] result:		2
[runlim] children:		2
[runlim] real:			3600.10 seconds
[runlim] time:			3599.99 seconds
[runlim] space:			1295 MB
[runlim] samples:		36000
