[runlim] version:		1.17
[runlim] host:			c3n07
[runlim] time limit:		311040000 seconds
[runlim] real time limit:	3600 seconds
[runlim] space limit:		120000 MB
[runlim] argv[0]:		./run-btormc-master.sh
[runlim] argv[1]:		/tmp/rphFmKrA.btor
[runlim] start:			Fri Oct 18 04:51:40 2019
[runlim] child:			12239
[runlim] sample:		10.00 time, 10.01 real, 55 MB
[runlim] sample:		20.00 time, 20.01 real, 87 MB
[runlim] sample:		30.00 time, 30.01 real, 105 MB
[runlim] sample:		40.00 time, 40.01 real, 122 MB
[runlim] sample:		50.00 time, 50.01 real, 148 MB
[runlim] sample:		59.99 time, 60.01 real, 155 MB
[runlim] sample:		70.00 time, 70.01 real, 171 MB
[runlim] sample:		79.99 time, 80.01 real, 190 MB
[runlim] sample:		89.99 time, 90.01 real, 179 MB
[runlim] sample:		99.99 time, 100.01 real, 216 MB
[runlim] sample:		110.00 time, 110.01 real, 225 MB
[runlim] sample:		119.99 time, 120.01 real, 233 MB
[runlim] sample:		129.99 time, 130.01 real, 255 MB
[runlim] sample:		139.99 time, 140.01 real, 266 MB
[runlim] sample:		150.00 time, 150.01 real, 293 MB
[runlim] sample:		160.00 time, 160.01 real, 268 MB
[runlim] sample:		170.00 time, 170.01 real, 299 MB
[runlim] sample:		180.00 time, 180.01 real, 299 MB
[runlim] sample:		189.99 time, 190.01 real, 313 MB
[runlim] sample:		200.00 time, 200.01 real, 314 MB
[runlim] sample:		209.99 time, 210.01 real, 324 MB
[runlim] sample:		220.00 time, 220.01 real, 331 MB
[runlim] sample:		229.99 time, 230.01 real, 331 MB
[runlim] sample:		239.99 time, 240.01 real, 332 MB
[runlim] sample:		249.99 time, 250.01 real, 335 MB
[runlim] sample:		259.99 time, 260.01 real, 345 MB
[runlim] sample:		269.99 time, 270.01 real, 346 MB
[runlim] sample:		279.99 time, 280.01 real, 348 MB
[runlim] sample:		289.99 time, 290.01 real, 353 MB
[runlim] sample:		299.99 time, 300.01 real, 370 MB
[runlim] sample:		309.99 time, 310.01 real, 371 MB
[runlim] sample:		319.99 time, 320.01 real, 376 MB
[runlim] sample:		329.99 time, 330.01 real, 377 MB
[runlim] sample:		339.99 time, 340.01 real, 377 MB
[runlim] sample:		349.99 time, 350.01 real, 395 MB
[runlim] sample:		359.98 time, 360.01 real, 414 MB
[runlim] sample:		369.98 time, 370.01 real, 414 MB
[runlim] sample:		379.98 time, 380.01 real, 414 MB
[runlim] sample:		389.99 time, 390.01 real, 346 MB
[runlim] sample:		399.99 time, 400.01 real, 352 MB
[runlim] sample:		409.99 time, 410.01 real, 404 MB
[runlim] sample:		419.99 time, 420.01 real, 425 MB
[runlim] sample:		429.98 time, 430.01 real, 425 MB
[runlim] sample:		439.99 time, 440.01 real, 443 MB
[runlim] sample:		449.98 time, 450.01 real, 426 MB
[runlim] sample:		459.98 time, 460.01 real, 475 MB
[runlim] sample:		469.98 time, 470.01 real, 479 MB
[runlim] sample:		479.99 time, 480.01 real, 455 MB
[runlim] sample:		489.98 time, 490.01 real, 467 MB
[runlim] sample:		499.98 time, 500.01 real, 514 MB
[runlim] sample:		509.99 time, 510.01 real, 539 MB
[runlim] sample:		519.98 time, 520.01 real, 553 MB
[runlim] sample:		529.98 time, 530.01 real, 555 MB
[runlim] sample:		539.99 time, 540.01 real, 554 MB
[runlim] sample:		549.99 time, 550.01 real, 558 MB
[runlim] sample:		559.98 time, 560.01 real, 576 MB
[runlim] sample:		569.98 time, 570.01 real, 546 MB
[runlim] sample:		579.98 time, 580.01 real, 600 MB
[runlim] sample:		589.98 time, 590.01 real, 622 MB
[runlim] sample:		599.98 time, 600.01 real, 639 MB
[runlim] sample:		609.98 time, 610.01 real, 639 MB
[runlim] sample:		619.98 time, 620.01 real, 589 MB
[runlim] sample:		629.98 time, 630.01 real, 646 MB
[runlim] sample:		639.98 time, 640.01 real, 702 MB
[runlim] sample:		649.98 time, 650.01 real, 702 MB
[runlim] sample:		659.98 time, 660.01 real, 703 MB
[runlim] sample:		669.98 time, 670.01 real, 730 MB
[runlim] sample:		679.98 time, 680.01 real, 731 MB
[runlim] sample:		689.98 time, 690.01 real, 732 MB
[runlim] sample:		699.98 time, 700.01 real, 732 MB
[runlim] sample:		709.98 time, 710.01 real, 732 MB
[runlim] sample:		719.98 time, 720.01 real, 733 MB
[runlim] sample:		729.98 time, 730.01 real, 664 MB
[runlim] sample:		739.98 time, 740.01 real, 679 MB
[runlim] sample:		749.98 time, 750.01 real, 701 MB
[runlim] sample:		759.98 time, 760.01 real, 765 MB
[runlim] sample:		769.98 time, 770.01 real, 765 MB
[runlim] sample:		779.98 time, 780.01 real, 674 MB
[runlim] sample:		789.98 time, 790.01 real, 806 MB
[runlim] sample:		799.98 time, 800.01 real, 806 MB
[runlim] sample:		809.98 time, 810.01 real, 836 MB
[runlim] sample:		819.97 time, 820.01 real, 870 MB
[runlim] sample:		829.98 time, 830.01 real, 879 MB
[runlim] sample:		839.97 time, 840.01 real, 914 MB
[runlim] sample:		849.98 time, 850.01 real, 924 MB
[runlim] sample:		859.98 time, 860.01 real, 921 MB
[runlim] sample:		869.97 time, 870.01 real, 930 MB
[runlim] sample:		879.97 time, 880.01 real, 965 MB
[runlim] sample:		889.98 time, 890.01 real, 974 MB
[runlim] sample:		899.97 time, 900.01 real, 982 MB
[runlim] sample:		909.98 time, 910.01 real, 912 MB
[runlim] sample:		919.98 time, 920.01 real, 990 MB
[runlim] sample:		929.97 time, 930.01 real, 1007 MB
[runlim] sample:		939.97 time, 940.01 real, 1053 MB
[runlim] sample:		949.98 time, 950.01 real, 1053 MB
[runlim] sample:		959.97 time, 960.01 real, 1053 MB
[runlim] sample:		969.98 time, 970.01 real, 867 MB
[runlim] sample:		979.97 time, 980.01 real, 947 MB
[runlim] sample:		989.97 time, 990.01 real, 1025 MB
[runlim] sample:		999.98 time, 1000.01 real, 1026 MB
[runlim] sample:		1009.97 time, 1010.01 real, 1026 MB
[runlim] sample:		1019.97 time, 1020.01 real, 1026 MB
[runlim] sample:		1029.97 time, 1030.01 real, 1029 MB
[runlim] sample:		1039.97 time, 1040.01 real, 1029 MB
[runlim] sample:		1049.98 time, 1050.01 real, 1029 MB
[runlim] sample:		1059.98 time, 1060.01 real, 1036 MB
[runlim] sample:		1069.98 time, 1070.01 real, 952 MB
[runlim] sample:		1079.97 time, 1080.01 real, 1039 MB
[runlim] sample:		1089.97 time, 1090.01 real, 1079 MB
[runlim] sample:		1099.97 time, 1100.01 real, 1080 MB
[runlim] sample:		1109.97 time, 1110.01 real, 1081 MB
[runlim] sample:		1119.97 time, 1120.01 real, 1082 MB
[runlim] sample:		1129.98 time, 1130.01 real, 1083 MB
[runlim] sample:		1139.97 time, 1140.01 real, 1178 MB
[runlim] sample:		1149.98 time, 1150.01 real, 1134 MB
[runlim] sample:		1159.98 time, 1160.01 real, 1192 MB
[runlim] sample:		1169.97 time, 1170.01 real, 1193 MB
[runlim] sample:		1179.97 time, 1180.01 real, 1194 MB
[runlim] sample:		1189.97 time, 1190.01 real, 1195 MB
[runlim] sample:		1199.97 time, 1200.01 real, 1195 MB
[runlim] sample:		1209.97 time, 1210.01 real, 1196 MB
[runlim] sample:		1219.97 time, 1220.01 real, 1256 MB
[runlim] sample:		1229.97 time, 1230.01 real, 1020 MB
[runlim] sample:		1239.98 time, 1240.01 real, 1114 MB
[runlim] sample:		1249.97 time, 1250.01 real, 1243 MB
[runlim] sample:		1259.97 time, 1260.01 real, 1243 MB
[runlim] sample:		1269.97 time, 1270.01 real, 1272 MB
[runlim] sample:		1279.97 time, 1280.01 real, 1324 MB
[runlim] sample:		1289.97 time, 1290.01 real, 1340 MB
[runlim] sample:		1299.97 time, 1300.01 real, 1365 MB
[runlim] sample:		1309.98 time, 1310.01 real, 1365 MB
[runlim] sample:		1319.98 time, 1320.01 real, 1372 MB
[runlim] sample:		1329.97 time, 1330.01 real, 1373 MB
[runlim] sample:		1339.97 time, 1340.01 real, 1375 MB
[runlim] sample:		1349.97 time, 1350.01 real, 1375 MB
[runlim] sample:		1359.97 time, 1360.01 real, 1375 MB
[runlim] sample:		1369.97 time, 1370.01 real, 1391 MB
[runlim] sample:		1379.97 time, 1380.01 real, 1391 MB
[runlim] sample:		1389.97 time, 1390.01 real, 1392 MB
[runlim] sample:		1399.97 time, 1400.01 real, 1392 MB
[runlim] sample:		1409.97 time, 1410.01 real, 1392 MB
[runlim] sample:		1419.97 time, 1420.01 real, 1286 MB
[runlim] sample:		1429.97 time, 1430.01 real, 1390 MB
[runlim] sample:		1439.97 time, 1440.01 real, 1408 MB
[runlim] sample:		1449.97 time, 1450.01 real, 1425 MB
[runlim] sample:		1459.97 time, 1460.01 real, 1442 MB
[runlim] sample:		1469.97 time, 1470.01 real, 1454 MB
[runlim] sample:		1479.97 time, 1480.01 real, 1531 MB
[runlim] sample:		1489.97 time, 1490.01 real, 1469 MB
[runlim] sample:		1499.97 time, 1500.01 real, 1482 MB
[runlim] sample:		1509.97 time, 1510.01 real, 1483 MB
[runlim] sample:		1519.97 time, 1520.01 real, 1452 MB
[runlim] sample:		1529.97 time, 1530.01 real, 1343 MB
[runlim] sample:		1539.96 time, 1540.01 real, 1537 MB
[runlim] sample:		1549.97 time, 1550.01 real, 1538 MB
[runlim] sample:		1559.96 time, 1560.01 real, 1538 MB
[runlim] sample:		1569.96 time, 1570.01 real, 1539 MB
[runlim] sample:		1579.97 time, 1580.01 real, 1540 MB
[runlim] sample:		1589.96 time, 1590.01 real, 1540 MB
[runlim] sample:		1599.96 time, 1600.01 real, 1541 MB
[runlim] sample:		1609.97 time, 1610.01 real, 1541 MB
[runlim] sample:		1619.96 time, 1620.02 real, 1541 MB
[runlim] sample:		1629.97 time, 1630.02 real, 1541 MB
[runlim] sample:		1639.97 time, 1640.02 real, 1542 MB
[runlim] sample:		1649.97 time, 1650.02 real, 1542 MB
[runlim] sample:		1659.97 time, 1660.02 real, 1542 MB
[runlim] sample:		1669.97 time, 1670.02 real, 1543 MB
[runlim] sample:		1679.97 time, 1680.02 real, 1557 MB
[runlim] sample:		1689.96 time, 1690.02 real, 1453 MB
[runlim] sample:		1699.97 time, 1700.01 real, 1530 MB
[runlim] sample:		1709.96 time, 1710.02 real, 1581 MB
[runlim] sample:		1719.96 time, 1720.02 real, 1582 MB
[runlim] sample:		1729.97 time, 1730.02 real, 1610 MB
[runlim] sample:		1739.97 time, 1740.02 real, 1610 MB
[runlim] sample:		1749.97 time, 1750.02 real, 1610 MB
[runlim] sample:		1759.96 time, 1760.02 real, 1625 MB
[runlim] sample:		1769.97 time, 1770.02 real, 1644 MB
[runlim] sample:		1779.96 time, 1780.02 real, 1644 MB
[runlim] sample:		1789.97 time, 1790.02 real, 1644 MB
[runlim] sample:		1799.96 time, 1800.02 real, 1645 MB
[runlim] sample:		1809.97 time, 1810.02 real, 1660 MB
[runlim] sample:		1819.96 time, 1820.02 real, 1660 MB
[runlim] sample:		1829.96 time, 1830.02 real, 1661 MB
[runlim] sample:		1839.96 time, 1840.02 real, 1546 MB
[runlim] sample:		1849.97 time, 1850.01 real, 1642 MB
[runlim] sample:		1859.97 time, 1860.02 real, 1685 MB
[runlim] sample:		1869.96 time, 1870.02 real, 1685 MB
[runlim] sample:		1879.96 time, 1880.02 real, 1685 MB
[runlim] sample:		1889.96 time, 1890.02 real, 1685 MB
[runlim] sample:		1899.97 time, 1900.02 real, 1685 MB
[runlim] sample:		1909.97 time, 1910.02 real, 1685 MB
[runlim] sample:		1919.96 time, 1920.02 real, 1685 MB
[runlim] sample:		1929.96 time, 1930.02 real, 1685 MB
[runlim] sample:		1939.96 time, 1940.02 real, 1685 MB
[runlim] sample:		1949.96 time, 1950.02 real, 1686 MB
[runlim] sample:		1959.96 time, 1960.02 real, 1686 MB
[runlim] end:			Fri Oct 18 05:24:25 2019
[runlim] status:		ok
[runlim] result:		0
[runlim] children:		2
[runlim] real:			1965.06 seconds
[runlim] time:			1964.96 seconds
[runlim] space:			1755 MB
[runlim] samples:		19650
