[runlim] version:		1.17
[runlim] host:			c3n32
[runlim] time limit:		311040000 seconds
[runlim] real time limit:	3600 seconds
[runlim] space limit:		120000 MB
[runlim] argv[0]:		./run-btormc-master.sh
[runlim] argv[1]:		/tmp/BaIM4vwD.btor
[runlim] start:			Fri Oct 18 04:50:50 2019
[runlim] child:			6762
[runlim] sample:		10.00 time, 10.02 real, 45 MB
[runlim] sample:		20.00 time, 20.01 real, 64 MB
[runlim] sample:		30.00 time, 30.02 real, 66 MB
[runlim] sample:		40.00 time, 40.02 real, 75 MB
[runlim] sample:		50.00 time, 50.01 real, 102 MB
[runlim] sample:		60.00 time, 60.01 real, 104 MB
[runlim] sample:		69.99 time, 70.02 real, 120 MB
[runlim] sample:		80.00 time, 80.02 real, 134 MB
[runlim] sample:		89.99 time, 90.02 real, 160 MB
[runlim] sample:		100.00 time, 100.01 real, 160 MB
[runlim] sample:		110.00 time, 110.01 real, 166 MB
[runlim] sample:		120.00 time, 120.02 real, 197 MB
[runlim] sample:		130.00 time, 130.01 real, 199 MB
[runlim] sample:		140.00 time, 140.02 real, 206 MB
[runlim] sample:		150.00 time, 150.02 real, 207 MB
[runlim] sample:		160.00 time, 160.02 real, 219 MB
[runlim] sample:		170.00 time, 170.02 real, 230 MB
[runlim] sample:		180.00 time, 180.02 real, 246 MB
[runlim] sample:		190.00 time, 190.02 real, 240 MB
[runlim] sample:		200.00 time, 200.02 real, 265 MB
[runlim] sample:		209.99 time, 210.02 real, 265 MB
[runlim] sample:		219.99 time, 220.02 real, 265 MB
[runlim] sample:		229.99 time, 230.02 real, 266 MB
[runlim] sample:		239.99 time, 240.02 real, 254 MB
[runlim] sample:		249.99 time, 250.02 real, 280 MB
[runlim] sample:		259.99 time, 260.02 real, 280 MB
[runlim] sample:		269.99 time, 270.02 real, 280 MB
[runlim] sample:		279.99 time, 280.02 real, 280 MB
[runlim] sample:		290.00 time, 290.02 real, 284 MB
[runlim] sample:		299.99 time, 300.02 real, 291 MB
[runlim] sample:		309.99 time, 310.02 real, 291 MB
[runlim] sample:		319.99 time, 320.02 real, 291 MB
[runlim] sample:		329.99 time, 330.02 real, 291 MB
[runlim] sample:		339.99 time, 340.02 real, 291 MB
[runlim] sample:		350.00 time, 350.02 real, 309 MB
[runlim] sample:		359.99 time, 360.02 real, 311 MB
[runlim] sample:		370.00 time, 370.02 real, 311 MB
[runlim] sample:		380.00 time, 380.02 real, 311 MB
[runlim] sample:		390.00 time, 390.02 real, 311 MB
[runlim] sample:		400.00 time, 400.02 real, 311 MB
[runlim] sample:		410.00 time, 410.02 real, 311 MB
[runlim] sample:		419.99 time, 420.02 real, 282 MB
[runlim] sample:		429.99 time, 430.02 real, 314 MB
[runlim] sample:		440.00 time, 440.02 real, 316 MB
[runlim] sample:		450.00 time, 450.02 real, 316 MB
[runlim] sample:		460.00 time, 460.02 real, 321 MB
[runlim] sample:		470.00 time, 470.02 real, 321 MB
[runlim] sample:		480.00 time, 480.02 real, 321 MB
[runlim] sample:		490.00 time, 490.02 real, 321 MB
[runlim] sample:		500.00 time, 500.02 real, 324 MB
[runlim] sample:		510.00 time, 510.02 real, 337 MB
[runlim] sample:		519.99 time, 520.01 real, 338 MB
[runlim] sample:		530.00 time, 530.02 real, 338 MB
[runlim] sample:		540.00 time, 540.02 real, 338 MB
[runlim] sample:		550.00 time, 550.02 real, 338 MB
[runlim] sample:		560.00 time, 560.02 real, 338 MB
[runlim] sample:		570.00 time, 570.02 real, 338 MB
[runlim] sample:		580.00 time, 580.02 real, 338 MB
[runlim] sample:		590.00 time, 590.02 real, 338 MB
[runlim] sample:		600.00 time, 600.02 real, 338 MB
[runlim] sample:		610.00 time, 610.02 real, 341 MB
[runlim] sample:		620.00 time, 620.02 real, 341 MB
[runlim] sample:		630.00 time, 630.02 real, 341 MB
[runlim] sample:		640.00 time, 640.02 real, 342 MB
[runlim] sample:		650.00 time, 650.02 real, 342 MB
[runlim] sample:		660.00 time, 660.02 real, 342 MB
[runlim] sample:		670.00 time, 670.02 real, 349 MB
[runlim] sample:		680.00 time, 680.02 real, 350 MB
[runlim] sample:		690.00 time, 690.02 real, 350 MB
[runlim] sample:		699.99 time, 700.01 real, 353 MB
[runlim] sample:		710.00 time, 710.02 real, 353 MB
[runlim] sample:		720.00 time, 720.02 real, 353 MB
[runlim] sample:		730.00 time, 730.02 real, 353 MB
[runlim] sample:		740.00 time, 740.02 real, 363 MB
[runlim] sample:		750.00 time, 750.02 real, 363 MB
[runlim] sample:		760.00 time, 760.02 real, 363 MB
[runlim] sample:		770.00 time, 770.02 real, 363 MB
[runlim] sample:		780.00 time, 780.02 real, 363 MB
[runlim] sample:		790.00 time, 790.02 real, 363 MB
[runlim] sample:		800.00 time, 800.02 real, 363 MB
[runlim] sample:		810.00 time, 810.02 real, 342 MB
[runlim] sample:		820.00 time, 820.02 real, 370 MB
[runlim] sample:		830.00 time, 830.02 real, 370 MB
[runlim] sample:		840.00 time, 840.02 real, 370 MB
[runlim] sample:		850.00 time, 850.02 real, 370 MB
[runlim] sample:		860.00 time, 860.02 real, 370 MB
[runlim] sample:		870.00 time, 870.02 real, 370 MB
[runlim] sample:		880.00 time, 880.02 real, 370 MB
[runlim] sample:		890.00 time, 890.02 real, 370 MB
[runlim] sample:		900.00 time, 900.02 real, 370 MB
[runlim] sample:		910.00 time, 910.02 real, 370 MB
[runlim] sample:		920.00 time, 920.02 real, 370 MB
[runlim] sample:		930.00 time, 930.02 real, 370 MB
[runlim] sample:		940.00 time, 940.02 real, 370 MB
[runlim] sample:		950.00 time, 950.02 real, 382 MB
[runlim] sample:		960.00 time, 960.02 real, 372 MB
[runlim] sample:		970.00 time, 970.02 real, 372 MB
[runlim] sample:		980.00 time, 980.02 real, 372 MB
[runlim] sample:		990.00 time, 990.02 real, 372 MB
[runlim] sample:		1000.00 time, 1000.02 real, 372 MB
[runlim] sample:		1010.00 time, 1010.02 real, 373 MB
[runlim] sample:		1020.00 time, 1020.02 real, 373 MB
[runlim] sample:		1030.00 time, 1030.02 real, 373 MB
[runlim] sample:		1040.00 time, 1040.02 real, 373 MB
[runlim] sample:		1050.00 time, 1050.02 real, 373 MB
[runlim] sample:		1060.00 time, 1060.02 real, 373 MB
[runlim] sample:		1070.00 time, 1070.01 real, 409 MB
[runlim] sample:		1080.00 time, 1080.02 real, 409 MB
[runlim] sample:		1090.00 time, 1090.02 real, 409 MB
[runlim] sample:		1100.00 time, 1100.02 real, 409 MB
[runlim] sample:		1110.00 time, 1110.02 real, 409 MB
[runlim] sample:		1120.00 time, 1120.02 real, 409 MB
[runlim] sample:		1130.00 time, 1130.02 real, 409 MB
[runlim] sample:		1140.00 time, 1140.02 real, 409 MB
[runlim] sample:		1150.00 time, 1150.02 real, 409 MB
[runlim] sample:		1160.00 time, 1160.02 real, 409 MB
[runlim] sample:		1170.00 time, 1170.02 real, 409 MB
[runlim] sample:		1180.00 time, 1180.02 real, 409 MB
[runlim] sample:		1190.00 time, 1190.02 real, 409 MB
[runlim] sample:		1200.00 time, 1200.02 real, 437 MB
[runlim] sample:		1210.00 time, 1210.01 real, 437 MB
[runlim] sample:		1220.00 time, 1220.02 real, 436 MB
[runlim] sample:		1230.00 time, 1230.02 real, 436 MB
[runlim] sample:		1240.00 time, 1240.02 real, 436 MB
[runlim] sample:		1250.00 time, 1250.02 real, 436 MB
[runlim] sample:		1260.00 time, 1260.02 real, 436 MB
[runlim] sample:		1270.00 time, 1270.02 real, 436 MB
[runlim] sample:		1280.00 time, 1280.02 real, 436 MB
[runlim] sample:		1290.00 time, 1290.02 real, 436 MB
[runlim] sample:		1300.00 time, 1300.02 real, 436 MB
[runlim] sample:		1310.00 time, 1310.02 real, 436 MB
[runlim] sample:		1320.00 time, 1320.02 real, 436 MB
[runlim] sample:		1330.00 time, 1330.02 real, 436 MB
[runlim] sample:		1340.00 time, 1340.02 real, 436 MB
[runlim] sample:		1350.00 time, 1350.02 real, 436 MB
[runlim] sample:		1360.00 time, 1360.02 real, 437 MB
[runlim] sample:		1370.00 time, 1370.02 real, 440 MB
[runlim] sample:		1380.00 time, 1380.02 real, 442 MB
[runlim] sample:		1390.00 time, 1390.02 real, 442 MB
[runlim] sample:		1400.00 time, 1400.02 real, 442 MB
[runlim] sample:		1410.00 time, 1410.02 real, 442 MB
[runlim] sample:		1420.00 time, 1420.02 real, 442 MB
[runlim] sample:		1430.00 time, 1430.02 real, 442 MB
[runlim] sample:		1440.00 time, 1440.02 real, 442 MB
[runlim] sample:		1450.00 time, 1450.02 real, 442 MB
[runlim] sample:		1460.00 time, 1460.02 real, 442 MB
[runlim] sample:		1470.00 time, 1470.02 real, 442 MB
[runlim] sample:		1480.00 time, 1480.02 real, 442 MB
[runlim] sample:		1490.00 time, 1490.02 real, 442 MB
[runlim] sample:		1500.00 time, 1500.02 real, 442 MB
[runlim] sample:		1510.00 time, 1510.02 real, 442 MB
[runlim] sample:		1520.00 time, 1520.02 real, 442 MB
[runlim] sample:		1530.00 time, 1530.02 real, 442 MB
[runlim] sample:		1540.00 time, 1540.02 real, 442 MB
[runlim] sample:		1550.00 time, 1550.02 real, 442 MB
[runlim] sample:		1560.00 time, 1560.02 real, 458 MB
[runlim] sample:		1570.00 time, 1570.02 real, 455 MB
[runlim] sample:		1580.00 time, 1580.02 real, 455 MB
[runlim] sample:		1590.00 time, 1590.02 real, 455 MB
[runlim] sample:		1600.00 time, 1600.02 real, 455 MB
[runlim] sample:		1610.00 time, 1610.02 real, 455 MB
[runlim] sample:		1620.00 time, 1620.02 real, 455 MB
[runlim] sample:		1630.00 time, 1630.02 real, 455 MB
[runlim] sample:		1640.00 time, 1640.02 real, 455 MB
[runlim] sample:		1650.00 time, 1650.02 real, 455 MB
[runlim] sample:		1660.00 time, 1660.02 real, 455 MB
[runlim] sample:		1670.00 time, 1670.02 real, 455 MB
[runlim] sample:		1680.00 time, 1680.02 real, 455 MB
[runlim] sample:		1690.00 time, 1690.02 real, 455 MB
[runlim] sample:		1700.00 time, 1700.02 real, 455 MB
[runlim] sample:		1710.00 time, 1710.02 real, 455 MB
[runlim] sample:		1720.00 time, 1720.02 real, 455 MB
[runlim] sample:		1730.00 time, 1730.02 real, 455 MB
[runlim] sample:		1740.00 time, 1740.02 real, 455 MB
[runlim] sample:		1750.00 time, 1750.02 real, 460 MB
[runlim] sample:		1760.01 time, 1760.02 real, 412 MB
[runlim] sample:		1770.00 time, 1770.02 real, 460 MB
[runlim] sample:		1780.00 time, 1780.02 real, 460 MB
[runlim] sample:		1790.00 time, 1790.02 real, 460 MB
[runlim] sample:		1800.00 time, 1800.02 real, 460 MB
[runlim] sample:		1810.00 time, 1810.02 real, 460 MB
[runlim] sample:		1820.00 time, 1820.02 real, 460 MB
[runlim] sample:		1830.00 time, 1830.01 real, 460 MB
[runlim] sample:		1840.00 time, 1840.02 real, 460 MB
[runlim] sample:		1850.00 time, 1850.02 real, 460 MB
[runlim] sample:		1860.00 time, 1860.02 real, 460 MB
[runlim] sample:		1870.00 time, 1870.02 real, 460 MB
[runlim] sample:		1880.00 time, 1880.02 real, 460 MB
[runlim] sample:		1890.00 time, 1890.02 real, 460 MB
[runlim] sample:		1900.00 time, 1900.02 real, 460 MB
[runlim] sample:		1910.00 time, 1910.02 real, 460 MB
[runlim] sample:		1920.00 time, 1920.02 real, 460 MB
[runlim] sample:		1930.00 time, 1930.02 real, 460 MB
[runlim] sample:		1940.00 time, 1940.02 real, 460 MB
[runlim] sample:		1950.00 time, 1950.02 real, 425 MB
[runlim] sample:		1960.01 time, 1960.02 real, 464 MB
[runlim] sample:		1970.01 time, 1970.02 real, 464 MB
[runlim] sample:		1980.01 time, 1980.02 real, 464 MB
[runlim] sample:		1990.01 time, 1990.02 real, 464 MB
[runlim] sample:		2000.01 time, 2000.02 real, 464 MB
[runlim] sample:		2010.01 time, 2010.02 real, 464 MB
[runlim] sample:		2020.01 time, 2020.02 real, 464 MB
[runlim] sample:		2030.01 time, 2030.02 real, 464 MB
[runlim] sample:		2040.01 time, 2040.02 real, 464 MB
[runlim] sample:		2050.01 time, 2050.02 real, 464 MB
[runlim] sample:		2060.01 time, 2060.02 real, 464 MB
[runlim] sample:		2070.01 time, 2070.02 real, 464 MB
[runlim] sample:		2080.01 time, 2080.02 real, 464 MB
[runlim] sample:		2090.01 time, 2090.02 real, 464 MB
[runlim] sample:		2100.01 time, 2100.02 real, 464 MB
[runlim] sample:		2110.01 time, 2110.02 real, 464 MB
[runlim] sample:		2120.01 time, 2120.02 real, 465 MB
[runlim] sample:		2130.01 time, 2130.02 real, 465 MB
[runlim] sample:		2140.00 time, 2140.02 real, 419 MB
[runlim] sample:		2150.00 time, 2150.02 real, 470 MB
[runlim] sample:		2160.00 time, 2160.02 real, 470 MB
[runlim] sample:		2170.00 time, 2170.02 real, 470 MB
[runlim] sample:		2180.00 time, 2180.02 real, 470 MB
[runlim] sample:		2190.00 time, 2190.02 real, 470 MB
[runlim] sample:		2200.01 time, 2200.02 real, 470 MB
[runlim] sample:		2210.00 time, 2210.02 real, 470 MB
[runlim] sample:		2220.00 time, 2220.02 real, 470 MB
[runlim] sample:		2230.00 time, 2230.02 real, 470 MB
[runlim] sample:		2240.00 time, 2240.02 real, 470 MB
[runlim] sample:		2250.00 time, 2250.02 real, 470 MB
[runlim] sample:		2260.00 time, 2260.02 real, 470 MB
[runlim] sample:		2270.00 time, 2270.02 real, 470 MB
[runlim] sample:		2280.00 time, 2280.02 real, 470 MB
[runlim] sample:		2290.01 time, 2290.02 real, 470 MB
[runlim] sample:		2300.01 time, 2300.02 real, 470 MB
[runlim] sample:		2310.01 time, 2310.02 real, 470 MB
[runlim] sample:		2320.00 time, 2320.02 real, 491 MB
[runlim] sample:		2330.00 time, 2330.02 real, 491 MB
[runlim] sample:		2340.00 time, 2340.02 real, 491 MB
[runlim] sample:		2350.00 time, 2350.02 real, 491 MB
[runlim] sample:		2360.00 time, 2360.02 real, 449 MB
[runlim] sample:		2370.00 time, 2370.02 real, 449 MB
[runlim] sample:		2380.00 time, 2380.02 real, 453 MB
[runlim] sample:		2390.00 time, 2390.02 real, 453 MB
[runlim] sample:		2400.00 time, 2400.02 real, 453 MB
[runlim] sample:		2410.00 time, 2410.02 real, 453 MB
[runlim] sample:		2420.00 time, 2420.02 real, 453 MB
[runlim] sample:		2430.00 time, 2430.02 real, 454 MB
[runlim] sample:		2440.00 time, 2440.02 real, 454 MB
[runlim] sample:		2450.00 time, 2450.02 real, 467 MB
[runlim] sample:		2460.01 time, 2460.02 real, 490 MB
[runlim] sample:		2470.01 time, 2470.02 real, 490 MB
[runlim] sample:		2480.01 time, 2480.02 real, 490 MB
[runlim] sample:		2490.01 time, 2490.02 real, 490 MB
[runlim] sample:		2500.01 time, 2500.02 real, 490 MB
[runlim] sample:		2510.01 time, 2510.02 real, 490 MB
[runlim] sample:		2520.01 time, 2520.02 real, 490 MB
[runlim] sample:		2530.01 time, 2530.02 real, 490 MB
[runlim] sample:		2540.01 time, 2540.02 real, 490 MB
[runlim] sample:		2550.01 time, 2550.02 real, 491 MB
[runlim] sample:		2560.00 time, 2560.02 real, 491 MB
[runlim] sample:		2570.00 time, 2570.02 real, 491 MB
[runlim] sample:		2580.00 time, 2580.02 real, 491 MB
[runlim] sample:		2590.00 time, 2590.02 real, 513 MB
[runlim] sample:		2600.01 time, 2600.02 real, 512 MB
[runlim] sample:		2610.01 time, 2610.02 real, 512 MB
[runlim] sample:		2620.01 time, 2620.02 real, 512 MB
[runlim] sample:		2630.00 time, 2630.02 real, 512 MB
[runlim] sample:		2640.00 time, 2640.02 real, 512 MB
[runlim] sample:		2650.00 time, 2650.02 real, 512 MB
[runlim] sample:		2660.01 time, 2660.02 real, 512 MB
[runlim] sample:		2670.01 time, 2670.02 real, 512 MB
[runlim] sample:		2680.01 time, 2680.02 real, 512 MB
[runlim] sample:		2690.00 time, 2690.02 real, 512 MB
[runlim] sample:		2700.00 time, 2700.02 real, 512 MB
[runlim] sample:		2710.00 time, 2710.02 real, 512 MB
[runlim] sample:		2720.01 time, 2720.02 real, 512 MB
[runlim] sample:		2730.01 time, 2730.02 real, 512 MB
[runlim] sample:		2740.01 time, 2740.02 real, 512 MB
[runlim] sample:		2750.01 time, 2750.02 real, 512 MB
[runlim] sample:		2760.01 time, 2760.02 real, 512 MB
[runlim] sample:		2770.01 time, 2770.02 real, 512 MB
[runlim] sample:		2780.00 time, 2780.02 real, 512 MB
[runlim] sample:		2790.00 time, 2790.02 real, 519 MB
[runlim] sample:		2800.00 time, 2800.01 real, 537 MB
[runlim] sample:		2810.00 time, 2810.02 real, 537 MB
[runlim] sample:		2820.00 time, 2820.02 real, 607 MB
[runlim] sample:		2830.01 time, 2830.02 real, 606 MB
[runlim] sample:		2840.00 time, 2840.01 real, 606 MB
[runlim] sample:		2850.00 time, 2850.01 real, 606 MB
[runlim] sample:		2860.00 time, 2860.01 real, 606 MB
[runlim] sample:		2870.01 time, 2870.02 real, 558 MB
[runlim] sample:		2880.01 time, 2880.02 real, 575 MB
[runlim] sample:		2890.00 time, 2890.01 real, 602 MB
[runlim] sample:		2900.01 time, 2900.01 real, 602 MB
[runlim] sample:		2910.01 time, 2910.02 real, 578 MB
[runlim] sample:		2920.01 time, 2920.01 real, 595 MB
[runlim] sample:		2930.01 time, 2930.01 real, 595 MB
[runlim] sample:		2940.01 time, 2940.01 real, 595 MB
[runlim] sample:		2950.01 time, 2950.02 real, 567 MB
[runlim] sample:		2960.00 time, 2960.02 real, 522 MB
[runlim] sample:		2970.01 time, 2970.02 real, 559 MB
[runlim] sample:		2980.00 time, 2980.01 real, 560 MB
[runlim] sample:		2990.01 time, 2990.02 real, 559 MB
[runlim] sample:		3000.01 time, 3000.02 real, 559 MB
[runlim] sample:		3010.01 time, 3010.02 real, 559 MB
[runlim] sample:		3020.01 time, 3020.02 real, 559 MB
[runlim] sample:		3030.01 time, 3030.02 real, 559 MB
[runlim] sample:		3040.01 time, 3040.02 real, 559 MB
[runlim] sample:		3050.01 time, 3050.02 real, 559 MB
[runlim] sample:		3060.01 time, 3060.02 real, 559 MB
[runlim] sample:		3070.00 time, 3070.02 real, 559 MB
[runlim] sample:		3080.00 time, 3080.02 real, 559 MB
[runlim] sample:		3090.01 time, 3090.02 real, 559 MB
[runlim] sample:		3100.01 time, 3100.02 real, 559 MB
[runlim] sample:		3110.01 time, 3110.02 real, 559 MB
[runlim] sample:		3120.01 time, 3120.02 real, 559 MB
[runlim] sample:		3130.01 time, 3130.02 real, 559 MB
[runlim] sample:		3140.01 time, 3140.02 real, 559 MB
[runlim] sample:		3150.01 time, 3150.02 real, 559 MB
[runlim] sample:		3160.01 time, 3160.02 real, 559 MB
[runlim] sample:		3170.00 time, 3170.02 real, 559 MB
[runlim] sample:		3180.00 time, 3180.02 real, 559 MB
[runlim] sample:		3190.01 time, 3190.02 real, 559 MB
[runlim] sample:		3200.01 time, 3200.02 real, 559 MB
[runlim] sample:		3210.01 time, 3210.02 real, 559 MB
[runlim] sample:		3220.01 time, 3220.02 real, 505 MB
[runlim] sample:		3230.01 time, 3230.02 real, 561 MB
[runlim] sample:		3240.01 time, 3240.02 real, 561 MB
[runlim] sample:		3250.01 time, 3250.02 real, 561 MB
[runlim] sample:		3260.01 time, 3260.02 real, 561 MB
[runlim] sample:		3270.01 time, 3270.02 real, 561 MB
[runlim] sample:		3280.01 time, 3280.02 real, 562 MB
[runlim] sample:		3290.00 time, 3290.02 real, 562 MB
[runlim] sample:		3300.00 time, 3300.02 real, 562 MB
[runlim] sample:		3310.01 time, 3310.02 real, 562 MB
[runlim] sample:		3320.01 time, 3320.02 real, 562 MB
[runlim] sample:		3330.01 time, 3330.02 real, 596 MB
[runlim] sample:		3340.01 time, 3340.02 real, 596 MB
[runlim] sample:		3350.01 time, 3350.02 real, 596 MB
[runlim] sample:		3360.01 time, 3360.02 real, 596 MB
[runlim] sample:		3370.00 time, 3370.02 real, 596 MB
[runlim] sample:		3380.01 time, 3380.02 real, 596 MB
[runlim] sample:		3390.01 time, 3390.02 real, 596 MB
[runlim] sample:		3400.01 time, 3400.02 real, 596 MB
[runlim] sample:		3410.01 time, 3410.02 real, 596 MB
[runlim] sample:		3420.01 time, 3420.02 real, 597 MB
[runlim] sample:		3430.01 time, 3430.02 real, 597 MB
[runlim] sample:		3440.01 time, 3440.02 real, 597 MB
[runlim] sample:		3450.01 time, 3450.02 real, 675 MB
[runlim] sample:		3460.01 time, 3460.02 real, 599 MB
[runlim] sample:		3470.01 time, 3470.02 real, 599 MB
[runlim] sample:		3480.00 time, 3480.02 real, 582 MB
[runlim] sample:		3490.01 time, 3490.01 real, 515 MB
[runlim] sample:		3500.01 time, 3500.02 real, 532 MB
[runlim] sample:		3510.01 time, 3510.02 real, 532 MB
[runlim] sample:		3520.00 time, 3520.02 real, 547 MB
[runlim] sample:		3530.01 time, 3530.02 real, 547 MB
[runlim] sample:		3540.01 time, 3540.02 real, 547 MB
[runlim] sample:		3550.00 time, 3550.02 real, 547 MB
[runlim] sample:		3560.01 time, 3560.02 real, 547 MB
[runlim] sample:		3570.01 time, 3570.02 real, 547 MB
[runlim] sample:		3580.01 time, 3580.02 real, 547 MB
[runlim] sample:		3590.01 time, 3590.02 real, 546 MB
[runlim] sample:		3600.00 time, 3600.02 real, 546 MB
[runlim] end:			Fri Oct 18 05:50:50 2019
[runlim] status:		out of time
[runlim] result:		2
[runlim] children:		2
[runlim] real:			3600.10 seconds
[runlim] time:			3600.00 seconds
[runlim] space:			723 MB
[runlim] samples:		36000
