[runlim] version:		1.17
[runlim] host:			c3n10
[runlim] time limit:		311040000 seconds
[runlim] real time limit:	3600 seconds
[runlim] space limit:		120000 MB
[runlim] argv[0]:		./run-btormc-master.sh
[runlim] argv[1]:		/tmp/J1uTsIA1.btor
[runlim] start:			Fri Oct 18 05:09:42 2019
[runlim] child:			4012
[runlim] sample:		10.01 time, 10.01 real, 56 MB
[runlim] sample:		20.00 time, 20.02 real, 77 MB
[runlim] sample:		30.00 time, 30.02 real, 100 MB
[runlim] sample:		40.00 time, 40.02 real, 111 MB
[runlim] sample:		50.00 time, 50.01 real, 113 MB
[runlim] sample:		60.00 time, 60.02 real, 115 MB
[runlim] sample:		70.00 time, 70.02 real, 125 MB
[runlim] sample:		80.00 time, 80.02 real, 128 MB
[runlim] sample:		90.00 time, 90.02 real, 140 MB
[runlim] sample:		100.00 time, 100.02 real, 156 MB
[runlim] sample:		110.00 time, 110.02 real, 159 MB
[runlim] sample:		120.00 time, 120.02 real, 162 MB
[runlim] sample:		130.00 time, 130.02 real, 171 MB
[runlim] sample:		140.00 time, 140.02 real, 194 MB
[runlim] sample:		149.99 time, 150.01 real, 212 MB
[runlim] sample:		160.00 time, 160.01 real, 232 MB
[runlim] sample:		169.99 time, 170.01 real, 210 MB
[runlim] sample:		180.00 time, 180.01 real, 210 MB
[runlim] sample:		190.00 time, 190.01 real, 214 MB
[runlim] sample:		200.00 time, 200.01 real, 215 MB
[runlim] sample:		210.00 time, 210.01 real, 215 MB
[runlim] sample:		220.00 time, 220.01 real, 215 MB
[runlim] sample:		230.00 time, 230.02 real, 215 MB
[runlim] sample:		240.00 time, 240.02 real, 216 MB
[runlim] sample:		250.00 time, 250.02 real, 216 MB
[runlim] sample:		260.00 time, 260.02 real, 216 MB
[runlim] sample:		270.00 time, 270.02 real, 216 MB
[runlim] sample:		280.00 time, 280.01 real, 216 MB
[runlim] sample:		290.00 time, 290.02 real, 234 MB
[runlim] sample:		300.00 time, 300.01 real, 233 MB
[runlim] sample:		310.00 time, 310.01 real, 261 MB
[runlim] sample:		320.00 time, 320.02 real, 261 MB
[runlim] sample:		330.00 time, 330.01 real, 262 MB
[runlim] sample:		339.99 time, 340.01 real, 239 MB
[runlim] sample:		350.00 time, 350.01 real, 239 MB
[runlim] sample:		360.00 time, 360.01 real, 243 MB
[runlim] sample:		370.00 time, 370.01 real, 243 MB
[runlim] sample:		380.00 time, 380.01 real, 244 MB
[runlim] sample:		389.99 time, 390.01 real, 244 MB
[runlim] sample:		400.00 time, 400.02 real, 244 MB
[runlim] sample:		410.00 time, 410.02 real, 233 MB
[runlim] sample:		420.00 time, 420.02 real, 252 MB
[runlim] sample:		430.00 time, 430.02 real, 252 MB
[runlim] sample:		440.00 time, 440.02 real, 252 MB
[runlim] sample:		450.00 time, 450.02 real, 252 MB
[runlim] sample:		460.00 time, 460.02 real, 252 MB
[runlim] sample:		470.00 time, 470.02 real, 286 MB
[runlim] sample:		480.00 time, 480.02 real, 286 MB
[runlim] sample:		490.00 time, 490.02 real, 286 MB
[runlim] sample:		500.00 time, 500.01 real, 286 MB
[runlim] sample:		510.00 time, 510.02 real, 286 MB
[runlim] sample:		520.00 time, 520.02 real, 286 MB
[runlim] sample:		530.00 time, 530.02 real, 293 MB
[runlim] sample:		540.00 time, 540.01 real, 293 MB
[runlim] sample:		550.00 time, 550.02 real, 293 MB
[runlim] sample:		559.99 time, 560.02 real, 328 MB
[runlim] sample:		569.99 time, 570.01 real, 327 MB
[runlim] sample:		579.99 time, 580.02 real, 327 MB
[runlim] sample:		589.99 time, 590.02 real, 327 MB
[runlim] sample:		599.99 time, 600.01 real, 327 MB
[runlim] sample:		610.00 time, 610.01 real, 360 MB
[runlim] sample:		620.00 time, 620.02 real, 360 MB
[runlim] sample:		630.00 time, 630.02 real, 372 MB
[runlim] sample:		640.00 time, 640.01 real, 373 MB
[runlim] sample:		650.00 time, 650.02 real, 339 MB
[runlim] sample:		660.00 time, 660.02 real, 339 MB
[runlim] sample:		670.00 time, 670.01 real, 339 MB
[runlim] sample:		680.00 time, 680.02 real, 345 MB
[runlim] sample:		690.00 time, 690.02 real, 345 MB
[runlim] sample:		700.00 time, 700.01 real, 345 MB
[runlim] sample:		710.00 time, 710.02 real, 346 MB
[runlim] sample:		720.00 time, 720.01 real, 346 MB
[runlim] sample:		730.00 time, 730.01 real, 346 MB
[runlim] sample:		739.99 time, 740.02 real, 347 MB
[runlim] sample:		749.99 time, 750.01 real, 347 MB
[runlim] sample:		760.00 time, 760.02 real, 348 MB
[runlim] sample:		769.99 time, 770.01 real, 348 MB
[runlim] sample:		779.99 time, 780.01 real, 348 MB
[runlim] sample:		790.00 time, 790.02 real, 350 MB
[runlim] sample:		800.00 time, 800.01 real, 350 MB
[runlim] sample:		810.00 time, 810.01 real, 350 MB
[runlim] sample:		820.00 time, 820.01 real, 350 MB
[runlim] sample:		830.00 time, 830.01 real, 351 MB
[runlim] sample:		840.00 time, 840.02 real, 351 MB
[runlim] sample:		850.00 time, 850.02 real, 351 MB
[runlim] sample:		859.99 time, 860.02 real, 352 MB
[runlim] sample:		869.99 time, 870.01 real, 352 MB
[runlim] sample:		879.99 time, 880.01 real, 352 MB
[runlim] sample:		889.99 time, 890.02 real, 384 MB
[runlim] sample:		900.00 time, 900.01 real, 353 MB
[runlim] sample:		910.00 time, 910.01 real, 353 MB
[runlim] sample:		920.00 time, 920.01 real, 353 MB
[runlim] sample:		930.00 time, 930.01 real, 354 MB
[runlim] sample:		940.00 time, 940.01 real, 354 MB
[runlim] sample:		950.00 time, 950.01 real, 354 MB
[runlim] sample:		960.00 time, 960.01 real, 354 MB
[runlim] sample:		970.00 time, 970.02 real, 354 MB
[runlim] sample:		980.00 time, 980.01 real, 389 MB
[runlim] sample:		990.00 time, 990.01 real, 361 MB
[runlim] sample:		1000.00 time, 1000.01 real, 361 MB
[runlim] sample:		1010.00 time, 1010.01 real, 361 MB
[runlim] sample:		1020.00 time, 1020.01 real, 361 MB
[runlim] sample:		1030.00 time, 1030.01 real, 396 MB
[runlim] sample:		1039.99 time, 1040.01 real, 377 MB
[runlim] sample:		1049.99 time, 1050.01 real, 377 MB
[runlim] sample:		1059.99 time, 1060.01 real, 377 MB
[runlim] sample:		1070.00 time, 1070.01 real, 413 MB
[runlim] sample:		1080.00 time, 1080.01 real, 380 MB
[runlim] sample:		1090.00 time, 1090.01 real, 380 MB
[runlim] sample:		1100.00 time, 1100.02 real, 380 MB
[runlim] sample:		1110.00 time, 1110.01 real, 417 MB
[runlim] sample:		1120.00 time, 1120.01 real, 417 MB
[runlim] sample:		1130.00 time, 1130.02 real, 381 MB
[runlim] sample:		1140.00 time, 1140.01 real, 381 MB
[runlim] sample:		1150.00 time, 1150.01 real, 381 MB
[runlim] sample:		1160.00 time, 1160.01 real, 418 MB
[runlim] sample:		1170.00 time, 1170.01 real, 418 MB
[runlim] sample:		1179.99 time, 1180.01 real, 382 MB
[runlim] sample:		1190.00 time, 1190.02 real, 382 MB
[runlim] sample:		1200.00 time, 1200.01 real, 382 MB
[runlim] sample:		1210.00 time, 1210.01 real, 382 MB
[runlim] sample:		1220.00 time, 1220.01 real, 421 MB
[runlim] sample:		1230.00 time, 1230.01 real, 421 MB
[runlim] sample:		1239.99 time, 1240.02 real, 383 MB
[runlim] sample:		1249.99 time, 1250.01 real, 385 MB
[runlim] sample:		1259.99 time, 1260.01 real, 385 MB
[runlim] sample:		1269.99 time, 1270.01 real, 385 MB
[runlim] sample:		1279.99 time, 1280.01 real, 385 MB
[runlim] sample:		1290.00 time, 1290.01 real, 424 MB
[runlim] sample:		1300.00 time, 1300.01 real, 424 MB
[runlim] sample:		1309.99 time, 1310.02 real, 405 MB
[runlim] sample:		1319.99 time, 1320.01 real, 405 MB
[runlim] sample:		1329.99 time, 1330.01 real, 405 MB
[runlim] sample:		1339.99 time, 1340.01 real, 405 MB
[runlim] sample:		1349.99 time, 1350.01 real, 405 MB
[runlim] sample:		1360.00 time, 1360.01 real, 445 MB
[runlim] sample:		1370.00 time, 1370.01 real, 445 MB
[runlim] sample:		1380.00 time, 1380.01 real, 406 MB
[runlim] sample:		1390.00 time, 1390.01 real, 406 MB
[runlim] sample:		1400.00 time, 1400.01 real, 406 MB
[runlim] sample:		1410.00 time, 1410.01 real, 446 MB
[runlim] sample:		1420.00 time, 1420.01 real, 446 MB
[runlim] sample:		1430.00 time, 1430.01 real, 446 MB
[runlim] sample:		1440.00 time, 1440.02 real, 446 MB
[runlim] sample:		1450.00 time, 1450.01 real, 409 MB
[runlim] sample:		1460.00 time, 1460.01 real, 329 MB
[runlim] sample:		1470.00 time, 1470.01 real, 329 MB
[runlim] sample:		1480.00 time, 1480.01 real, 338 MB
[runlim] sample:		1490.00 time, 1490.01 real, 365 MB
[runlim] sample:		1499.99 time, 1500.01 real, 372 MB
[runlim] sample:		1510.00 time, 1510.01 real, 381 MB
[runlim] sample:		1520.00 time, 1520.02 real, 375 MB
[runlim] sample:		1530.00 time, 1530.01 real, 401 MB
[runlim] sample:		1539.99 time, 1540.02 real, 368 MB
[runlim] sample:		1550.00 time, 1550.01 real, 367 MB
[runlim] sample:		1560.00 time, 1560.01 real, 367 MB
[runlim] sample:		1570.00 time, 1570.01 real, 368 MB
[runlim] sample:		1580.00 time, 1580.02 real, 368 MB
[runlim] sample:		1590.00 time, 1590.01 real, 374 MB
[runlim] sample:		1600.00 time, 1600.02 real, 374 MB
[runlim] sample:		1610.00 time, 1610.01 real, 374 MB
[runlim] sample:		1620.00 time, 1620.01 real, 374 MB
[runlim] sample:		1630.00 time, 1630.01 real, 374 MB
[runlim] sample:		1640.00 time, 1640.01 real, 376 MB
[runlim] sample:		1650.00 time, 1650.01 real, 376 MB
[runlim] sample:		1660.00 time, 1660.02 real, 363 MB
[runlim] sample:		1670.00 time, 1670.01 real, 377 MB
[runlim] sample:		1680.00 time, 1680.01 real, 377 MB
[runlim] sample:		1690.00 time, 1690.01 real, 377 MB
[runlim] sample:		1700.00 time, 1700.01 real, 378 MB
[runlim] sample:		1710.00 time, 1710.01 real, 378 MB
[runlim] sample:		1720.00 time, 1720.02 real, 378 MB
[runlim] sample:		1730.00 time, 1730.02 real, 409 MB
[runlim] sample:		1740.00 time, 1740.01 real, 380 MB
[runlim] sample:		1750.00 time, 1750.02 real, 380 MB
[runlim] sample:		1760.00 time, 1760.01 real, 412 MB
[runlim] sample:		1770.00 time, 1770.02 real, 381 MB
[runlim] sample:		1780.00 time, 1780.02 real, 381 MB
[runlim] sample:		1790.00 time, 1790.01 real, 381 MB
[runlim] sample:		1800.00 time, 1800.01 real, 413 MB
[runlim] sample:		1810.00 time, 1810.01 real, 382 MB
[runlim] sample:		1820.00 time, 1820.02 real, 382 MB
[runlim] sample:		1830.00 time, 1830.01 real, 382 MB
[runlim] sample:		1840.00 time, 1840.01 real, 416 MB
[runlim] sample:		1850.00 time, 1850.01 real, 383 MB
[runlim] sample:		1860.00 time, 1860.01 real, 383 MB
[runlim] sample:		1870.00 time, 1870.02 real, 383 MB
[runlim] sample:		1880.00 time, 1880.01 real, 383 MB
[runlim] sample:		1889.99 time, 1890.01 real, 419 MB
[runlim] sample:		1900.00 time, 1900.01 real, 384 MB
[runlim] sample:		1910.00 time, 1910.01 real, 384 MB
[runlim] sample:		1920.00 time, 1920.01 real, 384 MB
[runlim] sample:		1930.00 time, 1930.01 real, 384 MB
[runlim] sample:		1940.00 time, 1940.01 real, 420 MB
[runlim] sample:		1950.00 time, 1950.01 real, 384 MB
[runlim] sample:		1960.00 time, 1960.01 real, 384 MB
[runlim] sample:		1970.00 time, 1970.01 real, 384 MB
[runlim] sample:		1980.00 time, 1980.01 real, 420 MB
[runlim] sample:		1990.00 time, 1990.01 real, 420 MB
[runlim] sample:		1999.99 time, 2000.02 real, 385 MB
[runlim] sample:		2010.00 time, 2010.01 real, 385 MB
[runlim] sample:		2020.00 time, 2020.01 real, 385 MB
[runlim] sample:		2030.00 time, 2030.01 real, 385 MB
[runlim] sample:		2040.00 time, 2040.01 real, 422 MB
[runlim] sample:		2050.00 time, 2050.01 real, 422 MB
[runlim] sample:		2059.99 time, 2060.01 real, 389 MB
[runlim] sample:		2069.99 time, 2070.01 real, 389 MB
[runlim] sample:		2079.99 time, 2080.01 real, 389 MB
[runlim] sample:		2089.99 time, 2090.01 real, 389 MB
[runlim] sample:		2099.99 time, 2100.01 real, 428 MB
[runlim] sample:		2109.99 time, 2110.02 real, 428 MB
[runlim] sample:		2120.00 time, 2120.02 real, 393 MB
[runlim] sample:		2130.00 time, 2130.01 real, 393 MB
[runlim] sample:		2140.00 time, 2140.01 real, 393 MB
[runlim] sample:		2150.00 time, 2150.01 real, 393 MB
[runlim] sample:		2160.00 time, 2160.01 real, 393 MB
[runlim] sample:		2170.00 time, 2170.01 real, 433 MB
[runlim] sample:		2180.00 time, 2180.02 real, 379 MB
[runlim] sample:		2190.00 time, 2190.01 real, 379 MB
[runlim] sample:		2200.00 time, 2200.01 real, 379 MB
[runlim] sample:		2210.00 time, 2210.01 real, 379 MB
[runlim] sample:		2220.00 time, 2220.01 real, 383 MB
[runlim] sample:		2230.00 time, 2230.01 real, 410 MB
[runlim] sample:		2239.99 time, 2240.01 real, 418 MB
[runlim] sample:		2250.00 time, 2250.01 real, 437 MB
[runlim] sample:		2260.00 time, 2260.01 real, 437 MB
[runlim] sample:		2270.00 time, 2270.02 real, 476 MB
[runlim] sample:		2280.00 time, 2280.02 real, 476 MB
[runlim] sample:		2290.00 time, 2290.01 real, 476 MB
[runlim] sample:		2299.99 time, 2300.02 real, 449 MB
[runlim] sample:		2309.99 time, 2310.01 real, 449 MB
[runlim] sample:		2319.99 time, 2320.01 real, 449 MB
[runlim] sample:		2329.99 time, 2330.01 real, 449 MB
[runlim] sample:		2340.00 time, 2340.02 real, 458 MB
[runlim] sample:		2350.00 time, 2350.02 real, 458 MB
[runlim] sample:		2359.99 time, 2360.01 real, 458 MB
[runlim] sample:		2370.00 time, 2370.02 real, 488 MB
[runlim] sample:		2380.00 time, 2380.02 real, 488 MB
[runlim] sample:		2390.00 time, 2390.01 real, 488 MB
[runlim] sample:		2400.00 time, 2400.01 real, 488 MB
[runlim] sample:		2410.00 time, 2410.01 real, 490 MB
[runlim] sample:		2420.00 time, 2420.01 real, 490 MB
[runlim] sample:		2430.00 time, 2430.01 real, 454 MB
[runlim] sample:		2440.00 time, 2440.01 real, 453 MB
[runlim] sample:		2450.00 time, 2450.01 real, 454 MB
[runlim] sample:		2460.00 time, 2460.02 real, 454 MB
[runlim] sample:		2470.00 time, 2470.01 real, 454 MB
[runlim] sample:		2480.00 time, 2480.01 real, 447 MB
[runlim] sample:		2490.00 time, 2490.01 real, 461 MB
[runlim] sample:		2500.00 time, 2500.01 real, 461 MB
[runlim] sample:		2510.00 time, 2510.02 real, 461 MB
[runlim] sample:		2520.00 time, 2520.02 real, 448 MB
[runlim] sample:		2530.00 time, 2530.02 real, 462 MB
[runlim] sample:		2540.00 time, 2540.02 real, 462 MB
[runlim] sample:		2550.00 time, 2550.01 real, 491 MB
[runlim] sample:		2560.00 time, 2560.01 real, 464 MB
[runlim] sample:		2570.00 time, 2570.01 real, 464 MB
[runlim] sample:		2580.00 time, 2580.01 real, 464 MB
[runlim] sample:		2590.00 time, 2590.02 real, 494 MB
[runlim] sample:		2599.99 time, 2600.01 real, 466 MB
[runlim] sample:		2609.99 time, 2610.01 real, 466 MB
[runlim] sample:		2619.99 time, 2620.01 real, 466 MB
[runlim] sample:		2629.99 time, 2630.01 real, 466 MB
[runlim] sample:		2639.99 time, 2640.01 real, 498 MB
[runlim] sample:		2650.00 time, 2650.01 real, 466 MB
[runlim] sample:		2660.00 time, 2660.01 real, 466 MB
[runlim] sample:		2670.00 time, 2670.01 real, 466 MB
[runlim] sample:		2680.00 time, 2680.01 real, 499 MB
[runlim] sample:		2690.00 time, 2690.01 real, 499 MB
[runlim] sample:		2700.00 time, 2700.01 real, 467 MB
[runlim] sample:		2710.00 time, 2710.02 real, 467 MB
[runlim] sample:		2720.00 time, 2720.01 real, 467 MB
[runlim] sample:		2730.00 time, 2730.01 real, 500 MB
[runlim] sample:		2740.00 time, 2740.01 real, 469 MB
[runlim] sample:		2750.00 time, 2750.01 real, 469 MB
[runlim] sample:		2760.00 time, 2760.02 real, 469 MB
[runlim] sample:		2770.00 time, 2770.02 real, 503 MB
[runlim] sample:		2780.00 time, 2780.01 real, 503 MB
[runlim] sample:		2790.00 time, 2790.01 real, 469 MB
[runlim] sample:		2799.99 time, 2800.01 real, 470 MB
[runlim] sample:		2809.99 time, 2810.02 real, 470 MB
[runlim] sample:		2819.99 time, 2820.01 real, 470 MB
[runlim] sample:		2830.00 time, 2830.01 real, 505 MB
[runlim] sample:		2839.99 time, 2840.01 real, 505 MB
[runlim] sample:		2850.00 time, 2850.01 real, 470 MB
[runlim] sample:		2860.00 time, 2860.01 real, 470 MB
[runlim] sample:		2870.00 time, 2870.01 real, 470 MB
[runlim] sample:		2879.99 time, 2880.01 real, 507 MB
[runlim] sample:		2889.99 time, 2890.01 real, 507 MB
[runlim] sample:		2900.00 time, 2900.01 real, 472 MB
[runlim] sample:		2910.00 time, 2910.01 real, 472 MB
[runlim] sample:		2920.00 time, 2920.01 real, 472 MB
[runlim] sample:		2929.99 time, 2930.02 real, 511 MB
[runlim] sample:		2939.99 time, 2940.01 real, 511 MB
[runlim] sample:		2950.00 time, 2950.02 real, 511 MB
[runlim] sample:		2960.00 time, 2960.01 real, 472 MB
[runlim] sample:		2970.00 time, 2970.01 real, 472 MB
[runlim] sample:		2980.00 time, 2980.01 real, 472 MB
[runlim] sample:		2989.99 time, 2990.01 real, 510 MB
[runlim] sample:		2999.99 time, 3000.01 real, 510 MB
[runlim] sample:		3009.99 time, 3010.01 real, 510 MB
[runlim] sample:		3020.00 time, 3020.01 real, 475 MB
[runlim] sample:		3030.00 time, 3030.01 real, 475 MB
[runlim] sample:		3040.00 time, 3040.01 real, 475 MB
[runlim] sample:		3050.00 time, 3050.02 real, 515 MB
[runlim] sample:		3060.00 time, 3060.01 real, 515 MB
[runlim] sample:		3070.00 time, 3070.02 real, 463 MB
[runlim] sample:		3080.00 time, 3080.02 real, 463 MB
[runlim] sample:		3090.00 time, 3090.02 real, 463 MB
[runlim] sample:		3100.00 time, 3100.02 real, 463 MB
[runlim] sample:		3110.00 time, 3110.02 real, 463 MB
[runlim] sample:		3120.00 time, 3120.02 real, 481 MB
[runlim] sample:		3130.00 time, 3130.02 real, 504 MB
[runlim] sample:		3139.99 time, 3140.01 real, 541 MB
[runlim] sample:		3150.00 time, 3150.02 real, 554 MB
[runlim] sample:		3160.00 time, 3160.01 real, 555 MB
[runlim] sample:		3170.00 time, 3170.02 real, 547 MB
[runlim] sample:		3180.00 time, 3180.01 real, 575 MB
[runlim] sample:		3190.00 time, 3190.01 real, 547 MB
[runlim] sample:		3200.00 time, 3200.01 real, 557 MB
[runlim] sample:		3209.99 time, 3210.02 real, 557 MB
[runlim] sample:		3219.99 time, 3220.02 real, 558 MB
[runlim] sample:		3230.00 time, 3230.02 real, 558 MB
[runlim] sample:		3239.99 time, 3240.02 real, 580 MB
[runlim] sample:		3250.00 time, 3250.01 real, 580 MB
[runlim] sample:		3259.99 time, 3260.02 real, 557 MB
[runlim] sample:		3270.00 time, 3270.02 real, 592 MB
[runlim] sample:		3280.00 time, 3280.02 real, 592 MB
[runlim] sample:		3290.00 time, 3290.01 real, 592 MB
[runlim] sample:		3299.99 time, 3300.01 real, 629 MB
[runlim] sample:		3309.99 time, 3310.02 real, 641 MB
[runlim] sample:		3319.99 time, 3320.01 real, 641 MB
[runlim] sample:		3330.00 time, 3330.02 real, 642 MB
[runlim] sample:		3340.00 time, 3340.01 real, 642 MB
[runlim] sample:		3349.99 time, 3350.01 real, 642 MB
[runlim] sample:		3359.99 time, 3360.01 real, 642 MB
[runlim] sample:		3370.00 time, 3370.01 real, 593 MB
[runlim] sample:		3380.00 time, 3380.01 real, 593 MB
[runlim] sample:		3389.99 time, 3390.01 real, 593 MB
[runlim] sample:		3399.99 time, 3400.01 real, 614 MB
[runlim] sample:		3410.00 time, 3410.01 real, 594 MB
[runlim] sample:		3420.00 time, 3420.01 real, 594 MB
[runlim] sample:		3430.00 time, 3430.01 real, 617 MB
[runlim] sample:		3440.00 time, 3440.01 real, 607 MB
[runlim] sample:		3450.00 time, 3450.01 real, 607 MB
[runlim] sample:		3460.00 time, 3460.02 real, 607 MB
[runlim] sample:		3470.00 time, 3470.02 real, 608 MB
[runlim] sample:		3479.99 time, 3480.01 real, 609 MB
[runlim] sample:		3489.99 time, 3490.01 real, 609 MB
[runlim] sample:		3499.99 time, 3500.01 real, 609 MB
[runlim] sample:		3510.00 time, 3510.01 real, 639 MB
[runlim] sample:		3520.00 time, 3520.01 real, 610 MB
[runlim] sample:		3529.99 time, 3530.01 real, 610 MB
[runlim] sample:		3539.99 time, 3540.01 real, 610 MB
[runlim] sample:		3550.00 time, 3550.02 real, 611 MB
[runlim] sample:		3560.00 time, 3560.02 real, 611 MB
[runlim] sample:		3569.99 time, 3570.01 real, 611 MB
[runlim] sample:		3579.99 time, 3580.01 real, 611 MB
[runlim] sample:		3589.99 time, 3590.01 real, 644 MB
[runlim] sample:		3600.00 time, 3600.01 real, 612 MB
[runlim] end:			Fri Oct 18 06:09:42 2019
[runlim] status:		out of time
[runlim] result:		2
[runlim] children:		2
[runlim] real:			3600.10 seconds
[runlim] time:			3600.00 seconds
[runlim] space:			690 MB
[runlim] samples:		36000
