[runlim] version:		1.17
[runlim] host:			c3n01
[runlim] time limit:		311040000 seconds
[runlim] real time limit:	3600 seconds
[runlim] space limit:		120000 MB
[runlim] argv[0]:		./run-btormc-master.sh
[runlim] argv[1]:		/tmp/tEG8HmJs.btor
[runlim] start:			Fri Oct 18 03:13:41 2019
[runlim] child:			13522
[runlim] sample:		9.99 time, 10.01 real, 65 MB
[runlim] sample:		20.00 time, 20.01 real, 66 MB
[runlim] sample:		29.99 time, 30.01 real, 68 MB
[runlim] sample:		40.00 time, 40.01 real, 70 MB
[runlim] sample:		50.00 time, 50.01 real, 75 MB
[runlim] sample:		60.00 time, 60.01 real, 81 MB
[runlim] sample:		70.00 time, 70.01 real, 83 MB
[runlim] sample:		80.00 time, 80.01 real, 95 MB
[runlim] sample:		90.00 time, 90.01 real, 102 MB
[runlim] sample:		100.00 time, 100.01 real, 94 MB
[runlim] sample:		110.00 time, 110.01 real, 80 MB
[runlim] sample:		120.00 time, 120.01 real, 93 MB
[runlim] sample:		130.00 time, 130.01 real, 94 MB
[runlim] sample:		140.00 time, 140.01 real, 94 MB
[runlim] sample:		150.00 time, 150.01 real, 94 MB
[runlim] sample:		160.00 time, 160.01 real, 94 MB
[runlim] sample:		169.99 time, 170.01 real, 98 MB
[runlim] sample:		179.99 time, 180.01 real, 100 MB
[runlim] sample:		189.99 time, 190.01 real, 100 MB
[runlim] sample:		200.00 time, 200.01 real, 109 MB
[runlim] sample:		210.00 time, 210.01 real, 118 MB
[runlim] sample:		220.00 time, 220.01 real, 118 MB
[runlim] sample:		230.00 time, 230.01 real, 118 MB
[runlim] sample:		239.99 time, 240.01 real, 121 MB
[runlim] sample:		249.99 time, 250.01 real, 121 MB
[runlim] sample:		259.99 time, 260.01 real, 123 MB
[runlim] sample:		269.99 time, 270.01 real, 125 MB
[runlim] sample:		279.99 time, 280.01 real, 125 MB
[runlim] sample:		289.99 time, 290.01 real, 126 MB
[runlim] sample:		300.00 time, 300.01 real, 133 MB
[runlim] sample:		310.00 time, 310.01 real, 133 MB
[runlim] sample:		320.00 time, 320.01 real, 150 MB
[runlim] sample:		330.00 time, 330.01 real, 133 MB
[runlim] sample:		340.00 time, 340.01 real, 133 MB
[runlim] sample:		350.00 time, 350.01 real, 119 MB
[runlim] sample:		359.99 time, 360.01 real, 146 MB
[runlim] sample:		369.99 time, 370.01 real, 146 MB
[runlim] sample:		380.00 time, 380.01 real, 147 MB
[runlim] sample:		390.00 time, 390.01 real, 147 MB
[runlim] sample:		400.00 time, 400.01 real, 147 MB
[runlim] sample:		410.00 time, 410.01 real, 147 MB
[runlim] sample:		420.00 time, 420.01 real, 147 MB
[runlim] sample:		430.00 time, 430.01 real, 149 MB
[runlim] sample:		440.00 time, 440.01 real, 149 MB
[runlim] sample:		449.99 time, 450.01 real, 157 MB
[runlim] sample:		459.99 time, 460.01 real, 137 MB
[runlim] sample:		470.00 time, 470.01 real, 159 MB
[runlim] sample:		480.00 time, 480.01 real, 159 MB
[runlim] sample:		490.00 time, 490.01 real, 159 MB
[runlim] sample:		500.00 time, 500.01 real, 159 MB
[runlim] sample:		509.99 time, 510.01 real, 159 MB
[runlim] sample:		519.99 time, 520.01 real, 159 MB
[runlim] sample:		529.99 time, 530.01 real, 159 MB
[runlim] sample:		539.99 time, 540.01 real, 159 MB
[runlim] sample:		549.99 time, 550.01 real, 159 MB
[runlim] sample:		559.99 time, 560.01 real, 159 MB
[runlim] sample:		569.99 time, 570.01 real, 162 MB
[runlim] sample:		579.99 time, 580.01 real, 162 MB
[runlim] sample:		589.99 time, 590.01 real, 162 MB
[runlim] sample:		599.99 time, 600.01 real, 162 MB
[runlim] sample:		609.99 time, 610.01 real, 180 MB
[runlim] sample:		619.99 time, 620.01 real, 180 MB
[runlim] sample:		629.99 time, 630.01 real, 180 MB
[runlim] sample:		639.99 time, 640.01 real, 190 MB
[runlim] sample:		649.99 time, 650.01 real, 190 MB
[runlim] sample:		659.99 time, 660.01 real, 190 MB
[runlim] sample:		669.99 time, 670.01 real, 190 MB
[runlim] sample:		679.99 time, 680.01 real, 190 MB
[runlim] sample:		689.99 time, 690.01 real, 190 MB
[runlim] sample:		699.99 time, 700.01 real, 190 MB
[runlim] sample:		709.99 time, 710.01 real, 190 MB
[runlim] sample:		719.99 time, 720.01 real, 195 MB
[runlim] sample:		729.99 time, 730.01 real, 196 MB
[runlim] sample:		739.99 time, 740.01 real, 197 MB
[runlim] sample:		749.99 time, 750.01 real, 197 MB
[runlim] sample:		759.99 time, 760.01 real, 198 MB
[runlim] sample:		769.99 time, 770.01 real, 198 MB
[runlim] sample:		779.99 time, 780.01 real, 198 MB
[runlim] sample:		789.99 time, 790.01 real, 198 MB
[runlim] sample:		799.99 time, 800.01 real, 198 MB
[runlim] sample:		809.99 time, 810.01 real, 198 MB
[runlim] sample:		819.99 time, 820.01 real, 198 MB
[runlim] sample:		829.99 time, 830.01 real, 198 MB
[runlim] sample:		839.99 time, 840.01 real, 203 MB
[runlim] sample:		849.99 time, 850.01 real, 203 MB
[runlim] sample:		859.99 time, 860.01 real, 211 MB
[runlim] sample:		869.99 time, 870.01 real, 209 MB
[runlim] sample:		879.99 time, 880.01 real, 210 MB
[runlim] sample:		889.99 time, 890.01 real, 210 MB
[runlim] sample:		899.99 time, 900.01 real, 212 MB
[runlim] sample:		909.99 time, 910.01 real, 212 MB
[runlim] sample:		919.99 time, 920.01 real, 212 MB
[runlim] sample:		929.98 time, 930.01 real, 212 MB
[runlim] sample:		939.98 time, 940.01 real, 212 MB
[runlim] sample:		949.98 time, 950.01 real, 212 MB
[runlim] sample:		959.98 time, 960.01 real, 212 MB
[runlim] sample:		969.98 time, 970.01 real, 212 MB
[runlim] sample:		979.98 time, 980.01 real, 212 MB
[runlim] sample:		989.98 time, 990.01 real, 212 MB
[runlim] sample:		999.99 time, 1000.01 real, 213 MB
[runlim] sample:		1009.99 time, 1010.01 real, 213 MB
[runlim] sample:		1019.99 time, 1020.01 real, 213 MB
[runlim] sample:		1029.99 time, 1030.01 real, 213 MB
[runlim] sample:		1039.99 time, 1040.01 real, 213 MB
[runlim] sample:		1049.99 time, 1050.01 real, 213 MB
[runlim] sample:		1059.99 time, 1060.01 real, 213 MB
[runlim] sample:		1069.99 time, 1070.01 real, 226 MB
[runlim] sample:		1079.98 time, 1080.01 real, 228 MB
[runlim] sample:		1089.98 time, 1090.01 real, 228 MB
[runlim] sample:		1099.98 time, 1100.01 real, 228 MB
[runlim] sample:		1109.98 time, 1110.01 real, 235 MB
[runlim] sample:		1119.98 time, 1120.01 real, 235 MB
[runlim] sample:		1129.99 time, 1130.01 real, 227 MB
[runlim] sample:		1139.99 time, 1140.01 real, 255 MB
[runlim] sample:		1149.99 time, 1150.01 real, 255 MB
[runlim] sample:		1159.98 time, 1160.01 real, 237 MB
[runlim] sample:		1169.98 time, 1170.01 real, 237 MB
[runlim] sample:		1179.98 time, 1180.01 real, 237 MB
[runlim] sample:		1189.98 time, 1190.01 real, 237 MB
[runlim] sample:		1199.98 time, 1200.01 real, 237 MB
[runlim] sample:		1209.98 time, 1210.01 real, 237 MB
[runlim] sample:		1219.98 time, 1220.01 real, 237 MB
[runlim] sample:		1229.98 time, 1230.01 real, 237 MB
[runlim] sample:		1239.98 time, 1240.01 real, 238 MB
[runlim] sample:		1249.98 time, 1250.01 real, 238 MB
[runlim] sample:		1259.98 time, 1260.01 real, 238 MB
[runlim] sample:		1269.98 time, 1270.01 real, 238 MB
[runlim] sample:		1279.98 time, 1280.01 real, 238 MB
[runlim] sample:		1289.98 time, 1290.01 real, 238 MB
[runlim] sample:		1299.98 time, 1300.01 real, 238 MB
[runlim] sample:		1309.98 time, 1310.01 real, 196 MB
[runlim] sample:		1319.98 time, 1320.01 real, 239 MB
[runlim] sample:		1329.98 time, 1330.01 real, 240 MB
[runlim] sample:		1339.98 time, 1340.01 real, 240 MB
[runlim] sample:		1349.98 time, 1350.01 real, 268 MB
[runlim] sample:		1359.98 time, 1360.01 real, 268 MB
[runlim] sample:		1369.98 time, 1370.01 real, 268 MB
[runlim] sample:		1379.98 time, 1380.01 real, 268 MB
[runlim] sample:		1389.98 time, 1390.01 real, 268 MB
[runlim] sample:		1399.98 time, 1400.01 real, 268 MB
[runlim] sample:		1409.98 time, 1410.01 real, 268 MB
[runlim] sample:		1419.98 time, 1420.01 real, 268 MB
[runlim] sample:		1429.98 time, 1430.01 real, 268 MB
[runlim] sample:		1439.98 time, 1440.01 real, 268 MB
[runlim] sample:		1449.98 time, 1450.01 real, 268 MB
[runlim] sample:		1459.98 time, 1460.01 real, 268 MB
[runlim] sample:		1469.97 time, 1470.01 real, 268 MB
[runlim] sample:		1479.97 time, 1480.01 real, 268 MB
[runlim] sample:		1489.97 time, 1490.01 real, 268 MB
[runlim] sample:		1499.97 time, 1500.01 real, 268 MB
[runlim] sample:		1509.97 time, 1510.01 real, 268 MB
[runlim] sample:		1519.98 time, 1520.01 real, 268 MB
[runlim] sample:		1529.98 time, 1530.01 real, 248 MB
[runlim] sample:		1539.98 time, 1540.01 real, 248 MB
[runlim] sample:		1549.98 time, 1550.01 real, 248 MB
[runlim] sample:		1559.98 time, 1560.01 real, 248 MB
[runlim] sample:		1569.98 time, 1570.01 real, 248 MB
[runlim] sample:		1579.98 time, 1580.01 real, 248 MB
[runlim] sample:		1589.98 time, 1590.01 real, 248 MB
[runlim] sample:		1599.98 time, 1600.01 real, 248 MB
[runlim] sample:		1609.98 time, 1610.01 real, 248 MB
[runlim] sample:		1619.98 time, 1620.01 real, 248 MB
[runlim] sample:		1629.98 time, 1630.01 real, 248 MB
[runlim] sample:		1639.98 time, 1640.01 real, 248 MB
[runlim] sample:		1649.98 time, 1650.01 real, 248 MB
[runlim] sample:		1659.98 time, 1660.01 real, 248 MB
[runlim] sample:		1669.98 time, 1670.01 real, 248 MB
[runlim] sample:		1679.98 time, 1680.01 real, 248 MB
[runlim] sample:		1689.98 time, 1690.01 real, 248 MB
[runlim] sample:		1699.97 time, 1700.01 real, 264 MB
[runlim] sample:		1709.98 time, 1710.01 real, 265 MB
[runlim] sample:		1719.98 time, 1720.01 real, 265 MB
[runlim] sample:		1729.98 time, 1730.01 real, 265 MB
[runlim] sample:		1739.97 time, 1740.01 real, 216 MB
[runlim] sample:		1749.97 time, 1750.01 real, 286 MB
[runlim] sample:		1759.97 time, 1760.01 real, 286 MB
[runlim] sample:		1769.97 time, 1770.01 real, 286 MB
[runlim] sample:		1779.97 time, 1780.01 real, 234 MB
[runlim] sample:		1789.97 time, 1790.02 real, 266 MB
[runlim] sample:		1799.97 time, 1800.02 real, 266 MB
[runlim] sample:		1809.97 time, 1810.02 real, 266 MB
[runlim] sample:		1819.97 time, 1820.02 real, 266 MB
[runlim] sample:		1829.97 time, 1830.02 real, 266 MB
[runlim] sample:		1839.97 time, 1840.02 real, 266 MB
[runlim] sample:		1849.97 time, 1850.02 real, 266 MB
[runlim] sample:		1859.97 time, 1860.02 real, 266 MB
[runlim] sample:		1869.97 time, 1870.02 real, 266 MB
[runlim] sample:		1879.97 time, 1880.02 real, 266 MB
[runlim] sample:		1889.97 time, 1890.02 real, 266 MB
[runlim] sample:		1899.98 time, 1900.02 real, 266 MB
[runlim] sample:		1909.97 time, 1910.02 real, 266 MB
[runlim] sample:		1919.97 time, 1920.02 real, 266 MB
[runlim] sample:		1929.97 time, 1930.02 real, 266 MB
[runlim] sample:		1939.97 time, 1940.02 real, 266 MB
[runlim] sample:		1949.98 time, 1950.02 real, 266 MB
[runlim] sample:		1959.98 time, 1960.02 real, 266 MB
[runlim] sample:		1969.98 time, 1970.02 real, 266 MB
[runlim] sample:		1979.97 time, 1980.02 real, 266 MB
[runlim] sample:		1989.97 time, 1990.02 real, 266 MB
[runlim] sample:		1999.97 time, 2000.02 real, 266 MB
[runlim] sample:		2009.97 time, 2010.02 real, 266 MB
[runlim] sample:		2019.97 time, 2020.01 real, 268 MB
[runlim] sample:		2029.97 time, 2030.01 real, 269 MB
[runlim] sample:		2039.97 time, 2040.01 real, 269 MB
[runlim] sample:		2049.97 time, 2050.02 real, 278 MB
[runlim] sample:		2059.97 time, 2060.02 real, 277 MB
[runlim] sample:		2069.97 time, 2070.02 real, 277 MB
[runlim] sample:		2079.98 time, 2080.02 real, 288 MB
[runlim] sample:		2089.97 time, 2090.02 real, 288 MB
[runlim] sample:		2099.97 time, 2100.02 real, 288 MB
[runlim] sample:		2109.98 time, 2110.02 real, 290 MB
[runlim] sample:		2119.98 time, 2120.02 real, 290 MB
[runlim] sample:		2129.98 time, 2130.02 real, 290 MB
[runlim] sample:		2139.98 time, 2140.02 real, 290 MB
[runlim] sample:		2149.98 time, 2150.01 real, 290 MB
[runlim] sample:		2159.98 time, 2160.01 real, 314 MB
[runlim] sample:		2169.98 time, 2170.02 real, 314 MB
[runlim] sample:		2179.98 time, 2180.02 real, 314 MB
[runlim] sample:		2189.98 time, 2190.02 real, 314 MB
[runlim] sample:		2199.97 time, 2200.02 real, 290 MB
[runlim] sample:		2209.97 time, 2210.02 real, 290 MB
[runlim] sample:		2219.97 time, 2220.02 real, 290 MB
[runlim] sample:		2229.97 time, 2230.02 real, 290 MB
[runlim] sample:		2239.97 time, 2240.02 real, 290 MB
[runlim] sample:		2249.97 time, 2250.02 real, 290 MB
[runlim] sample:		2259.97 time, 2260.02 real, 290 MB
[runlim] sample:		2269.97 time, 2270.02 real, 290 MB
[runlim] sample:		2279.97 time, 2280.02 real, 290 MB
[runlim] sample:		2289.97 time, 2290.02 real, 290 MB
[runlim] sample:		2299.97 time, 2300.02 real, 290 MB
[runlim] sample:		2309.97 time, 2310.02 real, 290 MB
[runlim] sample:		2319.97 time, 2320.02 real, 290 MB
[runlim] sample:		2329.97 time, 2330.02 real, 290 MB
[runlim] sample:		2339.98 time, 2340.02 real, 348 MB
[runlim] sample:		2349.97 time, 2350.02 real, 293 MB
[runlim] sample:		2359.97 time, 2360.02 real, 293 MB
[runlim] sample:		2369.97 time, 2370.02 real, 293 MB
[runlim] sample:		2379.97 time, 2380.02 real, 293 MB
[runlim] sample:		2389.97 time, 2390.02 real, 293 MB
[runlim] sample:		2399.97 time, 2400.02 real, 293 MB
[runlim] sample:		2409.97 time, 2410.02 real, 293 MB
[runlim] sample:		2419.97 time, 2420.02 real, 293 MB
[runlim] sample:		2429.97 time, 2430.02 real, 293 MB
[runlim] sample:		2439.97 time, 2440.02 real, 293 MB
[runlim] sample:		2449.97 time, 2450.02 real, 293 MB
[runlim] sample:		2459.97 time, 2460.02 real, 293 MB
[runlim] sample:		2469.97 time, 2470.02 real, 293 MB
[runlim] sample:		2479.97 time, 2480.02 real, 293 MB
[runlim] sample:		2489.97 time, 2490.02 real, 293 MB
[runlim] sample:		2499.97 time, 2500.02 real, 293 MB
[runlim] sample:		2509.97 time, 2510.02 real, 293 MB
[runlim] sample:		2519.97 time, 2520.02 real, 293 MB
[runlim] sample:		2529.97 time, 2530.02 real, 293 MB
[runlim] sample:		2539.98 time, 2540.02 real, 308 MB
[runlim] sample:		2549.98 time, 2550.01 real, 315 MB
[runlim] sample:		2559.98 time, 2560.02 real, 315 MB
[runlim] sample:		2569.98 time, 2570.01 real, 315 MB
[runlim] sample:		2579.98 time, 2580.02 real, 315 MB
[runlim] sample:		2589.98 time, 2590.01 real, 356 MB
[runlim] sample:		2599.97 time, 2600.02 real, 324 MB
[runlim] sample:		2609.98 time, 2610.02 real, 325 MB
[runlim] sample:		2619.98 time, 2620.02 real, 325 MB
[runlim] sample:		2629.98 time, 2630.02 real, 325 MB
[runlim] sample:		2639.98 time, 2640.02 real, 325 MB
[runlim] sample:		2649.98 time, 2650.02 real, 325 MB
[runlim] sample:		2659.98 time, 2660.02 real, 324 MB
[runlim] sample:		2669.98 time, 2670.01 real, 356 MB
[runlim] sample:		2679.98 time, 2680.02 real, 356 MB
[runlim] sample:		2689.98 time, 2690.02 real, 356 MB
[runlim] sample:		2699.98 time, 2700.01 real, 356 MB
[runlim] sample:		2709.98 time, 2710.02 real, 327 MB
[runlim] sample:		2719.98 time, 2720.02 real, 327 MB
[runlim] sample:		2729.98 time, 2730.02 real, 327 MB
[runlim] sample:		2739.98 time, 2740.02 real, 327 MB
[runlim] sample:		2749.98 time, 2750.02 real, 327 MB
[runlim] sample:		2759.98 time, 2760.02 real, 327 MB
[runlim] sample:		2769.98 time, 2770.02 real, 327 MB
[runlim] sample:		2779.98 time, 2780.02 real, 327 MB
[runlim] sample:		2789.98 time, 2790.02 real, 327 MB
[runlim] sample:		2799.98 time, 2800.02 real, 327 MB
[runlim] sample:		2809.98 time, 2810.02 real, 327 MB
[runlim] sample:		2819.98 time, 2820.02 real, 327 MB
[runlim] sample:		2829.98 time, 2830.02 real, 327 MB
[runlim] sample:		2839.98 time, 2840.02 real, 327 MB
[runlim] sample:		2849.98 time, 2850.02 real, 327 MB
[runlim] sample:		2859.98 time, 2860.02 real, 327 MB
[runlim] sample:		2869.98 time, 2870.02 real, 327 MB
[runlim] sample:		2879.98 time, 2880.02 real, 327 MB
[runlim] sample:		2889.98 time, 2890.02 real, 327 MB
[runlim] sample:		2899.98 time, 2900.02 real, 327 MB
[runlim] sample:		2909.98 time, 2910.02 real, 327 MB
[runlim] sample:		2919.98 time, 2920.02 real, 327 MB
[runlim] sample:		2929.98 time, 2930.02 real, 327 MB
[runlim] sample:		2939.98 time, 2940.02 real, 327 MB
[runlim] sample:		2949.98 time, 2950.02 real, 327 MB
[runlim] sample:		2959.98 time, 2960.02 real, 327 MB
[runlim] sample:		2969.98 time, 2970.02 real, 327 MB
[runlim] sample:		2979.98 time, 2980.02 real, 327 MB
[runlim] sample:		2989.98 time, 2990.02 real, 327 MB
[runlim] sample:		2999.98 time, 3000.02 real, 327 MB
[runlim] sample:		3009.98 time, 3010.02 real, 327 MB
[runlim] sample:		3019.98 time, 3020.02 real, 327 MB
[runlim] sample:		3029.98 time, 3030.02 real, 327 MB
[runlim] sample:		3039.98 time, 3040.02 real, 327 MB
[runlim] sample:		3049.98 time, 3050.02 real, 327 MB
[runlim] sample:		3059.98 time, 3060.02 real, 327 MB
[runlim] sample:		3069.98 time, 3070.02 real, 327 MB
[runlim] sample:		3079.98 time, 3080.02 real, 327 MB
[runlim] sample:		3089.98 time, 3090.02 real, 327 MB
[runlim] sample:		3099.98 time, 3100.02 real, 327 MB
[runlim] sample:		3109.98 time, 3110.02 real, 327 MB
[runlim] sample:		3119.98 time, 3120.02 real, 327 MB
[runlim] sample:		3129.98 time, 3130.02 real, 327 MB
[runlim] sample:		3139.98 time, 3140.02 real, 327 MB
[runlim] sample:		3149.98 time, 3150.02 real, 327 MB
[runlim] sample:		3159.98 time, 3160.02 real, 327 MB
[runlim] sample:		3169.98 time, 3170.02 real, 327 MB
[runlim] sample:		3179.98 time, 3180.02 real, 310 MB
[runlim] sample:		3189.99 time, 3190.02 real, 352 MB
[runlim] sample:		3199.99 time, 3200.02 real, 352 MB
[runlim] sample:		3209.99 time, 3210.02 real, 352 MB
[runlim] sample:		3219.99 time, 3220.02 real, 352 MB
[runlim] sample:		3229.99 time, 3230.02 real, 352 MB
[runlim] sample:		3239.99 time, 3240.02 real, 352 MB
[runlim] sample:		3249.99 time, 3250.01 real, 354 MB
[runlim] sample:		3259.99 time, 3260.01 real, 354 MB
[runlim] sample:		3269.99 time, 3270.01 real, 354 MB
[runlim] sample:		3279.99 time, 3280.01 real, 354 MB
[runlim] sample:		3289.99 time, 3290.02 real, 354 MB
[runlim] sample:		3299.98 time, 3300.02 real, 398 MB
[runlim] sample:		3309.98 time, 3310.01 real, 398 MB
[runlim] sample:		3319.98 time, 3320.02 real, 398 MB
[runlim] sample:		3329.99 time, 3330.01 real, 398 MB
[runlim] sample:		3339.99 time, 3340.02 real, 365 MB
[runlim] sample:		3349.99 time, 3350.02 real, 365 MB
[runlim] sample:		3359.99 time, 3360.02 real, 365 MB
[runlim] sample:		3369.99 time, 3370.02 real, 365 MB
[runlim] sample:		3379.99 time, 3380.02 real, 365 MB
[runlim] sample:		3389.99 time, 3390.02 real, 365 MB
[runlim] sample:		3399.99 time, 3400.02 real, 365 MB
[runlim] sample:		3409.99 time, 3410.02 real, 365 MB
[runlim] sample:		3419.99 time, 3420.02 real, 365 MB
[runlim] sample:		3429.99 time, 3430.02 real, 365 MB
[runlim] sample:		3439.99 time, 3440.02 real, 365 MB
[runlim] sample:		3449.99 time, 3450.02 real, 365 MB
[runlim] sample:		3459.99 time, 3460.02 real, 365 MB
[runlim] sample:		3469.99 time, 3470.02 real, 365 MB
[runlim] sample:		3479.99 time, 3480.02 real, 365 MB
[runlim] sample:		3489.99 time, 3490.02 real, 365 MB
[runlim] sample:		3499.99 time, 3500.02 real, 365 MB
[runlim] sample:		3509.99 time, 3510.02 real, 365 MB
[runlim] sample:		3519.99 time, 3520.02 real, 365 MB
[runlim] sample:		3529.99 time, 3530.02 real, 365 MB
[runlim] sample:		3539.99 time, 3540.02 real, 365 MB
[runlim] sample:		3549.99 time, 3550.02 real, 365 MB
[runlim] sample:		3559.99 time, 3560.02 real, 365 MB
[runlim] sample:		3569.99 time, 3570.02 real, 366 MB
[runlim] sample:		3579.99 time, 3580.02 real, 366 MB
[runlim] sample:		3589.99 time, 3590.02 real, 366 MB
[runlim] sample:		3599.99 time, 3600.02 real, 366 MB
[runlim] end:			Fri Oct 18 04:13:41 2019
[runlim] status:		out of time
[runlim] result:		2
[runlim] children:		2
[runlim] real:			3600.10 seconds
[runlim] time:			3599.99 seconds
[runlim] space:			447 MB
[runlim] samples:		36000
