[runlim] version:		1.17
[runlim] host:			c3n23
[runlim] time limit:		311040000 seconds
[runlim] real time limit:	3600 seconds
[runlim] space limit:		120000 MB
[runlim] argv[0]:		./run-btormc.sh
[runlim] argv[1]:		/tmp/KKsON27N.btor
[runlim] start:			Wed Oct 16 11:11:39 2019
[runlim] child:			32186
[runlim] sample:		10.00 time, 10.02 real, 148 MB
[runlim] sample:		20.00 time, 20.02 real, 238 MB
[runlim] sample:		30.00 time, 30.02 real, 259 MB
[runlim] sample:		40.00 time, 40.02 real, 251 MB
[runlim] sample:		50.00 time, 50.01 real, 240 MB
[runlim] sample:		60.00 time, 60.02 real, 295 MB
[runlim] sample:		70.00 time, 70.02 real, 299 MB
[runlim] sample:		80.00 time, 80.02 real, 331 MB
[runlim] sample:		90.00 time, 90.02 real, 302 MB
[runlim] sample:		100.00 time, 100.02 real, 336 MB
[runlim] sample:		110.00 time, 110.02 real, 335 MB
[runlim] sample:		120.00 time, 120.02 real, 335 MB
[runlim] sample:		130.00 time, 130.02 real, 338 MB
[runlim] sample:		140.00 time, 140.02 real, 376 MB
[runlim] sample:		150.00 time, 150.02 real, 374 MB
[runlim] sample:		160.00 time, 160.02 real, 373 MB
[runlim] sample:		170.00 time, 170.02 real, 360 MB
[runlim] sample:		180.00 time, 180.02 real, 343 MB
[runlim] sample:		190.00 time, 190.02 real, 382 MB
[runlim] sample:		200.00 time, 200.02 real, 397 MB
[runlim] sample:		210.00 time, 210.02 real, 389 MB
[runlim] sample:		220.00 time, 220.02 real, 425 MB
[runlim] sample:		230.00 time, 230.02 real, 406 MB
[runlim] sample:		240.00 time, 240.02 real, 379 MB
[runlim] sample:		250.00 time, 250.02 real, 379 MB
[runlim] sample:		260.00 time, 260.02 real, 388 MB
[runlim] sample:		270.00 time, 270.02 real, 411 MB
[runlim] sample:		280.00 time, 280.02 real, 444 MB
[runlim] sample:		290.00 time, 290.02 real, 445 MB
[runlim] sample:		300.00 time, 300.02 real, 446 MB
[runlim] sample:		309.99 time, 310.02 real, 409 MB
[runlim] sample:		319.99 time, 320.02 real, 409 MB
[runlim] sample:		330.00 time, 330.02 real, 449 MB
[runlim] sample:		339.99 time, 340.02 real, 469 MB
[runlim] sample:		349.99 time, 350.02 real, 524 MB
[runlim] sample:		360.00 time, 360.02 real, 478 MB
[runlim] sample:		370.00 time, 370.02 real, 501 MB
[runlim] sample:		380.00 time, 380.02 real, 558 MB
[runlim] sample:		390.00 time, 390.02 real, 558 MB
[runlim] sample:		400.00 time, 400.02 real, 473 MB
[runlim] sample:		409.99 time, 410.02 real, 475 MB
[runlim] sample:		420.00 time, 420.02 real, 458 MB
[runlim] sample:		430.00 time, 430.02 real, 476 MB
[runlim] sample:		440.00 time, 440.02 real, 520 MB
[runlim] sample:		450.00 time, 450.02 real, 520 MB
[runlim] sample:		459.99 time, 460.02 real, 520 MB
[runlim] sample:		470.00 time, 470.02 real, 577 MB
[runlim] sample:		480.00 time, 480.02 real, 577 MB
[runlim] sample:		489.99 time, 490.02 real, 599 MB
[runlim] sample:		499.99 time, 500.02 real, 538 MB
[runlim] sample:		510.00 time, 510.02 real, 548 MB
[runlim] sample:		520.00 time, 520.02 real, 548 MB
[runlim] sample:		530.00 time, 530.02 real, 631 MB
[runlim] sample:		540.00 time, 540.02 real, 630 MB
[runlim] sample:		550.00 time, 550.02 real, 538 MB
[runlim] sample:		559.99 time, 560.02 real, 537 MB
[runlim] sample:		570.00 time, 570.02 real, 516 MB
[runlim] sample:		579.99 time, 580.02 real, 525 MB
[runlim] sample:		590.00 time, 590.02 real, 525 MB
[runlim] sample:		599.99 time, 600.02 real, 611 MB
[runlim] sample:		609.99 time, 610.02 real, 611 MB
[runlim] sample:		619.99 time, 620.02 real, 611 MB
[runlim] sample:		629.99 time, 630.02 real, 684 MB
[runlim] sample:		639.99 time, 640.02 real, 684 MB
[runlim] sample:		649.99 time, 650.02 real, 684 MB
[runlim] sample:		660.00 time, 660.02 real, 684 MB
[runlim] sample:		670.00 time, 670.02 real, 686 MB
[runlim] sample:		679.99 time, 680.02 real, 686 MB
[runlim] sample:		689.99 time, 690.02 real, 743 MB
[runlim] sample:		700.00 time, 700.02 real, 574 MB
[runlim] sample:		709.99 time, 710.02 real, 574 MB
[runlim] sample:		719.99 time, 720.02 real, 665 MB
[runlim] sample:		729.99 time, 730.02 real, 665 MB
[runlim] sample:		740.00 time, 740.02 real, 665 MB
[runlim] sample:		750.00 time, 750.02 real, 665 MB
[runlim] sample:		759.99 time, 760.02 real, 678 MB
[runlim] sample:		769.99 time, 770.02 real, 598 MB
[runlim] sample:		779.99 time, 780.02 real, 598 MB
[runlim] sample:		789.99 time, 790.02 real, 598 MB
[runlim] sample:		799.99 time, 800.02 real, 691 MB
[runlim] sample:		810.00 time, 810.02 real, 691 MB
[runlim] sample:		819.99 time, 820.02 real, 691 MB
[runlim] sample:		830.00 time, 830.02 real, 716 MB
[runlim] sample:		839.99 time, 840.02 real, 725 MB
[runlim] sample:		849.99 time, 850.02 real, 725 MB
[runlim] sample:		860.00 time, 860.02 real, 725 MB
[runlim] sample:		869.99 time, 870.02 real, 690 MB
[runlim] sample:		879.99 time, 880.02 real, 656 MB
[runlim] sample:		889.99 time, 890.02 real, 656 MB
[runlim] sample:		899.99 time, 900.02 real, 656 MB
[runlim] sample:		909.99 time, 910.02 real, 719 MB
[runlim] sample:		920.00 time, 920.02 real, 719 MB
[runlim] sample:		930.00 time, 930.02 real, 719 MB
[runlim] sample:		939.99 time, 940.02 real, 719 MB
[runlim] sample:		950.00 time, 950.02 real, 755 MB
[runlim] sample:		959.99 time, 960.02 real, 755 MB
[runlim] sample:		969.99 time, 970.02 real, 760 MB
[runlim] sample:		980.00 time, 980.02 real, 757 MB
[runlim] sample:		989.99 time, 990.02 real, 679 MB
[runlim] sample:		999.99 time, 1000.02 real, 658 MB
[runlim] sample:		1009.99 time, 1010.02 real, 658 MB
[runlim] sample:		1020.00 time, 1020.02 real, 658 MB
[runlim] sample:		1029.99 time, 1030.02 real, 739 MB
[runlim] sample:		1039.99 time, 1040.02 real, 739 MB
[runlim] sample:		1050.00 time, 1050.01 real, 739 MB
[runlim] sample:		1060.00 time, 1060.01 real, 739 MB
[runlim] sample:		1070.00 time, 1070.02 real, 784 MB
[runlim] sample:		1080.00 time, 1080.02 real, 784 MB
[runlim] sample:		1089.99 time, 1090.02 real, 784 MB
[runlim] sample:		1100.00 time, 1100.02 real, 784 MB
[runlim] sample:		1109.99 time, 1110.02 real, 784 MB
[runlim] sample:		1120.00 time, 1120.02 real, 838 MB
[runlim] sample:		1130.00 time, 1130.02 real, 810 MB
[runlim] sample:		1140.00 time, 1140.02 real, 810 MB
[runlim] sample:		1150.00 time, 1150.02 real, 810 MB
[runlim] sample:		1160.00 time, 1160.02 real, 810 MB
[runlim] sample:		1169.99 time, 1170.02 real, 763 MB
[runlim] sample:		1179.99 time, 1180.02 real, 763 MB
[runlim] sample:		1189.99 time, 1190.02 real, 765 MB
[runlim] sample:		1199.99 time, 1200.02 real, 624 MB
[runlim] sample:		1209.99 time, 1210.02 real, 624 MB
[runlim] sample:		1219.99 time, 1220.02 real, 624 MB
[runlim] sample:		1229.99 time, 1230.02 real, 702 MB
[runlim] sample:		1239.99 time, 1240.02 real, 712 MB
[runlim] sample:		1249.99 time, 1250.02 real, 748 MB
[runlim] sample:		1259.99 time, 1260.02 real, 748 MB
[runlim] sample:		1269.99 time, 1270.02 real, 748 MB
[runlim] sample:		1279.99 time, 1280.02 real, 748 MB
[runlim] sample:		1289.99 time, 1290.02 real, 786 MB
[runlim] sample:		1299.98 time, 1300.02 real, 786 MB
[runlim] sample:		1309.98 time, 1310.02 real, 786 MB
[runlim] sample:		1319.98 time, 1320.02 real, 786 MB
[runlim] sample:		1329.99 time, 1330.02 real, 786 MB
[runlim] sample:		1339.98 time, 1340.02 real, 837 MB
[runlim] sample:		1349.98 time, 1350.02 real, 837 MB
[runlim] sample:		1359.98 time, 1360.02 real, 837 MB
[runlim] sample:		1369.98 time, 1370.02 real, 837 MB
[runlim] sample:		1379.98 time, 1380.02 real, 837 MB
[runlim] sample:		1389.99 time, 1390.02 real, 867 MB
[runlim] sample:		1399.99 time, 1400.02 real, 867 MB
[runlim] sample:		1409.99 time, 1410.02 real, 867 MB
[runlim] sample:		1419.99 time, 1420.02 real, 867 MB
[runlim] sample:		1429.99 time, 1430.02 real, 883 MB
[runlim] sample:		1439.98 time, 1440.02 real, 883 MB
[runlim] sample:		1449.98 time, 1450.02 real, 844 MB
[runlim] sample:		1459.98 time, 1460.02 real, 844 MB
[runlim] sample:		1469.99 time, 1470.02 real, 844 MB
[runlim] sample:		1479.99 time, 1480.02 real, 844 MB
[runlim] sample:		1489.99 time, 1490.02 real, 844 MB
[runlim] sample:		1499.99 time, 1500.02 real, 844 MB
[runlim] sample:		1509.99 time, 1510.02 real, 868 MB
[runlim] sample:		1519.98 time, 1520.02 real, 868 MB
[runlim] sample:		1529.98 time, 1530.02 real, 868 MB
[runlim] sample:		1539.98 time, 1540.02 real, 868 MB
[runlim] sample:		1549.98 time, 1550.02 real, 868 MB
[runlim] sample:		1559.98 time, 1560.02 real, 868 MB
[runlim] sample:		1569.98 time, 1570.02 real, 868 MB
[runlim] sample:		1579.98 time, 1580.02 real, 868 MB
[runlim] sample:		1589.98 time, 1590.02 real, 885 MB
[runlim] sample:		1599.98 time, 1600.02 real, 885 MB
[runlim] sample:		1609.98 time, 1610.02 real, 891 MB
[runlim] sample:		1619.98 time, 1620.02 real, 904 MB
[runlim] sample:		1629.98 time, 1630.02 real, 646 MB
[runlim] sample:		1639.98 time, 1640.02 real, 646 MB
[runlim] sample:		1649.98 time, 1650.02 real, 646 MB
[runlim] sample:		1659.98 time, 1660.02 real, 715 MB
[runlim] sample:		1669.98 time, 1670.02 real, 715 MB
[runlim] sample:		1679.98 time, 1680.02 real, 715 MB
[runlim] sample:		1689.98 time, 1690.02 real, 715 MB
[runlim] sample:		1699.98 time, 1700.02 real, 796 MB
[runlim] sample:		1709.98 time, 1710.02 real, 796 MB
[runlim] sample:		1719.98 time, 1720.02 real, 796 MB
[runlim] sample:		1729.98 time, 1730.02 real, 796 MB
[runlim] sample:		1739.98 time, 1740.02 real, 796 MB
[runlim] sample:		1749.97 time, 1750.02 real, 802 MB
[runlim] sample:		1759.98 time, 1760.01 real, 802 MB
[runlim] sample:		1769.98 time, 1770.02 real, 801 MB
[runlim] sample:		1779.98 time, 1780.02 real, 801 MB
[runlim] sample:		1789.98 time, 1790.02 real, 801 MB
[runlim] sample:		1799.98 time, 1800.02 real, 801 MB
[runlim] sample:		1809.98 time, 1810.02 real, 806 MB
[runlim] sample:		1819.97 time, 1820.02 real, 903 MB
[runlim] sample:		1829.97 time, 1830.02 real, 903 MB
[runlim] sample:		1839.98 time, 1840.02 real, 903 MB
[runlim] sample:		1849.97 time, 1850.02 real, 903 MB
[runlim] sample:		1859.97 time, 1860.02 real, 903 MB
[runlim] sample:		1869.98 time, 1870.02 real, 861 MB
[runlim] sample:		1879.98 time, 1880.02 real, 861 MB
[runlim] sample:		1889.98 time, 1890.02 real, 861 MB
[runlim] sample:		1899.98 time, 1900.02 real, 861 MB
[runlim] sample:		1909.98 time, 1910.02 real, 870 MB
[runlim] sample:		1919.98 time, 1920.02 real, 970 MB
[runlim] sample:		1929.98 time, 1930.02 real, 970 MB
[runlim] sample:		1939.97 time, 1940.02 real, 832 MB
[runlim] sample:		1949.97 time, 1950.02 real, 832 MB
[runlim] sample:		1959.97 time, 1960.02 real, 832 MB
[runlim] sample:		1969.98 time, 1970.02 real, 832 MB
[runlim] sample:		1979.98 time, 1980.02 real, 832 MB
[runlim] sample:		1989.97 time, 1990.02 real, 832 MB
[runlim] sample:		1999.98 time, 2000.02 real, 832 MB
[runlim] sample:		2009.98 time, 2010.02 real, 853 MB
[runlim] sample:		2019.97 time, 2020.02 real, 880 MB
[runlim] sample:		2029.97 time, 2030.02 real, 969 MB
[runlim] sample:		2039.97 time, 2040.02 real, 969 MB
[runlim] sample:		2049.97 time, 2050.02 real, 969 MB
[runlim] sample:		2059.97 time, 2060.02 real, 969 MB
[runlim] sample:		2069.97 time, 2070.02 real, 969 MB
[runlim] sample:		2079.97 time, 2080.02 real, 969 MB
[runlim] sample:		2089.98 time, 2090.02 real, 969 MB
[runlim] sample:		2099.97 time, 2100.02 real, 975 MB
[runlim] sample:		2109.97 time, 2110.02 real, 975 MB
[runlim] sample:		2119.97 time, 2120.02 real, 990 MB
[runlim] sample:		2129.97 time, 2130.02 real, 990 MB
[runlim] sample:		2139.97 time, 2140.02 real, 990 MB
[runlim] sample:		2149.97 time, 2150.02 real, 1001 MB
[runlim] sample:		2159.97 time, 2160.02 real, 1004 MB
[runlim] sample:		2169.97 time, 2170.02 real, 836 MB
[runlim] sample:		2179.96 time, 2180.02 real, 836 MB
[runlim] sample:		2189.96 time, 2190.02 real, 836 MB
[runlim] sample:		2199.97 time, 2200.02 real, 711 MB
[runlim] sample:		2209.97 time, 2210.02 real, 684 MB
[runlim] sample:		2219.97 time, 2220.02 real, 684 MB
[runlim] sample:		2229.97 time, 2230.02 real, 701 MB
[runlim] sample:		2239.97 time, 2240.02 real, 701 MB
[runlim] sample:		2249.97 time, 2250.02 real, 704 MB
[runlim] sample:		2259.96 time, 2260.02 real, 707 MB
[runlim] sample:		2269.97 time, 2270.02 real, 707 MB
[runlim] sample:		2279.97 time, 2280.02 real, 773 MB
[runlim] sample:		2289.96 time, 2290.02 real, 773 MB
[runlim] sample:		2299.96 time, 2300.02 real, 773 MB
[runlim] sample:		2309.97 time, 2310.02 real, 773 MB
[runlim] sample:		2319.96 time, 2320.02 real, 816 MB
[runlim] sample:		2329.96 time, 2330.02 real, 816 MB
[runlim] sample:		2339.96 time, 2340.02 real, 816 MB
[runlim] sample:		2349.97 time, 2350.02 real, 816 MB
[runlim] sample:		2359.97 time, 2360.02 real, 816 MB
[runlim] sample:		2369.96 time, 2370.02 real, 837 MB
[runlim] sample:		2379.97 time, 2380.02 real, 837 MB
[runlim] sample:		2389.96 time, 2390.02 real, 837 MB
[runlim] sample:		2399.96 time, 2400.02 real, 837 MB
[runlim] sample:		2409.97 time, 2410.02 real, 837 MB
[runlim] sample:		2419.96 time, 2420.02 real, 837 MB
[runlim] sample:		2429.96 time, 2430.02 real, 849 MB
[runlim] sample:		2439.96 time, 2440.02 real, 849 MB
[runlim] sample:		2449.97 time, 2450.02 real, 849 MB
[runlim] sample:		2459.97 time, 2460.02 real, 849 MB
[runlim] sample:		2469.96 time, 2470.02 real, 849 MB
[runlim] sample:		2479.96 time, 2480.02 real, 849 MB
[runlim] sample:		2489.96 time, 2490.02 real, 849 MB
[runlim] sample:		2499.96 time, 2500.02 real, 849 MB
[runlim] sample:		2509.96 time, 2510.02 real, 955 MB
[runlim] sample:		2519.96 time, 2520.02 real, 955 MB
[runlim] sample:		2529.96 time, 2530.02 real, 955 MB
[runlim] sample:		2539.96 time, 2540.02 real, 955 MB
[runlim] sample:		2549.96 time, 2550.02 real, 955 MB
[runlim] sample:		2559.96 time, 2560.02 real, 955 MB
[runlim] sample:		2569.96 time, 2570.02 real, 955 MB
[runlim] sample:		2579.96 time, 2580.02 real, 955 MB
[runlim] sample:		2589.96 time, 2590.02 real, 955 MB
[runlim] sample:		2599.96 time, 2600.02 real, 983 MB
[runlim] sample:		2609.96 time, 2610.02 real, 984 MB
[runlim] sample:		2619.96 time, 2620.02 real, 984 MB
[runlim] sample:		2629.96 time, 2630.02 real, 984 MB
[runlim] sample:		2639.96 time, 2640.02 real, 984 MB
[runlim] sample:		2649.95 time, 2650.02 real, 984 MB
[runlim] sample:		2659.95 time, 2660.02 real, 984 MB
[runlim] sample:		2669.96 time, 2670.02 real, 989 MB
[runlim] sample:		2679.96 time, 2680.02 real, 1013 MB
[runlim] sample:		2689.95 time, 2690.02 real, 1042 MB
[runlim] sample:		2699.95 time, 2700.02 real, 1100 MB
[runlim] sample:		2709.96 time, 2710.02 real, 1100 MB
[runlim] sample:		2719.96 time, 2720.02 real, 1100 MB
[runlim] sample:		2729.96 time, 2730.02 real, 1100 MB
[runlim] sample:		2739.96 time, 2740.02 real, 1100 MB
[runlim] sample:		2749.96 time, 2750.02 real, 1101 MB
[runlim] sample:		2759.95 time, 2760.02 real, 1434 MB
[runlim] sample:		2769.95 time, 2770.02 real, 1016 MB
[runlim] sample:		2779.95 time, 2780.02 real, 1016 MB
[runlim] sample:		2789.95 time, 2790.02 real, 1016 MB
[runlim] sample:		2799.96 time, 2800.02 real, 1016 MB
[runlim] sample:		2809.95 time, 2810.02 real, 905 MB
[runlim] sample:		2819.96 time, 2820.02 real, 902 MB
[runlim] sample:		2829.96 time, 2830.02 real, 902 MB
[runlim] sample:		2839.95 time, 2840.02 real, 902 MB
[runlim] sample:		2849.95 time, 2850.02 real, 902 MB
[runlim] sample:		2859.96 time, 2860.02 real, 902 MB
[runlim] sample:		2869.96 time, 2870.02 real, 960 MB
[runlim] sample:		2879.96 time, 2880.02 real, 960 MB
[runlim] sample:		2889.95 time, 2890.02 real, 960 MB
[runlim] sample:		2899.95 time, 2900.02 real, 960 MB
[runlim] sample:		2909.95 time, 2910.02 real, 960 MB
[runlim] sample:		2919.95 time, 2920.02 real, 1008 MB
[runlim] sample:		2929.95 time, 2930.02 real, 1008 MB
[runlim] sample:		2939.95 time, 2940.02 real, 1008 MB
[runlim] sample:		2949.95 time, 2950.02 real, 1008 MB
[runlim] sample:		2959.95 time, 2960.02 real, 1008 MB
[runlim] sample:		2969.95 time, 2970.02 real, 1008 MB
[runlim] sample:		2979.95 time, 2980.02 real, 1035 MB
[runlim] sample:		2989.95 time, 2990.02 real, 1035 MB
[runlim] sample:		2999.95 time, 3000.02 real, 1035 MB
[runlim] sample:		3009.95 time, 3010.02 real, 1035 MB
[runlim] sample:		3019.95 time, 3020.02 real, 1035 MB
[runlim] sample:		3029.95 time, 3030.02 real, 1035 MB
[runlim] sample:		3039.95 time, 3040.02 real, 1035 MB
[runlim] sample:		3049.95 time, 3050.02 real, 1035 MB
[runlim] sample:		3059.95 time, 3060.02 real, 1016 MB
[runlim] sample:		3069.95 time, 3070.02 real, 1016 MB
[runlim] sample:		3079.94 time, 3080.02 real, 1016 MB
[runlim] sample:		3089.94 time, 3090.02 real, 1016 MB
[runlim] sample:		3099.95 time, 3100.02 real, 1016 MB
[runlim] sample:		3109.95 time, 3110.02 real, 1016 MB
[runlim] sample:		3119.95 time, 3120.02 real, 1016 MB
[runlim] sample:		3129.94 time, 3130.02 real, 1016 MB
[runlim] sample:		3139.94 time, 3140.02 real, 1016 MB
[runlim] sample:		3149.95 time, 3150.02 real, 1016 MB
[runlim] sample:		3159.94 time, 3160.02 real, 1091 MB
[runlim] sample:		3169.94 time, 3170.02 real, 1091 MB
[runlim] sample:		3179.95 time, 3180.02 real, 1091 MB
[runlim] sample:		3189.95 time, 3190.02 real, 1091 MB
[runlim] sample:		3199.95 time, 3200.02 real, 1091 MB
[runlim] sample:		3209.95 time, 3210.02 real, 1091 MB
[runlim] sample:		3219.94 time, 3220.02 real, 1091 MB
[runlim] sample:		3229.94 time, 3230.02 real, 1091 MB
[runlim] sample:		3239.94 time, 3240.02 real, 1091 MB
[runlim] sample:		3249.94 time, 3250.02 real, 1091 MB
[runlim] sample:		3259.94 time, 3260.02 real, 1095 MB
[runlim] sample:		3269.94 time, 3270.02 real, 1144 MB
[runlim] sample:		3279.94 time, 3280.02 real, 1144 MB
[runlim] sample:		3289.94 time, 3290.02 real, 1144 MB
[runlim] sample:		3299.95 time, 3300.02 real, 1144 MB
[runlim] sample:		3309.95 time, 3310.02 real, 1144 MB
[runlim] sample:		3319.95 time, 3320.02 real, 1144 MB
[runlim] sample:		3329.94 time, 3330.02 real, 1144 MB
[runlim] sample:		3339.94 time, 3340.02 real, 1144 MB
[runlim] sample:		3349.94 time, 3350.02 real, 1144 MB
[runlim] sample:		3359.94 time, 3360.02 real, 1042 MB
[runlim] sample:		3369.94 time, 3370.02 real, 1034 MB
[runlim] sample:		3379.94 time, 3380.02 real, 1034 MB
[runlim] sample:		3389.94 time, 3390.02 real, 1034 MB
[runlim] sample:		3399.94 time, 3400.02 real, 1034 MB
[runlim] sample:		3409.94 time, 3410.02 real, 1034 MB
[runlim] sample:		3419.94 time, 3420.02 real, 991 MB
[runlim] sample:		3429.94 time, 3430.02 real, 991 MB
[runlim] sample:		3439.94 time, 3440.02 real, 991 MB
[runlim] sample:		3449.94 time, 3450.02 real, 991 MB
[runlim] sample:		3459.94 time, 3460.02 real, 991 MB
[runlim] sample:		3469.94 time, 3470.02 real, 991 MB
[runlim] sample:		3479.94 time, 3480.02 real, 991 MB
[runlim] sample:		3489.94 time, 3490.02 real, 991 MB
[runlim] sample:		3499.94 time, 3500.02 real, 1067 MB
[runlim] sample:		3509.94 time, 3510.02 real, 1067 MB
[runlim] sample:		3519.94 time, 3520.02 real, 1067 MB
[runlim] sample:		3529.93 time, 3530.02 real, 1067 MB
[runlim] sample:		3539.94 time, 3540.02 real, 1027 MB
[runlim] sample:		3549.94 time, 3550.02 real, 1027 MB
[runlim] sample:		3559.94 time, 3560.02 real, 1027 MB
[runlim] sample:		3569.94 time, 3570.02 real, 1027 MB
[runlim] sample:		3579.93 time, 3580.02 real, 1027 MB
[runlim] sample:		3589.94 time, 3590.02 real, 1377 MB
[runlim] sample:		3599.94 time, 3600.02 real, 1058 MB
[runlim] end:			Wed Oct 16 12:11:39 2019
[runlim] status:		out of time
[runlim] result:		2
[runlim] children:		2
[runlim] real:			3600.10 seconds
[runlim] time:			3599.94 seconds
[runlim] space:			1540 MB
[runlim] samples:		36000
