[runlim] version:		1.17
[runlim] host:			c3n18
[runlim] time limit:		311040000 seconds
[runlim] real time limit:	3600 seconds
[runlim] space limit:		120000 MB
[runlim] argv[0]:		./run-btormc.sh
[runlim] argv[1]:		/tmp/Vjp94vlD.btor
[runlim] start:			Wed Oct 16 11:07:40 2019
[runlim] child:			29215
[runlim] sample:		10.01 time, 10.01 real, 175 MB
[runlim] sample:		20.00 time, 20.01 real, 276 MB
[runlim] sample:		30.00 time, 30.01 real, 365 MB
[runlim] sample:		40.00 time, 40.01 real, 335 MB
[runlim] sample:		50.00 time, 50.01 real, 335 MB
[runlim] sample:		60.00 time, 60.01 real, 420 MB
[runlim] sample:		69.99 time, 70.01 real, 453 MB
[runlim] sample:		80.00 time, 80.01 real, 452 MB
[runlim] sample:		90.00 time, 90.01 real, 455 MB
[runlim] sample:		100.00 time, 100.01 real, 522 MB
[runlim] sample:		109.99 time, 110.01 real, 524 MB
[runlim] sample:		119.99 time, 120.01 real, 542 MB
[runlim] sample:		130.00 time, 130.01 real, 530 MB
[runlim] sample:		140.00 time, 140.01 real, 558 MB
[runlim] sample:		149.99 time, 150.01 real, 560 MB
[runlim] sample:		160.00 time, 160.01 real, 581 MB
[runlim] sample:		170.00 time, 170.01 real, 610 MB
[runlim] sample:		179.99 time, 180.01 real, 666 MB
[runlim] sample:		189.99 time, 190.01 real, 672 MB
[runlim] sample:		199.99 time, 200.01 real, 673 MB
[runlim] sample:		209.99 time, 210.01 real, 678 MB
[runlim] sample:		220.00 time, 220.01 real, 700 MB
[runlim] sample:		229.99 time, 230.01 real, 706 MB
[runlim] sample:		239.99 time, 240.01 real, 791 MB
[runlim] sample:		250.00 time, 250.01 real, 688 MB
[runlim] sample:		260.00 time, 260.01 real, 711 MB
[runlim] sample:		270.00 time, 270.01 real, 703 MB
[runlim] sample:		280.00 time, 280.01 real, 705 MB
[runlim] sample:		290.00 time, 290.01 real, 706 MB
[runlim] sample:		299.99 time, 300.01 real, 724 MB
[runlim] sample:		309.99 time, 310.01 real, 744 MB
[runlim] sample:		319.99 time, 320.01 real, 743 MB
[runlim] sample:		329.99 time, 330.01 real, 757 MB
[runlim] sample:		339.99 time, 340.01 real, 776 MB
[runlim] sample:		350.00 time, 350.01 real, 793 MB
[runlim] sample:		359.99 time, 360.01 real, 745 MB
[runlim] sample:		369.99 time, 370.01 real, 752 MB
[runlim] sample:		379.99 time, 380.01 real, 754 MB
[runlim] sample:		389.99 time, 390.01 real, 773 MB
[runlim] sample:		399.99 time, 400.01 real, 793 MB
[runlim] sample:		409.99 time, 410.01 real, 805 MB
[runlim] sample:		419.98 time, 420.01 real, 813 MB
[runlim] sample:		429.99 time, 430.01 real, 824 MB
[runlim] sample:		439.99 time, 440.01 real, 844 MB
[runlim] sample:		449.99 time, 450.01 real, 852 MB
[runlim] sample:		459.99 time, 460.01 real, 944 MB
[runlim] sample:		469.99 time, 470.01 real, 980 MB
[runlim] sample:		479.99 time, 480.01 real, 999 MB
[runlim] sample:		490.00 time, 490.01 real, 954 MB
[runlim] sample:		499.99 time, 500.01 real, 873 MB
[runlim] sample:		509.99 time, 510.01 real, 916 MB
[runlim] sample:		520.00 time, 520.01 real, 915 MB
[runlim] sample:		529.98 time, 530.01 real, 936 MB
[runlim] sample:		539.98 time, 540.01 real, 926 MB
[runlim] sample:		549.99 time, 550.01 real, 951 MB
[runlim] sample:		559.99 time, 560.01 real, 958 MB
[runlim] sample:		569.99 time, 570.01 real, 967 MB
[runlim] sample:		579.99 time, 580.01 real, 964 MB
[runlim] sample:		589.99 time, 590.01 real, 990 MB
[runlim] sample:		599.99 time, 600.01 real, 1000 MB
[runlim] sample:		609.99 time, 610.01 real, 1010 MB
[runlim] sample:		619.99 time, 620.01 real, 1007 MB
[runlim] sample:		629.98 time, 630.01 real, 1026 MB
[runlim] sample:		639.98 time, 640.01 real, 1035 MB
[runlim] sample:		649.98 time, 650.01 real, 1035 MB
[runlim] sample:		659.99 time, 660.01 real, 1050 MB
[runlim] sample:		669.98 time, 670.01 real, 1070 MB
[runlim] sample:		679.98 time, 680.01 real, 1059 MB
[runlim] sample:		689.99 time, 690.01 real, 1069 MB
[runlim] sample:		699.98 time, 700.01 real, 1068 MB
[runlim] sample:		709.98 time, 710.01 real, 1149 MB
[runlim] sample:		719.99 time, 720.01 real, 1074 MB
[runlim] sample:		729.99 time, 730.01 real, 1071 MB
[runlim] sample:		739.99 time, 740.01 real, 1149 MB
[runlim] sample:		749.98 time, 750.01 real, 1101 MB
[runlim] sample:		759.98 time, 760.01 real, 1127 MB
[runlim] sample:		769.98 time, 770.01 real, 1110 MB
[runlim] sample:		779.98 time, 780.01 real, 1108 MB
[runlim] sample:		789.99 time, 790.01 real, 1103 MB
[runlim] sample:		799.98 time, 800.01 real, 1108 MB
[runlim] sample:		809.98 time, 810.01 real, 1108 MB
[runlim] sample:		819.98 time, 820.01 real, 1132 MB
[runlim] sample:		829.98 time, 830.01 real, 1119 MB
[runlim] sample:		839.98 time, 840.01 real, 1147 MB
[runlim] sample:		849.99 time, 850.01 real, 1133 MB
[runlim] sample:		859.99 time, 860.01 real, 1150 MB
[runlim] sample:		869.99 time, 870.01 real, 1153 MB
[runlim] sample:		879.98 time, 880.01 real, 1150 MB
[runlim] sample:		889.99 time, 890.01 real, 1150 MB
[runlim] sample:		899.98 time, 900.01 real, 1164 MB
[runlim] sample:		909.99 time, 910.01 real, 1154 MB
[runlim] sample:		919.98 time, 920.01 real, 1177 MB
[runlim] sample:		929.98 time, 930.01 real, 1173 MB
[runlim] sample:		939.99 time, 940.01 real, 1172 MB
[runlim] sample:		949.98 time, 950.01 real, 1196 MB
[runlim] sample:		959.98 time, 960.01 real, 1240 MB
[runlim] sample:		969.98 time, 970.01 real, 1193 MB
[runlim] sample:		979.98 time, 980.01 real, 1204 MB
[runlim] sample:		989.98 time, 990.01 real, 1207 MB
[runlim] sample:		999.98 time, 1000.01 real, 1320 MB
[runlim] sample:		1009.98 time, 1010.01 real, 1207 MB
[runlim] sample:		1019.98 time, 1020.01 real, 1231 MB
[runlim] sample:		1029.98 time, 1030.01 real, 1232 MB
[runlim] sample:		1039.98 time, 1040.01 real, 1246 MB
[runlim] sample:		1049.98 time, 1050.01 real, 1249 MB
[runlim] sample:		1059.98 time, 1060.01 real, 1259 MB
[runlim] sample:		1069.98 time, 1070.01 real, 1317 MB
[runlim] sample:		1079.98 time, 1080.01 real, 1388 MB
[runlim] sample:		1089.98 time, 1090.01 real, 1324 MB
[runlim] sample:		1099.98 time, 1100.01 real, 1323 MB
[runlim] sample:		1109.98 time, 1110.01 real, 1353 MB
[runlim] sample:		1119.98 time, 1120.01 real, 1352 MB
[runlim] sample:		1129.97 time, 1130.01 real, 1333 MB
[runlim] sample:		1139.98 time, 1140.01 real, 1365 MB
[runlim] sample:		1149.98 time, 1150.01 real, 1377 MB
[runlim] sample:		1159.97 time, 1160.01 real, 1385 MB
[runlim] sample:		1169.98 time, 1170.01 real, 1411 MB
[runlim] sample:		1179.98 time, 1180.01 real, 1408 MB
[runlim] sample:		1189.98 time, 1190.01 real, 1410 MB
[runlim] sample:		1199.98 time, 1200.01 real, 1403 MB
[runlim] sample:		1209.97 time, 1210.01 real, 1415 MB
[runlim] sample:		1219.97 time, 1220.01 real, 1415 MB
[runlim] sample:		1229.97 time, 1230.01 real, 1415 MB
[runlim] sample:		1239.97 time, 1240.01 real, 1415 MB
[runlim] sample:		1249.98 time, 1250.01 real, 1426 MB
[runlim] sample:		1259.98 time, 1260.01 real, 1449 MB
[runlim] sample:		1269.98 time, 1270.01 real, 1436 MB
[runlim] sample:		1279.97 time, 1280.01 real, 1446 MB
[runlim] sample:		1289.97 time, 1290.01 real, 1466 MB
[runlim] sample:		1299.97 time, 1300.01 real, 1452 MB
[runlim] sample:		1309.98 time, 1310.01 real, 1497 MB
[runlim] sample:		1319.98 time, 1320.01 real, 1429 MB
[runlim] sample:		1329.98 time, 1330.01 real, 1462 MB
[runlim] sample:		1339.97 time, 1340.01 real, 1480 MB
[runlim] sample:		1349.97 time, 1350.01 real, 1484 MB
[runlim] sample:		1359.98 time, 1360.01 real, 1480 MB
[runlim] sample:		1369.97 time, 1370.01 real, 1507 MB
[runlim] sample:		1379.97 time, 1380.01 real, 1492 MB
[runlim] sample:		1389.97 time, 1390.01 real, 1500 MB
[runlim] sample:		1399.97 time, 1400.01 real, 1528 MB
[runlim] sample:		1409.98 time, 1410.01 real, 1523 MB
[runlim] sample:		1419.97 time, 1420.01 real, 1517 MB
[runlim] sample:		1429.97 time, 1430.01 real, 1523 MB
[runlim] sample:		1439.98 time, 1440.01 real, 1517 MB
[runlim] sample:		1449.97 time, 1450.01 real, 1511 MB
[runlim] sample:		1459.97 time, 1460.01 real, 1548 MB
[runlim] sample:		1469.97 time, 1470.01 real, 1555 MB
[runlim] sample:		1479.97 time, 1480.01 real, 1545 MB
[runlim] sample:		1489.98 time, 1490.01 real, 1567 MB
[runlim] sample:		1499.97 time, 1500.01 real, 1553 MB
[runlim] sample:		1509.98 time, 1510.01 real, 1552 MB
[runlim] sample:		1519.98 time, 1520.01 real, 1559 MB
[runlim] sample:		1529.97 time, 1530.01 real, 1577 MB
[runlim] sample:		1539.98 time, 1540.01 real, 1573 MB
[runlim] sample:		1549.97 time, 1550.01 real, 1572 MB
[runlim] sample:		1559.97 time, 1560.01 real, 1595 MB
[runlim] sample:		1569.97 time, 1570.01 real, 1678 MB
[runlim] sample:		1579.97 time, 1580.01 real, 1597 MB
[runlim] sample:		1589.98 time, 1590.01 real, 1587 MB
[runlim] sample:		1599.98 time, 1600.01 real, 1617 MB
[runlim] sample:		1609.97 time, 1610.01 real, 1570 MB
[runlim] sample:		1619.97 time, 1620.01 real, 1712 MB
[runlim] sample:		1629.97 time, 1630.01 real, 1631 MB
[runlim] sample:		1639.97 time, 1640.01 real, 1619 MB
[runlim] sample:		1649.97 time, 1650.01 real, 1623 MB
[runlim] sample:		1659.97 time, 1660.01 real, 1653 MB
[runlim] sample:		1669.97 time, 1670.01 real, 1640 MB
[runlim] sample:		1679.97 time, 1680.01 real, 1645 MB
[runlim] sample:		1689.97 time, 1690.01 real, 1762 MB
[runlim] sample:		1699.97 time, 1700.01 real, 1651 MB
[runlim] sample:		1709.97 time, 1710.01 real, 1668 MB
[runlim] sample:		1719.97 time, 1720.01 real, 1682 MB
[runlim] sample:		1729.96 time, 1730.01 real, 1664 MB
[runlim] sample:		1739.97 time, 1740.01 real, 1687 MB
[runlim] sample:		1749.97 time, 1750.01 real, 1680 MB
[runlim] sample:		1759.96 time, 1760.01 real, 1689 MB
[runlim] sample:		1769.97 time, 1770.01 real, 1710 MB
[runlim] sample:		1779.96 time, 1780.01 real, 1702 MB
[runlim] sample:		1789.97 time, 1790.01 real, 1708 MB
[runlim] sample:		1799.97 time, 1800.01 real, 1705 MB
[runlim] sample:		1809.97 time, 1810.01 real, 1731 MB
[runlim] sample:		1819.97 time, 1820.01 real, 1715 MB
[runlim] sample:		1829.97 time, 1830.01 real, 1735 MB
[runlim] sample:		1839.97 time, 1840.01 real, 1756 MB
[runlim] sample:		1849.96 time, 1850.01 real, 1759 MB
[runlim] sample:		1859.96 time, 1860.01 real, 1738 MB
[runlim] sample:		1869.96 time, 1870.01 real, 1772 MB
[runlim] sample:		1879.97 time, 1880.01 real, 1788 MB
[runlim] sample:		1889.97 time, 1890.01 real, 1765 MB
[runlim] sample:		1899.97 time, 1900.01 real, 1798 MB
[runlim] sample:		1909.96 time, 1910.01 real, 1813 MB
[runlim] sample:		1919.96 time, 1920.01 real, 1794 MB
[runlim] sample:		1929.96 time, 1930.01 real, 1799 MB
[runlim] sample:		1939.97 time, 1940.01 real, 1799 MB
[runlim] sample:		1949.96 time, 1950.01 real, 1787 MB
[runlim] sample:		1959.96 time, 1960.01 real, 1819 MB
[runlim] sample:		1969.96 time, 1970.01 real, 1838 MB
[runlim] sample:		1979.96 time, 1980.01 real, 1928 MB
[runlim] sample:		1989.97 time, 1990.01 real, 1871 MB
[runlim] sample:		1999.97 time, 2000.01 real, 1998 MB
[runlim] sample:		2009.97 time, 2010.01 real, 1916 MB
[runlim] sample:		2019.97 time, 2020.01 real, 1940 MB
[runlim] sample:		2029.97 time, 2030.01 real, 1947 MB
[runlim] sample:		2039.96 time, 2040.01 real, 1939 MB
[runlim] sample:		2049.97 time, 2050.01 real, 1944 MB
[runlim] sample:		2059.96 time, 2060.01 real, 1939 MB
[runlim] sample:		2069.96 time, 2070.01 real, 1939 MB
[runlim] sample:		2079.96 time, 2080.01 real, 1951 MB
[runlim] sample:		2089.97 time, 2090.01 real, 1961 MB
[runlim] sample:		2099.96 time, 2100.01 real, 1979 MB
[runlim] sample:		2109.96 time, 2110.01 real, 1962 MB
[runlim] sample:		2119.96 time, 2120.01 real, 1981 MB
[runlim] sample:		2129.97 time, 2130.01 real, 1969 MB
[runlim] sample:		2139.97 time, 2140.01 real, 1974 MB
[runlim] sample:		2149.96 time, 2150.01 real, 1975 MB
[runlim] sample:		2159.96 time, 2160.01 real, 2004 MB
[runlim] sample:		2169.96 time, 2170.01 real, 1985 MB
[runlim] sample:		2179.96 time, 2180.01 real, 1992 MB
[runlim] sample:		2189.96 time, 2190.01 real, 2002 MB
[runlim] sample:		2199.96 time, 2200.01 real, 2001 MB
[runlim] sample:		2209.95 time, 2210.01 real, 2001 MB
[runlim] sample:		2219.96 time, 2220.01 real, 2025 MB
[runlim] sample:		2229.95 time, 2230.01 real, 2038 MB
[runlim] sample:		2239.96 time, 2240.01 real, 2031 MB
[runlim] sample:		2249.95 time, 2250.01 real, 2030 MB
[runlim] sample:		2259.96 time, 2260.01 real, 2033 MB
[runlim] sample:		2269.95 time, 2270.01 real, 2058 MB
[runlim] sample:		2279.96 time, 2280.01 real, 2050 MB
[runlim] sample:		2289.96 time, 2290.01 real, 2044 MB
[runlim] sample:		2299.96 time, 2300.01 real, 2038 MB
[runlim] sample:		2309.96 time, 2310.01 real, 2073 MB
[runlim] sample:		2319.96 time, 2320.01 real, 2090 MB
[runlim] sample:		2329.96 time, 2330.01 real, 2089 MB
[runlim] sample:		2339.95 time, 2340.01 real, 2076 MB
[runlim] sample:		2349.96 time, 2350.01 real, 2160 MB
[runlim] sample:		2359.95 time, 2360.01 real, 2076 MB
[runlim] sample:		2369.96 time, 2370.01 real, 2088 MB
[runlim] sample:		2379.96 time, 2380.01 real, 2072 MB
[runlim] sample:		2389.96 time, 2390.01 real, 2096 MB
[runlim] sample:		2399.96 time, 2400.01 real, 2120 MB
[runlim] sample:		2409.96 time, 2410.01 real, 2132 MB
[runlim] sample:		2419.96 time, 2420.01 real, 2112 MB
[runlim] sample:		2429.96 time, 2430.01 real, 2112 MB
[runlim] sample:		2439.96 time, 2440.01 real, 2128 MB
[runlim] sample:		2449.95 time, 2450.01 real, 2152 MB
[runlim] sample:		2459.95 time, 2460.01 real, 2164 MB
[runlim] sample:		2469.96 time, 2470.01 real, 2139 MB
[runlim] sample:		2479.95 time, 2480.01 real, 2146 MB
[runlim] sample:		2489.96 time, 2490.01 real, 2161 MB
[runlim] sample:		2499.96 time, 2500.01 real, 2161 MB
[runlim] sample:		2509.96 time, 2510.01 real, 2328 MB
[runlim] sample:		2519.96 time, 2520.01 real, 2156 MB
[runlim] sample:		2529.96 time, 2530.01 real, 2157 MB
[runlim] sample:		2539.96 time, 2540.01 real, 2181 MB
[runlim] sample:		2549.96 time, 2550.01 real, 2171 MB
[runlim] sample:		2559.96 time, 2560.01 real, 2275 MB
[runlim] sample:		2569.95 time, 2570.01 real, 2180 MB
[runlim] sample:		2579.96 time, 2580.01 real, 2201 MB
[runlim] sample:		2589.96 time, 2590.01 real, 2218 MB
[runlim] sample:		2599.95 time, 2600.01 real, 2198 MB
[runlim] sample:		2609.96 time, 2610.01 real, 2207 MB
[runlim] sample:		2619.95 time, 2620.01 real, 2199 MB
[runlim] sample:		2629.95 time, 2630.01 real, 2232 MB
[runlim] sample:		2639.95 time, 2640.01 real, 2247 MB
[runlim] sample:		2649.96 time, 2650.01 real, 2223 MB
[runlim] sample:		2659.96 time, 2660.01 real, 2255 MB
[runlim] sample:		2669.96 time, 2670.01 real, 2245 MB
[runlim] sample:		2679.96 time, 2680.01 real, 2257 MB
[runlim] sample:		2689.96 time, 2690.01 real, 2245 MB
[runlim] sample:		2699.95 time, 2700.01 real, 2323 MB
[runlim] sample:		2709.95 time, 2710.01 real, 2300 MB
[runlim] sample:		2719.95 time, 2720.01 real, 2375 MB
[runlim] sample:		2729.95 time, 2730.01 real, 2311 MB
[runlim] sample:		2739.95 time, 2740.01 real, 2315 MB
[runlim] sample:		2749.95 time, 2750.01 real, 2329 MB
[runlim] sample:		2759.95 time, 2760.01 real, 2345 MB
[runlim] sample:		2769.95 time, 2770.01 real, 2337 MB
[runlim] sample:		2779.95 time, 2780.01 real, 2325 MB
[runlim] sample:		2789.95 time, 2790.01 real, 2343 MB
[runlim] sample:		2799.95 time, 2800.01 real, 2345 MB
[runlim] sample:		2809.95 time, 2810.01 real, 2314 MB
[runlim] sample:		2819.94 time, 2820.01 real, 2346 MB
[runlim] sample:		2829.95 time, 2830.01 real, 2337 MB
[runlim] sample:		2839.95 time, 2840.01 real, 2338 MB
[runlim] sample:		2849.95 time, 2850.01 real, 2347 MB
[runlim] sample:		2859.95 time, 2860.01 real, 2353 MB
[runlim] sample:		2869.95 time, 2870.01 real, 2363 MB
[runlim] sample:		2879.95 time, 2880.01 real, 2382 MB
[runlim] sample:		2889.95 time, 2890.01 real, 2392 MB
[runlim] sample:		2899.95 time, 2900.01 real, 2369 MB
[runlim] sample:		2909.95 time, 2910.01 real, 2376 MB
[runlim] sample:		2919.95 time, 2920.01 real, 2395 MB
[runlim] sample:		2929.95 time, 2930.01 real, 2409 MB
[runlim] sample:		2939.95 time, 2940.01 real, 2395 MB
[runlim] sample:		2949.95 time, 2950.01 real, 2405 MB
[runlim] sample:		2959.95 time, 2960.01 real, 2428 MB
[runlim] sample:		2969.94 time, 2970.01 real, 2445 MB
[runlim] sample:		2979.95 time, 2980.01 real, 2423 MB
[runlim] sample:		2989.94 time, 2990.01 real, 2445 MB
[runlim] sample:		2999.95 time, 3000.01 real, 2431 MB
[runlim] sample:		3009.95 time, 3010.01 real, 2459 MB
[runlim] sample:		3019.95 time, 3020.01 real, 2477 MB
[runlim] sample:		3029.95 time, 3030.01 real, 2490 MB
[runlim] sample:		3039.95 time, 3040.01 real, 2483 MB
[runlim] sample:		3049.95 time, 3050.01 real, 2471 MB
[runlim] sample:		3059.95 time, 3060.01 real, 2493 MB
[runlim] sample:		3069.94 time, 3070.01 real, 2487 MB
[runlim] sample:		3079.94 time, 3080.01 real, 2497 MB
[runlim] sample:		3089.95 time, 3090.01 real, 2513 MB
[runlim] sample:		3099.95 time, 3100.01 real, 2494 MB
[runlim] sample:		3109.94 time, 3110.01 real, 2497 MB
[runlim] sample:		3119.95 time, 3120.01 real, 2522 MB
[runlim] sample:		3129.95 time, 3130.01 real, 2544 MB
[runlim] sample:		3139.94 time, 3140.01 real, 2559 MB
[runlim] sample:		3149.95 time, 3150.01 real, 2534 MB
[runlim] sample:		3159.95 time, 3160.01 real, 2554 MB
[runlim] sample:		3169.94 time, 3170.01 real, 2559 MB
[runlim] sample:		3179.95 time, 3180.01 real, 2585 MB
[runlim] sample:		3189.94 time, 3190.01 real, 2603 MB
[runlim] sample:		3199.95 time, 3200.01 real, 2614 MB
[runlim] sample:		3209.95 time, 3210.01 real, 2596 MB
[runlim] sample:		3219.94 time, 3220.01 real, 2604 MB
[runlim] sample:		3229.94 time, 3230.01 real, 2589 MB
[runlim] sample:		3239.94 time, 3240.01 real, 2589 MB
[runlim] sample:		3249.94 time, 3250.01 real, 2589 MB
[runlim] sample:		3259.94 time, 3260.01 real, 2600 MB
[runlim] sample:		3269.94 time, 3270.01 real, 2621 MB
[runlim] sample:		3279.94 time, 3280.01 real, 2639 MB
[runlim] sample:		3289.94 time, 3290.01 real, 2626 MB
[runlim] sample:		3299.94 time, 3300.01 real, 2627 MB
[runlim] sample:		3309.94 time, 3310.01 real, 2643 MB
[runlim] sample:		3319.94 time, 3320.01 real, 2670 MB
[runlim] sample:		3329.94 time, 3330.01 real, 2688 MB
[runlim] sample:		3339.94 time, 3340.01 real, 2698 MB
[runlim] sample:		3349.94 time, 3350.01 real, 2673 MB
[runlim] sample:		3359.93 time, 3360.01 real, 2693 MB
[runlim] sample:		3369.94 time, 3370.01 real, 2690 MB
[runlim] sample:		3379.94 time, 3380.01 real, 2705 MB
[runlim] sample:		3389.94 time, 3390.01 real, 2693 MB
[runlim] sample:		3399.93 time, 3400.01 real, 2688 MB
[runlim] sample:		3409.94 time, 3410.01 real, 2702 MB
[runlim] sample:		3419.94 time, 3420.01 real, 2698 MB
[runlim] sample:		3429.94 time, 3430.01 real, 2707 MB
[runlim] sample:		3439.94 time, 3440.01 real, 2703 MB
[runlim] sample:		3449.94 time, 3450.01 real, 2709 MB
[runlim] sample:		3459.94 time, 3460.01 real, 2727 MB
[runlim] sample:		3469.94 time, 3470.01 real, 2721 MB
[runlim] sample:		3479.94 time, 3480.01 real, 2721 MB
[runlim] sample:		3489.93 time, 3490.01 real, 2746 MB
[runlim] sample:		3499.94 time, 3500.01 real, 2764 MB
[runlim] sample:		3509.94 time, 3510.01 real, 2776 MB
[runlim] sample:		3519.94 time, 3520.01 real, 2770 MB
[runlim] sample:		3529.94 time, 3530.01 real, 2756 MB
[runlim] sample:		3539.94 time, 3540.01 real, 2766 MB
[runlim] sample:		3549.94 time, 3550.01 real, 2783 MB
[runlim] sample:		3559.94 time, 3560.01 real, 2806 MB
[runlim] sample:		3569.94 time, 3570.01 real, 2822 MB
[runlim] sample:		3579.94 time, 3580.01 real, 2832 MB
[runlim] sample:		3589.93 time, 3590.01 real, 2822 MB
[runlim] sample:		3599.93 time, 3600.01 real, 2818 MB
[runlim] end:			Wed Oct 16 12:07:40 2019
[runlim] status:		out of time
[runlim] result:		2
[runlim] children:		2
[runlim] real:			3600.10 seconds
[runlim] time:			3599.93 seconds
[runlim] space:			2893 MB
[runlim] samples:		36000
