[runlim] version:		1.17
[runlim] host:			c3n21
[runlim] time limit:		311040000 seconds
[runlim] real time limit:	3600 seconds
[runlim] space limit:		120000 MB
[runlim] argv[0]:		./run-btormc.sh
[runlim] argv[1]:		/tmp/rqivnPuP.btor
[runlim] start:			Wed Oct 16 10:10:39 2019
[runlim] child:			12260
warning: unsupported tag 'output'
warning: unsupported tag 'output'
warning: unsupported tag 'output'
warning: unsupported tag 'output'
warning: unsupported tag 'output'
warning: unsupported tag 'output'
warning: unsupported tag 'output'
warning: unsupported tag 'output'
warning: unsupported tag 'output'
warning: unsupported tag 'output'
warning: unsupported tag 'output'
warning: unsupported tag 'output'
warning: unsupported tag 'output'
warning: unsupported tag 'output'
warning: unsupported tag 'output'
warning: unsupported tag 'output'
warning: unsupported tag 'output'
warning: unsupported tag 'output'
[runlim] sample:		10.00 time, 10.01 real, 134 MB
[runlim] sample:		20.00 time, 20.02 real, 193 MB
[runlim] sample:		30.00 time, 30.02 real, 230 MB
[runlim] sample:		40.00 time, 40.02 real, 279 MB
[runlim] sample:		50.00 time, 50.02 real, 294 MB
[runlim] sample:		60.00 time, 60.02 real, 346 MB
[runlim] sample:		70.00 time, 70.02 real, 355 MB
[runlim] sample:		80.00 time, 80.02 real, 457 MB
[runlim] sample:		90.00 time, 90.02 real, 403 MB
[runlim] sample:		100.00 time, 100.02 real, 428 MB
[runlim] sample:		110.00 time, 110.02 real, 430 MB
[runlim] sample:		120.00 time, 120.02 real, 487 MB
[runlim] sample:		130.00 time, 130.02 real, 511 MB
[runlim] sample:		140.00 time, 140.02 real, 558 MB
[runlim] sample:		150.00 time, 150.02 real, 558 MB
[runlim] sample:		160.00 time, 160.02 real, 558 MB
[runlim] sample:		170.00 time, 170.02 real, 558 MB
[runlim] sample:		180.00 time, 180.02 real, 582 MB
[runlim] sample:		189.99 time, 190.02 real, 653 MB
[runlim] sample:		199.99 time, 200.02 real, 596 MB
[runlim] sample:		210.00 time, 210.02 real, 591 MB
[runlim] sample:		220.00 time, 220.02 real, 595 MB
[runlim] sample:		230.00 time, 230.02 real, 648 MB
[runlim] sample:		240.00 time, 240.02 real, 600 MB
[runlim] sample:		250.00 time, 250.02 real, 600 MB
[runlim] sample:		260.00 time, 260.02 real, 647 MB
[runlim] sample:		270.00 time, 270.02 real, 610 MB
[runlim] sample:		280.00 time, 280.02 real, 616 MB
[runlim] sample:		289.99 time, 290.02 real, 677 MB
[runlim] sample:		299.99 time, 300.02 real, 758 MB
[runlim] sample:		309.99 time, 310.02 real, 799 MB
[runlim] sample:		320.00 time, 320.02 real, 773 MB
[runlim] sample:		330.00 time, 330.02 real, 773 MB
[runlim] sample:		340.00 time, 340.02 real, 771 MB
[runlim] sample:		350.00 time, 350.02 real, 771 MB
[runlim] sample:		360.00 time, 360.02 real, 776 MB
[runlim] sample:		370.00 time, 370.02 real, 771 MB
[runlim] sample:		380.00 time, 380.02 real, 771 MB
[runlim] sample:		390.00 time, 390.01 real, 771 MB
[runlim] sample:		400.00 time, 400.01 real, 771 MB
[runlim] sample:		410.00 time, 410.01 real, 780 MB
[runlim] sample:		420.00 time, 420.01 real, 780 MB
[runlim] sample:		430.00 time, 430.02 real, 812 MB
[runlim] sample:		440.00 time, 440.02 real, 812 MB
[runlim] sample:		450.00 time, 450.02 real, 813 MB
[runlim] sample:		459.99 time, 460.02 real, 840 MB
[runlim] sample:		469.99 time, 470.02 real, 826 MB
[runlim] sample:		480.00 time, 480.02 real, 896 MB
[runlim] sample:		490.00 time, 490.02 real, 851 MB
[runlim] sample:		500.00 time, 500.02 real, 852 MB
[runlim] sample:		510.00 time, 510.02 real, 853 MB
[runlim] sample:		520.00 time, 520.02 real, 860 MB
[runlim] sample:		530.00 time, 530.02 real, 854 MB
[runlim] sample:		539.99 time, 540.02 real, 865 MB
[runlim] sample:		550.00 time, 550.02 real, 866 MB
[runlim] sample:		560.00 time, 560.02 real, 867 MB
[runlim] sample:		570.00 time, 570.02 real, 867 MB
[runlim] sample:		580.00 time, 580.02 real, 869 MB
[runlim] sample:		590.00 time, 590.02 real, 870 MB
[runlim] sample:		600.00 time, 600.02 real, 871 MB
[runlim] sample:		610.00 time, 610.02 real, 871 MB
[runlim] sample:		620.00 time, 620.02 real, 881 MB
[runlim] sample:		629.99 time, 630.02 real, 881 MB
[runlim] sample:		639.99 time, 640.02 real, 882 MB
[runlim] sample:		650.00 time, 650.02 real, 913 MB
[runlim] sample:		660.00 time, 660.02 real, 913 MB
[runlim] sample:		670.00 time, 670.02 real, 914 MB
[runlim] sample:		679.99 time, 680.02 real, 916 MB
[runlim] sample:		690.00 time, 690.02 real, 949 MB
[runlim] sample:		700.00 time, 700.02 real, 985 MB
[runlim] sample:		709.99 time, 710.02 real, 990 MB
[runlim] sample:		720.00 time, 720.02 real, 1053 MB
[runlim] sample:		730.00 time, 730.02 real, 1081 MB
[runlim] sample:		739.99 time, 740.02 real, 1079 MB
[runlim] sample:		750.00 time, 750.02 real, 1111 MB
[runlim] sample:		760.00 time, 760.02 real, 1105 MB
[runlim] sample:		770.00 time, 770.02 real, 1105 MB
[runlim] sample:		780.00 time, 780.02 real, 1103 MB
[runlim] sample:		790.00 time, 790.02 real, 1104 MB
[runlim] sample:		799.99 time, 800.02 real, 1104 MB
[runlim] sample:		809.99 time, 810.02 real, 1106 MB
[runlim] sample:		820.00 time, 820.02 real, 1106 MB
[runlim] sample:		829.99 time, 830.02 real, 1106 MB
[runlim] sample:		839.99 time, 840.02 real, 1107 MB
[runlim] sample:		849.99 time, 850.02 real, 1115 MB
[runlim] sample:		860.00 time, 860.02 real, 1115 MB
[runlim] sample:		870.00 time, 870.02 real, 1115 MB
[runlim] sample:		879.99 time, 880.02 real, 1117 MB
[runlim] sample:		889.99 time, 890.02 real, 1118 MB
[runlim] sample:		900.00 time, 900.02 real, 1118 MB
[runlim] sample:		910.00 time, 910.02 real, 1118 MB
[runlim] sample:		919.99 time, 920.02 real, 1120 MB
[runlim] sample:		929.99 time, 930.02 real, 1120 MB
[runlim] sample:		940.00 time, 940.02 real, 1122 MB
[runlim] sample:		949.99 time, 950.02 real, 1103 MB
[runlim] sample:		959.99 time, 960.02 real, 1101 MB
[runlim] sample:		970.00 time, 970.02 real, 1101 MB
[runlim] sample:		979.99 time, 980.02 real, 1105 MB
[runlim] sample:		990.00 time, 990.02 real, 1241 MB
[runlim] sample:		1000.00 time, 1000.02 real, 1221 MB
[runlim] sample:		1010.00 time, 1010.02 real, 1221 MB
[runlim] sample:		1020.00 time, 1020.02 real, 1240 MB
[runlim] sample:		1030.00 time, 1030.02 real, 1240 MB
[runlim] sample:		1040.00 time, 1040.02 real, 1240 MB
[runlim] sample:		1049.99 time, 1050.02 real, 1311 MB
[runlim] sample:		1059.99 time, 1060.02 real, 1311 MB
[runlim] sample:		1069.99 time, 1070.02 real, 1311 MB
[runlim] sample:		1079.99 time, 1080.02 real, 1335 MB
[runlim] sample:		1090.00 time, 1090.02 real, 1275 MB
[runlim] sample:		1100.00 time, 1100.02 real, 1275 MB
[runlim] sample:		1109.99 time, 1110.02 real, 1321 MB
[runlim] sample:		1119.99 time, 1120.02 real, 1307 MB
[runlim] sample:		1130.00 time, 1130.02 real, 1308 MB
[runlim] sample:		1139.99 time, 1140.02 real, 1306 MB
[runlim] sample:		1150.00 time, 1150.02 real, 1307 MB
[runlim] sample:		1159.99 time, 1160.02 real, 1308 MB
[runlim] sample:		1170.00 time, 1170.02 real, 1308 MB
[runlim] sample:		1180.00 time, 1180.02 real, 1312 MB
[runlim] sample:		1190.00 time, 1190.02 real, 1312 MB
[runlim] sample:		1199.99 time, 1200.02 real, 1313 MB
[runlim] sample:		1210.00 time, 1210.02 real, 1343 MB
[runlim] sample:		1220.00 time, 1220.02 real, 1354 MB
[runlim] sample:		1229.99 time, 1230.02 real, 1342 MB
[runlim] sample:		1240.00 time, 1240.02 real, 1342 MB
[runlim] sample:		1250.00 time, 1250.02 real, 1342 MB
[runlim] sample:		1260.00 time, 1260.02 real, 1342 MB
[runlim] sample:		1270.00 time, 1270.02 real, 1342 MB
[runlim] sample:		1279.99 time, 1280.02 real, 1342 MB
[runlim] sample:		1289.99 time, 1290.02 real, 1342 MB
[runlim] sample:		1300.00 time, 1300.02 real, 1346 MB
[runlim] sample:		1310.00 time, 1310.02 real, 1346 MB
[runlim] sample:		1319.99 time, 1320.02 real, 1347 MB
[runlim] sample:		1330.00 time, 1330.02 real, 1347 MB
[runlim] sample:		1340.00 time, 1340.02 real, 1347 MB
[runlim] sample:		1349.99 time, 1350.02 real, 1461 MB
[runlim] sample:		1360.00 time, 1360.02 real, 1474 MB
[runlim] sample:		1370.00 time, 1370.02 real, 1482 MB
[runlim] sample:		1380.00 time, 1380.02 real, 1497 MB
[runlim] sample:		1389.99 time, 1390.02 real, 1497 MB
[runlim] sample:		1400.00 time, 1400.02 real, 1503 MB
[runlim] sample:		1409.99 time, 1410.02 real, 1517 MB
[runlim] sample:		1420.00 time, 1420.02 real, 1518 MB
[runlim] sample:		1429.99 time, 1430.02 real, 1541 MB
[runlim] sample:		1440.00 time, 1440.02 real, 1585 MB
[runlim] sample:		1450.00 time, 1450.02 real, 1585 MB
[runlim] sample:		1460.00 time, 1460.01 real, 1587 MB
[runlim] sample:		1469.99 time, 1470.01 real, 1587 MB
[runlim] sample:		1480.00 time, 1480.01 real, 1598 MB
[runlim] sample:		1490.00 time, 1490.01 real, 1632 MB
[runlim] sample:		1499.99 time, 1500.01 real, 1649 MB
[runlim] sample:		1510.00 time, 1510.01 real, 1690 MB
[runlim] sample:		1519.99 time, 1520.01 real, 1635 MB
[runlim] sample:		1530.00 time, 1530.01 real, 1635 MB
[runlim] sample:		1539.99 time, 1540.01 real, 1637 MB
[runlim] sample:		1550.00 time, 1550.01 real, 1638 MB
[runlim] sample:		1559.99 time, 1560.01 real, 1639 MB
[runlim] sample:		1569.99 time, 1570.01 real, 1640 MB
[runlim] sample:		1579.99 time, 1580.01 real, 1640 MB
[runlim] sample:		1590.00 time, 1590.01 real, 1669 MB
[runlim] sample:		1599.99 time, 1600.01 real, 1656 MB
[runlim] sample:		1609.99 time, 1610.01 real, 1656 MB
[runlim] sample:		1619.99 time, 1620.01 real, 1685 MB
[runlim] sample:		1629.99 time, 1630.01 real, 1695 MB
[runlim] sample:		1639.99 time, 1640.01 real, 1695 MB
[runlim] sample:		1649.99 time, 1650.01 real, 1697 MB
[runlim] sample:		1659.99 time, 1660.01 real, 1706 MB
[runlim] sample:		1669.99 time, 1670.01 real, 1731 MB
[runlim] sample:		1679.99 time, 1680.01 real, 1755 MB
[runlim] sample:		1689.99 time, 1690.01 real, 1758 MB
[runlim] sample:		1699.99 time, 1700.01 real, 2036 MB
[runlim] sample:		1709.99 time, 1710.01 real, 1878 MB
[runlim] sample:		1719.99 time, 1720.01 real, 1896 MB
[runlim] sample:		1729.99 time, 1730.01 real, 1836 MB
[runlim] sample:		1739.99 time, 1740.01 real, 1870 MB
[runlim] sample:		1749.99 time, 1750.01 real, 1993 MB
[runlim] sample:		1759.99 time, 1760.01 real, 2001 MB
[runlim] sample:		1769.99 time, 1770.01 real, 1849 MB
[runlim] sample:		1779.99 time, 1780.01 real, 1865 MB
[runlim] sample:		1789.99 time, 1790.01 real, 1834 MB
[runlim] sample:		1799.99 time, 1800.01 real, 1836 MB
[runlim] sample:		1809.99 time, 1810.01 real, 1838 MB
[runlim] sample:		1819.99 time, 1820.01 real, 1840 MB
[runlim] sample:		1829.99 time, 1830.01 real, 1844 MB
[runlim] sample:		1839.98 time, 1840.01 real, 1858 MB
[runlim] sample:		1849.98 time, 1850.01 real, 1849 MB
[runlim] sample:		1859.99 time, 1860.01 real, 1846 MB
[runlim] sample:		1869.99 time, 1870.01 real, 1851 MB
[runlim] sample:		1879.99 time, 1880.01 real, 1851 MB
[runlim] sample:		1889.99 time, 1890.01 real, 1852 MB
[runlim] sample:		1899.98 time, 1900.01 real, 1849 MB
[runlim] sample:		1909.98 time, 1910.01 real, 1866 MB
[runlim] sample:		1919.99 time, 1920.01 real, 1855 MB
[runlim] sample:		1929.99 time, 1930.01 real, 1854 MB
[runlim] sample:		1939.98 time, 1940.01 real, 1867 MB
[runlim] sample:		1949.99 time, 1950.01 real, 1871 MB
[runlim] sample:		1959.99 time, 1960.01 real, 1868 MB
[runlim] sample:		1969.99 time, 1970.01 real, 1873 MB
[runlim] sample:		1979.99 time, 1980.01 real, 1874 MB
[runlim] sample:		1989.99 time, 1990.01 real, 1875 MB
[runlim] sample:		1999.99 time, 2000.01 real, 1877 MB
[runlim] sample:		2009.99 time, 2010.01 real, 1878 MB
[runlim] sample:		2019.99 time, 2020.01 real, 1879 MB
[runlim] sample:		2029.98 time, 2030.01 real, 1935 MB
[runlim] sample:		2039.99 time, 2040.01 real, 1941 MB
[runlim] sample:		2049.98 time, 2050.01 real, 1942 MB
[runlim] sample:		2059.98 time, 2060.01 real, 1944 MB
[runlim] sample:		2069.98 time, 2070.01 real, 1945 MB
[runlim] sample:		2079.98 time, 2080.01 real, 1942 MB
[runlim] sample:		2089.98 time, 2090.01 real, 1942 MB
[runlim] sample:		2099.99 time, 2100.01 real, 1942 MB
[runlim] sample:		2109.98 time, 2110.01 real, 1943 MB
[runlim] sample:		2119.98 time, 2120.01 real, 1943 MB
[runlim] sample:		2129.98 time, 2130.01 real, 1943 MB
[runlim] sample:		2139.98 time, 2140.01 real, 1944 MB
[runlim] sample:		2149.98 time, 2150.01 real, 1944 MB
[runlim] sample:		2159.98 time, 2160.01 real, 1945 MB
[runlim] sample:		2169.98 time, 2170.01 real, 1947 MB
[runlim] sample:		2179.98 time, 2180.01 real, 1954 MB
[runlim] sample:		2189.98 time, 2190.01 real, 1949 MB
[runlim] sample:		2199.98 time, 2200.01 real, 1949 MB
[runlim] sample:		2209.98 time, 2210.01 real, 1955 MB
[runlim] sample:		2219.98 time, 2220.01 real, 1955 MB
[runlim] sample:		2229.98 time, 2230.01 real, 1955 MB
[runlim] sample:		2239.98 time, 2240.01 real, 1955 MB
[runlim] sample:		2249.98 time, 2250.01 real, 1954 MB
[runlim] sample:		2259.98 time, 2260.01 real, 2141 MB
[runlim] sample:		2269.98 time, 2270.01 real, 1999 MB
[runlim] sample:		2279.97 time, 2280.01 real, 2053 MB
[runlim] sample:		2289.98 time, 2290.01 real, 2053 MB
[runlim] sample:		2299.98 time, 2300.01 real, 2082 MB
[runlim] sample:		2309.98 time, 2310.01 real, 2082 MB
[runlim] sample:		2319.98 time, 2320.01 real, 2088 MB
[runlim] sample:		2329.97 time, 2330.01 real, 2088 MB
[runlim] sample:		2339.98 time, 2340.01 real, 2088 MB
[runlim] sample:		2349.98 time, 2350.01 real, 2089 MB
[runlim] sample:		2359.98 time, 2360.01 real, 2085 MB
[runlim] sample:		2369.97 time, 2370.01 real, 2086 MB
[runlim] sample:		2379.97 time, 2380.01 real, 2086 MB
[runlim] sample:		2389.97 time, 2390.01 real, 2197 MB
[runlim] sample:		2399.98 time, 2400.01 real, 2089 MB
[runlim] sample:		2409.97 time, 2410.01 real, 2102 MB
[runlim] sample:		2419.97 time, 2420.01 real, 2092 MB
[runlim] sample:		2429.98 time, 2430.01 real, 2094 MB
[runlim] sample:		2439.97 time, 2440.01 real, 2142 MB
[runlim] sample:		2449.97 time, 2450.01 real, 2226 MB
[runlim] sample:		2459.97 time, 2460.01 real, 2226 MB
[runlim] sample:		2469.98 time, 2470.01 real, 2179 MB
[runlim] sample:		2479.97 time, 2480.01 real, 2142 MB
[runlim] sample:		2489.97 time, 2490.01 real, 2249 MB
[runlim] sample:		2499.97 time, 2500.01 real, 2250 MB
[runlim] sample:		2509.98 time, 2510.01 real, 2250 MB
[runlim] sample:		2519.97 time, 2520.01 real, 2173 MB
[runlim] sample:		2529.97 time, 2530.01 real, 2173 MB
[runlim] sample:		2539.97 time, 2540.01 real, 2257 MB
[runlim] sample:		2549.97 time, 2550.01 real, 2174 MB
[runlim] sample:		2559.97 time, 2560.01 real, 2174 MB
[runlim] sample:		2569.97 time, 2570.01 real, 2174 MB
[runlim] sample:		2579.97 time, 2580.01 real, 2173 MB
[runlim] sample:		2589.97 time, 2590.01 real, 2173 MB
[runlim] sample:		2599.97 time, 2600.01 real, 2174 MB
[runlim] sample:		2609.97 time, 2610.01 real, 2174 MB
[runlim] sample:		2619.97 time, 2620.01 real, 2174 MB
[runlim] sample:		2629.97 time, 2630.01 real, 2174 MB
[runlim] sample:		2639.97 time, 2640.01 real, 2194 MB
[runlim] sample:		2649.97 time, 2650.01 real, 2194 MB
[runlim] sample:		2659.97 time, 2660.01 real, 2194 MB
[runlim] sample:		2669.97 time, 2670.01 real, 2194 MB
[runlim] sample:		2679.97 time, 2680.01 real, 2194 MB
[runlim] sample:		2689.97 time, 2690.01 real, 2195 MB
[runlim] sample:		2699.97 time, 2700.01 real, 2195 MB
[runlim] sample:		2709.97 time, 2710.01 real, 2272 MB
[runlim] sample:		2719.97 time, 2720.01 real, 2196 MB
[runlim] sample:		2729.97 time, 2730.01 real, 2196 MB
[runlim] sample:		2739.97 time, 2740.01 real, 2196 MB
[runlim] sample:		2749.97 time, 2750.01 real, 2197 MB
[runlim] sample:		2759.96 time, 2760.01 real, 2197 MB
[runlim] sample:		2769.96 time, 2770.01 real, 2197 MB
[runlim] sample:		2779.96 time, 2780.01 real, 2197 MB
[runlim] sample:		2789.96 time, 2790.01 real, 2197 MB
[runlim] sample:		2799.97 time, 2800.01 real, 2195 MB
[runlim] sample:		2809.97 time, 2810.01 real, 2195 MB
[runlim] sample:		2819.97 time, 2820.01 real, 2373 MB
[runlim] sample:		2829.97 time, 2830.01 real, 2201 MB
[runlim] sample:		2839.97 time, 2840.01 real, 2201 MB
[runlim] sample:		2849.97 time, 2850.01 real, 2211 MB
[runlim] sample:		2859.96 time, 2860.01 real, 2198 MB
[runlim] sample:		2869.96 time, 2870.01 real, 2296 MB
[runlim] sample:		2879.97 time, 2880.01 real, 2201 MB
[runlim] sample:		2889.97 time, 2890.01 real, 2207 MB
[runlim] sample:		2899.97 time, 2900.01 real, 2207 MB
[runlim] sample:		2909.96 time, 2910.01 real, 2225 MB
[runlim] sample:		2919.96 time, 2920.01 real, 2225 MB
[runlim] sample:		2929.96 time, 2930.01 real, 2225 MB
[runlim] sample:		2939.97 time, 2940.01 real, 2225 MB
[runlim] sample:		2949.96 time, 2950.01 real, 2225 MB
[runlim] sample:		2959.96 time, 2960.01 real, 2225 MB
[runlim] sample:		2969.96 time, 2970.01 real, 2226 MB
[runlim] sample:		2979.96 time, 2980.01 real, 2290 MB
[runlim] sample:		2989.96 time, 2990.01 real, 2291 MB
[runlim] sample:		2999.96 time, 3000.01 real, 2291 MB
[runlim] sample:		3009.96 time, 3010.01 real, 2292 MB
[runlim] sample:		3019.96 time, 3020.01 real, 2627 MB
[runlim] sample:		3029.96 time, 3030.01 real, 2452 MB
[runlim] sample:		3039.96 time, 3040.01 real, 2453 MB
[runlim] sample:		3049.96 time, 3050.01 real, 2470 MB
[runlim] sample:		3059.96 time, 3060.01 real, 2471 MB
[runlim] sample:		3069.96 time, 3070.01 real, 2479 MB
[runlim] sample:		3079.96 time, 3080.01 real, 2488 MB
[runlim] sample:		3089.96 time, 3090.01 real, 2488 MB
[runlim] sample:		3099.96 time, 3100.01 real, 2492 MB
[runlim] sample:		3109.96 time, 3110.01 real, 2507 MB
[runlim] sample:		3119.96 time, 3120.01 real, 2510 MB
[runlim] sample:		3129.96 time, 3130.01 real, 2528 MB
[runlim] sample:		3139.95 time, 3140.01 real, 2534 MB
[runlim] sample:		3149.96 time, 3150.01 real, 2534 MB
[runlim] sample:		3159.96 time, 3160.01 real, 2534 MB
[runlim] sample:		3169.95 time, 3170.01 real, 2556 MB
[runlim] sample:		3179.95 time, 3180.01 real, 2579 MB
[runlim] sample:		3189.96 time, 3190.01 real, 2614 MB
[runlim] sample:		3199.95 time, 3200.01 real, 2614 MB
[runlim] sample:		3209.96 time, 3210.01 real, 2614 MB
[runlim] sample:		3219.96 time, 3220.01 real, 2614 MB
[runlim] sample:		3229.96 time, 3230.01 real, 2644 MB
[runlim] sample:		3239.96 time, 3240.01 real, 2627 MB
[runlim] sample:		3249.96 time, 3250.01 real, 2627 MB
[runlim] sample:		3259.95 time, 3260.01 real, 2627 MB
[runlim] sample:		3269.96 time, 3270.01 real, 2652 MB
[runlim] sample:		3279.95 time, 3280.01 real, 2652 MB
[runlim] sample:		3289.95 time, 3290.01 real, 2652 MB
[runlim] sample:		3299.96 time, 3300.01 real, 2654 MB
[runlim] sample:		3309.95 time, 3310.01 real, 2655 MB
[runlim] sample:		3319.96 time, 3320.01 real, 2655 MB
[runlim] sample:		3329.95 time, 3330.01 real, 2655 MB
[runlim] sample:		3339.95 time, 3340.01 real, 2657 MB
[runlim] sample:		3349.96 time, 3350.01 real, 2658 MB
[runlim] sample:		3359.95 time, 3360.01 real, 2658 MB
[runlim] sample:		3369.95 time, 3370.01 real, 2658 MB
[runlim] sample:		3379.96 time, 3380.01 real, 2658 MB
[runlim] sample:		3389.96 time, 3390.01 real, 2659 MB
[runlim] sample:		3399.96 time, 3400.01 real, 2659 MB
[runlim] sample:		3409.95 time, 3410.01 real, 2659 MB
[runlim] sample:		3419.95 time, 3420.02 real, 2660 MB
[runlim] sample:		3429.95 time, 3430.02 real, 2661 MB
[runlim] sample:		3439.95 time, 3440.02 real, 2662 MB
[runlim] sample:		3449.95 time, 3450.02 real, 2662 MB
[runlim] sample:		3459.95 time, 3460.02 real, 2663 MB
[runlim] sample:		3469.95 time, 3470.02 real, 2664 MB
[runlim] sample:		3479.96 time, 3480.02 real, 2664 MB
[runlim] sample:		3489.95 time, 3490.02 real, 2665 MB
[runlim] sample:		3499.95 time, 3500.02 real, 2666 MB
[runlim] sample:		3509.95 time, 3510.02 real, 2667 MB
[runlim] sample:		3519.95 time, 3520.02 real, 2667 MB
[runlim] sample:		3529.95 time, 3530.02 real, 2668 MB
[runlim] sample:		3539.96 time, 3540.02 real, 2669 MB
[runlim] sample:		3549.95 time, 3550.02 real, 2669 MB
[runlim] sample:		3559.95 time, 3560.02 real, 2669 MB
[runlim] sample:		3569.95 time, 3570.02 real, 2670 MB
[runlim] sample:		3579.95 time, 3580.02 real, 2671 MB
[runlim] sample:		3589.95 time, 3590.02 real, 2671 MB
[runlim] sample:		3599.95 time, 3600.02 real, 2679 MB
[runlim] end:			Wed Oct 16 11:10:39 2019
[runlim] status:		out of time
[runlim] result:		2
[runlim] children:		2
[runlim] real:			3600.10 seconds
[runlim] time:			3599.95 seconds
[runlim] space:			2912 MB
[runlim] samples:		36000
