[runlim] version:		1.17
[runlim] host:			c3n22
[runlim] time limit:		311040000 seconds
[runlim] real time limit:	3600 seconds
[runlim] space limit:		120000 MB
[runlim] argv[0]:		./run-btormc.sh
[runlim] argv[1]:		/tmp/4TGBSg7W.btor
[runlim] start:			Wed Oct 16 11:12:10 2019
[runlim] child:			6829
[runlim] sample:		10.00 time, 10.02 real, 165 MB
[runlim] sample:		20.00 time, 20.02 real, 262 MB
[runlim] sample:		30.01 time, 30.02 real, 265 MB
[runlim] sample:		40.00 time, 40.02 real, 301 MB
[runlim] sample:		50.00 time, 50.02 real, 327 MB
[runlim] sample:		60.00 time, 60.02 real, 340 MB
[runlim] sample:		70.00 time, 70.02 real, 374 MB
[runlim] sample:		80.00 time, 80.02 real, 336 MB
[runlim] sample:		90.00 time, 90.02 real, 359 MB
[runlim] sample:		100.00 time, 100.02 real, 399 MB
[runlim] sample:		109.99 time, 110.02 real, 447 MB
[runlim] sample:		120.00 time, 120.02 real, 408 MB
[runlim] sample:		129.99 time, 130.01 real, 442 MB
[runlim] sample:		140.00 time, 140.02 real, 437 MB
[runlim] sample:		150.00 time, 150.02 real, 481 MB
[runlim] sample:		160.00 time, 160.02 real, 486 MB
[runlim] sample:		169.99 time, 170.02 real, 522 MB
[runlim] sample:		180.00 time, 180.02 real, 492 MB
[runlim] sample:		190.00 time, 190.02 real, 514 MB
[runlim] sample:		200.00 time, 200.02 real, 545 MB
[runlim] sample:		209.99 time, 210.02 real, 519 MB
[runlim] sample:		219.99 time, 220.01 real, 534 MB
[runlim] sample:		230.00 time, 230.02 real, 565 MB
[runlim] sample:		240.00 time, 240.02 real, 567 MB
[runlim] sample:		249.99 time, 250.01 real, 573 MB
[runlim] sample:		259.99 time, 260.01 real, 613 MB
[runlim] sample:		270.00 time, 270.02 real, 648 MB
[runlim] sample:		279.99 time, 280.02 real, 686 MB
[runlim] sample:		290.00 time, 290.02 real, 728 MB
[runlim] sample:		300.00 time, 300.02 real, 729 MB
[runlim] sample:		310.00 time, 310.01 real, 635 MB
[runlim] sample:		320.00 time, 320.02 real, 666 MB
[runlim] sample:		330.00 time, 330.02 real, 648 MB
[runlim] sample:		339.99 time, 340.01 real, 636 MB
[runlim] sample:		350.00 time, 350.02 real, 659 MB
[runlim] sample:		360.00 time, 360.02 real, 737 MB
[runlim] sample:		370.00 time, 370.01 real, 695 MB
[runlim] sample:		380.00 time, 380.02 real, 711 MB
[runlim] sample:		390.00 time, 390.02 real, 683 MB
[runlim] sample:		400.00 time, 400.02 real, 710 MB
[runlim] sample:		410.00 time, 410.02 real, 716 MB
[runlim] sample:		419.99 time, 420.02 real, 780 MB
[runlim] sample:		430.00 time, 430.01 real, 737 MB
[runlim] sample:		440.00 time, 440.02 real, 746 MB
[runlim] sample:		450.00 time, 450.02 real, 745 MB
[runlim] sample:		460.00 time, 460.02 real, 769 MB
[runlim] sample:		470.00 time, 470.02 real, 789 MB
[runlim] sample:		480.00 time, 480.02 real, 907 MB
[runlim] sample:		490.00 time, 490.02 real, 781 MB
[runlim] sample:		500.00 time, 500.02 real, 799 MB
[runlim] sample:		510.00 time, 510.02 real, 810 MB
[runlim] sample:		520.00 time, 520.02 real, 811 MB
[runlim] sample:		529.99 time, 530.01 real, 812 MB
[runlim] sample:		539.99 time, 540.02 real, 812 MB
[runlim] sample:		550.00 time, 550.02 real, 788 MB
[runlim] sample:		560.00 time, 560.02 real, 820 MB
[runlim] sample:		570.00 time, 570.02 real, 831 MB
[runlim] sample:		580.00 time, 580.02 real, 902 MB
[runlim] sample:		590.00 time, 590.02 real, 841 MB
[runlim] sample:		600.00 time, 600.02 real, 841 MB
[runlim] sample:		610.00 time, 610.02 real, 841 MB
[runlim] sample:		620.00 time, 620.02 real, 841 MB
[runlim] sample:		630.00 time, 630.01 real, 845 MB
[runlim] sample:		640.00 time, 640.02 real, 844 MB
[runlim] sample:		650.00 time, 650.02 real, 887 MB
[runlim] sample:		659.99 time, 660.02 real, 838 MB
[runlim] sample:		669.99 time, 670.02 real, 823 MB
[runlim] sample:		680.00 time, 680.02 real, 902 MB
[runlim] sample:		690.00 time, 690.01 real, 874 MB
[runlim] sample:		699.99 time, 700.02 real, 875 MB
[runlim] sample:		710.00 time, 710.02 real, 874 MB
[runlim] sample:		720.00 time, 720.01 real, 895 MB
[runlim] sample:		729.99 time, 730.01 real, 881 MB
[runlim] sample:		740.00 time, 740.02 real, 894 MB
[runlim] sample:		749.99 time, 750.02 real, 897 MB
[runlim] sample:		759.99 time, 760.02 real, 922 MB
[runlim] sample:		770.00 time, 770.02 real, 922 MB
[runlim] sample:		779.99 time, 780.02 real, 924 MB
[runlim] sample:		790.00 time, 790.01 real, 944 MB
[runlim] sample:		799.99 time, 800.02 real, 923 MB
[runlim] sample:		810.00 time, 810.02 real, 1055 MB
[runlim] sample:		819.99 time, 820.02 real, 1025 MB
[runlim] sample:		830.00 time, 830.02 real, 1027 MB
[runlim] sample:		839.99 time, 840.02 real, 1022 MB
[runlim] sample:		850.00 time, 850.02 real, 1113 MB
[runlim] sample:		860.00 time, 860.02 real, 1019 MB
[runlim] sample:		869.99 time, 870.02 real, 1022 MB
[runlim] sample:		879.99 time, 880.01 real, 1027 MB
[runlim] sample:		890.00 time, 890.02 real, 1049 MB
[runlim] sample:		900.00 time, 900.02 real, 1038 MB
[runlim] sample:		909.99 time, 910.02 real, 1038 MB
[runlim] sample:		920.00 time, 920.02 real, 1062 MB
[runlim] sample:		930.00 time, 930.02 real, 1038 MB
[runlim] sample:		939.99 time, 940.02 real, 1055 MB
[runlim] sample:		949.99 time, 950.01 real, 1044 MB
[runlim] sample:		960.00 time, 960.02 real, 1055 MB
[runlim] sample:		969.99 time, 970.01 real, 1063 MB
[runlim] sample:		980.00 time, 980.02 real, 1066 MB
[runlim] sample:		989.99 time, 990.02 real, 1077 MB
[runlim] sample:		1000.00 time, 1000.02 real, 1107 MB
[runlim] sample:		1009.99 time, 1010.02 real, 1123 MB
[runlim] sample:		1020.00 time, 1020.02 real, 1118 MB
[runlim] sample:		1030.00 time, 1030.02 real, 1133 MB
[runlim] sample:		1040.00 time, 1040.02 real, 1194 MB
[runlim] sample:		1050.00 time, 1050.02 real, 1261 MB
[runlim] sample:		1059.99 time, 1060.02 real, 1173 MB
[runlim] sample:		1070.00 time, 1070.02 real, 1151 MB
[runlim] sample:		1080.00 time, 1080.02 real, 1147 MB
[runlim] sample:		1090.00 time, 1090.02 real, 1169 MB
[runlim] sample:		1099.99 time, 1100.02 real, 1232 MB
[runlim] sample:		1110.00 time, 1110.02 real, 1165 MB
[runlim] sample:		1119.99 time, 1120.01 real, 1173 MB
[runlim] sample:		1129.99 time, 1130.02 real, 1175 MB
[runlim] sample:		1139.99 time, 1140.02 real, 1224 MB
[runlim] sample:		1150.00 time, 1150.02 real, 1240 MB
[runlim] sample:		1159.99 time, 1160.02 real, 1232 MB
[runlim] sample:		1170.00 time, 1170.02 real, 1237 MB
[runlim] sample:		1180.00 time, 1180.02 real, 1249 MB
[runlim] sample:		1189.99 time, 1190.02 real, 1252 MB
[runlim] sample:		1199.99 time, 1200.02 real, 1271 MB
[runlim] sample:		1209.99 time, 1210.02 real, 1239 MB
[runlim] sample:		1220.00 time, 1220.02 real, 1277 MB
[runlim] sample:		1230.00 time, 1230.02 real, 1280 MB
[runlim] sample:		1239.99 time, 1240.02 real, 1283 MB
[runlim] sample:		1249.99 time, 1250.02 real, 1280 MB
[runlim] sample:		1259.99 time, 1260.02 real, 1280 MB
[runlim] sample:		1270.00 time, 1270.02 real, 1297 MB
[runlim] sample:		1280.00 time, 1280.02 real, 1293 MB
[runlim] sample:		1289.99 time, 1290.01 real, 1307 MB
[runlim] sample:		1299.99 time, 1300.02 real, 1312 MB
[runlim] sample:		1309.99 time, 1310.02 real, 1320 MB
[runlim] sample:		1319.99 time, 1320.01 real, 1340 MB
[runlim] sample:		1329.99 time, 1330.02 real, 1331 MB
[runlim] sample:		1340.00 time, 1340.02 real, 1343 MB
[runlim] sample:		1349.99 time, 1350.02 real, 1351 MB
[runlim] sample:		1359.99 time, 1360.02 real, 1347 MB
[runlim] sample:		1370.00 time, 1370.02 real, 1363 MB
[runlim] sample:		1379.99 time, 1380.02 real, 1361 MB
[runlim] sample:		1389.99 time, 1390.02 real, 1415 MB
[runlim] sample:		1399.99 time, 1400.01 real, 1416 MB
[runlim] sample:		1410.00 time, 1410.01 real, 1438 MB
[runlim] sample:		1420.00 time, 1420.02 real, 1424 MB
[runlim] sample:		1429.99 time, 1430.02 real, 1428 MB
[runlim] sample:		1439.99 time, 1440.01 real, 1429 MB
[runlim] sample:		1449.99 time, 1450.02 real, 1451 MB
[runlim] sample:		1459.99 time, 1460.02 real, 1484 MB
[runlim] sample:		1469.99 time, 1470.02 real, 1499 MB
[runlim] sample:		1480.00 time, 1480.02 real, 1425 MB
[runlim] sample:		1490.00 time, 1490.02 real, 1434 MB
[runlim] sample:		1499.99 time, 1500.02 real, 1433 MB
[runlim] sample:		1509.99 time, 1510.02 real, 1433 MB
[runlim] sample:		1520.00 time, 1520.02 real, 1433 MB
[runlim] sample:		1529.99 time, 1530.02 real, 1440 MB
[runlim] sample:		1539.99 time, 1540.02 real, 1437 MB
[runlim] sample:		1550.00 time, 1550.02 real, 1440 MB
[runlim] sample:		1559.99 time, 1560.02 real, 1437 MB
[runlim] sample:		1570.00 time, 1570.02 real, 1442 MB
[runlim] sample:		1579.99 time, 1580.02 real, 1455 MB
[runlim] sample:		1589.99 time, 1590.02 real, 1448 MB
[runlim] sample:		1599.99 time, 1600.02 real, 1474 MB
[runlim] sample:		1609.99 time, 1610.02 real, 1479 MB
[runlim] sample:		1619.99 time, 1620.01 real, 1479 MB
[runlim] sample:		1629.99 time, 1630.02 real, 1499 MB
[runlim] sample:		1640.00 time, 1640.02 real, 1565 MB
[runlim] sample:		1650.00 time, 1650.02 real, 1520 MB
[runlim] sample:		1659.99 time, 1660.02 real, 1462 MB
[runlim] sample:		1669.99 time, 1670.02 real, 1466 MB
[runlim] sample:		1679.99 time, 1680.02 real, 1477 MB
[runlim] sample:		1689.99 time, 1690.02 real, 1476 MB
[runlim] sample:		1699.99 time, 1700.02 real, 1483 MB
[runlim] sample:		1709.99 time, 1710.02 real, 1514 MB
[runlim] sample:		1719.99 time, 1720.02 real, 1527 MB
[runlim] sample:		1730.00 time, 1730.02 real, 1521 MB
[runlim] sample:		1739.99 time, 1740.02 real, 1536 MB
[runlim] sample:		1749.99 time, 1750.02 real, 1540 MB
[runlim] sample:		1759.99 time, 1760.02 real, 1554 MB
[runlim] sample:		1769.99 time, 1770.02 real, 1548 MB
[runlim] sample:		1780.00 time, 1780.02 real, 1512 MB
[runlim] sample:		1789.99 time, 1790.02 real, 1537 MB
[runlim] sample:		1800.00 time, 1800.02 real, 1551 MB
[runlim] sample:		1809.99 time, 1810.02 real, 1693 MB
[runlim] sample:		1819.99 time, 1820.02 real, 1536 MB
[runlim] sample:		1829.99 time, 1830.01 real, 1553 MB
[runlim] sample:		1839.99 time, 1840.02 real, 1572 MB
[runlim] sample:		1849.99 time, 1850.02 real, 1556 MB
[runlim] sample:		1860.00 time, 1860.01 real, 1560 MB
[runlim] sample:		1869.99 time, 1870.02 real, 1575 MB
[runlim] sample:		1879.99 time, 1880.02 real, 1573 MB
[runlim] sample:		1889.99 time, 1890.02 real, 1577 MB
[runlim] sample:		1899.99 time, 1900.02 real, 1576 MB
[runlim] sample:		1909.99 time, 1910.02 real, 1576 MB
[runlim] sample:		1919.99 time, 1920.02 real, 1592 MB
[runlim] sample:		1929.99 time, 1930.01 real, 1607 MB
[runlim] sample:		1939.99 time, 1940.02 real, 1627 MB
[runlim] sample:		1949.99 time, 1950.02 real, 1611 MB
[runlim] sample:		1959.99 time, 1960.02 real, 1611 MB
[runlim] sample:		1969.99 time, 1970.02 real, 1627 MB
[runlim] sample:		1979.99 time, 1980.02 real, 1628 MB
[runlim] sample:		1990.00 time, 1990.02 real, 1648 MB
[runlim] sample:		1999.99 time, 2000.02 real, 1637 MB
[runlim] sample:		2009.99 time, 2010.02 real, 1646 MB
[runlim] sample:		2019.99 time, 2020.02 real, 1665 MB
[runlim] sample:		2030.00 time, 2030.02 real, 1659 MB
[runlim] sample:		2039.99 time, 2040.02 real, 1668 MB
[runlim] sample:		2049.99 time, 2050.02 real, 1663 MB
[runlim] sample:		2059.99 time, 2060.02 real, 1663 MB
[runlim] sample:		2069.99 time, 2070.01 real, 1659 MB
[runlim] sample:		2080.00 time, 2080.02 real, 1690 MB
[runlim] sample:		2089.99 time, 2090.02 real, 1684 MB
[runlim] sample:		2099.99 time, 2100.02 real, 1684 MB
[runlim] sample:		2109.99 time, 2110.02 real, 1706 MB
[runlim] sample:		2120.00 time, 2120.02 real, 1726 MB
[runlim] sample:		2129.99 time, 2130.02 real, 1727 MB
[runlim] sample:		2139.99 time, 2140.01 real, 1710 MB
[runlim] sample:		2149.99 time, 2150.02 real, 1736 MB
[runlim] sample:		2159.99 time, 2160.02 real, 1756 MB
[runlim] sample:		2169.99 time, 2170.02 real, 1766 MB
[runlim] sample:		2179.99 time, 2180.02 real, 1767 MB
[runlim] sample:		2189.99 time, 2190.02 real, 1854 MB
[runlim] sample:		2199.99 time, 2200.02 real, 1763 MB
[runlim] sample:		2209.99 time, 2210.02 real, 1765 MB
[runlim] sample:		2220.00 time, 2220.02 real, 1753 MB
[runlim] sample:		2229.99 time, 2230.02 real, 1753 MB
[runlim] sample:		2239.99 time, 2240.01 real, 1765 MB
[runlim] sample:		2249.99 time, 2250.01 real, 1784 MB
[runlim] sample:		2259.99 time, 2260.02 real, 1804 MB
[runlim] sample:		2269.99 time, 2270.02 real, 1813 MB
[runlim] sample:		2279.99 time, 2280.02 real, 1813 MB
[runlim] sample:		2289.99 time, 2290.02 real, 1825 MB
[runlim] sample:		2299.99 time, 2300.01 real, 1825 MB
[runlim] sample:		2309.99 time, 2310.01 real, 1844 MB
[runlim] sample:		2319.99 time, 2320.02 real, 1867 MB
[runlim] sample:		2329.99 time, 2330.02 real, 1852 MB
[runlim] sample:		2339.99 time, 2340.01 real, 1868 MB
[runlim] sample:		2349.99 time, 2350.02 real, 1889 MB
[runlim] sample:		2359.99 time, 2360.02 real, 1884 MB
[runlim] sample:		2369.99 time, 2370.02 real, 1870 MB
[runlim] sample:		2379.99 time, 2380.02 real, 1863 MB
[runlim] sample:		2389.99 time, 2390.02 real, 1937 MB
[runlim] sample:		2399.99 time, 2400.02 real, 1864 MB
[runlim] sample:		2409.99 time, 2410.01 real, 1882 MB
[runlim] sample:		2419.99 time, 2420.02 real, 1903 MB
[runlim] sample:		2429.99 time, 2430.02 real, 1899 MB
[runlim] sample:		2439.99 time, 2440.02 real, 1900 MB
[runlim] sample:		2449.99 time, 2450.01 real, 1904 MB
[runlim] sample:		2459.99 time, 2460.02 real, 1925 MB
[runlim] sample:		2469.99 time, 2470.02 real, 1914 MB
[runlim] sample:		2479.99 time, 2480.02 real, 1921 MB
[runlim] sample:		2489.99 time, 2490.02 real, 1947 MB
[runlim] sample:		2499.99 time, 2500.02 real, 1965 MB
[runlim] sample:		2509.99 time, 2510.02 real, 1987 MB
[runlim] sample:		2519.99 time, 2520.01 real, 1997 MB
[runlim] sample:		2529.99 time, 2530.02 real, 2013 MB
[runlim] sample:		2539.99 time, 2540.02 real, 2032 MB
[runlim] sample:		2549.99 time, 2550.02 real, 2019 MB
[runlim] sample:		2559.99 time, 2560.02 real, 2025 MB
[runlim] sample:		2569.99 time, 2570.02 real, 2137 MB
[runlim] sample:		2579.99 time, 2580.02 real, 2025 MB
[runlim] sample:		2589.99 time, 2590.02 real, 2108 MB
[runlim] sample:		2599.99 time, 2600.02 real, 2033 MB
[runlim] sample:		2609.99 time, 2610.01 real, 2039 MB
[runlim] sample:		2619.99 time, 2620.02 real, 2061 MB
[runlim] sample:		2629.99 time, 2630.02 real, 2048 MB
[runlim] sample:		2639.99 time, 2640.02 real, 2060 MB
[runlim] sample:		2649.99 time, 2650.02 real, 2054 MB
[runlim] sample:		2659.99 time, 2660.02 real, 2059 MB
[runlim] sample:		2669.99 time, 2670.02 real, 2056 MB
[runlim] sample:		2679.99 time, 2680.02 real, 2068 MB
[runlim] sample:		2689.99 time, 2690.02 real, 2088 MB
[runlim] sample:		2699.99 time, 2700.02 real, 2096 MB
[runlim] sample:		2709.99 time, 2710.02 real, 2082 MB
[runlim] sample:		2719.99 time, 2720.02 real, 2098 MB
[runlim] sample:		2729.99 time, 2730.02 real, 2093 MB
[runlim] sample:		2739.99 time, 2740.02 real, 2102 MB
[runlim] sample:		2749.99 time, 2750.02 real, 2093 MB
[runlim] sample:		2759.99 time, 2760.02 real, 2103 MB
[runlim] sample:		2769.99 time, 2770.02 real, 2093 MB
[runlim] sample:		2779.99 time, 2780.02 real, 2092 MB
[runlim] sample:		2789.99 time, 2790.02 real, 2116 MB
[runlim] sample:		2799.99 time, 2800.02 real, 2072 MB
[runlim] sample:		2809.99 time, 2810.02 real, 2126 MB
[runlim] sample:		2819.99 time, 2820.02 real, 2131 MB
[runlim] sample:		2829.99 time, 2830.02 real, 2129 MB
[runlim] sample:		2839.99 time, 2840.02 real, 2120 MB
[runlim] sample:		2849.99 time, 2850.02 real, 2115 MB
[runlim] sample:		2859.99 time, 2860.02 real, 2119 MB
[runlim] sample:		2869.99 time, 2870.02 real, 2115 MB
[runlim] sample:		2879.99 time, 2880.02 real, 2133 MB
[runlim] sample:		2889.99 time, 2890.02 real, 2133 MB
[runlim] sample:		2899.99 time, 2900.02 real, 2133 MB
[runlim] sample:		2909.99 time, 2910.02 real, 2133 MB
[runlim] sample:		2919.99 time, 2920.02 real, 2131 MB
[runlim] sample:		2929.98 time, 2930.01 real, 2141 MB
[runlim] sample:		2939.99 time, 2940.02 real, 2159 MB
[runlim] sample:		2949.99 time, 2950.01 real, 2173 MB
[runlim] sample:		2959.99 time, 2960.02 real, 2256 MB
[runlim] sample:		2969.99 time, 2970.02 real, 2158 MB
[runlim] sample:		2979.99 time, 2980.02 real, 2162 MB
[runlim] sample:		2989.99 time, 2990.02 real, 2168 MB
[runlim] sample:		2999.99 time, 3000.02 real, 2215 MB
[runlim] sample:		3009.99 time, 3010.02 real, 2148 MB
[runlim] sample:		3019.99 time, 3020.02 real, 2148 MB
[runlim] sample:		3029.99 time, 3030.02 real, 2168 MB
[runlim] sample:		3039.99 time, 3040.02 real, 2360 MB
[runlim] sample:		3049.99 time, 3050.02 real, 2207 MB
[runlim] sample:		3059.99 time, 3060.02 real, 2207 MB
[runlim] sample:		3069.99 time, 3070.02 real, 2207 MB
[runlim] sample:		3079.99 time, 3080.02 real, 2201 MB
[runlim] sample:		3089.99 time, 3090.02 real, 2231 MB
[runlim] sample:		3099.99 time, 3100.02 real, 2248 MB
[runlim] sample:		3109.99 time, 3110.02 real, 2226 MB
[runlim] sample:		3119.99 time, 3120.02 real, 2227 MB
[runlim] sample:		3129.99 time, 3130.02 real, 2227 MB
[runlim] sample:		3139.99 time, 3140.02 real, 2237 MB
[runlim] sample:		3149.99 time, 3150.01 real, 2280 MB
[runlim] sample:		3159.99 time, 3160.02 real, 2135 MB
[runlim] sample:		3169.99 time, 3170.02 real, 2200 MB
[runlim] sample:		3179.99 time, 3180.02 real, 2215 MB
[runlim] sample:		3189.98 time, 3190.01 real, 2230 MB
[runlim] sample:		3199.99 time, 3200.02 real, 2251 MB
[runlim] sample:		3209.99 time, 3210.02 real, 2263 MB
[runlim] sample:		3219.99 time, 3220.02 real, 2237 MB
[runlim] sample:		3229.99 time, 3230.02 real, 2237 MB
[runlim] sample:		3239.99 time, 3240.02 real, 2241 MB
[runlim] sample:		3249.99 time, 3250.02 real, 2241 MB
[runlim] sample:		3259.99 time, 3260.02 real, 2247 MB
[runlim] sample:		3269.99 time, 3270.02 real, 2253 MB
[runlim] sample:		3279.99 time, 3280.02 real, 2262 MB
[runlim] sample:		3289.99 time, 3290.02 real, 2253 MB
[runlim] sample:		3299.99 time, 3300.02 real, 2253 MB
[runlim] sample:		3309.99 time, 3310.02 real, 2253 MB
[runlim] sample:		3319.99 time, 3320.02 real, 2253 MB
[runlim] sample:		3329.99 time, 3330.02 real, 2253 MB
[runlim] sample:		3339.98 time, 3340.01 real, 2263 MB
[runlim] sample:		3349.99 time, 3350.02 real, 2279 MB
[runlim] sample:		3359.99 time, 3360.01 real, 2296 MB
[runlim] sample:		3369.98 time, 3370.02 real, 2276 MB
[runlim] sample:		3379.98 time, 3380.02 real, 2315 MB
[runlim] sample:		3389.98 time, 3390.02 real, 2258 MB
[runlim] sample:		3399.99 time, 3400.02 real, 2348 MB
[runlim] sample:		3409.99 time, 3410.02 real, 2327 MB
[runlim] sample:		3419.99 time, 3420.02 real, 2327 MB
[runlim] sample:		3429.99 time, 3430.02 real, 2367 MB
[runlim] sample:		3439.99 time, 3440.02 real, 2331 MB
[runlim] sample:		3449.99 time, 3450.02 real, 2347 MB
[runlim] sample:		3459.99 time, 3460.02 real, 2347 MB
[runlim] sample:		3469.99 time, 3470.02 real, 2347 MB
[runlim] sample:		3479.99 time, 3480.02 real, 2347 MB
[runlim] sample:		3489.99 time, 3490.02 real, 2347 MB
[runlim] sample:		3499.99 time, 3500.02 real, 2347 MB
[runlim] sample:		3509.99 time, 3510.02 real, 2347 MB
[runlim] sample:		3519.99 time, 3520.02 real, 2351 MB
[runlim] sample:		3529.99 time, 3530.02 real, 2345 MB
[runlim] sample:		3539.99 time, 3540.02 real, 2345 MB
[runlim] sample:		3549.99 time, 3550.02 real, 2345 MB
[runlim] sample:		3559.99 time, 3560.02 real, 2360 MB
[runlim] sample:		3569.99 time, 3570.02 real, 2310 MB
[runlim] sample:		3579.99 time, 3580.01 real, 2303 MB
[runlim] sample:		3589.98 time, 3590.01 real, 2324 MB
[runlim] sample:		3599.99 time, 3600.02 real, 2343 MB
[runlim] end:			Wed Oct 16 12:12:10 2019
[runlim] status:		out of time
[runlim] result:		2
[runlim] children:		2
[runlim] real:			3600.10 seconds
[runlim] time:			3599.99 seconds
[runlim] space:			2568 MB
[runlim] samples:		36000
