[runlim] version:		1.17
[runlim] host:			c3n27
[runlim] time limit:		311040000 seconds
[runlim] real time limit:	3600 seconds
[runlim] space limit:		120000 MB
[runlim] argv[0]:		./run-btormc.sh
[runlim] argv[1]:		/tmp/1v9uACgP.btor
[runlim] start:			Wed Oct 16 12:04:30 2019
[runlim] child:			18868
[runlim] sample:		10.00 time, 10.02 real, 161 MB
[runlim] sample:		20.00 time, 20.02 real, 255 MB
[runlim] sample:		30.00 time, 30.02 real, 265 MB
[runlim] sample:		40.00 time, 40.02 real, 293 MB
[runlim] sample:		50.00 time, 50.02 real, 328 MB
[runlim] sample:		60.00 time, 60.01 real, 263 MB
[runlim] sample:		69.99 time, 70.01 real, 297 MB
[runlim] sample:		80.00 time, 80.01 real, 299 MB
[runlim] sample:		89.99 time, 90.01 real, 338 MB
[runlim] sample:		99.99 time, 100.01 real, 365 MB
[runlim] sample:		110.00 time, 110.01 real, 369 MB
[runlim] sample:		119.99 time, 120.01 real, 401 MB
[runlim] sample:		129.99 time, 130.01 real, 371 MB
[runlim] sample:		139.99 time, 140.01 real, 353 MB
[runlim] sample:		149.99 time, 150.01 real, 382 MB
[runlim] sample:		160.00 time, 160.01 real, 387 MB
[runlim] sample:		169.99 time, 170.01 real, 418 MB
[runlim] sample:		179.99 time, 180.01 real, 386 MB
[runlim] sample:		189.99 time, 190.01 real, 405 MB
[runlim] sample:		199.99 time, 200.01 real, 420 MB
[runlim] sample:		209.99 time, 210.01 real, 421 MB
[runlim] sample:		219.99 time, 220.01 real, 419 MB
[runlim] sample:		230.00 time, 230.01 real, 422 MB
[runlim] sample:		239.99 time, 240.01 real, 399 MB
[runlim] sample:		249.99 time, 250.01 real, 443 MB
[runlim] sample:		259.99 time, 260.01 real, 445 MB
[runlim] sample:		269.99 time, 270.01 real, 422 MB
[runlim] sample:		279.99 time, 280.01 real, 464 MB
[runlim] sample:		289.99 time, 290.01 real, 473 MB
[runlim] sample:		299.99 time, 300.01 real, 481 MB
[runlim] sample:		309.99 time, 310.01 real, 481 MB
[runlim] sample:		319.99 time, 320.01 real, 516 MB
[runlim] sample:		329.99 time, 330.01 real, 426 MB
[runlim] sample:		339.99 time, 340.01 real, 437 MB
[runlim] sample:		349.99 time, 350.01 real, 482 MB
[runlim] sample:		359.98 time, 360.01 real, 480 MB
[runlim] sample:		369.99 time, 370.01 real, 440 MB
[runlim] sample:		379.98 time, 380.01 real, 486 MB
[runlim] sample:		389.99 time, 390.01 real, 445 MB
[runlim] sample:		399.99 time, 400.01 real, 500 MB
[runlim] sample:		409.99 time, 410.01 real, 567 MB
[runlim] sample:		419.99 time, 420.01 real, 503 MB
[runlim] sample:		429.98 time, 430.01 real, 501 MB
[runlim] sample:		439.99 time, 440.01 real, 500 MB
[runlim] sample:		449.99 time, 450.01 real, 478 MB
[runlim] sample:		459.98 time, 460.01 real, 509 MB
[runlim] sample:		469.98 time, 470.01 real, 489 MB
[runlim] sample:		479.99 time, 480.01 real, 498 MB
[runlim] sample:		489.99 time, 490.01 real, 498 MB
[runlim] sample:		499.99 time, 500.01 real, 501 MB
[runlim] sample:		509.99 time, 510.01 real, 523 MB
[runlim] sample:		519.99 time, 520.01 real, 515 MB
[runlim] sample:		529.99 time, 530.01 real, 527 MB
[runlim] sample:		539.99 time, 540.01 real, 527 MB
[runlim] sample:		549.99 time, 550.01 real, 522 MB
[runlim] sample:		559.98 time, 560.01 real, 521 MB
[runlim] sample:		569.99 time, 570.01 real, 531 MB
[runlim] sample:		579.99 time, 580.01 real, 514 MB
[runlim] sample:		589.98 time, 590.01 real, 517 MB
[runlim] sample:		599.98 time, 600.01 real, 517 MB
[runlim] sample:		609.98 time, 610.01 real, 532 MB
[runlim] sample:		619.98 time, 620.01 real, 532 MB
[runlim] sample:		629.98 time, 630.01 real, 533 MB
[runlim] sample:		639.98 time, 640.01 real, 534 MB
[runlim] sample:		649.98 time, 650.01 real, 538 MB
[runlim] sample:		659.98 time, 660.01 real, 532 MB
[runlim] sample:		669.98 time, 670.01 real, 532 MB
[runlim] sample:		679.98 time, 680.01 real, 534 MB
[runlim] sample:		689.98 time, 690.01 real, 534 MB
[runlim] sample:		699.98 time, 700.01 real, 556 MB
[runlim] sample:		709.98 time, 710.01 real, 554 MB
[runlim] sample:		719.98 time, 720.01 real, 554 MB
[runlim] sample:		729.98 time, 730.01 real, 563 MB
[runlim] sample:		739.98 time, 740.01 real, 563 MB
[runlim] sample:		749.98 time, 750.01 real, 563 MB
[runlim] sample:		759.98 time, 760.01 real, 554 MB
[runlim] sample:		769.98 time, 770.01 real, 542 MB
[runlim] sample:		779.98 time, 780.01 real, 545 MB
[runlim] sample:		789.98 time, 790.01 real, 545 MB
[runlim] sample:		799.98 time, 800.01 real, 547 MB
[runlim] sample:		809.98 time, 810.02 real, 547 MB
[runlim] sample:		819.98 time, 820.02 real, 613 MB
[runlim] sample:		829.98 time, 830.01 real, 569 MB
[runlim] sample:		839.98 time, 840.01 real, 567 MB
[runlim] sample:		849.98 time, 850.01 real, 546 MB
[runlim] sample:		859.97 time, 860.01 real, 523 MB
[runlim] sample:		869.97 time, 870.01 real, 521 MB
[runlim] sample:		879.97 time, 880.01 real, 521 MB
[runlim] sample:		889.97 time, 890.01 real, 542 MB
[runlim] sample:		899.98 time, 900.01 real, 542 MB
[runlim] sample:		909.98 time, 910.01 real, 537 MB
[runlim] sample:		919.97 time, 920.01 real, 550 MB
[runlim] sample:		929.97 time, 930.01 real, 545 MB
[runlim] sample:		939.98 time, 940.01 real, 599 MB
[runlim] sample:		949.97 time, 950.01 real, 580 MB
[runlim] sample:		959.98 time, 960.01 real, 580 MB
[runlim] sample:		969.97 time, 970.01 real, 644 MB
[runlim] sample:		979.98 time, 980.01 real, 644 MB
[runlim] sample:		989.98 time, 990.01 real, 644 MB
[runlim] sample:		999.97 time, 1000.01 real, 656 MB
[runlim] sample:		1009.97 time, 1010.01 real, 656 MB
[runlim] sample:		1019.97 time, 1020.01 real, 667 MB
[runlim] sample:		1029.97 time, 1030.01 real, 687 MB
[runlim] sample:		1039.97 time, 1040.01 real, 687 MB
[runlim] sample:		1049.97 time, 1050.01 real, 687 MB
[runlim] sample:		1059.97 time, 1060.01 real, 677 MB
[runlim] sample:		1069.97 time, 1070.01 real, 677 MB
[runlim] sample:		1079.97 time, 1080.01 real, 615 MB
[runlim] sample:		1089.97 time, 1090.01 real, 616 MB
[runlim] sample:		1099.97 time, 1100.01 real, 629 MB
[runlim] sample:		1109.97 time, 1110.01 real, 625 MB
[runlim] sample:		1119.97 time, 1120.01 real, 625 MB
[runlim] sample:		1129.97 time, 1130.01 real, 625 MB
[runlim] sample:		1139.97 time, 1140.01 real, 635 MB
[runlim] sample:		1149.97 time, 1150.01 real, 635 MB
[runlim] sample:		1159.97 time, 1160.01 real, 649 MB
[runlim] sample:		1169.97 time, 1170.01 real, 649 MB
[runlim] sample:		1179.97 time, 1180.01 real, 747 MB
[runlim] sample:		1189.97 time, 1190.01 real, 747 MB
[runlim] sample:		1199.97 time, 1200.01 real, 746 MB
[runlim] sample:		1209.97 time, 1210.01 real, 746 MB
[runlim] sample:		1219.97 time, 1220.01 real, 596 MB
[runlim] sample:		1229.97 time, 1230.01 real, 596 MB
[runlim] sample:		1239.96 time, 1240.01 real, 663 MB
[runlim] sample:		1249.97 time, 1250.01 real, 738 MB
[runlim] sample:		1259.97 time, 1260.01 real, 738 MB
[runlim] sample:		1269.96 time, 1270.01 real, 741 MB
[runlim] sample:		1279.97 time, 1280.01 real, 681 MB
[runlim] sample:		1289.96 time, 1290.01 real, 681 MB
[runlim] sample:		1299.96 time, 1300.01 real, 772 MB
[runlim] sample:		1309.97 time, 1310.01 real, 772 MB
[runlim] sample:		1319.96 time, 1320.01 real, 772 MB
[runlim] sample:		1329.97 time, 1330.01 real, 688 MB
[runlim] sample:		1339.97 time, 1340.01 real, 688 MB
[runlim] sample:		1349.97 time, 1350.01 real, 699 MB
[runlim] sample:		1359.97 time, 1360.01 real, 770 MB
[runlim] sample:		1369.96 time, 1370.01 real, 789 MB
[runlim] sample:		1379.96 time, 1380.01 real, 789 MB
[runlim] sample:		1389.97 time, 1390.01 real, 716 MB
[runlim] sample:		1399.97 time, 1400.01 real, 716 MB
[runlim] sample:		1409.97 time, 1410.01 real, 716 MB
[runlim] sample:		1419.97 time, 1420.01 real, 797 MB
[runlim] sample:		1429.97 time, 1430.01 real, 727 MB
[runlim] sample:		1439.97 time, 1440.01 real, 727 MB
[runlim] sample:		1449.96 time, 1450.01 real, 712 MB
[runlim] sample:		1459.97 time, 1460.01 real, 794 MB
[runlim] sample:		1469.96 time, 1470.01 real, 774 MB
[runlim] sample:		1479.96 time, 1480.01 real, 774 MB
[runlim] sample:		1489.96 time, 1490.01 real, 774 MB
[runlim] sample:		1499.96 time, 1500.01 real, 767 MB
[runlim] sample:		1509.96 time, 1510.01 real, 767 MB
[runlim] sample:		1519.97 time, 1520.01 real, 781 MB
[runlim] sample:		1529.96 time, 1530.01 real, 704 MB
[runlim] sample:		1539.96 time, 1540.01 real, 704 MB
[runlim] sample:		1549.96 time, 1550.01 real, 707 MB
[runlim] sample:		1559.96 time, 1560.01 real, 710 MB
[runlim] sample:		1569.96 time, 1570.01 real, 801 MB
[runlim] sample:		1579.96 time, 1580.01 real, 790 MB
[runlim] sample:		1589.97 time, 1590.01 real, 790 MB
[runlim] sample:		1599.96 time, 1600.01 real, 717 MB
[runlim] sample:		1609.96 time, 1610.01 real, 717 MB
[runlim] sample:		1619.96 time, 1620.01 real, 717 MB
[runlim] sample:		1629.96 time, 1630.01 real, 830 MB
[runlim] sample:		1639.96 time, 1640.01 real, 736 MB
[runlim] sample:		1649.96 time, 1650.01 real, 736 MB
[runlim] sample:		1659.96 time, 1660.01 real, 736 MB
[runlim] sample:		1669.96 time, 1670.01 real, 736 MB
[runlim] sample:		1679.96 time, 1680.01 real, 736 MB
[runlim] sample:		1689.96 time, 1690.01 real, 674 MB
[runlim] sample:		1699.96 time, 1700.01 real, 674 MB
[runlim] sample:		1709.96 time, 1710.01 real, 674 MB
[runlim] sample:		1719.96 time, 1720.01 real, 704 MB
[runlim] sample:		1729.95 time, 1730.01 real, 692 MB
[runlim] sample:		1739.96 time, 1740.01 real, 772 MB
[runlim] sample:		1749.95 time, 1750.01 real, 772 MB
[runlim] sample:		1759.95 time, 1760.01 real, 772 MB
[runlim] sample:		1769.96 time, 1770.01 real, 704 MB
[runlim] sample:		1779.96 time, 1780.01 real, 704 MB
[runlim] sample:		1789.96 time, 1790.01 real, 698 MB
[runlim] sample:		1799.96 time, 1800.01 real, 826 MB
[runlim] sample:		1809.96 time, 1810.01 real, 720 MB
[runlim] sample:		1819.96 time, 1820.01 real, 720 MB
[runlim] sample:		1829.96 time, 1830.01 real, 720 MB
[runlim] sample:		1839.96 time, 1840.01 real, 720 MB
[runlim] sample:		1849.95 time, 1850.01 real, 734 MB
[runlim] sample:		1859.95 time, 1860.01 real, 819 MB
[runlim] sample:		1869.95 time, 1870.01 real, 822 MB
[runlim] sample:		1879.96 time, 1880.01 real, 740 MB
[runlim] sample:		1889.96 time, 1890.01 real, 740 MB
[runlim] sample:		1899.96 time, 1900.01 real, 825 MB
[runlim] sample:		1909.95 time, 1910.01 real, 734 MB
[runlim] sample:		1919.95 time, 1920.01 real, 734 MB
[runlim] sample:		1929.96 time, 1930.01 real, 719 MB
[runlim] sample:		1939.96 time, 1940.01 real, 826 MB
[runlim] sample:		1949.95 time, 1950.01 real, 813 MB
[runlim] sample:		1959.95 time, 1960.01 real, 813 MB
[runlim] sample:		1969.95 time, 1970.01 real, 813 MB
[runlim] sample:		1979.95 time, 1980.01 real, 813 MB
[runlim] sample:		1989.96 time, 1990.01 real, 822 MB
[runlim] sample:		1999.96 time, 2000.01 real, 822 MB
[runlim] sample:		2009.96 time, 2010.01 real, 822 MB
[runlim] sample:		2019.95 time, 2020.01 real, 816 MB
[runlim] sample:		2029.95 time, 2030.01 real, 816 MB
[runlim] sample:		2039.95 time, 2040.01 real, 816 MB
[runlim] sample:		2049.95 time, 2050.01 real, 816 MB
[runlim] sample:		2059.95 time, 2060.01 real, 725 MB
[runlim] sample:		2069.95 time, 2070.01 real, 725 MB
[runlim] sample:		2079.95 time, 2080.01 real, 725 MB
[runlim] sample:		2089.95 time, 2090.01 real, 725 MB
[runlim] sample:		2099.95 time, 2100.01 real, 725 MB
[runlim] sample:		2109.95 time, 2110.01 real, 826 MB
[runlim] sample:		2119.95 time, 2120.01 real, 826 MB
[runlim] sample:		2129.95 time, 2130.01 real, 826 MB
[runlim] sample:		2139.95 time, 2140.01 real, 826 MB
[runlim] sample:		2149.95 time, 2150.01 real, 824 MB
[runlim] sample:		2159.95 time, 2160.01 real, 824 MB
[runlim] sample:		2169.95 time, 2170.02 real, 897 MB
[runlim] sample:		2179.95 time, 2180.01 real, 824 MB
[runlim] sample:		2189.95 time, 2190.01 real, 826 MB
[runlim] sample:		2199.95 time, 2200.02 real, 826 MB
[runlim] sample:		2209.95 time, 2210.02 real, 811 MB
[runlim] sample:		2219.95 time, 2220.02 real, 730 MB
[runlim] sample:		2229.95 time, 2230.02 real, 730 MB
[runlim] sample:		2239.95 time, 2240.02 real, 730 MB
[runlim] sample:		2249.95 time, 2250.02 real, 816 MB
[runlim] sample:		2259.95 time, 2260.02 real, 816 MB
[runlim] sample:		2269.95 time, 2270.02 real, 816 MB
[runlim] sample:		2279.95 time, 2280.01 real, 816 MB
[runlim] sample:		2289.95 time, 2290.02 real, 835 MB
[runlim] sample:		2299.95 time, 2300.02 real, 835 MB
[runlim] sample:		2309.95 time, 2310.02 real, 835 MB
[runlim] sample:		2319.95 time, 2320.02 real, 835 MB
[runlim] sample:		2329.95 time, 2330.01 real, 835 MB
[runlim] sample:		2339.95 time, 2340.02 real, 829 MB
[runlim] sample:		2349.95 time, 2350.02 real, 829 MB
[runlim] sample:		2359.95 time, 2360.02 real, 829 MB
[runlim] sample:		2369.95 time, 2370.02 real, 829 MB
[runlim] sample:		2379.95 time, 2380.02 real, 829 MB
[runlim] sample:		2389.95 time, 2390.02 real, 817 MB
[runlim] sample:		2399.95 time, 2400.02 real, 817 MB
[runlim] sample:		2409.95 time, 2410.02 real, 817 MB
[runlim] sample:		2419.95 time, 2420.02 real, 817 MB
[runlim] sample:		2429.95 time, 2430.02 real, 817 MB
[runlim] sample:		2439.96 time, 2440.02 real, 817 MB
[runlim] sample:		2449.95 time, 2450.02 real, 821 MB
[runlim] sample:		2459.95 time, 2460.02 real, 821 MB
[runlim] sample:		2469.95 time, 2470.02 real, 821 MB
[runlim] sample:		2479.96 time, 2480.02 real, 821 MB
[runlim] sample:		2489.96 time, 2490.02 real, 821 MB
[runlim] sample:		2499.96 time, 2500.02 real, 821 MB
[runlim] sample:		2509.95 time, 2510.02 real, 824 MB
[runlim] sample:		2519.96 time, 2520.02 real, 823 MB
[runlim] sample:		2529.96 time, 2530.02 real, 824 MB
[runlim] sample:		2539.95 time, 2540.02 real, 824 MB
[runlim] sample:		2549.96 time, 2550.02 real, 824 MB
[runlim] sample:		2559.95 time, 2560.02 real, 816 MB
[runlim] sample:		2569.95 time, 2570.02 real, 816 MB
[runlim] sample:		2579.96 time, 2580.02 real, 816 MB
[runlim] sample:		2589.95 time, 2590.02 real, 816 MB
[runlim] sample:		2599.96 time, 2600.02 real, 848 MB
[runlim] sample:		2609.96 time, 2610.02 real, 850 MB
[runlim] sample:		2619.95 time, 2620.02 real, 850 MB
[runlim] sample:		2629.96 time, 2630.02 real, 850 MB
[runlim] sample:		2639.96 time, 2640.02 real, 850 MB
[runlim] sample:		2649.96 time, 2650.02 real, 830 MB
[runlim] sample:		2659.96 time, 2660.02 real, 866 MB
[runlim] sample:		2669.96 time, 2670.02 real, 872 MB
[runlim] sample:		2679.96 time, 2680.02 real, 844 MB
[runlim] sample:		2689.96 time, 2690.02 real, 844 MB
[runlim] sample:		2699.96 time, 2700.02 real, 844 MB
[runlim] sample:		2709.95 time, 2710.02 real, 844 MB
[runlim] sample:		2719.96 time, 2720.02 real, 844 MB
[runlim] sample:		2729.95 time, 2730.01 real, 833 MB
[runlim] sample:		2739.95 time, 2740.02 real, 833 MB
[runlim] sample:		2749.95 time, 2750.02 real, 833 MB
[runlim] sample:		2759.96 time, 2760.01 real, 833 MB
[runlim] sample:		2769.95 time, 2770.02 real, 833 MB
[runlim] sample:		2779.95 time, 2780.02 real, 833 MB
[runlim] sample:		2789.95 time, 2790.02 real, 833 MB
[runlim] sample:		2799.96 time, 2800.02 real, 833 MB
[runlim] sample:		2809.95 time, 2810.02 real, 833 MB
[runlim] sample:		2819.95 time, 2820.02 real, 848 MB
[runlim] sample:		2829.95 time, 2830.02 real, 831 MB
[runlim] sample:		2839.96 time, 2840.02 real, 836 MB
[runlim] sample:		2849.95 time, 2850.02 real, 836 MB
[runlim] sample:		2859.96 time, 2860.02 real, 847 MB
[runlim] sample:		2869.95 time, 2870.01 real, 841 MB
[runlim] sample:		2879.95 time, 2880.01 real, 841 MB
[runlim] sample:		2889.96 time, 2890.02 real, 834 MB
[runlim] sample:		2899.96 time, 2900.02 real, 834 MB
[runlim] sample:		2909.96 time, 2910.02 real, 834 MB
[runlim] sample:		2919.96 time, 2920.02 real, 834 MB
[runlim] sample:		2929.95 time, 2930.02 real, 864 MB
[runlim] sample:		2939.95 time, 2940.02 real, 864 MB
[runlim] sample:		2949.95 time, 2950.01 real, 864 MB
[runlim] sample:		2959.95 time, 2960.02 real, 864 MB
[runlim] sample:		2969.95 time, 2970.02 real, 892 MB
[runlim] sample:		2979.96 time, 2980.02 real, 892 MB
[runlim] sample:		2989.95 time, 2990.02 real, 856 MB
[runlim] sample:		2999.95 time, 3000.02 real, 856 MB
[runlim] sample:		3009.96 time, 3010.02 real, 856 MB
[runlim] sample:		3019.95 time, 3020.02 real, 856 MB
[runlim] sample:		3029.95 time, 3030.02 real, 856 MB
[runlim] sample:		3039.95 time, 3040.02 real, 852 MB
[runlim] sample:		3049.96 time, 3050.02 real, 852 MB
[runlim] sample:		3059.96 time, 3060.02 real, 852 MB
[runlim] sample:		3069.96 time, 3070.02 real, 852 MB
[runlim] sample:		3079.95 time, 3080.02 real, 852 MB
[runlim] sample:		3089.95 time, 3090.02 real, 852 MB
[runlim] sample:		3099.95 time, 3100.02 real, 867 MB
[runlim] sample:		3109.96 time, 3110.02 real, 867 MB
[runlim] sample:		3119.96 time, 3120.02 real, 867 MB
[runlim] sample:		3129.95 time, 3130.02 real, 867 MB
[runlim] sample:		3139.95 time, 3140.02 real, 867 MB
[runlim] sample:		3149.96 time, 3150.02 real, 867 MB
[runlim] sample:		3159.96 time, 3160.02 real, 855 MB
[runlim] sample:		3169.96 time, 3170.02 real, 855 MB
[runlim] sample:		3179.95 time, 3180.01 real, 837 MB
[runlim] sample:		3189.96 time, 3190.02 real, 833 MB
[runlim] sample:		3199.96 time, 3200.02 real, 833 MB
[runlim] sample:		3209.95 time, 3210.02 real, 827 MB
[runlim] sample:		3219.95 time, 3220.02 real, 827 MB
[runlim] sample:		3229.95 time, 3230.02 real, 827 MB
[runlim] sample:		3239.95 time, 3240.01 real, 833 MB
[runlim] sample:		3249.95 time, 3250.02 real, 833 MB
[runlim] sample:		3259.95 time, 3260.02 real, 833 MB
[runlim] sample:		3269.95 time, 3270.01 real, 854 MB
[runlim] sample:		3279.95 time, 3280.02 real, 854 MB
[runlim] sample:		3289.95 time, 3290.01 real, 854 MB
[runlim] sample:		3299.95 time, 3300.01 real, 894 MB
[runlim] sample:		3309.95 time, 3310.01 real, 894 MB
[runlim] sample:		3319.95 time, 3320.01 real, 866 MB
[runlim] sample:		3329.95 time, 3330.01 real, 866 MB
[runlim] sample:		3339.95 time, 3340.01 real, 866 MB
[runlim] sample:		3349.95 time, 3350.01 real, 866 MB
[runlim] sample:		3359.95 time, 3360.01 real, 866 MB
[runlim] sample:		3369.95 time, 3370.01 real, 866 MB
[runlim] sample:		3379.95 time, 3380.01 real, 866 MB
[runlim] sample:		3389.96 time, 3390.01 real, 866 MB
[runlim] sample:		3399.95 time, 3400.01 real, 866 MB
[runlim] sample:		3409.96 time, 3410.01 real, 866 MB
[runlim] sample:		3419.95 time, 3420.01 real, 866 MB
[runlim] sample:		3429.96 time, 3430.01 real, 866 MB
[runlim] sample:		3439.95 time, 3440.01 real, 981 MB
[runlim] sample:		3449.95 time, 3450.01 real, 873 MB
[runlim] sample:		3459.95 time, 3460.01 real, 873 MB
[runlim] sample:		3469.96 time, 3470.01 real, 873 MB
[runlim] sample:		3479.95 time, 3480.01 real, 873 MB
[runlim] sample:		3489.95 time, 3490.01 real, 873 MB
[runlim] sample:		3499.95 time, 3500.01 real, 825 MB
[runlim] sample:		3509.95 time, 3510.01 real, 861 MB
[runlim] sample:		3519.95 time, 3520.01 real, 861 MB
[runlim] sample:		3529.95 time, 3530.01 real, 864 MB
[runlim] sample:		3539.95 time, 3540.01 real, 864 MB
[runlim] sample:		3549.95 time, 3550.01 real, 864 MB
[runlim] sample:		3559.95 time, 3560.01 real, 870 MB
[runlim] sample:		3569.95 time, 3570.01 real, 880 MB
[runlim] sample:		3579.95 time, 3580.01 real, 880 MB
[runlim] sample:		3589.95 time, 3590.01 real, 880 MB
[runlim] sample:		3599.95 time, 3600.01 real, 880 MB
[runlim] end:			Wed Oct 16 13:04:30 2019
[runlim] status:		out of time
[runlim] result:		2
[runlim] children:		2
[runlim] real:			3600.10 seconds
[runlim] time:			3599.95 seconds
[runlim] space:			1011 MB
[runlim] samples:		36000
