[runlim] version:		1.17
[runlim] host:			c3n19
[runlim] time limit:		311040000 seconds
[runlim] real time limit:	3600 seconds
[runlim] space limit:		120000 MB
[runlim] argv[0]:		./run-btormc.sh
[runlim] argv[1]:		/tmp/2XsPOp39.btor
[runlim] start:			Wed Oct 16 12:01:49 2019
[runlim] child:			13847
[runlim] sample:		10.00 time, 10.02 real, 160 MB
[runlim] sample:		20.00 time, 20.02 real, 208 MB
[runlim] sample:		30.00 time, 30.02 real, 214 MB
[runlim] sample:		40.00 time, 40.02 real, 277 MB
[runlim] sample:		50.00 time, 50.01 real, 224 MB
[runlim] sample:		60.00 time, 60.01 real, 266 MB
[runlim] sample:		69.99 time, 70.01 real, 317 MB
[runlim] sample:		80.00 time, 80.01 real, 299 MB
[runlim] sample:		89.99 time, 90.01 real, 322 MB
[runlim] sample:		100.00 time, 100.01 real, 333 MB
[runlim] sample:		110.00 time, 110.01 real, 345 MB
[runlim] sample:		119.99 time, 120.01 real, 348 MB
[runlim] sample:		129.99 time, 130.01 real, 315 MB
[runlim] sample:		140.00 time, 140.01 real, 322 MB
[runlim] sample:		149.99 time, 150.01 real, 329 MB
[runlim] sample:		159.99 time, 160.01 real, 365 MB
[runlim] sample:		169.99 time, 170.01 real, 339 MB
[runlim] sample:		179.99 time, 180.01 real, 343 MB
[runlim] sample:		190.00 time, 190.01 real, 379 MB
[runlim] sample:		200.00 time, 200.01 real, 378 MB
[runlim] sample:		210.00 time, 210.01 real, 387 MB
[runlim] sample:		220.00 time, 220.01 real, 389 MB
[runlim] sample:		229.99 time, 230.01 real, 381 MB
[runlim] sample:		240.00 time, 240.01 real, 409 MB
[runlim] sample:		250.00 time, 250.01 real, 415 MB
[runlim] sample:		260.00 time, 260.01 real, 414 MB
[runlim] sample:		269.99 time, 270.01 real, 427 MB
[runlim] sample:		279.99 time, 280.01 real, 494 MB
[runlim] sample:		289.99 time, 290.01 real, 451 MB
[runlim] sample:		299.99 time, 300.01 real, 450 MB
[runlim] sample:		309.99 time, 310.01 real, 455 MB
[runlim] sample:		319.99 time, 320.01 real, 460 MB
[runlim] sample:		330.00 time, 330.01 real, 482 MB
[runlim] sample:		339.99 time, 340.01 real, 455 MB
[runlim] sample:		349.99 time, 350.01 real, 454 MB
[runlim] sample:		359.99 time, 360.01 real, 461 MB
[runlim] sample:		370.00 time, 370.01 real, 478 MB
[runlim] sample:		379.99 time, 380.01 real, 473 MB
[runlim] sample:		389.99 time, 390.01 real, 471 MB
[runlim] sample:		399.99 time, 400.01 real, 477 MB
[runlim] sample:		409.99 time, 410.01 real, 485 MB
[runlim] sample:		419.99 time, 420.01 real, 485 MB
[runlim] sample:		429.99 time, 430.01 real, 474 MB
[runlim] sample:		439.99 time, 440.01 real, 481 MB
[runlim] sample:		449.99 time, 450.01 real, 481 MB
[runlim] sample:		459.98 time, 460.01 real, 481 MB
[runlim] sample:		469.99 time, 470.01 real, 476 MB
[runlim] sample:		479.99 time, 480.01 real, 477 MB
[runlim] sample:		489.99 time, 490.01 real, 487 MB
[runlim] sample:		499.99 time, 500.01 real, 487 MB
[runlim] sample:		509.98 time, 510.01 real, 496 MB
[runlim] sample:		519.99 time, 520.01 real, 496 MB
[runlim] sample:		529.99 time, 530.01 real, 498 MB
[runlim] sample:		539.99 time, 540.01 real, 493 MB
[runlim] sample:		549.98 time, 550.01 real, 499 MB
[runlim] sample:		559.98 time, 560.01 real, 499 MB
[runlim] sample:		569.99 time, 570.01 real, 519 MB
[runlim] sample:		579.98 time, 580.01 real, 513 MB
[runlim] sample:		589.99 time, 590.01 real, 472 MB
[runlim] sample:		599.99 time, 600.01 real, 472 MB
[runlim] sample:		609.99 time, 610.01 real, 523 MB
[runlim] sample:		619.99 time, 620.01 real, 522 MB
[runlim] sample:		629.98 time, 630.01 real, 519 MB
[runlim] sample:		639.99 time, 640.01 real, 516 MB
[runlim] sample:		649.98 time, 650.01 real, 475 MB
[runlim] sample:		659.98 time, 660.01 real, 475 MB
[runlim] sample:		669.99 time, 670.01 real, 538 MB
[runlim] sample:		679.98 time, 680.01 real, 538 MB
[runlim] sample:		689.99 time, 690.01 real, 538 MB
[runlim] sample:		699.99 time, 700.01 real, 537 MB
[runlim] sample:		709.98 time, 710.01 real, 542 MB
[runlim] sample:		719.98 time, 720.01 real, 542 MB
[runlim] sample:		729.98 time, 730.01 real, 542 MB
[runlim] sample:		739.98 time, 740.01 real, 562 MB
[runlim] sample:		749.98 time, 750.01 real, 552 MB
[runlim] sample:		759.98 time, 760.01 real, 487 MB
[runlim] sample:		769.99 time, 770.01 real, 493 MB
[runlim] sample:		779.98 time, 780.01 real, 502 MB
[runlim] sample:		789.98 time, 790.01 real, 523 MB
[runlim] sample:		799.99 time, 800.01 real, 547 MB
[runlim] sample:		809.99 time, 810.01 real, 548 MB
[runlim] sample:		819.98 time, 820.01 real, 562 MB
[runlim] sample:		829.98 time, 830.01 real, 551 MB
[runlim] sample:		839.98 time, 840.01 real, 557 MB
[runlim] sample:		849.98 time, 850.01 real, 557 MB
[runlim] sample:		859.98 time, 860.01 real, 564 MB
[runlim] sample:		869.98 time, 870.01 real, 564 MB
[runlim] sample:		879.98 time, 880.01 real, 564 MB
[runlim] sample:		889.98 time, 890.01 real, 566 MB
[runlim] sample:		899.98 time, 900.01 real, 572 MB
[runlim] sample:		909.98 time, 910.01 real, 596 MB
[runlim] sample:		919.97 time, 920.01 real, 596 MB
[runlim] sample:		929.97 time, 930.01 real, 593 MB
[runlim] sample:		939.97 time, 940.01 real, 594 MB
[runlim] sample:		949.98 time, 950.01 real, 606 MB
[runlim] sample:		959.98 time, 960.01 real, 618 MB
[runlim] sample:		969.98 time, 970.01 real, 567 MB
[runlim] sample:		979.97 time, 980.01 real, 631 MB
[runlim] sample:		989.98 time, 990.01 real, 631 MB
[runlim] sample:		999.98 time, 1000.01 real, 568 MB
[runlim] sample:		1009.98 time, 1010.01 real, 568 MB
[runlim] sample:		1019.98 time, 1020.01 real, 612 MB
[runlim] sample:		1029.98 time, 1030.01 real, 685 MB
[runlim] sample:		1039.98 time, 1040.01 real, 685 MB
[runlim] sample:		1049.97 time, 1050.01 real, 686 MB
[runlim] sample:		1059.98 time, 1060.01 real, 625 MB
[runlim] sample:		1069.98 time, 1070.01 real, 625 MB
[runlim] sample:		1079.97 time, 1080.01 real, 686 MB
[runlim] sample:		1089.97 time, 1090.01 real, 686 MB
[runlim] sample:		1099.97 time, 1100.01 real, 686 MB
[runlim] sample:		1109.98 time, 1110.01 real, 686 MB
[runlim] sample:		1119.98 time, 1120.01 real, 690 MB
[runlim] sample:		1129.98 time, 1130.01 real, 690 MB
[runlim] sample:		1139.97 time, 1140.01 real, 709 MB
[runlim] sample:		1149.97 time, 1150.01 real, 691 MB
[runlim] sample:		1159.98 time, 1160.01 real, 629 MB
[runlim] sample:		1169.97 time, 1170.01 real, 629 MB
[runlim] sample:		1179.97 time, 1180.01 real, 702 MB
[runlim] sample:		1189.97 time, 1190.01 real, 702 MB
[runlim] sample:		1199.98 time, 1200.01 real, 702 MB
[runlim] sample:		1209.98 time, 1210.01 real, 702 MB
[runlim] sample:		1219.97 time, 1220.01 real, 710 MB
[runlim] sample:		1229.97 time, 1230.01 real, 710 MB
[runlim] sample:		1239.97 time, 1240.01 real, 710 MB
[runlim] sample:		1249.97 time, 1250.01 real, 721 MB
[runlim] sample:		1259.97 time, 1260.01 real, 720 MB
[runlim] sample:		1269.97 time, 1270.01 real, 634 MB
[runlim] sample:		1279.97 time, 1280.01 real, 666 MB
[runlim] sample:		1289.97 time, 1290.01 real, 725 MB
[runlim] sample:		1299.97 time, 1300.01 real, 635 MB
[runlim] sample:		1309.97 time, 1310.01 real, 635 MB
[runlim] sample:		1319.97 time, 1320.01 real, 707 MB
[runlim] sample:		1329.97 time, 1330.01 real, 707 MB
[runlim] sample:		1339.97 time, 1340.01 real, 707 MB
[runlim] sample:		1349.97 time, 1350.01 real, 714 MB
[runlim] sample:		1359.97 time, 1360.01 real, 714 MB
[runlim] sample:		1369.97 time, 1370.01 real, 714 MB
[runlim] sample:		1379.97 time, 1380.01 real, 714 MB
[runlim] sample:		1389.97 time, 1390.01 real, 728 MB
[runlim] sample:		1399.97 time, 1400.01 real, 728 MB
[runlim] sample:		1409.96 time, 1410.01 real, 728 MB
[runlim] sample:		1419.97 time, 1420.01 real, 800 MB
[runlim] sample:		1429.97 time, 1430.01 real, 708 MB
[runlim] sample:		1439.97 time, 1440.01 real, 708 MB
[runlim] sample:		1449.96 time, 1450.01 real, 709 MB
[runlim] sample:		1459.97 time, 1460.01 real, 725 MB
[runlim] sample:		1469.97 time, 1470.01 real, 725 MB
[runlim] sample:		1479.97 time, 1480.01 real, 725 MB
[runlim] sample:		1489.97 time, 1490.01 real, 725 MB
[runlim] sample:		1499.97 time, 1500.01 real, 725 MB
[runlim] sample:		1509.97 time, 1510.01 real, 727 MB
[runlim] sample:		1519.97 time, 1520.01 real, 729 MB
[runlim] sample:		1529.96 time, 1530.01 real, 729 MB
[runlim] sample:		1539.96 time, 1540.01 real, 728 MB
[runlim] sample:		1549.96 time, 1550.01 real, 707 MB
[runlim] sample:		1559.96 time, 1560.01 real, 707 MB
[runlim] sample:		1569.96 time, 1570.01 real, 707 MB
[runlim] sample:		1579.96 time, 1580.01 real, 707 MB
[runlim] sample:		1589.96 time, 1590.01 real, 732 MB
[runlim] sample:		1599.96 time, 1600.01 real, 732 MB
[runlim] sample:		1609.97 time, 1610.01 real, 732 MB
[runlim] sample:		1619.96 time, 1620.01 real, 732 MB
[runlim] sample:		1629.96 time, 1630.01 real, 735 MB
[runlim] sample:		1639.97 time, 1640.01 real, 732 MB
[runlim] sample:		1649.97 time, 1650.01 real, 741 MB
[runlim] sample:		1659.97 time, 1660.01 real, 769 MB
[runlim] sample:		1669.96 time, 1670.01 real, 744 MB
[runlim] sample:		1679.97 time, 1680.01 real, 744 MB
[runlim] sample:		1689.97 time, 1690.01 real, 732 MB
[runlim] sample:		1699.96 time, 1700.01 real, 732 MB
[runlim] sample:		1709.96 time, 1710.01 real, 732 MB
[runlim] sample:		1719.96 time, 1720.01 real, 732 MB
[runlim] sample:		1729.96 time, 1730.01 real, 762 MB
[runlim] sample:		1739.96 time, 1740.01 real, 762 MB
[runlim] sample:		1749.96 time, 1750.01 real, 762 MB
[runlim] sample:		1759.96 time, 1760.01 real, 764 MB
[runlim] sample:		1769.96 time, 1770.01 real, 789 MB
[runlim] sample:		1779.96 time, 1780.01 real, 763 MB
[runlim] sample:		1789.96 time, 1790.01 real, 758 MB
[runlim] sample:		1799.96 time, 1800.01 real, 758 MB
[runlim] sample:		1809.96 time, 1810.01 real, 750 MB
[runlim] sample:		1819.96 time, 1820.01 real, 750 MB
[runlim] sample:		1829.96 time, 1830.01 real, 750 MB
[runlim] sample:		1839.96 time, 1840.01 real, 750 MB
[runlim] sample:		1849.96 time, 1850.01 real, 750 MB
[runlim] sample:		1859.96 time, 1860.01 real, 791 MB
[runlim] sample:		1869.96 time, 1870.01 real, 788 MB
[runlim] sample:		1879.96 time, 1880.01 real, 788 MB
[runlim] sample:		1889.96 time, 1890.01 real, 754 MB
[runlim] sample:		1899.96 time, 1900.01 real, 759 MB
[runlim] sample:		1909.96 time, 1910.01 real, 751 MB
[runlim] sample:		1919.96 time, 1920.01 real, 751 MB
[runlim] sample:		1929.96 time, 1930.01 real, 768 MB
[runlim] sample:		1939.96 time, 1940.01 real, 769 MB
[runlim] sample:		1949.96 time, 1950.01 real, 733 MB
[runlim] sample:		1959.95 time, 1960.01 real, 729 MB
[runlim] sample:		1969.95 time, 1970.01 real, 729 MB
[runlim] sample:		1979.96 time, 1980.01 real, 729 MB
[runlim] sample:		1989.95 time, 1990.01 real, 833 MB
[runlim] sample:		1999.96 time, 2000.01 real, 748 MB
[runlim] sample:		2009.96 time, 2010.01 real, 748 MB
[runlim] sample:		2019.95 time, 2020.01 real, 794 MB
[runlim] sample:		2029.95 time, 2030.01 real, 769 MB
[runlim] sample:		2039.96 time, 2040.01 real, 757 MB
[runlim] sample:		2049.95 time, 2050.01 real, 755 MB
[runlim] sample:		2059.95 time, 2060.01 real, 755 MB
[runlim] sample:		2069.95 time, 2070.01 real, 755 MB
[runlim] sample:		2079.96 time, 2080.01 real, 755 MB
[runlim] sample:		2089.96 time, 2090.01 real, 755 MB
[runlim] sample:		2099.96 time, 2100.01 real, 830 MB
[runlim] sample:		2109.95 time, 2110.01 real, 828 MB
[runlim] sample:		2119.96 time, 2120.01 real, 828 MB
[runlim] sample:		2129.95 time, 2130.01 real, 833 MB
[runlim] sample:		2139.96 time, 2140.01 real, 828 MB
[runlim] sample:		2149.95 time, 2150.01 real, 794 MB
[runlim] sample:		2159.95 time, 2160.01 real, 794 MB
[runlim] sample:		2169.95 time, 2170.01 real, 765 MB
[runlim] sample:		2179.95 time, 2180.01 real, 769 MB
[runlim] sample:		2189.95 time, 2190.01 real, 769 MB
[runlim] sample:		2199.95 time, 2200.01 real, 773 MB
[runlim] sample:		2209.95 time, 2210.01 real, 745 MB
[runlim] sample:		2219.96 time, 2220.01 real, 797 MB
[runlim] sample:		2229.95 time, 2230.01 real, 795 MB
[runlim] sample:		2239.95 time, 2240.01 real, 795 MB
[runlim] sample:		2249.95 time, 2250.01 real, 795 MB
[runlim] sample:		2259.95 time, 2260.01 real, 806 MB
[runlim] sample:		2269.95 time, 2270.01 real, 806 MB
[runlim] sample:		2279.95 time, 2280.01 real, 806 MB
[runlim] sample:		2289.95 time, 2290.01 real, 806 MB
[runlim] sample:		2299.95 time, 2300.01 real, 822 MB
[runlim] sample:		2309.95 time, 2310.01 real, 856 MB
[runlim] sample:		2319.95 time, 2320.01 real, 856 MB
[runlim] sample:		2329.95 time, 2330.01 real, 877 MB
[runlim] sample:		2339.95 time, 2340.01 real, 862 MB
[runlim] sample:		2349.95 time, 2350.01 real, 862 MB
[runlim] sample:		2359.95 time, 2360.01 real, 862 MB
[runlim] sample:		2369.94 time, 2370.01 real, 872 MB
[runlim] sample:		2379.95 time, 2380.01 real, 874 MB
[runlim] sample:		2389.95 time, 2390.01 real, 877 MB
[runlim] sample:		2399.95 time, 2400.01 real, 877 MB
[runlim] sample:		2409.95 time, 2410.01 real, 877 MB
[runlim] sample:		2419.95 time, 2420.01 real, 853 MB
[runlim] sample:		2429.95 time, 2430.01 real, 849 MB
[runlim] sample:		2439.94 time, 2440.01 real, 849 MB
[runlim] sample:		2449.94 time, 2450.01 real, 860 MB
[runlim] sample:		2459.94 time, 2460.01 real, 869 MB
[runlim] sample:		2469.95 time, 2470.01 real, 857 MB
[runlim] sample:		2479.95 time, 2480.01 real, 857 MB
[runlim] sample:		2489.95 time, 2490.01 real, 857 MB
[runlim] sample:		2499.95 time, 2500.01 real, 946 MB
[runlim] sample:		2509.94 time, 2510.01 real, 868 MB
[runlim] sample:		2519.95 time, 2520.01 real, 868 MB
[runlim] sample:		2529.94 time, 2530.01 real, 868 MB
[runlim] sample:		2539.94 time, 2540.01 real, 888 MB
[runlim] sample:		2549.95 time, 2550.01 real, 888 MB
[runlim] sample:		2559.94 time, 2560.01 real, 888 MB
[runlim] sample:		2569.94 time, 2570.01 real, 888 MB
[runlim] sample:		2579.94 time, 2580.01 real, 888 MB
[runlim] sample:		2589.94 time, 2590.01 real, 879 MB
[runlim] sample:		2599.94 time, 2600.01 real, 879 MB
[runlim] sample:		2609.94 time, 2610.01 real, 879 MB
[runlim] sample:		2619.94 time, 2620.01 real, 879 MB
[runlim] sample:		2629.94 time, 2630.01 real, 879 MB
[runlim] sample:		2639.94 time, 2640.01 real, 879 MB
[runlim] sample:		2649.94 time, 2650.01 real, 879 MB
[runlim] sample:		2659.95 time, 2660.01 real, 879 MB
[runlim] sample:		2669.94 time, 2670.01 real, 879 MB
[runlim] sample:		2679.94 time, 2680.01 real, 879 MB
[runlim] sample:		2689.94 time, 2690.01 real, 892 MB
[runlim] sample:		2699.94 time, 2700.01 real, 892 MB
[runlim] sample:		2709.94 time, 2710.01 real, 892 MB
[runlim] sample:		2719.95 time, 2720.01 real, 892 MB
[runlim] sample:		2729.94 time, 2730.01 real, 892 MB
[runlim] sample:		2739.94 time, 2740.01 real, 891 MB
[runlim] sample:		2749.94 time, 2750.01 real, 907 MB
[runlim] sample:		2759.94 time, 2760.01 real, 874 MB
[runlim] sample:		2769.94 time, 2770.01 real, 859 MB
[runlim] sample:		2779.94 time, 2780.01 real, 856 MB
[runlim] sample:		2789.94 time, 2790.01 real, 872 MB
[runlim] sample:		2799.94 time, 2800.01 real, 872 MB
[runlim] sample:		2809.94 time, 2810.01 real, 874 MB
[runlim] sample:		2819.93 time, 2820.01 real, 873 MB
[runlim] sample:		2829.94 time, 2830.01 real, 875 MB
[runlim] sample:		2839.94 time, 2840.01 real, 875 MB
[runlim] sample:		2849.94 time, 2850.01 real, 875 MB
[runlim] sample:		2859.94 time, 2860.01 real, 893 MB
[runlim] sample:		2869.94 time, 2870.01 real, 893 MB
[runlim] sample:		2879.93 time, 2880.01 real, 893 MB
[runlim] sample:		2889.93 time, 2890.01 real, 918 MB
[runlim] sample:		2899.93 time, 2900.01 real, 915 MB
[runlim] sample:		2909.94 time, 2910.01 real, 904 MB
[runlim] sample:		2919.94 time, 2920.01 real, 904 MB
[runlim] sample:		2929.93 time, 2930.01 real, 904 MB
[runlim] sample:		2939.94 time, 2940.01 real, 904 MB
[runlim] sample:		2949.93 time, 2950.01 real, 910 MB
[runlim] sample:		2959.94 time, 2960.01 real, 910 MB
[runlim] sample:		2969.93 time, 2970.01 real, 910 MB
[runlim] sample:		2979.93 time, 2980.01 real, 910 MB
[runlim] sample:		2989.94 time, 2990.01 real, 910 MB
[runlim] sample:		2999.94 time, 3000.01 real, 910 MB
[runlim] sample:		3009.94 time, 3010.01 real, 910 MB
[runlim] sample:		3019.93 time, 3020.01 real, 910 MB
[runlim] sample:		3029.93 time, 3030.01 real, 910 MB
[runlim] sample:		3039.93 time, 3040.01 real, 929 MB
[runlim] sample:		3049.94 time, 3050.01 real, 929 MB
[runlim] sample:		3059.93 time, 3060.01 real, 929 MB
[runlim] sample:		3069.93 time, 3070.01 real, 929 MB
[runlim] sample:		3079.93 time, 3080.01 real, 929 MB
[runlim] sample:		3089.94 time, 3090.01 real, 940 MB
[runlim] sample:		3099.94 time, 3100.01 real, 940 MB
[runlim] sample:		3109.93 time, 3110.01 real, 940 MB
[runlim] sample:		3119.93 time, 3120.01 real, 957 MB
[runlim] sample:		3129.93 time, 3130.01 real, 957 MB
[runlim] sample:		3139.93 time, 3140.01 real, 957 MB
[runlim] sample:		3149.93 time, 3150.01 real, 957 MB
[runlim] sample:		3159.93 time, 3160.01 real, 957 MB
[runlim] sample:		3169.93 time, 3170.01 real, 957 MB
[runlim] sample:		3179.93 time, 3180.01 real, 1053 MB
[runlim] sample:		3189.93 time, 3190.01 real, 975 MB
[runlim] sample:		3199.93 time, 3200.01 real, 970 MB
[runlim] sample:		3209.93 time, 3210.01 real, 972 MB
[runlim] sample:		3219.93 time, 3220.01 real, 972 MB
[runlim] sample:		3229.93 time, 3230.01 real, 946 MB
[runlim] sample:		3239.93 time, 3240.01 real, 946 MB
[runlim] sample:		3249.93 time, 3250.01 real, 946 MB
[runlim] sample:		3259.93 time, 3260.01 real, 946 MB
[runlim] sample:		3269.93 time, 3270.01 real, 964 MB
[runlim] sample:		3279.93 time, 3280.01 real, 992 MB
[runlim] sample:		3289.93 time, 3290.01 real, 1091 MB
[runlim] sample:		3299.93 time, 3300.01 real, 979 MB
[runlim] sample:		3309.93 time, 3310.01 real, 979 MB
[runlim] sample:		3319.93 time, 3320.01 real, 979 MB
[runlim] sample:		3329.93 time, 3330.01 real, 993 MB
[runlim] sample:		3339.93 time, 3340.01 real, 993 MB
[runlim] sample:		3349.93 time, 3350.01 real, 993 MB
[runlim] sample:		3359.93 time, 3360.01 real, 993 MB
[runlim] sample:		3369.93 time, 3370.01 real, 993 MB
[runlim] sample:		3379.92 time, 3380.01 real, 993 MB
[runlim] sample:		3389.92 time, 3390.01 real, 993 MB
[runlim] sample:		3399.93 time, 3400.01 real, 1000 MB
[runlim] sample:		3409.93 time, 3410.01 real, 1000 MB
[runlim] sample:		3419.93 time, 3420.01 real, 1000 MB
[runlim] sample:		3429.92 time, 3430.01 real, 1000 MB
[runlim] sample:		3439.93 time, 3440.01 real, 1000 MB
[runlim] sample:		3449.93 time, 3450.01 real, 1000 MB
[runlim] sample:		3459.92 time, 3460.01 real, 1003 MB
[runlim] sample:		3469.92 time, 3470.01 real, 1016 MB
[runlim] sample:		3479.92 time, 3480.01 real, 1016 MB
[runlim] sample:		3489.93 time, 3490.01 real, 1016 MB
[runlim] sample:		3499.92 time, 3500.01 real, 1027 MB
[runlim] sample:		3509.92 time, 3510.01 real, 1027 MB
[runlim] sample:		3519.93 time, 3520.01 real, 1027 MB
[runlim] sample:		3529.92 time, 3530.01 real, 1027 MB
[runlim] sample:		3539.93 time, 3540.01 real, 946 MB
[runlim] sample:		3549.93 time, 3550.01 real, 1024 MB
[runlim] sample:		3559.93 time, 3560.01 real, 969 MB
[runlim] sample:		3569.93 time, 3570.01 real, 954 MB
[runlim] sample:		3579.93 time, 3580.01 real, 956 MB
[runlim] sample:		3589.92 time, 3590.01 real, 973 MB
[runlim] sample:		3599.92 time, 3600.01 real, 973 MB
[runlim] end:			Wed Oct 16 13:01:49 2019
[runlim] status:		out of time
[runlim] result:		2
[runlim] children:		2
[runlim] real:			3600.10 seconds
[runlim] time:			3599.92 seconds
[runlim] space:			1147 MB
[runlim] samples:		36000
