[runlim] version:		1.17
[runlim] host:			c3n24
[runlim] time limit:		311040000 seconds
[runlim] real time limit:	3600 seconds
[runlim] space limit:		120000 MB
[runlim] argv[0]:		./run-btormc.sh
[runlim] argv[1]:		/tmp/xt0TVfq6.btor
[runlim] start:			Wed Oct 16 10:25:52 2019
[runlim] child:			28651
[runlim] sample:		10.00 time, 10.02 real, 169 MB
[runlim] sample:		19.99 time, 20.02 real, 230 MB
[runlim] sample:		30.00 time, 30.02 real, 271 MB
[runlim] sample:		40.00 time, 40.02 real, 276 MB
[runlim] sample:		50.00 time, 50.02 real, 281 MB
[runlim] sample:		60.00 time, 60.02 real, 304 MB
[runlim] sample:		69.99 time, 70.02 real, 304 MB
[runlim] sample:		80.00 time, 80.02 real, 306 MB
[runlim] sample:		90.00 time, 90.02 real, 274 MB
[runlim] sample:		100.00 time, 100.02 real, 277 MB
[runlim] sample:		110.00 time, 110.02 real, 302 MB
[runlim] sample:		120.00 time, 120.02 real, 302 MB
[runlim] sample:		130.00 time, 130.01 real, 308 MB
[runlim] sample:		140.00 time, 140.01 real, 292 MB
[runlim] sample:		150.00 time, 150.01 real, 320 MB
[runlim] sample:		160.00 time, 160.01 real, 278 MB
[runlim] sample:		170.00 time, 170.01 real, 312 MB
[runlim] sample:		179.99 time, 180.01 real, 299 MB
[runlim] sample:		190.00 time, 190.01 real, 333 MB
[runlim] sample:		200.00 time, 200.01 real, 333 MB
[runlim] sample:		209.99 time, 210.01 real, 347 MB
[runlim] sample:		219.99 time, 220.01 real, 316 MB
[runlim] sample:		229.99 time, 230.01 real, 341 MB
[runlim] sample:		240.00 time, 240.01 real, 301 MB
[runlim] sample:		249.99 time, 250.01 real, 332 MB
[runlim] sample:		259.99 time, 260.01 real, 301 MB
[runlim] sample:		270.00 time, 270.01 real, 324 MB
[runlim] sample:		279.99 time, 280.01 real, 324 MB
[runlim] sample:		289.99 time, 290.01 real, 324 MB
[runlim] sample:		299.99 time, 300.01 real, 324 MB
[runlim] sample:		309.99 time, 310.01 real, 357 MB
[runlim] sample:		320.00 time, 320.01 real, 324 MB
[runlim] sample:		330.00 time, 330.01 real, 324 MB
[runlim] sample:		340.00 time, 340.01 real, 324 MB
[runlim] sample:		350.00 time, 350.01 real, 327 MB
[runlim] sample:		360.00 time, 360.01 real, 327 MB
[runlim] sample:		370.00 time, 370.01 real, 327 MB
[runlim] sample:		380.00 time, 380.01 real, 327 MB
[runlim] sample:		390.00 time, 390.01 real, 327 MB
[runlim] sample:		400.00 time, 400.01 real, 327 MB
[runlim] sample:		410.00 time, 410.01 real, 328 MB
[runlim] sample:		419.99 time, 420.01 real, 359 MB
[runlim] sample:		429.99 time, 430.01 real, 325 MB
[runlim] sample:		440.00 time, 440.01 real, 325 MB
[runlim] sample:		449.99 time, 450.01 real, 325 MB
[runlim] sample:		459.99 time, 460.01 real, 362 MB
[runlim] sample:		469.99 time, 470.01 real, 325 MB
[runlim] sample:		479.99 time, 480.01 real, 361 MB
[runlim] sample:		489.99 time, 490.01 real, 399 MB
[runlim] sample:		499.99 time, 500.01 real, 363 MB
[runlim] sample:		509.99 time, 510.01 real, 363 MB
[runlim] sample:		519.99 time, 520.01 real, 363 MB
[runlim] sample:		529.99 time, 530.01 real, 360 MB
[runlim] sample:		539.99 time, 540.01 real, 360 MB
[runlim] sample:		549.99 time, 550.01 real, 363 MB
[runlim] sample:		559.99 time, 560.01 real, 363 MB
[runlim] sample:		569.99 time, 570.01 real, 363 MB
[runlim] sample:		579.99 time, 580.01 real, 363 MB
[runlim] sample:		589.99 time, 590.01 real, 363 MB
[runlim] sample:		599.99 time, 600.01 real, 364 MB
[runlim] sample:		609.99 time, 610.01 real, 364 MB
[runlim] sample:		619.99 time, 620.01 real, 364 MB
[runlim] sample:		629.99 time, 630.01 real, 364 MB
[runlim] sample:		639.99 time, 640.01 real, 405 MB
[runlim] sample:		649.99 time, 650.01 real, 405 MB
[runlim] sample:		659.99 time, 660.01 real, 405 MB
[runlim] sample:		669.99 time, 670.01 real, 364 MB
[runlim] sample:		679.99 time, 680.01 real, 364 MB
[runlim] sample:		689.99 time, 690.01 real, 364 MB
[runlim] sample:		699.99 time, 700.01 real, 402 MB
[runlim] sample:		709.99 time, 710.01 real, 403 MB
[runlim] sample:		719.99 time, 720.01 real, 403 MB
[runlim] sample:		729.99 time, 730.01 real, 364 MB
[runlim] sample:		739.99 time, 740.01 real, 364 MB
[runlim] sample:		749.98 time, 750.01 real, 407 MB
[runlim] sample:		759.98 time, 760.01 real, 407 MB
[runlim] sample:		769.98 time, 770.01 real, 407 MB
[runlim] sample:		779.99 time, 780.01 real, 364 MB
[runlim] sample:		789.99 time, 790.01 real, 364 MB
[runlim] sample:		799.99 time, 800.01 real, 364 MB
[runlim] sample:		809.98 time, 810.01 real, 406 MB
[runlim] sample:		819.98 time, 820.01 real, 406 MB
[runlim] sample:		829.98 time, 830.01 real, 364 MB
[runlim] sample:		839.98 time, 840.01 real, 364 MB
[runlim] sample:		849.98 time, 850.01 real, 408 MB
[runlim] sample:		859.98 time, 860.01 real, 408 MB
[runlim] sample:		869.98 time, 870.01 real, 408 MB
[runlim] sample:		879.99 time, 880.01 real, 364 MB
[runlim] sample:		889.99 time, 890.01 real, 364 MB
[runlim] sample:		899.98 time, 900.01 real, 408 MB
[runlim] sample:		909.98 time, 910.01 real, 408 MB
[runlim] sample:		919.98 time, 920.01 real, 408 MB
[runlim] sample:		929.99 time, 930.01 real, 364 MB
[runlim] sample:		939.99 time, 940.01 real, 364 MB
[runlim] sample:		949.98 time, 950.01 real, 403 MB
[runlim] sample:		959.98 time, 960.01 real, 403 MB
[runlim] sample:		969.98 time, 970.01 real, 403 MB
[runlim] sample:		979.98 time, 980.01 real, 364 MB
[runlim] sample:		989.98 time, 990.01 real, 364 MB
[runlim] sample:		999.98 time, 1000.01 real, 364 MB
[runlim] sample:		1009.98 time, 1010.01 real, 364 MB
[runlim] sample:		1019.98 time, 1020.01 real, 364 MB
[runlim] sample:		1029.98 time, 1030.01 real, 408 MB
[runlim] sample:		1039.98 time, 1040.01 real, 408 MB
[runlim] sample:		1049.98 time, 1050.01 real, 408 MB
[runlim] sample:		1059.98 time, 1060.01 real, 364 MB
[runlim] sample:		1069.98 time, 1070.01 real, 364 MB
[runlim] sample:		1079.98 time, 1080.01 real, 364 MB
[runlim] sample:		1089.98 time, 1090.01 real, 364 MB
[runlim] sample:		1099.98 time, 1100.01 real, 408 MB
[runlim] sample:		1109.98 time, 1110.01 real, 408 MB
[runlim] sample:		1119.98 time, 1120.01 real, 408 MB
[runlim] sample:		1129.98 time, 1130.01 real, 405 MB
[runlim] sample:		1139.98 time, 1140.01 real, 365 MB
[runlim] sample:		1149.98 time, 1150.01 real, 365 MB
[runlim] sample:		1159.98 time, 1160.01 real, 410 MB
[runlim] sample:		1169.98 time, 1170.01 real, 410 MB
[runlim] sample:		1179.98 time, 1180.01 real, 410 MB
[runlim] sample:		1189.98 time, 1190.01 real, 365 MB
[runlim] sample:		1199.98 time, 1200.01 real, 365 MB
[runlim] sample:		1209.98 time, 1210.01 real, 410 MB
[runlim] sample:		1219.98 time, 1220.01 real, 410 MB
[runlim] sample:		1229.98 time, 1230.01 real, 410 MB
[runlim] sample:		1239.98 time, 1240.01 real, 365 MB
[runlim] sample:		1249.98 time, 1250.01 real, 365 MB
[runlim] sample:		1259.98 time, 1260.01 real, 413 MB
[runlim] sample:		1269.98 time, 1270.01 real, 413 MB
[runlim] sample:		1279.98 time, 1280.01 real, 413 MB
[runlim] sample:		1289.98 time, 1290.01 real, 365 MB
[runlim] sample:		1299.98 time, 1300.01 real, 366 MB
[runlim] sample:		1309.98 time, 1310.01 real, 366 MB
[runlim] sample:		1319.98 time, 1320.01 real, 410 MB
[runlim] sample:		1329.98 time, 1330.01 real, 410 MB
[runlim] sample:		1339.98 time, 1340.01 real, 366 MB
[runlim] sample:		1349.98 time, 1350.01 real, 366 MB
[runlim] sample:		1359.97 time, 1360.01 real, 414 MB
[runlim] sample:		1369.97 time, 1370.01 real, 414 MB
[runlim] sample:		1379.97 time, 1380.01 real, 414 MB
[runlim] sample:		1389.97 time, 1390.01 real, 414 MB
[runlim] sample:		1399.98 time, 1400.01 real, 366 MB
[runlim] sample:		1409.98 time, 1410.01 real, 366 MB
[runlim] sample:		1419.98 time, 1420.01 real, 366 MB
[runlim] sample:		1429.98 time, 1430.01 real, 421 MB
[runlim] sample:		1439.98 time, 1440.01 real, 421 MB
[runlim] sample:		1449.97 time, 1450.01 real, 366 MB
[runlim] sample:		1459.97 time, 1460.01 real, 366 MB
[runlim] sample:		1469.98 time, 1470.01 real, 414 MB
[runlim] sample:		1479.98 time, 1480.01 real, 414 MB
[runlim] sample:		1489.98 time, 1490.01 real, 414 MB
[runlim] sample:		1499.97 time, 1500.01 real, 367 MB
[runlim] sample:		1509.97 time, 1510.01 real, 367 MB
[runlim] sample:		1519.97 time, 1520.01 real, 367 MB
[runlim] sample:		1529.97 time, 1530.01 real, 367 MB
[runlim] sample:		1539.98 time, 1540.01 real, 413 MB
[runlim] sample:		1549.98 time, 1550.01 real, 413 MB
[runlim] sample:		1559.98 time, 1560.01 real, 413 MB
[runlim] sample:		1569.97 time, 1570.01 real, 367 MB
[runlim] sample:		1579.97 time, 1580.01 real, 367 MB
[runlim] sample:		1589.97 time, 1590.01 real, 367 MB
[runlim] sample:		1599.97 time, 1600.01 real, 367 MB
[runlim] sample:		1609.97 time, 1610.01 real, 413 MB
[runlim] sample:		1619.97 time, 1620.01 real, 413 MB
[runlim] sample:		1629.97 time, 1630.01 real, 413 MB
[runlim] sample:		1639.97 time, 1640.01 real, 413 MB
[runlim] sample:		1649.97 time, 1650.01 real, 367 MB
[runlim] sample:		1659.97 time, 1660.01 real, 367 MB
[runlim] sample:		1669.97 time, 1670.01 real, 367 MB
[runlim] sample:		1679.98 time, 1680.01 real, 414 MB
[runlim] sample:		1689.98 time, 1690.01 real, 414 MB
[runlim] sample:		1699.98 time, 1700.01 real, 414 MB
[runlim] sample:		1709.98 time, 1710.01 real, 414 MB
[runlim] sample:		1719.98 time, 1720.01 real, 367 MB
[runlim] sample:		1729.98 time, 1730.01 real, 367 MB
[runlim] sample:		1739.98 time, 1740.01 real, 367 MB
[runlim] sample:		1749.98 time, 1750.01 real, 417 MB
[runlim] sample:		1759.98 time, 1760.01 real, 417 MB
[runlim] sample:		1769.97 time, 1770.01 real, 417 MB
[runlim] sample:		1779.97 time, 1780.01 real, 367 MB
[runlim] sample:		1789.97 time, 1790.01 real, 367 MB
[runlim] sample:		1799.97 time, 1800.01 real, 367 MB
[runlim] sample:		1809.97 time, 1810.01 real, 367 MB
[runlim] sample:		1819.97 time, 1820.01 real, 419 MB
[runlim] sample:		1829.97 time, 1830.01 real, 419 MB
[runlim] sample:		1839.97 time, 1840.01 real, 419 MB
[runlim] sample:		1849.97 time, 1850.01 real, 419 MB
[runlim] sample:		1859.97 time, 1860.01 real, 419 MB
[runlim] sample:		1869.97 time, 1870.01 real, 367 MB
[runlim] sample:		1879.97 time, 1880.01 real, 367 MB
[runlim] sample:		1889.97 time, 1890.01 real, 367 MB
[runlim] sample:		1899.97 time, 1900.01 real, 367 MB
[runlim] sample:		1909.97 time, 1910.01 real, 417 MB
[runlim] sample:		1919.97 time, 1920.01 real, 417 MB
[runlim] sample:		1929.97 time, 1930.01 real, 417 MB
[runlim] sample:		1939.97 time, 1940.01 real, 367 MB
[runlim] sample:		1949.97 time, 1950.01 real, 367 MB
[runlim] sample:		1959.97 time, 1960.01 real, 366 MB
[runlim] sample:		1969.97 time, 1970.01 real, 368 MB
[runlim] sample:		1979.97 time, 1980.01 real, 406 MB
[runlim] sample:		1989.97 time, 1990.01 real, 406 MB
[runlim] sample:		1999.97 time, 2000.01 real, 362 MB
[runlim] sample:		2009.97 time, 2010.01 real, 362 MB
[runlim] sample:		2019.97 time, 2020.01 real, 373 MB
[runlim] sample:		2029.96 time, 2030.01 real, 373 MB
[runlim] sample:		2039.96 time, 2040.01 real, 373 MB
[runlim] sample:		2049.97 time, 2050.01 real, 416 MB
[runlim] sample:		2059.96 time, 2060.01 real, 379 MB
[runlim] sample:		2069.96 time, 2070.01 real, 379 MB
[runlim] sample:		2079.97 time, 2080.01 real, 379 MB
[runlim] sample:		2089.96 time, 2090.01 real, 379 MB
[runlim] sample:		2099.96 time, 2100.01 real, 379 MB
[runlim] sample:		2109.96 time, 2110.01 real, 432 MB
[runlim] sample:		2119.97 time, 2120.01 real, 370 MB
[runlim] sample:		2129.97 time, 2130.01 real, 369 MB
[runlim] sample:		2139.96 time, 2140.01 real, 369 MB
[runlim] sample:		2149.97 time, 2150.01 real, 369 MB
[runlim] sample:		2159.96 time, 2160.01 real, 429 MB
[runlim] sample:		2169.96 time, 2170.01 real, 429 MB
[runlim] sample:		2179.97 time, 2180.01 real, 429 MB
[runlim] sample:		2189.97 time, 2190.01 real, 429 MB
[runlim] sample:		2199.97 time, 2200.01 real, 429 MB
[runlim] sample:		2209.97 time, 2210.01 real, 431 MB
[runlim] sample:		2219.96 time, 2220.01 real, 431 MB
[runlim] sample:		2229.96 time, 2230.01 real, 431 MB
[runlim] end:			Wed Oct 16 11:03:12 2019
[runlim] status:		ok
[runlim] result:		0
[runlim] children:		2
[runlim] real:			2239.83 seconds
[runlim] time:			2239.77 seconds
[runlim] space:			494 MB
[runlim] samples:		22398
