[runlim] version:		1.17
[runlim] host:			c3n01
[runlim] time limit:		311040000 seconds
[runlim] real time limit:	3600 seconds
[runlim] space limit:		120000 MB
[runlim] argv[0]:		./run-btormc.sh
[runlim] argv[1]:		/tmp/bjiZ3I5r.btor
[runlim] start:			Wed Oct 16 10:55:48 2019
[runlim] child:			4543
[runlim] sample:		10.00 time, 10.01 real, 172 MB
[runlim] sample:		20.00 time, 20.01 real, 207 MB
[runlim] sample:		30.00 time, 30.01 real, 232 MB
[runlim] sample:		40.00 time, 40.01 real, 290 MB
[runlim] sample:		50.00 time, 50.01 real, 276 MB
[runlim] sample:		60.00 time, 60.01 real, 286 MB
[runlim] sample:		70.00 time, 70.01 real, 301 MB
[runlim] sample:		80.00 time, 80.01 real, 375 MB
[runlim] sample:		90.00 time, 90.01 real, 353 MB
[runlim] sample:		100.00 time, 100.01 real, 365 MB
[runlim] sample:		110.00 time, 110.01 real, 384 MB
[runlim] sample:		119.99 time, 120.01 real, 389 MB
[runlim] sample:		130.00 time, 130.01 real, 362 MB
[runlim] sample:		140.00 time, 140.01 real, 388 MB
[runlim] sample:		149.99 time, 150.01 real, 388 MB
[runlim] sample:		159.99 time, 160.01 real, 397 MB
[runlim] sample:		169.99 time, 170.01 real, 396 MB
[runlim] sample:		179.99 time, 180.01 real, 396 MB
[runlim] sample:		189.99 time, 190.01 real, 436 MB
[runlim] sample:		199.99 time, 200.01 real, 446 MB
[runlim] sample:		210.00 time, 210.01 real, 450 MB
[runlim] sample:		220.00 time, 220.01 real, 404 MB
[runlim] sample:		230.00 time, 230.01 real, 459 MB
[runlim] sample:		240.00 time, 240.01 real, 457 MB
[runlim] sample:		249.99 time, 250.01 real, 432 MB
[runlim] sample:		259.99 time, 260.01 real, 495 MB
[runlim] sample:		269.99 time, 270.01 real, 448 MB
[runlim] sample:		279.99 time, 280.01 real, 468 MB
[runlim] sample:		289.99 time, 290.01 real, 476 MB
[runlim] sample:		299.99 time, 300.01 real, 486 MB
[runlim] sample:		309.99 time, 310.01 real, 520 MB
[runlim] sample:		319.99 time, 320.01 real, 521 MB
[runlim] sample:		329.99 time, 330.01 real, 520 MB
[runlim] sample:		339.99 time, 340.01 real, 500 MB
[runlim] sample:		349.99 time, 350.01 real, 511 MB
[runlim] sample:		359.99 time, 360.01 real, 511 MB
[runlim] sample:		369.99 time, 370.01 real, 558 MB
[runlim] sample:		380.00 time, 380.01 real, 546 MB
[runlim] sample:		389.99 time, 390.01 real, 560 MB
[runlim] sample:		399.99 time, 400.01 real, 579 MB
[runlim] sample:		409.99 time, 410.01 real, 588 MB
[runlim] sample:		419.99 time, 420.01 real, 608 MB
[runlim] sample:		429.99 time, 430.01 real, 612 MB
[runlim] sample:		439.99 time, 440.01 real, 612 MB
[runlim] sample:		449.99 time, 450.01 real, 685 MB
[runlim] sample:		459.99 time, 460.01 real, 623 MB
[runlim] sample:		469.99 time, 470.01 real, 616 MB
[runlim] sample:		479.99 time, 480.01 real, 641 MB
[runlim] sample:		489.99 time, 490.01 real, 663 MB
[runlim] sample:		499.99 time, 500.01 real, 618 MB
[runlim] sample:		509.99 time, 510.01 real, 639 MB
[runlim] sample:		519.99 time, 520.01 real, 639 MB
[runlim] sample:		529.99 time, 530.01 real, 593 MB
[runlim] sample:		539.99 time, 540.01 real, 591 MB
[runlim] sample:		549.99 time, 550.01 real, 622 MB
[runlim] sample:		559.99 time, 560.01 real, 627 MB
[runlim] sample:		569.99 time, 570.01 real, 687 MB
[runlim] sample:		579.99 time, 580.01 real, 622 MB
[runlim] sample:		589.99 time, 590.01 real, 622 MB
[runlim] sample:		599.99 time, 600.01 real, 640 MB
[runlim] sample:		609.98 time, 610.01 real, 640 MB
[runlim] sample:		619.99 time, 620.01 real, 680 MB
[runlim] sample:		629.99 time, 630.01 real, 692 MB
[runlim] sample:		639.99 time, 640.01 real, 723 MB
[runlim] sample:		649.99 time, 650.01 real, 688 MB
[runlim] sample:		659.99 time, 660.01 real, 675 MB
[runlim] sample:		669.99 time, 670.02 real, 699 MB
[runlim] sample:		679.99 time, 680.02 real, 698 MB
[runlim] sample:		689.99 time, 690.02 real, 690 MB
[runlim] sample:		699.99 time, 700.02 real, 650 MB
[runlim] sample:		709.99 time, 710.02 real, 704 MB
[runlim] sample:		719.98 time, 720.02 real, 704 MB
[runlim] sample:		729.98 time, 730.02 real, 704 MB
[runlim] sample:		739.99 time, 740.02 real, 742 MB
[runlim] sample:		749.99 time, 750.02 real, 720 MB
[runlim] sample:		759.98 time, 760.02 real, 720 MB
[runlim] sample:		769.99 time, 770.02 real, 728 MB
[runlim] sample:		779.99 time, 780.02 real, 719 MB
[runlim] sample:		789.98 time, 790.02 real, 707 MB
[runlim] sample:		799.99 time, 800.02 real, 707 MB
[runlim] sample:		809.99 time, 810.02 real, 707 MB
[runlim] sample:		819.99 time, 820.02 real, 773 MB
[runlim] sample:		829.99 time, 830.02 real, 773 MB
[runlim] sample:		839.98 time, 840.02 real, 811 MB
[runlim] sample:		849.98 time, 850.02 real, 790 MB
[runlim] sample:		859.99 time, 860.02 real, 764 MB
[runlim] sample:		869.98 time, 870.02 real, 748 MB
[runlim] sample:		879.98 time, 880.02 real, 748 MB
[runlim] sample:		889.99 time, 890.02 real, 824 MB
[runlim] sample:		899.99 time, 900.02 real, 840 MB
[runlim] sample:		909.99 time, 910.02 real, 848 MB
[runlim] sample:		919.99 time, 920.01 real, 859 MB
[runlim] sample:		929.99 time, 930.01 real, 771 MB
[runlim] sample:		939.98 time, 940.02 real, 771 MB
[runlim] sample:		949.98 time, 950.02 real, 757 MB
[runlim] sample:		959.99 time, 960.02 real, 773 MB
[runlim] sample:		969.98 time, 970.02 real, 773 MB
[runlim] sample:		979.99 time, 980.02 real, 773 MB
[runlim] sample:		989.99 time, 990.02 real, 809 MB
[runlim] sample:		999.99 time, 1000.02 real, 828 MB
[runlim] sample:		1009.99 time, 1010.02 real, 828 MB
[runlim] sample:		1019.98 time, 1020.01 real, 831 MB
[runlim] sample:		1029.99 time, 1030.02 real, 758 MB
[runlim] sample:		1039.99 time, 1040.02 real, 758 MB
[runlim] sample:		1049.99 time, 1050.02 real, 764 MB
[runlim] sample:		1059.99 time, 1060.02 real, 794 MB
[runlim] sample:		1069.99 time, 1070.02 real, 794 MB
[runlim] sample:		1079.99 time, 1080.02 real, 794 MB
[runlim] sample:		1089.99 time, 1090.02 real, 957 MB
[runlim] sample:		1099.99 time, 1100.02 real, 855 MB
[runlim] sample:		1109.99 time, 1110.02 real, 878 MB
[runlim] sample:		1119.99 time, 1120.02 real, 876 MB
[runlim] sample:		1129.98 time, 1130.02 real, 794 MB
[runlim] sample:		1139.99 time, 1140.02 real, 794 MB
[runlim] sample:		1149.99 time, 1150.02 real, 771 MB
[runlim] sample:		1159.99 time, 1160.02 real, 789 MB
[runlim] sample:		1169.99 time, 1170.02 real, 821 MB
[runlim] sample:		1179.99 time, 1180.02 real, 821 MB
[runlim] sample:		1189.99 time, 1190.02 real, 821 MB
[runlim] sample:		1199.99 time, 1200.02 real, 832 MB
[runlim] sample:		1209.99 time, 1210.02 real, 914 MB
[runlim] sample:		1219.99 time, 1220.02 real, 914 MB
[runlim] sample:		1229.99 time, 1230.02 real, 914 MB
[runlim] sample:		1239.99 time, 1240.01 real, 921 MB
[runlim] sample:		1249.99 time, 1250.02 real, 816 MB
[runlim] sample:		1259.99 time, 1260.02 real, 792 MB
[runlim] sample:		1269.99 time, 1270.02 real, 800 MB
[runlim] sample:		1279.99 time, 1280.02 real, 836 MB
[runlim] sample:		1289.99 time, 1290.02 real, 836 MB
[runlim] sample:		1299.99 time, 1300.02 real, 836 MB
[runlim] sample:		1309.99 time, 1310.02 real, 869 MB
[runlim] sample:		1319.99 time, 1320.02 real, 869 MB
[runlim] sample:		1329.99 time, 1330.02 real, 869 MB
[runlim] sample:		1339.99 time, 1340.01 real, 881 MB
[runlim] sample:		1349.99 time, 1350.02 real, 881 MB
[runlim] sample:		1359.99 time, 1360.02 real, 881 MB
[runlim] sample:		1369.99 time, 1370.02 real, 882 MB
[runlim] sample:		1379.99 time, 1380.02 real, 882 MB
[runlim] sample:		1389.99 time, 1390.02 real, 914 MB
[runlim] sample:		1399.99 time, 1400.02 real, 914 MB
[runlim] sample:		1409.99 time, 1410.02 real, 914 MB
[runlim] sample:		1419.99 time, 1420.02 real, 959 MB
[runlim] sample:		1429.99 time, 1430.02 real, 959 MB
[runlim] sample:		1439.99 time, 1440.02 real, 945 MB
[runlim] sample:		1449.99 time, 1450.02 real, 945 MB
[runlim] sample:		1459.99 time, 1460.02 real, 945 MB
[runlim] sample:		1469.99 time, 1470.02 real, 928 MB
[runlim] sample:		1479.99 time, 1480.02 real, 928 MB
[runlim] sample:		1489.99 time, 1490.02 real, 915 MB
[runlim] sample:		1499.99 time, 1500.02 real, 889 MB
[runlim] sample:		1509.99 time, 1510.02 real, 889 MB
[runlim] sample:		1520.00 time, 1520.02 real, 943 MB
[runlim] sample:		1529.99 time, 1530.02 real, 941 MB
[runlim] sample:		1539.99 time, 1540.01 real, 895 MB
[runlim] sample:		1549.99 time, 1550.02 real, 898 MB
[runlim] sample:		1559.99 time, 1560.02 real, 898 MB
[runlim] sample:		1570.00 time, 1570.02 real, 951 MB
[runlim] sample:		1579.99 time, 1580.02 real, 951 MB
[runlim] sample:		1589.99 time, 1590.02 real, 951 MB
[runlim] sample:		1599.99 time, 1600.01 real, 951 MB
[runlim] sample:		1610.00 time, 1610.02 real, 977 MB
[runlim] sample:		1619.99 time, 1620.01 real, 947 MB
[runlim] sample:		1629.99 time, 1630.02 real, 878 MB
[runlim] sample:		1639.99 time, 1640.02 real, 894 MB
[runlim] sample:		1649.99 time, 1650.02 real, 905 MB
[runlim] sample:		1659.99 time, 1660.02 real, 858 MB
[runlim] sample:		1669.99 time, 1670.02 real, 858 MB
[runlim] sample:		1679.99 time, 1680.02 real, 908 MB
[runlim] sample:		1689.99 time, 1690.02 real, 908 MB
[runlim] sample:		1699.99 time, 1700.02 real, 908 MB
[runlim] sample:		1709.99 time, 1710.02 real, 970 MB
[runlim] sample:		1719.99 time, 1720.02 real, 963 MB
[runlim] sample:		1729.99 time, 1730.02 real, 1060 MB
[runlim] sample:		1739.99 time, 1740.01 real, 960 MB
[runlim] sample:		1749.99 time, 1750.02 real, 964 MB
[runlim] sample:		1759.99 time, 1760.02 real, 964 MB
[runlim] sample:		1769.99 time, 1770.02 real, 966 MB
[runlim] sample:		1780.00 time, 1780.02 real, 969 MB
[runlim] sample:		1789.99 time, 1790.02 real, 954 MB
[runlim] sample:		1800.00 time, 1800.02 real, 969 MB
[runlim] sample:		1809.99 time, 1810.02 real, 968 MB
[runlim] sample:		1820.00 time, 1820.01 real, 980 MB
[runlim] sample:		1830.00 time, 1830.02 real, 969 MB
[runlim] sample:		1839.99 time, 1840.02 real, 983 MB
[runlim] sample:		1849.99 time, 1850.02 real, 983 MB
[runlim] sample:		1860.00 time, 1860.02 real, 983 MB
[runlim] sample:		1870.00 time, 1870.02 real, 983 MB
[runlim] sample:		1879.99 time, 1880.02 real, 1040 MB
[runlim] sample:		1889.99 time, 1890.01 real, 1049 MB
[runlim] sample:		1899.99 time, 1900.02 real, 1044 MB
[runlim] sample:		1909.99 time, 1910.02 real, 1044 MB
[runlim] sample:		1919.99 time, 1920.02 real, 1045 MB
[runlim] sample:		1929.99 time, 1930.02 real, 1045 MB
[runlim] sample:		1939.99 time, 1940.02 real, 1061 MB
[runlim] sample:		1949.99 time, 1950.02 real, 1070 MB
[runlim] sample:		1960.00 time, 1960.02 real, 1005 MB
[runlim] sample:		1970.00 time, 1970.02 real, 1005 MB
[runlim] sample:		1979.99 time, 1980.02 real, 1023 MB
[runlim] sample:		1989.99 time, 1990.01 real, 1040 MB
[runlim] sample:		1999.99 time, 2000.02 real, 1026 MB
[runlim] sample:		2009.99 time, 2010.02 real, 1026 MB
[runlim] sample:		2019.99 time, 2020.02 real, 1067 MB
[runlim] sample:		2030.00 time, 2030.02 real, 1067 MB
[runlim] sample:		2039.99 time, 2040.02 real, 1067 MB
[runlim] sample:		2049.99 time, 2050.02 real, 1067 MB
[runlim] sample:		2060.00 time, 2060.01 real, 1082 MB
[runlim] sample:		2069.99 time, 2070.02 real, 1085 MB
[runlim] sample:		2080.00 time, 2080.02 real, 1047 MB
[runlim] sample:		2089.99 time, 2090.02 real, 1047 MB
[runlim] sample:		2099.99 time, 2100.02 real, 1047 MB
[runlim] sample:		2110.00 time, 2110.02 real, 1058 MB
[runlim] sample:		2119.99 time, 2120.02 real, 1148 MB
[runlim] sample:		2129.99 time, 2130.02 real, 1153 MB
[runlim] sample:		2139.99 time, 2140.02 real, 1174 MB
[runlim] sample:		2149.99 time, 2150.02 real, 1126 MB
[runlim] sample:		2159.99 time, 2160.02 real, 1126 MB
[runlim] sample:		2169.99 time, 2170.02 real, 1061 MB
[runlim] sample:		2180.00 time, 2180.02 real, 1051 MB
[runlim] sample:		2190.00 time, 2190.02 real, 1051 MB
[runlim] sample:		2199.99 time, 2200.02 real, 1051 MB
[runlim] sample:		2209.99 time, 2210.02 real, 1051 MB
[runlim] sample:		2219.99 time, 2220.02 real, 1094 MB
[runlim] sample:		2229.99 time, 2230.02 real, 1094 MB
[runlim] sample:		2239.99 time, 2240.01 real, 1120 MB
[runlim] sample:		2249.99 time, 2250.02 real, 1115 MB
[runlim] sample:		2260.00 time, 2260.02 real, 1115 MB
[runlim] sample:		2269.99 time, 2270.02 real, 1129 MB
[runlim] sample:		2280.00 time, 2280.02 real, 1129 MB
[runlim] sample:		2290.00 time, 2290.02 real, 1380 MB
[runlim] sample:		2300.00 time, 2300.02 real, 1181 MB
[runlim] sample:		2310.00 time, 2310.02 real, 1229 MB
[runlim] sample:		2320.00 time, 2320.01 real, 1207 MB
[runlim] sample:		2329.99 time, 2330.02 real, 1214 MB
[runlim] sample:		2339.99 time, 2340.02 real, 1214 MB
[runlim] sample:		2349.99 time, 2350.02 real, 1221 MB
[runlim] sample:		2359.99 time, 2360.02 real, 1222 MB
[runlim] sample:		2369.99 time, 2370.02 real, 1138 MB
[runlim] sample:		2379.99 time, 2380.02 real, 1119 MB
[runlim] sample:		2389.99 time, 2390.02 real, 1119 MB
[runlim] sample:		2400.00 time, 2400.02 real, 1119 MB
[runlim] sample:		2410.00 time, 2410.02 real, 1119 MB
[runlim] sample:		2420.00 time, 2420.02 real, 1164 MB
[runlim] sample:		2430.00 time, 2430.02 real, 1164 MB
[runlim] sample:		2439.99 time, 2440.02 real, 1235 MB
[runlim] sample:		2450.00 time, 2450.02 real, 1204 MB
[runlim] sample:		2460.00 time, 2460.02 real, 1224 MB
[runlim] sample:		2470.00 time, 2470.02 real, 1238 MB
[runlim] sample:		2479.99 time, 2480.02 real, 1224 MB
[runlim] sample:		2489.99 time, 2490.02 real, 1224 MB
[runlim] sample:		2499.99 time, 2500.02 real, 1150 MB
[runlim] sample:		2509.99 time, 2510.02 real, 1150 MB
[runlim] sample:		2519.99 time, 2520.02 real, 1150 MB
[runlim] sample:		2530.00 time, 2530.02 real, 1150 MB
[runlim] sample:		2539.99 time, 2540.02 real, 1130 MB
[runlim] sample:		2550.00 time, 2550.02 real, 1197 MB
[runlim] sample:		2560.00 time, 2560.02 real, 1197 MB
[runlim] sample:		2569.99 time, 2570.02 real, 1181 MB
[runlim] sample:		2580.00 time, 2580.02 real, 1181 MB
[runlim] sample:		2590.00 time, 2590.02 real, 1181 MB
[runlim] sample:		2600.00 time, 2600.02 real, 1181 MB
[runlim] sample:		2609.99 time, 2610.02 real, 1181 MB
[runlim] sample:		2619.99 time, 2620.02 real, 1184 MB
[runlim] sample:		2630.00 time, 2630.02 real, 1124 MB
[runlim] sample:		2639.99 time, 2640.02 real, 1191 MB
[runlim] sample:		2650.00 time, 2650.02 real, 1125 MB
[runlim] sample:		2660.00 time, 2660.02 real, 1123 MB
[runlim] sample:		2670.00 time, 2670.02 real, 1123 MB
[runlim] sample:		2680.00 time, 2680.02 real, 1172 MB
[runlim] sample:		2690.00 time, 2690.02 real, 1172 MB
[runlim] sample:		2700.00 time, 2700.02 real, 1172 MB
[runlim] sample:		2709.99 time, 2710.02 real, 1196 MB
[runlim] sample:		2720.00 time, 2720.02 real, 1197 MB
[runlim] sample:		2730.00 time, 2730.02 real, 1198 MB
[runlim] sample:		2740.00 time, 2740.02 real, 1198 MB
[runlim] sample:		2750.00 time, 2750.02 real, 1198 MB
[runlim] sample:		2760.00 time, 2760.02 real, 1187 MB
[runlim] sample:		2770.00 time, 2770.02 real, 1187 MB
[runlim] sample:		2779.99 time, 2780.02 real, 1187 MB
[runlim] sample:		2790.00 time, 2790.01 real, 1193 MB
[runlim] sample:		2800.00 time, 2800.02 real, 1200 MB
[runlim] sample:		2809.99 time, 2810.02 real, 1200 MB
[runlim] sample:		2820.00 time, 2820.02 real, 1200 MB
[runlim] sample:		2830.00 time, 2830.02 real, 1200 MB
[runlim] sample:		2840.00 time, 2840.02 real, 1217 MB
[runlim] sample:		2850.00 time, 2850.02 real, 1217 MB
[runlim] sample:		2860.00 time, 2860.02 real, 1217 MB
[runlim] sample:		2869.99 time, 2870.02 real, 1217 MB
[runlim] sample:		2880.00 time, 2880.02 real, 1217 MB
[runlim] sample:		2889.99 time, 2890.02 real, 1232 MB
[runlim] sample:		2900.00 time, 2900.01 real, 1237 MB
[runlim] sample:		2910.00 time, 2910.02 real, 1244 MB
[runlim] sample:		2920.00 time, 2920.02 real, 1280 MB
[runlim] sample:		2929.99 time, 2930.02 real, 1280 MB
[runlim] sample:		2940.00 time, 2940.02 real, 1323 MB
[runlim] sample:		2950.00 time, 2950.02 real, 1280 MB
[runlim] sample:		2960.00 time, 2960.02 real, 1210 MB
[runlim] sample:		2970.00 time, 2970.02 real, 1210 MB
[runlim] sample:		2980.00 time, 2980.02 real, 1210 MB
[runlim] sample:		2990.00 time, 2990.02 real, 1260 MB
[runlim] sample:		2999.99 time, 3000.02 real, 1260 MB
[runlim] sample:		3010.00 time, 3010.02 real, 1260 MB
[runlim] sample:		3020.00 time, 3020.02 real, 1260 MB
[runlim] sample:		3030.00 time, 3030.02 real, 1260 MB
[runlim] sample:		3040.00 time, 3040.02 real, 1260 MB
[runlim] sample:		3050.00 time, 3050.02 real, 1267 MB
[runlim] sample:		3060.00 time, 3060.02 real, 1283 MB
[runlim] sample:		3070.00 time, 3070.02 real, 1232 MB
[runlim] sample:		3079.99 time, 3080.02 real, 1232 MB
[runlim] sample:		3090.00 time, 3090.01 real, 1242 MB
[runlim] sample:		3100.00 time, 3100.02 real, 1237 MB
[runlim] sample:		3110.00 time, 3110.02 real, 1237 MB
[runlim] sample:		3120.00 time, 3120.02 real, 1237 MB
[runlim] sample:		3130.00 time, 3130.02 real, 1469 MB
[runlim] sample:		3140.00 time, 3140.02 real, 1290 MB
[runlim] sample:		3150.00 time, 3150.02 real, 1267 MB
[runlim] sample:		3160.00 time, 3160.02 real, 1205 MB
[runlim] sample:		3170.00 time, 3170.02 real, 1205 MB
[runlim] sample:		3180.00 time, 3180.02 real, 1205 MB
[runlim] sample:		3189.99 time, 3190.02 real, 1205 MB
[runlim] sample:		3200.00 time, 3200.02 real, 1205 MB
[runlim] sample:		3210.00 time, 3210.02 real, 1205 MB
[runlim] sample:		3220.00 time, 3220.02 real, 1205 MB
[runlim] sample:		3230.00 time, 3230.02 real, 1422 MB
[runlim] sample:		3239.99 time, 3240.02 real, 1268 MB
[runlim] sample:		3250.00 time, 3250.02 real, 1268 MB
[runlim] sample:		3260.00 time, 3260.02 real, 1377 MB
[runlim] sample:		3269.99 time, 3270.02 real, 1273 MB
[runlim] sample:		3280.00 time, 3280.02 real, 1273 MB
[runlim] sample:		3290.00 time, 3290.02 real, 1209 MB
[runlim] sample:		3300.00 time, 3300.02 real, 1209 MB
[runlim] sample:		3310.00 time, 3310.02 real, 1209 MB
[runlim] sample:		3319.99 time, 3320.02 real, 1209 MB
[runlim] sample:		3330.00 time, 3330.02 real, 1209 MB
[runlim] sample:		3340.00 time, 3340.02 real, 1209 MB
[runlim] sample:		3350.00 time, 3350.02 real, 1427 MB
[runlim] sample:		3360.00 time, 3360.02 real, 1313 MB
[runlim] sample:		3370.00 time, 3370.02 real, 1531 MB
[runlim] sample:		3380.00 time, 3380.02 real, 1248 MB
[runlim] sample:		3390.00 time, 3390.02 real, 1248 MB
[runlim] sample:		3400.00 time, 3400.02 real, 1248 MB
[runlim] sample:		3410.00 time, 3410.02 real, 1248 MB
[runlim] sample:		3420.00 time, 3420.02 real, 1248 MB
[runlim] sample:		3430.00 time, 3430.02 real, 1248 MB
[runlim] sample:		3440.00 time, 3440.02 real, 1248 MB
[runlim] sample:		3450.00 time, 3450.02 real, 1248 MB
[runlim] sample:		3460.00 time, 3460.02 real, 1255 MB
[runlim] sample:		3470.00 time, 3470.02 real, 1257 MB
[runlim] sample:		3480.00 time, 3480.02 real, 1256 MB
[runlim] sample:		3490.00 time, 3490.02 real, 1254 MB
[runlim] sample:		3500.00 time, 3500.02 real, 1254 MB
[runlim] sample:		3510.00 time, 3510.02 real, 1287 MB
[runlim] sample:		3520.00 time, 3520.02 real, 1287 MB
[runlim] sample:		3530.00 time, 3530.02 real, 1287 MB
[runlim] sample:		3540.00 time, 3540.02 real, 1287 MB
[runlim] sample:		3550.00 time, 3550.02 real, 1287 MB
[runlim] sample:		3560.00 time, 3560.02 real, 1287 MB
[runlim] sample:		3570.01 time, 3570.02 real, 1280 MB
[runlim] sample:		3580.00 time, 3580.02 real, 1329 MB
[runlim] sample:		3590.00 time, 3590.02 real, 1329 MB
[runlim] sample:		3600.00 time, 3600.02 real, 1292 MB
[runlim] end:			Wed Oct 16 11:55:48 2019
[runlim] status:		out of time
[runlim] result:		2
[runlim] children:		2
[runlim] real:			3600.10 seconds
[runlim] time:			3600.00 seconds
[runlim] space:			1577 MB
[runlim] samples:		36000
