[runlim] version:		1.17
[runlim] host:			c3n30
[runlim] time limit:		311040000 seconds
[runlim] real time limit:	3600 seconds
[runlim] space limit:		120000 MB
[runlim] argv[0]:		./run-btormc.sh
[runlim] argv[1]:		/tmp/OCYOizt6.btor
[runlim] start:			Wed Oct 16 11:03:47 2019
[runlim] child:			9931
[runlim] sample:		10.01 time, 10.02 real, 163 MB
[runlim] sample:		20.00 time, 20.02 real, 292 MB
[runlim] sample:		30.00 time, 30.02 real, 272 MB
[runlim] sample:		40.00 time, 40.02 real, 297 MB
[runlim] sample:		50.00 time, 50.02 real, 306 MB
[runlim] sample:		60.00 time, 60.02 real, 291 MB
[runlim] sample:		70.00 time, 70.02 real, 343 MB
[runlim] sample:		80.00 time, 80.02 real, 373 MB
[runlim] sample:		90.00 time, 90.02 real, 463 MB
[runlim] sample:		100.00 time, 100.02 real, 427 MB
[runlim] sample:		109.99 time, 110.02 real, 442 MB
[runlim] sample:		120.00 time, 120.02 real, 492 MB
[runlim] sample:		130.00 time, 130.02 real, 455 MB
[runlim] sample:		140.00 time, 140.02 real, 472 MB
[runlim] sample:		150.00 time, 150.02 real, 470 MB
[runlim] sample:		160.00 time, 160.01 real, 497 MB
[runlim] sample:		170.00 time, 170.02 real, 515 MB
[runlim] sample:		180.00 time, 180.02 real, 530 MB
[runlim] sample:		189.99 time, 190.02 real, 543 MB
[runlim] sample:		200.00 time, 200.02 real, 575 MB
[runlim] sample:		210.00 time, 210.02 real, 590 MB
[runlim] sample:		219.99 time, 220.02 real, 572 MB
[runlim] sample:		230.00 time, 230.02 real, 587 MB
[runlim] sample:		239.99 time, 240.02 real, 587 MB
[runlim] sample:		249.99 time, 250.02 real, 588 MB
[runlim] sample:		259.99 time, 260.01 real, 597 MB
[runlim] sample:		270.00 time, 270.02 real, 602 MB
[runlim] sample:		280.00 time, 280.02 real, 590 MB
[runlim] sample:		289.99 time, 290.02 real, 603 MB
[runlim] sample:		299.99 time, 300.02 real, 627 MB
[runlim] sample:		309.99 time, 310.01 real, 583 MB
[runlim] sample:		319.99 time, 320.01 real, 613 MB
[runlim] sample:		329.99 time, 330.02 real, 618 MB
[runlim] sample:		339.99 time, 340.02 real, 632 MB
[runlim] sample:		349.99 time, 350.02 real, 643 MB
[runlim] sample:		359.99 time, 360.02 real, 652 MB
[runlim] sample:		369.99 time, 370.02 real, 615 MB
[runlim] sample:		379.99 time, 380.01 real, 672 MB
[runlim] sample:		389.99 time, 390.01 real, 690 MB
[runlim] sample:		399.99 time, 400.02 real, 747 MB
[runlim] sample:		409.98 time, 410.02 real, 752 MB
[runlim] sample:		419.99 time, 420.02 real, 834 MB
[runlim] sample:		429.99 time, 430.02 real, 814 MB
[runlim] sample:		439.99 time, 440.02 real, 814 MB
[runlim] sample:		449.99 time, 450.02 real, 813 MB
[runlim] sample:		459.98 time, 460.02 real, 815 MB
[runlim] sample:		469.99 time, 470.02 real, 817 MB
[runlim] sample:		479.99 time, 480.02 real, 820 MB
[runlim] sample:		489.98 time, 490.02 real, 834 MB
[runlim] sample:		499.99 time, 500.01 real, 840 MB
[runlim] sample:		509.98 time, 510.01 real, 893 MB
[runlim] sample:		519.98 time, 520.01 real, 892 MB
[runlim] sample:		529.98 time, 530.02 real, 898 MB
[runlim] sample:		539.98 time, 540.02 real, 909 MB
[runlim] sample:		549.98 time, 550.02 real, 912 MB
[runlim] sample:		559.98 time, 560.02 real, 912 MB
[runlim] sample:		569.98 time, 570.02 real, 897 MB
[runlim] sample:		579.98 time, 580.02 real, 959 MB
[runlim] sample:		589.98 time, 590.02 real, 959 MB
[runlim] sample:		599.98 time, 600.02 real, 972 MB
[runlim] sample:		609.98 time, 610.02 real, 965 MB
[runlim] sample:		619.98 time, 620.02 real, 965 MB
[runlim] sample:		629.98 time, 630.02 real, 964 MB
[runlim] sample:		639.98 time, 640.02 real, 969 MB
[runlim] sample:		649.98 time, 650.02 real, 972 MB
[runlim] sample:		659.98 time, 660.02 real, 924 MB
[runlim] sample:		669.97 time, 670.01 real, 927 MB
[runlim] sample:		679.98 time, 680.02 real, 935 MB
[runlim] sample:		689.98 time, 690.02 real, 938 MB
[runlim] sample:		699.97 time, 700.01 real, 938 MB
[runlim] sample:		709.98 time, 710.02 real, 951 MB
[runlim] sample:		719.98 time, 720.01 real, 970 MB
[runlim] sample:		729.97 time, 730.01 real, 990 MB
[runlim] sample:		739.98 time, 740.02 real, 984 MB
[runlim] sample:		749.98 time, 750.02 real, 992 MB
[runlim] sample:		759.98 time, 760.02 real, 993 MB
[runlim] sample:		769.97 time, 770.01 real, 989 MB
[runlim] sample:		779.97 time, 780.02 real, 1069 MB
[runlim] sample:		789.97 time, 790.02 real, 1095 MB
[runlim] sample:		799.97 time, 800.01 real, 1099 MB
[runlim] sample:		809.97 time, 810.02 real, 1098 MB
[runlim] sample:		819.98 time, 820.02 real, 1104 MB
[runlim] sample:		829.97 time, 830.02 real, 1295 MB
[runlim] sample:		839.97 time, 840.02 real, 1083 MB
[runlim] sample:		849.97 time, 850.02 real, 1198 MB
[runlim] sample:		859.97 time, 860.02 real, 1083 MB
[runlim] sample:		869.97 time, 870.02 real, 1083 MB
[runlim] sample:		879.97 time, 880.02 real, 1092 MB
[runlim] sample:		889.97 time, 890.01 real, 1095 MB
[runlim] sample:		899.97 time, 900.02 real, 1092 MB
[runlim] sample:		909.97 time, 910.01 real, 1102 MB
[runlim] sample:		919.97 time, 920.02 real, 1121 MB
[runlim] sample:		929.97 time, 930.02 real, 1164 MB
[runlim] sample:		939.97 time, 940.02 real, 1124 MB
[runlim] sample:		949.96 time, 950.02 real, 1143 MB
[runlim] sample:		959.96 time, 960.02 real, 1148 MB
[runlim] sample:		969.97 time, 970.02 real, 1148 MB
[runlim] sample:		979.97 time, 980.02 real, 1171 MB
[runlim] sample:		989.97 time, 990.02 real, 1169 MB
[runlim] sample:		999.97 time, 1000.02 real, 1167 MB
[runlim] sample:		1009.96 time, 1010.02 real, 1207 MB
[runlim] sample:		1019.97 time, 1020.02 real, 1201 MB
[runlim] sample:		1029.97 time, 1030.02 real, 1206 MB
[runlim] sample:		1039.96 time, 1040.02 real, 1204 MB
[runlim] sample:		1049.96 time, 1050.02 real, 1210 MB
[runlim] sample:		1059.97 time, 1060.01 real, 1212 MB
[runlim] sample:		1069.97 time, 1070.02 real, 1148 MB
[runlim] sample:		1079.96 time, 1080.01 real, 1159 MB
[runlim] sample:		1089.97 time, 1090.01 real, 1187 MB
[runlim] sample:		1099.96 time, 1100.02 real, 1176 MB
[runlim] sample:		1109.97 time, 1110.02 real, 1199 MB
[runlim] sample:		1119.96 time, 1120.02 real, 1199 MB
[runlim] sample:		1129.97 time, 1130.02 real, 1220 MB
[runlim] sample:		1139.96 time, 1140.02 real, 1215 MB
[runlim] sample:		1149.96 time, 1150.02 real, 1235 MB
[runlim] sample:		1159.96 time, 1160.02 real, 1230 MB
[runlim] sample:		1169.97 time, 1170.02 real, 1237 MB
[runlim] sample:		1179.96 time, 1180.02 real, 1228 MB
[runlim] sample:		1189.96 time, 1190.02 real, 1245 MB
[runlim] sample:		1199.96 time, 1200.02 real, 1246 MB
[runlim] sample:		1209.96 time, 1210.02 real, 1248 MB
[runlim] sample:		1219.96 time, 1220.02 real, 1269 MB
[runlim] sample:		1229.96 time, 1230.02 real, 1263 MB
[runlim] sample:		1239.96 time, 1240.02 real, 1271 MB
[runlim] sample:		1249.96 time, 1250.01 real, 1258 MB
[runlim] sample:		1259.96 time, 1260.02 real, 1286 MB
[runlim] sample:		1269.96 time, 1270.02 real, 1309 MB
[runlim] sample:		1279.96 time, 1280.02 real, 1309 MB
[runlim] sample:		1289.96 time, 1290.02 real, 1304 MB
[runlim] sample:		1299.96 time, 1300.02 real, 1331 MB
[runlim] sample:		1309.95 time, 1310.02 real, 1331 MB
[runlim] sample:		1319.96 time, 1320.01 real, 1332 MB
[runlim] sample:		1329.95 time, 1330.02 real, 1330 MB
[runlim] sample:		1339.95 time, 1340.01 real, 1345 MB
[runlim] sample:		1349.95 time, 1350.01 real, 1368 MB
[runlim] sample:		1359.96 time, 1360.02 real, 1361 MB
[runlim] sample:		1369.96 time, 1370.02 real, 1386 MB
[runlim] sample:		1379.96 time, 1380.02 real, 1426 MB
[runlim] sample:		1389.95 time, 1390.01 real, 1439 MB
[runlim] sample:		1399.95 time, 1400.02 real, 1461 MB
[runlim] sample:		1409.96 time, 1410.02 real, 1485 MB
[runlim] sample:		1419.95 time, 1420.02 real, 1486 MB
[runlim] sample:		1429.95 time, 1430.02 real, 1536 MB
[runlim] sample:		1439.95 time, 1440.02 real, 1421 MB
[runlim] sample:		1449.95 time, 1450.02 real, 1466 MB
[runlim] sample:		1459.95 time, 1460.02 real, 1475 MB
[runlim] sample:		1469.96 time, 1470.02 real, 1466 MB
[runlim] sample:		1479.95 time, 1480.02 real, 1547 MB
[runlim] sample:		1489.95 time, 1490.02 real, 1479 MB
[runlim] sample:		1499.95 time, 1500.02 real, 1468 MB
[runlim] sample:		1509.95 time, 1510.02 real, 1480 MB
[runlim] sample:		1519.95 time, 1520.02 real, 1475 MB
[runlim] sample:		1529.95 time, 1530.02 real, 1481 MB
[runlim] sample:		1539.95 time, 1540.02 real, 1538 MB
[runlim] sample:		1549.95 time, 1550.02 real, 1501 MB
[runlim] sample:		1559.95 time, 1560.02 real, 1491 MB
[runlim] sample:		1569.95 time, 1570.02 real, 1490 MB
[runlim] sample:		1579.95 time, 1580.02 real, 1510 MB
[runlim] sample:		1589.95 time, 1590.02 real, 1507 MB
[runlim] sample:		1599.94 time, 1600.02 real, 1512 MB
[runlim] sample:		1609.94 time, 1610.02 real, 1511 MB
[runlim] sample:		1619.95 time, 1620.02 real, 1523 MB
[runlim] sample:		1629.94 time, 1630.02 real, 1506 MB
[runlim] sample:		1639.95 time, 1640.02 real, 1537 MB
[runlim] sample:		1649.95 time, 1650.02 real, 1533 MB
[runlim] sample:		1659.95 time, 1660.02 real, 1531 MB
[runlim] sample:		1669.94 time, 1670.02 real, 1536 MB
[runlim] sample:		1679.94 time, 1680.01 real, 1533 MB
[runlim] sample:		1689.94 time, 1690.02 real, 1544 MB
[runlim] sample:		1699.95 time, 1700.02 real, 1564 MB
[runlim] sample:		1709.94 time, 1710.02 real, 1555 MB
[runlim] sample:		1719.94 time, 1720.02 real, 1555 MB
[runlim] sample:		1729.94 time, 1730.02 real, 1557 MB
[runlim] sample:		1739.94 time, 1740.02 real, 1554 MB
[runlim] sample:		1749.94 time, 1750.02 real, 1554 MB
[runlim] sample:		1759.94 time, 1760.01 real, 1562 MB
[runlim] sample:		1769.94 time, 1770.02 real, 1582 MB
[runlim] sample:		1779.94 time, 1780.02 real, 1580 MB
[runlim] sample:		1789.94 time, 1790.01 real, 1592 MB
[runlim] sample:		1799.94 time, 1800.02 real, 1615 MB
[runlim] sample:		1809.94 time, 1810.02 real, 1615 MB
[runlim] sample:		1819.93 time, 1820.01 real, 1606 MB
[runlim] sample:		1829.94 time, 1830.02 real, 1634 MB
[runlim] sample:		1839.94 time, 1840.02 real, 1627 MB
[runlim] sample:		1849.93 time, 1850.01 real, 1640 MB
[runlim] sample:		1859.93 time, 1860.02 real, 1664 MB
[runlim] sample:		1869.94 time, 1870.02 real, 1654 MB
[runlim] sample:		1879.94 time, 1880.02 real, 1654 MB
[runlim] sample:		1889.94 time, 1890.02 real, 1664 MB
[runlim] sample:		1899.93 time, 1900.02 real, 1672 MB
[runlim] sample:		1909.93 time, 1910.02 real, 1692 MB
[runlim] sample:		1919.94 time, 1920.02 real, 1682 MB
[runlim] sample:		1929.94 time, 1930.02 real, 1714 MB
[runlim] sample:		1939.93 time, 1940.02 real, 1714 MB
[runlim] sample:		1949.93 time, 1950.02 real, 1721 MB
[runlim] sample:		1959.93 time, 1960.02 real, 1731 MB
[runlim] sample:		1969.93 time, 1970.02 real, 1735 MB
[runlim] sample:		1979.93 time, 1980.02 real, 1752 MB
[runlim] sample:		1989.93 time, 1990.02 real, 1752 MB
[runlim] sample:		1999.93 time, 2000.02 real, 1759 MB
[runlim] sample:		2009.94 time, 2010.02 real, 1743 MB
[runlim] sample:		2019.93 time, 2020.02 real, 1744 MB
[runlim] sample:		2029.92 time, 2030.01 real, 1746 MB
[runlim] sample:		2039.93 time, 2040.02 real, 1762 MB
[runlim] sample:		2049.93 time, 2050.02 real, 1784 MB
[runlim] sample:		2059.93 time, 2060.02 real, 1771 MB
[runlim] sample:		2069.92 time, 2070.01 real, 1772 MB
[runlim] sample:		2079.93 time, 2080.02 real, 1796 MB
[runlim] sample:		2089.93 time, 2090.02 real, 1816 MB
[runlim] sample:		2099.93 time, 2100.02 real, 1807 MB
[runlim] sample:		2109.93 time, 2110.02 real, 1807 MB
[runlim] sample:		2119.93 time, 2120.02 real, 1807 MB
[runlim] sample:		2129.92 time, 2130.02 real, 1807 MB
[runlim] sample:		2139.92 time, 2140.02 real, 1825 MB
[runlim] sample:		2149.93 time, 2150.02 real, 1846 MB
[runlim] sample:		2159.93 time, 2160.02 real, 1831 MB
[runlim] sample:		2169.92 time, 2170.02 real, 1891 MB
[runlim] sample:		2179.92 time, 2180.01 real, 1896 MB
[runlim] sample:		2189.93 time, 2190.02 real, 1920 MB
[runlim] sample:		2199.93 time, 2200.02 real, 1910 MB
[runlim] sample:		2209.93 time, 2210.02 real, 1920 MB
[runlim] sample:		2219.92 time, 2220.02 real, 1931 MB
[runlim] sample:		2229.93 time, 2230.02 real, 1932 MB
[runlim] sample:		2239.92 time, 2240.02 real, 1952 MB
[runlim] sample:		2249.93 time, 2250.02 real, 1944 MB
[runlim] sample:		2259.93 time, 2260.02 real, 1960 MB
[runlim] sample:		2269.93 time, 2270.02 real, 1924 MB
[runlim] sample:		2279.93 time, 2280.02 real, 1990 MB
[runlim] sample:		2289.92 time, 2290.02 real, 1938 MB
[runlim] sample:		2299.92 time, 2300.01 real, 1953 MB
[runlim] sample:		2309.92 time, 2310.02 real, 1949 MB
[runlim] sample:		2319.92 time, 2320.02 real, 1948 MB
[runlim] sample:		2329.92 time, 2330.02 real, 1943 MB
[runlim] sample:		2339.92 time, 2340.01 real, 1937 MB
[runlim] sample:		2349.92 time, 2350.01 real, 1955 MB
[runlim] sample:		2359.92 time, 2360.02 real, 1978 MB
[runlim] sample:		2369.92 time, 2370.02 real, 1967 MB
[runlim] sample:		2379.92 time, 2380.02 real, 1976 MB
[runlim] sample:		2389.92 time, 2390.02 real, 1976 MB
[runlim] sample:		2399.92 time, 2400.02 real, 1976 MB
[runlim] sample:		2409.91 time, 2410.01 real, 1986 MB
[runlim] sample:		2419.92 time, 2420.02 real, 2010 MB
[runlim] sample:		2429.92 time, 2430.02 real, 2030 MB
[runlim] sample:		2439.92 time, 2440.02 real, 2022 MB
[runlim] sample:		2449.92 time, 2450.02 real, 2011 MB
[runlim] sample:		2459.92 time, 2460.02 real, 2005 MB
[runlim] sample:		2469.92 time, 2470.01 real, 2042 MB
[runlim] sample:		2479.92 time, 2480.02 real, 2063 MB
[runlim] sample:		2489.92 time, 2490.02 real, 2056 MB
[runlim] sample:		2499.91 time, 2500.01 real, 2053 MB
[runlim] sample:		2509.92 time, 2510.02 real, 2075 MB
[runlim] sample:		2519.91 time, 2520.02 real, 2145 MB
[runlim] sample:		2529.91 time, 2530.01 real, 2095 MB
[runlim] sample:		2539.92 time, 2540.02 real, 2091 MB
[runlim] sample:		2549.91 time, 2550.01 real, 2091 MB
[runlim] sample:		2559.91 time, 2560.02 real, 2110 MB
[runlim] sample:		2569.92 time, 2570.02 real, 2130 MB
[runlim] sample:		2579.92 time, 2580.02 real, 2127 MB
[runlim] sample:		2589.91 time, 2590.01 real, 2124 MB
[runlim] sample:		2599.91 time, 2600.02 real, 2142 MB
[runlim] sample:		2609.91 time, 2610.02 real, 2164 MB
[runlim] sample:		2619.91 time, 2620.02 real, 2178 MB
[runlim] sample:		2629.91 time, 2630.01 real, 2202 MB
[runlim] sample:		2639.91 time, 2640.02 real, 2198 MB
[runlim] sample:		2649.90 time, 2650.01 real, 2189 MB
[runlim] sample:		2659.90 time, 2660.01 real, 2202 MB
[runlim] sample:		2669.91 time, 2670.02 real, 2228 MB
[runlim] sample:		2679.91 time, 2680.02 real, 2226 MB
[runlim] sample:		2689.91 time, 2690.02 real, 2232 MB
[runlim] sample:		2699.91 time, 2700.02 real, 2237 MB
[runlim] sample:		2709.91 time, 2710.02 real, 2224 MB
[runlim] sample:		2719.90 time, 2720.01 real, 2239 MB
[runlim] sample:		2729.90 time, 2730.01 real, 2233 MB
[runlim] sample:		2739.90 time, 2740.01 real, 2226 MB
[runlim] sample:		2749.90 time, 2750.02 real, 2243 MB
[runlim] sample:		2759.91 time, 2760.02 real, 2267 MB
[runlim] sample:		2769.90 time, 2770.01 real, 2262 MB
[runlim] sample:		2779.91 time, 2780.02 real, 2274 MB
[runlim] sample:		2789.90 time, 2790.02 real, 2285 MB
[runlim] sample:		2799.90 time, 2800.02 real, 2308 MB
[runlim] sample:		2809.90 time, 2810.02 real, 2318 MB
[runlim] sample:		2819.91 time, 2820.02 real, 2310 MB
[runlim] sample:		2829.90 time, 2830.02 real, 2331 MB
[runlim] sample:		2839.90 time, 2840.02 real, 2326 MB
[runlim] sample:		2849.90 time, 2850.02 real, 2331 MB
[runlim] sample:		2859.91 time, 2860.02 real, 2339 MB
[runlim] sample:		2869.91 time, 2870.02 real, 2335 MB
[runlim] sample:		2879.91 time, 2880.02 real, 2341 MB
[runlim] sample:		2889.90 time, 2890.02 real, 2360 MB
[runlim] sample:		2899.90 time, 2900.02 real, 2380 MB
[runlim] sample:		2909.90 time, 2910.02 real, 2320 MB
[runlim] sample:		2919.90 time, 2920.02 real, 2344 MB
[runlim] sample:		2929.90 time, 2930.02 real, 2364 MB
[runlim] sample:		2939.90 time, 2940.02 real, 2372 MB
[runlim] sample:		2949.90 time, 2950.01 real, 2371 MB
[runlim] sample:		2959.90 time, 2960.02 real, 2362 MB
[runlim] sample:		2969.90 time, 2970.02 real, 2356 MB
[runlim] sample:		2979.90 time, 2980.02 real, 2356 MB
[runlim] sample:		2989.90 time, 2990.02 real, 2356 MB
[runlim] sample:		2999.90 time, 3000.01 real, 2363 MB
[runlim] sample:		3009.90 time, 3010.01 real, 2373 MB
[runlim] sample:		3019.90 time, 3020.02 real, 2398 MB
[runlim] sample:		3029.90 time, 3030.02 real, 2416 MB
[runlim] sample:		3039.90 time, 3040.02 real, 2427 MB
[runlim] sample:		3049.90 time, 3050.02 real, 2427 MB
[runlim] sample:		3059.89 time, 3060.01 real, 2443 MB
[runlim] sample:		3069.90 time, 3070.02 real, 2469 MB
[runlim] sample:		3079.90 time, 3080.02 real, 2488 MB
[runlim] sample:		3089.90 time, 3090.02 real, 2473 MB
[runlim] sample:		3099.90 time, 3100.02 real, 2488 MB
[runlim] sample:		3109.89 time, 3110.02 real, 2473 MB
[runlim] sample:		3119.90 time, 3120.01 real, 2486 MB
[runlim] sample:		3129.90 time, 3130.02 real, 2507 MB
[runlim] sample:		3139.90 time, 3140.02 real, 2497 MB
[runlim] sample:		3149.89 time, 3150.02 real, 2520 MB
[runlim] sample:		3159.89 time, 3160.02 real, 2528 MB
[runlim] sample:		3169.89 time, 3170.01 real, 2530 MB
[runlim] sample:		3179.90 time, 3180.02 real, 2523 MB
[runlim] sample:		3189.89 time, 3190.02 real, 2522 MB
[runlim] sample:		3199.89 time, 3200.01 real, 2525 MB
[runlim] sample:		3209.90 time, 3210.02 real, 2546 MB
[runlim] sample:		3219.89 time, 3220.02 real, 2566 MB
[runlim] sample:		3229.89 time, 3230.02 real, 2563 MB
[runlim] sample:		3239.89 time, 3240.02 real, 2554 MB
[runlim] sample:		3249.89 time, 3250.02 real, 2556 MB
[runlim] sample:		3259.89 time, 3260.01 real, 2562 MB
[runlim] sample:		3269.89 time, 3270.01 real, 2568 MB
[runlim] sample:		3279.89 time, 3280.01 real, 2571 MB
[runlim] sample:		3289.89 time, 3290.02 real, 2592 MB
[runlim] sample:		3299.89 time, 3300.02 real, 2585 MB
[runlim] sample:		3309.89 time, 3310.01 real, 2593 MB
[runlim] sample:		3319.88 time, 3320.02 real, 2589 MB
[runlim] sample:		3329.89 time, 3330.01 real, 2592 MB
[runlim] sample:		3339.89 time, 3340.02 real, 2576 MB
[runlim] sample:		3349.88 time, 3350.02 real, 2585 MB
[runlim] sample:		3359.89 time, 3360.02 real, 2609 MB
[runlim] sample:		3369.89 time, 3370.02 real, 2632 MB
[runlim] sample:		3379.88 time, 3380.02 real, 2635 MB
[runlim] sample:		3389.89 time, 3390.02 real, 2629 MB
[runlim] sample:		3399.89 time, 3400.02 real, 2623 MB
[runlim] sample:		3409.89 time, 3410.02 real, 2623 MB
[runlim] sample:		3419.89 time, 3420.02 real, 2624 MB
[runlim] sample:		3429.89 time, 3430.02 real, 2634 MB
[runlim] sample:		3439.88 time, 3440.02 real, 2640 MB
[runlim] sample:		3449.88 time, 3450.01 real, 2636 MB
[runlim] sample:		3459.89 time, 3460.02 real, 2630 MB
[runlim] sample:		3469.88 time, 3470.01 real, 2631 MB
[runlim] sample:		3479.88 time, 3480.02 real, 2644 MB
[runlim] sample:		3489.88 time, 3490.02 real, 2655 MB
[runlim] sample:		3499.88 time, 3500.02 real, 2679 MB
[runlim] sample:		3509.88 time, 3510.02 real, 2697 MB
[runlim] sample:		3519.89 time, 3520.02 real, 2676 MB
[runlim] sample:		3529.88 time, 3530.02 real, 2676 MB
[runlim] sample:		3539.88 time, 3540.02 real, 2679 MB
[runlim] sample:		3549.88 time, 3550.02 real, 2679 MB
[runlim] sample:		3559.89 time, 3560.02 real, 2692 MB
[runlim] sample:		3569.88 time, 3570.02 real, 2691 MB
[runlim] sample:		3579.87 time, 3580.01 real, 2686 MB
[runlim] sample:		3589.88 time, 3590.02 real, 2705 MB
[runlim] sample:		3599.88 time, 3600.02 real, 2728 MB
[runlim] end:			Wed Oct 16 12:03:47 2019
[runlim] status:		out of time
[runlim] result:		2
[runlim] children:		2
[runlim] real:			3600.10 seconds
[runlim] time:			3599.88 seconds
[runlim] space:			2855 MB
[runlim] samples:		36000
