c host: c3n10
c start: Wed Oct 16 10:24:40 CEST 2019
c arrayjobid: 17562834
c jobid: 17564144
c benchmark: /home/mathias/hwmcc19/benchmarks-single/btor2/wolf/2019A/picorv32_mutBY_mem-p3.btor
c solver: ./run-btormc.sh
c solver options: 
c tmpdir: /tmp/slurm.17564144.0
sat
b0 
#0
0 1 ref.trap#0
1 1 uut.trap#0
2 0 ref.mem_valid#0
3 0 uut.mem_valid#0
4 0 ref.mem_instr#0
5 0 uut.mem_instr#0
6 00000000000000000000000000000000 ref.mem_addr#0
7 00000000000000000000000000000000 uut.mem_addr#0
8 0001 ref.mem_wstrb#0
9 0000 uut.mem_wstrb#0
10 00000000000000000000000000000000 ref.mem_wdata#0
11 00000000000000000000000000000000 uut.mem_wdata#0
13 00000000000000000000000000000000 ref.reg_op1#0
14 00000000000000000000000000000000 ref.reg_op2#0
15 1 ref.instr_sub#0
16 00000000000000000000000000000000 state16#0
17 1 ref.instr_sra#0
18 1 ref.instr_srai#0
19 0 ref.instr_srl#0
20 1 ref.instr_srli#0
21 1 ref.instr_sll#0
22 1 ref.instr_slli#0
23 0 ref.instr_andi#0
24 0 ref.instr_and#0
25 0 ref.instr_ori#0
26 0 ref.instr_or#0
27 0 ref.instr_xori#0
28 1 ref.instr_xor#0
29 1 state29#0
30 0 ref.is_sltiu_bltu_sltu#0
31 0 ref.is_slti_blt_slt#0
32 0 ref.instr_bgeu#0
33 1 ref.instr_bge#0
34 1 ref.instr_bne#0
35 1 ref.instr_beq#0
36 1 ref.is_compare#0
37 1 ref.is_lui_auipc_jal_jalr_addi_add_sub#0
38 00000000000000000000000000000000 ref.alu_out_q#0
39 1 ref.prefetched_high_word#0
40 0 ref.clear_prefetched_high_word_q#0
41 1 ref.latched_branch#0
42 11 ref.irq_state#0
43 1 ref.compressed_instr#0
44 1111111111111111111111111111111111111111111111111111111111111111 ref.count_cycle#0
45 0000000000000000001111111111111111111111111111111111111111111111 ref.count_instr#0
46 00100000 ref.cpu_state#0
48 10010 ref.decoded_rs1#0
49 00000 ref.decoded_rs2#0
50 00000000000000000000000000000000 state50#0
51 11111111111111111111111111111111 ref.irq_pending#0
52 11111111111111111111111111111111 ref.irq_mask#0
53 11111111111111111111111111110010 ref.reg_next_pc#0
54 1 ref.latched_compr#0
55 11111111111111111111111111111010 ref.reg_out#0
56 1 ref.latched_stalu#0
57 1 ref.latched_store#0
58 01111111111111111111111111111111 ref.reg_pc#0
59 11111111111111111111111111111111 ref.decoded_imm#0
60 11111111111111111111111111110011 ref.decoded_imm_j#0
61 00000 ref.decoded_rd#0
62 1 ref.decoder_pseudo_trigger#0
63 1 ref.decoder_trigger#0
64 0 ref.do_waitirq#0
65 1 ref.instr_add#0
66 1 ref.instr_addi#0
67 1 ref.instr_auipc#0
68 0 ref.instr_blt#0
69 1 ref.instr_bltu#0
70 1 ref.instr_jal#0
71 1 ref.instr_jalr#0
72 1 ref.instr_lb#0
73 1 ref.instr_lbu#0
74 1 ref.instr_lh#0
75 1 ref.instr_lhu#0
76 1 ref.instr_lui#0
77 1 ref.instr_lw#0
78 1 ref.instr_maskirq#0
79 1 ref.instr_rdcycle#0
80 1 ref.instr_rdcycleh#0
81 1 ref.instr_rdinstr#0
82 1 ref.instr_rdinstrh#0
83 1 ref.instr_retirq#0
84 1 ref.instr_sb#0
85 1 ref.instr_sh#0
86 1 ref.instr_slt#0
87 1 ref.instr_slti#0
88 1 ref.instr_sltiu#0
89 1 ref.instr_sltu#0
90 1 ref.instr_sw#0
91 1 ref.instr_timer#0
92 1 ref.instr_waitirq#0
93 1 ref.irq_active#0
94 1 ref.irq_delay#0
95 1 ref.is_alu_reg_imm#0
96 1 ref.is_alu_reg_reg#0
97 1 ref.is_beq_bne_blt_bge_bltu_bgeu#0
98 1 ref.is_jalr_addi_slti_sltiu_xori_ori_andi#0
99 1 ref.is_lb_lh_lw_lbu_lhu#0
100 1 ref.is_lbu_lhu_lw#0
101 1 ref.is_lui_auipc_jal#0
102 1 ref.is_sb_sh_sw#0
103 1 ref.is_slli_srli_srai#0
104 1 ref.last_mem_valid#0
105 1 ref.latched_is_lb#0
106 1 ref.latched_is_lh#0
107 1 ref.latched_is_lu#0
108 00000 ref.latched_rd#0
109 1000000000000000 ref.mem_16bit_buffer#0
110 0 ref.mem_do_prefetch#0
111 1 ref.mem_do_rdata#0
112 0 ref.mem_do_rinst#0
113 1 ref.mem_do_wdata#0
114 0 ref.mem_la_secondword#0
115 11 ref.mem_state#0
116 11001111111111010000111111111100 ref.mem_rdata_q#0
117 0 ref.mem_la_firstword_reg#0
118 00000000000000000000000000000010 state118#0
119 11 ref.mem_wordsize#0
120 0001 state120#0
121 00000000000000000000000000000001 state121#0
122 11111111 state122#0
123 0000000000000000 state123#0
124 00000 ref.reg_sh#0
125 11111111111111111111111111111111 ref.timer#0
126 11111111111111111111111111111111 uut.reg_op1#0
127 11111111111111111111111111111111 uut.reg_op2#0
128 1 uut.instr_sub#0
129 00000000000000000000000000000000 state129#0
130 1 uut.instr_sra#0
131 1 uut.instr_srai#0
132 0 uut.instr_srl#0
133 0 uut.instr_srli#0
134 0 uut.instr_sll#0
135 0 uut.instr_slli#0
136 0 uut.instr_andi#0
137 0 uut.instr_and#0
138 0 uut.instr_ori#0
139 0 uut.instr_or#0
140 0 uut.instr_xori#0
141 1 uut.instr_xor#0
142 1 state142#0
143 0 uut.is_sltiu_bltu_sltu#0
144 0 uut.is_slti_blt_slt#0
145 0 uut.instr_bgeu#0
146 1 uut.instr_bge#0
147 1 uut.instr_bne#0
148 1 uut.instr_beq#0
149 1 uut.is_compare#0
150 1 uut.is_lui_auipc_jal_jalr_addi_add_sub#0
151 00000000000000000000000000000000 uut.alu_out_q#0
152 1 uut.prefetched_high_word#0
153 0 uut.clear_prefetched_high_word_q#0
154 1 uut.latched_branch#0
155 11 uut.irq_state#0
156 1 uut.compressed_instr#0
157 1111111111111111111111111111111111111111111111111111111111111111 uut.count_cycle#0
158 0000000000000001111111111111111111111111111111111111111111111111 uut.count_instr#0
159 10000000 uut.cpu_state#0
161 10101 uut.decoded_rs1#0
162 11001 uut.decoded_rs2#0
163 11111111111111111111111111110011 state163#0
164 11111111111111111111111111111111 uut.irq_pending#0
165 11111111111111111111111111111111 uut.irq_mask#0
166 11111111111111111111111111110010 uut.reg_next_pc#0
167 1 uut.latched_compr#0
168 00111111111111111111111111111100 uut.reg_out#0
169 1 uut.latched_stalu#0
170 1 uut.latched_store#0
171 01111111111111111111111111111111 uut.reg_pc#0
172 11111111111111111111111111111111 uut.decoded_imm#0
173 11111111111111111111111111111101 uut.decoded_imm_j#0
174 00011 uut.decoded_rd#0
175 0 uut.decoder_pseudo_trigger#0
176 1 uut.decoder_trigger#0
177 1 uut.do_waitirq#0
178 1 uut.instr_add#0
179 1 uut.instr_addi#0
180 1 uut.instr_auipc#0
181 0 uut.instr_blt#0
182 1 uut.instr_bltu#0
183 1 uut.instr_jal#0
184 1 uut.instr_jalr#0
185 1 uut.instr_lb#0
186 1 uut.instr_lbu#0
187 1 uut.instr_lh#0
188 1 uut.instr_lhu#0
189 1 uut.instr_lui#0
190 1 uut.instr_lw#0
191 1 uut.instr_maskirq#0
192 1 uut.instr_rdcycle#0
193 1 uut.instr_rdcycleh#0
194 1 uut.instr_rdinstr#0
195 1 uut.instr_rdinstrh#0
196 1 uut.instr_retirq#0
197 1 uut.instr_sb#0
198 1 uut.instr_sh#0
199 1 uut.instr_slt#0
200 1 uut.instr_slti#0
201 1 uut.instr_sltiu#0
202 1 uut.instr_sltu#0
203 1 uut.instr_sw#0
204 1 uut.instr_timer#0
205 1 uut.instr_waitirq#0
206 1 uut.irq_active#0
207 0 uut.irq_delay#0
208 1 uut.is_alu_reg_imm#0
209 1 uut.is_alu_reg_reg#0
210 1 uut.is_beq_bne_blt_bge_bltu_bgeu#0
211 1 uut.is_jalr_addi_slti_sltiu_xori_ori_andi#0
212 1 uut.is_lb_lh_lw_lbu_lhu#0
213 1 uut.is_lbu_lhu_lw#0
214 1 uut.is_lui_auipc_jal#0
215 1 uut.is_sb_sh_sw#0
216 1 uut.is_slli_srli_srai#0
217 1 uut.last_mem_valid#0
218 1 uut.latched_is_lb#0
219 1 uut.latched_is_lh#0
220 1 uut.latched_is_lu#0
221 00000 uut.latched_rd#0
222 1000000000000000 uut.mem_16bit_buffer#0
223 1 uut.mem_do_prefetch#0
224 1 uut.mem_do_rdata#0
225 1 uut.mem_do_rinst#0
226 1 uut.mem_do_wdata#0
227 1 uut.mem_la_secondword#0
228 11 uut.mem_state#0
229 11010111111101111101011111101111 uut.mem_rdata_q#0
230 0 uut.mem_la_firstword_reg#0
231 00000000000000000000000000000000 state231#0
232 11 uut.mem_wordsize#0
233 0000 state233#0
234 00000000000000000000000000000001 state234#0
235 10000001 state235#0
236 0000000000000000 state236#0
237 00000 uut.reg_sh#0
238 11111111111111111111111111111111 uut.timer#0
239 00000000000000000000000000000000 state239#0
240 00000000000000000000000000000000 state240#0
241 1 state241#0
242 1 state242#0
243 000000000000000000000000000000 state243#0
244 00000000000000000000000000000001 state244#0
245 00000000000000000000000000001011 state245#0
246 11111111111111111111111111111111 state246#0
247 11111111111111111111111111111111 state247#0
248 1 state248#0
249 0 state249#0
250 0 state250#0
251 0 state251#0
252 00000 state252#0
253 00000000000000000000000000000000 state253#0
254 00000000000000000000000000000000 state254#0
255 1 state255#0
256 1 state256#0
257 010101010000100101111100111001 state257#0
258 00000000011110111110110011101100 state258#0
259 00000000000000000000000000001011 state259#0
260 11111111111111111111111111111111 state260#0
261 11111111111111111111111111111111 state261#0
262 1 state262#0
263 0 state263#0
264 1 state264#0
265 0 state265#0
266 00000 state266#0
@0
0 0 clk@0
1 00000000000000000000000000000011 irq@0
2 11111111111111111111111111111111 mem_rdata@0
3 1 mem_ready@0
4 0 resetn@0
@1
0 0 clk@1
1 00000000000000000000000000000000 irq@1
2 11111111111111111111111111111111 mem_rdata@1
3 1 mem_ready@1
4 1 resetn@1
@2
0 0 clk@2
1 00000000000000000000000000000000 irq@2
2 11111111111111111111111111111111 mem_rdata@2
3 1 mem_ready@2
4 1 resetn@2
@3
0 0 clk@3
1 00000000000000000000000000000000 irq@3
2 00000110001000011000000100001011 mem_rdata@3
3 1 mem_ready@3
4 1 resetn@3
@4
0 0 clk@4
1 00000000000000000000000000000000 irq@4
2 11111111111111111111111111111111 mem_rdata@4
3 1 mem_ready@4
4 1 resetn@4
@5
0 0 clk@5
1 00000000000000000000000000000000 irq@5
2 11111111111111111111111111111111 mem_rdata@5
3 1 mem_ready@5
4 1 resetn@5
@6
0 0 clk@6
1 00000000000000000000000000000000 irq@6
2 10000000000000001001100000000000 mem_rdata@6
3 0 mem_ready@6
4 1 resetn@6
@7
0 0 clk@7
1 00000000000000100000000000000000 irq@7
2 10000000101101011011010110110111 mem_rdata@7
3 1 mem_ready@7
4 1 resetn@7
@8
0 0 clk@8
1 00000000000000000000000000000000 irq@8
2 11111111111111111111111111111101 mem_rdata@8
3 1 mem_ready@8
4 1 resetn@8
@9
0 0 clk@9
1 00000000000000000000000000010000 irq@9
2 11111111111111111111111111111101 mem_rdata@9
3 1 mem_ready@9
4 1 resetn@9
@10
0 0 clk@10
1 11111111111111111111111100000110 irq@10
2 11111111111111111010001111111111 mem_rdata@10
3 1 mem_ready@10
4 1 resetn@10
@11
0 0 clk@11
1 00000000000000000000000000000000 irq@11
2 00100000010000011010110000100011 mem_rdata@11
3 1 mem_ready@11
4 1 resetn@11
@12
0 0 clk@12
1 00000000000000000000000000000101 irq@12
2 11111111100000111000001010000010 mem_rdata@12
3 1 mem_ready@12
4 1 resetn@12
@13
0 0 clk@13
1 11111111111111111111111111111111 irq@13
2 11111111111111110000000000000011 mem_rdata@13
3 1 mem_ready@13
4 1 resetn@13
@14
0 0 clk@14
1 00000000000000000000000000000000 irq@14
2 00000000000000000000000000000010 mem_rdata@14
3 1 mem_ready@14
4 1 resetn@14
@15
0 0 clk@15
1 00000000000000000000000000000000 irq@15
2 11111111111111111111111111111111 mem_rdata@15
3 1 mem_ready@15
4 1 resetn@15
@16
0 0 clk@16
1 00000000000000000000000000000000 irq@16
2 00000000000000000000000000000000 mem_rdata@16
3 0 mem_ready@16
4 1 resetn@16
.
c done
