[runlim] version:		1.17
[runlim] host:			c3n29
[runlim] time limit:		311040000 seconds
[runlim] real time limit:	3600 seconds
[runlim] space limit:		120000 MB
[runlim] argv[0]:		./run-btormc.sh
[runlim] argv[1]:		/tmp/yMZKRgQT.btor
[runlim] start:			Wed Oct 16 12:55:48 2019
[runlim] child:			21358
[runlim] sample:		10.00 time, 10.02 real, 157 MB
[runlim] sample:		20.00 time, 20.02 real, 259 MB
[runlim] sample:		30.00 time, 30.02 real, 288 MB
[runlim] sample:		40.00 time, 40.02 real, 363 MB
[runlim] sample:		50.00 time, 50.02 real, 336 MB
[runlim] sample:		60.00 time, 60.02 real, 409 MB
[runlim] sample:		70.00 time, 70.02 real, 418 MB
[runlim] sample:		79.99 time, 80.01 real, 460 MB
[runlim] sample:		90.00 time, 90.02 real, 557 MB
[runlim] sample:		100.00 time, 100.02 real, 512 MB
[runlim] sample:		110.00 time, 110.02 real, 510 MB
[runlim] sample:		120.00 time, 120.02 real, 481 MB
[runlim] sample:		130.00 time, 130.02 real, 494 MB
[runlim] sample:		140.00 time, 140.02 real, 504 MB
[runlim] sample:		149.99 time, 150.02 real, 527 MB
[runlim] sample:		160.00 time, 160.02 real, 579 MB
[runlim] sample:		169.99 time, 170.02 real, 587 MB
[runlim] sample:		179.99 time, 180.02 real, 601 MB
[runlim] sample:		189.99 time, 190.02 real, 627 MB
[runlim] sample:		200.00 time, 200.01 real, 655 MB
[runlim] sample:		210.00 time, 210.02 real, 674 MB
[runlim] sample:		220.00 time, 220.02 real, 721 MB
[runlim] sample:		230.00 time, 230.02 real, 772 MB
[runlim] sample:		240.00 time, 240.02 real, 691 MB
[runlim] sample:		250.00 time, 250.02 real, 705 MB
[runlim] sample:		259.99 time, 260.02 real, 726 MB
[runlim] sample:		270.00 time, 270.02 real, 725 MB
[runlim] sample:		280.00 time, 280.02 real, 743 MB
[runlim] sample:		289.99 time, 290.02 real, 771 MB
[runlim] sample:		300.00 time, 300.01 real, 788 MB
[runlim] sample:		309.99 time, 310.02 real, 802 MB
[runlim] sample:		319.99 time, 320.02 real, 820 MB
[runlim] sample:		329.99 time, 330.02 real, 856 MB
[runlim] sample:		339.99 time, 340.02 real, 862 MB
[runlim] sample:		350.00 time, 350.02 real, 857 MB
[runlim] sample:		359.99 time, 360.02 real, 812 MB
[runlim] sample:		369.99 time, 370.02 real, 843 MB
[runlim] sample:		380.00 time, 380.02 real, 826 MB
[runlim] sample:		389.99 time, 390.02 real, 855 MB
[runlim] sample:		400.00 time, 400.02 real, 857 MB
[runlim] sample:		409.99 time, 410.02 real, 875 MB
[runlim] sample:		419.99 time, 420.02 real, 895 MB
[runlim] sample:		429.99 time, 430.02 real, 893 MB
[runlim] sample:		439.99 time, 440.02 real, 884 MB
[runlim] sample:		449.99 time, 450.02 real, 901 MB
[runlim] sample:		459.99 time, 460.02 real, 917 MB
[runlim] sample:		469.99 time, 470.02 real, 927 MB
[runlim] sample:		479.99 time, 480.02 real, 924 MB
[runlim] sample:		489.99 time, 490.02 real, 924 MB
[runlim] sample:		499.99 time, 500.02 real, 924 MB
[runlim] sample:		509.99 time, 510.02 real, 950 MB
[runlim] sample:		519.99 time, 520.02 real, 950 MB
[runlim] sample:		529.99 time, 530.02 real, 949 MB
[runlim] sample:		540.00 time, 540.02 real, 949 MB
[runlim] sample:		549.99 time, 550.02 real, 951 MB
[runlim] sample:		559.99 time, 560.02 real, 971 MB
[runlim] sample:		569.99 time, 570.02 real, 983 MB
[runlim] sample:		579.99 time, 580.02 real, 990 MB
[runlim] sample:		589.99 time, 590.02 real, 1029 MB
[runlim] sample:		599.99 time, 600.02 real, 1039 MB
[runlim] sample:		609.99 time, 610.02 real, 1065 MB
[runlim] sample:		619.99 time, 620.02 real, 1059 MB
[runlim] sample:		629.99 time, 630.02 real, 1059 MB
[runlim] sample:		639.99 time, 640.02 real, 1087 MB
[runlim] sample:		649.99 time, 650.02 real, 1094 MB
[runlim] sample:		659.99 time, 660.02 real, 1101 MB
[runlim] sample:		669.99 time, 670.02 real, 1126 MB
[runlim] sample:		679.99 time, 680.02 real, 1138 MB
[runlim] sample:		689.99 time, 690.02 real, 1164 MB
[runlim] sample:		699.99 time, 700.02 real, 1162 MB
[runlim] sample:		709.99 time, 710.02 real, 1178 MB
[runlim] sample:		719.99 time, 720.02 real, 1254 MB
[runlim] sample:		729.99 time, 730.02 real, 1253 MB
[runlim] sample:		739.99 time, 740.02 real, 1268 MB
[runlim] sample:		749.99 time, 750.02 real, 1391 MB
[runlim] sample:		759.99 time, 760.02 real, 1355 MB
[runlim] sample:		769.99 time, 770.02 real, 1292 MB
[runlim] sample:		779.98 time, 780.02 real, 1327 MB
[runlim] sample:		789.99 time, 790.02 real, 1330 MB
[runlim] sample:		799.99 time, 800.02 real, 1332 MB
[runlim] sample:		809.99 time, 810.02 real, 1334 MB
[runlim] sample:		819.99 time, 820.02 real, 1334 MB
[runlim] sample:		829.99 time, 830.02 real, 1399 MB
[runlim] sample:		839.99 time, 840.02 real, 1334 MB
[runlim] sample:		849.99 time, 850.02 real, 1340 MB
[runlim] sample:		859.99 time, 860.02 real, 1367 MB
[runlim] sample:		869.98 time, 870.02 real, 1360 MB
[runlim] sample:		879.99 time, 880.02 real, 1373 MB
[runlim] sample:		889.98 time, 890.02 real, 1368 MB
[runlim] sample:		899.99 time, 900.02 real, 1368 MB
[runlim] sample:		909.98 time, 910.02 real, 1393 MB
[runlim] sample:		919.98 time, 920.02 real, 1412 MB
[runlim] sample:		929.98 time, 930.02 real, 1404 MB
[runlim] sample:		939.98 time, 940.02 real, 1456 MB
[runlim] sample:		949.99 time, 950.02 real, 1394 MB
[runlim] sample:		959.99 time, 960.02 real, 1443 MB
[runlim] sample:		969.99 time, 970.02 real, 1420 MB
[runlim] sample:		979.99 time, 980.02 real, 1443 MB
[runlim] sample:		989.99 time, 990.02 real, 1440 MB
[runlim] sample:		999.99 time, 1000.02 real, 1434 MB
[runlim] sample:		1009.98 time, 1010.02 real, 1434 MB
[runlim] sample:		1019.98 time, 1020.02 real, 1451 MB
[runlim] sample:		1029.99 time, 1030.02 real, 1465 MB
[runlim] sample:		1039.98 time, 1040.02 real, 1470 MB
[runlim] sample:		1049.98 time, 1050.01 real, 1484 MB
[runlim] sample:		1059.98 time, 1060.02 real, 1471 MB
[runlim] sample:		1069.98 time, 1070.02 real, 1485 MB
[runlim] sample:		1079.98 time, 1080.02 real, 1503 MB
[runlim] sample:		1089.99 time, 1090.02 real, 1506 MB
[runlim] sample:		1099.98 time, 1100.02 real, 1487 MB
[runlim] sample:		1109.98 time, 1110.02 real, 1503 MB
[runlim] sample:		1119.98 time, 1120.01 real, 1507 MB
[runlim] sample:		1129.98 time, 1130.02 real, 1505 MB
[runlim] sample:		1139.98 time, 1140.02 real, 1510 MB
[runlim] sample:		1149.98 time, 1150.02 real, 1603 MB
[runlim] sample:		1159.98 time, 1160.02 real, 1503 MB
[runlim] sample:		1169.99 time, 1170.02 real, 1503 MB
[runlim] sample:		1179.98 time, 1180.02 real, 1516 MB
[runlim] sample:		1189.98 time, 1190.02 real, 1516 MB
[runlim] sample:		1199.99 time, 1200.02 real, 1534 MB
[runlim] sample:		1209.98 time, 1210.02 real, 1553 MB
[runlim] sample:		1219.98 time, 1220.02 real, 1540 MB
[runlim] sample:		1229.98 time, 1230.02 real, 1561 MB
[runlim] sample:		1239.98 time, 1240.02 real, 1575 MB
[runlim] sample:		1249.98 time, 1250.02 real, 1573 MB
[runlim] sample:		1259.98 time, 1260.02 real, 1588 MB
[runlim] sample:		1269.99 time, 1270.02 real, 1601 MB
[runlim] sample:		1279.98 time, 1280.02 real, 1604 MB
[runlim] sample:		1289.98 time, 1290.02 real, 1620 MB
[runlim] sample:		1299.98 time, 1300.02 real, 1613 MB
[runlim] sample:		1309.98 time, 1310.02 real, 1684 MB
[runlim] sample:		1319.98 time, 1320.02 real, 1596 MB
[runlim] sample:		1329.98 time, 1330.02 real, 1635 MB
[runlim] sample:		1339.98 time, 1340.02 real, 1635 MB
[runlim] sample:		1349.98 time, 1350.02 real, 1704 MB
[runlim] sample:		1359.98 time, 1360.02 real, 1644 MB
[runlim] sample:		1369.98 time, 1370.02 real, 1640 MB
[runlim] sample:		1379.98 time, 1380.02 real, 1639 MB
[runlim] sample:		1389.98 time, 1390.02 real, 1652 MB
[runlim] sample:		1399.98 time, 1400.02 real, 1667 MB
[runlim] sample:		1409.98 time, 1410.02 real, 1615 MB
[runlim] sample:		1419.98 time, 1420.02 real, 1649 MB
[runlim] sample:		1429.98 time, 1430.02 real, 1672 MB
[runlim] sample:		1439.98 time, 1440.01 real, 1666 MB
[runlim] sample:		1449.98 time, 1450.02 real, 1669 MB
[runlim] sample:		1459.98 time, 1460.02 real, 1669 MB
[runlim] sample:		1469.98 time, 1470.02 real, 1698 MB
[runlim] sample:		1479.98 time, 1480.02 real, 1714 MB
[runlim] sample:		1489.98 time, 1490.02 real, 1714 MB
[runlim] sample:		1499.97 time, 1500.02 real, 1727 MB
[runlim] sample:		1509.98 time, 1510.02 real, 1747 MB
[runlim] sample:		1519.98 time, 1520.01 real, 1748 MB
[runlim] sample:		1529.97 time, 1530.02 real, 1748 MB
[runlim] sample:		1539.97 time, 1540.02 real, 1746 MB
[runlim] sample:		1549.98 time, 1550.02 real, 1775 MB
[runlim] sample:		1559.98 time, 1560.01 real, 1788 MB
[runlim] sample:		1569.98 time, 1570.02 real, 1776 MB
[runlim] sample:		1579.98 time, 1580.02 real, 1771 MB
[runlim] sample:		1589.97 time, 1590.02 real, 1808 MB
[runlim] sample:		1599.98 time, 1600.02 real, 1797 MB
[runlim] sample:		1609.98 time, 1610.02 real, 1822 MB
[runlim] sample:		1619.98 time, 1620.01 real, 1839 MB
[runlim] sample:		1629.98 time, 1630.02 real, 1828 MB
[runlim] sample:		1639.98 time, 1640.01 real, 1849 MB
[runlim] sample:		1649.97 time, 1650.02 real, 1836 MB
[runlim] sample:		1659.97 time, 1660.02 real, 1860 MB
[runlim] sample:		1669.97 time, 1670.01 real, 1879 MB
[runlim] sample:		1679.97 time, 1680.02 real, 1879 MB
[runlim] sample:		1689.97 time, 1690.02 real, 1869 MB
[runlim] sample:		1699.97 time, 1700.02 real, 1877 MB
[runlim] sample:		1709.98 time, 1710.02 real, 1905 MB
[runlim] sample:		1719.97 time, 1720.02 real, 1924 MB
[runlim] sample:		1729.97 time, 1730.01 real, 1916 MB
[runlim] sample:		1739.97 time, 1740.02 real, 1923 MB
[runlim] sample:		1749.97 time, 1750.02 real, 1935 MB
[runlim] sample:		1759.97 time, 1760.02 real, 1952 MB
[runlim] sample:		1769.98 time, 1770.01 real, 1962 MB
[runlim] sample:		1779.98 time, 1780.02 real, 1945 MB
[runlim] sample:		1789.98 time, 1790.02 real, 1956 MB
[runlim] sample:		1799.98 time, 1800.02 real, 2020 MB
[runlim] sample:		1809.98 time, 1810.02 real, 2015 MB
[runlim] sample:		1819.97 time, 1820.02 real, 2015 MB
[runlim] sample:		1829.97 time, 1830.02 real, 2017 MB
[runlim] sample:		1839.97 time, 1840.02 real, 2015 MB
[runlim] sample:		1849.97 time, 1850.02 real, 2044 MB
[runlim] sample:		1859.97 time, 1860.02 real, 2059 MB
[runlim] sample:		1869.97 time, 1870.02 real, 2050 MB
[runlim] sample:		1879.97 time, 1880.02 real, 2049 MB
[runlim] sample:		1889.97 time, 1890.02 real, 2058 MB
[runlim] sample:		1899.97 time, 1900.02 real, 2074 MB
[runlim] sample:		1909.98 time, 1910.02 real, 2091 MB
[runlim] sample:		1919.98 time, 1920.02 real, 2076 MB
[runlim] sample:		1929.98 time, 1930.02 real, 2113 MB
[runlim] sample:		1939.98 time, 1940.01 real, 2137 MB
[runlim] sample:		1949.97 time, 1950.02 real, 2148 MB
[runlim] sample:		1959.97 time, 1960.02 real, 2159 MB
[runlim] sample:		1969.97 time, 1970.02 real, 2155 MB
[runlim] sample:		1979.97 time, 1980.02 real, 2146 MB
[runlim] sample:		1989.98 time, 1990.02 real, 2170 MB
[runlim] sample:		1999.97 time, 2000.02 real, 2170 MB
[runlim] sample:		2009.97 time, 2010.02 real, 2188 MB
[runlim] sample:		2019.97 time, 2020.01 real, 2198 MB
[runlim] sample:		2029.98 time, 2030.02 real, 2189 MB
[runlim] sample:		2039.97 time, 2040.02 real, 2217 MB
[runlim] sample:		2049.97 time, 2050.01 real, 2229 MB
[runlim] sample:		2059.98 time, 2060.02 real, 2212 MB
[runlim] sample:		2069.97 time, 2070.02 real, 2244 MB
[runlim] sample:		2079.97 time, 2080.01 real, 2259 MB
[runlim] sample:		2089.98 time, 2090.02 real, 2246 MB
[runlim] sample:		2099.97 time, 2100.02 real, 2255 MB
[runlim] sample:		2109.97 time, 2110.02 real, 2254 MB
[runlim] sample:		2119.97 time, 2120.02 real, 2258 MB
[runlim] sample:		2129.97 time, 2130.01 real, 2282 MB
[runlim] sample:		2139.97 time, 2140.02 real, 2287 MB
[runlim] sample:		2149.97 time, 2150.02 real, 2348 MB
[runlim] sample:		2159.97 time, 2160.02 real, 2359 MB
[runlim] sample:		2169.97 time, 2170.02 real, 2378 MB
[runlim] sample:		2179.97 time, 2180.02 real, 2366 MB
[runlim] sample:		2189.97 time, 2190.02 real, 2378 MB
[runlim] sample:		2199.97 time, 2200.02 real, 2379 MB
[runlim] sample:		2209.97 time, 2210.02 real, 2386 MB
[runlim] sample:		2219.97 time, 2220.02 real, 2374 MB
[runlim] sample:		2229.97 time, 2230.01 real, 2416 MB
[runlim] sample:		2239.97 time, 2240.02 real, 2515 MB
[runlim] sample:		2249.97 time, 2250.02 real, 2402 MB
[runlim] sample:		2259.97 time, 2260.02 real, 2413 MB
[runlim] sample:		2269.97 time, 2270.02 real, 2413 MB
[runlim] sample:		2279.97 time, 2280.02 real, 2413 MB
[runlim] sample:		2289.97 time, 2290.02 real, 2445 MB
[runlim] sample:		2299.97 time, 2300.02 real, 2574 MB
[runlim] sample:		2309.97 time, 2310.02 real, 2468 MB
[runlim] sample:		2319.97 time, 2320.02 real, 2534 MB
[runlim] sample:		2329.97 time, 2330.02 real, 2483 MB
[runlim] sample:		2339.97 time, 2340.01 real, 2494 MB
[runlim] sample:		2349.97 time, 2350.02 real, 2514 MB
[runlim] sample:		2359.96 time, 2360.02 real, 2514 MB
[runlim] sample:		2369.96 time, 2370.02 real, 2518 MB
[runlim] sample:		2379.97 time, 2380.02 real, 2514 MB
[runlim] sample:		2389.96 time, 2390.02 real, 2522 MB
[runlim] sample:		2399.97 time, 2400.01 real, 2527 MB
[runlim] sample:		2409.96 time, 2410.02 real, 2535 MB
[runlim] sample:		2419.97 time, 2420.02 real, 2528 MB
[runlim] sample:		2429.96 time, 2430.02 real, 2528 MB
[runlim] sample:		2439.96 time, 2440.02 real, 2528 MB
[runlim] sample:		2449.96 time, 2450.02 real, 2536 MB
[runlim] sample:		2459.97 time, 2460.02 real, 2556 MB
[runlim] sample:		2469.96 time, 2470.01 real, 2566 MB
[runlim] sample:		2479.96 time, 2480.02 real, 2548 MB
[runlim] sample:		2489.97 time, 2490.02 real, 2548 MB
[runlim] sample:		2499.97 time, 2500.02 real, 2548 MB
[runlim] sample:		2509.97 time, 2510.02 real, 2548 MB
[runlim] sample:		2519.97 time, 2520.02 real, 2697 MB
[runlim] sample:		2529.96 time, 2530.02 real, 2553 MB
[runlim] sample:		2539.96 time, 2540.02 real, 2553 MB
[runlim] sample:		2549.96 time, 2550.02 real, 2563 MB
[runlim] sample:		2559.96 time, 2560.02 real, 2591 MB
[runlim] sample:		2569.97 time, 2570.02 real, 2605 MB
[runlim] sample:		2579.96 time, 2580.01 real, 2594 MB
[runlim] sample:		2589.97 time, 2590.02 real, 2592 MB
[runlim] sample:		2599.96 time, 2600.02 real, 2592 MB
[runlim] sample:		2609.96 time, 2610.02 real, 2597 MB
[runlim] sample:		2619.96 time, 2620.02 real, 2592 MB
[runlim] sample:		2629.97 time, 2630.02 real, 2592 MB
[runlim] sample:		2639.97 time, 2640.02 real, 2673 MB
[runlim] sample:		2649.96 time, 2650.02 real, 2569 MB
[runlim] sample:		2659.97 time, 2660.02 real, 2585 MB
[runlim] sample:		2669.96 time, 2670.02 real, 2668 MB
[runlim] sample:		2679.96 time, 2680.02 real, 2598 MB
[runlim] sample:		2689.96 time, 2690.02 real, 2596 MB
[runlim] sample:		2699.96 time, 2700.02 real, 2633 MB
[runlim] sample:		2709.96 time, 2710.02 real, 2638 MB
[runlim] sample:		2719.96 time, 2720.02 real, 2633 MB
[runlim] sample:		2729.96 time, 2730.02 real, 2633 MB
[runlim] sample:		2739.96 time, 2740.02 real, 2633 MB
[runlim] sample:		2749.96 time, 2750.02 real, 2640 MB
[runlim] sample:		2759.96 time, 2760.02 real, 2633 MB
[runlim] sample:		2769.96 time, 2770.02 real, 2641 MB
[runlim] sample:		2779.97 time, 2780.02 real, 2633 MB
[runlim] sample:		2789.96 time, 2790.02 real, 2634 MB
[runlim] sample:		2799.97 time, 2800.02 real, 2637 MB
[runlim] sample:		2809.97 time, 2810.02 real, 2634 MB
[runlim] sample:		2819.96 time, 2820.02 real, 2643 MB
[runlim] sample:		2829.96 time, 2830.02 real, 2661 MB
[runlim] sample:		2839.96 time, 2840.02 real, 2678 MB
[runlim] sample:		2849.96 time, 2850.02 real, 2664 MB
[runlim] sample:		2859.96 time, 2860.02 real, 2665 MB
[runlim] sample:		2869.96 time, 2870.02 real, 2674 MB
[runlim] sample:		2879.97 time, 2880.02 real, 2697 MB
[runlim] sample:		2889.96 time, 2890.02 real, 2714 MB
[runlim] sample:		2899.96 time, 2900.02 real, 2732 MB
[runlim] sample:		2909.96 time, 2910.02 real, 2711 MB
[runlim] sample:		2919.96 time, 2920.02 real, 2791 MB
[runlim] sample:		2929.96 time, 2930.02 real, 2713 MB
[runlim] sample:		2939.96 time, 2940.02 real, 2713 MB
[runlim] sample:		2949.96 time, 2950.02 real, 2744 MB
[runlim] sample:		2959.96 time, 2960.02 real, 2761 MB
[runlim] sample:		2969.96 time, 2970.02 real, 2770 MB
[runlim] sample:		2979.96 time, 2980.02 real, 2754 MB
[runlim] sample:		2989.96 time, 2990.02 real, 2754 MB
[runlim] sample:		2999.96 time, 3000.02 real, 2760 MB
[runlim] sample:		3009.96 time, 3010.02 real, 2754 MB
[runlim] sample:		3019.96 time, 3020.02 real, 2754 MB
[runlim] sample:		3029.96 time, 3030.02 real, 2766 MB
[runlim] sample:		3039.96 time, 3040.02 real, 2757 MB
[runlim] sample:		3049.96 time, 3050.01 real, 2763 MB
[runlim] sample:		3059.96 time, 3060.02 real, 2776 MB
[runlim] sample:		3069.96 time, 3070.02 real, 2796 MB
[runlim] sample:		3079.96 time, 3080.02 real, 2808 MB
[runlim] sample:		3089.96 time, 3090.02 real, 2802 MB
[runlim] sample:		3099.96 time, 3100.01 real, 2806 MB
[runlim] sample:		3109.95 time, 3110.02 real, 2833 MB
[runlim] sample:		3119.96 time, 3120.02 real, 2845 MB
[runlim] sample:		3129.96 time, 3130.02 real, 2829 MB
[runlim] sample:		3139.96 time, 3140.02 real, 2854 MB
[runlim] sample:		3149.96 time, 3150.02 real, 2873 MB
[runlim] sample:		3159.96 time, 3160.02 real, 2885 MB
[runlim] sample:		3169.96 time, 3170.02 real, 2881 MB
[runlim] sample:		3179.96 time, 3180.02 real, 3008 MB
[runlim] sample:		3189.96 time, 3190.02 real, 2870 MB
[runlim] sample:		3199.96 time, 3200.02 real, 2889 MB
[runlim] sample:		3209.96 time, 3210.02 real, 2876 MB
[runlim] sample:		3219.95 time, 3220.02 real, 2885 MB
[runlim] sample:		3229.95 time, 3230.02 real, 2881 MB
[runlim] sample:		3239.95 time, 3240.02 real, 2877 MB
[runlim] sample:		3249.95 time, 3250.02 real, 2876 MB
[runlim] sample:		3259.95 time, 3260.02 real, 2895 MB
[runlim] sample:		3269.95 time, 3270.02 real, 2914 MB
[runlim] sample:		3279.96 time, 3280.02 real, 2926 MB
[runlim] sample:		3289.96 time, 3290.02 real, 2910 MB
[runlim] sample:		3299.96 time, 3300.02 real, 2910 MB
[runlim] sample:		3309.96 time, 3310.02 real, 3009 MB
[runlim] sample:		3319.96 time, 3320.02 real, 2912 MB
[runlim] sample:		3329.95 time, 3330.02 real, 2917 MB
[runlim] sample:		3339.95 time, 3340.02 real, 2910 MB
[runlim] sample:		3349.95 time, 3350.02 real, 2914 MB
[runlim] sample:		3359.96 time, 3360.02 real, 2919 MB
[runlim] sample:		3369.96 time, 3370.02 real, 2914 MB
[runlim] sample:		3379.95 time, 3380.02 real, 2920 MB
[runlim] sample:		3389.95 time, 3390.02 real, 2948 MB
[runlim] sample:		3399.96 time, 3400.02 real, 2960 MB
[runlim] sample:		3409.96 time, 3410.02 real, 2968 MB
[runlim] sample:		3419.95 time, 3420.02 real, 2952 MB
[runlim] sample:		3429.95 time, 3430.02 real, 2952 MB
[runlim] sample:		3439.96 time, 3440.02 real, 2997 MB
[runlim] sample:		3449.96 time, 3450.02 real, 2968 MB
[runlim] sample:		3459.96 time, 3460.02 real, 2984 MB
[runlim] sample:		3469.95 time, 3470.02 real, 2974 MB
[runlim] sample:		3479.95 time, 3480.02 real, 2974 MB
[runlim] sample:		3489.95 time, 3490.02 real, 2974 MB
[runlim] sample:		3499.95 time, 3500.02 real, 2976 MB
[runlim] sample:		3509.95 time, 3510.02 real, 2983 MB
[runlim] sample:		3519.95 time, 3520.02 real, 2992 MB
[runlim] sample:		3529.96 time, 3530.02 real, 3015 MB
[runlim] sample:		3539.95 time, 3540.02 real, 3031 MB
[runlim] sample:		3549.96 time, 3550.02 real, 3041 MB
[runlim] sample:		3559.96 time, 3560.02 real, 3021 MB
[runlim] sample:		3569.95 time, 3570.02 real, 3031 MB
[runlim] sample:		3579.96 time, 3580.02 real, 3026 MB
[runlim] sample:		3589.96 time, 3590.01 real, 3039 MB
[runlim] sample:		3599.95 time, 3600.02 real, 3026 MB
[runlim] end:			Wed Oct 16 13:55:48 2019
[runlim] status:		out of time
[runlim] result:		2
[runlim] children:		2
[runlim] real:			3600.10 seconds
[runlim] time:			3599.95 seconds
[runlim] space:			3193 MB
[runlim] samples:		36000
