[runlim] version:		1.17
[runlim] host:			c3n18
[runlim] time limit:		311040000 seconds
[runlim] real time limit:	3600 seconds
[runlim] space limit:		120000 MB
[runlim] argv[0]:		./run-btormc.sh
[runlim] argv[1]:		/tmp/6EqsJx24.btor
[runlim] start:			Wed Oct 16 10:07:38 2019
[runlim] child:			28991
warning: unsupported tag 'output'
warning: unsupported tag 'output'
warning: unsupported tag 'output'
warning: unsupported tag 'output'
warning: unsupported tag 'output'
warning: unsupported tag 'output'
warning: unsupported tag 'output'
warning: unsupported tag 'output'
warning: unsupported tag 'output'
warning: unsupported tag 'output'
warning: unsupported tag 'output'
warning: unsupported tag 'output'
warning: unsupported tag 'output'
warning: unsupported tag 'output'
warning: unsupported tag 'output'
warning: unsupported tag 'output'
warning: unsupported tag 'output'
warning: unsupported tag 'output'
[runlim] sample:		10.00 time, 10.02 real, 214 MB
[runlim] sample:		20.00 time, 20.02 real, 228 MB
[runlim] sample:		30.00 time, 30.02 real, 289 MB
[runlim] sample:		40.00 time, 40.01 real, 353 MB
[runlim] sample:		50.00 time, 50.01 real, 336 MB
[runlim] sample:		59.99 time, 60.01 real, 363 MB
[runlim] sample:		70.00 time, 70.01 real, 375 MB
[runlim] sample:		80.00 time, 80.01 real, 458 MB
[runlim] sample:		90.00 time, 90.01 real, 573 MB
[runlim] sample:		99.99 time, 100.01 real, 530 MB
[runlim] sample:		109.99 time, 110.01 real, 441 MB
[runlim] sample:		120.00 time, 120.01 real, 454 MB
[runlim] sample:		130.00 time, 130.01 real, 454 MB
[runlim] sample:		139.99 time, 140.01 real, 499 MB
[runlim] sample:		150.00 time, 150.01 real, 593 MB
[runlim] sample:		159.99 time, 160.01 real, 628 MB
[runlim] sample:		169.99 time, 170.01 real, 628 MB
[runlim] sample:		180.00 time, 180.01 real, 629 MB
[runlim] sample:		190.00 time, 190.01 real, 654 MB
[runlim] sample:		200.00 time, 200.01 real, 586 MB
[runlim] sample:		209.99 time, 210.01 real, 622 MB
[runlim] sample:		220.00 time, 220.01 real, 591 MB
[runlim] sample:		229.99 time, 230.01 real, 591 MB
[runlim] sample:		239.99 time, 240.01 real, 592 MB
[runlim] sample:		249.99 time, 250.01 real, 593 MB
[runlim] sample:		260.00 time, 260.01 real, 634 MB
[runlim] sample:		270.00 time, 270.01 real, 645 MB
[runlim] sample:		280.00 time, 280.01 real, 645 MB
[runlim] sample:		290.00 time, 290.01 real, 646 MB
[runlim] sample:		299.99 time, 300.01 real, 706 MB
[runlim] sample:		309.99 time, 310.01 real, 707 MB
[runlim] sample:		319.99 time, 320.01 real, 690 MB
[runlim] sample:		329.99 time, 330.01 real, 696 MB
[runlim] sample:		339.99 time, 340.01 real, 704 MB
[runlim] sample:		349.99 time, 350.01 real, 705 MB
[runlim] sample:		360.00 time, 360.01 real, 781 MB
[runlim] sample:		369.99 time, 370.01 real, 755 MB
[runlim] sample:		379.99 time, 380.01 real, 755 MB
[runlim] sample:		389.99 time, 390.01 real, 755 MB
[runlim] sample:		399.99 time, 400.01 real, 756 MB
[runlim] sample:		410.00 time, 410.01 real, 757 MB
[runlim] sample:		419.99 time, 420.01 real, 770 MB
[runlim] sample:		429.99 time, 430.01 real, 777 MB
[runlim] sample:		440.00 time, 440.01 real, 803 MB
[runlim] sample:		449.99 time, 450.01 real, 776 MB
[runlim] sample:		459.99 time, 460.01 real, 776 MB
[runlim] sample:		469.99 time, 470.01 real, 801 MB
[runlim] sample:		479.99 time, 480.01 real, 802 MB
[runlim] sample:		489.99 time, 490.01 real, 844 MB
[runlim] sample:		499.99 time, 500.01 real, 837 MB
[runlim] sample:		509.99 time, 510.01 real, 829 MB
[runlim] sample:		519.99 time, 520.01 real, 801 MB
[runlim] sample:		529.99 time, 530.01 real, 800 MB
[runlim] sample:		539.99 time, 540.01 real, 803 MB
[runlim] sample:		549.99 time, 550.01 real, 837 MB
[runlim] sample:		559.99 time, 560.01 real, 859 MB
[runlim] sample:		569.99 time, 570.01 real, 895 MB
[runlim] sample:		579.99 time, 580.01 real, 909 MB
[runlim] sample:		589.99 time, 590.01 real, 912 MB
[runlim] sample:		599.99 time, 600.01 real, 926 MB
[runlim] sample:		609.98 time, 610.01 real, 948 MB
[runlim] sample:		619.99 time, 620.01 real, 985 MB
[runlim] sample:		629.99 time, 630.01 real, 1013 MB
[runlim] sample:		639.99 time, 640.01 real, 1050 MB
[runlim] sample:		649.98 time, 650.01 real, 1052 MB
[runlim] sample:		659.98 time, 660.01 real, 1016 MB
[runlim] sample:		669.98 time, 670.01 real, 1011 MB
[runlim] sample:		679.98 time, 680.01 real, 1002 MB
[runlim] sample:		689.99 time, 690.01 real, 1010 MB
[runlim] sample:		699.99 time, 700.01 real, 1008 MB
[runlim] sample:		709.99 time, 710.01 real, 1011 MB
[runlim] sample:		719.98 time, 720.01 real, 1011 MB
[runlim] sample:		729.98 time, 730.01 real, 1012 MB
[runlim] sample:		739.99 time, 740.01 real, 1013 MB
[runlim] sample:		749.98 time, 750.01 real, 1030 MB
[runlim] sample:		759.98 time, 760.01 real, 1025 MB
[runlim] sample:		769.98 time, 770.01 real, 1023 MB
[runlim] sample:		779.98 time, 780.01 real, 1032 MB
[runlim] sample:		789.98 time, 790.01 real, 1060 MB
[runlim] sample:		799.98 time, 800.01 real, 1043 MB
[runlim] sample:		809.98 time, 810.01 real, 1061 MB
[runlim] sample:		819.99 time, 820.01 real, 1066 MB
[runlim] sample:		829.98 time, 830.01 real, 1079 MB
[runlim] sample:		839.98 time, 840.01 real, 1103 MB
[runlim] sample:		849.99 time, 850.01 real, 1103 MB
[runlim] sample:		859.98 time, 860.01 real, 1107 MB
[runlim] sample:		869.98 time, 870.01 real, 1132 MB
[runlim] sample:		879.98 time, 880.01 real, 1137 MB
[runlim] sample:		889.98 time, 890.01 real, 1152 MB
[runlim] sample:		899.98 time, 900.01 real, 1152 MB
[runlim] sample:		909.98 time, 910.01 real, 1153 MB
[runlim] sample:		919.98 time, 920.01 real, 1162 MB
[runlim] sample:		929.98 time, 930.01 real, 1183 MB
[runlim] sample:		939.98 time, 940.01 real, 1233 MB
[runlim] sample:		949.98 time, 950.01 real, 1233 MB
[runlim] sample:		959.98 time, 960.01 real, 1283 MB
[runlim] sample:		969.98 time, 970.01 real, 1287 MB
[runlim] sample:		979.98 time, 980.01 real, 1294 MB
[runlim] sample:		989.98 time, 990.01 real, 1458 MB
[runlim] sample:		999.98 time, 1000.01 real, 1335 MB
[runlim] sample:		1009.98 time, 1010.01 real, 1310 MB
[runlim] sample:		1019.98 time, 1020.01 real, 1369 MB
[runlim] sample:		1029.98 time, 1030.01 real, 1275 MB
[runlim] sample:		1039.98 time, 1040.01 real, 1328 MB
[runlim] sample:		1049.98 time, 1050.01 real, 1341 MB
[runlim] sample:		1059.98 time, 1060.01 real, 1329 MB
[runlim] sample:		1069.97 time, 1070.01 real, 1335 MB
[runlim] sample:		1079.98 time, 1080.01 real, 1333 MB
[runlim] sample:		1089.98 time, 1090.01 real, 1358 MB
[runlim] sample:		1099.97 time, 1100.01 real, 1348 MB
[runlim] sample:		1109.98 time, 1110.01 real, 1351 MB
[runlim] sample:		1119.98 time, 1120.01 real, 1351 MB
[runlim] sample:		1129.97 time, 1130.01 real, 1350 MB
[runlim] sample:		1139.98 time, 1140.01 real, 1352 MB
[runlim] sample:		1149.98 time, 1150.01 real, 1358 MB
[runlim] sample:		1159.98 time, 1160.01 real, 1359 MB
[runlim] sample:		1169.97 time, 1170.01 real, 1359 MB
[runlim] sample:		1179.97 time, 1180.01 real, 1482 MB
[runlim] sample:		1189.98 time, 1190.01 real, 1357 MB
[runlim] sample:		1199.98 time, 1200.01 real, 1368 MB
[runlim] sample:		1209.97 time, 1210.01 real, 1362 MB
[runlim] sample:		1219.98 time, 1220.01 real, 1419 MB
[runlim] sample:		1229.98 time, 1230.01 real, 1363 MB
[runlim] sample:		1239.98 time, 1240.01 real, 1364 MB
[runlim] sample:		1249.97 time, 1250.01 real, 1373 MB
[runlim] sample:		1259.97 time, 1260.01 real, 1365 MB
[runlim] sample:		1269.97 time, 1270.01 real, 1365 MB
[runlim] sample:		1279.98 time, 1280.01 real, 1368 MB
[runlim] sample:		1289.97 time, 1290.01 real, 1367 MB
[runlim] sample:		1299.98 time, 1300.01 real, 1367 MB
[runlim] sample:		1309.97 time, 1310.01 real, 1368 MB
[runlim] sample:		1319.97 time, 1320.01 real, 1391 MB
[runlim] sample:		1329.97 time, 1330.01 real, 1407 MB
[runlim] sample:		1339.97 time, 1340.01 real, 1422 MB
[runlim] sample:		1349.97 time, 1350.01 real, 1422 MB
[runlim] sample:		1359.97 time, 1360.01 real, 1422 MB
[runlim] sample:		1369.98 time, 1370.01 real, 1423 MB
[runlim] sample:		1379.97 time, 1380.01 real, 1419 MB
[runlim] sample:		1389.97 time, 1390.01 real, 1443 MB
[runlim] sample:		1399.97 time, 1400.01 real, 1424 MB
[runlim] sample:		1409.97 time, 1410.01 real, 1421 MB
[runlim] sample:		1419.98 time, 1420.01 real, 1422 MB
[runlim] sample:		1429.97 time, 1430.01 real, 1524 MB
[runlim] sample:		1439.98 time, 1440.01 real, 1525 MB
[runlim] sample:		1449.97 time, 1450.01 real, 1525 MB
[runlim] sample:		1459.97 time, 1460.01 real, 1534 MB
[runlim] sample:		1469.97 time, 1470.01 real, 1534 MB
[runlim] sample:		1479.97 time, 1480.01 real, 1534 MB
[runlim] sample:		1489.97 time, 1490.01 real, 1534 MB
[runlim] sample:		1499.97 time, 1500.01 real, 1535 MB
[runlim] sample:		1509.97 time, 1510.01 real, 1535 MB
[runlim] sample:		1519.97 time, 1520.01 real, 1551 MB
[runlim] sample:		1529.97 time, 1530.01 real, 1537 MB
[runlim] sample:		1539.97 time, 1540.01 real, 1751 MB
[runlim] sample:		1549.97 time, 1550.01 real, 1628 MB
[runlim] sample:		1559.97 time, 1560.01 real, 1628 MB
[runlim] sample:		1569.97 time, 1570.01 real, 1565 MB
[runlim] sample:		1579.97 time, 1580.01 real, 1662 MB
[runlim] sample:		1589.97 time, 1590.01 real, 1656 MB
[runlim] sample:		1599.97 time, 1600.01 real, 1570 MB
[runlim] sample:		1609.97 time, 1610.01 real, 1502 MB
[runlim] sample:		1619.97 time, 1620.01 real, 1502 MB
[runlim] sample:		1629.97 time, 1630.01 real, 1521 MB
[runlim] sample:		1639.97 time, 1640.01 real, 1536 MB
[runlim] sample:		1649.97 time, 1650.01 real, 1534 MB
[runlim] sample:		1659.97 time, 1660.01 real, 1534 MB
[runlim] sample:		1669.97 time, 1670.01 real, 1537 MB
[runlim] sample:		1679.97 time, 1680.01 real, 1537 MB
[runlim] sample:		1689.97 time, 1690.01 real, 1540 MB
[runlim] sample:		1699.97 time, 1700.01 real, 1612 MB
[runlim] sample:		1709.97 time, 1710.01 real, 1638 MB
[runlim] sample:		1719.97 time, 1720.01 real, 1623 MB
[runlim] sample:		1729.97 time, 1730.01 real, 1840 MB
[runlim] sample:		1739.97 time, 1740.01 real, 1674 MB
[runlim] sample:		1749.97 time, 1750.01 real, 1696 MB
[runlim] sample:		1759.96 time, 1760.01 real, 1696 MB
[runlim] sample:		1769.96 time, 1770.01 real, 1696 MB
[runlim] sample:		1779.97 time, 1780.01 real, 1696 MB
[runlim] sample:		1789.96 time, 1790.01 real, 1696 MB
[runlim] sample:		1799.96 time, 1800.01 real, 1693 MB
[runlim] sample:		1809.96 time, 1810.01 real, 1694 MB
[runlim] sample:		1819.96 time, 1820.01 real, 1704 MB
[runlim] sample:		1829.97 time, 1830.01 real, 1706 MB
[runlim] sample:		1839.96 time, 1840.01 real, 1703 MB
[runlim] sample:		1849.97 time, 1850.01 real, 1698 MB
[runlim] sample:		1859.96 time, 1860.01 real, 1698 MB
[runlim] sample:		1869.96 time, 1870.01 real, 1701 MB
[runlim] sample:		1879.96 time, 1880.01 real, 1729 MB
[runlim] sample:		1889.96 time, 1890.01 real, 1716 MB
[runlim] sample:		1899.97 time, 1900.01 real, 1716 MB
[runlim] sample:		1909.97 time, 1910.01 real, 1739 MB
[runlim] sample:		1919.97 time, 1920.01 real, 1963 MB
[runlim] sample:		1929.96 time, 1930.01 real, 1968 MB
[runlim] sample:		1939.96 time, 1940.01 real, 2122 MB
[runlim] sample:		1949.96 time, 1950.01 real, 2099 MB
[runlim] sample:		1959.96 time, 1960.01 real, 2100 MB
[runlim] sample:		1969.96 time, 1970.01 real, 2099 MB
[runlim] sample:		1979.96 time, 1980.01 real, 2113 MB
[runlim] sample:		1989.96 time, 1990.01 real, 2114 MB
[runlim] sample:		1999.97 time, 2000.01 real, 2079 MB
[runlim] sample:		2009.96 time, 2010.01 real, 2201 MB
[runlim] sample:		2019.96 time, 2020.01 real, 2154 MB
[runlim] sample:		2029.96 time, 2030.01 real, 2163 MB
[runlim] sample:		2039.96 time, 2040.01 real, 2258 MB
[runlim] sample:		2049.97 time, 2050.01 real, 2306 MB
[runlim] sample:		2059.96 time, 2060.01 real, 2151 MB
[runlim] sample:		2069.96 time, 2070.01 real, 2237 MB
[runlim] sample:		2079.96 time, 2080.01 real, 2239 MB
[runlim] sample:		2089.96 time, 2090.01 real, 2236 MB
[runlim] sample:		2099.96 time, 2100.01 real, 2272 MB
[runlim] sample:		2109.96 time, 2110.01 real, 2242 MB
[runlim] sample:		2119.97 time, 2120.01 real, 2236 MB
[runlim] sample:		2129.96 time, 2130.01 real, 2236 MB
[runlim] sample:		2139.96 time, 2140.01 real, 2273 MB
[runlim] sample:		2149.96 time, 2150.01 real, 2250 MB
[runlim] sample:		2159.96 time, 2160.01 real, 2270 MB
[runlim] sample:		2169.96 time, 2170.01 real, 2270 MB
[runlim] sample:		2179.96 time, 2180.01 real, 2266 MB
[runlim] sample:		2189.96 time, 2190.01 real, 2291 MB
[runlim] sample:		2199.96 time, 2200.01 real, 2279 MB
[runlim] sample:		2209.96 time, 2210.01 real, 2279 MB
[runlim] sample:		2219.96 time, 2220.01 real, 2275 MB
[runlim] sample:		2229.96 time, 2230.01 real, 2281 MB
[runlim] sample:		2239.96 time, 2240.01 real, 2275 MB
[runlim] sample:		2249.96 time, 2250.01 real, 2281 MB
[runlim] sample:		2259.95 time, 2260.01 real, 2276 MB
[runlim] sample:		2269.96 time, 2270.01 real, 2291 MB
[runlim] sample:		2279.96 time, 2280.01 real, 2283 MB
[runlim] sample:		2289.96 time, 2290.01 real, 2278 MB
[runlim] sample:		2299.96 time, 2300.01 real, 2283 MB
[runlim] sample:		2309.96 time, 2310.01 real, 2283 MB
[runlim] sample:		2319.96 time, 2320.01 real, 2282 MB
[runlim] sample:		2329.96 time, 2330.01 real, 2282 MB
[runlim] sample:		2339.95 time, 2340.01 real, 2282 MB
[runlim] sample:		2349.96 time, 2350.01 real, 2276 MB
[runlim] sample:		2359.96 time, 2360.01 real, 2303 MB
[runlim] sample:		2369.96 time, 2370.01 real, 2288 MB
[runlim] sample:		2379.96 time, 2380.01 real, 2287 MB
[runlim] sample:		2389.96 time, 2390.01 real, 2287 MB
[runlim] sample:		2399.96 time, 2400.01 real, 2293 MB
[runlim] sample:		2409.96 time, 2410.01 real, 2289 MB
[runlim] sample:		2419.95 time, 2420.01 real, 2305 MB
[runlim] sample:		2429.95 time, 2430.01 real, 2305 MB
[runlim] sample:		2439.96 time, 2440.01 real, 2311 MB
[runlim] sample:		2449.96 time, 2450.01 real, 2311 MB
[runlim] sample:		2459.96 time, 2460.01 real, 2310 MB
[runlim] sample:		2469.96 time, 2470.01 real, 2329 MB
[runlim] sample:		2479.95 time, 2480.01 real, 2311 MB
[runlim] sample:		2489.96 time, 2490.01 real, 2310 MB
[runlim] sample:		2499.95 time, 2500.01 real, 2509 MB
[runlim] sample:		2509.95 time, 2510.01 real, 2344 MB
[runlim] sample:		2519.95 time, 2520.01 real, 2321 MB
[runlim] sample:		2529.95 time, 2530.01 real, 2275 MB
[runlim] sample:		2539.95 time, 2540.01 real, 2369 MB
[runlim] sample:		2549.95 time, 2550.01 real, 2214 MB
[runlim] sample:		2559.96 time, 2560.01 real, 2291 MB
[runlim] sample:		2569.96 time, 2570.01 real, 2392 MB
[runlim] sample:		2579.96 time, 2580.01 real, 2378 MB
[runlim] sample:		2589.96 time, 2590.01 real, 2387 MB
[runlim] sample:		2599.95 time, 2600.01 real, 2378 MB
[runlim] sample:		2609.95 time, 2610.01 real, 2378 MB
[runlim] sample:		2619.95 time, 2620.01 real, 2384 MB
[runlim] sample:		2629.96 time, 2630.01 real, 2384 MB
[runlim] sample:		2639.96 time, 2640.01 real, 2384 MB
[runlim] sample:		2649.95 time, 2650.01 real, 2386 MB
[runlim] sample:		2659.96 time, 2660.01 real, 2386 MB
[runlim] sample:		2669.95 time, 2670.01 real, 2386 MB
[runlim] sample:		2679.95 time, 2680.01 real, 2399 MB
[runlim] sample:		2689.95 time, 2690.01 real, 2394 MB
[runlim] sample:		2699.95 time, 2700.01 real, 2400 MB
[runlim] sample:		2709.96 time, 2710.01 real, 2399 MB
[runlim] sample:		2719.95 time, 2720.01 real, 2393 MB
[runlim] sample:		2729.96 time, 2730.01 real, 2399 MB
[runlim] sample:		2739.95 time, 2740.01 real, 2399 MB
[runlim] sample:		2749.95 time, 2750.01 real, 2392 MB
[runlim] sample:		2759.95 time, 2760.01 real, 2397 MB
[runlim] sample:		2769.95 time, 2770.01 real, 2397 MB
[runlim] sample:		2779.95 time, 2780.01 real, 2397 MB
[runlim] sample:		2789.95 time, 2790.01 real, 2397 MB
[runlim] sample:		2799.95 time, 2800.01 real, 2414 MB
[runlim] sample:		2809.95 time, 2810.01 real, 2412 MB
[runlim] sample:		2819.95 time, 2820.01 real, 2428 MB
[runlim] sample:		2829.95 time, 2830.01 real, 2407 MB
[runlim] sample:		2839.95 time, 2840.01 real, 2416 MB
[runlim] sample:		2849.95 time, 2850.01 real, 2410 MB
[runlim] sample:		2859.95 time, 2860.01 real, 2426 MB
[runlim] sample:		2869.95 time, 2870.01 real, 2432 MB
[runlim] sample:		2879.95 time, 2880.01 real, 2394 MB
[runlim] sample:		2889.95 time, 2890.01 real, 2394 MB
[runlim] sample:		2899.95 time, 2900.01 real, 2400 MB
[runlim] sample:		2909.95 time, 2910.01 real, 2399 MB
[runlim] sample:		2919.95 time, 2920.01 real, 2399 MB
[runlim] sample:		2929.95 time, 2930.01 real, 2399 MB
[runlim] sample:		2939.95 time, 2940.01 real, 2434 MB
[runlim] sample:		2949.94 time, 2950.01 real, 2434 MB
[runlim] sample:		2959.95 time, 2960.01 real, 2435 MB
[runlim] sample:		2969.95 time, 2970.01 real, 2456 MB
[runlim] sample:		2979.95 time, 2980.01 real, 2450 MB
[runlim] sample:		2989.95 time, 2990.01 real, 2450 MB
[runlim] sample:		2999.95 time, 3000.01 real, 2450 MB
[runlim] sample:		3009.95 time, 3010.01 real, 2457 MB
[runlim] sample:		3019.94 time, 3020.01 real, 2457 MB
[runlim] sample:		3029.95 time, 3030.01 real, 2458 MB
[runlim] sample:		3039.95 time, 3040.01 real, 2458 MB
[runlim] sample:		3049.94 time, 3050.01 real, 2452 MB
[runlim] sample:		3059.95 time, 3060.01 real, 2664 MB
[runlim] sample:		3069.95 time, 3070.01 real, 2536 MB
[runlim] sample:		3079.94 time, 3080.01 real, 2509 MB
[runlim] sample:		3089.94 time, 3090.01 real, 2484 MB
[runlim] sample:		3099.95 time, 3100.01 real, 2456 MB
[runlim] sample:		3109.95 time, 3110.01 real, 2519 MB
[runlim] sample:		3119.94 time, 3120.01 real, 2511 MB
[runlim] sample:		3129.94 time, 3130.01 real, 2460 MB
[runlim] sample:		3139.95 time, 3140.01 real, 2561 MB
[runlim] sample:		3149.95 time, 3150.01 real, 2560 MB
[runlim] sample:		3159.94 time, 3160.01 real, 2560 MB
[runlim] sample:		3169.94 time, 3170.01 real, 2557 MB
[runlim] sample:		3179.94 time, 3180.01 real, 2557 MB
[runlim] sample:		3189.95 time, 3190.01 real, 2564 MB
[runlim] sample:		3199.95 time, 3200.01 real, 2559 MB
[runlim] sample:		3209.95 time, 3210.01 real, 2682 MB
[runlim] sample:		3219.95 time, 3220.01 real, 2589 MB
[runlim] sample:		3229.95 time, 3230.01 real, 2578 MB
[runlim] sample:		3239.95 time, 3240.01 real, 2583 MB
[runlim] sample:		3249.95 time, 3250.01 real, 2583 MB
[runlim] sample:		3259.94 time, 3260.01 real, 2583 MB
[runlim] sample:		3269.94 time, 3270.01 real, 2585 MB
[runlim] sample:		3279.94 time, 3280.01 real, 2598 MB
[runlim] sample:		3289.95 time, 3290.01 real, 2598 MB
[runlim] sample:		3299.95 time, 3300.01 real, 2598 MB
[runlim] sample:		3309.95 time, 3310.01 real, 2647 MB
[runlim] sample:		3319.94 time, 3320.01 real, 2647 MB
[runlim] sample:		3329.94 time, 3330.01 real, 2647 MB
[runlim] sample:		3339.94 time, 3340.01 real, 2651 MB
[runlim] sample:		3349.95 time, 3350.01 real, 2658 MB
[runlim] sample:		3359.94 time, 3360.01 real, 2663 MB
[runlim] sample:		3369.94 time, 3370.01 real, 2722 MB
[runlim] sample:		3379.94 time, 3380.01 real, 2722 MB
[runlim] sample:		3389.94 time, 3390.01 real, 3019 MB
[runlim] sample:		3399.94 time, 3400.01 real, 2748 MB
[runlim] sample:		3409.94 time, 3410.01 real, 2750 MB
[runlim] sample:		3419.94 time, 3420.01 real, 2750 MB
[runlim] sample:		3429.94 time, 3430.01 real, 2751 MB
[runlim] sample:		3439.94 time, 3440.01 real, 2751 MB
[runlim] sample:		3449.94 time, 3450.01 real, 2751 MB
[runlim] sample:		3459.94 time, 3460.01 real, 2751 MB
[runlim] sample:		3469.94 time, 3470.01 real, 2760 MB
[runlim] sample:		3479.94 time, 3480.01 real, 2749 MB
[runlim] sample:		3489.94 time, 3490.01 real, 2749 MB
[runlim] sample:		3499.94 time, 3500.01 real, 2749 MB
[runlim] sample:		3509.94 time, 3510.01 real, 2749 MB
[runlim] sample:		3519.94 time, 3520.01 real, 2757 MB
[runlim] sample:		3529.94 time, 3530.01 real, 2761 MB
[runlim] sample:		3539.94 time, 3540.01 real, 2761 MB
[runlim] sample:		3549.94 time, 3550.01 real, 2761 MB
[runlim] sample:		3559.93 time, 3560.01 real, 2761 MB
[runlim] sample:		3569.94 time, 3570.01 real, 2761 MB
[runlim] sample:		3579.94 time, 3580.01 real, 2759 MB
[runlim] sample:		3589.94 time, 3590.01 real, 2762 MB
[runlim] sample:		3599.94 time, 3600.01 real, 2797 MB
[runlim] end:			Wed Oct 16 11:07:38 2019
[runlim] status:		out of time
[runlim] result:		2
[runlim] children:		2
[runlim] real:			3600.10 seconds
[runlim] time:			3599.94 seconds
[runlim] space:			3081 MB
[runlim] samples:		36000
