[runlim] version:		1.17
[runlim] host:			c3n16
[runlim] time limit:		311040000 seconds
[runlim] real time limit:	3600 seconds
[runlim] space limit:		120000 MB
[runlim] argv[0]:		./run-btormc.sh
[runlim] argv[1]:		/tmp/sywHDMqH.btor
[runlim] start:			Wed Oct 16 12:10:10 2019
[runlim] child:			26227
[runlim] sample:		10.00 time, 10.02 real, 158 MB
[runlim] sample:		20.00 time, 20.02 real, 260 MB
[runlim] sample:		30.00 time, 30.02 real, 345 MB
[runlim] sample:		40.00 time, 40.02 real, 398 MB
[runlim] sample:		50.00 time, 50.01 real, 447 MB
[runlim] sample:		60.00 time, 60.02 real, 512 MB
[runlim] sample:		70.00 time, 70.02 real, 394 MB
[runlim] sample:		79.99 time, 80.02 real, 416 MB
[runlim] sample:		90.00 time, 90.01 real, 460 MB
[runlim] sample:		100.00 time, 100.01 real, 552 MB
[runlim] sample:		110.00 time, 110.02 real, 525 MB
[runlim] sample:		120.00 time, 120.02 real, 551 MB
[runlim] sample:		129.99 time, 130.02 real, 572 MB
[runlim] sample:		140.00 time, 140.01 real, 614 MB
[runlim] sample:		150.00 time, 150.02 real, 619 MB
[runlim] sample:		160.00 time, 160.02 real, 677 MB
[runlim] sample:		169.99 time, 170.02 real, 743 MB
[runlim] sample:		180.00 time, 180.02 real, 758 MB
[runlim] sample:		190.00 time, 190.01 real, 778 MB
[runlim] sample:		200.00 time, 200.02 real, 716 MB
[runlim] sample:		209.99 time, 210.01 real, 796 MB
[runlim] sample:		220.00 time, 220.02 real, 752 MB
[runlim] sample:		230.00 time, 230.01 real, 825 MB
[runlim] sample:		240.00 time, 240.02 real, 766 MB
[runlim] sample:		249.99 time, 250.02 real, 848 MB
[runlim] sample:		260.00 time, 260.02 real, 842 MB
[runlim] sample:		269.99 time, 270.02 real, 931 MB
[runlim] sample:		280.00 time, 280.02 real, 845 MB
[runlim] sample:		289.99 time, 290.02 real, 854 MB
[runlim] sample:		299.99 time, 300.01 real, 865 MB
[runlim] sample:		309.99 time, 310.01 real, 882 MB
[runlim] sample:		320.00 time, 320.02 real, 891 MB
[runlim] sample:		330.00 time, 330.01 real, 945 MB
[runlim] sample:		340.00 time, 340.01 real, 883 MB
[runlim] sample:		350.00 time, 350.02 real, 896 MB
[runlim] sample:		360.00 time, 360.02 real, 974 MB
[runlim] sample:		370.00 time, 370.02 real, 926 MB
[runlim] sample:		380.00 time, 380.02 real, 1042 MB
[runlim] sample:		390.00 time, 390.02 real, 1046 MB
[runlim] sample:		399.99 time, 400.02 real, 1099 MB
[runlim] sample:		410.00 time, 410.02 real, 995 MB
[runlim] sample:		419.99 time, 420.01 real, 1019 MB
[runlim] sample:		430.00 time, 430.02 real, 1028 MB
[runlim] sample:		440.00 time, 440.02 real, 1028 MB
[runlim] sample:		449.99 time, 450.02 real, 1047 MB
[runlim] sample:		459.99 time, 460.01 real, 1054 MB
[runlim] sample:		470.00 time, 470.02 real, 1046 MB
[runlim] sample:		480.00 time, 480.02 real, 1053 MB
[runlim] sample:		489.99 time, 490.01 real, 1076 MB
[runlim] sample:		499.99 time, 500.01 real, 1086 MB
[runlim] sample:		510.00 time, 510.02 real, 1095 MB
[runlim] sample:		520.00 time, 520.02 real, 1112 MB
[runlim] sample:		530.00 time, 530.02 real, 1110 MB
[runlim] sample:		540.00 time, 540.01 real, 1132 MB
[runlim] sample:		549.99 time, 550.01 real, 1135 MB
[runlim] sample:		559.99 time, 560.02 real, 1151 MB
[runlim] sample:		570.00 time, 570.02 real, 1137 MB
[runlim] sample:		579.99 time, 580.01 real, 1156 MB
[runlim] sample:		590.00 time, 590.02 real, 1163 MB
[runlim] sample:		599.99 time, 600.01 real, 1180 MB
[runlim] sample:		609.99 time, 610.01 real, 1189 MB
[runlim] sample:		619.99 time, 620.02 real, 1180 MB
[runlim] sample:		629.99 time, 630.02 real, 1208 MB
[runlim] sample:		639.99 time, 640.02 real, 1231 MB
[runlim] sample:		650.00 time, 650.01 real, 1223 MB
[runlim] sample:		660.00 time, 660.01 real, 1242 MB
[runlim] sample:		669.99 time, 670.02 real, 1242 MB
[runlim] sample:		679.99 time, 680.01 real, 1270 MB
[runlim] sample:		689.99 time, 690.02 real, 1282 MB
[runlim] sample:		699.99 time, 700.01 real, 1307 MB
[runlim] sample:		709.99 time, 710.02 real, 1301 MB
[runlim] sample:		720.00 time, 720.02 real, 1309 MB
[runlim] sample:		729.99 time, 730.01 real, 1357 MB
[runlim] sample:		739.99 time, 740.02 real, 1476 MB
[runlim] sample:		749.99 time, 750.02 real, 1513 MB
[runlim] sample:		759.99 time, 760.01 real, 1514 MB
[runlim] sample:		769.99 time, 770.02 real, 1544 MB
[runlim] sample:		779.99 time, 780.02 real, 1544 MB
[runlim] sample:		789.99 time, 790.02 real, 1576 MB
[runlim] sample:		799.99 time, 800.02 real, 1563 MB
[runlim] sample:		809.99 time, 810.02 real, 1544 MB
[runlim] sample:		819.99 time, 820.02 real, 1544 MB
[runlim] sample:		829.99 time, 830.02 real, 1566 MB
[runlim] sample:		839.99 time, 840.02 real, 1564 MB
[runlim] sample:		849.99 time, 850.01 real, 1580 MB
[runlim] sample:		859.99 time, 860.02 real, 1570 MB
[runlim] sample:		869.99 time, 870.02 real, 1582 MB
[runlim] sample:		879.98 time, 880.02 real, 1578 MB
[runlim] sample:		889.99 time, 890.02 real, 1589 MB
[runlim] sample:		899.99 time, 900.02 real, 1665 MB
[runlim] sample:		909.99 time, 910.02 real, 1646 MB
[runlim] sample:		919.98 time, 920.01 real, 1644 MB
[runlim] sample:		929.98 time, 930.02 real, 1642 MB
[runlim] sample:		939.99 time, 940.02 real, 1654 MB
[runlim] sample:		949.98 time, 950.02 real, 1648 MB
[runlim] sample:		959.98 time, 960.02 real, 1732 MB
[runlim] sample:		969.98 time, 970.02 real, 1627 MB
[runlim] sample:		979.98 time, 980.02 real, 1641 MB
[runlim] sample:		989.99 time, 990.02 real, 1617 MB
[runlim] sample:		999.98 time, 1000.02 real, 1624 MB
[runlim] sample:		1009.99 time, 1010.02 real, 1616 MB
[runlim] sample:		1019.99 time, 1020.01 real, 1641 MB
[runlim] sample:		1029.99 time, 1030.01 real, 1624 MB
[runlim] sample:		1039.98 time, 1040.01 real, 1629 MB
[runlim] sample:		1049.99 time, 1050.01 real, 1655 MB
[runlim] sample:		1059.98 time, 1060.01 real, 1650 MB
[runlim] sample:		1069.98 time, 1070.01 real, 1652 MB
[runlim] sample:		1079.98 time, 1080.01 real, 1680 MB
[runlim] sample:		1089.98 time, 1090.01 real, 1684 MB
[runlim] sample:		1099.98 time, 1100.01 real, 1684 MB
[runlim] sample:		1109.98 time, 1110.01 real, 1709 MB
[runlim] sample:		1119.99 time, 1120.01 real, 1698 MB
[runlim] sample:		1129.99 time, 1130.01 real, 1703 MB
[runlim] sample:		1139.98 time, 1140.01 real, 1731 MB
[runlim] sample:		1149.98 time, 1150.01 real, 1731 MB
[runlim] sample:		1159.99 time, 1160.01 real, 1762 MB
[runlim] sample:		1169.98 time, 1170.01 real, 1747 MB
[runlim] sample:		1179.99 time, 1180.01 real, 1778 MB
[runlim] sample:		1189.98 time, 1190.01 real, 1772 MB
[runlim] sample:		1199.99 time, 1200.01 real, 1798 MB
[runlim] sample:		1209.98 time, 1210.01 real, 1783 MB
[runlim] sample:		1219.98 time, 1220.01 real, 1796 MB
[runlim] sample:		1229.98 time, 1230.01 real, 1798 MB
[runlim] sample:		1239.98 time, 1240.01 real, 1822 MB
[runlim] sample:		1249.99 time, 1250.01 real, 1818 MB
[runlim] sample:		1259.98 time, 1260.01 real, 1840 MB
[runlim] sample:		1269.98 time, 1270.01 real, 1856 MB
[runlim] sample:		1279.98 time, 1280.01 real, 1841 MB
[runlim] sample:		1289.98 time, 1290.01 real, 1846 MB
[runlim] sample:		1299.98 time, 1300.01 real, 1854 MB
[runlim] sample:		1309.98 time, 1310.01 real, 1846 MB
[runlim] sample:		1319.98 time, 1320.01 real, 1870 MB
[runlim] sample:		1329.98 time, 1330.01 real, 1889 MB
[runlim] sample:		1339.99 time, 1340.01 real, 1877 MB
[runlim] sample:		1349.98 time, 1350.01 real, 1897 MB
[runlim] sample:		1359.98 time, 1360.01 real, 1845 MB
[runlim] sample:		1369.99 time, 1370.01 real, 1895 MB
[runlim] sample:		1379.98 time, 1380.01 real, 1899 MB
[runlim] sample:		1389.99 time, 1390.01 real, 1880 MB
[runlim] sample:		1399.98 time, 1400.01 real, 1889 MB
[runlim] sample:		1409.98 time, 1410.01 real, 1903 MB
[runlim] sample:		1419.98 time, 1420.01 real, 1915 MB
[runlim] sample:		1429.98 time, 1430.01 real, 1899 MB
[runlim] sample:		1439.98 time, 1440.01 real, 1909 MB
[runlim] sample:		1449.98 time, 1450.01 real, 1936 MB
[runlim] sample:		1459.98 time, 1460.01 real, 1948 MB
[runlim] sample:		1469.98 time, 1470.01 real, 1939 MB
[runlim] sample:		1479.98 time, 1480.01 real, 1952 MB
[runlim] sample:		1489.98 time, 1490.01 real, 1963 MB
[runlim] sample:		1499.98 time, 1500.01 real, 1949 MB
[runlim] sample:		1509.98 time, 1510.01 real, 1955 MB
[runlim] sample:		1519.98 time, 1520.01 real, 1984 MB
[runlim] sample:		1529.98 time, 1530.01 real, 1996 MB
[runlim] sample:		1539.98 time, 1540.01 real, 1979 MB
[runlim] sample:		1549.98 time, 1550.01 real, 1992 MB
[runlim] sample:		1559.98 time, 1560.01 real, 1982 MB
[runlim] sample:		1569.98 time, 1570.01 real, 2015 MB
[runlim] sample:		1579.98 time, 1580.01 real, 2029 MB
[runlim] sample:		1589.97 time, 1590.01 real, 2014 MB
[runlim] sample:		1599.97 time, 1600.01 real, 2062 MB
[runlim] sample:		1609.98 time, 1610.01 real, 2081 MB
[runlim] sample:		1619.98 time, 1620.01 real, 2088 MB
[runlim] sample:		1629.98 time, 1630.01 real, 2095 MB
[runlim] sample:		1639.98 time, 1640.01 real, 2113 MB
[runlim] sample:		1649.97 time, 1650.01 real, 2099 MB
[runlim] sample:		1659.98 time, 1660.01 real, 2105 MB
[runlim] sample:		1669.97 time, 1670.01 real, 2103 MB
[runlim] sample:		1679.98 time, 1680.01 real, 2096 MB
[runlim] sample:		1689.98 time, 1690.01 real, 2127 MB
[runlim] sample:		1699.98 time, 1700.01 real, 2118 MB
[runlim] sample:		1709.98 time, 1710.01 real, 2126 MB
[runlim] sample:		1719.98 time, 1720.01 real, 2145 MB
[runlim] sample:		1729.98 time, 1730.01 real, 2164 MB
[runlim] sample:		1739.98 time, 1740.01 real, 2175 MB
[runlim] sample:		1749.98 time, 1750.01 real, 2150 MB
[runlim] sample:		1759.97 time, 1760.01 real, 2301 MB
[runlim] sample:		1769.98 time, 1770.01 real, 2199 MB
[runlim] sample:		1779.98 time, 1780.01 real, 2199 MB
[runlim] sample:		1789.97 time, 1790.01 real, 2234 MB
[runlim] sample:		1799.98 time, 1800.01 real, 2245 MB
[runlim] sample:		1809.98 time, 1810.01 real, 2305 MB
[runlim] sample:		1819.98 time, 1820.01 real, 2319 MB
[runlim] sample:		1829.98 time, 1830.01 real, 2315 MB
[runlim] sample:		1839.98 time, 1840.01 real, 2315 MB
[runlim] sample:		1849.97 time, 1850.01 real, 2366 MB
[runlim] sample:		1859.97 time, 1860.01 real, 2368 MB
[runlim] sample:		1869.97 time, 1870.01 real, 2510 MB
[runlim] sample:		1879.98 time, 1880.01 real, 2341 MB
[runlim] sample:		1889.98 time, 1890.01 real, 2333 MB
[runlim] sample:		1899.98 time, 1900.01 real, 2333 MB
[runlim] sample:		1909.97 time, 1910.01 real, 2342 MB
[runlim] sample:		1919.98 time, 1920.01 real, 2359 MB
[runlim] sample:		1929.98 time, 1930.01 real, 2372 MB
[runlim] sample:		1939.98 time, 1940.01 real, 2350 MB
[runlim] sample:		1949.98 time, 1950.01 real, 2355 MB
[runlim] sample:		1959.98 time, 1960.01 real, 2367 MB
[runlim] sample:		1969.98 time, 1970.01 real, 2476 MB
[runlim] sample:		1979.98 time, 1980.01 real, 2355 MB
[runlim] sample:		1989.98 time, 1990.01 real, 2355 MB
[runlim] sample:		1999.97 time, 2000.01 real, 2380 MB
[runlim] sample:		2009.98 time, 2010.01 real, 2400 MB
[runlim] sample:		2019.97 time, 2020.01 real, 2411 MB
[runlim] sample:		2029.98 time, 2030.01 real, 2396 MB
[runlim] sample:		2039.97 time, 2040.01 real, 2392 MB
[runlim] sample:		2049.97 time, 2050.01 real, 2401 MB
[runlim] sample:		2059.97 time, 2060.01 real, 2408 MB
[runlim] sample:		2069.98 time, 2070.01 real, 2432 MB
[runlim] sample:		2079.97 time, 2080.01 real, 2447 MB
[runlim] sample:		2089.98 time, 2090.01 real, 2428 MB
[runlim] sample:		2099.97 time, 2100.01 real, 2460 MB
[runlim] sample:		2109.98 time, 2110.01 real, 2480 MB
[runlim] sample:		2119.97 time, 2120.01 real, 2493 MB
[runlim] sample:		2129.98 time, 2130.01 real, 2472 MB
[runlim] sample:		2139.98 time, 2140.01 real, 2478 MB
[runlim] sample:		2149.97 time, 2150.01 real, 2481 MB
[runlim] sample:		2159.97 time, 2160.01 real, 2480 MB
[runlim] sample:		2169.98 time, 2170.01 real, 2478 MB
[runlim] sample:		2179.97 time, 2180.01 real, 2478 MB
[runlim] sample:		2189.98 time, 2190.01 real, 2478 MB
[runlim] sample:		2199.98 time, 2200.01 real, 2478 MB
[runlim] sample:		2209.97 time, 2210.01 real, 2504 MB
[runlim] sample:		2219.98 time, 2220.01 real, 2524 MB
[runlim] sample:		2229.98 time, 2230.01 real, 2537 MB
[runlim] sample:		2239.97 time, 2240.01 real, 2523 MB
[runlim] sample:		2249.97 time, 2250.01 real, 2547 MB
[runlim] sample:		2259.97 time, 2260.01 real, 2568 MB
[runlim] sample:		2269.98 time, 2270.01 real, 2581 MB
[runlim] sample:		2279.97 time, 2280.01 real, 2589 MB
[runlim] sample:		2289.97 time, 2290.01 real, 2573 MB
[runlim] sample:		2299.97 time, 2300.01 real, 2586 MB
[runlim] sample:		2309.97 time, 2310.01 real, 2578 MB
[runlim] sample:		2319.97 time, 2320.01 real, 2581 MB
[runlim] sample:		2329.97 time, 2330.01 real, 2578 MB
[runlim] sample:		2339.97 time, 2340.01 real, 2591 MB
[runlim] sample:		2349.98 time, 2350.01 real, 2578 MB
[runlim] sample:		2359.97 time, 2360.01 real, 2684 MB
[runlim] sample:		2369.97 time, 2370.01 real, 2579 MB
[runlim] sample:		2379.97 time, 2380.01 real, 2630 MB
[runlim] sample:		2389.97 time, 2390.01 real, 2551 MB
[runlim] sample:		2399.97 time, 2400.01 real, 2589 MB
[runlim] sample:		2409.97 time, 2410.01 real, 2603 MB
[runlim] sample:		2419.97 time, 2420.01 real, 2594 MB
[runlim] sample:		2429.97 time, 2430.01 real, 2622 MB
[runlim] sample:		2439.97 time, 2440.01 real, 2588 MB
[runlim] sample:		2449.97 time, 2450.01 real, 2619 MB
[runlim] sample:		2459.97 time, 2460.01 real, 2631 MB
[runlim] sample:		2469.97 time, 2470.01 real, 2622 MB
[runlim] sample:		2479.97 time, 2480.01 real, 2624 MB
[runlim] sample:		2489.97 time, 2490.01 real, 2626 MB
[runlim] sample:		2499.97 time, 2500.01 real, 2598 MB
[runlim] sample:		2509.97 time, 2510.01 real, 2636 MB
[runlim] sample:		2519.97 time, 2520.01 real, 2649 MB
[runlim] sample:		2529.97 time, 2530.01 real, 2636 MB
[runlim] sample:		2539.97 time, 2540.01 real, 2639 MB
[runlim] sample:		2549.97 time, 2550.01 real, 2644 MB
[runlim] sample:		2559.97 time, 2560.01 real, 2671 MB
[runlim] sample:		2569.97 time, 2570.01 real, 2689 MB
[runlim] sample:		2579.97 time, 2580.01 real, 2699 MB
[runlim] sample:		2589.97 time, 2590.01 real, 2680 MB
[runlim] sample:		2599.97 time, 2600.01 real, 2687 MB
[runlim] sample:		2609.97 time, 2610.01 real, 2709 MB
[runlim] sample:		2619.97 time, 2620.01 real, 2730 MB
[runlim] sample:		2629.97 time, 2630.01 real, 2743 MB
[runlim] sample:		2639.97 time, 2640.01 real, 2737 MB
[runlim] sample:		2649.97 time, 2650.01 real, 2727 MB
[runlim] sample:		2659.97 time, 2660.01 real, 2740 MB
[runlim] sample:		2669.97 time, 2670.01 real, 2727 MB
[runlim] sample:		2679.97 time, 2680.01 real, 2759 MB
[runlim] sample:		2689.96 time, 2690.01 real, 2766 MB
[runlim] sample:		2699.96 time, 2700.01 real, 2776 MB
[runlim] sample:		2709.97 time, 2710.01 real, 2762 MB
[runlim] sample:		2719.97 time, 2720.01 real, 2765 MB
[runlim] sample:		2729.96 time, 2730.01 real, 2760 MB
[runlim] sample:		2739.97 time, 2740.01 real, 2787 MB
[runlim] sample:		2749.96 time, 2750.01 real, 2807 MB
[runlim] sample:		2759.97 time, 2760.01 real, 2822 MB
[runlim] sample:		2769.97 time, 2770.01 real, 2829 MB
[runlim] sample:		2779.96 time, 2780.01 real, 2817 MB
[runlim] sample:		2789.96 time, 2790.01 real, 2822 MB
[runlim] sample:		2799.96 time, 2800.01 real, 2808 MB
[runlim] sample:		2809.96 time, 2810.01 real, 2816 MB
[runlim] sample:		2819.97 time, 2820.01 real, 2808 MB
[runlim] sample:		2829.96 time, 2830.01 real, 2812 MB
[runlim] sample:		2839.96 time, 2840.01 real, 2808 MB
[runlim] sample:		2849.97 time, 2850.01 real, 2829 MB
[runlim] sample:		2859.96 time, 2860.01 real, 2862 MB
[runlim] sample:		2869.97 time, 2870.01 real, 2801 MB
[runlim] sample:		2879.96 time, 2880.01 real, 2864 MB
[runlim] sample:		2889.96 time, 2890.01 real, 2863 MB
[runlim] sample:		2899.96 time, 2900.01 real, 2876 MB
[runlim] sample:		2909.96 time, 2910.01 real, 2887 MB
[runlim] sample:		2919.97 time, 2920.01 real, 2909 MB
[runlim] sample:		2929.96 time, 2930.01 real, 2924 MB
[runlim] sample:		2939.96 time, 2940.01 real, 2934 MB
[runlim] sample:		2949.96 time, 2950.01 real, 2919 MB
[runlim] sample:		2959.96 time, 2960.01 real, 2921 MB
[runlim] sample:		2969.96 time, 2970.01 real, 2926 MB
[runlim] sample:		2979.96 time, 2980.01 real, 2950 MB
[runlim] sample:		2989.96 time, 2990.01 real, 2959 MB
[runlim] sample:		2999.97 time, 3000.01 real, 2930 MB
[runlim] sample:		3009.97 time, 3010.01 real, 2937 MB
[runlim] sample:		3019.96 time, 3020.01 real, 2963 MB
[runlim] sample:		3029.97 time, 3030.01 real, 2985 MB
[runlim] sample:		3039.97 time, 3040.01 real, 3000 MB
[runlim] sample:		3049.97 time, 3050.01 real, 2979 MB
[runlim] sample:		3059.96 time, 3060.01 real, 2986 MB
[runlim] sample:		3069.96 time, 3070.01 real, 3009 MB
[runlim] sample:		3079.96 time, 3080.01 real, 2998 MB
[runlim] sample:		3089.97 time, 3090.01 real, 2998 MB
[runlim] sample:		3099.97 time, 3100.01 real, 3010 MB
[runlim] sample:		3109.96 time, 3110.01 real, 3025 MB
[runlim] sample:		3119.96 time, 3120.01 real, 3047 MB
[runlim] sample:		3129.96 time, 3130.01 real, 3062 MB
[runlim] sample:		3139.97 time, 3140.01 real, 3072 MB
[runlim] sample:		3149.97 time, 3150.01 real, 3082 MB
[runlim] sample:		3159.96 time, 3160.01 real, 3068 MB
[runlim] sample:		3169.96 time, 3170.01 real, 3068 MB
[runlim] sample:		3179.97 time, 3180.01 real, 3068 MB
[runlim] sample:		3189.96 time, 3190.01 real, 3077 MB
[runlim] sample:		3199.97 time, 3200.01 real, 3097 MB
[runlim] sample:		3209.96 time, 3210.01 real, 3118 MB
[runlim] sample:		3219.96 time, 3220.01 real, 3132 MB
[runlim] sample:		3229.96 time, 3230.01 real, 3141 MB
[runlim] sample:		3239.96 time, 3240.01 real, 3129 MB
[runlim] sample:		3249.96 time, 3250.01 real, 3115 MB
[runlim] sample:		3259.96 time, 3260.01 real, 3159 MB
[runlim] sample:		3269.96 time, 3270.01 real, 3178 MB
[runlim] sample:		3279.96 time, 3280.01 real, 3190 MB
[runlim] sample:		3289.96 time, 3290.01 real, 3167 MB
[runlim] sample:		3299.96 time, 3300.01 real, 3174 MB
[runlim] sample:		3309.96 time, 3310.01 real, 3177 MB
[runlim] sample:		3319.96 time, 3320.01 real, 3174 MB
[runlim] sample:		3329.96 time, 3330.01 real, 3203 MB
[runlim] sample:		3339.96 time, 3340.01 real, 3224 MB
[runlim] sample:		3349.96 time, 3350.01 real, 3238 MB
[runlim] sample:		3359.96 time, 3360.01 real, 3248 MB
[runlim] sample:		3369.96 time, 3370.01 real, 3220 MB
[runlim] sample:		3379.96 time, 3380.01 real, 3231 MB
[runlim] sample:		3389.96 time, 3390.01 real, 3245 MB
[runlim] sample:		3399.96 time, 3400.01 real, 3238 MB
[runlim] sample:		3409.97 time, 3410.01 real, 3269 MB
[runlim] sample:		3419.97 time, 3420.01 real, 3287 MB
[runlim] sample:		3429.96 time, 3430.01 real, 3298 MB
[runlim] sample:		3439.96 time, 3440.01 real, 3287 MB
[runlim] sample:		3449.96 time, 3450.01 real, 3287 MB
[runlim] sample:		3459.96 time, 3460.01 real, 3384 MB
[runlim] sample:		3469.96 time, 3470.01 real, 3289 MB
[runlim] sample:		3479.96 time, 3480.01 real, 3322 MB
[runlim] sample:		3489.96 time, 3490.01 real, 3330 MB
[runlim] sample:		3499.96 time, 3500.01 real, 3308 MB
[runlim] sample:		3509.96 time, 3510.01 real, 3321 MB
[runlim] sample:		3519.96 time, 3520.01 real, 3313 MB
[runlim] sample:		3529.96 time, 3530.01 real, 3309 MB
[runlim] sample:		3539.96 time, 3540.01 real, 3321 MB
[runlim] sample:		3549.96 time, 3550.01 real, 3318 MB
[runlim] sample:		3559.96 time, 3560.01 real, 3309 MB
[runlim] sample:		3569.96 time, 3570.01 real, 3309 MB
[runlim] sample:		3579.96 time, 3580.01 real, 3309 MB
[runlim] sample:		3589.96 time, 3590.01 real, 3322 MB
[runlim] sample:		3599.96 time, 3600.01 real, 3340 MB
[runlim] end:			Wed Oct 16 13:10:10 2019
[runlim] status:		out of time
[runlim] result:		2
[runlim] children:		2
[runlim] real:			3600.10 seconds
[runlim] time:			3599.96 seconds
[runlim] space:			3488 MB
[runlim] samples:		36000
