[runlim] version:		1.17
[runlim] host:			c3n13
[runlim] time limit:		311040000 seconds
[runlim] real time limit:	3600 seconds
[runlim] space limit:		120000 MB
[runlim] argv[0]:		./run-avr.sh
[runlim] argv[1]:		/tmp/3OZPrz5E.btor2
[runlim] start:			Fri Oct 18 18:40:56 2019
[runlim] child:			4987
[runlim] sample:		0.30 time, 10.51 real, 39 MB
[runlim] sample:		0.39 time, 20.92 real, 40 MB
[runlim] sample:		0.86 time, 30.92 real, 56 MB
[runlim] sample:		1.05 time, 40.92 real, 89 MB
[runlim] sample:		15.53 time, 50.92 real, 359 MB
[runlim] sample:		18.44 time, 60.92 real, 123 MB
[runlim] sample:		55.80 time, 70.92 real, 467 MB
[runlim] sample:		75.89 time, 80.92 real, 480 MB
[runlim] sample:		48.76 time, 90.92 real, 121 MB
[runlim] sample:		58.87 time, 100.92 real, 123 MB
[runlim] sample:		136.20 time, 110.92 real, 502 MB
[runlim] sample:		156.28 time, 120.92 real, 529 MB
[runlim] sample:		89.14 time, 130.92 real, 132 MB
[runlim] sample:		196.47 time, 140.92 real, 568 MB
[runlim] sample:		216.53 time, 150.92 real, 572 MB
[runlim] sample:		236.58 time, 160.92 real, 573 MB
[runlim] sample:		129.43 time, 170.92 real, 130 MB
[runlim] sample:		276.72 time, 180.92 real, 574 MB
[runlim] sample:		296.76 time, 190.92 real, 572 MB
[runlim] sample:		316.86 time, 200.92 real, 575 MB
[runlim] sample:		336.96 time, 210.92 real, 575 MB
[runlim] sample:		357.01 time, 220.92 real, 628 MB
[runlim] sample:		377.07 time, 230.92 real, 565 MB
[runlim] sample:		397.13 time, 240.92 real, 565 MB
[runlim] sample:		417.23 time, 250.92 real, 565 MB
[runlim] sample:		437.29 time, 260.92 real, 566 MB
[runlim] sample:		457.36 time, 270.92 real, 597 MB
[runlim] sample:		477.40 time, 280.92 real, 607 MB
[runlim] sample:		497.50 time, 290.92 real, 609 MB
[runlim] sample:		517.59 time, 300.92 real, 610 MB
[runlim] sample:		537.66 time, 310.92 real, 609 MB
[runlim] sample:		557.73 time, 320.92 real, 609 MB
[runlim] sample:		577.82 time, 330.92 real, 609 MB
[runlim] sample:		597.90 time, 340.92 real, 613 MB
[runlim] sample:		617.96 time, 350.92 real, 612 MB
[runlim] sample:		638.04 time, 360.92 real, 612 MB
[runlim] sample:		658.12 time, 370.92 real, 615 MB
[runlim] sample:		678.19 time, 380.92 real, 615 MB
[runlim] sample:		698.26 time, 390.92 real, 625 MB
[runlim] sample:		361.10 time, 400.92 real, 145 MB
[runlim] sample:		738.39 time, 410.92 real, 721 MB
[runlim] sample:		758.48 time, 420.92 real, 676 MB
[runlim] sample:		778.56 time, 430.92 real, 678 MB
[runlim] sample:		401.37 time, 440.92 real, 146 MB
[runlim] sample:		818.72 time, 450.92 real, 685 MB
[runlim] sample:		838.79 time, 460.92 real, 684 MB
[runlim] sample:		858.85 time, 470.92 real, 683 MB
[runlim] sample:		441.69 time, 480.92 real, 147 MB
[runlim] sample:		898.97 time, 490.92 real, 685 MB
[runlim] sample:		919.03 time, 500.92 real, 684 MB
[runlim] sample:		939.08 time, 510.92 real, 684 MB
[runlim] sample:		481.93 time, 520.92 real, 147 MB
[runlim] sample:		979.21 time, 530.92 real, 686 MB
[runlim] sample:		999.29 time, 540.92 real, 686 MB
[runlim] sample:		1019.34 time, 550.92 real, 688 MB
[runlim] sample:		522.21 time, 560.92 real, 148 MB
[runlim] sample:		1059.47 time, 570.92 real, 688 MB
[runlim] sample:		1079.53 time, 580.92 real, 687 MB
[runlim] sample:		1099.57 time, 590.92 real, 687 MB
[runlim] sample:		1119.64 time, 600.92 real, 687 MB
[runlim] sample:		1139.71 time, 610.92 real, 690 MB
[runlim] sample:		1159.77 time, 620.92 real, 687 MB
[runlim] sample:		1179.82 time, 630.92 real, 687 MB
[runlim] sample:		1199.90 time, 640.92 real, 687 MB
[runlim] sample:		1219.95 time, 650.92 real, 687 MB
[runlim] sample:		1240.03 time, 660.92 real, 687 MB
[runlim] sample:		1260.09 time, 670.92 real, 687 MB
[runlim] sample:		1280.18 time, 680.92 real, 691 MB
[runlim] sample:		1300.23 time, 690.92 real, 696 MB
[runlim] sample:		1320.28 time, 700.92 real, 730 MB
[runlim] sample:		673.13 time, 710.92 real, 154 MB
[runlim] sample:		1360.43 time, 720.92 real, 743 MB
[runlim] sample:		1380.50 time, 730.92 real, 743 MB
[runlim] sample:		1400.58 time, 740.92 real, 744 MB
[runlim] sample:		713.42 time, 750.92 real, 152 MB
[runlim] sample:		1440.73 time, 760.92 real, 744 MB
[runlim] sample:		1460.78 time, 770.92 real, 744 MB
[runlim] sample:		1480.86 time, 780.92 real, 744 MB
[runlim] sample:		1500.94 time, 790.92 real, 747 MB
[runlim] sample:		1520.99 time, 800.92 real, 744 MB
[runlim] sample:		1541.05 time, 810.92 real, 748 MB
[runlim] sample:		1561.12 time, 820.92 real, 841 MB
[runlim] sample:		1581.20 time, 830.92 real, 811 MB
[runlim] sample:		1601.28 time, 840.92 real, 802 MB
[runlim] sample:		1621.36 time, 850.92 real, 808 MB
[runlim] sample:		1641.46 time, 860.92 real, 808 MB
[runlim] sample:		1661.54 time, 870.92 real, 809 MB
[runlim] sample:		1681.59 time, 880.92 real, 809 MB
[runlim] sample:		1701.65 time, 890.92 real, 809 MB
[runlim] sample:		1721.70 time, 900.92 real, 810 MB
[runlim] sample:		1741.78 time, 910.92 real, 810 MB
[runlim] sample:		1761.86 time, 920.92 real, 810 MB
[runlim] sample:		1781.93 time, 930.92 real, 810 MB
[runlim] sample:		1801.99 time, 940.92 real, 810 MB
[runlim] sample:		1822.10 time, 950.92 real, 812 MB
[runlim] sample:		1842.18 time, 960.92 real, 813 MB
[runlim] sample:		1862.25 time, 970.92 real, 813 MB
[runlim] sample:		1882.31 time, 980.92 real, 811 MB
[runlim] sample:		1902.40 time, 990.92 real, 811 MB
[runlim] sample:		1922.46 time, 1000.92 real, 811 MB
[runlim] sample:		1942.55 time, 1010.92 real, 811 MB
[runlim] sample:		1962.61 time, 1020.92 real, 811 MB
[runlim] sample:		1982.68 time, 1030.92 real, 811 MB
[runlim] sample:		2002.76 time, 1040.92 real, 811 MB
[runlim] sample:		2022.85 time, 1050.92 real, 811 MB
[runlim] sample:		2042.91 time, 1060.92 real, 811 MB
[runlim] sample:		2063.02 time, 1070.92 real, 811 MB
[runlim] sample:		2083.09 time, 1080.92 real, 811 MB
[runlim] sample:		2103.17 time, 1090.92 real, 811 MB
[runlim] sample:		1066.00 time, 1100.92 real, 159 MB
[runlim] sample:		2143.29 time, 1110.92 real, 813 MB
[runlim] sample:		2163.41 time, 1120.92 real, 813 MB
[runlim] sample:		2183.47 time, 1130.92 real, 813 MB
[runlim] sample:		1106.37 time, 1140.92 real, 161 MB
[runlim] sample:		2223.69 time, 1150.92 real, 813 MB
[runlim] sample:		2243.75 time, 1160.92 real, 845 MB
[runlim] sample:		2263.84 time, 1170.92 real, 845 MB
[runlim] sample:		1146.70 time, 1180.92 real, 159 MB
[runlim] sample:		2304.03 time, 1190.92 real, 845 MB
[runlim] sample:		2324.13 time, 1200.92 real, 845 MB
[runlim] sample:		2344.21 time, 1210.92 real, 845 MB
[runlim] sample:		2364.30 time, 1220.92 real, 845 MB
[runlim] sample:		2384.40 time, 1230.92 real, 845 MB
[runlim] sample:		2404.46 time, 1240.92 real, 814 MB
[runlim] sample:		2424.54 time, 1250.92 real, 809 MB
[runlim] sample:		2444.66 time, 1260.92 real, 790 MB
[runlim] sample:		2464.71 time, 1270.92 real, 816 MB
[runlim] sample:		2484.78 time, 1280.92 real, 816 MB
[runlim] sample:		2504.85 time, 1290.92 real, 819 MB
[runlim] sample:		2524.99 time, 1300.92 real, 787 MB
[runlim] sample:		2545.03 time, 1310.92 real, 820 MB
[runlim] sample:		2565.10 time, 1320.92 real, 826 MB
[runlim] sample:		2585.17 time, 1330.92 real, 826 MB
[runlim] sample:		2605.29 time, 1340.92 real, 826 MB
[runlim] sample:		2625.36 time, 1350.92 real, 824 MB
[runlim] sample:		2645.41 time, 1360.92 real, 825 MB
[runlim] sample:		2665.49 time, 1370.92 real, 825 MB
[runlim] sample:		2685.60 time, 1380.92 real, 825 MB
[runlim] sample:		2705.67 time, 1390.92 real, 825 MB
[runlim] sample:		2725.76 time, 1400.92 real, 825 MB
[runlim] sample:		1378.63 time, 1410.92 real, 165 MB
[runlim] sample:		2765.92 time, 1420.92 real, 825 MB
[runlim] sample:		2785.99 time, 1430.92 real, 825 MB
[runlim] sample:		2806.07 time, 1440.92 real, 825 MB
[runlim] sample:		1418.94 time, 1450.92 real, 164 MB
[runlim] sample:		2846.24 time, 1460.92 real, 825 MB
[runlim] sample:		2866.33 time, 1470.92 real, 825 MB
[runlim] sample:		2886.39 time, 1480.92 real, 825 MB
[runlim] sample:		1459.27 time, 1490.92 real, 164 MB
[runlim] sample:		2926.54 time, 1500.92 real, 825 MB
[runlim] sample:		2946.62 time, 1510.92 real, 825 MB
[runlim] sample:		2966.65 time, 1520.92 real, 825 MB
[runlim] sample:		2986.74 time, 1530.92 real, 825 MB
[runlim] sample:		3006.81 time, 1540.92 real, 829 MB
[runlim] sample:		3026.89 time, 1550.92 real, 829 MB
[runlim] sample:		3046.95 time, 1560.92 real, 825 MB
[runlim] sample:		3067.03 time, 1570.92 real, 825 MB
[runlim] sample:		3087.09 time, 1580.92 real, 825 MB
[runlim] sample:		3107.18 time, 1590.92 real, 825 MB
[runlim] sample:		3127.25 time, 1600.92 real, 830 MB
[runlim] sample:		3147.36 time, 1610.92 real, 830 MB
[runlim] sample:		3167.41 time, 1620.92 real, 830 MB
[runlim] sample:		3187.51 time, 1630.92 real, 830 MB
[runlim] sample:		3207.58 time, 1640.92 real, 830 MB
[runlim] sample:		3227.67 time, 1650.92 real, 830 MB
[runlim] sample:		3247.74 time, 1660.92 real, 830 MB
[runlim] sample:		3267.82 time, 1670.92 real, 831 MB
[runlim] sample:		3287.91 time, 1680.92 real, 864 MB
[runlim] sample:		3308.00 time, 1690.92 real, 864 MB
[runlim] sample:		3328.09 time, 1700.92 real, 865 MB
[runlim] sample:		3348.15 time, 1710.92 real, 865 MB
[runlim] sample:		3368.24 time, 1720.92 real, 865 MB
[runlim] sample:		3388.35 time, 1730.92 real, 865 MB
[runlim] sample:		3408.42 time, 1740.92 real, 865 MB
[runlim] sample:		3428.49 time, 1750.92 real, 865 MB
[runlim] sample:		1731.40 time, 1760.92 real, 171 MB
[runlim] sample:		3468.68 time, 1770.92 real, 865 MB
[runlim] sample:		3488.73 time, 1780.92 real, 833 MB
[runlim] sample:		3508.81 time, 1790.92 real, 833 MB
[runlim] sample:		1771.71 time, 1800.92 real, 172 MB
[runlim] sample:		3549.00 time, 1810.92 real, 831 MB
[runlim] sample:		3569.09 time, 1820.92 real, 833 MB
[runlim] sample:		3589.13 time, 1830.92 real, 831 MB
[runlim] sample:		3609.21 time, 1840.92 real, 831 MB
[runlim] sample:		3629.29 time, 1850.92 real, 831 MB
[runlim] sample:		3649.38 time, 1860.92 real, 831 MB
[runlim] sample:		3669.46 time, 1870.92 real, 831 MB
[runlim] sample:		3689.56 time, 1880.92 real, 831 MB
[runlim] sample:		3709.60 time, 1890.92 real, 831 MB
[runlim] sample:		3729.67 time, 1900.92 real, 831 MB
[runlim] sample:		3749.73 time, 1910.92 real, 831 MB
[runlim] sample:		3769.80 time, 1920.92 real, 831 MB
[runlim] sample:		3789.83 time, 1930.92 real, 835 MB
[runlim] sample:		3809.93 time, 1940.92 real, 839 MB
[runlim] sample:		3829.97 time, 1950.92 real, 839 MB
[runlim] sample:		3850.08 time, 1960.92 real, 839 MB
[runlim] sample:		3870.15 time, 1970.92 real, 841 MB
[runlim] sample:		3890.21 time, 1980.92 real, 841 MB
[runlim] sample:		3910.27 time, 1990.92 real, 840 MB
[runlim] sample:		3930.36 time, 2000.92 real, 841 MB
[runlim] sample:		3950.44 time, 2010.92 real, 841 MB
[runlim] sample:		3970.54 time, 2020.92 real, 841 MB
[runlim] sample:		2003.39 time, 2030.92 real, 175 MB
[runlim] sample:		4010.70 time, 2040.92 real, 841 MB
[runlim] sample:		4030.80 time, 2050.92 real, 839 MB
[runlim] sample:		4050.90 time, 2060.92 real, 841 MB
[runlim] sample:		2043.75 time, 2070.92 real, 173 MB
[runlim] sample:		4091.06 time, 2080.92 real, 839 MB
[runlim] sample:		4111.13 time, 2090.92 real, 839 MB
[runlim] sample:		4131.21 time, 2100.92 real, 839 MB
[runlim] sample:		2084.09 time, 2110.92 real, 173 MB
[runlim] sample:		4171.39 time, 2120.92 real, 839 MB
[runlim] sample:		4191.47 time, 2130.92 real, 839 MB
[runlim] sample:		4211.53 time, 2140.92 real, 839 MB
[runlim] sample:		4231.61 time, 2150.92 real, 839 MB
[runlim] sample:		4251.68 time, 2160.92 real, 876 MB
[runlim] sample:		4271.75 time, 2170.92 real, 876 MB
[runlim] sample:		4291.85 time, 2180.92 real, 876 MB
[runlim] sample:		4311.91 time, 2190.92 real, 876 MB
[runlim] sample:		4331.99 time, 2200.92 real, 876 MB
[runlim] sample:		4352.07 time, 2210.92 real, 876 MB
[runlim] sample:		4372.13 time, 2220.92 real, 876 MB
[runlim] sample:		4392.24 time, 2230.92 real, 876 MB
[runlim] sample:		4412.27 time, 2240.92 real, 876 MB
[runlim] sample:		4432.35 time, 2250.92 real, 876 MB
[runlim] sample:		4452.40 time, 2260.92 real, 878 MB
[runlim] sample:		4472.51 time, 2270.92 real, 880 MB
[runlim] sample:		4492.57 time, 2280.92 real, 877 MB
[runlim] sample:		4512.65 time, 2290.92 real, 881 MB
[runlim] sample:		4532.76 time, 2300.92 real, 877 MB
[runlim] sample:		4552.85 time, 2310.92 real, 877 MB
[runlim] sample:		4572.96 time, 2320.92 real, 881 MB
[runlim] sample:		4593.06 time, 2330.92 real, 881 MB
[runlim] sample:		2315.92 time, 2340.92 real, 177 MB
[runlim] sample:		4633.22 time, 2350.92 real, 881 MB
[runlim] sample:		4653.28 time, 2360.92 real, 864 MB
[runlim] sample:		4673.37 time, 2370.92 real, 861 MB
[runlim] sample:		2356.21 time, 2380.92 real, 180 MB
[runlim] sample:		4713.52 time, 2390.92 real, 890 MB
[runlim] sample:		4733.61 time, 2400.92 real, 890 MB
[runlim] sample:		4753.68 time, 2410.92 real, 888 MB
[runlim] sample:		2396.53 time, 2420.92 real, 179 MB
[runlim] sample:		4793.88 time, 2430.92 real, 889 MB
[runlim] sample:		2416.70 time, 2440.92 real, 179 MB
[runlim] sample:		4833.98 time, 2450.92 real, 888 MB
[runlim] sample:		2436.87 time, 2460.92 real, 176 MB
[runlim] sample:		4874.18 time, 2470.92 real, 888 MB
[runlim] sample:		4894.26 time, 2480.92 real, 888 MB
[runlim] sample:		4914.33 time, 2490.92 real, 888 MB
[runlim] sample:		2477.20 time, 2500.92 real, 176 MB
[runlim] sample:		4954.51 time, 2510.92 real, 891 MB
[runlim] sample:		4974.58 time, 2520.92 real, 892 MB
[runlim] sample:		4994.66 time, 2530.92 real, 893 MB
[runlim] sample:		5014.76 time, 2540.92 real, 892 MB
[runlim] sample:		5034.80 time, 2550.92 real, 892 MB
[runlim] sample:		5054.87 time, 2560.92 real, 892 MB
[runlim] sample:		5074.96 time, 2570.92 real, 892 MB
[runlim] sample:		5095.06 time, 2580.92 real, 893 MB
[runlim] sample:		5115.12 time, 2590.92 real, 893 MB
[runlim] sample:		5135.20 time, 2600.92 real, 893 MB
[runlim] sample:		5155.28 time, 2610.92 real, 895 MB
[runlim] sample:		5175.40 time, 2620.92 real, 895 MB
[runlim] sample:		5195.47 time, 2630.92 real, 895 MB
[runlim] sample:		5215.57 time, 2640.92 real, 893 MB
[runlim] sample:		5235.62 time, 2650.92 real, 893 MB
[runlim] sample:		5255.70 time, 2660.92 real, 893 MB
[runlim] sample:		5275.76 time, 2670.92 real, 893 MB
[runlim] sample:		5295.83 time, 2680.92 real, 893 MB
[runlim] sample:		5315.92 time, 2690.92 real, 893 MB
[runlim] sample:		5336.02 time, 2700.92 real, 893 MB
[runlim] sample:		5356.08 time, 2710.92 real, 893 MB
[runlim] sample:		5376.19 time, 2720.92 real, 893 MB
[runlim] sample:		5396.31 time, 2730.92 real, 893 MB
[runlim] sample:		5416.42 time, 2740.92 real, 893 MB
[runlim] sample:		2729.27 time, 2750.92 real, 180 MB
[runlim] sample:		5456.57 time, 2760.92 real, 893 MB
[runlim] sample:		2749.45 time, 2770.92 real, 177 MB
[runlim] sample:		5496.77 time, 2780.92 real, 937 MB
[runlim] sample:		5516.88 time, 2790.92 real, 937 MB
[runlim] sample:		5536.97 time, 2800.92 real, 937 MB
[runlim] sample:		5557.06 time, 2810.92 real, 937 MB
[runlim] sample:		5577.15 time, 2820.92 real, 937 MB
[runlim] sample:		5597.22 time, 2830.92 real, 937 MB
[runlim] sample:		5617.27 time, 2840.92 real, 937 MB
[runlim] sample:		5637.35 time, 2850.92 real, 937 MB
[runlim] sample:		5657.40 time, 2860.92 real, 937 MB
[runlim] sample:		5677.50 time, 2870.92 real, 937 MB
[runlim] sample:		5697.55 time, 2880.92 real, 937 MB
[runlim] sample:		5717.66 time, 2890.92 real, 937 MB
[runlim] sample:		5737.71 time, 2900.92 real, 937 MB
[runlim] sample:		5757.78 time, 2910.92 real, 938 MB
[runlim] sample:		5777.87 time, 2920.92 real, 938 MB
[runlim] sample:		5798.00 time, 2930.92 real, 938 MB
[runlim] sample:		5818.09 time, 2940.92 real, 895 MB
[runlim] sample:		5838.19 time, 2950.92 real, 895 MB
[runlim] sample:		2941.06 time, 2960.92 real, 180 MB
[runlim] sample:		5878.36 time, 2970.92 real, 895 MB
[runlim] sample:		5898.45 time, 2980.92 real, 894 MB
[runlim] sample:		5918.54 time, 2990.92 real, 897 MB
[runlim] sample:		5938.63 time, 3000.92 real, 898 MB
[runlim] sample:		5958.73 time, 3010.92 real, 856 MB
[runlim] sample:		5978.80 time, 3020.92 real, 856 MB
[runlim] sample:		5998.88 time, 3030.92 real, 856 MB
[runlim] sample:		6018.98 time, 3040.92 real, 856 MB
[runlim] sample:		6039.05 time, 3050.92 real, 856 MB
[runlim] sample:		6059.14 time, 3060.92 real, 857 MB
[runlim] sample:		6079.20 time, 3070.92 real, 857 MB
[runlim] sample:		6099.34 time, 3080.92 real, 855 MB
[runlim] sample:		6119.43 time, 3090.92 real, 855 MB
[runlim] sample:		6139.52 time, 3100.92 real, 855 MB
[runlim] sample:		3092.38 time, 3110.92 real, 192 MB
[runlim] sample:		6179.71 time, 3120.92 real, 855 MB
[runlim] sample:		6199.76 time, 3130.92 real, 855 MB
[runlim] sample:		6219.84 time, 3140.92 real, 855 MB
[runlim] sample:		6239.91 time, 3150.92 real, 855 MB
[runlim] sample:		6260.01 time, 3160.92 real, 855 MB
[runlim] sample:		3152.91 time, 3170.92 real, 192 MB
[runlim] sample:		6300.19 time, 3180.92 real, 855 MB
[runlim] sample:		3173.09 time, 3190.92 real, 194 MB
[runlim] sample:		6340.41 time, 3200.92 real, 859 MB
[runlim] sample:		6360.48 time, 3210.92 real, 859 MB
[runlim] sample:		6380.56 time, 3220.92 real, 859 MB
[runlim] sample:		6400.69 time, 3230.92 real, 922 MB
[runlim] sample:		6420.75 time, 3240.92 real, 909 MB
[runlim] sample:		6440.82 time, 3250.92 real, 909 MB
[runlim] sample:		6460.89 time, 3260.92 real, 909 MB
[runlim] sample:		6481.01 time, 3270.92 real, 909 MB
[runlim] sample:		6501.07 time, 3280.92 real, 912 MB
[runlim] sample:		6521.16 time, 3290.92 real, 913 MB
[runlim] sample:		6541.27 time, 3300.92 real, 913 MB
[runlim] sample:		6561.37 time, 3310.92 real, 913 MB
[runlim] sample:		6581.44 time, 3320.92 real, 913 MB
[runlim] sample:		6601.50 time, 3330.92 real, 914 MB
[runlim] sample:		6621.60 time, 3340.92 real, 913 MB
[runlim] sample:		6641.70 time, 3350.92 real, 913 MB
[runlim] sample:		6661.78 time, 3360.92 real, 918 MB
[runlim] sample:		6681.86 time, 3370.92 real, 913 MB
[runlim] sample:		6701.93 time, 3380.92 real, 915 MB
[runlim] sample:		6722.05 time, 3390.92 real, 916 MB
[runlim] sample:		6742.16 time, 3400.92 real, 916 MB
[runlim] sample:		6762.23 time, 3410.92 real, 958 MB
[runlim] sample:		3405.13 time, 3420.92 real, 201 MB
[runlim] sample:		6802.45 time, 3430.92 real, 957 MB
[runlim] sample:		6822.55 time, 3440.92 real, 957 MB
[runlim] sample:		6842.62 time, 3450.92 real, 961 MB
[runlim] sample:		3445.51 time, 3460.92 real, 205 MB
[runlim] sample:		6882.83 time, 3470.92 real, 962 MB
[runlim] sample:		3465.70 time, 3480.92 real, 205 MB
[runlim] sample:		6922.98 time, 3490.92 real, 962 MB
[runlim] sample:		6943.12 time, 3500.92 real, 963 MB
[runlim] sample:		6963.18 time, 3510.92 real, 963 MB
[runlim] sample:		6983.25 time, 3520.92 real, 963 MB
[runlim] sample:		7003.36 time, 3530.92 real, 961 MB
[runlim] sample:		3526.24 time, 3540.92 real, 202 MB
[runlim] sample:		7043.53 time, 3550.92 real, 961 MB
[runlim] sample:		7063.60 time, 3560.92 real, 962 MB
[runlim] sample:		10605.67 time, 3570.92 real, 1658 MB
[runlim] end:			Fri Oct 18 19:40:33 2019
[runlim] status:		ok
[runlim] result:		0
[runlim] children:		5156
[runlim] real:			3576.45 seconds
[runlim] time:			38907.50 seconds
[runlim] space:			1661 MB
[runlim] samples:		35755
