[runlim] version:		1.17
[runlim] host:			c3n01
[runlim] time limit:		311040000 seconds
[runlim] real time limit:	3600 seconds
[runlim] space limit:		120000 MB
[runlim] argv[0]:		./run-avr.sh
[runlim] argv[1]:		/tmp/BQNPfCpX.btor2
[runlim] start:			Fri Oct 18 18:40:56 2019
[runlim] child:			15318
[runlim] sample:		0.21 time, 10.09 real, 47 MB
[runlim] sample:		0.25 time, 20.02 real, 51 MB
[runlim] sample:		0.38 time, 30.02 real, 53 MB
[runlim] sample:		0.63 time, 40.02 real, 89 MB
[runlim] sample:		3.09 time, 50.02 real, 230 MB
[runlim] sample:		23.18 time, 60.02 real, 359 MB
[runlim] sample:		22.05 time, 70.02 real, 117 MB
[runlim] sample:		63.37 time, 80.02 real, 422 MB
[runlim] sample:		42.24 time, 90.02 real, 122 MB
[runlim] sample:		103.51 time, 100.02 real, 422 MB
[runlim] sample:		123.60 time, 110.02 real, 431 MB
[runlim] sample:		143.65 time, 120.02 real, 431 MB
[runlim] sample:		82.52 time, 130.02 real, 125 MB
[runlim] sample:		183.77 time, 140.02 real, 442 MB
[runlim] sample:		203.83 time, 150.02 real, 445 MB
[runlim] sample:		223.92 time, 160.02 real, 455 MB
[runlim] sample:		122.83 time, 170.02 real, 127 MB
[runlim] sample:		264.01 time, 180.02 real, 467 MB
[runlim] sample:		284.11 time, 190.02 real, 469 MB
[runlim] sample:		304.16 time, 200.02 real, 473 MB
[runlim] sample:		324.23 time, 210.02 real, 500 MB
[runlim] sample:		344.27 time, 220.02 real, 498 MB
[runlim] sample:		364.37 time, 230.02 real, 498 MB
[runlim] sample:		384.43 time, 240.02 real, 498 MB
[runlim] sample:		404.54 time, 250.02 real, 498 MB
[runlim] sample:		424.60 time, 260.02 real, 498 MB
[runlim] sample:		444.67 time, 270.02 real, 498 MB
[runlim] sample:		464.71 time, 280.02 real, 498 MB
[runlim] sample:		484.82 time, 290.02 real, 480 MB
[runlim] sample:		504.90 time, 300.02 real, 483 MB
[runlim] sample:		525.00 time, 310.02 real, 480 MB
[runlim] sample:		545.07 time, 320.02 real, 483 MB
[runlim] sample:		565.13 time, 330.02 real, 455 MB
[runlim] sample:		585.24 time, 340.02 real, 454 MB
[runlim] sample:		605.31 time, 350.02 real, 454 MB
[runlim] sample:		625.38 time, 360.02 real, 454 MB
[runlim] sample:		645.47 time, 370.02 real, 454 MB
[runlim] sample:		334.46 time, 380.02 real, 135 MB
[runlim] sample:		685.64 time, 390.02 real, 492 MB
[runlim] sample:		354.65 time, 400.02 real, 129 MB
[runlim] sample:		725.82 time, 410.02 real, 494 MB
[runlim] sample:		745.88 time, 420.02 real, 494 MB
[runlim] sample:		765.93 time, 430.02 real, 494 MB
[runlim] sample:		394.95 time, 440.02 real, 126 MB
[runlim] sample:		806.12 time, 450.02 real, 491 MB
[runlim] sample:		826.20 time, 460.02 real, 490 MB
[runlim] sample:		846.27 time, 470.02 real, 490 MB
[runlim] sample:		435.25 time, 480.02 real, 125 MB
[runlim] sample:		886.39 time, 490.02 real, 490 MB
[runlim] sample:		906.47 time, 500.02 real, 565 MB
[runlim] sample:		926.57 time, 510.02 real, 565 MB
[runlim] sample:		946.67 time, 520.02 real, 565 MB
[runlim] sample:		966.76 time, 530.02 real, 565 MB
[runlim] sample:		986.85 time, 540.02 real, 565 MB
[runlim] sample:		1006.91 time, 550.02 real, 536 MB
[runlim] sample:		1027.00 time, 560.02 real, 536 MB
[runlim] sample:		1047.07 time, 570.02 real, 517 MB
[runlim] sample:		1067.14 time, 580.02 real, 520 MB
[runlim] sample:		1087.21 time, 590.02 real, 519 MB
[runlim] sample:		1107.29 time, 600.02 real, 519 MB
[runlim] sample:		1127.37 time, 610.02 real, 520 MB
[runlim] sample:		1147.47 time, 620.02 real, 516 MB
[runlim] sample:		1167.53 time, 630.02 real, 521 MB
[runlim] sample:		1187.60 time, 640.02 real, 519 MB
[runlim] sample:		1207.66 time, 650.02 real, 518 MB
[runlim] sample:		1227.74 time, 660.02 real, 543 MB
[runlim] sample:		626.75 time, 670.02 real, 129 MB
[runlim] sample:		1267.91 time, 680.02 real, 546 MB
[runlim] sample:		646.88 time, 690.02 real, 135 MB
[runlim] sample:		1308.02 time, 700.02 real, 534 MB
[runlim] sample:		1328.13 time, 710.02 real, 567 MB
[runlim] sample:		1348.19 time, 720.02 real, 567 MB
[runlim] sample:		1368.27 time, 730.02 real, 569 MB
[runlim] sample:		1388.35 time, 740.02 real, 567 MB
[runlim] sample:		1408.44 time, 750.02 real, 567 MB
[runlim] sample:		1428.54 time, 760.02 real, 569 MB
[runlim] sample:		1448.62 time, 770.02 real, 567 MB
[runlim] sample:		1468.69 time, 780.02 real, 567 MB
[runlim] sample:		1488.78 time, 790.02 real, 567 MB
[runlim] sample:		1508.83 time, 800.02 real, 567 MB
[runlim] sample:		1528.88 time, 810.02 real, 567 MB
[runlim] sample:		1548.97 time, 820.02 real, 567 MB
[runlim] sample:		1569.07 time, 830.02 real, 567 MB
[runlim] sample:		1589.15 time, 840.02 real, 567 MB
[runlim] sample:		1609.22 time, 850.02 real, 567 MB
[runlim] sample:		1629.29 time, 860.02 real, 567 MB
[runlim] sample:		1649.36 time, 870.02 real, 570 MB
[runlim] sample:		1669.43 time, 880.02 real, 570 MB
[runlim] sample:		1689.49 time, 890.02 real, 570 MB
[runlim] sample:		858.48 time, 900.02 real, 140 MB
[runlim] sample:		1729.63 time, 910.02 real, 570 MB
[runlim] sample:		1749.70 time, 920.02 real, 570 MB
[runlim] sample:		1769.77 time, 930.02 real, 570 MB
[runlim] sample:		898.76 time, 940.02 real, 138 MB
[runlim] sample:		1809.92 time, 950.02 real, 570 MB
[runlim] sample:		1829.96 time, 960.02 real, 570 MB
[runlim] sample:		1850.05 time, 970.02 real, 570 MB
[runlim] sample:		939.06 time, 980.02 real, 138 MB
[runlim] sample:		1890.22 time, 990.02 real, 574 MB
[runlim] sample:		1910.29 time, 1000.02 real, 582 MB
[runlim] sample:		1930.34 time, 1010.02 real, 589 MB
[runlim] sample:		1950.45 time, 1020.02 real, 605 MB
[runlim] sample:		1970.53 time, 1030.02 real, 605 MB
[runlim] sample:		1990.61 time, 1040.02 real, 608 MB
[runlim] sample:		2010.69 time, 1050.02 real, 605 MB
[runlim] sample:		2030.78 time, 1060.02 real, 605 MB
[runlim] sample:		2050.86 time, 1070.02 real, 607 MB
[runlim] sample:		2070.94 time, 1080.02 real, 607 MB
[runlim] sample:		2091.03 time, 1090.02 real, 645 MB
[runlim] sample:		2111.14 time, 1100.02 real, 645 MB
[runlim] sample:		2131.20 time, 1110.02 real, 645 MB
[runlim] sample:		2151.26 time, 1120.02 real, 645 MB
[runlim] sample:		2171.35 time, 1130.02 real, 645 MB
[runlim] sample:		2191.49 time, 1140.02 real, 645 MB
[runlim] sample:		2211.55 time, 1150.02 real, 645 MB
[runlim] sample:		2231.65 time, 1160.02 real, 644 MB
[runlim] sample:		2251.70 time, 1170.02 real, 644 MB
[runlim] sample:		2271.86 time, 1180.02 real, 621 MB
[runlim] sample:		2291.90 time, 1190.02 real, 621 MB
[runlim] sample:		2312.00 time, 1200.02 real, 601 MB
[runlim] sample:		2332.05 time, 1210.02 real, 600 MB
[runlim] sample:		2352.13 time, 1220.02 real, 599 MB
[runlim] sample:		2372.23 time, 1230.02 real, 599 MB
[runlim] sample:		2392.34 time, 1240.02 real, 598 MB
[runlim] sample:		2412.45 time, 1250.02 real, 598 MB
[runlim] sample:		2432.53 time, 1260.02 real, 599 MB
[runlim] sample:		2452.64 time, 1270.02 real, 598 MB
[runlim] sample:		2472.72 time, 1280.02 real, 597 MB
[runlim] sample:		2492.80 time, 1290.02 real, 597 MB
[runlim] sample:		2512.92 time, 1300.02 real, 596 MB
[runlim] sample:		2532.97 time, 1310.02 real, 595 MB
[runlim] sample:		2553.06 time, 1320.02 real, 595 MB
[runlim] sample:		2573.16 time, 1330.02 real, 597 MB
[runlim] sample:		2593.26 time, 1340.02 real, 595 MB
[runlim] sample:		2613.35 time, 1350.02 real, 601 MB
[runlim] sample:		2633.45 time, 1360.02 real, 596 MB
[runlim] sample:		2653.53 time, 1370.02 real, 594 MB
[runlim] sample:		2673.63 time, 1380.02 real, 593 MB
[runlim] sample:		2693.69 time, 1390.02 real, 642 MB
[runlim] sample:		2713.78 time, 1400.02 real, 642 MB
[runlim] sample:		2733.87 time, 1410.02 real, 642 MB
[runlim] sample:		2753.93 time, 1420.02 real, 642 MB
[runlim] sample:		2774.03 time, 1430.02 real, 642 MB
[runlim] sample:		2794.11 time, 1440.02 real, 642 MB
[runlim] sample:		2814.21 time, 1450.02 real, 642 MB
[runlim] sample:		2834.34 time, 1460.02 real, 645 MB
[runlim] sample:		2854.40 time, 1470.02 real, 599 MB
[runlim] sample:		2874.48 time, 1480.02 real, 597 MB
[runlim] sample:		2894.55 time, 1490.02 real, 609 MB
[runlim] sample:		2914.65 time, 1500.02 real, 621 MB
[runlim] sample:		2934.71 time, 1510.02 real, 621 MB
[runlim] sample:		2954.79 time, 1520.02 real, 621 MB
[runlim] sample:		2974.85 time, 1530.02 real, 617 MB
[runlim] sample:		2994.94 time, 1540.02 real, 618 MB
[runlim] sample:		3015.03 time, 1550.02 real, 618 MB
[runlim] sample:		3035.10 time, 1560.02 real, 618 MB
[runlim] sample:		3055.21 time, 1570.02 real, 618 MB
[runlim] sample:		3075.33 time, 1580.02 real, 618 MB
[runlim] sample:		3095.40 time, 1590.02 real, 618 MB
[runlim] sample:		3115.48 time, 1600.02 real, 618 MB
[runlim] sample:		3135.56 time, 1610.02 real, 619 MB
[runlim] sample:		3155.66 time, 1620.02 real, 619 MB
[runlim] sample:		3175.72 time, 1630.02 real, 619 MB
[runlim] sample:		3195.78 time, 1640.02 real, 620 MB
[runlim] sample:		3215.88 time, 1650.02 real, 620 MB
[runlim] sample:		3235.94 time, 1660.02 real, 621 MB
[runlim] sample:		3256.03 time, 1670.02 real, 621 MB
[runlim] sample:		3276.11 time, 1680.02 real, 621 MB
[runlim] sample:		1655.08 time, 1690.02 real, 146 MB
[runlim] sample:		3316.27 time, 1700.02 real, 619 MB
[runlim] sample:		1675.24 time, 1710.02 real, 146 MB
[runlim] sample:		3356.38 time, 1720.02 real, 619 MB
[runlim] sample:		3376.47 time, 1730.02 real, 619 MB
[runlim] sample:		3396.56 time, 1740.02 real, 619 MB
[runlim] sample:		3416.60 time, 1750.02 real, 619 MB
[runlim] sample:		3436.67 time, 1760.02 real, 619 MB
[runlim] sample:		3456.78 time, 1770.02 real, 622 MB
[runlim] sample:		3476.86 time, 1780.02 real, 622 MB
[runlim] sample:		3496.93 time, 1790.02 real, 622 MB
[runlim] sample:		3516.99 time, 1800.02 real, 676 MB
[runlim] sample:		3537.08 time, 1810.02 real, 676 MB
[runlim] sample:		3557.11 time, 1820.02 real, 676 MB
[runlim] sample:		3577.19 time, 1830.02 real, 676 MB
[runlim] sample:		3597.29 time, 1840.02 real, 676 MB
[runlim] sample:		3617.42 time, 1850.02 real, 676 MB
[runlim] sample:		3637.49 time, 1860.02 real, 676 MB
[runlim] sample:		3657.57 time, 1870.02 real, 676 MB
[runlim] sample:		3677.66 time, 1880.02 real, 676 MB
[runlim] sample:		3697.78 time, 1890.02 real, 676 MB
[runlim] sample:		3717.83 time, 1900.02 real, 679 MB
[runlim] sample:		3737.94 time, 1910.02 real, 679 MB
[runlim] sample:		1886.90 time, 1920.02 real, 147 MB
[runlim] sample:		3778.11 time, 1930.02 real, 677 MB
[runlim] sample:		3798.17 time, 1940.02 real, 677 MB
[runlim] sample:		3818.24 time, 1950.02 real, 679 MB
[runlim] sample:		3838.33 time, 1960.02 real, 679 MB
[runlim] sample:		3858.37 time, 1970.02 real, 679 MB
[runlim] sample:		3878.46 time, 1980.02 real, 679 MB
[runlim] sample:		3898.53 time, 1990.02 real, 679 MB
[runlim] sample:		3918.64 time, 2000.02 real, 680 MB
[runlim] sample:		3938.73 time, 2010.02 real, 680 MB
[runlim] sample:		3958.80 time, 2020.02 real, 680 MB
[runlim] sample:		3978.85 time, 2030.02 real, 680 MB
[runlim] sample:		3998.92 time, 2040.02 real, 680 MB
[runlim] sample:		4019.01 time, 2050.02 real, 680 MB
[runlim] sample:		4039.08 time, 2060.02 real, 680 MB
[runlim] sample:		4059.12 time, 2070.02 real, 680 MB
[runlim] sample:		4079.20 time, 2080.02 real, 680 MB
[runlim] sample:		4099.27 time, 2090.02 real, 680 MB
[runlim] sample:		4119.37 time, 2100.02 real, 682 MB
[runlim] sample:		4139.44 time, 2110.02 real, 681 MB
[runlim] sample:		4159.51 time, 2120.02 real, 654 MB
[runlim] sample:		2098.46 time, 2130.02 real, 151 MB
[runlim] sample:		4199.65 time, 2140.02 real, 632 MB
[runlim] sample:		2118.64 time, 2150.02 real, 150 MB
[runlim] sample:		4239.82 time, 2160.02 real, 633 MB
[runlim] sample:		4259.88 time, 2170.02 real, 633 MB
[runlim] sample:		4279.98 time, 2180.02 real, 634 MB
[runlim] sample:		4300.07 time, 2190.02 real, 633 MB
[runlim] sample:		4320.17 time, 2200.02 real, 632 MB
[runlim] sample:		4340.23 time, 2210.02 real, 632 MB
[runlim] sample:		4360.34 time, 2220.02 real, 632 MB
[runlim] sample:		4380.42 time, 2230.02 real, 632 MB
[runlim] sample:		4400.47 time, 2240.02 real, 632 MB
[runlim] sample:		4420.54 time, 2250.02 real, 631 MB
[runlim] sample:		4440.59 time, 2260.02 real, 632 MB
[runlim] sample:		4460.68 time, 2270.02 real, 633 MB
[runlim] sample:		4480.76 time, 2280.02 real, 631 MB
[runlim] sample:		4500.84 time, 2290.02 real, 631 MB
[runlim] sample:		4520.90 time, 2300.02 real, 632 MB
[runlim] sample:		4541.04 time, 2310.02 real, 634 MB
[runlim] sample:		4561.12 time, 2320.02 real, 632 MB
[runlim] sample:		4581.20 time, 2330.02 real, 632 MB
[runlim] sample:		2310.16 time, 2340.02 real, 152 MB
[runlim] sample:		4621.36 time, 2350.02 real, 639 MB
[runlim] sample:		4641.41 time, 2360.02 real, 639 MB
[runlim] sample:		4661.48 time, 2370.02 real, 633 MB
[runlim] sample:		2350.48 time, 2380.02 real, 156 MB
[runlim] sample:		4701.66 time, 2390.02 real, 634 MB
[runlim] sample:		4721.74 time, 2400.02 real, 634 MB
[runlim] sample:		4741.83 time, 2410.02 real, 641 MB
[runlim] sample:		2390.82 time, 2420.02 real, 156 MB
[runlim] sample:		4782.01 time, 2430.02 real, 634 MB
[runlim] sample:		2410.97 time, 2440.02 real, 153 MB
[runlim] sample:		4822.13 time, 2450.02 real, 634 MB
[runlim] sample:		4842.22 time, 2460.02 real, 634 MB
[runlim] sample:		4862.31 time, 2470.02 real, 643 MB
[runlim] sample:		4882.37 time, 2480.02 real, 635 MB
[runlim] sample:		4902.46 time, 2490.02 real, 634 MB
[runlim] sample:		4922.56 time, 2500.02 real, 634 MB
[runlim] sample:		4942.64 time, 2510.02 real, 634 MB
[runlim] sample:		4962.72 time, 2520.02 real, 634 MB
[runlim] sample:		4982.80 time, 2530.02 real, 642 MB
[runlim] sample:		5002.91 time, 2540.02 real, 642 MB
[runlim] sample:		5022.99 time, 2550.02 real, 642 MB
[runlim] sample:		5043.09 time, 2560.02 real, 642 MB
[runlim] sample:		5063.17 time, 2570.02 real, 634 MB
[runlim] sample:		5083.28 time, 2580.02 real, 634 MB
[runlim] sample:		5103.37 time, 2590.02 real, 635 MB
[runlim] sample:		5123.45 time, 2600.02 real, 635 MB
[runlim] sample:		5143.55 time, 2610.02 real, 642 MB
[runlim] sample:		5163.63 time, 2620.02 real, 668 MB
[runlim] sample:		5183.72 time, 2630.02 real, 668 MB
[runlim] sample:		5203.78 time, 2640.02 real, 668 MB
[runlim] sample:		2622.73 time, 2650.02 real, 156 MB
[runlim] sample:		5243.91 time, 2660.02 real, 668 MB
[runlim] sample:		5264.01 time, 2670.02 real, 668 MB
[runlim] sample:		5284.08 time, 2680.02 real, 668 MB
[runlim] sample:		5304.17 time, 2690.02 real, 668 MB
[runlim] sample:		5324.26 time, 2700.02 real, 668 MB
[runlim] sample:		5344.33 time, 2710.02 real, 669 MB
[runlim] sample:		5364.40 time, 2720.02 real, 669 MB
[runlim] sample:		2703.38 time, 2730.02 real, 158 MB
[runlim] sample:		5404.60 time, 2740.02 real, 669 MB
[runlim] sample:		2723.56 time, 2750.02 real, 156 MB
[runlim] sample:		5444.75 time, 2760.02 real, 670 MB
[runlim] sample:		2743.75 time, 2770.02 real, 156 MB
[runlim] sample:		5484.95 time, 2780.02 real, 670 MB
[runlim] sample:		5505.02 time, 2790.02 real, 670 MB
[runlim] sample:		5525.11 time, 2800.02 real, 670 MB
[runlim] sample:		5545.21 time, 2810.02 real, 670 MB
[runlim] sample:		5565.26 time, 2820.02 real, 670 MB
[runlim] sample:		5585.35 time, 2830.02 real, 670 MB
[runlim] sample:		5605.43 time, 2840.02 real, 670 MB
[runlim] sample:		5625.54 time, 2850.02 real, 670 MB
[runlim] sample:		5645.61 time, 2860.02 real, 670 MB
[runlim] sample:		5665.67 time, 2870.02 real, 672 MB
[runlim] sample:		5685.75 time, 2880.02 real, 672 MB
[runlim] sample:		5705.84 time, 2890.02 real, 639 MB
[runlim] sample:		5725.94 time, 2900.02 real, 674 MB
[runlim] sample:		5746.04 time, 2910.02 real, 674 MB
[runlim] sample:		5766.12 time, 2920.02 real, 674 MB
[runlim] sample:		5786.21 time, 2930.02 real, 674 MB
[runlim] sample:		5806.31 time, 2940.02 real, 674 MB
[runlim] sample:		5826.38 time, 2950.02 real, 674 MB
[runlim] sample:		2935.33 time, 2960.02 real, 159 MB
[runlim] sample:		5866.53 time, 2970.02 real, 674 MB
[runlim] sample:		5886.60 time, 2980.02 real, 674 MB
[runlim] sample:		5906.69 time, 2990.02 real, 674 MB
[runlim] sample:		2975.64 time, 3000.02 real, 159 MB
[runlim] sample:		5946.87 time, 3010.02 real, 715 MB
[runlim] sample:		5966.94 time, 3020.02 real, 715 MB
[runlim] sample:		5987.02 time, 3030.02 real, 715 MB
[runlim] sample:		3016.01 time, 3040.02 real, 159 MB
[runlim] sample:		6027.23 time, 3050.02 real, 715 MB
[runlim] sample:		3036.19 time, 3060.02 real, 158 MB
[runlim] sample:		6067.35 time, 3070.02 real, 715 MB
[runlim] sample:		6087.44 time, 3080.02 real, 715 MB
[runlim] sample:		6107.51 time, 3090.02 real, 718 MB
[runlim] sample:		6127.58 time, 3100.02 real, 716 MB
[runlim] sample:		6147.65 time, 3110.02 real, 716 MB
[runlim] sample:		6167.74 time, 3120.02 real, 716 MB
[runlim] sample:		6187.83 time, 3130.02 real, 716 MB
[runlim] sample:		6207.90 time, 3140.02 real, 716 MB
[runlim] sample:		6227.98 time, 3150.02 real, 716 MB
[runlim] sample:		6248.05 time, 3160.02 real, 716 MB
[runlim] sample:		6268.11 time, 3170.02 real, 717 MB
[runlim] sample:		6288.17 time, 3180.02 real, 717 MB
[runlim] sample:		6308.26 time, 3190.02 real, 718 MB
[runlim] sample:		6328.35 time, 3200.02 real, 718 MB
[runlim] sample:		6348.43 time, 3210.02 real, 718 MB
[runlim] sample:		6368.51 time, 3220.02 real, 718 MB
[runlim] sample:		6388.60 time, 3230.02 real, 718 MB
[runlim] sample:		6408.69 time, 3240.02 real, 718 MB
[runlim] sample:		6428.74 time, 3250.02 real, 718 MB
[runlim] sample:		6448.86 time, 3260.02 real, 688 MB
[runlim] sample:		3247.81 time, 3270.02 real, 162 MB
[runlim] sample:		6489.01 time, 3280.02 real, 674 MB
[runlim] sample:		6509.10 time, 3290.02 real, 673 MB
[runlim] sample:		6529.16 time, 3300.02 real, 674 MB
[runlim] sample:		3288.17 time, 3310.02 real, 158 MB
[runlim] sample:		6569.36 time, 3320.02 real, 671 MB
[runlim] sample:		6589.43 time, 3330.02 real, 669 MB
[runlim] sample:		6609.53 time, 3340.02 real, 670 MB
[runlim] sample:		3328.50 time, 3350.02 real, 160 MB
[runlim] sample:		6649.67 time, 3360.02 real, 669 MB
[runlim] sample:		3348.63 time, 3370.02 real, 158 MB
[runlim] sample:		6689.79 time, 3380.02 real, 669 MB
[runlim] sample:		6709.89 time, 3390.02 real, 669 MB
[runlim] sample:		6729.96 time, 3400.02 real, 669 MB
[runlim] sample:		6750.07 time, 3410.02 real, 677 MB
[runlim] sample:		6770.13 time, 3420.02 real, 670 MB
[runlim] sample:		6790.23 time, 3430.02 real, 670 MB
[runlim] sample:		6810.30 time, 3440.02 real, 670 MB
[runlim] sample:		6830.41 time, 3450.02 real, 671 MB
[runlim] sample:		6850.47 time, 3460.02 real, 671 MB
[runlim] sample:		6870.57 time, 3470.02 real, 671 MB
[runlim] sample:		6890.60 time, 3480.02 real, 671 MB
[runlim] sample:		6910.68 time, 3490.02 real, 671 MB
[runlim] sample:		6930.72 time, 3500.02 real, 680 MB
[runlim] sample:		6950.82 time, 3510.02 real, 680 MB
[runlim] sample:		6970.89 time, 3520.02 real, 671 MB
[runlim] sample:		6990.94 time, 3530.02 real, 671 MB
[runlim] sample:		3519.91 time, 3540.02 real, 160 MB
[runlim] sample:		7031.12 time, 3550.02 real, 671 MB
[runlim] sample:		7051.19 time, 3560.02 real, 670 MB
[runlim] sample:		10587.73 time, 3570.02 real, 2767 MB
[runlim] end:			Fri Oct 18 19:40:32 2019
[runlim] status:		ok
[runlim] result:		0
[runlim] children:		5200
[runlim] real:			3575.55 seconds
[runlim] time:			38855.68 seconds
[runlim] space:			2771 MB
[runlim] samples:		35755
