c host: c3n07
c start: Fri Oct 18 18:41:36 CEST 2019
c arrayjobid: 17567256
c jobid: 17567295
c benchmark: /home/mathias/hwmcc19/benchmarks-single/btor2/goel/industry/cal39/cal39.btor2
c solver: ./run-avr.sh
c solver options: 
c tmpdir: /tmp/slurm.17567295.0
	(output dir: /tmp//pr_test/work_w2)
	(frontend: btor2)
	(property: all (1 assertions))
	(143 / 143 flops initialized)
	(abstraction: sa+uf)
   0	: 0	: 0 s: 0    0s                  
   0	: 1	: 0 0 s: 0    0s                     0	: 1	: 0 1 s: 1    0s                     0	: 1	: 0 1 s: 1    0s                  
   0	: 2	: 0 1 0 s: 1    0s                     0	: 2	: 0 1 1 s: 2    0s                     0	: 2	: 0 1 2 s: 3    0s                     0	: 2	: 0 1 3 s: 4    0s                     0	: 2	: 0 1 4 s: 5    0s                     0	: 2	: 0 1 4 s: 5    0s                  
   0	: 2	: 0 1 0 s: 1    0s                  
      Result        Time        Mem.       #Refs           
                     sec          MB                       
           h        0.28          50           0
AVR -- Proof Race 
copyright (c) 2019  Aman Goel and Karem Sakallah, University of Michigan
@     0s  (starting avr proof race)
@     0s  (output dir: /tmp//pr_test)
@     0s  (max 11 workers)
@     0s  (started worker 0 with pid 14318)
@     0s  (started worker 1 with pid 14319)
@     0s  (started worker 2 with pid 14320)
@     0s  (started worker 3 with pid 14321)
@     0s  (started worker 4 with pid 14322)
@     0s  (spawned 5 workers)
@     0s  (total 5 workers using 0 MB)
@     1s  (started worker 5 with pid 14323)
@     1s  (spawned 1 workers)
@     1s  (total 6 workers using 0 MB)
@     2s  (started worker 6 with pid 14456)
@     2s  (spawned 1 workers)
@     2s  (total 7 workers using 213 MB)
@     3s  (worker 2 finished with result safe) python3 avr.py
@     3s  (worker 2 output)
@     3s  (stopping all workers)
@     3s  (copied results from worker 2 in /tmp//pr_test)
@     3s  [0;30;47m(proof race finished with answer safe in 2.91 seconds)[m
unsat
b0
c done
