[runlim] version:		1.17
[runlim] host:			c3n32
[runlim] time limit:		311040000 seconds
[runlim] real time limit:	3600 seconds
[runlim] space limit:		120000 MB
[runlim] argv[0]:		./run-avr.sh
[runlim] argv[1]:		/tmp/JABRFTvd.btor2
[runlim] start:			Fri Oct 18 18:42:29 2019
[runlim] child:			9943
[runlim] sample:		13.71 time, 10.02 real, 177 MB
[runlim] sample:		33.84 time, 20.02 real, 217 MB
[runlim] sample:		53.94 time, 30.02 real, 251 MB
[runlim] sample:		74.00 time, 40.02 real, 295 MB
[runlim] sample:		94.06 time, 50.02 real, 334 MB
[runlim] sample:		114.14 time, 60.02 real, 376 MB
[runlim] sample:		134.23 time, 70.02 real, 410 MB
[runlim] sample:		154.29 time, 80.02 real, 456 MB
[runlim] sample:		174.39 time, 90.02 real, 498 MB
[runlim] sample:		194.47 time, 100.02 real, 547 MB
[runlim] sample:		214.53 time, 110.02 real, 595 MB
[runlim] sample:		234.63 time, 120.02 real, 630 MB
[runlim] sample:		254.69 time, 130.02 real, 685 MB
[runlim] sample:		274.77 time, 140.02 real, 737 MB
[runlim] sample:		294.84 time, 150.02 real, 785 MB
[runlim] sample:		314.88 time, 160.02 real, 833 MB
[runlim] sample:		334.96 time, 170.02 real, 886 MB
[runlim] sample:		355.02 time, 180.02 real, 927 MB
[runlim] sample:		375.10 time, 190.02 real, 956 MB
[runlim] sample:		201.80 time, 200.02 real, 923 MB
[runlim] sample:		415.22 time, 210.02 real, 1073 MB
[runlim] sample:		435.30 time, 220.02 real, 1130 MB
[runlim] sample:		455.35 time, 230.02 real, 1189 MB
[runlim] sample:		242.07 time, 240.02 real, 1148 MB
[runlim] sample:		495.47 time, 250.02 real, 1304 MB
[runlim] sample:		515.54 time, 260.02 real, 1363 MB
[runlim] sample:		535.55 time, 270.02 real, 1425 MB
[runlim] sample:		555.63 time, 280.02 real, 1483 MB
[runlim] sample:		575.72 time, 290.02 real, 1532 MB
[runlim] sample:		595.76 time, 300.02 real, 1592 MB
[runlim] sample:		615.80 time, 310.02 real, 1633 MB
[runlim] sample:		635.88 time, 320.02 real, 1658 MB
[runlim] sample:		655.96 time, 330.02 real, 1720 MB
[runlim] sample:		676.00 time, 340.02 real, 1781 MB
[runlim] sample:		352.79 time, 350.02 real, 1743 MB
[runlim] sample:		716.14 time, 360.02 real, 1908 MB
[runlim] sample:		372.93 time, 370.02 real, 1866 MB
[runlim] sample:		756.24 time, 380.02 real, 2031 MB
[runlim] sample:		776.33 time, 390.02 real, 2102 MB
[runlim] sample:		796.38 time, 400.02 real, 2163 MB
[runlim] sample:		816.42 time, 410.02 real, 2221 MB
[runlim] sample:		836.48 time, 420.02 real, 2288 MB
[runlim] sample:		856.57 time, 430.02 real, 2353 MB
[runlim] sample:		876.61 time, 440.02 real, 2418 MB
[runlim] sample:		896.72 time, 450.02 real, 2466 MB
[runlim] sample:		916.77 time, 460.02 real, 2528 MB
[runlim] sample:		936.88 time, 470.02 real, 2588 MB
[runlim] sample:		956.92 time, 480.02 real, 2625 MB
[runlim] sample:		976.99 time, 490.02 real, 2642 MB
[runlim] sample:		503.93 time, 500.02 real, 2594 MB
[runlim] sample:		1017.16 time, 510.02 real, 2744 MB
[runlim] sample:		1037.20 time, 520.02 real, 2789 MB
[runlim] sample:		1057.24 time, 530.02 real, 2836 MB
[runlim] sample:		544.20 time, 540.02 real, 2776 MB
[runlim] sample:		1097.41 time, 550.02 real, 2934 MB
[runlim] sample:		1117.47 time, 560.02 real, 2984 MB
[runlim] sample:		1137.53 time, 570.02 real, 3035 MB
[runlim] sample:		1157.61 time, 580.02 real, 3086 MB
[runlim] sample:		1177.65 time, 590.02 real, 3138 MB
[runlim] sample:		1197.70 time, 600.02 real, 3197 MB
[runlim] sample:		1217.75 time, 610.02 real, 3249 MB
[runlim] sample:		1237.85 time, 620.02 real, 3311 MB
[runlim] sample:		1257.89 time, 630.02 real, 3364 MB
[runlim] sample:		1277.95 time, 640.02 real, 3425 MB
[runlim] sample:		1298.05 time, 650.02 real, 3495 MB
[runlim] sample:		1318.14 time, 660.02 real, 3550 MB
[runlim] sample:		1338.19 time, 670.02 real, 3616 MB
[runlim] sample:		1358.22 time, 680.02 real, 3676 MB
[runlim] sample:		695.18 time, 690.02 real, 3626 MB
[runlim] sample:		1398.37 time, 700.02 real, 3780 MB
[runlim] sample:		1418.43 time, 710.02 real, 3847 MB
[runlim] sample:		1438.50 time, 720.02 real, 3910 MB
[runlim] sample:		1458.59 time, 730.02 real, 3986 MB
[runlim] sample:		1478.65 time, 740.02 real, 4056 MB
[runlim] sample:		1498.73 time, 750.02 real, 4125 MB
[runlim] sample:		1518.78 time, 760.02 real, 4196 MB
[runlim] sample:		1538.88 time, 770.02 real, 4270 MB
[runlim] sample:		1558.97 time, 780.02 real, 4340 MB
[runlim] sample:		1579.02 time, 790.02 real, 4407 MB
[runlim] sample:		805.93 time, 800.02 real, 4362 MB
[runlim] sample:		1619.15 time, 810.02 real, 4543 MB
[runlim] sample:		1639.20 time, 820.02 real, 4611 MB
[runlim] sample:		1659.26 time, 830.02 real, 4683 MB
[runlim] sample:		846.20 time, 840.02 real, 4636 MB
[runlim] sample:		1699.41 time, 850.02 real, 4817 MB
[runlim] sample:		1719.49 time, 860.02 real, 4883 MB
[runlim] sample:		1739.56 time, 870.02 real, 4953 MB
[runlim] sample:		886.50 time, 880.02 real, 4887 MB
[runlim] sample:		1779.69 time, 890.02 real, 5014 MB
[runlim] sample:		1799.78 time, 900.02 real, 5015 MB
[runlim] sample:		1819.82 time, 910.02 real, 5060 MB
[runlim] sample:		1839.95 time, 920.02 real, 5121 MB
[runlim] sample:		1860.01 time, 930.02 real, 5191 MB
[runlim] sample:		1880.07 time, 940.02 real, 5258 MB
[runlim] sample:		1900.15 time, 950.02 real, 5325 MB
[runlim] sample:		1920.24 time, 960.02 real, 5384 MB
[runlim] sample:		1940.34 time, 970.02 real, 5448 MB
[runlim] sample:		1960.42 time, 980.02 real, 5515 MB
[runlim] sample:		1980.51 time, 990.02 real, 5590 MB
[runlim] sample:		2000.58 time, 1000.02 real, 5657 MB
[runlim] sample:		2020.66 time, 1010.02 real, 5714 MB
[runlim] sample:		2040.71 time, 1020.02 real, 5784 MB
[runlim] sample:		1037.66 time, 1030.02 real, 5730 MB
[runlim] sample:		2080.88 time, 1040.02 real, 5934 MB
[runlim] sample:		2100.95 time, 1050.02 real, 6007 MB
[runlim] sample:		2121.04 time, 1060.02 real, 6071 MB
[runlim] sample:		1077.97 time, 1070.02 real, 6010 MB
[runlim] sample:		2161.15 time, 1080.02 real, 6211 MB
[runlim] sample:		2181.22 time, 1090.02 real, 6278 MB
[runlim] sample:		2201.29 time, 1100.02 real, 6343 MB
[runlim] sample:		2221.37 time, 1110.02 real, 6408 MB
[runlim] sample:		2241.43 time, 1120.02 real, 6471 MB
[runlim] sample:		2261.50 time, 1130.02 real, 6537 MB
[runlim] sample:		2281.56 time, 1140.02 real, 6593 MB
[runlim] sample:		2301.64 time, 1150.02 real, 6659 MB
[runlim] sample:		2321.71 time, 1160.02 real, 6736 MB
[runlim] sample:		2341.78 time, 1170.02 real, 6804 MB
[runlim] sample:		2361.84 time, 1180.02 real, 6869 MB
[runlim] sample:		2381.91 time, 1190.02 real, 6936 MB
[runlim] sample:		2401.97 time, 1200.02 real, 6997 MB
[runlim] sample:		2422.04 time, 1210.02 real, 7065 MB
[runlim] sample:		1228.99 time, 1220.02 real, 7006 MB
[runlim] sample:		2462.16 time, 1230.02 real, 7173 MB
[runlim] sample:		2482.21 time, 1240.02 real, 7237 MB
[runlim] sample:		2502.28 time, 1250.02 real, 7309 MB
[runlim] sample:		2522.38 time, 1260.02 real, 7383 MB
[runlim] sample:		2542.44 time, 1270.02 real, 7453 MB
[runlim] sample:		2562.49 time, 1280.02 real, 7523 MB
[runlim] sample:		2582.55 time, 1290.02 real, 7596 MB
[runlim] sample:		2602.64 time, 1300.02 real, 7662 MB
[runlim] sample:		2622.72 time, 1310.02 real, 7736 MB
[runlim] sample:		2642.77 time, 1320.02 real, 7805 MB
[runlim] sample:		1339.72 time, 1330.02 real, 7758 MB
[runlim] sample:		2682.92 time, 1340.02 real, 7936 MB
[runlim] sample:		2702.97 time, 1350.02 real, 8007 MB
[runlim] sample:		2723.05 time, 1360.02 real, 8074 MB
[runlim] sample:		2743.14 time, 1370.02 real, 8146 MB
[runlim] sample:		2763.19 time, 1380.02 real, 8220 MB
[runlim] sample:		2783.26 time, 1390.02 real, 8293 MB
[runlim] sample:		2803.33 time, 1400.02 real, 8366 MB
[runlim] sample:		2823.39 time, 1410.02 real, 8437 MB
[runlim] sample:		2843.47 time, 1420.02 real, 8509 MB
[runlim] sample:		2863.53 time, 1430.02 real, 8585 MB
[runlim] sample:		1450.45 time, 1440.02 real, 8534 MB
[runlim] sample:		2903.67 time, 1450.02 real, 8727 MB
[runlim] sample:		2923.74 time, 1460.02 real, 8795 MB
[runlim] sample:		2943.81 time, 1470.02 real, 8863 MB
[runlim] sample:		2963.89 time, 1480.02 real, 8945 MB
[runlim] sample:		2983.96 time, 1490.02 real, 9012 MB
[runlim] sample:		3004.04 time, 1500.02 real, 9086 MB
[runlim] sample:		3024.13 time, 1510.02 real, 9165 MB
[runlim] sample:		3044.22 time, 1520.02 real, 9225 MB
[runlim] sample:		3064.27 time, 1530.02 real, 9296 MB
[runlim] sample:		3084.32 time, 1540.02 real, 9360 MB
[runlim] sample:		1561.24 time, 1550.02 real, 9296 MB
[runlim] sample:		3124.46 time, 1560.02 real, 9494 MB
[runlim] sample:		3144.53 time, 1570.02 real, 9555 MB
[runlim] sample:		3164.60 time, 1580.02 real, 9560 MB
[runlim] sample:		3184.67 time, 1590.02 real, 9559 MB
[runlim] sample:		3204.77 time, 1600.02 real, 9560 MB
[runlim] sample:		3224.83 time, 1610.02 real, 9628 MB
[runlim] sample:		3244.89 time, 1620.02 real, 9696 MB
[runlim] sample:		3264.96 time, 1630.02 real, 9767 MB
[runlim] sample:		3285.01 time, 1640.02 real, 9845 MB
[runlim] sample:		3305.08 time, 1650.02 real, 9901 MB
[runlim] sample:		3325.11 time, 1660.02 real, 9969 MB
[runlim] sample:		3345.21 time, 1670.02 real, 10036 MB
[runlim] sample:		3365.27 time, 1680.02 real, 10117 MB
[runlim] sample:		3385.33 time, 1690.02 real, 10186 MB
[runlim] sample:		1712.28 time, 1700.02 real, 10103 MB
[runlim] sample:		3425.48 time, 1710.02 real, 10303 MB
[runlim] sample:		3445.54 time, 1720.02 real, 10370 MB
[runlim] sample:		3465.61 time, 1730.02 real, 10437 MB
[runlim] sample:		3485.69 time, 1740.02 real, 10516 MB
[runlim] sample:		3505.78 time, 1750.02 real, 10586 MB
[runlim] sample:		3525.84 time, 1760.02 real, 10656 MB
[runlim] sample:		1782.74 time, 1770.02 real, 10579 MB
[runlim] sample:		3565.95 time, 1780.02 real, 10786 MB
[runlim] sample:		3586.02 time, 1790.02 real, 10858 MB
[runlim] sample:		3606.12 time, 1800.02 real, 10939 MB
[runlim] sample:		1823.06 time, 1810.02 real, 10863 MB
[runlim] sample:		3646.25 time, 1820.02 real, 11084 MB
[runlim] sample:		3666.32 time, 1830.02 real, 11137 MB
[runlim] sample:		3686.41 time, 1840.02 real, 11217 MB
[runlim] sample:		3706.51 time, 1850.02 real, 11290 MB
[runlim] sample:		3726.56 time, 1860.02 real, 11363 MB
[runlim] sample:		3746.62 time, 1870.02 real, 11432 MB
[runlim] sample:		3766.68 time, 1880.02 real, 11503 MB
[runlim] sample:		3786.73 time, 1890.02 real, 11573 MB
[runlim] sample:		3806.80 time, 1900.02 real, 11656 MB
[runlim] sample:		3826.87 time, 1910.02 real, 11726 MB
[runlim] sample:		1933.81 time, 1920.02 real, 11645 MB
[runlim] sample:		3867.03 time, 1930.02 real, 11866 MB
[runlim] sample:		3887.09 time, 1940.02 real, 11912 MB
[runlim] sample:		3907.14 time, 1950.02 real, 11972 MB
[runlim] sample:		3927.22 time, 1960.02 real, 12039 MB
[runlim] sample:		3947.30 time, 1970.02 real, 12108 MB
[runlim] sample:		3967.37 time, 1980.02 real, 12180 MB
[runlim] sample:		3987.42 time, 1990.02 real, 12264 MB
[runlim] sample:		4007.50 time, 2000.02 real, 12339 MB
[runlim] sample:		4027.55 time, 2010.02 real, 12400 MB
[runlim] sample:		4047.61 time, 2020.02 real, 12474 MB
[runlim] sample:		4067.69 time, 2030.02 real, 12549 MB
[runlim] sample:		4087.76 time, 2040.02 real, 12619 MB
[runlim] sample:		4107.83 time, 2050.02 real, 12687 MB
[runlim] sample:		4127.87 time, 2060.02 real, 12754 MB
[runlim] sample:		2084.80 time, 2070.02 real, 12682 MB
[runlim] sample:		4168.02 time, 2080.02 real, 12894 MB
[runlim] sample:		4188.09 time, 2090.02 real, 12956 MB
[runlim] sample:		4208.14 time, 2100.02 real, 13033 MB
[runlim] sample:		4228.23 time, 2110.02 real, 13102 MB
[runlim] sample:		4248.29 time, 2120.02 real, 13171 MB
[runlim] sample:		4268.36 time, 2130.02 real, 13240 MB
[runlim] sample:		4288.40 time, 2140.02 real, 13314 MB
[runlim] sample:		4308.50 time, 2150.02 real, 13401 MB
[runlim] sample:		4328.56 time, 2160.02 real, 13470 MB
[runlim] sample:		4348.63 time, 2170.02 real, 13536 MB
[runlim] sample:		2195.61 time, 2180.02 real, 13461 MB
[runlim] sample:		4388.85 time, 2190.02 real, 13689 MB
[runlim] sample:		2215.78 time, 2200.02 real, 13603 MB
[runlim] sample:		4429.00 time, 2210.02 real, 13828 MB
[runlim] sample:		4449.09 time, 2220.02 real, 13899 MB
[runlim] sample:		4469.16 time, 2230.02 real, 13973 MB
[runlim] sample:		4489.20 time, 2240.02 real, 14058 MB
[runlim] sample:		4509.27 time, 2250.02 real, 14127 MB
[runlim] sample:		4529.35 time, 2260.02 real, 14195 MB
[runlim] sample:		4549.41 time, 2270.02 real, 14256 MB
[runlim] sample:		4569.52 time, 2280.02 real, 14322 MB
[runlim] sample:		4589.61 time, 2290.02 real, 14390 MB
[runlim] sample:		4609.67 time, 2300.02 real, 14460 MB
[runlim] sample:		2326.58 time, 2310.02 real, 14369 MB
[runlim] sample:		4649.78 time, 2320.02 real, 14591 MB
[runlim] sample:		2346.74 time, 2330.02 real, 14511 MB
[runlim] sample:		4689.95 time, 2340.02 real, 14692 MB
[runlim] sample:		4710.00 time, 2350.02 real, 14764 MB
[runlim] sample:		4730.06 time, 2360.02 real, 14837 MB
[runlim] sample:		2387.05 time, 2370.02 real, 14800 MB
[runlim] sample:		4770.25 time, 2380.02 real, 14990 MB
[runlim] sample:		4790.37 time, 2390.02 real, 15065 MB
[runlim] sample:		4810.42 time, 2400.02 real, 15139 MB
[runlim] sample:		4830.51 time, 2410.02 real, 15211 MB
[runlim] sample:		4850.58 time, 2420.02 real, 15281 MB
[runlim] sample:		4870.65 time, 2430.02 real, 15354 MB
[runlim] sample:		4890.71 time, 2440.02 real, 15427 MB
[runlim] sample:		4910.79 time, 2450.02 real, 15501 MB
[runlim] sample:		4930.88 time, 2460.02 real, 15573 MB
[runlim] sample:		4950.94 time, 2470.02 real, 15653 MB
[runlim] sample:		2497.87 time, 2480.02 real, 15609 MB
[runlim] sample:		4991.08 time, 2490.02 real, 15799 MB
[runlim] sample:		5011.17 time, 2500.02 real, 15872 MB
[runlim] sample:		5031.22 time, 2510.02 real, 15948 MB
[runlim] sample:		2538.14 time, 2520.02 real, 15903 MB
[runlim] sample:		5071.35 time, 2530.02 real, 16093 MB
[runlim] sample:		5091.42 time, 2540.02 real, 16162 MB
[runlim] sample:		5111.50 time, 2550.02 real, 16234 MB
[runlim] sample:		5131.57 time, 2560.02 real, 16305 MB
[runlim] sample:		5151.63 time, 2570.02 real, 16379 MB
[runlim] sample:		5171.69 time, 2580.02 real, 16453 MB
[runlim] sample:		5191.74 time, 2590.02 real, 16531 MB
[runlim] sample:		5211.85 time, 2600.02 real, 16607 MB
[runlim] sample:		5231.92 time, 2610.02 real, 16682 MB
[runlim] sample:		5251.99 time, 2620.02 real, 16759 MB
[runlim] sample:		2648.91 time, 2630.02 real, 16709 MB
[runlim] sample:		5292.14 time, 2640.02 real, 16916 MB
[runlim] sample:		5312.19 time, 2650.02 real, 16996 MB
[runlim] sample:		5332.28 time, 2660.02 real, 17072 MB
[runlim] sample:		2689.24 time, 2670.02 real, 17015 MB
[runlim] sample:		5372.44 time, 2680.02 real, 17233 MB
[runlim] sample:		5392.52 time, 2690.02 real, 17318 MB
[runlim] sample:		5412.59 time, 2700.02 real, 17397 MB
[runlim] sample:		5432.68 time, 2710.02 real, 17473 MB
[runlim] sample:		5452.77 time, 2720.02 real, 17545 MB
[runlim] sample:		5472.82 time, 2730.02 real, 17620 MB
[runlim] sample:		5492.85 time, 2740.02 real, 17695 MB
[runlim] sample:		5512.94 time, 2750.02 real, 17769 MB
[runlim] sample:		5533.03 time, 2760.02 real, 17846 MB
[runlim] sample:		5553.10 time, 2770.02 real, 17928 MB
[runlim] sample:		5573.17 time, 2780.02 real, 18006 MB
[runlim] sample:		5593.29 time, 2790.02 real, 18079 MB
[runlim] sample:		5613.33 time, 2800.02 real, 18153 MB
[runlim] sample:		5633.40 time, 2810.02 real, 18231 MB
[runlim] sample:		2840.34 time, 2820.02 real, 18169 MB
[runlim] sample:		5673.57 time, 2830.02 real, 18399 MB
[runlim] sample:		5693.60 time, 2840.02 real, 18476 MB
[runlim] sample:		5713.64 time, 2850.02 real, 18547 MB
[runlim] sample:		5733.74 time, 2860.02 real, 18621 MB
[runlim] sample:		5753.79 time, 2870.02 real, 18690 MB
[runlim] sample:		5773.84 time, 2880.02 real, 18770 MB
[runlim] sample:		5793.95 time, 2890.02 real, 18859 MB
[runlim] sample:		5814.03 time, 2900.02 real, 18934 MB
[runlim] sample:		5834.08 time, 2910.02 real, 18993 MB
[runlim] sample:		5854.15 time, 2920.02 real, 19075 MB
[runlim] sample:		5874.22 time, 2930.02 real, 19155 MB
[runlim] sample:		5894.29 time, 2940.02 real, 19243 MB
[runlim] sample:		2971.20 time, 2950.02 real, 19166 MB
[runlim] sample:		5934.41 time, 2960.02 real, 19389 MB
[runlim] sample:		2991.38 time, 2970.02 real, 19323 MB
[runlim] sample:		5974.57 time, 2980.02 real, 19542 MB
[runlim] sample:		5994.65 time, 2990.02 real, 19622 MB
[runlim] sample:		6014.73 time, 3000.02 real, 19699 MB
[runlim] sample:		6034.78 time, 3010.02 real, 19783 MB
[runlim] sample:		6054.83 time, 3020.02 real, 19857 MB
[runlim] sample:		6074.89 time, 3030.02 real, 19929 MB
[runlim] sample:		6094.98 time, 3040.02 real, 20007 MB
[runlim] sample:		6115.10 time, 3050.02 real, 20086 MB
[runlim] sample:		6135.17 time, 3060.02 real, 20156 MB
[runlim] sample:		6155.21 time, 3070.02 real, 20234 MB
[runlim] sample:		6175.32 time, 3080.02 real, 20310 MB
[runlim] sample:		6195.41 time, 3090.02 real, 20393 MB
[runlim] sample:		6215.46 time, 3100.02 real, 20456 MB
[runlim] sample:		6235.54 time, 3110.02 real, 20533 MB
[runlim] sample:		3142.48 time, 3120.02 real, 20457 MB
[runlim] sample:		6275.72 time, 3130.02 real, 20677 MB
[runlim] sample:		6295.78 time, 3140.02 real, 20748 MB
[runlim] sample:		6315.87 time, 3150.02 real, 20812 MB
[runlim] sample:		3182.81 time, 3160.02 real, 20677 MB
[runlim] sample:		6355.99 time, 3170.02 real, 20825 MB
[runlim] sample:		6376.07 time, 3180.02 real, 20837 MB
[runlim] sample:		6396.14 time, 3190.02 real, 20841 MB
[runlim] sample:		6416.21 time, 3200.02 real, 20841 MB
[runlim] sample:		6436.31 time, 3210.02 real, 20841 MB
[runlim] sample:		6456.40 time, 3220.02 real, 20828 MB
[runlim] sample:		6476.47 time, 3230.02 real, 20840 MB
[runlim] sample:		6496.57 time, 3240.02 real, 20917 MB
[runlim] sample:		6516.67 time, 3250.02 real, 20989 MB
[runlim] sample:		6536.74 time, 3260.02 real, 21061 MB
[runlim] sample:		3293.67 time, 3270.02 real, 20983 MB
[runlim] sample:		6576.93 time, 3280.02 real, 21208 MB
[runlim] sample:		6597.00 time, 3290.02 real, 21296 MB
[runlim] sample:		6617.09 time, 3300.02 real, 21358 MB
[runlim] sample:		3334.04 time, 3310.02 real, 21280 MB
[runlim] sample:		6657.25 time, 3320.02 real, 21515 MB
[runlim] sample:		6677.31 time, 3330.02 real, 21590 MB
[runlim] sample:		6697.38 time, 3340.02 real, 21662 MB
[runlim] sample:		3374.34 time, 3350.02 real, 21568 MB
[runlim] sample:		6737.58 time, 3360.02 real, 21796 MB
[runlim] sample:		6757.62 time, 3370.02 real, 21877 MB
[runlim] sample:		6777.71 time, 3380.02 real, 21948 MB
[runlim] sample:		6797.80 time, 3390.02 real, 22018 MB
[runlim] sample:		6817.89 time, 3400.02 real, 22088 MB
[runlim] sample:		6837.98 time, 3410.02 real, 22158 MB
[runlim] sample:		6858.05 time, 3420.02 real, 22231 MB
[runlim] sample:		6878.14 time, 3430.02 real, 22306 MB
[runlim] sample:		6898.22 time, 3440.02 real, 22378 MB
[runlim] sample:		6918.31 time, 3450.02 real, 22452 MB
[runlim] sample:		6938.37 time, 3460.02 real, 22523 MB
[runlim] sample:		6958.47 time, 3470.02 real, 22608 MB
[runlim] sample:		3505.38 time, 3480.02 real, 22510 MB
[runlim] sample:		6998.59 time, 3490.02 real, 22758 MB
[runlim] sample:		3525.53 time, 3500.02 real, 22660 MB
[runlim] sample:		7038.75 time, 3510.02 real, 22885 MB
[runlim] sample:		7058.85 time, 3520.02 real, 22967 MB
[runlim] sample:		7078.92 time, 3530.02 real, 23042 MB
[runlim] sample:		7099.03 time, 3540.02 real, 23113 MB
[runlim] sample:		7119.12 time, 3550.02 real, 23184 MB
[runlim] sample:		33667.70 time, 3560.02 real, 5394 MB
[runlim] sample:		33667.72 time, 3570.02 real, 5394 MB
[runlim] end:			Fri Oct 18 19:42:03 2019
[runlim] status:		ok
[runlim] result:		0
[runlim] children:		4904
[runlim] real:			3573.69 seconds
[runlim] time:			33667.72 seconds
[runlim] space:			23223 MB
[runlim] samples:		35736
