[runlim] version:		1.17
[runlim] host:			c3n19
[runlim] time limit:		311040000 seconds
[runlim] real time limit:	3600 seconds
[runlim] space limit:		120000 MB
[runlim] argv[0]:		./run-avr.sh
[runlim] argv[1]:		/tmp/1Wdcb62x.btor2
[runlim] start:			Fri Oct 18 18:42:30 2019
[runlim] child:			25003
[runlim] sample:		13.63 time, 10.02 real, 180 MB
[runlim] sample:		33.75 time, 20.02 real, 213 MB
[runlim] sample:		53.86 time, 30.02 real, 235 MB
[runlim] sample:		73.99 time, 40.02 real, 261 MB
[runlim] end:			Fri Oct 18 18:43:17 2019
[runlim] status:		ok
[runlim] result:		0
[runlim] children:		146
[runlim] real:			47.45 seconds
[runlim] time:			132.20 seconds
[runlim] space:			282 MB
[runlim] samples:		474
