[runlim] version:		1.17
[runlim] host:			c3n10
[runlim] time limit:		311040000 seconds
[runlim] real time limit:	3600 seconds
[runlim] space limit:		120000 MB
[runlim] argv[0]:		./run-avr.sh
[runlim] argv[1]:		/tmp/mw1UQwkx.btor2
[runlim] start:			Fri Oct 18 18:42:29 2019
[runlim] child:			7233
[runlim] sample:		13.65 time, 10.02 real, 253 MB
[runlim] sample:		33.77 time, 20.02 real, 429 MB
[runlim] sample:		53.88 time, 30.02 real, 524 MB
[runlim] sample:		73.95 time, 40.02 real, 600 MB
[runlim] sample:		94.06 time, 50.02 real, 630 MB
[runlim] sample:		114.13 time, 60.02 real, 702 MB
[runlim] sample:		134.21 time, 70.02 real, 714 MB
[runlim] sample:		154.28 time, 80.02 real, 771 MB
[runlim] sample:		174.36 time, 90.02 real, 840 MB
[runlim] sample:		194.42 time, 100.02 real, 884 MB
[runlim] sample:		214.51 time, 110.02 real, 914 MB
[runlim] sample:		234.59 time, 120.02 real, 985 MB
[runlim] sample:		254.72 time, 130.02 real, 1024 MB
[runlim] sample:		274.79 time, 140.02 real, 1038 MB
[runlim] sample:		294.86 time, 150.02 real, 1082 MB
[runlim] sample:		314.94 time, 160.02 real, 1106 MB
[runlim] sample:		335.02 time, 170.02 real, 1172 MB
[runlim] sample:		355.08 time, 180.02 real, 1182 MB
[runlim] sample:		375.14 time, 190.02 real, 1196 MB
[runlim] sample:		201.85 time, 200.02 real, 220 MB
[runlim] sample:		415.32 time, 210.02 real, 1249 MB
[runlim] sample:		435.44 time, 220.02 real, 1312 MB
[runlim] sample:		455.53 time, 230.02 real, 1328 MB
[runlim] sample:		242.22 time, 240.02 real, 232 MB
[runlim] sample:		495.74 time, 250.02 real, 1419 MB
[runlim] sample:		262.38 time, 260.02 real, 244 MB
[runlim] sample:		535.88 time, 270.02 real, 1537 MB
[runlim] sample:		555.94 time, 280.02 real, 1506 MB
[runlim] sample:		575.98 time, 290.02 real, 1547 MB
[runlim] sample:		596.06 time, 300.02 real, 1563 MB
[runlim] sample:		616.14 time, 310.02 real, 1519 MB
[runlim] sample:		636.26 time, 320.02 real, 1517 MB
[runlim] sample:		656.35 time, 330.02 real, 1547 MB
[runlim] sample:		676.40 time, 340.02 real, 1583 MB
[runlim] sample:		696.46 time, 350.02 real, 1602 MB
[runlim] sample:		716.59 time, 360.02 real, 1606 MB
[runlim] sample:		736.66 time, 370.02 real, 1615 MB
[runlim] sample:		756.68 time, 380.02 real, 1629 MB
[runlim] sample:		776.78 time, 390.02 real, 1593 MB
[runlim] sample:		796.85 time, 400.02 real, 1613 MB
[runlim] sample:		816.92 time, 410.02 real, 1632 MB
[runlim] sample:		836.99 time, 420.02 real, 1648 MB
[runlim] sample:		857.13 time, 430.02 real, 1652 MB
[runlim] sample:		877.19 time, 440.02 real, 1693 MB
[runlim] sample:		897.26 time, 450.02 real, 1648 MB
[runlim] sample:		917.35 time, 460.02 real, 1674 MB
[runlim] sample:		937.45 time, 470.02 real, 1630 MB
[runlim] sample:		957.50 time, 480.02 real, 1654 MB
[runlim] sample:		977.59 time, 490.02 real, 1661 MB
[runlim] sample:		997.65 time, 500.02 real, 1723 MB
[runlim] sample:		1017.78 time, 510.02 real, 1737 MB
[runlim] sample:		1037.90 time, 520.02 real, 1747 MB
[runlim] sample:		1057.97 time, 530.02 real, 1749 MB
[runlim] sample:		1078.04 time, 540.02 real, 1753 MB
[runlim] sample:		1098.14 time, 550.02 real, 1796 MB
[runlim] sample:		1118.22 time, 560.02 real, 1701 MB
[runlim] sample:		1138.28 time, 570.02 real, 1813 MB
[runlim] sample:		1158.32 time, 580.02 real, 1817 MB
[runlim] sample:		1178.41 time, 590.02 real, 1835 MB
[runlim] sample:		1198.50 time, 600.02 real, 1851 MB
[runlim] sample:		1218.58 time, 610.02 real, 1852 MB
[runlim] sample:		1238.65 time, 620.02 real, 1885 MB
[runlim] sample:		1258.76 time, 630.02 real, 1832 MB
[runlim] sample:		1278.85 time, 640.02 real, 1845 MB
[runlim] sample:		1298.92 time, 650.02 real, 1900 MB
[runlim] sample:		1318.99 time, 660.02 real, 1890 MB
[runlim] sample:		1339.07 time, 670.02 real, 1922 MB
[runlim] sample:		1359.13 time, 680.02 real, 1942 MB
[runlim] sample:		1379.19 time, 690.02 real, 1933 MB
[runlim] sample:		705.84 time, 700.02 real, 455 MB
[runlim] sample:		1419.36 time, 710.02 real, 1875 MB
[runlim] sample:		1439.44 time, 720.02 real, 1927 MB
[runlim] sample:		1459.52 time, 730.02 real, 1938 MB
[runlim] sample:		746.19 time, 740.02 real, 483 MB
[runlim] sample:		1499.71 time, 750.02 real, 1993 MB
[runlim] sample:		1519.82 time, 760.02 real, 1880 MB
[runlim] sample:		1539.88 time, 770.02 real, 1948 MB
[runlim] sample:		786.51 time, 780.02 real, 505 MB
[runlim] sample:		1579.98 time, 790.02 real, 1963 MB
[runlim] sample:		1600.07 time, 800.02 real, 2019 MB
[runlim] sample:		1620.12 time, 810.02 real, 2022 MB
[runlim] sample:		826.77 time, 820.02 real, 515 MB
[runlim] sample:		1660.27 time, 830.02 real, 2071 MB
[runlim] sample:		1680.33 time, 840.02 real, 2087 MB
[runlim] sample:		1700.43 time, 850.02 real, 2089 MB
[runlim] sample:		1720.51 time, 860.02 real, 2097 MB
[runlim] sample:		1740.59 time, 870.02 real, 2067 MB
[runlim] sample:		887.26 time, 880.02 real, 541 MB
[runlim] sample:		1780.74 time, 890.02 real, 2093 MB
[runlim] sample:		907.41 time, 900.02 real, 566 MB
[runlim] sample:		1820.95 time, 910.02 real, 2122 MB
[runlim] sample:		1841.04 time, 920.02 real, 2147 MB
[runlim] sample:		1861.12 time, 930.02 real, 2162 MB
[runlim] sample:		1881.23 time, 940.02 real, 2177 MB
[runlim] sample:		1901.33 time, 950.02 real, 2212 MB
[runlim] sample:		1921.37 time, 960.02 real, 2218 MB
[runlim] sample:		1941.45 time, 970.02 real, 2218 MB
[runlim] sample:		988.09 time, 980.02 real, 613 MB
[runlim] sample:		1981.58 time, 990.02 real, 2259 MB
[runlim] sample:		2001.70 time, 1000.02 real, 2260 MB
[runlim] sample:		2021.84 time, 1010.02 real, 2286 MB
[runlim] sample:		2041.89 time, 1020.02 real, 2228 MB
[runlim] sample:		2061.96 time, 1030.02 real, 2254 MB
[runlim] sample:		2082.05 time, 1040.02 real, 2241 MB
[runlim] sample:		2102.14 time, 1050.02 real, 2253 MB
[runlim] sample:		2122.21 time, 1060.02 real, 2255 MB
[runlim] sample:		2142.33 time, 1070.02 real, 2323 MB
[runlim] sample:		2162.36 time, 1080.02 real, 2374 MB
[runlim] sample:		2182.42 time, 1090.02 real, 2377 MB
[runlim] sample:		2202.49 time, 1100.02 real, 2387 MB
[runlim] sample:		2222.60 time, 1110.02 real, 2394 MB
[runlim] sample:		2242.65 time, 1120.02 real, 2406 MB
[runlim] sample:		2262.72 time, 1130.02 real, 2421 MB
[runlim] sample:		2282.78 time, 1140.02 real, 2427 MB
[runlim] sample:		2302.86 time, 1150.02 real, 2437 MB
[runlim] sample:		2322.95 time, 1160.02 real, 2439 MB
[runlim] sample:		2343.02 time, 1170.02 real, 2452 MB
[runlim] sample:		2363.08 time, 1180.02 real, 2291 MB
[runlim] sample:		2383.15 time, 1190.02 real, 2356 MB
[runlim] sample:		2403.23 time, 1200.02 real, 2348 MB
[runlim] sample:		2423.34 time, 1210.02 real, 2412 MB
[runlim] sample:		2443.41 time, 1220.02 real, 2413 MB
[runlim] sample:		2463.48 time, 1230.02 real, 2435 MB
[runlim] sample:		2483.57 time, 1240.02 real, 2445 MB
[runlim] sample:		2503.67 time, 1250.02 real, 2461 MB
[runlim] sample:		2523.76 time, 1260.02 real, 2496 MB
[runlim] sample:		2543.89 time, 1270.02 real, 2505 MB
[runlim] sample:		2563.97 time, 1280.02 real, 2506 MB
[runlim] sample:		2584.04 time, 1290.02 real, 2507 MB
[runlim] sample:		2604.12 time, 1300.02 real, 2509 MB
[runlim] sample:		2624.22 time, 1310.02 real, 2553 MB
[runlim] sample:		2644.29 time, 1320.02 real, 2538 MB
[runlim] sample:		2664.37 time, 1330.02 real, 2460 MB
[runlim] sample:		2684.44 time, 1340.02 real, 2387 MB
[runlim] sample:		2704.54 time, 1350.02 real, 2466 MB
[runlim] sample:		2724.61 time, 1360.02 real, 2467 MB
[runlim] sample:		2744.73 time, 1370.02 real, 2539 MB
[runlim] sample:		2764.80 time, 1380.02 real, 2551 MB
[runlim] sample:		2784.86 time, 1390.02 real, 2554 MB
[runlim] sample:		2804.95 time, 1400.02 real, 2467 MB
[runlim] sample:		2825.08 time, 1410.02 real, 2553 MB
[runlim] sample:		2845.18 time, 1420.02 real, 2600 MB
[runlim] sample:		2865.29 time, 1430.02 real, 2602 MB
[runlim] sample:		2885.39 time, 1440.02 real, 2612 MB
[runlim] sample:		2905.47 time, 1450.02 real, 2641 MB
[runlim] sample:		2925.53 time, 1460.02 real, 2643 MB
[runlim] sample:		2945.65 time, 1470.02 real, 2646 MB
[runlim] sample:		2965.70 time, 1480.02 real, 2676 MB
[runlim] sample:		2985.85 time, 1490.02 real, 2678 MB
[runlim] sample:		3005.91 time, 1500.02 real, 2679 MB
[runlim] sample:		3026.03 time, 1510.02 real, 2693 MB
[runlim] sample:		3046.11 time, 1520.02 real, 2694 MB
[runlim] sample:		3066.17 time, 1530.02 real, 2695 MB
[runlim] sample:		3086.21 time, 1540.02 real, 2699 MB
[runlim] sample:		3106.30 time, 1550.02 real, 2706 MB
[runlim] sample:		3126.36 time, 1560.02 real, 2706 MB
[runlim] sample:		3146.43 time, 1570.02 real, 2656 MB
[runlim] sample:		3166.49 time, 1580.02 real, 2688 MB
[runlim] sample:		3186.59 time, 1590.02 real, 2712 MB
[runlim] sample:		3206.66 time, 1600.02 real, 2754 MB
[runlim] sample:		3226.72 time, 1610.02 real, 2634 MB
[runlim] sample:		3246.77 time, 1620.02 real, 2558 MB
[runlim] sample:		3266.85 time, 1630.02 real, 2666 MB
[runlim] sample:		3286.91 time, 1640.02 real, 2666 MB
[runlim] sample:		3306.99 time, 1650.02 real, 2742 MB
[runlim] sample:		3327.06 time, 1660.02 real, 2743 MB
[runlim] sample:		3347.16 time, 1670.02 real, 2785 MB
[runlim] sample:		3367.23 time, 1680.02 real, 2786 MB
[runlim] sample:		3387.29 time, 1690.02 real, 2787 MB
[runlim] sample:		3407.36 time, 1700.02 real, 2789 MB
[runlim] sample:		3427.44 time, 1710.02 real, 2796 MB
[runlim] sample:		3447.52 time, 1720.02 real, 2797 MB
[runlim] sample:		3467.61 time, 1730.02 real, 2798 MB
[runlim] sample:		3487.69 time, 1740.02 real, 2819 MB
[runlim] sample:		3507.78 time, 1750.02 real, 2826 MB
[runlim] sample:		3527.83 time, 1760.02 real, 2774 MB
[runlim] sample:		3547.92 time, 1770.02 real, 2753 MB
[runlim] sample:		3567.95 time, 1780.02 real, 2845 MB
[runlim] sample:		3588.06 time, 1790.02 real, 2849 MB
[runlim] sample:		3608.13 time, 1800.02 real, 2862 MB
[runlim] sample:		3628.19 time, 1810.02 real, 2876 MB
[runlim] sample:		3648.29 time, 1820.02 real, 2891 MB
[runlim] sample:		3668.36 time, 1830.02 real, 2893 MB
[runlim] sample:		3688.43 time, 1840.02 real, 2897 MB
[runlim] sample:		3708.53 time, 1850.02 real, 2903 MB
[runlim] sample:		3728.59 time, 1860.02 real, 2909 MB
[runlim] sample:		3748.66 time, 1870.02 real, 2911 MB
[runlim] sample:		1895.28 time, 1880.02 real, 1010 MB
[runlim] sample:		3788.81 time, 1890.02 real, 2916 MB
[runlim] sample:		3808.85 time, 1900.02 real, 2931 MB
[runlim] sample:		3828.98 time, 1910.02 real, 2947 MB
[runlim] sample:		3849.09 time, 1920.02 real, 2953 MB
[runlim] sample:		3869.19 time, 1930.02 real, 2969 MB
[runlim] sample:		3889.30 time, 1940.02 real, 3007 MB
[runlim] sample:		3909.39 time, 1950.02 real, 3023 MB
[runlim] sample:		3929.44 time, 1960.02 real, 3028 MB
[runlim] sample:		3949.55 time, 1970.02 real, 3057 MB
[runlim] sample:		1996.17 time, 1980.02 real, 1077 MB
[runlim] sample:		3989.69 time, 1990.02 real, 3073 MB
[runlim] sample:		4009.76 time, 2000.02 real, 3091 MB
[runlim] sample:		4029.85 time, 2010.02 real, 3093 MB
[runlim] sample:		2036.53 time, 2020.02 real, 1101 MB
[runlim] sample:		4070.01 time, 2030.02 real, 3102 MB
[runlim] sample:		4090.07 time, 2040.02 real, 3027 MB
[runlim] sample:		4110.16 time, 2050.02 real, 3111 MB
[runlim] sample:		2076.84 time, 2060.02 real, 1113 MB
[runlim] sample:		4150.33 time, 2070.02 real, 3062 MB
[runlim] sample:		4170.37 time, 2080.02 real, 3064 MB
[runlim] sample:		4190.43 time, 2090.02 real, 3093 MB
[runlim] sample:		4210.51 time, 2100.02 real, 3095 MB
[runlim] sample:		4230.58 time, 2110.02 real, 3137 MB
[runlim] sample:		4250.65 time, 2120.02 real, 3143 MB
[runlim] sample:		4270.71 time, 2130.02 real, 3144 MB
[runlim] sample:		4290.79 time, 2140.02 real, 3145 MB
[runlim] sample:		4310.86 time, 2150.02 real, 3146 MB
[runlim] sample:		4330.94 time, 2160.02 real, 3047 MB
[runlim] sample:		4350.99 time, 2170.02 real, 3024 MB
[runlim] sample:		4371.08 time, 2180.02 real, 3132 MB
[runlim] sample:		2207.75 time, 2190.02 real, 1171 MB
[runlim] sample:		4411.20 time, 2200.02 real, 3136 MB
[runlim] sample:		2227.88 time, 2210.02 real, 1176 MB
[runlim] sample:		4451.37 time, 2220.02 real, 3185 MB
[runlim] sample:		4471.43 time, 2230.02 real, 3186 MB
[runlim] sample:		4491.48 time, 2240.02 real, 3186 MB
[runlim] sample:		4511.56 time, 2250.02 real, 3191 MB
[runlim] sample:		4531.62 time, 2260.02 real, 3208 MB
[runlim] sample:		4551.68 time, 2270.02 real, 3211 MB
[runlim] sample:		4571.74 time, 2280.02 real, 3231 MB
[runlim] sample:		4591.80 time, 2290.02 real, 3235 MB
[runlim] sample:		4611.86 time, 2300.02 real, 3285 MB
[runlim] sample:		4631.93 time, 2310.02 real, 3166 MB
[runlim] sample:		2338.60 time, 2320.02 real, 1231 MB
[runlim] sample:		4672.09 time, 2330.02 real, 3153 MB
[runlim] sample:		4692.14 time, 2340.02 real, 3218 MB
[runlim] sample:		4712.22 time, 2350.02 real, 3186 MB
[runlim] sample:		4732.28 time, 2360.02 real, 3276 MB
[runlim] sample:		4752.35 time, 2370.02 real, 3277 MB
[runlim] sample:		4772.39 time, 2380.02 real, 3278 MB
[runlim] sample:		4792.47 time, 2390.02 real, 3295 MB
[runlim] sample:		4812.59 time, 2400.02 real, 3302 MB
[runlim] sample:		4832.65 time, 2410.02 real, 3303 MB
[runlim] sample:		4852.71 time, 2420.02 real, 3305 MB
[runlim] sample:		4872.78 time, 2430.02 real, 3313 MB
[runlim] sample:		4892.85 time, 2440.02 real, 3325 MB
[runlim] sample:		4912.93 time, 2450.02 real, 3332 MB
[runlim] sample:		4933.00 time, 2460.02 real, 3335 MB
[runlim] sample:		4953.09 time, 2470.02 real, 3338 MB
[runlim] sample:		4973.17 time, 2480.02 real, 3338 MB
[runlim] sample:		4993.25 time, 2490.02 real, 3338 MB
[runlim] sample:		5013.32 time, 2500.02 real, 3339 MB
[runlim] sample:		2530.01 time, 2510.02 real, 1302 MB
[runlim] sample:		5053.49 time, 2520.02 real, 3395 MB
[runlim] sample:		5073.54 time, 2530.02 real, 3408 MB
[runlim] sample:		5093.58 time, 2540.02 real, 3357 MB
[runlim] sample:		5113.65 time, 2550.02 real, 3361 MB
[runlim] sample:		5133.72 time, 2560.02 real, 3369 MB
[runlim] sample:		5153.77 time, 2570.02 real, 3375 MB
[runlim] sample:		5173.84 time, 2580.02 real, 3422 MB
[runlim] sample:		5193.96 time, 2590.02 real, 3423 MB
[runlim] sample:		5214.01 time, 2600.02 real, 3424 MB
[runlim] sample:		5234.07 time, 2610.02 real, 3283 MB
[runlim] sample:		5254.14 time, 2620.02 real, 3359 MB
[runlim] sample:		5274.22 time, 2630.02 real, 3360 MB
[runlim] sample:		5294.30 time, 2640.02 real, 3368 MB
[runlim] sample:		5314.42 time, 2650.02 real, 3430 MB
[runlim] sample:		5334.48 time, 2660.02 real, 3344 MB
[runlim] sample:		5354.57 time, 2670.02 real, 3435 MB
[runlim] sample:		5374.67 time, 2680.02 real, 3446 MB
[runlim] sample:		5394.73 time, 2690.02 real, 3466 MB
[runlim] sample:		5414.84 time, 2700.02 real, 3472 MB
[runlim] sample:		5434.90 time, 2710.02 real, 3474 MB
[runlim] sample:		5454.98 time, 2720.02 real, 3529 MB
[runlim] sample:		5475.04 time, 2730.02 real, 3530 MB
[runlim] sample:		5495.13 time, 2740.02 real, 3530 MB
[runlim] sample:		5515.21 time, 2750.02 real, 3531 MB
[runlim] sample:		5535.30 time, 2760.02 real, 3532 MB
[runlim] sample:		5555.38 time, 2770.02 real, 3545 MB
[runlim] sample:		5575.48 time, 2780.02 real, 3549 MB
[runlim] sample:		5595.57 time, 2790.02 real, 3550 MB
[runlim] sample:		5615.63 time, 2800.02 real, 3575 MB
[runlim] sample:		2832.26 time, 2810.02 real, 1424 MB
[runlim] sample:		5655.77 time, 2820.02 real, 3586 MB
[runlim] sample:		2852.40 time, 2830.02 real, 1425 MB
[runlim] sample:		5695.84 time, 2840.02 real, 3586 MB
[runlim] sample:		5715.96 time, 2850.02 real, 3587 MB
[runlim] sample:		5736.05 time, 2860.02 real, 3588 MB
[runlim] sample:		5756.14 time, 2870.02 real, 3588 MB
[runlim] sample:		5776.20 time, 2880.02 real, 3593 MB
[runlim] sample:		5796.28 time, 2890.02 real, 3549 MB
[runlim] sample:		5816.36 time, 2900.02 real, 3616 MB
[runlim] sample:		5836.43 time, 2910.02 real, 3618 MB
[runlim] sample:		5856.51 time, 2920.02 real, 3540 MB
[runlim] sample:		5876.60 time, 2930.02 real, 3547 MB
[runlim] sample:		5896.64 time, 2940.02 real, 3647 MB
[runlim] sample:		5916.70 time, 2950.02 real, 3650 MB
[runlim] sample:		5936.79 time, 2960.02 real, 3650 MB
[runlim] sample:		5956.88 time, 2970.02 real, 3651 MB
[runlim] sample:		5976.96 time, 2980.02 real, 3749 MB
[runlim] sample:		5997.02 time, 2990.02 real, 3654 MB
[runlim] sample:		3023.69 time, 3000.02 real, 1481 MB
[runlim] sample:		6037.14 time, 3010.02 real, 3671 MB
[runlim] sample:		6057.23 time, 3020.02 real, 3677 MB
[runlim] sample:		6077.29 time, 3030.02 real, 3678 MB
[runlim] sample:		3063.94 time, 3040.02 real, 1505 MB
[runlim] sample:		6117.40 time, 3050.02 real, 3693 MB
[runlim] sample:		6137.49 time, 3060.02 real, 3695 MB
[runlim] sample:		6157.56 time, 3070.02 real, 3699 MB
[runlim] sample:		6177.66 time, 3080.02 real, 3699 MB
[runlim] sample:		6197.75 time, 3090.02 real, 3699 MB
[runlim] sample:		6217.81 time, 3100.02 real, 3701 MB
[runlim] sample:		6237.86 time, 3110.02 real, 3703 MB
[runlim] sample:		6257.93 time, 3120.02 real, 3705 MB
[runlim] sample:		6277.99 time, 3130.02 real, 3709 MB
[runlim] sample:		6298.07 time, 3140.02 real, 3743 MB
[runlim] sample:		3174.69 time, 3150.02 real, 1553 MB
[runlim] sample:		6338.20 time, 3160.02 real, 3747 MB
[runlim] sample:		6358.26 time, 3170.02 real, 3752 MB
[runlim] sample:		6378.33 time, 3180.02 real, 3763 MB
[runlim] sample:		3215.02 time, 3190.02 real, 1578 MB
[runlim] sample:		6418.52 time, 3200.02 real, 3772 MB
[runlim] sample:		6438.57 time, 3210.02 real, 3773 MB
[runlim] sample:		6458.64 time, 3220.02 real, 3773 MB
[runlim] sample:		6478.71 time, 3230.02 real, 3774 MB
[runlim] sample:		6498.79 time, 3240.02 real, 3775 MB
[runlim] sample:		6518.86 time, 3250.02 real, 3776 MB
[runlim] sample:		6538.92 time, 3260.02 real, 3777 MB
[runlim] sample:		6559.01 time, 3270.02 real, 3839 MB
[runlim] sample:		6579.08 time, 3280.02 real, 3701 MB
[runlim] sample:		6599.16 time, 3290.02 real, 3799 MB
[runlim] sample:		6619.22 time, 3300.02 real, 3802 MB
[runlim] sample:		6639.31 time, 3310.02 real, 3813 MB
[runlim] sample:		6659.40 time, 3320.02 real, 3819 MB
[runlim] sample:		6679.46 time, 3330.02 real, 3824 MB
[runlim] sample:		6699.51 time, 3340.02 real, 3826 MB
[runlim] sample:		6719.60 time, 3350.02 real, 3826 MB
[runlim] sample:		3386.25 time, 3360.02 real, 1634 MB
[runlim] sample:		6759.70 time, 3370.02 real, 3827 MB
[runlim] sample:		6779.78 time, 3380.02 real, 3828 MB
[runlim] sample:		6799.83 time, 3390.02 real, 3830 MB
[runlim] sample:		6819.90 time, 3400.02 real, 3848 MB
[runlim] sample:		6839.97 time, 3410.02 real, 3878 MB
[runlim] sample:		6860.06 time, 3420.02 real, 3895 MB
[runlim] sample:		6880.16 time, 3430.02 real, 3897 MB
[runlim] sample:		6900.21 time, 3440.02 real, 3907 MB
[runlim] sample:		6920.28 time, 3450.02 real, 3914 MB
[runlim] sample:		6940.35 time, 3460.02 real, 3999 MB
[runlim] sample:		6960.38 time, 3470.02 real, 4000 MB
[runlim] sample:		6980.47 time, 3480.02 real, 4000 MB
[runlim] sample:		7000.53 time, 3490.02 real, 4001 MB
[runlim] sample:		7020.60 time, 3500.02 real, 4003 MB
[runlim] sample:		7040.67 time, 3510.02 real, 4003 MB
[runlim] sample:		7060.76 time, 3520.02 real, 4004 MB
[runlim] sample:		3557.46 time, 3530.02 real, 1701 MB
[runlim] sample:		7100.94 time, 3540.02 real, 3924 MB
[runlim] sample:		7121.01 time, 3550.02 real, 4025 MB
[runlim] end:			Fri Oct 18 19:41:46 2019
[runlim] status:		ok
[runlim] result:		0
[runlim] children:		4879
[runlim] real:			3557.22 seconds
[runlim] time:			39109.22 seconds
[runlim] space:			5115 MB
[runlim] samples:		35572
