c host: c3n31
c start: Fri Oct 18 18:42:52 CEST 2019
c arrayjobid: 17567256
c jobid: 17567355
c benchmark: /home/mathias/hwmcc19/benchmarks-single/btor2/mann/data-integrity/unsafe/arbitrated_top_n2_w128_d32_e0.btor2
c solver: ./run-avr.sh
c solver options: 
c tmpdir: /tmp/slurm.17567355.0
	(output dir: /tmp//pr_test/work_w1)
	(frontend: btor2)
	(property: all (1 assertions))
	(1 / 8378 flops initialized)
	(abstraction: sa+uf)
	(bmc: safe till step 0)
	(bmc: safe till step 10)
	(bmc: safe till step 20)
	(bmc: safe till step 30)
	(bmc: found cex at step 34)
   0	: 0	: 0 s: 0    619s                  
      Result        Time        Mem.       #Refs           
                     sec          MB                       
           v      619.48         257           0
AVR -- Proof Race 
copyright (c) 2019  Aman Goel and Karem Sakallah, University of Michigan
@     0s  (starting avr proof race)
@     0s  (output dir: /tmp//pr_test)
@     0s  (max 11 workers)
@     0s  (started worker 0 with pid 5018)
@     0s  (started worker 1 with pid 5019)
@     0s  (started worker 2 with pid 5020)
@     0s  (started worker 3 with pid 5021)
@     0s  (started worker 4 with pid 5022)
@     0s  (spawned 5 workers)
@     0s  (total 5 workers using 0 MB)
@     1s  (started worker 5 with pid 5138)
@     1s  (spawned 1 workers)
@     1s  (total 6 workers using 231 MB)
@     2s  (started worker 6 with pid 5194)
@     2s  (spawned 1 workers)
@     2s  (total 7 workers using 373 MB)
@     3s  (started worker 7 with pid 5256)
@     3s  (spawned 1 workers)
@     3s  (total 8 workers using 518 MB)
@     4s  (started worker 8 with pid 5324)
@     4s  (spawned 1 workers)
@     4s  (total 9 workers using 653 MB)
@     5s  (started worker 9 with pid 5416)
@     5s  (spawned 1 workers)
@     5s  (total 10 workers using 751 MB)
@     7s  (started worker 10 with pid 5496)
@     7s  (spawned 1 workers)
@     7s  (total 11 workers using 970 MB)
@    15s  (total 11 workers using 1457 MB)
@    27s  (total 11 workers using 1609 MB)
@    39s  (total 11 workers using 1812 MB)
@    50s  (total 11 workers using 1941 MB)
@    61s  (total 11 workers using 2041 MB)
@    72s  (total 11 workers using 2207 MB)
@    83s  (total 11 workers using 2277 MB)
@    95s  (total 11 workers using 2365 MB)
@   106s  (total 11 workers using 2468 MB)
@   117s  (total 11 workers using 2629 MB)
@   128s  (total 11 workers using 2702 MB)
@   139s  (total 11 workers using 2748 MB)
@   150s  (total 11 workers using 2874 MB)
@   161s  (total 11 workers using 3046 MB)
@   172s  (total 11 workers using 3218 MB)
@   183s  (total 11 workers using 3429 MB)
@   194s  (total 11 workers using 3600 MB)
@   205s  (total 11 workers using 3627 MB)
@   216s  (total 11 workers using 3646 MB)
@   227s  (total 11 workers using 3700 MB)
@   238s  (total 11 workers using 3704 MB)
@   250s  (total 11 workers using 3872 MB)
@   261s  (total 11 workers using 3969 MB)
@   272s  (total 11 workers using 4051 MB)
@   283s  (total 11 workers using 4051 MB)
@   294s  (total 11 workers using 4072 MB)
@   305s  (total 11 workers using 4108 MB)
@   316s  (total 11 workers using 4157 MB)
@   327s  (total 11 workers using 4211 MB)
@   338s  (total 11 workers using 4255 MB)
@   349s  (total 11 workers using 4426 MB)
@   361s  (total 11 workers using 4499 MB)
@   372s  (total 11 workers using 4634 MB)
@   383s  (total 11 workers using 4757 MB)
@   394s  (total 11 workers using 4843 MB)
@   405s  (total 11 workers using 4841 MB)
@   416s  (total 11 workers using 4849 MB)
@   427s  (total 11 workers using 4850 MB)
@   438s  (total 11 workers using 4870 MB)
@   449s  (total 11 workers using 4962 MB)
@   460s  (total 11 workers using 4943 MB)
@   471s  (total 11 workers using 4959 MB)
@   482s  (total 11 workers using 4955 MB)
@   493s  (total 11 workers using 5029 MB)
@   504s  (total 11 workers using 5204 MB)
@   515s  (total 11 workers using 5284 MB)
@   526s  (total 11 workers using 5375 MB)
@   537s  (total 11 workers using 5400 MB)
@   548s  (total 11 workers using 5419 MB)
@   560s  (total 11 workers using 5616 MB)
@   570s  (total 11 workers using 5598 MB)
@   582s  (total 11 workers using 5726 MB)
@   593s  (total 11 workers using 5866 MB)
@   604s  (total 11 workers using 5948 MB)
@   613s  (worker 7 finished with result unknown) python3 avr.py -s -l 0
@   615s  (total 10 workers using 5503 MB)
@   620s  (worker 1 finished with result unsafe) python3 avr.py -b bin_bt_cadical -s --bmc
@   620s  (worker 1 output)
@   620s  (stopping all workers)
@   620s  (copied results from worker 1 in /tmp//pr_test)
@   620s  [0;30;47m(proof race finished with answer unsafe in 619.97 seconds)[m
sat
b0
#0
0 00000000000000000000000000000000000000000000000000000000000000000000000000000000000000000000000000000000000000000000000000000000 |_s0_gen_fifos[1].f.entry_gen[31].ff_entry_inst.Q|#0
1 000000 |_s1_gen_fifos[1].f.ff_rdPtr.Q|#0
2 00000000000000000000000000000000000000000000000000000000000000000000000000000000000000000000000000000000000000000000000000000000 |_s2_gen_fifos[1].f.entry_gen[30].ff_entry_inst.Q|#0
3 00000000000000000000000000000000000000000000000000000000000000000000000000000000000000000000000000000000000000000000000000000000 |_s3_gen_fifos[1].f.entry_gen[29].ff_entry_inst.Q|#0
4 00000000000000000000000000000000000000000000000000000000000000000000000000000000000000000000000000000000000000000000000000000000 |_s4_gen_fifos[1].f.entry_gen[28].ff_entry_inst.Q|#0
5 00000000000000000000000000000000000000000000000000000000000000000000000000000000000000000000000000000000000000000000000000000000 |_s5_gen_fifos[1].f.entry_gen[27].ff_entry_inst.Q|#0
6 00000000000000000000000000000000000000000000000000000000000000000000000000000000000000000000000000000000000000000000000000000000 |_s6_gen_fifos[1].f.entry_gen[26].ff_entry_inst.Q|#0
7 00000000000000000000000000000000000000000000000000000000000000000000000000000000000000000000000000000000000000000000000000000000 |_s7_gen_fifos[1].f.entry_gen[25].ff_entry_inst.Q|#0
8 00000000000000000000000000000000000000000000000000000000000000000000000000000000000000000000000000000000000000000000000000000000 |_s8_gen_fifos[1].f.entry_gen[24].ff_entry_inst.Q|#0
9 00000000000000000000000000000000000000000000000000000000000000000000000000000000000000000000000000000000000000000000000000000000 |_s9_gen_fifos[1].f.entry_gen[23].ff_entry_inst.Q|#0
10 00000000000000000000000000000000000000000000000000000000000000000000000000000000000000000000000000000000000000000000000000000000 |_s10_gen_fifos[1].f.entry_gen[22].ff_entry_inst.Q|#0
11 00000000000000000000000000000000000000000000000000000000000000000000000000000000000000000000000000000000000000000000000000000000 |_s11_gen_fifos[1].f.entry_gen[21].ff_entry_inst.Q|#0
12 00000000000000000000000000000000000000000000000000000000000000000000000000000000000000000000000000000000000000000000000000000000 |_s12_gen_fifos[1].f.entry_gen[20].ff_entry_inst.Q|#0
13 00000000000000000000000000000000000000000000000000000000000000000000000000000000000000000000000000000000000000000000000000000000 |_s13_gen_fifos[1].f.entry_gen[19].ff_entry_inst.Q|#0
14 00000000000000000000000000000000000000000000000000000000000000000000000000000000000000000000000000000000000000000000000000000000 |_s14_gen_fifos[1].f.entry_gen[18].ff_entry_inst.Q|#0
15 00000000000000000000000000000000000000000000000000000000000000000000000000000000000000000000000000000000000000000000000000000000 |_s15_gen_fifos[1].f.entry_gen[17].ff_entry_inst.Q|#0
16 00000000000000000000000000000000000000000000000000000000000000000000000000000000000000000000000000000000000000000000000000000000 |_s16_gen_fifos[1].f.entry_gen[16].ff_entry_inst.Q|#0
17 00000000000000000000000000000000000000000000000000000000000000000000000000000000000000000000000000000000000000000000000000000000 |_s17_gen_fifos[1].f.entry_gen[15].ff_entry_inst.Q|#0
18 00000000000000000000000000000000000000000000000000000000000000000000000000000000000000000000000000000000000000000000000000000000 |_s18_gen_fifos[1].f.entry_gen[14].ff_entry_inst.Q|#0
19 00000000000000000000000000000000000000000000000000000000000000000000000000000000000000000000000000000000000000000000000000000000 |_s19_gen_fifos[1].f.entry_gen[13].ff_entry_inst.Q|#0
20 00000000000000000000000000000000000000000000000000000000000000000000000000000000000000000000000000000000000000000000000000000000 |_s20_gen_fifos[1].f.entry_gen[12].ff_entry_inst.Q|#0
21 00000000000000000000000000000000000000000000000000000000000000000000000000000000000000000000000000000000000000000000000000000000 |_s21_gen_fifos[1].f.entry_gen[11].ff_entry_inst.Q|#0
22 00000000000000000000000000000000000000000000000000000000000000000000000000000000000000000000000000000000000000000000000000000000 |_s22_gen_fifos[1].f.entry_gen[10].ff_entry_inst.Q|#0
23 00000000000000000000000000000000000000000000000000000000000000000000000000000000000000000000000000000000000000000000000000000000 |_s23_gen_fifos[1].f.entry_gen[9].ff_entry_inst.Q|#0
24 00000000000000000000000000000000000000000000000000000000000000000000000000000000000000000000000000000000000000000000000000000000 |_s24_gen_fifos[1].f.entry_gen[8].ff_entry_inst.Q|#0
25 00000000000000000000000000000000000000000000000000000000000000000000000000000000000000000000000000000000000000000000000000000000 |_s25_gen_fifos[1].f.entry_gen[7].ff_entry_inst.Q|#0
26 00000000000000000000000000000000000000000000000000000000000000000000000000000000000000000000000000000000000000000000000000000000 |_s26_gen_fifos[1].f.entry_gen[6].ff_entry_inst.Q|#0
27 00000000000000000000000000000000000000000000000000000000000000000000000000000000000000000000000000000000000000000000000000000000 |_s27_gen_fifos[1].f.entry_gen[5].ff_entry_inst.Q|#0
28 00000000000000000000000000000000000000000000000000000000000000000000000000000000000000000000000000000000000000000000000000000000 |_s28_gen_fifos[1].f.entry_gen[4].ff_entry_inst.Q|#0
29 00000000000000000000000000000000000000000000000000000000000000000000000000000000000000000000000000000000000000000000000000000000 |_s29_gen_fifos[1].f.entry_gen[3].ff_entry_inst.Q|#0
30 00000000000000000000000000000000000000000000000000000000000000000000000000000000000000000000000000000000000000000000000000000000 |_s30_gen_fifos[1].f.entry_gen[2].ff_entry_inst.Q|#0
31 00000000000000000000000000000000000000000000000000000000000000000000000000000000000000000000000000000000000000000000000000000000 |_s31_gen_fifos[1].f.entry_gen[1].ff_entry_inst.Q|#0
32 00000000000000000000000000000000000000000000000000000000000000000000000000000000000000000000000000000000000000000000000000000000 |_s32_gen_fifos[1].f.entry_gen[0].ff_entry_inst.Q|#0
33 00000000000000000000000000000000000000000000000000000000000000000000000000000000000000000000000000000000000000000000000000000000 |_s33_gen_fifos[0].f.entry_gen[31].ff_entry_inst.Q|#0
34 000000 |_s34_gen_fifos[0].f.ff_rdPtr.Q|#0
35 00000000000000000000000000000000000000000000000000000000000000000000000000000000000000000000000000000000000000000000000000000000 |_s35_gen_fifos[0].f.entry_gen[30].ff_entry_inst.Q|#0
36 00000000000000000000000000000000000000000000000000000000000000000000000000000000000000000000000000000000000000000000000000000000 |_s36_gen_fifos[0].f.entry_gen[29].ff_entry_inst.Q|#0
37 00000000000000000000000000000000000000000000000000000000000000000000000000000000000000000000000000000000000000000000000000000000 |_s37_gen_fifos[0].f.entry_gen[28].ff_entry_inst.Q|#0
38 00000000000000000000000000000000000000000000000000000000000000000000000000000000000000000000000000000000000000000000000000000000 |_s38_gen_fifos[0].f.entry_gen[27].ff_entry_inst.Q|#0
39 00000000000000000000000000000000000000000000000000000000000000000000000000000000000000000000000000000000000000000000000000000000 |_s39_gen_fifos[0].f.entry_gen[26].ff_entry_inst.Q|#0
40 00000000000000000000000000000000000000000000000000000000000000000000000000000000000000000000000000000000000000000000000000000000 |_s40_gen_fifos[0].f.entry_gen[25].ff_entry_inst.Q|#0
41 00000000000000000000000000000000000000000000000000000000000000000000000000000000000000000000000000000000000000000000000000000000 |_s41_gen_fifos[0].f.entry_gen[24].ff_entry_inst.Q|#0
42 00000000000000000000000000000000000000000000000000000000000000000000000000000000000000000000000000000000000000000000000000000000 |_s42_gen_fifos[0].f.entry_gen[23].ff_entry_inst.Q|#0
43 00000000000000000000000000000000000000000000000000000000000000000000000000000000000000000000000000000000000000000000000000000000 |_s43_gen_fifos[0].f.entry_gen[22].ff_entry_inst.Q|#0
44 00000000000000000000000000000000000000000000000000000000000000000000000000000000000000000000000000000000000000000000000000000000 |_s44_gen_fifos[0].f.entry_gen[21].ff_entry_inst.Q|#0
45 00000000000000000000000000000000000000000000000000000000000000000000000000000000000000000000000000000000000000000000000000000000 |_s45_gen_fifos[0].f.entry_gen[20].ff_entry_inst.Q|#0
46 00000000000000000000000000000000000000000000000000000000000000000000000000000000000000000000000000000000000000000000000000000000 |_s46_gen_fifos[0].f.entry_gen[19].ff_entry_inst.Q|#0
47 00000000000000000000000000000000000000000000000000000000000000000000000000000000000000000000000000000000000000000000000000000000 |_s47_gen_fifos[0].f.entry_gen[18].ff_entry_inst.Q|#0
48 00000000000000000000000000000000000000000000000000000000000000000000000000000000000000000000000000000000000000000000000000000000 |_s48_gen_fifos[0].f.entry_gen[17].ff_entry_inst.Q|#0
49 00000000000000000000000000000000000000000000000000000000000000000000000000000000000000000000000000000000000000000000000000000000 |_s49_gen_fifos[0].f.entry_gen[16].ff_entry_inst.Q|#0
50 00000000000000000000000000000000000000000000000000000000000000000000000000000000000000000000000000000000000000000000000000000000 |_s50_gen_fifos[0].f.entry_gen[15].ff_entry_inst.Q|#0
51 00000000000000000000000000000000000000000000000000000000000000000000000000000000000000000000000000000000000000000000000000000000 |_s51_gen_fifos[0].f.entry_gen[14].ff_entry_inst.Q|#0
52 00000000000000000000000000000000000000000000000000000000000000000000000000000000000000000000000000000000000000000000000000000000 |_s52_gen_fifos[0].f.entry_gen[13].ff_entry_inst.Q|#0
53 00000000000000000000000000000000000000000000000000000000000000000000000000000000000000000000000000000000000000000000000000000000 |_s53_gen_fifos[0].f.entry_gen[12].ff_entry_inst.Q|#0
54 00000000000000000000000000000000000000000000000000000000000000000000000000000000000000000000000000000000000000000000000000000000 |_s54_gen_fifos[0].f.entry_gen[11].ff_entry_inst.Q|#0
55 00000000000000000000000000000000000000000000000000000000000000000000000000000000000000000000000000000000000000000000000000000000 |_s55_gen_fifos[0].f.entry_gen[10].ff_entry_inst.Q|#0
56 00000000000000000000000000000000000000000000000000000000000000000000000000000000000000000000000000000000000000000000000000000000 |_s56_gen_fifos[0].f.entry_gen[9].ff_entry_inst.Q|#0
57 00000000000000000000000000000000000000000000000000000000000000000000000000000000000000000000000000000000000000000000000000000000 |_s57_gen_fifos[0].f.entry_gen[8].ff_entry_inst.Q|#0
58 00000000000000000000000000000000000000000000000000000000000000000000000000000000000000000000000000000000000000000000000000000000 |_s58_gen_fifos[0].f.entry_gen[7].ff_entry_inst.Q|#0
59 00000000000000000000000000000000000000000000000000000000000000000000000000000000000000000000000000000000000000000000000000000000 |_s59_gen_fifos[0].f.entry_gen[6].ff_entry_inst.Q|#0
60 00000000000000000000000000000000000000000000000000000000000000000000000000000000000000000000000000000000000000000000000000000000 |_s60_gen_fifos[0].f.entry_gen[5].ff_entry_inst.Q|#0
61 00000000000000000000000000000000000000000000000000000000000000000000000000000000000000000000000000000000000000000000000000000000 |_s61_gen_fifos[0].f.entry_gen[4].ff_entry_inst.Q|#0
62 00000000000000000000000000000000000000000000000000000000000000000000000000000000000000000000000000000000000000000000000000000000 |_s62_gen_fifos[0].f.entry_gen[3].ff_entry_inst.Q|#0
63 00000000000000000000000000000000000000000000000000000000000000000000000000000000000000000000000000000000000000000000000000000000 |_s63_gen_fifos[0].f.entry_gen[2].ff_entry_inst.Q|#0
64 00000000000000000000000000000000000000000000000000000000000000000000000000000000000000000000000000000000000000000000000000000000 |_s64_gen_fifos[0].f.entry_gen[1].ff_entry_inst.Q|#0
65 00000000000000000000000000000000000000000000000000000000000000000000000000000000000000000000000000000000000000000000000000000000 |_s65_gen_fifos[0].f.entry_gen[0].ff_entry_inst.Q|#0
66 1 |_s66_sb.ff_en.Q|#0
67 0 |_s67_sb.ff_magic_packet_exited.Q|#0
68 0000000 |_s68_sb.mpt.ff_cnt.Q|#0
69 00000000000000000000000000000000000000000000000000000000000000000000000000000000000000000000000000000000000000000000000000000000 |_s69_sb.ff_magic_packet.Q|#0
70 001111 |_s70_gen_fifos[0].cc.credits|#0
71 001111 |_s71_gen_fifos[1].cc.credits|#0
72 100000 |_s72_gen_fifos[0].f.cnt|#0
73 100000 |_s73_gen_fifos[1].f.cnt|#0
74 1 |_s74_initstate|#0
75 000000 |_s75_gen_fifos[0].f.ff_wrPtr.Q|#0
76 000000 |_s76_gen_fifos[1].f.ff_wrPtr.Q|#0
@0
0 0 |_i0_all_ones|@0
2 0000000000000000000000000000000000000000000000000000000000000000000000000000000000000000000000000000000000000000000000000000000000000000000000000000000000000000000000000000000000000000000000000000000000000000000000000000000000000000000000000000000000000000 |_i2_flat_data_in|@0
3 0 |_i3_gnt_sel|@0
4 11 |_i4_push|@0
5 0 |_i5_req|@0
6 1 |_i6_rst|@0
7 0 |_i7_start|@0
8 00000000000000000000000000000000000000000000000000000000000000000000000000000000000000000000000000000000000000000000000000000000 |_i8_id13|@0
9 00000000000000000000000000000000000000000000000000000000000000000000000000000000000000000000000000000000000000000000000000000000 |_i9_id413|@0
10 0 |_i10_id741|@0
@1
0 1 |_i0_all_ones|@1
2 0000000000000000000000000000000000000000000000000000000000000000000000000000000000000000000000000000000000000000000000000000000000000000000000000000000000000000000000000000000000000000000000000000000000000000000000000000000000000000000000000000000000000001 |_i2_flat_data_in|@1
3 0 |_i3_gnt_sel|@1
4 01 |_i4_push|@1
5 0 |_i5_req|@1
6 0 |_i6_rst|@1
7 1 |_i7_start|@1
8 00000000000000000000000000000000000000000000000000000000000000000000000000000000000000000000000000000000000000000000000000000000 |_i8_id13|@1
9 00000000000000000000000000000000000000000000000000000000000000000000000000000000000000000000000000000000000000000000000000000000 |_i9_id413|@1
10 0 |_i10_id741|@1
@2
0 1 |_i0_all_ones|@2
2 0000000000000000000000000000000000000000000000000000000000000000000000000000000000000000000000000000000000000000000000000000000000000000000000000000000000000000000000000000000000000000000000000000000000000000000000000000000000000000000000000000000000000001 |_i2_flat_data_in|@2
3 0 |_i3_gnt_sel|@2
4 01 |_i4_push|@2
5 0 |_i5_req|@2
6 0 |_i6_rst|@2
7 0 |_i7_start|@2
8 00000000000000000000000000000000000000000000000000000000000000000000000000000000000000000000000000000000000000000000000000000000 |_i8_id13|@2
9 00000000000000000000000000000000000000000000000000000000000000000000000000000000000000000000000000000000000000000000000000000000 |_i9_id413|@2
10 0 |_i10_id741|@2
@3
0 1 |_i0_all_ones|@3
2 0000000000000000000000000000000000000000000000000000000000000000000000000000000000000000000000000000000000000000000000000000000000000000000000000000000000000000000000000000000000000000000000000000000000000000000000000000000000000000000000000000000000000001 |_i2_flat_data_in|@3
3 0 |_i3_gnt_sel|@3
4 01 |_i4_push|@3
5 0 |_i5_req|@3
6 0 |_i6_rst|@3
7 0 |_i7_start|@3
8 00000000000000000000000000000000000000000000000000000000000000000000000000000000000000000000000000000000000000000000000000000001 |_i8_id13|@3
9 00000000000000000000000000000000000000000000000000000000000000000000000000000000000000000000000000000000000000000000000000000001 |_i9_id413|@3
10 0 |_i10_id741|@3
@4
0 0 |_i0_all_ones|@4
2 0000000000000000000000000000000000000000000000000000000000000000000000000000000000000000000000000000000000000000000000000000000000000000000000000000000000000000000000000000000000000000000000000000000000000000000000000000000000000000000000000000000000000000 |_i2_flat_data_in|@4
3 0 |_i3_gnt_sel|@4
4 01 |_i4_push|@4
5 0 |_i5_req|@4
6 0 |_i6_rst|@4
7 0 |_i7_start|@4
8 00000000000000000000000000000000000000000000000000000000000000000000000000000000000000000000000000000000000000000000000000000001 |_i8_id13|@4
9 00000000000000000000000000000000000000000000000000000000000000000000000000000000000000000000000000000000000000000000000000000001 |_i9_id413|@4
10 0 |_i10_id741|@4
@5
0 1 |_i0_all_ones|@5
2 0000000000000000000000000000000000000000000000000000000000000000000000000000000000000000000000000000000000000000000000000000000100000000000000000000000000000000000000000000000000000000000000000000000000000000000000000000000000000000000000000000000000000000 |_i2_flat_data_in|@5
3 0 |_i3_gnt_sel|@5
4 01 |_i4_push|@5
5 0 |_i5_req|@5
6 0 |_i6_rst|@5
7 0 |_i7_start|@5
8 00000000000000000000000000000000000000000000000000000000000000000000000000000000000000000000000000000000000000000000000000000001 |_i8_id13|@5
9 00000000000000000000000000000000000000000000000000000000000000000000000000000000000000000000000000000000000000000000000000000001 |_i9_id413|@5
10 0 |_i10_id741|@5
@6
0 1 |_i0_all_ones|@6
2 0000000000000000000000000000000000000000000000000000000000000000000000000000000000000000000000000000000000000000000000000000000000000000000000000000000000000000000000000000000000000000000000000000000000000000000000000000000000000000000000000000000000000001 |_i2_flat_data_in|@6
3 0 |_i3_gnt_sel|@6
4 01 |_i4_push|@6
5 0 |_i5_req|@6
6 0 |_i6_rst|@6
7 0 |_i7_start|@6
8 00000000000000000000000000000000000000000000000000000000000000000000000000000000000000000000000000000000000000000000000000000001 |_i8_id13|@6
9 00000000000000000000000000000000000000000000000000000000000000000000000000000000000000000000000000000000000000000000000000000001 |_i9_id413|@6
10 0 |_i10_id741|@6
@7
0 1 |_i0_all_ones|@7
2 0000000000000000000000000000000000000000000000000000000000000000000000000000000000000000000000000000000000000000000000000000000000000000000000000000000000000000000000000000000000000000000000000000000000000000000000000000000000000000000000000000000000000001 |_i2_flat_data_in|@7
3 0 |_i3_gnt_sel|@7
4 11 |_i4_push|@7
5 0 |_i5_req|@7
6 0 |_i6_rst|@7
7 0 |_i7_start|@7
8 00000000000000000000000000000000000000000000000000000000000000000000000000000000000000000000000000000000000000000000000000000001 |_i8_id13|@7
9 00000000000000000000000000000000000000000000000000000000000000000000000000000000000000000000000000000000000000000000000000000001 |_i9_id413|@7
10 0 |_i10_id741|@7
@8
0 1 |_i0_all_ones|@8
2 0000000000000000000000000000000000000000000000000000000000000000000000000000000000000000000000000000000000000000000000000000000000000000000000000000000000000000000000000000000000000000000000000000000000000000000000000000000000000000000000000000000000000001 |_i2_flat_data_in|@8
3 0 |_i3_gnt_sel|@8
4 01 |_i4_push|@8
5 0 |_i5_req|@8
6 0 |_i6_rst|@8
7 0 |_i7_start|@8
8 00000000000000000000000000000000000000000000000000000000000000000000000000000000000000000000000000000000000000000000000000000001 |_i8_id13|@8
9 00000000000000000000000000000000000000000000000000000000000000000000000000000000000000000000000000000000000000000000000000000001 |_i9_id413|@8
10 0 |_i10_id741|@8
@9
0 0 |_i0_all_ones|@9
2 0000000000000000000000000000000000000000000000000000000000000000000000000000000000000000000000000000000000000000000000000000000000000000000000000000000000000000000000000000000000000000000000000000000000000000000000000000000000000000000000000000000000000000 |_i2_flat_data_in|@9
3 0 |_i3_gnt_sel|@9
4 01 |_i4_push|@9
5 0 |_i5_req|@9
6 0 |_i6_rst|@9
7 0 |_i7_start|@9
8 00000000000000000000000000000000000000000000000000000000000000000000000000000000000000000000000000000000000000000000000000000001 |_i8_id13|@9
9 00000000000000000000000000000000000000000000000000000000000000000000000000000000000000000000000000000000000000000000000000000001 |_i9_id413|@9
10 0 |_i10_id741|@9
@10
0 0 |_i0_all_ones|@10
2 0000000000000000000000000000000000000000000000000000000000000000000000000000000000000000000000000000000000000000000000000000000000000000000000000000000000000000000000000000000000000000000000000000000000000000000000000000000000000000000000000000000000000000 |_i2_flat_data_in|@10
3 0 |_i3_gnt_sel|@10
4 11 |_i4_push|@10
5 0 |_i5_req|@10
6 0 |_i6_rst|@10
7 0 |_i7_start|@10
8 00000000000000000000000000000000000000000000000000000000000000000000000000000000000000000000000000000000000000000000000000000001 |_i8_id13|@10
9 00000000000000000000000000000000000000000000000000000000000000000000000000000000000000000000000000000000000000000000000000000001 |_i9_id413|@10
10 0 |_i10_id741|@10
@11
0 1 |_i0_all_ones|@11
2 0000000000000000000000000000000000000000000000000000000000000000000000000000000000000000000000000000000000000000000000000000000100000000000000000000000000000000000000000000000000000000000000000000000000000000000000000000000000000000000000000000000000000000 |_i2_flat_data_in|@11
3 0 |_i3_gnt_sel|@11
4 11 |_i4_push|@11
5 0 |_i5_req|@11
6 0 |_i6_rst|@11
7 0 |_i7_start|@11
8 00000000000000000000000000000000000000000000000000000000000000000000000000000000000000000000000000000000000000000000000000000001 |_i8_id13|@11
9 00000000000000000000000000000000000000000000000000000000000000000000000000000000000000000000000000000000000000000000000000000001 |_i9_id413|@11
10 0 |_i10_id741|@11
@12
0 0 |_i0_all_ones|@12
2 0000000000000000000000000000000000000000000000000000000000000000000000000000000000000000000000000000000000000000000000000000000000000000000000000000000000000000000000000000000000000000000000000000000000000000000000000000000000000000000000000000000000000000 |_i2_flat_data_in|@12
3 0 |_i3_gnt_sel|@12
4 11 |_i4_push|@12
5 0 |_i5_req|@12
6 0 |_i6_rst|@12
7 0 |_i7_start|@12
8 00000000000000000000000000000000000000000000000000000000000000000000000000000000000000000000000000000000000000000000000000000001 |_i8_id13|@12
9 00000000000000000000000000000000000000000000000000000000000000000000000000000000000000000000000000000000000000000000000000000000 |_i9_id413|@12
10 0 |_i10_id741|@12
@13
0 0 |_i0_all_ones|@13
2 0000000000000000000000000000000000000000000000000000000000000000000000000000000000000000000000000000000000000000000000000000000000000000000000000000000000000000000000000000000000000000000000000000000000000000000000000000000000000000000000000000000000000000 |_i2_flat_data_in|@13
3 0 |_i3_gnt_sel|@13
4 11 |_i4_push|@13
5 0 |_i5_req|@13
6 0 |_i6_rst|@13
7 0 |_i7_start|@13
8 00000000000000000000000000000000000000000000000000000000000000000000000000000000000000000000000000000000000000000000000000000001 |_i8_id13|@13
9 00000000000000000000000000000000000000000000000000000000000000000000000000000000000000000000000000000000000000000000000000000001 |_i9_id413|@13
10 0 |_i10_id741|@13
@14
0 0 |_i0_all_ones|@14
2 0000000000000000000000000000000000000000000000000000000000000000000000000000000000000000000000000000000000000000000000000000000000000000000000000000000000000000000000000000000000000000000000000000000000000000000000000000000000000000000000000000000000000000 |_i2_flat_data_in|@14
3 0 |_i3_gnt_sel|@14
4 11 |_i4_push|@14
5 0 |_i5_req|@14
6 0 |_i6_rst|@14
7 0 |_i7_start|@14
8 00000000000000000000000000000000000000000000000000000000000000000000000000000000000000000000000000000000000000000000000000000001 |_i8_id13|@14
9 00000000000000000000000000000000000000000000000000000000000000000000000000000000000000000000000000000000000000000000000000000001 |_i9_id413|@14
10 0 |_i10_id741|@14
@15
0 0 |_i0_all_ones|@15
2 0000000000000000000000000000000000000000000000000000000000000000000000000000000000000000000000000000000000000000000000000000000000000000000000000000000000000000000000000000000000000000000000000000000000000000000000000000000000000000000000000000000000000000 |_i2_flat_data_in|@15
3 1 |_i3_gnt_sel|@15
4 11 |_i4_push|@15
5 1 |_i5_req|@15
6 0 |_i6_rst|@15
7 0 |_i7_start|@15
8 00000000000000000000000000000000000000000000000000000000000000000000000000000000000000000000000000000000000000000000000000000001 |_i8_id13|@15
9 00000000000000000000000000000000000000000000000000000000000000000000000000000000000000000000000000000000000000000000000000000001 |_i9_id413|@15
10 0 |_i10_id741|@15
@16
0 1 |_i0_all_ones|@16
2 0000000000000000000000000000000000000000000000000000000000000000000000000000000000000000000000000000000000000000000000000000000000000000000000000000000000000000000000000000000000000000000000000000000000000000000000000000000000000000000000000000000000000001 |_i2_flat_data_in|@16
3 1 |_i3_gnt_sel|@16
4 11 |_i4_push|@16
5 1 |_i5_req|@16
6 0 |_i6_rst|@16
7 0 |_i7_start|@16
8 00000000000000000000000000000000000000000000000000000000000000000000000000000000000000000000000000000000000000000000000000000001 |_i8_id13|@16
9 00000000000000000000000000000000000000000000000000000000000000000000000000000000000000000000000000000000000000000000000000000001 |_i9_id413|@16
10 0 |_i10_id741|@16
@17
0 0 |_i0_all_ones|@17
2 0000000000000000000000000000000000000000000000000000000000000000000000000000000000000000000000000000000000000000000000000000000000000000000000000000000000000000000000000000000000000000000000000000000000000000000000000000000000000000000000000000000000000000 |_i2_flat_data_in|@17
3 1 |_i3_gnt_sel|@17
4 01 |_i4_push|@17
5 1 |_i5_req|@17
6 0 |_i6_rst|@17
7 0 |_i7_start|@17
8 00000000000000000000000000000000000000000000000000000000000000000000000000000000000000000000000000000000000000000000000000000001 |_i8_id13|@17
9 00000000000000000000000000000000000000000000000000000000000000000000000000000000000000000000000000000000000000000000000000000001 |_i9_id413|@17
10 0 |_i10_id741|@17
@18
0 0 |_i0_all_ones|@18
2 0000000000000000000000000000000000000000000000000000000000000000000000000000000000000000000000000000000000000000000000000000000000000000000000000000000000000000000000000000000000000000000000000000000000000000000000000000000000000000000000000000000000000000 |_i2_flat_data_in|@18
3 1 |_i3_gnt_sel|@18
4 01 |_i4_push|@18
5 1 |_i5_req|@18
6 0 |_i6_rst|@18
7 0 |_i7_start|@18
8 00000000000000000000000000000000000000000000000000000000000000000000000000000000000000000000000000000000000000000000000000000001 |_i8_id13|@18
9 00000000000000000000000000000000000000000000000000000000000000000000000000000000000000000000000000000000000000000000000000000001 |_i9_id413|@18
10 0 |_i10_id741|@18
@19
0 0 |_i0_all_ones|@19
2 0000000000000000000000000000000000000000000000000000000000000000000000000000000000000000000000000000000000000000000000000000000000000000000000000000000000000000000000000000000000000000000000000000000000000000000000000000000000000000000000000000000000000000 |_i2_flat_data_in|@19
3 0 |_i3_gnt_sel|@19
4 01 |_i4_push|@19
5 0 |_i5_req|@19
6 0 |_i6_rst|@19
7 0 |_i7_start|@19
8 00000000000000000000000000000000000000000000000000000000000000000000000000000000000000000000000000000000000000000000000000000001 |_i8_id13|@19
9 00000000000000000000000000000000000000000000000000000000000000000000000000000000000000000000000000000000000000000000000000000001 |_i9_id413|@19
10 0 |_i10_id741|@19
@20
0 0 |_i0_all_ones|@20
2 0000000000000000000000000000000000000000000000000000000000000000000000000000000000000000000000000000000000000000000000000000000000000000000000000000000000000000000000000000000000000000000000000000000000000000000000000000000000000000000000000000000000000000 |_i2_flat_data_in|@20
3 0 |_i3_gnt_sel|@20
4 11 |_i4_push|@20
5 0 |_i5_req|@20
6 0 |_i6_rst|@20
7 0 |_i7_start|@20
8 00000000000000000000000000000000000000000000000000000000000000000000000000000000000000000000000000000000000000000000000000000001 |_i8_id13|@20
9 00000000000000000000000000000000000000000000000000000000000000000000000000000000000000000000000000000000000000000000000000000001 |_i9_id413|@20
10 0 |_i10_id741|@20
@21
0 0 |_i0_all_ones|@21
2 0000000000000000000000000000000000000000000000000000000000000000000000000000000000000000000000000000000000000000000000000000000000000000000000000000000000000000000000000000000000000000000000000000000000000000000000000000000000000000000000000000000000000000 |_i2_flat_data_in|@21
3 1 |_i3_gnt_sel|@21
4 01 |_i4_push|@21
5 1 |_i5_req|@21
6 0 |_i6_rst|@21
7 0 |_i7_start|@21
8 00000000000000000000000000000000000000000000000000000000000000000000000000000000000000000000000000000000000000000000000000000001 |_i8_id13|@21
9 00000000000000000000000000000000000000000000000000000000000000000000000000000000000000000000000000000000000000000000000000000000 |_i9_id413|@21
10 0 |_i10_id741|@21
@22
0 0 |_i0_all_ones|@22
2 0000000000000000000000000000000000000000000000000000000000000000000000000000000000000000000000000000000000000000000000000000000000000000000000000000000000000000000000000000000000000000000000000000000000000000000000000000000000000000000000000000000000000000 |_i2_flat_data_in|@22
3 0 |_i3_gnt_sel|@22
4 01 |_i4_push|@22
5 0 |_i5_req|@22
6 0 |_i6_rst|@22
7 0 |_i7_start|@22
8 00000000000000000000000000000000000000000000000000000000000000000000000000000000000000000000000000000000000000000000000000000001 |_i8_id13|@22
9 00000000000000000000000000000000000000000000000000000000000000000000000000000000000000000000000000000000000000000000000000000001 |_i9_id413|@22
10 0 |_i10_id741|@22
@23
0 1 |_i0_all_ones|@23
2 0000000000000000000000000000000000000000000000000000000000000000000000000000000000000000000000000000000000000000000000000000000000000000000000000000000000000000000000000000000000000000000000000000000000000000000000000000000000000000000000000000000000000001 |_i2_flat_data_in|@23
3 0 |_i3_gnt_sel|@23
4 01 |_i4_push|@23
5 0 |_i5_req|@23
6 0 |_i6_rst|@23
7 0 |_i7_start|@23
8 00000000000000000000000000000000000000000000000000000000000000000000000000000000000000000000000000000000000000000000000000000001 |_i8_id13|@23
9 00000000000000000000000000000000000000000000000000000000000000000000000000000000000000000000000000000000000000000000000000000001 |_i9_id413|@23
10 0 |_i10_id741|@23
@24
0 0 |_i0_all_ones|@24
2 0000000000000000000000000000000000000000000000000000000000000000000000000000000000000000000000000000000000000000000000000000000000000000000000000000000000000000000000000000000000000000000000000000000000000000000000000000000000000000000000000000000000000000 |_i2_flat_data_in|@24
3 0 |_i3_gnt_sel|@24
4 01 |_i4_push|@24
5 0 |_i5_req|@24
6 0 |_i6_rst|@24
7 0 |_i7_start|@24
8 00000000000000000000000000000000000000000000000000000000000000000000000000000000000000000000000000000000000000000000000000000001 |_i8_id13|@24
9 00000000000000000000000000000000000000000000000000000000000000000000000000000000000000000000000000000000000000000000000000000001 |_i9_id413|@24
10 0 |_i10_id741|@24
@25
0 1 |_i0_all_ones|@25
2 0000000000000000000000000000000000000000000000000000000000000000000000000000000000000000000000000000000000000000000000000000000000000000000000000000000000000000000000000000000000000000000000000000000000000000000000000000000000000000000000000000000000000001 |_i2_flat_data_in|@25
3 1 |_i3_gnt_sel|@25
4 01 |_i4_push|@25
5 1 |_i5_req|@25
6 0 |_i6_rst|@25
7 0 |_i7_start|@25
8 00000000000000000000000000000000000000000000000000000000000000000000000000000000000000000000000000000000000000000000000000000001 |_i8_id13|@25
9 00000000000000000000000000000000000000000000000000000000000000000000000000000000000000000000000000000000000000000000000000000000 |_i9_id413|@25
10 0 |_i10_id741|@25
@26
0 0 |_i0_all_ones|@26
2 0000000000000000000000000000000000000000000000000000000000000000000000000000000000000000000000000000000000000000000000000000000000000000000000000000000000000000000000000000000000000000000000000000000000000000000000000000000000000000000000000000000000000000 |_i2_flat_data_in|@26
3 1 |_i3_gnt_sel|@26
4 01 |_i4_push|@26
5 1 |_i5_req|@26
6 0 |_i6_rst|@26
7 0 |_i7_start|@26
8 00000000000000000000000000000000000000000000000000000000000000000000000000000000000000000000000000000000000000000000000000000001 |_i8_id13|@26
9 00000000000000000000000000000000000000000000000000000000000000000000000000000000000000000000000000000000000000000000000000000001 |_i9_id413|@26
10 0 |_i10_id741|@26
@27
0 0 |_i0_all_ones|@27
2 0000000000000000000000000000000000000000000000000000000000000000000000000000000000000000000000000000000000000000000000000000000000000000000000000000000000000000000000000000000000000000000000000000000000000000000000000000000000000000000000000000000000000000 |_i2_flat_data_in|@27
3 0 |_i3_gnt_sel|@27
4 01 |_i4_push|@27
5 0 |_i5_req|@27
6 0 |_i6_rst|@27
7 0 |_i7_start|@27
8 00000000000000000000000000000000000000000000000000000000000000000000000000000000000000000000000000000000000000000000000000000001 |_i8_id13|@27
9 00000000000000000000000000000000000000000000000000000000000000000000000000000000000000000000000000000000000000000000000000000001 |_i9_id413|@27
10 0 |_i10_id741|@27
@28
0 1 |_i0_all_ones|@28
2 0000000000000000000000000000000000000000000000000000000000000000000000000000000000000000000000000000000000000000000000000000000000000000000000000000000000000000000000000000000000000000000000000000000000000000000000000000000000000000000000000000000000000001 |_i2_flat_data_in|@28
3 1 |_i3_gnt_sel|@28
4 01 |_i4_push|@28
5 1 |_i5_req|@28
6 0 |_i6_rst|@28
7 0 |_i7_start|@28
8 00000000000000000000000000000000000000000000000000000000000000000000000000000000000000000000000000000000000000000000000000000001 |_i8_id13|@28
9 00000000000000000000000000000000000000000000000000000000000000000000000000000000000000000000000000000000000000000000000000000000 |_i9_id413|@28
10 0 |_i10_id741|@28
@29
0 1 |_i0_all_ones|@29
2 0000000000000000000000000000000000000000000000000000000000000000000000000000000000000000000000000000000000000000000000000000000000000000000000000000000000000000000000000000000000000000000000000000000000000000000000000000000000000000000000000000000000000001 |_i2_flat_data_in|@29
3 0 |_i3_gnt_sel|@29
4 01 |_i4_push|@29
5 0 |_i5_req|@29
6 0 |_i6_rst|@29
7 0 |_i7_start|@29
8 00000000000000000000000000000000000000000000000000000000000000000000000000000000000000000000000000000000000000000000000000000000 |_i8_id13|@29
9 00000000000000000000000000000000000000000000000000000000000000000000000000000000000000000000000000000000000000000000000000000001 |_i9_id413|@29
10 0 |_i10_id741|@29
@30
0 1 |_i0_all_ones|@30
2 0000000000000000000000000000000000000000000000000000000000000000000000000000000000000000000000000000000000000000000000000000000000000000000000000000000000000000000000000000000000000000000000000000000000000000000000000000000000000000000000000000000000000001 |_i2_flat_data_in|@30
3 0 |_i3_gnt_sel|@30
4 11 |_i4_push|@30
5 0 |_i5_req|@30
6 0 |_i6_rst|@30
7 0 |_i7_start|@30
8 00000000000000000000000000000000000000000000000000000000000000000000000000000000000000000000000000000000000000000000000000000000 |_i8_id13|@30
9 00000000000000000000000000000000000000000000000000000000000000000000000000000000000000000000000000000000000000000000000000000000 |_i9_id413|@30
10 0 |_i10_id741|@30
@31
0 1 |_i0_all_ones|@31
2 0000000000000000000000000000000000000000000000000000000000000000000000000000000000000000000000000000000000000000000000000000000000000000000000000000000000000000000000000000000000000000000000000000000000000000000000000000000000000000000000000000000000000001 |_i2_flat_data_in|@31
3 0 |_i3_gnt_sel|@31
4 01 |_i4_push|@31
5 0 |_i5_req|@31
6 0 |_i6_rst|@31
7 0 |_i7_start|@31
8 00000000000000000000000000000000000000000000000000000000000000000000000000000000000000000000000000000000000000000000000000000001 |_i8_id13|@31
9 00000000000000000000000000000000000000000000000000000000000000000000000000000000000000000000000000000000000000000000000000000001 |_i9_id413|@31
10 0 |_i10_id741|@31
@32
0 0 |_i0_all_ones|@32
2 0000000000000000000000000000000000000000000000000000000000000000000000000000000000000000000000000000000000000000000000000000000000000000000000000000000000000000000000000000000000000000000000000000000000000000000000000000000000000000000000000000000000000000 |_i2_flat_data_in|@32
3 1 |_i3_gnt_sel|@32
4 11 |_i4_push|@32
5 1 |_i5_req|@32
6 0 |_i6_rst|@32
7 0 |_i7_start|@32
8 00000000000000000000000000000000000000000000000000000000000000000000000000000000000000000000000000000000000000000000000000000001 |_i8_id13|@32
9 00000000000000000000000000000000000000000000000000000000000000000000000000000000000000000000000000000000000000000000000000000001 |_i9_id413|@32
10 0 |_i10_id741|@32
@33
0 0 |_i0_all_ones|@33
2 0000000000000000000000000000000000000000000000000000000000000000000000000000000000000000000000000000000000000000000000000000000000000000000000000000000000000000000000000000000000000000000000000000000000000000000000000000000000000000000000000000000000000000 |_i2_flat_data_in|@33
3 0 |_i3_gnt_sel|@33
4 01 |_i4_push|@33
5 0 |_i5_req|@33
6 0 |_i6_rst|@33
7 0 |_i7_start|@33
8 00000000000000000000000000000000000000000000000000000000000000000000000000000000000000000000000000000000000000000000000000000001 |_i8_id13|@33
9 00000000000000000000000000000000000000000000000000000000000000000000000000000000000000000000000000000000000000000000000000000001 |_i9_id413|@33
10 0 |_i10_id741|@33
@34
3 0 |_i3_gnt_sel|@34
4 00 |_i4_push|@34
5 1 |_i5_req|@34
6 0 |_i6_rst|@34
8 00000000000000000000000000000000000000000000000000000000000000000000000000000000000000000000000000000000000000000000000000000001 |_i8_id13|@34
9 00000000000000000000000000000000000000000000000000000000000000000000000000000000000000000000000000000000000000000000000000000000 |_i9_id413|@34
10 0 |_i10_id741|@34
.
c done
