[runlim] version:		1.17
[runlim] host:			c3n07
[runlim] time limit:		311040000 seconds
[runlim] real time limit:	3600 seconds
[runlim] space limit:		120000 MB
[runlim] argv[0]:		./run-avr.sh
[runlim] argv[1]:		/tmp/3cyaw3Vz.btor2
[runlim] start:			Fri Oct 18 18:42:35 2019
[runlim] child:			16481
[runlim] sample:		13.57 time, 10.02 real, 347 MB
[runlim] sample:		20.40 time, 20.02 real, 153 MB
[runlim] sample:		53.86 time, 30.02 real, 482 MB
[runlim] sample:		74.01 time, 40.02 real, 491 MB
[runlim] sample:		94.11 time, 50.02 real, 505 MB
[runlim] sample:		114.18 time, 60.02 real, 504 MB
[runlim] sample:		134.28 time, 70.02 real, 504 MB
[runlim] sample:		154.36 time, 80.02 real, 536 MB
[runlim] sample:		174.45 time, 90.02 real, 528 MB
[runlim] sample:		194.53 time, 100.02 real, 527 MB
[runlim] sample:		214.63 time, 110.02 real, 552 MB
[runlim] sample:		234.66 time, 120.02 real, 552 MB
[runlim] sample:		254.74 time, 130.02 real, 570 MB
[runlim] sample:		274.88 time, 140.02 real, 615 MB
[runlim] sample:		294.92 time, 150.02 real, 615 MB
[runlim] sample:		315.00 time, 160.02 real, 601 MB
[runlim] sample:		335.05 time, 170.02 real, 606 MB
[runlim] sample:		355.16 time, 180.02 real, 618 MB
[runlim] sample:		375.23 time, 190.02 real, 619 MB
[runlim] sample:		395.27 time, 200.02 real, 637 MB
[runlim] sample:		415.33 time, 210.02 real, 624 MB
[runlim] sample:		435.46 time, 220.02 real, 652 MB
[runlim] sample:		455.52 time, 230.02 real, 649 MB
[runlim] sample:		475.59 time, 240.02 real, 649 MB
[runlim] sample:		252.34 time, 250.02 real, 226 MB
[runlim] sample:		515.78 time, 260.02 real, 649 MB
[runlim] sample:		535.86 time, 270.02 real, 673 MB
[runlim] sample:		555.91 time, 280.02 real, 673 MB
[runlim] sample:		292.67 time, 290.02 real, 241 MB
[runlim] sample:		596.07 time, 300.02 real, 664 MB
[runlim] sample:		616.14 time, 310.02 real, 701 MB
[runlim] sample:		636.21 time, 320.02 real, 701 MB
[runlim] sample:		332.96 time, 330.02 real, 263 MB
[runlim] sample:		676.35 time, 340.02 real, 701 MB
[runlim] sample:		696.43 time, 350.02 real, 701 MB
[runlim] sample:		716.48 time, 360.02 real, 699 MB
[runlim] sample:		736.58 time, 370.02 real, 701 MB
[runlim] sample:		756.63 time, 380.02 real, 701 MB
[runlim] sample:		776.72 time, 390.02 real, 701 MB
[runlim] sample:		796.79 time, 400.02 real, 701 MB
[runlim] sample:		816.86 time, 410.02 real, 701 MB
[runlim] sample:		836.91 time, 420.02 real, 738 MB
[runlim] sample:		856.99 time, 430.02 real, 789 MB
[runlim] sample:		877.04 time, 440.02 real, 775 MB
[runlim] sample:		897.16 time, 450.02 real, 775 MB
[runlim] sample:		463.87 time, 460.02 real, 299 MB
[runlim] sample:		937.26 time, 470.02 real, 775 MB
[runlim] sample:		957.36 time, 480.02 real, 769 MB
[runlim] sample:		977.43 time, 490.02 real, 769 MB
[runlim] sample:		997.49 time, 500.02 real, 769 MB
[runlim] sample:		1017.57 time, 510.02 real, 770 MB
[runlim] sample:		1037.68 time, 520.02 real, 771 MB
[runlim] sample:		1057.77 time, 530.02 real, 785 MB
[runlim] sample:		1077.80 time, 540.02 real, 873 MB
[runlim] sample:		1097.89 time, 550.02 real, 872 MB
[runlim] sample:		1117.98 time, 560.02 real, 876 MB
[runlim] sample:		1138.05 time, 570.02 real, 829 MB
[runlim] sample:		1158.10 time, 580.02 real, 831 MB
[runlim] sample:		594.88 time, 590.02 real, 309 MB
[runlim] sample:		1198.26 time, 600.02 real, 835 MB
[runlim] sample:		1218.33 time, 610.02 real, 835 MB
[runlim] sample:		1238.41 time, 620.02 real, 837 MB
[runlim] sample:		635.20 time, 630.02 real, 312 MB
[runlim] sample:		1278.58 time, 640.02 real, 881 MB
[runlim] sample:		1298.63 time, 650.02 real, 882 MB
[runlim] sample:		1318.68 time, 660.02 real, 897 MB
[runlim] sample:		1338.76 time, 670.02 real, 897 MB
[runlim] end:			Fri Oct 18 18:53:51 2019
[runlim] status:		ok
[runlim] result:		0
[runlim] children:		1049
[runlim] real:			675.85 seconds
[runlim] time:			2025.87 seconds
[runlim] space:			897 MB
[runlim] samples:		6758
