[runlim] version:		1.17
[runlim] host:			c3n31
[runlim] time limit:		311040000 seconds
[runlim] real time limit:	3600 seconds
[runlim] space limit:		120000 MB
[runlim] argv[0]:		./run-avr.sh
[runlim] argv[1]:		/tmp/rnkGk5wl.btor2
[runlim] start:			Fri Oct 18 18:53:12 2019
[runlim] child:			10047
[runlim] sample:		13.72 time, 10.02 real, 426 MB
[runlim] sample:		20.70 time, 20.02 real, 182 MB
[runlim] sample:		53.99 time, 30.02 real, 676 MB
[runlim] sample:		74.12 time, 40.02 real, 690 MB
[runlim] sample:		94.20 time, 50.02 real, 734 MB
[runlim] sample:		114.30 time, 60.02 real, 746 MB
[runlim] sample:		134.38 time, 70.02 real, 746 MB
[runlim] sample:		154.42 time, 80.02 real, 785 MB
[runlim] sample:		174.48 time, 90.02 real, 790 MB
[runlim] sample:		194.58 time, 100.02 real, 817 MB
[runlim] sample:		214.67 time, 110.02 real, 818 MB
[runlim] sample:		234.74 time, 120.02 real, 853 MB
[runlim] sample:		254.78 time, 130.02 real, 897 MB
[runlim] sample:		274.90 time, 140.02 real, 854 MB
[runlim] sample:		151.82 time, 150.02 real, 303 MB
[runlim] sample:		315.00 time, 160.02 real, 886 MB
[runlim] sample:		335.09 time, 170.02 real, 886 MB
[runlim] sample:		355.16 time, 180.02 real, 899 MB
[runlim] sample:		375.23 time, 190.02 real, 900 MB
[runlim] sample:		395.33 time, 200.02 real, 906 MB
[runlim] sample:		415.42 time, 210.02 real, 906 MB
[runlim] sample:		435.48 time, 220.02 real, 907 MB
[runlim] sample:		455.55 time, 230.02 real, 936 MB
[runlim] sample:		475.63 time, 240.02 real, 961 MB
[runlim] sample:		495.72 time, 250.02 real, 976 MB
[runlim] sample:		515.77 time, 260.02 real, 978 MB
[runlim] sample:		535.88 time, 270.02 real, 968 MB
[runlim] sample:		555.96 time, 280.02 real, 995 MB
[runlim] sample:		576.05 time, 290.02 real, 1006 MB
[runlim] sample:		596.15 time, 300.02 real, 1008 MB
[runlim] sample:		616.24 time, 310.02 real, 1007 MB
[runlim] sample:		323.19 time, 320.02 real, 355 MB
[runlim] sample:		656.37 time, 330.02 real, 1006 MB
[runlim] sample:		676.45 time, 340.02 real, 1068 MB
[runlim] sample:		696.52 time, 350.02 real, 1082 MB
[runlim] sample:		716.62 time, 360.02 real, 1056 MB
[runlim] sample:		736.66 time, 370.02 real, 1084 MB
[runlim] sample:		756.75 time, 380.02 real, 1144 MB
[runlim] sample:		776.81 time, 390.02 real, 1167 MB
[runlim] sample:		796.92 time, 400.02 real, 1167 MB
[runlim] sample:		816.96 time, 410.02 real, 1167 MB
[runlim] sample:		837.03 time, 420.02 real, 1237 MB
[runlim] sample:		857.08 time, 430.02 real, 1240 MB
[runlim] sample:		877.16 time, 440.02 real, 1249 MB
[runlim] sample:		897.23 time, 450.02 real, 1205 MB
[runlim] sample:		917.29 time, 460.02 real, 1186 MB
[runlim] sample:		937.37 time, 470.02 real, 1199 MB
[runlim] sample:		957.43 time, 480.02 real, 1221 MB
[runlim] sample:		977.51 time, 490.02 real, 1221 MB
[runlim] sample:		997.55 time, 500.02 real, 1222 MB
[runlim] sample:		1017.64 time, 510.02 real, 1300 MB
[runlim] sample:		1037.72 time, 520.02 real, 1307 MB
[runlim] sample:		1057.76 time, 530.02 real, 1314 MB
[runlim] sample:		1077.82 time, 540.02 real, 1323 MB
[runlim] sample:		1097.91 time, 550.02 real, 1323 MB
[runlim] sample:		1117.95 time, 560.02 real, 1326 MB
[runlim] sample:		1138.03 time, 570.02 real, 1353 MB
[runlim] sample:		584.99 time, 580.02 real, 541 MB
[runlim] sample:		1178.19 time, 590.02 real, 1353 MB
[runlim] sample:		1198.28 time, 600.02 real, 1283 MB
[runlim] sample:		1218.37 time, 610.02 real, 1283 MB
[runlim] sample:		1238.44 time, 620.02 real, 1283 MB
[runlim] sample:		1258.51 time, 630.02 real, 1287 MB
[runlim] sample:		1278.58 time, 640.02 real, 1293 MB
[runlim] sample:		1298.64 time, 650.02 real, 1293 MB
[runlim] sample:		1318.74 time, 660.02 real, 1347 MB
[runlim] sample:		1338.82 time, 670.02 real, 1347 MB
[runlim] sample:		1358.91 time, 680.02 real, 1347 MB
[runlim] sample:		695.86 time, 690.02 real, 541 MB
[runlim] sample:		1399.05 time, 700.02 real, 1347 MB
[runlim] sample:		1419.09 time, 710.02 real, 1347 MB
[runlim] sample:		1439.17 time, 720.02 real, 1448 MB
[runlim] sample:		1459.29 time, 730.02 real, 1450 MB
[runlim] sample:		1479.33 time, 740.02 real, 1477 MB
[runlim] sample:		1499.40 time, 750.02 real, 1505 MB
[runlim] sample:		1519.46 time, 760.02 real, 1535 MB
[runlim] sample:		1539.56 time, 770.02 real, 1585 MB
[runlim] sample:		1559.60 time, 780.02 real, 1499 MB
[runlim] sample:		1579.67 time, 790.02 real, 1499 MB
[runlim] sample:		1599.71 time, 800.02 real, 1500 MB
[runlim] sample:		1619.78 time, 810.02 real, 1513 MB
[runlim] sample:		1639.87 time, 820.02 real, 1515 MB
[runlim] sample:		1659.92 time, 830.02 real, 1518 MB
[runlim] sample:		846.90 time, 840.02 real, 745 MB
[runlim] sample:		1700.08 time, 850.02 real, 1564 MB
[runlim] sample:		1720.15 time, 860.02 real, 1564 MB
[runlim] sample:		1740.21 time, 870.02 real, 1568 MB
[runlim] sample:		1760.29 time, 880.02 real, 1569 MB
[runlim] sample:		1780.36 time, 890.02 real, 1569 MB
[runlim] sample:		1800.46 time, 900.02 real, 1590 MB
[runlim] sample:		1820.53 time, 910.02 real, 1590 MB
[runlim] sample:		1840.64 time, 920.02 real, 1593 MB
[runlim] sample:		1860.70 time, 930.02 real, 1593 MB
[runlim] sample:		1880.77 time, 940.02 real, 1593 MB
[runlim] sample:		1900.82 time, 950.02 real, 1593 MB
[runlim] sample:		1920.94 time, 960.02 real, 1530 MB
[runlim] sample:		1941.02 time, 970.02 real, 1530 MB
[runlim] sample:		1961.09 time, 980.02 real, 1530 MB
[runlim] sample:		998.10 time, 990.02 real, 745 MB
[runlim] sample:		2001.24 time, 1000.02 real, 1535 MB
[runlim] sample:		2021.32 time, 1010.02 real, 1536 MB
[runlim] sample:		2041.36 time, 1020.02 real, 1629 MB
[runlim] sample:		2061.42 time, 1030.02 real, 1592 MB
[runlim] sample:		2081.51 time, 1040.02 real, 1592 MB
[runlim] sample:		2101.63 time, 1050.02 real, 1592 MB
[runlim] sample:		2121.68 time, 1060.02 real, 1592 MB
[runlim] sample:		2141.80 time, 1070.02 real, 1605 MB
[runlim] sample:		2161.89 time, 1080.02 real, 1605 MB
[runlim] sample:		2181.95 time, 1090.02 real, 1605 MB
[runlim] sample:		2202.03 time, 1100.02 real, 1605 MB
[runlim] sample:		2222.10 time, 1110.02 real, 1538 MB
[runlim] sample:		1129.08 time, 1120.02 real, 745 MB
[runlim] sample:		2262.22 time, 1130.02 real, 1559 MB
[runlim] sample:		2282.30 time, 1140.02 real, 1559 MB
[runlim] sample:		2302.39 time, 1150.02 real, 1559 MB
[runlim] sample:		2322.46 time, 1160.02 real, 1559 MB
[runlim] sample:		2342.53 time, 1170.02 real, 1614 MB
[runlim] sample:		2362.65 time, 1180.02 real, 1654 MB
[runlim] sample:		2382.72 time, 1190.02 real, 1654 MB
[runlim] sample:		2402.80 time, 1200.02 real, 1692 MB
[runlim] sample:		2422.87 time, 1210.02 real, 1699 MB
[runlim] sample:		2442.95 time, 1220.02 real, 1699 MB
[runlim] sample:		2463.00 time, 1230.02 real, 1699 MB
[runlim] sample:		2483.06 time, 1240.02 real, 1699 MB
[runlim] sample:		1260.05 time, 1250.02 real, 824 MB
[runlim] sample:		2523.17 time, 1260.02 real, 1699 MB
[runlim] sample:		2543.23 time, 1270.02 real, 1700 MB
[runlim] sample:		2563.30 time, 1280.02 real, 1700 MB
[runlim] sample:		2583.38 time, 1290.02 real, 1700 MB
[runlim] sample:		2603.46 time, 1300.02 real, 1661 MB
[runlim] sample:		2623.53 time, 1310.02 real, 1655 MB
[runlim] sample:		2643.61 time, 1320.02 real, 1662 MB
[runlim] sample:		2663.69 time, 1330.02 real, 1662 MB
[runlim] sample:		2683.73 time, 1340.02 real, 1662 MB
[runlim] sample:		2703.81 time, 1350.02 real, 1662 MB
[runlim] sample:		2723.89 time, 1360.02 real, 1662 MB
[runlim] sample:		2743.97 time, 1370.02 real, 1718 MB
[runlim] sample:		2764.04 time, 1380.02 real, 1719 MB
[runlim] sample:		2784.10 time, 1390.02 real, 1759 MB
[runlim] sample:		1411.15 time, 1400.02 real, 866 MB
[runlim] sample:		2824.26 time, 1410.02 real, 1801 MB
[runlim] sample:		2844.34 time, 1420.02 real, 1777 MB
[runlim] sample:		2864.43 time, 1430.02 real, 1765 MB
[runlim] sample:		1451.47 time, 1440.02 real, 868 MB
[runlim] sample:		2904.56 time, 1450.02 real, 1765 MB
[runlim] sample:		2924.64 time, 1460.02 real, 1765 MB
[runlim] sample:		2944.70 time, 1470.02 real, 1765 MB
[runlim] sample:		2964.78 time, 1480.02 real, 1765 MB
[runlim] sample:		2984.87 time, 1490.02 real, 1765 MB
[runlim] sample:		3004.94 time, 1500.02 real, 1765 MB
[runlim] sample:		3025.01 time, 1510.02 real, 1765 MB
[runlim] sample:		3045.09 time, 1520.02 real, 1765 MB
[runlim] sample:		3065.17 time, 1530.02 real, 1765 MB
[runlim] sample:		3085.22 time, 1540.02 real, 1713 MB
[runlim] sample:		1562.28 time, 1550.02 real, 868 MB
[runlim] sample:		3125.35 time, 1560.02 real, 1728 MB
[runlim] sample:		3145.44 time, 1570.02 real, 1786 MB
[runlim] sample:		3165.48 time, 1580.02 real, 1786 MB
[runlim] sample:		3185.55 time, 1590.02 real, 1841 MB
[runlim] sample:		3205.61 time, 1600.02 real, 1883 MB
[runlim] sample:		3225.68 time, 1610.02 real, 1883 MB
[runlim] sample:		3245.74 time, 1620.02 real, 1843 MB
[runlim] sample:		3265.84 time, 1630.02 real, 1843 MB
[runlim] sample:		3285.89 time, 1640.02 real, 1844 MB
[runlim] sample:		3305.96 time, 1650.02 real, 1878 MB
[runlim] sample:		3326.02 time, 1660.02 real, 1878 MB
[runlim] sample:		3346.10 time, 1670.02 real, 1878 MB
[runlim] sample:		3366.16 time, 1680.02 real, 1878 MB
[runlim] sample:		3386.24 time, 1690.02 real, 1878 MB
[runlim] sample:		3406.33 time, 1700.02 real, 1878 MB
[runlim] sample:		3426.41 time, 1710.02 real, 1890 MB
[runlim] sample:		3446.47 time, 1720.02 real, 1926 MB
[runlim] sample:		3466.52 time, 1730.02 real, 1926 MB
[runlim] sample:		1753.58 time, 1740.02 real, 1007 MB
[runlim] sample:		3506.65 time, 1750.02 real, 1968 MB
[runlim] sample:		3526.72 time, 1760.02 real, 1938 MB
[runlim] sample:		3546.77 time, 1770.02 real, 1896 MB
[runlim] sample:		3566.84 time, 1780.02 real, 1915 MB
[runlim] sample:		3586.92 time, 1790.02 real, 1926 MB
[runlim] sample:		3606.98 time, 1800.02 real, 1928 MB
[runlim] sample:		3627.03 time, 1810.02 real, 1941 MB
[runlim] sample:		3647.09 time, 1820.02 real, 1941 MB
[runlim] sample:		3667.18 time, 1830.02 real, 1941 MB
[runlim] sample:		3687.27 time, 1840.02 real, 1997 MB
[runlim] sample:		3707.32 time, 1850.02 real, 2010 MB
[runlim] sample:		3727.43 time, 1860.02 real, 2057 MB
[runlim] sample:		1884.48 time, 1870.02 real, 1075 MB
[runlim] sample:		3767.55 time, 1880.02 real, 2021 MB
[runlim] sample:		1904.62 time, 1890.02 real, 1073 MB
[runlim] sample:		3807.67 time, 1900.02 real, 2021 MB
[runlim] sample:		3827.74 time, 1910.02 real, 2021 MB
[runlim] sample:		3847.79 time, 1920.02 real, 2034 MB
[runlim] sample:		3867.90 time, 1930.02 real, 2021 MB
[runlim] sample:		3887.98 time, 1940.02 real, 2021 MB
[runlim] sample:		3908.05 time, 1950.02 real, 2021 MB
[runlim] sample:		3928.12 time, 1960.02 real, 2021 MB
[runlim] sample:		3948.22 time, 1970.02 real, 2021 MB
[runlim] sample:		3968.28 time, 1980.02 real, 2021 MB
[runlim] sample:		3988.34 time, 1990.02 real, 2021 MB
[runlim] sample:		4008.39 time, 2000.02 real, 2021 MB
[runlim] sample:		4028.47 time, 2010.02 real, 2021 MB
[runlim] sample:		4048.53 time, 2020.02 real, 2021 MB
[runlim] sample:		4068.59 time, 2030.02 real, 2023 MB
[runlim] sample:		2055.66 time, 2040.02 real, 1079 MB
[runlim] sample:		4108.74 time, 2050.02 real, 2027 MB
[runlim] sample:		4128.82 time, 2060.02 real, 2028 MB
[runlim] sample:		4148.86 time, 2070.02 real, 2030 MB
[runlim] sample:		2095.97 time, 2080.02 real, 1087 MB
[runlim] sample:		4189.00 time, 2090.02 real, 2035 MB
[runlim] sample:		4209.07 time, 2100.02 real, 2036 MB
[runlim] sample:		4229.10 time, 2110.02 real, 2038 MB
[runlim] sample:		4249.20 time, 2120.02 real, 2039 MB
[runlim] sample:		4269.26 time, 2130.02 real, 2041 MB
[runlim] sample:		4289.35 time, 2140.02 real, 1991 MB
[runlim] sample:		4309.42 time, 2150.02 real, 1992 MB
[runlim] sample:		4329.48 time, 2160.02 real, 1993 MB
[runlim] sample:		4349.55 time, 2170.02 real, 1995 MB
[runlim] sample:		4369.63 time, 2180.02 real, 2013 MB
[runlim] sample:		2206.71 time, 2190.02 real, 1106 MB
[runlim] sample:		4409.73 time, 2200.02 real, 2017 MB
[runlim] sample:		4429.80 time, 2210.02 real, 2074 MB
[runlim] sample:		4449.87 time, 2220.02 real, 2079 MB
[runlim] sample:		4469.96 time, 2230.02 real, 2116 MB
[runlim] sample:		4490.00 time, 2240.02 real, 2141 MB
[runlim] sample:		4510.06 time, 2250.02 real, 2083 MB
[runlim] sample:		4530.15 time, 2260.02 real, 2104 MB
[runlim] sample:		4550.22 time, 2270.02 real, 2110 MB
[runlim] sample:		4570.29 time, 2280.02 real, 2110 MB
[runlim] sample:		4590.37 time, 2290.02 real, 2110 MB
[runlim] sample:		4610.39 time, 2300.02 real, 2110 MB
[runlim] sample:		4630.49 time, 2310.02 real, 2110 MB
[runlim] sample:		4650.54 time, 2320.02 real, 2110 MB
[runlim] sample:		4670.60 time, 2330.02 real, 2110 MB
[runlim] sample:		2357.70 time, 2340.02 real, 1141 MB
[runlim] sample:		4710.74 time, 2350.02 real, 2110 MB
[runlim] sample:		4730.82 time, 2360.02 real, 2110 MB
[runlim] sample:		4750.88 time, 2370.02 real, 2110 MB
[runlim] sample:		2398.00 time, 2380.02 real, 1141 MB
[runlim] sample:		4791.01 time, 2390.02 real, 2110 MB
[runlim] sample:		4811.11 time, 2400.02 real, 2110 MB
[runlim] sample:		4831.15 time, 2410.02 real, 2110 MB
[runlim] sample:		4851.25 time, 2420.02 real, 2114 MB
[runlim] sample:		4871.33 time, 2430.02 real, 2114 MB
[runlim] sample:		4891.38 time, 2440.02 real, 2114 MB
[runlim] sample:		4911.42 time, 2450.02 real, 2114 MB
[runlim] sample:		4931.51 time, 2460.02 real, 2114 MB
[runlim] sample:		4951.57 time, 2470.02 real, 2114 MB
[runlim] sample:		4971.63 time, 2480.02 real, 2127 MB
[runlim] sample:		4991.69 time, 2490.02 real, 2128 MB
[runlim] sample:		5011.76 time, 2500.02 real, 2131 MB
[runlim] sample:		2528.87 time, 2510.02 real, 1149 MB
[runlim] sample:		5051.86 time, 2520.02 real, 2138 MB
[runlim] sample:		5071.94 time, 2530.02 real, 2141 MB
[runlim] sample:		5092.01 time, 2540.02 real, 2145 MB
[runlim] sample:		5112.09 time, 2550.02 real, 2147 MB
[runlim] sample:		5132.15 time, 2560.02 real, 2151 MB
[runlim] sample:		5152.23 time, 2570.02 real, 2101 MB
[runlim] sample:		5172.28 time, 2580.02 real, 2096 MB
[runlim] sample:		5192.34 time, 2590.02 real, 2107 MB
[runlim] sample:		5212.41 time, 2600.02 real, 2110 MB
[runlim] sample:		5232.49 time, 2610.02 real, 2113 MB
[runlim] sample:		5252.54 time, 2620.02 real, 2117 MB
[runlim] sample:		5272.59 time, 2630.02 real, 2120 MB
[runlim] sample:		5292.65 time, 2640.02 real, 2179 MB
[runlim] sample:		5312.71 time, 2650.02 real, 2191 MB
[runlim] sample:		5332.76 time, 2660.02 real, 2233 MB
[runlim] sample:		5352.83 time, 2670.02 real, 2178 MB
[runlim] sample:		2699.99 time, 2680.02 real, 1201 MB
[runlim] sample:		5393.00 time, 2690.02 real, 2195 MB
[runlim] sample:		5413.06 time, 2700.02 real, 2195 MB
[runlim] sample:		5433.10 time, 2710.02 real, 2195 MB
[runlim] sample:		5453.18 time, 2720.02 real, 2195 MB
[runlim] sample:		5473.22 time, 2730.02 real, 2195 MB
[runlim] sample:		5493.29 time, 2740.02 real, 2195 MB
[runlim] sample:		5513.35 time, 2750.02 real, 2196 MB
[runlim] sample:		5533.41 time, 2760.02 real, 2196 MB
[runlim] sample:		5553.48 time, 2770.02 real, 2196 MB
[runlim] sample:		5573.53 time, 2780.02 real, 2196 MB
[runlim] sample:		5593.59 time, 2790.02 real, 2196 MB
[runlim] sample:		5613.65 time, 2800.02 real, 2197 MB
[runlim] sample:		5633.73 time, 2810.02 real, 2197 MB
[runlim] sample:		5653.82 time, 2820.02 real, 2197 MB
[runlim] sample:		2850.97 time, 2830.02 real, 1204 MB
[runlim] sample:		5693.93 time, 2840.02 real, 2197 MB
[runlim] sample:		5714.02 time, 2850.02 real, 2197 MB
[runlim] sample:		5734.09 time, 2860.02 real, 2197 MB
[runlim] sample:		5754.16 time, 2870.02 real, 2197 MB
[runlim] sample:		5774.21 time, 2880.02 real, 2202 MB
[runlim] sample:		5794.30 time, 2890.02 real, 2202 MB
[runlim] sample:		5814.37 time, 2900.02 real, 2202 MB
[runlim] sample:		5834.45 time, 2910.02 real, 2202 MB
[runlim] sample:		5854.51 time, 2920.02 real, 2202 MB
[runlim] sample:		5874.57 time, 2930.02 real, 2202 MB
[runlim] sample:		5894.63 time, 2940.02 real, 2202 MB
[runlim] sample:		5914.70 time, 2950.02 real, 2202 MB
[runlim] sample:		5934.77 time, 2960.02 real, 2202 MB
[runlim] sample:		5954.82 time, 2970.02 real, 2202 MB
[runlim] sample:		3001.97 time, 2980.02 real, 1202 MB
[runlim] sample:		5994.95 time, 2990.02 real, 2202 MB
[runlim] sample:		6014.99 time, 3000.02 real, 2202 MB
[runlim] sample:		6035.04 time, 3010.02 real, 2202 MB
[runlim] sample:		6055.14 time, 3020.02 real, 2213 MB
[runlim] sample:		6075.18 time, 3030.02 real, 2179 MB
[runlim] sample:		6095.28 time, 3040.02 real, 2183 MB
[runlim] sample:		6115.31 time, 3050.02 real, 2185 MB
[runlim] sample:		6135.38 time, 3060.02 real, 2189 MB
[runlim] sample:		6155.46 time, 3070.02 real, 2190 MB
[runlim] sample:		6175.53 time, 3080.02 real, 2192 MB
[runlim] sample:		6195.60 time, 3090.02 real, 2202 MB
[runlim] sample:		6215.67 time, 3100.02 real, 2203 MB
[runlim] sample:		6235.74 time, 3110.02 real, 2204 MB
[runlim] sample:		6255.81 time, 3120.02 real, 2209 MB
[runlim] sample:		3152.98 time, 3130.02 real, 1242 MB
[runlim] sample:		6295.96 time, 3140.02 real, 2273 MB
[runlim] sample:		3173.15 time, 3150.02 real, 1248 MB
[runlim] sample:		6336.11 time, 3160.02 real, 2306 MB
[runlim] sample:		6356.17 time, 3170.02 real, 2310 MB
[runlim] sample:		6376.24 time, 3180.02 real, 2313 MB
[runlim] sample:		6396.32 time, 3190.02 real, 2318 MB
[runlim] sample:		6416.38 time, 3200.02 real, 2320 MB
[runlim] sample:		6436.49 time, 3210.02 real, 2327 MB
[runlim] sample:		6456.54 time, 3220.02 real, 2330 MB
[runlim] sample:		6476.62 time, 3230.02 real, 2333 MB
[runlim] sample:		6496.68 time, 3240.02 real, 2336 MB
[runlim] sample:		6516.80 time, 3250.02 real, 2337 MB
[runlim] sample:		6536.84 time, 3260.02 real, 2340 MB
[runlim] sample:		6556.89 time, 3270.02 real, 2343 MB
[runlim] sample:		3304.11 time, 3280.02 real, 1292 MB
[runlim] sample:		6597.06 time, 3290.02 real, 2350 MB
[runlim] sample:		6617.12 time, 3300.02 real, 2352 MB
[runlim] sample:		6637.19 time, 3310.02 real, 2357 MB
[runlim] sample:		3344.41 time, 3320.02 real, 1307 MB
[runlim] sample:		6677.37 time, 3330.02 real, 2366 MB
[runlim] sample:		6690.43 time, 3340.02 real, 2366 MB
[runlim] sample:		6700.50 time, 3350.02 real, 2366 MB
[runlim] sample:		6710.60 time, 3360.02 real, 2366 MB
[runlim] sample:		6720.67 time, 3370.02 real, 2366 MB
[runlim] sample:		6730.74 time, 3380.02 real, 2366 MB
[runlim] sample:		6740.83 time, 3390.02 real, 2366 MB
[runlim] sample:		6750.91 time, 3400.02 real, 2366 MB
[runlim] sample:		6760.96 time, 3410.02 real, 2366 MB
[runlim] sample:		6771.02 time, 3420.02 real, 2366 MB
[runlim] sample:		6781.08 time, 3430.02 real, 2366 MB
[runlim] sample:		6791.18 time, 3440.02 real, 2366 MB
[runlim] sample:		6801.27 time, 3450.02 real, 2366 MB
[runlim] sample:		6811.36 time, 3460.02 real, 2366 MB
[runlim] sample:		3358.57 time, 3470.02 real, 1309 MB
[runlim] sample:		6831.48 time, 3480.02 real, 2366 MB
[runlim] sample:		6841.56 time, 3490.02 real, 2366 MB
[runlim] sample:		6851.65 time, 3500.02 real, 2366 MB
[runlim] sample:		6861.71 time, 3510.02 real, 2366 MB
[runlim] sample:		6871.80 time, 3520.02 real, 2366 MB
[runlim] sample:		6881.89 time, 3530.02 real, 2381 MB
[runlim] sample:		6891.93 time, 3540.02 real, 2366 MB
[runlim] sample:		6902.00 time, 3550.02 real, 2366 MB
[runlim] sample:		24670.53 time, 3560.02 real, 2366 MB
[runlim] sample:		24670.57 time, 3570.02 real, 2366 MB
[runlim] end:			Fri Oct 18 19:52:48 2019
[runlim] status:		ok
[runlim] result:		0
[runlim] children:		4702
[runlim] real:			3575.09 seconds
[runlim] time:			29476.45 seconds
[runlim] space:			2381 MB
[runlim] samples:		35750
