[runlim] version:		1.17
[runlim] host:			c3n07
[runlim] time limit:		311040000 seconds
[runlim] real time limit:	3600 seconds
[runlim] space limit:		120000 MB
[runlim] argv[0]:		./run-avr.sh
[runlim] argv[1]:		/tmp/jVeZ0PJO.btor2
[runlim] start:			Fri Oct 18 19:06:01 2019
[runlim] child:			27709
[runlim] sample:		13.54 time, 10.02 real, 230 MB
[runlim] sample:		20.39 time, 20.02 real, 129 MB
[runlim] sample:		53.81 time, 30.02 real, 293 MB
[runlim] sample:		73.95 time, 40.02 real, 315 MB
[runlim] sample:		94.01 time, 50.02 real, 330 MB
[runlim] sample:		114.15 time, 60.02 real, 349 MB
[runlim] sample:		134.29 time, 70.02 real, 358 MB
[runlim] sample:		154.37 time, 80.02 real, 379 MB
[runlim] sample:		174.43 time, 90.02 real, 375 MB
[runlim] sample:		194.54 time, 100.02 real, 378 MB
[runlim] sample:		214.62 time, 110.02 real, 381 MB
[runlim] sample:		234.69 time, 120.02 real, 408 MB
[runlim] sample:		254.75 time, 130.02 real, 430 MB
[runlim] sample:		274.88 time, 140.02 real, 437 MB
[runlim] sample:		294.90 time, 150.02 real, 437 MB
[runlim] sample:		315.01 time, 160.02 real, 473 MB
[runlim] sample:		171.77 time, 170.02 real, 297 MB
[runlim] sample:		355.19 time, 180.02 real, 484 MB
[runlim] sample:		375.26 time, 190.02 real, 483 MB
[runlim] sample:		395.33 time, 200.02 real, 502 MB
[runlim] sample:		212.12 time, 210.02 real, 330 MB
[runlim] sample:		435.51 time, 220.02 real, 513 MB
[runlim] sample:		455.57 time, 230.02 real, 527 MB
[runlim] sample:		475.69 time, 240.02 real, 528 MB
[runlim] sample:		495.81 time, 250.02 real, 532 MB
[runlim] sample:		515.86 time, 260.02 real, 551 MB
[runlim] sample:		535.92 time, 270.02 real, 556 MB
[runlim] sample:		556.02 time, 280.02 real, 561 MB
[runlim] sample:		576.12 time, 290.02 real, 570 MB
[runlim] sample:		596.21 time, 300.02 real, 570 MB
[runlim] sample:		616.32 time, 310.02 real, 570 MB
[runlim] sample:		636.36 time, 320.02 real, 580 MB
[runlim] sample:		656.45 time, 330.02 real, 614 MB
[runlim] sample:		676.54 time, 340.02 real, 616 MB
[runlim] sample:		696.58 time, 350.02 real, 616 MB
[runlim] sample:		363.32 time, 360.02 real, 405 MB
[runlim] sample:		736.68 time, 370.02 real, 629 MB
[runlim] sample:		756.77 time, 380.02 real, 659 MB
[runlim] sample:		776.84 time, 390.02 real, 664 MB
[runlim] sample:		796.92 time, 400.02 real, 720 MB
[runlim] sample:		817.00 time, 410.02 real, 720 MB
[runlim] sample:		837.10 time, 420.02 real, 720 MB
[runlim] sample:		857.17 time, 430.02 real, 724 MB
[runlim] sample:		877.26 time, 440.02 real, 745 MB
[runlim] sample:		897.32 time, 450.02 real, 727 MB
[runlim] sample:		917.39 time, 460.02 real, 727 MB
[runlim] sample:		937.43 time, 470.02 real, 727 MB
[runlim] sample:		957.50 time, 480.02 real, 727 MB
[runlim] sample:		977.58 time, 490.02 real, 725 MB
[runlim] sample:		997.65 time, 500.02 real, 725 MB
[runlim] sample:		514.46 time, 510.02 real, 513 MB
[runlim] sample:		1037.83 time, 520.02 real, 753 MB
[runlim] sample:		1057.90 time, 530.02 real, 758 MB
[runlim] sample:		1077.93 time, 540.02 real, 784 MB
[runlim] sample:		1098.02 time, 550.02 real, 794 MB
[runlim] sample:		1118.06 time, 560.02 real, 795 MB
[runlim] sample:		1138.08 time, 570.02 real, 799 MB
[runlim] sample:		1158.13 time, 580.02 real, 804 MB
[runlim] sample:		1178.23 time, 590.02 real, 804 MB
[runlim] sample:		1198.30 time, 600.02 real, 809 MB
[runlim] sample:		1218.37 time, 610.02 real, 813 MB
[runlim] sample:		1238.46 time, 620.02 real, 813 MB
[runlim] sample:		1258.53 time, 630.02 real, 857 MB
[runlim] sample:		1278.59 time, 640.02 real, 871 MB
[runlim] sample:		1298.66 time, 650.02 real, 878 MB
[runlim] sample:		665.45 time, 660.02 real, 657 MB
[runlim] sample:		1338.82 time, 670.02 real, 863 MB
[runlim] sample:		1358.90 time, 680.02 real, 871 MB
[runlim] sample:		1378.94 time, 690.02 real, 871 MB
[runlim] sample:		1399.01 time, 700.02 real, 871 MB
[runlim] sample:		1419.10 time, 710.02 real, 877 MB
[runlim] sample:		1439.15 time, 720.02 real, 900 MB
[runlim] sample:		1459.21 time, 730.02 real, 900 MB
[runlim] sample:		1479.28 time, 740.02 real, 926 MB
[runlim] sample:		1499.34 time, 750.02 real, 924 MB
[runlim] sample:		1519.43 time, 760.02 real, 922 MB
[runlim] sample:		1539.50 time, 770.02 real, 920 MB
[runlim] sample:		1559.61 time, 780.02 real, 920 MB
[runlim] sample:		796.36 time, 790.02 real, 716 MB
[runlim] sample:		1599.76 time, 800.02 real, 924 MB
[runlim] sample:		816.58 time, 810.02 real, 716 MB
[runlim] sample:		1640.00 time, 820.02 real, 926 MB
[runlim] sample:		1660.06 time, 830.02 real, 936 MB
[runlim] sample:		1680.15 time, 840.02 real, 936 MB
[runlim] sample:		856.92 time, 850.02 real, 717 MB
[runlim] sample:		1720.32 time, 860.02 real, 949 MB
[runlim] sample:		1740.39 time, 870.02 real, 954 MB
[runlim] sample:		1760.45 time, 880.02 real, 1004 MB
[runlim] sample:		1780.53 time, 890.02 real, 1004 MB
[runlim] sample:		1800.58 time, 900.02 real, 1022 MB
[runlim] sample:		1820.66 time, 910.02 real, 1023 MB
[runlim] sample:		1840.72 time, 920.02 real, 1020 MB
[runlim] sample:		1860.80 time, 930.02 real, 1024 MB
[runlim] sample:		1880.84 time, 940.02 real, 1021 MB
[runlim] sample:		1900.93 time, 950.02 real, 1025 MB
[runlim] sample:		1920.97 time, 960.02 real, 1026 MB
[runlim] sample:		1941.05 time, 970.02 real, 1026 MB
[runlim] sample:		1961.12 time, 980.02 real, 1022 MB
[runlim] sample:		1981.16 time, 990.02 real, 1057 MB
[runlim] sample:		1007.91 time, 1000.02 real, 835 MB
[runlim] sample:		2021.26 time, 1010.02 real, 1065 MB
[runlim] sample:		2041.33 time, 1020.02 real, 1065 MB
[runlim] sample:		2061.39 time, 1030.02 real, 1097 MB
[runlim] sample:		2081.46 time, 1040.02 real, 1147 MB
[runlim] sample:		2101.53 time, 1050.02 real, 1148 MB
[runlim] sample:		2121.60 time, 1060.02 real, 1148 MB
[runlim] sample:		2141.65 time, 1070.02 real, 1148 MB
[runlim] sample:		2161.72 time, 1080.02 real, 1148 MB
[runlim] sample:		2181.77 time, 1090.02 real, 1150 MB
[runlim] sample:		2201.83 time, 1100.02 real, 1150 MB
[runlim] sample:		1118.56 time, 1110.02 real, 913 MB
[runlim] sample:		2241.94 time, 1120.02 real, 1151 MB
[runlim] sample:		2261.99 time, 1130.02 real, 1151 MB
[runlim] sample:		2282.05 time, 1140.02 real, 1148 MB
[runlim] sample:		2302.13 time, 1150.02 real, 1149 MB
[runlim] sample:		2322.18 time, 1160.02 real, 1152 MB
[runlim] sample:		2342.26 time, 1170.02 real, 1214 MB
[runlim] sample:		2362.33 time, 1180.02 real, 1211 MB
[runlim] sample:		2382.41 time, 1190.02 real, 1239 MB
[runlim] sample:		2402.46 time, 1200.02 real, 1268 MB
[runlim] sample:		2422.55 time, 1210.02 real, 1275 MB
[runlim] sample:		2442.59 time, 1220.02 real, 1275 MB
[runlim] sample:		2462.70 time, 1230.02 real, 1302 MB
[runlim] sample:		2482.76 time, 1240.02 real, 1302 MB
[runlim] sample:		2502.81 time, 1250.02 real, 1302 MB
[runlim] sample:		1269.57 time, 1260.02 real, 1047 MB
[runlim] sample:		2542.97 time, 1270.02 real, 1327 MB
[runlim] sample:		2563.04 time, 1280.02 real, 1327 MB
[runlim] sample:		2583.10 time, 1290.02 real, 1331 MB
[runlim] sample:		1309.88 time, 1300.02 real, 1115 MB
[runlim] sample:		2623.24 time, 1310.02 real, 1358 MB
[runlim] sample:		2643.31 time, 1320.02 real, 1363 MB
[runlim] sample:		2663.37 time, 1330.02 real, 1359 MB
[runlim] sample:		2683.44 time, 1340.02 real, 1364 MB
[runlim] sample:		2703.54 time, 1350.02 real, 1364 MB
[runlim] sample:		2723.59 time, 1360.02 real, 1360 MB
[runlim] sample:		2743.65 time, 1370.02 real, 1360 MB
[runlim] sample:		2763.73 time, 1380.02 real, 1365 MB
[runlim] sample:		2783.80 time, 1390.02 real, 1361 MB
[runlim] sample:		2803.85 time, 1400.02 real, 1350 MB
[runlim] sample:		2823.92 time, 1410.02 real, 1348 MB
[runlim] sample:		2844.01 time, 1420.02 real, 1348 MB
[runlim] sample:		2864.05 time, 1430.02 real, 1348 MB
[runlim] sample:		2884.10 time, 1440.02 real, 1348 MB
[runlim] sample:		2904.20 time, 1450.02 real, 1348 MB
[runlim] sample:		2924.26 time, 1460.02 real, 1356 MB
[runlim] sample:		2944.31 time, 1470.02 real, 1359 MB
[runlim] sample:		2964.38 time, 1480.02 real, 1359 MB
[runlim] sample:		2984.47 time, 1490.02 real, 1372 MB
[runlim] sample:		3004.54 time, 1500.02 real, 1402 MB
[runlim] sample:		3024.58 time, 1510.02 real, 1402 MB
[runlim] sample:		3044.68 time, 1520.02 real, 1403 MB
[runlim] sample:		3064.73 time, 1530.02 real, 1403 MB
[runlim] sample:		1551.48 time, 1540.02 real, 1136 MB
[runlim] sample:		3104.85 time, 1550.02 real, 1403 MB
[runlim] sample:		1571.63 time, 1560.02 real, 1134 MB
[runlim] sample:		3145.00 time, 1570.02 real, 1403 MB
[runlim] sample:		3165.09 time, 1580.02 real, 1403 MB
[runlim] sample:		4772.67 time, 1590.02 real, 1403 MB
[runlim] sample:		4792.72 time, 1600.02 real, 1409 MB
[runlim] sample:		4812.78 time, 1610.02 real, 1409 MB
[runlim] sample:		4832.85 time, 1620.02 real, 1414 MB
[runlim] sample:		3229.62 time, 1630.02 real, 1178 MB
[runlim] sample:		4872.98 time, 1640.02 real, 1414 MB
[runlim] sample:		4893.03 time, 1650.02 real, 1414 MB
[runlim] sample:		4913.09 time, 1660.02 real, 1441 MB
[runlim] sample:		4933.17 time, 1670.02 real, 1459 MB
[runlim] sample:		4953.21 time, 1680.02 real, 1480 MB
[runlim] sample:		4973.26 time, 1690.02 real, 1480 MB
[runlim] sample:		3300.05 time, 1700.02 real, 1236 MB
[runlim] sample:		5013.40 time, 1710.02 real, 1501 MB
[runlim] sample:		5033.50 time, 1720.02 real, 1509 MB
[runlim] sample:		5053.55 time, 1730.02 real, 1509 MB
[runlim] sample:		5073.63 time, 1740.02 real, 1509 MB
[runlim] sample:		5093.71 time, 1750.02 real, 1509 MB
[runlim] sample:		5113.75 time, 1760.02 real, 1510 MB
[runlim] sample:		5133.82 time, 1770.02 real, 1518 MB
[runlim] sample:		5153.90 time, 1780.02 real, 1541 MB
[runlim] sample:		5173.96 time, 1790.02 real, 1541 MB
[runlim] sample:		5194.01 time, 1800.02 real, 1541 MB
[runlim] sample:		5214.10 time, 1810.02 real, 1541 MB
[runlim] sample:		5234.15 time, 1820.02 real, 1541 MB
[runlim] sample:		5254.24 time, 1830.02 real, 1541 MB
[runlim] sample:		3441.02 time, 1840.02 real, 1265 MB
[runlim] sample:		5294.41 time, 1850.02 real, 1541 MB
[runlim] sample:		5311.50 time, 1860.02 real, 1541 MB
[runlim] sample:		5321.56 time, 1870.02 real, 1541 MB
[runlim] sample:		5331.62 time, 1880.02 real, 1541 MB
[runlim] sample:		5341.67 time, 1890.02 real, 1542 MB
[runlim] sample:		5351.75 time, 1900.02 real, 1542 MB
[runlim] sample:		5361.82 time, 1910.02 real, 1542 MB
[runlim] sample:		5371.86 time, 1920.02 real, 1542 MB
[runlim] sample:		5381.92 time, 1930.02 real, 1511 MB
[runlim] sample:		5391.98 time, 1940.02 real, 1513 MB
[runlim] sample:		5402.07 time, 1950.02 real, 1513 MB
[runlim] sample:		5412.15 time, 1960.02 real, 1513 MB
[runlim] sample:		5422.21 time, 1970.02 real, 1513 MB
[runlim] sample:		5432.28 time, 1980.02 real, 1541 MB
[runlim] sample:		5442.33 time, 1990.02 real, 1533 MB
[runlim] sample:		5452.40 time, 2000.02 real, 1534 MB
[runlim] sample:		5462.42 time, 2010.02 real, 1537 MB
[runlim] sample:		5472.51 time, 2020.02 real, 1539 MB
[runlim] sample:		5482.56 time, 2030.02 real, 1539 MB
[runlim] sample:		5492.62 time, 2040.02 real, 1536 MB
[runlim] sample:		5502.73 time, 2050.02 real, 1540 MB
[runlim] sample:		5512.76 time, 2060.02 real, 1540 MB
[runlim] sample:		5522.83 time, 2070.02 real, 1540 MB
[runlim] sample:		5532.89 time, 2080.02 real, 1540 MB
[runlim] sample:		5542.98 time, 2090.02 real, 1542 MB
[runlim] sample:		5553.05 time, 2100.02 real, 1547 MB
[runlim] sample:		5563.11 time, 2110.02 real, 1547 MB
[runlim] sample:		5573.18 time, 2120.02 real, 1543 MB
[runlim] sample:		5583.23 time, 2130.02 real, 1548 MB
[runlim] sample:		5593.28 time, 2140.02 real, 1548 MB
[runlim] sample:		3460.05 time, 2150.02 real, 1265 MB
[runlim] sample:		5613.43 time, 2160.02 real, 1551 MB
[runlim] sample:		5623.50 time, 2170.02 real, 1551 MB
[runlim] sample:		5633.57 time, 2180.02 real, 1517 MB
[runlim] sample:		5643.64 time, 2190.02 real, 1520 MB
[runlim] sample:		5653.69 time, 2200.02 real, 1522 MB
[runlim] sample:		5663.79 time, 2210.02 real, 1522 MB
[runlim] sample:		3460.53 time, 2220.02 real, 1263 MB
[runlim] sample:		5683.89 time, 2230.02 real, 1522 MB
[runlim] sample:		5693.95 time, 2240.02 real, 1544 MB
[runlim] sample:		5703.98 time, 2250.02 real, 1544 MB
[runlim] sample:		5714.05 time, 2260.02 real, 1544 MB
[runlim] sample:		5724.12 time, 2270.02 real, 1545 MB
[runlim] sample:		5734.17 time, 2280.02 real, 1545 MB
[runlim] sample:		3460.94 time, 2290.02 real, 1263 MB
[runlim] sample:		5754.31 time, 2300.02 real, 1554 MB
[runlim] sample:		5764.37 time, 2310.02 real, 1554 MB
[runlim] sample:		5774.44 time, 2320.02 real, 1554 MB
[runlim] sample:		5784.52 time, 2330.02 real, 1554 MB
[runlim] sample:		5794.58 time, 2340.02 real, 1554 MB
[runlim] sample:		5804.63 time, 2350.02 real, 1554 MB
[runlim] sample:		3461.40 time, 2360.02 real, 1263 MB
[runlim] sample:		5824.73 time, 2370.02 real, 1554 MB
[runlim] sample:		5834.79 time, 2380.02 real, 1554 MB
[runlim] sample:		5844.86 time, 2390.02 real, 1554 MB
[runlim] sample:		5854.91 time, 2400.02 real, 1554 MB
[runlim] sample:		5864.96 time, 2410.02 real, 1554 MB
[runlim] sample:		5875.03 time, 2420.02 real, 1554 MB
[runlim] sample:		5885.11 time, 2430.02 real, 1554 MB
[runlim] sample:		5895.17 time, 2440.02 real, 1554 MB
[runlim] sample:		5905.23 time, 2450.02 real, 1554 MB
[runlim] sample:		3462.01 time, 2460.02 real, 1265 MB
[runlim] sample:		5925.36 time, 2470.02 real, 1560 MB
[runlim] sample:		5935.43 time, 2480.02 real, 1560 MB
[runlim] sample:		5945.48 time, 2490.02 real, 1560 MB
[runlim] sample:		5955.54 time, 2500.02 real, 1560 MB
[runlim] sample:		5965.57 time, 2510.02 real, 1562 MB
[runlim] sample:		5975.62 time, 2520.02 real, 1562 MB
[runlim] sample:		5985.68 time, 2530.02 real, 1562 MB
[runlim] sample:		5995.76 time, 2540.02 real, 1562 MB
[runlim] sample:		6005.79 time, 2550.02 real, 1562 MB
[runlim] sample:		6015.88 time, 2560.02 real, 1562 MB
[runlim] sample:		6025.94 time, 2570.02 real, 1515 MB
[runlim] sample:		6035.98 time, 2580.02 real, 1516 MB
[runlim] sample:		6046.03 time, 2590.02 real, 1516 MB
[runlim] sample:		6056.08 time, 2600.02 real, 1529 MB
[runlim] sample:		6066.13 time, 2610.02 real, 1531 MB
[runlim] sample:		6076.17 time, 2620.02 real, 1535 MB
[runlim] sample:		3462.95 time, 2630.02 real, 1265 MB
[runlim] sample:		6096.31 time, 2640.02 real, 1553 MB
[runlim] sample:		6106.35 time, 2650.02 real, 1553 MB
[runlim] sample:		6116.39 time, 2660.02 real, 1553 MB
[runlim] sample:		6126.45 time, 2670.02 real, 1554 MB
[runlim] sample:		6136.49 time, 2680.02 real, 1554 MB
[runlim] sample:		6146.55 time, 2690.02 real, 1554 MB
[runlim] sample:		3463.33 time, 2700.02 real, 1263 MB
[runlim] sample:		6166.68 time, 2710.02 real, 1554 MB
[runlim] sample:		6176.73 time, 2720.02 real, 1554 MB
[runlim] sample:		6186.77 time, 2730.02 real, 1554 MB
[runlim] sample:		6196.84 time, 2740.02 real, 1555 MB
[runlim] sample:		6206.90 time, 2750.02 real, 1559 MB
[runlim] sample:		6216.95 time, 2760.02 real, 1559 MB
[runlim] sample:		6227.03 time, 2770.02 real, 1560 MB
[runlim] sample:		6237.08 time, 2780.02 real, 1558 MB
[runlim] sample:		6247.12 time, 2790.02 real, 1562 MB
[runlim] sample:		3463.88 time, 2800.02 real, 1263 MB
[runlim] sample:		6267.21 time, 2810.02 real, 1562 MB
[runlim] sample:		6277.26 time, 2820.02 real, 1558 MB
[runlim] sample:		6287.33 time, 2830.02 real, 1559 MB
[runlim] sample:		6297.39 time, 2840.02 real, 1564 MB
[runlim] sample:		3464.14 time, 2850.02 real, 1263 MB
[runlim] sample:		6317.48 time, 2860.02 real, 1564 MB
[runlim] sample:		6327.53 time, 2870.02 real, 1567 MB
[runlim] sample:		6337.59 time, 2880.02 real, 1567 MB
[runlim] sample:		6347.67 time, 2890.02 real, 1561 MB
[runlim] sample:		6357.72 time, 2900.02 real, 1566 MB
[runlim] sample:		6367.78 time, 2910.02 real, 1566 MB
[runlim] sample:		6377.82 time, 2920.02 real, 1566 MB
[runlim] sample:		6387.88 time, 2930.02 real, 1566 MB
[runlim] sample:		6397.97 time, 2940.02 real, 1566 MB
[runlim] sample:		6408.04 time, 2950.02 real, 1561 MB
[runlim] sample:		6418.12 time, 2960.02 real, 1568 MB
[runlim] sample:		3464.88 time, 2970.02 real, 1265 MB
[runlim] sample:		6438.22 time, 2980.02 real, 1568 MB
[runlim] sample:		6448.28 time, 2990.02 real, 1568 MB
[runlim] sample:		6458.35 time, 3000.02 real, 1568 MB
[runlim] sample:		6468.43 time, 3010.02 real, 1568 MB
[runlim] sample:		6478.47 time, 3020.02 real, 1566 MB
[runlim] sample:		6488.54 time, 3030.02 real, 1573 MB
[runlim] sample:		3465.31 time, 3040.02 real, 1263 MB
[runlim] sample:		6508.68 time, 3050.02 real, 1573 MB
[runlim] sample:		6518.73 time, 3060.02 real, 1573 MB
[runlim] sample:		6528.78 time, 3070.02 real, 1573 MB
[runlim] sample:		6538.85 time, 3080.02 real, 1573 MB
[runlim] sample:		3465.64 time, 3090.02 real, 1265 MB
[runlim] sample:		6558.99 time, 3100.02 real, 1565 MB
[runlim] sample:		6569.07 time, 3110.02 real, 1572 MB
[runlim] sample:		6579.13 time, 3120.02 real, 1572 MB
[runlim] sample:		6589.17 time, 3130.02 real, 1572 MB
[runlim] sample:		6599.25 time, 3140.02 real, 1572 MB
[runlim] sample:		6609.30 time, 3150.02 real, 1572 MB
[runlim] sample:		6619.34 time, 3160.02 real, 1572 MB
[runlim] sample:		6629.37 time, 3170.02 real, 1572 MB
[runlim] sample:		6639.47 time, 3180.02 real, 1571 MB
[runlim] sample:		6649.51 time, 3190.02 real, 1571 MB
[runlim] sample:		6659.58 time, 3200.02 real, 1529 MB
[runlim] sample:		3466.35 time, 3210.02 real, 1265 MB
[runlim] sample:		6679.70 time, 3220.02 real, 1529 MB
[runlim] sample:		6689.76 time, 3230.02 real, 1529 MB
[runlim] sample:		6699.79 time, 3240.02 real, 1529 MB
[runlim] sample:		6709.85 time, 3250.02 real, 1557 MB
[runlim] sample:		6719.93 time, 3260.02 real, 1562 MB
[runlim] sample:		6730.00 time, 3270.02 real, 1562 MB
[runlim] sample:		6740.05 time, 3280.02 real, 1561 MB
[runlim] sample:		6750.14 time, 3290.02 real, 1561 MB
[runlim] sample:		6760.19 time, 3300.02 real, 1581 MB
[runlim] sample:		3466.94 time, 3310.02 real, 1265 MB
[runlim] sample:		6780.31 time, 3320.02 real, 1565 MB
[runlim] sample:		6790.34 time, 3330.02 real, 1566 MB
[runlim] sample:		6800.39 time, 3340.02 real, 1562 MB
[runlim] sample:		6810.47 time, 3350.02 real, 1567 MB
[runlim] sample:		6820.52 time, 3360.02 real, 1563 MB
[runlim] sample:		6830.58 time, 3370.02 real, 1563 MB
[runlim] sample:		3467.38 time, 3380.02 real, 1263 MB
[runlim] sample:		6850.73 time, 3390.02 real, 1568 MB
[runlim] sample:		6860.79 time, 3400.02 real, 1563 MB
[runlim] sample:		6870.85 time, 3410.02 real, 1569 MB
[runlim] sample:		6880.94 time, 3420.02 real, 1564 MB
[runlim] sample:		6891.03 time, 3430.02 real, 1570 MB
[runlim] sample:		6901.08 time, 3440.02 real, 1564 MB
[runlim] sample:		6911.15 time, 3450.02 real, 1571 MB
[runlim] sample:		6921.20 time, 3460.02 real, 1571 MB
[runlim] sample:		6931.23 time, 3470.02 real, 1571 MB
[runlim] sample:		3468.00 time, 3480.02 real, 1265 MB
[runlim] sample:		6951.36 time, 3490.02 real, 1572 MB
[runlim] sample:		6961.45 time, 3500.02 real, 1572 MB
[runlim] sample:		6971.54 time, 3510.02 real, 1572 MB
[runlim] sample:		6981.61 time, 3520.02 real, 1565 MB
[runlim] sample:		6991.67 time, 3530.02 real, 1572 MB
[runlim] sample:		7001.73 time, 3540.02 real, 1565 MB
[runlim] sample:		3468.54 time, 3550.02 real, 1265 MB
[runlim] sample:		14558.51 time, 3560.02 real, 2579 MB
[runlim] sample:		14558.53 time, 3570.02 real, 2579 MB
[runlim] end:			Fri Oct 18 20:05:37 2019
[runlim] status:		ok
[runlim] result:		0
[runlim] children:		4609
[runlim] real:			3575.79 seconds
[runlim] time:			20691.72 seconds
[runlim] space:			2579 MB
[runlim] samples:		35757
