[runlim] version:		1.17
[runlim] host:			c3n03
[runlim] time limit:		311040000 seconds
[runlim] real time limit:	3600 seconds
[runlim] space limit:		120000 MB
[runlim] argv[0]:		./run-avr.sh
[runlim] argv[1]:		/tmp/xLjAlnmW.btor2
[runlim] start:			Fri Oct 18 18:53:51 2019
[runlim] child:			28686
[runlim] sample:		13.55 time, 10.02 real, 424 MB
[runlim] sample:		20.44 time, 20.02 real, 188 MB
[runlim] sample:		53.78 time, 30.02 real, 608 MB
[runlim] sample:		73.90 time, 40.02 real, 673 MB
[runlim] sample:		93.98 time, 50.02 real, 697 MB
[runlim] sample:		114.11 time, 60.02 real, 700 MB
[runlim] sample:		134.19 time, 70.02 real, 700 MB
[runlim] sample:		154.24 time, 80.02 real, 710 MB
[runlim] sample:		174.34 time, 90.02 real, 729 MB
[runlim] sample:		194.41 time, 100.02 real, 748 MB
[runlim] sample:		214.47 time, 110.02 real, 748 MB
[runlim] sample:		234.54 time, 120.02 real, 759 MB
[runlim] sample:		254.61 time, 130.02 real, 792 MB
[runlim] sample:		274.71 time, 140.02 real, 848 MB
[runlim] sample:		294.74 time, 150.02 real, 863 MB
[runlim] sample:		314.79 time, 160.02 real, 830 MB
[runlim] sample:		334.83 time, 170.02 real, 821 MB
[runlim] sample:		354.91 time, 180.02 real, 821 MB
[runlim] sample:		374.99 time, 190.02 real, 821 MB
[runlim] sample:		395.02 time, 200.02 real, 821 MB
[runlim] sample:		415.11 time, 210.02 real, 843 MB
[runlim] sample:		435.20 time, 220.02 real, 843 MB
[runlim] sample:		455.29 time, 230.02 real, 840 MB
[runlim] sample:		475.36 time, 240.02 real, 844 MB
[runlim] sample:		252.36 time, 250.02 real, 273 MB
[runlim] sample:		515.50 time, 260.02 real, 844 MB
[runlim] sample:		535.58 time, 270.02 real, 921 MB
[runlim] sample:		555.66 time, 280.02 real, 901 MB
[runlim] sample:		575.74 time, 290.02 real, 901 MB
[runlim] sample:		595.79 time, 300.02 real, 901 MB
[runlim] sample:		615.85 time, 310.02 real, 901 MB
[runlim] sample:		635.92 time, 320.02 real, 901 MB
[runlim] sample:		332.99 time, 330.02 real, 271 MB
[runlim] sample:		676.01 time, 340.02 real, 943 MB
[runlim] sample:		696.09 time, 350.02 real, 963 MB
[runlim] sample:		716.11 time, 360.02 real, 983 MB
[runlim] sample:		736.20 time, 370.02 real, 983 MB
[runlim] sample:		756.24 time, 380.02 real, 953 MB
[runlim] sample:		776.32 time, 390.02 real, 953 MB
[runlim] sample:		796.39 time, 400.02 real, 943 MB
[runlim] sample:		816.44 time, 410.02 real, 942 MB
[runlim] sample:		836.50 time, 420.02 real, 943 MB
[runlim] sample:		856.55 time, 430.02 real, 943 MB
[runlim] sample:		443.72 time, 440.02 real, 312 MB
[runlim] sample:		896.68 time, 450.02 real, 1003 MB
[runlim] sample:		463.84 time, 460.02 real, 327 MB
[runlim] sample:		936.78 time, 470.02 real, 1004 MB
[runlim] sample:		956.81 time, 480.02 real, 1024 MB
[runlim] sample:		976.85 time, 490.02 real, 982 MB
[runlim] sample:		996.95 time, 500.02 real, 982 MB
[runlim] sample:		1017.03 time, 510.02 real, 982 MB
[runlim] sample:		1037.07 time, 520.02 real, 972 MB
[runlim] sample:		1057.15 time, 530.02 real, 972 MB
[runlim] sample:		1077.21 time, 540.02 real, 972 MB
[runlim] sample:		1097.28 time, 550.02 real, 972 MB
[runlim] sample:		1117.38 time, 560.02 real, 1021 MB
[runlim] sample:		574.62 time, 570.02 real, 372 MB
[runlim] sample:		1157.52 time, 580.02 real, 1064 MB
[runlim] sample:		594.76 time, 590.02 real, 370 MB
[runlim] sample:		1197.70 time, 600.02 real, 1068 MB
[runlim] sample:		1217.75 time, 610.02 real, 1072 MB
[runlim] sample:		1237.81 time, 620.02 real, 1089 MB
[runlim] sample:		1257.89 time, 630.02 real, 1022 MB
[runlim] sample:		1277.97 time, 640.02 real, 1022 MB
[runlim] sample:		1298.02 time, 650.02 real, 1022 MB
[runlim] sample:		1318.10 time, 660.02 real, 1023 MB
[runlim] sample:		1338.19 time, 670.02 real, 1026 MB
[runlim] sample:		1358.24 time, 680.02 real, 1116 MB
[runlim] sample:		1378.32 time, 690.02 real, 1117 MB
[runlim] sample:		705.57 time, 700.02 real, 371 MB
[runlim] sample:		1418.49 time, 710.02 real, 1171 MB
[runlim] sample:		1438.54 time, 720.02 real, 1115 MB
[runlim] sample:		1458.61 time, 730.02 real, 1115 MB
[runlim] sample:		745.84 time, 740.02 real, 427 MB
[runlim] sample:		1498.75 time, 750.02 real, 1114 MB
[runlim] sample:		1518.81 time, 760.02 real, 1131 MB
[runlim] sample:		1538.90 time, 770.02 real, 1131 MB
[runlim] sample:		1559.01 time, 780.02 real, 1131 MB
[runlim] sample:		1579.07 time, 790.02 real, 1176 MB
[runlim] sample:		1599.12 time, 800.02 real, 1153 MB
[runlim] sample:		1619.20 time, 810.02 real, 1164 MB
[runlim] sample:		1639.29 time, 820.02 real, 1164 MB
[runlim] sample:		1659.35 time, 830.02 real, 1186 MB
[runlim] sample:		1679.39 time, 840.02 real, 1186 MB
[runlim] sample:		856.67 time, 850.02 real, 435 MB
[runlim] sample:		1719.59 time, 860.02 real, 1186 MB
[runlim] sample:		1739.68 time, 870.02 real, 1146 MB
[runlim] sample:		1759.75 time, 880.02 real, 1134 MB
[runlim] sample:		897.01 time, 890.02 real, 435 MB
[runlim] sample:		1799.91 time, 900.02 real, 1133 MB
[runlim] sample:		1819.98 time, 910.02 real, 1133 MB
[runlim] sample:		1840.06 time, 920.02 real, 1149 MB
[runlim] sample:		1860.13 time, 930.02 real, 1209 MB
[runlim] sample:		1880.19 time, 940.02 real, 1209 MB
[runlim] sample:		1900.26 time, 950.02 real, 1209 MB
[runlim] sample:		1920.31 time, 960.02 real, 1232 MB
[runlim] sample:		1940.40 time, 970.02 real, 1232 MB
[runlim] sample:		1960.48 time, 980.02 real, 1232 MB
[runlim] sample:		1980.56 time, 990.02 real, 1232 MB
[runlim] sample:		1007.78 time, 1000.02 real, 461 MB
[runlim] sample:		2020.66 time, 1010.02 real, 1232 MB
[runlim] sample:		2040.73 time, 1020.02 real, 1232 MB
[runlim] sample:		2060.80 time, 1030.02 real, 1232 MB
[runlim] sample:		2080.89 time, 1040.02 real, 1170 MB
[runlim] sample:		2100.95 time, 1050.02 real, 1170 MB
[runlim] sample:		2121.00 time, 1060.02 real, 1174 MB
[runlim] sample:		2141.05 time, 1070.02 real, 1174 MB
[runlim] sample:		2161.16 time, 1080.02 real, 1174 MB
[runlim] sample:		2181.19 time, 1090.02 real, 1174 MB
[runlim] sample:		2201.26 time, 1100.02 real, 1231 MB
[runlim] sample:		2221.30 time, 1110.02 real, 1245 MB
[runlim] sample:		2241.41 time, 1120.02 real, 1258 MB
[runlim] sample:		2261.47 time, 1130.02 real, 1258 MB
[runlim] sample:		2281.54 time, 1140.02 real, 1262 MB
[runlim] sample:		1158.80 time, 1150.02 real, 489 MB
[runlim] sample:		2321.71 time, 1160.02 real, 1285 MB
[runlim] sample:		2341.77 time, 1170.02 real, 1287 MB
[runlim] sample:		2361.85 time, 1180.02 real, 1287 MB
[runlim] sample:		2381.95 time, 1190.02 real, 1287 MB
[runlim] sample:		2402.02 time, 1200.02 real, 1287 MB
[runlim] sample:		2422.09 time, 1210.02 real, 1287 MB
[runlim] sample:		2442.14 time, 1220.02 real, 1287 MB
[runlim] sample:		2462.21 time, 1230.02 real, 1287 MB
[runlim] sample:		2482.28 time, 1240.02 real, 1287 MB
[runlim] sample:		2502.36 time, 1250.02 real, 1287 MB
[runlim] sample:		1269.60 time, 1260.02 real, 489 MB
[runlim] sample:		2542.55 time, 1270.02 real, 1215 MB
[runlim] sample:		2562.61 time, 1280.02 real, 1215 MB
[runlim] sample:		2582.66 time, 1290.02 real, 1215 MB
[runlim] sample:		1309.91 time, 1300.02 real, 489 MB
[runlim] sample:		2622.80 time, 1310.02 real, 1250 MB
[runlim] sample:		2642.87 time, 1320.02 real, 1357 MB
[runlim] sample:		2662.93 time, 1330.02 real, 1375 MB
[runlim] sample:		2682.99 time, 1340.02 real, 1388 MB
[runlim] sample:		2703.07 time, 1350.02 real, 1422 MB
[runlim] sample:		2723.17 time, 1360.02 real, 1422 MB
[runlim] sample:		2743.22 time, 1370.02 real, 1439 MB
[runlim] sample:		2763.31 time, 1380.02 real, 1437 MB
[runlim] sample:		2783.40 time, 1390.02 real, 1441 MB
[runlim] sample:		2803.45 time, 1400.02 real, 1441 MB
[runlim] sample:		2823.53 time, 1410.02 real, 1441 MB
[runlim] sample:		2843.59 time, 1420.02 real, 1442 MB
[runlim] sample:		1440.81 time, 1430.02 real, 610 MB
[runlim] sample:		2883.68 time, 1440.02 real, 1368 MB
[runlim] sample:		2903.76 time, 1450.02 real, 1368 MB
[runlim] sample:		2923.84 time, 1460.02 real, 1368 MB
[runlim] sample:		2943.92 time, 1470.02 real, 1368 MB
[runlim] sample:		2963.97 time, 1480.02 real, 1400 MB
[runlim] sample:		2984.06 time, 1490.02 real, 1447 MB
[runlim] sample:		3004.11 time, 1500.02 real, 1447 MB
[runlim] sample:		3024.17 time, 1510.02 real, 1489 MB
[runlim] sample:		3044.24 time, 1520.02 real, 1489 MB
[runlim] sample:		3064.34 time, 1530.02 real, 1516 MB
[runlim] sample:		3084.40 time, 1540.02 real, 1516 MB
[runlim] sample:		3104.46 time, 1550.02 real, 1516 MB
[runlim] sample:		1571.70 time, 1560.02 real, 689 MB
[runlim] sample:		3144.58 time, 1570.02 real, 1516 MB
[runlim] sample:		3164.64 time, 1580.02 real, 1516 MB
[runlim] sample:		3184.72 time, 1590.02 real, 1516 MB
[runlim] sample:		3204.78 time, 1600.02 real, 1516 MB
[runlim] sample:		3224.85 time, 1610.02 real, 1516 MB
[runlim] sample:		3244.92 time, 1620.02 real, 1516 MB
[runlim] sample:		3264.98 time, 1630.02 real, 1516 MB
[runlim] sample:		3285.06 time, 1640.02 real, 1516 MB
[runlim] sample:		3305.11 time, 1650.02 real, 1516 MB
[runlim] sample:		3325.17 time, 1660.02 real, 1516 MB
[runlim] sample:		3345.22 time, 1670.02 real, 1516 MB
[runlim] sample:		3365.31 time, 1680.02 real, 1516 MB
[runlim] sample:		3385.40 time, 1690.02 real, 1453 MB
[runlim] sample:		3405.46 time, 1700.02 real, 1453 MB
[runlim] sample:		1722.68 time, 1710.02 real, 689 MB
[runlim] sample:		3445.59 time, 1720.02 real, 1453 MB
[runlim] sample:		3465.66 time, 1730.02 real, 1461 MB
[runlim] sample:		3485.72 time, 1740.02 real, 1459 MB
[runlim] sample:		1762.99 time, 1750.02 real, 695 MB
[runlim] sample:		3525.85 time, 1760.02 real, 1516 MB
[runlim] sample:		3545.90 time, 1770.02 real, 1543 MB
[runlim] sample:		3565.97 time, 1780.02 real, 1543 MB
[runlim] sample:		3586.07 time, 1790.02 real, 1544 MB
[runlim] sample:		3606.12 time, 1800.02 real, 1544 MB
[runlim] sample:		3626.18 time, 1810.02 real, 1544 MB
[runlim] sample:		3646.24 time, 1820.02 real, 1556 MB
[runlim] sample:		3666.33 time, 1830.02 real, 1556 MB
[runlim] sample:		3686.38 time, 1840.02 real, 1573 MB
[runlim] sample:		3706.46 time, 1850.02 real, 1590 MB
[runlim] sample:		1873.70 time, 1860.02 real, 750 MB
[runlim] sample:		3746.58 time, 1870.02 real, 1596 MB
[runlim] sample:		3766.66 time, 1880.02 real, 1596 MB
[runlim] sample:		3786.73 time, 1890.02 real, 1596 MB
[runlim] sample:		3806.79 time, 1900.02 real, 1596 MB
[runlim] sample:		3826.84 time, 1910.02 real, 1596 MB
[runlim] sample:		3846.88 time, 1920.02 real, 1596 MB
[runlim] sample:		3866.98 time, 1930.02 real, 1596 MB
[runlim] sample:		3887.07 time, 1940.02 real, 1596 MB
[runlim] sample:		3907.13 time, 1950.02 real, 1596 MB
[runlim] sample:		3927.19 time, 1960.02 real, 1596 MB
[runlim] sample:		1984.44 time, 1970.02 real, 750 MB
[runlim] sample:		3967.33 time, 1980.02 real, 1532 MB
[runlim] sample:		3987.40 time, 1990.02 real, 1533 MB
[runlim] sample:		4007.48 time, 2000.02 real, 1533 MB
[runlim] sample:		4027.59 time, 2010.02 real, 1533 MB
[runlim] sample:		4047.65 time, 2020.02 real, 1533 MB
[runlim] sample:		4067.72 time, 2030.02 real, 1592 MB
[runlim] sample:		4087.76 time, 2040.02 real, 1592 MB
[runlim] sample:		4107.85 time, 2050.02 real, 1592 MB
[runlim] sample:		4127.92 time, 2060.02 real, 1592 MB
[runlim] sample:		4147.99 time, 2070.02 real, 1592 MB
[runlim] sample:		4168.02 time, 2080.02 real, 1592 MB
[runlim] sample:		4188.10 time, 2090.02 real, 1618 MB
[runlim] sample:		4208.17 time, 2100.02 real, 1620 MB
[runlim] sample:		4228.24 time, 2110.02 real, 1620 MB
[runlim] sample:		2135.47 time, 2120.02 real, 750 MB
[runlim] sample:		4268.37 time, 2130.02 real, 1620 MB
[runlim] sample:		4288.42 time, 2140.02 real, 1620 MB
[runlim] sample:		4308.48 time, 2150.02 real, 1620 MB
[runlim] sample:		4328.55 time, 2160.02 real, 1620 MB
[runlim] sample:		4348.59 time, 2170.02 real, 1620 MB
[runlim] sample:		4368.66 time, 2180.02 real, 1620 MB
[runlim] sample:		4388.69 time, 2190.02 real, 1620 MB
[runlim] sample:		4408.76 time, 2200.02 real, 1620 MB
[runlim] sample:		4428.84 time, 2210.02 real, 1620 MB
[runlim] sample:		4448.88 time, 2220.02 real, 1620 MB
[runlim] sample:		4468.96 time, 2230.02 real, 1620 MB
[runlim] sample:		4489.05 time, 2240.02 real, 1620 MB
[runlim] sample:		4509.15 time, 2250.02 real, 1620 MB
[runlim] sample:		4529.20 time, 2260.02 real, 1620 MB
[runlim] sample:		2286.43 time, 2270.02 real, 748 MB
[runlim] sample:		4569.34 time, 2280.02 real, 1620 MB
[runlim] sample:		2306.54 time, 2290.02 real, 748 MB
[runlim] sample:		4609.44 time, 2300.02 real, 1614 MB
[runlim] sample:		4629.53 time, 2310.02 real, 1614 MB
[runlim] sample:		4649.59 time, 2320.02 real, 1614 MB
[runlim] sample:		4669.64 time, 2330.02 real, 1614 MB
[runlim] sample:		4689.70 time, 2340.02 real, 1614 MB
[runlim] sample:		4709.79 time, 2350.02 real, 1617 MB
[runlim] sample:		4729.84 time, 2360.02 real, 1678 MB
[runlim] sample:		4749.93 time, 2370.02 real, 1831 MB
[runlim] sample:		4770.01 time, 2380.02 real, 1831 MB
[runlim] sample:		4790.09 time, 2390.02 real, 1859 MB
[runlim] sample:		2417.33 time, 2400.02 real, 892 MB
[runlim] sample:		4830.23 time, 2410.02 real, 1892 MB
[runlim] sample:		2437.47 time, 2420.02 real, 929 MB
[runlim] sample:		4870.37 time, 2430.02 real, 1959 MB
[runlim] sample:		4890.43 time, 2440.02 real, 1959 MB
[runlim] sample:		4910.49 time, 2450.02 real, 1960 MB
[runlim] sample:		4930.59 time, 2460.02 real, 1961 MB
[runlim] sample:		4950.65 time, 2470.02 real, 1963 MB
[runlim] sample:		4970.70 time, 2480.02 real, 1963 MB
[runlim] sample:		4990.78 time, 2490.02 real, 1963 MB
[runlim] sample:		5010.85 time, 2500.02 real, 1963 MB
[runlim] sample:		5030.91 time, 2510.02 real, 1963 MB
[runlim] sample:		5050.97 time, 2520.02 real, 1963 MB
[runlim] sample:		5071.06 time, 2530.02 real, 1963 MB
[runlim] sample:		5091.15 time, 2540.02 real, 1963 MB
[runlim] sample:		5111.20 time, 2550.02 real, 1963 MB
[runlim] sample:		5131.28 time, 2560.02 real, 1963 MB
[runlim] sample:		5151.36 time, 2570.02 real, 1963 MB
[runlim] sample:		5171.42 time, 2580.02 real, 1963 MB
[runlim] sample:		5191.49 time, 2590.02 real, 1963 MB
[runlim] sample:		5211.54 time, 2600.02 real, 1963 MB
[runlim] sample:		5231.63 time, 2610.02 real, 1963 MB
[runlim] sample:		5251.69 time, 2620.02 real, 1963 MB
[runlim] sample:		5271.76 time, 2630.02 real, 1845 MB
[runlim] sample:		5291.79 time, 2640.02 real, 1845 MB
[runlim] sample:		5311.87 time, 2650.02 real, 1846 MB
[runlim] sample:		5331.94 time, 2660.02 real, 1846 MB
[runlim] sample:		5351.99 time, 2670.02 real, 1846 MB
[runlim] sample:		2699.24 time, 2680.02 real, 965 MB
[runlim] sample:		5392.17 time, 2690.02 real, 1846 MB
[runlim] sample:		5412.24 time, 2700.02 real, 1954 MB
[runlim] sample:		5432.31 time, 2710.02 real, 1960 MB
[runlim] sample:		5452.37 time, 2720.02 real, 1960 MB
[runlim] sample:		5472.41 time, 2730.02 real, 1980 MB
[runlim] sample:		5492.47 time, 2740.02 real, 1982 MB
[runlim] sample:		5512.58 time, 2750.02 real, 1982 MB
[runlim] sample:		5532.63 time, 2760.02 real, 1983 MB
[runlim] sample:		5552.72 time, 2770.02 real, 2035 MB
[runlim] sample:		5572.78 time, 2780.02 real, 2066 MB
[runlim] sample:		5592.88 time, 2790.02 real, 1970 MB
[runlim] sample:		5612.98 time, 2800.02 real, 1971 MB
[runlim] sample:		5633.06 time, 2810.02 real, 1971 MB
[runlim] sample:		5653.15 time, 2820.02 real, 1971 MB
[runlim] sample:		2850.40 time, 2830.02 real, 951 MB
[runlim] sample:		5693.28 time, 2840.02 real, 1987 MB
[runlim] sample:		5713.34 time, 2850.02 real, 2026 MB
[runlim] sample:		5733.41 time, 2860.02 real, 2043 MB
[runlim] sample:		5753.50 time, 2870.02 real, 2026 MB
[runlim] sample:		5773.57 time, 2880.02 real, 2026 MB
[runlim] sample:		5793.64 time, 2890.02 real, 2026 MB
[runlim] sample:		5813.71 time, 2900.02 real, 2026 MB
[runlim] sample:		5833.82 time, 2910.02 real, 2026 MB
[runlim] sample:		5853.92 time, 2920.02 real, 2026 MB
[runlim] sample:		5874.01 time, 2930.02 real, 2026 MB
[runlim] sample:		2961.25 time, 2940.02 real, 1008 MB
[runlim] sample:		5914.16 time, 2950.02 real, 2026 MB
[runlim] sample:		5934.22 time, 2960.02 real, 2042 MB
[runlim] sample:		5954.26 time, 2970.02 real, 2026 MB
[runlim] sample:		5974.35 time, 2980.02 real, 2026 MB
[runlim] sample:		5994.42 time, 2990.02 real, 2026 MB
[runlim] sample:		6014.49 time, 3000.02 real, 2026 MB
[runlim] sample:		6034.57 time, 3010.02 real, 2026 MB
[runlim] sample:		6054.66 time, 3020.02 real, 2026 MB
[runlim] sample:		6074.71 time, 3030.02 real, 2026 MB
[runlim] sample:		6094.79 time, 3040.02 real, 2026 MB
[runlim] sample:		6114.82 time, 3050.02 real, 2026 MB
[runlim] sample:		6134.92 time, 3060.02 real, 2026 MB
[runlim] sample:		6154.97 time, 3070.02 real, 2026 MB
[runlim] sample:		6175.02 time, 3080.02 real, 2026 MB
[runlim] sample:		6195.11 time, 3090.02 real, 2026 MB
[runlim] sample:		6215.18 time, 3100.02 real, 2026 MB
[runlim] sample:		6235.26 time, 3110.02 real, 2026 MB
[runlim] sample:		6255.31 time, 3120.02 real, 1909 MB
[runlim] sample:		6275.39 time, 3130.02 real, 1909 MB
[runlim] sample:		6295.45 time, 3140.02 real, 1910 MB
[runlim] sample:		6315.51 time, 3150.02 real, 1912 MB
[runlim] sample:		6335.59 time, 3160.02 real, 1911 MB
[runlim] sample:		6355.67 time, 3170.02 real, 1911 MB
[runlim] sample:		6375.72 time, 3180.02 real, 1911 MB
[runlim] sample:		6395.79 time, 3190.02 real, 1911 MB
[runlim] sample:		6415.86 time, 3200.02 real, 2019 MB
[runlim] sample:		6435.93 time, 3210.02 real, 2019 MB
[runlim] sample:		6456.00 time, 3220.02 real, 2026 MB
[runlim] sample:		6476.05 time, 3230.02 real, 2026 MB
[runlim] sample:		3263.31 time, 3240.02 real, 1008 MB
[runlim] sample:		6516.22 time, 3250.02 real, 2026 MB
[runlim] sample:		6536.31 time, 3260.02 real, 2057 MB
[runlim] sample:		6556.35 time, 3270.02 real, 2057 MB
[runlim] sample:		6576.47 time, 3280.02 real, 2057 MB
[runlim] sample:		6596.52 time, 3290.02 real, 2057 MB
[runlim] sample:		6616.58 time, 3300.02 real, 2057 MB
[runlim] sample:		6636.64 time, 3310.02 real, 2074 MB
[runlim] sample:		6656.76 time, 3320.02 real, 2057 MB
[runlim] sample:		6676.84 time, 3330.02 real, 2057 MB
[runlim] sample:		6696.90 time, 3340.02 real, 2057 MB
[runlim] sample:		6716.96 time, 3350.02 real, 2057 MB
[runlim] sample:		6737.04 time, 3360.02 real, 2057 MB
[runlim] sample:		3394.28 time, 3370.02 real, 1008 MB
[runlim] sample:		6777.16 time, 3380.02 real, 2057 MB
[runlim] sample:		6797.25 time, 3390.02 real, 2057 MB
[runlim] sample:		6817.31 time, 3400.02 real, 2057 MB
[runlim] sample:		6837.40 time, 3410.02 real, 2057 MB
[runlim] sample:		6857.47 time, 3420.02 real, 2057 MB
[runlim] sample:		6877.53 time, 3430.02 real, 2057 MB
[runlim] sample:		6897.60 time, 3440.02 real, 2057 MB
[runlim] sample:		6917.67 time, 3450.02 real, 2057 MB
[runlim] sample:		6937.72 time, 3460.02 real, 2057 MB
[runlim] sample:		6957.82 time, 3470.02 real, 2057 MB
[runlim] sample:		6977.89 time, 3480.02 real, 2057 MB
[runlim] sample:		6997.97 time, 3490.02 real, 2057 MB
[runlim] sample:		7018.06 time, 3500.02 real, 2057 MB
[runlim] sample:		7038.13 time, 3510.02 real, 2057 MB
[runlim] sample:		7058.22 time, 3520.02 real, 2057 MB
[runlim] sample:		7078.30 time, 3530.02 real, 2057 MB
[runlim] sample:		7098.40 time, 3540.02 real, 2057 MB
[runlim] sample:		7118.47 time, 3550.02 real, 2057 MB
[runlim] sample:		18941.53 time, 3560.02 real, 1222 MB
[runlim] sample:		18941.57 time, 3570.02 real, 1222 MB
[runlim] end:			Fri Oct 18 19:53:26 2019
[runlim] status:		ok
[runlim] result:		0
[runlim] children:		4688
[runlim] real:			3574.36 seconds
[runlim] time:			25972.33 seconds
[runlim] space:			2102 MB
[runlim] samples:		35743
