c host: c3n08
c start: Fri Oct 18 19:42:55 CEST 2019
c arrayjobid: 17567256
c jobid: 17567408
c benchmark: /home/mathias/hwmcc19/benchmarks-single/btor2/wolf/2018D/picorv32-check-p09.btor
c solver: ./run-avr.sh
c solver options: 
c tmpdir: /tmp/slurm.17567408.0
	(output dir: /tmp//pr_test/work_w0)
	(frontend: btor2)
	(property: all (1 assertions))
	(18 / 1878 flops initialized)
	(abstraction: sa)
   0	: 0	: 0 s: 0    0s                  
   0	: 1	: 0 0 s: 0    0s                     0	: 1	: 0 1 s: 1    0s                     0	: 1	: 0 1 s: 1    0s                  
   0	: 2	: 0 1 0 s: 1    0s                     0	: 2	: 0 1 1 s: 2    0s                     0	: 2	: 0 1 1 s: 2    0s                  
   0	: 3	: 0 1 1 0 s: 2    0s                     0	: 3	: 0 1 1 1 s: 3    0s                     0	: 3	: 0 1 1 1 s: 3    0s                  
   0	: 3	: 0 1 0 2 s: 3    0s                  

      Result        Time        Mem.       #Refs           
                     sec          MB                       
           h        0.07          23           0AVR -- Proof Race 
copyright (c) 2019  Aman Goel and Karem Sakallah, University of Michigan
@     0s  (starting avr proof race)
@     0s  (output dir: /tmp//pr_test)
@     0s  (max 11 workers)
@     0s  (started worker 0 with pid 32545)
@     0s  (started worker 1 with pid 32546)
@     0s  (started worker 2 with pid 32547)
@     0s  (started worker 3 with pid 32548)
@     0s  (started worker 4 with pid 32549)
@     0s  (spawned 5 workers)
@     0s  (total 5 workers using 0 MB)
@     0s  (worker 0 finished with result safe) python3 avr.py -a sa
@     0s  (worker 0 output)
@     0s  (stopping all workers)
@     0s  (copied results from worker 0 in /tmp//pr_test)
@     0s  [0;30;47m(proof race finished with answer safe in 0.31 seconds)[m
unsat
b0
c done
