[runlim] version:		1.17
[runlim] host:			c3n08
[runlim] time limit:		311040000 seconds
[runlim] real time limit:	3600 seconds
[runlim] space limit:		120000 MB
[runlim] argv[0]:		./run-avr.sh
[runlim] argv[1]:		/tmp/SUZSj549.btor
[runlim] start:			Fri Oct 18 20:42:42 2019
[runlim] child:			28379
[runlim] sample:		13.54 time, 10.02 real, 257 MB
[runlim] sample:		20.31 time, 20.02 real, 113 MB
[runlim] sample:		53.81 time, 30.02 real, 493 MB
[runlim] sample:		73.93 time, 40.02 real, 546 MB
[runlim] sample:		50.69 time, 50.02 real, 145 MB
[runlim] sample:		114.15 time, 60.02 real, 737 MB
[runlim] sample:		134.26 time, 70.02 real, 786 MB
[runlim] sample:		154.35 time, 80.02 real, 819 MB
[runlim] sample:		174.45 time, 90.02 real, 906 MB
[runlim] sample:		194.56 time, 100.02 real, 919 MB
[runlim] sample:		214.65 time, 110.02 real, 926 MB
[runlim] sample:		234.72 time, 120.02 real, 954 MB
[runlim] sample:		131.45 time, 130.02 real, 297 MB
[runlim] sample:		274.90 time, 140.02 real, 1040 MB
[runlim] sample:		151.60 time, 150.02 real, 324 MB
[runlim] sample:		464.02 time, 160.02 real, 1071 MB
[runlim] sample:		484.09 time, 170.02 real, 1115 MB
[runlim] sample:		504.14 time, 180.02 real, 1196 MB
[runlim] sample:		524.17 time, 190.02 real, 1207 MB
[runlim] sample:		544.27 time, 200.02 real, 1218 MB
[runlim] sample:		564.32 time, 210.02 real, 1235 MB
[runlim] sample:		584.39 time, 220.02 real, 1264 MB
[runlim] sample:		604.45 time, 230.02 real, 1335 MB
[runlim] sample:		624.53 time, 240.02 real, 1347 MB
[runlim] sample:		644.59 time, 250.02 real, 1367 MB
[runlim] sample:		664.65 time, 260.02 real, 1367 MB
[runlim] sample:		421.37 time, 270.02 real, 475 MB
[runlim] sample:		704.78 time, 280.02 real, 1415 MB
[runlim] sample:		724.82 time, 290.02 real, 1456 MB
[runlim] sample:		744.90 time, 300.02 real, 1488 MB
[runlim] sample:		764.96 time, 310.02 real, 1525 MB
[runlim] sample:		785.05 time, 320.02 real, 1571 MB
[runlim] sample:		805.09 time, 330.02 real, 1584 MB
[runlim] sample:		491.82 time, 340.02 real, 577 MB
[runlim] sample:		845.20 time, 350.02 real, 1604 MB
[runlim] sample:		865.25 time, 360.02 real, 1632 MB
[runlim] sample:		885.35 time, 370.02 real, 1665 MB
[runlim] sample:		905.41 time, 380.02 real, 1670 MB
[runlim] sample:		1312.95 time, 390.02 real, 1690 MB
[runlim] sample:		1332.99 time, 400.02 real, 1705 MB
[runlim] sample:		1353.05 time, 410.02 real, 1742 MB
[runlim] sample:		1373.11 time, 420.02 real, 1787 MB
[runlim] sample:		1393.16 time, 430.02 real, 1798 MB
[runlim] sample:		979.89 time, 440.02 real, 681 MB
[runlim] sample:		1433.30 time, 450.02 real, 1823 MB
[runlim] sample:		1453.36 time, 460.02 real, 1823 MB
[runlim] sample:		1473.41 time, 470.02 real, 1845 MB
[runlim] sample:		1493.46 time, 480.02 real, 1864 MB
[runlim] sample:		1513.56 time, 490.02 real, 1878 MB
[runlim] sample:		1533.61 time, 500.02 real, 1878 MB
[runlim] sample:		1553.68 time, 510.02 real, 1879 MB
[runlim] sample:		1573.72 time, 520.02 real, 1887 MB
[runlim] sample:		1593.75 time, 530.02 real, 1941 MB
[runlim] sample:		1613.82 time, 540.02 real, 1941 MB
[runlim] sample:		1633.88 time, 550.02 real, 1994 MB
[runlim] sample:		1653.92 time, 560.02 real, 1975 MB
[runlim] sample:		1110.63 time, 570.02 real, 788 MB
[runlim] sample:		1694.05 time, 580.02 real, 1978 MB
[runlim] sample:		1714.10 time, 590.02 real, 1978 MB
[runlim] sample:		1734.15 time, 600.02 real, 1978 MB
[runlim] sample:		1754.21 time, 610.02 real, 1989 MB
[runlim] sample:		1774.27 time, 620.02 real, 1999 MB
[runlim] sample:		1794.30 time, 630.02 real, 2016 MB
[runlim] sample:		1814.38 time, 640.02 real, 2033 MB
[runlim] sample:		1191.07 time, 650.02 real, 856 MB
[runlim] sample:		1854.48 time, 660.02 real, 2095 MB
[runlim] sample:		1874.55 time, 670.02 real, 2105 MB
[runlim] sample:		1894.58 time, 680.02 real, 2184 MB
[runlim] sample:		1914.64 time, 690.02 real, 2148 MB
[runlim] sample:		1934.69 time, 700.02 real, 2182 MB
[runlim] sample:		1954.74 time, 710.02 real, 2194 MB
[runlim] sample:		1974.77 time, 720.02 real, 2204 MB
[runlim] sample:		1271.50 time, 730.02 real, 935 MB
[runlim] sample:		2014.93 time, 740.02 real, 2252 MB
[runlim] sample:		2034.98 time, 750.02 real, 2266 MB
[runlim] sample:		2055.04 time, 760.02 real, 2290 MB
[runlim] sample:		2075.08 time, 770.02 real, 2327 MB
[runlim] sample:		2095.15 time, 780.02 real, 2351 MB
[runlim] sample:		2115.17 time, 790.02 real, 2360 MB
[runlim] sample:		2135.24 time, 800.02 real, 2361 MB
[runlim] sample:		2155.27 time, 810.02 real, 2380 MB
[runlim] sample:		2175.34 time, 820.02 real, 2389 MB
[runlim] sample:		2195.41 time, 830.02 real, 2384 MB
[runlim] sample:		2207.70 time, 840.02 real, 2439 MB
[runlim] sample:		2217.73 time, 850.02 real, 2417 MB
[runlim] sample:		1374.46 time, 860.02 real, 1000 MB
[runlim] sample:		2237.88 time, 870.02 real, 2420 MB
[runlim] sample:		2247.93 time, 880.02 real, 2420 MB
[runlim] sample:		2258.00 time, 890.02 real, 2420 MB
[runlim] sample:		2268.04 time, 900.02 real, 2420 MB
[runlim] sample:		2278.10 time, 910.02 real, 2420 MB
[runlim] sample:		2288.12 time, 920.02 real, 2420 MB
[runlim] sample:		2298.18 time, 930.02 real, 2420 MB
[runlim] sample:		2308.25 time, 940.02 real, 2421 MB
[runlim] sample:		2318.33 time, 950.02 real, 2421 MB
[runlim] sample:		2328.43 time, 960.02 real, 2421 MB
[runlim] sample:		2338.51 time, 970.02 real, 2423 MB
[runlim] sample:		2348.56 time, 980.02 real, 2423 MB
[runlim] sample:		2358.64 time, 990.02 real, 2423 MB
[runlim] sample:		2368.70 time, 1000.02 real, 2431 MB
[runlim] sample:		2378.78 time, 1010.02 real, 2431 MB
[runlim] sample:		2388.85 time, 1020.02 real, 2432 MB
[runlim] sample:		2398.93 time, 1030.02 real, 2404 MB
[runlim] sample:		2408.96 time, 1040.02 real, 2381 MB
[runlim] sample:		2418.99 time, 1050.02 real, 2410 MB
[runlim] sample:		2429.11 time, 1060.02 real, 2411 MB
[runlim] sample:		2439.15 time, 1070.02 real, 2411 MB
[runlim] sample:		2449.22 time, 1080.02 real, 2412 MB
[runlim] sample:		2459.31 time, 1090.02 real, 2412 MB
[runlim] sample:		2469.35 time, 1100.02 real, 2412 MB
[runlim] sample:		2479.42 time, 1110.02 real, 2412 MB
[runlim] sample:		2489.50 time, 1120.02 real, 2429 MB
[runlim] sample:		2499.55 time, 1130.02 real, 2430 MB
[runlim] sample:		2509.61 time, 1140.02 real, 2430 MB
[runlim] sample:		1376.32 time, 1150.02 real, 1000 MB
[runlim] sample:		2529.73 time, 1160.02 real, 2438 MB
[runlim] sample:		2539.79 time, 1170.02 real, 2438 MB
[runlim] sample:		2549.84 time, 1180.02 real, 2455 MB
[runlim] sample:		2559.91 time, 1190.02 real, 2464 MB
[runlim] sample:		2569.96 time, 1200.02 real, 2464 MB
[runlim] sample:		2580.05 time, 1210.02 real, 2464 MB
[runlim] sample:		2590.13 time, 1220.02 real, 2464 MB
[runlim] sample:		2600.17 time, 1230.02 real, 2464 MB
[runlim] sample:		2610.20 time, 1240.02 real, 2452 MB
[runlim] sample:		2620.28 time, 1250.02 real, 2443 MB
[runlim] sample:		2630.33 time, 1260.02 real, 2443 MB
[runlim] sample:		2640.38 time, 1270.02 real, 2501 MB
[runlim] sample:		2650.42 time, 1280.02 real, 2476 MB
[runlim] sample:		2660.50 time, 1290.02 real, 2476 MB
[runlim] sample:		2670.57 time, 1300.02 real, 2478 MB
[runlim] sample:		2680.59 time, 1310.02 real, 2478 MB
[runlim] sample:		2690.69 time, 1320.02 real, 2484 MB
[runlim] sample:		2700.77 time, 1330.02 real, 2484 MB
[runlim] sample:		2710.82 time, 1340.02 real, 2484 MB
[runlim] sample:		2720.90 time, 1350.02 real, 2484 MB
[runlim] sample:		2730.96 time, 1360.02 real, 2484 MB
[runlim] sample:		2741.03 time, 1370.02 real, 2484 MB
[runlim] sample:		2751.09 time, 1380.02 real, 2484 MB
[runlim] sample:		2761.12 time, 1390.02 real, 2484 MB
[runlim] sample:		2771.18 time, 1400.02 real, 2496 MB
[runlim] sample:		1377.89 time, 1410.02 real, 1000 MB
[runlim] sample:		2791.31 time, 1420.02 real, 2496 MB
[runlim] sample:		2801.39 time, 1430.02 real, 2496 MB
[runlim] sample:		2811.41 time, 1440.02 real, 2496 MB
[runlim] sample:		2821.51 time, 1450.02 real, 2496 MB
[runlim] sample:		2831.57 time, 1460.02 real, 2496 MB
[runlim] sample:		2841.65 time, 1470.02 real, 2496 MB
[runlim] sample:		2851.72 time, 1480.02 real, 2496 MB
[runlim] sample:		2861.76 time, 1490.02 real, 2419 MB
[runlim] sample:		2871.81 time, 1500.02 real, 2435 MB
[runlim] sample:		2881.91 time, 1510.02 real, 2434 MB
[runlim] sample:		2891.95 time, 1520.02 real, 2481 MB
[runlim] sample:		2902.02 time, 1530.02 real, 2446 MB
[runlim] sample:		1378.73 time, 1540.02 real, 999 MB
[runlim] sample:		2922.15 time, 1550.02 real, 2446 MB
[runlim] sample:		2932.19 time, 1560.02 real, 2462 MB
[runlim] sample:		2942.23 time, 1570.02 real, 2462 MB
[runlim] sample:		2952.33 time, 1580.02 real, 2462 MB
[runlim] sample:		2962.36 time, 1590.02 real, 2462 MB
[runlim] sample:		2972.41 time, 1600.02 real, 2486 MB
[runlim] sample:		2982.50 time, 1610.02 real, 2495 MB
[runlim] sample:		2992.55 time, 1620.02 real, 2495 MB
[runlim] sample:		3002.62 time, 1630.02 real, 2495 MB
[runlim] sample:		3012.68 time, 1640.02 real, 2495 MB
[runlim] sample:		3022.75 time, 1650.02 real, 2508 MB
[runlim] sample:		3032.79 time, 1660.02 real, 2508 MB
[runlim] sample:		1379.53 time, 1670.02 real, 1000 MB
[runlim] sample:		3052.92 time, 1680.02 real, 2517 MB
[runlim] sample:		3062.97 time, 1690.02 real, 2524 MB
[runlim] sample:		1379.67 time, 1700.02 real, 1000 MB
[runlim] sample:		3083.09 time, 1710.02 real, 2524 MB
[runlim] sample:		3093.15 time, 1720.02 real, 2525 MB
[runlim] sample:		3103.20 time, 1730.02 real, 2525 MB
[runlim] sample:		3113.29 time, 1740.02 real, 2525 MB
[runlim] sample:		3123.34 time, 1750.02 real, 2411 MB
[runlim] sample:		3133.38 time, 1760.02 real, 2509 MB
[runlim] sample:		3143.45 time, 1770.02 real, 2509 MB
[runlim] sample:		3153.52 time, 1780.02 real, 2476 MB
[runlim] sample:		3163.56 time, 1790.02 real, 2476 MB
[runlim] sample:		1380.30 time, 1800.02 real, 998 MB
[runlim] sample:		3183.72 time, 1810.02 real, 2507 MB
[runlim] sample:		3193.78 time, 1820.02 real, 2507 MB
[runlim] sample:		1380.50 time, 1830.02 real, 1000 MB
[runlim] sample:		3213.92 time, 1840.02 real, 2539 MB
[runlim] sample:		3223.98 time, 1850.02 real, 2540 MB
[runlim] sample:		3234.06 time, 1860.02 real, 2540 MB
[runlim] sample:		3244.13 time, 1870.02 real, 2540 MB
[runlim] sample:		3254.17 time, 1880.02 real, 2564 MB
[runlim] sample:		3264.24 time, 1890.02 real, 2564 MB
[runlim] sample:		3274.33 time, 1900.02 real, 2564 MB
[runlim] sample:		3284.39 time, 1910.02 real, 2564 MB
[runlim] sample:		3294.43 time, 1920.02 real, 2576 MB
[runlim] sample:		3304.51 time, 1930.02 real, 2576 MB
[runlim] sample:		3314.58 time, 1940.02 real, 2577 MB
[runlim] sample:		3324.63 time, 1950.02 real, 2577 MB
[runlim] sample:		1381.34 time, 1960.02 real, 1000 MB
[runlim] sample:		3344.74 time, 1970.02 real, 2577 MB
[runlim] sample:		3354.78 time, 1980.02 real, 2577 MB
[runlim] sample:		3364.83 time, 1990.02 real, 2577 MB
[runlim] sample:		3374.92 time, 2000.02 real, 2582 MB
[runlim] sample:		3384.99 time, 2010.02 real, 2592 MB
[runlim] sample:		3395.06 time, 2020.02 real, 2592 MB
[runlim] sample:		3405.11 time, 2030.02 real, 2592 MB
[runlim] sample:		3415.17 time, 2040.02 real, 2592 MB
[runlim] sample:		3425.23 time, 2050.02 real, 2592 MB
[runlim] sample:		3435.31 time, 2060.02 real, 2592 MB
[runlim] sample:		3445.34 time, 2070.02 real, 2534 MB
[runlim] sample:		3455.39 time, 2080.02 real, 2534 MB
[runlim] sample:		1382.13 time, 2090.02 real, 1000 MB
[runlim] sample:		3475.52 time, 2100.02 real, 2597 MB
[runlim] sample:		3485.57 time, 2110.02 real, 2562 MB
[runlim] sample:		3495.64 time, 2120.02 real, 2596 MB
[runlim] sample:		3505.73 time, 2130.02 real, 2596 MB
[runlim] sample:		3515.80 time, 2140.02 real, 2596 MB
[runlim] sample:		3525.85 time, 2150.02 real, 2597 MB
[runlim] sample:		3535.94 time, 2160.02 real, 2597 MB
[runlim] sample:		3546.01 time, 2170.02 real, 2597 MB
[runlim] sample:		3556.08 time, 2180.02 real, 2597 MB
[runlim] sample:		3566.13 time, 2190.02 real, 2597 MB
[runlim] sample:		3576.19 time, 2200.02 real, 2597 MB
[runlim] sample:		3586.24 time, 2210.02 real, 2597 MB
[runlim] sample:		1382.95 time, 2220.02 real, 1000 MB
[runlim] sample:		3606.36 time, 2230.02 real, 2598 MB
[runlim] sample:		3616.40 time, 2240.02 real, 2598 MB
[runlim] sample:		3626.46 time, 2250.02 real, 2598 MB
[runlim] sample:		3636.56 time, 2260.02 real, 2598 MB
[runlim] sample:		3646.63 time, 2270.02 real, 2598 MB
[runlim] sample:		3656.68 time, 2280.02 real, 2598 MB
[runlim] sample:		3666.75 time, 2290.02 real, 2598 MB
[runlim] sample:		3676.83 time, 2300.02 real, 2598 MB
[runlim] sample:		3686.90 time, 2310.02 real, 2598 MB
[runlim] sample:		3696.96 time, 2320.02 real, 2598 MB
[runlim] sample:		3707.02 time, 2330.02 real, 2598 MB
[runlim] sample:		3717.07 time, 2340.02 real, 2598 MB
[runlim] sample:		1383.80 time, 2350.02 real, 1000 MB
[runlim] sample:		3737.20 time, 2360.02 real, 2598 MB
[runlim] sample:		3747.27 time, 2370.02 real, 2598 MB
[runlim] sample:		1383.97 time, 2380.02 real, 1000 MB
[runlim] sample:		3767.39 time, 2390.02 real, 2606 MB
[runlim] sample:		3777.43 time, 2400.02 real, 2606 MB
[runlim] sample:		3787.49 time, 2410.02 real, 2606 MB
[runlim] sample:		3797.56 time, 2420.02 real, 2606 MB
[runlim] sample:		3807.62 time, 2430.02 real, 2628 MB
[runlim] sample:		3817.69 time, 2440.02 real, 2629 MB
[runlim] sample:		3827.75 time, 2450.02 real, 2628 MB
[runlim] sample:		3837.80 time, 2460.02 real, 2628 MB
[runlim] sample:		3847.85 time, 2470.02 real, 2628 MB
[runlim] sample:		1384.58 time, 2480.02 real, 1000 MB
[runlim] sample:		3867.97 time, 2490.02 real, 2654 MB
[runlim] sample:		3878.04 time, 2500.02 real, 2654 MB
[runlim] sample:		1384.76 time, 2510.02 real, 1000 MB
[runlim] sample:		3898.16 time, 2520.02 real, 2654 MB
[runlim] sample:		3908.20 time, 2530.02 real, 2654 MB
[runlim] sample:		3918.28 time, 2540.02 real, 2654 MB
[runlim] sample:		3928.36 time, 2550.02 real, 2654 MB
[runlim] sample:		3938.41 time, 2560.02 real, 2654 MB
[runlim] sample:		3948.45 time, 2570.02 real, 2654 MB
[runlim] sample:		3958.51 time, 2580.02 real, 2654 MB
[runlim] sample:		3968.56 time, 2590.02 real, 2654 MB
[runlim] sample:		3978.61 time, 2600.02 real, 2654 MB
[runlim] sample:		1385.33 time, 2610.02 real, 998 MB
[runlim] sample:		3998.73 time, 2620.02 real, 2654 MB
[runlim] sample:		4008.80 time, 2630.02 real, 2654 MB
[runlim] sample:		1385.54 time, 2640.02 real, 1000 MB
[runlim] sample:		4028.95 time, 2650.02 real, 2654 MB
[runlim] sample:		4039.05 time, 2660.02 real, 2654 MB
[runlim] sample:		4049.10 time, 2670.02 real, 2654 MB
[runlim] sample:		4059.17 time, 2680.02 real, 2654 MB
[runlim] sample:		4069.23 time, 2690.02 real, 2654 MB
[runlim] sample:		4079.27 time, 2700.02 real, 2654 MB
[runlim] sample:		4089.35 time, 2710.02 real, 2654 MB
[runlim] sample:		4099.41 time, 2720.02 real, 2654 MB
[runlim] sample:		4109.46 time, 2730.02 real, 2654 MB
[runlim] sample:		4119.55 time, 2740.02 real, 2654 MB
[runlim] sample:		4129.58 time, 2750.02 real, 2655 MB
[runlim] sample:		4139.65 time, 2760.02 real, 2655 MB
[runlim] sample:		1386.38 time, 2770.02 real, 1000 MB
[runlim] sample:		4159.81 time, 2780.02 real, 2655 MB
[runlim] sample:		4169.86 time, 2790.02 real, 2655 MB
[runlim] sample:		4179.90 time, 2800.02 real, 2655 MB
[runlim] sample:		4189.97 time, 2810.02 real, 2655 MB
[runlim] sample:		4200.04 time, 2820.02 real, 2655 MB
[runlim] sample:		4210.08 time, 2830.02 real, 2656 MB
[runlim] sample:		4220.16 time, 2840.02 real, 2656 MB
[runlim] sample:		4230.20 time, 2850.02 real, 2656 MB
[runlim] sample:		4240.27 time, 2860.02 real, 2656 MB
[runlim] sample:		4250.34 time, 2870.02 real, 2656 MB
[runlim] sample:		4260.39 time, 2880.02 real, 2656 MB
[runlim] sample:		4270.46 time, 2890.02 real, 2656 MB
[runlim] sample:		1387.18 time, 2900.02 real, 998 MB
[runlim] sample:		4290.59 time, 2910.02 real, 2656 MB
[runlim] sample:		4300.66 time, 2920.02 real, 2656 MB
[runlim] sample:		4310.71 time, 2930.02 real, 2656 MB
[runlim] sample:		4320.78 time, 2940.02 real, 2656 MB
[runlim] sample:		4330.83 time, 2950.02 real, 2656 MB
[runlim] sample:		4340.90 time, 2960.02 real, 2656 MB
[runlim] sample:		4350.99 time, 2970.02 real, 2656 MB
[runlim] sample:		4361.05 time, 2980.02 real, 2656 MB
[runlim] sample:		4371.12 time, 2990.02 real, 2656 MB
[runlim] sample:		4381.18 time, 3000.02 real, 2656 MB
[runlim] sample:		4391.23 time, 3010.02 real, 2656 MB
[runlim] sample:		4401.28 time, 3020.02 real, 2656 MB
[runlim] sample:		1388.02 time, 3030.02 real, 998 MB
[runlim] sample:		4421.41 time, 3040.02 real, 2656 MB
[runlim] sample:		4431.44 time, 3050.02 real, 2688 MB
[runlim] sample:		4441.51 time, 3060.02 real, 2659 MB
[runlim] sample:		4451.59 time, 3070.02 real, 2659 MB
[runlim] sample:		4461.64 time, 3080.02 real, 2659 MB
[runlim] sample:		4471.70 time, 3090.02 real, 2659 MB
[runlim] sample:		4481.79 time, 3100.02 real, 2659 MB
[runlim] sample:		4491.84 time, 3110.02 real, 2670 MB
[runlim] sample:		4501.92 time, 3120.02 real, 2591 MB
[runlim] sample:		4511.99 time, 3130.02 real, 2677 MB
[runlim] sample:		4522.06 time, 3140.02 real, 2677 MB
[runlim] sample:		4532.10 time, 3150.02 real, 2677 MB
[runlim] sample:		4542.19 time, 3160.02 real, 2762 MB
[runlim] sample:		4552.24 time, 3170.02 real, 2678 MB
[runlim] sample:		4562.30 time, 3180.02 real, 2678 MB
[runlim] sample:		4572.36 time, 3190.02 real, 2678 MB
[runlim] sample:		4582.43 time, 3200.02 real, 2678 MB
[runlim] sample:		4592.49 time, 3210.02 real, 2678 MB
[runlim] sample:		4602.56 time, 3220.02 real, 2678 MB
[runlim] sample:		4612.63 time, 3230.02 real, 2678 MB
[runlim] sample:		4622.70 time, 3240.02 real, 2679 MB
[runlim] sample:		4632.75 time, 3250.02 real, 2679 MB
[runlim] sample:		4642.84 time, 3260.02 real, 2679 MB
[runlim] sample:		4652.89 time, 3270.02 real, 2679 MB
[runlim] sample:		4662.95 time, 3280.02 real, 2679 MB
[runlim] sample:		4673.03 time, 3290.02 real, 2679 MB
[runlim] sample:		4683.09 time, 3300.02 real, 2679 MB
[runlim] sample:		4693.13 time, 3310.02 real, 2679 MB
[runlim] sample:		1389.86 time, 3320.02 real, 1000 MB
[runlim] sample:		4713.26 time, 3330.02 real, 2679 MB
[runlim] sample:		4723.31 time, 3340.02 real, 2679 MB
[runlim] sample:		4733.37 time, 3350.02 real, 2679 MB
[runlim] sample:		4743.44 time, 3360.02 real, 2679 MB
[runlim] sample:		4753.49 time, 3370.02 real, 2679 MB
[runlim] sample:		4763.58 time, 3380.02 real, 2679 MB
[runlim] sample:		4773.65 time, 3390.02 real, 2679 MB
[runlim] sample:		4783.70 time, 3400.02 real, 2679 MB
[runlim] sample:		4793.73 time, 3410.02 real, 2679 MB
[runlim] sample:		4803.83 time, 3420.02 real, 2679 MB
[runlim] sample:		4813.86 time, 3430.02 real, 2679 MB
[runlim] sample:		4823.94 time, 3440.02 real, 2679 MB
[runlim] sample:		1390.67 time, 3450.02 real, 1000 MB
[runlim] sample:		4844.09 time, 3460.02 real, 2679 MB
[runlim] sample:		4854.14 time, 3470.02 real, 2679 MB
[runlim] sample:		4864.19 time, 3480.02 real, 2679 MB
[runlim] sample:		4874.27 time, 3490.02 real, 2679 MB
[runlim] sample:		4884.30 time, 3500.02 real, 2679 MB
[runlim] sample:		4894.36 time, 3510.02 real, 2679 MB
[runlim] sample:		4904.42 time, 3520.02 real, 2566 MB
[runlim] sample:		4914.46 time, 3530.02 real, 2650 MB
[runlim] sample:		4924.50 time, 3540.02 real, 2662 MB
[runlim] sample:		4934.57 time, 3550.02 real, 2662 MB
[runlim] sample:		12433.40 time, 3560.02 real, 2292 MB
[runlim] sample:		12433.43 time, 3570.02 real, 2292 MB
[runlim] end:			Fri Oct 18 21:42:17 2019
[runlim] status:		ok
[runlim] result:		0
[runlim] children:		4202
[runlim] real:			3575.43 seconds
[runlim] time:			14697.65 seconds
[runlim] space:			2766 MB
[runlim] samples:		35754
