[runlim] version:		1.17
[runlim] host:			c3n03
[runlim] time limit:		311040000 seconds
[runlim] real time limit:	3600 seconds
[runlim] space limit:		120000 MB
[runlim] argv[0]:		./run-avr.sh
[runlim] argv[1]:		/tmp/EfUsevxT.btor
[runlim] start:			Fri Oct 18 19:53:26 2019
[runlim] child:			22056
[runlim] sample:		14.08 time, 10.02 real, 358 MB
[runlim] sample:		21.04 time, 20.02 real, 149 MB
[runlim] sample:		54.34 time, 30.02 real, 673 MB
[runlim] sample:		74.46 time, 40.02 real, 731 MB
[runlim] sample:		51.33 time, 50.02 real, 167 MB
[runlim] sample:		114.61 time, 60.02 real, 755 MB
[runlim] sample:		134.69 time, 70.02 real, 803 MB
[runlim] sample:		154.75 time, 80.02 real, 812 MB
[runlim] sample:		174.84 time, 90.02 real, 812 MB
[runlim] sample:		194.92 time, 100.02 real, 816 MB
[runlim] sample:		215.01 time, 110.02 real, 810 MB
[runlim] sample:		235.09 time, 120.02 real, 838 MB
[runlim] sample:		255.14 time, 130.02 real, 839 MB
[runlim] sample:		275.25 time, 140.02 real, 839 MB
[runlim] sample:		152.14 time, 150.02 real, 188 MB
[runlim] sample:		315.40 time, 160.02 real, 858 MB
[runlim] sample:		335.48 time, 170.02 real, 859 MB
[runlim] sample:		355.56 time, 180.02 real, 859 MB
[runlim] sample:		375.64 time, 190.02 real, 860 MB
[runlim] sample:		395.70 time, 200.02 real, 861 MB
[runlim] sample:		415.78 time, 210.02 real, 900 MB
[runlim] sample:		435.85 time, 220.02 real, 901 MB
[runlim] sample:		455.96 time, 230.02 real, 912 MB
[runlim] sample:		476.01 time, 240.02 real, 913 MB
[runlim] sample:		496.13 time, 250.02 real, 914 MB
[runlim] sample:		516.20 time, 260.02 real, 915 MB
[runlim] sample:		536.28 time, 270.02 real, 917 MB
[runlim] sample:		556.36 time, 280.02 real, 918 MB
[runlim] sample:		576.45 time, 290.02 real, 920 MB
[runlim] sample:		596.51 time, 300.02 real, 964 MB
[runlim] sample:		616.58 time, 310.02 real, 964 MB
[runlim] sample:		636.64 time, 320.02 real, 981 MB
[runlim] sample:		656.72 time, 330.02 real, 995 MB
[runlim] sample:		676.77 time, 340.02 real, 945 MB
[runlim] sample:		696.85 time, 350.02 real, 987 MB
[runlim] sample:		363.73 time, 360.02 real, 205 MB
[runlim] sample:		736.96 time, 370.02 real, 989 MB
[runlim] sample:		757.05 time, 380.02 real, 991 MB
[runlim] sample:		777.10 time, 390.02 real, 972 MB
[runlim] sample:		797.20 time, 400.02 real, 972 MB
[runlim] sample:		817.27 time, 410.02 real, 974 MB
[runlim] sample:		837.34 time, 420.02 real, 975 MB
[runlim] sample:		857.43 time, 430.02 real, 977 MB
[runlim] sample:		877.51 time, 440.02 real, 999 MB
[runlim] sample:		897.59 time, 450.02 real, 1000 MB
[runlim] sample:		917.68 time, 460.02 real, 1027 MB
[runlim] sample:		937.72 time, 470.02 real, 1028 MB
[runlim] sample:		957.83 time, 480.02 real, 1029 MB
[runlim] sample:		977.89 time, 490.02 real, 1030 MB
[runlim] sample:		997.96 time, 500.02 real, 1030 MB
[runlim] sample:		1018.02 time, 510.02 real, 1031 MB
[runlim] sample:		1038.11 time, 520.02 real, 1026 MB
[runlim] sample:		1058.21 time, 530.02 real, 1051 MB
[runlim] sample:		1078.28 time, 540.02 real, 1029 MB
[runlim] sample:		1098.37 time, 550.02 real, 926 MB
[runlim] sample:		1118.48 time, 560.02 real, 927 MB
[runlim] sample:		575.36 time, 570.02 real, 232 MB
[runlim] sample:		1158.60 time, 580.02 real, 930 MB
[runlim] sample:		595.48 time, 590.02 real, 231 MB
[runlim] sample:		1198.72 time, 600.02 real, 931 MB
[runlim] sample:		1218.79 time, 610.02 real, 932 MB
[runlim] sample:		1238.90 time, 620.02 real, 934 MB
[runlim] sample:		635.82 time, 630.02 real, 237 MB
[runlim] sample:		1279.06 time, 640.02 real, 934 MB
[runlim] sample:		1299.13 time, 650.02 real, 937 MB
[runlim] sample:		1319.20 time, 660.02 real, 942 MB
[runlim] sample:		1339.28 time, 670.02 real, 942 MB
[runlim] sample:		1359.36 time, 680.02 real, 942 MB
[runlim] sample:		1379.42 time, 690.02 real, 979 MB
[runlim] sample:		1399.51 time, 700.02 real, 979 MB
[runlim] sample:		1419.60 time, 710.02 real, 980 MB
[runlim] sample:		1439.68 time, 720.02 real, 988 MB
[runlim] sample:		1459.76 time, 730.02 real, 1009 MB
[runlim] sample:		1479.86 time, 740.02 real, 1009 MB
[runlim] sample:		756.80 time, 750.02 real, 239 MB
[runlim] sample:		1520.06 time, 760.02 real, 1009 MB
[runlim] sample:		1540.15 time, 770.02 real, 1013 MB
[runlim] sample:		1560.18 time, 780.02 real, 1013 MB
[runlim] sample:		1580.28 time, 790.02 real, 1013 MB
[runlim] sample:		1600.36 time, 800.02 real, 1013 MB
[runlim] sample:		1620.47 time, 810.02 real, 1013 MB
[runlim] sample:		1640.57 time, 820.02 real, 997 MB
[runlim] sample:		837.50 time, 830.02 real, 247 MB
[runlim] sample:		1680.76 time, 840.02 real, 998 MB
[runlim] sample:		1700.84 time, 850.02 real, 999 MB
[runlim] sample:		1720.94 time, 860.02 real, 1000 MB
[runlim] sample:		877.85 time, 870.02 real, 252 MB
[runlim] sample:		1761.09 time, 880.02 real, 1002 MB
[runlim] sample:		1781.21 time, 890.02 real, 1003 MB
[runlim] sample:		1801.30 time, 900.02 real, 1004 MB
[runlim] sample:		918.21 time, 910.02 real, 256 MB
[runlim] sample:		1841.46 time, 920.02 real, 1006 MB
[runlim] sample:		1861.58 time, 930.02 real, 1080 MB
[runlim] sample:		1881.62 time, 940.02 real, 1081 MB
[runlim] sample:		958.56 time, 950.02 real, 259 MB
[runlim] sample:		1921.82 time, 960.02 real, 1084 MB
[runlim] sample:		978.71 time, 970.02 real, 262 MB
[runlim] sample:		1961.93 time, 980.02 real, 1085 MB
[runlim] sample:		998.86 time, 990.02 real, 261 MB
[runlim] sample:		2002.11 time, 1000.02 real, 1086 MB
[runlim] sample:		2022.20 time, 1010.02 real, 1087 MB
[runlim] sample:		2042.26 time, 1020.02 real, 1088 MB
[runlim] sample:		1039.20 time, 1030.02 real, 267 MB
[runlim] sample:		2082.49 time, 1040.02 real, 1091 MB
[runlim] sample:		2102.54 time, 1050.02 real, 1115 MB
[runlim] sample:		2122.59 time, 1060.02 real, 1168 MB
[runlim] sample:		1079.49 time, 1070.02 real, 272 MB
[runlim] sample:		2162.72 time, 1080.02 real, 1097 MB
[runlim] sample:		2182.80 time, 1090.02 real, 1121 MB
[runlim] sample:		2202.90 time, 1100.02 real, 1123 MB
[runlim] sample:		2223.01 time, 1110.02 real, 1165 MB
[runlim] sample:		2243.06 time, 1120.02 real, 1178 MB
[runlim] sample:		2263.14 time, 1130.02 real, 1140 MB
[runlim] sample:		2283.18 time, 1140.02 real, 1198 MB
[runlim] sample:		2303.29 time, 1150.02 real, 1174 MB
[runlim] sample:		2323.33 time, 1160.02 real, 1137 MB
[runlim] sample:		2343.41 time, 1170.02 real, 1203 MB
[runlim] sample:		2363.46 time, 1180.02 real, 1176 MB
[runlim] sample:		2383.52 time, 1190.02 real, 1177 MB
[runlim] sample:		2403.57 time, 1200.02 real, 1178 MB
[runlim] sample:		2423.65 time, 1210.02 real, 1179 MB
[runlim] sample:		2443.75 time, 1220.02 real, 1180 MB
[runlim] sample:		2463.83 time, 1230.02 real, 1205 MB
[runlim] sample:		2483.91 time, 1240.02 real, 1184 MB
[runlim] sample:		2503.97 time, 1250.02 real, 1185 MB
[runlim] sample:		2524.04 time, 1260.02 real, 1187 MB
[runlim] sample:		2544.14 time, 1270.02 real, 1188 MB
[runlim] sample:		2564.19 time, 1280.02 real, 1189 MB
[runlim] sample:		2584.25 time, 1290.02 real, 1192 MB
[runlim] sample:		1311.15 time, 1300.02 real, 302 MB
[runlim] sample:		2624.42 time, 1310.02 real, 1219 MB
[runlim] sample:		2644.50 time, 1320.02 real, 1213 MB
[runlim] sample:		2664.57 time, 1330.02 real, 1214 MB
[runlim] sample:		1351.49 time, 1340.02 real, 306 MB
[runlim] sample:		2704.73 time, 1350.02 real, 1217 MB
[runlim] sample:		2724.79 time, 1360.02 real, 1219 MB
[runlim] sample:		2744.85 time, 1370.02 real, 1220 MB
[runlim] sample:		2764.91 time, 1380.02 real, 1221 MB
[runlim] sample:		2784.96 time, 1390.02 real, 1222 MB
[runlim] sample:		2805.04 time, 1400.02 real, 1224 MB
[runlim] sample:		2825.13 time, 1410.02 real, 1225 MB
[runlim] sample:		2845.22 time, 1420.02 real, 1227 MB
[runlim] sample:		2865.25 time, 1430.02 real, 1229 MB
[runlim] sample:		2885.33 time, 1440.02 real, 1254 MB
[runlim] sample:		2905.40 time, 1450.02 real, 1182 MB
[runlim] sample:		2925.46 time, 1460.02 real, 1235 MB
[runlim] sample:		2945.55 time, 1470.02 real, 1235 MB
[runlim] sample:		2965.62 time, 1480.02 real, 1237 MB
[runlim] sample:		1502.51 time, 1490.02 real, 328 MB
[runlim] sample:		3005.78 time, 1500.02 real, 1238 MB
[runlim] sample:		3025.82 time, 1510.02 real, 1239 MB
[runlim] sample:		3045.89 time, 1520.02 real, 1242 MB
[runlim] sample:		1542.80 time, 1530.02 real, 332 MB
[runlim] sample:		3086.07 time, 1540.02 real, 1242 MB
[runlim] sample:		3106.13 time, 1550.02 real, 1242 MB
[runlim] sample:		3126.22 time, 1560.02 real, 1252 MB
[runlim] sample:		1583.12 time, 1570.02 real, 330 MB
[runlim] sample:		3166.42 time, 1580.02 real, 1283 MB
[runlim] sample:		1603.35 time, 1590.02 real, 333 MB
[runlim] sample:		3206.58 time, 1600.02 real, 1283 MB
[runlim] sample:		3226.68 time, 1610.02 real, 1283 MB
[runlim] sample:		3246.74 time, 1620.02 real, 1283 MB
[runlim] sample:		3266.83 time, 1630.02 real, 1281 MB
[runlim] sample:		3286.92 time, 1640.02 real, 1296 MB
[runlim] sample:		3307.00 time, 1650.02 real, 1319 MB
[runlim] sample:		3327.07 time, 1660.02 real, 1268 MB
[runlim] sample:		3347.18 time, 1670.02 real, 1268 MB
[runlim] sample:		3367.24 time, 1680.02 real, 1274 MB
[runlim] sample:		3387.32 time, 1690.02 real, 1298 MB
[runlim] sample:		3407.39 time, 1700.02 real, 1265 MB
[runlim] sample:		3427.45 time, 1710.02 real, 1265 MB
[runlim] sample:		3447.50 time, 1720.02 real, 1265 MB
[runlim] sample:		3467.61 time, 1730.02 real, 1265 MB
[runlim] sample:		3487.67 time, 1740.02 real, 1267 MB
[runlim] sample:		3507.74 time, 1750.02 real, 1230 MB
[runlim] sample:		3527.81 time, 1760.02 real, 1234 MB
[runlim] sample:		3547.91 time, 1770.02 real, 1235 MB
[runlim] sample:		3567.98 time, 1780.02 real, 1237 MB
[runlim] sample:		3588.07 time, 1790.02 real, 1238 MB
[runlim] sample:		1814.97 time, 1800.02 real, 346 MB
[runlim] sample:		3628.22 time, 1810.02 real, 1240 MB
[runlim] sample:		3648.29 time, 1820.02 real, 1242 MB
[runlim] sample:		3668.34 time, 1830.02 real, 1244 MB
[runlim] sample:		1855.29 time, 1840.02 real, 350 MB
[runlim] sample:		3708.54 time, 1850.02 real, 1245 MB
[runlim] sample:		3728.62 time, 1860.02 real, 1246 MB
[runlim] sample:		3748.71 time, 1870.02 real, 1249 MB
[runlim] sample:		1895.66 time, 1880.02 real, 354 MB
[runlim] sample:		3788.89 time, 1890.02 real, 1232 MB
[runlim] sample:		3808.97 time, 1900.02 real, 1258 MB
[runlim] sample:		3829.02 time, 1910.02 real, 1259 MB
[runlim] sample:		3849.13 time, 1920.02 real, 1261 MB
[runlim] sample:		3869.19 time, 1930.02 real, 1278 MB
[runlim] sample:		3889.27 time, 1940.02 real, 1279 MB
[runlim] sample:		3909.33 time, 1950.02 real, 1281 MB
[runlim] sample:		3929.45 time, 1960.02 real, 1282 MB
[runlim] sample:		3949.51 time, 1970.02 real, 1232 MB
[runlim] sample:		3969.58 time, 1980.02 real, 1364 MB
[runlim] sample:		3989.68 time, 1990.02 real, 1365 MB
[runlim] sample:		4009.81 time, 2000.02 real, 1235 MB
[runlim] sample:		4029.85 time, 2010.02 real, 1331 MB
[runlim] sample:		4049.93 time, 2020.02 real, 1332 MB
[runlim] sample:		2046.83 time, 2030.02 real, 375 MB
[runlim] sample:		4090.09 time, 2040.02 real, 1334 MB
[runlim] sample:		4110.17 time, 2050.02 real, 1334 MB
[runlim] sample:		4130.24 time, 2060.02 real, 1336 MB
[runlim] sample:		2087.15 time, 2070.02 real, 378 MB
[runlim] sample:		4170.38 time, 2080.02 real, 1337 MB
[runlim] sample:		4190.46 time, 2090.02 real, 1340 MB
[runlim] sample:		4210.55 time, 2100.02 real, 1341 MB
[runlim] sample:		2127.47 time, 2110.02 real, 384 MB
[runlim] sample:		4250.68 time, 2120.02 real, 1344 MB
[runlim] sample:		4270.75 time, 2130.02 real, 1345 MB
[runlim] sample:		4290.81 time, 2140.02 real, 1345 MB
[runlim] sample:		4310.92 time, 2150.02 real, 1347 MB
[runlim] sample:		4330.97 time, 2160.02 real, 1350 MB
[runlim] sample:		4351.04 time, 2170.02 real, 1350 MB
[runlim] sample:		4371.11 time, 2180.02 real, 1353 MB
[runlim] sample:		4391.22 time, 2190.02 real, 1356 MB
[runlim] sample:		4411.30 time, 2200.02 real, 1357 MB
[runlim] sample:		4431.37 time, 2210.02 real, 1372 MB
[runlim] sample:		4451.43 time, 2220.02 real, 1375 MB
[runlim] sample:		4471.55 time, 2230.02 real, 1376 MB
[runlim] sample:		4491.61 time, 2240.02 real, 1378 MB
[runlim] sample:		4511.67 time, 2250.02 real, 1379 MB
[runlim] sample:		4531.73 time, 2260.02 real, 1380 MB
[runlim] sample:		4551.83 time, 2270.02 real, 1381 MB
[runlim] sample:		4571.93 time, 2280.02 real, 1382 MB
[runlim] sample:		4591.99 time, 2290.02 real, 1384 MB
[runlim] sample:		4612.07 time, 2300.02 real, 1385 MB
[runlim] sample:		4632.13 time, 2310.02 real, 1385 MB
[runlim] sample:		4652.17 time, 2320.02 real, 1386 MB
[runlim] sample:		4672.25 time, 2330.02 real, 1387 MB
[runlim] sample:		2359.16 time, 2340.02 real, 410 MB
[runlim] sample:		4712.43 time, 2350.02 real, 1389 MB
[runlim] sample:		4732.49 time, 2360.02 real, 1390 MB
[runlim] sample:		4752.56 time, 2370.02 real, 1391 MB
[runlim] sample:		2399.48 time, 2380.02 real, 417 MB
[runlim] sample:		4792.73 time, 2390.02 real, 1393 MB
[runlim] sample:		4812.79 time, 2400.02 real, 1395 MB
[runlim] sample:		4832.86 time, 2410.02 real, 1395 MB
[runlim] sample:		2439.78 time, 2420.02 real, 422 MB
[runlim] sample:		4873.02 time, 2430.02 real, 1503 MB
[runlim] sample:		4893.10 time, 2440.02 real, 1504 MB
[runlim] sample:		4913.18 time, 2450.02 real, 1539 MB
[runlim] sample:		4933.24 time, 2460.02 real, 1541 MB
[runlim] sample:		4953.31 time, 2470.02 real, 1543 MB
[runlim] sample:		4973.40 time, 2480.02 real, 1348 MB
[runlim] sample:		4993.47 time, 2490.02 real, 1351 MB
[runlim] sample:		5013.55 time, 2500.02 real, 1352 MB
[runlim] sample:		5033.61 time, 2510.02 real, 1400 MB
[runlim] sample:		5053.66 time, 2520.02 real, 1399 MB
[runlim] sample:		5073.69 time, 2530.02 real, 1400 MB
[runlim] sample:		5093.77 time, 2540.02 real, 1402 MB
[runlim] sample:		5113.87 time, 2550.02 real, 1404 MB
[runlim] sample:		5133.96 time, 2560.02 real, 1455 MB
[runlim] sample:		5154.04 time, 2570.02 real, 1427 MB
[runlim] sample:		5174.15 time, 2580.02 real, 1429 MB
[runlim] sample:		5194.20 time, 2590.02 real, 1430 MB
[runlim] sample:		5214.27 time, 2600.02 real, 1431 MB
[runlim] sample:		2631.18 time, 2610.02 real, 449 MB
[runlim] sample:		5254.46 time, 2620.02 real, 1435 MB
[runlim] sample:		2651.37 time, 2630.02 real, 452 MB
[runlim] sample:		5294.59 time, 2640.02 real, 1440 MB
[runlim] sample:		5314.69 time, 2650.02 real, 1468 MB
[runlim] sample:		5334.75 time, 2660.02 real, 1443 MB
[runlim] sample:		5354.81 time, 2670.02 real, 1445 MB
[runlim] sample:		5374.90 time, 2680.02 real, 1446 MB
[runlim] sample:		5395.02 time, 2690.02 real, 1448 MB
[runlim] sample:		5415.11 time, 2700.02 real, 1449 MB
[runlim] sample:		5435.16 time, 2710.02 real, 1451 MB
[runlim] sample:		5455.23 time, 2720.02 real, 1453 MB
[runlim] sample:		5475.35 time, 2730.02 real, 1455 MB
[runlim] sample:		5495.41 time, 2740.02 real, 1458 MB
[runlim] sample:		5515.48 time, 2750.02 real, 1460 MB
[runlim] sample:		5535.54 time, 2760.02 real, 1461 MB
[runlim] sample:		5555.64 time, 2770.02 real, 1463 MB
[runlim] sample:		5575.70 time, 2780.02 real, 1464 MB
[runlim] sample:		5595.76 time, 2790.02 real, 1455 MB
[runlim] sample:		5615.83 time, 2800.02 real, 1431 MB
[runlim] sample:		5635.95 time, 2810.02 real, 1488 MB
[runlim] sample:		5656.02 time, 2820.02 real, 1490 MB
[runlim] sample:		5676.08 time, 2830.02 real, 1491 MB
[runlim] sample:		2863.01 time, 2840.02 real, 487 MB
[runlim] sample:		5716.27 time, 2850.02 real, 1492 MB
[runlim] sample:		5736.33 time, 2860.02 real, 1492 MB
[runlim] sample:		5756.41 time, 2870.02 real, 1492 MB
[runlim] sample:		2903.33 time, 2880.02 real, 484 MB
[runlim] sample:		5796.56 time, 2890.02 real, 1492 MB
[runlim] sample:		5816.67 time, 2900.02 real, 1492 MB
[runlim] sample:		5836.74 time, 2910.02 real, 1492 MB
[runlim] sample:		5856.80 time, 2920.02 real, 1492 MB
[runlim] sample:		5876.88 time, 2930.02 real, 1495 MB
[runlim] sample:		5896.94 time, 2940.02 real, 1488 MB
[runlim] sample:		5916.99 time, 2950.02 real, 1488 MB
[runlim] sample:		5937.12 time, 2960.02 real, 1487 MB
[runlim] sample:		5957.18 time, 2970.02 real, 1466 MB
[runlim] sample:		5977.25 time, 2980.02 real, 1486 MB
[runlim] sample:		5997.29 time, 2990.02 real, 1486 MB
[runlim] sample:		6017.40 time, 3000.02 real, 1486 MB
[runlim] sample:		6037.51 time, 3010.02 real, 1487 MB
[runlim] sample:		6057.57 time, 3020.02 real, 1487 MB
[runlim] sample:		6077.65 time, 3030.02 real, 1487 MB
[runlim] sample:		6097.73 time, 3040.02 real, 1487 MB
[runlim] sample:		3074.61 time, 3050.02 real, 488 MB
[runlim] sample:		6137.87 time, 3060.02 real, 1487 MB
[runlim] sample:		3094.80 time, 3070.02 real, 488 MB
[runlim] sample:		6178.06 time, 3080.02 real, 1487 MB
[runlim] sample:		6198.12 time, 3090.02 real, 1516 MB
[runlim] sample:		6218.20 time, 3100.02 real, 1516 MB
[runlim] sample:		3135.10 time, 3110.02 real, 489 MB
[runlim] sample:		6258.33 time, 3120.02 real, 1490 MB
[runlim] sample:		6278.38 time, 3130.02 real, 1491 MB
[runlim] sample:		6298.49 time, 3140.02 real, 1491 MB
[runlim] sample:		6318.59 time, 3150.02 real, 1495 MB
[runlim] sample:		6338.65 time, 3160.02 real, 1496 MB
[runlim] sample:		6358.71 time, 3170.02 real, 1498 MB
[runlim] sample:		6378.79 time, 3180.02 real, 1498 MB
[runlim] sample:		6398.92 time, 3190.02 real, 1499 MB
[runlim] sample:		6419.00 time, 3200.02 real, 1501 MB
[runlim] sample:		6439.09 time, 3210.02 real, 1501 MB
[runlim] sample:		6459.18 time, 3220.02 real, 1502 MB
[runlim] sample:		6479.25 time, 3230.02 real, 1503 MB
[runlim] sample:		6499.32 time, 3240.02 real, 1505 MB
[runlim] sample:		6519.40 time, 3250.02 real, 1507 MB
[runlim] sample:		3286.29 time, 3260.02 real, 511 MB
[runlim] sample:		6559.52 time, 3270.02 real, 1515 MB
[runlim] sample:		6579.58 time, 3280.02 real, 1518 MB
[runlim] sample:		6599.68 time, 3290.02 real, 1520 MB
[runlim] sample:		3326.59 time, 3300.02 real, 523 MB
[runlim] sample:		6639.83 time, 3310.02 real, 1527 MB
[runlim] sample:		6659.89 time, 3320.02 real, 1531 MB
[runlim] sample:		6679.99 time, 3330.02 real, 1533 MB
[runlim] sample:		3366.91 time, 3340.02 real, 533 MB
[runlim] sample:		6720.13 time, 3350.02 real, 1539 MB
[runlim] sample:		3387.00 time, 3360.02 real, 539 MB
[runlim] sample:		6760.22 time, 3370.02 real, 1550 MB
[runlim] sample:		6780.31 time, 3380.02 real, 1553 MB
[runlim] sample:		6800.38 time, 3390.02 real, 1554 MB
[runlim] sample:		6820.48 time, 3400.02 real, 1555 MB
[runlim] sample:		6840.55 time, 3410.02 real, 1554 MB
[runlim] sample:		6860.62 time, 3420.02 real, 1556 MB
[runlim] sample:		6880.69 time, 3430.02 real, 1559 MB
[runlim] sample:		6900.75 time, 3440.02 real, 1559 MB
[runlim] sample:		6920.84 time, 3450.02 real, 1561 MB
[runlim] sample:		6940.94 time, 3460.02 real, 1563 MB
[runlim] sample:		6961.01 time, 3470.02 real, 1565 MB
[runlim] sample:		6981.08 time, 3480.02 real, 1567 MB
[runlim] sample:		3518.02 time, 3490.02 real, 563 MB
[runlim] sample:		7021.28 time, 3500.02 real, 1556 MB
[runlim] sample:		7041.35 time, 3510.02 real, 1557 MB
[runlim] sample:		7061.42 time, 3520.02 real, 1560 MB
[runlim] sample:		3558.37 time, 3530.02 real, 571 MB
[runlim] sample:		7101.62 time, 3540.02 real, 1562 MB
[runlim] sample:		7121.71 time, 3550.02 real, 1588 MB
[runlim] end:			Fri Oct 18 20:52:42 2019
[runlim] status:		ok
[runlim] result:		0
[runlim] children:		5084
[runlim] real:			3555.51 seconds
[runlim] time:			39103.37 seconds
[runlim] space:			2920 MB
[runlim] samples:		35555
