[runlim] version:		1.17
[runlim] host:			c3n02
[runlim] time limit:		311040000 seconds
[runlim] real time limit:	3600 seconds
[runlim] space limit:		120000 MB
[runlim] argv[0]:		./run-avr.sh
[runlim] argv[1]:		/tmp/jBKBCOtO.btor
[runlim] start:			Fri Oct 18 20:40:07 2019
[runlim] child:			24211
[runlim] sample:		13.61 time, 10.02 real, 336 MB
[runlim] sample:		33.73 time, 20.02 real, 432 MB
[runlim] sample:		53.83 time, 30.02 real, 465 MB
[runlim] sample:		73.93 time, 40.02 real, 501 MB
[runlim] sample:		50.67 time, 50.02 real, 200 MB
[runlim] sample:		114.11 time, 60.02 real, 558 MB
[runlim] sample:		134.19 time, 70.02 real, 579 MB
[runlim] sample:		154.25 time, 80.02 real, 622 MB
[runlim] sample:		174.35 time, 90.02 real, 668 MB
[runlim] sample:		194.40 time, 100.02 real, 743 MB
[runlim] sample:		214.46 time, 110.02 real, 775 MB
[runlim] sample:		346.63 time, 120.02 real, 803 MB
[runlim] sample:		366.76 time, 130.02 real, 850 MB
[runlim] sample:		386.83 time, 140.02 real, 882 MB
[runlim] sample:		406.88 time, 150.02 real, 920 MB
[runlim] sample:		426.92 time, 160.02 real, 930 MB
[runlim] sample:		446.99 time, 170.02 real, 971 MB
[runlim] sample:		467.05 time, 180.02 real, 976 MB
[runlim] sample:		487.10 time, 190.02 real, 1058 MB
[runlim] sample:		507.18 time, 200.02 real, 1109 MB
[runlim] sample:		527.23 time, 210.02 real, 1140 MB
[runlim] sample:		547.28 time, 220.02 real, 1153 MB
[runlim] sample:		343.98 time, 230.02 real, 511 MB
[runlim] sample:		587.41 time, 240.02 real, 1180 MB
[runlim] sample:		607.46 time, 250.02 real, 1240 MB
[runlim] sample:		627.54 time, 260.02 real, 1233 MB
[runlim] sample:		647.61 time, 270.02 real, 1244 MB
[runlim] sample:		667.63 time, 280.02 real, 1264 MB
[runlim] sample:		687.71 time, 290.02 real, 1271 MB
[runlim] sample:		707.76 time, 300.02 real, 1301 MB
[runlim] sample:		727.81 time, 310.02 real, 1349 MB
[runlim] sample:		747.86 time, 320.02 real, 1391 MB
[runlim] sample:		767.94 time, 330.02 real, 1388 MB
[runlim] sample:		788.02 time, 340.02 real, 1413 MB
[runlim] sample:		808.07 time, 350.02 real, 1493 MB
[runlim] sample:		828.15 time, 360.02 real, 1483 MB
[runlim] sample:		848.21 time, 370.02 real, 1517 MB
[runlim] sample:		868.26 time, 380.02 real, 1517 MB
[runlim] sample:		888.31 time, 390.02 real, 1539 MB
[runlim] sample:		515.04 time, 400.02 real, 745 MB
[runlim] sample:		928.43 time, 410.02 real, 1600 MB
[runlim] sample:		948.49 time, 420.02 real, 1670 MB
[runlim] sample:		968.53 time, 430.02 real, 1725 MB
[runlim] sample:		988.61 time, 440.02 real, 1667 MB
[runlim] sample:		1008.65 time, 450.02 real, 1687 MB
[runlim] sample:		1028.71 time, 460.02 real, 1772 MB
[runlim] sample:		1048.75 time, 470.02 real, 1755 MB
[runlim] sample:		1068.82 time, 480.02 real, 1779 MB
[runlim] sample:		1088.88 time, 490.02 real, 1843 MB
[runlim] sample:		1108.93 time, 500.02 real, 1855 MB
[runlim] sample:		1129.00 time, 510.02 real, 1915 MB
[runlim] sample:		1149.04 time, 520.02 real, 1880 MB
[runlim] sample:		1169.11 time, 530.02 real, 1880 MB
[runlim] sample:		655.84 time, 540.02 real, 955 MB
[runlim] sample:		1209.26 time, 550.02 real, 1928 MB
[runlim] sample:		1229.32 time, 560.02 real, 1930 MB
[runlim] sample:		1249.37 time, 570.02 real, 1933 MB
[runlim] sample:		1269.47 time, 580.02 real, 1933 MB
[runlim] sample:		1289.53 time, 590.02 real, 1948 MB
[runlim] sample:		1309.57 time, 600.02 real, 1936 MB
[runlim] sample:		726.30 time, 610.02 real, 1027 MB
[runlim] sample:		1349.70 time, 620.02 real, 2043 MB
[runlim] sample:		1369.77 time, 630.02 real, 2081 MB
[runlim] sample:		1389.80 time, 640.02 real, 1960 MB
[runlim] sample:		1409.86 time, 650.02 real, 2029 MB
[runlim] sample:		1429.91 time, 660.02 real, 2070 MB
[runlim] sample:		1449.98 time, 670.02 real, 2100 MB
[runlim] sample:		796.68 time, 680.02 real, 1011 MB
[runlim] sample:		1490.09 time, 690.02 real, 2139 MB
[runlim] sample:		1510.15 time, 700.02 real, 2197 MB
[runlim] sample:		1530.19 time, 710.02 real, 2232 MB
[runlim] sample:		1550.25 time, 720.02 real, 2260 MB
[runlim] sample:		1570.30 time, 730.02 real, 2293 MB
[runlim] sample:		1590.35 time, 740.02 real, 2302 MB
[runlim] sample:		867.06 time, 750.02 real, 1054 MB
[runlim] sample:		1630.45 time, 760.02 real, 2236 MB
[runlim] sample:		1650.52 time, 770.02 real, 2276 MB
[runlim] sample:		1670.57 time, 780.02 real, 2359 MB
[runlim] sample:		1690.64 time, 790.02 real, 2359 MB
[runlim] sample:		1710.68 time, 800.02 real, 2392 MB
[runlim] sample:		1730.71 time, 810.02 real, 2405 MB
[runlim] sample:		1750.79 time, 820.02 real, 2405 MB
[runlim] sample:		1770.87 time, 830.02 real, 2506 MB
[runlim] sample:		1790.92 time, 840.02 real, 2475 MB
[runlim] sample:		1810.98 time, 850.02 real, 2476 MB
[runlim] sample:		1831.04 time, 860.02 real, 2513 MB
[runlim] sample:		987.73 time, 870.02 real, 1215 MB
[runlim] sample:		1871.12 time, 880.02 real, 2476 MB
[runlim] sample:		1891.20 time, 890.02 real, 2476 MB
[runlim] sample:		1911.26 time, 900.02 real, 2477 MB
[runlim] sample:		1931.30 time, 910.02 real, 2490 MB
[runlim] sample:		1951.39 time, 920.02 real, 2502 MB
[runlim] sample:		1971.47 time, 930.02 real, 2531 MB
[runlim] sample:		1991.52 time, 940.02 real, 2619 MB
[runlim] sample:		2011.58 time, 950.02 real, 2619 MB
[runlim] sample:		2031.63 time, 960.02 real, 2633 MB
[runlim] sample:		2051.68 time, 970.02 real, 2677 MB
[runlim] sample:		2071.72 time, 980.02 real, 2677 MB
[runlim] sample:		2091.78 time, 990.02 real, 2741 MB
[runlim] sample:		2111.83 time, 1000.02 real, 2790 MB
[runlim] sample:		2131.88 time, 1010.02 real, 2790 MB
[runlim] sample:		2151.92 time, 1020.02 real, 2793 MB
[runlim] sample:		2171.98 time, 1030.02 real, 2793 MB
[runlim] sample:		2192.02 time, 1040.02 real, 2960 MB
[runlim] sample:		2212.08 time, 1050.02 real, 2912 MB
[runlim] sample:		1178.79 time, 1060.02 real, 1363 MB
[runlim] sample:		2252.21 time, 1070.02 real, 2957 MB
[runlim] sample:		2272.25 time, 1080.02 real, 2888 MB
[runlim] sample:		2292.31 time, 1090.02 real, 2888 MB
[runlim] sample:		2312.38 time, 1100.02 real, 2888 MB
[runlim] sample:		2332.42 time, 1110.02 real, 2888 MB
[runlim] sample:		2352.49 time, 1120.02 real, 2888 MB
[runlim] sample:		2372.55 time, 1130.02 real, 2888 MB
[runlim] sample:		2392.63 time, 1140.02 real, 2946 MB
[runlim] sample:		2412.69 time, 1150.02 real, 2816 MB
[runlim] sample:		2432.76 time, 1160.02 real, 2920 MB
[runlim] sample:		2452.85 time, 1170.02 real, 2970 MB
[runlim] sample:		2472.90 time, 1180.02 real, 2924 MB
[runlim] sample:		2492.95 time, 1190.02 real, 2927 MB
[runlim] sample:		1319.69 time, 1200.02 real, 1397 MB
[runlim] sample:		2533.08 time, 1210.02 real, 2928 MB
[runlim] sample:		2553.13 time, 1220.02 real, 2929 MB
[runlim] sample:		2573.20 time, 1230.02 real, 2944 MB
[runlim] sample:		2593.25 time, 1240.02 real, 2964 MB
[runlim] sample:		2613.33 time, 1250.02 real, 3007 MB
[runlim] sample:		2633.39 time, 1260.02 real, 3007 MB
[runlim] sample:		2653.48 time, 1270.02 real, 3067 MB
[runlim] sample:		2673.57 time, 1280.02 real, 3086 MB
[runlim] sample:		2693.61 time, 1290.02 real, 3086 MB
[runlim] sample:		2713.65 time, 1300.02 real, 3208 MB
[runlim] sample:		2733.74 time, 1310.02 real, 3209 MB
[runlim] sample:		2753.81 time, 1320.02 real, 3220 MB
[runlim] sample:		2773.88 time, 1330.02 real, 3223 MB
[runlim] sample:		2793.97 time, 1340.02 real, 3148 MB
[runlim] sample:		2814.02 time, 1350.02 real, 3321 MB
[runlim] sample:		2834.07 time, 1360.02 real, 3271 MB
[runlim] sample:		1490.81 time, 1370.02 real, 1517 MB
[runlim] sample:		2874.23 time, 1380.02 real, 3275 MB
[runlim] sample:		2894.30 time, 1390.02 real, 3275 MB
[runlim] sample:		2914.35 time, 1400.02 real, 3323 MB
[runlim] sample:		2934.40 time, 1410.02 real, 3459 MB
[runlim] sample:		2954.45 time, 1420.02 real, 3327 MB
[runlim] sample:		2974.51 time, 1430.02 real, 3403 MB
[runlim] sample:		1561.23 time, 1440.02 real, 1640 MB
[runlim] sample:		3014.64 time, 1450.02 real, 3407 MB
[runlim] sample:		3034.71 time, 1460.02 real, 3448 MB
[runlim] sample:		3054.78 time, 1470.02 real, 3473 MB
[runlim] sample:		3074.85 time, 1480.02 real, 3474 MB
[runlim] sample:		3094.91 time, 1490.02 real, 3477 MB
[runlim] sample:		3115.00 time, 1500.02 real, 3526 MB
[runlim] sample:		3135.08 time, 1510.02 real, 3526 MB
[runlim] sample:		3155.13 time, 1520.02 real, 3527 MB
[runlim] sample:		3175.22 time, 1530.02 real, 3541 MB
[runlim] sample:		3195.25 time, 1540.02 real, 3551 MB
[runlim] sample:		3215.32 time, 1550.02 real, 3616 MB
[runlim] sample:		3235.41 time, 1560.02 real, 3637 MB
[runlim] sample:		3255.48 time, 1570.02 real, 3618 MB
[runlim] sample:		3275.55 time, 1580.02 real, 3618 MB
[runlim] sample:		3295.60 time, 1590.02 real, 3581 MB
[runlim] sample:		3315.65 time, 1600.02 real, 3693 MB
[runlim] sample:		1732.39 time, 1610.02 real, 1691 MB
[runlim] sample:		3355.84 time, 1620.02 real, 3682 MB
[runlim] sample:		3375.89 time, 1630.02 real, 3510 MB
[runlim] sample:		3395.95 time, 1640.02 real, 3738 MB
[runlim] sample:		3416.03 time, 1650.02 real, 3506 MB
[runlim] sample:		3436.07 time, 1660.02 real, 3625 MB
[runlim] sample:		3456.12 time, 1670.02 real, 3729 MB
[runlim] sample:		3476.18 time, 1680.02 real, 3729 MB
[runlim] sample:		3496.28 time, 1690.02 real, 3746 MB
[runlim] sample:		1823.02 time, 1700.02 real, 1756 MB
[runlim] sample:		3536.39 time, 1710.02 real, 3796 MB
[runlim] sample:		3556.50 time, 1720.02 real, 3829 MB
[runlim] sample:		3576.54 time, 1730.02 real, 3814 MB
[runlim] sample:		3596.61 time, 1740.02 real, 3848 MB
[runlim] sample:		1873.36 time, 1750.02 real, 1755 MB
[runlim] sample:		3636.81 time, 1760.02 real, 3836 MB
[runlim] sample:		3656.84 time, 1770.02 real, 3839 MB
[runlim] sample:		3676.89 time, 1780.02 real, 3863 MB
[runlim] sample:		3697.00 time, 1790.02 real, 3839 MB
[runlim] sample:		3717.07 time, 1800.02 real, 3876 MB
[runlim] sample:		3737.13 time, 1810.02 real, 3860 MB
[runlim] sample:		1943.86 time, 1820.02 real, 1783 MB
[runlim] sample:		3777.26 time, 1830.02 real, 3887 MB
[runlim] sample:		3797.29 time, 1840.02 real, 3980 MB
[runlim] sample:		3817.35 time, 1850.02 real, 3880 MB
[runlim] sample:		3837.42 time, 1860.02 real, 3881 MB
[runlim] sample:		3857.48 time, 1870.02 real, 3978 MB
[runlim] sample:		3877.52 time, 1880.02 real, 4022 MB
[runlim] sample:		2014.26 time, 1890.02 real, 1874 MB
[runlim] sample:		3917.68 time, 1900.02 real, 3951 MB
[runlim] sample:		3937.73 time, 1910.02 real, 3821 MB
[runlim] sample:		3957.80 time, 1920.02 real, 4077 MB
[runlim] sample:		3977.86 time, 1930.02 real, 3848 MB
[runlim] sample:		3997.89 time, 1940.02 real, 4051 MB
[runlim] sample:		4017.95 time, 1950.02 real, 4073 MB
[runlim] sample:		4038.01 time, 1960.02 real, 4073 MB
[runlim] sample:		4058.06 time, 1970.02 real, 4074 MB
[runlim] sample:		4078.13 time, 1980.02 real, 4094 MB
[runlim] sample:		4098.17 time, 1990.02 real, 4103 MB
[runlim] sample:		4118.24 time, 2000.02 real, 4090 MB
[runlim] sample:		4138.28 time, 2010.02 real, 4118 MB
[runlim] sample:		4158.37 time, 2020.02 real, 4118 MB
[runlim] sample:		2155.08 time, 2030.02 real, 1870 MB
[runlim] sample:		4198.47 time, 2040.02 real, 4104 MB
[runlim] sample:		4218.56 time, 2050.02 real, 4120 MB
[runlim] sample:		4238.59 time, 2060.02 real, 4106 MB
[runlim] sample:		4258.65 time, 2070.02 real, 4106 MB
[runlim] sample:		4278.69 time, 2080.02 real, 4181 MB
[runlim] sample:		4298.75 time, 2090.02 real, 4186 MB
[runlim] sample:		4318.81 time, 2100.02 real, 4210 MB
[runlim] sample:		4338.87 time, 2110.02 real, 4221 MB
[runlim] sample:		4358.93 time, 2120.02 real, 4250 MB
[runlim] sample:		4378.99 time, 2130.02 real, 4264 MB
[runlim] sample:		4399.09 time, 2140.02 real, 4265 MB
[runlim] sample:		4419.15 time, 2150.02 real, 4271 MB
[runlim] sample:		4439.20 time, 2160.02 real, 4272 MB
[runlim] sample:		4459.30 time, 2170.02 real, 4266 MB
[runlim] sample:		4479.34 time, 2180.02 real, 4278 MB
[runlim] sample:		4499.43 time, 2190.02 real, 4278 MB
[runlim] sample:		2326.13 time, 2200.02 real, 1956 MB
[runlim] sample:		4539.56 time, 2210.02 real, 4288 MB
[runlim] sample:		4559.63 time, 2220.02 real, 4293 MB
[runlim] sample:		4579.69 time, 2230.02 real, 4310 MB
[runlim] sample:		4599.76 time, 2240.02 real, 4387 MB
[runlim] sample:		4619.83 time, 2250.02 real, 4339 MB
[runlim] sample:		4639.89 time, 2260.02 real, 4339 MB
[runlim] sample:		4659.93 time, 2270.02 real, 4370 MB
[runlim] sample:		4680.01 time, 2280.02 real, 4451 MB
[runlim] sample:		2416.73 time, 2290.02 real, 2038 MB
[runlim] sample:		4720.10 time, 2300.02 real, 4369 MB
[runlim] sample:		4740.15 time, 2310.02 real, 4359 MB
[runlim] sample:		4760.23 time, 2320.02 real, 4416 MB
[runlim] sample:		4780.32 time, 2330.02 real, 4420 MB
[runlim] sample:		2467.04 time, 2340.02 real, 2023 MB
[runlim] sample:		4820.45 time, 2350.02 real, 4523 MB
[runlim] sample:		4840.50 time, 2360.02 real, 4453 MB
[runlim] sample:		4860.54 time, 2370.02 real, 4489 MB
[runlim] sample:		4880.63 time, 2380.02 real, 4505 MB
[runlim] sample:		4900.67 time, 2390.02 real, 4508 MB
[runlim] sample:		4920.74 time, 2400.02 real, 4555 MB
[runlim] sample:		2537.47 time, 2410.02 real, 2124 MB
[runlim] sample:		4960.87 time, 2420.02 real, 4529 MB
[runlim] sample:		4980.90 time, 2430.02 real, 4550 MB
[runlim] sample:		5000.96 time, 2440.02 real, 4568 MB
[runlim] sample:		5021.04 time, 2450.02 real, 4575 MB
[runlim] sample:		5041.10 time, 2460.02 real, 4575 MB
[runlim] sample:		5061.14 time, 2470.02 real, 4559 MB
[runlim] sample:		2607.87 time, 2480.02 real, 2148 MB
[runlim] sample:		5101.26 time, 2490.02 real, 4618 MB
[runlim] sample:		5121.34 time, 2500.02 real, 4600 MB
[runlim] sample:		5141.40 time, 2510.02 real, 4603 MB
[runlim] sample:		5161.49 time, 2520.02 real, 4672 MB
[runlim] sample:		5181.52 time, 2530.02 real, 4682 MB
[runlim] sample:		5201.61 time, 2540.02 real, 4665 MB
[runlim] sample:		5221.70 time, 2550.02 real, 4709 MB
[runlim] sample:		5241.73 time, 2560.02 real, 4730 MB
[runlim] sample:		5261.80 time, 2570.02 real, 4713 MB
[runlim] sample:		5281.86 time, 2580.02 real, 4701 MB
[runlim] sample:		5301.91 time, 2590.02 real, 4723 MB
[runlim] sample:		5321.96 time, 2600.02 real, 4910 MB
[runlim] sample:		5342.01 time, 2610.02 real, 4928 MB
[runlim] sample:		5362.12 time, 2620.02 real, 4816 MB
[runlim] sample:		5382.16 time, 2630.02 real, 4815 MB
[runlim] sample:		5402.22 time, 2640.02 real, 4894 MB
[runlim] sample:		2778.91 time, 2650.02 real, 2229 MB
[runlim] sample:		5442.32 time, 2660.02 real, 4646 MB
[runlim] sample:		5462.40 time, 2670.02 real, 4942 MB
[runlim] sample:		5482.46 time, 2680.02 real, 4881 MB
[runlim] sample:		5502.53 time, 2690.02 real, 4904 MB
[runlim] sample:		5522.59 time, 2700.02 real, 4937 MB
[runlim] sample:		5542.67 time, 2710.02 real, 4974 MB
[runlim] sample:		2849.39 time, 2720.02 real, 2326 MB
[runlim] sample:		5582.78 time, 2730.02 real, 4998 MB
[runlim] sample:		5602.83 time, 2740.02 real, 4977 MB
[runlim] sample:		5622.87 time, 2750.02 real, 5015 MB
[runlim] sample:		5642.95 time, 2760.02 real, 5000 MB
[runlim] sample:		5662.98 time, 2770.02 real, 5000 MB
[runlim] sample:		5683.07 time, 2780.02 real, 5026 MB
[runlim] sample:		5703.11 time, 2790.02 real, 5013 MB
[runlim] sample:		5723.19 time, 2800.02 real, 5058 MB
[runlim] sample:		5743.23 time, 2810.02 real, 5031 MB
[runlim] sample:		5763.31 time, 2820.02 real, 5139 MB
[runlim] sample:		5783.36 time, 2830.02 real, 5060 MB
[runlim] sample:		5803.43 time, 2840.02 real, 5043 MB
[runlim] sample:		5823.50 time, 2850.02 real, 5088 MB
[runlim] sample:		2990.21 time, 2860.02 real, 2355 MB
[runlim] sample:		5863.59 time, 2870.02 real, 5116 MB
[runlim] sample:		5883.64 time, 2880.02 real, 5216 MB
[runlim] sample:		5903.67 time, 2890.02 real, 5252 MB
[runlim] sample:		5923.76 time, 2900.02 real, 5220 MB
[runlim] sample:		5943.81 time, 2910.02 real, 5257 MB
[runlim] sample:		5963.87 time, 2920.02 real, 5242 MB
[runlim] sample:		3060.64 time, 2930.02 real, 2508 MB
[runlim] sample:		6004.05 time, 2940.02 real, 5379 MB
[runlim] sample:		6024.14 time, 2950.02 real, 5308 MB
[runlim] sample:		6044.17 time, 2960.02 real, 5288 MB
[runlim] sample:		6064.26 time, 2970.02 real, 5319 MB
[runlim] sample:		6084.33 time, 2980.02 real, 5293 MB
[runlim] sample:		6104.38 time, 2990.02 real, 5325 MB
[runlim] sample:		6124.45 time, 3000.02 real, 5299 MB
[runlim] sample:		6144.50 time, 3010.02 real, 5343 MB
[runlim] sample:		6164.57 time, 3020.02 real, 5437 MB
[runlim] sample:		6184.60 time, 3030.02 real, 5421 MB
[runlim] sample:		6204.68 time, 3040.02 real, 5422 MB
[runlim] sample:		6224.74 time, 3050.02 real, 5583 MB
[runlim] sample:		6244.79 time, 3060.02 real, 5415 MB
[runlim] sample:		6264.84 time, 3070.02 real, 5458 MB
[runlim] sample:		6284.88 time, 3080.02 real, 5416 MB
[runlim] sample:		6304.96 time, 3090.02 real, 5523 MB
[runlim] sample:		6325.01 time, 3100.02 real, 5525 MB
[runlim] sample:		6345.08 time, 3110.02 real, 5557 MB
[runlim] sample:		6365.12 time, 3120.02 real, 5280 MB
[runlim] sample:		6385.16 time, 3130.02 real, 5524 MB
[runlim] sample:		6405.24 time, 3140.02 real, 5654 MB
[runlim] sample:		6425.31 time, 3150.02 real, 5548 MB
[runlim] sample:		6445.37 time, 3160.02 real, 5466 MB
[runlim] sample:		3302.11 time, 3170.02 real, 2685 MB
[runlim] sample:		6485.49 time, 3180.02 real, 5619 MB
[runlim] sample:		6505.56 time, 3190.02 real, 5613 MB
[runlim] sample:		6525.61 time, 3200.02 real, 5665 MB
[runlim] sample:		6545.66 time, 3210.02 real, 5618 MB
[runlim] sample:		6565.72 time, 3220.02 real, 5643 MB
[runlim] sample:		6585.79 time, 3230.02 real, 5680 MB
[runlim] sample:		3372.52 time, 3240.02 real, 2689 MB
[runlim] sample:		6625.91 time, 3250.02 real, 5676 MB
[runlim] sample:		6645.95 time, 3260.02 real, 5649 MB
[runlim] sample:		6665.99 time, 3270.02 real, 5672 MB
[runlim] sample:		6686.05 time, 3280.02 real, 5654 MB
[runlim] sample:		6706.10 time, 3290.02 real, 5694 MB
[runlim] sample:		6726.14 time, 3300.02 real, 5666 MB
[runlim] sample:		3442.90 time, 3310.02 real, 2721 MB
[runlim] sample:		6766.28 time, 3320.02 real, 5649 MB
[runlim] sample:		6786.35 time, 3330.02 real, 5687 MB
[runlim] sample:		6806.40 time, 3340.02 real, 5708 MB
[runlim] sample:		6826.47 time, 3350.02 real, 5821 MB
[runlim] sample:		3493.18 time, 3360.02 real, 2747 MB
[runlim] sample:		6866.55 time, 3370.02 real, 5860 MB
[runlim] sample:		6886.63 time, 3380.02 real, 5877 MB
[runlim] sample:		6906.71 time, 3390.02 real, 5899 MB
[runlim] sample:		6926.78 time, 3400.02 real, 5920 MB
[runlim] sample:		6946.83 time, 3410.02 real, 5918 MB
[runlim] sample:		6966.93 time, 3420.02 real, 5943 MB
[runlim] sample:		6986.98 time, 3430.02 real, 5896 MB
[runlim] sample:		7007.03 time, 3440.02 real, 5923 MB
[runlim] sample:		7027.12 time, 3450.02 real, 5954 MB
[runlim] sample:		7047.18 time, 3460.02 real, 5923 MB
[runlim] sample:		7067.25 time, 3470.02 real, 5948 MB
[runlim] sample:		3613.96 time, 3480.02 real, 2802 MB
[runlim] sample:		7107.37 time, 3490.02 real, 5950 MB
[runlim] sample:		7127.43 time, 3500.02 real, 5962 MB
[runlim] sample:		7147.51 time, 3510.02 real, 5988 MB
[runlim] sample:		7167.57 time, 3520.02 real, 5946 MB
[runlim] sample:		7187.61 time, 3530.02 real, 6068 MB
[runlim] sample:		7207.66 time, 3540.02 real, 5825 MB
[runlim] sample:		7227.72 time, 3550.02 real, 6121 MB
[runlim] sample:		35665.48 time, 3560.02 real, 4735 MB
[runlim] sample:		35665.50 time, 3570.02 real, 4735 MB
[runlim] end:			Fri Oct 18 21:39:43 2019
[runlim] status:		ok
[runlim] result:		0
[runlim] children:		4437
[runlim] real:			3575.17 seconds
[runlim] time:			35665.80 seconds
[runlim] space:			6291 MB
[runlim] samples:		35751
