[runlim] version:		1.17
[runlim] host:			c3n16
[runlim] time limit:		311040000 seconds
[runlim] real time limit:	3600 seconds
[runlim] space limit:		120000 MB
[runlim] argv[0]:		./run-avr.sh
[runlim] argv[1]:		/tmp/VeBM5uVH.btor
[runlim] start:			Fri Oct 18 20:51:12 2019
[runlim] child:			27192
[runlim] sample:		13.54 time, 10.02 real, 257 MB
[runlim] sample:		33.63 time, 20.02 real, 530 MB
[runlim] sample:		53.73 time, 30.02 real, 825 MB
[runlim] sample:		73.84 time, 40.02 real, 997 MB
[runlim] sample:		50.59 time, 50.02 real, 161 MB
[runlim] sample:		113.98 time, 60.02 real, 1422 MB
[runlim] sample:		134.13 time, 70.02 real, 1683 MB
[runlim] sample:		154.20 time, 80.02 real, 1779 MB
[runlim] sample:		90.92 time, 90.02 real, 249 MB
[runlim] sample:		194.30 time, 100.02 real, 1954 MB
[runlim] sample:		214.39 time, 110.02 real, 2215 MB
[runlim] sample:		234.47 time, 120.02 real, 2145 MB
[runlim] sample:		254.54 time, 130.02 real, 2212 MB
[runlim] sample:		274.60 time, 140.02 real, 2332 MB
[runlim] sample:		294.68 time, 150.02 real, 2419 MB
[runlim] sample:		314.75 time, 160.02 real, 2457 MB
[runlim] sample:		334.86 time, 170.02 real, 2787 MB
[runlim] sample:		354.92 time, 180.02 real, 2861 MB
[runlim] sample:		374.99 time, 190.02 real, 2949 MB
[runlim] sample:		395.07 time, 200.02 real, 3060 MB
[runlim] sample:		415.12 time, 210.02 real, 3286 MB
[runlim] sample:		435.19 time, 220.02 real, 3280 MB
[runlim] sample:		455.24 time, 230.02 real, 3256 MB
[runlim] sample:		475.29 time, 240.02 real, 3215 MB
[runlim] sample:		495.39 time, 250.02 real, 3506 MB
[runlim] sample:		262.15 time, 260.02 real, 467 MB
[runlim] sample:		535.54 time, 270.02 real, 3498 MB
[runlim] sample:		282.28 time, 280.02 real, 496 MB
[runlim] sample:		575.67 time, 290.02 real, 3764 MB
[runlim] sample:		595.73 time, 300.02 real, 3794 MB
[runlim] sample:		615.83 time, 310.02 real, 3963 MB
[runlim] sample:		635.89 time, 320.02 real, 4190 MB
[runlim] sample:		655.96 time, 330.02 real, 4227 MB
[runlim] sample:		676.03 time, 340.02 real, 4295 MB
[runlim] sample:		696.09 time, 350.02 real, 4394 MB
[runlim] sample:		716.17 time, 360.02 real, 4474 MB
[runlim] sample:		736.23 time, 370.02 real, 4443 MB
[runlim] sample:		756.30 time, 380.02 real, 4484 MB
[runlim] sample:		776.36 time, 390.02 real, 4452 MB
[runlim] sample:		796.44 time, 400.02 real, 4718 MB
[runlim] sample:		816.51 time, 410.02 real, 4669 MB
[runlim] sample:		836.57 time, 420.02 real, 4673 MB
[runlim] sample:		856.62 time, 430.02 real, 4855 MB
[runlim] sample:		876.73 time, 440.02 real, 5048 MB
[runlim] sample:		896.79 time, 450.02 real, 4979 MB
[runlim] sample:		916.86 time, 460.02 real, 4899 MB
[runlim] sample:		473.61 time, 470.02 real, 654 MB
[runlim] sample:		1430.74 time, 480.02 real, 1851 MB
[runlim] sample:		1450.75 time, 490.02 real, 2014 MB
[runlim] sample:		1470.81 time, 500.02 real, 2033 MB
[runlim] sample:		1490.85 time, 510.02 real, 2034 MB
[runlim] sample:		1510.92 time, 520.02 real, 2036 MB
[runlim] sample:		1530.98 time, 530.02 real, 2037 MB
[runlim] sample:		1551.03 time, 540.02 real, 2058 MB
[runlim] sample:		1571.13 time, 550.02 real, 2058 MB
[runlim] sample:		1591.20 time, 560.02 real, 2059 MB
[runlim] sample:		1611.26 time, 570.02 real, 2064 MB
[runlim] sample:		1631.30 time, 580.02 real, 2064 MB
[runlim] sample:		1651.33 time, 590.02 real, 2064 MB
[runlim] sample:		1671.38 time, 600.02 real, 2225 MB
[runlim] sample:		1691.43 time, 610.02 real, 2248 MB
[runlim] sample:		1711.49 time, 620.02 real, 2248 MB
[runlim] sample:		1731.59 time, 630.02 real, 2249 MB
[runlim] sample:		1751.65 time, 640.02 real, 2254 MB
[runlim] sample:		1127.62 time, 650.02 real, 793 MB
[runlim] sample:		1791.76 time, 660.02 real, 2368 MB
[runlim] sample:		1811.81 time, 670.02 real, 2390 MB
[runlim] sample:		1831.85 time, 680.02 real, 2400 MB
[runlim] sample:		1851.93 time, 690.02 real, 2467 MB
[runlim] sample:		1871.98 time, 700.02 real, 2485 MB
[runlim] sample:		1892.03 time, 710.02 real, 2503 MB
[runlim] sample:		1912.07 time, 720.02 real, 2533 MB
[runlim] sample:		1932.13 time, 730.02 real, 2554 MB
[runlim] sample:		1952.20 time, 740.02 real, 2581 MB
[runlim] sample:		1972.27 time, 750.02 real, 2609 MB
[runlim] sample:		1992.33 time, 760.02 real, 2638 MB
[runlim] sample:		2012.41 time, 770.02 real, 2662 MB
[runlim] sample:		2032.47 time, 780.02 real, 2672 MB
[runlim] sample:		2052.53 time, 790.02 real, 2673 MB
[runlim] sample:		2072.60 time, 800.02 real, 2673 MB
[runlim] sample:		2092.65 time, 810.02 real, 2673 MB
[runlim] sample:		2112.69 time, 820.02 real, 2680 MB
[runlim] sample:		2132.80 time, 830.02 real, 2680 MB
[runlim] sample:		2152.86 time, 840.02 real, 2680 MB
[runlim] sample:		2172.92 time, 850.02 real, 2701 MB
[runlim] sample:		2192.99 time, 860.02 real, 2727 MB
[runlim] sample:		2213.06 time, 870.02 real, 2754 MB
[runlim] sample:		2233.11 time, 880.02 real, 2766 MB
[runlim] sample:		2253.18 time, 890.02 real, 2783 MB
[runlim] sample:		2273.31 time, 900.02 real, 2814 MB
[runlim] sample:		2293.38 time, 910.02 real, 2970 MB
[runlim] sample:		2313.45 time, 920.02 real, 2970 MB
[runlim] sample:		1409.44 time, 930.02 real, 873 MB
[runlim] sample:		2353.54 time, 940.02 real, 2970 MB
[runlim] sample:		2373.62 time, 950.02 real, 2972 MB
[runlim] sample:		2393.67 time, 960.02 real, 3010 MB
[runlim] sample:		2413.73 time, 970.02 real, 3143 MB
[runlim] sample:		2433.79 time, 980.02 real, 3143 MB
[runlim] sample:		2453.85 time, 990.02 real, 3143 MB
[runlim] sample:		2473.95 time, 1000.02 real, 3147 MB
[runlim] sample:		2494.02 time, 1010.02 real, 3186 MB
[runlim] sample:		2514.09 time, 1020.02 real, 3207 MB
[runlim] sample:		2534.14 time, 1030.02 real, 3208 MB
[runlim] sample:		2554.23 time, 1040.02 real, 3208 MB
[runlim] sample:		1530.22 time, 1050.02 real, 1072 MB
[runlim] sample:		2594.34 time, 1060.02 real, 3230 MB
[runlim] sample:		2614.43 time, 1070.02 real, 3206 MB
[runlim] sample:		2634.49 time, 1080.02 real, 3220 MB
[runlim] sample:		2654.55 time, 1090.02 real, 3309 MB
[runlim] sample:		2674.59 time, 1100.02 real, 3338 MB
[runlim] sample:		2694.66 time, 1110.02 real, 3357 MB
[runlim] sample:		2714.72 time, 1120.02 real, 3377 MB
[runlim] sample:		2734.76 time, 1130.02 real, 3395 MB
[runlim] sample:		2754.83 time, 1140.02 real, 3420 MB
[runlim] sample:		2774.92 time, 1150.02 real, 3441 MB
[runlim] sample:		2794.97 time, 1160.02 real, 3602 MB
[runlim] sample:		2815.02 time, 1170.02 real, 3630 MB
[runlim] sample:		2835.09 time, 1180.02 real, 3630 MB
[runlim] sample:		2855.18 time, 1190.02 real, 3630 MB
[runlim] sample:		2875.25 time, 1200.02 real, 3630 MB
[runlim] sample:		2895.33 time, 1210.02 real, 3630 MB
[runlim] sample:		2915.36 time, 1220.02 real, 3630 MB
[runlim] sample:		2935.44 time, 1230.02 real, 3631 MB
[runlim] sample:		2955.51 time, 1240.02 real, 3631 MB
[runlim] sample:		2975.59 time, 1250.02 real, 3631 MB
[runlim] sample:		2995.65 time, 1260.02 real, 3657 MB
[runlim] sample:		3015.71 time, 1270.02 real, 3683 MB
[runlim] sample:		3035.80 time, 1280.02 real, 3705 MB
[runlim] sample:		3055.85 time, 1290.02 real, 3706 MB
[runlim] sample:		3075.91 time, 1300.02 real, 3706 MB
[runlim] sample:		1791.90 time, 1310.02 real, 1179 MB
[runlim] sample:		3116.06 time, 1320.02 real, 3727 MB
[runlim] sample:		3136.11 time, 1330.02 real, 3753 MB
[runlim] sample:		3156.16 time, 1340.02 real, 3894 MB
[runlim] sample:		3176.26 time, 1350.02 real, 3896 MB
[runlim] sample:		3196.30 time, 1360.02 real, 3981 MB
[runlim] sample:		3216.34 time, 1370.02 real, 3981 MB
[runlim] sample:		3236.41 time, 1380.02 real, 3988 MB
[runlim] sample:		3256.50 time, 1390.02 real, 3988 MB
[runlim] sample:		3276.57 time, 1400.02 real, 3988 MB
[runlim] sample:		3296.63 time, 1410.02 real, 3988 MB
[runlim] sample:		3316.73 time, 1420.02 real, 3988 MB
[runlim] sample:		3336.80 time, 1430.02 real, 3988 MB
[runlim] sample:		3356.90 time, 1440.02 real, 3988 MB
[runlim] sample:		1932.88 time, 1450.02 real, 1179 MB
[runlim] sample:		3397.04 time, 1460.02 real, 3988 MB
[runlim] sample:		3417.09 time, 1470.02 real, 3988 MB
[runlim] sample:		3437.15 time, 1480.02 real, 3988 MB
[runlim] sample:		3457.25 time, 1490.02 real, 4042 MB
[runlim] sample:		3477.32 time, 1500.02 real, 4047 MB
[runlim] sample:		3497.40 time, 1510.02 real, 4064 MB
[runlim] sample:		2003.40 time, 1520.02 real, 1179 MB
[runlim] sample:		3537.54 time, 1530.02 real, 4132 MB
[runlim] sample:		3557.59 time, 1540.02 real, 4143 MB
[runlim] sample:		3577.65 time, 1550.02 real, 4172 MB
[runlim] sample:		3597.72 time, 1560.02 real, 4209 MB
[runlim] sample:		3617.78 time, 1570.02 real, 4220 MB
[runlim] sample:		3637.83 time, 1580.02 real, 4243 MB
[runlim] sample:		3657.89 time, 1590.02 real, 4273 MB
[runlim] sample:		3677.95 time, 1600.02 real, 4310 MB
[runlim] sample:		3697.98 time, 1610.02 real, 4347 MB
[runlim] sample:		3718.07 time, 1620.02 real, 4356 MB
[runlim] sample:		3738.15 time, 1630.02 real, 4565 MB
[runlim] sample:		3758.19 time, 1640.02 real, 4645 MB
[runlim] sample:		3778.22 time, 1650.02 real, 4655 MB
[runlim] sample:		2144.23 time, 1660.02 real, 1264 MB
[runlim] sample:		3818.36 time, 1670.02 real, 4673 MB
[runlim] sample:		3838.43 time, 1680.02 real, 4690 MB
[runlim] sample:		3858.50 time, 1690.02 real, 4710 MB
[runlim] sample:		3878.58 time, 1700.02 real, 4768 MB
[runlim] sample:		3898.66 time, 1710.02 real, 4801 MB
[runlim] sample:		3918.69 time, 1720.02 real, 4822 MB
[runlim] sample:		2214.71 time, 1730.02 real, 1343 MB
[runlim] sample:		3958.86 time, 1740.02 real, 4892 MB
[runlim] sample:		3978.94 time, 1750.02 real, 4941 MB
[runlim] sample:		3998.98 time, 1760.02 real, 4971 MB
[runlim] sample:		4019.08 time, 1770.02 real, 5021 MB
[runlim] sample:		4039.16 time, 1780.02 real, 5031 MB
[runlim] sample:		4059.21 time, 1790.02 real, 5081 MB
[runlim] sample:		2285.21 time, 1800.02 real, 1401 MB
[runlim] sample:		4099.35 time, 1810.02 real, 5147 MB
[runlim] sample:		4119.39 time, 1820.02 real, 5177 MB
[runlim] sample:		4139.47 time, 1830.02 real, 5221 MB
[runlim] sample:		4159.53 time, 1840.02 real, 5280 MB
[runlim] sample:		4179.56 time, 1850.02 real, 5344 MB
[runlim] sample:		4199.63 time, 1860.02 real, 5370 MB
[runlim] sample:		2355.63 time, 1870.02 real, 1464 MB
[runlim] sample:		4239.77 time, 1880.02 real, 5444 MB
[runlim] sample:		4259.83 time, 1890.02 real, 5489 MB
[runlim] sample:		4279.87 time, 1900.02 real, 5521 MB
[runlim] sample:		4299.96 time, 1910.02 real, 5549 MB
[runlim] sample:		4320.00 time, 1920.02 real, 5582 MB
[runlim] sample:		4340.05 time, 1930.02 real, 5629 MB
[runlim] sample:		2426.06 time, 1940.02 real, 1527 MB
[runlim] sample:		4380.19 time, 1950.02 real, 5703 MB
[runlim] sample:		4400.26 time, 1960.02 real, 5732 MB
[runlim] sample:		4420.32 time, 1970.02 real, 5751 MB
[runlim] sample:		4440.42 time, 1980.02 real, 5782 MB
[runlim] sample:		2476.41 time, 1990.02 real, 1559 MB
[runlim] sample:		4480.54 time, 2000.02 real, 5849 MB
[runlim] sample:		4500.63 time, 2010.02 real, 5856 MB
[runlim] sample:		4520.69 time, 2020.02 real, 5861 MB
[runlim] sample:		4540.74 time, 2030.02 real, 5865 MB
[runlim] sample:		4560.81 time, 2040.02 real, 5870 MB
[runlim] sample:		4580.87 time, 2050.02 real, 5876 MB
[runlim] sample:		4600.91 time, 2060.02 real, 5882 MB
[runlim] sample:		4620.98 time, 2070.02 real, 5889 MB
[runlim] sample:		4641.04 time, 2080.02 real, 5895 MB
[runlim] sample:		4661.10 time, 2090.02 real, 5899 MB
[runlim] sample:		4681.18 time, 2100.02 real, 5908 MB
[runlim] sample:		4701.20 time, 2110.02 real, 5921 MB
[runlim] sample:		4721.28 time, 2120.02 real, 5924 MB
[runlim] sample:		4741.33 time, 2130.02 real, 5931 MB
[runlim] sample:		4761.40 time, 2140.02 real, 5936 MB
[runlim] sample:		4781.50 time, 2150.02 real, 5940 MB
[runlim] sample:		4801.53 time, 2160.02 real, 5945 MB
[runlim] sample:		4821.59 time, 2170.02 real, 5954 MB
[runlim] sample:		4841.64 time, 2180.02 real, 6010 MB
[runlim] sample:		4861.71 time, 2190.02 real, 6023 MB
[runlim] sample:		4881.75 time, 2200.02 real, 6067 MB
[runlim] sample:		4901.82 time, 2210.02 real, 6118 MB
[runlim] sample:		4921.90 time, 2220.02 real, 6165 MB
[runlim] sample:		4941.95 time, 2230.02 real, 6212 MB
[runlim] sample:		4962.03 time, 2240.02 real, 6250 MB
[runlim] sample:		2738.01 time, 2250.02 real, 1702 MB
[runlim] sample:		5002.16 time, 2260.02 real, 6334 MB
[runlim] sample:		5022.22 time, 2270.02 real, 6391 MB
[runlim] sample:		5042.25 time, 2280.02 real, 6442 MB
[runlim] sample:		5062.33 time, 2290.02 real, 6495 MB
[runlim] sample:		5082.40 time, 2300.02 real, 6505 MB
[runlim] sample:		5102.44 time, 2310.02 real, 6558 MB
[runlim] sample:		5122.53 time, 2320.02 real, 6592 MB
[runlim] sample:		5142.59 time, 2330.02 real, 6624 MB
[runlim] sample:		2828.60 time, 2340.02 real, 1757 MB
[runlim] sample:		5182.73 time, 2350.02 real, 6677 MB
[runlim] sample:		5202.79 time, 2360.02 real, 6709 MB
[runlim] sample:		5222.85 time, 2370.02 real, 6743 MB
[runlim] sample:		5242.91 time, 2380.02 real, 6768 MB
[runlim] sample:		2878.89 time, 2390.02 real, 1786 MB
[runlim] sample:		5283.06 time, 2400.02 real, 6806 MB
[runlim] sample:		5303.10 time, 2410.02 real, 6858 MB
[runlim] sample:		5323.18 time, 2420.02 real, 6886 MB
[runlim] sample:		5343.24 time, 2430.02 real, 6935 MB
[runlim] sample:		5363.29 time, 2440.02 real, 7017 MB
[runlim] sample:		5383.35 time, 2450.02 real, 7198 MB
[runlim] sample:		2949.33 time, 2460.02 real, 1860 MB
[runlim] sample:		5423.48 time, 2470.02 real, 7242 MB
[runlim] sample:		5443.52 time, 2480.02 real, 7376 MB
[runlim] sample:		5463.59 time, 2490.02 real, 7386 MB
[runlim] sample:		5483.65 time, 2500.02 real, 7395 MB
[runlim] sample:		5503.72 time, 2510.02 real, 7398 MB
[runlim] sample:		5523.77 time, 2520.02 real, 7405 MB
[runlim] sample:		5543.82 time, 2530.02 real, 7411 MB
[runlim] sample:		5563.90 time, 2540.02 real, 7414 MB
[runlim] sample:		5583.93 time, 2550.02 real, 7416 MB
[runlim] sample:		5603.98 time, 2560.02 real, 7417 MB
[runlim] sample:		5624.07 time, 2570.02 real, 7422 MB
[runlim] sample:		5644.12 time, 2580.02 real, 7429 MB
[runlim] sample:		5664.17 time, 2590.02 real, 7437 MB
[runlim] sample:		3090.15 time, 2600.02 real, 1940 MB
[runlim] sample:		5704.30 time, 2610.02 real, 7448 MB
[runlim] sample:		5724.36 time, 2620.02 real, 7454 MB
[runlim] sample:		5744.42 time, 2630.02 real, 7458 MB
[runlim] sample:		5764.51 time, 2640.02 real, 7466 MB
[runlim] sample:		5784.55 time, 2650.02 real, 7470 MB
[runlim] sample:		5804.64 time, 2660.02 real, 7478 MB
[runlim] sample:		5824.68 time, 2670.02 real, 7485 MB
[runlim] sample:		5844.75 time, 2680.02 real, 7509 MB
[runlim] sample:		5864.81 time, 2690.02 real, 7564 MB
[runlim] sample:		5884.85 time, 2700.02 real, 7603 MB
[runlim] sample:		5904.93 time, 2710.02 real, 7663 MB
[runlim] sample:		5924.97 time, 2720.02 real, 7700 MB
[runlim] sample:		5945.04 time, 2730.02 real, 7745 MB
[runlim] sample:		3231.07 time, 2740.02 real, 2016 MB
[runlim] sample:		5985.21 time, 2750.02 real, 7801 MB
[runlim] sample:		6005.26 time, 2760.02 real, 7839 MB
[runlim] sample:		6025.33 time, 2770.02 real, 7878 MB
[runlim] sample:		6045.45 time, 2780.02 real, 7896 MB
[runlim] sample:		6065.49 time, 2790.02 real, 7926 MB
[runlim] sample:		6085.60 time, 2800.02 real, 7968 MB
[runlim] sample:		3301.59 time, 2810.02 real, 2043 MB
[runlim] sample:		6125.72 time, 2820.02 real, 8048 MB
[runlim] sample:		6145.77 time, 2830.02 real, 8101 MB
[runlim] sample:		6165.84 time, 2840.02 real, 8119 MB
[runlim] sample:		6185.91 time, 2850.02 real, 8136 MB
[runlim] sample:		6205.94 time, 2860.02 real, 8171 MB
[runlim] sample:		6226.02 time, 2870.02 real, 8193 MB
[runlim] sample:		6246.06 time, 2880.02 real, 8242 MB
[runlim] sample:		6266.13 time, 2890.02 real, 8251 MB
[runlim] sample:		6286.19 time, 2900.02 real, 8301 MB
[runlim] sample:		6306.25 time, 2910.02 real, 8330 MB
[runlim] sample:		6326.31 time, 2920.02 real, 8369 MB
[runlim] sample:		6346.38 time, 2930.02 real, 8432 MB
[runlim] sample:		6366.43 time, 2940.02 real, 8464 MB
[runlim] sample:		6386.50 time, 2950.02 real, 8493 MB
[runlim] sample:		6406.58 time, 2960.02 real, 8534 MB
[runlim] sample:		6426.65 time, 2970.02 real, 8548 MB
[runlim] sample:		6446.72 time, 2980.02 real, 8590 MB
[runlim] sample:		6466.80 time, 2990.02 real, 8623 MB
[runlim] sample:		6486.84 time, 3000.02 real, 8643 MB
[runlim] sample:		6506.93 time, 3010.02 real, 8666 MB
[runlim] sample:		6526.98 time, 3020.02 real, 8673 MB
[runlim] sample:		6547.05 time, 3030.02 real, 8707 MB
[runlim] sample:		3533.04 time, 3040.02 real, 2172 MB
[runlim] sample:		6587.18 time, 3050.02 real, 8745 MB
[runlim] sample:		6607.25 time, 3060.02 real, 8781 MB
[runlim] sample:		6627.33 time, 3070.02 real, 8838 MB
[runlim] sample:		6647.38 time, 3080.02 real, 8852 MB
[runlim] sample:		6667.43 time, 3090.02 real, 8899 MB
[runlim] sample:		6687.55 time, 3100.02 real, 8947 MB
[runlim] sample:		6707.63 time, 3110.02 real, 8992 MB
[runlim] sample:		6727.74 time, 3120.02 real, 8996 MB
[runlim] sample:		3623.76 time, 3130.02 real, 2205 MB
[runlim] sample:		6767.90 time, 3140.02 real, 9058 MB
[runlim] sample:		6787.97 time, 3150.02 real, 9090 MB
[runlim] sample:		6808.02 time, 3160.02 real, 9119 MB
[runlim] sample:		6828.09 time, 3170.02 real, 9157 MB
[runlim] sample:		6848.14 time, 3180.02 real, 9182 MB
[runlim] sample:		6868.24 time, 3190.02 real, 9205 MB
[runlim] sample:		3694.23 time, 3200.02 real, 2238 MB
[runlim] sample:		6908.37 time, 3210.02 real, 9259 MB
[runlim] sample:		6928.46 time, 3220.02 real, 9275 MB
[runlim] sample:		6948.51 time, 3230.02 real, 9315 MB
[runlim] sample:		6968.57 time, 3240.02 real, 9335 MB
[runlim] sample:		6988.64 time, 3250.02 real, 9370 MB
[runlim] sample:		7008.67 time, 3260.02 real, 9408 MB
[runlim] sample:		3764.67 time, 3270.02 real, 2269 MB
[runlim] sample:		7048.77 time, 3280.02 real, 9909 MB
[runlim] sample:		7068.82 time, 3290.02 real, 9921 MB
[runlim] sample:		7088.89 time, 3300.02 real, 9968 MB
[runlim] sample:		7108.96 time, 3310.02 real, 10088 MB
[runlim] sample:		7129.04 time, 3320.02 real, 10168 MB
[runlim] sample:		7149.09 time, 3330.02 real, 10173 MB
[runlim] sample:		3835.11 time, 3340.02 real, 2319 MB
[runlim] sample:		7189.22 time, 3350.02 real, 10191 MB
[runlim] sample:		7209.30 time, 3360.02 real, 10202 MB
[runlim] sample:		7229.34 time, 3370.02 real, 10232 MB
[runlim] sample:		7249.46 time, 3380.02 real, 10280 MB
[runlim] sample:		7269.48 time, 3390.02 real, 10347 MB
[runlim] sample:		7289.53 time, 3400.02 real, 10355 MB
[runlim] sample:		3905.57 time, 3410.02 real, 2351 MB
[runlim] sample:		7329.69 time, 3420.02 real, 10412 MB
[runlim] sample:		7349.71 time, 3430.02 real, 10417 MB
[runlim] sample:		7369.77 time, 3440.02 real, 10452 MB
[runlim] sample:		7389.84 time, 3450.02 real, 10522 MB
[runlim] sample:		7409.91 time, 3460.02 real, 10539 MB
[runlim] sample:		7429.95 time, 3470.02 real, 10599 MB
[runlim] sample:		3975.97 time, 3480.02 real, 2362 MB
[runlim] sample:		7470.10 time, 3490.02 real, 10653 MB
[runlim] sample:		7490.14 time, 3500.02 real, 10692 MB
[runlim] sample:		7510.19 time, 3510.02 real, 10757 MB
[runlim] sample:		7530.29 time, 3520.02 real, 10811 MB
[runlim] sample:		7550.35 time, 3530.02 real, 10841 MB
[runlim] sample:		7570.42 time, 3540.02 real, 10893 MB
[runlim] sample:		4046.46 time, 3550.02 real, 2399 MB
[runlim] sample:		34319.98 time, 3560.02 real, 3168 MB
[runlim] sample:		34319.98 time, 3570.02 real, 3168 MB
[runlim] end:			Fri Oct 18 21:50:47 2019
[runlim] status:		ok
[runlim] result:		0
[runlim] children:		4680
[runlim] real:			3574.75 seconds
[runlim] time:			34319.99 seconds
[runlim] space:			10959 MB
[runlim] samples:		35747
