[runlim] version:		1.17
[runlim] host:			c3n25
[runlim] time limit:		311040000 seconds
[runlim] real time limit:	3600 seconds
[runlim] space limit:		120000 MB
[runlim] argv[0]:		./run-avr.sh
[runlim] argv[1]:		/tmp/CF8BMDsi.btor
[runlim] start:			Fri Oct 18 20:18:18 2019
[runlim] child:			4886
[runlim] sample:		13.47 time, 10.02 real, 336 MB
[runlim] sample:		20.35 time, 20.02 real, 179 MB
[runlim] sample:		53.69 time, 30.02 real, 489 MB
[runlim] sample:		73.78 time, 40.02 real, 497 MB
[runlim] sample:		93.85 time, 50.02 real, 519 MB
[runlim] sample:		113.94 time, 60.02 real, 528 MB
[runlim] sample:		134.00 time, 70.02 real, 552 MB
[runlim] sample:		154.06 time, 80.02 real, 567 MB
[runlim] sample:		174.13 time, 90.02 real, 568 MB
[runlim] sample:		194.20 time, 100.02 real, 569 MB
[runlim] sample:		214.27 time, 110.02 real, 569 MB
[runlim] sample:		234.34 time, 120.02 real, 571 MB
[runlim] sample:		254.40 time, 130.02 real, 665 MB
[runlim] sample:		274.48 time, 140.02 real, 665 MB
[runlim] sample:		294.52 time, 150.02 real, 631 MB
[runlim] sample:		314.60 time, 160.02 real, 650 MB
[runlim] sample:		171.45 time, 170.02 real, 279 MB
[runlim] sample:		354.79 time, 180.02 real, 652 MB
[runlim] sample:		374.85 time, 190.02 real, 654 MB
[runlim] sample:		394.93 time, 200.02 real, 656 MB
[runlim] sample:		211.79 time, 210.02 real, 320 MB
[runlim] sample:		435.10 time, 220.02 real, 710 MB
[runlim] sample:		455.13 time, 230.02 real, 775 MB
[runlim] sample:		475.22 time, 240.02 real, 763 MB
[runlim] sample:		252.06 time, 250.02 real, 390 MB
[runlim] sample:		515.34 time, 260.02 real, 763 MB
[runlim] sample:		535.38 time, 270.02 real, 763 MB
[runlim] sample:		555.46 time, 280.02 real, 764 MB
[runlim] sample:		575.53 time, 290.02 real, 764 MB
[runlim] sample:		595.57 time, 300.02 real, 764 MB
[runlim] sample:		615.63 time, 310.02 real, 764 MB
[runlim] sample:		635.70 time, 320.02 real, 783 MB
[runlim] sample:		655.77 time, 330.02 real, 832 MB
[runlim] sample:		675.84 time, 340.02 real, 860 MB
[runlim] sample:		695.91 time, 350.02 real, 897 MB
[runlim] sample:		715.96 time, 360.02 real, 914 MB
[runlim] sample:		736.03 time, 370.02 real, 936 MB
[runlim] sample:		756.10 time, 380.02 real, 1019 MB
[runlim] sample:		776.17 time, 390.02 real, 1032 MB
[runlim] sample:		796.24 time, 400.02 real, 1046 MB
[runlim] sample:		816.31 time, 410.02 real, 1071 MB
[runlim] sample:		836.39 time, 420.02 real, 1117 MB
[runlim] sample:		856.46 time, 430.02 real, 1153 MB
[runlim] sample:		876.51 time, 440.02 real, 1154 MB
[runlim] sample:		896.60 time, 450.02 real, 1197 MB
[runlim] sample:		463.44 time, 460.02 real, 792 MB
[runlim] sample:		936.72 time, 470.02 real, 1242 MB
[runlim] sample:		483.56 time, 480.02 real, 794 MB
[runlim] sample:		1460.13 time, 490.02 real, 1204 MB
[runlim] sample:		1480.22 time, 500.02 real, 1224 MB
[runlim] sample:		1500.28 time, 510.02 real, 1247 MB
[runlim] sample:		1520.35 time, 520.02 real, 1242 MB
[runlim] sample:		1540.39 time, 530.02 real, 1264 MB
[runlim] sample:		1560.47 time, 540.02 real, 1248 MB
[runlim] sample:		1580.55 time, 550.02 real, 1273 MB
[runlim] sample:		1600.59 time, 560.02 real, 1283 MB
[runlim] sample:		1620.65 time, 570.02 real, 1348 MB
[runlim] sample:		1640.70 time, 580.02 real, 1352 MB
[runlim] sample:		1660.76 time, 590.02 real, 1355 MB
[runlim] sample:		1680.83 time, 600.02 real, 1356 MB
[runlim] sample:		1700.88 time, 610.02 real, 1356 MB
[runlim] sample:		1107.72 time, 620.02 real, 982 MB
[runlim] sample:		1741.04 time, 630.02 real, 1447 MB
[runlim] sample:		1761.08 time, 640.02 real, 1484 MB
[runlim] sample:		1781.14 time, 650.02 real, 1485 MB
[runlim] sample:		1801.20 time, 660.02 real, 1485 MB
[runlim] sample:		1821.25 time, 670.02 real, 1490 MB
[runlim] sample:		1841.30 time, 680.02 real, 1571 MB
[runlim] sample:		1861.34 time, 690.02 real, 1571 MB
[runlim] sample:		1881.40 time, 700.02 real, 1586 MB
[runlim] sample:		1901.46 time, 710.02 real, 1586 MB
[runlim] sample:		1921.51 time, 720.02 real, 1587 MB
[runlim] sample:		1941.59 time, 730.02 real, 1637 MB
[runlim] sample:		1961.65 time, 740.02 real, 1528 MB
[runlim] sample:		1981.70 time, 750.02 real, 1523 MB
[runlim] sample:		2001.77 time, 760.02 real, 1588 MB
[runlim] sample:		2021.84 time, 770.02 real, 1588 MB
[runlim] sample:		2041.89 time, 780.02 real, 1590 MB
[runlim] sample:		2061.95 time, 790.02 real, 1592 MB
[runlim] sample:		1288.78 time, 800.02 real, 1118 MB
[runlim] sample:		2102.03 time, 810.02 real, 1592 MB
[runlim] sample:		2122.11 time, 820.02 real, 1629 MB
[runlim] sample:		2142.16 time, 830.02 real, 1593 MB
[runlim] sample:		2162.26 time, 840.02 real, 1593 MB
[runlim] sample:		2182.31 time, 850.02 real, 1651 MB
[runlim] sample:		2202.39 time, 860.02 real, 1652 MB
[runlim] sample:		2222.48 time, 870.02 real, 1653 MB
[runlim] sample:		2242.54 time, 880.02 real, 1712 MB
[runlim] sample:		2262.60 time, 890.02 real, 1746 MB
[runlim] sample:		2282.70 time, 900.02 real, 1766 MB
[runlim] sample:		2302.80 time, 910.02 real, 1766 MB
[runlim] sample:		2322.85 time, 920.02 real, 1767 MB
[runlim] sample:		2342.92 time, 930.02 real, 1767 MB
[runlim] sample:		1429.77 time, 940.02 real, 1291 MB
[runlim] sample:		2383.03 time, 950.02 real, 1767 MB
[runlim] sample:		2403.09 time, 960.02 real, 1730 MB
[runlim] sample:		2423.16 time, 970.02 real, 1770 MB
[runlim] sample:		2443.24 time, 980.02 real, 1772 MB
[runlim] sample:		2463.30 time, 990.02 real, 1772 MB
[runlim] sample:		2483.38 time, 1000.02 real, 1786 MB
[runlim] sample:		1500.19 time, 1010.02 real, 1297 MB
[runlim] sample:		2523.49 time, 1020.02 real, 1795 MB
[runlim] sample:		2543.52 time, 1030.02 real, 1798 MB
[runlim] sample:		2563.57 time, 1040.02 real, 1799 MB
[runlim] sample:		2583.64 time, 1050.02 real, 1802 MB
[runlim] sample:		2603.72 time, 1060.02 real, 1865 MB
[runlim] sample:		2623.79 time, 1070.02 real, 1867 MB
[runlim] sample:		1570.62 time, 1080.02 real, 1365 MB
[runlim] sample:		2663.92 time, 1090.02 real, 1867 MB
[runlim] sample:		2683.98 time, 1100.02 real, 1867 MB
[runlim] sample:		2704.05 time, 1110.02 real, 1867 MB
[runlim] sample:		2724.11 time, 1120.02 real, 1867 MB
[runlim] sample:		2744.16 time, 1130.02 real, 1867 MB
[runlim] sample:		2764.23 time, 1140.02 real, 1868 MB
[runlim] sample:		2785.18 time, 1150.02 real, 1375 MB
[runlim] sample:		3948.45 time, 1160.02 real, 1938 MB
[runlim] sample:		3968.49 time, 1170.02 real, 1944 MB
[runlim] sample:		3988.54 time, 1180.02 real, 1960 MB
[runlim] sample:		4008.61 time, 1190.02 real, 1915 MB
[runlim] sample:		4028.66 time, 1200.02 real, 1946 MB
[runlim] sample:		4048.71 time, 1210.02 real, 1946 MB
[runlim] sample:		4068.79 time, 1220.02 real, 1946 MB
[runlim] sample:		4088.85 time, 1230.02 real, 1946 MB
[runlim] sample:		4108.88 time, 1240.02 real, 1947 MB
[runlim] sample:		2885.74 time, 1250.02 real, 1515 MB
[runlim] sample:		4149.01 time, 1260.02 real, 2103 MB
[runlim] sample:		4169.07 time, 1270.02 real, 2125 MB
[runlim] sample:		2915.88 time, 1280.02 real, 1562 MB
[runlim] sample:		4209.16 time, 1290.02 real, 2152 MB
[runlim] sample:		4229.21 time, 1300.02 real, 2055 MB
[runlim] sample:		4249.27 time, 1310.02 real, 2055 MB
[runlim] sample:		4269.34 time, 1320.02 real, 1971 MB
[runlim] sample:		4289.39 time, 1330.02 real, 2041 MB
[runlim] sample:		4309.44 time, 1340.02 real, 2059 MB
[runlim] sample:		4329.53 time, 1350.02 real, 2044 MB
[runlim] sample:		4349.58 time, 1360.02 real, 1972 MB
[runlim] sample:		4369.63 time, 1370.02 real, 2043 MB
[runlim] sample:		3016.49 time, 1380.02 real, 1488 MB
[runlim] sample:		4409.74 time, 1390.02 real, 2030 MB
[runlim] sample:		4429.80 time, 1400.02 real, 2093 MB
[runlim] sample:		4449.88 time, 1410.02 real, 2066 MB
[runlim] sample:		4469.94 time, 1420.02 real, 2066 MB
[runlim] sample:		4490.00 time, 1430.02 real, 2071 MB
[runlim] sample:		4510.06 time, 1440.02 real, 2071 MB
[runlim] sample:		4530.13 time, 1450.02 real, 2071 MB
[runlim] sample:		4550.17 time, 1460.02 real, 2071 MB
[runlim] sample:		4570.21 time, 1470.02 real, 2071 MB
[runlim] sample:		4590.31 time, 1480.02 real, 2071 MB
[runlim] sample:		4610.37 time, 1490.02 real, 2035 MB
[runlim] sample:		4630.43 time, 1500.02 real, 2083 MB
[runlim] sample:		4650.50 time, 1510.02 real, 2083 MB
[runlim] sample:		4670.55 time, 1520.02 real, 2102 MB
[runlim] sample:		4690.61 time, 1530.02 real, 2150 MB
[runlim] sample:		4710.65 time, 1540.02 real, 2150 MB
[runlim] sample:		4730.72 time, 1550.02 real, 2150 MB
[runlim] sample:		4750.77 time, 1560.02 real, 2150 MB
[runlim] sample:		3207.56 time, 1570.02 real, 1585 MB
[runlim] sample:		4790.85 time, 1580.02 real, 2153 MB
[runlim] sample:		4810.90 time, 1590.02 real, 2155 MB
[runlim] sample:		4830.96 time, 1600.02 real, 2177 MB
[runlim] sample:		4851.01 time, 1610.02 real, 2159 MB
[runlim] sample:		4871.08 time, 1620.02 real, 2205 MB
[runlim] sample:		4891.14 time, 1630.02 real, 2208 MB
[runlim] sample:		4911.21 time, 1640.02 real, 2189 MB
[runlim] sample:		4931.26 time, 1650.02 real, 2193 MB
[runlim] sample:		4951.28 time, 1660.02 real, 2193 MB
[runlim] sample:		3308.18 time, 1670.02 real, 1594 MB
[runlim] sample:		4991.45 time, 1680.02 real, 2195 MB
[runlim] sample:		5011.49 time, 1690.02 real, 2201 MB
[runlim] sample:		3338.30 time, 1700.02 real, 1618 MB
[runlim] sample:		5051.58 time, 1710.02 real, 2228 MB
[runlim] sample:		5071.62 time, 1720.02 real, 2254 MB
[runlim] sample:		5091.70 time, 1730.02 real, 2236 MB
[runlim] sample:		5111.77 time, 1740.02 real, 2236 MB
[runlim] sample:		5131.81 time, 1750.02 real, 2237 MB
[runlim] sample:		5151.84 time, 1760.02 real, 2237 MB
[runlim] sample:		5171.90 time, 1770.02 real, 2255 MB
[runlim] sample:		5191.96 time, 1780.02 real, 2237 MB
[runlim] sample:		5212.03 time, 1790.02 real, 2237 MB
[runlim] sample:		5232.08 time, 1800.02 real, 2237 MB
[runlim] sample:		5252.10 time, 1810.02 real, 2239 MB
[runlim] sample:		5272.15 time, 1820.02 real, 2274 MB
[runlim] sample:		3468.98 time, 1830.02 real, 1664 MB
[runlim] sample:		5312.29 time, 1840.02 real, 2293 MB
[runlim] sample:		5332.37 time, 1850.02 real, 2298 MB
[runlim] sample:		5352.41 time, 1860.02 real, 2298 MB
[runlim] sample:		5372.46 time, 1870.02 real, 2298 MB
[runlim] sample:		5392.49 time, 1880.02 real, 2309 MB
[runlim] sample:		5412.56 time, 1890.02 real, 2312 MB
[runlim] sample:		5432.61 time, 1900.02 real, 2312 MB
[runlim] sample:		5452.65 time, 1910.02 real, 2312 MB
[runlim] sample:		5472.74 time, 1920.02 real, 2321 MB
[runlim] sample:		5492.80 time, 1930.02 real, 2321 MB
[runlim] sample:		5512.85 time, 1940.02 real, 2323 MB
[runlim] sample:		5532.91 time, 1950.02 real, 2366 MB
[runlim] sample:		5553.01 time, 1960.02 real, 2346 MB
[runlim] sample:		5573.07 time, 1970.02 real, 2346 MB
[runlim] sample:		5593.15 time, 1980.02 real, 2350 MB
[runlim] sample:		3629.97 time, 1990.02 real, 1752 MB
[runlim] sample:		5633.30 time, 2000.02 real, 2378 MB
[runlim] sample:		5653.36 time, 2010.02 real, 2378 MB
[runlim] sample:		5673.40 time, 2020.02 real, 2414 MB
[runlim] sample:		5693.48 time, 2030.02 real, 2443 MB
[runlim] sample:		5713.50 time, 2040.02 real, 2443 MB
[runlim] sample:		5733.56 time, 2050.02 real, 2412 MB
[runlim] sample:		5753.65 time, 2060.02 real, 2426 MB
[runlim] sample:		3710.42 time, 2070.02 real, 1841 MB
[runlim] sample:		5793.70 time, 2080.02 real, 2472 MB
[runlim] sample:		5813.75 time, 2090.02 real, 2439 MB
[runlim] sample:		5833.82 time, 2100.02 real, 2506 MB
[runlim] sample:		5853.89 time, 2110.02 real, 2506 MB
[runlim] sample:		3760.70 time, 2120.02 real, 1876 MB
[runlim] sample:		5894.01 time, 2130.02 real, 2507 MB
[runlim] sample:		5914.05 time, 2140.02 real, 2507 MB
[runlim] sample:		5934.10 time, 2150.02 real, 2508 MB
[runlim] sample:		5954.17 time, 2160.02 real, 2508 MB
[runlim] sample:		5974.22 time, 2170.02 real, 2508 MB
[runlim] sample:		5994.29 time, 2180.02 real, 2508 MB
[runlim] sample:		6014.35 time, 2190.02 real, 2508 MB
[runlim] sample:		3841.18 time, 2200.02 real, 1880 MB
[runlim] sample:		6054.45 time, 2210.02 real, 2508 MB
[runlim] sample:		6074.51 time, 2220.02 real, 2508 MB
[runlim] sample:		6094.57 time, 2230.02 real, 2521 MB
[runlim] sample:		6114.61 time, 2240.02 real, 2523 MB
[runlim] sample:		6134.65 time, 2250.02 real, 2543 MB
[runlim] sample:		6154.68 time, 2260.02 real, 2552 MB
[runlim] sample:		6174.74 time, 2270.02 real, 2579 MB
[runlim] sample:		3921.56 time, 2280.02 real, 1921 MB
[runlim] sample:		6214.86 time, 2290.02 real, 2561 MB
[runlim] sample:		6234.92 time, 2300.02 real, 2561 MB
[runlim] sample:		6254.97 time, 2310.02 real, 2561 MB
[runlim] sample:		6275.06 time, 2320.02 real, 2561 MB
[runlim] sample:		6295.11 time, 2330.02 real, 2561 MB
[runlim] sample:		6315.15 time, 2340.02 real, 2583 MB
[runlim] sample:		6335.22 time, 2350.02 real, 2561 MB
[runlim] sample:		6355.26 time, 2360.02 real, 2561 MB
[runlim] sample:		6375.30 time, 2370.02 real, 2573 MB
[runlim] sample:		6395.35 time, 2380.02 real, 2630 MB
[runlim] sample:		6415.39 time, 2390.02 real, 2637 MB
[runlim] sample:		6435.46 time, 2400.02 real, 2643 MB
[runlim] sample:		4052.27 time, 2410.02 real, 2054 MB
[runlim] sample:		6475.56 time, 2420.02 real, 2651 MB
[runlim] sample:		6495.62 time, 2430.02 real, 2688 MB
[runlim] sample:		6515.66 time, 2440.02 real, 2701 MB
[runlim] sample:		6535.72 time, 2450.02 real, 2687 MB
[runlim] sample:		6555.77 time, 2460.02 real, 2665 MB
[runlim] sample:		6575.80 time, 2470.02 real, 2680 MB
[runlim] sample:		6595.88 time, 2480.02 real, 2693 MB
[runlim] sample:		6615.92 time, 2490.02 real, 2693 MB
[runlim] sample:		6635.99 time, 2500.02 real, 2712 MB
[runlim] sample:		6656.05 time, 2510.02 real, 2730 MB
[runlim] sample:		6676.10 time, 2520.02 real, 2733 MB
[runlim] sample:		6696.13 time, 2530.02 real, 2737 MB
[runlim] sample:		6716.19 time, 2540.02 real, 2721 MB
[runlim] sample:		6736.26 time, 2550.02 real, 2723 MB
[runlim] sample:		6756.31 time, 2560.02 real, 2739 MB
[runlim] sample:		6776.36 time, 2570.02 real, 2758 MB
[runlim] sample:		6796.43 time, 2580.02 real, 2772 MB
[runlim] sample:		6816.46 time, 2590.02 real, 2754 MB
[runlim] sample:		6836.51 time, 2600.02 real, 2754 MB
[runlim] sample:		6856.58 time, 2610.02 real, 2784 MB
[runlim] sample:		6876.64 time, 2620.02 real, 2774 MB
[runlim] sample:		6896.69 time, 2630.02 real, 2754 MB
[runlim] sample:		6916.78 time, 2640.02 real, 2754 MB
[runlim] sample:		6936.84 time, 2650.02 real, 2754 MB
[runlim] sample:		6956.89 time, 2660.02 real, 2754 MB
[runlim] sample:		6976.96 time, 2670.02 real, 2770 MB
[runlim] sample:		6997.01 time, 2680.02 real, 2770 MB
[runlim] sample:		7017.09 time, 2690.02 real, 2770 MB
[runlim] sample:		4343.91 time, 2700.02 real, 2091 MB
[runlim] sample:		7057.20 time, 2710.02 real, 2801 MB
[runlim] sample:		7077.24 time, 2720.02 real, 2827 MB
[runlim] sample:		4374.05 time, 2730.02 real, 2142 MB
[runlim] sample:		7117.35 time, 2740.02 real, 2843 MB
[runlim] sample:		7137.39 time, 2750.02 real, 2887 MB
[runlim] sample:		7157.44 time, 2760.02 real, 2903 MB
[runlim] sample:		7177.51 time, 2770.02 real, 2903 MB
[runlim] sample:		7197.55 time, 2780.02 real, 2903 MB
[runlim] sample:		7217.59 time, 2790.02 real, 2928 MB
[runlim] sample:		7237.66 time, 2800.02 real, 2903 MB
[runlim] sample:		7257.75 time, 2810.02 real, 3005 MB
[runlim] sample:		7277.78 time, 2820.02 real, 2931 MB
[runlim] sample:		4474.62 time, 2830.02 real, 2239 MB
[runlim] sample:		7317.93 time, 2840.02 real, 2920 MB
[runlim] sample:		7337.98 time, 2850.02 real, 2920 MB
[runlim] sample:		4504.79 time, 2860.02 real, 2206 MB
[runlim] sample:		7378.09 time, 2870.02 real, 2950 MB
[runlim] sample:		7398.14 time, 2880.02 real, 2942 MB
[runlim] sample:		7418.16 time, 2890.02 real, 2929 MB
[runlim] sample:		7438.25 time, 2900.02 real, 2924 MB
[runlim] sample:		7458.34 time, 2910.02 real, 3033 MB
[runlim] sample:		7478.38 time, 2920.02 real, 3033 MB
[runlim] sample:		7498.45 time, 2930.02 real, 3024 MB
[runlim] sample:		7518.51 time, 2940.02 real, 3048 MB
[runlim] sample:		7538.56 time, 2950.02 real, 3039 MB
[runlim] sample:		4605.42 time, 2960.02 real, 2353 MB
[runlim] sample:		7578.69 time, 2970.02 real, 3156 MB
[runlim] sample:		7598.75 time, 2980.02 real, 3185 MB
[runlim] sample:		4635.58 time, 2990.02 real, 2373 MB
[runlim] sample:		7638.88 time, 3000.02 real, 3150 MB
[runlim] sample:		7658.93 time, 3010.02 real, 3087 MB
[runlim] sample:		7679.00 time, 3020.02 real, 3087 MB
[runlim] sample:		7699.09 time, 3030.02 real, 3146 MB
[runlim] sample:		7719.18 time, 3040.02 real, 3115 MB
[runlim] sample:		7739.23 time, 3050.02 real, 3094 MB
[runlim] sample:		7759.31 time, 3060.02 real, 3229 MB
[runlim] sample:		7779.35 time, 3070.02 real, 3119 MB
[runlim] sample:		7799.41 time, 3080.02 real, 3095 MB
[runlim] sample:		4736.23 time, 3090.02 real, 2523 MB
[runlim] sample:		7839.51 time, 3100.02 real, 3133 MB
[runlim] sample:		7859.56 time, 3110.02 real, 3137 MB
[runlim] sample:		4766.38 time, 3120.02 real, 2465 MB
[runlim] sample:		7899.69 time, 3130.02 real, 3201 MB
[runlim] sample:		7919.73 time, 3140.02 real, 3233 MB
[runlim] sample:		7939.79 time, 3150.02 real, 3202 MB
[runlim] sample:		7959.85 time, 3160.02 real, 3225 MB
[runlim] sample:		7979.92 time, 3170.02 real, 3199 MB
[runlim] sample:		7999.96 time, 3180.02 real, 3232 MB
[runlim] sample:		8020.03 time, 3190.02 real, 3199 MB
[runlim] sample:		8040.09 time, 3200.02 real, 3218 MB
[runlim] sample:		8060.13 time, 3210.02 real, 3218 MB
[runlim] sample:		8080.21 time, 3220.02 real, 3208 MB
[runlim] sample:		8100.28 time, 3230.02 real, 3194 MB
[runlim] sample:		8120.32 time, 3240.02 real, 3227 MB
[runlim] sample:		4897.12 time, 3250.02 real, 2487 MB
[runlim] sample:		8160.43 time, 3260.02 real, 3236 MB
[runlim] sample:		8180.48 time, 3270.02 real, 3208 MB
[runlim] sample:		8200.55 time, 3280.02 real, 3227 MB
[runlim] sample:		8220.62 time, 3290.02 real, 3226 MB
[runlim] sample:		8240.69 time, 3300.02 real, 3198 MB
[runlim] sample:		8260.74 time, 3310.02 real, 3254 MB
[runlim] sample:		8280.79 time, 3320.02 real, 3226 MB
[runlim] sample:		8300.86 time, 3330.02 real, 3288 MB
[runlim] sample:		8320.89 time, 3340.02 real, 3258 MB
[runlim] sample:		8340.96 time, 3350.02 real, 3308 MB
[runlim] sample:		8360.98 time, 3360.02 real, 3322 MB
[runlim] sample:		8381.07 time, 3370.02 real, 3349 MB
[runlim] sample:		5027.86 time, 3380.02 real, 2593 MB
[runlim] sample:		8421.14 time, 3390.02 real, 3345 MB
[runlim] sample:		8441.18 time, 3400.02 real, 3293 MB
[runlim] sample:		8461.24 time, 3410.02 real, 3332 MB
[runlim] sample:		8481.32 time, 3420.02 real, 3293 MB
[runlim] sample:		8501.36 time, 3430.02 real, 3312 MB
[runlim] sample:		8521.41 time, 3440.02 real, 3348 MB
[runlim] sample:		8541.49 time, 3450.02 real, 3320 MB
[runlim] sample:		8561.54 time, 3460.02 real, 3344 MB
[runlim] sample:		8581.60 time, 3470.02 real, 3320 MB
[runlim] sample:		8601.65 time, 3480.02 real, 3344 MB
[runlim] sample:		8621.69 time, 3490.02 real, 3479 MB
[runlim] sample:		8641.74 time, 3500.02 real, 3337 MB
[runlim] sample:		5158.57 time, 3510.02 real, 2592 MB
[runlim] sample:		8681.87 time, 3520.02 real, 3336 MB
[runlim] sample:		8701.89 time, 3530.02 real, 3359 MB
[runlim] sample:		5188.71 time, 3540.02 real, 2602 MB
[runlim] sample:		8742.01 time, 3550.02 real, 3383 MB
[runlim] sample:		33626.38 time, 3560.02 real, 3707 MB
[runlim] sample:		33626.40 time, 3570.02 real, 3707 MB
[runlim] end:			Fri Oct 18 21:17:52 2019
[runlim] status:		ok
[runlim] result:		0
[runlim] children:		4126
[runlim] real:			3573.89 seconds
[runlim] time:			33626.41 seconds
[runlim] space:			4080 MB
[runlim] samples:		35738
