[runlim] version:		1.17
[runlim] host:			c3n27
[runlim] time limit:		311040000 seconds
[runlim] real time limit:	3600 seconds
[runlim] space limit:		120000 MB
[runlim] argv[0]:		./run-avr.sh
[runlim] argv[1]:		/tmp/va29b2Tu.btor
[runlim] start:			Fri Oct 18 19:42:09 2019
[runlim] child:			24773
[runlim] sample:		13.64 time, 10.02 real, 217 MB
[runlim] sample:		20.39 time, 20.02 real, 159 MB
[runlim] sample:		53.92 time, 30.02 real, 327 MB
[runlim] sample:		73.98 time, 40.02 real, 379 MB
[runlim] sample:		50.65 time, 50.02 real, 244 MB
[runlim] sample:		114.15 time, 60.02 real, 410 MB
[runlim] sample:		134.23 time, 70.02 real, 449 MB
[runlim] sample:		154.31 time, 80.02 real, 512 MB
[runlim] sample:		174.38 time, 90.02 real, 500 MB
[runlim] sample:		194.45 time, 100.02 real, 501 MB
[runlim] sample:		214.51 time, 110.02 real, 519 MB
[runlim] sample:		234.59 time, 120.02 real, 545 MB
[runlim] sample:		131.24 time, 130.02 real, 392 MB
[runlim] sample:		274.76 time, 140.02 real, 622 MB
[runlim] sample:		151.40 time, 150.02 real, 450 MB
[runlim] sample:		314.86 time, 160.02 real, 640 MB
[runlim] sample:		334.92 time, 170.02 real, 641 MB
[runlim] sample:		355.00 time, 180.02 real, 664 MB
[runlim] sample:		375.11 time, 190.02 real, 682 MB
[runlim] sample:		395.19 time, 200.02 real, 694 MB
[runlim] sample:		415.30 time, 210.02 real, 724 MB
[runlim] sample:		435.37 time, 220.02 real, 723 MB
[runlim] sample:		455.43 time, 230.02 real, 769 MB
[runlim] sample:		475.53 time, 240.02 real, 770 MB
[runlim] sample:		495.62 time, 250.02 real, 770 MB
[runlim] sample:		515.67 time, 260.02 real, 817 MB
[runlim] sample:		535.76 time, 270.02 real, 859 MB
[runlim] sample:		282.41 time, 280.02 real, 627 MB
[runlim] sample:		575.90 time, 290.02 real, 864 MB
[runlim] sample:		595.95 time, 300.02 real, 864 MB
[runlim] sample:		616.02 time, 310.02 real, 865 MB
[runlim] sample:		636.10 time, 320.02 real, 865 MB
[runlim] sample:		656.19 time, 330.02 real, 907 MB
[runlim] sample:		676.24 time, 340.02 real, 989 MB
[runlim] sample:		696.33 time, 350.02 real, 974 MB
[runlim] sample:		362.98 time, 360.02 real, 775 MB
[runlim] sample:		736.48 time, 370.02 real, 1068 MB
[runlim] sample:		756.53 time, 380.02 real, 1062 MB
[runlim] sample:		776.59 time, 390.02 real, 1072 MB
[runlim] sample:		796.71 time, 400.02 real, 1072 MB
[runlim] sample:		816.77 time, 410.02 real, 1165 MB
[runlim] sample:		836.85 time, 420.02 real, 1167 MB
[runlim] sample:		856.93 time, 430.02 real, 1204 MB
[runlim] sample:		877.01 time, 440.02 real, 1214 MB
[runlim] sample:		897.10 time, 450.02 real, 1215 MB
[runlim] sample:		917.17 time, 460.02 real, 1216 MB
[runlim] sample:		937.20 time, 470.02 real, 1216 MB
[runlim] sample:		950.88 time, 480.02 real, 1230 MB
[runlim] sample:		960.95 time, 490.02 real, 1220 MB
[runlim] sample:		971.00 time, 500.02 real, 1217 MB
[runlim] end:			Fri Oct 18 19:50:29 2019
[runlim] status:		ok
[runlim] result:		0
[runlim] children:		787
[runlim] real:			500.13 seconds
[runlim] time:			971.00 seconds
[runlim] space:			1234 MB
[runlim] samples:		5001
