[runlim] version:		1.17
[runlim] host:			c3n30
[runlim] time limit:		311040000 seconds
[runlim] real time limit:	3600 seconds
[runlim] space limit:		120000 MB
[runlim] argv[0]:		./run-avr.sh
[runlim] argv[1]:		/tmp/neIx9Jrr.btor
[runlim] start:			Fri Oct 18 19:57:47 2019
[runlim] child:			19138
[runlim] sample:		13.97 time, 10.02 real, 330 MB
[runlim] sample:		20.83 time, 20.02 real, 109 MB
[runlim] sample:		54.16 time, 30.02 real, 477 MB
[runlim] sample:		74.23 time, 40.02 real, 481 MB
[runlim] sample:		51.03 time, 50.02 real, 118 MB
[runlim] sample:		114.33 time, 60.02 real, 576 MB
[runlim] sample:		134.41 time, 70.02 real, 580 MB
[runlim] sample:		154.47 time, 80.02 real, 587 MB
[runlim] sample:		174.52 time, 90.02 real, 589 MB
[runlim] sample:		194.60 time, 100.02 real, 585 MB
[runlim] sample:		214.65 time, 110.02 real, 658 MB
[runlim] sample:		234.68 time, 120.02 real, 661 MB
[runlim] sample:		254.73 time, 130.02 real, 664 MB
[runlim] sample:		274.84 time, 140.02 real, 710 MB
[runlim] sample:		151.66 time, 150.02 real, 156 MB
[runlim] sample:		314.96 time, 160.02 real, 695 MB
[runlim] sample:		171.79 time, 170.02 real, 160 MB
[runlim] sample:		355.10 time, 180.02 real, 706 MB
[runlim] sample:		375.16 time, 190.02 real, 711 MB
[runlim] sample:		395.21 time, 200.02 real, 717 MB
[runlim] sample:		212.07 time, 210.02 real, 185 MB
[runlim] sample:		435.35 time, 220.02 real, 727 MB
[runlim] sample:		455.46 time, 230.02 real, 729 MB
[runlim] sample:		475.50 time, 240.02 real, 731 MB
[runlim] sample:		252.36 time, 250.02 real, 200 MB
[runlim] sample:		515.65 time, 260.02 real, 741 MB
[runlim] sample:		535.70 time, 270.02 real, 746 MB
[runlim] sample:		555.75 time, 280.02 real, 751 MB
[runlim] sample:		575.84 time, 290.02 real, 755 MB
[runlim] sample:		595.90 time, 300.02 real, 760 MB
[runlim] sample:		615.95 time, 310.02 real, 765 MB
[runlim] sample:		636.03 time, 320.02 real, 771 MB
[runlim] sample:		656.13 time, 330.02 real, 774 MB
[runlim] sample:		676.20 time, 340.02 real, 777 MB
[runlim] sample:		696.29 time, 350.02 real, 780 MB
[runlim] sample:		716.33 time, 360.02 real, 784 MB
[runlim] sample:		736.41 time, 370.02 real, 828 MB
[runlim] sample:		756.47 time, 380.02 real, 879 MB
[runlim] sample:		776.53 time, 390.02 real, 882 MB
[runlim] sample:		796.61 time, 400.02 real, 849 MB
[runlim] sample:		816.70 time, 410.02 real, 853 MB
[runlim] sample:		836.75 time, 420.02 real, 855 MB
[runlim] sample:		856.84 time, 430.02 real, 855 MB
[runlim] sample:		443.68 time, 440.02 real, 256 MB
[runlim] sample:		896.98 time, 450.02 real, 721 MB
[runlim] sample:		463.82 time, 460.02 real, 254 MB
[runlim] sample:		937.12 time, 470.02 real, 722 MB
[runlim] sample:		483.98 time, 480.02 real, 254 MB
[runlim] sample:		977.30 time, 490.02 real, 727 MB
[runlim] sample:		997.38 time, 500.02 real, 769 MB
[runlim] sample:		1017.43 time, 510.02 real, 781 MB
[runlim] sample:		524.28 time, 520.02 real, 264 MB
[runlim] sample:		1057.59 time, 530.02 real, 788 MB
[runlim] sample:		1077.65 time, 540.02 real, 796 MB
[runlim] sample:		1097.73 time, 550.02 real, 798 MB
[runlim] sample:		564.60 time, 560.02 real, 286 MB
[runlim] sample:		1137.88 time, 570.02 real, 827 MB
[runlim] sample:		1157.96 time, 580.02 real, 830 MB
[runlim] sample:		1178.07 time, 590.02 real, 835 MB
[runlim] sample:		604.93 time, 600.02 real, 301 MB
[runlim] sample:		1218.25 time, 610.02 real, 843 MB
[runlim] sample:		1238.34 time, 620.02 real, 919 MB
[runlim] sample:		1258.39 time, 630.02 real, 925 MB
[runlim] sample:		645.24 time, 640.02 real, 319 MB
[runlim] sample:		1298.57 time, 650.02 real, 990 MB
[runlim] sample:		665.41 time, 660.02 real, 325 MB
[runlim] sample:		1338.71 time, 670.02 real, 904 MB
[runlim] sample:		685.63 time, 680.02 real, 330 MB
[runlim] sample:		1378.94 time, 690.02 real, 909 MB
[runlim] sample:		1399.00 time, 700.02 real, 912 MB
[runlim] sample:		1419.09 time, 710.02 real, 929 MB
[runlim] sample:		725.94 time, 720.02 real, 336 MB
[runlim] sample:		1459.25 time, 730.02 real, 1002 MB
[runlim] sample:		1479.32 time, 740.02 real, 985 MB
[runlim] sample:		1499.39 time, 750.02 real, 987 MB
[runlim] sample:		766.22 time, 760.02 real, 339 MB
[runlim] sample:		1539.50 time, 770.02 real, 985 MB
[runlim] sample:		1559.56 time, 780.02 real, 987 MB
[runlim] sample:		1579.63 time, 790.02 real, 985 MB
[runlim] sample:		1599.72 time, 800.02 real, 985 MB
[runlim] sample:		1619.81 time, 810.02 real, 985 MB
[runlim] sample:		1639.88 time, 820.02 real, 986 MB
[runlim] sample:		1659.93 time, 830.02 real, 989 MB
[runlim] sample:		1680.02 time, 840.02 real, 984 MB
[runlim] sample:		1700.10 time, 850.02 real, 987 MB
[runlim] sample:		1720.15 time, 860.02 real, 984 MB
[runlim] sample:		1740.17 time, 870.02 real, 986 MB
[runlim] sample:		1760.27 time, 880.02 real, 984 MB
[runlim] sample:		1780.32 time, 890.02 real, 985 MB
[runlim] sample:		1800.37 time, 900.02 real, 989 MB
[runlim] sample:		917.21 time, 910.02 real, 342 MB
[runlim] sample:		1840.50 time, 920.02 real, 997 MB
[runlim] sample:		1860.56 time, 930.02 real, 997 MB
[runlim] sample:		1880.61 time, 940.02 real, 998 MB
[runlim] sample:		1900.69 time, 950.02 real, 998 MB
[runlim] sample:		1920.75 time, 960.02 real, 999 MB
[runlim] sample:		977.58 time, 970.02 real, 347 MB
[runlim] sample:		1960.85 time, 980.02 real, 1001 MB
[runlim] sample:		1980.94 time, 990.02 real, 1001 MB
[runlim] sample:		2001.01 time, 1000.02 real, 1001 MB
[runlim] sample:		2021.05 time, 1010.02 real, 1001 MB
[runlim] sample:		2041.11 time, 1020.02 real, 1001 MB
[runlim] sample:		2061.18 time, 1030.02 real, 1002 MB
[runlim] sample:		2081.25 time, 1040.02 real, 1002 MB
[runlim] sample:		2101.30 time, 1050.02 real, 1002 MB
[runlim] sample:		2121.37 time, 1060.02 real, 1003 MB
[runlim] sample:		2141.48 time, 1070.02 real, 1004 MB
[runlim] sample:		2161.54 time, 1080.02 real, 1010 MB
[runlim] sample:		2181.59 time, 1090.02 real, 1010 MB
[runlim] sample:		1108.46 time, 1100.02 real, 362 MB
[runlim] sample:		2221.73 time, 1110.02 real, 1015 MB
[runlim] sample:		2241.77 time, 1120.02 real, 1021 MB
[runlim] sample:		2261.86 time, 1130.02 real, 1026 MB
[runlim] sample:		2281.96 time, 1140.02 real, 1026 MB
[runlim] sample:		2302.02 time, 1150.02 real, 1027 MB
[runlim] sample:		2322.07 time, 1160.02 real, 1027 MB
[runlim] sample:		2342.15 time, 1170.02 real, 1027 MB
[runlim] sample:		2362.25 time, 1180.02 real, 1027 MB
[runlim] sample:		2382.31 time, 1190.02 real, 1027 MB
[runlim] sample:		2402.37 time, 1200.02 real, 1027 MB
[runlim] sample:		2422.43 time, 1210.02 real, 1027 MB
[runlim] sample:		2442.49 time, 1220.02 real, 1027 MB
[runlim] sample:		2462.55 time, 1230.02 real, 1027 MB
[runlim] sample:		2482.62 time, 1240.02 real, 1027 MB
[runlim] sample:		2502.68 time, 1250.02 real, 1027 MB
[runlim] sample:		2522.79 time, 1260.02 real, 1027 MB
[runlim] sample:		2542.86 time, 1270.02 real, 1027 MB
[runlim] sample:		2562.91 time, 1280.02 real, 1028 MB
[runlim] sample:		1299.75 time, 1290.02 real, 375 MB
[runlim] sample:		2603.05 time, 1300.02 real, 1028 MB
[runlim] sample:		2623.11 time, 1310.02 real, 1042 MB
[runlim] sample:		2643.17 time, 1320.02 real, 1048 MB
[runlim] sample:		2663.25 time, 1330.02 real, 1046 MB
[runlim] sample:		2683.32 time, 1340.02 real, 1046 MB
[runlim] sample:		2703.37 time, 1350.02 real, 1047 MB
[runlim] sample:		2723.45 time, 1360.02 real, 1048 MB
[runlim] sample:		2743.53 time, 1370.02 real, 1048 MB
[runlim] sample:		2763.59 time, 1380.02 real, 1048 MB
[runlim] sample:		2783.68 time, 1390.02 real, 1048 MB
[runlim] sample:		2803.72 time, 1400.02 real, 1010 MB
[runlim] sample:		2823.80 time, 1410.02 real, 1050 MB
[runlim] sample:		2843.87 time, 1420.02 real, 1050 MB
[runlim] sample:		2863.95 time, 1430.02 real, 1050 MB
[runlim] sample:		1450.81 time, 1440.02 real, 379 MB
[runlim] sample:		2904.12 time, 1450.02 real, 1053 MB
[runlim] sample:		2924.17 time, 1460.02 real, 1056 MB
[runlim] sample:		2944.21 time, 1470.02 real, 1056 MB
[runlim] sample:		2964.27 time, 1480.02 real, 1057 MB
[runlim] sample:		2984.34 time, 1490.02 real, 1058 MB
[runlim] sample:		3004.40 time, 1500.02 real, 1058 MB
[runlim] sample:		3024.45 time, 1510.02 real, 1054 MB
[runlim] sample:		3044.51 time, 1520.02 real, 1138 MB
[runlim] sample:		3064.55 time, 1530.02 real, 1064 MB
[runlim] sample:		3084.61 time, 1540.02 real, 1064 MB
[runlim] sample:		3104.66 time, 1550.02 real, 1115 MB
[runlim] sample:		3124.80 time, 1560.02 real, 1094 MB
[runlim] sample:		3144.87 time, 1570.02 real, 1094 MB
[runlim] sample:		3164.94 time, 1580.02 real, 1095 MB
[runlim] sample:		1601.80 time, 1590.02 real, 389 MB
[runlim] sample:		3205.09 time, 1600.02 real, 1092 MB
[runlim] sample:		1621.92 time, 1610.02 real, 380 MB
[runlim] sample:		3245.19 time, 1620.02 real, 1086 MB
[runlim] sample:		3265.28 time, 1630.02 real, 1086 MB
[runlim] sample:		3285.32 time, 1640.02 real, 934 MB
[runlim] sample:		3305.38 time, 1650.02 real, 938 MB
[runlim] sample:		3325.42 time, 1660.02 real, 938 MB
[runlim] sample:		3345.50 time, 1670.02 real, 938 MB
[runlim] sample:		3365.55 time, 1680.02 real, 938 MB
[runlim] sample:		3385.62 time, 1690.02 real, 998 MB
[runlim] sample:		3405.68 time, 1700.02 real, 1007 MB
[runlim] sample:		3425.76 time, 1710.02 real, 1007 MB
[runlim] sample:		3445.79 time, 1720.02 real, 1007 MB
[runlim] sample:		3465.87 time, 1730.02 real, 1007 MB
[runlim] sample:		1752.70 time, 1740.02 real, 380 MB
[runlim] sample:		3505.99 time, 1750.02 real, 1007 MB
[runlim] sample:		3526.03 time, 1760.02 real, 1007 MB
[runlim] sample:		3546.10 time, 1770.02 real, 1007 MB
[runlim] sample:		3566.16 time, 1780.02 real, 1007 MB
[runlim] sample:		3586.21 time, 1790.02 real, 1007 MB
[runlim] sample:		3606.31 time, 1800.02 real, 1007 MB
[runlim] sample:		3626.37 time, 1810.02 real, 1015 MB
[runlim] sample:		3646.47 time, 1820.02 real, 1015 MB
[runlim] sample:		3666.52 time, 1830.02 real, 1015 MB
[runlim] sample:		3686.61 time, 1840.02 real, 1015 MB
[runlim] sample:		3706.68 time, 1850.02 real, 1015 MB
[runlim] sample:		3726.75 time, 1860.02 real, 1015 MB
[runlim] sample:		3746.83 time, 1870.02 real, 1015 MB
[runlim] sample:		3766.90 time, 1880.02 real, 1015 MB
[runlim] sample:		3786.99 time, 1890.02 real, 1015 MB
[runlim] sample:		3807.12 time, 1900.02 real, 1015 MB
[runlim] sample:		3827.19 time, 1910.02 real, 1015 MB
[runlim] sample:		3847.27 time, 1920.02 real, 1019 MB
[runlim] sample:		1944.15 time, 1930.02 real, 380 MB
[runlim] sample:		3887.42 time, 1940.02 real, 1019 MB
[runlim] sample:		3907.48 time, 1950.02 real, 1019 MB
[runlim] sample:		3927.53 time, 1960.02 real, 1019 MB
[runlim] sample:		3947.61 time, 1970.02 real, 1101 MB
[runlim] sample:		3967.69 time, 1980.02 real, 1059 MB
[runlim] sample:		3987.74 time, 1990.02 real, 1059 MB
[runlim] sample:		4007.81 time, 2000.02 real, 1059 MB
[runlim] sample:		4027.93 time, 2010.02 real, 1059 MB
[runlim] sample:		4047.98 time, 2020.02 real, 1059 MB
[runlim] sample:		4068.06 time, 2030.02 real, 1059 MB
[runlim] sample:		2054.91 time, 2040.02 real, 380 MB
[runlim] sample:		4108.18 time, 2050.02 real, 1156 MB
[runlim] sample:		4128.27 time, 2060.02 real, 1156 MB
[runlim] sample:		4148.34 time, 2070.02 real, 1156 MB
[runlim] sample:		4168.43 time, 2080.02 real, 1156 MB
[runlim] sample:		4188.51 time, 2090.02 real, 1156 MB
[runlim] sample:		4208.57 time, 2100.02 real, 1094 MB
[runlim] sample:		4228.65 time, 2110.02 real, 1276 MB
[runlim] sample:		4248.75 time, 2120.02 real, 1061 MB
[runlim] sample:		4268.83 time, 2130.02 real, 1044 MB
[runlim] sample:		4288.88 time, 2140.02 real, 1066 MB
[runlim] sample:		4308.92 time, 2150.02 real, 1086 MB
[runlim] sample:		4329.01 time, 2160.02 real, 1087 MB
[runlim] sample:		4349.11 time, 2170.02 real, 1087 MB
[runlim] sample:		4369.17 time, 2180.02 real, 1087 MB
[runlim] sample:		2206.02 time, 2190.02 real, 380 MB
[runlim] sample:		4409.33 time, 2200.02 real, 1086 MB
[runlim] sample:		4429.40 time, 2210.02 real, 1086 MB
[runlim] sample:		4449.46 time, 2220.02 real, 1086 MB
[runlim] sample:		2246.34 time, 2230.02 real, 380 MB
[runlim] sample:		4489.63 time, 2240.02 real, 1088 MB
[runlim] sample:		4509.68 time, 2250.02 real, 1081 MB
[runlim] sample:		4529.76 time, 2260.02 real, 1091 MB
[runlim] sample:		4549.85 time, 2270.02 real, 1091 MB
[runlim] sample:		4569.92 time, 2280.02 real, 1091 MB
[runlim] sample:		4589.98 time, 2290.02 real, 1063 MB
[runlim] sample:		4610.06 time, 2300.02 real, 1093 MB
[runlim] sample:		4630.17 time, 2310.02 real, 1093 MB
[runlim] sample:		4650.27 time, 2320.02 real, 1093 MB
[runlim] sample:		4670.36 time, 2330.02 real, 1093 MB
[runlim] sample:		4690.42 time, 2340.02 real, 1111 MB
[runlim] sample:		4710.50 time, 2350.02 real, 1093 MB
[runlim] sample:		2377.34 time, 2360.02 real, 378 MB
[runlim] sample:		4750.61 time, 2370.02 real, 1095 MB
[runlim] sample:		4770.70 time, 2380.02 real, 1095 MB
[runlim] sample:		4790.74 time, 2390.02 real, 1095 MB
[runlim] sample:		4810.81 time, 2400.02 real, 1097 MB
[runlim] sample:		4830.86 time, 2410.02 real, 1100 MB
[runlim] sample:		4850.98 time, 2420.02 real, 1100 MB
[runlim] sample:		4871.05 time, 2430.02 real, 1093 MB
[runlim] sample:		4891.12 time, 2440.02 real, 1094 MB
[runlim] sample:		4911.22 time, 2450.02 real, 1094 MB
[runlim] sample:		4931.29 time, 2460.02 real, 1094 MB
[runlim] sample:		4951.33 time, 2470.02 real, 1094 MB
[runlim] sample:		4971.42 time, 2480.02 real, 1094 MB
[runlim] sample:		2508.28 time, 2490.02 real, 378 MB
[runlim] sample:		5011.57 time, 2500.02 real, 1113 MB
[runlim] sample:		5031.66 time, 2510.02 real, 1094 MB
[runlim] sample:		5051.71 time, 2520.02 real, 1094 MB
[runlim] sample:		5071.80 time, 2530.02 real, 1094 MB
[runlim] sample:		5091.90 time, 2540.02 real, 1094 MB
[runlim] sample:		5111.93 time, 2550.02 real, 1095 MB
[runlim] sample:		5131.98 time, 2560.02 real, 1095 MB
[runlim] sample:		5152.07 time, 2570.02 real, 1095 MB
[runlim] sample:		5172.11 time, 2580.02 real, 1095 MB
[runlim] sample:		5192.17 time, 2590.02 real, 1098 MB
[runlim] sample:		5212.26 time, 2600.02 real, 1099 MB
[runlim] sample:		5232.35 time, 2610.02 real, 1099 MB
[runlim] sample:		5252.43 time, 2620.02 real, 1099 MB
[runlim] sample:		5272.48 time, 2630.02 real, 1099 MB
[runlim] sample:		5292.56 time, 2640.02 real, 1099 MB
[runlim] sample:		5312.65 time, 2650.02 real, 1099 MB
[runlim] sample:		5332.72 time, 2660.02 real, 1099 MB
[runlim] sample:		5352.78 time, 2670.02 real, 1109 MB
[runlim] sample:		5372.85 time, 2680.02 real, 1109 MB
[runlim] sample:		5392.89 time, 2690.02 real, 1109 MB
[runlim] sample:		5412.94 time, 2700.02 real, 1109 MB
[runlim] sample:		5433.01 time, 2710.02 real, 1158 MB
[runlim] sample:		5453.13 time, 2720.02 real, 1214 MB
[runlim] sample:		5473.18 time, 2730.02 real, 1164 MB
[runlim] sample:		5493.25 time, 2740.02 real, 1164 MB
[runlim] sample:		5513.29 time, 2750.02 real, 1164 MB
[runlim] sample:		5533.38 time, 2760.02 real, 1164 MB
[runlim] sample:		5553.48 time, 2770.02 real, 1164 MB
[runlim] sample:		5573.53 time, 2780.02 real, 1164 MB
[runlim] sample:		2810.39 time, 2790.02 real, 378 MB
[runlim] sample:		5613.66 time, 2800.02 real, 1164 MB
[runlim] sample:		5633.73 time, 2810.02 real, 1165 MB
[runlim] sample:		5653.79 time, 2820.02 real, 1165 MB
[runlim] sample:		2850.69 time, 2830.02 real, 378 MB
[runlim] sample:		5693.95 time, 2840.02 real, 1165 MB
[runlim] sample:		5714.05 time, 2850.02 real, 1165 MB
[runlim] sample:		5734.13 time, 2860.02 real, 1165 MB
[runlim] sample:		5754.24 time, 2870.02 real, 1165 MB
[runlim] sample:		5774.32 time, 2880.02 real, 1165 MB
[runlim] sample:		5794.39 time, 2890.02 real, 1247 MB
[runlim] sample:		5814.44 time, 2900.02 real, 1167 MB
[runlim] sample:		5834.52 time, 2910.02 real, 1167 MB
[runlim] sample:		5854.58 time, 2920.02 real, 1167 MB
[runlim] sample:		5874.65 time, 2930.02 real, 1167 MB
[runlim] sample:		2961.52 time, 2940.02 real, 380 MB
[runlim] sample:		5914.80 time, 2950.02 real, 1167 MB
[runlim] sample:		5934.85 time, 2960.02 real, 1167 MB
[runlim] sample:		5954.92 time, 2970.02 real, 1167 MB
[runlim] sample:		3001.81 time, 2980.02 real, 379 MB
[runlim] sample:		5995.10 time, 2990.02 real, 1167 MB
[runlim] sample:		6015.17 time, 3000.02 real, 1111 MB
[runlim] sample:		6035.23 time, 3010.02 real, 1228 MB
[runlim] sample:		6055.32 time, 3020.02 real, 1170 MB
[runlim] sample:		6075.38 time, 3030.02 real, 1170 MB
[runlim] sample:		6095.45 time, 3040.02 real, 1170 MB
[runlim] sample:		6115.52 time, 3050.02 real, 1170 MB
[runlim] sample:		6135.59 time, 3060.02 real, 1170 MB
[runlim] sample:		6155.68 time, 3070.02 real, 1170 MB
[runlim] sample:		6175.74 time, 3080.02 real, 1170 MB
[runlim] sample:		6195.79 time, 3090.02 real, 1170 MB
[runlim] sample:		6215.91 time, 3100.02 real, 1170 MB
[runlim] sample:		3132.76 time, 3110.02 real, 380 MB
[runlim] sample:		6256.02 time, 3120.02 real, 1170 MB
[runlim] sample:		6276.07 time, 3130.02 real, 1170 MB
[runlim] sample:		6296.14 time, 3140.02 real, 1170 MB
[runlim] sample:		6316.21 time, 3150.02 real, 1170 MB
[runlim] sample:		6336.26 time, 3160.02 real, 1168 MB
[runlim] sample:		6356.34 time, 3170.02 real, 1169 MB
[runlim] sample:		6376.41 time, 3180.02 real, 1169 MB
[runlim] sample:		6396.46 time, 3190.02 real, 1169 MB
[runlim] sample:		6416.52 time, 3200.02 real, 1169 MB
[runlim] sample:		6436.60 time, 3210.02 real, 1169 MB
[runlim] sample:		6456.65 time, 3220.02 real, 1177 MB
[runlim] sample:		6476.72 time, 3230.02 real, 1177 MB
[runlim] sample:		6496.79 time, 3240.02 real, 1177 MB
[runlim] sample:		6516.85 time, 3250.02 real, 1177 MB
[runlim] sample:		6536.94 time, 3260.02 real, 1177 MB
[runlim] sample:		6556.99 time, 3270.02 real, 1177 MB
[runlim] sample:		6577.06 time, 3280.02 real, 1177 MB
[runlim] sample:		6597.10 time, 3290.02 real, 1177 MB
[runlim] sample:		6617.19 time, 3300.02 real, 1178 MB
[runlim] sample:		6637.25 time, 3310.02 real, 1182 MB
[runlim] sample:		6657.34 time, 3320.02 real, 1182 MB
[runlim] sample:		6677.38 time, 3330.02 real, 1182 MB
[runlim] sample:		6697.46 time, 3340.02 real, 1182 MB
[runlim] sample:		3374.32 time, 3350.02 real, 380 MB
[runlim] sample:		6737.59 time, 3360.02 real, 1182 MB
[runlim] sample:		6757.72 time, 3370.02 real, 1182 MB
[runlim] sample:		6777.78 time, 3380.02 real, 1182 MB
[runlim] sample:		3414.65 time, 3390.02 real, 380 MB
[runlim] sample:		6817.91 time, 3400.02 real, 1182 MB
[runlim] sample:		6837.98 time, 3410.02 real, 1182 MB
[runlim] sample:		6858.05 time, 3420.02 real, 1182 MB
[runlim] sample:		6878.11 time, 3430.02 real, 1182 MB
[runlim] sample:		6898.15 time, 3440.02 real, 1182 MB
[runlim] sample:		6918.21 time, 3450.02 real, 1185 MB
[runlim] sample:		6938.26 time, 3460.02 real, 1185 MB
[runlim] sample:		6958.32 time, 3470.02 real, 1185 MB
[runlim] sample:		6978.38 time, 3480.02 real, 1185 MB
[runlim] sample:		6998.45 time, 3490.02 real, 1215 MB
[runlim] sample:		3525.31 time, 3500.02 real, 380 MB
[runlim] sample:		7038.58 time, 3510.02 real, 1158 MB
[runlim] sample:		7058.63 time, 3520.02 real, 1158 MB
[runlim] sample:		7078.68 time, 3530.02 real, 1158 MB
[runlim] sample:		7098.74 time, 3540.02 real, 1158 MB
[runlim] sample:		7118.79 time, 3550.02 real, 1158 MB
[runlim] sample:		35669.38 time, 3560.02 real, 6765 MB
[runlim] sample:		35669.40 time, 3570.02 real, 6765 MB
[runlim] end:			Fri Oct 18 20:57:21 2019
[runlim] status:		ok
[runlim] result:		0
[runlim] children:		4965
[runlim] real:			3573.50 seconds
[runlim] time:			35669.40 seconds
[runlim] space:			8672 MB
[runlim] samples:		35734
