[runlim] version:		1.17
[runlim] host:			c3n14
[runlim] time limit:		311040000 seconds
[runlim] real time limit:	3600 seconds
[runlim] space limit:		120000 MB
[runlim] argv[0]:		./run-avr.sh
[runlim] argv[1]:		/tmp/0xHmfbaj.btor
[runlim] start:			Fri Oct 18 19:51:23 2019
[runlim] child:			6352
[runlim] sample:		13.91 time, 10.02 real, 331 MB
[runlim] sample:		20.84 time, 20.02 real, 110 MB
[runlim] sample:		54.20 time, 30.02 real, 474 MB
[runlim] sample:		74.31 time, 40.02 real, 478 MB
[runlim] sample:		94.37 time, 50.02 real, 567 MB
[runlim] sample:		114.49 time, 60.02 real, 572 MB
[runlim] sample:		134.62 time, 70.02 real, 573 MB
[runlim] sample:		154.70 time, 80.02 real, 582 MB
[runlim] sample:		174.76 time, 90.02 real, 590 MB
[runlim] sample:		194.84 time, 100.02 real, 647 MB
[runlim] sample:		214.90 time, 110.02 real, 652 MB
[runlim] sample:		234.98 time, 120.02 real, 652 MB
[runlim] sample:		255.04 time, 130.02 real, 680 MB
[runlim] sample:		275.15 time, 140.02 real, 723 MB
[runlim] sample:		295.19 time, 150.02 real, 682 MB
[runlim] sample:		315.26 time, 160.02 real, 685 MB
[runlim] sample:		335.31 time, 170.02 real, 689 MB
[runlim] sample:		355.40 time, 180.02 real, 706 MB
[runlim] sample:		375.50 time, 190.02 real, 730 MB
[runlim] sample:		395.57 time, 200.02 real, 736 MB
[runlim] sample:		212.43 time, 210.02 real, 190 MB
[runlim] sample:		435.74 time, 220.02 real, 722 MB
[runlim] sample:		455.79 time, 230.02 real, 723 MB
[runlim] sample:		475.86 time, 240.02 real, 725 MB
[runlim] sample:		252.72 time, 250.02 real, 199 MB
[runlim] sample:		515.98 time, 260.02 real, 729 MB
[runlim] sample:		536.05 time, 270.02 real, 731 MB
[runlim] sample:		556.11 time, 280.02 real, 733 MB
[runlim] sample:		576.19 time, 290.02 real, 738 MB
[runlim] sample:		596.28 time, 300.02 real, 741 MB
[runlim] sample:		616.36 time, 310.02 real, 741 MB
[runlim] sample:		636.44 time, 320.02 real, 741 MB
[runlim] sample:		656.54 time, 330.02 real, 747 MB
[runlim] sample:		676.63 time, 340.02 real, 753 MB
[runlim] sample:		696.69 time, 350.02 real, 756 MB
[runlim] sample:		716.79 time, 360.02 real, 757 MB
[runlim] sample:		736.85 time, 370.02 real, 760 MB
[runlim] sample:		756.92 time, 380.02 real, 763 MB
[runlim] sample:		776.97 time, 390.02 real, 703 MB
[runlim] sample:		797.03 time, 400.02 real, 705 MB
[runlim] sample:		817.11 time, 410.02 real, 705 MB
[runlim] sample:		837.20 time, 420.02 real, 762 MB
[runlim] sample:		857.28 time, 430.02 real, 766 MB
[runlim] sample:		877.33 time, 440.02 real, 772 MB
[runlim] sample:		897.40 time, 450.02 real, 778 MB
[runlim] sample:		464.24 time, 460.02 real, 260 MB
[runlim] sample:		937.50 time, 470.02 real, 787 MB
[runlim] sample:		484.35 time, 480.02 real, 265 MB
[runlim] sample:		977.66 time, 490.02 real, 792 MB
[runlim] sample:		997.71 time, 500.02 real, 797 MB
[runlim] sample:		1017.78 time, 510.02 real, 770 MB
[runlim] sample:		524.65 time, 520.02 real, 276 MB
[runlim] sample:		1057.93 time, 530.02 real, 811 MB
[runlim] sample:		1078.00 time, 540.02 real, 851 MB
[runlim] sample:		1098.08 time, 550.02 real, 851 MB
[runlim] sample:		1118.12 time, 560.02 real, 852 MB
[runlim] sample:		1138.15 time, 570.02 real, 852 MB
[runlim] sample:		1158.20 time, 580.02 real, 853 MB
[runlim] sample:		1178.27 time, 590.02 real, 898 MB
[runlim] sample:		1198.35 time, 600.02 real, 898 MB
[runlim] sample:		1218.42 time, 610.02 real, 898 MB
[runlim] sample:		1238.47 time, 620.02 real, 898 MB
[runlim] sample:		1258.52 time, 630.02 real, 899 MB
[runlim] sample:		1278.61 time, 640.02 real, 899 MB
[runlim] sample:		1298.66 time, 650.02 real, 966 MB
[runlim] sample:		1318.73 time, 660.02 real, 838 MB
[runlim] sample:		1338.78 time, 670.02 real, 873 MB
[runlim] sample:		1358.85 time, 680.02 real, 863 MB
[runlim] sample:		1378.94 time, 690.02 real, 868 MB
[runlim] sample:		1399.00 time, 700.02 real, 870 MB
[runlim] sample:		1419.06 time, 710.02 real, 896 MB
[runlim] sample:		1439.15 time, 720.02 real, 909 MB
[runlim] sample:		1459.20 time, 730.02 real, 914 MB
[runlim] sample:		1479.27 time, 740.02 real, 918 MB
[runlim] sample:		1499.33 time, 750.02 real, 921 MB
[runlim] sample:		1519.45 time, 760.02 real, 925 MB
[runlim] sample:		776.29 time, 770.02 real, 327 MB
[runlim] sample:		1559.55 time, 780.02 real, 934 MB
[runlim] sample:		796.41 time, 790.02 real, 333 MB
[runlim] sample:		1599.67 time, 800.02 real, 942 MB
[runlim] sample:		1619.76 time, 810.02 real, 922 MB
[runlim] sample:		1639.82 time, 820.02 real, 951 MB
[runlim] sample:		1659.93 time, 830.02 real, 952 MB
[runlim] sample:		1680.02 time, 840.02 real, 953 MB
[runlim] sample:		1700.06 time, 850.02 real, 960 MB
[runlim] sample:		1720.13 time, 860.02 real, 976 MB
[runlim] sample:		1740.18 time, 870.02 real, 951 MB
[runlim] sample:		1760.24 time, 880.02 real, 1000 MB
[runlim] sample:		1780.33 time, 890.02 real, 985 MB
[runlim] sample:		1800.41 time, 900.02 real, 985 MB
[runlim] sample:		1820.50 time, 910.02 real, 990 MB
[runlim] sample:		1840.56 time, 920.02 real, 995 MB
[runlim] sample:		1860.61 time, 930.02 real, 996 MB
[runlim] sample:		1880.67 time, 940.02 real, 998 MB
[runlim] sample:		1900.76 time, 950.02 real, 1001 MB
[runlim] sample:		1920.86 time, 960.02 real, 1004 MB
[runlim] sample:		1940.93 time, 970.02 real, 1007 MB
[runlim] sample:		987.76 time, 980.02 real, 389 MB
[runlim] sample:		1981.02 time, 990.02 real, 1019 MB
[runlim] sample:		2001.10 time, 1000.02 real, 1019 MB
[runlim] sample:		2021.18 time, 1010.02 real, 1019 MB
[runlim] sample:		1028.10 time, 1020.02 real, 394 MB
[runlim] sample:		2061.38 time, 1030.02 real, 1020 MB
[runlim] sample:		2081.45 time, 1040.02 real, 1020 MB
[runlim] sample:		2101.49 time, 1050.02 real, 1020 MB
[runlim] sample:		1068.38 time, 1060.02 real, 397 MB
[runlim] sample:		2141.68 time, 1070.02 real, 1017 MB
[runlim] sample:		1088.52 time, 1080.02 real, 397 MB
[runlim] sample:		2181.79 time, 1090.02 real, 1018 MB
[runlim] sample:		1108.66 time, 1100.02 real, 395 MB
[runlim] sample:		2221.93 time, 1110.02 real, 1018 MB
[runlim] sample:		2242.01 time, 1120.02 real, 1019 MB
[runlim] sample:		2262.10 time, 1130.02 real, 1019 MB
[runlim] sample:		1148.95 time, 1140.02 real, 397 MB
[runlim] sample:		2302.20 time, 1150.02 real, 1019 MB
[runlim] sample:		2322.27 time, 1160.02 real, 1030 MB
[runlim] sample:		2342.37 time, 1170.02 real, 1041 MB
[runlim] sample:		1189.21 time, 1180.02 real, 409 MB
[runlim] sample:		2382.51 time, 1190.02 real, 1074 MB
[runlim] sample:		2402.63 time, 1200.02 real, 1070 MB
[runlim] sample:		2422.67 time, 1210.02 real, 1073 MB
[runlim] sample:		1229.52 time, 1220.02 real, 413 MB
[runlim] sample:		2462.79 time, 1230.02 real, 1054 MB
[runlim] sample:		2482.87 time, 1240.02 real, 1071 MB
[runlim] sample:		2502.95 time, 1250.02 real, 1058 MB
[runlim] sample:		2523.02 time, 1260.02 real, 1060 MB
[runlim] sample:		2543.12 time, 1270.02 real, 1060 MB
[runlim] sample:		1289.98 time, 1280.02 real, 426 MB
[runlim] sample:		2583.23 time, 1290.02 real, 1066 MB
[runlim] sample:		2603.32 time, 1300.02 real, 1065 MB
[runlim] sample:		2623.39 time, 1310.02 real, 1069 MB
[runlim] sample:		2643.46 time, 1320.02 real, 1070 MB
[runlim] sample:		2663.54 time, 1330.02 real, 1071 MB
[runlim] sample:		2683.63 time, 1340.02 real, 1072 MB
[runlim] sample:		2703.70 time, 1350.02 real, 1074 MB
[runlim] sample:		2723.77 time, 1360.02 real, 1070 MB
[runlim] sample:		2743.82 time, 1370.02 real, 1076 MB
[runlim] sample:		2763.91 time, 1380.02 real, 1077 MB
[runlim] sample:		2783.97 time, 1390.02 real, 1077 MB
[runlim] sample:		2804.04 time, 1400.02 real, 1077 MB
[runlim] sample:		2824.10 time, 1410.02 real, 1124 MB
[runlim] sample:		2844.16 time, 1420.02 real, 1101 MB
[runlim] sample:		2864.24 time, 1430.02 real, 1075 MB
[runlim] sample:		2884.34 time, 1440.02 real, 1075 MB
[runlim] sample:		2904.40 time, 1450.02 real, 1075 MB
[runlim] sample:		1471.28 time, 1460.02 real, 426 MB
[runlim] sample:		2944.54 time, 1470.02 real, 1075 MB
[runlim] sample:		2964.60 time, 1480.02 real, 1075 MB
[runlim] sample:		2984.63 time, 1490.02 real, 1094 MB
[runlim] sample:		3004.73 time, 1500.02 real, 1094 MB
[runlim] sample:		3024.79 time, 1510.02 real, 1054 MB
[runlim] sample:		3044.86 time, 1520.02 real, 1064 MB
[runlim] sample:		3064.96 time, 1530.02 real, 1064 MB
[runlim] sample:		3085.06 time, 1540.02 real, 1064 MB
[runlim] sample:		3105.13 time, 1550.02 real, 1064 MB
[runlim] sample:		3125.20 time, 1560.02 real, 1064 MB
[runlim] sample:		3145.27 time, 1570.02 real, 1075 MB
[runlim] sample:		3165.34 time, 1580.02 real, 1075 MB
[runlim] sample:		3185.38 time, 1590.02 real, 1075 MB
[runlim] sample:		3205.48 time, 1600.02 real, 1075 MB
[runlim] sample:		3225.55 time, 1610.02 real, 1075 MB
[runlim] sample:		3245.62 time, 1620.02 real, 1075 MB
[runlim] sample:		3265.68 time, 1630.02 real, 1075 MB
[runlim] sample:		3285.73 time, 1640.02 real, 1075 MB
[runlim] sample:		3305.81 time, 1650.02 real, 1076 MB
[runlim] sample:		3325.94 time, 1660.02 real, 1076 MB
[runlim] sample:		3346.01 time, 1670.02 real, 1076 MB
[runlim] sample:		3366.07 time, 1680.02 real, 1076 MB
[runlim] sample:		3386.11 time, 1690.02 real, 1076 MB
[runlim] sample:		3406.20 time, 1700.02 real, 1076 MB
[runlim] sample:		3426.25 time, 1710.02 real, 974 MB
[runlim] sample:		3446.32 time, 1720.02 real, 974 MB
[runlim] sample:		3466.38 time, 1730.02 real, 974 MB
[runlim] sample:		3486.42 time, 1740.02 real, 974 MB
[runlim] sample:		3506.47 time, 1750.02 real, 974 MB
[runlim] sample:		3526.53 time, 1760.02 real, 974 MB
[runlim] sample:		3546.60 time, 1770.02 real, 974 MB
[runlim] sample:		3566.67 time, 1780.02 real, 974 MB
[runlim] sample:		3586.73 time, 1790.02 real, 974 MB
[runlim] sample:		3606.79 time, 1800.02 real, 974 MB
[runlim] sample:		1823.66 time, 1810.02 real, 429 MB
[runlim] sample:		3646.93 time, 1820.02 real, 1007 MB
[runlim] sample:		3666.99 time, 1830.02 real, 1007 MB
[runlim] sample:		3687.04 time, 1840.02 real, 1007 MB
[runlim] sample:		3707.10 time, 1850.02 real, 1007 MB
[runlim] sample:		3727.15 time, 1860.02 real, 1007 MB
[runlim] sample:		3747.21 time, 1870.02 real, 992 MB
[runlim] sample:		3767.27 time, 1880.02 real, 1060 MB
[runlim] sample:		3787.34 time, 1890.02 real, 1071 MB
[runlim] sample:		3807.40 time, 1900.02 real, 1071 MB
[runlim] sample:		3827.45 time, 1910.02 real, 1071 MB
[runlim] sample:		3847.50 time, 1920.02 real, 1071 MB
[runlim] sample:		3867.59 time, 1930.02 real, 1071 MB
[runlim] sample:		3887.63 time, 1940.02 real, 1071 MB
[runlim] sample:		3907.72 time, 1950.02 real, 1071 MB
[runlim] sample:		3927.80 time, 1960.02 real, 1071 MB
[runlim] sample:		3947.90 time, 1970.02 real, 1071 MB
[runlim] sample:		3967.97 time, 1980.02 real, 1071 MB
[runlim] sample:		3988.01 time, 1990.02 real, 1071 MB
[runlim] sample:		2014.89 time, 2000.02 real, 429 MB
[runlim] sample:		4028.14 time, 2010.02 real, 1071 MB
[runlim] sample:		4048.19 time, 2020.02 real, 1071 MB
[runlim] sample:		4068.23 time, 2030.02 real, 1071 MB
[runlim] sample:		4088.33 time, 2040.02 real, 1071 MB
[runlim] sample:		4108.40 time, 2050.02 real, 1071 MB
[runlim] sample:		4128.46 time, 2060.02 real, 1071 MB
[runlim] sample:		4148.52 time, 2070.02 real, 1071 MB
[runlim] sample:		4168.59 time, 2080.02 real, 1071 MB
[runlim] sample:		4188.64 time, 2090.02 real, 1071 MB
[runlim] sample:		4208.73 time, 2100.02 real, 1071 MB
[runlim] sample:		2125.55 time, 2110.02 real, 429 MB
[runlim] sample:		4248.81 time, 2120.02 real, 1071 MB
[runlim] sample:		4268.90 time, 2130.02 real, 1077 MB
[runlim] sample:		4288.94 time, 2140.02 real, 1077 MB
[runlim] sample:		2165.82 time, 2150.02 real, 429 MB
[runlim] sample:		4329.10 time, 2160.02 real, 1154 MB
[runlim] sample:		4349.15 time, 2170.02 real, 1154 MB
[runlim] sample:		4369.19 time, 2180.02 real, 1154 MB
[runlim] sample:		4389.26 time, 2190.02 real, 1154 MB
[runlim] sample:		4409.34 time, 2200.02 real, 1154 MB
[runlim] sample:		4429.40 time, 2210.02 real, 1155 MB
[runlim] sample:		4449.46 time, 2220.02 real, 1155 MB
[runlim] sample:		4469.54 time, 2230.02 real, 1155 MB
[runlim] sample:		4489.58 time, 2240.02 real, 1155 MB
[runlim] sample:		4509.64 time, 2250.02 real, 1155 MB
[runlim] sample:		4529.69 time, 2260.02 real, 1177 MB
[runlim] sample:		4549.75 time, 2270.02 real, 1190 MB
[runlim] sample:		4569.86 time, 2280.02 real, 1190 MB
[runlim] sample:		4589.92 time, 2290.02 real, 1190 MB
[runlim] sample:		2316.79 time, 2300.02 real, 430 MB
[runlim] sample:		4630.07 time, 2310.02 real, 1190 MB
[runlim] sample:		4650.14 time, 2320.02 real, 1290 MB
[runlim] sample:		4670.19 time, 2330.02 real, 1323 MB
[runlim] sample:		4690.25 time, 2340.02 real, 1323 MB
[runlim] sample:		4710.31 time, 2350.02 real, 1323 MB
[runlim] sample:		4730.36 time, 2360.02 real, 1098 MB
[runlim] sample:		4750.45 time, 2370.02 real, 1079 MB
[runlim] sample:		4770.53 time, 2380.02 real, 1080 MB
[runlim] sample:		4790.61 time, 2390.02 real, 1080 MB
[runlim] sample:		4810.64 time, 2400.02 real, 1081 MB
[runlim] sample:		4830.71 time, 2410.02 real, 1098 MB
[runlim] sample:		4850.79 time, 2420.02 real, 1116 MB
[runlim] sample:		2447.65 time, 2430.02 real, 430 MB
[runlim] sample:		4890.89 time, 2440.02 real, 1126 MB
[runlim] sample:		4910.98 time, 2450.02 real, 1126 MB
[runlim] sample:		4931.04 time, 2460.02 real, 1126 MB
[runlim] sample:		4951.09 time, 2470.02 real, 1096 MB
[runlim] sample:		4971.14 time, 2480.02 real, 1128 MB
[runlim] sample:		4991.22 time, 2490.02 real, 1123 MB
[runlim] sample:		5011.29 time, 2500.02 real, 1123 MB
[runlim] sample:		5031.34 time, 2510.02 real, 1123 MB
[runlim] sample:		5051.39 time, 2520.02 real, 1123 MB
[runlim] sample:		5071.46 time, 2530.02 real, 1123 MB
[runlim] sample:		2558.30 time, 2540.02 real, 430 MB
[runlim] sample:		5111.59 time, 2550.02 real, 1124 MB
[runlim] sample:		2578.46 time, 2560.02 real, 428 MB
[runlim] sample:		5151.72 time, 2570.02 real, 1124 MB
[runlim] sample:		5171.78 time, 2580.02 real, 1124 MB
[runlim] sample:		5191.85 time, 2590.02 real, 1124 MB
[runlim] sample:		5211.92 time, 2600.02 real, 1124 MB
[runlim] sample:		5232.00 time, 2610.02 real, 1124 MB
[runlim] sample:		5252.06 time, 2620.02 real, 1124 MB
[runlim] sample:		5272.14 time, 2630.02 real, 1126 MB
[runlim] sample:		5292.20 time, 2640.02 real, 1144 MB
[runlim] sample:		5312.26 time, 2650.02 real, 1126 MB
[runlim] sample:		5332.30 time, 2660.02 real, 1126 MB
[runlim] sample:		2689.15 time, 2670.02 real, 430 MB
[runlim] sample:		5372.41 time, 2680.02 real, 1126 MB
[runlim] sample:		5392.45 time, 2690.02 real, 1127 MB
[runlim] sample:		5412.53 time, 2700.02 real, 1127 MB
[runlim] sample:		5432.58 time, 2710.02 real, 1126 MB
[runlim] sample:		5452.64 time, 2720.02 real, 1126 MB
[runlim] sample:		5472.70 time, 2730.02 real, 1126 MB
[runlim] sample:		5492.77 time, 2740.02 real, 1126 MB
[runlim] sample:		5512.84 time, 2750.02 real, 1126 MB
[runlim] sample:		5532.87 time, 2760.02 real, 1126 MB
[runlim] sample:		5552.91 time, 2770.02 real, 1126 MB
[runlim] sample:		2799.76 time, 2780.02 real, 430 MB
[runlim] sample:		5593.04 time, 2790.02 real, 1126 MB
[runlim] sample:		5613.08 time, 2800.02 real, 1126 MB
[runlim] sample:		5633.13 time, 2810.02 real, 1127 MB
[runlim] sample:		2839.99 time, 2820.02 real, 428 MB
[runlim] sample:		5673.27 time, 2830.02 real, 1127 MB
[runlim] sample:		5693.32 time, 2840.02 real, 1127 MB
[runlim] sample:		5713.38 time, 2850.02 real, 1127 MB
[runlim] sample:		5733.47 time, 2860.02 real, 1127 MB
[runlim] sample:		5753.51 time, 2870.02 real, 1127 MB
[runlim] sample:		5773.59 time, 2880.02 real, 1127 MB
[runlim] sample:		5793.65 time, 2890.02 real, 1128 MB
[runlim] sample:		5813.71 time, 2900.02 real, 1128 MB
[runlim] sample:		5833.77 time, 2910.02 real, 1128 MB
[runlim] sample:		5853.82 time, 2920.02 real, 1128 MB
[runlim] sample:		5873.93 time, 2930.02 real, 1128 MB
[runlim] sample:		5893.98 time, 2940.02 real, 1124 MB
[runlim] sample:		5914.02 time, 2950.02 real, 1125 MB
[runlim] sample:		5934.07 time, 2960.02 real, 1125 MB
[runlim] sample:		5954.16 time, 2970.02 real, 1125 MB
[runlim] sample:		5974.22 time, 2980.02 real, 1125 MB
[runlim] sample:		5994.28 time, 2990.02 real, 1125 MB
[runlim] sample:		6014.36 time, 3000.02 real, 1114 MB
[runlim] sample:		6034.44 time, 3010.02 real, 1132 MB
[runlim] sample:		6054.49 time, 3020.02 real, 1144 MB
[runlim] sample:		6074.53 time, 3030.02 real, 1144 MB
[runlim] sample:		3061.38 time, 3040.02 real, 433 MB
[runlim] sample:		6114.67 time, 3050.02 real, 1144 MB
[runlim] sample:		6134.77 time, 3060.02 real, 1145 MB
[runlim] sample:		6154.80 time, 3070.02 real, 1145 MB
[runlim] sample:		3101.70 time, 3080.02 real, 432 MB
[runlim] sample:		6194.96 time, 3090.02 real, 1146 MB
[runlim] sample:		6215.01 time, 3100.02 real, 1146 MB
[runlim] sample:		6235.10 time, 3110.02 real, 1146 MB
[runlim] sample:		6255.19 time, 3120.02 real, 1168 MB
[runlim] sample:		6275.23 time, 3130.02 real, 1168 MB
[runlim] sample:		6295.28 time, 3140.02 real, 1143 MB
[runlim] sample:		6315.38 time, 3150.02 real, 1143 MB
[runlim] sample:		6335.45 time, 3160.02 real, 1143 MB
[runlim] sample:		6355.50 time, 3170.02 real, 1143 MB
[runlim] sample:		6375.57 time, 3180.02 real, 1143 MB
[runlim] sample:		3212.43 time, 3190.02 real, 431 MB
[runlim] sample:		6415.71 time, 3200.02 real, 1143 MB
[runlim] sample:		6435.75 time, 3210.02 real, 1143 MB
[runlim] sample:		6455.82 time, 3220.02 real, 1143 MB
[runlim] sample:		6475.91 time, 3230.02 real, 1143 MB
[runlim] sample:		6495.98 time, 3240.02 real, 1146 MB
[runlim] sample:		6516.04 time, 3250.02 real, 1146 MB
[runlim] sample:		6536.10 time, 3260.02 real, 1146 MB
[runlim] sample:		6556.17 time, 3270.02 real, 1165 MB
[runlim] sample:		6576.26 time, 3280.02 real, 1165 MB
[runlim] sample:		6596.32 time, 3290.02 real, 1179 MB
[runlim] sample:		3323.18 time, 3300.02 real, 431 MB
[runlim] sample:		6636.43 time, 3310.02 real, 1182 MB
[runlim] sample:		6656.50 time, 3320.02 real, 1182 MB
[runlim] sample:		6676.56 time, 3330.02 real, 1182 MB
[runlim] sample:		6696.67 time, 3340.02 real, 1185 MB
[runlim] sample:		6716.74 time, 3350.02 real, 1185 MB
[runlim] sample:		6736.82 time, 3360.02 real, 1185 MB
[runlim] sample:		6756.86 time, 3370.02 real, 1185 MB
[runlim] sample:		6776.94 time, 3380.02 real, 1185 MB
[runlim] sample:		6797.00 time, 3390.02 real, 1185 MB
[runlim] sample:		6817.05 time, 3400.02 real, 1189 MB
[runlim] sample:		3433.91 time, 3410.02 real, 431 MB
[runlim] sample:		6857.15 time, 3420.02 real, 1191 MB
[runlim] sample:		6877.21 time, 3430.02 real, 1191 MB
[runlim] sample:		6897.28 time, 3440.02 real, 1191 MB
[runlim] sample:		3474.15 time, 3450.02 real, 428 MB
[runlim] sample:		6937.42 time, 3460.02 real, 1191 MB
[runlim] sample:		6957.50 time, 3470.02 real, 1191 MB
[runlim] sample:		6977.58 time, 3480.02 real, 1191 MB
[runlim] sample:		6997.65 time, 3490.02 real, 1191 MB
[runlim] sample:		7017.71 time, 3500.02 real, 1191 MB
[runlim] sample:		7037.79 time, 3510.02 real, 1204 MB
[runlim] sample:		7057.84 time, 3520.02 real, 1204 MB
[runlim] sample:		7077.88 time, 3530.02 real, 1204 MB
[runlim] sample:		7097.95 time, 3540.02 real, 1205 MB
[runlim] sample:		7117.98 time, 3550.02 real, 1205 MB
[runlim] sample:		32549.51 time, 3560.02 real, 7042 MB
[runlim] sample:		32549.52 time, 3570.02 real, 7042 MB
[runlim] end:			Fri Oct 18 20:51:00 2019
[runlim] status:		ok
[runlim] result:		0
[runlim] children:		4859
[runlim] real:			3576.38 seconds
[runlim] time:			32549.54 seconds
[runlim] space:			10792 MB
[runlim] samples:		35763
