[runlim] version:		1.17
[runlim] host:			c3n29
[runlim] time limit:		311040000 seconds
[runlim] real time limit:	3600 seconds
[runlim] space limit:		120000 MB
[runlim] argv[0]:		./run-avr.sh
[runlim] argv[1]:		/tmp/RCzxtUMc.btor
[runlim] start:			Fri Oct 18 20:33:50 2019
[runlim] child:			12640
[runlim] sample:		13.50 time, 10.02 real, 341 MB
[runlim] sample:		20.45 time, 20.02 real, 173 MB
[runlim] sample:		53.71 time, 30.02 real, 567 MB
[runlim] sample:		73.81 time, 40.02 real, 630 MB
[runlim] sample:		50.73 time, 50.02 real, 185 MB
[runlim] sample:		113.96 time, 60.02 real, 664 MB
[runlim] sample:		134.07 time, 70.02 real, 654 MB
[runlim] sample:		154.11 time, 80.02 real, 656 MB
[runlim] sample:		174.15 time, 90.02 real, 663 MB
[runlim] sample:		194.26 time, 100.02 real, 664 MB
[runlim] sample:		214.32 time, 110.02 real, 670 MB
[runlim] sample:		234.40 time, 120.02 real, 670 MB
[runlim] sample:		254.46 time, 130.02 real, 670 MB
[runlim] sample:		274.55 time, 140.02 real, 671 MB
[runlim] sample:		294.59 time, 150.02 real, 688 MB
[runlim] sample:		314.66 time, 160.02 real, 706 MB
[runlim] sample:		334.73 time, 170.02 real, 694 MB
[runlim] sample:		354.83 time, 180.02 real, 696 MB
[runlim] sample:		374.89 time, 190.02 real, 697 MB
[runlim] sample:		394.95 time, 200.02 real, 699 MB
[runlim] sample:		415.01 time, 210.02 real, 701 MB
[runlim] sample:		435.08 time, 220.02 real, 691 MB
[runlim] sample:		455.13 time, 230.02 real, 709 MB
[runlim] sample:		475.20 time, 240.02 real, 710 MB
[runlim] sample:		252.27 time, 250.02 real, 225 MB
[runlim] sample:		515.30 time, 260.02 real, 770 MB
[runlim] sample:		535.35 time, 270.02 real, 770 MB
[runlim] sample:		555.40 time, 280.02 real, 772 MB
[runlim] sample:		292.56 time, 290.02 real, 230 MB
[runlim] sample:		595.54 time, 300.02 real, 805 MB
[runlim] sample:		615.60 time, 310.02 real, 821 MB
[runlim] sample:		635.66 time, 320.02 real, 799 MB
[runlim] sample:		332.85 time, 330.02 real, 300 MB
[runlim] sample:		675.82 time, 340.02 real, 869 MB
[runlim] sample:		695.87 time, 350.02 real, 919 MB
[runlim] sample:		715.94 time, 360.02 real, 917 MB
[runlim] sample:		736.02 time, 370.02 real, 919 MB
[runlim] sample:		756.10 time, 380.02 real, 933 MB
[runlim] sample:		776.17 time, 390.02 real, 929 MB
[runlim] sample:		796.28 time, 400.02 real, 998 MB
[runlim] sample:		816.36 time, 410.02 real, 1002 MB
[runlim] sample:		836.44 time, 420.02 real, 1041 MB
[runlim] sample:		856.52 time, 430.02 real, 1061 MB
[runlim] sample:		876.59 time, 440.02 real, 1060 MB
[runlim] sample:		896.66 time, 450.02 real, 1060 MB
[runlim] sample:		916.70 time, 460.02 real, 1061 MB
[runlim] sample:		936.78 time, 470.02 real, 1061 MB
[runlim] sample:		956.86 time, 480.02 real, 1071 MB
[runlim] sample:		976.95 time, 490.02 real, 1122 MB
[runlim] sample:		997.01 time, 500.02 real, 1158 MB
[runlim] sample:		1017.12 time, 510.02 real, 1158 MB
[runlim] sample:		524.46 time, 520.02 real, 610 MB
[runlim] sample:		1057.30 time, 530.02 real, 1091 MB
[runlim] sample:		1077.39 time, 540.02 real, 1125 MB
[runlim] sample:		1097.44 time, 550.02 real, 1172 MB
[runlim] sample:		564.81 time, 560.02 real, 689 MB
[runlim] sample:		1137.58 time, 570.02 real, 1177 MB
[runlim] sample:		1157.68 time, 580.02 real, 1193 MB
[runlim] sample:		1177.76 time, 590.02 real, 1193 MB
[runlim] sample:		1197.84 time, 600.02 real, 1194 MB
[runlim] sample:		1217.93 time, 610.02 real, 1200 MB
[runlim] sample:		1237.99 time, 620.02 real, 1204 MB
[runlim] sample:		1258.04 time, 630.02 real, 1179 MB
[runlim] sample:		1278.18 time, 640.02 real, 1213 MB
[runlim] sample:		1298.24 time, 650.02 real, 1216 MB
[runlim] sample:		1318.32 time, 660.02 real, 1289 MB
[runlim] sample:		675.76 time, 670.02 real, 788 MB
[runlim] sample:		1358.45 time, 680.02 real, 1306 MB
[runlim] sample:		1378.52 time, 690.02 real, 1335 MB
[runlim] sample:		1398.59 time, 700.02 real, 1387 MB
[runlim] sample:		716.10 time, 710.02 real, 851 MB
[runlim] sample:		1438.78 time, 720.02 real, 1379 MB
[runlim] sample:		1458.84 time, 730.02 real, 1343 MB
[runlim] sample:		1478.91 time, 740.02 real, 1378 MB
[runlim] sample:		756.43 time, 750.02 real, 860 MB
[runlim] sample:		1519.07 time, 760.02 real, 1379 MB
[runlim] sample:		1539.15 time, 770.02 real, 1379 MB
[runlim] sample:		1559.18 time, 780.02 real, 1381 MB
[runlim] sample:		1579.25 time, 790.02 real, 1436 MB
[runlim] sample:		1599.31 time, 800.02 real, 1436 MB
[runlim] sample:		1619.40 time, 810.02 real, 1470 MB
[runlim] sample:		1639.46 time, 820.02 real, 1470 MB
[runlim] sample:		1659.57 time, 830.02 real, 1470 MB
[runlim] sample:		1679.63 time, 840.02 real, 1471 MB
[runlim] sample:		1699.70 time, 850.02 real, 1541 MB
[runlim] sample:		1719.77 time, 860.02 real, 1573 MB
[runlim] sample:		1739.86 time, 870.02 real, 1573 MB
[runlim] sample:		1759.89 time, 880.02 real, 1539 MB
[runlim] sample:		1779.94 time, 890.02 real, 1538 MB
[runlim] sample:		907.57 time, 900.02 real, 962 MB
[runlim] sample:		1820.06 time, 910.02 real, 1583 MB
[runlim] sample:		1840.11 time, 920.02 real, 1557 MB
[runlim] sample:		1860.17 time, 930.02 real, 1610 MB
[runlim] sample:		947.87 time, 940.02 real, 993 MB
[runlim] sample:		1900.33 time, 950.02 real, 1508 MB
[runlim] sample:		1920.38 time, 960.02 real, 1561 MB
[runlim] sample:		1940.45 time, 970.02 real, 1604 MB
[runlim] sample:		988.14 time, 980.02 real, 1015 MB
[runlim] sample:		1980.54 time, 990.02 real, 1637 MB
[runlim] sample:		2000.63 time, 1000.02 real, 1627 MB
[runlim] sample:		2020.72 time, 1010.02 real, 1625 MB
[runlim] sample:		1028.48 time, 1020.02 real, 1033 MB
[runlim] sample:		2060.86 time, 1030.02 real, 1625 MB
[runlim] sample:		2080.91 time, 1040.02 real, 1625 MB
[runlim] sample:		2100.94 time, 1050.02 real, 1645 MB
[runlim] sample:		2121.03 time, 1060.02 real, 1624 MB
[runlim] sample:		2141.09 time, 1070.02 real, 1644 MB
[runlim] sample:		2161.13 time, 1080.02 real, 1623 MB
[runlim] sample:		2181.18 time, 1090.02 real, 1623 MB
[runlim] sample:		2201.25 time, 1100.02 real, 1623 MB
[runlim] sample:		2221.32 time, 1110.02 real, 1637 MB
[runlim] sample:		2241.40 time, 1120.02 real, 1678 MB
[runlim] sample:		2261.47 time, 1130.02 real, 1678 MB
[runlim] sample:		2281.53 time, 1140.02 real, 1678 MB
[runlim] sample:		2301.57 time, 1150.02 real, 1681 MB
[runlim] sample:		2321.65 time, 1160.02 real, 1685 MB
[runlim] sample:		2341.72 time, 1170.02 real, 1759 MB
[runlim] sample:		2361.75 time, 1180.02 real, 1792 MB
[runlim] sample:		2381.81 time, 1190.02 real, 1711 MB
[runlim] sample:		2401.86 time, 1200.02 real, 1782 MB
[runlim] sample:		1219.76 time, 1210.02 real, 1221 MB
[runlim] sample:		2442.01 time, 1220.02 real, 1815 MB
[runlim] sample:		2462.07 time, 1230.02 real, 1820 MB
[runlim] sample:		2482.12 time, 1240.02 real, 1751 MB
[runlim] sample:		1260.07 time, 1250.02 real, 1144 MB
[runlim] sample:		2522.28 time, 1260.02 real, 1736 MB
[runlim] sample:		2542.36 time, 1270.02 real, 1736 MB
[runlim] sample:		2562.42 time, 1280.02 real, 1830 MB
[runlim] sample:		1300.39 time, 1290.02 real, 1238 MB
[runlim] sample:		2602.56 time, 1300.02 real, 1829 MB
[runlim] sample:		2622.63 time, 1310.02 real, 1830 MB
[runlim] sample:		2642.67 time, 1320.02 real, 1758 MB
[runlim] sample:		2662.78 time, 1330.02 real, 1758 MB
[runlim] sample:		2682.86 time, 1340.02 real, 1758 MB
[runlim] sample:		2702.95 time, 1350.02 real, 1758 MB
[runlim] sample:		2723.01 time, 1360.02 real, 1758 MB
[runlim] sample:		2743.10 time, 1370.02 real, 1758 MB
[runlim] sample:		2763.20 time, 1380.02 real, 1758 MB
[runlim] sample:		2783.27 time, 1390.02 real, 1758 MB
[runlim] sample:		2803.32 time, 1400.02 real, 1758 MB
[runlim] sample:		2823.40 time, 1410.02 real, 1758 MB
[runlim] sample:		2843.47 time, 1420.02 real, 1758 MB
[runlim] sample:		2863.51 time, 1430.02 real, 1758 MB
[runlim] sample:		1451.46 time, 1440.02 real, 1238 MB
[runlim] sample:		2903.68 time, 1450.02 real, 1782 MB
[runlim] sample:		2923.78 time, 1460.02 real, 1782 MB
[runlim] sample:		2943.87 time, 1470.02 real, 1783 MB
[runlim] sample:		1491.84 time, 1480.02 real, 1244 MB
[runlim] sample:		2984.03 time, 1490.02 real, 1788 MB
[runlim] sample:		3004.07 time, 1500.02 real, 1788 MB
[runlim] sample:		3024.13 time, 1510.02 real, 1788 MB
[runlim] sample:		3044.20 time, 1520.02 real, 1788 MB
[runlim] sample:		3064.28 time, 1530.02 real, 1789 MB
[runlim] sample:		3084.33 time, 1540.02 real, 1819 MB
[runlim] sample:		3104.41 time, 1550.02 real, 1865 MB
[runlim] sample:		3124.50 time, 1560.02 real, 1860 MB
[runlim] sample:		3144.57 time, 1570.02 real, 1892 MB
[runlim] sample:		3164.67 time, 1580.02 real, 1812 MB
[runlim] sample:		3184.72 time, 1590.02 real, 1877 MB
[runlim] sample:		3204.78 time, 1600.02 real, 2008 MB
[runlim] sample:		3224.85 time, 1610.02 real, 2008 MB
[runlim] sample:		3244.94 time, 1620.02 real, 1945 MB
[runlim] sample:		1642.94 time, 1630.02 real, 1316 MB
[runlim] sample:		3285.11 time, 1640.02 real, 1962 MB
[runlim] sample:		3305.19 time, 1650.02 real, 1867 MB
[runlim] sample:		3325.24 time, 1660.02 real, 1930 MB
[runlim] sample:		1683.20 time, 1670.02 real, 1317 MB
[runlim] sample:		3365.38 time, 1680.02 real, 1980 MB
[runlim] sample:		3385.43 time, 1690.02 real, 1980 MB
[runlim] sample:		3405.48 time, 1700.02 real, 1980 MB
[runlim] sample:		3425.56 time, 1710.02 real, 1944 MB
[runlim] sample:		3445.61 time, 1720.02 real, 1947 MB
[runlim] sample:		3465.67 time, 1730.02 real, 1970 MB
[runlim] sample:		3485.74 time, 1740.02 real, 1944 MB
[runlim] sample:		3505.82 time, 1750.02 real, 1943 MB
[runlim] sample:		3525.88 time, 1760.02 real, 1943 MB
[runlim] sample:		3545.94 time, 1770.02 real, 1943 MB
[runlim] sample:		3565.99 time, 1780.02 real, 1943 MB
[runlim] sample:		3586.11 time, 1790.02 real, 1965 MB
[runlim] sample:		3606.17 time, 1800.02 real, 1944 MB
[runlim] sample:		3626.23 time, 1810.02 real, 1944 MB
[runlim] sample:		1834.19 time, 1820.02 real, 1317 MB
[runlim] sample:		3666.38 time, 1830.02 real, 2013 MB
[runlim] sample:		3686.42 time, 1840.02 real, 2074 MB
[runlim] sample:		3706.49 time, 1850.02 real, 2063 MB
[runlim] sample:		1874.47 time, 1860.02 real, 1430 MB
[runlim] sample:		3746.62 time, 1870.02 real, 2062 MB
[runlim] sample:		3766.69 time, 1880.02 real, 2062 MB
[runlim] sample:		3786.75 time, 1890.02 real, 2062 MB
[runlim] sample:		3806.83 time, 1900.02 real, 2062 MB
[runlim] sample:		3826.90 time, 1910.02 real, 2062 MB
[runlim] sample:		3846.96 time, 1920.02 real, 2062 MB
[runlim] sample:		3867.00 time, 1930.02 real, 2063 MB
[runlim] sample:		3887.08 time, 1940.02 real, 2063 MB
[runlim] sample:		3907.15 time, 1950.02 real, 2061 MB
[runlim] sample:		3927.22 time, 1960.02 real, 2095 MB
[runlim] sample:		3947.24 time, 1970.02 real, 2097 MB
[runlim] sample:		3967.34 time, 1980.02 real, 2066 MB
[runlim] sample:		3987.40 time, 1990.02 real, 2069 MB
[runlim] sample:		5997.20 time, 2000.02 real, 2069 MB
[runlim] sample:		4015.17 time, 2010.02 real, 1442 MB
[runlim] sample:		6037.33 time, 2020.02 real, 2070 MB
[runlim] sample:		6057.43 time, 2030.02 real, 2091 MB
[runlim] sample:		6077.45 time, 2040.02 real, 2069 MB
[runlim] sample:		6097.54 time, 2050.02 real, 2069 MB
[runlim] sample:		6117.60 time, 2060.02 real, 2069 MB
[runlim] sample:		6137.65 time, 2070.02 real, 2069 MB
[runlim] sample:		6157.72 time, 2080.02 real, 2090 MB
[runlim] sample:		6177.80 time, 2090.02 real, 2124 MB
[runlim] sample:		6197.84 time, 2100.02 real, 2140 MB
[runlim] sample:		6217.90 time, 2110.02 real, 2128 MB
[runlim] sample:		6237.96 time, 2120.02 real, 2152 MB
[runlim] sample:		6258.04 time, 2130.02 real, 2155 MB
[runlim] sample:		6278.11 time, 2140.02 real, 2157 MB
[runlim] sample:		6298.18 time, 2150.02 real, 2156 MB
[runlim] sample:		6318.22 time, 2160.02 real, 2174 MB
[runlim] sample:		6338.27 time, 2170.02 real, 2158 MB
[runlim] sample:		4186.21 time, 2180.02 real, 1530 MB
[runlim] sample:		6378.37 time, 2190.02 real, 2158 MB
[runlim] sample:		6398.42 time, 2200.02 real, 2179 MB
[runlim] sample:		6418.48 time, 2210.02 real, 2157 MB
[runlim] sample:		6438.58 time, 2220.02 real, 2157 MB
[runlim] sample:		6458.63 time, 2230.02 real, 2176 MB
[runlim] sample:		6478.70 time, 2240.02 real, 2164 MB
[runlim] sample:		4256.64 time, 2250.02 real, 1540 MB
[runlim] sample:		6518.79 time, 2260.02 real, 2184 MB
[runlim] sample:		6538.86 time, 2270.02 real, 2243 MB
[runlim] sample:		6558.91 time, 2280.02 real, 2228 MB
[runlim] sample:		6578.97 time, 2290.02 real, 2228 MB
[runlim] sample:		6599.04 time, 2300.02 real, 2228 MB
[runlim] sample:		6619.10 time, 2310.02 real, 2288 MB
[runlim] sample:		4327.09 time, 2320.02 real, 1617 MB
[runlim] sample:		6659.24 time, 2330.02 real, 2244 MB
[runlim] sample:		6679.31 time, 2340.02 real, 2238 MB
[runlim] sample:		6699.35 time, 2350.02 real, 2288 MB
[runlim] sample:		6719.42 time, 2360.02 real, 2313 MB
[runlim] sample:		6739.46 time, 2370.02 real, 2314 MB
[runlim] sample:		6759.52 time, 2380.02 real, 2290 MB
[runlim] sample:		4397.50 time, 2390.02 real, 1697 MB
[runlim] sample:		6799.62 time, 2400.02 real, 2320 MB
[runlim] sample:		6819.67 time, 2410.02 real, 2292 MB
[runlim] sample:		6839.72 time, 2420.02 real, 2368 MB
[runlim] sample:		6859.79 time, 2430.02 real, 2333 MB
[runlim] sample:		6879.85 time, 2440.02 real, 2308 MB
[runlim] sample:		6899.91 time, 2450.02 real, 2292 MB
[runlim] sample:		6919.99 time, 2460.02 real, 2325 MB
[runlim] sample:		6940.02 time, 2470.02 real, 2281 MB
[runlim] sample:		6960.10 time, 2480.02 real, 2296 MB
[runlim] sample:		6980.16 time, 2490.02 real, 2299 MB
[runlim] sample:		7000.24 time, 2500.02 real, 2329 MB
[runlim] sample:		4518.20 time, 2510.02 real, 1715 MB
[runlim] sample:		7040.34 time, 2520.02 real, 2342 MB
[runlim] sample:		7060.42 time, 2530.02 real, 2322 MB
[runlim] sample:		7080.46 time, 2540.02 real, 2397 MB
[runlim] sample:		7100.53 time, 2550.02 real, 2416 MB
[runlim] sample:		7120.57 time, 2560.02 real, 2415 MB
[runlim] sample:		7140.65 time, 2570.02 real, 2399 MB
[runlim] sample:		7160.71 time, 2580.02 real, 2399 MB
[runlim] sample:		7180.77 time, 2590.02 real, 2399 MB
[runlim] sample:		7200.83 time, 2600.02 real, 2399 MB
[runlim] sample:		7220.87 time, 2610.02 real, 2400 MB
[runlim] sample:		7240.93 time, 2620.02 real, 2400 MB
[runlim] sample:		4638.88 time, 2630.02 real, 1771 MB
[runlim] sample:		7281.05 time, 2640.02 real, 2400 MB
[runlim] sample:		7301.10 time, 2650.02 real, 2421 MB
[runlim] sample:		7321.15 time, 2660.02 real, 2418 MB
[runlim] sample:		7341.22 time, 2670.02 real, 2402 MB
[runlim] sample:		7361.32 time, 2680.02 real, 2405 MB
[runlim] sample:		7381.39 time, 2690.02 real, 2347 MB
[runlim] sample:		4709.34 time, 2700.02 real, 1801 MB
[runlim] sample:		7421.50 time, 2710.02 real, 2349 MB
[runlim] sample:		7441.55 time, 2720.02 real, 2349 MB
[runlim] sample:		7461.60 time, 2730.02 real, 2350 MB
[runlim] sample:		7481.67 time, 2740.02 real, 2350 MB
[runlim] sample:		7501.71 time, 2750.02 real, 2350 MB
[runlim] sample:		7521.77 time, 2760.02 real, 2370 MB
[runlim] sample:		7541.83 time, 2770.02 real, 2350 MB
[runlim] sample:		7561.88 time, 2780.02 real, 2350 MB
[runlim] sample:		7581.91 time, 2790.02 real, 2350 MB
[runlim] sample:		7601.99 time, 2800.02 real, 2368 MB
[runlim] sample:		7622.04 time, 2810.02 real, 2350 MB
[runlim] sample:		7642.11 time, 2820.02 real, 2366 MB
[runlim] sample:		7662.14 time, 2830.02 real, 2398 MB
[runlim] sample:		4850.12 time, 2840.02 real, 1819 MB
[runlim] sample:		7702.31 time, 2850.02 real, 2409 MB
[runlim] sample:		7722.37 time, 2860.02 real, 2431 MB
[runlim] sample:		7742.41 time, 2870.02 real, 2452 MB
[runlim] sample:		7762.50 time, 2880.02 real, 2438 MB
[runlim] sample:		7782.57 time, 2890.02 real, 2438 MB
[runlim] sample:		7802.62 time, 2900.02 real, 2441 MB
[runlim] sample:		7822.70 time, 2910.02 real, 2441 MB
[runlim] sample:		7842.76 time, 2920.02 real, 2441 MB
[runlim] sample:		7862.85 time, 2930.02 real, 2441 MB
[runlim] sample:		7882.89 time, 2940.02 real, 2459 MB
[runlim] sample:		7902.96 time, 2950.02 real, 2463 MB
[runlim] sample:		7923.01 time, 2960.02 real, 2441 MB
[runlim] sample:		7943.06 time, 2970.02 real, 2441 MB
[runlim] sample:		7963.13 time, 2980.02 real, 2457 MB
[runlim] sample:		7983.18 time, 2990.02 real, 2441 MB
[runlim] sample:		8003.23 time, 3000.02 real, 2442 MB
[runlim] sample:		8023.28 time, 3010.02 real, 2444 MB
[runlim] sample:		8043.36 time, 3020.02 real, 2492 MB
[runlim] sample:		8063.43 time, 3030.02 real, 2581 MB
[runlim] sample:		8083.49 time, 3040.02 real, 2564 MB
[runlim] sample:		8103.55 time, 3050.02 real, 2634 MB
[runlim] sample:		8123.60 time, 3060.02 real, 2629 MB
[runlim] sample:		8143.65 time, 3070.02 real, 2581 MB
[runlim] sample:		8163.71 time, 3080.02 real, 2612 MB
[runlim] sample:		8183.79 time, 3090.02 real, 2612 MB
[runlim] sample:		5111.78 time, 3100.02 real, 2049 MB
[runlim] sample:		8223.91 time, 3110.02 real, 2692 MB
[runlim] sample:		8244.01 time, 3120.02 real, 2700 MB
[runlim] sample:		8264.05 time, 3130.02 real, 2700 MB
[runlim] sample:		8284.14 time, 3140.02 real, 2681 MB
[runlim] sample:		8304.18 time, 3150.02 real, 2682 MB
[runlim] sample:		8324.26 time, 3160.02 real, 2678 MB
[runlim] sample:		8344.31 time, 3170.02 real, 2678 MB
[runlim] sample:		8364.35 time, 3180.02 real, 2616 MB
[runlim] sample:		8384.41 time, 3190.02 real, 2622 MB
[runlim] sample:		8404.48 time, 3200.02 real, 2482 MB
[runlim] sample:		8424.54 time, 3210.02 real, 2669 MB
[runlim] sample:		5232.52 time, 3220.02 real, 2044 MB
[runlim] sample:		8464.64 time, 3230.02 real, 2726 MB
[runlim] sample:		8484.71 time, 3240.02 real, 2627 MB
[runlim] sample:		8504.76 time, 3250.02 real, 2647 MB
[runlim] sample:		8524.86 time, 3260.02 real, 2630 MB
[runlim] sample:		8544.90 time, 3270.02 real, 2632 MB
[runlim] sample:		8564.98 time, 3280.02 real, 2631 MB
[runlim] sample:		5302.96 time, 3290.02 real, 2003 MB
[runlim] sample:		8605.10 time, 3300.02 real, 2671 MB
[runlim] sample:		8625.17 time, 3310.02 real, 2645 MB
[runlim] sample:		8645.23 time, 3320.02 real, 2667 MB
[runlim] sample:		8665.30 time, 3330.02 real, 2645 MB
[runlim] sample:		5353.26 time, 3340.02 real, 2020 MB
[runlim] sample:		8705.37 time, 3350.02 real, 2671 MB
[runlim] sample:		8725.44 time, 3360.02 real, 2646 MB
[runlim] sample:		8745.50 time, 3370.02 real, 2666 MB
[runlim] sample:		8765.54 time, 3380.02 real, 2657 MB
[runlim] sample:		8785.63 time, 3390.02 real, 2658 MB
[runlim] sample:		8805.70 time, 3400.02 real, 2682 MB
[runlim] sample:		8825.76 time, 3410.02 real, 2662 MB
[runlim] sample:		8845.81 time, 3420.02 real, 2663 MB
[runlim] sample:		8865.88 time, 3430.02 real, 2665 MB
[runlim] sample:		8885.94 time, 3440.02 real, 2690 MB
[runlim] sample:		8906.01 time, 3450.02 real, 2696 MB
[runlim] sample:		5473.96 time, 3460.02 real, 2087 MB
[runlim] sample:		8946.11 time, 3470.02 real, 2714 MB
[runlim] sample:		8966.17 time, 3480.02 real, 2736 MB
[runlim] sample:		8986.22 time, 3490.02 real, 2714 MB
[runlim] sample:		9006.30 time, 3500.02 real, 2714 MB
[runlim] sample:		9026.38 time, 3510.02 real, 2736 MB
[runlim] sample:		9046.44 time, 3520.02 real, 2714 MB
[runlim] sample:		5544.43 time, 3530.02 real, 2085 MB
[runlim] sample:		9086.60 time, 3540.02 real, 2739 MB
[runlim] sample:		9106.64 time, 3550.02 real, 2715 MB
[runlim] sample:		35194.77 time, 3560.02 real, 3829 MB
[runlim] sample:		35194.78 time, 3570.02 real, 3829 MB
[runlim] end:			Fri Oct 18 21:33:22 2019
[runlim] status:		ok
[runlim] result:		0
[runlim] children:		4615
[runlim] real:			3572.55 seconds
[runlim] time:			35194.83 seconds
[runlim] space:			8513 MB
[runlim] samples:		35725
