[runlim] version:		1.17
[runlim] host:			c3n31
[runlim] time limit:		311040000 seconds
[runlim] real time limit:	3600 seconds
[runlim] space limit:		120000 MB
[runlim] argv[0]:		./run-avr.sh
[runlim] argv[1]:		/tmp/8NGNoAsv.btor
[runlim] start:			Fri Oct 18 19:52:48 2019
[runlim] child:			3427
[runlim] sample:		13.86 time, 10.02 real, 358 MB
[runlim] sample:		20.87 time, 20.02 real, 148 MB
[runlim] sample:		54.12 time, 30.02 real, 566 MB
[runlim] sample:		74.21 time, 40.02 real, 608 MB
[runlim] sample:		94.28 time, 50.02 real, 608 MB
[runlim] sample:		114.35 time, 60.02 real, 664 MB
[runlim] sample:		134.43 time, 70.02 real, 700 MB
[runlim] sample:		154.50 time, 80.02 real, 720 MB
[runlim] sample:		174.55 time, 90.02 real, 730 MB
[runlim] sample:		194.63 time, 100.02 real, 731 MB
[runlim] sample:		214.71 time, 110.02 real, 732 MB
[runlim] sample:		234.77 time, 120.02 real, 744 MB
[runlim] sample:		254.84 time, 130.02 real, 746 MB
[runlim] sample:		274.93 time, 140.02 real, 823 MB
[runlim] sample:		294.97 time, 150.02 real, 823 MB
[runlim] sample:		315.02 time, 160.02 real, 789 MB
[runlim] sample:		335.11 time, 170.02 real, 813 MB
[runlim] sample:		355.21 time, 180.02 real, 832 MB
[runlim] sample:		375.28 time, 190.02 real, 791 MB
[runlim] sample:		395.33 time, 200.02 real, 797 MB
[runlim] sample:		415.40 time, 210.02 real, 797 MB
[runlim] sample:		435.48 time, 220.02 real, 829 MB
[runlim] sample:		455.55 time, 230.02 real, 814 MB
[runlim] sample:		475.64 time, 240.02 real, 818 MB
[runlim] sample:		495.69 time, 250.02 real, 819 MB
[runlim] sample:		515.78 time, 260.02 real, 835 MB
[runlim] sample:		535.86 time, 270.02 real, 835 MB
[runlim] sample:		555.95 time, 280.02 real, 861 MB
[runlim] sample:		576.00 time, 290.02 real, 845 MB
[runlim] sample:		596.09 time, 300.02 real, 846 MB
[runlim] sample:		616.18 time, 310.02 real, 851 MB
[runlim] sample:		636.25 time, 320.02 real, 849 MB
[runlim] sample:		656.32 time, 330.02 real, 850 MB
[runlim] sample:		676.39 time, 340.02 real, 851 MB
[runlim] sample:		696.44 time, 350.02 real, 858 MB
[runlim] sample:		716.49 time, 360.02 real, 876 MB
[runlim] sample:		373.47 time, 370.02 real, 197 MB
[runlim] sample:		756.69 time, 380.02 real, 859 MB
[runlim] sample:		776.76 time, 390.02 real, 863 MB
[runlim] sample:		796.83 time, 400.02 real, 863 MB
[runlim] sample:		413.77 time, 410.02 real, 201 MB
[runlim] end:			Fri Oct 18 19:59:44 2019
[runlim] status:		ok
[runlim] result:		0
[runlim] children:		674
[runlim] real:			416.34 seconds
[runlim] time:			1245.29 seconds
[runlim] space:			897 MB
[runlim] samples:		4163
