[runlim] version:		1.17
[runlim] host:			c3n20
[runlim] time limit:		311040000 seconds
[runlim] real time limit:	3600 seconds
[runlim] space limit:		120000 MB
[runlim] argv[0]:		./run-conps-btormc-no-thp.sh
[runlim] argv[1]:		/tmp/IHSJrSuh.btor2
[runlim] start:			Thu Oct 17 11:53:45 2019
[runlim] child:			27506
[runlim] sample:		9.94 time, 10.01 real, 27 MB
[runlim] sample:		19.94 time, 20.01 real, 36 MB
[runlim] sample:		29.94 time, 30.01 real, 37 MB
[runlim] sample:		39.94 time, 40.01 real, 37 MB
[runlim] sample:		49.94 time, 50.01 real, 40 MB
[runlim] sample:		59.94 time, 60.02 real, 56 MB
[runlim] sample:		69.94 time, 70.01 real, 68 MB
[runlim] sample:		79.94 time, 80.01 real, 68 MB
[runlim] sample:		89.94 time, 90.01 real, 68 MB
[runlim] sample:		99.94 time, 100.01 real, 47 MB
[runlim] sample:		109.94 time, 110.01 real, 48 MB
[runlim] sample:		119.94 time, 120.01 real, 57 MB
[runlim] sample:		129.94 time, 130.01 real, 52 MB
[runlim] sample:		139.93 time, 140.01 real, 57 MB
[runlim] sample:		149.94 time, 150.01 real, 71 MB
[runlim] sample:		159.94 time, 160.01 real, 74 MB
[runlim] sample:		169.94 time, 170.01 real, 74 MB
[runlim] sample:		179.94 time, 180.01 real, 74 MB
[runlim] sample:		189.94 time, 190.01 real, 74 MB
[runlim] sample:		199.94 time, 200.01 real, 74 MB
[runlim] sample:		209.94 time, 210.01 real, 74 MB
[runlim] sample:		219.94 time, 220.01 real, 74 MB
[runlim] sample:		229.94 time, 230.01 real, 74 MB
[runlim] sample:		239.94 time, 240.01 real, 74 MB
[runlim] sample:		249.94 time, 250.01 real, 74 MB
[runlim] sample:		259.94 time, 260.01 real, 74 MB
[runlim] sample:		269.94 time, 270.01 real, 74 MB
[runlim] sample:		279.94 time, 280.01 real, 74 MB
[runlim] sample:		289.94 time, 290.01 real, 74 MB
[runlim] sample:		299.94 time, 300.01 real, 74 MB
[runlim] sample:		309.94 time, 310.01 real, 74 MB
[runlim] sample:		319.94 time, 320.01 real, 74 MB
[runlim] sample:		329.94 time, 330.01 real, 74 MB
[runlim] sample:		339.94 time, 340.01 real, 74 MB
[runlim] sample:		349.94 time, 350.01 real, 74 MB
[runlim] sample:		359.94 time, 360.01 real, 74 MB
[runlim] sample:		369.94 time, 370.01 real, 74 MB
[runlim] sample:		379.94 time, 380.01 real, 74 MB
[runlim] sample:		389.94 time, 390.01 real, 74 MB
[runlim] sample:		399.94 time, 400.01 real, 74 MB
[runlim] sample:		409.94 time, 410.01 real, 74 MB
[runlim] sample:		419.94 time, 420.01 real, 74 MB
[runlim] sample:		429.94 time, 430.02 real, 74 MB
[runlim] sample:		439.94 time, 440.01 real, 83 MB
[runlim] sample:		449.94 time, 450.01 real, 83 MB
[runlim] sample:		459.94 time, 460.01 real, 90 MB
[runlim] sample:		469.94 time, 470.01 real, 90 MB
[runlim] sample:		479.94 time, 480.01 real, 90 MB
[runlim] sample:		489.94 time, 490.01 real, 90 MB
[runlim] sample:		499.94 time, 500.01 real, 90 MB
[runlim] sample:		509.94 time, 510.01 real, 90 MB
[runlim] sample:		519.94 time, 520.01 real, 90 MB
[runlim] sample:		529.94 time, 530.01 real, 90 MB
[runlim] sample:		539.94 time, 540.01 real, 90 MB
[runlim] sample:		549.94 time, 550.01 real, 90 MB
[runlim] sample:		559.94 time, 560.01 real, 90 MB
[runlim] sample:		569.94 time, 570.01 real, 90 MB
[runlim] sample:		579.94 time, 580.01 real, 90 MB
[runlim] sample:		589.94 time, 590.01 real, 90 MB
[runlim] sample:		599.94 time, 600.01 real, 90 MB
[runlim] sample:		609.94 time, 610.01 real, 90 MB
[runlim] sample:		619.94 time, 620.01 real, 90 MB
[runlim] sample:		629.94 time, 630.01 real, 90 MB
[runlim] sample:		639.94 time, 640.01 real, 90 MB
[runlim] sample:		649.94 time, 650.01 real, 90 MB
[runlim] sample:		659.94 time, 660.01 real, 90 MB
[runlim] sample:		669.93 time, 670.01 real, 90 MB
[runlim] sample:		679.93 time, 680.01 real, 90 MB
[runlim] sample:		689.93 time, 690.01 real, 90 MB
[runlim] sample:		699.93 time, 700.01 real, 90 MB
[runlim] sample:		709.93 time, 710.01 real, 90 MB
[runlim] sample:		719.94 time, 720.01 real, 91 MB
[runlim] sample:		729.94 time, 730.01 real, 91 MB
[runlim] sample:		739.94 time, 740.01 real, 91 MB
[runlim] sample:		749.94 time, 750.01 real, 92 MB
[runlim] sample:		759.94 time, 760.01 real, 92 MB
[runlim] sample:		769.94 time, 770.01 real, 92 MB
[runlim] sample:		779.94 time, 780.01 real, 92 MB
[runlim] sample:		789.94 time, 790.01 real, 94 MB
[runlim] sample:		799.94 time, 800.01 real, 95 MB
[runlim] sample:		809.94 time, 810.01 real, 95 MB
[runlim] sample:		819.94 time, 820.01 real, 102 MB
[runlim] sample:		829.93 time, 830.01 real, 102 MB
[runlim] sample:		839.93 time, 840.01 real, 102 MB
[runlim] sample:		849.93 time, 850.01 real, 102 MB
[runlim] sample:		859.93 time, 860.01 real, 102 MB
[runlim] sample:		869.93 time, 870.01 real, 103 MB
[runlim] sample:		879.94 time, 880.01 real, 103 MB
[runlim] sample:		889.94 time, 890.01 real, 104 MB
[runlim] sample:		899.94 time, 900.01 real, 104 MB
[runlim] sample:		909.94 time, 910.01 real, 104 MB
[runlim] sample:		919.94 time, 920.01 real, 104 MB
[runlim] sample:		929.94 time, 930.01 real, 104 MB
[runlim] sample:		939.94 time, 940.01 real, 104 MB
[runlim] sample:		949.94 time, 950.01 real, 97 MB
[runlim] sample:		959.94 time, 960.01 real, 97 MB
[runlim] sample:		969.93 time, 970.01 real, 98 MB
[runlim] sample:		979.93 time, 980.01 real, 98 MB
[runlim] sample:		989.93 time, 990.01 real, 98 MB
[runlim] sample:		999.93 time, 1000.01 real, 98 MB
[runlim] sample:		1009.93 time, 1010.01 real, 98 MB
[runlim] sample:		1019.93 time, 1020.01 real, 92 MB
[runlim] sample:		1029.94 time, 1030.02 real, 92 MB
[runlim] sample:		1039.94 time, 1040.01 real, 94 MB
[runlim] sample:		1049.94 time, 1050.01 real, 94 MB
[runlim] sample:		1059.93 time, 1060.01 real, 100 MB
[runlim] sample:		1069.94 time, 1070.01 real, 101 MB
[runlim] sample:		1079.94 time, 1080.01 real, 101 MB
[runlim] sample:		1089.93 time, 1090.01 real, 101 MB
[runlim] sample:		1099.93 time, 1100.01 real, 101 MB
[runlim] sample:		1109.94 time, 1110.01 real, 102 MB
[runlim] sample:		1119.93 time, 1120.01 real, 102 MB
[runlim] sample:		1129.94 time, 1130.01 real, 102 MB
[runlim] sample:		1139.94 time, 1140.01 real, 102 MB
[runlim] sample:		1149.94 time, 1150.01 real, 102 MB
[runlim] sample:		1159.94 time, 1160.01 real, 102 MB
[runlim] sample:		1169.94 time, 1170.02 real, 104 MB
[runlim] sample:		1179.94 time, 1180.01 real, 104 MB
[runlim] sample:		1189.94 time, 1190.01 real, 104 MB
[runlim] sample:		1199.93 time, 1200.01 real, 104 MB
[runlim] sample:		1209.94 time, 1210.01 real, 104 MB
[runlim] sample:		1219.94 time, 1220.01 real, 104 MB
[runlim] sample:		1229.94 time, 1230.01 real, 104 MB
[runlim] sample:		1239.94 time, 1240.01 real, 104 MB
[runlim] sample:		1249.94 time, 1250.01 real, 104 MB
[runlim] sample:		1259.93 time, 1260.01 real, 112 MB
[runlim] sample:		1269.93 time, 1270.01 real, 113 MB
[runlim] sample:		1279.93 time, 1280.01 real, 116 MB
[runlim] sample:		1289.93 time, 1290.01 real, 116 MB
[runlim] sample:		1299.94 time, 1300.01 real, 116 MB
[runlim] sample:		1309.94 time, 1310.01 real, 116 MB
[runlim] sample:		1319.94 time, 1320.01 real, 116 MB
[runlim] sample:		1329.93 time, 1330.01 real, 116 MB
[runlim] sample:		1339.93 time, 1340.01 real, 116 MB
[runlim] sample:		1349.93 time, 1350.01 real, 116 MB
[runlim] sample:		1359.93 time, 1360.01 real, 116 MB
[runlim] sample:		1369.94 time, 1370.01 real, 116 MB
[runlim] sample:		1379.93 time, 1380.01 real, 117 MB
[runlim] sample:		1389.93 time, 1390.01 real, 55 MB
[runlim] sample:		1399.94 time, 1400.01 real, 60 MB
[runlim] sample:		1409.94 time, 1410.01 real, 69 MB
[runlim] sample:		1419.94 time, 1420.01 real, 69 MB
[runlim] sample:		1429.93 time, 1430.01 real, 66 MB
[runlim] sample:		1439.93 time, 1440.01 real, 77 MB
[runlim] sample:		1449.93 time, 1450.01 real, 77 MB
[runlim] sample:		1459.93 time, 1460.01 real, 78 MB
[runlim] sample:		1469.93 time, 1470.01 real, 78 MB
[runlim] sample:		1479.93 time, 1480.01 real, 78 MB
[runlim] sample:		1489.93 time, 1490.01 real, 78 MB
[runlim] sample:		1499.93 time, 1500.01 real, 78 MB
[runlim] sample:		1509.93 time, 1510.01 real, 78 MB
[runlim] sample:		1519.93 time, 1520.01 real, 78 MB
[runlim] sample:		1529.93 time, 1530.01 real, 78 MB
[runlim] sample:		1539.93 time, 1540.01 real, 78 MB
[runlim] sample:		1549.93 time, 1550.01 real, 78 MB
[runlim] sample:		1559.93 time, 1560.01 real, 78 MB
[runlim] sample:		1569.93 time, 1570.01 real, 78 MB
[runlim] sample:		1579.93 time, 1580.01 real, 78 MB
[runlim] sample:		1589.93 time, 1590.01 real, 78 MB
[runlim] sample:		1599.93 time, 1600.01 real, 78 MB
[runlim] sample:		1609.93 time, 1610.01 real, 78 MB
[runlim] sample:		1619.93 time, 1620.01 real, 78 MB
[runlim] sample:		1629.93 time, 1630.01 real, 78 MB
[runlim] sample:		1639.93 time, 1640.01 real, 78 MB
[runlim] sample:		1649.94 time, 1650.01 real, 83 MB
[runlim] sample:		1659.94 time, 1660.01 real, 83 MB
[runlim] sample:		1669.93 time, 1670.01 real, 91 MB
[runlim] sample:		1679.93 time, 1680.01 real, 91 MB
[runlim] sample:		1689.93 time, 1690.01 real, 91 MB
[runlim] sample:		1699.93 time, 1700.01 real, 91 MB
[runlim] sample:		1709.93 time, 1710.01 real, 91 MB
[runlim] sample:		1719.93 time, 1720.01 real, 91 MB
[runlim] sample:		1729.93 time, 1730.01 real, 91 MB
[runlim] sample:		1739.93 time, 1740.01 real, 91 MB
[runlim] sample:		1749.93 time, 1750.01 real, 91 MB
[runlim] sample:		1759.93 time, 1760.01 real, 91 MB
[runlim] sample:		1769.93 time, 1770.01 real, 91 MB
[runlim] sample:		1779.93 time, 1780.01 real, 91 MB
[runlim] sample:		1789.93 time, 1790.01 real, 91 MB
[runlim] sample:		1799.93 time, 1800.01 real, 93 MB
[runlim] sample:		1809.93 time, 1810.01 real, 93 MB
[runlim] sample:		1819.93 time, 1820.01 real, 93 MB
[runlim] sample:		1829.93 time, 1830.01 real, 93 MB
[runlim] sample:		1839.93 time, 1840.02 real, 93 MB
[runlim] sample:		1849.93 time, 1850.01 real, 93 MB
[runlim] sample:		1859.93 time, 1860.01 real, 93 MB
[runlim] sample:		1869.93 time, 1870.01 real, 93 MB
[runlim] sample:		1879.93 time, 1880.01 real, 93 MB
[runlim] sample:		1889.93 time, 1890.01 real, 93 MB
[runlim] sample:		1899.93 time, 1900.01 real, 93 MB
[runlim] sample:		1909.93 time, 1910.01 real, 93 MB
[runlim] sample:		1919.93 time, 1920.01 real, 93 MB
[runlim] sample:		1929.93 time, 1930.01 real, 93 MB
[runlim] sample:		1939.93 time, 1940.01 real, 93 MB
[runlim] sample:		1949.93 time, 1950.01 real, 93 MB
[runlim] sample:		1959.93 time, 1960.01 real, 93 MB
[runlim] sample:		1969.94 time, 1970.01 real, 100 MB
[runlim] sample:		1979.94 time, 1980.01 real, 100 MB
[runlim] sample:		1989.94 time, 1990.01 real, 100 MB
[runlim] sample:		1999.94 time, 2000.01 real, 100 MB
[runlim] sample:		2009.94 time, 2010.01 real, 100 MB
[runlim] sample:		2019.94 time, 2020.01 real, 100 MB
[runlim] sample:		2029.94 time, 2030.01 real, 100 MB
[runlim] sample:		2039.94 time, 2040.01 real, 100 MB
[runlim] sample:		2049.94 time, 2050.01 real, 100 MB
[runlim] sample:		2059.94 time, 2060.01 real, 101 MB
[runlim] sample:		2069.94 time, 2070.01 real, 102 MB
[runlim] sample:		2079.94 time, 2080.01 real, 102 MB
[runlim] sample:		2089.94 time, 2090.01 real, 102 MB
[runlim] sample:		2099.94 time, 2100.01 real, 102 MB
[runlim] sample:		2109.94 time, 2110.01 real, 102 MB
[runlim] sample:		2119.94 time, 2120.01 real, 102 MB
[runlim] sample:		2129.94 time, 2130.01 real, 102 MB
[runlim] sample:		2139.94 time, 2140.01 real, 102 MB
[runlim] sample:		2149.94 time, 2150.01 real, 102 MB
[runlim] sample:		2159.94 time, 2160.01 real, 102 MB
[runlim] sample:		2169.94 time, 2170.01 real, 102 MB
[runlim] sample:		2179.93 time, 2180.01 real, 115 MB
[runlim] sample:		2189.93 time, 2190.01 real, 115 MB
[runlim] sample:		2199.93 time, 2200.01 real, 115 MB
[runlim] sample:		2209.93 time, 2210.01 real, 115 MB
[runlim] sample:		2219.93 time, 2220.01 real, 115 MB
[runlim] sample:		2229.93 time, 2230.01 real, 115 MB
[runlim] sample:		2239.93 time, 2240.01 real, 115 MB
[runlim] sample:		2249.93 time, 2250.01 real, 116 MB
[runlim] sample:		2259.93 time, 2260.01 real, 116 MB
[runlim] sample:		2269.93 time, 2270.01 real, 116 MB
[runlim] sample:		2279.93 time, 2280.01 real, 116 MB
[runlim] sample:		2289.93 time, 2290.01 real, 116 MB
[runlim] sample:		2299.93 time, 2300.01 real, 116 MB
[runlim] sample:		2309.93 time, 2310.01 real, 116 MB
[runlim] sample:		2319.93 time, 2320.01 real, 116 MB
[runlim] sample:		2329.93 time, 2330.01 real, 116 MB
[runlim] sample:		2339.93 time, 2340.01 real, 116 MB
[runlim] sample:		2349.93 time, 2350.01 real, 116 MB
[runlim] sample:		2359.93 time, 2360.01 real, 116 MB
[runlim] sample:		2369.93 time, 2370.01 real, 116 MB
[runlim] sample:		2379.93 time, 2380.01 real, 116 MB
[runlim] sample:		2389.93 time, 2390.01 real, 116 MB
[runlim] sample:		2399.93 time, 2400.01 real, 116 MB
[runlim] sample:		2409.93 time, 2410.01 real, 116 MB
[runlim] sample:		2419.93 time, 2420.01 real, 116 MB
[runlim] sample:		2429.93 time, 2430.01 real, 116 MB
[runlim] sample:		2439.93 time, 2440.01 real, 116 MB
[runlim] sample:		2449.93 time, 2450.01 real, 116 MB
[runlim] sample:		2459.93 time, 2460.01 real, 116 MB
[runlim] sample:		2469.93 time, 2470.01 real, 116 MB
[runlim] sample:		2479.93 time, 2480.01 real, 116 MB
[runlim] sample:		2489.93 time, 2490.01 real, 116 MB
[runlim] sample:		2499.93 time, 2500.01 real, 116 MB
[runlim] sample:		2509.93 time, 2510.01 real, 116 MB
[runlim] sample:		2519.93 time, 2520.01 real, 116 MB
[runlim] sample:		2529.93 time, 2530.01 real, 116 MB
[runlim] sample:		2539.93 time, 2540.01 real, 116 MB
[runlim] sample:		2549.93 time, 2550.02 real, 116 MB
[runlim] sample:		2559.93 time, 2560.01 real, 116 MB
[runlim] sample:		2569.93 time, 2570.01 real, 116 MB
[runlim] sample:		2579.93 time, 2580.01 real, 116 MB
[runlim] sample:		2589.93 time, 2590.01 real, 116 MB
[runlim] sample:		2599.93 time, 2600.01 real, 116 MB
[runlim] sample:		2609.93 time, 2610.01 real, 116 MB
[runlim] sample:		2619.93 time, 2620.01 real, 116 MB
[runlim] sample:		2629.93 time, 2630.01 real, 116 MB
[runlim] sample:		2639.93 time, 2640.01 real, 116 MB
[runlim] sample:		2649.93 time, 2650.01 real, 117 MB
[runlim] sample:		2659.93 time, 2660.01 real, 117 MB
[runlim] sample:		2669.93 time, 2670.01 real, 118 MB
[runlim] sample:		2679.93 time, 2680.01 real, 118 MB
[runlim] sample:		2689.93 time, 2690.01 real, 118 MB
[runlim] sample:		2699.93 time, 2700.01 real, 118 MB
[runlim] sample:		2709.93 time, 2710.01 real, 118 MB
[runlim] sample:		2719.93 time, 2720.01 real, 118 MB
[runlim] sample:		2729.93 time, 2730.01 real, 118 MB
[runlim] sample:		2739.93 time, 2740.01 real, 118 MB
[runlim] sample:		2749.93 time, 2750.01 real, 118 MB
[runlim] sample:		2759.93 time, 2760.01 real, 118 MB
[runlim] sample:		2769.93 time, 2770.01 real, 118 MB
[runlim] sample:		2779.93 time, 2780.01 real, 118 MB
[runlim] sample:		2789.93 time, 2790.01 real, 118 MB
[runlim] sample:		2799.93 time, 2800.01 real, 118 MB
[runlim] sample:		2809.93 time, 2810.01 real, 118 MB
[runlim] sample:		2819.93 time, 2820.01 real, 118 MB
[runlim] sample:		2829.93 time, 2830.01 real, 118 MB
[runlim] sample:		2839.93 time, 2840.01 real, 118 MB
[runlim] sample:		2849.93 time, 2850.01 real, 118 MB
[runlim] sample:		2859.93 time, 2860.01 real, 118 MB
[runlim] sample:		2869.93 time, 2870.01 real, 118 MB
[runlim] sample:		2879.93 time, 2880.01 real, 118 MB
[runlim] sample:		2889.93 time, 2890.01 real, 118 MB
[runlim] sample:		2899.93 time, 2900.01 real, 118 MB
[runlim] sample:		2909.93 time, 2910.01 real, 118 MB
[runlim] sample:		2919.93 time, 2920.01 real, 118 MB
[runlim] sample:		2929.93 time, 2930.01 real, 118 MB
[runlim] sample:		2939.93 time, 2940.01 real, 118 MB
[runlim] sample:		2949.93 time, 2950.01 real, 118 MB
[runlim] sample:		2959.93 time, 2960.01 real, 120 MB
[runlim] sample:		2969.93 time, 2970.01 real, 120 MB
[runlim] sample:		2979.93 time, 2980.01 real, 121 MB
[runlim] sample:		2989.93 time, 2990.01 real, 121 MB
[runlim] sample:		2999.93 time, 3000.01 real, 121 MB
[runlim] sample:		3009.93 time, 3010.01 real, 121 MB
[runlim] sample:		3019.93 time, 3020.01 real, 121 MB
[runlim] sample:		3029.93 time, 3030.01 real, 121 MB
[runlim] sample:		3039.93 time, 3040.01 real, 121 MB
[runlim] sample:		3049.93 time, 3050.01 real, 121 MB
[runlim] sample:		3059.93 time, 3060.01 real, 121 MB
[runlim] sample:		3069.93 time, 3070.01 real, 121 MB
[runlim] sample:		3079.93 time, 3080.01 real, 121 MB
[runlim] sample:		3089.93 time, 3090.01 real, 121 MB
[runlim] sample:		3099.93 time, 3100.01 real, 121 MB
[runlim] sample:		3109.93 time, 3110.01 real, 121 MB
[runlim] sample:		3119.93 time, 3120.01 real, 121 MB
[runlim] sample:		3129.93 time, 3130.01 real, 121 MB
[runlim] sample:		3139.93 time, 3140.01 real, 121 MB
[runlim] sample:		3149.93 time, 3150.01 real, 121 MB
[runlim] sample:		3159.93 time, 3160.01 real, 121 MB
[runlim] sample:		3169.93 time, 3170.01 real, 121 MB
[runlim] sample:		3179.93 time, 3180.01 real, 121 MB
[runlim] sample:		3189.93 time, 3190.01 real, 121 MB
[runlim] sample:		3199.93 time, 3200.01 real, 121 MB
[runlim] sample:		3209.93 time, 3210.01 real, 121 MB
[runlim] sample:		3219.93 time, 3220.01 real, 121 MB
[runlim] sample:		3229.93 time, 3230.01 real, 124 MB
[runlim] sample:		3239.93 time, 3240.01 real, 124 MB
[runlim] sample:		3249.93 time, 3250.01 real, 125 MB
[runlim] sample:		3259.93 time, 3260.01 real, 125 MB
[runlim] sample:		3269.93 time, 3270.01 real, 125 MB
[runlim] sample:		3279.93 time, 3280.01 real, 125 MB
[runlim] sample:		3289.93 time, 3290.01 real, 125 MB
[runlim] sample:		3299.93 time, 3300.01 real, 125 MB
[runlim] sample:		3309.93 time, 3310.01 real, 125 MB
[runlim] sample:		3319.93 time, 3320.01 real, 125 MB
[runlim] sample:		3329.93 time, 3330.02 real, 125 MB
[runlim] sample:		3339.93 time, 3340.01 real, 125 MB
[runlim] sample:		3349.93 time, 3350.01 real, 125 MB
[runlim] sample:		3359.93 time, 3360.01 real, 125 MB
[runlim] sample:		3369.93 time, 3370.01 real, 125 MB
[runlim] sample:		3379.93 time, 3380.01 real, 125 MB
[runlim] sample:		3389.93 time, 3390.01 real, 125 MB
[runlim] sample:		3399.93 time, 3400.01 real, 125 MB
[runlim] sample:		3409.93 time, 3410.01 real, 125 MB
[runlim] sample:		3419.93 time, 3420.01 real, 125 MB
[runlim] sample:		3429.93 time, 3430.01 real, 125 MB
[runlim] sample:		3439.93 time, 3440.01 real, 125 MB
[runlim] sample:		3449.93 time, 3450.01 real, 125 MB
[runlim] sample:		3459.93 time, 3460.02 real, 125 MB
[runlim] sample:		3469.93 time, 3470.01 real, 125 MB
[runlim] sample:		3479.93 time, 3480.01 real, 125 MB
[runlim] sample:		3489.93 time, 3490.02 real, 125 MB
[runlim] sample:		3499.93 time, 3500.01 real, 125 MB
[runlim] sample:		3509.93 time, 3510.01 real, 127 MB
[runlim] sample:		3519.93 time, 3520.01 real, 127 MB
[runlim] sample:		3529.93 time, 3530.01 real, 127 MB
[runlim] sample:		3539.93 time, 3540.01 real, 127 MB
[runlim] sample:		3549.93 time, 3550.01 real, 127 MB
[runlim] sample:		3559.93 time, 3560.01 real, 127 MB
[runlim] sample:		3569.93 time, 3570.01 real, 127 MB
[runlim] sample:		3579.93 time, 3580.01 real, 127 MB
[runlim] sample:		3589.93 time, 3590.01 real, 127 MB
[runlim] sample:		3599.93 time, 3600.01 real, 127 MB
[runlim] end:			Thu Oct 17 12:53:46 2019
[runlim] status:		out of time
[runlim] result:		2
[runlim] children:		3
[runlim] real:			3600.10 seconds
[runlim] time:			3599.93 seconds
[runlim] space:			133 MB
[runlim] samples:		36000
