[runlim] version:		1.17
[runlim] host:			c3n23
[runlim] time limit:		311040000 seconds
[runlim] real time limit:	3600 seconds
[runlim] space limit:		120000 MB
[runlim] argv[0]:		./run-conps-btormc-no-thp.sh
[runlim] argv[1]:		/tmp/rWeX0xza.btor2
[runlim] start:			Thu Oct 17 12:05:20 2019
[runlim] child:			6196
warning: unsupported tag 'output'
[runlim] sample:		9.93 time, 10.01 real, 57 MB
[runlim] sample:		19.93 time, 20.01 real, 58 MB
[runlim] sample:		29.92 time, 30.01 real, 60 MB
[runlim] sample:		39.92 time, 40.01 real, 81 MB
[runlim] sample:		49.93 time, 50.01 real, 83 MB
[runlim] sample:		59.93 time, 60.01 real, 83 MB
[runlim] sample:		69.93 time, 70.01 real, 83 MB
[runlim] sample:		79.93 time, 80.01 real, 86 MB
[runlim] sample:		89.92 time, 90.01 real, 86 MB
[runlim] sample:		99.93 time, 100.01 real, 87 MB
[runlim] sample:		109.93 time, 110.01 real, 88 MB
[runlim] sample:		119.93 time, 120.01 real, 88 MB
[runlim] sample:		129.93 time, 130.01 real, 88 MB
[runlim] sample:		139.93 time, 140.01 real, 88 MB
[runlim] sample:		149.93 time, 150.02 real, 88 MB
[runlim] sample:		159.93 time, 160.01 real, 88 MB
[runlim] sample:		169.93 time, 170.01 real, 88 MB
[runlim] sample:		179.93 time, 180.01 real, 88 MB
[runlim] sample:		189.93 time, 190.01 real, 88 MB
[runlim] sample:		199.93 time, 200.01 real, 92 MB
[runlim] sample:		209.93 time, 210.01 real, 92 MB
[runlim] sample:		219.93 time, 220.01 real, 92 MB
[runlim] sample:		229.92 time, 230.01 real, 93 MB
[runlim] sample:		239.92 time, 240.01 real, 93 MB
[runlim] sample:		249.92 time, 250.01 real, 93 MB
[runlim] sample:		259.92 time, 260.01 real, 94 MB
[runlim] sample:		269.92 time, 270.01 real, 94 MB
[runlim] sample:		279.92 time, 280.01 real, 94 MB
[runlim] sample:		289.92 time, 290.01 real, 94 MB
[runlim] sample:		299.93 time, 300.01 real, 95 MB
[runlim] sample:		309.93 time, 310.01 real, 95 MB
[runlim] sample:		319.93 time, 320.01 real, 95 MB
[runlim] sample:		329.93 time, 330.01 real, 95 MB
[runlim] sample:		339.92 time, 340.02 real, 95 MB
[runlim] sample:		349.93 time, 350.01 real, 95 MB
[runlim] sample:		359.93 time, 360.01 real, 95 MB
[runlim] sample:		369.93 time, 370.01 real, 95 MB
[runlim] sample:		379.93 time, 380.01 real, 95 MB
[runlim] sample:		389.93 time, 390.01 real, 95 MB
[runlim] sample:		399.93 time, 400.01 real, 95 MB
[runlim] sample:		409.93 time, 410.01 real, 95 MB
[runlim] sample:		419.93 time, 420.01 real, 96 MB
[runlim] sample:		429.93 time, 430.01 real, 96 MB
[runlim] sample:		439.93 time, 440.01 real, 85 MB
[runlim] sample:		449.92 time, 450.01 real, 92 MB
[runlim] sample:		459.92 time, 460.01 real, 92 MB
[runlim] sample:		469.93 time, 470.02 real, 92 MB
[runlim] sample:		479.92 time, 480.02 real, 94 MB
[runlim] sample:		489.92 time, 490.01 real, 94 MB
[runlim] sample:		499.93 time, 500.02 real, 95 MB
[runlim] sample:		509.93 time, 510.01 real, 123 MB
[runlim] sample:		519.92 time, 520.02 real, 139 MB
[runlim] sample:		529.93 time, 530.01 real, 139 MB
[runlim] sample:		539.93 time, 540.02 real, 142 MB
[runlim] sample:		549.93 time, 550.02 real, 142 MB
[runlim] sample:		559.93 time, 560.01 real, 142 MB
[runlim] sample:		569.93 time, 570.02 real, 142 MB
[runlim] sample:		579.93 time, 580.02 real, 142 MB
[runlim] sample:		589.93 time, 590.01 real, 142 MB
[runlim] sample:		599.93 time, 600.02 real, 142 MB
[runlim] sample:		609.93 time, 610.02 real, 142 MB
[runlim] sample:		619.93 time, 620.02 real, 143 MB
[runlim] sample:		629.93 time, 630.01 real, 143 MB
[runlim] sample:		639.93 time, 640.01 real, 143 MB
[runlim] sample:		649.92 time, 650.01 real, 143 MB
[runlim] sample:		659.92 time, 660.02 real, 143 MB
[runlim] sample:		669.93 time, 670.02 real, 143 MB
[runlim] sample:		679.92 time, 680.02 real, 143 MB
[runlim] sample:		689.92 time, 690.02 real, 143 MB
[runlim] sample:		699.92 time, 700.01 real, 143 MB
[runlim] sample:		709.93 time, 710.02 real, 144 MB
[runlim] sample:		719.93 time, 720.02 real, 144 MB
[runlim] sample:		729.93 time, 730.01 real, 144 MB
[runlim] sample:		739.93 time, 740.01 real, 144 MB
[runlim] sample:		749.93 time, 750.02 real, 144 MB
[runlim] sample:		759.93 time, 760.02 real, 144 MB
[runlim] sample:		769.93 time, 770.01 real, 144 MB
[runlim] sample:		779.93 time, 780.02 real, 144 MB
[runlim] sample:		789.93 time, 790.01 real, 144 MB
[runlim] sample:		799.92 time, 800.02 real, 160 MB
[runlim] sample:		809.93 time, 810.02 real, 160 MB
[runlim] sample:		819.93 time, 820.01 real, 162 MB
[runlim] sample:		829.93 time, 830.01 real, 162 MB
[runlim] sample:		839.93 time, 840.02 real, 162 MB
[runlim] sample:		849.93 time, 850.01 real, 162 MB
[runlim] sample:		859.93 time, 860.02 real, 162 MB
[runlim] sample:		869.93 time, 870.02 real, 162 MB
[runlim] sample:		879.93 time, 880.01 real, 162 MB
[runlim] sample:		889.92 time, 890.02 real, 162 MB
[runlim] sample:		899.92 time, 900.01 real, 162 MB
[runlim] sample:		909.92 time, 910.01 real, 166 MB
[runlim] sample:		919.92 time, 920.01 real, 166 MB
[runlim] sample:		929.92 time, 930.01 real, 166 MB
[runlim] sample:		939.92 time, 940.02 real, 166 MB
[runlim] sample:		949.92 time, 950.01 real, 166 MB
[runlim] sample:		959.92 time, 960.01 real, 166 MB
[runlim] sample:		969.92 time, 970.02 real, 166 MB
[runlim] sample:		979.93 time, 980.02 real, 167 MB
[runlim] sample:		989.93 time, 990.02 real, 167 MB
[runlim] sample:		999.93 time, 1000.01 real, 168 MB
[runlim] sample:		1009.93 time, 1010.01 real, 168 MB
[runlim] sample:		1019.93 time, 1020.02 real, 168 MB
[runlim] sample:		1029.93 time, 1030.01 real, 168 MB
[runlim] sample:		1039.93 time, 1040.02 real, 168 MB
[runlim] sample:		1049.93 time, 1050.01 real, 168 MB
[runlim] sample:		1059.93 time, 1060.02 real, 168 MB
[runlim] sample:		1069.93 time, 1070.02 real, 168 MB
[runlim] sample:		1079.93 time, 1080.02 real, 168 MB
[runlim] sample:		1089.93 time, 1090.02 real, 168 MB
[runlim] sample:		1099.93 time, 1100.02 real, 187 MB
[runlim] sample:		1109.93 time, 1110.01 real, 188 MB
[runlim] sample:		1119.93 time, 1120.01 real, 188 MB
[runlim] sample:		1129.93 time, 1130.02 real, 188 MB
[runlim] sample:		1139.93 time, 1140.02 real, 188 MB
[runlim] sample:		1149.93 time, 1150.02 real, 188 MB
[runlim] sample:		1159.93 time, 1160.01 real, 188 MB
[runlim] sample:		1169.93 time, 1170.02 real, 188 MB
[runlim] sample:		1179.93 time, 1180.01 real, 188 MB
[runlim] sample:		1189.93 time, 1190.02 real, 188 MB
[runlim] sample:		1199.93 time, 1200.02 real, 188 MB
[runlim] sample:		1209.93 time, 1210.02 real, 188 MB
[runlim] sample:		1219.93 time, 1220.01 real, 188 MB
[runlim] sample:		1229.93 time, 1230.01 real, 189 MB
[runlim] sample:		1239.92 time, 1240.02 real, 189 MB
[runlim] sample:		1249.92 time, 1250.02 real, 189 MB
[runlim] sample:		1259.92 time, 1260.02 real, 189 MB
[runlim] sample:		1269.92 time, 1270.02 real, 189 MB
[runlim] sample:		1279.92 time, 1280.02 real, 189 MB
[runlim] sample:		1289.92 time, 1290.01 real, 189 MB
[runlim] sample:		1299.92 time, 1300.02 real, 189 MB
[runlim] sample:		1309.92 time, 1310.02 real, 189 MB
[runlim] sample:		1319.92 time, 1320.01 real, 189 MB
[runlim] sample:		1329.92 time, 1330.02 real, 189 MB
[runlim] sample:		1339.92 time, 1340.01 real, 189 MB
[runlim] sample:		1349.92 time, 1350.01 real, 189 MB
[runlim] sample:		1359.92 time, 1360.01 real, 189 MB
[runlim] sample:		1369.92 time, 1370.01 real, 192 MB
[runlim] sample:		1379.92 time, 1380.01 real, 192 MB
[runlim] sample:		1389.92 time, 1390.01 real, 192 MB
[runlim] sample:		1399.92 time, 1400.02 real, 192 MB
[runlim] sample:		1409.92 time, 1410.02 real, 192 MB
[runlim] sample:		1419.92 time, 1420.02 real, 192 MB
[runlim] sample:		1429.92 time, 1430.01 real, 192 MB
[runlim] sample:		1439.92 time, 1440.02 real, 192 MB
[runlim] sample:		1449.92 time, 1450.01 real, 192 MB
[runlim] sample:		1459.92 time, 1460.01 real, 192 MB
[runlim] sample:		1469.92 time, 1470.02 real, 192 MB
[runlim] sample:		1479.92 time, 1480.01 real, 192 MB
[runlim] sample:		1489.92 time, 1490.01 real, 192 MB
[runlim] sample:		1499.92 time, 1500.02 real, 192 MB
[runlim] sample:		1509.92 time, 1510.02 real, 192 MB
[runlim] sample:		1519.93 time, 1520.02 real, 192 MB
[runlim] sample:		1529.93 time, 1530.02 real, 192 MB
[runlim] sample:		1539.93 time, 1540.02 real, 192 MB
[runlim] sample:		1549.93 time, 1550.02 real, 192 MB
[runlim] sample:		1559.93 time, 1560.01 real, 192 MB
[runlim] sample:		1569.93 time, 1570.01 real, 192 MB
[runlim] sample:		1579.93 time, 1580.01 real, 192 MB
[runlim] sample:		1589.93 time, 1590.01 real, 192 MB
[runlim] sample:		1599.93 time, 1600.01 real, 192 MB
[runlim] sample:		1609.93 time, 1610.02 real, 192 MB
[runlim] sample:		1619.93 time, 1620.02 real, 192 MB
[runlim] sample:		1629.93 time, 1630.02 real, 192 MB
[runlim] sample:		1639.93 time, 1640.01 real, 192 MB
[runlim] sample:		1649.93 time, 1650.02 real, 192 MB
[runlim] sample:		1659.93 time, 1660.02 real, 192 MB
[runlim] sample:		1669.93 time, 1670.02 real, 192 MB
[runlim] sample:		1679.93 time, 1680.01 real, 192 MB
[runlim] sample:		1689.93 time, 1690.02 real, 192 MB
[runlim] sample:		1699.93 time, 1700.02 real, 197 MB
[runlim] sample:		1709.92 time, 1710.01 real, 195 MB
[runlim] sample:		1719.92 time, 1720.01 real, 195 MB
[runlim] sample:		1729.92 time, 1730.02 real, 195 MB
[runlim] sample:		1739.92 time, 1740.02 real, 195 MB
[runlim] sample:		1749.92 time, 1750.02 real, 195 MB
[runlim] sample:		1759.92 time, 1760.02 real, 195 MB
[runlim] sample:		1769.92 time, 1770.02 real, 195 MB
[runlim] sample:		1779.92 time, 1780.02 real, 195 MB
[runlim] sample:		1789.92 time, 1790.01 real, 195 MB
[runlim] sample:		1799.92 time, 1800.02 real, 195 MB
[runlim] sample:		1809.92 time, 1810.02 real, 195 MB
[runlim] sample:		1819.92 time, 1820.02 real, 195 MB
[runlim] sample:		1829.92 time, 1830.02 real, 195 MB
[runlim] sample:		1839.92 time, 1840.01 real, 195 MB
[runlim] sample:		1849.92 time, 1850.01 real, 195 MB
[runlim] sample:		1859.92 time, 1860.02 real, 195 MB
[runlim] sample:		1869.92 time, 1870.02 real, 195 MB
[runlim] sample:		1879.92 time, 1880.02 real, 195 MB
[runlim] sample:		1889.92 time, 1890.02 real, 195 MB
[runlim] sample:		1899.92 time, 1900.02 real, 195 MB
[runlim] sample:		1909.92 time, 1910.02 real, 195 MB
[runlim] sample:		1919.92 time, 1920.02 real, 195 MB
[runlim] sample:		1929.92 time, 1930.02 real, 195 MB
[runlim] sample:		1939.92 time, 1940.02 real, 195 MB
[runlim] sample:		1949.92 time, 1950.02 real, 195 MB
[runlim] sample:		1959.92 time, 1960.02 real, 195 MB
[runlim] sample:		1969.92 time, 1970.02 real, 195 MB
[runlim] sample:		1979.92 time, 1980.01 real, 198 MB
[runlim] sample:		1989.93 time, 1990.01 real, 200 MB
[runlim] sample:		1999.93 time, 2000.02 real, 200 MB
[runlim] sample:		2009.93 time, 2010.02 real, 200 MB
[runlim] sample:		2019.93 time, 2020.02 real, 200 MB
[runlim] sample:		2029.93 time, 2030.02 real, 200 MB
[runlim] sample:		2039.93 time, 2040.02 real, 200 MB
[runlim] sample:		2049.93 time, 2050.02 real, 200 MB
[runlim] sample:		2059.93 time, 2060.02 real, 200 MB
[runlim] sample:		2069.93 time, 2070.02 real, 200 MB
[runlim] sample:		2079.93 time, 2080.02 real, 200 MB
[runlim] sample:		2089.93 time, 2090.02 real, 200 MB
[runlim] sample:		2099.93 time, 2100.02 real, 200 MB
[runlim] sample:		2109.93 time, 2110.02 real, 200 MB
[runlim] sample:		2119.93 time, 2120.02 real, 200 MB
[runlim] sample:		2129.93 time, 2130.02 real, 200 MB
[runlim] sample:		2139.93 time, 2140.02 real, 200 MB
[runlim] sample:		2149.93 time, 2150.02 real, 200 MB
[runlim] sample:		2159.93 time, 2160.02 real, 200 MB
[runlim] sample:		2169.93 time, 2170.02 real, 200 MB
[runlim] sample:		2179.93 time, 2180.02 real, 200 MB
[runlim] sample:		2189.93 time, 2190.02 real, 200 MB
[runlim] sample:		2199.93 time, 2200.02 real, 200 MB
[runlim] sample:		2209.93 time, 2210.02 real, 200 MB
[runlim] sample:		2219.93 time, 2220.02 real, 200 MB
[runlim] sample:		2229.93 time, 2230.02 real, 200 MB
[runlim] sample:		2239.93 time, 2240.02 real, 200 MB
[runlim] sample:		2249.93 time, 2250.02 real, 200 MB
[runlim] sample:		2259.93 time, 2260.02 real, 200 MB
[runlim] sample:		2269.93 time, 2270.01 real, 200 MB
[runlim] sample:		2279.93 time, 2280.02 real, 200 MB
[runlim] sample:		2289.93 time, 2290.02 real, 200 MB
[runlim] sample:		2299.93 time, 2300.02 real, 200 MB
[runlim] sample:		2309.93 time, 2310.01 real, 200 MB
[runlim] sample:		2319.93 time, 2320.02 real, 201 MB
[runlim] sample:		2329.93 time, 2330.02 real, 204 MB
[runlim] sample:		2339.93 time, 2340.02 real, 204 MB
[runlim] sample:		2349.93 time, 2350.01 real, 204 MB
[runlim] sample:		2359.93 time, 2360.02 real, 204 MB
[runlim] sample:		2369.93 time, 2370.02 real, 204 MB
[runlim] sample:		2379.93 time, 2380.01 real, 204 MB
[runlim] sample:		2389.93 time, 2390.02 real, 204 MB
[runlim] sample:		2399.93 time, 2400.02 real, 204 MB
[runlim] sample:		2409.93 time, 2410.02 real, 204 MB
[runlim] sample:		2419.93 time, 2420.02 real, 204 MB
[runlim] sample:		2429.93 time, 2430.02 real, 204 MB
[runlim] sample:		2439.93 time, 2440.02 real, 204 MB
[runlim] sample:		2449.93 time, 2450.02 real, 204 MB
[runlim] sample:		2459.93 time, 2460.02 real, 204 MB
[runlim] sample:		2469.93 time, 2470.02 real, 204 MB
[runlim] sample:		2479.93 time, 2480.02 real, 204 MB
[runlim] sample:		2489.93 time, 2490.02 real, 204 MB
[runlim] sample:		2499.93 time, 2500.01 real, 204 MB
[runlim] sample:		2509.93 time, 2510.02 real, 204 MB
[runlim] sample:		2519.93 time, 2520.02 real, 204 MB
[runlim] sample:		2529.93 time, 2530.02 real, 204 MB
[runlim] sample:		2539.93 time, 2540.02 real, 204 MB
[runlim] sample:		2549.93 time, 2550.02 real, 204 MB
[runlim] sample:		2559.93 time, 2560.02 real, 204 MB
[runlim] sample:		2569.93 time, 2570.02 real, 204 MB
[runlim] sample:		2579.93 time, 2580.01 real, 204 MB
[runlim] sample:		2589.93 time, 2590.02 real, 204 MB
[runlim] sample:		2599.93 time, 2600.02 real, 204 MB
[runlim] sample:		2609.93 time, 2610.02 real, 204 MB
[runlim] sample:		2619.93 time, 2620.02 real, 204 MB
[runlim] sample:		2629.93 time, 2630.02 real, 204 MB
[runlim] sample:		2639.93 time, 2640.02 real, 204 MB
[runlim] sample:		2649.93 time, 2650.02 real, 204 MB
[runlim] sample:		2659.93 time, 2660.02 real, 204 MB
[runlim] sample:		2669.93 time, 2670.02 real, 204 MB
[runlim] sample:		2679.93 time, 2680.02 real, 204 MB
[runlim] sample:		2689.93 time, 2690.02 real, 204 MB
[runlim] sample:		2699.93 time, 2700.02 real, 204 MB
[runlim] sample:		2709.93 time, 2710.02 real, 204 MB
[runlim] sample:		2719.93 time, 2720.02 real, 204 MB
[runlim] sample:		2729.93 time, 2730.02 real, 204 MB
[runlim] sample:		2739.93 time, 2740.02 real, 204 MB
[runlim] sample:		2749.93 time, 2750.02 real, 204 MB
[runlim] sample:		2759.93 time, 2760.02 real, 204 MB
[runlim] sample:		2769.93 time, 2770.02 real, 204 MB
[runlim] sample:		2779.93 time, 2780.02 real, 204 MB
[runlim] sample:		2789.93 time, 2790.02 real, 204 MB
[runlim] sample:		2799.93 time, 2800.01 real, 204 MB
[runlim] sample:		2809.92 time, 2810.02 real, 204 MB
[runlim] sample:		2819.92 time, 2820.02 real, 204 MB
[runlim] sample:		2829.92 time, 2830.02 real, 204 MB
[runlim] sample:		2839.92 time, 2840.01 real, 204 MB
[runlim] sample:		2849.92 time, 2850.01 real, 204 MB
[runlim] sample:		2859.92 time, 2860.02 real, 204 MB
[runlim] sample:		2869.92 time, 2870.02 real, 204 MB
[runlim] sample:		2879.92 time, 2880.01 real, 204 MB
[runlim] sample:		2889.92 time, 2890.01 real, 204 MB
[runlim] sample:		2899.92 time, 2900.02 real, 204 MB
[runlim] sample:		2909.92 time, 2910.02 real, 204 MB
[runlim] sample:		2919.92 time, 2920.02 real, 204 MB
[runlim] sample:		2929.92 time, 2930.02 real, 204 MB
[runlim] sample:		2939.92 time, 2940.02 real, 204 MB
[runlim] sample:		2949.92 time, 2950.01 real, 204 MB
[runlim] sample:		2959.92 time, 2960.01 real, 204 MB
[runlim] sample:		2969.92 time, 2970.01 real, 204 MB
[runlim] sample:		2979.92 time, 2980.02 real, 204 MB
[runlim] sample:		2989.92 time, 2990.01 real, 204 MB
[runlim] sample:		2999.93 time, 3000.01 real, 218 MB
[runlim] sample:		3009.93 time, 3010.01 real, 218 MB
[runlim] sample:		3019.93 time, 3020.01 real, 218 MB
[runlim] sample:		3029.93 time, 3030.01 real, 218 MB
[runlim] sample:		3039.93 time, 3040.02 real, 218 MB
[runlim] sample:		3049.93 time, 3050.01 real, 218 MB
[runlim] sample:		3059.93 time, 3060.01 real, 218 MB
[runlim] sample:		3069.93 time, 3070.02 real, 218 MB
[runlim] sample:		3079.93 time, 3080.02 real, 218 MB
[runlim] sample:		3089.93 time, 3090.02 real, 218 MB
[runlim] sample:		3099.93 time, 3100.02 real, 218 MB
[runlim] sample:		3109.93 time, 3110.02 real, 218 MB
[runlim] sample:		3119.93 time, 3120.02 real, 218 MB
[runlim] sample:		3129.93 time, 3130.02 real, 218 MB
[runlim] sample:		3139.93 time, 3140.01 real, 218 MB
[runlim] sample:		3149.93 time, 3150.02 real, 218 MB
[runlim] sample:		3159.93 time, 3160.02 real, 218 MB
[runlim] sample:		3169.93 time, 3170.02 real, 218 MB
[runlim] sample:		3179.93 time, 3180.02 real, 218 MB
[runlim] sample:		3189.93 time, 3190.02 real, 218 MB
[runlim] sample:		3199.93 time, 3200.02 real, 218 MB
[runlim] sample:		3209.93 time, 3210.02 real, 218 MB
[runlim] sample:		3219.93 time, 3220.02 real, 218 MB
[runlim] sample:		3229.93 time, 3230.02 real, 218 MB
[runlim] sample:		3239.93 time, 3240.02 real, 218 MB
[runlim] sample:		3249.93 time, 3250.02 real, 218 MB
[runlim] sample:		3259.93 time, 3260.02 real, 218 MB
[runlim] sample:		3269.93 time, 3270.01 real, 218 MB
[runlim] sample:		3279.92 time, 3280.02 real, 219 MB
[runlim] sample:		3289.92 time, 3290.02 real, 219 MB
[runlim] sample:		3299.92 time, 3300.02 real, 219 MB
[runlim] sample:		3309.92 time, 3310.02 real, 219 MB
[runlim] sample:		3319.92 time, 3320.02 real, 219 MB
[runlim] sample:		3329.92 time, 3330.02 real, 219 MB
[runlim] sample:		3339.92 time, 3340.02 real, 219 MB
[runlim] sample:		3349.92 time, 3350.02 real, 219 MB
[runlim] sample:		3359.92 time, 3360.02 real, 219 MB
[runlim] sample:		3369.92 time, 3370.02 real, 219 MB
[runlim] sample:		3379.92 time, 3380.02 real, 219 MB
[runlim] sample:		3389.92 time, 3390.02 real, 219 MB
[runlim] sample:		3399.92 time, 3400.02 real, 219 MB
[runlim] sample:		3409.92 time, 3410.02 real, 219 MB
[runlim] sample:		3419.92 time, 3420.02 real, 219 MB
[runlim] sample:		3429.92 time, 3430.02 real, 219 MB
[runlim] sample:		3439.92 time, 3440.02 real, 219 MB
[runlim] sample:		3449.92 time, 3450.02 real, 219 MB
[runlim] sample:		3459.92 time, 3460.02 real, 219 MB
[runlim] sample:		3469.92 time, 3470.02 real, 219 MB
[runlim] sample:		3479.92 time, 3480.02 real, 219 MB
[runlim] sample:		3489.92 time, 3490.02 real, 219 MB
[runlim] sample:		3499.92 time, 3500.02 real, 219 MB
[runlim] sample:		3509.92 time, 3510.02 real, 219 MB
[runlim] sample:		3519.92 time, 3520.02 real, 219 MB
[runlim] sample:		3529.92 time, 3530.02 real, 219 MB
[runlim] sample:		3539.92 time, 3540.02 real, 219 MB
[runlim] sample:		3549.92 time, 3550.02 real, 219 MB
[runlim] sample:		3559.92 time, 3560.02 real, 219 MB
[runlim] sample:		3569.92 time, 3570.02 real, 219 MB
[runlim] sample:		3579.92 time, 3580.02 real, 219 MB
[runlim] sample:		3589.92 time, 3590.02 real, 219 MB
[runlim] sample:		3599.92 time, 3600.02 real, 219 MB
[runlim] end:			Thu Oct 17 13:05:20 2019
[runlim] status:		out of time
[runlim] result:		2
[runlim] children:		3
[runlim] real:			3600.10 seconds
[runlim] time:			3599.92 seconds
[runlim] space:			256 MB
[runlim] samples:		36000
