[runlim] version:		1.17
[runlim] host:			c3n26
[runlim] time limit:		311040000 seconds
[runlim] real time limit:	3600 seconds
[runlim] space limit:		120000 MB
[runlim] argv[0]:		./run-conps-btormc-no-thp.sh
[runlim] argv[1]:		/tmp/9AEtxJa0.btor2
[runlim] start:			Thu Oct 17 12:38:53 2019
[runlim] child:			12054
warning: unsupported tag 'output'
[runlim] sample:		9.94 time, 10.01 real, 21 MB
[runlim] sample:		19.94 time, 20.01 real, 32 MB
[runlim] sample:		29.94 time, 30.01 real, 33 MB
[runlim] sample:		39.94 time, 40.01 real, 40 MB
[runlim] sample:		49.94 time, 50.01 real, 47 MB
[runlim] sample:		59.94 time, 60.01 real, 53 MB
[runlim] sample:		69.94 time, 70.02 real, 58 MB
[runlim] sample:		79.94 time, 80.01 real, 61 MB
[runlim] sample:		89.94 time, 90.01 real, 77 MB
[runlim] sample:		99.94 time, 100.01 real, 77 MB
[runlim] sample:		109.94 time, 110.02 real, 77 MB
[runlim] sample:		119.94 time, 120.01 real, 81 MB
[runlim] sample:		129.94 time, 130.02 real, 82 MB
[runlim] sample:		139.94 time, 140.02 real, 84 MB
[runlim] sample:		149.94 time, 150.02 real, 96 MB
[runlim] sample:		159.94 time, 160.02 real, 98 MB
[runlim] sample:		169.94 time, 170.02 real, 102 MB
[runlim] sample:		179.94 time, 180.01 real, 111 MB
[runlim] sample:		189.94 time, 190.02 real, 115 MB
[runlim] sample:		199.94 time, 200.02 real, 118 MB
[runlim] sample:		209.94 time, 210.02 real, 124 MB
[runlim] sample:		219.94 time, 220.02 real, 128 MB
[runlim] sample:		229.94 time, 230.01 real, 128 MB
[runlim] sample:		239.94 time, 240.01 real, 128 MB
[runlim] sample:		249.94 time, 250.02 real, 128 MB
[runlim] sample:		259.94 time, 260.02 real, 135 MB
[runlim] sample:		269.94 time, 270.02 real, 135 MB
[runlim] sample:		279.94 time, 280.02 real, 147 MB
[runlim] sample:		289.94 time, 290.02 real, 167 MB
[runlim] sample:		299.94 time, 300.01 real, 168 MB
[runlim] sample:		309.94 time, 310.02 real, 168 MB
[runlim] sample:		319.94 time, 320.02 real, 169 MB
[runlim] sample:		329.94 time, 330.02 real, 169 MB
[runlim] sample:		339.94 time, 340.02 real, 169 MB
[runlim] sample:		349.94 time, 350.01 real, 173 MB
[runlim] sample:		359.94 time, 360.02 real, 173 MB
[runlim] sample:		369.94 time, 370.02 real, 182 MB
[runlim] sample:		379.94 time, 380.01 real, 184 MB
[runlim] sample:		389.94 time, 390.02 real, 192 MB
[runlim] sample:		399.94 time, 400.02 real, 192 MB
[runlim] sample:		409.94 time, 410.01 real, 192 MB
[runlim] sample:		419.94 time, 420.01 real, 192 MB
[runlim] sample:		429.94 time, 430.01 real, 192 MB
[runlim] sample:		439.94 time, 440.01 real, 195 MB
[runlim] sample:		449.94 time, 450.02 real, 212 MB
[runlim] sample:		459.94 time, 460.02 real, 212 MB
[runlim] sample:		469.94 time, 470.02 real, 212 MB
[runlim] sample:		479.94 time, 480.02 real, 212 MB
[runlim] sample:		489.93 time, 490.02 real, 212 MB
[runlim] sample:		499.94 time, 500.02 real, 215 MB
[runlim] sample:		509.94 time, 510.02 real, 215 MB
[runlim] sample:		519.94 time, 520.01 real, 215 MB
[runlim] sample:		529.94 time, 530.02 real, 215 MB
[runlim] sample:		539.94 time, 540.01 real, 221 MB
[runlim] sample:		549.94 time, 550.02 real, 234 MB
[runlim] sample:		559.94 time, 560.01 real, 234 MB
[runlim] sample:		569.94 time, 570.01 real, 234 MB
[runlim] sample:		579.94 time, 580.02 real, 235 MB
[runlim] sample:		589.94 time, 590.02 real, 238 MB
[runlim] sample:		599.94 time, 600.02 real, 238 MB
[runlim] sample:		609.94 time, 610.02 real, 239 MB
[runlim] sample:		619.94 time, 620.02 real, 240 MB
[runlim] sample:		629.94 time, 630.02 real, 241 MB
[runlim] sample:		639.94 time, 640.02 real, 243 MB
[runlim] sample:		649.94 time, 650.02 real, 247 MB
[runlim] sample:		659.94 time, 660.01 real, 265 MB
[runlim] sample:		669.94 time, 670.01 real, 265 MB
[runlim] sample:		679.94 time, 680.02 real, 265 MB
[runlim] sample:		689.94 time, 690.02 real, 265 MB
[runlim] sample:		699.94 time, 700.02 real, 265 MB
[runlim] sample:		709.94 time, 710.02 real, 265 MB
[runlim] sample:		719.94 time, 720.02 real, 265 MB
[runlim] sample:		729.94 time, 730.02 real, 265 MB
[runlim] sample:		739.94 time, 740.02 real, 273 MB
[runlim] sample:		749.94 time, 750.01 real, 273 MB
[runlim] sample:		759.94 time, 760.02 real, 274 MB
[runlim] sample:		769.93 time, 770.02 real, 274 MB
[runlim] sample:		779.93 time, 780.02 real, 275 MB
[runlim] sample:		789.93 time, 790.02 real, 275 MB
[runlim] sample:		799.93 time, 800.01 real, 275 MB
[runlim] sample:		809.93 time, 810.02 real, 275 MB
[runlim] sample:		819.94 time, 820.01 real, 282 MB
[runlim] sample:		829.93 time, 830.02 real, 314 MB
[runlim] sample:		839.93 time, 840.01 real, 315 MB
[runlim] sample:		849.94 time, 850.02 real, 317 MB
[runlim] sample:		859.94 time, 860.02 real, 318 MB
[runlim] sample:		869.93 time, 870.02 real, 285 MB
[runlim] sample:		879.93 time, 880.02 real, 329 MB
[runlim] sample:		889.93 time, 890.02 real, 320 MB
[runlim] sample:		899.94 time, 900.02 real, 321 MB
[runlim] sample:		909.93 time, 910.02 real, 322 MB
[runlim] sample:		919.94 time, 920.02 real, 322 MB
[runlim] sample:		929.94 time, 930.02 real, 324 MB
[runlim] sample:		939.94 time, 940.01 real, 325 MB
[runlim] sample:		949.94 time, 950.02 real, 325 MB
[runlim] sample:		959.94 time, 960.02 real, 332 MB
[runlim] sample:		969.93 time, 970.02 real, 332 MB
[runlim] sample:		979.94 time, 980.02 real, 333 MB
[runlim] sample:		989.93 time, 990.01 real, 334 MB
[runlim] sample:		999.94 time, 1000.02 real, 341 MB
[runlim] sample:		1009.93 time, 1010.02 real, 341 MB
[runlim] sample:		1019.94 time, 1020.02 real, 343 MB
[runlim] sample:		1029.94 time, 1030.02 real, 343 MB
[runlim] sample:		1039.94 time, 1040.01 real, 367 MB
[runlim] sample:		1049.93 time, 1050.02 real, 343 MB
[runlim] sample:		1059.93 time, 1060.02 real, 300 MB
[runlim] sample:		1069.93 time, 1070.02 real, 357 MB
[runlim] sample:		1079.93 time, 1080.02 real, 317 MB
[runlim] sample:		1089.93 time, 1090.02 real, 317 MB
[runlim] sample:		1099.94 time, 1100.02 real, 338 MB
[runlim] sample:		1109.93 time, 1110.02 real, 339 MB
[runlim] sample:		1119.94 time, 1120.02 real, 323 MB
[runlim] sample:		1129.94 time, 1130.02 real, 342 MB
[runlim] sample:		1139.94 time, 1140.02 real, 342 MB
[runlim] sample:		1149.93 time, 1150.02 real, 306 MB
[runlim] sample:		1159.93 time, 1160.02 real, 370 MB
[runlim] sample:		1169.93 time, 1170.02 real, 330 MB
[runlim] sample:		1179.94 time, 1180.02 real, 334 MB
[runlim] sample:		1189.93 time, 1190.02 real, 335 MB
[runlim] sample:		1199.94 time, 1200.02 real, 362 MB
[runlim] sample:		1209.93 time, 1210.02 real, 320 MB
[runlim] sample:		1219.94 time, 1220.02 real, 370 MB
[runlim] sample:		1229.93 time, 1230.02 real, 379 MB
[runlim] sample:		1239.94 time, 1240.02 real, 350 MB
[runlim] sample:		1249.93 time, 1250.02 real, 351 MB
[runlim] sample:		1259.93 time, 1260.01 real, 364 MB
[runlim] sample:		1269.93 time, 1270.02 real, 364 MB
[runlim] sample:		1279.93 time, 1280.02 real, 365 MB
[runlim] sample:		1289.93 time, 1290.02 real, 365 MB
[runlim] sample:		1299.93 time, 1300.01 real, 365 MB
[runlim] sample:		1309.93 time, 1310.02 real, 368 MB
[runlim] sample:		1319.94 time, 1320.02 real, 369 MB
[runlim] sample:		1329.93 time, 1330.02 real, 345 MB
[runlim] sample:		1339.93 time, 1340.02 real, 350 MB
[runlim] sample:		1349.93 time, 1350.02 real, 413 MB
[runlim] sample:		1359.93 time, 1360.02 real, 414 MB
[runlim] sample:		1369.93 time, 1370.02 real, 366 MB
[runlim] sample:		1379.93 time, 1380.02 real, 366 MB
[runlim] sample:		1389.93 time, 1390.02 real, 334 MB
[runlim] sample:		1399.93 time, 1400.02 real, 383 MB
[runlim] sample:		1409.93 time, 1410.02 real, 364 MB
[runlim] sample:		1419.93 time, 1420.02 real, 364 MB
[runlim] sample:		1429.93 time, 1430.02 real, 375 MB
[runlim] sample:		1439.93 time, 1440.02 real, 372 MB
[runlim] sample:		1449.93 time, 1450.02 real, 372 MB
[runlim] sample:		1459.93 time, 1460.02 real, 372 MB
[runlim] sample:		1469.93 time, 1470.02 real, 379 MB
[runlim] sample:		1479.93 time, 1480.01 real, 387 MB
[runlim] sample:		1489.93 time, 1490.02 real, 388 MB
[runlim] sample:		1499.93 time, 1500.02 real, 388 MB
[runlim] sample:		1509.93 time, 1510.02 real, 388 MB
[runlim] sample:		1519.93 time, 1520.02 real, 342 MB
[runlim] sample:		1529.93 time, 1530.02 real, 387 MB
[runlim] sample:		1539.93 time, 1540.02 real, 381 MB
[runlim] sample:		1549.93 time, 1550.01 real, 388 MB
[runlim] sample:		1559.93 time, 1560.02 real, 377 MB
[runlim] sample:		1569.93 time, 1570.02 real, 377 MB
[runlim] sample:		1579.93 time, 1580.02 real, 410 MB
[runlim] sample:		1589.93 time, 1590.02 real, 377 MB
[runlim] sample:		1599.93 time, 1600.02 real, 372 MB
[runlim] sample:		1609.92 time, 1610.01 real, 392 MB
[runlim] sample:		1619.92 time, 1620.02 real, 401 MB
[runlim] sample:		1629.93 time, 1630.02 real, 380 MB
[runlim] sample:		1639.93 time, 1640.02 real, 388 MB
[runlim] sample:		1649.93 time, 1650.02 real, 395 MB
[runlim] sample:		1659.93 time, 1660.02 real, 398 MB
[runlim] sample:		1669.93 time, 1670.02 real, 412 MB
[runlim] sample:		1679.93 time, 1680.02 real, 412 MB
[runlim] sample:		1689.93 time, 1690.02 real, 413 MB
[runlim] sample:		1699.92 time, 1700.02 real, 413 MB
[runlim] sample:		1709.93 time, 1710.01 real, 416 MB
[runlim] sample:		1719.92 time, 1720.02 real, 394 MB
[runlim] sample:		1729.92 time, 1730.02 real, 414 MB
[runlim] sample:		1739.93 time, 1740.02 real, 415 MB
[runlim] sample:		1749.92 time, 1750.02 real, 392 MB
[runlim] sample:		1759.93 time, 1760.02 real, 401 MB
[runlim] sample:		1769.92 time, 1770.02 real, 411 MB
[runlim] sample:		1779.92 time, 1780.02 real, 400 MB
[runlim] sample:		1789.93 time, 1790.02 real, 406 MB
[runlim] sample:		1799.92 time, 1800.01 real, 424 MB
[runlim] sample:		1809.93 time, 1810.02 real, 435 MB
[runlim] sample:		1819.93 time, 1820.02 real, 435 MB
[runlim] sample:		1829.93 time, 1830.02 real, 445 MB
[runlim] sample:		1839.92 time, 1840.02 real, 445 MB
[runlim] sample:		1849.93 time, 1850.02 real, 446 MB
[runlim] sample:		1859.92 time, 1860.02 real, 446 MB
[runlim] sample:		1869.93 time, 1870.02 real, 447 MB
[runlim] sample:		1879.92 time, 1880.02 real, 447 MB
[runlim] sample:		1889.93 time, 1890.02 real, 448 MB
[runlim] sample:		1899.93 time, 1900.02 real, 407 MB
[runlim] sample:		1909.92 time, 1910.01 real, 425 MB
[runlim] sample:		1919.93 time, 1920.02 real, 435 MB
[runlim] sample:		1929.92 time, 1930.02 real, 422 MB
[runlim] sample:		1939.93 time, 1940.02 real, 440 MB
[runlim] sample:		1949.93 time, 1950.02 real, 377 MB
[runlim] sample:		1959.93 time, 1960.02 real, 478 MB
[runlim] sample:		1969.93 time, 1970.02 real, 482 MB
[runlim] sample:		1979.92 time, 1980.02 real, 454 MB
[runlim] sample:		1989.92 time, 1990.02 real, 454 MB
[runlim] sample:		1999.92 time, 2000.02 real, 460 MB
[runlim] sample:		2009.93 time, 2010.02 real, 461 MB
[runlim] sample:		2019.93 time, 2020.02 real, 461 MB
[runlim] sample:		2029.92 time, 2030.01 real, 461 MB
[runlim] sample:		2039.92 time, 2040.02 real, 462 MB
[runlim] sample:		2049.92 time, 2050.02 real, 462 MB
[runlim] sample:		2059.92 time, 2060.02 real, 471 MB
[runlim] sample:		2069.93 time, 2070.02 real, 472 MB
[runlim] sample:		2079.92 time, 2080.02 real, 492 MB
[runlim] sample:		2089.92 time, 2090.02 real, 492 MB
[runlim] sample:		2099.93 time, 2100.02 real, 493 MB
[runlim] sample:		2109.93 time, 2110.02 real, 493 MB
[runlim] sample:		2119.92 time, 2120.02 real, 493 MB
[runlim] sample:		2129.92 time, 2130.01 real, 494 MB
[runlim] sample:		2139.92 time, 2140.02 real, 494 MB
[runlim] sample:		2149.92 time, 2150.02 real, 495 MB
[runlim] sample:		2159.92 time, 2160.01 real, 496 MB
[runlim] sample:		2169.92 time, 2170.02 real, 496 MB
[runlim] sample:		2179.92 time, 2180.02 real, 498 MB
[runlim] sample:		2189.92 time, 2190.02 real, 526 MB
[runlim] sample:		2199.92 time, 2200.02 real, 498 MB
[runlim] sample:		2209.92 time, 2210.02 real, 498 MB
[runlim] sample:		2219.92 time, 2220.02 real, 551 MB
[runlim] sample:		2229.92 time, 2230.02 real, 456 MB
[runlim] sample:		2239.92 time, 2240.02 real, 506 MB
[runlim] sample:		2249.92 time, 2250.01 real, 481 MB
[runlim] sample:		2259.92 time, 2260.02 real, 508 MB
[runlim] sample:		2269.92 time, 2270.02 real, 508 MB
[runlim] sample:		2279.92 time, 2280.02 real, 510 MB
[runlim] sample:		2289.92 time, 2290.02 real, 510 MB
[runlim] sample:		2299.92 time, 2300.02 real, 513 MB
[runlim] sample:		2309.92 time, 2310.02 real, 513 MB
[runlim] sample:		2319.92 time, 2320.02 real, 546 MB
[runlim] sample:		2329.92 time, 2330.02 real, 514 MB
[runlim] sample:		2339.92 time, 2340.01 real, 514 MB
[runlim] sample:		2349.92 time, 2350.02 real, 525 MB
[runlim] sample:		2359.92 time, 2360.02 real, 525 MB
[runlim] sample:		2369.92 time, 2370.02 real, 532 MB
[runlim] sample:		2379.92 time, 2380.02 real, 532 MB
[runlim] sample:		2389.92 time, 2390.02 real, 490 MB
[runlim] sample:		2399.92 time, 2400.01 real, 492 MB
[runlim] sample:		2409.92 time, 2410.02 real, 522 MB
[runlim] sample:		2419.91 time, 2420.02 real, 533 MB
[runlim] sample:		2429.92 time, 2430.02 real, 490 MB
[runlim] sample:		2439.92 time, 2440.02 real, 535 MB
[runlim] sample:		2449.92 time, 2450.02 real, 535 MB
[runlim] sample:		2459.92 time, 2460.02 real, 547 MB
[runlim] sample:		2469.92 time, 2470.02 real, 547 MB
[runlim] sample:		2479.92 time, 2480.02 real, 547 MB
[runlim] sample:		2489.92 time, 2490.02 real, 503 MB
[runlim] sample:		2499.92 time, 2500.02 real, 525 MB
[runlim] sample:		2509.91 time, 2510.02 real, 598 MB
[runlim] sample:		2519.92 time, 2520.02 real, 519 MB
[runlim] sample:		2529.92 time, 2530.01 real, 521 MB
[runlim] sample:		2539.92 time, 2540.02 real, 543 MB
[runlim] sample:		2549.92 time, 2550.02 real, 623 MB
[runlim] sample:		2559.91 time, 2560.02 real, 555 MB
[runlim] sample:		2569.91 time, 2570.02 real, 555 MB
[runlim] sample:		2579.91 time, 2580.02 real, 568 MB
[runlim] sample:		2589.92 time, 2590.02 real, 524 MB
[runlim] sample:		2599.91 time, 2600.02 real, 593 MB
[runlim] sample:		2609.92 time, 2610.02 real, 485 MB
[runlim] sample:		2619.91 time, 2620.02 real, 533 MB
[runlim] sample:		2629.92 time, 2630.02 real, 549 MB
[runlim] sample:		2639.92 time, 2640.02 real, 524 MB
[runlim] sample:		2649.92 time, 2650.01 real, 528 MB
[runlim] sample:		2659.91 time, 2660.02 real, 539 MB
[runlim] sample:		2669.92 time, 2670.02 real, 547 MB
[runlim] sample:		2679.92 time, 2680.02 real, 580 MB
[runlim] sample:		2689.92 time, 2690.02 real, 580 MB
[runlim] sample:		2699.92 time, 2700.02 real, 580 MB
[runlim] sample:		2709.91 time, 2710.02 real, 580 MB
[runlim] sample:		2719.92 time, 2720.02 real, 583 MB
[runlim] sample:		2729.92 time, 2730.02 real, 551 MB
[runlim] sample:		2739.92 time, 2740.02 real, 551 MB
[runlim] sample:		2749.91 time, 2750.02 real, 560 MB
[runlim] sample:		2759.91 time, 2760.02 real, 576 MB
[runlim] sample:		2769.92 time, 2770.02 real, 577 MB
[runlim] sample:		2779.92 time, 2780.02 real, 577 MB
[runlim] sample:		2789.92 time, 2790.02 real, 552 MB
[runlim] sample:		2799.91 time, 2800.02 real, 577 MB
[runlim] sample:		2809.91 time, 2810.02 real, 518 MB
[runlim] sample:		2819.91 time, 2820.02 real, 553 MB
[runlim] sample:		2829.91 time, 2830.02 real, 628 MB
[runlim] sample:		2839.92 time, 2840.02 real, 580 MB
[runlim] sample:		2849.92 time, 2850.02 real, 605 MB
[runlim] sample:		2859.91 time, 2860.02 real, 609 MB
[runlim] sample:		2869.92 time, 2870.02 real, 564 MB
[runlim] sample:		2879.91 time, 2880.02 real, 647 MB
[runlim] sample:		2889.91 time, 2890.02 real, 591 MB
[runlim] sample:		2899.92 time, 2900.02 real, 573 MB
[runlim] sample:		2909.92 time, 2910.02 real, 599 MB
[runlim] sample:		2919.91 time, 2920.02 real, 608 MB
[runlim] sample:		2929.91 time, 2930.02 real, 612 MB
[runlim] sample:		2939.91 time, 2940.02 real, 612 MB
[runlim] sample:		2949.91 time, 2950.02 real, 572 MB
[runlim] sample:		2959.91 time, 2960.02 real, 574 MB
[runlim] sample:		2969.91 time, 2970.02 real, 605 MB
[runlim] sample:		2979.91 time, 2980.02 real, 616 MB
[runlim] sample:		2989.91 time, 2990.02 real, 617 MB
[runlim] sample:		2999.92 time, 3000.02 real, 617 MB
[runlim] sample:		3009.92 time, 3010.02 real, 617 MB
[runlim] sample:		3019.91 time, 3020.01 real, 632 MB
[runlim] sample:		3029.92 time, 3030.02 real, 632 MB
[runlim] sample:		3039.91 time, 3040.02 real, 582 MB
[runlim] sample:		3049.91 time, 3050.02 real, 582 MB
[runlim] sample:		3059.92 time, 3060.02 real, 610 MB
[runlim] sample:		3069.92 time, 3070.02 real, 628 MB
[runlim] sample:		3079.91 time, 3080.02 real, 628 MB
[runlim] sample:		3089.92 time, 3090.02 real, 590 MB
[runlim] sample:		3099.91 time, 3100.02 real, 858 MB
[runlim] sample:		3109.91 time, 3110.02 real, 622 MB
[runlim] sample:		3119.91 time, 3120.02 real, 623 MB
[runlim] sample:		3129.91 time, 3130.02 real, 634 MB
[runlim] sample:		3139.91 time, 3140.02 real, 635 MB
[runlim] sample:		3149.91 time, 3150.02 real, 635 MB
[runlim] sample:		3159.91 time, 3160.02 real, 591 MB
[runlim] sample:		3169.91 time, 3170.01 real, 591 MB
[runlim] sample:		3179.91 time, 3180.02 real, 625 MB
[runlim] sample:		3189.91 time, 3190.02 real, 625 MB
[runlim] sample:		3199.91 time, 3200.02 real, 736 MB
[runlim] sample:		3209.91 time, 3210.02 real, 628 MB
[runlim] sample:		3219.91 time, 3220.02 real, 629 MB
[runlim] sample:		3229.92 time, 3230.02 real, 632 MB
[runlim] sample:		3239.91 time, 3240.02 real, 647 MB
[runlim] sample:		3249.91 time, 3250.02 real, 659 MB
[runlim] sample:		3259.91 time, 3260.02 real, 662 MB
[runlim] sample:		3269.91 time, 3270.02 real, 662 MB
[runlim] sample:		3279.91 time, 3280.02 real, 669 MB
[runlim] sample:		3289.91 time, 3290.02 real, 685 MB
[runlim] sample:		3299.91 time, 3300.02 real, 685 MB
[runlim] sample:		3309.91 time, 3310.02 real, 685 MB
[runlim] sample:		3319.91 time, 3320.02 real, 686 MB
[runlim] sample:		3329.91 time, 3330.02 real, 686 MB
[runlim] sample:		3339.91 time, 3340.02 real, 686 MB
[runlim] sample:		3349.91 time, 3350.02 real, 621 MB
[runlim] sample:		3359.91 time, 3360.02 real, 637 MB
[runlim] sample:		3369.91 time, 3370.02 real, 670 MB
[runlim] sample:		3379.91 time, 3380.02 real, 670 MB
[runlim] sample:		3389.91 time, 3390.02 real, 670 MB
[runlim] sample:		3399.91 time, 3400.02 real, 671 MB
[runlim] sample:		3409.91 time, 3410.02 real, 638 MB
[runlim] sample:		3419.91 time, 3420.02 real, 717 MB
[runlim] sample:		3429.91 time, 3430.02 real, 737 MB
[runlim] sample:		3439.91 time, 3440.02 real, 632 MB
[runlim] sample:		3449.91 time, 3450.02 real, 639 MB
[runlim] sample:		3459.91 time, 3460.02 real, 673 MB
[runlim] sample:		3469.91 time, 3470.02 real, 673 MB
[runlim] sample:		3479.91 time, 3480.02 real, 681 MB
[runlim] sample:		3489.91 time, 3490.02 real, 697 MB
[runlim] sample:		3499.91 time, 3500.02 real, 697 MB
[runlim] sample:		3509.90 time, 3510.01 real, 698 MB
[runlim] sample:		3519.90 time, 3520.02 real, 611 MB
[runlim] sample:		3529.91 time, 3530.02 real, 645 MB
[runlim] sample:		3539.91 time, 3540.02 real, 679 MB
[runlim] sample:		3549.91 time, 3550.01 real, 654 MB
[runlim] sample:		3559.91 time, 3560.02 real, 654 MB
[runlim] sample:		3569.90 time, 3570.02 real, 688 MB
[runlim] sample:		3579.91 time, 3580.02 real, 688 MB
[runlim] sample:		3589.90 time, 3590.02 real, 688 MB
[runlim] sample:		3599.91 time, 3600.01 real, 688 MB
[runlim] end:			Thu Oct 17 13:38:53 2019
[runlim] status:		out of time
[runlim] result:		2
[runlim] children:		3
[runlim] real:			3600.10 seconds
[runlim] time:			3599.91 seconds
[runlim] space:			927 MB
[runlim] samples:		36000
