[runlim] version:		1.17
[runlim] host:			c3n15
[runlim] time limit:		311040000 seconds
[runlim] real time limit:	3600 seconds
[runlim] space limit:		120000 MB
[runlim] argv[0]:		./run-conps-btormc-no-thp.sh
[runlim] argv[1]:		/tmp/Dlu9bq7d.btor2
[runlim] start:			Thu Oct 17 12:18:24 2019
[runlim] child:			29661
warning: unsupported tag 'output'
[runlim] sample:		9.94 time, 10.01 real, 18 MB
[runlim] sample:		19.94 time, 20.01 real, 21 MB
[runlim] sample:		29.94 time, 30.01 real, 27 MB
[runlim] sample:		39.93 time, 40.01 real, 27 MB
[runlim] sample:		49.94 time, 50.01 real, 36 MB
[runlim] sample:		59.94 time, 60.01 real, 36 MB
[runlim] sample:		69.94 time, 70.01 real, 37 MB
[runlim] sample:		79.93 time, 80.01 real, 39 MB
[runlim] sample:		89.93 time, 90.01 real, 41 MB
[runlim] sample:		99.93 time, 100.01 real, 43 MB
[runlim] sample:		109.93 time, 110.01 real, 43 MB
[runlim] sample:		119.93 time, 120.01 real, 48 MB
[runlim] sample:		129.92 time, 130.01 real, 56 MB
[runlim] sample:		139.93 time, 140.01 real, 48 MB
[runlim] sample:		149.92 time, 150.01 real, 48 MB
[runlim] sample:		159.92 time, 160.01 real, 52 MB
[runlim] sample:		169.93 time, 170.01 real, 52 MB
[runlim] sample:		179.92 time, 180.01 real, 53 MB
[runlim] sample:		189.93 time, 190.01 real, 55 MB
[runlim] sample:		199.92 time, 200.01 real, 55 MB
[runlim] sample:		209.93 time, 210.01 real, 56 MB
[runlim] sample:		219.93 time, 220.01 real, 59 MB
[runlim] sample:		229.92 time, 230.01 real, 59 MB
[runlim] sample:		239.92 time, 240.01 real, 59 MB
[runlim] sample:		249.92 time, 250.01 real, 59 MB
[runlim] sample:		259.91 time, 260.01 real, 60 MB
[runlim] sample:		269.92 time, 270.01 real, 61 MB
[runlim] sample:		279.91 time, 280.01 real, 61 MB
[runlim] sample:		289.92 time, 290.01 real, 61 MB
[runlim] sample:		299.91 time, 300.01 real, 63 MB
[runlim] sample:		309.91 time, 310.01 real, 63 MB
[runlim] sample:		319.91 time, 320.01 real, 63 MB
[runlim] sample:		329.91 time, 330.01 real, 64 MB
[runlim] sample:		339.91 time, 340.01 real, 64 MB
[runlim] sample:		349.91 time, 350.01 real, 67 MB
[runlim] sample:		359.91 time, 360.01 real, 60 MB
[runlim] sample:		369.91 time, 370.01 real, 61 MB
[runlim] sample:		379.91 time, 380.01 real, 77 MB
[runlim] sample:		389.91 time, 390.01 real, 77 MB
[runlim] sample:		399.91 time, 400.01 real, 77 MB
[runlim] sample:		409.90 time, 410.01 real, 77 MB
[runlim] sample:		419.90 time, 420.01 real, 78 MB
[runlim] sample:		429.90 time, 430.01 real, 78 MB
[runlim] sample:		439.90 time, 440.01 real, 78 MB
[runlim] sample:		449.90 time, 450.01 real, 78 MB
[runlim] sample:		459.90 time, 460.01 real, 78 MB
[runlim] sample:		469.90 time, 470.01 real, 78 MB
[runlim] sample:		479.89 time, 480.01 real, 104 MB
[runlim] sample:		489.90 time, 490.01 real, 97 MB
[runlim] sample:		499.90 time, 500.01 real, 97 MB
[runlim] sample:		509.89 time, 510.01 real, 79 MB
[runlim] sample:		519.89 time, 520.01 real, 79 MB
[runlim] sample:		529.89 time, 530.01 real, 79 MB
[runlim] sample:		539.89 time, 540.01 real, 79 MB
[runlim] sample:		549.89 time, 550.01 real, 80 MB
[runlim] sample:		559.89 time, 560.01 real, 95 MB
[runlim] sample:		569.89 time, 570.01 real, 95 MB
[runlim] sample:		579.89 time, 580.01 real, 95 MB
[runlim] sample:		589.88 time, 590.01 real, 95 MB
[runlim] sample:		599.88 time, 600.01 real, 95 MB
[runlim] sample:		609.89 time, 610.01 real, 95 MB
[runlim] sample:		619.89 time, 620.01 real, 95 MB
[runlim] sample:		629.89 time, 630.01 real, 95 MB
[runlim] sample:		639.89 time, 640.01 real, 95 MB
[runlim] sample:		649.89 time, 650.01 real, 110 MB
[runlim] sample:		659.88 time, 660.01 real, 110 MB
[runlim] sample:		669.88 time, 670.01 real, 110 MB
[runlim] sample:		679.88 time, 680.01 real, 110 MB
[runlim] sample:		689.88 time, 690.01 real, 111 MB
[runlim] sample:		699.88 time, 700.01 real, 111 MB
[runlim] sample:		709.87 time, 710.01 real, 111 MB
[runlim] sample:		719.87 time, 720.01 real, 111 MB
[runlim] sample:		729.87 time, 730.01 real, 111 MB
[runlim] sample:		739.88 time, 740.01 real, 111 MB
[runlim] sample:		749.87 time, 750.01 real, 111 MB
[runlim] sample:		759.87 time, 760.01 real, 111 MB
[runlim] sample:		769.87 time, 770.01 real, 112 MB
[runlim] sample:		779.87 time, 780.01 real, 112 MB
[runlim] sample:		789.87 time, 790.01 real, 112 MB
[runlim] sample:		799.87 time, 800.01 real, 112 MB
[runlim] sample:		809.87 time, 810.01 real, 112 MB
[runlim] sample:		819.87 time, 820.01 real, 112 MB
[runlim] sample:		829.87 time, 830.01 real, 112 MB
[runlim] sample:		839.87 time, 840.01 real, 112 MB
[runlim] sample:		849.87 time, 850.01 real, 112 MB
[runlim] sample:		859.86 time, 860.01 real, 113 MB
[runlim] sample:		869.86 time, 870.01 real, 113 MB
[runlim] sample:		879.86 time, 880.01 real, 113 MB
[runlim] sample:		889.86 time, 890.01 real, 113 MB
[runlim] sample:		899.86 time, 900.01 real, 113 MB
[runlim] sample:		909.86 time, 910.01 real, 113 MB
[runlim] sample:		919.86 time, 920.01 real, 170 MB
[runlim] sample:		929.86 time, 930.01 real, 124 MB
[runlim] sample:		939.86 time, 940.01 real, 124 MB
[runlim] sample:		949.86 time, 950.01 real, 124 MB
[runlim] sample:		959.86 time, 960.01 real, 124 MB
[runlim] sample:		969.86 time, 970.01 real, 124 MB
[runlim] sample:		979.86 time, 980.01 real, 124 MB
[runlim] sample:		989.86 time, 990.01 real, 124 MB
[runlim] sample:		999.85 time, 1000.01 real, 124 MB
[runlim] sample:		1009.85 time, 1010.01 real, 124 MB
[runlim] sample:		1019.85 time, 1020.01 real, 124 MB
[runlim] sample:		1029.85 time, 1030.01 real, 124 MB
[runlim] sample:		1039.85 time, 1040.01 real, 124 MB
[runlim] sample:		1049.85 time, 1050.01 real, 124 MB
[runlim] sample:		1059.85 time, 1060.01 real, 124 MB
[runlim] sample:		1069.85 time, 1070.01 real, 124 MB
[runlim] sample:		1079.85 time, 1080.01 real, 124 MB
[runlim] sample:		1089.85 time, 1090.01 real, 142 MB
[runlim] sample:		1099.85 time, 1100.01 real, 142 MB
[runlim] sample:		1109.85 time, 1110.01 real, 142 MB
[runlim] sample:		1119.85 time, 1120.01 real, 142 MB
[runlim] sample:		1129.85 time, 1130.01 real, 142 MB
[runlim] sample:		1139.85 time, 1140.01 real, 142 MB
[runlim] sample:		1149.84 time, 1150.01 real, 142 MB
[runlim] sample:		1159.84 time, 1160.01 real, 142 MB
[runlim] sample:		1169.84 time, 1170.01 real, 142 MB
[runlim] sample:		1179.84 time, 1180.01 real, 142 MB
[runlim] sample:		1189.84 time, 1190.01 real, 142 MB
[runlim] sample:		1199.84 time, 1200.01 real, 142 MB
[runlim] sample:		1209.84 time, 1210.01 real, 142 MB
[runlim] sample:		1219.84 time, 1220.01 real, 142 MB
[runlim] sample:		1229.83 time, 1230.01 real, 149 MB
[runlim] sample:		1239.83 time, 1240.01 real, 149 MB
[runlim] sample:		1249.83 time, 1250.01 real, 149 MB
[runlim] sample:		1259.83 time, 1260.01 real, 149 MB
[runlim] sample:		1269.83 time, 1270.01 real, 149 MB
[runlim] sample:		1279.83 time, 1280.01 real, 149 MB
[runlim] sample:		1289.82 time, 1290.01 real, 149 MB
[runlim] sample:		1299.82 time, 1300.01 real, 149 MB
[runlim] sample:		1309.82 time, 1310.01 real, 149 MB
[runlim] sample:		1319.82 time, 1320.01 real, 149 MB
[runlim] sample:		1329.83 time, 1330.01 real, 151 MB
[runlim] sample:		1339.83 time, 1340.01 real, 151 MB
[runlim] sample:		1349.83 time, 1350.01 real, 151 MB
[runlim] sample:		1359.83 time, 1360.01 real, 151 MB
[runlim] sample:		1369.82 time, 1370.01 real, 151 MB
[runlim] sample:		1379.82 time, 1380.01 real, 151 MB
[runlim] sample:		1389.82 time, 1390.01 real, 151 MB
[runlim] sample:		1399.82 time, 1400.01 real, 151 MB
[runlim] sample:		1409.82 time, 1410.01 real, 151 MB
[runlim] sample:		1419.82 time, 1420.01 real, 151 MB
[runlim] sample:		1429.82 time, 1430.01 real, 152 MB
[runlim] sample:		1439.82 time, 1440.01 real, 152 MB
[runlim] sample:		1449.82 time, 1450.01 real, 152 MB
[runlim] sample:		1459.82 time, 1460.01 real, 152 MB
[runlim] sample:		1469.82 time, 1470.01 real, 152 MB
[runlim] sample:		1479.82 time, 1480.01 real, 152 MB
[runlim] sample:		1489.81 time, 1490.01 real, 152 MB
[runlim] sample:		1499.81 time, 1500.01 real, 152 MB
[runlim] sample:		1509.81 time, 1510.01 real, 152 MB
[runlim] sample:		1519.81 time, 1520.01 real, 152 MB
[runlim] sample:		1529.81 time, 1530.01 real, 153 MB
[runlim] sample:		1539.81 time, 1540.01 real, 153 MB
[runlim] sample:		1549.81 time, 1550.01 real, 153 MB
[runlim] sample:		1559.81 time, 1560.01 real, 153 MB
[runlim] sample:		1569.81 time, 1570.01 real, 153 MB
[runlim] sample:		1579.81 time, 1580.01 real, 153 MB
[runlim] sample:		1589.81 time, 1590.01 real, 154 MB
[runlim] sample:		1599.80 time, 1600.01 real, 154 MB
[runlim] sample:		1609.80 time, 1610.01 real, 154 MB
[runlim] sample:		1619.80 time, 1620.01 real, 154 MB
[runlim] sample:		1629.80 time, 1630.01 real, 154 MB
[runlim] sample:		1639.80 time, 1640.01 real, 154 MB
[runlim] sample:		1649.80 time, 1650.01 real, 154 MB
[runlim] sample:		1659.80 time, 1660.01 real, 154 MB
[runlim] sample:		1669.80 time, 1670.01 real, 154 MB
[runlim] sample:		1679.80 time, 1680.01 real, 154 MB
[runlim] sample:		1689.80 time, 1690.01 real, 154 MB
[runlim] sample:		1699.80 time, 1700.01 real, 154 MB
[runlim] sample:		1709.80 time, 1710.01 real, 154 MB
[runlim] sample:		1719.79 time, 1720.01 real, 154 MB
[runlim] sample:		1729.79 time, 1730.01 real, 154 MB
[runlim] sample:		1739.79 time, 1740.01 real, 154 MB
[runlim] sample:		1749.79 time, 1750.01 real, 183 MB
[runlim] sample:		1759.79 time, 1760.01 real, 183 MB
[runlim] sample:		1769.79 time, 1770.01 real, 183 MB
[runlim] sample:		1779.79 time, 1780.01 real, 211 MB
[runlim] sample:		1789.78 time, 1790.01 real, 212 MB
[runlim] sample:		1799.79 time, 1800.01 real, 162 MB
[runlim] sample:		1809.78 time, 1810.01 real, 191 MB
[runlim] sample:		1819.79 time, 1820.01 real, 191 MB
[runlim] sample:		1829.78 time, 1830.01 real, 191 MB
[runlim] sample:		1839.79 time, 1840.01 real, 212 MB
[runlim] sample:		1849.78 time, 1850.01 real, 191 MB
[runlim] sample:		1859.78 time, 1860.01 real, 191 MB
[runlim] sample:		1869.78 time, 1870.01 real, 191 MB
[runlim] sample:		1879.78 time, 1880.01 real, 191 MB
[runlim] sample:		1889.77 time, 1890.01 real, 191 MB
[runlim] sample:		1899.78 time, 1900.01 real, 192 MB
[runlim] sample:		1909.78 time, 1910.01 real, 192 MB
[runlim] sample:		1919.78 time, 1920.01 real, 192 MB
[runlim] sample:		1929.77 time, 1930.01 real, 192 MB
[runlim] sample:		1939.77 time, 1940.01 real, 192 MB
[runlim] sample:		1949.77 time, 1950.01 real, 192 MB
[runlim] sample:		1959.77 time, 1960.01 real, 192 MB
[runlim] sample:		1969.77 time, 1970.01 real, 192 MB
[runlim] sample:		1979.77 time, 1980.01 real, 192 MB
[runlim] sample:		1989.77 time, 1990.01 real, 192 MB
[runlim] sample:		1999.77 time, 2000.01 real, 192 MB
[runlim] sample:		2009.77 time, 2010.01 real, 192 MB
[runlim] sample:		2019.77 time, 2020.01 real, 162 MB
[runlim] sample:		2029.77 time, 2030.01 real, 162 MB
[runlim] sample:		2039.77 time, 2040.01 real, 162 MB
[runlim] sample:		2049.76 time, 2050.01 real, 162 MB
[runlim] sample:		2059.76 time, 2060.01 real, 162 MB
[runlim] sample:		2069.76 time, 2070.01 real, 192 MB
[runlim] sample:		2079.76 time, 2080.01 real, 192 MB
[runlim] sample:		2089.76 time, 2090.01 real, 192 MB
[runlim] sample:		2099.76 time, 2100.01 real, 192 MB
[runlim] sample:		2109.76 time, 2110.01 real, 192 MB
[runlim] sample:		2119.75 time, 2120.01 real, 162 MB
[runlim] sample:		2129.75 time, 2130.01 real, 162 MB
[runlim] sample:		2139.75 time, 2140.01 real, 162 MB
[runlim] sample:		2149.75 time, 2150.01 real, 162 MB
[runlim] sample:		2159.75 time, 2160.01 real, 162 MB
[runlim] sample:		2169.75 time, 2170.01 real, 162 MB
[runlim] sample:		2179.75 time, 2180.01 real, 224 MB
[runlim] sample:		2189.75 time, 2190.01 real, 162 MB
[runlim] sample:		2199.75 time, 2200.01 real, 193 MB
[runlim] sample:		2209.75 time, 2210.01 real, 193 MB
[runlim] sample:		2219.75 time, 2220.01 real, 193 MB
[runlim] sample:		2229.75 time, 2230.01 real, 193 MB
[runlim] sample:		2239.75 time, 2240.01 real, 193 MB
[runlim] sample:		2249.75 time, 2250.01 real, 193 MB
[runlim] sample:		2259.75 time, 2260.01 real, 194 MB
[runlim] sample:		2269.75 time, 2270.01 real, 194 MB
[runlim] sample:		2279.74 time, 2280.01 real, 194 MB
[runlim] sample:		2289.74 time, 2290.01 real, 194 MB
[runlim] sample:		2299.74 time, 2300.01 real, 194 MB
[runlim] sample:		2309.74 time, 2310.01 real, 194 MB
[runlim] sample:		2319.74 time, 2320.01 real, 194 MB
[runlim] sample:		2329.74 time, 2330.01 real, 194 MB
[runlim] sample:		2339.74 time, 2340.01 real, 194 MB
[runlim] sample:		2349.74 time, 2350.01 real, 194 MB
[runlim] sample:		2359.74 time, 2360.01 real, 194 MB
[runlim] sample:		2369.74 time, 2370.01 real, 194 MB
[runlim] sample:		2379.74 time, 2380.01 real, 194 MB
[runlim] sample:		2389.73 time, 2390.01 real, 194 MB
[runlim] sample:		2399.73 time, 2400.01 real, 194 MB
[runlim] sample:		2409.73 time, 2410.01 real, 194 MB
[runlim] sample:		2419.73 time, 2420.01 real, 194 MB
[runlim] sample:		2429.73 time, 2430.01 real, 194 MB
[runlim] sample:		2439.73 time, 2440.01 real, 221 MB
[runlim] sample:		2449.73 time, 2450.01 real, 195 MB
[runlim] sample:		2459.73 time, 2460.01 real, 195 MB
[runlim] sample:		2469.72 time, 2470.01 real, 195 MB
[runlim] sample:		2479.73 time, 2480.01 real, 195 MB
[runlim] sample:		2489.72 time, 2490.01 real, 195 MB
[runlim] sample:		2499.73 time, 2500.01 real, 195 MB
[runlim] sample:		2509.72 time, 2510.01 real, 195 MB
[runlim] sample:		2519.73 time, 2520.01 real, 195 MB
[runlim] sample:		2529.72 time, 2530.01 real, 195 MB
[runlim] sample:		2539.73 time, 2540.01 real, 195 MB
[runlim] sample:		2549.72 time, 2550.01 real, 195 MB
[runlim] sample:		2559.72 time, 2560.01 real, 195 MB
[runlim] sample:		2569.72 time, 2570.01 real, 195 MB
[runlim] sample:		2579.72 time, 2580.01 real, 195 MB
[runlim] sample:		2589.72 time, 2590.01 real, 195 MB
[runlim] sample:		2599.72 time, 2600.01 real, 195 MB
[runlim] sample:		2609.72 time, 2610.01 real, 195 MB
[runlim] sample:		2619.72 time, 2620.01 real, 195 MB
[runlim] sample:		2629.72 time, 2630.01 real, 195 MB
[runlim] sample:		2639.71 time, 2640.01 real, 195 MB
[runlim] sample:		2649.72 time, 2650.01 real, 195 MB
[runlim] sample:		2659.71 time, 2660.01 real, 195 MB
[runlim] sample:		2669.71 time, 2670.01 real, 196 MB
[runlim] sample:		2679.71 time, 2680.01 real, 196 MB
[runlim] sample:		2689.71 time, 2690.01 real, 196 MB
[runlim] sample:		2699.70 time, 2700.01 real, 196 MB
[runlim] sample:		2709.71 time, 2710.01 real, 196 MB
[runlim] sample:		2719.70 time, 2720.01 real, 196 MB
[runlim] sample:		2729.70 time, 2730.01 real, 196 MB
[runlim] sample:		2739.71 time, 2740.01 real, 196 MB
[runlim] sample:		2749.70 time, 2750.01 real, 196 MB
[runlim] sample:		2759.71 time, 2760.01 real, 196 MB
[runlim] sample:		2769.71 time, 2770.01 real, 196 MB
[runlim] sample:		2779.70 time, 2780.01 real, 196 MB
[runlim] sample:		2789.70 time, 2790.01 real, 196 MB
[runlim] sample:		2799.70 time, 2800.01 real, 196 MB
[runlim] sample:		2809.70 time, 2810.01 real, 196 MB
[runlim] sample:		2819.70 time, 2820.01 real, 230 MB
[runlim] sample:		2829.69 time, 2830.01 real, 230 MB
[runlim] sample:		2839.69 time, 2840.01 real, 230 MB
[runlim] sample:		2849.69 time, 2850.01 real, 196 MB
[runlim] sample:		2859.70 time, 2860.01 real, 196 MB
[runlim] sample:		2869.69 time, 2870.01 real, 196 MB
[runlim] sample:		2879.69 time, 2880.01 real, 196 MB
[runlim] sample:		2889.69 time, 2890.01 real, 197 MB
[runlim] sample:		2899.69 time, 2900.01 real, 197 MB
[runlim] sample:		2909.69 time, 2910.01 real, 197 MB
[runlim] sample:		2919.69 time, 2920.01 real, 197 MB
[runlim] sample:		2929.69 time, 2930.01 real, 197 MB
[runlim] sample:		2939.68 time, 2940.01 real, 197 MB
[runlim] sample:		2949.68 time, 2950.01 real, 197 MB
[runlim] sample:		2959.69 time, 2960.01 real, 197 MB
[runlim] sample:		2969.69 time, 2970.01 real, 197 MB
[runlim] sample:		2979.69 time, 2980.01 real, 197 MB
[runlim] sample:		2989.68 time, 2990.01 real, 197 MB
[runlim] sample:		2999.68 time, 3000.01 real, 197 MB
[runlim] sample:		3009.68 time, 3010.01 real, 197 MB
[runlim] sample:		3019.68 time, 3020.01 real, 197 MB
[runlim] sample:		3029.68 time, 3030.01 real, 197 MB
[runlim] sample:		3039.68 time, 3040.01 real, 232 MB
[runlim] sample:		3049.67 time, 3050.01 real, 232 MB
[runlim] sample:		3059.68 time, 3060.01 real, 232 MB
[runlim] sample:		3069.68 time, 3070.01 real, 232 MB
[runlim] sample:		3079.67 time, 3080.01 real, 197 MB
[runlim] sample:		3089.67 time, 3090.01 real, 197 MB
[runlim] sample:		3099.67 time, 3100.01 real, 197 MB
[runlim] sample:		3109.68 time, 3110.01 real, 197 MB
[runlim] sample:		3119.67 time, 3120.01 real, 197 MB
[runlim] sample:		3129.67 time, 3130.01 real, 197 MB
[runlim] sample:		3139.67 time, 3140.01 real, 197 MB
[runlim] sample:		3149.66 time, 3150.01 real, 197 MB
[runlim] sample:		3159.67 time, 3160.01 real, 197 MB
[runlim] sample:		3169.67 time, 3170.01 real, 198 MB
[runlim] sample:		3179.66 time, 3180.01 real, 198 MB
[runlim] sample:		3189.66 time, 3190.01 real, 198 MB
[runlim] sample:		3199.66 time, 3200.01 real, 198 MB
[runlim] sample:		3209.66 time, 3210.01 real, 198 MB
[runlim] sample:		3219.66 time, 3220.01 real, 198 MB
[runlim] sample:		3229.66 time, 3230.01 real, 198 MB
[runlim] sample:		3239.66 time, 3240.01 real, 198 MB
[runlim] sample:		3249.66 time, 3250.01 real, 198 MB
[runlim] sample:		3259.66 time, 3260.01 real, 198 MB
[runlim] sample:		3269.66 time, 3270.01 real, 198 MB
[runlim] sample:		3279.65 time, 3280.01 real, 198 MB
[runlim] sample:		3289.65 time, 3290.01 real, 198 MB
[runlim] sample:		3299.65 time, 3300.01 real, 198 MB
[runlim] sample:		3309.65 time, 3310.01 real, 198 MB
[runlim] sample:		3319.66 time, 3320.01 real, 198 MB
[runlim] sample:		3329.65 time, 3330.01 real, 198 MB
[runlim] sample:		3339.65 time, 3340.01 real, 198 MB
[runlim] sample:		3349.65 time, 3350.01 real, 198 MB
[runlim] sample:		3359.65 time, 3360.01 real, 198 MB
[runlim] sample:		3369.65 time, 3370.01 real, 198 MB
[runlim] sample:		3379.65 time, 3380.01 real, 198 MB
[runlim] sample:		3389.65 time, 3390.01 real, 198 MB
[runlim] sample:		3399.64 time, 3400.01 real, 235 MB
[runlim] sample:		3409.64 time, 3410.01 real, 199 MB
[runlim] sample:		3419.65 time, 3420.01 real, 199 MB
[runlim] sample:		3429.64 time, 3430.01 real, 199 MB
[runlim] sample:		3439.65 time, 3440.01 real, 199 MB
[runlim] sample:		3449.65 time, 3450.01 real, 199 MB
[runlim] sample:		3459.64 time, 3460.01 real, 199 MB
[runlim] sample:		3469.64 time, 3470.01 real, 199 MB
[runlim] sample:		3479.64 time, 3480.01 real, 199 MB
[runlim] sample:		3489.64 time, 3490.01 real, 199 MB
[runlim] sample:		3499.64 time, 3500.01 real, 199 MB
[runlim] sample:		3509.64 time, 3510.01 real, 199 MB
[runlim] sample:		3519.64 time, 3520.01 real, 199 MB
[runlim] sample:		3529.63 time, 3530.01 real, 199 MB
[runlim] sample:		3539.64 time, 3540.01 real, 199 MB
[runlim] sample:		3549.64 time, 3550.01 real, 199 MB
[runlim] sample:		3559.64 time, 3560.01 real, 199 MB
[runlim] sample:		3569.63 time, 3570.01 real, 199 MB
[runlim] sample:		3579.63 time, 3580.01 real, 199 MB
[runlim] sample:		3589.63 time, 3590.01 real, 199 MB
[runlim] sample:		3599.63 time, 3600.01 real, 199 MB
[runlim] end:			Thu Oct 17 13:18:24 2019
[runlim] status:		out of time
[runlim] result:		2
[runlim] children:		3
[runlim] real:			3600.10 seconds
[runlim] time:			3599.63 seconds
[runlim] space:			264 MB
[runlim] samples:		36000
