[runlim] version:		1.17
[runlim] host:			c3n17
[runlim] time limit:		311040000 seconds
[runlim] real time limit:	3600 seconds
[runlim] space limit:		120000 MB
[runlim] argv[0]:		./run-conps-btormc-no-thp.sh
[runlim] argv[1]:		/tmp/3ZUGvQOm.btor2
[runlim] start:			Thu Oct 17 13:38:49 2019
[runlim] child:			15055
warning: unsupported tag 'output'
[runlim] sample:		9.99 time, 10.02 real, 99 MB
[runlim] sample:		19.99 time, 20.02 real, 136 MB
[runlim] sample:		29.98 time, 30.02 real, 172 MB
[runlim] sample:		39.98 time, 40.02 real, 212 MB
[runlim] sample:		49.98 time, 50.02 real, 229 MB
[runlim] sample:		59.99 time, 60.02 real, 231 MB
[runlim] sample:		69.99 time, 70.02 real, 263 MB
[runlim] sample:		79.98 time, 80.02 real, 300 MB
[runlim] sample:		89.98 time, 90.02 real, 300 MB
[runlim] sample:		99.98 time, 100.02 real, 358 MB
[runlim] sample:		109.98 time, 110.02 real, 343 MB
[runlim] sample:		119.98 time, 120.02 real, 359 MB
[runlim] sample:		129.98 time, 130.02 real, 375 MB
[runlim] sample:		139.98 time, 140.02 real, 399 MB
[runlim] sample:		149.98 time, 150.02 real, 360 MB
[runlim] sample:		159.98 time, 160.02 real, 415 MB
[runlim] sample:		169.98 time, 170.02 real, 443 MB
[runlim] sample:		179.98 time, 180.02 real, 448 MB
[runlim] sample:		189.98 time, 190.02 real, 452 MB
[runlim] sample:		199.98 time, 200.01 real, 453 MB
[runlim] sample:		209.98 time, 210.01 real, 464 MB
[runlim] sample:		219.98 time, 220.01 real, 472 MB
[runlim] sample:		229.98 time, 230.01 real, 477 MB
[runlim] sample:		239.98 time, 240.01 real, 477 MB
[runlim] sample:		249.98 time, 250.01 real, 478 MB
[runlim] sample:		259.98 time, 260.01 real, 503 MB
[runlim] sample:		269.98 time, 270.01 real, 503 MB
[runlim] sample:		279.98 time, 280.01 real, 513 MB
[runlim] sample:		289.98 time, 290.01 real, 515 MB
[runlim] sample:		299.98 time, 300.01 real, 515 MB
[runlim] sample:		309.98 time, 310.01 real, 516 MB
[runlim] sample:		319.98 time, 320.01 real, 534 MB
[runlim] sample:		329.98 time, 330.01 real, 560 MB
[runlim] sample:		339.98 time, 340.01 real, 477 MB
[runlim] sample:		349.98 time, 350.01 real, 557 MB
[runlim] sample:		359.98 time, 360.01 real, 487 MB
[runlim] sample:		369.98 time, 370.01 real, 514 MB
[runlim] sample:		379.98 time, 380.01 real, 568 MB
[runlim] sample:		389.98 time, 390.01 real, 581 MB
[runlim] sample:		399.98 time, 400.01 real, 581 MB
[runlim] sample:		409.98 time, 410.01 real, 484 MB
[runlim] sample:		419.98 time, 420.01 real, 550 MB
[runlim] sample:		429.98 time, 430.01 real, 550 MB
[runlim] sample:		439.98 time, 440.01 real, 550 MB
[runlim] sample:		449.98 time, 450.01 real, 501 MB
[runlim] sample:		459.98 time, 460.01 real, 566 MB
[runlim] sample:		469.98 time, 470.01 real, 570 MB
[runlim] sample:		479.98 time, 480.01 real, 570 MB
[runlim] sample:		489.98 time, 490.01 real, 570 MB
[runlim] sample:		499.97 time, 500.01 real, 572 MB
[runlim] sample:		509.97 time, 510.01 real, 572 MB
[runlim] sample:		519.98 time, 520.01 real, 582 MB
[runlim] sample:		529.98 time, 530.01 real, 582 MB
[runlim] sample:		539.98 time, 540.01 real, 582 MB
[runlim] sample:		549.98 time, 550.01 real, 582 MB
[runlim] sample:		559.98 time, 560.01 real, 522 MB
[runlim] sample:		569.97 time, 570.01 real, 522 MB
[runlim] sample:		579.98 time, 580.01 real, 522 MB
[runlim] sample:		589.98 time, 590.01 real, 589 MB
[runlim] sample:		599.98 time, 600.01 real, 589 MB
[runlim] sample:		609.98 time, 610.01 real, 606 MB
[runlim] sample:		619.98 time, 620.01 real, 616 MB
[runlim] sample:		629.98 time, 630.01 real, 623 MB
[runlim] sample:		639.98 time, 640.01 real, 623 MB
[runlim] sample:		649.98 time, 650.01 real, 623 MB
[runlim] sample:		659.97 time, 660.01 real, 623 MB
[runlim] sample:		669.97 time, 670.01 real, 549 MB
[runlim] sample:		679.97 time, 680.01 real, 605 MB
[runlim] sample:		689.97 time, 690.01 real, 605 MB
[runlim] sample:		699.98 time, 700.01 real, 551 MB
[runlim] sample:		709.98 time, 710.01 real, 551 MB
[runlim] sample:		719.97 time, 720.01 real, 551 MB
[runlim] sample:		729.98 time, 730.01 real, 551 MB
[runlim] sample:		739.98 time, 740.01 real, 572 MB
[runlim] sample:		749.98 time, 750.01 real, 578 MB
[runlim] sample:		759.98 time, 760.01 real, 622 MB
[runlim] sample:		769.98 time, 770.01 real, 633 MB
[runlim] sample:		779.98 time, 780.01 real, 634 MB
[runlim] sample:		789.98 time, 790.01 real, 640 MB
[runlim] sample:		799.97 time, 800.01 real, 651 MB
[runlim] sample:		809.97 time, 810.01 real, 651 MB
[runlim] sample:		819.97 time, 820.01 real, 656 MB
[runlim] sample:		829.98 time, 830.01 real, 656 MB
[runlim] sample:		839.98 time, 840.01 real, 656 MB
[runlim] sample:		849.98 time, 850.01 real, 656 MB
[runlim] sample:		859.98 time, 860.01 real, 656 MB
[runlim] sample:		869.98 time, 870.01 real, 656 MB
[runlim] sample:		879.98 time, 880.01 real, 656 MB
[runlim] sample:		889.98 time, 890.01 real, 598 MB
[runlim] sample:		899.98 time, 900.01 real, 588 MB
[runlim] sample:		909.98 time, 910.01 real, 615 MB
[runlim] sample:		919.97 time, 920.01 real, 615 MB
[runlim] sample:		929.97 time, 930.01 real, 615 MB
[runlim] sample:		939.98 time, 940.01 real, 615 MB
[runlim] sample:		949.98 time, 950.01 real, 616 MB
[runlim] sample:		959.98 time, 960.01 real, 662 MB
[runlim] sample:		969.98 time, 970.01 real, 662 MB
[runlim] sample:		979.98 time, 980.01 real, 663 MB
[runlim] sample:		989.98 time, 990.01 real, 663 MB
[runlim] sample:		999.97 time, 1000.01 real, 595 MB
[runlim] sample:		1009.98 time, 1010.01 real, 648 MB
[runlim] sample:		1019.98 time, 1020.01 real, 660 MB
[runlim] sample:		1029.98 time, 1030.01 real, 684 MB
[runlim] sample:		1039.98 time, 1040.01 real, 620 MB
[runlim] sample:		1049.98 time, 1050.01 real, 685 MB
[runlim] sample:		1059.98 time, 1060.01 real, 685 MB
[runlim] sample:		1069.98 time, 1070.01 real, 685 MB
[runlim] sample:		1079.97 time, 1080.01 real, 685 MB
[runlim] sample:		1089.98 time, 1090.01 real, 692 MB
[runlim] sample:		1099.97 time, 1100.01 real, 693 MB
[runlim] sample:		1109.98 time, 1110.01 real, 694 MB
[runlim] sample:		1119.97 time, 1120.01 real, 694 MB
[runlim] sample:		1129.97 time, 1130.01 real, 694 MB
[runlim] sample:		1139.98 time, 1140.01 real, 706 MB
[runlim] sample:		1149.97 time, 1150.01 real, 730 MB
[runlim] sample:		1159.98 time, 1160.01 real, 730 MB
[runlim] sample:		1169.98 time, 1170.01 real, 730 MB
[runlim] sample:		1179.98 time, 1180.01 real, 730 MB
[runlim] sample:		1189.98 time, 1190.01 real, 730 MB
[runlim] sample:		1199.98 time, 1200.01 real, 730 MB
[runlim] sample:		1209.98 time, 1210.01 real, 730 MB
[runlim] sample:		1219.97 time, 1220.01 real, 730 MB
[runlim] sample:		1229.98 time, 1230.01 real, 732 MB
[runlim] sample:		1239.97 time, 1240.01 real, 733 MB
[runlim] sample:		1249.97 time, 1250.01 real, 733 MB
[runlim] sample:		1259.98 time, 1260.01 real, 746 MB
[runlim] sample:		1269.98 time, 1270.01 real, 747 MB
[runlim] sample:		1279.98 time, 1280.01 real, 747 MB
[runlim] sample:		1289.98 time, 1290.01 real, 747 MB
[runlim] sample:		1299.97 time, 1300.01 real, 747 MB
[runlim] sample:		1309.98 time, 1310.01 real, 750 MB
[runlim] sample:		1319.97 time, 1320.01 real, 750 MB
[runlim] sample:		1329.97 time, 1330.01 real, 750 MB
[runlim] sample:		1339.97 time, 1340.01 real, 750 MB
[runlim] sample:		1349.97 time, 1350.01 real, 750 MB
[runlim] sample:		1359.98 time, 1360.01 real, 750 MB
[runlim] sample:		1369.98 time, 1370.01 real, 750 MB
[runlim] sample:		1379.97 time, 1380.01 real, 765 MB
[runlim] sample:		1389.97 time, 1390.01 real, 765 MB
[runlim] sample:		1399.98 time, 1400.01 real, 765 MB
[runlim] sample:		1409.98 time, 1410.01 real, 765 MB
[runlim] sample:		1419.98 time, 1420.01 real, 765 MB
[runlim] sample:		1429.98 time, 1430.01 real, 765 MB
[runlim] sample:		1439.97 time, 1440.01 real, 765 MB
[runlim] sample:		1449.97 time, 1450.01 real, 765 MB
[runlim] sample:		1459.97 time, 1460.01 real, 765 MB
[runlim] sample:		1469.97 time, 1470.01 real, 765 MB
[runlim] sample:		1479.98 time, 1480.01 real, 765 MB
[runlim] sample:		1489.98 time, 1490.01 real, 765 MB
[runlim] sample:		1499.98 time, 1500.01 real, 765 MB
[runlim] sample:		1509.98 time, 1510.01 real, 775 MB
[runlim] sample:		1519.97 time, 1520.01 real, 915 MB
[runlim] sample:		1529.97 time, 1530.01 real, 775 MB
[runlim] sample:		1539.97 time, 1540.01 real, 775 MB
[runlim] sample:		1549.98 time, 1550.01 real, 775 MB
[runlim] sample:		1559.98 time, 1560.01 real, 781 MB
[runlim] sample:		1569.98 time, 1570.01 real, 781 MB
[runlim] sample:		1579.97 time, 1580.01 real, 808 MB
[runlim] sample:		1589.97 time, 1590.01 real, 808 MB
[runlim] sample:		1599.98 time, 1600.01 real, 821 MB
[runlim] sample:		1609.97 time, 1610.01 real, 821 MB
[runlim] sample:		1619.97 time, 1620.01 real, 821 MB
[runlim] sample:		1629.98 time, 1630.01 real, 821 MB
[runlim] sample:		1639.97 time, 1640.01 real, 821 MB
[runlim] sample:		1649.97 time, 1650.01 real, 821 MB
[runlim] sample:		1659.98 time, 1660.01 real, 821 MB
[runlim] sample:		1669.98 time, 1670.01 real, 821 MB
[runlim] sample:		1679.97 time, 1680.01 real, 826 MB
[runlim] sample:		1689.98 time, 1690.01 real, 826 MB
[runlim] sample:		1699.98 time, 1700.01 real, 826 MB
[runlim] sample:		1709.98 time, 1710.01 real, 828 MB
[runlim] sample:		1719.97 time, 1720.01 real, 828 MB
[runlim] sample:		1729.98 time, 1730.01 real, 828 MB
[runlim] sample:		1739.98 time, 1740.01 real, 828 MB
[runlim] sample:		1749.98 time, 1750.01 real, 828 MB
[runlim] sample:		1759.98 time, 1760.01 real, 829 MB
[runlim] sample:		1769.98 time, 1770.01 real, 829 MB
[runlim] sample:		1779.97 time, 1780.01 real, 829 MB
[runlim] sample:		1789.98 time, 1790.01 real, 829 MB
[runlim] sample:		1799.98 time, 1800.01 real, 829 MB
[runlim] sample:		1809.98 time, 1810.01 real, 829 MB
[runlim] sample:		1819.98 time, 1820.01 real, 829 MB
[runlim] sample:		1829.97 time, 1830.01 real, 829 MB
[runlim] sample:		1839.98 time, 1840.01 real, 829 MB
[runlim] sample:		1849.98 time, 1850.01 real, 829 MB
[runlim] sample:		1859.97 time, 1860.01 real, 829 MB
[runlim] sample:		1869.98 time, 1870.01 real, 829 MB
[runlim] sample:		1879.98 time, 1880.01 real, 829 MB
[runlim] sample:		1889.97 time, 1890.01 real, 832 MB
[runlim] sample:		1899.98 time, 1900.02 real, 832 MB
[runlim] sample:		1909.98 time, 1910.01 real, 832 MB
[runlim] sample:		1919.98 time, 1920.01 real, 832 MB
[runlim] sample:		1929.97 time, 1930.01 real, 832 MB
[runlim] sample:		1939.98 time, 1940.01 real, 855 MB
[runlim] sample:		1949.97 time, 1950.01 real, 855 MB
[runlim] sample:		1959.98 time, 1960.01 real, 855 MB
[runlim] sample:		1969.98 time, 1970.01 real, 855 MB
[runlim] sample:		1979.97 time, 1980.01 real, 855 MB
[runlim] sample:		1989.98 time, 1990.01 real, 730 MB
[runlim] sample:		1999.98 time, 2000.01 real, 783 MB
[runlim] sample:		2009.98 time, 2010.01 real, 816 MB
[runlim] sample:		2019.98 time, 2020.01 real, 830 MB
[runlim] sample:		2029.98 time, 2030.02 real, 746 MB
[runlim] sample:		2039.97 time, 2040.01 real, 752 MB
[runlim] sample:		2049.97 time, 2050.01 real, 752 MB
[runlim] sample:		2059.97 time, 2060.01 real, 752 MB
[runlim] sample:		2069.98 time, 2070.01 real, 752 MB
[runlim] sample:		2079.98 time, 2080.01 real, 826 MB
[runlim] sample:		2089.97 time, 2090.01 real, 826 MB
[runlim] sample:		2099.97 time, 2100.01 real, 826 MB
[runlim] sample:		2109.98 time, 2110.01 real, 826 MB
[runlim] sample:		2119.98 time, 2120.01 real, 826 MB
[runlim] sample:		2129.98 time, 2130.01 real, 826 MB
[runlim] sample:		2139.98 time, 2140.01 real, 826 MB
[runlim] sample:		2149.97 time, 2150.01 real, 826 MB
[runlim] sample:		2159.97 time, 2160.01 real, 826 MB
[runlim] sample:		2169.98 time, 2170.01 real, 826 MB
[runlim] sample:		2179.98 time, 2180.02 real, 826 MB
[runlim] sample:		2189.97 time, 2190.01 real, 826 MB
[runlim] sample:		2199.97 time, 2200.01 real, 826 MB
[runlim] sample:		2209.98 time, 2210.01 real, 826 MB
[runlim] sample:		2219.98 time, 2220.01 real, 771 MB
[runlim] sample:		2229.98 time, 2230.01 real, 811 MB
[runlim] sample:		2239.98 time, 2240.01 real, 811 MB
[runlim] sample:		2249.98 time, 2250.02 real, 811 MB
[runlim] sample:		2259.97 time, 2260.01 real, 825 MB
[runlim] sample:		2269.98 time, 2270.01 real, 855 MB
[runlim] sample:		2279.98 time, 2280.01 real, 855 MB
[runlim] sample:		2289.97 time, 2290.01 real, 855 MB
[runlim] sample:		2299.97 time, 2300.01 real, 855 MB
[runlim] sample:		2309.98 time, 2310.01 real, 855 MB
[runlim] sample:		2319.98 time, 2320.01 real, 855 MB
[runlim] sample:		2329.97 time, 2330.01 real, 855 MB
[runlim] sample:		2339.98 time, 2340.02 real, 852 MB
[runlim] sample:		2349.97 time, 2350.01 real, 772 MB
[runlim] sample:		2359.97 time, 2360.01 real, 772 MB
[runlim] sample:		2369.98 time, 2370.01 real, 828 MB
[runlim] sample:		2379.98 time, 2380.01 real, 828 MB
[runlim] sample:		2389.98 time, 2390.01 real, 828 MB
[runlim] sample:		2399.98 time, 2400.01 real, 828 MB
[runlim] sample:		2409.97 time, 2410.01 real, 828 MB
[runlim] sample:		2419.97 time, 2420.01 real, 873 MB
[runlim] sample:		2429.98 time, 2430.01 real, 873 MB
[runlim] sample:		2439.98 time, 2440.01 real, 873 MB
[runlim] sample:		2449.98 time, 2450.01 real, 910 MB
[runlim] sample:		2459.98 time, 2460.01 real, 910 MB
[runlim] sample:		2469.98 time, 2470.01 real, 910 MB
[runlim] sample:		2479.98 time, 2480.01 real, 910 MB
[runlim] sample:		2489.97 time, 2490.01 real, 910 MB
[runlim] sample:		2499.98 time, 2500.01 real, 804 MB
[runlim] sample:		2509.98 time, 2510.01 real, 804 MB
[runlim] sample:		2519.98 time, 2520.01 real, 889 MB
[runlim] sample:		2529.98 time, 2530.01 real, 889 MB
[runlim] sample:		2539.98 time, 2540.01 real, 889 MB
[runlim] sample:		2549.97 time, 2550.01 real, 890 MB
[runlim] sample:		2559.98 time, 2560.01 real, 890 MB
[runlim] sample:		2569.97 time, 2570.01 real, 890 MB
[runlim] sample:		2579.97 time, 2580.01 real, 890 MB
[runlim] sample:		2589.98 time, 2590.01 real, 891 MB
[runlim] sample:		2599.97 time, 2600.01 real, 891 MB
[runlim] sample:		2609.97 time, 2610.01 real, 892 MB
[runlim] sample:		2619.98 time, 2620.01 real, 892 MB
[runlim] sample:		2629.98 time, 2630.01 real, 892 MB
[runlim] sample:		2639.97 time, 2640.01 real, 892 MB
[runlim] sample:		2649.97 time, 2650.01 real, 892 MB
[runlim] sample:		2659.98 time, 2660.01 real, 892 MB
[runlim] sample:		2669.98 time, 2670.01 real, 892 MB
[runlim] sample:		2679.97 time, 2680.01 real, 892 MB
[runlim] sample:		2689.97 time, 2690.01 real, 1121 MB
[runlim] sample:		2699.97 time, 2700.01 real, 1111 MB
[runlim] sample:		2709.98 time, 2710.01 real, 1145 MB
[runlim] sample:		2719.97 time, 2720.01 real, 1212 MB
[runlim] sample:		2729.97 time, 2730.01 real, 1246 MB
[runlim] sample:		2739.97 time, 2740.01 real, 1258 MB
[runlim] sample:		2749.97 time, 2750.01 real, 1258 MB
[runlim] sample:		2759.97 time, 2760.01 real, 1258 MB
[runlim] sample:		2769.98 time, 2770.01 real, 1259 MB
[runlim] sample:		2779.97 time, 2780.01 real, 1259 MB
[runlim] sample:		2789.97 time, 2790.01 real, 1259 MB
[runlim] sample:		2799.98 time, 2800.01 real, 1259 MB
[runlim] sample:		2809.98 time, 2810.01 real, 958 MB
[runlim] sample:		2819.97 time, 2820.01 real, 836 MB
[runlim] sample:		2829.97 time, 2830.01 real, 867 MB
[runlim] sample:		2839.98 time, 2840.01 real, 867 MB
[runlim] sample:		2849.98 time, 2850.01 real, 867 MB
[runlim] sample:		2859.97 time, 2860.01 real, 867 MB
[runlim] sample:		2869.97 time, 2870.01 real, 867 MB
[runlim] sample:		2879.98 time, 2880.01 real, 867 MB
[runlim] sample:		2889.98 time, 2890.02 real, 867 MB
[runlim] sample:		2899.97 time, 2900.01 real, 867 MB
[runlim] sample:		2909.97 time, 2910.01 real, 867 MB
[runlim] sample:		2919.98 time, 2920.01 real, 867 MB
[runlim] sample:		2929.97 time, 2930.01 real, 868 MB
[runlim] sample:		2939.98 time, 2940.01 real, 932 MB
[runlim] sample:		2949.97 time, 2950.01 real, 964 MB
[runlim] sample:		2959.97 time, 2960.01 real, 964 MB
[runlim] sample:		2969.98 time, 2970.01 real, 965 MB
[runlim] sample:		2979.97 time, 2980.01 real, 981 MB
[runlim] sample:		2989.97 time, 2990.01 real, 981 MB
[runlim] sample:		2999.97 time, 3000.01 real, 981 MB
[runlim] sample:		3009.97 time, 3010.01 real, 1030 MB
[runlim] sample:		3019.97 time, 3020.01 real, 862 MB
[runlim] sample:		3029.98 time, 3030.01 real, 926 MB
[runlim] sample:		3039.97 time, 3040.01 real, 926 MB
[runlim] sample:		3049.97 time, 3050.01 real, 927 MB
[runlim] sample:		3059.97 time, 3060.01 real, 927 MB
[runlim] sample:		3069.97 time, 3070.01 real, 863 MB
[runlim] sample:		3079.97 time, 3080.01 real, 864 MB
[runlim] sample:		3089.98 time, 3090.01 real, 929 MB
[runlim] sample:		3099.97 time, 3100.01 real, 929 MB
[runlim] sample:		3109.97 time, 3110.01 real, 929 MB
[runlim] sample:		3119.97 time, 3120.01 real, 929 MB
[runlim] sample:		3129.97 time, 3130.01 real, 930 MB
[runlim] sample:		3139.97 time, 3140.01 real, 930 MB
[runlim] sample:		3149.97 time, 3150.01 real, 866 MB
[runlim] sample:		3159.97 time, 3160.01 real, 866 MB
[runlim] sample:		3169.97 time, 3170.01 real, 932 MB
[runlim] sample:		3179.98 time, 3180.01 real, 933 MB
[runlim] sample:		3189.97 time, 3190.01 real, 933 MB
[runlim] sample:		3199.97 time, 3200.01 real, 933 MB
[runlim] sample:		3209.97 time, 3210.01 real, 870 MB
[runlim] sample:		3219.97 time, 3220.01 real, 870 MB
[runlim] sample:		3229.97 time, 3230.01 real, 870 MB
[runlim] sample:		3239.97 time, 3240.01 real, 936 MB
[runlim] sample:		3249.97 time, 3250.01 real, 936 MB
[runlim] sample:		3259.97 time, 3260.01 real, 937 MB
[runlim] sample:		3269.97 time, 3270.01 real, 937 MB
[runlim] sample:		3279.97 time, 3280.01 real, 937 MB
[runlim] sample:		3289.97 time, 3290.01 real, 937 MB
[runlim] sample:		3299.97 time, 3300.01 real, 937 MB
[runlim] sample:		3309.97 time, 3310.01 real, 937 MB
[runlim] sample:		3319.97 time, 3320.01 real, 1161 MB
[runlim] sample:		3329.97 time, 3330.01 real, 1161 MB
[runlim] sample:		3339.97 time, 3340.01 real, 1161 MB
[runlim] sample:		3349.97 time, 3350.01 real, 1161 MB
[runlim] sample:		3359.97 time, 3360.01 real, 938 MB
[runlim] sample:		3369.97 time, 3370.01 real, 938 MB
[runlim] sample:		3379.97 time, 3380.01 real, 938 MB
[runlim] sample:		3389.97 time, 3390.01 real, 938 MB
[runlim] sample:		3399.97 time, 3400.01 real, 938 MB
[runlim] sample:		3409.97 time, 3410.01 real, 872 MB
[runlim] sample:		3419.97 time, 3420.01 real, 873 MB
[runlim] sample:		3429.97 time, 3430.01 real, 939 MB
[runlim] sample:		3439.97 time, 3440.01 real, 940 MB
[runlim] sample:		3449.97 time, 3450.01 real, 940 MB
[runlim] sample:		3459.97 time, 3460.01 real, 940 MB
[runlim] sample:		3469.97 time, 3470.01 real, 940 MB
[runlim] sample:		3479.97 time, 3480.01 real, 941 MB
[runlim] sample:		3489.97 time, 3490.01 real, 941 MB
[runlim] sample:		3499.97 time, 3500.02 real, 941 MB
[runlim] sample:		3509.97 time, 3510.01 real, 941 MB
[runlim] sample:		3519.97 time, 3520.01 real, 876 MB
[runlim] sample:		3529.97 time, 3530.01 real, 876 MB
[runlim] sample:		3539.97 time, 3540.01 real, 944 MB
[runlim] sample:		3549.97 time, 3550.01 real, 944 MB
[runlim] sample:		3559.97 time, 3560.01 real, 944 MB
[runlim] sample:		3569.96 time, 3570.01 real, 944 MB
[runlim] sample:		3579.97 time, 3580.01 real, 878 MB
[runlim] sample:		3589.97 time, 3590.01 real, 878 MB
[runlim] sample:		3599.96 time, 3600.01 real, 878 MB
[runlim] end:			Thu Oct 17 14:38:49 2019
[runlim] status:		out of time
[runlim] result:		2
[runlim] children:		3
[runlim] real:			3600.10 seconds
[runlim] time:			3599.96 seconds
[runlim] space:			1394 MB
[runlim] samples:		36000
