[runlim] version:		1.17
[runlim] host:			c3n25
[runlim] time limit:		311040000 seconds
[runlim] real time limit:	3600 seconds
[runlim] space limit:		120000 MB
[runlim] argv[0]:		./run-conps-btormc-no-thp.sh
[runlim] argv[1]:		/tmp/QeFDDdtH.btor2
[runlim] start:			Thu Oct 17 14:12:35 2019
[runlim] child:			19624
warning: unsupported tag 'output'
warning: unsupported tag 'output'
warning: unsupported tag 'output'
[runlim] sample:		9.99 time, 10.01 real, 27 MB
[runlim] sample:		19.99 time, 20.01 real, 32 MB
[runlim] end:			Thu Oct 17 14:13:05 2019
[runlim] status:		ok
[runlim] result:		0
[runlim] children:		3
[runlim] real:			29.88 seconds
[runlim] time:			29.78 seconds
[runlim] space:			40 MB
[runlim] samples:		298
