[runlim] version:		1.17
[runlim] host:			c3n01
[runlim] time limit:		311040000 seconds
[runlim] real time limit:	3600 seconds
[runlim] space limit:		120000 MB
[runlim] argv[0]:		./run-conps-btormc-no-thp.sh
[runlim] argv[1]:		/tmp/8cpDYBhB.btor
[runlim] start:			Thu Oct 17 16:44:44 2019
[runlim] child:			11426
[runlim] sample:		9.98 time, 10.02 real, 53 MB
[runlim] sample:		19.99 time, 20.02 real, 74 MB
[runlim] sample:		29.99 time, 30.02 real, 103 MB
[runlim] sample:		39.98 time, 40.01 real, 114 MB
[runlim] sample:		49.99 time, 50.01 real, 143 MB
[runlim] sample:		59.99 time, 60.02 real, 168 MB
[runlim] sample:		69.98 time, 70.02 real, 178 MB
[runlim] sample:		79.99 time, 80.02 real, 195 MB
[runlim] sample:		89.98 time, 90.02 real, 202 MB
[runlim] sample:		99.98 time, 100.02 real, 223 MB
[runlim] sample:		109.98 time, 110.01 real, 224 MB
[runlim] sample:		119.98 time, 120.02 real, 225 MB
[runlim] sample:		129.98 time, 130.02 real, 236 MB
[runlim] sample:		139.99 time, 140.01 real, 268 MB
[runlim] sample:		149.99 time, 150.02 real, 269 MB
[runlim] sample:		159.98 time, 160.02 real, 269 MB
[runlim] sample:		169.98 time, 170.02 real, 269 MB
[runlim] sample:		179.98 time, 180.02 real, 290 MB
[runlim] sample:		189.99 time, 190.02 real, 291 MB
[runlim] sample:		199.99 time, 200.02 real, 294 MB
[runlim] sample:		209.98 time, 210.02 real, 319 MB
[runlim] sample:		219.99 time, 220.02 real, 329 MB
[runlim] sample:		229.98 time, 230.02 real, 345 MB
[runlim] sample:		239.98 time, 240.02 real, 354 MB
[runlim] sample:		249.99 time, 250.02 real, 357 MB
[runlim] sample:		259.99 time, 260.02 real, 358 MB
[runlim] sample:		269.99 time, 270.02 real, 359 MB
[runlim] sample:		279.99 time, 280.01 real, 359 MB
[runlim] sample:		289.99 time, 290.02 real, 359 MB
[runlim] sample:		299.98 time, 300.02 real, 376 MB
[runlim] sample:		309.99 time, 310.01 real, 390 MB
[runlim] sample:		319.99 time, 320.01 real, 391 MB
[runlim] sample:		329.98 time, 330.01 real, 395 MB
[runlim] sample:		339.98 time, 340.01 real, 396 MB
[runlim] sample:		349.99 time, 350.01 real, 405 MB
[runlim] sample:		359.98 time, 360.02 real, 420 MB
[runlim] sample:		369.98 time, 370.02 real, 425 MB
[runlim] sample:		379.98 time, 380.01 real, 431 MB
[runlim] sample:		389.98 time, 390.02 real, 431 MB
[runlim] sample:		399.98 time, 400.02 real, 431 MB
[runlim] sample:		409.98 time, 410.02 real, 431 MB
[runlim] sample:		419.99 time, 420.02 real, 436 MB
[runlim] sample:		429.99 time, 430.02 real, 437 MB
[runlim] sample:		439.99 time, 440.02 real, 437 MB
[runlim] sample:		449.99 time, 450.02 real, 437 MB
[runlim] sample:		459.99 time, 460.02 real, 451 MB
[runlim] sample:		469.99 time, 470.02 real, 451 MB
[runlim] sample:		479.98 time, 480.02 real, 469 MB
[runlim] sample:		489.98 time, 490.02 real, 469 MB
[runlim] sample:		499.98 time, 500.02 real, 469 MB
[runlim] sample:		509.98 time, 510.02 real, 469 MB
[runlim] sample:		519.98 time, 520.02 real, 469 MB
[runlim] sample:		529.98 time, 530.02 real, 519 MB
[runlim] sample:		539.98 time, 540.02 real, 530 MB
[runlim] sample:		549.99 time, 550.01 real, 530 MB
[runlim] sample:		559.98 time, 560.02 real, 530 MB
[runlim] sample:		569.98 time, 570.02 real, 530 MB
[runlim] sample:		579.98 time, 580.02 real, 530 MB
[runlim] sample:		589.98 time, 590.02 real, 530 MB
[runlim] sample:		599.98 time, 600.01 real, 549 MB
[runlim] sample:		609.99 time, 610.02 real, 561 MB
[runlim] sample:		619.98 time, 620.02 real, 561 MB
[runlim] sample:		629.99 time, 630.02 real, 600 MB
[runlim] sample:		639.99 time, 640.01 real, 583 MB
[runlim] sample:		649.99 time, 650.01 real, 621 MB
[runlim] sample:		659.98 time, 660.02 real, 635 MB
[runlim] sample:		669.99 time, 670.02 real, 599 MB
[runlim] sample:		679.98 time, 680.02 real, 654 MB
[runlim] sample:		689.98 time, 690.02 real, 654 MB
[runlim] sample:		699.98 time, 700.02 real, 654 MB
[runlim] sample:		709.99 time, 710.01 real, 663 MB
[runlim] sample:		719.99 time, 720.02 real, 664 MB
[runlim] sample:		729.99 time, 730.02 real, 664 MB
[runlim] sample:		739.99 time, 740.02 real, 664 MB
[runlim] sample:		749.99 time, 750.02 real, 685 MB
[runlim] sample:		759.98 time, 760.02 real, 688 MB
[runlim] sample:		769.99 time, 770.02 real, 688 MB
[runlim] sample:		779.98 time, 780.02 real, 719 MB
[runlim] sample:		789.98 time, 790.01 real, 720 MB
[runlim] sample:		799.98 time, 800.01 real, 754 MB
[runlim] sample:		809.98 time, 810.02 real, 754 MB
[runlim] sample:		819.99 time, 820.02 real, 768 MB
[runlim] sample:		829.99 time, 830.02 real, 794 MB
[runlim] sample:		839.99 time, 840.02 real, 824 MB
[runlim] sample:		849.98 time, 850.02 real, 851 MB
[runlim] sample:		859.99 time, 860.02 real, 884 MB
[runlim] sample:		869.98 time, 870.01 real, 887 MB
[runlim] sample:		879.98 time, 880.02 real, 887 MB
[runlim] sample:		889.99 time, 890.02 real, 887 MB
[runlim] sample:		899.99 time, 900.02 real, 895 MB
[runlim] sample:		909.99 time, 910.02 real, 895 MB
[runlim] sample:		919.99 time, 920.02 real, 903 MB
[runlim] sample:		929.98 time, 930.02 real, 948 MB
[runlim] sample:		939.98 time, 940.02 real, 961 MB
[runlim] sample:		949.99 time, 950.02 real, 961 MB
[runlim] sample:		959.99 time, 960.02 real, 961 MB
[runlim] sample:		969.98 time, 970.02 real, 977 MB
[runlim] sample:		979.99 time, 980.02 real, 981 MB
[runlim] sample:		989.99 time, 990.02 real, 981 MB
[runlim] sample:		999.99 time, 1000.02 real, 981 MB
[runlim] sample:		1009.98 time, 1010.02 real, 982 MB
[runlim] sample:		1019.99 time, 1020.02 real, 982 MB
[runlim] sample:		1029.99 time, 1030.02 real, 930 MB
[runlim] sample:		1039.98 time, 1040.02 real, 1019 MB
[runlim] sample:		1049.98 time, 1050.02 real, 950 MB
[runlim] sample:		1059.99 time, 1060.01 real, 1006 MB
[runlim] sample:		1069.98 time, 1070.01 real, 1028 MB
[runlim] sample:		1079.99 time, 1080.02 real, 1042 MB
[runlim] sample:		1089.99 time, 1090.02 real, 1073 MB
[runlim] sample:		1099.99 time, 1100.02 real, 1073 MB
[runlim] sample:		1109.98 time, 1110.02 real, 1073 MB
[runlim] sample:		1119.99 time, 1120.02 real, 1096 MB
[runlim] sample:		1129.99 time, 1130.02 real, 1096 MB
[runlim] sample:		1139.99 time, 1140.02 real, 1096 MB
[runlim] sample:		1149.99 time, 1150.02 real, 1160 MB
[runlim] sample:		1159.98 time, 1160.02 real, 1170 MB
[runlim] sample:		1169.99 time, 1170.02 real, 1178 MB
[runlim] sample:		1179.99 time, 1180.01 real, 1182 MB
[runlim] sample:		1189.98 time, 1190.02 real, 1182 MB
[runlim] sample:		1199.99 time, 1200.02 real, 1182 MB
[runlim] sample:		1209.99 time, 1210.02 real, 1182 MB
[runlim] sample:		1219.99 time, 1220.02 real, 1182 MB
[runlim] sample:		1229.98 time, 1230.02 real, 1182 MB
[runlim] sample:		1239.98 time, 1240.02 real, 1182 MB
[runlim] sample:		1249.99 time, 1250.02 real, 1182 MB
[runlim] sample:		1259.99 time, 1260.01 real, 1197 MB
[runlim] sample:		1269.99 time, 1270.02 real, 1197 MB
[runlim] sample:		1279.99 time, 1280.02 real, 1333 MB
[runlim] sample:		1289.99 time, 1290.02 real, 1333 MB
[runlim] sample:		1299.98 time, 1300.02 real, 1197 MB
[runlim] sample:		1309.98 time, 1310.02 real, 1197 MB
[runlim] sample:		1319.99 time, 1320.02 real, 1197 MB
[runlim] sample:		1329.98 time, 1330.01 real, 1197 MB
[runlim] sample:		1339.99 time, 1340.02 real, 1202 MB
[runlim] sample:		1349.99 time, 1350.02 real, 1203 MB
[runlim] sample:		1359.98 time, 1360.02 real, 1235 MB
[runlim] sample:		1369.98 time, 1370.02 real, 1236 MB
[runlim] sample:		1379.99 time, 1380.02 real, 1254 MB
[runlim] sample:		1389.98 time, 1390.02 real, 1221 MB
[runlim] sample:		1399.99 time, 1400.01 real, 1209 MB
[runlim] sample:		1409.99 time, 1410.02 real, 1217 MB
[runlim] sample:		1419.98 time, 1420.02 real, 1236 MB
[runlim] sample:		1429.99 time, 1430.02 real, 1298 MB
[runlim] sample:		1439.99 time, 1440.02 real, 1298 MB
[runlim] sample:		1449.99 time, 1450.02 real, 1298 MB
[runlim] sample:		1459.99 time, 1460.02 real, 1375 MB
[runlim] sample:		1469.98 time, 1470.02 real, 1298 MB
[runlim] sample:		1479.99 time, 1480.02 real, 1298 MB
[runlim] sample:		1489.99 time, 1490.02 real, 1298 MB
[runlim] sample:		1499.99 time, 1500.02 real, 1345 MB
[runlim] sample:		1509.99 time, 1510.02 real, 1345 MB
[runlim] end:			Thu Oct 17 17:10:02 2019
[runlim] status:		ok
[runlim] result:		0
[runlim] children:		3
[runlim] real:			1518.22 seconds
[runlim] time:			1518.09 seconds
[runlim] space:			1440 MB
[runlim] samples:		15182
