[runlim] version:		1.17
[runlim] host:			c3n10
[runlim] time limit:		311040000 seconds
[runlim] real time limit:	3600 seconds
[runlim] space limit:		120000 MB
[runlim] argv[0]:		./run-conps-btormc-no-thp.sh
[runlim] argv[1]:		/tmp/qOMdyN19.btor
[runlim] start:			Thu Oct 17 17:33:46 2019
[runlim] child:			1843
[runlim] sample:		9.98 time, 10.01 real, 57 MB
[runlim] sample:		19.98 time, 20.02 real, 92 MB
[runlim] sample:		29.98 time, 30.02 real, 113 MB
[runlim] sample:		39.98 time, 40.01 real, 132 MB
[runlim] sample:		49.99 time, 50.02 real, 160 MB
[runlim] sample:		59.98 time, 60.01 real, 179 MB
[runlim] sample:		69.98 time, 70.02 real, 212 MB
[runlim] sample:		79.98 time, 80.02 real, 217 MB
[runlim] sample:		89.98 time, 90.02 real, 231 MB
[runlim] sample:		99.98 time, 100.02 real, 246 MB
[runlim] sample:		109.98 time, 110.02 real, 257 MB
[runlim] sample:		119.98 time, 120.02 real, 267 MB
[runlim] sample:		129.99 time, 130.01 real, 302 MB
[runlim] sample:		139.98 time, 140.02 real, 328 MB
[runlim] sample:		149.98 time, 150.02 real, 336 MB
[runlim] sample:		159.98 time, 160.02 real, 361 MB
[runlim] sample:		169.98 time, 170.01 real, 377 MB
[runlim] sample:		179.98 time, 180.02 real, 380 MB
[runlim] sample:		189.98 time, 190.02 real, 380 MB
[runlim] sample:		199.98 time, 200.02 real, 383 MB
[runlim] sample:		209.98 time, 210.02 real, 384 MB
[runlim] sample:		219.98 time, 220.01 real, 417 MB
[runlim] sample:		229.98 time, 230.02 real, 422 MB
[runlim] sample:		239.98 time, 240.02 real, 429 MB
[runlim] sample:		249.98 time, 250.01 real, 452 MB
[runlim] sample:		259.98 time, 260.01 real, 465 MB
[runlim] sample:		269.98 time, 270.02 real, 533 MB
[runlim] sample:		279.98 time, 280.01 real, 569 MB
[runlim] sample:		289.98 time, 290.02 real, 583 MB
[runlim] sample:		299.98 time, 300.02 real, 632 MB
[runlim] sample:		309.98 time, 310.02 real, 633 MB
[runlim] sample:		319.98 time, 320.02 real, 633 MB
[runlim] sample:		329.98 time, 330.02 real, 689 MB
[runlim] sample:		339.98 time, 340.02 real, 735 MB
[runlim] sample:		349.98 time, 350.02 real, 803 MB
[runlim] sample:		359.98 time, 360.02 real, 821 MB
[runlim] sample:		369.98 time, 370.02 real, 867 MB
[runlim] sample:		379.97 time, 380.02 real, 888 MB
[runlim] sample:		389.98 time, 390.02 real, 929 MB
[runlim] sample:		399.98 time, 400.02 real, 969 MB
[runlim] sample:		409.97 time, 410.02 real, 998 MB
[runlim] sample:		419.98 time, 420.01 real, 1000 MB
[runlim] sample:		429.98 time, 430.02 real, 1015 MB
[runlim] sample:		439.98 time, 440.01 real, 991 MB
[runlim] sample:		449.97 time, 450.02 real, 1084 MB
[runlim] sample:		459.98 time, 460.02 real, 1117 MB
[runlim] sample:		469.97 time, 470.02 real, 1130 MB
[runlim] sample:		479.98 time, 480.02 real, 1172 MB
[runlim] sample:		489.97 time, 490.02 real, 1198 MB
[runlim] sample:		499.98 time, 500.02 real, 1228 MB
[runlim] sample:		509.97 time, 510.02 real, 1247 MB
[runlim] end:			Thu Oct 17 17:42:19 2019
[runlim] status:		ok
[runlim] result:		0
[runlim] children:		3
[runlim] real:			512.49 seconds
[runlim] time:			512.38 seconds
[runlim] space:			1261 MB
[runlim] samples:		5124
