[runlim] version:		1.17
[runlim] host:			c3n09
[runlim] time limit:		311040000 seconds
[runlim] real time limit:	3600 seconds
[runlim] space limit:		120000 MB
[runlim] argv[0]:		./run-conps-btormc-no-thp.sh
[runlim] argv[1]:		/tmp/zaEhmGQm.btor
[runlim] start:			Thu Oct 17 15:58:37 2019
[runlim] child:			17857
[runlim] sample:		9.98 time, 10.01 real, 90 MB
[runlim] sample:		19.98 time, 20.02 real, 131 MB
[runlim] sample:		29.99 time, 30.02 real, 136 MB
[runlim] sample:		39.99 time, 40.02 real, 136 MB
[runlim] sample:		49.99 time, 50.02 real, 136 MB
[runlim] sample:		59.99 time, 60.02 real, 170 MB
[runlim] sample:		69.99 time, 70.02 real, 170 MB
[runlim] sample:		79.99 time, 80.01 real, 170 MB
[runlim] sample:		89.99 time, 90.01 real, 170 MB
[runlim] sample:		99.99 time, 100.02 real, 178 MB
[runlim] sample:		109.98 time, 110.02 real, 244 MB
[runlim] sample:		119.98 time, 120.02 real, 244 MB
[runlim] sample:		129.98 time, 130.01 real, 244 MB
[runlim] sample:		139.98 time, 140.02 real, 244 MB
[runlim] sample:		149.98 time, 150.01 real, 244 MB
[runlim] sample:		159.98 time, 160.01 real, 244 MB
[runlim] sample:		169.98 time, 170.01 real, 244 MB
[runlim] sample:		179.99 time, 180.02 real, 178 MB
[runlim] sample:		189.99 time, 190.02 real, 178 MB
[runlim] end:			Thu Oct 17 16:01:48 2019
[runlim] status:		ok
[runlim] result:		0
[runlim] children:		3
[runlim] real:			190.56 seconds
[runlim] time:			190.49 seconds
[runlim] space:			244 MB
[runlim] samples:		1905
