[runlim] version:		1.17
[runlim] host:			c3n22
[runlim] time limit:		311040000 seconds
[runlim] real time limit:	3600 seconds
[runlim] space limit:		120000 MB
[runlim] argv[0]:		./run-conps-btormc-no-thp.sh
[runlim] argv[1]:		/tmp/CIxTdZM3.btor
[runlim] start:			Thu Oct 17 17:02:55 2019
[runlim] child:			13493
[runlim] sample:		9.98 time, 10.01 real, 56 MB
[runlim] sample:		19.98 time, 20.02 real, 78 MB
[runlim] sample:		29.98 time, 30.02 real, 99 MB
[runlim] sample:		39.99 time, 40.01 real, 111 MB
[runlim] sample:		49.99 time, 50.01 real, 120 MB
[runlim] sample:		59.98 time, 60.01 real, 131 MB
[runlim] sample:		69.98 time, 70.01 real, 137 MB
[runlim] sample:		79.98 time, 80.01 real, 150 MB
[runlim] sample:		89.98 time, 90.02 real, 150 MB
[runlim] sample:		99.98 time, 100.01 real, 153 MB
[runlim] sample:		109.99 time, 110.01 real, 155 MB
[runlim] sample:		119.98 time, 120.01 real, 157 MB
[runlim] sample:		129.99 time, 130.01 real, 164 MB
[runlim] sample:		139.98 time, 140.01 real, 171 MB
[runlim] sample:		149.98 time, 150.01 real, 175 MB
[runlim] sample:		159.97 time, 160.01 real, 187 MB
[runlim] sample:		169.98 time, 170.01 real, 188 MB
[runlim] sample:		179.98 time, 180.01 real, 188 MB
[runlim] sample:		189.98 time, 190.01 real, 189 MB
[runlim] sample:		199.98 time, 200.01 real, 192 MB
[runlim] sample:		209.98 time, 210.01 real, 192 MB
[runlim] sample:		219.98 time, 220.01 real, 208 MB
[runlim] sample:		229.98 time, 230.01 real, 208 MB
[runlim] sample:		239.98 time, 240.01 real, 208 MB
[runlim] sample:		249.98 time, 250.01 real, 208 MB
[runlim] sample:		259.98 time, 260.01 real, 209 MB
[runlim] sample:		269.98 time, 270.01 real, 209 MB
[runlim] sample:		279.98 time, 280.01 real, 211 MB
[runlim] sample:		289.98 time, 290.01 real, 211 MB
[runlim] sample:		299.98 time, 300.01 real, 211 MB
[runlim] sample:		309.98 time, 310.01 real, 212 MB
[runlim] sample:		319.98 time, 320.01 real, 212 MB
[runlim] sample:		329.98 time, 330.01 real, 212 MB
[runlim] sample:		339.98 time, 340.01 real, 212 MB
[runlim] sample:		349.98 time, 350.01 real, 212 MB
[runlim] sample:		359.98 time, 360.01 real, 233 MB
[runlim] sample:		369.97 time, 370.01 real, 228 MB
[runlim] sample:		379.97 time, 380.01 real, 228 MB
[runlim] sample:		389.97 time, 390.01 real, 228 MB
[runlim] sample:		399.97 time, 400.01 real, 228 MB
[runlim] sample:		409.97 time, 410.01 real, 228 MB
[runlim] sample:		419.97 time, 420.01 real, 228 MB
[runlim] sample:		429.97 time, 430.01 real, 228 MB
[runlim] sample:		439.97 time, 440.01 real, 228 MB
[runlim] sample:		449.97 time, 450.01 real, 228 MB
[runlim] sample:		459.97 time, 460.01 real, 236 MB
[runlim] sample:		469.97 time, 470.01 real, 236 MB
[runlim] sample:		479.97 time, 480.01 real, 236 MB
[runlim] sample:		489.97 time, 490.01 real, 236 MB
[runlim] sample:		499.97 time, 500.01 real, 236 MB
[runlim] sample:		509.97 time, 510.01 real, 236 MB
[runlim] sample:		519.97 time, 520.01 real, 236 MB
[runlim] sample:		529.97 time, 530.01 real, 236 MB
[runlim] sample:		539.97 time, 540.01 real, 236 MB
[runlim] sample:		549.97 time, 550.01 real, 236 MB
[runlim] sample:		559.97 time, 560.01 real, 236 MB
[runlim] sample:		569.97 time, 570.01 real, 237 MB
[runlim] sample:		579.97 time, 580.01 real, 237 MB
[runlim] sample:		589.97 time, 590.01 real, 237 MB
[runlim] sample:		599.97 time, 600.01 real, 237 MB
[runlim] sample:		609.97 time, 610.01 real, 243 MB
[runlim] sample:		619.97 time, 620.01 real, 243 MB
[runlim] sample:		629.97 time, 630.01 real, 243 MB
[runlim] sample:		639.97 time, 640.01 real, 243 MB
[runlim] sample:		649.97 time, 650.01 real, 243 MB
[runlim] sample:		659.97 time, 660.01 real, 243 MB
[runlim] sample:		669.97 time, 670.01 real, 243 MB
[runlim] sample:		679.97 time, 680.01 real, 243 MB
[runlim] sample:		689.97 time, 690.01 real, 244 MB
[runlim] sample:		699.97 time, 700.01 real, 244 MB
[runlim] sample:		709.97 time, 710.01 real, 245 MB
[runlim] sample:		719.97 time, 720.01 real, 245 MB
[runlim] sample:		729.97 time, 730.01 real, 245 MB
[runlim] sample:		739.97 time, 740.01 real, 245 MB
[runlim] sample:		749.97 time, 750.01 real, 245 MB
[runlim] sample:		759.97 time, 760.01 real, 245 MB
[runlim] sample:		769.97 time, 770.01 real, 245 MB
[runlim] sample:		779.97 time, 780.01 real, 245 MB
[runlim] sample:		789.97 time, 790.01 real, 245 MB
[runlim] sample:		799.97 time, 800.01 real, 245 MB
[runlim] sample:		809.97 time, 810.01 real, 245 MB
[runlim] sample:		819.97 time, 820.01 real, 245 MB
[runlim] sample:		829.97 time, 830.01 real, 245 MB
[runlim] sample:		839.97 time, 840.01 real, 245 MB
[runlim] sample:		849.96 time, 850.01 real, 253 MB
[runlim] sample:		859.96 time, 860.01 real, 253 MB
[runlim] sample:		869.96 time, 870.01 real, 253 MB
[runlim] sample:		879.96 time, 880.01 real, 253 MB
[runlim] sample:		889.96 time, 890.01 real, 253 MB
[runlim] sample:		899.96 time, 900.01 real, 253 MB
[runlim] sample:		909.96 time, 910.01 real, 253 MB
[runlim] sample:		919.96 time, 920.01 real, 253 MB
[runlim] sample:		929.96 time, 930.01 real, 253 MB
[runlim] sample:		939.96 time, 940.01 real, 253 MB
[runlim] sample:		949.96 time, 950.01 real, 253 MB
[runlim] sample:		959.96 time, 960.01 real, 254 MB
[runlim] sample:		969.96 time, 970.01 real, 255 MB
[runlim] sample:		979.96 time, 980.01 real, 255 MB
[runlim] sample:		989.96 time, 990.01 real, 255 MB
[runlim] sample:		999.96 time, 1000.01 real, 255 MB
[runlim] sample:		1009.96 time, 1010.01 real, 255 MB
[runlim] sample:		1019.96 time, 1020.01 real, 255 MB
[runlim] sample:		1029.96 time, 1030.01 real, 255 MB
[runlim] sample:		1039.96 time, 1040.01 real, 255 MB
[runlim] sample:		1049.96 time, 1050.01 real, 255 MB
[runlim] sample:		1059.96 time, 1060.01 real, 255 MB
[runlim] sample:		1069.96 time, 1070.01 real, 255 MB
[runlim] sample:		1079.96 time, 1080.01 real, 255 MB
[runlim] sample:		1089.96 time, 1090.01 real, 255 MB
[runlim] sample:		1099.96 time, 1100.01 real, 255 MB
[runlim] sample:		1109.96 time, 1110.01 real, 255 MB
[runlim] sample:		1119.96 time, 1120.01 real, 255 MB
[runlim] sample:		1129.96 time, 1130.01 real, 255 MB
[runlim] sample:		1139.96 time, 1140.01 real, 255 MB
[runlim] sample:		1149.96 time, 1150.01 real, 255 MB
[runlim] sample:		1159.96 time, 1160.01 real, 255 MB
[runlim] sample:		1169.96 time, 1170.01 real, 255 MB
[runlim] sample:		1179.96 time, 1180.01 real, 255 MB
[runlim] sample:		1189.96 time, 1190.01 real, 255 MB
[runlim] sample:		1199.96 time, 1200.01 real, 255 MB
[runlim] sample:		1209.96 time, 1210.01 real, 255 MB
[runlim] sample:		1219.96 time, 1220.01 real, 255 MB
[runlim] sample:		1229.96 time, 1230.01 real, 258 MB
[runlim] sample:		1239.96 time, 1240.01 real, 258 MB
[runlim] sample:		1249.96 time, 1250.01 real, 258 MB
[runlim] sample:		1259.96 time, 1260.01 real, 266 MB
[runlim] sample:		1269.96 time, 1270.01 real, 276 MB
[runlim] sample:		1279.96 time, 1280.01 real, 276 MB
[runlim] sample:		1289.96 time, 1290.01 real, 276 MB
[runlim] sample:		1299.96 time, 1300.01 real, 331 MB
[runlim] sample:		1309.96 time, 1310.01 real, 331 MB
[runlim] sample:		1319.96 time, 1320.01 real, 276 MB
[runlim] sample:		1329.96 time, 1330.01 real, 276 MB
[runlim] sample:		1339.96 time, 1340.01 real, 276 MB
[runlim] sample:		1349.96 time, 1350.01 real, 276 MB
[runlim] sample:		1359.96 time, 1360.01 real, 276 MB
[runlim] sample:		1369.96 time, 1370.01 real, 276 MB
[runlim] sample:		1379.96 time, 1380.01 real, 276 MB
[runlim] sample:		1389.96 time, 1390.01 real, 276 MB
[runlim] sample:		1399.96 time, 1400.01 real, 276 MB
[runlim] sample:		1409.96 time, 1410.01 real, 276 MB
[runlim] sample:		1419.96 time, 1420.01 real, 276 MB
[runlim] sample:		1429.96 time, 1430.01 real, 276 MB
[runlim] sample:		1439.95 time, 1440.01 real, 277 MB
[runlim] sample:		1449.96 time, 1450.01 real, 280 MB
[runlim] sample:		1459.96 time, 1460.01 real, 280 MB
[runlim] sample:		1469.96 time, 1470.01 real, 280 MB
[runlim] sample:		1479.96 time, 1480.01 real, 280 MB
[runlim] sample:		1489.96 time, 1490.01 real, 280 MB
[runlim] sample:		1499.96 time, 1500.01 real, 280 MB
[runlim] sample:		1509.96 time, 1510.01 real, 280 MB
[runlim] sample:		1519.96 time, 1520.01 real, 280 MB
[runlim] sample:		1529.96 time, 1530.01 real, 280 MB
[runlim] sample:		1539.96 time, 1540.01 real, 280 MB
[runlim] sample:		1549.96 time, 1550.01 real, 280 MB
[runlim] sample:		1559.96 time, 1560.01 real, 284 MB
[runlim] sample:		1569.96 time, 1570.01 real, 284 MB
[runlim] sample:		1579.96 time, 1580.01 real, 284 MB
[runlim] sample:		1589.96 time, 1590.01 real, 284 MB
[runlim] sample:		1599.96 time, 1600.01 real, 284 MB
[runlim] sample:		1609.96 time, 1610.01 real, 284 MB
[runlim] sample:		1619.96 time, 1620.01 real, 284 MB
[runlim] sample:		1629.95 time, 1630.01 real, 284 MB
[runlim] sample:		1639.95 time, 1640.01 real, 284 MB
[runlim] sample:		1649.96 time, 1650.01 real, 340 MB
[runlim] sample:		1659.96 time, 1660.01 real, 340 MB
[runlim] sample:		1669.96 time, 1670.01 real, 340 MB
[runlim] sample:		1679.95 time, 1680.01 real, 284 MB
[runlim] sample:		1689.95 time, 1690.01 real, 284 MB
[runlim] sample:		1699.95 time, 1700.01 real, 284 MB
[runlim] sample:		1709.95 time, 1710.01 real, 284 MB
[runlim] sample:		1719.96 time, 1720.01 real, 284 MB
[runlim] sample:		1729.96 time, 1730.01 real, 284 MB
[runlim] sample:		1739.95 time, 1740.01 real, 284 MB
[runlim] sample:		1749.95 time, 1750.01 real, 284 MB
[runlim] sample:		1759.95 time, 1760.01 real, 284 MB
[runlim] sample:		1769.95 time, 1770.01 real, 284 MB
[runlim] sample:		1779.95 time, 1780.02 real, 284 MB
[runlim] sample:		1789.95 time, 1790.01 real, 284 MB
[runlim] sample:		1799.95 time, 1800.02 real, 284 MB
[runlim] sample:		1809.95 time, 1810.02 real, 284 MB
[runlim] sample:		1819.95 time, 1820.02 real, 284 MB
[runlim] sample:		1829.95 time, 1830.02 real, 284 MB
[runlim] sample:		1839.95 time, 1840.02 real, 284 MB
[runlim] sample:		1849.95 time, 1850.02 real, 284 MB
[runlim] sample:		1859.95 time, 1860.02 real, 284 MB
[runlim] sample:		1869.95 time, 1870.02 real, 284 MB
[runlim] sample:		1879.95 time, 1880.01 real, 284 MB
[runlim] sample:		1889.95 time, 1890.01 real, 284 MB
[runlim] sample:		1899.95 time, 1900.01 real, 284 MB
[runlim] sample:		1909.95 time, 1910.02 real, 284 MB
[runlim] sample:		1919.95 time, 1920.02 real, 284 MB
[runlim] sample:		1929.95 time, 1930.02 real, 284 MB
[runlim] sample:		1939.95 time, 1940.02 real, 284 MB
[runlim] sample:		1949.95 time, 1950.02 real, 284 MB
[runlim] sample:		1959.95 time, 1960.02 real, 284 MB
[runlim] sample:		1969.95 time, 1970.02 real, 284 MB
[runlim] sample:		1979.95 time, 1980.02 real, 284 MB
[runlim] sample:		1989.95 time, 1990.02 real, 284 MB
[runlim] sample:		1999.95 time, 2000.02 real, 284 MB
[runlim] sample:		2009.95 time, 2010.02 real, 284 MB
[runlim] sample:		2019.95 time, 2020.02 real, 284 MB
[runlim] sample:		2029.95 time, 2030.02 real, 284 MB
[runlim] sample:		2039.95 time, 2040.02 real, 284 MB
[runlim] sample:		2049.95 time, 2050.02 real, 284 MB
[runlim] sample:		2059.95 time, 2060.02 real, 284 MB
[runlim] sample:		2069.95 time, 2070.02 real, 284 MB
[runlim] sample:		2079.95 time, 2080.02 real, 284 MB
[runlim] sample:		2089.95 time, 2090.02 real, 284 MB
[runlim] sample:		2099.95 time, 2100.02 real, 284 MB
[runlim] sample:		2109.95 time, 2110.02 real, 284 MB
[runlim] sample:		2119.95 time, 2120.02 real, 284 MB
[runlim] sample:		2129.95 time, 2130.02 real, 284 MB
[runlim] sample:		2139.95 time, 2140.02 real, 284 MB
[runlim] sample:		2149.95 time, 2150.01 real, 284 MB
[runlim] sample:		2159.95 time, 2160.02 real, 287 MB
[runlim] sample:		2169.95 time, 2170.02 real, 287 MB
[runlim] sample:		2179.95 time, 2180.01 real, 287 MB
[runlim] sample:		2189.95 time, 2190.02 real, 287 MB
[runlim] sample:		2199.95 time, 2200.02 real, 287 MB
[runlim] sample:		2209.95 time, 2210.01 real, 288 MB
[runlim] sample:		2219.95 time, 2220.02 real, 288 MB
[runlim] sample:		2229.95 time, 2230.02 real, 288 MB
[runlim] sample:		2239.95 time, 2240.02 real, 288 MB
[runlim] sample:		2249.95 time, 2250.02 real, 288 MB
[runlim] sample:		2259.95 time, 2260.02 real, 288 MB
[runlim] sample:		2269.95 time, 2270.02 real, 288 MB
[runlim] sample:		2279.95 time, 2280.02 real, 288 MB
[runlim] sample:		2289.95 time, 2290.02 real, 288 MB
[runlim] sample:		2299.95 time, 2300.01 real, 288 MB
[runlim] sample:		2309.95 time, 2310.02 real, 289 MB
[runlim] sample:		2319.95 time, 2320.02 real, 289 MB
[runlim] sample:		2329.95 time, 2330.02 real, 289 MB
[runlim] sample:		2339.95 time, 2340.02 real, 297 MB
[runlim] sample:		2349.95 time, 2350.02 real, 302 MB
[runlim] sample:		2359.95 time, 2360.02 real, 302 MB
[runlim] sample:		2369.95 time, 2370.01 real, 302 MB
[runlim] sample:		2379.95 time, 2380.02 real, 302 MB
[runlim] sample:		2389.95 time, 2390.02 real, 302 MB
[runlim] sample:		2399.95 time, 2400.01 real, 302 MB
[runlim] sample:		2409.95 time, 2410.02 real, 362 MB
[runlim] sample:		2419.95 time, 2420.01 real, 362 MB
[runlim] sample:		2429.95 time, 2430.01 real, 362 MB
[runlim] sample:		2439.95 time, 2440.02 real, 362 MB
[runlim] sample:		2449.95 time, 2450.02 real, 362 MB
[runlim] sample:		2459.95 time, 2460.02 real, 362 MB
[runlim] sample:		2469.95 time, 2470.02 real, 362 MB
[runlim] sample:		2479.95 time, 2480.01 real, 362 MB
[runlim] sample:		2489.95 time, 2490.02 real, 362 MB
[runlim] sample:		2499.96 time, 2500.02 real, 302 MB
[runlim] sample:		2509.96 time, 2510.02 real, 302 MB
[runlim] sample:		2519.96 time, 2520.02 real, 302 MB
[runlim] sample:		2529.96 time, 2530.02 real, 302 MB
[runlim] sample:		2539.95 time, 2540.01 real, 302 MB
[runlim] sample:		2549.95 time, 2550.02 real, 304 MB
[runlim] sample:		2559.95 time, 2560.01 real, 304 MB
[runlim] sample:		2569.95 time, 2570.02 real, 304 MB
[runlim] sample:		2579.95 time, 2580.02 real, 304 MB
[runlim] sample:		2589.95 time, 2590.02 real, 304 MB
[runlim] sample:		2599.95 time, 2600.02 real, 304 MB
[runlim] sample:		2609.95 time, 2610.02 real, 304 MB
[runlim] sample:		2619.95 time, 2620.02 real, 304 MB
[runlim] sample:		2629.95 time, 2630.02 real, 304 MB
[runlim] sample:		2639.95 time, 2640.02 real, 304 MB
[runlim] sample:		2649.95 time, 2650.02 real, 304 MB
[runlim] sample:		2659.95 time, 2660.02 real, 304 MB
[runlim] sample:		2669.96 time, 2670.01 real, 304 MB
[runlim] sample:		2679.96 time, 2680.02 real, 304 MB
[runlim] sample:		2689.96 time, 2690.02 real, 304 MB
[runlim] sample:		2699.96 time, 2700.01 real, 304 MB
[runlim] sample:		2709.96 time, 2710.01 real, 304 MB
[runlim] sample:		2719.96 time, 2720.02 real, 304 MB
[runlim] sample:		2729.96 time, 2730.01 real, 304 MB
[runlim] sample:		2739.96 time, 2740.02 real, 304 MB
[runlim] sample:		2749.96 time, 2750.02 real, 304 MB
[runlim] sample:		2759.96 time, 2760.02 real, 304 MB
[runlim] sample:		2769.96 time, 2770.02 real, 304 MB
[runlim] sample:		2779.96 time, 2780.02 real, 304 MB
[runlim] sample:		2789.96 time, 2790.02 real, 304 MB
[runlim] sample:		2799.96 time, 2800.02 real, 304 MB
[runlim] sample:		2809.96 time, 2810.02 real, 304 MB
[runlim] sample:		2819.96 time, 2820.02 real, 304 MB
[runlim] sample:		2829.96 time, 2830.02 real, 304 MB
[runlim] sample:		2839.96 time, 2840.02 real, 304 MB
[runlim] sample:		2849.96 time, 2850.02 real, 304 MB
[runlim] sample:		2859.95 time, 2860.01 real, 366 MB
[runlim] sample:		2869.95 time, 2870.02 real, 366 MB
[runlim] sample:		2879.95 time, 2880.02 real, 304 MB
[runlim] sample:		2889.95 time, 2890.02 real, 304 MB
[runlim] sample:		2899.95 time, 2900.02 real, 304 MB
[runlim] sample:		2909.95 time, 2910.02 real, 304 MB
[runlim] sample:		2919.95 time, 2920.02 real, 304 MB
[runlim] sample:		2929.95 time, 2930.02 real, 304 MB
[runlim] sample:		2939.96 time, 2940.01 real, 313 MB
[runlim] sample:		2949.95 time, 2950.02 real, 305 MB
[runlim] sample:		2959.96 time, 2960.02 real, 305 MB
[runlim] sample:		2969.96 time, 2970.02 real, 305 MB
[runlim] sample:		2979.96 time, 2980.02 real, 305 MB
[runlim] sample:		2989.96 time, 2990.02 real, 305 MB
[runlim] sample:		2999.96 time, 3000.02 real, 305 MB
[runlim] sample:		3009.96 time, 3010.02 real, 305 MB
[runlim] sample:		3019.96 time, 3020.02 real, 305 MB
[runlim] sample:		3029.96 time, 3030.01 real, 305 MB
[runlim] sample:		3039.96 time, 3040.02 real, 305 MB
[runlim] sample:		3049.96 time, 3050.02 real, 305 MB
[runlim] sample:		3059.96 time, 3060.02 real, 305 MB
[runlim] sample:		3069.96 time, 3070.02 real, 305 MB
[runlim] sample:		3079.96 time, 3080.01 real, 305 MB
[runlim] sample:		3089.96 time, 3090.02 real, 305 MB
[runlim] sample:		3099.96 time, 3100.02 real, 305 MB
[runlim] sample:		3109.96 time, 3110.01 real, 305 MB
[runlim] sample:		3119.96 time, 3120.01 real, 305 MB
[runlim] sample:		3129.95 time, 3130.02 real, 309 MB
[runlim] sample:		3139.95 time, 3140.02 real, 309 MB
[runlim] sample:		3149.95 time, 3150.02 real, 309 MB
[runlim] sample:		3159.96 time, 3160.02 real, 309 MB
[runlim] sample:		3169.96 time, 3170.02 real, 309 MB
[runlim] sample:		3179.96 time, 3180.02 real, 309 MB
[runlim] sample:		3189.96 time, 3190.02 real, 309 MB
[runlim] sample:		3199.96 time, 3200.02 real, 309 MB
[runlim] sample:		3209.96 time, 3210.02 real, 309 MB
[runlim] sample:		3219.96 time, 3220.02 real, 312 MB
[runlim] sample:		3229.96 time, 3230.02 real, 312 MB
[runlim] sample:		3239.96 time, 3240.02 real, 312 MB
[runlim] sample:		3249.96 time, 3250.02 real, 312 MB
[runlim] sample:		3259.96 time, 3260.02 real, 312 MB
[runlim] sample:		3269.96 time, 3270.02 real, 312 MB
[runlim] sample:		3279.96 time, 3280.02 real, 312 MB
[runlim] sample:		3289.96 time, 3290.02 real, 312 MB
[runlim] sample:		3299.96 time, 3300.02 real, 312 MB
[runlim] sample:		3309.96 time, 3310.02 real, 312 MB
[runlim] sample:		3319.96 time, 3320.02 real, 312 MB
[runlim] sample:		3329.96 time, 3330.02 real, 312 MB
[runlim] sample:		3339.96 time, 3340.02 real, 312 MB
[runlim] sample:		3349.96 time, 3350.02 real, 312 MB
[runlim] sample:		3359.96 time, 3360.02 real, 312 MB
[runlim] sample:		3369.96 time, 3370.02 real, 312 MB
[runlim] sample:		3379.96 time, 3380.02 real, 312 MB
[runlim] sample:		3389.96 time, 3390.02 real, 312 MB
[runlim] sample:		3399.96 time, 3400.02 real, 312 MB
[runlim] sample:		3409.96 time, 3410.02 real, 312 MB
[runlim] sample:		3419.96 time, 3420.02 real, 312 MB
[runlim] sample:		3429.96 time, 3430.02 real, 312 MB
[runlim] sample:		3439.96 time, 3440.02 real, 312 MB
[runlim] sample:		3449.96 time, 3450.02 real, 312 MB
[runlim] sample:		3459.96 time, 3460.02 real, 312 MB
[runlim] sample:		3469.96 time, 3470.02 real, 312 MB
[runlim] sample:		3479.96 time, 3480.02 real, 312 MB
[runlim] sample:		3489.96 time, 3490.01 real, 312 MB
[runlim] sample:		3499.96 time, 3500.02 real, 312 MB
[runlim] sample:		3509.96 time, 3510.02 real, 312 MB
[runlim] sample:		3519.96 time, 3520.02 real, 312 MB
[runlim] sample:		3529.96 time, 3530.02 real, 312 MB
[runlim] sample:		3539.96 time, 3540.02 real, 312 MB
[runlim] sample:		3549.96 time, 3550.02 real, 312 MB
[runlim] sample:		3559.96 time, 3560.02 real, 312 MB
[runlim] sample:		3569.96 time, 3570.02 real, 312 MB
[runlim] sample:		3579.96 time, 3580.02 real, 312 MB
[runlim] sample:		3589.96 time, 3590.02 real, 312 MB
[runlim] sample:		3599.96 time, 3600.02 real, 312 MB
[runlim] end:			Thu Oct 17 18:02:55 2019
[runlim] status:		out of time
[runlim] result:		2
[runlim] children:		3
[runlim] real:			3600.10 seconds
[runlim] time:			3599.96 seconds
[runlim] space:			417 MB
[runlim] samples:		36000
