[runlim] version:		1.17
[runlim] host:			c3n28
[runlim] time limit:		311040000 seconds
[runlim] real time limit:	3600 seconds
[runlim] space limit:		120000 MB
[runlim] argv[0]:		./run-conps-btormc-no-thp.sh
[runlim] argv[1]:		/tmp/DghQxUFx.btor
[runlim] start:			Thu Oct 17 16:50:08 2019
[runlim] child:			20878
[runlim] sample:		9.98 time, 10.02 real, 55 MB
[runlim] sample:		19.99 time, 20.01 real, 81 MB
[runlim] sample:		29.99 time, 30.01 real, 103 MB
[runlim] sample:		39.98 time, 40.02 real, 155 MB
[runlim] sample:		49.98 time, 50.02 real, 150 MB
[runlim] sample:		59.98 time, 60.01 real, 186 MB
[runlim] sample:		69.99 time, 70.02 real, 207 MB
[runlim] sample:		79.98 time, 80.02 real, 220 MB
[runlim] sample:		89.98 time, 90.02 real, 258 MB
[runlim] sample:		99.98 time, 100.02 real, 271 MB
[runlim] sample:		109.98 time, 110.02 real, 271 MB
[runlim] sample:		119.99 time, 120.02 real, 286 MB
[runlim] sample:		129.98 time, 130.01 real, 306 MB
[runlim] sample:		139.98 time, 140.02 real, 337 MB
[runlim] sample:		149.98 time, 150.02 real, 354 MB
[runlim] sample:		159.99 time, 160.02 real, 354 MB
[runlim] sample:		169.98 time, 170.02 real, 360 MB
[runlim] sample:		179.98 time, 180.02 real, 401 MB
[runlim] sample:		189.99 time, 190.02 real, 411 MB
[runlim] sample:		199.99 time, 200.02 real, 422 MB
[runlim] sample:		209.98 time, 210.02 real, 401 MB
[runlim] sample:		219.98 time, 220.02 real, 425 MB
[runlim] sample:		229.98 time, 230.02 real, 431 MB
[runlim] sample:		239.98 time, 240.02 real, 445 MB
[runlim] sample:		249.98 time, 250.02 real, 459 MB
[runlim] sample:		259.98 time, 260.02 real, 465 MB
[runlim] sample:		269.99 time, 270.02 real, 465 MB
[runlim] sample:		279.99 time, 280.02 real, 477 MB
[runlim] sample:		289.98 time, 290.02 real, 525 MB
[runlim] sample:		299.99 time, 300.01 real, 529 MB
[runlim] sample:		309.98 time, 310.02 real, 573 MB
[runlim] sample:		319.98 time, 320.02 real, 574 MB
[runlim] sample:		329.98 time, 330.02 real, 625 MB
[runlim] sample:		339.98 time, 340.02 real, 651 MB
[runlim] sample:		349.99 time, 350.02 real, 676 MB
[runlim] sample:		359.98 time, 360.02 real, 691 MB
[runlim] sample:		369.98 time, 370.01 real, 763 MB
[runlim] sample:		379.98 time, 380.02 real, 811 MB
[runlim] sample:		389.98 time, 390.01 real, 832 MB
[runlim] sample:		399.98 time, 400.02 real, 833 MB
[runlim] sample:		409.98 time, 410.01 real, 869 MB
[runlim] sample:		419.98 time, 420.02 real, 906 MB
[runlim] sample:		429.98 time, 430.01 real, 931 MB
[runlim] sample:		439.98 time, 440.02 real, 968 MB
[runlim] sample:		449.98 time, 450.02 real, 993 MB
[runlim] sample:		459.98 time, 460.02 real, 1018 MB
[runlim] sample:		469.98 time, 470.02 real, 1059 MB
[runlim] sample:		479.98 time, 480.02 real, 1092 MB
[runlim] sample:		489.97 time, 490.02 real, 1064 MB
[runlim] sample:		499.98 time, 500.01 real, 1079 MB
[runlim] sample:		509.98 time, 510.02 real, 1185 MB
[runlim] sample:		519.98 time, 520.02 real, 1218 MB
[runlim] end:			Thu Oct 17 16:58:49 2019
[runlim] status:		ok
[runlim] result:		0
[runlim] children:		3
[runlim] real:			521.36 seconds
[runlim] time:			521.27 seconds
[runlim] space:			1233 MB
[runlim] samples:		5213
