[runlim] version:		1.17
[runlim] host:			c3n16
[runlim] time limit:		311040000 seconds
[runlim] real time limit:	3600 seconds
[runlim] space limit:		120000 MB
[runlim] argv[0]:		./run-conps-btormc-no-thp.sh
[runlim] argv[1]:		/tmp/L1qd3x4O.btor
[runlim] start:			Thu Oct 17 17:31:31 2019
[runlim] child:			429
[runlim] sample:		9.97 time, 10.02 real, 74 MB
[runlim] sample:		19.97 time, 20.01 real, 96 MB
[runlim] sample:		29.98 time, 30.01 real, 101 MB
[runlim] sample:		39.98 time, 40.01 real, 105 MB
[runlim] sample:		49.98 time, 50.02 real, 112 MB
[runlim] sample:		59.98 time, 60.01 real, 113 MB
[runlim] sample:		69.98 time, 70.01 real, 114 MB
[runlim] sample:		79.98 time, 80.01 real, 118 MB
[runlim] sample:		89.97 time, 90.01 real, 123 MB
[runlim] sample:		99.97 time, 100.01 real, 123 MB
[runlim] sample:		109.97 time, 110.01 real, 123 MB
[runlim] sample:		119.97 time, 120.02 real, 132 MB
[runlim] sample:		129.97 time, 130.01 real, 132 MB
[runlim] sample:		139.96 time, 140.01 real, 132 MB
[runlim] sample:		149.96 time, 150.01 real, 132 MB
[runlim] sample:		159.96 time, 160.01 real, 132 MB
[runlim] sample:		169.96 time, 170.01 real, 141 MB
[runlim] sample:		179.96 time, 180.01 real, 141 MB
[runlim] sample:		189.96 time, 190.01 real, 141 MB
[runlim] sample:		199.96 time, 200.01 real, 141 MB
[runlim] sample:		209.96 time, 210.01 real, 141 MB
[runlim] sample:		219.96 time, 220.01 real, 141 MB
[runlim] sample:		229.96 time, 230.01 real, 151 MB
[runlim] sample:		239.96 time, 240.02 real, 151 MB
[runlim] sample:		249.96 time, 250.02 real, 151 MB
[runlim] sample:		259.96 time, 260.02 real, 153 MB
[runlim] sample:		269.96 time, 270.01 real, 153 MB
[runlim] sample:		279.95 time, 280.01 real, 153 MB
[runlim] sample:		289.96 time, 290.02 real, 153 MB
[runlim] sample:		299.96 time, 300.02 real, 153 MB
[runlim] sample:		309.96 time, 310.01 real, 159 MB
[runlim] sample:		319.96 time, 320.02 real, 159 MB
[runlim] sample:		329.96 time, 330.01 real, 159 MB
[runlim] sample:		339.95 time, 340.01 real, 159 MB
[runlim] sample:		349.95 time, 350.01 real, 159 MB
[runlim] sample:		359.95 time, 360.01 real, 159 MB
[runlim] sample:		369.95 time, 370.02 real, 159 MB
[runlim] sample:		379.95 time, 380.01 real, 159 MB
[runlim] sample:		389.95 time, 390.01 real, 159 MB
[runlim] sample:		399.95 time, 400.02 real, 162 MB
[runlim] sample:		409.95 time, 410.01 real, 162 MB
[runlim] sample:		419.95 time, 420.01 real, 163 MB
[runlim] sample:		429.95 time, 430.01 real, 163 MB
[runlim] sample:		439.95 time, 440.01 real, 163 MB
[runlim] sample:		449.95 time, 450.02 real, 163 MB
[runlim] sample:		459.94 time, 460.01 real, 163 MB
[runlim] sample:		469.95 time, 470.02 real, 163 MB
[runlim] sample:		479.94 time, 480.01 real, 163 MB
[runlim] sample:		489.94 time, 490.02 real, 163 MB
[runlim] sample:		499.94 time, 500.02 real, 163 MB
[runlim] sample:		509.94 time, 510.01 real, 163 MB
[runlim] sample:		519.94 time, 520.01 real, 165 MB
[runlim] sample:		529.94 time, 530.02 real, 165 MB
[runlim] sample:		539.94 time, 540.02 real, 165 MB
[runlim] sample:		549.94 time, 550.01 real, 165 MB
[runlim] sample:		559.94 time, 560.02 real, 165 MB
[runlim] sample:		569.94 time, 570.02 real, 165 MB
[runlim] sample:		579.94 time, 580.02 real, 165 MB
[runlim] sample:		589.93 time, 590.01 real, 165 MB
[runlim] sample:		599.93 time, 600.01 real, 165 MB
[runlim] sample:		609.93 time, 610.01 real, 165 MB
[runlim] sample:		619.93 time, 620.02 real, 165 MB
[runlim] sample:		629.93 time, 630.01 real, 180 MB
[runlim] sample:		639.93 time, 640.02 real, 180 MB
[runlim] sample:		649.93 time, 650.02 real, 181 MB
[runlim] sample:		659.93 time, 660.02 real, 181 MB
[runlim] sample:		669.93 time, 670.01 real, 181 MB
[runlim] sample:		679.93 time, 680.02 real, 181 MB
[runlim] sample:		689.93 time, 690.01 real, 181 MB
[runlim] sample:		699.92 time, 700.02 real, 181 MB
[runlim] sample:		709.92 time, 710.02 real, 181 MB
[runlim] sample:		719.92 time, 720.01 real, 181 MB
[runlim] sample:		729.92 time, 730.02 real, 181 MB
[runlim] sample:		739.92 time, 740.02 real, 181 MB
[runlim] sample:		749.92 time, 750.02 real, 181 MB
[runlim] sample:		759.92 time, 760.01 real, 181 MB
[runlim] sample:		769.92 time, 770.01 real, 181 MB
[runlim] sample:		779.93 time, 780.02 real, 182 MB
[runlim] sample:		789.93 time, 790.02 real, 182 MB
[runlim] sample:		799.92 time, 800.01 real, 182 MB
[runlim] sample:		809.92 time, 810.02 real, 182 MB
[runlim] sample:		819.92 time, 820.01 real, 182 MB
[runlim] sample:		829.92 time, 830.02 real, 182 MB
[runlim] sample:		839.91 time, 840.02 real, 183 MB
[runlim] sample:		849.91 time, 850.02 real, 183 MB
[runlim] sample:		859.91 time, 860.02 real, 183 MB
[runlim] sample:		869.91 time, 870.02 real, 183 MB
[runlim] sample:		879.91 time, 880.02 real, 183 MB
[runlim] sample:		889.91 time, 890.02 real, 183 MB
[runlim] sample:		899.91 time, 900.01 real, 183 MB
[runlim] sample:		909.91 time, 910.02 real, 183 MB
[runlim] sample:		919.91 time, 920.02 real, 187 MB
[runlim] sample:		929.91 time, 930.02 real, 187 MB
[runlim] sample:		939.91 time, 940.02 real, 187 MB
[runlim] sample:		949.90 time, 950.02 real, 187 MB
[runlim] sample:		959.90 time, 960.02 real, 187 MB
[runlim] sample:		969.90 time, 970.02 real, 187 MB
[runlim] sample:		979.90 time, 980.01 real, 187 MB
[runlim] sample:		989.90 time, 990.02 real, 187 MB
[runlim] sample:		999.90 time, 1000.01 real, 187 MB
[runlim] sample:		1009.90 time, 1010.02 real, 187 MB
[runlim] sample:		1019.90 time, 1020.02 real, 195 MB
[runlim] sample:		1029.90 time, 1030.02 real, 195 MB
[runlim] sample:		1039.90 time, 1040.01 real, 195 MB
[runlim] sample:		1049.90 time, 1050.01 real, 195 MB
[runlim] sample:		1059.90 time, 1060.02 real, 195 MB
[runlim] sample:		1069.90 time, 1070.02 real, 195 MB
[runlim] sample:		1079.90 time, 1080.02 real, 195 MB
[runlim] sample:		1089.90 time, 1090.01 real, 195 MB
[runlim] sample:		1099.90 time, 1100.02 real, 195 MB
[runlim] sample:		1109.90 time, 1110.02 real, 195 MB
[runlim] sample:		1119.90 time, 1120.02 real, 195 MB
[runlim] sample:		1129.90 time, 1130.01 real, 195 MB
[runlim] sample:		1139.89 time, 1140.01 real, 238 MB
[runlim] sample:		1149.89 time, 1150.01 real, 238 MB
[runlim] sample:		1159.89 time, 1160.01 real, 281 MB
[runlim] sample:		1169.90 time, 1170.01 real, 287 MB
[runlim] sample:		1179.90 time, 1180.01 real, 287 MB
[runlim] sample:		1189.90 time, 1190.01 real, 287 MB
[runlim] sample:		1199.89 time, 1200.01 real, 287 MB
[runlim] sample:		1209.89 time, 1210.01 real, 287 MB
[runlim] sample:		1219.89 time, 1220.01 real, 287 MB
[runlim] sample:		1229.90 time, 1230.02 real, 287 MB
[runlim] sample:		1239.89 time, 1240.01 real, 287 MB
[runlim] sample:		1249.89 time, 1250.02 real, 195 MB
[runlim] sample:		1259.89 time, 1260.02 real, 195 MB
[runlim] sample:		1269.89 time, 1270.02 real, 195 MB
[runlim] sample:		1279.88 time, 1280.01 real, 195 MB
[runlim] sample:		1289.88 time, 1290.02 real, 195 MB
[runlim] sample:		1299.88 time, 1300.02 real, 195 MB
[runlim] sample:		1309.88 time, 1310.01 real, 195 MB
[runlim] sample:		1319.88 time, 1320.01 real, 195 MB
[runlim] sample:		1329.88 time, 1330.02 real, 195 MB
[runlim] sample:		1339.88 time, 1340.02 real, 195 MB
[runlim] sample:		1349.88 time, 1350.01 real, 195 MB
[runlim] sample:		1359.88 time, 1360.02 real, 197 MB
[runlim] sample:		1369.88 time, 1370.02 real, 197 MB
[runlim] sample:		1379.89 time, 1380.02 real, 198 MB
[runlim] sample:		1389.88 time, 1390.02 real, 198 MB
[runlim] sample:		1399.88 time, 1400.02 real, 198 MB
[runlim] sample:		1409.88 time, 1410.02 real, 198 MB
[runlim] sample:		1419.88 time, 1420.02 real, 198 MB
[runlim] sample:		1429.88 time, 1430.02 real, 198 MB
[runlim] sample:		1439.88 time, 1440.02 real, 198 MB
[runlim] sample:		1449.87 time, 1450.01 real, 209 MB
[runlim] sample:		1459.87 time, 1460.02 real, 210 MB
[runlim] sample:		1469.87 time, 1470.02 real, 210 MB
[runlim] sample:		1479.87 time, 1480.02 real, 210 MB
[runlim] sample:		1489.87 time, 1490.02 real, 210 MB
[runlim] sample:		1499.87 time, 1500.02 real, 210 MB
[runlim] sample:		1509.87 time, 1510.02 real, 210 MB
[runlim] sample:		1519.87 time, 1520.02 real, 210 MB
[runlim] sample:		1529.87 time, 1530.02 real, 210 MB
[runlim] sample:		1539.87 time, 1540.02 real, 210 MB
[runlim] sample:		1549.87 time, 1550.02 real, 210 MB
[runlim] sample:		1559.87 time, 1560.02 real, 210 MB
[runlim] sample:		1569.87 time, 1570.02 real, 210 MB
[runlim] sample:		1579.87 time, 1580.02 real, 210 MB
[runlim] sample:		1589.87 time, 1590.02 real, 210 MB
[runlim] sample:		1599.86 time, 1600.02 real, 210 MB
[runlim] sample:		1609.86 time, 1610.01 real, 212 MB
[runlim] sample:		1619.86 time, 1620.01 real, 212 MB
[runlim] sample:		1629.86 time, 1630.02 real, 212 MB
[runlim] sample:		1639.86 time, 1640.02 real, 212 MB
[runlim] sample:		1649.86 time, 1650.02 real, 212 MB
[runlim] sample:		1659.86 time, 1660.02 real, 212 MB
[runlim] sample:		1669.86 time, 1670.02 real, 212 MB
[runlim] sample:		1679.85 time, 1680.02 real, 212 MB
[runlim] sample:		1689.85 time, 1690.02 real, 212 MB
[runlim] sample:		1699.85 time, 1700.02 real, 212 MB
[runlim] sample:		1709.85 time, 1710.02 real, 212 MB
[runlim] sample:		1719.85 time, 1720.02 real, 212 MB
[runlim] sample:		1729.85 time, 1730.02 real, 212 MB
[runlim] sample:		1739.85 time, 1740.02 real, 212 MB
[runlim] sample:		1749.85 time, 1750.02 real, 212 MB
[runlim] sample:		1759.85 time, 1760.02 real, 212 MB
[runlim] sample:		1769.85 time, 1770.02 real, 212 MB
[runlim] sample:		1779.85 time, 1780.02 real, 212 MB
[runlim] sample:		1789.85 time, 1790.02 real, 212 MB
[runlim] sample:		1799.85 time, 1800.02 real, 212 MB
[runlim] sample:		1809.85 time, 1810.02 real, 212 MB
[runlim] sample:		1819.84 time, 1820.02 real, 212 MB
[runlim] sample:		1829.84 time, 1830.02 real, 212 MB
[runlim] sample:		1839.85 time, 1840.02 real, 253 MB
[runlim] sample:		1849.85 time, 1850.02 real, 253 MB
[runlim] sample:		1859.85 time, 1860.02 real, 253 MB
[runlim] sample:		1869.85 time, 1870.02 real, 216 MB
[runlim] sample:		1879.85 time, 1880.02 real, 216 MB
[runlim] sample:		1889.85 time, 1890.02 real, 216 MB
[runlim] sample:		1899.85 time, 1900.01 real, 216 MB
[runlim] sample:		1909.84 time, 1910.02 real, 216 MB
[runlim] sample:		1919.84 time, 1920.02 real, 216 MB
[runlim] sample:		1929.84 time, 1930.02 real, 216 MB
[runlim] sample:		1939.84 time, 1940.02 real, 216 MB
[runlim] sample:		1949.84 time, 1950.02 real, 227 MB
[runlim] sample:		1959.84 time, 1960.02 real, 228 MB
[runlim] sample:		1969.83 time, 1970.02 real, 228 MB
[runlim] sample:		1979.83 time, 1980.02 real, 228 MB
[runlim] sample:		1989.83 time, 1990.02 real, 228 MB
[runlim] sample:		1999.83 time, 2000.02 real, 228 MB
[runlim] sample:		2009.83 time, 2010.02 real, 228 MB
[runlim] sample:		2019.83 time, 2020.02 real, 228 MB
[runlim] sample:		2029.83 time, 2030.02 real, 228 MB
[runlim] sample:		2039.83 time, 2040.02 real, 228 MB
[runlim] sample:		2049.83 time, 2050.02 real, 228 MB
[runlim] sample:		2059.83 time, 2060.01 real, 228 MB
[runlim] sample:		2069.83 time, 2070.02 real, 228 MB
[runlim] sample:		2079.82 time, 2080.02 real, 228 MB
[runlim] sample:		2089.82 time, 2090.02 real, 228 MB
[runlim] sample:		2099.82 time, 2100.02 real, 228 MB
[runlim] sample:		2109.82 time, 2110.01 real, 228 MB
[runlim] sample:		2119.83 time, 2120.02 real, 228 MB
[runlim] sample:		2129.82 time, 2130.02 real, 228 MB
[runlim] sample:		2139.82 time, 2140.01 real, 228 MB
[runlim] sample:		2149.82 time, 2150.02 real, 228 MB
[runlim] sample:		2159.82 time, 2160.02 real, 228 MB
[runlim] sample:		2169.82 time, 2170.02 real, 228 MB
[runlim] sample:		2179.82 time, 2180.02 real, 228 MB
[runlim] sample:		2189.82 time, 2190.02 real, 228 MB
[runlim] sample:		2199.82 time, 2200.02 real, 228 MB
[runlim] sample:		2209.82 time, 2210.02 real, 228 MB
[runlim] sample:		2219.81 time, 2220.01 real, 228 MB
[runlim] sample:		2229.81 time, 2230.02 real, 228 MB
[runlim] sample:		2239.81 time, 2240.02 real, 228 MB
[runlim] sample:		2249.81 time, 2250.02 real, 228 MB
[runlim] sample:		2259.82 time, 2260.02 real, 240 MB
[runlim] sample:		2269.82 time, 2270.02 real, 241 MB
[runlim] sample:		2279.81 time, 2280.02 real, 241 MB
[runlim] sample:		2289.81 time, 2290.02 real, 241 MB
[runlim] sample:		2299.81 time, 2300.02 real, 241 MB
[runlim] sample:		2309.81 time, 2310.02 real, 241 MB
[runlim] sample:		2319.81 time, 2320.01 real, 241 MB
[runlim] sample:		2329.81 time, 2330.02 real, 241 MB
[runlim] sample:		2339.81 time, 2340.02 real, 241 MB
[runlim] sample:		2349.81 time, 2350.02 real, 241 MB
[runlim] sample:		2359.81 time, 2360.02 real, 241 MB
[runlim] sample:		2369.81 time, 2370.02 real, 241 MB
[runlim] sample:		2379.81 time, 2380.02 real, 241 MB
[runlim] sample:		2389.80 time, 2390.02 real, 241 MB
[runlim] sample:		2399.80 time, 2400.02 real, 241 MB
[runlim] sample:		2409.81 time, 2410.02 real, 252 MB
[runlim] sample:		2419.80 time, 2420.02 real, 252 MB
[runlim] sample:		2429.80 time, 2430.02 real, 252 MB
[runlim] sample:		2439.80 time, 2440.02 real, 252 MB
[runlim] sample:		2449.80 time, 2450.02 real, 252 MB
[runlim] sample:		2459.80 time, 2460.02 real, 252 MB
[runlim] sample:		2469.80 time, 2470.02 real, 252 MB
[runlim] sample:		2479.80 time, 2480.02 real, 252 MB
[runlim] sample:		2489.80 time, 2490.02 real, 252 MB
[runlim] sample:		2499.80 time, 2500.02 real, 252 MB
[runlim] sample:		2509.80 time, 2510.02 real, 252 MB
[runlim] sample:		2519.80 time, 2520.02 real, 252 MB
[runlim] sample:		2529.79 time, 2530.02 real, 294 MB
[runlim] sample:		2539.79 time, 2540.02 real, 294 MB
[runlim] sample:		2549.79 time, 2550.02 real, 294 MB
[runlim] sample:		2559.79 time, 2560.02 real, 252 MB
[runlim] sample:		2569.79 time, 2570.02 real, 252 MB
[runlim] sample:		2579.79 time, 2580.02 real, 252 MB
[runlim] sample:		2589.79 time, 2590.02 real, 252 MB
[runlim] sample:		2599.79 time, 2600.02 real, 253 MB
[runlim] sample:		2609.79 time, 2610.02 real, 253 MB
[runlim] sample:		2619.79 time, 2620.02 real, 253 MB
[runlim] sample:		2629.79 time, 2630.02 real, 253 MB
[runlim] sample:		2639.78 time, 2640.02 real, 253 MB
[runlim] sample:		2649.78 time, 2650.02 real, 253 MB
[runlim] sample:		2659.78 time, 2660.02 real, 253 MB
[runlim] sample:		2669.78 time, 2670.02 real, 253 MB
[runlim] sample:		2679.78 time, 2680.02 real, 253 MB
[runlim] sample:		2689.78 time, 2690.02 real, 253 MB
[runlim] sample:		2699.78 time, 2700.02 real, 253 MB
[runlim] sample:		2709.78 time, 2710.02 real, 253 MB
[runlim] sample:		2719.78 time, 2720.02 real, 253 MB
[runlim] sample:		2729.78 time, 2730.02 real, 253 MB
[runlim] sample:		2739.78 time, 2740.02 real, 253 MB
[runlim] sample:		2749.78 time, 2750.02 real, 253 MB
[runlim] sample:		2759.78 time, 2760.02 real, 253 MB
[runlim] sample:		2769.78 time, 2770.02 real, 253 MB
[runlim] sample:		2779.77 time, 2780.02 real, 253 MB
[runlim] sample:		2789.77 time, 2790.01 real, 253 MB
[runlim] sample:		2799.77 time, 2800.02 real, 253 MB
[runlim] sample:		2809.77 time, 2810.02 real, 253 MB
[runlim] sample:		2819.77 time, 2820.02 real, 253 MB
[runlim] sample:		2829.78 time, 2830.02 real, 253 MB
[runlim] sample:		2839.78 time, 2840.02 real, 253 MB
[runlim] sample:		2849.77 time, 2850.01 real, 296 MB
[runlim] sample:		2859.77 time, 2860.02 real, 296 MB
[runlim] sample:		2869.77 time, 2870.01 real, 254 MB
[runlim] sample:		2879.77 time, 2880.02 real, 254 MB
[runlim] sample:		2889.77 time, 2890.02 real, 254 MB
[runlim] sample:		2899.77 time, 2900.02 real, 254 MB
[runlim] sample:		2909.77 time, 2910.02 real, 254 MB
[runlim] sample:		2919.77 time, 2920.02 real, 254 MB
[runlim] sample:		2929.77 time, 2930.01 real, 257 MB
[runlim] sample:		2939.77 time, 2940.02 real, 257 MB
[runlim] sample:		2949.77 time, 2950.02 real, 257 MB
[runlim] sample:		2959.76 time, 2960.01 real, 257 MB
[runlim] sample:		2969.76 time, 2970.01 real, 257 MB
[runlim] sample:		2979.76 time, 2980.02 real, 257 MB
[runlim] sample:		2989.77 time, 2990.02 real, 257 MB
[runlim] sample:		2999.76 time, 3000.02 real, 257 MB
[runlim] sample:		3009.76 time, 3010.02 real, 257 MB
[runlim] sample:		3019.76 time, 3020.02 real, 257 MB
[runlim] sample:		3029.76 time, 3030.02 real, 257 MB
[runlim] sample:		3039.76 time, 3040.02 real, 257 MB
[runlim] sample:		3049.76 time, 3050.02 real, 257 MB
[runlim] sample:		3059.76 time, 3060.02 real, 257 MB
[runlim] sample:		3069.76 time, 3070.02 real, 257 MB
[runlim] sample:		3079.76 time, 3080.02 real, 257 MB
[runlim] sample:		3089.75 time, 3090.02 real, 257 MB
[runlim] sample:		3099.75 time, 3100.02 real, 257 MB
[runlim] sample:		3109.75 time, 3110.02 real, 257 MB
[runlim] sample:		3119.75 time, 3120.02 real, 257 MB
[runlim] sample:		3129.75 time, 3130.02 real, 257 MB
[runlim] sample:		3139.75 time, 3140.02 real, 257 MB
[runlim] sample:		3149.75 time, 3150.02 real, 257 MB
[runlim] sample:		3159.76 time, 3160.02 real, 257 MB
[runlim] sample:		3169.75 time, 3170.02 real, 257 MB
[runlim] sample:		3179.75 time, 3180.01 real, 257 MB
[runlim] sample:		3189.75 time, 3190.02 real, 257 MB
[runlim] sample:		3199.75 time, 3200.02 real, 257 MB
[runlim] sample:		3209.75 time, 3210.02 real, 257 MB
[runlim] sample:		3219.75 time, 3220.02 real, 257 MB
[runlim] sample:		3229.75 time, 3230.02 real, 257 MB
[runlim] sample:		3239.75 time, 3240.02 real, 257 MB
[runlim] sample:		3249.75 time, 3250.02 real, 257 MB
[runlim] sample:		3259.75 time, 3260.02 real, 257 MB
[runlim] sample:		3269.75 time, 3270.02 real, 257 MB
[runlim] sample:		3279.75 time, 3280.02 real, 257 MB
[runlim] sample:		3289.74 time, 3290.02 real, 257 MB
[runlim] sample:		3299.75 time, 3300.02 real, 257 MB
[runlim] sample:		3309.75 time, 3310.02 real, 257 MB
[runlim] sample:		3319.74 time, 3320.02 real, 257 MB
[runlim] sample:		3329.74 time, 3330.02 real, 257 MB
[runlim] sample:		3339.73 time, 3340.01 real, 259 MB
[runlim] sample:		3349.73 time, 3350.02 real, 259 MB
[runlim] sample:		3359.73 time, 3360.02 real, 259 MB
[runlim] sample:		3369.73 time, 3370.02 real, 259 MB
[runlim] sample:		3379.73 time, 3380.02 real, 259 MB
[runlim] sample:		3389.73 time, 3390.02 real, 259 MB
[runlim] sample:		3399.73 time, 3400.02 real, 259 MB
[runlim] sample:		3409.73 time, 3410.02 real, 259 MB
[runlim] sample:		3419.74 time, 3420.02 real, 259 MB
[runlim] sample:		3429.73 time, 3430.02 real, 259 MB
[runlim] sample:		3439.73 time, 3440.02 real, 259 MB
[runlim] sample:		3449.73 time, 3450.02 real, 259 MB
[runlim] sample:		3459.73 time, 3460.02 real, 259 MB
[runlim] sample:		3469.73 time, 3470.02 real, 259 MB
[runlim] sample:		3479.73 time, 3480.02 real, 259 MB
[runlim] sample:		3489.73 time, 3490.02 real, 259 MB
[runlim] sample:		3499.73 time, 3500.02 real, 259 MB
[runlim] sample:		3509.73 time, 3510.02 real, 308 MB
[runlim] sample:		3519.73 time, 3520.02 real, 308 MB
[runlim] sample:		3529.73 time, 3530.02 real, 308 MB
[runlim] sample:		3539.73 time, 3540.02 real, 308 MB
[runlim] sample:		3549.73 time, 3550.02 real, 263 MB
[runlim] sample:		3559.73 time, 3560.02 real, 263 MB
[runlim] sample:		3569.72 time, 3570.02 real, 263 MB
[runlim] sample:		3579.72 time, 3580.02 real, 263 MB
[runlim] sample:		3589.73 time, 3590.02 real, 263 MB
[runlim] sample:		3599.72 time, 3600.02 real, 263 MB
[runlim] end:			Thu Oct 17 18:31:31 2019
[runlim] status:		out of time
[runlim] result:		2
[runlim] children:		3
[runlim] real:			3600.10 seconds
[runlim] time:			3599.72 seconds
[runlim] space:			308 MB
[runlim] samples:		36000
