[runlim] version:		1.17
[runlim] host:			c3n28
[runlim] time limit:		311040000 seconds
[runlim] real time limit:	3600 seconds
[runlim] space limit:		120000 MB
[runlim] argv[0]:		./run-conps-btormc-no-thp.sh
[runlim] argv[1]:		/tmp/h1rO6YfZ.btor
[runlim] start:			Thu Oct 17 17:09:06 2019
[runlim] child:			20987
[runlim] sample:		9.99 time, 10.01 real, 66 MB
[runlim] sample:		19.98 time, 20.01 real, 90 MB
[runlim] sample:		29.98 time, 30.02 real, 104 MB
[runlim] sample:		39.98 time, 40.01 real, 112 MB
[runlim] sample:		49.98 time, 50.02 real, 135 MB
[runlim] sample:		59.98 time, 60.02 real, 135 MB
[runlim] sample:		69.98 time, 70.02 real, 158 MB
[runlim] sample:		79.98 time, 80.02 real, 165 MB
[runlim] sample:		89.99 time, 90.02 real, 171 MB
[runlim] sample:		99.98 time, 100.02 real, 188 MB
[runlim] sample:		109.98 time, 110.02 real, 188 MB
[runlim] sample:		119.98 time, 120.02 real, 194 MB
[runlim] sample:		129.98 time, 130.02 real, 208 MB
[runlim] sample:		139.98 time, 140.02 real, 208 MB
[runlim] sample:		149.98 time, 150.01 real, 215 MB
[runlim] sample:		159.99 time, 160.02 real, 217 MB
[runlim] sample:		169.99 time, 170.02 real, 221 MB
[runlim] sample:		179.99 time, 180.02 real, 222 MB
[runlim] sample:		189.99 time, 190.02 real, 225 MB
[runlim] sample:		199.98 time, 200.02 real, 226 MB
[runlim] sample:		209.98 time, 210.01 real, 252 MB
[runlim] sample:		219.98 time, 220.02 real, 253 MB
[runlim] sample:		229.98 time, 230.02 real, 253 MB
[runlim] sample:		239.98 time, 240.02 real, 253 MB
[runlim] sample:		249.98 time, 250.02 real, 253 MB
[runlim] sample:		259.98 time, 260.02 real, 265 MB
[runlim] sample:		269.99 time, 270.02 real, 265 MB
[runlim] sample:		279.99 time, 280.01 real, 265 MB
[runlim] sample:		289.99 time, 290.01 real, 268 MB
[runlim] sample:		299.99 time, 300.02 real, 285 MB
[runlim] sample:		309.99 time, 310.02 real, 286 MB
[runlim] sample:		319.98 time, 320.02 real, 286 MB
[runlim] sample:		329.98 time, 330.01 real, 287 MB
[runlim] sample:		339.98 time, 340.02 real, 287 MB
[runlim] sample:		349.98 time, 350.01 real, 287 MB
[runlim] sample:		359.98 time, 360.02 real, 287 MB
[runlim] sample:		369.98 time, 370.02 real, 288 MB
[runlim] sample:		379.98 time, 380.02 real, 291 MB
[runlim] sample:		389.99 time, 390.02 real, 291 MB
[runlim] sample:		399.99 time, 400.02 real, 291 MB
[runlim] sample:		409.99 time, 410.02 real, 291 MB
[runlim] sample:		419.99 time, 420.02 real, 291 MB
[runlim] sample:		429.99 time, 430.02 real, 292 MB
[runlim] sample:		439.99 time, 440.02 real, 292 MB
[runlim] sample:		449.99 time, 450.02 real, 293 MB
[runlim] sample:		459.98 time, 460.02 real, 315 MB
[runlim] sample:		469.99 time, 470.02 real, 315 MB
[runlim] sample:		479.99 time, 480.02 real, 315 MB
[runlim] sample:		489.99 time, 490.02 real, 315 MB
[runlim] sample:		499.99 time, 500.02 real, 315 MB
[runlim] sample:		509.99 time, 510.02 real, 315 MB
[runlim] sample:		519.99 time, 520.02 real, 315 MB
[runlim] sample:		529.98 time, 530.01 real, 319 MB
[runlim] sample:		539.98 time, 540.02 real, 319 MB
[runlim] sample:		549.98 time, 550.02 real, 331 MB
[runlim] sample:		559.99 time, 560.02 real, 331 MB
[runlim] sample:		569.99 time, 570.02 real, 332 MB
[runlim] sample:		579.99 time, 580.02 real, 333 MB
[runlim] sample:		589.99 time, 590.02 real, 333 MB
[runlim] sample:		599.98 time, 600.02 real, 333 MB
[runlim] sample:		609.98 time, 610.02 real, 362 MB
[runlim] sample:		619.98 time, 620.02 real, 363 MB
[runlim] sample:		629.99 time, 630.02 real, 363 MB
[runlim] sample:		639.99 time, 640.02 real, 363 MB
[runlim] sample:		649.99 time, 650.02 real, 363 MB
[runlim] sample:		659.99 time, 660.02 real, 363 MB
[runlim] sample:		669.99 time, 670.02 real, 363 MB
[runlim] sample:		679.99 time, 680.02 real, 363 MB
[runlim] sample:		689.99 time, 690.02 real, 363 MB
[runlim] sample:		699.99 time, 700.02 real, 363 MB
[runlim] sample:		709.99 time, 710.02 real, 363 MB
[runlim] sample:		719.98 time, 720.02 real, 367 MB
[runlim] sample:		729.98 time, 730.02 real, 367 MB
[runlim] sample:		739.98 time, 740.02 real, 367 MB
[runlim] sample:		749.98 time, 750.02 real, 367 MB
[runlim] sample:		759.98 time, 760.01 real, 367 MB
[runlim] sample:		769.98 time, 770.02 real, 367 MB
[runlim] sample:		779.98 time, 780.02 real, 367 MB
[runlim] sample:		789.99 time, 790.02 real, 378 MB
[runlim] sample:		799.99 time, 800.01 real, 378 MB
[runlim] sample:		809.99 time, 810.02 real, 378 MB
[runlim] sample:		819.99 time, 820.02 real, 378 MB
[runlim] sample:		829.99 time, 830.02 real, 378 MB
[runlim] sample:		839.99 time, 840.02 real, 378 MB
[runlim] sample:		849.99 time, 850.02 real, 378 MB
[runlim] sample:		859.99 time, 860.02 real, 378 MB
[runlim] sample:		869.99 time, 870.02 real, 378 MB
[runlim] sample:		879.99 time, 880.02 real, 378 MB
[runlim] sample:		889.99 time, 890.01 real, 378 MB
[runlim] sample:		899.99 time, 900.02 real, 396 MB
[runlim] sample:		909.99 time, 910.02 real, 397 MB
[runlim] sample:		919.99 time, 920.02 real, 397 MB
[runlim] sample:		929.99 time, 930.02 real, 397 MB
[runlim] sample:		939.99 time, 940.02 real, 397 MB
[runlim] sample:		949.99 time, 950.02 real, 397 MB
[runlim] sample:		959.99 time, 960.02 real, 397 MB
[runlim] sample:		969.99 time, 970.02 real, 397 MB
[runlim] sample:		979.99 time, 980.02 real, 397 MB
[runlim] sample:		989.99 time, 990.02 real, 397 MB
[runlim] sample:		999.99 time, 1000.02 real, 397 MB
[runlim] sample:		1009.99 time, 1010.02 real, 397 MB
[runlim] sample:		1019.99 time, 1020.02 real, 398 MB
[runlim] sample:		1029.99 time, 1030.02 real, 398 MB
[runlim] sample:		1039.99 time, 1040.02 real, 431 MB
[runlim] sample:		1049.98 time, 1050.01 real, 432 MB
[runlim] sample:		1059.98 time, 1060.02 real, 432 MB
[runlim] sample:		1069.98 time, 1070.02 real, 432 MB
[runlim] sample:		1079.98 time, 1080.02 real, 432 MB
[runlim] sample:		1089.98 time, 1090.01 real, 432 MB
[runlim] sample:		1099.98 time, 1100.01 real, 432 MB
[runlim] sample:		1109.98 time, 1110.02 real, 432 MB
[runlim] sample:		1119.98 time, 1120.02 real, 432 MB
[runlim] sample:		1129.98 time, 1130.02 real, 432 MB
[runlim] sample:		1139.98 time, 1140.02 real, 432 MB
[runlim] sample:		1149.98 time, 1150.02 real, 432 MB
[runlim] sample:		1159.98 time, 1160.02 real, 432 MB
[runlim] sample:		1169.99 time, 1170.02 real, 436 MB
[runlim] sample:		1179.99 time, 1180.02 real, 436 MB
[runlim] sample:		1189.99 time, 1190.02 real, 436 MB
[runlim] sample:		1199.99 time, 1200.02 real, 436 MB
[runlim] sample:		1209.99 time, 1210.02 real, 436 MB
[runlim] sample:		1219.99 time, 1220.02 real, 436 MB
[runlim] sample:		1229.99 time, 1230.02 real, 436 MB
[runlim] sample:		1239.99 time, 1240.02 real, 436 MB
[runlim] sample:		1249.99 time, 1250.02 real, 436 MB
[runlim] sample:		1259.99 time, 1260.02 real, 436 MB
[runlim] sample:		1269.99 time, 1270.02 real, 436 MB
[runlim] sample:		1279.99 time, 1280.02 real, 436 MB
[runlim] sample:		1289.99 time, 1290.02 real, 436 MB
[runlim] sample:		1299.99 time, 1300.02 real, 436 MB
[runlim] sample:		1309.99 time, 1310.02 real, 436 MB
[runlim] sample:		1319.98 time, 1320.02 real, 449 MB
[runlim] sample:		1329.98 time, 1330.01 real, 451 MB
[runlim] sample:		1339.98 time, 1340.02 real, 451 MB
[runlim] sample:		1349.98 time, 1350.01 real, 451 MB
[runlim] sample:		1359.98 time, 1360.02 real, 451 MB
[runlim] sample:		1369.98 time, 1370.02 real, 451 MB
[runlim] sample:		1379.98 time, 1380.02 real, 451 MB
[runlim] sample:		1389.99 time, 1390.02 real, 451 MB
[runlim] sample:		1399.99 time, 1400.01 real, 451 MB
[runlim] sample:		1409.99 time, 1410.02 real, 451 MB
[runlim] sample:		1419.99 time, 1420.01 real, 451 MB
[runlim] sample:		1429.99 time, 1430.02 real, 451 MB
[runlim] sample:		1439.99 time, 1440.02 real, 451 MB
[runlim] sample:		1449.99 time, 1450.02 real, 451 MB
[runlim] sample:		1459.99 time, 1460.02 real, 451 MB
[runlim] sample:		1469.99 time, 1470.02 real, 451 MB
[runlim] sample:		1479.99 time, 1480.02 real, 451 MB
[runlim] sample:		1489.99 time, 1490.02 real, 473 MB
[runlim] sample:		1499.99 time, 1500.02 real, 473 MB
[runlim] sample:		1509.99 time, 1510.02 real, 473 MB
[runlim] sample:		1519.99 time, 1520.02 real, 473 MB
[runlim] sample:		1529.99 time, 1530.02 real, 473 MB
[runlim] sample:		1539.99 time, 1540.02 real, 473 MB
[runlim] sample:		1549.99 time, 1550.02 real, 473 MB
[runlim] sample:		1559.99 time, 1560.02 real, 473 MB
[runlim] sample:		1569.99 time, 1570.02 real, 473 MB
[runlim] sample:		1579.99 time, 1580.02 real, 473 MB
[runlim] sample:		1589.99 time, 1590.02 real, 473 MB
[runlim] sample:		1599.99 time, 1600.02 real, 473 MB
[runlim] sample:		1609.99 time, 1610.02 real, 473 MB
[runlim] sample:		1619.99 time, 1620.01 real, 473 MB
[runlim] sample:		1629.99 time, 1630.02 real, 476 MB
[runlim] sample:		1639.99 time, 1640.02 real, 476 MB
[runlim] sample:		1649.99 time, 1650.02 real, 477 MB
[runlim] sample:		1659.98 time, 1660.02 real, 478 MB
[runlim] sample:		1669.98 time, 1670.02 real, 478 MB
[runlim] sample:		1679.98 time, 1680.02 real, 478 MB
[runlim] sample:		1689.98 time, 1690.02 real, 478 MB
[runlim] sample:		1699.98 time, 1700.02 real, 478 MB
[runlim] sample:		1709.98 time, 1710.02 real, 478 MB
[runlim] sample:		1719.98 time, 1720.02 real, 478 MB
[runlim] sample:		1729.98 time, 1730.02 real, 478 MB
[runlim] sample:		1739.98 time, 1740.02 real, 478 MB
[runlim] sample:		1749.98 time, 1750.02 real, 478 MB
[runlim] sample:		1759.99 time, 1760.02 real, 478 MB
[runlim] sample:		1769.99 time, 1770.02 real, 478 MB
[runlim] sample:		1779.99 time, 1780.02 real, 478 MB
[runlim] sample:		1789.99 time, 1790.02 real, 478 MB
[runlim] sample:		1799.99 time, 1800.02 real, 478 MB
[runlim] sample:		1809.99 time, 1810.02 real, 479 MB
[runlim] sample:		1819.99 time, 1820.02 real, 480 MB
[runlim] sample:		1829.99 time, 1830.02 real, 480 MB
[runlim] sample:		1839.99 time, 1840.02 real, 480 MB
[runlim] sample:		1849.99 time, 1850.02 real, 480 MB
[runlim] sample:		1859.99 time, 1860.02 real, 480 MB
[runlim] sample:		1869.99 time, 1870.02 real, 480 MB
[runlim] sample:		1879.99 time, 1880.02 real, 480 MB
[runlim] sample:		1889.99 time, 1890.02 real, 480 MB
[runlim] sample:		1899.99 time, 1900.01 real, 480 MB
[runlim] sample:		1909.99 time, 1910.02 real, 480 MB
[runlim] sample:		1919.99 time, 1920.02 real, 480 MB
[runlim] sample:		1929.99 time, 1930.02 real, 480 MB
[runlim] sample:		1939.99 time, 1940.02 real, 480 MB
[runlim] sample:		1949.99 time, 1950.02 real, 480 MB
[runlim] sample:		1959.99 time, 1960.02 real, 480 MB
[runlim] sample:		1969.99 time, 1970.02 real, 480 MB
[runlim] sample:		1979.99 time, 1980.02 real, 480 MB
[runlim] sample:		1989.99 time, 1990.02 real, 480 MB
[runlim] sample:		1999.99 time, 2000.02 real, 480 MB
[runlim] sample:		2009.99 time, 2010.02 real, 486 MB
[runlim] sample:		2019.99 time, 2020.02 real, 486 MB
[runlim] sample:		2029.99 time, 2030.02 real, 497 MB
[runlim] sample:		2039.99 time, 2040.02 real, 497 MB
[runlim] sample:		2049.99 time, 2050.02 real, 497 MB
[runlim] sample:		2059.99 time, 2060.02 real, 497 MB
[runlim] sample:		2069.99 time, 2070.02 real, 497 MB
[runlim] sample:		2079.99 time, 2080.02 real, 497 MB
[runlim] sample:		2089.99 time, 2090.02 real, 497 MB
[runlim] sample:		2099.99 time, 2100.01 real, 497 MB
[runlim] sample:		2109.99 time, 2110.02 real, 497 MB
[runlim] sample:		2119.99 time, 2120.02 real, 497 MB
[runlim] sample:		2129.99 time, 2130.01 real, 497 MB
[runlim] sample:		2140.00 time, 2140.02 real, 497 MB
[runlim] sample:		2150.00 time, 2150.02 real, 497 MB
[runlim] sample:		2160.00 time, 2160.02 real, 497 MB
[runlim] sample:		2170.00 time, 2170.02 real, 497 MB
[runlim] sample:		2180.00 time, 2180.02 real, 497 MB
[runlim] sample:		2190.00 time, 2190.02 real, 497 MB
[runlim] sample:		2200.00 time, 2200.02 real, 497 MB
[runlim] sample:		2210.00 time, 2210.02 real, 497 MB
[runlim] sample:		2219.99 time, 2220.02 real, 503 MB
[runlim] sample:		2229.99 time, 2230.01 real, 504 MB
[runlim] sample:		2240.00 time, 2240.02 real, 504 MB
[runlim] sample:		2250.00 time, 2250.02 real, 504 MB
[runlim] sample:		2260.00 time, 2260.02 real, 504 MB
[runlim] sample:		2270.00 time, 2270.02 real, 504 MB
[runlim] sample:		2280.00 time, 2280.02 real, 504 MB
[runlim] sample:		2290.00 time, 2290.01 real, 504 MB
[runlim] sample:		2300.00 time, 2300.02 real, 504 MB
[runlim] sample:		2310.00 time, 2310.02 real, 504 MB
[runlim] sample:		2320.00 time, 2320.02 real, 504 MB
[runlim] sample:		2330.00 time, 2330.01 real, 504 MB
[runlim] sample:		2340.00 time, 2340.01 real, 504 MB
[runlim] sample:		2350.00 time, 2350.02 real, 535 MB
[runlim] sample:		2360.00 time, 2360.02 real, 535 MB
[runlim] sample:		2370.00 time, 2370.02 real, 535 MB
[runlim] sample:		2380.00 time, 2380.02 real, 535 MB
[runlim] sample:		2390.00 time, 2390.02 real, 535 MB
[runlim] sample:		2400.00 time, 2400.02 real, 535 MB
[runlim] sample:		2409.99 time, 2410.02 real, 584 MB
[runlim] sample:		2419.99 time, 2420.01 real, 556 MB
[runlim] sample:		2430.00 time, 2430.02 real, 556 MB
[runlim] sample:		2440.00 time, 2440.02 real, 556 MB
[runlim] sample:		2450.00 time, 2450.02 real, 556 MB
[runlim] sample:		2460.00 time, 2460.02 real, 556 MB
[runlim] sample:		2470.00 time, 2470.01 real, 556 MB
[runlim] sample:		2480.00 time, 2480.02 real, 556 MB
[runlim] sample:		2489.99 time, 2490.02 real, 556 MB
[runlim] sample:		2499.99 time, 2500.02 real, 556 MB
[runlim] sample:		2509.99 time, 2510.02 real, 556 MB
[runlim] sample:		2519.99 time, 2520.02 real, 556 MB
[runlim] sample:		2529.99 time, 2530.02 real, 556 MB
[runlim] sample:		2539.99 time, 2540.02 real, 556 MB
[runlim] sample:		2549.99 time, 2550.02 real, 556 MB
[runlim] sample:		2559.99 time, 2560.01 real, 558 MB
[runlim] sample:		2569.99 time, 2570.02 real, 558 MB
[runlim] sample:		2579.99 time, 2580.02 real, 558 MB
[runlim] sample:		2589.99 time, 2590.02 real, 558 MB
[runlim] sample:		2599.99 time, 2600.02 real, 558 MB
[runlim] sample:		2609.99 time, 2610.02 real, 558 MB
[runlim] sample:		2619.99 time, 2620.02 real, 558 MB
[runlim] sample:		2629.99 time, 2630.02 real, 558 MB
[runlim] sample:		2639.99 time, 2640.02 real, 558 MB
[runlim] sample:		2649.99 time, 2650.02 real, 558 MB
[runlim] sample:		2659.99 time, 2660.02 real, 562 MB
[runlim] sample:		2669.99 time, 2670.01 real, 563 MB
[runlim] sample:		2680.00 time, 2680.02 real, 563 MB
[runlim] sample:		2690.00 time, 2690.02 real, 563 MB
[runlim] sample:		2699.99 time, 2700.02 real, 583 MB
[runlim] sample:		2709.99 time, 2710.02 real, 583 MB
[runlim] sample:		2719.99 time, 2720.02 real, 583 MB
[runlim] sample:		2729.99 time, 2730.02 real, 583 MB
[runlim] sample:		2740.00 time, 2740.02 real, 583 MB
[runlim] sample:		2750.00 time, 2750.02 real, 583 MB
[runlim] sample:		2759.99 time, 2760.02 real, 583 MB
[runlim] sample:		2769.99 time, 2770.02 real, 584 MB
[runlim] sample:		2779.99 time, 2780.02 real, 584 MB
[runlim] sample:		2789.99 time, 2790.02 real, 584 MB
[runlim] sample:		2800.00 time, 2800.01 real, 584 MB
[runlim] sample:		2810.00 time, 2810.02 real, 584 MB
[runlim] sample:		2820.00 time, 2820.02 real, 584 MB
[runlim] sample:		2830.00 time, 2830.02 real, 584 MB
[runlim] sample:		2839.99 time, 2840.02 real, 584 MB
[runlim] sample:		2849.99 time, 2850.02 real, 584 MB
[runlim] sample:		2859.99 time, 2860.01 real, 584 MB
[runlim] sample:		2869.99 time, 2870.02 real, 586 MB
[runlim] sample:		2879.99 time, 2880.01 real, 587 MB
[runlim] sample:		2889.99 time, 2890.02 real, 587 MB
[runlim] sample:		2899.99 time, 2900.02 real, 587 MB
[runlim] sample:		2909.99 time, 2910.02 real, 587 MB
[runlim] sample:		2919.99 time, 2920.01 real, 589 MB
[runlim] sample:		2930.00 time, 2930.02 real, 589 MB
[runlim] sample:		2939.99 time, 2940.02 real, 589 MB
[runlim] sample:		2949.99 time, 2950.02 real, 589 MB
[runlim] sample:		2959.99 time, 2960.02 real, 589 MB
[runlim] sample:		2969.99 time, 2970.02 real, 591 MB
[runlim] sample:		2979.99 time, 2980.02 real, 591 MB
[runlim] sample:		2989.99 time, 2990.02 real, 591 MB
[runlim] sample:		3000.00 time, 3000.02 real, 591 MB
[runlim] sample:		3010.00 time, 3010.02 real, 591 MB
[runlim] sample:		3020.00 time, 3020.01 real, 592 MB
[runlim] sample:		3030.00 time, 3030.02 real, 592 MB
[runlim] sample:		3039.99 time, 3040.02 real, 592 MB
[runlim] sample:		3049.99 time, 3050.02 real, 592 MB
[runlim] sample:		3059.99 time, 3060.02 real, 592 MB
[runlim] sample:		3069.99 time, 3070.02 real, 592 MB
[runlim] sample:		3079.99 time, 3080.02 real, 592 MB
[runlim] sample:		3089.99 time, 3090.02 real, 592 MB
[runlim] sample:		3099.99 time, 3100.02 real, 592 MB
[runlim] sample:		3109.99 time, 3110.02 real, 592 MB
[runlim] sample:		3120.00 time, 3120.02 real, 592 MB
[runlim] sample:		3130.00 time, 3130.01 real, 593 MB
[runlim] sample:		3140.00 time, 3140.02 real, 708 MB
[runlim] sample:		3150.00 time, 3150.02 real, 708 MB
[runlim] sample:		3160.00 time, 3160.02 real, 593 MB
[runlim] sample:		3169.99 time, 3170.02 real, 593 MB
[runlim] sample:		3180.00 time, 3180.02 real, 593 MB
[runlim] sample:		3190.00 time, 3190.01 real, 594 MB
[runlim] sample:		3199.99 time, 3200.01 real, 594 MB
[runlim] sample:		3209.99 time, 3210.02 real, 594 MB
[runlim] sample:		3219.99 time, 3220.02 real, 594 MB
[runlim] sample:		3229.99 time, 3230.02 real, 594 MB
[runlim] sample:		3239.99 time, 3240.02 real, 594 MB
[runlim] sample:		3249.99 time, 3250.02 real, 594 MB
[runlim] sample:		3259.99 time, 3260.02 real, 595 MB
[runlim] sample:		3269.99 time, 3270.02 real, 595 MB
[runlim] sample:		3280.00 time, 3280.02 real, 595 MB
[runlim] sample:		3290.00 time, 3290.02 real, 595 MB
[runlim] sample:		3300.00 time, 3300.02 real, 595 MB
[runlim] sample:		3310.00 time, 3310.02 real, 595 MB
[runlim] sample:		3319.99 time, 3320.02 real, 595 MB
[runlim] sample:		3329.99 time, 3330.02 real, 595 MB
[runlim] sample:		3340.00 time, 3340.02 real, 595 MB
[runlim] sample:		3350.00 time, 3350.02 real, 595 MB
[runlim] sample:		3360.00 time, 3360.02 real, 595 MB
[runlim] sample:		3370.00 time, 3370.02 real, 595 MB
[runlim] sample:		3379.99 time, 3380.02 real, 595 MB
[runlim] sample:		3389.99 time, 3390.02 real, 595 MB
[runlim] sample:		3399.99 time, 3400.02 real, 595 MB
[runlim] sample:		3409.99 time, 3410.02 real, 596 MB
[runlim] sample:		3419.99 time, 3420.02 real, 596 MB
[runlim] sample:		3430.00 time, 3430.02 real, 729 MB
[runlim] sample:		3439.99 time, 3440.01 real, 736 MB
[runlim] sample:		3449.99 time, 3450.01 real, 736 MB
[runlim] sample:		3460.00 time, 3460.01 real, 750 MB
[runlim] sample:		3469.99 time, 3470.01 real, 787 MB
[runlim] sample:		3479.99 time, 3480.01 real, 787 MB
[runlim] sample:		3490.00 time, 3490.01 real, 787 MB
[runlim] sample:		3499.99 time, 3500.01 real, 787 MB
[runlim] sample:		3509.99 time, 3510.01 real, 787 MB
[runlim] sample:		3519.99 time, 3520.01 real, 787 MB
[runlim] sample:		3529.99 time, 3530.01 real, 787 MB
[runlim] sample:		3539.99 time, 3540.01 real, 787 MB
[runlim] sample:		3549.99 time, 3550.01 real, 787 MB
[runlim] sample:		3559.99 time, 3560.01 real, 789 MB
[runlim] sample:		3569.99 time, 3570.01 real, 789 MB
[runlim] sample:		3579.99 time, 3580.01 real, 789 MB
[runlim] sample:		3589.99 time, 3590.01 real, 789 MB
[runlim] sample:		3599.99 time, 3600.01 real, 793 MB
[runlim] end:			Thu Oct 17 18:09:06 2019
[runlim] status:		out of time
[runlim] result:		2
[runlim] children:		3
[runlim] real:			3600.10 seconds
[runlim] time:			3599.99 seconds
[runlim] space:			836 MB
[runlim] samples:		36000
