[runlim] version:		1.17
[runlim] host:			c3n29
[runlim] time limit:		311040000 seconds
[runlim] real time limit:	3600 seconds
[runlim] space limit:		120000 MB
[runlim] argv[0]:		./run-conps-btormc-no-thp.sh
[runlim] argv[1]:		/tmp/Dz19EyAB.btor
[runlim] start:			Thu Oct 17 18:04:14 2019
[runlim] child:			27970
[runlim] sample:		9.98 time, 10.02 real, 294 MB
[runlim] sample:		19.98 time, 20.02 real, 431 MB
[runlim] sample:		29.98 time, 30.02 real, 578 MB
[runlim] sample:		39.98 time, 40.02 real, 695 MB
[runlim] sample:		49.98 time, 50.02 real, 830 MB
[runlim] end:			Thu Oct 17 18:05:06 2019
[runlim] status:		ok
[runlim] result:		0
[runlim] children:		3
[runlim] real:			52.11 seconds
[runlim] time:			51.98 seconds
[runlim] space:			880 MB
[runlim] samples:		520
