[runlim] version:		1.17
[runlim] host:			c3n22
[runlim] time limit:		311040000 seconds
[runlim] real time limit:	3600 seconds
[runlim] space limit:		120000 MB
[runlim] argv[0]:		./run-conps-btormc-no-thp.sh
[runlim] argv[1]:		/tmp/xYmFZSRF.btor
[runlim] start:			Thu Oct 17 16:48:26 2019
[runlim] child:			13381
[runlim] sample:		9.98 time, 10.01 real, 60 MB
[runlim] sample:		19.98 time, 20.02 real, 95 MB
[runlim] sample:		29.98 time, 30.01 real, 132 MB
[runlim] sample:		39.98 time, 40.02 real, 180 MB
[runlim] sample:		49.99 time, 50.02 real, 197 MB
[runlim] sample:		59.98 time, 60.01 real, 222 MB
[runlim] sample:		69.98 time, 70.02 real, 222 MB
[runlim] sample:		79.98 time, 80.02 real, 266 MB
[runlim] sample:		89.98 time, 90.01 real, 297 MB
[runlim] sample:		99.98 time, 100.02 real, 298 MB
[runlim] sample:		109.98 time, 110.01 real, 308 MB
[runlim] sample:		119.98 time, 120.01 real, 323 MB
[runlim] sample:		129.98 time, 130.01 real, 363 MB
[runlim] sample:		139.99 time, 140.01 real, 376 MB
[runlim] sample:		149.98 time, 150.01 real, 405 MB
[runlim] sample:		159.98 time, 160.01 real, 407 MB
[runlim] sample:		169.98 time, 170.01 real, 407 MB
[runlim] sample:		179.98 time, 180.01 real, 411 MB
[runlim] sample:		189.98 time, 190.01 real, 441 MB
[runlim] sample:		199.98 time, 200.01 real, 442 MB
[runlim] sample:		209.98 time, 210.01 real, 494 MB
[runlim] sample:		219.98 time, 220.01 real, 502 MB
[runlim] sample:		229.98 time, 230.01 real, 506 MB
[runlim] sample:		239.98 time, 240.01 real, 506 MB
[runlim] sample:		249.98 time, 250.01 real, 531 MB
[runlim] sample:		259.98 time, 260.01 real, 593 MB
[runlim] sample:		269.97 time, 270.01 real, 643 MB
[runlim] sample:		279.98 time, 280.01 real, 670 MB
[runlim] sample:		289.98 time, 290.01 real, 729 MB
[runlim] sample:		299.98 time, 300.01 real, 779 MB
[runlim] sample:		309.98 time, 310.01 real, 850 MB
[runlim] sample:		319.97 time, 320.01 real, 850 MB
[runlim] sample:		329.98 time, 330.01 real, 880 MB
[runlim] sample:		339.98 time, 340.01 real, 906 MB
[runlim] sample:		349.98 time, 350.01 real, 907 MB
[runlim] sample:		359.97 time, 360.01 real, 944 MB
[runlim] sample:		369.98 time, 370.01 real, 1006 MB
[runlim] sample:		379.97 time, 380.01 real, 1013 MB
[runlim] sample:		389.98 time, 390.01 real, 1015 MB
[runlim] sample:		399.97 time, 400.01 real, 1015 MB
[runlim] sample:		409.97 time, 410.01 real, 1097 MB
[runlim] sample:		419.97 time, 420.01 real, 1159 MB
[runlim] sample:		429.98 time, 430.01 real, 1189 MB
[runlim] sample:		439.97 time, 440.01 real, 1198 MB
[runlim] sample:		449.97 time, 450.01 real, 1198 MB
[runlim] sample:		459.97 time, 460.01 real, 1198 MB
[runlim] sample:		469.97 time, 470.01 real, 1225 MB
[runlim] sample:		479.97 time, 480.01 real, 1225 MB
[runlim] sample:		489.97 time, 490.01 real, 1257 MB
[runlim] sample:		499.97 time, 500.01 real, 1225 MB
[runlim] sample:		509.97 time, 510.01 real, 1258 MB
[runlim] sample:		519.97 time, 520.01 real, 1249 MB
[runlim] end:			Thu Oct 17 16:57:08 2019
[runlim] status:		ok
[runlim] result:		0
[runlim] children:		3
[runlim] real:			522.53 seconds
[runlim] time:			522.47 seconds
[runlim] space:			1309 MB
[runlim] samples:		5225
