c host: c3n16
c start: Wed Oct 16 22:56:16 CEST 2019
c arrayjobid: 17562837
c jobid: 17565068
c benchmark: /home/mathias/hwmcc19/benchmarks-single/btor2/beem/adding.5.prop1-func-interl.aig
c solver: ./run.sh
c solver options: 
c tmpdir: /tmp/slurm.17565068.0
1
b0
0000000000000000000000000000000000000000000000000000000
000100
001000
000001
010000
000010
000100
001000
100000
000001
010000
000100
000010
001000
010000
000100
100000
001000
000001
000010
010000
000100
100000
001000
000001
010000
000100
001000
000010
010000
000100
100000
001000
000001
000010
100000
000001
010000
000010
000100
100000
000001
000010
100000
001000
000001
010000
000100
000010
100000
000000
.
c done
