[runlim] version:		1.17
[runlim] host:			c3n21
[runlim] time limit:		311040000 seconds
[runlim] real time limit:	3600 seconds
[runlim] space limit:		120000 MB
[runlim] argv[0]:		./run.sh
[runlim] argv[1]:		/tmp/2kq80B21.aig
[runlim] start:			Wed Oct 16 22:54:47 2019
[runlim] child:			14504
[runlim] sample:		42.88 time, 10.02 real, 87 MB
[runlim] sample:		52.87 time, 20.02 real, 88 MB
[runlim] sample:		303.44 time, 30.02 real, 89 MB
[runlim] sample:		313.43 time, 40.02 real, 89 MB
[runlim] sample:		323.44 time, 50.02 real, 89 MB
[runlim] sample:		333.44 time, 60.02 real, 89 MB
[runlim] sample:		343.44 time, 70.02 real, 89 MB
[runlim] sample:		353.44 time, 80.02 real, 89 MB
[runlim] sample:		363.44 time, 90.02 real, 89 MB
[runlim] sample:		373.44 time, 100.02 real, 89 MB
[runlim] sample:		383.43 time, 110.02 real, 89 MB
[runlim] sample:		393.43 time, 120.02 real, 89 MB
[runlim] sample:		403.44 time, 130.02 real, 89 MB
[runlim] sample:		413.45 time, 140.02 real, 89 MB
[runlim] sample:		423.44 time, 150.02 real, 89 MB
[runlim] sample:		433.44 time, 160.02 real, 89 MB
[runlim] sample:		443.44 time, 170.02 real, 89 MB
[runlim] sample:		453.44 time, 180.02 real, 89 MB
[runlim] sample:		463.45 time, 190.02 real, 89 MB
[runlim] sample:		473.44 time, 200.02 real, 89 MB
[runlim] sample:		483.45 time, 210.02 real, 89 MB
[runlim] sample:		493.45 time, 220.02 real, 89 MB
[runlim] sample:		503.45 time, 230.02 real, 89 MB
[runlim] sample:		513.44 time, 240.02 real, 89 MB
[runlim] sample:		523.45 time, 250.02 real, 89 MB
[runlim] sample:		533.44 time, 260.02 real, 89 MB
[runlim] sample:		543.45 time, 270.02 real, 89 MB
[runlim] sample:		553.44 time, 280.02 real, 89 MB
[runlim] sample:		563.45 time, 290.02 real, 89 MB
[runlim] sample:		573.44 time, 300.02 real, 89 MB
[runlim] sample:		583.44 time, 310.02 real, 89 MB
[runlim] sample:		593.45 time, 320.02 real, 89 MB
[runlim] sample:		603.44 time, 330.02 real, 89 MB
[runlim] sample:		613.44 time, 340.02 real, 89 MB
[runlim] sample:		623.44 time, 350.02 real, 89 MB
[runlim] sample:		633.44 time, 360.02 real, 89 MB
[runlim] sample:		643.44 time, 370.02 real, 89 MB
[runlim] sample:		653.44 time, 380.02 real, 89 MB
[runlim] sample:		663.44 time, 390.02 real, 89 MB
[runlim] sample:		673.44 time, 400.02 real, 89 MB
[runlim] sample:		683.44 time, 410.02 real, 89 MB
[runlim] sample:		693.44 time, 420.02 real, 89 MB
[runlim] sample:		703.44 time, 430.02 real, 89 MB
[runlim] sample:		713.44 time, 440.02 real, 89 MB
[runlim] sample:		723.44 time, 450.02 real, 89 MB
[runlim] sample:		733.44 time, 460.02 real, 89 MB
[runlim] sample:		743.45 time, 470.02 real, 89 MB
[runlim] sample:		753.44 time, 480.02 real, 89 MB
[runlim] sample:		763.45 time, 490.02 real, 89 MB
[runlim] sample:		773.44 time, 500.02 real, 89 MB
[runlim] sample:		783.45 time, 510.02 real, 89 MB
[runlim] sample:		793.45 time, 520.02 real, 89 MB
[runlim] sample:		803.45 time, 530.02 real, 89 MB
[runlim] sample:		813.44 time, 540.02 real, 89 MB
[runlim] sample:		823.45 time, 550.02 real, 89 MB
[runlim] sample:		833.45 time, 560.02 real, 89 MB
[runlim] sample:		843.45 time, 570.02 real, 89 MB
[runlim] sample:		853.44 time, 580.02 real, 89 MB
[runlim] sample:		863.44 time, 590.02 real, 89 MB
[runlim] sample:		873.44 time, 600.02 real, 89 MB
[runlim] sample:		883.44 time, 610.02 real, 89 MB
[runlim] sample:		893.45 time, 620.02 real, 89 MB
[runlim] sample:		903.44 time, 630.02 real, 89 MB
[runlim] sample:		913.45 time, 640.02 real, 89 MB
[runlim] sample:		923.45 time, 650.02 real, 89 MB
[runlim] sample:		933.44 time, 660.02 real, 89 MB
[runlim] sample:		943.44 time, 670.02 real, 89 MB
[runlim] sample:		953.44 time, 680.02 real, 89 MB
[runlim] sample:		963.44 time, 690.02 real, 89 MB
[runlim] sample:		973.44 time, 700.02 real, 89 MB
[runlim] sample:		983.44 time, 710.02 real, 89 MB
[runlim] sample:		993.44 time, 720.02 real, 89 MB
[runlim] sample:		1003.44 time, 730.02 real, 89 MB
[runlim] sample:		1013.44 time, 740.02 real, 89 MB
[runlim] sample:		1023.44 time, 750.02 real, 89 MB
[runlim] sample:		1033.45 time, 760.02 real, 89 MB
[runlim] sample:		1043.45 time, 770.02 real, 89 MB
[runlim] sample:		1053.44 time, 780.02 real, 89 MB
[runlim] sample:		1063.44 time, 790.02 real, 89 MB
[runlim] sample:		1073.44 time, 800.02 real, 89 MB
[runlim] sample:		1083.44 time, 810.02 real, 89 MB
[runlim] sample:		1093.45 time, 820.02 real, 89 MB
[runlim] sample:		1103.45 time, 830.02 real, 89 MB
[runlim] sample:		1113.44 time, 840.02 real, 89 MB
[runlim] sample:		1123.45 time, 850.02 real, 89 MB
[runlim] sample:		1133.44 time, 860.02 real, 89 MB
[runlim] sample:		1143.45 time, 870.02 real, 89 MB
[runlim] sample:		1153.45 time, 880.02 real, 89 MB
[runlim] sample:		1163.44 time, 890.02 real, 89 MB
[runlim] sample:		1173.45 time, 900.02 real, 89 MB
[runlim] sample:		1183.44 time, 910.02 real, 89 MB
[runlim] sample:		1193.45 time, 920.02 real, 89 MB
[runlim] sample:		1203.44 time, 930.02 real, 89 MB
[runlim] sample:		1213.45 time, 940.02 real, 89 MB
[runlim] sample:		1223.44 time, 950.02 real, 89 MB
[runlim] sample:		1233.44 time, 960.02 real, 89 MB
[runlim] sample:		1243.44 time, 970.02 real, 89 MB
[runlim] sample:		1253.44 time, 980.02 real, 89 MB
[runlim] sample:		1263.44 time, 990.02 real, 89 MB
[runlim] sample:		1273.44 time, 1000.02 real, 89 MB
[runlim] sample:		1283.44 time, 1010.02 real, 89 MB
[runlim] sample:		1293.44 time, 1020.02 real, 89 MB
[runlim] sample:		1303.44 time, 1030.02 real, 89 MB
[runlim] sample:		1313.43 time, 1040.02 real, 89 MB
[runlim] sample:		1323.43 time, 1050.02 real, 89 MB
[runlim] sample:		1333.43 time, 1060.02 real, 89 MB
[runlim] sample:		1343.44 time, 1070.02 real, 89 MB
[runlim] sample:		1353.44 time, 1080.02 real, 89 MB
[runlim] sample:		1363.43 time, 1090.02 real, 89 MB
[runlim] sample:		1373.43 time, 1100.02 real, 89 MB
[runlim] sample:		1383.44 time, 1110.02 real, 89 MB
[runlim] sample:		1393.43 time, 1120.02 real, 89 MB
[runlim] sample:		1403.44 time, 1130.02 real, 89 MB
[runlim] sample:		1413.43 time, 1140.02 real, 89 MB
[runlim] sample:		1423.43 time, 1150.02 real, 89 MB
[runlim] sample:		1433.43 time, 1160.02 real, 89 MB
[runlim] sample:		1443.43 time, 1170.02 real, 89 MB
[runlim] sample:		1453.43 time, 1180.02 real, 89 MB
[runlim] sample:		1463.43 time, 1190.02 real, 89 MB
[runlim] sample:		1473.44 time, 1200.02 real, 89 MB
[runlim] sample:		1483.44 time, 1210.02 real, 89 MB
[runlim] sample:		1493.44 time, 1220.02 real, 89 MB
[runlim] sample:		1503.44 time, 1230.02 real, 89 MB
[runlim] sample:		1513.44 time, 1240.02 real, 89 MB
[runlim] sample:		1523.44 time, 1250.02 real, 89 MB
[runlim] sample:		1533.43 time, 1260.02 real, 89 MB
[runlim] sample:		1543.44 time, 1270.02 real, 89 MB
[runlim] sample:		1553.44 time, 1280.02 real, 89 MB
[runlim] sample:		1563.43 time, 1290.02 real, 89 MB
[runlim] sample:		1573.44 time, 1300.02 real, 89 MB
[runlim] sample:		1583.43 time, 1310.02 real, 89 MB
[runlim] sample:		1593.44 time, 1320.02 real, 89 MB
[runlim] sample:		1603.43 time, 1330.02 real, 89 MB
[runlim] sample:		1613.44 time, 1340.02 real, 89 MB
[runlim] sample:		1623.43 time, 1350.02 real, 89 MB
[runlim] sample:		1633.44 time, 1360.02 real, 89 MB
[runlim] sample:		1643.44 time, 1370.02 real, 89 MB
[runlim] sample:		1653.44 time, 1380.02 real, 89 MB
[runlim] sample:		1663.44 time, 1390.02 real, 89 MB
[runlim] sample:		1673.43 time, 1400.02 real, 89 MB
[runlim] sample:		1683.44 time, 1410.02 real, 89 MB
[runlim] sample:		1693.43 time, 1420.02 real, 89 MB
[runlim] sample:		1703.44 time, 1430.02 real, 89 MB
[runlim] sample:		1713.44 time, 1440.02 real, 89 MB
[runlim] sample:		1723.44 time, 1450.02 real, 89 MB
[runlim] sample:		1733.44 time, 1460.02 real, 89 MB
[runlim] sample:		1743.43 time, 1470.02 real, 89 MB
[runlim] sample:		1753.44 time, 1480.02 real, 89 MB
[runlim] sample:		1763.44 time, 1490.02 real, 89 MB
[runlim] sample:		1773.44 time, 1500.02 real, 89 MB
[runlim] sample:		1783.44 time, 1510.02 real, 89 MB
[runlim] sample:		1793.43 time, 1520.02 real, 89 MB
[runlim] sample:		1803.44 time, 1530.02 real, 89 MB
[runlim] sample:		1813.44 time, 1540.02 real, 89 MB
[runlim] sample:		1823.44 time, 1550.02 real, 89 MB
[runlim] sample:		1833.44 time, 1560.02 real, 89 MB
[runlim] sample:		1843.44 time, 1570.02 real, 89 MB
[runlim] sample:		1853.44 time, 1580.02 real, 89 MB
[runlim] sample:		1863.44 time, 1590.02 real, 89 MB
[runlim] sample:		1873.44 time, 1600.02 real, 89 MB
[runlim] sample:		1883.44 time, 1610.02 real, 89 MB
[runlim] sample:		1893.44 time, 1620.02 real, 89 MB
[runlim] sample:		1903.44 time, 1630.02 real, 89 MB
[runlim] sample:		1913.44 time, 1640.02 real, 89 MB
[runlim] sample:		1923.44 time, 1650.02 real, 89 MB
[runlim] sample:		1933.44 time, 1660.02 real, 89 MB
[runlim] sample:		1943.44 time, 1670.02 real, 89 MB
[runlim] sample:		1953.44 time, 1680.02 real, 89 MB
[runlim] sample:		1963.44 time, 1690.02 real, 89 MB
[runlim] sample:		1973.44 time, 1700.02 real, 89 MB
[runlim] sample:		1983.44 time, 1710.02 real, 89 MB
[runlim] sample:		1993.44 time, 1720.02 real, 89 MB
[runlim] sample:		2003.44 time, 1730.02 real, 89 MB
[runlim] sample:		2013.44 time, 1740.02 real, 89 MB
[runlim] sample:		2023.44 time, 1750.02 real, 89 MB
[runlim] sample:		2033.44 time, 1760.02 real, 89 MB
[runlim] sample:		2043.44 time, 1770.02 real, 89 MB
[runlim] sample:		2053.44 time, 1780.02 real, 89 MB
[runlim] sample:		2063.44 time, 1790.02 real, 89 MB
[runlim] sample:		2073.44 time, 1800.02 real, 89 MB
[runlim] sample:		2083.44 time, 1810.02 real, 89 MB
[runlim] sample:		2093.44 time, 1820.02 real, 89 MB
[runlim] sample:		2103.44 time, 1830.02 real, 89 MB
[runlim] sample:		2113.44 time, 1840.02 real, 89 MB
[runlim] sample:		2123.44 time, 1850.02 real, 89 MB
[runlim] sample:		2133.44 time, 1860.02 real, 89 MB
[runlim] sample:		2143.44 time, 1870.02 real, 89 MB
[runlim] sample:		2153.44 time, 1880.02 real, 89 MB
[runlim] sample:		2163.44 time, 1890.02 real, 89 MB
[runlim] sample:		2173.44 time, 1900.02 real, 89 MB
[runlim] sample:		2183.44 time, 1910.02 real, 89 MB
[runlim] sample:		2193.44 time, 1920.02 real, 89 MB
[runlim] sample:		2203.44 time, 1930.02 real, 89 MB
[runlim] sample:		2213.44 time, 1940.02 real, 89 MB
[runlim] sample:		2223.44 time, 1950.02 real, 89 MB
[runlim] sample:		2233.44 time, 1960.02 real, 89 MB
[runlim] sample:		2243.44 time, 1970.02 real, 89 MB
[runlim] sample:		2253.44 time, 1980.02 real, 89 MB
[runlim] sample:		2263.44 time, 1990.02 real, 89 MB
[runlim] sample:		2273.44 time, 2000.02 real, 89 MB
[runlim] sample:		2283.44 time, 2010.02 real, 89 MB
[runlim] sample:		2293.44 time, 2020.02 real, 89 MB
[runlim] sample:		2303.44 time, 2030.02 real, 89 MB
[runlim] sample:		2313.45 time, 2040.02 real, 89 MB
[runlim] sample:		2323.44 time, 2050.02 real, 89 MB
[runlim] sample:		2333.44 time, 2060.02 real, 89 MB
[runlim] sample:		2343.45 time, 2070.02 real, 89 MB
[runlim] sample:		2353.44 time, 2080.02 real, 89 MB
[runlim] sample:		2363.45 time, 2090.02 real, 89 MB
[runlim] sample:		2373.44 time, 2100.02 real, 89 MB
[runlim] sample:		2383.44 time, 2110.02 real, 89 MB
[runlim] sample:		2393.44 time, 2120.02 real, 89 MB
[runlim] sample:		2403.44 time, 2130.02 real, 89 MB
[runlim] sample:		2413.44 time, 2140.02 real, 89 MB
[runlim] sample:		2423.44 time, 2150.02 real, 89 MB
[runlim] sample:		2433.44 time, 2160.02 real, 89 MB
[runlim] sample:		2443.45 time, 2170.02 real, 89 MB
[runlim] sample:		2453.44 time, 2180.02 real, 89 MB
[runlim] sample:		2463.45 time, 2190.02 real, 89 MB
[runlim] sample:		2473.44 time, 2200.02 real, 89 MB
[runlim] sample:		2483.45 time, 2210.02 real, 89 MB
[runlim] sample:		2493.44 time, 2220.02 real, 89 MB
[runlim] sample:		2503.44 time, 2230.02 real, 89 MB
[runlim] sample:		2513.44 time, 2240.02 real, 89 MB
[runlim] sample:		2523.44 time, 2250.02 real, 89 MB
[runlim] sample:		2533.45 time, 2260.02 real, 89 MB
[runlim] sample:		2543.44 time, 2270.02 real, 89 MB
[runlim] sample:		2553.44 time, 2280.02 real, 89 MB
[runlim] sample:		2563.44 time, 2290.02 real, 89 MB
[runlim] sample:		2573.44 time, 2300.02 real, 89 MB
[runlim] sample:		2583.44 time, 2310.02 real, 89 MB
[runlim] sample:		2593.45 time, 2320.02 real, 89 MB
[runlim] sample:		2603.44 time, 2330.02 real, 89 MB
[runlim] sample:		2613.44 time, 2340.02 real, 89 MB
[runlim] sample:		2623.45 time, 2350.02 real, 89 MB
[runlim] sample:		2633.44 time, 2360.02 real, 89 MB
[runlim] sample:		2643.44 time, 2370.02 real, 89 MB
[runlim] sample:		2653.44 time, 2380.02 real, 89 MB
[runlim] sample:		2663.45 time, 2390.02 real, 89 MB
[runlim] sample:		2673.44 time, 2400.02 real, 89 MB
[runlim] sample:		2683.45 time, 2410.02 real, 89 MB
[runlim] sample:		2693.45 time, 2420.02 real, 89 MB
[runlim] sample:		2703.44 time, 2430.02 real, 89 MB
[runlim] sample:		2713.45 time, 2440.02 real, 89 MB
[runlim] sample:		2723.45 time, 2450.02 real, 89 MB
[runlim] sample:		2733.44 time, 2460.02 real, 89 MB
[runlim] sample:		2743.44 time, 2470.02 real, 89 MB
[runlim] sample:		2753.45 time, 2480.02 real, 89 MB
[runlim] sample:		2763.45 time, 2490.02 real, 89 MB
[runlim] sample:		2773.44 time, 2500.02 real, 89 MB
[runlim] sample:		2783.44 time, 2510.02 real, 89 MB
[runlim] sample:		2793.45 time, 2520.02 real, 89 MB
[runlim] sample:		2803.44 time, 2530.02 real, 89 MB
[runlim] sample:		2813.45 time, 2540.02 real, 89 MB
[runlim] sample:		2823.44 time, 2550.02 real, 89 MB
[runlim] sample:		2833.44 time, 2560.02 real, 89 MB
[runlim] sample:		2843.45 time, 2570.02 real, 89 MB
[runlim] sample:		2853.44 time, 2580.02 real, 89 MB
[runlim] sample:		2863.44 time, 2590.02 real, 89 MB
[runlim] sample:		2873.44 time, 2600.02 real, 89 MB
[runlim] sample:		2883.44 time, 2610.02 real, 89 MB
[runlim] sample:		2893.45 time, 2620.02 real, 89 MB
[runlim] sample:		2903.45 time, 2630.02 real, 89 MB
[runlim] sample:		2913.44 time, 2640.02 real, 89 MB
[runlim] sample:		2923.44 time, 2650.02 real, 89 MB
[runlim] sample:		2933.45 time, 2660.02 real, 89 MB
[runlim] sample:		2943.44 time, 2670.02 real, 89 MB
[runlim] sample:		2953.45 time, 2680.02 real, 89 MB
[runlim] sample:		2963.45 time, 2690.02 real, 89 MB
[runlim] sample:		2973.45 time, 2700.02 real, 89 MB
[runlim] sample:		2983.45 time, 2710.02 real, 89 MB
[runlim] sample:		2993.44 time, 2720.02 real, 89 MB
[runlim] sample:		3003.45 time, 2730.02 real, 89 MB
[runlim] sample:		3013.44 time, 2740.02 real, 89 MB
[runlim] sample:		3023.45 time, 2750.02 real, 89 MB
[runlim] sample:		3033.44 time, 2760.02 real, 89 MB
[runlim] sample:		3043.45 time, 2770.02 real, 89 MB
[runlim] sample:		3053.45 time, 2780.02 real, 89 MB
[runlim] sample:		3063.44 time, 2790.02 real, 89 MB
[runlim] sample:		3073.44 time, 2800.02 real, 89 MB
[runlim] sample:		3083.45 time, 2810.02 real, 89 MB
[runlim] sample:		3093.45 time, 2820.02 real, 89 MB
[runlim] sample:		3103.45 time, 2830.02 real, 89 MB
[runlim] sample:		3113.44 time, 2840.02 real, 89 MB
[runlim] sample:		3123.44 time, 2850.02 real, 89 MB
[runlim] sample:		3133.44 time, 2860.02 real, 89 MB
[runlim] sample:		3143.44 time, 2870.02 real, 89 MB
[runlim] sample:		3153.45 time, 2880.02 real, 89 MB
[runlim] sample:		3163.45 time, 2890.02 real, 89 MB
[runlim] sample:		3173.45 time, 2900.02 real, 89 MB
[runlim] sample:		3183.45 time, 2910.02 real, 89 MB
[runlim] sample:		3193.44 time, 2920.02 real, 89 MB
[runlim] sample:		3203.45 time, 2930.02 real, 89 MB
[runlim] sample:		3213.45 time, 2940.02 real, 89 MB
[runlim] sample:		3223.44 time, 2950.02 real, 89 MB
[runlim] sample:		3233.44 time, 2960.02 real, 89 MB
[runlim] sample:		3243.45 time, 2970.02 real, 89 MB
[runlim] sample:		3253.45 time, 2980.02 real, 89 MB
[runlim] sample:		3263.45 time, 2990.02 real, 89 MB
[runlim] sample:		3273.45 time, 3000.02 real, 89 MB
[runlim] sample:		3283.44 time, 3010.02 real, 89 MB
[runlim] sample:		3293.45 time, 3020.02 real, 89 MB
[runlim] sample:		3303.45 time, 3030.02 real, 89 MB
[runlim] sample:		3313.45 time, 3040.02 real, 89 MB
[runlim] sample:		3323.44 time, 3050.02 real, 89 MB
[runlim] sample:		3333.45 time, 3060.02 real, 89 MB
[runlim] sample:		3343.45 time, 3070.02 real, 89 MB
[runlim] sample:		3353.45 time, 3080.02 real, 89 MB
[runlim] sample:		3363.45 time, 3090.02 real, 89 MB
[runlim] sample:		3373.45 time, 3100.02 real, 89 MB
[runlim] sample:		3383.45 time, 3110.02 real, 89 MB
[runlim] sample:		3393.45 time, 3120.02 real, 89 MB
[runlim] sample:		3403.45 time, 3130.02 real, 89 MB
[runlim] sample:		3413.45 time, 3140.02 real, 89 MB
[runlim] sample:		3423.44 time, 3150.02 real, 89 MB
[runlim] sample:		3433.45 time, 3160.02 real, 89 MB
[runlim] sample:		3443.45 time, 3170.02 real, 89 MB
[runlim] sample:		3453.45 time, 3180.02 real, 89 MB
[runlim] sample:		3463.45 time, 3190.02 real, 89 MB
[runlim] sample:		3473.45 time, 3200.02 real, 89 MB
[runlim] sample:		3483.45 time, 3210.02 real, 89 MB
[runlim] sample:		3493.45 time, 3220.02 real, 89 MB
[runlim] sample:		3503.45 time, 3230.02 real, 89 MB
[runlim] sample:		3513.45 time, 3240.02 real, 89 MB
[runlim] sample:		3523.44 time, 3250.02 real, 89 MB
[runlim] sample:		3533.44 time, 3260.02 real, 89 MB
[runlim] sample:		3543.44 time, 3270.02 real, 89 MB
[runlim] sample:		3553.45 time, 3280.02 real, 89 MB
[runlim] sample:		3563.45 time, 3290.02 real, 89 MB
[runlim] sample:		3573.44 time, 3300.02 real, 89 MB
[runlim] sample:		3583.45 time, 3310.02 real, 89 MB
[runlim] sample:		3593.45 time, 3320.02 real, 89 MB
[runlim] sample:		3603.45 time, 3330.02 real, 89 MB
[runlim] sample:		3613.45 time, 3340.02 real, 89 MB
[runlim] sample:		3623.45 time, 3350.02 real, 89 MB
[runlim] sample:		3633.45 time, 3360.02 real, 89 MB
[runlim] sample:		3643.44 time, 3370.02 real, 89 MB
[runlim] sample:		3653.44 time, 3380.02 real, 89 MB
[runlim] sample:		3663.45 time, 3390.02 real, 89 MB
[runlim] sample:		3673.45 time, 3400.02 real, 89 MB
[runlim] sample:		3683.45 time, 3410.02 real, 89 MB
[runlim] sample:		3693.45 time, 3420.02 real, 89 MB
[runlim] sample:		3703.45 time, 3430.02 real, 89 MB
[runlim] sample:		3713.45 time, 3440.02 real, 89 MB
[runlim] sample:		3723.44 time, 3450.02 real, 89 MB
[runlim] sample:		3733.45 time, 3460.02 real, 89 MB
[runlim] sample:		3743.45 time, 3470.02 real, 89 MB
[runlim] sample:		3753.45 time, 3480.02 real, 89 MB
[runlim] sample:		3763.45 time, 3490.02 real, 89 MB
[runlim] sample:		3773.45 time, 3500.02 real, 89 MB
[runlim] sample:		3783.44 time, 3510.02 real, 89 MB
[runlim] sample:		3793.44 time, 3520.02 real, 89 MB
[runlim] sample:		3803.45 time, 3530.02 real, 89 MB
[runlim] sample:		3813.45 time, 3540.02 real, 89 MB
[runlim] sample:		3823.45 time, 3550.02 real, 89 MB
[runlim] sample:		3833.45 time, 3560.02 real, 89 MB
[runlim] sample:		3843.45 time, 3570.02 real, 89 MB
[runlim] sample:		3853.44 time, 3580.02 real, 89 MB
[runlim] sample:		3863.45 time, 3590.02 real, 89 MB
[runlim] sample:		3873.45 time, 3600.02 real, 89 MB
[runlim] end:			Wed Oct 16 23:54:47 2019
[runlim] status:		out of time
[runlim] result:		2
[runlim] children:		21
[runlim] real:			3600.13 seconds
[runlim] time:			3873.45 seconds
[runlim] space:			176 MB
[runlim] samples:		36000
