[runlim] version:		1.17
[runlim] host:			c3n14
[runlim] time limit:		311040000 seconds
[runlim] real time limit:	3600 seconds
[runlim] space limit:		120000 MB
[runlim] argv[0]:		./run.sh
[runlim] argv[1]:		/tmp/RyOyJDBg.aig
[runlim] start:			Wed Oct 16 23:04:17 2019
[runlim] child:			30886
[runlim] sample:		27.04 time, 10.02 real, 216 MB
[runlim] sample:		68.01 time, 20.02 real, 221 MB
[runlim] sample:		327.97 time, 30.02 real, 148 MB
[runlim] sample:		347.97 time, 40.02 real, 155 MB
[runlim] sample:		367.97 time, 50.02 real, 174 MB
[runlim] sample:		387.97 time, 60.02 real, 181 MB
[runlim] sample:		407.96 time, 70.02 real, 190 MB
[runlim] sample:		427.97 time, 80.02 real, 198 MB
[runlim] sample:		447.96 time, 90.02 real, 205 MB
[runlim] end:			Wed Oct 16 23:05:47 2019
[runlim] status:		ok
[runlim] result:		0
[runlim] children:		29
[runlim] real:			90.09 seconds
[runlim] time:			447.96 seconds
[runlim] space:			305 MB
[runlim] samples:		900
