[runlim] version:		1.17
[runlim] host:			c3n17
[runlim] time limit:		311040000 seconds
[runlim] real time limit:	3600 seconds
[runlim] space limit:		120000 MB
[runlim] argv[0]:		./run.sh
[runlim] argv[1]:		/tmp/KaI2tKkV.aig
[runlim] start:			Wed Oct 16 23:03:14 2019
[runlim] child:			11168
[runlim] sample:		18.60 time, 10.02 real, 356 MB
[runlim] sample:		61.60 time, 20.02 real, 290 MB
[runlim] sample:		81.60 time, 30.02 real, 300 MB
[runlim] sample:		129.37 time, 40.02 real, 304 MB
[runlim] sample:		149.38 time, 50.02 real, 307 MB
[runlim] sample:		169.38 time, 60.02 real, 312 MB
[runlim] sample:		246.98 time, 70.02 real, 429 MB
[runlim] sample:		266.97 time, 80.02 real, 438 MB
[runlim] sample:		1192.98 time, 90.02 real, 160 MB
[runlim] sample:		1212.98 time, 100.02 real, 217 MB
[runlim] sample:		1232.98 time, 110.02 real, 328 MB
[runlim] sample:		1252.98 time, 120.02 real, 398 MB
[runlim] sample:		1272.98 time, 130.02 real, 461 MB
[runlim] sample:		1292.98 time, 140.02 real, 513 MB
[runlim] sample:		1312.98 time, 150.02 real, 561 MB
[runlim] sample:		1332.98 time, 160.02 real, 604 MB
[runlim] sample:		1352.98 time, 170.02 real, 643 MB
[runlim] sample:		1372.98 time, 180.02 real, 678 MB
[runlim] sample:		1392.97 time, 190.02 real, 713 MB
[runlim] sample:		1412.97 time, 200.02 real, 756 MB
[runlim] sample:		1432.97 time, 210.02 real, 783 MB
[runlim] sample:		1452.97 time, 220.02 real, 809 MB
[runlim] sample:		1472.97 time, 230.02 real, 833 MB
[runlim] sample:		1492.97 time, 240.02 real, 856 MB
[runlim] sample:		1512.97 time, 250.02 real, 891 MB
[runlim] sample:		1532.97 time, 260.02 real, 915 MB
[runlim] sample:		1552.95 time, 270.02 real, 941 MB
[runlim] sample:		1572.96 time, 280.02 real, 961 MB
[runlim] sample:		1592.96 time, 290.02 real, 981 MB
[runlim] sample:		1612.96 time, 300.02 real, 999 MB
[runlim] sample:		1632.96 time, 310.02 real, 1020 MB
[runlim] sample:		1652.96 time, 320.02 real, 1043 MB
[runlim] sample:		1672.96 time, 330.02 real, 1059 MB
[runlim] sample:		1692.95 time, 340.02 real, 1078 MB
[runlim] sample:		1712.96 time, 350.02 real, 1100 MB
[runlim] sample:		1732.95 time, 360.02 real, 1121 MB
[runlim] sample:		1752.95 time, 370.02 real, 1136 MB
[runlim] sample:		1772.96 time, 380.02 real, 1154 MB
[runlim] sample:		1792.96 time, 390.02 real, 1179 MB
[runlim] sample:		1812.95 time, 400.02 real, 1200 MB
[runlim] sample:		1832.95 time, 410.02 real, 1216 MB
[runlim] sample:		1852.94 time, 420.02 real, 1230 MB
[runlim] sample:		1872.94 time, 430.02 real, 1248 MB
[runlim] sample:		1892.95 time, 440.02 real, 1266 MB
[runlim] sample:		1912.96 time, 450.02 real, 1284 MB
[runlim] sample:		1932.95 time, 460.02 real, 1297 MB
[runlim] sample:		1952.94 time, 470.02 real, 1313 MB
[runlim] sample:		1972.95 time, 480.02 real, 1330 MB
[runlim] sample:		1992.95 time, 490.02 real, 1346 MB
[runlim] sample:		2012.94 time, 500.02 real, 1361 MB
[runlim] sample:		2032.94 time, 510.02 real, 1376 MB
[runlim] sample:		2052.94 time, 520.02 real, 1391 MB
[runlim] sample:		2072.95 time, 530.02 real, 1403 MB
[runlim] sample:		2092.94 time, 540.02 real, 1392 MB
[runlim] sample:		2112.94 time, 550.02 real, 1414 MB
[runlim] sample:		2132.94 time, 560.02 real, 1427 MB
[runlim] sample:		2152.93 time, 570.02 real, 1447 MB
[runlim] sample:		2172.94 time, 580.02 real, 1475 MB
[runlim] sample:		2192.93 time, 590.02 real, 1488 MB
[runlim] sample:		2212.93 time, 600.02 real, 1500 MB
[runlim] sample:		2232.93 time, 610.02 real, 1517 MB
[runlim] sample:		2252.93 time, 620.02 real, 1526 MB
[runlim] sample:		2272.93 time, 630.02 real, 1536 MB
[runlim] sample:		2292.93 time, 640.02 real, 1547 MB
[runlim] sample:		2312.93 time, 650.02 real, 1566 MB
[runlim] sample:		2332.92 time, 660.02 real, 1576 MB
[runlim] sample:		2352.93 time, 670.02 real, 1587 MB
[runlim] sample:		2372.92 time, 680.02 real, 1596 MB
[runlim] sample:		2392.92 time, 690.02 real, 1605 MB
[runlim] sample:		2412.92 time, 700.02 real, 1615 MB
[runlim] sample:		2432.93 time, 710.02 real, 1624 MB
[runlim] sample:		2452.92 time, 720.02 real, 1636 MB
[runlim] sample:		2472.92 time, 730.02 real, 1645 MB
[runlim] sample:		2492.92 time, 740.02 real, 1657 MB
[runlim] sample:		2512.92 time, 750.02 real, 1673 MB
[runlim] sample:		2532.92 time, 760.02 real, 1686 MB
[runlim] sample:		2552.91 time, 770.02 real, 1700 MB
[runlim] sample:		2572.91 time, 780.02 real, 1713 MB
[runlim] sample:		2592.91 time, 790.02 real, 1726 MB
[runlim] sample:		2612.91 time, 800.02 real, 1737 MB
[runlim] sample:		2632.91 time, 810.02 real, 1749 MB
[runlim] sample:		2652.91 time, 820.02 real, 1760 MB
[runlim] sample:		2672.91 time, 830.02 real, 1771 MB
[runlim] sample:		2692.91 time, 840.02 real, 1781 MB
[runlim] sample:		2712.91 time, 850.02 real, 1791 MB
[runlim] sample:		2732.91 time, 860.02 real, 1802 MB
[runlim] sample:		2752.91 time, 870.02 real, 1810 MB
[runlim] sample:		2772.91 time, 880.02 real, 1820 MB
[runlim] sample:		2792.91 time, 890.02 real, 1830 MB
[runlim] sample:		2812.90 time, 900.02 real, 1839 MB
[runlim] sample:		2832.90 time, 910.02 real, 1847 MB
[runlim] sample:		2852.90 time, 920.02 real, 1857 MB
[runlim] sample:		2872.90 time, 930.02 real, 1866 MB
[runlim] sample:		2892.90 time, 940.02 real, 1874 MB
[runlim] sample:		2912.89 time, 950.02 real, 1881 MB
[runlim] sample:		2932.89 time, 960.02 real, 1890 MB
[runlim] sample:		2952.90 time, 970.02 real, 1899 MB
[runlim] sample:		2972.90 time, 980.02 real, 1909 MB
[runlim] sample:		2992.90 time, 990.02 real, 1922 MB
[runlim] sample:		3012.89 time, 1000.02 real, 1930 MB
[runlim] sample:		3032.90 time, 1010.02 real, 1938 MB
[runlim] sample:		3052.90 time, 1020.02 real, 1951 MB
[runlim] sample:		3072.90 time, 1030.02 real, 1964 MB
[runlim] sample:		3092.89 time, 1040.02 real, 1975 MB
[runlim] sample:		3112.90 time, 1050.02 real, 1991 MB
[runlim] sample:		3132.89 time, 1060.02 real, 2008 MB
[runlim] sample:		3152.89 time, 1070.02 real, 2017 MB
[runlim] sample:		3172.88 time, 1080.02 real, 2029 MB
[runlim] sample:		6193.01 time, 1090.02 real, 2038 MB
[runlim] sample:		14212.57 time, 1100.02 real, 134 MB
[runlim] sample:		14222.57 time, 1110.02 real, 134 MB
[runlim] sample:		14232.57 time, 1120.02 real, 134 MB
[runlim] sample:		14242.57 time, 1130.02 real, 134 MB
[runlim] sample:		14809.31 time, 1140.02 real, 130 MB
[runlim] sample:		14819.30 time, 1150.02 real, 130 MB
[runlim] sample:		14829.31 time, 1160.02 real, 130 MB
[runlim] sample:		14839.31 time, 1170.02 real, 130 MB
[runlim] sample:		14849.31 time, 1180.02 real, 126 MB
[runlim] sample:		14859.31 time, 1190.02 real, 126 MB
[runlim] sample:		14869.31 time, 1200.02 real, 126 MB
[runlim] sample:		14879.30 time, 1210.02 real, 126 MB
[runlim] sample:		14889.31 time, 1220.02 real, 136 MB
[runlim] sample:		14899.30 time, 1230.02 real, 136 MB
[runlim] sample:		14909.31 time, 1240.02 real, 136 MB
[runlim] sample:		14919.31 time, 1250.02 real, 136 MB
[runlim] sample:		14929.30 time, 1260.02 real, 136 MB
[runlim] sample:		14939.30 time, 1270.02 real, 136 MB
[runlim] sample:		14949.30 time, 1280.02 real, 136 MB
[runlim] sample:		14959.31 time, 1290.02 real, 136 MB
[runlim] sample:		14969.31 time, 1300.02 real, 136 MB
[runlim] sample:		14979.31 time, 1310.02 real, 136 MB
[runlim] sample:		14989.31 time, 1320.02 real, 136 MB
[runlim] sample:		14999.31 time, 1330.02 real, 136 MB
[runlim] sample:		15009.30 time, 1340.02 real, 136 MB
[runlim] sample:		15019.31 time, 1350.02 real, 136 MB
[runlim] sample:		15029.30 time, 1360.02 real, 136 MB
[runlim] sample:		15039.31 time, 1370.02 real, 136 MB
[runlim] sample:		15049.30 time, 1380.02 real, 136 MB
[runlim] sample:		15059.31 time, 1390.02 real, 136 MB
[runlim] sample:		15069.31 time, 1400.02 real, 136 MB
[runlim] sample:		15079.31 time, 1410.02 real, 136 MB
[runlim] sample:		15089.31 time, 1420.02 real, 136 MB
[runlim] sample:		15099.30 time, 1430.02 real, 136 MB
[runlim] sample:		15109.30 time, 1440.02 real, 136 MB
[runlim] sample:		15119.30 time, 1450.02 real, 136 MB
[runlim] sample:		15129.31 time, 1460.02 real, 136 MB
[runlim] sample:		15139.31 time, 1470.02 real, 136 MB
[runlim] sample:		15149.30 time, 1480.02 real, 136 MB
[runlim] sample:		15159.31 time, 1490.02 real, 136 MB
[runlim] sample:		15169.30 time, 1500.02 real, 136 MB
[runlim] sample:		15179.30 time, 1510.02 real, 136 MB
[runlim] sample:		15189.31 time, 1520.02 real, 136 MB
[runlim] sample:		15199.31 time, 1530.02 real, 136 MB
[runlim] sample:		15209.30 time, 1540.02 real, 136 MB
[runlim] sample:		15219.31 time, 1550.02 real, 136 MB
[runlim] sample:		15229.30 time, 1560.02 real, 136 MB
[runlim] sample:		15239.30 time, 1570.02 real, 136 MB
[runlim] sample:		15249.30 time, 1580.02 real, 136 MB
[runlim] sample:		15259.30 time, 1590.02 real, 136 MB
[runlim] sample:		15269.31 time, 1600.02 real, 136 MB
[runlim] sample:		15279.31 time, 1610.02 real, 136 MB
[runlim] sample:		15289.31 time, 1620.02 real, 136 MB
[runlim] sample:		15299.31 time, 1630.02 real, 136 MB
[runlim] sample:		15309.31 time, 1640.02 real, 136 MB
[runlim] sample:		15319.31 time, 1650.02 real, 136 MB
[runlim] sample:		15329.30 time, 1660.02 real, 136 MB
[runlim] sample:		15339.31 time, 1670.02 real, 136 MB
[runlim] sample:		15349.31 time, 1680.02 real, 136 MB
[runlim] sample:		15359.30 time, 1690.02 real, 136 MB
[runlim] sample:		15369.30 time, 1700.02 real, 136 MB
[runlim] sample:		15379.30 time, 1710.02 real, 136 MB
[runlim] sample:		15389.30 time, 1720.02 real, 136 MB
[runlim] sample:		15399.31 time, 1730.02 real, 136 MB
[runlim] sample:		15409.31 time, 1740.02 real, 136 MB
[runlim] sample:		15419.30 time, 1750.02 real, 136 MB
[runlim] sample:		15429.31 time, 1760.02 real, 136 MB
[runlim] sample:		15439.31 time, 1770.02 real, 136 MB
[runlim] sample:		15449.30 time, 1780.02 real, 136 MB
[runlim] sample:		15459.30 time, 1790.02 real, 136 MB
[runlim] sample:		15469.31 time, 1800.02 real, 136 MB
[runlim] sample:		15479.30 time, 1810.02 real, 136 MB
[runlim] sample:		15489.31 time, 1820.02 real, 136 MB
[runlim] sample:		15499.30 time, 1830.02 real, 136 MB
[runlim] sample:		15509.31 time, 1840.02 real, 136 MB
[runlim] sample:		15519.31 time, 1850.02 real, 136 MB
[runlim] sample:		15529.31 time, 1860.02 real, 136 MB
[runlim] sample:		15539.31 time, 1870.02 real, 136 MB
[runlim] sample:		15549.30 time, 1880.02 real, 136 MB
[runlim] sample:		15559.31 time, 1890.02 real, 136 MB
[runlim] sample:		15569.30 time, 1900.02 real, 136 MB
[runlim] sample:		15579.30 time, 1910.02 real, 136 MB
[runlim] sample:		15589.31 time, 1920.02 real, 136 MB
[runlim] sample:		15599.31 time, 1930.02 real, 136 MB
[runlim] sample:		15609.30 time, 1940.02 real, 136 MB
[runlim] sample:		15619.31 time, 1950.02 real, 136 MB
[runlim] sample:		15629.31 time, 1960.02 real, 136 MB
[runlim] sample:		15639.30 time, 1970.02 real, 136 MB
[runlim] sample:		15649.31 time, 1980.02 real, 136 MB
[runlim] sample:		15659.30 time, 1990.02 real, 136 MB
[runlim] sample:		15669.30 time, 2000.02 real, 136 MB
[runlim] sample:		15679.30 time, 2010.02 real, 136 MB
[runlim] sample:		15689.31 time, 2020.02 real, 136 MB
[runlim] sample:		15699.31 time, 2030.02 real, 136 MB
[runlim] sample:		15709.31 time, 2040.02 real, 136 MB
[runlim] sample:		15719.30 time, 2050.02 real, 136 MB
[runlim] sample:		15729.31 time, 2060.02 real, 136 MB
[runlim] sample:		15739.30 time, 2070.02 real, 136 MB
[runlim] sample:		15749.30 time, 2080.02 real, 136 MB
[runlim] sample:		15759.30 time, 2090.02 real, 136 MB
[runlim] sample:		15769.31 time, 2100.02 real, 136 MB
[runlim] sample:		15779.30 time, 2110.02 real, 136 MB
[runlim] sample:		15789.31 time, 2120.02 real, 136 MB
[runlim] sample:		15799.31 time, 2130.02 real, 136 MB
[runlim] sample:		15809.31 time, 2140.02 real, 136 MB
[runlim] sample:		15819.31 time, 2150.02 real, 136 MB
[runlim] sample:		15829.31 time, 2160.02 real, 136 MB
[runlim] sample:		15839.31 time, 2170.02 real, 136 MB
[runlim] sample:		15849.31 time, 2180.02 real, 136 MB
[runlim] sample:		15859.31 time, 2190.02 real, 136 MB
[runlim] sample:		15869.31 time, 2200.02 real, 136 MB
[runlim] sample:		15879.30 time, 2210.02 real, 136 MB
[runlim] sample:		15889.30 time, 2220.02 real, 136 MB
[runlim] sample:		15899.31 time, 2230.02 real, 136 MB
[runlim] sample:		15909.30 time, 2240.02 real, 136 MB
[runlim] sample:		15919.31 time, 2250.02 real, 136 MB
[runlim] sample:		15929.31 time, 2260.02 real, 136 MB
[runlim] sample:		15939.30 time, 2270.02 real, 136 MB
[runlim] sample:		15949.31 time, 2280.02 real, 136 MB
[runlim] sample:		15959.31 time, 2290.02 real, 136 MB
[runlim] sample:		15969.30 time, 2300.02 real, 136 MB
[runlim] sample:		15979.30 time, 2310.02 real, 136 MB
[runlim] sample:		15989.31 time, 2320.02 real, 136 MB
[runlim] sample:		15999.31 time, 2330.02 real, 136 MB
[runlim] sample:		16009.31 time, 2340.02 real, 136 MB
[runlim] sample:		16019.31 time, 2350.02 real, 136 MB
[runlim] sample:		16029.31 time, 2360.02 real, 136 MB
[runlim] sample:		16039.31 time, 2370.02 real, 136 MB
[runlim] sample:		16049.30 time, 2380.02 real, 136 MB
[runlim] sample:		16059.31 time, 2390.02 real, 136 MB
[runlim] sample:		16069.30 time, 2400.02 real, 136 MB
[runlim] sample:		16079.31 time, 2410.02 real, 136 MB
[runlim] sample:		16089.31 time, 2420.02 real, 136 MB
[runlim] sample:		16099.30 time, 2430.02 real, 136 MB
[runlim] sample:		16109.30 time, 2440.02 real, 136 MB
[runlim] sample:		16119.31 time, 2450.02 real, 136 MB
[runlim] sample:		16129.30 time, 2460.02 real, 136 MB
[runlim] sample:		16139.31 time, 2470.02 real, 136 MB
[runlim] sample:		16149.31 time, 2480.02 real, 136 MB
[runlim] sample:		16159.30 time, 2490.02 real, 136 MB
[runlim] sample:		16169.30 time, 2500.02 real, 136 MB
[runlim] sample:		16179.30 time, 2510.02 real, 136 MB
[runlim] sample:		16189.31 time, 2520.02 real, 136 MB
[runlim] sample:		16199.31 time, 2530.02 real, 136 MB
[runlim] sample:		16209.31 time, 2540.02 real, 136 MB
[runlim] sample:		16219.31 time, 2550.02 real, 136 MB
[runlim] sample:		16229.31 time, 2560.02 real, 136 MB
[runlim] sample:		16239.30 time, 2570.02 real, 136 MB
[runlim] sample:		16249.31 time, 2580.02 real, 136 MB
[runlim] sample:		16259.31 time, 2590.02 real, 136 MB
[runlim] sample:		16269.30 time, 2600.02 real, 136 MB
[runlim] sample:		16279.31 time, 2610.02 real, 136 MB
[runlim] sample:		16289.31 time, 2620.02 real, 136 MB
[runlim] sample:		16299.31 time, 2630.02 real, 136 MB
[runlim] sample:		16309.31 time, 2640.02 real, 136 MB
[runlim] sample:		16319.30 time, 2650.02 real, 136 MB
[runlim] sample:		16329.31 time, 2660.02 real, 136 MB
[runlim] sample:		16339.31 time, 2670.02 real, 136 MB
[runlim] sample:		16349.31 time, 2680.02 real, 136 MB
[runlim] sample:		16359.31 time, 2690.02 real, 136 MB
[runlim] sample:		16369.31 time, 2700.02 real, 136 MB
[runlim] sample:		16379.31 time, 2710.02 real, 136 MB
[runlim] sample:		16389.31 time, 2720.02 real, 136 MB
[runlim] sample:		16399.30 time, 2730.02 real, 136 MB
[runlim] sample:		16409.30 time, 2740.02 real, 136 MB
[runlim] sample:		16419.31 time, 2750.02 real, 136 MB
[runlim] sample:		16429.30 time, 2760.02 real, 136 MB
[runlim] sample:		16439.31 time, 2770.02 real, 136 MB
[runlim] sample:		16449.31 time, 2780.02 real, 136 MB
[runlim] sample:		16459.31 time, 2790.02 real, 136 MB
[runlim] sample:		16469.30 time, 2800.02 real, 136 MB
[runlim] sample:		16479.31 time, 2810.02 real, 136 MB
[runlim] sample:		16489.30 time, 2820.02 real, 136 MB
[runlim] sample:		16499.31 time, 2830.02 real, 136 MB
[runlim] sample:		16509.31 time, 2840.02 real, 136 MB
[runlim] sample:		16519.30 time, 2850.02 real, 136 MB
[runlim] sample:		16529.31 time, 2860.02 real, 136 MB
[runlim] sample:		16539.30 time, 2870.02 real, 136 MB
[runlim] sample:		16549.31 time, 2880.02 real, 136 MB
[runlim] sample:		16559.30 time, 2890.02 real, 136 MB
[runlim] sample:		16569.31 time, 2900.02 real, 136 MB
[runlim] sample:		16579.31 time, 2910.02 real, 136 MB
[runlim] sample:		16589.31 time, 2920.02 real, 136 MB
[runlim] sample:		16599.31 time, 2930.02 real, 136 MB
[runlim] sample:		16609.31 time, 2940.02 real, 136 MB
[runlim] sample:		16619.30 time, 2950.02 real, 136 MB
[runlim] sample:		16629.30 time, 2960.02 real, 136 MB
[runlim] sample:		16639.31 time, 2970.02 real, 136 MB
[runlim] sample:		16649.31 time, 2980.02 real, 136 MB
[runlim] sample:		16659.31 time, 2990.02 real, 136 MB
[runlim] sample:		16669.30 time, 3000.02 real, 136 MB
[runlim] sample:		16679.31 time, 3010.02 real, 136 MB
[runlim] sample:		16689.30 time, 3020.02 real, 136 MB
[runlim] sample:		16699.31 time, 3030.02 real, 136 MB
[runlim] sample:		16709.31 time, 3040.02 real, 136 MB
[runlim] sample:		16719.31 time, 3050.02 real, 136 MB
[runlim] sample:		16729.30 time, 3060.02 real, 136 MB
[runlim] sample:		16739.31 time, 3070.02 real, 136 MB
[runlim] sample:		16749.31 time, 3080.02 real, 136 MB
[runlim] sample:		16759.30 time, 3090.02 real, 136 MB
[runlim] sample:		16769.31 time, 3100.02 real, 136 MB
[runlim] sample:		16779.31 time, 3110.02 real, 136 MB
[runlim] sample:		16789.30 time, 3120.02 real, 136 MB
[runlim] sample:		16799.31 time, 3130.02 real, 136 MB
[runlim] sample:		16809.31 time, 3140.02 real, 136 MB
[runlim] sample:		16819.30 time, 3150.02 real, 136 MB
[runlim] sample:		16829.31 time, 3160.02 real, 136 MB
[runlim] sample:		16839.31 time, 3170.02 real, 136 MB
[runlim] sample:		16849.31 time, 3180.02 real, 136 MB
[runlim] sample:		16859.31 time, 3190.02 real, 136 MB
[runlim] sample:		16869.30 time, 3200.02 real, 136 MB
[runlim] sample:		16879.31 time, 3210.02 real, 136 MB
[runlim] sample:		16889.31 time, 3220.02 real, 136 MB
[runlim] sample:		16899.31 time, 3230.02 real, 136 MB
[runlim] sample:		16909.30 time, 3240.02 real, 136 MB
[runlim] sample:		16919.30 time, 3250.02 real, 136 MB
[runlim] sample:		16929.30 time, 3260.02 real, 136 MB
[runlim] sample:		16939.31 time, 3270.02 real, 136 MB
[runlim] sample:		16949.30 time, 3280.02 real, 136 MB
[runlim] sample:		16959.30 time, 3290.02 real, 136 MB
[runlim] sample:		16969.30 time, 3300.02 real, 136 MB
[runlim] sample:		16979.31 time, 3310.02 real, 136 MB
[runlim] sample:		16989.30 time, 3320.02 real, 136 MB
[runlim] sample:		16999.31 time, 3330.02 real, 136 MB
[runlim] sample:		17009.31 time, 3340.02 real, 136 MB
[runlim] sample:		17019.30 time, 3350.02 real, 136 MB
[runlim] sample:		17029.31 time, 3360.02 real, 136 MB
[runlim] sample:		17039.31 time, 3370.02 real, 136 MB
[runlim] sample:		17049.30 time, 3380.02 real, 136 MB
[runlim] sample:		17059.31 time, 3390.02 real, 136 MB
[runlim] sample:		17069.30 time, 3400.02 real, 136 MB
[runlim] sample:		17079.31 time, 3410.02 real, 136 MB
[runlim] sample:		17089.30 time, 3420.02 real, 136 MB
[runlim] sample:		17099.30 time, 3430.02 real, 136 MB
[runlim] sample:		17109.30 time, 3440.02 real, 136 MB
[runlim] sample:		17119.31 time, 3450.02 real, 136 MB
[runlim] sample:		17129.31 time, 3460.02 real, 136 MB
[runlim] sample:		17139.31 time, 3470.02 real, 136 MB
[runlim] sample:		17149.30 time, 3480.02 real, 136 MB
[runlim] sample:		17159.31 time, 3490.02 real, 136 MB
[runlim] sample:		17169.31 time, 3500.02 real, 136 MB
[runlim] sample:		17179.31 time, 3510.02 real, 136 MB
[runlim] sample:		17189.31 time, 3520.02 real, 136 MB
[runlim] sample:		17199.30 time, 3530.02 real, 136 MB
[runlim] sample:		17209.31 time, 3540.02 real, 136 MB
[runlim] sample:		17219.31 time, 3550.02 real, 136 MB
[runlim] sample:		17229.31 time, 3560.02 real, 136 MB
[runlim] sample:		17239.30 time, 3570.02 real, 136 MB
[runlim] sample:		17249.31 time, 3580.02 real, 136 MB
[runlim] sample:		17259.31 time, 3590.02 real, 136 MB
[runlim] sample:		17269.30 time, 3600.02 real, 136 MB
[runlim] end:			Thu Oct 17 00:03:14 2019
[runlim] status:		out of time
[runlim] result:		2
[runlim] children:		36
[runlim] real:			3600.11 seconds
[runlim] time:			17269.30 seconds
[runlim] space:			2039 MB
[runlim] samples:		36000
