c host: c3n25
c start: Wed Oct 16 23:09:07 CEST 2019
c arrayjobid: 17562837
c jobid: 17565133
c benchmark: /home/mathias/hwmcc19/benchmarks-single/btor2/goel/opensource/vis_arrays_field5/vis_arrays_field5.aig
c solver: ./run.sh
c solver options: 
c tmpdir: /tmp/slurm.17565133.0
1
b0
1110111011111111111111111
01010110000000000000000000000000000000000000000000000000000000000000000000000000000000000000000
01101100000000000000000000000000000000000001010000000101000001000000000000010000000001100000000
00011000000100000001011000000000001000100001110010001101000001000000000000010011111001100000000
00001110000100000001011100010000101000100001110010001101000001101000010000010011111001100000000
00100100000100000001011100010000101000100001110011001101000001101010010100010011111001100000000
00010000000100000001011100011000101111100001111011000101000001101010010100010011111001100000000
01110000000100000001011100011001101111101001111010000101000001101010010100010011111001100000000
00000000000100000001001100011001101111101001111010000101000001101010010100010011111001100000000
00010011010100000011000100111001101111101001111010000101000001110101110100010011111001100000000
11001100010100001111010100111001111111101101111010000101000001110101110100010011111001100100001
11111010010100001111011100111001101000101101111000001101000001110101110100010011110101100100001
10001101010100010111011100111001101000101101111000001101000001110101110100010011110101100001011
10111000010100010111011100111001100100101101110000001101000001110101110100010011111101100001011
10110000010100010111011100111001100100101101110000001101000001110101110100010011111101100001011
10110011010100010111111010011001100100101101110000001101000001101011101100010011111101100001011
10100011010100010111110010011001100100101101110000001101000001101011101100010011111101100001011
10101000010101111111110010011001100100101101110000001101000001101011101100010011111101100100101
11111110000101111101100100111000100100101101110000001101000001101011001100010011111001100100101
11000101000101111101100100111000100100100001110000001101000001101010001100010011111001100100101
10101111000111111101100100110000100111100001011010000101000001101010001100010011111101100100101
11100000000111111101100100110000000111101001001101000001001000111001001100010011111101100100101
10110111000011111101100010110000000111101001001101000001001000010001111100010011111001100100101
11000111000011111101100010110000000111111001001101001101001000000010110000011011111001101100101
.
c done
