[runlim] version:		1.17
[runlim] host:			c3n24
[runlim] time limit:		311040000 seconds
[runlim] real time limit:	3600 seconds
[runlim] space limit:		120000 MB
[runlim] argv[0]:		./run.sh
[runlim] argv[1]:		/tmp/D09usgde.aig
[runlim] start:			Wed Oct 16 23:09:47 2019
[runlim] child:			31423
[runlim] sample:		91.35 time, 10.02 real, 139 MB
[runlim] sample:		142.65 time, 20.02 real, 158 MB
[runlim] sample:		165.77 time, 30.02 real, 172 MB
[runlim] sample:		185.79 time, 40.02 real, 185 MB
[runlim] sample:		205.79 time, 50.02 real, 189 MB
[runlim] sample:		225.77 time, 60.02 real, 190 MB
[runlim] sample:		245.77 time, 70.02 real, 203 MB
[runlim] sample:		265.79 time, 80.02 real, 209 MB
[runlim] sample:		285.77 time, 90.02 real, 222 MB
[runlim] sample:		305.77 time, 100.02 real, 243 MB
[runlim] sample:		325.79 time, 110.02 real, 225 MB
[runlim] sample:		345.78 time, 120.02 real, 236 MB
[runlim] sample:		365.78 time, 130.02 real, 243 MB
[runlim] sample:		388.30 time, 140.02 real, 253 MB
[runlim] sample:		408.30 time, 150.02 real, 255 MB
[runlim] sample:		428.30 time, 160.02 real, 257 MB
[runlim] sample:		448.30 time, 170.02 real, 270 MB
[runlim] sample:		473.46 time, 180.02 real, 280 MB
[runlim] sample:		493.46 time, 190.02 real, 285 MB
[runlim] sample:		513.45 time, 200.02 real, 285 MB
[runlim] sample:		533.46 time, 210.02 real, 286 MB
[runlim] sample:		553.47 time, 220.02 real, 288 MB
[runlim] sample:		573.46 time, 230.02 real, 289 MB
[runlim] sample:		593.47 time, 240.02 real, 289 MB
[runlim] sample:		613.46 time, 250.02 real, 289 MB
[runlim] sample:		633.46 time, 260.02 real, 289 MB
[runlim] sample:		653.46 time, 270.02 real, 290 MB
[runlim] sample:		673.45 time, 280.02 real, 291 MB
[runlim] sample:		693.46 time, 290.02 real, 298 MB
[runlim] sample:		713.46 time, 300.02 real, 304 MB
[runlim] sample:		733.46 time, 310.02 real, 305 MB
[runlim] sample:		753.45 time, 320.02 real, 305 MB
[runlim] sample:		773.46 time, 330.02 real, 306 MB
[runlim] sample:		793.46 time, 340.02 real, 306 MB
[runlim] sample:		813.45 time, 350.02 real, 306 MB
[runlim] sample:		833.46 time, 360.02 real, 306 MB
[runlim] sample:		853.45 time, 370.02 real, 340 MB
[runlim] sample:		873.45 time, 380.02 real, 345 MB
[runlim] sample:		2812.35 time, 390.02 real, 111 MB
[runlim] sample:		2832.36 time, 400.02 real, 129 MB
[runlim] sample:		2855.24 time, 410.02 real, 240 MB
[runlim] sample:		3232.64 time, 420.02 real, 120 MB
[runlim] sample:		3252.64 time, 430.02 real, 130 MB
[runlim] sample:		3272.65 time, 440.02 real, 130 MB
[runlim] sample:		3292.64 time, 450.02 real, 130 MB
[runlim] sample:		3312.64 time, 460.02 real, 130 MB
[runlim] sample:		3332.64 time, 470.02 real, 130 MB
[runlim] sample:		3352.65 time, 480.02 real, 132 MB
[runlim] sample:		3372.64 time, 490.02 real, 133 MB
[runlim] sample:		3392.64 time, 500.02 real, 133 MB
[runlim] sample:		3412.64 time, 510.02 real, 136 MB
[runlim] sample:		3432.64 time, 520.02 real, 136 MB
[runlim] sample:		3452.64 time, 530.02 real, 136 MB
[runlim] sample:		3472.64 time, 540.02 real, 136 MB
[runlim] sample:		3492.63 time, 550.02 real, 136 MB
[runlim] sample:		3512.63 time, 560.02 real, 137 MB
[runlim] sample:		3532.65 time, 570.02 real, 137 MB
[runlim] sample:		3552.64 time, 580.02 real, 137 MB
[runlim] sample:		3572.63 time, 590.02 real, 137 MB
[runlim] sample:		3592.65 time, 600.02 real, 137 MB
[runlim] sample:		3612.64 time, 610.02 real, 137 MB
[runlim] sample:		3632.64 time, 620.02 real, 137 MB
[runlim] sample:		3652.64 time, 630.02 real, 137 MB
[runlim] sample:		3672.64 time, 640.02 real, 137 MB
[runlim] sample:		3692.65 time, 650.02 real, 137 MB
[runlim] sample:		3712.64 time, 660.02 real, 137 MB
[runlim] sample:		3732.64 time, 670.02 real, 137 MB
[runlim] sample:		3752.63 time, 680.02 real, 137 MB
[runlim] sample:		3772.64 time, 690.02 real, 137 MB
[runlim] sample:		3792.64 time, 700.02 real, 137 MB
[runlim] sample:		3812.64 time, 710.02 real, 137 MB
[runlim] sample:		3832.64 time, 720.02 real, 137 MB
[runlim] sample:		3852.64 time, 730.02 real, 137 MB
[runlim] sample:		3872.65 time, 740.02 real, 137 MB
[runlim] sample:		3892.64 time, 750.02 real, 137 MB
[runlim] sample:		3912.64 time, 760.02 real, 137 MB
[runlim] sample:		3932.64 time, 770.02 real, 137 MB
[runlim] sample:		3952.65 time, 780.02 real, 137 MB
[runlim] sample:		3972.63 time, 790.02 real, 137 MB
[runlim] sample:		3992.63 time, 800.02 real, 137 MB
[runlim] sample:		4012.64 time, 810.02 real, 137 MB
[runlim] sample:		4032.63 time, 820.02 real, 137 MB
[runlim] sample:		4052.64 time, 830.02 real, 137 MB
[runlim] sample:		4072.64 time, 840.02 real, 137 MB
[runlim] sample:		4092.65 time, 850.02 real, 137 MB
[runlim] sample:		4112.64 time, 860.02 real, 137 MB
[runlim] sample:		4132.65 time, 870.02 real, 137 MB
[runlim] sample:		4152.64 time, 880.02 real, 137 MB
[runlim] sample:		4172.63 time, 890.02 real, 137 MB
[runlim] sample:		4192.64 time, 900.02 real, 137 MB
[runlim] sample:		4212.64 time, 910.02 real, 137 MB
[runlim] sample:		4232.63 time, 920.02 real, 137 MB
[runlim] sample:		4252.65 time, 930.02 real, 137 MB
[runlim] sample:		4272.65 time, 940.02 real, 137 MB
[runlim] sample:		4292.65 time, 950.02 real, 137 MB
[runlim] sample:		4312.65 time, 960.02 real, 137 MB
[runlim] sample:		4332.64 time, 970.02 real, 137 MB
[runlim] sample:		4352.64 time, 980.02 real, 137 MB
[runlim] sample:		4372.65 time, 990.02 real, 137 MB
[runlim] sample:		4392.64 time, 1000.02 real, 137 MB
[runlim] sample:		4412.65 time, 1010.02 real, 137 MB
[runlim] sample:		4432.65 time, 1020.02 real, 137 MB
[runlim] sample:		4452.63 time, 1030.02 real, 137 MB
[runlim] sample:		4472.65 time, 1040.02 real, 137 MB
[runlim] sample:		4492.64 time, 1050.02 real, 137 MB
[runlim] sample:		4512.64 time, 1060.02 real, 137 MB
[runlim] sample:		4532.65 time, 1070.02 real, 137 MB
[runlim] sample:		4552.65 time, 1080.02 real, 137 MB
[runlim] sample:		4572.64 time, 1090.02 real, 137 MB
[runlim] sample:		4592.64 time, 1100.02 real, 138 MB
[runlim] sample:		4612.64 time, 1110.02 real, 138 MB
[runlim] sample:		4632.64 time, 1120.02 real, 138 MB
[runlim] sample:		4652.65 time, 1130.02 real, 138 MB
[runlim] sample:		4672.64 time, 1140.02 real, 138 MB
[runlim] sample:		4692.64 time, 1150.02 real, 138 MB
[runlim] sample:		4712.65 time, 1160.02 real, 138 MB
[runlim] sample:		4732.64 time, 1170.02 real, 138 MB
[runlim] sample:		4752.64 time, 1180.02 real, 138 MB
[runlim] sample:		4772.64 time, 1190.02 real, 138 MB
[runlim] sample:		4792.64 time, 1200.02 real, 138 MB
[runlim] sample:		4812.64 time, 1210.02 real, 138 MB
[runlim] sample:		4832.64 time, 1220.02 real, 138 MB
[runlim] sample:		4852.65 time, 1230.02 real, 142 MB
[runlim] sample:		4872.65 time, 1240.02 real, 142 MB
[runlim] sample:		4892.65 time, 1250.02 real, 142 MB
[runlim] sample:		4912.64 time, 1260.02 real, 142 MB
[runlim] sample:		4932.65 time, 1270.02 real, 142 MB
[runlim] sample:		4952.64 time, 1280.02 real, 142 MB
[runlim] sample:		4972.65 time, 1290.02 real, 142 MB
[runlim] sample:		4992.65 time, 1300.02 real, 142 MB
[runlim] sample:		5012.65 time, 1310.02 real, 142 MB
[runlim] sample:		5032.65 time, 1320.02 real, 142 MB
[runlim] sample:		5052.64 time, 1330.02 real, 142 MB
[runlim] sample:		5072.64 time, 1340.02 real, 142 MB
[runlim] sample:		5092.65 time, 1350.02 real, 142 MB
[runlim] sample:		5112.65 time, 1360.02 real, 142 MB
[runlim] sample:		5132.65 time, 1370.02 real, 142 MB
[runlim] sample:		5152.65 time, 1380.02 real, 142 MB
[runlim] sample:		5172.65 time, 1390.02 real, 142 MB
[runlim] sample:		5192.65 time, 1400.02 real, 142 MB
[runlim] sample:		5212.65 time, 1410.02 real, 142 MB
[runlim] sample:		5232.65 time, 1420.02 real, 142 MB
[runlim] sample:		5252.65 time, 1430.02 real, 142 MB
[runlim] sample:		5272.65 time, 1440.02 real, 142 MB
[runlim] sample:		5292.64 time, 1450.02 real, 143 MB
[runlim] sample:		5312.64 time, 1460.02 real, 143 MB
[runlim] sample:		5332.65 time, 1470.02 real, 143 MB
[runlim] sample:		5352.64 time, 1480.02 real, 143 MB
[runlim] sample:		5372.64 time, 1490.02 real, 143 MB
[runlim] sample:		5392.63 time, 1500.02 real, 143 MB
[runlim] sample:		5412.63 time, 1510.02 real, 143 MB
[runlim] sample:		5432.65 time, 1520.02 real, 143 MB
[runlim] sample:		5452.64 time, 1530.02 real, 143 MB
[runlim] sample:		5472.65 time, 1540.02 real, 143 MB
[runlim] sample:		5492.64 time, 1550.02 real, 143 MB
[runlim] sample:		5512.64 time, 1560.02 real, 143 MB
[runlim] sample:		5532.65 time, 1570.02 real, 143 MB
[runlim] sample:		5552.64 time, 1580.02 real, 143 MB
[runlim] sample:		5572.65 time, 1590.02 real, 143 MB
[runlim] sample:		5592.65 time, 1600.02 real, 143 MB
[runlim] sample:		5612.65 time, 1610.02 real, 143 MB
[runlim] sample:		5632.64 time, 1620.02 real, 143 MB
[runlim] sample:		5652.64 time, 1630.02 real, 143 MB
[runlim] sample:		5672.65 time, 1640.02 real, 143 MB
[runlim] sample:		5692.64 time, 1650.02 real, 143 MB
[runlim] sample:		5712.65 time, 1660.02 real, 143 MB
[runlim] sample:		5732.64 time, 1670.02 real, 143 MB
[runlim] sample:		5752.65 time, 1680.02 real, 143 MB
[runlim] sample:		5772.65 time, 1690.02 real, 143 MB
[runlim] sample:		5792.64 time, 1700.02 real, 143 MB
[runlim] sample:		5812.64 time, 1710.02 real, 143 MB
[runlim] sample:		5832.64 time, 1720.02 real, 143 MB
[runlim] sample:		5852.65 time, 1730.02 real, 143 MB
[runlim] sample:		5872.65 time, 1740.02 real, 143 MB
[runlim] sample:		5892.64 time, 1750.02 real, 143 MB
[runlim] sample:		5912.65 time, 1760.02 real, 143 MB
[runlim] sample:		5932.64 time, 1770.02 real, 143 MB
[runlim] sample:		5952.64 time, 1780.02 real, 143 MB
[runlim] sample:		5972.64 time, 1790.02 real, 143 MB
[runlim] sample:		5992.65 time, 1800.02 real, 143 MB
[runlim] sample:		6012.64 time, 1810.02 real, 143 MB
[runlim] sample:		6032.65 time, 1820.02 real, 143 MB
[runlim] sample:		6052.65 time, 1830.02 real, 143 MB
[runlim] sample:		6072.65 time, 1840.02 real, 143 MB
[runlim] sample:		6092.65 time, 1850.02 real, 143 MB
[runlim] sample:		6112.66 time, 1860.02 real, 143 MB
[runlim] sample:		6132.65 time, 1870.02 real, 143 MB
[runlim] sample:		6152.64 time, 1880.02 real, 143 MB
[runlim] sample:		6172.66 time, 1890.02 real, 143 MB
[runlim] sample:		6192.64 time, 1900.02 real, 143 MB
[runlim] sample:		6212.65 time, 1910.02 real, 143 MB
[runlim] sample:		6232.66 time, 1920.02 real, 143 MB
[runlim] sample:		6252.65 time, 1930.02 real, 143 MB
[runlim] sample:		6272.65 time, 1940.02 real, 143 MB
[runlim] sample:		6292.65 time, 1950.02 real, 143 MB
[runlim] sample:		6312.66 time, 1960.02 real, 143 MB
[runlim] sample:		6332.64 time, 1970.02 real, 143 MB
[runlim] sample:		6352.66 time, 1980.02 real, 143 MB
[runlim] sample:		6372.65 time, 1990.02 real, 143 MB
[runlim] sample:		6392.65 time, 2000.02 real, 143 MB
[runlim] sample:		6412.66 time, 2010.02 real, 143 MB
[runlim] sample:		6432.66 time, 2020.02 real, 143 MB
[runlim] sample:		6452.64 time, 2030.02 real, 143 MB
[runlim] sample:		6472.66 time, 2040.02 real, 143 MB
[runlim] sample:		6492.65 time, 2050.02 real, 143 MB
[runlim] sample:		6512.64 time, 2060.02 real, 143 MB
[runlim] sample:		6532.65 time, 2070.02 real, 143 MB
[runlim] sample:		6552.64 time, 2080.02 real, 143 MB
[runlim] sample:		6572.65 time, 2090.02 real, 143 MB
[runlim] sample:		6592.66 time, 2100.02 real, 143 MB
[runlim] sample:		6612.65 time, 2110.02 real, 143 MB
[runlim] sample:		6632.65 time, 2120.02 real, 143 MB
[runlim] sample:		6652.66 time, 2130.02 real, 143 MB
[runlim] sample:		6672.66 time, 2140.02 real, 143 MB
[runlim] sample:		6692.65 time, 2150.02 real, 143 MB
[runlim] sample:		6712.66 time, 2160.02 real, 143 MB
[runlim] sample:		6732.64 time, 2170.02 real, 143 MB
[runlim] sample:		6752.65 time, 2180.02 real, 143 MB
[runlim] sample:		6772.65 time, 2190.02 real, 143 MB
[runlim] sample:		6792.65 time, 2200.02 real, 143 MB
[runlim] sample:		6812.66 time, 2210.02 real, 145 MB
[runlim] sample:		6832.65 time, 2220.02 real, 145 MB
[runlim] sample:		6852.65 time, 2230.02 real, 146 MB
[runlim] sample:		6872.66 time, 2240.02 real, 146 MB
[runlim] sample:		6892.66 time, 2250.02 real, 146 MB
[runlim] sample:		6912.66 time, 2260.02 real, 146 MB
[runlim] sample:		6932.64 time, 2270.02 real, 146 MB
[runlim] sample:		6952.66 time, 2280.02 real, 146 MB
[runlim] sample:		6972.65 time, 2290.02 real, 146 MB
[runlim] sample:		6992.65 time, 2300.02 real, 146 MB
[runlim] sample:		7012.64 time, 2310.02 real, 146 MB
[runlim] sample:		7032.66 time, 2320.02 real, 146 MB
[runlim] sample:		7052.64 time, 2330.02 real, 146 MB
[runlim] sample:		7072.65 time, 2340.02 real, 146 MB
[runlim] sample:		7092.66 time, 2350.02 real, 146 MB
[runlim] sample:		7112.66 time, 2360.02 real, 146 MB
[runlim] sample:		7132.66 time, 2370.02 real, 146 MB
[runlim] sample:		7152.66 time, 2380.02 real, 146 MB
[runlim] sample:		7172.65 time, 2390.02 real, 146 MB
[runlim] sample:		7192.65 time, 2400.02 real, 146 MB
[runlim] sample:		7212.65 time, 2410.02 real, 146 MB
[runlim] sample:		7232.66 time, 2420.02 real, 146 MB
[runlim] sample:		7252.66 time, 2430.02 real, 146 MB
[runlim] sample:		7272.66 time, 2440.02 real, 146 MB
[runlim] sample:		7292.66 time, 2450.02 real, 146 MB
[runlim] sample:		7312.65 time, 2460.02 real, 146 MB
[runlim] sample:		7332.66 time, 2470.02 real, 146 MB
[runlim] sample:		7352.66 time, 2480.02 real, 146 MB
[runlim] sample:		7372.66 time, 2490.02 real, 146 MB
[runlim] sample:		7392.66 time, 2500.02 real, 146 MB
[runlim] sample:		7412.65 time, 2510.02 real, 146 MB
[runlim] sample:		7432.66 time, 2520.02 real, 147 MB
[runlim] sample:		7452.65 time, 2530.02 real, 147 MB
[runlim] sample:		7472.65 time, 2540.02 real, 147 MB
[runlim] sample:		7492.66 time, 2550.02 real, 147 MB
[runlim] sample:		7512.64 time, 2560.02 real, 147 MB
[runlim] sample:		7532.66 time, 2570.02 real, 147 MB
[runlim] sample:		7552.66 time, 2580.02 real, 147 MB
[runlim] sample:		7572.66 time, 2590.02 real, 147 MB
[runlim] sample:		7592.66 time, 2600.02 real, 147 MB
[runlim] sample:		7612.66 time, 2610.02 real, 147 MB
[runlim] sample:		7632.66 time, 2620.02 real, 147 MB
[runlim] sample:		7652.66 time, 2630.02 real, 147 MB
[runlim] sample:		7672.66 time, 2640.02 real, 147 MB
[runlim] sample:		7692.66 time, 2650.02 real, 147 MB
[runlim] sample:		7712.66 time, 2660.02 real, 147 MB
[runlim] sample:		7732.66 time, 2670.02 real, 148 MB
[runlim] sample:		7752.66 time, 2680.02 real, 148 MB
[runlim] sample:		7772.66 time, 2690.02 real, 148 MB
[runlim] sample:		7792.66 time, 2700.02 real, 148 MB
[runlim] sample:		7812.66 time, 2710.02 real, 148 MB
[runlim] sample:		7832.66 time, 2720.02 real, 148 MB
[runlim] sample:		7852.66 time, 2730.02 real, 148 MB
[runlim] sample:		7872.66 time, 2740.02 real, 148 MB
[runlim] sample:		7892.66 time, 2750.02 real, 158 MB
[runlim] sample:		7912.66 time, 2760.02 real, 158 MB
[runlim] sample:		7932.66 time, 2770.02 real, 158 MB
[runlim] sample:		7952.66 time, 2780.02 real, 158 MB
[runlim] sample:		7972.66 time, 2790.02 real, 158 MB
[runlim] sample:		7992.66 time, 2800.02 real, 158 MB
[runlim] sample:		8012.66 time, 2810.02 real, 158 MB
[runlim] sample:		8032.66 time, 2820.02 real, 158 MB
[runlim] sample:		8052.66 time, 2830.02 real, 158 MB
[runlim] sample:		8072.66 time, 2840.02 real, 158 MB
[runlim] sample:		8092.66 time, 2850.02 real, 158 MB
[runlim] sample:		8112.66 time, 2860.02 real, 158 MB
[runlim] sample:		8132.66 time, 2870.02 real, 158 MB
[runlim] sample:		8152.66 time, 2880.02 real, 158 MB
[runlim] sample:		8172.66 time, 2890.02 real, 158 MB
[runlim] sample:		8192.68 time, 2900.02 real, 158 MB
[runlim] sample:		8212.66 time, 2910.02 real, 158 MB
[runlim] sample:		8232.67 time, 2920.02 real, 158 MB
[runlim] sample:		8252.67 time, 2930.02 real, 158 MB
[runlim] sample:		8272.66 time, 2940.02 real, 158 MB
[runlim] sample:		8292.66 time, 2950.02 real, 158 MB
[runlim] sample:		8312.67 time, 2960.02 real, 158 MB
[runlim] sample:		8332.66 time, 2970.02 real, 158 MB
[runlim] sample:		8352.67 time, 2980.02 real, 158 MB
[runlim] sample:		8372.67 time, 2990.02 real, 158 MB
[runlim] sample:		8392.66 time, 3000.02 real, 158 MB
[runlim] sample:		8412.67 time, 3010.02 real, 158 MB
[runlim] sample:		8432.66 time, 3020.02 real, 158 MB
[runlim] sample:		8452.67 time, 3030.02 real, 158 MB
[runlim] sample:		8472.66 time, 3040.02 real, 158 MB
[runlim] sample:		8492.66 time, 3050.02 real, 158 MB
[runlim] sample:		8512.67 time, 3060.02 real, 158 MB
[runlim] sample:		8532.66 time, 3070.02 real, 158 MB
[runlim] sample:		8552.66 time, 3080.02 real, 158 MB
[runlim] sample:		8572.66 time, 3090.02 real, 158 MB
[runlim] sample:		8592.66 time, 3100.02 real, 158 MB
[runlim] sample:		8612.66 time, 3110.02 real, 158 MB
[runlim] sample:		8632.67 time, 3120.02 real, 158 MB
[runlim] sample:		8652.66 time, 3130.02 real, 158 MB
[runlim] sample:		8672.66 time, 3140.02 real, 158 MB
[runlim] sample:		8692.66 time, 3150.02 real, 158 MB
[runlim] sample:		8712.67 time, 3160.02 real, 158 MB
[runlim] sample:		8732.66 time, 3170.02 real, 158 MB
[runlim] sample:		8752.66 time, 3180.02 real, 158 MB
[runlim] sample:		8772.67 time, 3190.02 real, 158 MB
[runlim] sample:		8792.67 time, 3200.02 real, 158 MB
[runlim] sample:		8812.66 time, 3210.02 real, 158 MB
[runlim] sample:		8832.66 time, 3220.02 real, 158 MB
[runlim] sample:		8852.68 time, 3230.02 real, 158 MB
[runlim] sample:		8872.68 time, 3240.02 real, 158 MB
[runlim] sample:		8892.66 time, 3250.02 real, 158 MB
[runlim] sample:		8912.68 time, 3260.02 real, 158 MB
[runlim] sample:		8932.67 time, 3270.02 real, 158 MB
[runlim] sample:		8952.66 time, 3280.02 real, 158 MB
[runlim] sample:		8972.66 time, 3290.02 real, 158 MB
[runlim] sample:		8992.68 time, 3300.02 real, 158 MB
[runlim] sample:		9012.66 time, 3310.02 real, 158 MB
[runlim] sample:		9032.66 time, 3320.02 real, 158 MB
[runlim] sample:		9052.67 time, 3330.02 real, 158 MB
[runlim] sample:		9072.68 time, 3340.02 real, 158 MB
[runlim] sample:		9092.68 time, 3350.02 real, 158 MB
[runlim] sample:		9112.66 time, 3360.02 real, 158 MB
[runlim] sample:		9132.66 time, 3370.02 real, 158 MB
[runlim] sample:		9152.67 time, 3380.02 real, 158 MB
[runlim] sample:		9172.68 time, 3390.02 real, 158 MB
[runlim] sample:		9192.68 time, 3400.02 real, 158 MB
[runlim] sample:		9212.67 time, 3410.02 real, 158 MB
[runlim] sample:		9232.66 time, 3420.02 real, 158 MB
[runlim] sample:		9252.68 time, 3430.02 real, 158 MB
[runlim] sample:		9272.67 time, 3440.02 real, 158 MB
[runlim] sample:		9292.67 time, 3450.02 real, 158 MB
[runlim] sample:		9312.66 time, 3460.02 real, 158 MB
[runlim] sample:		9332.66 time, 3470.02 real, 158 MB
[runlim] sample:		9352.67 time, 3480.02 real, 158 MB
[runlim] sample:		9372.67 time, 3490.02 real, 158 MB
[runlim] sample:		9392.67 time, 3500.02 real, 158 MB
[runlim] sample:		9412.67 time, 3510.02 real, 158 MB
[runlim] sample:		9432.68 time, 3520.02 real, 158 MB
[runlim] sample:		9452.68 time, 3530.02 real, 158 MB
[runlim] sample:		9472.67 time, 3540.02 real, 158 MB
[runlim] sample:		9492.67 time, 3550.02 real, 158 MB
[runlim] sample:		9512.67 time, 3560.02 real, 158 MB
[runlim] sample:		9532.66 time, 3570.02 real, 158 MB
[runlim] sample:		9552.67 time, 3580.02 real, 158 MB
[runlim] sample:		9572.67 time, 3590.02 real, 158 MB
[runlim] sample:		9592.68 time, 3600.02 real, 158 MB
[runlim] end:			Thu Oct 17 00:09:47 2019
[runlim] status:		out of time
[runlim] result:		2
[runlim] children:		46
[runlim] real:			3600.12 seconds
[runlim] time:			9592.68 seconds
[runlim] space:			352 MB
[runlim] samples:		36000
