[runlim] version:		1.17
[runlim] host:			c3n28
[runlim] time limit:		311040000 seconds
[runlim] real time limit:	3600 seconds
[runlim] space limit:		120000 MB
[runlim] argv[0]:		./run.sh
[runlim] argv[1]:		/tmp/tKzg44uj.aig
[runlim] start:			Wed Oct 16 23:35:49 2019
[runlim] child:			17122
[runlim] sample:		21.54 time, 10.02 real, 292 MB
[runlim] sample:		41.54 time, 20.02 real, 294 MB
[runlim] sample:		61.53 time, 30.02 real, 298 MB
[runlim] sample:		245.99 time, 40.02 real, 209 MB
[runlim] sample:		265.87 time, 50.02 real, 211 MB
[runlim] sample:		286.27 time, 60.02 real, 333 MB
[runlim] sample:		306.29 time, 70.02 real, 334 MB
[runlim] sample:		339.98 time, 80.02 real, 212 MB
[runlim] sample:		359.98 time, 90.02 real, 212 MB
[runlim] sample:		1198.24 time, 100.02 real, 201 MB
[runlim] sample:		1218.24 time, 110.02 real, 221 MB
[runlim] sample:		1238.24 time, 120.02 real, 229 MB
[runlim] sample:		1258.25 time, 130.02 real, 243 MB
[runlim] sample:		1278.25 time, 140.02 real, 246 MB
[runlim] sample:		1298.24 time, 150.02 real, 262 MB
[runlim] sample:		1318.24 time, 160.02 real, 274 MB
[runlim] sample:		1338.24 time, 170.02 real, 282 MB
[runlim] sample:		1358.24 time, 180.02 real, 282 MB
[runlim] sample:		1378.25 time, 190.02 real, 284 MB
[runlim] sample:		1398.24 time, 200.02 real, 288 MB
[runlim] sample:		1418.24 time, 210.02 real, 294 MB
[runlim] sample:		1438.24 time, 220.02 real, 298 MB
[runlim] sample:		1458.24 time, 230.02 real, 298 MB
[runlim] sample:		1478.24 time, 240.02 real, 329 MB
[runlim] sample:		1498.25 time, 250.02 real, 331 MB
[runlim] sample:		1518.24 time, 260.02 real, 333 MB
[runlim] sample:		1538.25 time, 270.02 real, 335 MB
[runlim] sample:		1558.24 time, 280.02 real, 339 MB
[runlim] sample:		1578.24 time, 290.02 real, 341 MB
[runlim] sample:		1598.24 time, 300.02 real, 333 MB
[runlim] sample:		1618.24 time, 310.02 real, 344 MB
[runlim] sample:		1638.25 time, 320.02 real, 354 MB
[runlim] sample:		1658.24 time, 330.02 real, 362 MB
[runlim] sample:		1678.24 time, 340.02 real, 371 MB
[runlim] sample:		1698.24 time, 350.02 real, 379 MB
[runlim] sample:		1718.23 time, 360.02 real, 386 MB
[runlim] sample:		1738.23 time, 370.02 real, 391 MB
[runlim] sample:		1758.24 time, 380.02 real, 393 MB
[runlim] sample:		1778.23 time, 390.02 real, 395 MB
[runlim] sample:		1798.23 time, 400.02 real, 400 MB
[runlim] sample:		1818.25 time, 410.02 real, 402 MB
[runlim] sample:		1838.23 time, 420.02 real, 403 MB
[runlim] sample:		1858.23 time, 430.02 real, 405 MB
[runlim] sample:		1878.24 time, 440.02 real, 362 MB
[runlim] sample:		1898.24 time, 450.02 real, 372 MB
[runlim] sample:		1918.25 time, 460.02 real, 380 MB
[runlim] sample:		1938.24 time, 470.02 real, 386 MB
[runlim] sample:		1958.24 time, 480.02 real, 388 MB
[runlim] sample:		1978.25 time, 490.02 real, 424 MB
[runlim] sample:		1998.24 time, 500.02 real, 430 MB
[runlim] sample:		2018.24 time, 510.02 real, 437 MB
[runlim] sample:		2038.23 time, 520.02 real, 443 MB
[runlim] sample:		2058.24 time, 530.02 real, 410 MB
[runlim] sample:		2078.25 time, 540.02 real, 414 MB
[runlim] sample:		2098.24 time, 550.02 real, 417 MB
[runlim] sample:		2118.24 time, 560.02 real, 452 MB
[runlim] sample:		2138.24 time, 570.02 real, 458 MB
[runlim] sample:		2158.24 time, 580.02 real, 465 MB
[runlim] sample:		2178.23 time, 590.02 real, 471 MB
[runlim] sample:		2198.24 time, 600.02 real, 473 MB
[runlim] sample:		2218.24 time, 610.02 real, 476 MB
[runlim] sample:		2238.24 time, 620.02 real, 478 MB
[runlim] sample:		2258.23 time, 630.02 real, 480 MB
[runlim] sample:		2278.23 time, 640.02 real, 481 MB
[runlim] sample:		2298.24 time, 650.02 real, 483 MB
[runlim] sample:		2318.24 time, 660.02 real, 484 MB
[runlim] sample:		2338.24 time, 670.02 real, 433 MB
[runlim] sample:		2358.24 time, 680.02 real, 465 MB
[runlim] sample:		2378.23 time, 690.02 real, 468 MB
[runlim] sample:		2398.24 time, 700.02 real, 476 MB
[runlim] sample:		2418.23 time, 710.02 real, 479 MB
[runlim] sample:		2438.24 time, 720.02 real, 482 MB
[runlim] sample:		2458.23 time, 730.02 real, 485 MB
[runlim] sample:		2478.23 time, 740.02 real, 487 MB
[runlim] sample:		2498.23 time, 750.02 real, 489 MB
[runlim] sample:		2518.23 time, 760.02 real, 491 MB
[runlim] sample:		2538.23 time, 770.02 real, 493 MB
[runlim] sample:		2558.23 time, 780.02 real, 496 MB
[runlim] sample:		2578.23 time, 790.02 real, 498 MB
[runlim] sample:		2598.23 time, 800.02 real, 499 MB
[runlim] sample:		2618.24 time, 810.02 real, 501 MB
[runlim] sample:		2638.24 time, 820.02 real, 502 MB
[runlim] sample:		2658.23 time, 830.02 real, 441 MB
[runlim] sample:		2678.23 time, 840.02 real, 445 MB
[runlim] sample:		2698.23 time, 850.02 real, 450 MB
[runlim] sample:		2718.22 time, 860.02 real, 456 MB
[runlim] sample:		2738.22 time, 870.02 real, 492 MB
[runlim] sample:		2758.24 time, 880.02 real, 498 MB
[runlim] sample:		2778.24 time, 890.02 real, 504 MB
[runlim] sample:		2798.22 time, 900.02 real, 510 MB
[runlim] sample:		2818.24 time, 910.02 real, 516 MB
[runlim] sample:		2838.24 time, 920.02 real, 522 MB
[runlim] sample:		2858.23 time, 930.02 real, 527 MB
[runlim] sample:		2878.24 time, 940.02 real, 533 MB
[runlim] sample:		2898.23 time, 950.02 real, 538 MB
[runlim] sample:		2918.23 time, 960.02 real, 542 MB
[runlim] sample:		2938.22 time, 970.02 real, 544 MB
[runlim] sample:		2958.23 time, 980.02 real, 545 MB
[runlim] sample:		2978.22 time, 990.02 real, 490 MB
[runlim] sample:		2998.23 time, 1000.02 real, 525 MB
[runlim] sample:		3018.23 time, 1010.02 real, 528 MB
[runlim] sample:		3038.22 time, 1020.02 real, 531 MB
[runlim] sample:		3058.23 time, 1030.02 real, 534 MB
[runlim] sample:		3078.24 time, 1040.02 real, 537 MB
[runlim] sample:		3098.24 time, 1050.02 real, 540 MB
[runlim] sample:		3118.24 time, 1060.02 real, 542 MB
[runlim] sample:		3138.24 time, 1070.02 real, 544 MB
[runlim] sample:		3158.24 time, 1080.02 real, 547 MB
[runlim] sample:		3178.23 time, 1090.02 real, 549 MB
[runlim] sample:		14202.10 time, 1100.02 real, 141 MB
[runlim] sample:		14212.10 time, 1110.02 real, 141 MB
[runlim] sample:		14222.10 time, 1120.02 real, 141 MB
[runlim] sample:		14232.10 time, 1130.02 real, 141 MB
[runlim] sample:		14242.10 time, 1140.02 real, 141 MB
[runlim] sample:		14801.83 time, 1150.02 real, 136 MB
[runlim] sample:		14811.83 time, 1160.02 real, 136 MB
[runlim] sample:		14821.84 time, 1170.02 real, 136 MB
[runlim] sample:		14831.84 time, 1180.02 real, 136 MB
[runlim] sample:		14841.84 time, 1190.02 real, 136 MB
[runlim] sample:		14851.84 time, 1200.02 real, 136 MB
[runlim] sample:		14861.83 time, 1210.02 real, 136 MB
[runlim] sample:		14871.84 time, 1220.02 real, 132 MB
[runlim] sample:		14881.84 time, 1230.02 real, 132 MB
[runlim] sample:		14891.84 time, 1240.02 real, 132 MB
[runlim] sample:		14901.84 time, 1250.02 real, 132 MB
[runlim] sample:		14911.84 time, 1260.02 real, 132 MB
[runlim] sample:		14921.84 time, 1270.02 real, 132 MB
[runlim] sample:		14931.84 time, 1280.02 real, 144 MB
[runlim] sample:		14941.84 time, 1290.02 real, 144 MB
[runlim] sample:		14951.84 time, 1300.02 real, 144 MB
[runlim] sample:		14961.84 time, 1310.02 real, 144 MB
[runlim] sample:		14971.84 time, 1320.02 real, 144 MB
[runlim] sample:		14981.84 time, 1330.02 real, 144 MB
[runlim] sample:		14991.84 time, 1340.02 real, 144 MB
[runlim] sample:		15001.84 time, 1350.02 real, 144 MB
[runlim] sample:		15011.84 time, 1360.02 real, 144 MB
[runlim] sample:		15021.84 time, 1370.02 real, 144 MB
[runlim] sample:		15031.85 time, 1380.02 real, 144 MB
[runlim] sample:		15041.84 time, 1390.02 real, 144 MB
[runlim] sample:		15051.84 time, 1400.02 real, 144 MB
[runlim] sample:		15061.85 time, 1410.02 real, 144 MB
[runlim] sample:		15071.85 time, 1420.02 real, 144 MB
[runlim] sample:		15081.84 time, 1430.02 real, 144 MB
[runlim] sample:		15091.84 time, 1440.02 real, 144 MB
[runlim] sample:		15101.84 time, 1450.02 real, 144 MB
[runlim] sample:		15111.84 time, 1460.02 real, 144 MB
[runlim] sample:		15121.84 time, 1470.02 real, 144 MB
[runlim] sample:		15131.84 time, 1480.02 real, 144 MB
[runlim] sample:		15141.84 time, 1490.02 real, 144 MB
[runlim] sample:		15151.85 time, 1500.02 real, 144 MB
[runlim] sample:		15161.84 time, 1510.02 real, 144 MB
[runlim] sample:		15171.85 time, 1520.02 real, 144 MB
[runlim] sample:		15181.84 time, 1530.02 real, 144 MB
[runlim] sample:		15191.85 time, 1540.02 real, 144 MB
[runlim] sample:		15201.84 time, 1550.02 real, 144 MB
[runlim] sample:		15211.85 time, 1560.02 real, 144 MB
[runlim] sample:		15221.84 time, 1570.02 real, 144 MB
[runlim] sample:		15231.84 time, 1580.02 real, 144 MB
[runlim] sample:		15241.84 time, 1590.02 real, 144 MB
[runlim] sample:		15251.85 time, 1600.02 real, 144 MB
[runlim] sample:		15261.84 time, 1610.02 real, 144 MB
[runlim] sample:		15271.84 time, 1620.02 real, 144 MB
[runlim] sample:		15281.85 time, 1630.02 real, 144 MB
[runlim] sample:		15291.85 time, 1640.02 real, 144 MB
[runlim] sample:		15301.84 time, 1650.02 real, 144 MB
[runlim] sample:		15311.84 time, 1660.02 real, 144 MB
[runlim] sample:		15321.84 time, 1670.02 real, 144 MB
[runlim] sample:		15331.84 time, 1680.02 real, 144 MB
[runlim] sample:		15341.84 time, 1690.02 real, 144 MB
[runlim] sample:		15351.84 time, 1700.02 real, 144 MB
[runlim] sample:		15361.84 time, 1710.02 real, 144 MB
[runlim] sample:		15371.85 time, 1720.02 real, 144 MB
[runlim] sample:		15381.84 time, 1730.02 real, 144 MB
[runlim] sample:		15391.84 time, 1740.02 real, 144 MB
[runlim] sample:		15401.85 time, 1750.02 real, 144 MB
[runlim] sample:		15411.84 time, 1760.02 real, 144 MB
[runlim] sample:		15421.85 time, 1770.02 real, 144 MB
[runlim] sample:		15431.85 time, 1780.02 real, 144 MB
[runlim] sample:		15441.84 time, 1790.02 real, 144 MB
[runlim] sample:		15451.84 time, 1800.02 real, 144 MB
[runlim] sample:		15461.85 time, 1810.02 real, 144 MB
[runlim] sample:		15471.84 time, 1820.02 real, 144 MB
[runlim] sample:		15481.84 time, 1830.02 real, 144 MB
[runlim] sample:		15491.84 time, 1840.02 real, 144 MB
[runlim] sample:		15501.85 time, 1850.02 real, 144 MB
[runlim] sample:		15511.85 time, 1860.02 real, 144 MB
[runlim] sample:		15521.85 time, 1870.02 real, 144 MB
[runlim] sample:		15531.84 time, 1880.02 real, 144 MB
[runlim] sample:		15541.84 time, 1890.02 real, 144 MB
[runlim] sample:		15551.84 time, 1900.02 real, 144 MB
[runlim] sample:		15561.85 time, 1910.02 real, 144 MB
[runlim] sample:		15571.85 time, 1920.02 real, 144 MB
[runlim] sample:		15581.85 time, 1930.02 real, 144 MB
[runlim] sample:		15591.85 time, 1940.02 real, 144 MB
[runlim] sample:		15601.85 time, 1950.02 real, 144 MB
[runlim] sample:		15611.84 time, 1960.02 real, 144 MB
[runlim] sample:		15621.85 time, 1970.02 real, 144 MB
[runlim] sample:		15631.85 time, 1980.02 real, 144 MB
[runlim] sample:		15641.85 time, 1990.02 real, 144 MB
[runlim] sample:		15651.85 time, 2000.02 real, 144 MB
[runlim] sample:		15661.85 time, 2010.02 real, 144 MB
[runlim] sample:		15671.84 time, 2020.02 real, 144 MB
[runlim] sample:		15681.85 time, 2030.02 real, 144 MB
[runlim] sample:		15691.85 time, 2040.02 real, 144 MB
[runlim] sample:		15701.85 time, 2050.02 real, 144 MB
[runlim] sample:		15711.84 time, 2060.02 real, 144 MB
[runlim] sample:		15721.85 time, 2070.02 real, 144 MB
[runlim] sample:		15731.85 time, 2080.02 real, 144 MB
[runlim] sample:		15741.85 time, 2090.02 real, 144 MB
[runlim] sample:		15751.84 time, 2100.02 real, 144 MB
[runlim] sample:		15761.84 time, 2110.02 real, 144 MB
[runlim] sample:		15771.85 time, 2120.02 real, 144 MB
[runlim] sample:		15781.85 time, 2130.02 real, 144 MB
[runlim] sample:		15791.85 time, 2140.02 real, 144 MB
[runlim] sample:		15801.85 time, 2150.02 real, 144 MB
[runlim] sample:		15811.85 time, 2160.02 real, 144 MB
[runlim] sample:		15821.85 time, 2170.02 real, 144 MB
[runlim] sample:		15831.85 time, 2180.02 real, 144 MB
[runlim] sample:		15841.85 time, 2190.02 real, 144 MB
[runlim] sample:		15851.85 time, 2200.02 real, 144 MB
[runlim] sample:		15861.84 time, 2210.02 real, 144 MB
[runlim] sample:		15871.85 time, 2220.02 real, 144 MB
[runlim] sample:		15881.84 time, 2230.02 real, 144 MB
[runlim] sample:		15891.85 time, 2240.02 real, 144 MB
[runlim] sample:		15901.84 time, 2250.02 real, 144 MB
[runlim] sample:		15911.85 time, 2260.02 real, 144 MB
[runlim] sample:		15921.84 time, 2270.02 real, 144 MB
[runlim] sample:		15931.85 time, 2280.02 real, 144 MB
[runlim] sample:		15941.85 time, 2290.02 real, 144 MB
[runlim] sample:		15951.85 time, 2300.02 real, 144 MB
[runlim] sample:		15961.85 time, 2310.02 real, 144 MB
[runlim] sample:		15971.85 time, 2320.02 real, 144 MB
[runlim] sample:		15981.85 time, 2330.02 real, 144 MB
[runlim] sample:		15991.85 time, 2340.02 real, 144 MB
[runlim] sample:		16001.85 time, 2350.02 real, 144 MB
[runlim] sample:		16011.85 time, 2360.02 real, 144 MB
[runlim] sample:		16021.84 time, 2370.02 real, 144 MB
[runlim] sample:		16031.85 time, 2380.02 real, 144 MB
[runlim] sample:		16041.85 time, 2390.02 real, 144 MB
[runlim] sample:		16051.84 time, 2400.02 real, 144 MB
[runlim] sample:		16061.85 time, 2410.02 real, 144 MB
[runlim] sample:		16071.84 time, 2420.02 real, 144 MB
[runlim] sample:		16081.84 time, 2430.02 real, 144 MB
[runlim] sample:		16091.85 time, 2440.02 real, 144 MB
[runlim] sample:		16101.85 time, 2450.02 real, 144 MB
[runlim] sample:		16111.85 time, 2460.02 real, 144 MB
[runlim] sample:		16121.85 time, 2470.02 real, 144 MB
[runlim] sample:		16131.84 time, 2480.02 real, 144 MB
[runlim] sample:		16141.85 time, 2490.02 real, 144 MB
[runlim] sample:		16151.84 time, 2500.02 real, 144 MB
[runlim] sample:		16161.84 time, 2510.02 real, 144 MB
[runlim] sample:		16171.85 time, 2520.02 real, 144 MB
[runlim] sample:		16181.85 time, 2530.02 real, 144 MB
[runlim] sample:		16191.85 time, 2540.02 real, 144 MB
[runlim] sample:		16201.85 time, 2550.02 real, 144 MB
[runlim] sample:		16211.84 time, 2560.02 real, 144 MB
[runlim] sample:		16221.85 time, 2570.02 real, 144 MB
[runlim] sample:		16231.85 time, 2580.02 real, 144 MB
[runlim] sample:		16241.85 time, 2590.02 real, 144 MB
[runlim] sample:		16251.85 time, 2600.02 real, 144 MB
[runlim] sample:		16261.85 time, 2610.02 real, 144 MB
[runlim] sample:		16271.85 time, 2620.02 real, 144 MB
[runlim] sample:		16281.85 time, 2630.02 real, 144 MB
[runlim] sample:		16291.85 time, 2640.02 real, 144 MB
[runlim] sample:		16301.85 time, 2650.02 real, 144 MB
[runlim] sample:		16311.85 time, 2660.02 real, 144 MB
[runlim] sample:		16321.85 time, 2670.02 real, 144 MB
[runlim] sample:		16331.85 time, 2680.02 real, 144 MB
[runlim] sample:		16341.85 time, 2690.02 real, 144 MB
[runlim] sample:		16351.85 time, 2700.02 real, 144 MB
[runlim] sample:		16361.85 time, 2710.02 real, 144 MB
[runlim] sample:		16371.85 time, 2720.02 real, 144 MB
[runlim] sample:		16381.85 time, 2730.02 real, 144 MB
[runlim] sample:		16391.85 time, 2740.02 real, 144 MB
[runlim] sample:		16401.85 time, 2750.02 real, 144 MB
[runlim] sample:		16411.85 time, 2760.02 real, 144 MB
[runlim] sample:		16421.85 time, 2770.02 real, 144 MB
[runlim] sample:		16431.85 time, 2780.02 real, 144 MB
[runlim] sample:		16441.85 time, 2790.02 real, 144 MB
[runlim] sample:		16451.85 time, 2800.02 real, 144 MB
[runlim] sample:		16461.85 time, 2810.02 real, 144 MB
[runlim] sample:		16471.85 time, 2820.02 real, 144 MB
[runlim] sample:		16481.85 time, 2830.02 real, 144 MB
[runlim] sample:		16491.85 time, 2840.02 real, 144 MB
[runlim] sample:		16501.85 time, 2850.02 real, 144 MB
[runlim] sample:		16511.85 time, 2860.02 real, 144 MB
[runlim] sample:		16521.85 time, 2870.02 real, 144 MB
[runlim] sample:		16531.85 time, 2880.02 real, 144 MB
[runlim] sample:		16541.85 time, 2890.02 real, 144 MB
[runlim] sample:		16551.85 time, 2900.02 real, 144 MB
[runlim] sample:		16561.85 time, 2910.02 real, 144 MB
[runlim] sample:		16571.85 time, 2920.02 real, 144 MB
[runlim] sample:		16581.85 time, 2930.02 real, 144 MB
[runlim] sample:		16591.85 time, 2940.02 real, 144 MB
[runlim] sample:		16601.85 time, 2950.02 real, 144 MB
[runlim] sample:		16611.85 time, 2960.02 real, 144 MB
[runlim] sample:		16621.85 time, 2970.02 real, 144 MB
[runlim] sample:		16631.85 time, 2980.02 real, 144 MB
[runlim] sample:		16641.85 time, 2990.02 real, 144 MB
[runlim] sample:		16651.85 time, 3000.02 real, 144 MB
[runlim] sample:		16661.85 time, 3010.02 real, 144 MB
[runlim] sample:		16671.86 time, 3020.02 real, 144 MB
[runlim] sample:		16681.85 time, 3030.02 real, 144 MB
[runlim] sample:		16691.86 time, 3040.02 real, 144 MB
[runlim] sample:		16701.85 time, 3050.02 real, 144 MB
[runlim] sample:		16711.85 time, 3060.02 real, 144 MB
[runlim] sample:		16721.85 time, 3070.02 real, 144 MB
[runlim] sample:		16731.85 time, 3080.02 real, 144 MB
[runlim] sample:		16741.85 time, 3090.02 real, 144 MB
[runlim] sample:		16751.86 time, 3100.02 real, 144 MB
[runlim] sample:		16761.85 time, 3110.02 real, 144 MB
[runlim] sample:		16771.85 time, 3120.02 real, 144 MB
[runlim] sample:		16781.85 time, 3130.02 real, 144 MB
[runlim] sample:		16791.85 time, 3140.02 real, 144 MB
[runlim] sample:		16801.85 time, 3150.02 real, 144 MB
[runlim] sample:		16811.85 time, 3160.02 real, 144 MB
[runlim] sample:		16821.86 time, 3170.02 real, 144 MB
[runlim] sample:		16831.86 time, 3180.02 real, 144 MB
[runlim] sample:		16841.85 time, 3190.02 real, 144 MB
[runlim] sample:		16851.85 time, 3200.02 real, 144 MB
[runlim] sample:		16861.85 time, 3210.02 real, 144 MB
[runlim] sample:		16871.85 time, 3220.02 real, 144 MB
[runlim] sample:		16881.85 time, 3230.02 real, 144 MB
[runlim] sample:		16891.86 time, 3240.02 real, 144 MB
[runlim] sample:		16901.85 time, 3250.02 real, 144 MB
[runlim] sample:		16911.85 time, 3260.02 real, 144 MB
[runlim] sample:		16921.86 time, 3270.02 real, 144 MB
[runlim] sample:		16931.85 time, 3280.02 real, 144 MB
[runlim] sample:		16941.85 time, 3290.02 real, 144 MB
[runlim] sample:		16951.85 time, 3300.02 real, 144 MB
[runlim] sample:		16961.86 time, 3310.02 real, 144 MB
[runlim] sample:		16971.85 time, 3320.02 real, 144 MB
[runlim] sample:		16981.86 time, 3330.02 real, 144 MB
[runlim] sample:		16991.85 time, 3340.02 real, 144 MB
[runlim] sample:		17001.85 time, 3350.02 real, 144 MB
[runlim] sample:		17011.85 time, 3360.02 real, 144 MB
[runlim] sample:		17021.85 time, 3370.02 real, 144 MB
[runlim] sample:		17031.85 time, 3380.02 real, 144 MB
[runlim] sample:		17041.85 time, 3390.02 real, 144 MB
[runlim] sample:		17051.86 time, 3400.02 real, 144 MB
[runlim] sample:		17061.85 time, 3410.02 real, 144 MB
[runlim] sample:		17071.85 time, 3420.02 real, 144 MB
[runlim] sample:		17081.85 time, 3430.02 real, 144 MB
[runlim] sample:		17091.85 time, 3440.02 real, 144 MB
[runlim] sample:		17101.86 time, 3450.02 real, 144 MB
[runlim] sample:		17111.86 time, 3460.02 real, 144 MB
[runlim] sample:		17121.86 time, 3470.02 real, 144 MB
[runlim] sample:		17131.86 time, 3480.02 real, 144 MB
[runlim] sample:		17141.86 time, 3490.02 real, 144 MB
[runlim] sample:		17151.85 time, 3500.02 real, 144 MB
[runlim] sample:		17161.85 time, 3510.02 real, 144 MB
[runlim] sample:		17171.86 time, 3520.02 real, 144 MB
[runlim] sample:		17181.85 time, 3530.02 real, 144 MB
[runlim] sample:		17191.86 time, 3540.02 real, 144 MB
[runlim] sample:		17201.85 time, 3550.02 real, 144 MB
[runlim] sample:		17211.86 time, 3560.02 real, 144 MB
[runlim] sample:		17221.86 time, 3570.02 real, 144 MB
[runlim] sample:		17231.86 time, 3580.02 real, 144 MB
[runlim] sample:		17241.85 time, 3590.02 real, 144 MB
[runlim] sample:		17251.85 time, 3600.02 real, 144 MB
[runlim] end:			Thu Oct 17 00:35:49 2019
[runlim] status:		out of time
[runlim] result:		2
[runlim] children:		46
[runlim] real:			3600.12 seconds
[runlim] time:			17251.85 seconds
[runlim] space:			550 MB
[runlim] samples:		36000
