[runlim] version:		1.17
[runlim] host:			c3n10
[runlim] time limit:		311040000 seconds
[runlim] real time limit:	3600 seconds
[runlim] space limit:		120000 MB
[runlim] argv[0]:		./run.sh
[runlim] argv[1]:		/tmp/krmwWO5G.aig
[runlim] start:			Thu Oct 17 00:09:26 2019
[runlim] child:			30881
[runlim] sample:		27.85 time, 10.02 real, 112 MB
[runlim] sample:		59.31 time, 20.02 real, 284 MB
[runlim] sample:		323.63 time, 30.02 real, 191 MB
[runlim] sample:		384.45 time, 40.02 real, 206 MB
[runlim] sample:		404.45 time, 50.02 real, 212 MB
[runlim] sample:		437.05 time, 60.02 real, 214 MB
[runlim] sample:		457.06 time, 70.02 real, 217 MB
[runlim] sample:		477.05 time, 80.02 real, 222 MB
[runlim] sample:		497.06 time, 90.02 real, 223 MB
[runlim] sample:		517.05 time, 100.02 real, 233 MB
[runlim] sample:		537.06 time, 110.02 real, 240 MB
[runlim] sample:		557.04 time, 120.02 real, 224 MB
[runlim] sample:		577.05 time, 130.02 real, 240 MB
[runlim] sample:		597.06 time, 140.02 real, 248 MB
[runlim] sample:		617.05 time, 150.02 real, 257 MB
[runlim] sample:		637.05 time, 160.02 real, 272 MB
[runlim] sample:		657.04 time, 170.02 real, 273 MB
[runlim] sample:		677.05 time, 180.02 real, 274 MB
[runlim] sample:		697.04 time, 190.02 real, 275 MB
[runlim] sample:		717.04 time, 200.02 real, 275 MB
[runlim] sample:		737.05 time, 210.02 real, 276 MB
[runlim] sample:		757.05 time, 220.02 real, 281 MB
[runlim] sample:		777.04 time, 230.02 real, 287 MB
[runlim] sample:		797.04 time, 240.02 real, 291 MB
[runlim] sample:		817.04 time, 250.02 real, 291 MB
[runlim] sample:		837.04 time, 260.02 real, 293 MB
[runlim] sample:		857.04 time, 270.02 real, 295 MB
[runlim] sample:		877.05 time, 280.02 real, 295 MB
[runlim] sample:		897.04 time, 290.02 real, 295 MB
[runlim] sample:		917.04 time, 300.02 real, 298 MB
[runlim] sample:		937.04 time, 310.02 real, 300 MB
[runlim] sample:		957.05 time, 320.02 real, 302 MB
[runlim] sample:		977.06 time, 330.02 real, 308 MB
[runlim] sample:		997.04 time, 340.02 real, 311 MB
[runlim] sample:		1017.05 time, 350.02 real, 312 MB
[runlim] sample:		1037.04 time, 360.02 real, 314 MB
[runlim] sample:		1057.04 time, 370.02 real, 319 MB
[runlim] sample:		1077.05 time, 380.02 real, 323 MB
[runlim] sample:		1097.05 time, 390.02 real, 328 MB
[runlim] sample:		1117.04 time, 400.02 real, 332 MB
[runlim] sample:		1137.04 time, 410.02 real, 336 MB
[runlim] sample:		1157.04 time, 420.02 real, 328 MB
[runlim] sample:		1177.05 time, 430.02 real, 329 MB
[runlim] sample:		1197.05 time, 440.02 real, 363 MB
[runlim] sample:		1217.06 time, 450.02 real, 331 MB
[runlim] sample:		1237.06 time, 460.02 real, 332 MB
[runlim] sample:		1257.05 time, 470.02 real, 343 MB
[runlim] sample:		1277.04 time, 480.02 real, 351 MB
[runlim] sample:		1297.04 time, 490.02 real, 352 MB
[runlim] sample:		1317.04 time, 500.02 real, 353 MB
[runlim] sample:		1337.04 time, 510.02 real, 353 MB
[runlim] sample:		1357.04 time, 520.02 real, 362 MB
[runlim] sample:		1377.05 time, 530.02 real, 362 MB
[runlim] sample:		1397.05 time, 540.02 real, 362 MB
[runlim] sample:		1417.04 time, 550.02 real, 363 MB
[runlim] sample:		1437.04 time, 560.02 real, 363 MB
[runlim] sample:		1457.04 time, 570.02 real, 363 MB
[runlim] sample:		1477.04 time, 580.02 real, 363 MB
[runlim] sample:		1497.05 time, 590.02 real, 363 MB
[runlim] sample:		1517.06 time, 600.02 real, 363 MB
[runlim] sample:		1537.06 time, 610.02 real, 363 MB
[runlim] sample:		1557.05 time, 620.02 real, 393 MB
[runlim] sample:		1577.05 time, 630.02 real, 363 MB
[runlim] sample:		1597.05 time, 640.02 real, 363 MB
[runlim] sample:		1617.04 time, 650.02 real, 363 MB
[runlim] sample:		1637.04 time, 660.02 real, 363 MB
[runlim] sample:		1657.04 time, 670.02 real, 374 MB
[runlim] sample:		1677.04 time, 680.02 real, 375 MB
[runlim] sample:		1697.04 time, 690.02 real, 375 MB
[runlim] sample:		1717.04 time, 700.02 real, 379 MB
[runlim] sample:		1737.04 time, 710.02 real, 382 MB
[runlim] sample:		1757.04 time, 720.02 real, 386 MB
[runlim] sample:		1777.06 time, 730.02 real, 389 MB
[runlim] sample:		1797.06 time, 740.02 real, 396 MB
[runlim] sample:		1817.04 time, 750.02 real, 431 MB
[runlim] sample:		1837.04 time, 760.02 real, 397 MB
[runlim] sample:		1857.04 time, 770.02 real, 400 MB
[runlim] sample:		1877.04 time, 780.02 real, 432 MB
[runlim] sample:		1897.04 time, 790.02 real, 404 MB
[runlim] sample:		1917.04 time, 800.02 real, 409 MB
[runlim] sample:		1937.04 time, 810.02 real, 439 MB
[runlim] sample:		1957.05 time, 820.02 real, 411 MB
[runlim] sample:		1977.05 time, 830.02 real, 411 MB
[runlim] sample:		1997.04 time, 840.02 real, 444 MB
[runlim] sample:		2017.04 time, 850.02 real, 411 MB
[runlim] sample:		2037.04 time, 860.02 real, 411 MB
[runlim] sample:		2057.04 time, 870.02 real, 442 MB
[runlim] sample:		2077.04 time, 880.02 real, 411 MB
[runlim] sample:		2097.04 time, 890.02 real, 411 MB
[runlim] sample:		2117.04 time, 900.02 real, 447 MB
[runlim] sample:		2137.04 time, 910.02 real, 411 MB
[runlim] sample:		2157.04 time, 920.02 real, 411 MB
[runlim] sample:		2177.04 time, 930.02 real, 411 MB
[runlim] sample:		2197.04 time, 940.02 real, 450 MB
[runlim] sample:		2217.04 time, 950.02 real, 411 MB
[runlim] sample:		2237.04 time, 960.02 real, 411 MB
[runlim] sample:		2257.04 time, 970.02 real, 445 MB
[runlim] sample:		2277.04 time, 980.02 real, 411 MB
[runlim] sample:		2297.04 time, 990.02 real, 411 MB
[runlim] sample:		2317.04 time, 1000.02 real, 447 MB
[runlim] sample:		2337.04 time, 1010.02 real, 456 MB
[runlim] sample:		2357.04 time, 1020.02 real, 416 MB
[runlim] sample:		5377.41 time, 1030.02 real, 416 MB
[runlim] sample:		5397.41 time, 1040.02 real, 452 MB
[runlim] sample:		5417.41 time, 1050.02 real, 416 MB
[runlim] sample:		7481.87 time, 1060.02 real, 162 MB
[runlim] sample:		7491.87 time, 1070.02 real, 162 MB
[runlim] sample:		7501.87 time, 1080.02 real, 162 MB
[runlim] sample:		7511.86 time, 1090.02 real, 162 MB
[runlim] sample:		7521.86 time, 1100.02 real, 146 MB
[runlim] sample:		8086.42 time, 1110.02 real, 154 MB
[runlim] sample:		8096.42 time, 1120.02 real, 154 MB
[runlim] sample:		8106.42 time, 1130.02 real, 154 MB
[runlim] sample:		8116.43 time, 1140.02 real, 154 MB
[runlim] sample:		8126.42 time, 1150.02 real, 154 MB
[runlim] sample:		8136.42 time, 1160.02 real, 154 MB
[runlim] sample:		8146.42 time, 1170.02 real, 154 MB
[runlim] sample:		8156.42 time, 1180.02 real, 154 MB
[runlim] sample:		8166.43 time, 1190.02 real, 154 MB
[runlim] sample:		8176.43 time, 1200.02 real, 146 MB
[runlim] sample:		8186.42 time, 1210.02 real, 146 MB
[runlim] sample:		8196.42 time, 1220.02 real, 146 MB
[runlim] sample:		8206.42 time, 1230.02 real, 146 MB
[runlim] sample:		8216.43 time, 1240.02 real, 146 MB
[runlim] sample:		8226.43 time, 1250.02 real, 146 MB
[runlim] sample:		8236.43 time, 1260.02 real, 146 MB
[runlim] sample:		8246.42 time, 1270.02 real, 146 MB
[runlim] sample:		8256.43 time, 1280.02 real, 146 MB
[runlim] sample:		8266.43 time, 1290.02 real, 146 MB
[runlim] sample:		8276.42 time, 1300.02 real, 146 MB
[runlim] sample:		8286.43 time, 1310.02 real, 146 MB
[runlim] sample:		8296.42 time, 1320.02 real, 146 MB
[runlim] sample:		8306.42 time, 1330.02 real, 146 MB
[runlim] sample:		8316.43 time, 1340.02 real, 146 MB
[runlim] sample:		8326.42 time, 1350.02 real, 146 MB
[runlim] sample:		8336.43 time, 1360.02 real, 146 MB
[runlim] sample:		8346.43 time, 1370.02 real, 146 MB
[runlim] sample:		8356.43 time, 1380.02 real, 146 MB
[runlim] sample:		8366.43 time, 1390.02 real, 146 MB
[runlim] sample:		8376.43 time, 1400.02 real, 146 MB
[runlim] sample:		8386.43 time, 1410.02 real, 146 MB
[runlim] sample:		8396.43 time, 1420.02 real, 146 MB
[runlim] sample:		8406.42 time, 1430.02 real, 146 MB
[runlim] sample:		8416.43 time, 1440.02 real, 146 MB
[runlim] sample:		8426.43 time, 1450.02 real, 146 MB
[runlim] sample:		8436.43 time, 1460.02 real, 146 MB
[runlim] sample:		8446.42 time, 1470.02 real, 146 MB
[runlim] sample:		8456.43 time, 1480.02 real, 146 MB
[runlim] sample:		8466.43 time, 1490.02 real, 146 MB
[runlim] sample:		8476.43 time, 1500.02 real, 146 MB
[runlim] sample:		8486.42 time, 1510.02 real, 146 MB
[runlim] sample:		8496.43 time, 1520.02 real, 146 MB
[runlim] sample:		8506.42 time, 1530.02 real, 146 MB
[runlim] sample:		8516.42 time, 1540.02 real, 146 MB
[runlim] sample:		8526.42 time, 1550.02 real, 146 MB
[runlim] sample:		8536.42 time, 1560.02 real, 146 MB
[runlim] sample:		8546.42 time, 1570.02 real, 146 MB
[runlim] sample:		8556.42 time, 1580.02 real, 146 MB
[runlim] sample:		8566.42 time, 1590.02 real, 146 MB
[runlim] sample:		8576.42 time, 1600.02 real, 146 MB
[runlim] sample:		8586.43 time, 1610.02 real, 146 MB
[runlim] sample:		8596.42 time, 1620.02 real, 146 MB
[runlim] sample:		8606.42 time, 1630.02 real, 146 MB
[runlim] sample:		8616.43 time, 1640.02 real, 146 MB
[runlim] sample:		8626.43 time, 1650.02 real, 146 MB
[runlim] sample:		8636.42 time, 1660.02 real, 146 MB
[runlim] sample:		8646.42 time, 1670.02 real, 146 MB
[runlim] sample:		8656.43 time, 1680.02 real, 146 MB
[runlim] sample:		8666.42 time, 1690.02 real, 146 MB
[runlim] sample:		8676.43 time, 1700.02 real, 146 MB
[runlim] sample:		8686.42 time, 1710.02 real, 146 MB
[runlim] sample:		8696.42 time, 1720.02 real, 146 MB
[runlim] sample:		8706.42 time, 1730.02 real, 146 MB
[runlim] sample:		8716.43 time, 1740.02 real, 146 MB
[runlim] sample:		8726.43 time, 1750.02 real, 146 MB
[runlim] sample:		8736.42 time, 1760.02 real, 146 MB
[runlim] sample:		8746.42 time, 1770.02 real, 146 MB
[runlim] sample:		8756.42 time, 1780.02 real, 146 MB
[runlim] sample:		8766.43 time, 1790.02 real, 146 MB
[runlim] sample:		8776.43 time, 1800.02 real, 146 MB
[runlim] sample:		8786.42 time, 1810.02 real, 146 MB
[runlim] sample:		8796.42 time, 1820.02 real, 146 MB
[runlim] sample:		8806.43 time, 1830.02 real, 146 MB
[runlim] sample:		8816.43 time, 1840.02 real, 146 MB
[runlim] sample:		8826.42 time, 1850.02 real, 146 MB
[runlim] sample:		8836.42 time, 1860.02 real, 146 MB
[runlim] sample:		8846.43 time, 1870.02 real, 146 MB
[runlim] sample:		8856.42 time, 1880.02 real, 146 MB
[runlim] sample:		8866.42 time, 1890.02 real, 146 MB
[runlim] sample:		8876.42 time, 1900.02 real, 146 MB
[runlim] sample:		8886.42 time, 1910.02 real, 146 MB
[runlim] sample:		8896.42 time, 1920.02 real, 146 MB
[runlim] sample:		8906.43 time, 1930.02 real, 146 MB
[runlim] sample:		8916.43 time, 1940.02 real, 146 MB
[runlim] sample:		8926.42 time, 1950.02 real, 146 MB
[runlim] sample:		8936.42 time, 1960.02 real, 146 MB
[runlim] sample:		8946.43 time, 1970.02 real, 146 MB
[runlim] sample:		8956.42 time, 1980.02 real, 146 MB
[runlim] sample:		8966.43 time, 1990.02 real, 146 MB
[runlim] sample:		8976.42 time, 2000.02 real, 146 MB
[runlim] sample:		8986.42 time, 2010.02 real, 146 MB
[runlim] sample:		8996.42 time, 2020.02 real, 146 MB
[runlim] sample:		9006.43 time, 2030.02 real, 146 MB
[runlim] sample:		9016.43 time, 2040.02 real, 146 MB
[runlim] sample:		9026.42 time, 2050.02 real, 146 MB
[runlim] sample:		9036.43 time, 2060.02 real, 146 MB
[runlim] sample:		9046.43 time, 2070.02 real, 146 MB
[runlim] sample:		9056.42 time, 2080.02 real, 146 MB
[runlim] sample:		9066.42 time, 2090.02 real, 146 MB
[runlim] sample:		9076.42 time, 2100.02 real, 146 MB
[runlim] sample:		9086.42 time, 2110.02 real, 146 MB
[runlim] sample:		9096.42 time, 2120.02 real, 146 MB
[runlim] sample:		9106.43 time, 2130.02 real, 146 MB
[runlim] sample:		9116.43 time, 2140.02 real, 146 MB
[runlim] sample:		9126.42 time, 2150.02 real, 146 MB
[runlim] sample:		9136.42 time, 2160.02 real, 146 MB
[runlim] sample:		9146.43 time, 2170.02 real, 146 MB
[runlim] sample:		9156.43 time, 2180.02 real, 146 MB
[runlim] sample:		9166.42 time, 2190.02 real, 146 MB
[runlim] sample:		9176.43 time, 2200.02 real, 146 MB
[runlim] sample:		9186.42 time, 2210.02 real, 146 MB
[runlim] sample:		9196.43 time, 2220.02 real, 146 MB
[runlim] sample:		9206.42 time, 2230.02 real, 146 MB
[runlim] sample:		9216.43 time, 2240.02 real, 146 MB
[runlim] sample:		9226.42 time, 2250.02 real, 146 MB
[runlim] sample:		9236.42 time, 2260.02 real, 146 MB
[runlim] sample:		9246.43 time, 2270.02 real, 146 MB
[runlim] sample:		9256.43 time, 2280.02 real, 146 MB
[runlim] sample:		9266.43 time, 2290.02 real, 146 MB
[runlim] sample:		9276.43 time, 2300.02 real, 146 MB
[runlim] sample:		9286.42 time, 2310.02 real, 146 MB
[runlim] sample:		9296.43 time, 2320.02 real, 146 MB
[runlim] sample:		9306.42 time, 2330.02 real, 146 MB
[runlim] sample:		9316.42 time, 2340.02 real, 146 MB
[runlim] sample:		9326.43 time, 2350.02 real, 146 MB
[runlim] sample:		9336.43 time, 2360.02 real, 146 MB
[runlim] sample:		9346.43 time, 2370.02 real, 146 MB
[runlim] sample:		9356.43 time, 2380.02 real, 146 MB
[runlim] sample:		9366.43 time, 2390.02 real, 146 MB
[runlim] sample:		9376.42 time, 2400.02 real, 146 MB
[runlim] sample:		9386.43 time, 2410.02 real, 146 MB
[runlim] sample:		9396.43 time, 2420.02 real, 146 MB
[runlim] sample:		9406.42 time, 2430.02 real, 146 MB
[runlim] sample:		9416.43 time, 2440.02 real, 146 MB
[runlim] sample:		9426.42 time, 2450.02 real, 146 MB
[runlim] sample:		9436.43 time, 2460.02 real, 146 MB
[runlim] sample:		9446.43 time, 2470.02 real, 146 MB
[runlim] sample:		9456.43 time, 2480.02 real, 146 MB
[runlim] sample:		9466.42 time, 2490.02 real, 146 MB
[runlim] sample:		9476.43 time, 2500.02 real, 146 MB
[runlim] sample:		9486.43 time, 2510.02 real, 146 MB
[runlim] sample:		9496.43 time, 2520.02 real, 146 MB
[runlim] sample:		9506.42 time, 2530.02 real, 146 MB
[runlim] sample:		9516.42 time, 2540.02 real, 146 MB
[runlim] sample:		9526.42 time, 2550.02 real, 146 MB
[runlim] sample:		9536.42 time, 2560.02 real, 146 MB
[runlim] sample:		9546.43 time, 2570.02 real, 146 MB
[runlim] sample:		9556.43 time, 2580.02 real, 146 MB
[runlim] sample:		9566.42 time, 2590.02 real, 146 MB
[runlim] sample:		9576.43 time, 2600.02 real, 146 MB
[runlim] sample:		9586.43 time, 2610.02 real, 146 MB
[runlim] sample:		9596.42 time, 2620.02 real, 146 MB
[runlim] sample:		9606.43 time, 2630.02 real, 146 MB
[runlim] sample:		9616.43 time, 2640.02 real, 146 MB
[runlim] sample:		9626.43 time, 2650.02 real, 146 MB
[runlim] sample:		9636.42 time, 2660.02 real, 146 MB
[runlim] sample:		9646.42 time, 2670.02 real, 146 MB
[runlim] sample:		9656.43 time, 2680.02 real, 146 MB
[runlim] sample:		9666.42 time, 2690.02 real, 146 MB
[runlim] sample:		9676.43 time, 2700.02 real, 146 MB
[runlim] sample:		9686.43 time, 2710.02 real, 146 MB
[runlim] sample:		9696.42 time, 2720.02 real, 146 MB
[runlim] sample:		9706.43 time, 2730.02 real, 146 MB
[runlim] sample:		9716.42 time, 2740.02 real, 146 MB
[runlim] sample:		9726.42 time, 2750.02 real, 146 MB
[runlim] sample:		9736.43 time, 2760.02 real, 146 MB
[runlim] sample:		9746.43 time, 2770.02 real, 146 MB
[runlim] sample:		9756.43 time, 2780.02 real, 146 MB
[runlim] sample:		9766.42 time, 2790.02 real, 146 MB
[runlim] sample:		9776.43 time, 2800.02 real, 146 MB
[runlim] sample:		9786.42 time, 2810.02 real, 146 MB
[runlim] sample:		9796.42 time, 2820.02 real, 146 MB
[runlim] sample:		9806.42 time, 2830.02 real, 146 MB
[runlim] sample:		9816.42 time, 2840.02 real, 146 MB
[runlim] sample:		9826.42 time, 2850.02 real, 146 MB
[runlim] sample:		9836.42 time, 2860.02 real, 146 MB
[runlim] sample:		9846.42 time, 2870.02 real, 146 MB
[runlim] sample:		9856.43 time, 2880.02 real, 146 MB
[runlim] sample:		9866.42 time, 2890.02 real, 146 MB
[runlim] sample:		9876.42 time, 2900.02 real, 146 MB
[runlim] sample:		9886.42 time, 2910.02 real, 146 MB
[runlim] sample:		9896.42 time, 2920.02 real, 146 MB
[runlim] sample:		9906.42 time, 2930.02 real, 146 MB
[runlim] sample:		9916.43 time, 2940.02 real, 146 MB
[runlim] sample:		9926.43 time, 2950.02 real, 146 MB
[runlim] sample:		9936.42 time, 2960.02 real, 146 MB
[runlim] sample:		9946.42 time, 2970.02 real, 146 MB
[runlim] sample:		9956.42 time, 2980.02 real, 146 MB
[runlim] sample:		9966.43 time, 2990.02 real, 146 MB
[runlim] sample:		9976.42 time, 3000.02 real, 146 MB
[runlim] sample:		9986.43 time, 3010.02 real, 146 MB
[runlim] sample:		9996.43 time, 3020.02 real, 146 MB
[runlim] sample:		10006.42 time, 3030.02 real, 146 MB
[runlim] sample:		10016.43 time, 3040.02 real, 146 MB
[runlim] sample:		10026.42 time, 3050.02 real, 146 MB
[runlim] sample:		10036.42 time, 3060.02 real, 146 MB
[runlim] sample:		10046.42 time, 3070.02 real, 146 MB
[runlim] sample:		10056.42 time, 3080.02 real, 146 MB
[runlim] sample:		10066.42 time, 3090.02 real, 146 MB
[runlim] sample:		10076.43 time, 3100.02 real, 146 MB
[runlim] sample:		10086.42 time, 3110.02 real, 146 MB
[runlim] sample:		10096.42 time, 3120.02 real, 146 MB
[runlim] sample:		10106.43 time, 3130.02 real, 146 MB
[runlim] sample:		10116.42 time, 3140.02 real, 146 MB
[runlim] sample:		10126.42 time, 3150.02 real, 146 MB
[runlim] sample:		10136.43 time, 3160.02 real, 146 MB
[runlim] sample:		10146.43 time, 3170.02 real, 146 MB
[runlim] sample:		10156.42 time, 3180.02 real, 146 MB
[runlim] sample:		10166.42 time, 3190.02 real, 146 MB
[runlim] sample:		10176.43 time, 3200.02 real, 146 MB
[runlim] sample:		10186.43 time, 3210.02 real, 146 MB
[runlim] sample:		10196.43 time, 3220.02 real, 146 MB
[runlim] sample:		10206.42 time, 3230.02 real, 146 MB
[runlim] sample:		10216.42 time, 3240.02 real, 146 MB
[runlim] sample:		10226.43 time, 3250.02 real, 146 MB
[runlim] sample:		10236.43 time, 3260.02 real, 146 MB
[runlim] sample:		10246.42 time, 3270.02 real, 146 MB
[runlim] sample:		10256.42 time, 3280.02 real, 146 MB
[runlim] sample:		10266.42 time, 3290.02 real, 146 MB
[runlim] sample:		10276.42 time, 3300.02 real, 146 MB
[runlim] sample:		10286.42 time, 3310.02 real, 146 MB
[runlim] sample:		10296.42 time, 3320.02 real, 146 MB
[runlim] sample:		10306.43 time, 3330.02 real, 146 MB
[runlim] sample:		10316.43 time, 3340.02 real, 146 MB
[runlim] sample:		10326.42 time, 3350.02 real, 146 MB
[runlim] sample:		10336.42 time, 3360.02 real, 146 MB
[runlim] sample:		10346.43 time, 3370.02 real, 146 MB
[runlim] sample:		10356.43 time, 3380.02 real, 146 MB
[runlim] sample:		10366.43 time, 3390.02 real, 146 MB
[runlim] sample:		10376.43 time, 3400.02 real, 146 MB
[runlim] sample:		10386.43 time, 3410.02 real, 146 MB
[runlim] sample:		10396.42 time, 3420.02 real, 146 MB
[runlim] sample:		10406.43 time, 3430.02 real, 146 MB
[runlim] sample:		10416.42 time, 3440.02 real, 146 MB
[runlim] sample:		10426.43 time, 3450.02 real, 146 MB
[runlim] sample:		10436.42 time, 3460.02 real, 146 MB
[runlim] sample:		10446.43 time, 3470.02 real, 146 MB
[runlim] sample:		10456.42 time, 3480.02 real, 146 MB
[runlim] sample:		10466.42 time, 3490.02 real, 146 MB
[runlim] sample:		10476.43 time, 3500.02 real, 146 MB
[runlim] sample:		10486.42 time, 3510.02 real, 146 MB
[runlim] sample:		10496.42 time, 3520.02 real, 146 MB
[runlim] sample:		10506.42 time, 3530.02 real, 146 MB
[runlim] sample:		10516.42 time, 3540.02 real, 146 MB
[runlim] sample:		10526.43 time, 3550.02 real, 146 MB
[runlim] sample:		10536.42 time, 3560.02 real, 146 MB
[runlim] sample:		10546.43 time, 3570.02 real, 146 MB
[runlim] sample:		10556.43 time, 3580.02 real, 146 MB
[runlim] sample:		10566.42 time, 3590.02 real, 146 MB
[runlim] sample:		10576.42 time, 3600.02 real, 146 MB
[runlim] end:			Thu Oct 17 01:09:27 2019
[runlim] status:		out of time
[runlim] result:		2
[runlim] children:		40
[runlim] real:			3600.12 seconds
[runlim] time:			10576.42 seconds
[runlim] space:			459 MB
[runlim] samples:		36000
