[runlim] version:		1.17
[runlim] host:			c3n06
[runlim] time limit:		311040000 seconds
[runlim] real time limit:	3600 seconds
[runlim] space limit:		120000 MB
[runlim] argv[0]:		./run.sh
[runlim] argv[1]:		/tmp/DiQHVbbd.aig
[runlim] start:			Wed Oct 16 23:38:06 2019
[runlim] child:			30979
[runlim] sample:		45.68 time, 10.02 real, 163 MB
[runlim] sample:		65.68 time, 20.02 real, 165 MB
[runlim] sample:		87.22 time, 30.02 real, 167 MB
[runlim] sample:		388.30 time, 40.02 real, 155 MB
[runlim] sample:		408.29 time, 50.02 real, 160 MB
[runlim] sample:		428.29 time, 60.02 real, 177 MB
[runlim] sample:		448.29 time, 70.02 real, 182 MB
[runlim] sample:		468.29 time, 80.02 real, 195 MB
[runlim] sample:		488.29 time, 90.02 real, 218 MB
[runlim] sample:		508.29 time, 100.02 real, 200 MB
[runlim] sample:		528.29 time, 110.02 real, 201 MB
[runlim] sample:		548.29 time, 120.02 real, 201 MB
[runlim] sample:		568.29 time, 130.02 real, 216 MB
[runlim] sample:		588.29 time, 140.02 real, 226 MB
[runlim] sample:		608.29 time, 150.02 real, 227 MB
[runlim] sample:		628.29 time, 160.02 real, 229 MB
[runlim] sample:		648.29 time, 170.02 real, 231 MB
[runlim] sample:		668.29 time, 180.02 real, 240 MB
[runlim] sample:		688.29 time, 190.02 real, 245 MB
[runlim] sample:		708.29 time, 200.02 real, 249 MB
[runlim] sample:		728.28 time, 210.02 real, 283 MB
[runlim] sample:		748.28 time, 220.02 real, 255 MB
[runlim] sample:		768.27 time, 230.02 real, 261 MB
[runlim] sample:		788.27 time, 240.02 real, 263 MB
[runlim] sample:		808.27 time, 250.02 real, 298 MB
[runlim] sample:		828.28 time, 260.02 real, 307 MB
[runlim] sample:		848.28 time, 270.02 real, 278 MB
[runlim] sample:		868.28 time, 280.02 real, 283 MB
[runlim] sample:		888.28 time, 290.02 real, 286 MB
[runlim] sample:		908.28 time, 300.02 real, 323 MB
[runlim] sample:		928.28 time, 310.02 real, 330 MB
[runlim] sample:		948.27 time, 320.02 real, 338 MB
[runlim] sample:		968.27 time, 330.02 real, 344 MB
[runlim] sample:		988.27 time, 340.02 real, 306 MB
[runlim] sample:		1008.26 time, 350.02 real, 310 MB
[runlim] sample:		1028.26 time, 360.02 real, 313 MB
[runlim] sample:		1048.27 time, 370.02 real, 352 MB
[runlim] sample:		1068.26 time, 380.02 real, 360 MB
[runlim] sample:		1088.27 time, 390.02 real, 367 MB
[runlim] sample:		1108.27 time, 400.02 real, 373 MB
[runlim] sample:		1128.25 time, 410.02 real, 380 MB
[runlim] sample:		1148.27 time, 420.02 real, 385 MB
[runlim] sample:		1168.25 time, 430.02 real, 338 MB
[runlim] sample:		1188.25 time, 440.02 real, 339 MB
[runlim] sample:		1208.25 time, 450.02 real, 339 MB
[runlim] sample:		1228.25 time, 460.02 real, 357 MB
[runlim] sample:		1248.25 time, 470.02 real, 357 MB
[runlim] sample:		1268.25 time, 480.02 real, 393 MB
[runlim] sample:		1288.25 time, 490.02 real, 399 MB
[runlim] sample:		1308.25 time, 500.02 real, 404 MB
[runlim] sample:		1328.25 time, 510.02 real, 408 MB
[runlim] sample:		1348.25 time, 520.02 real, 412 MB
[runlim] sample:		1368.25 time, 530.02 real, 416 MB
[runlim] sample:		1388.25 time, 540.02 real, 420 MB
[runlim] sample:		1408.25 time, 550.02 real, 358 MB
[runlim] sample:		1428.26 time, 560.02 real, 358 MB
[runlim] sample:		1448.26 time, 570.02 real, 392 MB
[runlim] sample:		1468.25 time, 580.02 real, 397 MB
[runlim] sample:		1488.24 time, 590.02 real, 402 MB
[runlim] sample:		1508.25 time, 600.02 real, 410 MB
[runlim] sample:		1528.24 time, 610.02 real, 413 MB
[runlim] sample:		1548.24 time, 620.02 real, 417 MB
[runlim] sample:		1568.24 time, 630.02 real, 420 MB
[runlim] sample:		1588.25 time, 640.02 real, 423 MB
[runlim] sample:		1608.24 time, 650.02 real, 425 MB
[runlim] sample:		1628.24 time, 660.02 real, 367 MB
[runlim] sample:		1648.24 time, 670.02 real, 397 MB
[runlim] sample:		1668.24 time, 680.02 real, 404 MB
[runlim] sample:		1688.24 time, 690.02 real, 411 MB
[runlim] sample:		1708.23 time, 700.02 real, 416 MB
[runlim] sample:		1728.23 time, 710.02 real, 423 MB
[runlim] sample:		1748.23 time, 720.02 real, 427 MB
[runlim] sample:		1768.23 time, 730.02 real, 431 MB
[runlim] sample:		1788.23 time, 740.02 real, 436 MB
[runlim] sample:		1808.23 time, 750.02 real, 442 MB
[runlim] sample:		1828.23 time, 760.02 real, 377 MB
[runlim] sample:		1848.23 time, 770.02 real, 381 MB
[runlim] sample:		1868.23 time, 780.02 real, 413 MB
[runlim] sample:		1888.22 time, 790.02 real, 413 MB
[runlim] sample:		1908.23 time, 800.02 real, 419 MB
[runlim] sample:		1928.23 time, 810.02 real, 425 MB
[runlim] sample:		1948.22 time, 820.02 real, 432 MB
[runlim] sample:		1968.22 time, 830.02 real, 438 MB
[runlim] sample:		1988.23 time, 840.02 real, 443 MB
[runlim] sample:		2008.23 time, 850.02 real, 448 MB
[runlim] sample:		2028.22 time, 860.02 real, 398 MB
[runlim] sample:		2048.22 time, 870.02 real, 401 MB
[runlim] sample:		2068.22 time, 880.02 real, 440 MB
[runlim] sample:		2088.22 time, 890.02 real, 449 MB
[runlim] sample:		2108.22 time, 900.02 real, 458 MB
[runlim] sample:		2128.22 time, 910.02 real, 466 MB
[runlim] sample:		2148.21 time, 920.02 real, 473 MB
[runlim] sample:		2168.21 time, 930.02 real, 481 MB
[runlim] sample:		2188.21 time, 940.02 real, 485 MB
[runlim] sample:		2208.21 time, 950.02 real, 492 MB
[runlim] sample:		2228.21 time, 960.02 real, 497 MB
[runlim] sample:		2248.21 time, 970.02 real, 427 MB
[runlim] sample:		2268.21 time, 980.02 real, 429 MB
[runlim] sample:		2288.22 time, 990.02 real, 464 MB
[runlim] sample:		2308.21 time, 1000.02 real, 472 MB
[runlim] sample:		2328.20 time, 1010.02 real, 480 MB
[runlim] sample:		2348.20 time, 1020.02 real, 486 MB
[runlim] sample:		2368.21 time, 1030.02 real, 492 MB
[runlim] sample:		13389.53 time, 1040.02 real, 102 MB
[runlim] end:			Wed Oct 16 23:55:27 2019
[runlim] status:		ok
[runlim] result:		0
[runlim] children:		37
[runlim] real:			1041.15 seconds
[runlim] time:			13473.87 seconds
[runlim] space:			499 MB
[runlim] samples:		10411
