[runlim] version:		1.17
[runlim] host:			c3n15
[runlim] time limit:		311040000 seconds
[runlim] real time limit:	3600 seconds
[runlim] space limit:		120000 MB
[runlim] argv[0]:		./run.sh
[runlim] argv[1]:		/tmp/uSaRuTWe.aig
[runlim] start:			Thu Oct 17 00:44:33 2019
[runlim] child:			27340
[runlim] sample:		31.39 time, 10.02 real, 249 MB
[runlim] sample:		64.85 time, 20.02 real, 266 MB
[runlim] sample:		84.73 time, 30.02 real, 298 MB
[runlim] sample:		105.20 time, 40.02 real, 421 MB
[runlim] sample:		125.22 time, 50.02 real, 424 MB
[runlim] sample:		582.66 time, 60.02 real, 51 MB
[runlim] sample:		779.90 time, 70.02 real, 211 MB
[runlim] sample:		799.90 time, 80.02 real, 228 MB
[runlim] sample:		819.90 time, 90.02 real, 233 MB
[runlim] sample:		839.90 time, 100.02 real, 234 MB
[runlim] sample:		859.90 time, 110.02 real, 239 MB
[runlim] sample:		879.91 time, 120.02 real, 247 MB
[runlim] sample:		899.91 time, 130.02 real, 247 MB
[runlim] sample:		919.90 time, 140.02 real, 249 MB
[runlim] sample:		939.90 time, 150.02 real, 251 MB
[runlim] sample:		959.90 time, 160.02 real, 253 MB
[runlim] sample:		979.90 time, 170.02 real, 253 MB
[runlim] sample:		999.90 time, 180.02 real, 255 MB
[runlim] sample:		1019.90 time, 190.02 real, 257 MB
[runlim] sample:		1039.90 time, 200.02 real, 259 MB
[runlim] sample:		1059.90 time, 210.02 real, 260 MB
[runlim] sample:		1079.90 time, 220.02 real, 264 MB
[runlim] sample:		1099.90 time, 230.02 real, 266 MB
[runlim] sample:		1119.90 time, 240.02 real, 268 MB
[runlim] sample:		3112.84 time, 250.02 real, 142 MB
[runlim] sample:		3122.85 time, 260.02 real, 142 MB
[runlim] sample:		3132.85 time, 270.02 real, 142 MB
[runlim] sample:		3142.85 time, 280.02 real, 142 MB
[runlim] sample:		3701.67 time, 290.02 real, 132 MB
[runlim] sample:		3711.67 time, 300.02 real, 132 MB
[runlim] sample:		3721.66 time, 310.02 real, 132 MB
[runlim] sample:		3731.66 time, 320.02 real, 135 MB
[runlim] sample:		3741.66 time, 330.02 real, 135 MB
[runlim] sample:		3751.65 time, 340.02 real, 135 MB
[runlim] sample:		3761.65 time, 350.02 real, 140 MB
[runlim] sample:		3771.65 time, 360.02 real, 140 MB
[runlim] sample:		3781.64 time, 370.02 real, 140 MB
[runlim] sample:		3791.64 time, 380.02 real, 140 MB
[runlim] sample:		3801.64 time, 390.02 real, 140 MB
[runlim] sample:		3811.64 time, 400.02 real, 140 MB
[runlim] sample:		3821.64 time, 410.02 real, 140 MB
[runlim] sample:		3831.64 time, 420.02 real, 140 MB
[runlim] sample:		3841.63 time, 430.02 real, 140 MB
[runlim] sample:		3851.63 time, 440.02 real, 140 MB
[runlim] sample:		3861.62 time, 450.02 real, 140 MB
[runlim] sample:		3871.62 time, 460.02 real, 140 MB
[runlim] sample:		3881.62 time, 470.02 real, 140 MB
[runlim] sample:		3891.62 time, 480.02 real, 140 MB
[runlim] sample:		3901.61 time, 490.02 real, 140 MB
[runlim] sample:		3911.61 time, 500.02 real, 140 MB
[runlim] sample:		3921.61 time, 510.02 real, 140 MB
[runlim] sample:		3931.61 time, 520.02 real, 140 MB
[runlim] sample:		3941.60 time, 530.02 real, 140 MB
[runlim] sample:		3951.60 time, 540.02 real, 140 MB
[runlim] sample:		3961.60 time, 550.02 real, 140 MB
[runlim] sample:		3971.59 time, 560.02 real, 140 MB
[runlim] sample:		3981.59 time, 570.02 real, 140 MB
[runlim] sample:		3991.59 time, 580.02 real, 140 MB
[runlim] sample:		4001.59 time, 590.02 real, 140 MB
[runlim] sample:		4011.59 time, 600.02 real, 140 MB
[runlim] sample:		4021.58 time, 610.02 real, 140 MB
[runlim] sample:		4031.57 time, 620.02 real, 140 MB
[runlim] sample:		4041.57 time, 630.02 real, 140 MB
[runlim] sample:		4051.58 time, 640.02 real, 140 MB
[runlim] sample:		4061.58 time, 650.02 real, 140 MB
[runlim] sample:		4071.57 time, 660.02 real, 140 MB
[runlim] sample:		4081.57 time, 670.02 real, 140 MB
[runlim] sample:		4091.57 time, 680.02 real, 140 MB
[runlim] sample:		4101.57 time, 690.02 real, 140 MB
[runlim] sample:		4111.57 time, 700.02 real, 140 MB
[runlim] sample:		4121.56 time, 710.02 real, 140 MB
[runlim] sample:		4131.56 time, 720.02 real, 140 MB
[runlim] sample:		4141.56 time, 730.02 real, 140 MB
[runlim] sample:		4151.55 time, 740.02 real, 140 MB
[runlim] sample:		4161.56 time, 750.02 real, 140 MB
[runlim] sample:		4171.55 time, 760.02 real, 140 MB
[runlim] sample:		4181.55 time, 770.02 real, 140 MB
[runlim] sample:		4191.56 time, 780.02 real, 140 MB
[runlim] sample:		4201.55 time, 790.02 real, 140 MB
[runlim] sample:		4211.55 time, 800.02 real, 140 MB
[runlim] sample:		4221.55 time, 810.02 real, 140 MB
[runlim] sample:		4231.55 time, 820.02 real, 140 MB
[runlim] sample:		4241.55 time, 830.02 real, 140 MB
[runlim] sample:		4251.55 time, 840.02 real, 140 MB
[runlim] sample:		4261.55 time, 850.02 real, 140 MB
[runlim] sample:		4271.56 time, 860.02 real, 140 MB
[runlim] sample:		4281.55 time, 870.02 real, 140 MB
[runlim] sample:		4291.55 time, 880.02 real, 140 MB
[runlim] sample:		4301.55 time, 890.02 real, 140 MB
[runlim] sample:		4311.55 time, 900.02 real, 140 MB
[runlim] sample:		4321.55 time, 910.02 real, 140 MB
[runlim] sample:		4331.55 time, 920.02 real, 140 MB
[runlim] sample:		4341.55 time, 930.02 real, 140 MB
[runlim] sample:		4351.55 time, 940.02 real, 140 MB
[runlim] sample:		4361.55 time, 950.02 real, 140 MB
[runlim] sample:		4371.55 time, 960.02 real, 140 MB
[runlim] sample:		4381.55 time, 970.02 real, 140 MB
[runlim] sample:		4391.55 time, 980.02 real, 140 MB
[runlim] sample:		4401.56 time, 990.02 real, 140 MB
[runlim] sample:		4411.55 time, 1000.02 real, 140 MB
[runlim] sample:		4421.55 time, 1010.02 real, 140 MB
[runlim] sample:		4431.55 time, 1020.02 real, 140 MB
[runlim] sample:		4441.55 time, 1030.02 real, 140 MB
[runlim] sample:		4451.56 time, 1040.02 real, 140 MB
[runlim] sample:		4461.55 time, 1050.02 real, 140 MB
[runlim] sample:		4471.55 time, 1060.02 real, 140 MB
[runlim] sample:		4481.55 time, 1070.02 real, 140 MB
[runlim] sample:		4491.55 time, 1080.02 real, 140 MB
[runlim] sample:		4501.55 time, 1090.02 real, 140 MB
[runlim] sample:		4511.55 time, 1100.02 real, 140 MB
[runlim] sample:		4521.55 time, 1110.02 real, 140 MB
[runlim] sample:		4531.55 time, 1120.02 real, 140 MB
[runlim] sample:		4541.55 time, 1130.02 real, 140 MB
[runlim] sample:		4551.55 time, 1140.02 real, 140 MB
[runlim] sample:		4561.55 time, 1150.02 real, 140 MB
[runlim] sample:		4571.55 time, 1160.02 real, 140 MB
[runlim] sample:		4581.55 time, 1170.02 real, 140 MB
[runlim] sample:		4591.55 time, 1180.02 real, 140 MB
[runlim] sample:		4601.55 time, 1190.02 real, 140 MB
[runlim] sample:		4611.55 time, 1200.02 real, 140 MB
[runlim] sample:		4621.55 time, 1210.02 real, 140 MB
[runlim] sample:		4631.55 time, 1220.02 real, 140 MB
[runlim] sample:		4641.55 time, 1230.02 real, 140 MB
[runlim] sample:		4651.55 time, 1240.02 real, 140 MB
[runlim] sample:		4661.55 time, 1250.02 real, 140 MB
[runlim] sample:		4671.55 time, 1260.02 real, 140 MB
[runlim] sample:		4681.55 time, 1270.02 real, 140 MB
[runlim] sample:		4691.55 time, 1280.02 real, 140 MB
[runlim] sample:		4701.55 time, 1290.02 real, 140 MB
[runlim] sample:		4711.55 time, 1300.02 real, 140 MB
[runlim] sample:		4721.55 time, 1310.02 real, 140 MB
[runlim] sample:		4731.55 time, 1320.02 real, 140 MB
[runlim] sample:		4741.55 time, 1330.02 real, 140 MB
[runlim] sample:		4751.55 time, 1340.02 real, 140 MB
[runlim] sample:		4761.55 time, 1350.02 real, 140 MB
[runlim] sample:		4771.55 time, 1360.02 real, 140 MB
[runlim] sample:		4781.55 time, 1370.02 real, 140 MB
[runlim] sample:		4791.55 time, 1380.02 real, 140 MB
[runlim] sample:		4801.55 time, 1390.02 real, 140 MB
[runlim] sample:		4811.55 time, 1400.02 real, 140 MB
[runlim] sample:		4821.55 time, 1410.02 real, 140 MB
[runlim] sample:		4831.55 time, 1420.02 real, 140 MB
[runlim] sample:		4841.55 time, 1430.02 real, 140 MB
[runlim] sample:		4851.54 time, 1440.02 real, 140 MB
[runlim] sample:		4861.55 time, 1450.02 real, 140 MB
[runlim] sample:		4871.55 time, 1460.02 real, 140 MB
[runlim] sample:		4881.55 time, 1470.02 real, 140 MB
[runlim] sample:		4891.55 time, 1480.02 real, 140 MB
[runlim] sample:		4901.55 time, 1490.02 real, 140 MB
[runlim] sample:		4911.54 time, 1500.02 real, 140 MB
[runlim] sample:		4921.55 time, 1510.02 real, 140 MB
[runlim] sample:		4931.55 time, 1520.02 real, 140 MB
[runlim] sample:		4941.55 time, 1530.02 real, 140 MB
[runlim] sample:		4951.55 time, 1540.02 real, 140 MB
[runlim] sample:		4961.55 time, 1550.02 real, 140 MB
[runlim] sample:		4971.55 time, 1560.02 real, 140 MB
[runlim] sample:		4981.55 time, 1570.02 real, 140 MB
[runlim] sample:		4991.55 time, 1580.02 real, 140 MB
[runlim] sample:		5001.55 time, 1590.02 real, 140 MB
[runlim] sample:		5011.55 time, 1600.02 real, 140 MB
[runlim] sample:		5021.54 time, 1610.02 real, 140 MB
[runlim] sample:		5031.55 time, 1620.02 real, 140 MB
[runlim] sample:		5041.55 time, 1630.02 real, 140 MB
[runlim] sample:		5051.55 time, 1640.02 real, 140 MB
[runlim] sample:		5061.55 time, 1650.02 real, 140 MB
[runlim] sample:		5071.54 time, 1660.02 real, 140 MB
[runlim] sample:		5081.55 time, 1670.02 real, 140 MB
[runlim] sample:		5091.55 time, 1680.02 real, 140 MB
[runlim] sample:		5101.55 time, 1690.02 real, 140 MB
[runlim] sample:		5111.55 time, 1700.02 real, 140 MB
[runlim] sample:		5121.55 time, 1710.02 real, 140 MB
[runlim] sample:		5131.55 time, 1720.02 real, 140 MB
[runlim] sample:		5141.55 time, 1730.02 real, 140 MB
[runlim] sample:		5151.55 time, 1740.02 real, 140 MB
[runlim] sample:		5161.55 time, 1750.02 real, 140 MB
[runlim] sample:		5171.55 time, 1760.02 real, 140 MB
[runlim] sample:		5181.55 time, 1770.02 real, 140 MB
[runlim] sample:		5191.54 time, 1780.02 real, 140 MB
[runlim] sample:		5201.55 time, 1790.02 real, 140 MB
[runlim] sample:		5211.55 time, 1800.02 real, 140 MB
[runlim] sample:		5221.55 time, 1810.02 real, 140 MB
[runlim] sample:		5231.54 time, 1820.02 real, 140 MB
[runlim] sample:		5241.55 time, 1830.02 real, 140 MB
[runlim] sample:		5251.55 time, 1840.02 real, 140 MB
[runlim] sample:		5261.55 time, 1850.02 real, 140 MB
[runlim] sample:		5271.54 time, 1860.02 real, 140 MB
[runlim] sample:		5281.55 time, 1870.02 real, 140 MB
[runlim] sample:		5291.54 time, 1880.02 real, 140 MB
[runlim] sample:		5301.54 time, 1890.02 real, 140 MB
[runlim] sample:		5311.55 time, 1900.02 real, 140 MB
[runlim] sample:		5321.55 time, 1910.02 real, 140 MB
[runlim] sample:		5331.54 time, 1920.02 real, 140 MB
[runlim] sample:		5341.54 time, 1930.02 real, 140 MB
[runlim] sample:		5351.55 time, 1940.02 real, 140 MB
[runlim] sample:		5361.55 time, 1950.02 real, 140 MB
[runlim] sample:		5371.55 time, 1960.02 real, 140 MB
[runlim] sample:		5381.55 time, 1970.02 real, 140 MB
[runlim] sample:		5391.54 time, 1980.02 real, 140 MB
[runlim] sample:		5401.55 time, 1990.02 real, 140 MB
[runlim] sample:		5411.54 time, 2000.02 real, 140 MB
[runlim] sample:		5421.54 time, 2010.02 real, 140 MB
[runlim] sample:		5431.55 time, 2020.02 real, 140 MB
[runlim] sample:		5441.55 time, 2030.02 real, 140 MB
[runlim] sample:		5451.55 time, 2040.02 real, 140 MB
[runlim] sample:		5461.54 time, 2050.02 real, 140 MB
[runlim] sample:		5471.55 time, 2060.02 real, 140 MB
[runlim] sample:		5481.54 time, 2070.02 real, 140 MB
[runlim] sample:		5491.55 time, 2080.02 real, 140 MB
[runlim] sample:		5501.55 time, 2090.02 real, 140 MB
[runlim] sample:		5511.55 time, 2100.02 real, 140 MB
[runlim] sample:		5521.55 time, 2110.02 real, 140 MB
[runlim] sample:		5531.55 time, 2120.02 real, 140 MB
[runlim] sample:		5541.54 time, 2130.02 real, 140 MB
[runlim] sample:		5551.54 time, 2140.02 real, 140 MB
[runlim] sample:		5561.54 time, 2150.02 real, 140 MB
[runlim] sample:		5571.54 time, 2160.02 real, 140 MB
[runlim] sample:		5581.54 time, 2170.02 real, 140 MB
[runlim] sample:		5591.54 time, 2180.02 real, 140 MB
[runlim] sample:		5601.54 time, 2190.02 real, 140 MB
[runlim] sample:		5611.54 time, 2200.02 real, 140 MB
[runlim] sample:		5621.54 time, 2210.02 real, 140 MB
[runlim] sample:		5631.54 time, 2220.02 real, 140 MB
[runlim] sample:		5641.54 time, 2230.02 real, 140 MB
[runlim] sample:		5651.54 time, 2240.02 real, 140 MB
[runlim] sample:		5661.54 time, 2250.02 real, 140 MB
[runlim] sample:		5671.54 time, 2260.02 real, 140 MB
[runlim] sample:		5681.54 time, 2270.02 real, 142 MB
[runlim] sample:		5691.54 time, 2280.02 real, 142 MB
[runlim] sample:		5701.54 time, 2290.02 real, 142 MB
[runlim] sample:		5711.55 time, 2300.02 real, 142 MB
[runlim] sample:		5721.55 time, 2310.02 real, 142 MB
[runlim] sample:		5731.54 time, 2320.02 real, 142 MB
[runlim] sample:		5741.54 time, 2330.02 real, 142 MB
[runlim] sample:		5751.55 time, 2340.02 real, 142 MB
[runlim] sample:		5761.54 time, 2350.02 real, 142 MB
[runlim] sample:		5771.55 time, 2360.02 real, 142 MB
[runlim] sample:		5781.54 time, 2370.02 real, 142 MB
[runlim] sample:		5791.54 time, 2380.02 real, 142 MB
[runlim] sample:		5801.54 time, 2390.02 real, 142 MB
[runlim] sample:		5811.55 time, 2400.02 real, 142 MB
[runlim] sample:		5821.54 time, 2410.02 real, 142 MB
[runlim] sample:		5831.55 time, 2420.02 real, 142 MB
[runlim] sample:		5841.54 time, 2430.02 real, 142 MB
[runlim] sample:		5851.54 time, 2440.02 real, 142 MB
[runlim] sample:		5861.54 time, 2450.02 real, 142 MB
[runlim] sample:		5871.54 time, 2460.02 real, 142 MB
[runlim] sample:		5881.54 time, 2470.02 real, 142 MB
[runlim] sample:		5891.55 time, 2480.02 real, 142 MB
[runlim] sample:		5901.54 time, 2490.02 real, 142 MB
[runlim] sample:		5911.54 time, 2500.02 real, 142 MB
[runlim] sample:		5921.54 time, 2510.02 real, 142 MB
[runlim] sample:		5931.54 time, 2520.02 real, 142 MB
[runlim] sample:		5941.55 time, 2530.02 real, 142 MB
[runlim] sample:		5951.54 time, 2540.02 real, 142 MB
[runlim] sample:		5961.55 time, 2550.02 real, 142 MB
[runlim] sample:		5971.54 time, 2560.02 real, 142 MB
[runlim] sample:		5981.54 time, 2570.02 real, 142 MB
[runlim] sample:		5991.54 time, 2580.02 real, 142 MB
[runlim] sample:		6001.54 time, 2590.02 real, 142 MB
[runlim] sample:		6011.54 time, 2600.02 real, 142 MB
[runlim] sample:		6021.54 time, 2610.02 real, 142 MB
[runlim] sample:		6031.54 time, 2620.02 real, 142 MB
[runlim] sample:		6041.54 time, 2630.02 real, 142 MB
[runlim] sample:		6051.54 time, 2640.02 real, 142 MB
[runlim] sample:		6061.54 time, 2650.02 real, 142 MB
[runlim] sample:		6071.54 time, 2660.02 real, 142 MB
[runlim] sample:		6081.54 time, 2670.02 real, 142 MB
[runlim] sample:		6091.54 time, 2680.02 real, 142 MB
[runlim] sample:		6101.54 time, 2690.02 real, 142 MB
[runlim] sample:		6111.54 time, 2700.02 real, 142 MB
[runlim] sample:		6121.54 time, 2710.02 real, 142 MB
[runlim] sample:		6131.54 time, 2720.02 real, 142 MB
[runlim] sample:		6141.54 time, 2730.02 real, 142 MB
[runlim] sample:		6151.54 time, 2740.02 real, 142 MB
[runlim] sample:		6161.54 time, 2750.02 real, 142 MB
[runlim] sample:		6171.54 time, 2760.02 real, 142 MB
[runlim] sample:		6181.54 time, 2770.02 real, 142 MB
[runlim] sample:		6191.54 time, 2780.02 real, 142 MB
[runlim] sample:		6201.54 time, 2790.02 real, 142 MB
[runlim] sample:		6211.54 time, 2800.02 real, 142 MB
[runlim] sample:		6221.54 time, 2810.02 real, 142 MB
[runlim] sample:		6231.54 time, 2820.02 real, 142 MB
[runlim] sample:		6241.54 time, 2830.02 real, 142 MB
[runlim] sample:		6251.54 time, 2840.02 real, 142 MB
[runlim] sample:		6261.54 time, 2850.02 real, 142 MB
[runlim] sample:		6271.54 time, 2860.02 real, 142 MB
[runlim] sample:		6281.54 time, 2870.02 real, 142 MB
[runlim] sample:		6291.54 time, 2880.02 real, 142 MB
[runlim] sample:		6301.54 time, 2890.02 real, 142 MB
[runlim] sample:		6311.54 time, 2900.02 real, 142 MB
[runlim] sample:		6321.54 time, 2910.02 real, 142 MB
[runlim] sample:		6331.54 time, 2920.02 real, 142 MB
[runlim] sample:		6341.54 time, 2930.02 real, 142 MB
[runlim] sample:		6351.54 time, 2940.02 real, 142 MB
[runlim] sample:		6361.53 time, 2950.02 real, 142 MB
[runlim] sample:		6371.54 time, 2960.02 real, 142 MB
[runlim] sample:		6381.53 time, 2970.02 real, 142 MB
[runlim] sample:		6391.54 time, 2980.02 real, 142 MB
[runlim] sample:		6401.54 time, 2990.02 real, 142 MB
[runlim] sample:		6411.54 time, 3000.02 real, 142 MB
[runlim] sample:		6421.54 time, 3010.02 real, 142 MB
[runlim] sample:		6431.54 time, 3020.02 real, 142 MB
[runlim] sample:		6441.54 time, 3030.02 real, 142 MB
[runlim] sample:		6451.54 time, 3040.02 real, 142 MB
[runlim] sample:		6461.54 time, 3050.02 real, 142 MB
[runlim] sample:		6471.53 time, 3060.02 real, 142 MB
[runlim] sample:		6481.54 time, 3070.02 real, 142 MB
[runlim] sample:		6491.53 time, 3080.02 real, 142 MB
[runlim] sample:		6501.54 time, 3090.02 real, 142 MB
[runlim] sample:		6511.54 time, 3100.02 real, 142 MB
[runlim] sample:		6521.54 time, 3110.02 real, 142 MB
[runlim] sample:		6531.54 time, 3120.02 real, 142 MB
[runlim] sample:		6541.54 time, 3130.02 real, 142 MB
[runlim] sample:		6551.54 time, 3140.02 real, 142 MB
[runlim] sample:		6561.54 time, 3150.02 real, 142 MB
[runlim] sample:		6571.54 time, 3160.02 real, 142 MB
[runlim] sample:		6581.54 time, 3170.02 real, 142 MB
[runlim] sample:		6591.54 time, 3180.02 real, 142 MB
[runlim] sample:		6601.54 time, 3190.02 real, 142 MB
[runlim] sample:		6611.54 time, 3200.02 real, 142 MB
[runlim] sample:		6621.54 time, 3210.02 real, 142 MB
[runlim] sample:		6631.54 time, 3220.02 real, 142 MB
[runlim] sample:		6641.54 time, 3230.02 real, 142 MB
[runlim] sample:		6651.54 time, 3240.02 real, 142 MB
[runlim] sample:		6661.54 time, 3250.02 real, 142 MB
[runlim] sample:		6671.54 time, 3260.02 real, 142 MB
[runlim] sample:		6681.54 time, 3270.02 real, 142 MB
[runlim] sample:		6691.54 time, 3280.02 real, 142 MB
[runlim] sample:		6701.54 time, 3290.02 real, 142 MB
[runlim] sample:		6711.53 time, 3300.02 real, 142 MB
[runlim] sample:		6721.54 time, 3310.02 real, 142 MB
[runlim] sample:		6731.54 time, 3320.02 real, 142 MB
[runlim] sample:		6741.53 time, 3330.02 real, 142 MB
[runlim] sample:		6751.54 time, 3340.02 real, 142 MB
[runlim] sample:		6761.53 time, 3350.02 real, 142 MB
[runlim] sample:		6771.53 time, 3360.02 real, 142 MB
[runlim] sample:		6781.54 time, 3370.02 real, 142 MB
[runlim] sample:		6791.54 time, 3380.02 real, 142 MB
[runlim] sample:		6801.54 time, 3390.02 real, 142 MB
[runlim] sample:		6811.54 time, 3400.02 real, 142 MB
[runlim] sample:		6821.54 time, 3410.02 real, 142 MB
[runlim] sample:		6831.54 time, 3420.02 real, 142 MB
[runlim] sample:		6841.54 time, 3430.02 real, 142 MB
[runlim] sample:		6851.54 time, 3440.02 real, 142 MB
[runlim] sample:		6861.53 time, 3450.02 real, 142 MB
[runlim] sample:		6871.54 time, 3460.02 real, 142 MB
[runlim] sample:		6881.53 time, 3470.02 real, 142 MB
[runlim] sample:		6891.54 time, 3480.02 real, 142 MB
[runlim] sample:		6901.54 time, 3490.02 real, 142 MB
[runlim] sample:		6911.54 time, 3500.02 real, 142 MB
[runlim] sample:		6921.53 time, 3510.02 real, 142 MB
[runlim] sample:		6931.53 time, 3520.02 real, 142 MB
[runlim] sample:		6941.54 time, 3530.02 real, 142 MB
[runlim] sample:		6951.54 time, 3540.02 real, 142 MB
[runlim] sample:		6961.53 time, 3550.02 real, 142 MB
[runlim] sample:		6971.54 time, 3560.02 real, 142 MB
[runlim] sample:		6981.53 time, 3570.02 real, 142 MB
[runlim] sample:		6991.54 time, 3580.02 real, 142 MB
[runlim] sample:		7001.53 time, 3590.02 real, 142 MB
[runlim] sample:		7011.54 time, 3600.02 real, 142 MB
[runlim] end:			Thu Oct 17 01:44:33 2019
[runlim] status:		out of time
[runlim] result:		2
[runlim] children:		32
[runlim] real:			3600.10 seconds
[runlim] time:			7011.54 seconds
[runlim] space:			432 MB
[runlim] samples:		36000
