[runlim] version:		1.17
[runlim] host:			c3n27
[runlim] time limit:		311040000 seconds
[runlim] real time limit:	3600 seconds
[runlim] space limit:		120000 MB
[runlim] argv[0]:		./run.sh
[runlim] argv[1]:		/tmp/W8nWqCdu.aig
[runlim] start:			Thu Oct 17 00:57:27 2019
[runlim] child:			22460
[runlim] sample:		24.04 time, 10.02 real, 246 MB
[runlim] sample:		188.35 time, 20.02 real, 203 MB
[runlim] sample:		208.35 time, 30.02 real, 247 MB
[runlim] sample:		230.78 time, 40.02 real, 275 MB
[runlim] sample:		250.79 time, 50.02 real, 294 MB
[runlim] sample:		270.78 time, 60.02 real, 304 MB
[runlim] sample:		290.79 time, 70.02 real, 326 MB
[runlim] sample:		310.79 time, 80.02 real, 361 MB
[runlim] sample:		330.78 time, 90.02 real, 372 MB
[runlim] sample:		350.78 time, 100.02 real, 387 MB
[runlim] sample:		370.78 time, 110.02 real, 405 MB
[runlim] sample:		390.79 time, 120.02 real, 415 MB
[runlim] sample:		1002.95 time, 130.02 real, 94 MB
[runlim] sample:		1012.95 time, 140.02 real, 94 MB
[runlim] sample:		1265.02 time, 150.02 real, 93 MB
[runlim] sample:		1275.02 time, 160.02 real, 94 MB
[runlim] sample:		1285.02 time, 170.02 real, 99 MB
[runlim] sample:		1295.02 time, 180.02 real, 99 MB
[runlim] sample:		1305.02 time, 190.02 real, 99 MB
[runlim] sample:		1315.02 time, 200.02 real, 99 MB
[runlim] sample:		1325.02 time, 210.02 real, 99 MB
[runlim] sample:		1335.02 time, 220.02 real, 99 MB
[runlim] sample:		1345.02 time, 230.02 real, 99 MB
[runlim] sample:		1355.02 time, 240.02 real, 99 MB
[runlim] sample:		1365.02 time, 250.02 real, 99 MB
[runlim] sample:		1375.01 time, 260.02 real, 99 MB
[runlim] sample:		1385.02 time, 270.02 real, 99 MB
[runlim] sample:		1395.02 time, 280.02 real, 99 MB
[runlim] sample:		1405.01 time, 290.02 real, 99 MB
[runlim] sample:		1415.02 time, 300.02 real, 99 MB
[runlim] sample:		1425.02 time, 310.02 real, 99 MB
[runlim] sample:		1435.02 time, 320.02 real, 99 MB
[runlim] sample:		1445.03 time, 330.02 real, 99 MB
[runlim] sample:		1455.02 time, 340.02 real, 99 MB
[runlim] sample:		1465.02 time, 350.02 real, 99 MB
[runlim] sample:		1475.02 time, 360.02 real, 99 MB
[runlim] sample:		1485.03 time, 370.02 real, 99 MB
[runlim] sample:		1495.02 time, 380.02 real, 99 MB
[runlim] sample:		1505.02 time, 390.02 real, 99 MB
[runlim] sample:		1515.02 time, 400.02 real, 99 MB
[runlim] sample:		1525.03 time, 410.02 real, 99 MB
[runlim] sample:		1535.02 time, 420.02 real, 99 MB
[runlim] sample:		1545.02 time, 430.02 real, 99 MB
[runlim] sample:		1555.03 time, 440.02 real, 99 MB
[runlim] sample:		1565.02 time, 450.02 real, 99 MB
[runlim] sample:		1575.02 time, 460.02 real, 99 MB
[runlim] sample:		1585.02 time, 470.02 real, 99 MB
[runlim] sample:		1595.02 time, 480.02 real, 99 MB
[runlim] sample:		1605.02 time, 490.02 real, 99 MB
[runlim] sample:		1615.03 time, 500.02 real, 99 MB
[runlim] sample:		1625.02 time, 510.02 real, 99 MB
[runlim] sample:		1635.02 time, 520.02 real, 99 MB
[runlim] sample:		1645.02 time, 530.02 real, 99 MB
[runlim] sample:		1655.02 time, 540.02 real, 99 MB
[runlim] sample:		1665.03 time, 550.02 real, 99 MB
[runlim] sample:		1675.02 time, 560.02 real, 99 MB
[runlim] sample:		1685.02 time, 570.02 real, 99 MB
[runlim] sample:		1695.02 time, 580.02 real, 99 MB
[runlim] sample:		1705.02 time, 590.02 real, 99 MB
[runlim] sample:		1715.02 time, 600.02 real, 99 MB
[runlim] sample:		1725.03 time, 610.02 real, 99 MB
[runlim] sample:		1735.02 time, 620.02 real, 99 MB
[runlim] sample:		1745.03 time, 630.02 real, 99 MB
[runlim] sample:		1755.03 time, 640.02 real, 100 MB
[runlim] sample:		1765.02 time, 650.02 real, 100 MB
[runlim] sample:		1775.03 time, 660.02 real, 100 MB
[runlim] sample:		1785.03 time, 670.02 real, 100 MB
[runlim] sample:		1795.02 time, 680.02 real, 100 MB
[runlim] sample:		1805.02 time, 690.02 real, 100 MB
[runlim] sample:		1815.02 time, 700.02 real, 100 MB
[runlim] sample:		1825.03 time, 710.02 real, 100 MB
[runlim] sample:		1835.02 time, 720.02 real, 100 MB
[runlim] sample:		1845.02 time, 730.02 real, 100 MB
[runlim] sample:		1855.02 time, 740.02 real, 100 MB
[runlim] sample:		1865.02 time, 750.02 real, 100 MB
[runlim] sample:		1875.02 time, 760.02 real, 100 MB
[runlim] sample:		1885.03 time, 770.02 real, 100 MB
[runlim] sample:		1895.03 time, 780.02 real, 100 MB
[runlim] sample:		1905.02 time, 790.02 real, 100 MB
[runlim] sample:		1915.02 time, 800.02 real, 100 MB
[runlim] sample:		1925.03 time, 810.02 real, 100 MB
[runlim] sample:		1935.02 time, 820.02 real, 100 MB
[runlim] sample:		1945.02 time, 830.02 real, 100 MB
[runlim] sample:		1955.02 time, 840.02 real, 100 MB
[runlim] sample:		1965.02 time, 850.02 real, 100 MB
[runlim] sample:		1975.02 time, 860.02 real, 100 MB
[runlim] sample:		1985.02 time, 870.02 real, 100 MB
[runlim] sample:		1995.02 time, 880.02 real, 100 MB
[runlim] sample:		2005.02 time, 890.02 real, 100 MB
[runlim] sample:		2015.02 time, 900.02 real, 100 MB
[runlim] sample:		2025.02 time, 910.02 real, 100 MB
[runlim] sample:		2035.03 time, 920.02 real, 100 MB
[runlim] sample:		2045.02 time, 930.02 real, 100 MB
[runlim] sample:		2055.02 time, 940.02 real, 100 MB
[runlim] sample:		2065.02 time, 950.02 real, 100 MB
[runlim] sample:		2075.02 time, 960.02 real, 100 MB
[runlim] sample:		2085.02 time, 970.02 real, 100 MB
[runlim] sample:		2095.02 time, 980.02 real, 100 MB
[runlim] sample:		2105.02 time, 990.02 real, 100 MB
[runlim] sample:		2115.02 time, 1000.02 real, 100 MB
[runlim] sample:		2125.02 time, 1010.02 real, 100 MB
[runlim] sample:		2135.02 time, 1020.02 real, 100 MB
[runlim] sample:		2145.02 time, 1030.02 real, 100 MB
[runlim] sample:		2155.03 time, 1040.02 real, 100 MB
[runlim] sample:		2165.02 time, 1050.02 real, 100 MB
[runlim] sample:		2175.02 time, 1060.02 real, 100 MB
[runlim] sample:		2185.02 time, 1070.02 real, 100 MB
[runlim] sample:		2195.02 time, 1080.02 real, 100 MB
[runlim] sample:		2205.02 time, 1090.02 real, 100 MB
[runlim] sample:		2215.03 time, 1100.02 real, 100 MB
[runlim] sample:		2225.03 time, 1110.02 real, 100 MB
[runlim] sample:		2235.03 time, 1120.02 real, 100 MB
[runlim] sample:		2245.03 time, 1130.02 real, 100 MB
[runlim] sample:		2255.02 time, 1140.02 real, 100 MB
[runlim] sample:		2265.02 time, 1150.02 real, 100 MB
[runlim] sample:		2275.02 time, 1160.02 real, 100 MB
[runlim] sample:		2285.03 time, 1170.02 real, 100 MB
[runlim] sample:		2295.02 time, 1180.02 real, 100 MB
[runlim] sample:		2305.02 time, 1190.02 real, 100 MB
[runlim] sample:		2315.02 time, 1200.02 real, 100 MB
[runlim] sample:		2325.02 time, 1210.02 real, 100 MB
[runlim] sample:		2335.03 time, 1220.02 real, 100 MB
[runlim] sample:		2345.03 time, 1230.02 real, 100 MB
[runlim] sample:		2355.03 time, 1240.02 real, 100 MB
[runlim] sample:		2365.02 time, 1250.02 real, 100 MB
[runlim] sample:		2375.02 time, 1260.02 real, 100 MB
[runlim] sample:		2385.02 time, 1270.02 real, 100 MB
[runlim] sample:		2395.02 time, 1280.02 real, 100 MB
[runlim] sample:		2405.02 time, 1290.02 real, 100 MB
[runlim] sample:		2415.02 time, 1300.02 real, 100 MB
[runlim] sample:		2425.03 time, 1310.02 real, 100 MB
[runlim] sample:		2435.03 time, 1320.02 real, 100 MB
[runlim] sample:		2445.02 time, 1330.02 real, 100 MB
[runlim] sample:		2455.03 time, 1340.02 real, 100 MB
[runlim] sample:		2465.02 time, 1350.02 real, 100 MB
[runlim] sample:		2475.02 time, 1360.02 real, 100 MB
[runlim] sample:		2485.03 time, 1370.02 real, 100 MB
[runlim] sample:		2495.02 time, 1380.02 real, 100 MB
[runlim] sample:		2505.03 time, 1390.02 real, 100 MB
[runlim] sample:		2515.02 time, 1400.02 real, 100 MB
[runlim] sample:		2525.03 time, 1410.02 real, 100 MB
[runlim] sample:		2535.02 time, 1420.02 real, 100 MB
[runlim] sample:		2545.02 time, 1430.02 real, 100 MB
[runlim] sample:		2555.03 time, 1440.02 real, 100 MB
[runlim] sample:		2565.02 time, 1450.02 real, 100 MB
[runlim] sample:		2575.02 time, 1460.02 real, 100 MB
[runlim] sample:		2585.02 time, 1470.02 real, 100 MB
[runlim] sample:		2595.03 time, 1480.02 real, 100 MB
[runlim] sample:		2605.02 time, 1490.02 real, 100 MB
[runlim] sample:		2615.02 time, 1500.02 real, 100 MB
[runlim] sample:		2625.02 time, 1510.02 real, 100 MB
[runlim] sample:		2635.03 time, 1520.02 real, 100 MB
[runlim] sample:		2645.02 time, 1530.02 real, 100 MB
[runlim] sample:		2655.03 time, 1540.02 real, 100 MB
[runlim] sample:		2665.02 time, 1550.02 real, 100 MB
[runlim] sample:		2675.03 time, 1560.02 real, 100 MB
[runlim] sample:		2685.03 time, 1570.02 real, 100 MB
[runlim] sample:		2695.02 time, 1580.02 real, 100 MB
[runlim] sample:		2705.02 time, 1590.02 real, 100 MB
[runlim] sample:		2715.03 time, 1600.02 real, 100 MB
[runlim] sample:		2725.02 time, 1610.02 real, 100 MB
[runlim] sample:		2735.02 time, 1620.02 real, 100 MB
[runlim] sample:		2745.03 time, 1630.02 real, 100 MB
[runlim] sample:		2755.02 time, 1640.02 real, 100 MB
[runlim] sample:		2765.03 time, 1650.02 real, 100 MB
[runlim] sample:		2775.03 time, 1660.02 real, 100 MB
[runlim] sample:		2785.03 time, 1670.02 real, 100 MB
[runlim] sample:		2795.02 time, 1680.02 real, 100 MB
[runlim] sample:		2805.02 time, 1690.02 real, 100 MB
[runlim] sample:		2815.03 time, 1700.02 real, 100 MB
[runlim] sample:		2825.03 time, 1710.02 real, 100 MB
[runlim] sample:		2835.02 time, 1720.02 real, 100 MB
[runlim] sample:		2845.03 time, 1730.02 real, 100 MB
[runlim] sample:		2855.03 time, 1740.02 real, 100 MB
[runlim] sample:		2865.02 time, 1750.02 real, 100 MB
[runlim] sample:		2875.03 time, 1760.02 real, 100 MB
[runlim] sample:		2885.03 time, 1770.02 real, 100 MB
[runlim] sample:		2895.02 time, 1780.02 real, 100 MB
[runlim] sample:		2905.03 time, 1790.02 real, 100 MB
[runlim] sample:		2915.02 time, 1800.02 real, 100 MB
[runlim] sample:		2925.02 time, 1810.02 real, 100 MB
[runlim] sample:		2935.03 time, 1820.02 real, 100 MB
[runlim] sample:		2945.02 time, 1830.02 real, 100 MB
[runlim] sample:		2955.02 time, 1840.02 real, 100 MB
[runlim] sample:		2965.02 time, 1850.02 real, 100 MB
[runlim] sample:		2975.02 time, 1860.02 real, 100 MB
[runlim] sample:		2985.02 time, 1870.02 real, 100 MB
[runlim] sample:		2995.02 time, 1880.02 real, 100 MB
[runlim] sample:		3005.02 time, 1890.02 real, 100 MB
[runlim] sample:		3015.02 time, 1900.02 real, 100 MB
[runlim] sample:		3025.03 time, 1910.02 real, 100 MB
[runlim] sample:		3035.02 time, 1920.02 real, 100 MB
[runlim] sample:		3045.03 time, 1930.02 real, 100 MB
[runlim] sample:		3055.02 time, 1940.02 real, 100 MB
[runlim] sample:		3065.03 time, 1950.02 real, 100 MB
[runlim] sample:		3075.03 time, 1960.02 real, 100 MB
[runlim] sample:		3085.03 time, 1970.02 real, 100 MB
[runlim] sample:		3095.03 time, 1980.02 real, 100 MB
[runlim] sample:		3105.03 time, 1990.02 real, 100 MB
[runlim] sample:		3115.02 time, 2000.02 real, 100 MB
[runlim] sample:		3125.03 time, 2010.02 real, 100 MB
[runlim] sample:		3135.03 time, 2020.02 real, 100 MB
[runlim] sample:		3145.02 time, 2030.02 real, 100 MB
[runlim] sample:		3155.02 time, 2040.02 real, 100 MB
[runlim] sample:		3165.02 time, 2050.02 real, 100 MB
[runlim] sample:		3175.02 time, 2060.02 real, 100 MB
[runlim] sample:		3185.03 time, 2070.02 real, 100 MB
[runlim] sample:		3195.02 time, 2080.02 real, 100 MB
[runlim] sample:		3205.02 time, 2090.02 real, 100 MB
[runlim] sample:		3215.03 time, 2100.02 real, 100 MB
[runlim] sample:		3225.02 time, 2110.02 real, 100 MB
[runlim] sample:		3235.03 time, 2120.02 real, 100 MB
[runlim] sample:		3245.03 time, 2130.02 real, 100 MB
[runlim] sample:		3255.03 time, 2140.02 real, 100 MB
[runlim] sample:		3265.02 time, 2150.02 real, 100 MB
[runlim] sample:		3275.03 time, 2160.02 real, 100 MB
[runlim] sample:		3285.02 time, 2170.02 real, 100 MB
[runlim] sample:		3295.03 time, 2180.02 real, 100 MB
[runlim] sample:		3305.03 time, 2190.02 real, 100 MB
[runlim] sample:		3315.02 time, 2200.02 real, 100 MB
[runlim] sample:		3325.02 time, 2210.02 real, 100 MB
[runlim] sample:		3335.03 time, 2220.02 real, 100 MB
[runlim] sample:		3345.02 time, 2230.02 real, 100 MB
[runlim] sample:		3355.03 time, 2240.02 real, 100 MB
[runlim] sample:		3365.02 time, 2250.02 real, 100 MB
[runlim] sample:		3375.03 time, 2260.02 real, 100 MB
[runlim] sample:		3385.02 time, 2270.02 real, 100 MB
[runlim] sample:		3395.03 time, 2280.02 real, 100 MB
[runlim] sample:		3405.03 time, 2290.02 real, 100 MB
[runlim] sample:		3415.02 time, 2300.02 real, 100 MB
[runlim] sample:		3425.02 time, 2310.02 real, 100 MB
[runlim] sample:		3435.03 time, 2320.02 real, 100 MB
[runlim] sample:		3445.03 time, 2330.02 real, 100 MB
[runlim] sample:		3455.03 time, 2340.02 real, 100 MB
[runlim] sample:		3465.03 time, 2350.02 real, 100 MB
[runlim] sample:		3475.03 time, 2360.02 real, 100 MB
[runlim] sample:		3485.03 time, 2370.02 real, 100 MB
[runlim] sample:		3495.02 time, 2380.02 real, 100 MB
[runlim] sample:		3505.03 time, 2390.02 real, 100 MB
[runlim] sample:		3515.02 time, 2400.02 real, 100 MB
[runlim] sample:		3525.03 time, 2410.02 real, 100 MB
[runlim] sample:		3535.03 time, 2420.02 real, 100 MB
[runlim] sample:		3545.03 time, 2430.02 real, 100 MB
[runlim] sample:		3555.03 time, 2440.02 real, 100 MB
[runlim] sample:		3565.03 time, 2450.02 real, 100 MB
[runlim] sample:		3575.02 time, 2460.02 real, 100 MB
[runlim] sample:		3585.02 time, 2470.02 real, 100 MB
[runlim] sample:		3595.03 time, 2480.02 real, 100 MB
[runlim] sample:		3605.02 time, 2490.02 real, 100 MB
[runlim] sample:		3615.02 time, 2500.02 real, 100 MB
[runlim] sample:		3625.03 time, 2510.02 real, 100 MB
[runlim] sample:		3635.03 time, 2520.02 real, 100 MB
[runlim] sample:		3645.03 time, 2530.02 real, 100 MB
[runlim] sample:		3655.03 time, 2540.02 real, 100 MB
[runlim] sample:		3665.03 time, 2550.02 real, 100 MB
[runlim] sample:		3675.03 time, 2560.02 real, 100 MB
[runlim] sample:		3685.03 time, 2570.02 real, 100 MB
[runlim] sample:		3695.02 time, 2580.02 real, 100 MB
[runlim] sample:		3705.03 time, 2590.02 real, 100 MB
[runlim] sample:		3715.03 time, 2600.02 real, 100 MB
[runlim] sample:		3725.03 time, 2610.02 real, 100 MB
[runlim] sample:		3735.03 time, 2620.02 real, 100 MB
[runlim] sample:		3745.02 time, 2630.02 real, 100 MB
[runlim] sample:		3755.03 time, 2640.02 real, 100 MB
[runlim] sample:		3765.03 time, 2650.02 real, 100 MB
[runlim] sample:		3775.02 time, 2660.02 real, 100 MB
[runlim] sample:		3785.03 time, 2670.02 real, 100 MB
[runlim] sample:		3795.03 time, 2680.02 real, 100 MB
[runlim] sample:		3805.02 time, 2690.02 real, 100 MB
[runlim] sample:		3815.03 time, 2700.02 real, 100 MB
[runlim] sample:		3825.03 time, 2710.02 real, 100 MB
[runlim] sample:		3835.02 time, 2720.02 real, 100 MB
[runlim] sample:		3845.03 time, 2730.02 real, 100 MB
[runlim] sample:		3855.03 time, 2740.02 real, 100 MB
[runlim] sample:		3865.03 time, 2750.02 real, 100 MB
[runlim] sample:		3875.03 time, 2760.02 real, 100 MB
[runlim] sample:		3885.03 time, 2770.02 real, 100 MB
[runlim] sample:		3895.03 time, 2780.02 real, 100 MB
[runlim] sample:		3905.03 time, 2790.02 real, 100 MB
[runlim] sample:		3915.03 time, 2800.02 real, 100 MB
[runlim] sample:		3925.03 time, 2810.02 real, 100 MB
[runlim] sample:		3935.03 time, 2820.02 real, 100 MB
[runlim] sample:		3945.03 time, 2830.02 real, 100 MB
[runlim] sample:		3955.03 time, 2840.02 real, 100 MB
[runlim] sample:		3965.03 time, 2850.02 real, 100 MB
[runlim] sample:		3975.03 time, 2860.02 real, 100 MB
[runlim] sample:		3985.03 time, 2870.02 real, 100 MB
[runlim] sample:		3995.03 time, 2880.02 real, 100 MB
[runlim] sample:		4005.03 time, 2890.02 real, 100 MB
[runlim] sample:		4015.03 time, 2900.02 real, 100 MB
[runlim] sample:		4025.03 time, 2910.02 real, 100 MB
[runlim] sample:		4035.03 time, 2920.02 real, 100 MB
[runlim] sample:		4045.03 time, 2930.02 real, 100 MB
[runlim] sample:		4055.03 time, 2940.02 real, 100 MB
[runlim] sample:		4065.03 time, 2950.02 real, 100 MB
[runlim] sample:		4075.03 time, 2960.02 real, 100 MB
[runlim] sample:		4085.03 time, 2970.02 real, 100 MB
[runlim] sample:		4095.03 time, 2980.02 real, 100 MB
[runlim] sample:		4105.03 time, 2990.02 real, 100 MB
[runlim] sample:		4115.03 time, 3000.02 real, 100 MB
[runlim] sample:		4125.03 time, 3010.02 real, 100 MB
[runlim] sample:		4135.03 time, 3020.02 real, 100 MB
[runlim] sample:		4145.03 time, 3030.02 real, 100 MB
[runlim] sample:		4155.03 time, 3040.02 real, 100 MB
[runlim] sample:		4165.03 time, 3050.02 real, 100 MB
[runlim] sample:		4175.03 time, 3060.02 real, 100 MB
[runlim] sample:		4185.03 time, 3070.02 real, 100 MB
[runlim] sample:		4195.03 time, 3080.02 real, 100 MB
[runlim] sample:		4205.03 time, 3090.02 real, 100 MB
[runlim] sample:		4215.03 time, 3100.02 real, 100 MB
[runlim] sample:		4225.03 time, 3110.02 real, 100 MB
[runlim] sample:		4235.03 time, 3120.02 real, 100 MB
[runlim] sample:		4245.03 time, 3130.02 real, 100 MB
[runlim] sample:		4255.03 time, 3140.02 real, 100 MB
[runlim] sample:		4265.03 time, 3150.02 real, 100 MB
[runlim] sample:		4275.03 time, 3160.02 real, 100 MB
[runlim] sample:		4285.03 time, 3170.02 real, 100 MB
[runlim] sample:		4295.03 time, 3180.02 real, 100 MB
[runlim] sample:		4305.03 time, 3190.02 real, 100 MB
[runlim] sample:		4315.03 time, 3200.02 real, 100 MB
[runlim] sample:		4325.03 time, 3210.02 real, 100 MB
[runlim] sample:		4335.03 time, 3220.02 real, 100 MB
[runlim] sample:		4345.03 time, 3230.02 real, 100 MB
[runlim] sample:		4355.03 time, 3240.02 real, 100 MB
[runlim] sample:		4365.03 time, 3250.02 real, 100 MB
[runlim] sample:		4375.03 time, 3260.02 real, 100 MB
[runlim] sample:		4385.03 time, 3270.02 real, 100 MB
[runlim] sample:		4395.03 time, 3280.02 real, 100 MB
[runlim] sample:		4405.03 time, 3290.02 real, 100 MB
[runlim] sample:		4415.03 time, 3300.02 real, 100 MB
[runlim] sample:		4425.03 time, 3310.02 real, 100 MB
[runlim] sample:		4435.03 time, 3320.02 real, 100 MB
[runlim] sample:		4445.03 time, 3330.02 real, 100 MB
[runlim] sample:		4455.03 time, 3340.02 real, 100 MB
[runlim] sample:		4465.03 time, 3350.02 real, 100 MB
[runlim] sample:		4475.03 time, 3360.02 real, 100 MB
[runlim] sample:		4485.03 time, 3370.02 real, 100 MB
[runlim] sample:		4495.03 time, 3380.02 real, 100 MB
[runlim] sample:		4505.03 time, 3390.02 real, 100 MB
[runlim] sample:		4515.03 time, 3400.02 real, 100 MB
[runlim] sample:		4525.04 time, 3410.02 real, 100 MB
[runlim] sample:		4535.03 time, 3420.02 real, 100 MB
[runlim] sample:		4545.03 time, 3430.02 real, 100 MB
[runlim] sample:		4555.04 time, 3440.02 real, 100 MB
[runlim] sample:		4565.03 time, 3450.02 real, 100 MB
[runlim] sample:		4575.03 time, 3460.02 real, 100 MB
[runlim] sample:		4585.03 time, 3470.02 real, 100 MB
[runlim] sample:		4595.03 time, 3480.02 real, 100 MB
[runlim] sample:		4605.03 time, 3490.02 real, 100 MB
[runlim] sample:		4615.03 time, 3500.02 real, 100 MB
[runlim] sample:		4625.03 time, 3510.02 real, 100 MB
[runlim] sample:		4635.03 time, 3520.02 real, 100 MB
[runlim] sample:		4645.03 time, 3530.02 real, 100 MB
[runlim] sample:		4655.04 time, 3540.02 real, 100 MB
[runlim] sample:		4665.03 time, 3550.02 real, 100 MB
[runlim] sample:		4675.03 time, 3560.02 real, 100 MB
[runlim] sample:		4685.03 time, 3570.02 real, 100 MB
[runlim] sample:		4695.04 time, 3580.02 real, 100 MB
[runlim] sample:		4705.03 time, 3590.02 real, 100 MB
[runlim] sample:		4715.03 time, 3600.02 real, 100 MB
[runlim] end:			Thu Oct 17 01:57:27 2019
[runlim] status:		out of time
[runlim] result:		2
[runlim] children:		23
[runlim] real:			3600.13 seconds
[runlim] time:			4715.03 seconds
[runlim] space:			438 MB
[runlim] samples:		36000
