[runlim] version:		1.17
[runlim] host:			c3n09
[runlim] time limit:		311040000 seconds
[runlim] real time limit:	3600 seconds
[runlim] space limit:		120000 MB
[runlim] argv[0]:		./run.sh
[runlim] argv[1]:		/tmp/jvBvhBx3.aig
[runlim] start:			Thu Oct 17 00:44:20 2019
[runlim] child:			14992
[runlim] sample:		32.53 time, 10.02 real, 249 MB
[runlim] sample:		67.84 time, 20.02 real, 268 MB
[runlim] sample:		87.83 time, 30.02 real, 272 MB
[runlim] sample:		108.23 time, 40.02 real, 417 MB
[runlim] sample:		128.23 time, 50.02 real, 424 MB
[runlim] sample:		148.22 time, 60.02 real, 437 MB
[runlim] sample:		810.16 time, 70.02 real, 206 MB
[runlim] sample:		830.14 time, 80.02 real, 222 MB
[runlim] sample:		850.16 time, 90.02 real, 228 MB
[runlim] sample:		870.14 time, 100.02 real, 230 MB
[runlim] sample:		890.15 time, 110.02 real, 240 MB
[runlim] sample:		910.14 time, 120.02 real, 242 MB
[runlim] sample:		930.15 time, 130.02 real, 242 MB
[runlim] sample:		950.14 time, 140.02 real, 250 MB
[runlim] sample:		970.15 time, 150.02 real, 250 MB
[runlim] sample:		990.15 time, 160.02 real, 252 MB
[runlim] sample:		1010.14 time, 170.02 real, 252 MB
[runlim] sample:		1030.15 time, 180.02 real, 254 MB
[runlim] sample:		1050.15 time, 190.02 real, 255 MB
[runlim] sample:		1070.14 time, 200.02 real, 256 MB
[runlim] sample:		1090.15 time, 210.02 real, 260 MB
[runlim] sample:		1110.15 time, 220.02 real, 261 MB
[runlim] sample:		1130.15 time, 230.02 real, 266 MB
[runlim] sample:		1150.15 time, 240.02 real, 268 MB
[runlim] sample:		1170.15 time, 250.02 real, 269 MB
[runlim] sample:		1190.14 time, 260.02 real, 270 MB
[runlim] sample:		1210.15 time, 270.02 real, 272 MB
[runlim] sample:		1230.14 time, 280.02 real, 274 MB
[runlim] sample:		1250.14 time, 290.02 real, 276 MB
[runlim] sample:		1270.15 time, 300.02 real, 277 MB
[runlim] sample:		1290.15 time, 310.02 real, 278 MB
[runlim] sample:		1310.14 time, 320.02 real, 280 MB
[runlim] sample:		1330.15 time, 330.02 real, 282 MB
[runlim] sample:		1350.14 time, 340.02 real, 283 MB
[runlim] sample:		1370.15 time, 350.02 real, 279 MB
[runlim] sample:		1390.14 time, 360.02 real, 280 MB
[runlim] sample:		1410.14 time, 370.02 real, 282 MB
[runlim] sample:		1430.14 time, 380.02 real, 283 MB
[runlim] sample:		1450.14 time, 390.02 real, 286 MB
[runlim] sample:		1470.14 time, 400.02 real, 288 MB
[runlim] sample:		1490.15 time, 410.02 real, 291 MB
[runlim] sample:		1510.14 time, 420.02 real, 293 MB
[runlim] sample:		1530.14 time, 430.02 real, 295 MB
[runlim] sample:		1550.14 time, 440.02 real, 297 MB
[runlim] sample:		1570.15 time, 450.02 real, 299 MB
[runlim] sample:		1590.14 time, 460.02 real, 301 MB
[runlim] sample:		1610.14 time, 470.02 real, 303 MB
[runlim] sample:		1630.15 time, 480.02 real, 305 MB
[runlim] sample:		1650.15 time, 490.02 real, 307 MB
[runlim] sample:		1670.14 time, 500.02 real, 309 MB
[runlim] sample:		1690.14 time, 510.02 real, 311 MB
[runlim] sample:		1710.14 time, 520.02 real, 313 MB
[runlim] sample:		6789.37 time, 530.02 real, 142 MB
[runlim] sample:		6799.38 time, 540.02 real, 142 MB
[runlim] sample:		6809.37 time, 550.02 real, 142 MB
[runlim] sample:		6819.37 time, 560.02 real, 142 MB
[runlim] sample:		7378.00 time, 570.02 real, 132 MB
[runlim] sample:		7388.00 time, 580.02 real, 132 MB
[runlim] sample:		7398.00 time, 590.02 real, 132 MB
[runlim] sample:		7408.00 time, 600.02 real, 133 MB
[runlim] sample:		7418.00 time, 610.02 real, 133 MB
[runlim] sample:		7428.00 time, 620.02 real, 133 MB
[runlim] sample:		7438.00 time, 630.02 real, 133 MB
[runlim] sample:		7448.00 time, 640.02 real, 141 MB
[runlim] sample:		7458.00 time, 650.02 real, 141 MB
[runlim] sample:		7468.00 time, 660.02 real, 141 MB
[runlim] sample:		7478.00 time, 670.02 real, 141 MB
[runlim] sample:		7488.01 time, 680.02 real, 141 MB
[runlim] sample:		7498.01 time, 690.02 real, 141 MB
[runlim] sample:		7508.00 time, 700.02 real, 141 MB
[runlim] sample:		7518.00 time, 710.02 real, 141 MB
[runlim] sample:		7528.01 time, 720.02 real, 141 MB
[runlim] sample:		7538.01 time, 730.02 real, 141 MB
[runlim] sample:		7548.00 time, 740.02 real, 141 MB
[runlim] sample:		7558.00 time, 750.02 real, 141 MB
[runlim] sample:		7568.00 time, 760.02 real, 141 MB
[runlim] sample:		7578.01 time, 770.02 real, 141 MB
[runlim] sample:		7588.01 time, 780.02 real, 141 MB
[runlim] sample:		7598.01 time, 790.02 real, 141 MB
[runlim] sample:		7608.00 time, 800.02 real, 141 MB
[runlim] sample:		7618.00 time, 810.02 real, 141 MB
[runlim] sample:		7628.00 time, 820.02 real, 141 MB
[runlim] sample:		7638.00 time, 830.02 real, 141 MB
[runlim] sample:		7648.01 time, 840.02 real, 141 MB
[runlim] sample:		7658.00 time, 850.02 real, 141 MB
[runlim] sample:		7668.00 time, 860.02 real, 142 MB
[runlim] sample:		7678.00 time, 870.02 real, 142 MB
[runlim] sample:		7688.01 time, 880.02 real, 142 MB
[runlim] sample:		7698.00 time, 890.02 real, 142 MB
[runlim] sample:		7708.01 time, 900.02 real, 142 MB
[runlim] sample:		7718.01 time, 910.02 real, 142 MB
[runlim] sample:		7728.01 time, 920.02 real, 142 MB
[runlim] sample:		7738.01 time, 930.02 real, 142 MB
[runlim] sample:		7748.00 time, 940.02 real, 142 MB
[runlim] sample:		7758.00 time, 950.02 real, 142 MB
[runlim] sample:		7768.01 time, 960.02 real, 142 MB
[runlim] sample:		7778.01 time, 970.02 real, 142 MB
[runlim] sample:		7788.01 time, 980.02 real, 142 MB
[runlim] sample:		7798.01 time, 990.02 real, 142 MB
[runlim] sample:		7808.01 time, 1000.02 real, 142 MB
[runlim] sample:		7818.01 time, 1010.02 real, 142 MB
[runlim] sample:		7828.01 time, 1020.02 real, 142 MB
[runlim] sample:		7838.01 time, 1030.02 real, 142 MB
[runlim] sample:		7848.01 time, 1040.02 real, 142 MB
[runlim] sample:		7858.01 time, 1050.02 real, 142 MB
[runlim] sample:		7868.01 time, 1060.02 real, 142 MB
[runlim] sample:		7878.01 time, 1070.02 real, 142 MB
[runlim] sample:		7888.01 time, 1080.02 real, 142 MB
[runlim] sample:		7898.01 time, 1090.02 real, 142 MB
[runlim] sample:		7908.01 time, 1100.02 real, 142 MB
[runlim] sample:		7918.01 time, 1110.02 real, 142 MB
[runlim] sample:		7928.01 time, 1120.02 real, 142 MB
[runlim] sample:		7938.01 time, 1130.02 real, 142 MB
[runlim] sample:		7948.01 time, 1140.02 real, 142 MB
[runlim] sample:		7958.00 time, 1150.02 real, 142 MB
[runlim] sample:		7968.01 time, 1160.02 real, 142 MB
[runlim] sample:		7978.01 time, 1170.02 real, 142 MB
[runlim] sample:		7988.01 time, 1180.02 real, 142 MB
[runlim] sample:		7998.01 time, 1190.02 real, 142 MB
[runlim] sample:		8008.01 time, 1200.02 real, 142 MB
[runlim] sample:		8018.01 time, 1210.02 real, 142 MB
[runlim] sample:		8028.01 time, 1220.02 real, 142 MB
[runlim] sample:		8038.01 time, 1230.02 real, 142 MB
[runlim] sample:		8048.01 time, 1240.02 real, 142 MB
[runlim] sample:		8058.01 time, 1250.02 real, 142 MB
[runlim] sample:		8068.01 time, 1260.02 real, 142 MB
[runlim] sample:		8078.01 time, 1270.02 real, 142 MB
[runlim] sample:		8088.01 time, 1280.02 real, 142 MB
[runlim] sample:		8098.01 time, 1290.02 real, 142 MB
[runlim] sample:		8108.01 time, 1300.02 real, 142 MB
[runlim] sample:		8118.01 time, 1310.02 real, 142 MB
[runlim] sample:		8128.01 time, 1320.02 real, 142 MB
[runlim] sample:		8138.01 time, 1330.02 real, 142 MB
[runlim] sample:		8148.01 time, 1340.02 real, 142 MB
[runlim] sample:		8158.02 time, 1350.02 real, 142 MB
[runlim] sample:		8168.01 time, 1360.02 real, 142 MB
[runlim] sample:		8178.01 time, 1370.02 real, 142 MB
[runlim] sample:		8188.01 time, 1380.02 real, 142 MB
[runlim] sample:		8198.01 time, 1390.02 real, 142 MB
[runlim] sample:		8208.01 time, 1400.02 real, 142 MB
[runlim] sample:		8218.01 time, 1410.02 real, 142 MB
[runlim] sample:		8228.01 time, 1420.02 real, 142 MB
[runlim] sample:		8238.01 time, 1430.02 real, 142 MB
[runlim] sample:		8248.01 time, 1440.02 real, 142 MB
[runlim] sample:		8258.01 time, 1450.02 real, 142 MB
[runlim] sample:		8268.01 time, 1460.02 real, 142 MB
[runlim] sample:		8278.01 time, 1470.02 real, 142 MB
[runlim] sample:		8288.02 time, 1480.02 real, 142 MB
[runlim] sample:		8298.01 time, 1490.02 real, 142 MB
[runlim] sample:		8308.01 time, 1500.02 real, 142 MB
[runlim] sample:		8318.02 time, 1510.02 real, 142 MB
[runlim] sample:		8328.02 time, 1520.02 real, 142 MB
[runlim] sample:		8338.01 time, 1530.02 real, 142 MB
[runlim] sample:		8348.01 time, 1540.02 real, 142 MB
[runlim] sample:		8358.01 time, 1550.02 real, 142 MB
[runlim] sample:		8368.01 time, 1560.02 real, 142 MB
[runlim] sample:		8378.02 time, 1570.02 real, 142 MB
[runlim] sample:		8388.02 time, 1580.02 real, 142 MB
[runlim] sample:		8398.01 time, 1590.02 real, 142 MB
[runlim] sample:		8408.02 time, 1600.02 real, 142 MB
[runlim] sample:		8418.01 time, 1610.02 real, 142 MB
[runlim] sample:		8428.01 time, 1620.02 real, 142 MB
[runlim] sample:		8438.01 time, 1630.02 real, 142 MB
[runlim] sample:		8448.01 time, 1640.02 real, 142 MB
[runlim] sample:		8458.02 time, 1650.02 real, 142 MB
[runlim] sample:		8468.01 time, 1660.02 real, 142 MB
[runlim] sample:		8478.01 time, 1670.02 real, 142 MB
[runlim] sample:		8488.02 time, 1680.02 real, 142 MB
[runlim] sample:		8498.01 time, 1690.02 real, 142 MB
[runlim] sample:		8508.02 time, 1700.02 real, 142 MB
[runlim] sample:		8518.02 time, 1710.02 real, 142 MB
[runlim] sample:		8528.02 time, 1720.02 real, 142 MB
[runlim] sample:		8538.02 time, 1730.02 real, 142 MB
[runlim] sample:		8548.02 time, 1740.02 real, 142 MB
[runlim] sample:		8558.02 time, 1750.02 real, 142 MB
[runlim] sample:		8568.01 time, 1760.02 real, 142 MB
[runlim] sample:		8578.01 time, 1770.02 real, 142 MB
[runlim] sample:		8588.01 time, 1780.02 real, 142 MB
[runlim] sample:		8598.01 time, 1790.02 real, 142 MB
[runlim] sample:		8608.01 time, 1800.02 real, 142 MB
[runlim] sample:		8618.02 time, 1810.02 real, 142 MB
[runlim] sample:		8628.01 time, 1820.02 real, 142 MB
[runlim] sample:		8638.01 time, 1830.02 real, 142 MB
[runlim] sample:		8648.01 time, 1840.02 real, 142 MB
[runlim] sample:		8658.02 time, 1850.02 real, 142 MB
[runlim] sample:		8668.01 time, 1860.02 real, 142 MB
[runlim] sample:		8678.02 time, 1870.02 real, 142 MB
[runlim] sample:		8688.02 time, 1880.02 real, 142 MB
[runlim] sample:		8698.02 time, 1890.02 real, 142 MB
[runlim] sample:		8708.02 time, 1900.02 real, 142 MB
[runlim] sample:		8718.02 time, 1910.02 real, 142 MB
[runlim] sample:		8728.02 time, 1920.02 real, 142 MB
[runlim] sample:		8738.02 time, 1930.02 real, 142 MB
[runlim] sample:		8748.02 time, 1940.02 real, 142 MB
[runlim] sample:		8758.02 time, 1950.02 real, 142 MB
[runlim] sample:		8768.02 time, 1960.02 real, 142 MB
[runlim] sample:		8778.01 time, 1970.02 real, 142 MB
[runlim] sample:		8788.02 time, 1980.02 real, 142 MB
[runlim] sample:		8798.02 time, 1990.02 real, 142 MB
[runlim] sample:		8808.02 time, 2000.02 real, 142 MB
[runlim] sample:		8818.02 time, 2010.02 real, 142 MB
[runlim] sample:		8828.02 time, 2020.02 real, 142 MB
[runlim] sample:		8838.02 time, 2030.02 real, 142 MB
[runlim] sample:		8848.02 time, 2040.02 real, 142 MB
[runlim] sample:		8858.02 time, 2050.02 real, 142 MB
[runlim] sample:		8868.02 time, 2060.02 real, 142 MB
[runlim] sample:		8878.02 time, 2070.02 real, 142 MB
[runlim] sample:		8888.02 time, 2080.02 real, 142 MB
[runlim] sample:		8898.02 time, 2090.02 real, 142 MB
[runlim] sample:		8908.02 time, 2100.02 real, 142 MB
[runlim] sample:		8918.02 time, 2110.02 real, 142 MB
[runlim] sample:		8928.02 time, 2120.02 real, 142 MB
[runlim] sample:		8938.02 time, 2130.02 real, 142 MB
[runlim] sample:		8948.02 time, 2140.02 real, 142 MB
[runlim] sample:		8958.02 time, 2150.02 real, 142 MB
[runlim] sample:		8968.02 time, 2160.02 real, 142 MB
[runlim] sample:		8978.02 time, 2170.02 real, 142 MB
[runlim] sample:		8988.02 time, 2180.02 real, 142 MB
[runlim] sample:		8998.02 time, 2190.02 real, 142 MB
[runlim] sample:		9008.03 time, 2200.02 real, 142 MB
[runlim] sample:		9018.02 time, 2210.02 real, 142 MB
[runlim] sample:		9028.02 time, 2220.02 real, 142 MB
[runlim] sample:		9038.02 time, 2230.02 real, 142 MB
[runlim] sample:		9048.03 time, 2240.02 real, 142 MB
[runlim] sample:		9058.02 time, 2250.02 real, 142 MB
[runlim] sample:		9068.03 time, 2260.02 real, 142 MB
[runlim] sample:		9078.02 time, 2270.02 real, 142 MB
[runlim] sample:		9088.02 time, 2280.02 real, 142 MB
[runlim] sample:		9098.03 time, 2290.02 real, 142 MB
[runlim] sample:		9108.02 time, 2300.02 real, 142 MB
[runlim] sample:		9118.02 time, 2310.02 real, 142 MB
[runlim] sample:		9128.03 time, 2320.02 real, 142 MB
[runlim] sample:		9138.02 time, 2330.02 real, 142 MB
[runlim] sample:		9148.02 time, 2340.02 real, 142 MB
[runlim] sample:		9158.02 time, 2350.02 real, 142 MB
[runlim] sample:		9168.02 time, 2360.02 real, 142 MB
[runlim] sample:		9178.02 time, 2370.02 real, 142 MB
[runlim] sample:		9188.02 time, 2380.02 real, 142 MB
[runlim] sample:		9198.02 time, 2390.02 real, 142 MB
[runlim] sample:		9208.03 time, 2400.02 real, 142 MB
[runlim] sample:		9218.02 time, 2410.02 real, 142 MB
[runlim] sample:		9228.03 time, 2420.02 real, 142 MB
[runlim] sample:		9238.03 time, 2430.02 real, 142 MB
[runlim] sample:		9248.02 time, 2440.02 real, 142 MB
[runlim] sample:		9258.03 time, 2450.02 real, 142 MB
[runlim] sample:		9268.02 time, 2460.02 real, 142 MB
[runlim] sample:		9278.02 time, 2470.02 real, 142 MB
[runlim] sample:		9288.03 time, 2480.02 real, 142 MB
[runlim] sample:		9298.02 time, 2490.02 real, 142 MB
[runlim] sample:		9308.03 time, 2500.02 real, 142 MB
[runlim] sample:		9318.03 time, 2510.02 real, 142 MB
[runlim] sample:		9328.02 time, 2520.02 real, 142 MB
[runlim] sample:		9338.03 time, 2530.02 real, 142 MB
[runlim] sample:		9348.03 time, 2540.02 real, 142 MB
[runlim] sample:		9358.03 time, 2550.02 real, 142 MB
[runlim] sample:		9368.02 time, 2560.02 real, 142 MB
[runlim] sample:		9378.02 time, 2570.02 real, 142 MB
[runlim] sample:		9388.02 time, 2580.02 real, 142 MB
[runlim] sample:		9398.02 time, 2590.02 real, 142 MB
[runlim] sample:		9408.03 time, 2600.02 real, 142 MB
[runlim] sample:		9418.03 time, 2610.02 real, 142 MB
[runlim] sample:		9428.03 time, 2620.02 real, 142 MB
[runlim] sample:		9438.02 time, 2630.02 real, 142 MB
[runlim] sample:		9448.03 time, 2640.02 real, 142 MB
[runlim] sample:		9458.03 time, 2650.02 real, 142 MB
[runlim] sample:		9468.03 time, 2660.02 real, 142 MB
[runlim] sample:		9478.03 time, 2670.02 real, 142 MB
[runlim] sample:		9488.03 time, 2680.02 real, 142 MB
[runlim] sample:		9498.03 time, 2690.02 real, 142 MB
[runlim] sample:		9508.03 time, 2700.02 real, 142 MB
[runlim] sample:		9518.03 time, 2710.02 real, 142 MB
[runlim] sample:		9528.03 time, 2720.02 real, 142 MB
[runlim] sample:		9538.03 time, 2730.02 real, 142 MB
[runlim] sample:		9548.03 time, 2740.02 real, 142 MB
[runlim] sample:		9558.03 time, 2750.02 real, 142 MB
[runlim] sample:		9568.03 time, 2760.02 real, 142 MB
[runlim] sample:		9578.03 time, 2770.02 real, 142 MB
[runlim] sample:		9588.02 time, 2780.02 real, 142 MB
[runlim] sample:		9598.03 time, 2790.02 real, 142 MB
[runlim] sample:		9608.03 time, 2800.02 real, 142 MB
[runlim] sample:		9618.03 time, 2810.02 real, 142 MB
[runlim] sample:		9628.03 time, 2820.02 real, 142 MB
[runlim] sample:		9638.03 time, 2830.02 real, 142 MB
[runlim] sample:		9648.03 time, 2840.02 real, 142 MB
[runlim] sample:		9658.03 time, 2850.02 real, 142 MB
[runlim] sample:		9668.03 time, 2860.02 real, 142 MB
[runlim] sample:		9678.03 time, 2870.02 real, 142 MB
[runlim] sample:		9688.03 time, 2880.02 real, 142 MB
[runlim] sample:		9698.03 time, 2890.02 real, 142 MB
[runlim] sample:		9708.03 time, 2900.02 real, 142 MB
[runlim] sample:		9718.03 time, 2910.02 real, 142 MB
[runlim] sample:		9728.03 time, 2920.02 real, 142 MB
[runlim] sample:		9738.03 time, 2930.02 real, 142 MB
[runlim] sample:		9748.03 time, 2940.02 real, 142 MB
[runlim] sample:		9758.03 time, 2950.02 real, 142 MB
[runlim] sample:		9768.03 time, 2960.02 real, 142 MB
[runlim] sample:		9778.03 time, 2970.02 real, 142 MB
[runlim] sample:		9788.03 time, 2980.02 real, 142 MB
[runlim] sample:		9798.03 time, 2990.02 real, 142 MB
[runlim] sample:		9808.04 time, 3000.02 real, 142 MB
[runlim] sample:		9818.03 time, 3010.02 real, 142 MB
[runlim] sample:		9828.03 time, 3020.02 real, 142 MB
[runlim] sample:		9838.03 time, 3030.02 real, 142 MB
[runlim] sample:		9848.03 time, 3040.02 real, 142 MB
[runlim] sample:		9858.04 time, 3050.02 real, 142 MB
[runlim] sample:		9868.03 time, 3060.02 real, 142 MB
[runlim] sample:		9878.03 time, 3070.02 real, 142 MB
[runlim] sample:		9888.04 time, 3080.02 real, 142 MB
[runlim] sample:		9898.03 time, 3090.02 real, 142 MB
[runlim] sample:		9908.03 time, 3100.02 real, 142 MB
[runlim] sample:		9918.03 time, 3110.02 real, 142 MB
[runlim] sample:		9928.03 time, 3120.02 real, 142 MB
[runlim] sample:		9938.03 time, 3130.02 real, 142 MB
[runlim] sample:		9948.03 time, 3140.02 real, 142 MB
[runlim] sample:		9958.04 time, 3150.02 real, 142 MB
[runlim] sample:		9968.03 time, 3160.02 real, 142 MB
[runlim] sample:		9978.03 time, 3170.02 real, 142 MB
[runlim] sample:		9988.03 time, 3180.02 real, 142 MB
[runlim] sample:		9998.04 time, 3190.02 real, 142 MB
[runlim] sample:		10008.03 time, 3200.02 real, 142 MB
[runlim] sample:		10018.03 time, 3210.02 real, 142 MB
[runlim] sample:		10028.04 time, 3220.02 real, 142 MB
[runlim] sample:		10038.04 time, 3230.02 real, 142 MB
[runlim] sample:		10048.04 time, 3240.02 real, 142 MB
[runlim] sample:		10058.04 time, 3250.02 real, 142 MB
[runlim] sample:		10068.03 time, 3260.02 real, 142 MB
[runlim] sample:		10078.04 time, 3270.02 real, 142 MB
[runlim] sample:		10088.03 time, 3280.02 real, 142 MB
[runlim] sample:		10098.03 time, 3290.02 real, 142 MB
[runlim] sample:		10108.03 time, 3300.02 real, 142 MB
[runlim] sample:		10118.04 time, 3310.02 real, 142 MB
[runlim] sample:		10128.03 time, 3320.02 real, 142 MB
[runlim] sample:		10138.04 time, 3330.02 real, 142 MB
[runlim] sample:		10148.03 time, 3340.02 real, 142 MB
[runlim] sample:		10158.04 time, 3350.02 real, 142 MB
[runlim] sample:		10168.03 time, 3360.02 real, 142 MB
[runlim] sample:		10178.04 time, 3370.02 real, 142 MB
[runlim] sample:		10188.04 time, 3380.02 real, 142 MB
[runlim] sample:		10198.04 time, 3390.02 real, 142 MB
[runlim] sample:		10208.03 time, 3400.02 real, 142 MB
[runlim] sample:		10218.04 time, 3410.02 real, 142 MB
[runlim] sample:		10228.04 time, 3420.02 real, 142 MB
[runlim] sample:		10238.04 time, 3430.02 real, 142 MB
[runlim] sample:		10248.03 time, 3440.02 real, 142 MB
[runlim] sample:		10258.03 time, 3450.02 real, 142 MB
[runlim] sample:		10268.04 time, 3460.02 real, 142 MB
[runlim] sample:		10278.04 time, 3470.02 real, 142 MB
[runlim] sample:		10288.04 time, 3480.02 real, 142 MB
[runlim] sample:		10298.03 time, 3490.02 real, 142 MB
[runlim] sample:		10308.04 time, 3500.02 real, 142 MB
[runlim] sample:		10318.04 time, 3510.02 real, 142 MB
[runlim] sample:		10328.03 time, 3520.02 real, 142 MB
[runlim] sample:		10338.04 time, 3530.02 real, 142 MB
[runlim] sample:		10348.04 time, 3540.02 real, 142 MB
[runlim] sample:		10358.04 time, 3550.02 real, 142 MB
[runlim] sample:		10368.04 time, 3560.02 real, 142 MB
[runlim] sample:		10378.04 time, 3570.02 real, 142 MB
[runlim] sample:		10388.03 time, 3580.02 real, 142 MB
[runlim] sample:		10398.04 time, 3590.02 real, 142 MB
[runlim] sample:		10408.04 time, 3600.02 real, 142 MB
[runlim] end:			Thu Oct 17 01:44:20 2019
[runlim] status:		out of time
[runlim] result:		2
[runlim] children:		34
[runlim] real:			3600.11 seconds
[runlim] time:			10408.04 seconds
[runlim] space:			437 MB
[runlim] samples:		36000
