[runlim] version:		1.17
[runlim] host:			c3n03
[runlim] time limit:		311040000 seconds
[runlim] real time limit:	3600 seconds
[runlim] space limit:		120000 MB
[runlim] argv[0]:		./run.sh
[runlim] argv[1]:		/tmp/bvXtucTt.aig
[runlim] start:			Thu Oct 17 00:32:51 2019
[runlim] child:			14023
[runlim] sample:		18.47 time, 10.02 real, 365 MB
[runlim] sample:		47.30 time, 20.02 real, 273 MB
[runlim] sample:		67.30 time, 30.02 real, 277 MB
[runlim] sample:		88.76 time, 40.02 real, 374 MB
[runlim] sample:		108.74 time, 50.02 real, 375 MB
[runlim] sample:		128.56 time, 60.02 real, 348 MB
[runlim] sample:		290.99 time, 70.02 real, 347 MB
[runlim] sample:		448.25 time, 80.02 real, 368 MB
[runlim] sample:		1315.08 time, 90.02 real, 281 MB
[runlim] sample:		1335.08 time, 100.02 real, 301 MB
[runlim] sample:		1355.08 time, 110.02 real, 318 MB
[runlim] sample:		1375.08 time, 120.02 real, 336 MB
[runlim] sample:		1395.08 time, 130.02 real, 348 MB
[runlim] sample:		1415.07 time, 140.02 real, 358 MB
[runlim] sample:		1435.07 time, 150.02 real, 368 MB
[runlim] sample:		1455.07 time, 160.02 real, 390 MB
[runlim] sample:		1475.07 time, 170.02 real, 399 MB
[runlim] sample:		1495.08 time, 180.02 real, 405 MB
[runlim] sample:		1515.07 time, 190.02 real, 419 MB
[runlim] sample:		1535.08 time, 200.02 real, 428 MB
[runlim] sample:		1555.06 time, 210.02 real, 438 MB
[runlim] sample:		1575.08 time, 220.02 real, 398 MB
[runlim] sample:		2277.30 time, 230.02 real, 156 MB
[runlim] sample:		2287.30 time, 240.02 real, 156 MB
[runlim] sample:		2297.30 time, 250.02 real, 156 MB
[runlim] sample:		2307.29 time, 260.02 real, 156 MB
[runlim] sample:		2317.29 time, 270.02 real, 156 MB
[runlim] sample:		2327.29 time, 280.02 real, 156 MB
[runlim] sample:		3118.12 time, 290.02 real, 154 MB
[runlim] sample:		3128.12 time, 300.02 real, 154 MB
[runlim] sample:		3138.12 time, 310.02 real, 154 MB
[runlim] sample:		3148.12 time, 320.02 real, 154 MB
[runlim] sample:		3158.11 time, 330.02 real, 154 MB
[runlim] sample:		3168.12 time, 340.02 real, 154 MB
[runlim] sample:		3178.12 time, 350.02 real, 154 MB
[runlim] sample:		3188.12 time, 360.02 real, 154 MB
[runlim] sample:		3198.12 time, 370.02 real, 154 MB
[runlim] sample:		3208.11 time, 380.02 real, 154 MB
[runlim] sample:		3218.11 time, 390.02 real, 145 MB
[runlim] sample:		3228.11 time, 400.02 real, 145 MB
[runlim] sample:		3238.11 time, 410.02 real, 145 MB
[runlim] sample:		3248.11 time, 420.02 real, 145 MB
[runlim] sample:		3258.11 time, 430.02 real, 145 MB
[runlim] sample:		3268.11 time, 440.02 real, 145 MB
[runlim] sample:		3278.11 time, 450.02 real, 145 MB
[runlim] sample:		3288.12 time, 460.02 real, 145 MB
[runlim] sample:		3298.12 time, 470.02 real, 145 MB
[runlim] sample:		3308.11 time, 480.02 real, 145 MB
[runlim] sample:		3318.12 time, 490.02 real, 145 MB
[runlim] sample:		3328.12 time, 500.02 real, 145 MB
[runlim] sample:		3338.11 time, 510.02 real, 145 MB
[runlim] sample:		3348.12 time, 520.02 real, 145 MB
[runlim] sample:		3358.12 time, 530.02 real, 145 MB
[runlim] sample:		3368.12 time, 540.02 real, 145 MB
[runlim] sample:		3378.11 time, 550.02 real, 145 MB
[runlim] sample:		3388.11 time, 560.02 real, 145 MB
[runlim] sample:		3398.11 time, 570.02 real, 145 MB
[runlim] sample:		3408.11 time, 580.02 real, 145 MB
[runlim] sample:		3418.11 time, 590.02 real, 145 MB
[runlim] sample:		3428.11 time, 600.02 real, 145 MB
[runlim] sample:		3438.12 time, 610.02 real, 145 MB
[runlim] sample:		3448.11 time, 620.02 real, 145 MB
[runlim] sample:		3458.12 time, 630.02 real, 145 MB
[runlim] sample:		3468.11 time, 640.02 real, 145 MB
[runlim] sample:		3478.12 time, 650.02 real, 145 MB
[runlim] sample:		3488.11 time, 660.02 real, 145 MB
[runlim] sample:		3498.11 time, 670.02 real, 145 MB
[runlim] sample:		3508.11 time, 680.02 real, 145 MB
[runlim] sample:		3518.12 time, 690.02 real, 145 MB
[runlim] sample:		3528.11 time, 700.02 real, 145 MB
[runlim] sample:		3538.11 time, 710.02 real, 145 MB
[runlim] sample:		3548.11 time, 720.02 real, 145 MB
[runlim] sample:		3558.12 time, 730.02 real, 145 MB
[runlim] sample:		3568.11 time, 740.02 real, 145 MB
[runlim] sample:		3578.12 time, 750.02 real, 145 MB
[runlim] sample:		3588.12 time, 760.02 real, 145 MB
[runlim] sample:		3598.11 time, 770.02 real, 145 MB
[runlim] sample:		3608.12 time, 780.02 real, 145 MB
[runlim] sample:		3618.11 time, 790.02 real, 145 MB
[runlim] sample:		3628.12 time, 800.02 real, 145 MB
[runlim] sample:		3638.12 time, 810.02 real, 145 MB
[runlim] sample:		3648.11 time, 820.02 real, 145 MB
[runlim] sample:		3658.11 time, 830.02 real, 145 MB
[runlim] sample:		3668.11 time, 840.02 real, 145 MB
[runlim] sample:		3678.12 time, 850.02 real, 145 MB
[runlim] sample:		3688.12 time, 860.02 real, 145 MB
[runlim] sample:		3698.12 time, 870.02 real, 145 MB
[runlim] sample:		3708.12 time, 880.02 real, 145 MB
[runlim] sample:		3718.11 time, 890.02 real, 145 MB
[runlim] sample:		3728.11 time, 900.02 real, 145 MB
[runlim] sample:		3738.12 time, 910.02 real, 145 MB
[runlim] sample:		3748.11 time, 920.02 real, 145 MB
[runlim] sample:		3758.11 time, 930.02 real, 145 MB
[runlim] sample:		3768.12 time, 940.02 real, 145 MB
[runlim] sample:		3778.12 time, 950.02 real, 145 MB
[runlim] sample:		3788.11 time, 960.02 real, 145 MB
[runlim] sample:		3798.12 time, 970.02 real, 145 MB
[runlim] sample:		3808.11 time, 980.02 real, 145 MB
[runlim] sample:		3818.11 time, 990.02 real, 145 MB
[runlim] sample:		3828.11 time, 1000.02 real, 145 MB
[runlim] sample:		3838.11 time, 1010.02 real, 145 MB
[runlim] sample:		3848.12 time, 1020.02 real, 145 MB
[runlim] sample:		3858.11 time, 1030.02 real, 145 MB
[runlim] sample:		3868.11 time, 1040.02 real, 145 MB
[runlim] sample:		3878.11 time, 1050.02 real, 145 MB
[runlim] sample:		3888.11 time, 1060.02 real, 145 MB
[runlim] sample:		3898.11 time, 1070.02 real, 145 MB
[runlim] sample:		3908.12 time, 1080.02 real, 145 MB
[runlim] sample:		3918.11 time, 1090.02 real, 145 MB
[runlim] sample:		3928.11 time, 1100.02 real, 145 MB
[runlim] sample:		3938.11 time, 1110.02 real, 145 MB
[runlim] sample:		3948.11 time, 1120.02 real, 145 MB
[runlim] sample:		3958.12 time, 1130.02 real, 145 MB
[runlim] sample:		3968.12 time, 1140.02 real, 145 MB
[runlim] sample:		3978.12 time, 1150.02 real, 145 MB
[runlim] sample:		3988.11 time, 1160.02 real, 145 MB
[runlim] sample:		3998.11 time, 1170.02 real, 145 MB
[runlim] sample:		4008.11 time, 1180.02 real, 145 MB
[runlim] sample:		4018.11 time, 1190.02 real, 145 MB
[runlim] sample:		4028.11 time, 1200.02 real, 145 MB
[runlim] sample:		4038.11 time, 1210.02 real, 145 MB
[runlim] sample:		4048.11 time, 1220.02 real, 145 MB
[runlim] sample:		4058.11 time, 1230.02 real, 145 MB
[runlim] sample:		4068.11 time, 1240.02 real, 145 MB
[runlim] sample:		4078.11 time, 1250.02 real, 145 MB
[runlim] sample:		4088.11 time, 1260.02 real, 145 MB
[runlim] sample:		4098.11 time, 1270.02 real, 145 MB
[runlim] sample:		4108.11 time, 1280.02 real, 145 MB
[runlim] sample:		4118.11 time, 1290.02 real, 145 MB
[runlim] sample:		4128.11 time, 1300.02 real, 145 MB
[runlim] sample:		4138.11 time, 1310.02 real, 145 MB
[runlim] sample:		4148.11 time, 1320.02 real, 145 MB
[runlim] sample:		4158.11 time, 1330.02 real, 145 MB
[runlim] sample:		4168.11 time, 1340.02 real, 145 MB
[runlim] sample:		4178.11 time, 1350.02 real, 145 MB
[runlim] sample:		4188.11 time, 1360.02 real, 145 MB
[runlim] sample:		4198.11 time, 1370.02 real, 145 MB
[runlim] sample:		4208.11 time, 1380.02 real, 145 MB
[runlim] sample:		4218.11 time, 1390.02 real, 145 MB
[runlim] sample:		4228.11 time, 1400.02 real, 145 MB
[runlim] sample:		4238.11 time, 1410.02 real, 145 MB
[runlim] sample:		4248.11 time, 1420.02 real, 145 MB
[runlim] sample:		4258.11 time, 1430.02 real, 145 MB
[runlim] sample:		4268.11 time, 1440.02 real, 145 MB
[runlim] sample:		4278.11 time, 1450.02 real, 145 MB
[runlim] sample:		4288.11 time, 1460.02 real, 145 MB
[runlim] sample:		4298.11 time, 1470.02 real, 145 MB
[runlim] sample:		4308.11 time, 1480.02 real, 145 MB
[runlim] sample:		4318.11 time, 1490.02 real, 145 MB
[runlim] sample:		4328.11 time, 1500.02 real, 145 MB
[runlim] sample:		4338.11 time, 1510.02 real, 145 MB
[runlim] sample:		4348.11 time, 1520.02 real, 145 MB
[runlim] sample:		4358.11 time, 1530.02 real, 145 MB
[runlim] sample:		4368.11 time, 1540.02 real, 145 MB
[runlim] sample:		4378.11 time, 1550.02 real, 145 MB
[runlim] sample:		4388.11 time, 1560.02 real, 145 MB
[runlim] sample:		4398.11 time, 1570.02 real, 145 MB
[runlim] sample:		4408.11 time, 1580.02 real, 145 MB
[runlim] sample:		4418.11 time, 1590.02 real, 145 MB
[runlim] sample:		4428.11 time, 1600.02 real, 145 MB
[runlim] sample:		4438.11 time, 1610.02 real, 145 MB
[runlim] sample:		4448.10 time, 1620.02 real, 145 MB
[runlim] sample:		4458.11 time, 1630.02 real, 145 MB
[runlim] sample:		4468.11 time, 1640.02 real, 145 MB
[runlim] sample:		4478.11 time, 1650.02 real, 145 MB
[runlim] sample:		4488.11 time, 1660.02 real, 145 MB
[runlim] sample:		4498.11 time, 1670.02 real, 145 MB
[runlim] sample:		4508.10 time, 1680.02 real, 145 MB
[runlim] sample:		4518.11 time, 1690.02 real, 145 MB
[runlim] sample:		4528.11 time, 1700.02 real, 145 MB
[runlim] sample:		4538.11 time, 1710.02 real, 145 MB
[runlim] sample:		4548.11 time, 1720.02 real, 145 MB
[runlim] sample:		4558.11 time, 1730.02 real, 145 MB
[runlim] sample:		4568.11 time, 1740.02 real, 145 MB
[runlim] sample:		4578.11 time, 1750.02 real, 145 MB
[runlim] sample:		4588.11 time, 1760.02 real, 145 MB
[runlim] sample:		4598.11 time, 1770.02 real, 145 MB
[runlim] sample:		4608.11 time, 1780.02 real, 145 MB
[runlim] sample:		4618.11 time, 1790.02 real, 145 MB
[runlim] sample:		4628.11 time, 1800.02 real, 145 MB
[runlim] sample:		4638.11 time, 1810.02 real, 145 MB
[runlim] sample:		4648.10 time, 1820.02 real, 145 MB
[runlim] sample:		4658.11 time, 1830.02 real, 145 MB
[runlim] sample:		4668.11 time, 1840.02 real, 145 MB
[runlim] sample:		4678.11 time, 1850.02 real, 145 MB
[runlim] sample:		4688.10 time, 1860.02 real, 145 MB
[runlim] sample:		4698.11 time, 1870.02 real, 145 MB
[runlim] sample:		4708.11 time, 1880.02 real, 145 MB
[runlim] sample:		4718.11 time, 1890.02 real, 145 MB
[runlim] sample:		4728.11 time, 1900.02 real, 145 MB
[runlim] sample:		4738.11 time, 1910.02 real, 145 MB
[runlim] sample:		4748.10 time, 1920.02 real, 145 MB
[runlim] sample:		4758.11 time, 1930.02 real, 145 MB
[runlim] sample:		4768.10 time, 1940.02 real, 145 MB
[runlim] sample:		4778.11 time, 1950.02 real, 145 MB
[runlim] sample:		4788.10 time, 1960.02 real, 145 MB
[runlim] sample:		4798.11 time, 1970.02 real, 145 MB
[runlim] sample:		4808.11 time, 1980.02 real, 145 MB
[runlim] sample:		4818.11 time, 1990.02 real, 145 MB
[runlim] sample:		4828.10 time, 2000.02 real, 145 MB
[runlim] sample:		4838.11 time, 2010.02 real, 145 MB
[runlim] sample:		4848.11 time, 2020.02 real, 145 MB
[runlim] sample:		4858.11 time, 2030.02 real, 145 MB
[runlim] sample:		4868.10 time, 2040.02 real, 145 MB
[runlim] sample:		4878.11 time, 2050.02 real, 145 MB
[runlim] sample:		4888.10 time, 2060.02 real, 145 MB
[runlim] sample:		4898.11 time, 2070.02 real, 145 MB
[runlim] sample:		4908.11 time, 2080.02 real, 145 MB
[runlim] sample:		4918.11 time, 2090.02 real, 145 MB
[runlim] sample:		4928.11 time, 2100.02 real, 145 MB
[runlim] sample:		4938.11 time, 2110.02 real, 145 MB
[runlim] sample:		4948.11 time, 2120.02 real, 145 MB
[runlim] sample:		4958.10 time, 2130.02 real, 145 MB
[runlim] sample:		4968.11 time, 2140.02 real, 145 MB
[runlim] sample:		4978.11 time, 2150.02 real, 145 MB
[runlim] sample:		4988.10 time, 2160.02 real, 145 MB
[runlim] sample:		4998.11 time, 2170.02 real, 145 MB
[runlim] sample:		5008.11 time, 2180.02 real, 145 MB
[runlim] sample:		5018.11 time, 2190.02 real, 145 MB
[runlim] sample:		5028.10 time, 2200.02 real, 145 MB
[runlim] sample:		5038.11 time, 2210.02 real, 145 MB
[runlim] sample:		5048.10 time, 2220.02 real, 145 MB
[runlim] sample:		5058.11 time, 2230.02 real, 145 MB
[runlim] sample:		5068.11 time, 2240.02 real, 145 MB
[runlim] sample:		5078.10 time, 2250.02 real, 145 MB
[runlim] sample:		5088.11 time, 2260.02 real, 145 MB
[runlim] sample:		5098.11 time, 2270.02 real, 145 MB
[runlim] sample:		5108.10 time, 2280.02 real, 145 MB
[runlim] sample:		5118.11 time, 2290.02 real, 145 MB
[runlim] sample:		5128.10 time, 2300.02 real, 145 MB
[runlim] sample:		5138.11 time, 2310.02 real, 145 MB
[runlim] sample:		5148.10 time, 2320.02 real, 145 MB
[runlim] sample:		5158.10 time, 2330.02 real, 145 MB
[runlim] sample:		5168.11 time, 2340.02 real, 145 MB
[runlim] sample:		5178.10 time, 2350.02 real, 145 MB
[runlim] sample:		5188.10 time, 2360.02 real, 145 MB
[runlim] sample:		5198.10 time, 2370.02 real, 145 MB
[runlim] sample:		5208.11 time, 2380.02 real, 145 MB
[runlim] sample:		5218.10 time, 2390.02 real, 145 MB
[runlim] sample:		5228.10 time, 2400.02 real, 145 MB
[runlim] sample:		5238.11 time, 2410.02 real, 145 MB
[runlim] sample:		5248.11 time, 2420.02 real, 145 MB
[runlim] sample:		5258.10 time, 2430.02 real, 145 MB
[runlim] sample:		5268.10 time, 2440.02 real, 145 MB
[runlim] sample:		5278.10 time, 2450.02 real, 145 MB
[runlim] sample:		5288.11 time, 2460.02 real, 145 MB
[runlim] sample:		5298.10 time, 2470.02 real, 145 MB
[runlim] sample:		5308.11 time, 2480.02 real, 145 MB
[runlim] sample:		5318.11 time, 2490.02 real, 145 MB
[runlim] sample:		5328.11 time, 2500.02 real, 145 MB
[runlim] sample:		5338.10 time, 2510.02 real, 145 MB
[runlim] sample:		5348.10 time, 2520.02 real, 145 MB
[runlim] sample:		5358.11 time, 2530.02 real, 145 MB
[runlim] sample:		5368.11 time, 2540.02 real, 145 MB
[runlim] sample:		5378.10 time, 2550.02 real, 145 MB
[runlim] sample:		5388.10 time, 2560.02 real, 145 MB
[runlim] sample:		5398.11 time, 2570.02 real, 145 MB
[runlim] sample:		5408.10 time, 2580.02 real, 145 MB
[runlim] sample:		5418.10 time, 2590.02 real, 145 MB
[runlim] sample:		5428.10 time, 2600.02 real, 145 MB
[runlim] sample:		5438.10 time, 2610.02 real, 145 MB
[runlim] sample:		5448.10 time, 2620.02 real, 145 MB
[runlim] sample:		5458.11 time, 2630.02 real, 145 MB
[runlim] sample:		5468.10 time, 2640.02 real, 145 MB
[runlim] sample:		5478.11 time, 2650.02 real, 145 MB
[runlim] sample:		5488.10 time, 2660.02 real, 145 MB
[runlim] sample:		5498.10 time, 2670.02 real, 145 MB
[runlim] sample:		5508.11 time, 2680.02 real, 145 MB
[runlim] sample:		5518.10 time, 2690.02 real, 145 MB
[runlim] sample:		5528.11 time, 2700.02 real, 145 MB
[runlim] sample:		5538.11 time, 2710.02 real, 145 MB
[runlim] sample:		5548.10 time, 2720.02 real, 145 MB
[runlim] sample:		5558.10 time, 2730.02 real, 145 MB
[runlim] sample:		5568.10 time, 2740.02 real, 145 MB
[runlim] sample:		5578.10 time, 2750.02 real, 145 MB
[runlim] sample:		5588.11 time, 2760.02 real, 145 MB
[runlim] sample:		5598.10 time, 2770.02 real, 145 MB
[runlim] sample:		5608.11 time, 2780.02 real, 145 MB
[runlim] sample:		5618.10 time, 2790.02 real, 145 MB
[runlim] sample:		5628.10 time, 2800.02 real, 145 MB
[runlim] sample:		5638.11 time, 2810.02 real, 145 MB
[runlim] sample:		5648.10 time, 2820.02 real, 145 MB
[runlim] sample:		5658.10 time, 2830.02 real, 145 MB
[runlim] sample:		5668.10 time, 2840.02 real, 145 MB
[runlim] sample:		5678.10 time, 2850.02 real, 145 MB
[runlim] sample:		5688.10 time, 2860.02 real, 145 MB
[runlim] sample:		5698.10 time, 2870.02 real, 145 MB
[runlim] sample:		5708.10 time, 2880.02 real, 145 MB
[runlim] sample:		5718.10 time, 2890.02 real, 145 MB
[runlim] sample:		5728.10 time, 2900.02 real, 145 MB
[runlim] sample:		5738.10 time, 2910.02 real, 145 MB
[runlim] sample:		5748.10 time, 2920.02 real, 145 MB
[runlim] sample:		5758.10 time, 2930.02 real, 145 MB
[runlim] sample:		5768.10 time, 2940.02 real, 145 MB
[runlim] sample:		5778.10 time, 2950.02 real, 145 MB
[runlim] sample:		5788.10 time, 2960.02 real, 145 MB
[runlim] sample:		5798.10 time, 2970.02 real, 145 MB
[runlim] sample:		5808.10 time, 2980.02 real, 145 MB
[runlim] sample:		5818.10 time, 2990.02 real, 145 MB
[runlim] sample:		5828.10 time, 3000.02 real, 145 MB
[runlim] sample:		5838.10 time, 3010.02 real, 145 MB
[runlim] sample:		5848.10 time, 3020.02 real, 145 MB
[runlim] sample:		5858.10 time, 3030.02 real, 145 MB
[runlim] sample:		5868.10 time, 3040.02 real, 145 MB
[runlim] sample:		5878.10 time, 3050.02 real, 145 MB
[runlim] sample:		5888.10 time, 3060.02 real, 145 MB
[runlim] sample:		5898.10 time, 3070.02 real, 145 MB
[runlim] sample:		5908.10 time, 3080.02 real, 145 MB
[runlim] sample:		5918.10 time, 3090.02 real, 145 MB
[runlim] sample:		5928.10 time, 3100.02 real, 145 MB
[runlim] sample:		5938.10 time, 3110.02 real, 145 MB
[runlim] sample:		5948.10 time, 3120.02 real, 145 MB
[runlim] sample:		5958.10 time, 3130.02 real, 145 MB
[runlim] sample:		5968.10 time, 3140.02 real, 145 MB
[runlim] sample:		5978.10 time, 3150.02 real, 145 MB
[runlim] sample:		5988.10 time, 3160.02 real, 145 MB
[runlim] sample:		5998.10 time, 3170.02 real, 145 MB
[runlim] sample:		6008.10 time, 3180.02 real, 145 MB
[runlim] sample:		6018.10 time, 3190.02 real, 145 MB
[runlim] sample:		6028.10 time, 3200.02 real, 145 MB
[runlim] sample:		6038.10 time, 3210.02 real, 145 MB
[runlim] sample:		6048.10 time, 3220.02 real, 145 MB
[runlim] sample:		6058.10 time, 3230.02 real, 145 MB
[runlim] sample:		6068.10 time, 3240.02 real, 145 MB
[runlim] sample:		6078.10 time, 3250.02 real, 145 MB
[runlim] sample:		6088.10 time, 3260.02 real, 145 MB
[runlim] sample:		6098.10 time, 3270.02 real, 145 MB
[runlim] sample:		6108.10 time, 3280.02 real, 145 MB
[runlim] sample:		6118.10 time, 3290.02 real, 145 MB
[runlim] sample:		6128.10 time, 3300.02 real, 145 MB
[runlim] sample:		6138.10 time, 3310.02 real, 145 MB
[runlim] sample:		6148.10 time, 3320.02 real, 145 MB
[runlim] sample:		6158.09 time, 3330.02 real, 145 MB
[runlim] sample:		6168.10 time, 3340.02 real, 145 MB
[runlim] sample:		6178.09 time, 3350.02 real, 145 MB
[runlim] sample:		6188.09 time, 3360.02 real, 145 MB
[runlim] sample:		6198.10 time, 3370.02 real, 145 MB
[runlim] sample:		6208.10 time, 3380.02 real, 145 MB
[runlim] sample:		6218.10 time, 3390.02 real, 145 MB
[runlim] sample:		6228.10 time, 3400.02 real, 145 MB
[runlim] sample:		6238.10 time, 3410.02 real, 145 MB
[runlim] sample:		6248.10 time, 3420.02 real, 145 MB
[runlim] sample:		6258.10 time, 3430.02 real, 145 MB
[runlim] sample:		6268.10 time, 3440.02 real, 145 MB
[runlim] sample:		6278.10 time, 3450.02 real, 145 MB
[runlim] sample:		6288.10 time, 3460.02 real, 145 MB
[runlim] sample:		6298.10 time, 3470.02 real, 145 MB
[runlim] sample:		6308.10 time, 3480.02 real, 145 MB
[runlim] sample:		6318.10 time, 3490.02 real, 145 MB
[runlim] sample:		6328.09 time, 3500.02 real, 145 MB
[runlim] sample:		6338.10 time, 3510.02 real, 145 MB
[runlim] sample:		6348.10 time, 3520.02 real, 145 MB
[runlim] sample:		6358.09 time, 3530.02 real, 145 MB
[runlim] sample:		6368.10 time, 3540.02 real, 145 MB
[runlim] sample:		6378.10 time, 3550.02 real, 145 MB
[runlim] sample:		6388.10 time, 3560.02 real, 145 MB
[runlim] sample:		6398.09 time, 3570.02 real, 145 MB
[runlim] sample:		6408.10 time, 3580.02 real, 145 MB
[runlim] sample:		6418.10 time, 3590.02 real, 145 MB
[runlim] sample:		6428.10 time, 3600.02 real, 145 MB
[runlim] end:			Thu Oct 17 01:32:51 2019
[runlim] status:		out of time
[runlim] result:		2
[runlim] children:		49
[runlim] real:			3600.13 seconds
[runlim] time:			6428.10 seconds
[runlim] space:			442 MB
[runlim] samples:		36000
