[runlim] version:		1.17
[runlim] host:			c3n20
[runlim] time limit:		311040000 seconds
[runlim] real time limit:	3600 seconds
[runlim] space limit:		120000 MB
[runlim] argv[0]:		./run.sh
[runlim] argv[1]:		/tmp/vuGlXAjk.aig
[runlim] start:			Thu Oct 17 00:32:54 2019
[runlim] child:			24807
[runlim] sample:		25.36 time, 10.02 real, 252 MB
[runlim] sample:		45.35 time, 20.02 real, 253 MB
[runlim] sample:		65.29 time, 30.02 real, 323 MB
[runlim] sample:		86.82 time, 40.02 real, 356 MB
[runlim] sample:		254.23 time, 50.02 real, 354 MB
[runlim] sample:		850.28 time, 60.02 real, 244 MB
[runlim] sample:		870.27 time, 70.02 real, 267 MB
[runlim] sample:		890.29 time, 80.02 real, 283 MB
[runlim] sample:		910.29 time, 90.02 real, 300 MB
[runlim] sample:		930.28 time, 100.02 real, 320 MB
[runlim] sample:		950.28 time, 110.02 real, 334 MB
[runlim] sample:		970.27 time, 120.02 real, 346 MB
[runlim] sample:		990.27 time, 130.02 real, 361 MB
[runlim] sample:		1010.28 time, 140.02 real, 375 MB
[runlim] sample:		1030.27 time, 150.02 real, 392 MB
[runlim] sample:		1050.27 time, 160.02 real, 403 MB
[runlim] sample:		1070.27 time, 170.02 real, 411 MB
[runlim] sample:		1090.28 time, 180.02 real, 420 MB
[runlim] sample:		1110.28 time, 190.02 real, 432 MB
[runlim] sample:		1130.27 time, 200.02 real, 448 MB
[runlim] sample:		2816.23 time, 210.02 real, 164 MB
[runlim] sample:		2826.23 time, 220.02 real, 164 MB
[runlim] sample:		2836.23 time, 230.02 real, 164 MB
[runlim] sample:		2846.23 time, 240.02 real, 164 MB
[runlim] sample:		2856.23 time, 250.02 real, 164 MB
[runlim] sample:		2866.23 time, 260.02 real, 164 MB
[runlim] sample:		2876.47 time, 270.02 real, 243 MB
[runlim] sample:		3666.94 time, 280.02 real, 157 MB
[runlim] sample:		3676.94 time, 290.02 real, 157 MB
[runlim] sample:		3686.94 time, 300.02 real, 157 MB
[runlim] sample:		3696.94 time, 310.02 real, 157 MB
[runlim] sample:		3706.94 time, 320.02 real, 157 MB
[runlim] sample:		3716.94 time, 330.02 real, 157 MB
[runlim] sample:		3726.94 time, 340.02 real, 157 MB
[runlim] sample:		3736.94 time, 350.02 real, 157 MB
[runlim] sample:		3746.94 time, 360.02 real, 148 MB
[runlim] sample:		3756.94 time, 370.02 real, 148 MB
[runlim] sample:		3766.94 time, 380.02 real, 148 MB
[runlim] sample:		3776.94 time, 390.02 real, 148 MB
[runlim] sample:		3786.93 time, 400.02 real, 148 MB
[runlim] sample:		3796.94 time, 410.02 real, 148 MB
[runlim] sample:		3806.94 time, 420.02 real, 148 MB
[runlim] sample:		3816.94 time, 430.02 real, 148 MB
[runlim] sample:		3826.94 time, 440.02 real, 148 MB
[runlim] sample:		3836.94 time, 450.02 real, 148 MB
[runlim] sample:		3846.94 time, 460.02 real, 148 MB
[runlim] sample:		3856.94 time, 470.02 real, 148 MB
[runlim] sample:		3866.94 time, 480.02 real, 148 MB
[runlim] sample:		3876.94 time, 490.02 real, 148 MB
[runlim] sample:		3886.94 time, 500.02 real, 148 MB
[runlim] sample:		3896.94 time, 510.02 real, 148 MB
[runlim] sample:		3906.94 time, 520.02 real, 148 MB
[runlim] sample:		3916.94 time, 530.02 real, 148 MB
[runlim] sample:		3926.94 time, 540.02 real, 148 MB
[runlim] sample:		3936.93 time, 550.02 real, 148 MB
[runlim] sample:		3946.93 time, 560.02 real, 148 MB
[runlim] sample:		3956.93 time, 570.02 real, 148 MB
[runlim] sample:		3966.93 time, 580.02 real, 148 MB
[runlim] sample:		3976.93 time, 590.02 real, 148 MB
[runlim] sample:		3986.93 time, 600.02 real, 148 MB
[runlim] sample:		3996.94 time, 610.02 real, 148 MB
[runlim] sample:		4006.93 time, 620.02 real, 148 MB
[runlim] sample:		4016.94 time, 630.02 real, 148 MB
[runlim] sample:		4026.94 time, 640.02 real, 148 MB
[runlim] sample:		4036.94 time, 650.02 real, 148 MB
[runlim] sample:		4046.93 time, 660.02 real, 148 MB
[runlim] sample:		4056.94 time, 670.02 real, 148 MB
[runlim] sample:		4066.94 time, 680.02 real, 148 MB
[runlim] sample:		4076.94 time, 690.02 real, 148 MB
[runlim] sample:		4086.93 time, 700.02 real, 148 MB
[runlim] sample:		4096.94 time, 710.02 real, 148 MB
[runlim] sample:		4106.94 time, 720.02 real, 148 MB
[runlim] sample:		4116.93 time, 730.02 real, 148 MB
[runlim] sample:		4126.93 time, 740.02 real, 148 MB
[runlim] sample:		4136.93 time, 750.02 real, 148 MB
[runlim] sample:		4146.94 time, 760.02 real, 148 MB
[runlim] sample:		4156.94 time, 770.02 real, 148 MB
[runlim] sample:		4166.94 time, 780.02 real, 148 MB
[runlim] sample:		4176.93 time, 790.02 real, 148 MB
[runlim] sample:		4186.93 time, 800.02 real, 148 MB
[runlim] sample:		4196.94 time, 810.02 real, 148 MB
[runlim] sample:		4206.94 time, 820.02 real, 148 MB
[runlim] sample:		4216.93 time, 830.02 real, 148 MB
[runlim] sample:		4226.94 time, 840.02 real, 148 MB
[runlim] sample:		4236.93 time, 850.02 real, 148 MB
[runlim] sample:		4246.93 time, 860.02 real, 148 MB
[runlim] sample:		4256.93 time, 870.02 real, 148 MB
[runlim] sample:		4266.94 time, 880.02 real, 148 MB
[runlim] sample:		4276.93 time, 890.02 real, 148 MB
[runlim] sample:		4286.94 time, 900.02 real, 148 MB
[runlim] sample:		4296.94 time, 910.02 real, 148 MB
[runlim] sample:		4306.94 time, 920.02 real, 148 MB
[runlim] sample:		4316.93 time, 930.02 real, 148 MB
[runlim] sample:		4326.93 time, 940.02 real, 148 MB
[runlim] sample:		4336.93 time, 950.02 real, 148 MB
[runlim] sample:		4346.93 time, 960.02 real, 148 MB
[runlim] sample:		4356.93 time, 970.02 real, 148 MB
[runlim] sample:		4366.93 time, 980.02 real, 148 MB
[runlim] sample:		4376.93 time, 990.02 real, 148 MB
[runlim] sample:		4386.94 time, 1000.02 real, 148 MB
[runlim] sample:		4396.94 time, 1010.02 real, 148 MB
[runlim] sample:		4406.93 time, 1020.02 real, 148 MB
[runlim] sample:		4416.94 time, 1030.02 real, 148 MB
[runlim] sample:		4426.94 time, 1040.02 real, 148 MB
[runlim] sample:		4436.94 time, 1050.02 real, 148 MB
[runlim] sample:		4446.93 time, 1060.02 real, 148 MB
[runlim] sample:		4456.94 time, 1070.02 real, 148 MB
[runlim] sample:		4466.94 time, 1080.02 real, 148 MB
[runlim] sample:		4476.93 time, 1090.02 real, 148 MB
[runlim] sample:		4486.93 time, 1100.02 real, 148 MB
[runlim] sample:		4496.93 time, 1110.02 real, 148 MB
[runlim] sample:		4506.93 time, 1120.02 real, 148 MB
[runlim] sample:		4516.93 time, 1130.02 real, 148 MB
[runlim] sample:		4526.94 time, 1140.02 real, 148 MB
[runlim] sample:		4536.93 time, 1150.02 real, 148 MB
[runlim] sample:		4546.94 time, 1160.02 real, 148 MB
[runlim] sample:		4556.94 time, 1170.02 real, 148 MB
[runlim] sample:		4566.93 time, 1180.02 real, 148 MB
[runlim] sample:		4576.93 time, 1190.02 real, 148 MB
[runlim] sample:		4586.93 time, 1200.02 real, 148 MB
[runlim] sample:		4596.93 time, 1210.02 real, 148 MB
[runlim] sample:		4606.93 time, 1220.02 real, 148 MB
[runlim] sample:		4616.94 time, 1230.02 real, 148 MB
[runlim] sample:		4626.94 time, 1240.02 real, 148 MB
[runlim] sample:		4636.93 time, 1250.02 real, 148 MB
[runlim] sample:		4646.94 time, 1260.02 real, 148 MB
[runlim] sample:		4656.93 time, 1270.02 real, 148 MB
[runlim] sample:		4666.93 time, 1280.02 real, 148 MB
[runlim] sample:		4676.93 time, 1290.02 real, 148 MB
[runlim] sample:		4686.92 time, 1300.02 real, 148 MB
[runlim] sample:		4696.93 time, 1310.02 real, 148 MB
[runlim] sample:		4706.93 time, 1320.02 real, 148 MB
[runlim] sample:		4716.93 time, 1330.02 real, 148 MB
[runlim] sample:		4726.92 time, 1340.02 real, 148 MB
[runlim] sample:		4736.93 time, 1350.02 real, 148 MB
[runlim] sample:		4746.92 time, 1360.02 real, 148 MB
[runlim] sample:		4756.92 time, 1370.02 real, 148 MB
[runlim] sample:		4766.93 time, 1380.02 real, 148 MB
[runlim] sample:		4776.93 time, 1390.02 real, 148 MB
[runlim] sample:		4786.92 time, 1400.02 real, 148 MB
[runlim] sample:		4796.92 time, 1410.02 real, 148 MB
[runlim] sample:		4806.93 time, 1420.02 real, 148 MB
[runlim] sample:		4816.92 time, 1430.02 real, 148 MB
[runlim] sample:		4826.92 time, 1440.02 real, 148 MB
[runlim] sample:		4836.92 time, 1450.02 real, 148 MB
[runlim] sample:		4846.92 time, 1460.02 real, 148 MB
[runlim] sample:		4856.92 time, 1470.02 real, 148 MB
[runlim] sample:		4866.91 time, 1480.02 real, 148 MB
[runlim] sample:		4876.91 time, 1490.02 real, 148 MB
[runlim] sample:		4886.91 time, 1500.02 real, 148 MB
[runlim] sample:		4896.91 time, 1510.02 real, 148 MB
[runlim] sample:		4906.91 time, 1520.02 real, 148 MB
[runlim] sample:		4916.91 time, 1530.02 real, 148 MB
[runlim] sample:		4926.92 time, 1540.02 real, 148 MB
[runlim] sample:		4936.91 time, 1550.02 real, 148 MB
[runlim] sample:		4946.91 time, 1560.02 real, 148 MB
[runlim] sample:		4956.91 time, 1570.02 real, 148 MB
[runlim] sample:		4966.91 time, 1580.02 real, 148 MB
[runlim] sample:		4976.91 time, 1590.02 real, 148 MB
[runlim] sample:		4986.90 time, 1600.02 real, 148 MB
[runlim] sample:		4996.91 time, 1610.02 real, 148 MB
[runlim] sample:		5006.90 time, 1620.02 real, 148 MB
[runlim] sample:		5016.91 time, 1630.02 real, 148 MB
[runlim] sample:		5026.90 time, 1640.02 real, 148 MB
[runlim] sample:		5036.90 time, 1650.02 real, 148 MB
[runlim] sample:		5046.91 time, 1660.02 real, 148 MB
[runlim] sample:		5056.90 time, 1670.02 real, 148 MB
[runlim] sample:		5066.91 time, 1680.02 real, 148 MB
[runlim] sample:		5076.90 time, 1690.02 real, 148 MB
[runlim] sample:		5086.90 time, 1700.02 real, 148 MB
[runlim] sample:		5096.90 time, 1710.02 real, 148 MB
[runlim] sample:		5106.90 time, 1720.02 real, 148 MB
[runlim] sample:		5116.90 time, 1730.02 real, 148 MB
[runlim] sample:		5126.90 time, 1740.02 real, 148 MB
[runlim] sample:		5136.89 time, 1750.02 real, 148 MB
[runlim] sample:		5146.90 time, 1760.02 real, 148 MB
[runlim] sample:		5156.90 time, 1770.02 real, 148 MB
[runlim] sample:		5166.90 time, 1780.02 real, 148 MB
[runlim] sample:		5176.90 time, 1790.02 real, 148 MB
[runlim] sample:		5186.89 time, 1800.02 real, 148 MB
[runlim] sample:		5196.90 time, 1810.02 real, 148 MB
[runlim] sample:		5206.89 time, 1820.02 real, 148 MB
[runlim] sample:		5216.89 time, 1830.02 real, 148 MB
[runlim] sample:		5226.89 time, 1840.02 real, 148 MB
[runlim] sample:		5236.88 time, 1850.02 real, 148 MB
[runlim] sample:		5246.89 time, 1860.02 real, 148 MB
[runlim] sample:		5256.89 time, 1870.02 real, 148 MB
[runlim] sample:		5266.89 time, 1880.02 real, 148 MB
[runlim] sample:		5276.89 time, 1890.02 real, 148 MB
[runlim] sample:		5286.88 time, 1900.02 real, 148 MB
[runlim] sample:		5296.89 time, 1910.02 real, 148 MB
[runlim] sample:		5306.89 time, 1920.02 real, 148 MB
[runlim] sample:		5316.88 time, 1930.02 real, 148 MB
[runlim] sample:		5326.89 time, 1940.02 real, 148 MB
[runlim] sample:		5336.88 time, 1950.02 real, 148 MB
[runlim] sample:		5346.88 time, 1960.02 real, 148 MB
[runlim] sample:		5356.88 time, 1970.02 real, 148 MB
[runlim] sample:		5366.88 time, 1980.02 real, 148 MB
[runlim] sample:		5376.88 time, 1990.02 real, 148 MB
[runlim] sample:		5386.87 time, 2000.02 real, 148 MB
[runlim] sample:		5396.87 time, 2010.02 real, 148 MB
[runlim] sample:		5406.88 time, 2020.02 real, 148 MB
[runlim] sample:		5416.88 time, 2030.02 real, 148 MB
[runlim] sample:		5426.87 time, 2040.02 real, 148 MB
[runlim] sample:		5436.87 time, 2050.02 real, 148 MB
[runlim] sample:		5446.87 time, 2060.02 real, 148 MB
[runlim] sample:		5456.87 time, 2070.02 real, 148 MB
[runlim] sample:		5466.87 time, 2080.02 real, 148 MB
[runlim] sample:		5476.87 time, 2090.02 real, 148 MB
[runlim] sample:		5486.87 time, 2100.02 real, 148 MB
[runlim] sample:		5496.87 time, 2110.02 real, 148 MB
[runlim] sample:		5506.87 time, 2120.02 real, 148 MB
[runlim] sample:		5516.87 time, 2130.02 real, 148 MB
[runlim] sample:		5526.87 time, 2140.02 real, 148 MB
[runlim] sample:		5536.87 time, 2150.02 real, 148 MB
[runlim] sample:		5546.87 time, 2160.02 real, 148 MB
[runlim] sample:		5556.86 time, 2170.02 real, 148 MB
[runlim] sample:		5566.86 time, 2180.02 real, 148 MB
[runlim] sample:		5576.86 time, 2190.02 real, 148 MB
[runlim] sample:		5586.86 time, 2200.02 real, 148 MB
[runlim] sample:		5596.86 time, 2210.02 real, 148 MB
[runlim] sample:		5606.86 time, 2220.02 real, 148 MB
[runlim] sample:		5616.86 time, 2230.02 real, 148 MB
[runlim] sample:		5626.86 time, 2240.02 real, 148 MB
[runlim] sample:		5636.86 time, 2250.02 real, 148 MB
[runlim] sample:		5646.86 time, 2260.02 real, 148 MB
[runlim] sample:		5656.85 time, 2270.02 real, 148 MB
[runlim] sample:		5666.86 time, 2280.02 real, 148 MB
[runlim] sample:		5676.85 time, 2290.02 real, 148 MB
[runlim] sample:		5686.85 time, 2300.02 real, 148 MB
[runlim] sample:		5696.85 time, 2310.02 real, 148 MB
[runlim] sample:		5706.85 time, 2320.02 real, 148 MB
[runlim] sample:		5716.85 time, 2330.02 real, 148 MB
[runlim] sample:		5726.85 time, 2340.02 real, 148 MB
[runlim] sample:		5736.85 time, 2350.02 real, 148 MB
[runlim] sample:		5746.85 time, 2360.02 real, 148 MB
[runlim] sample:		5756.85 time, 2370.02 real, 148 MB
[runlim] sample:		5766.85 time, 2380.02 real, 148 MB
[runlim] sample:		5776.85 time, 2390.02 real, 148 MB
[runlim] sample:		5786.84 time, 2400.02 real, 148 MB
[runlim] sample:		5796.85 time, 2410.02 real, 148 MB
[runlim] sample:		5806.84 time, 2420.02 real, 148 MB
[runlim] sample:		5816.85 time, 2430.02 real, 148 MB
[runlim] sample:		5826.84 time, 2440.02 real, 148 MB
[runlim] sample:		5836.84 time, 2450.02 real, 148 MB
[runlim] sample:		5846.85 time, 2460.02 real, 148 MB
[runlim] sample:		5856.84 time, 2470.02 real, 148 MB
[runlim] sample:		5866.84 time, 2480.02 real, 148 MB
[runlim] sample:		5876.84 time, 2490.02 real, 148 MB
[runlim] sample:		5886.84 time, 2500.02 real, 148 MB
[runlim] sample:		5896.84 time, 2510.02 real, 148 MB
[runlim] sample:		5906.84 time, 2520.02 real, 148 MB
[runlim] sample:		5916.84 time, 2530.02 real, 148 MB
[runlim] sample:		5926.85 time, 2540.02 real, 148 MB
[runlim] sample:		5936.84 time, 2550.02 real, 148 MB
[runlim] sample:		5946.84 time, 2560.02 real, 148 MB
[runlim] sample:		5956.84 time, 2570.02 real, 148 MB
[runlim] sample:		5966.84 time, 2580.02 real, 148 MB
[runlim] sample:		5976.84 time, 2590.02 real, 148 MB
[runlim] sample:		5986.84 time, 2600.02 real, 148 MB
[runlim] sample:		5996.84 time, 2610.02 real, 148 MB
[runlim] sample:		6006.84 time, 2620.02 real, 148 MB
[runlim] sample:		6016.84 time, 2630.02 real, 148 MB
[runlim] sample:		6026.84 time, 2640.02 real, 148 MB
[runlim] sample:		6036.84 time, 2650.02 real, 148 MB
[runlim] sample:		6046.84 time, 2660.02 real, 148 MB
[runlim] sample:		6056.84 time, 2670.02 real, 148 MB
[runlim] sample:		6066.84 time, 2680.02 real, 148 MB
[runlim] sample:		6076.83 time, 2690.02 real, 148 MB
[runlim] sample:		6086.83 time, 2700.02 real, 148 MB
[runlim] sample:		6096.83 time, 2710.02 real, 148 MB
[runlim] sample:		6106.83 time, 2720.02 real, 148 MB
[runlim] sample:		6116.83 time, 2730.02 real, 148 MB
[runlim] sample:		6126.83 time, 2740.02 real, 148 MB
[runlim] sample:		6136.83 time, 2750.02 real, 148 MB
[runlim] sample:		6146.83 time, 2760.02 real, 148 MB
[runlim] sample:		6156.82 time, 2770.02 real, 148 MB
[runlim] sample:		6166.83 time, 2780.02 real, 148 MB
[runlim] sample:		6176.82 time, 2790.02 real, 148 MB
[runlim] sample:		6186.82 time, 2800.02 real, 148 MB
[runlim] sample:		6196.83 time, 2810.02 real, 148 MB
[runlim] sample:		6206.82 time, 2820.02 real, 148 MB
[runlim] sample:		6216.83 time, 2830.02 real, 148 MB
[runlim] sample:		6226.82 time, 2840.02 real, 148 MB
[runlim] sample:		6236.82 time, 2850.02 real, 148 MB
[runlim] sample:		6246.82 time, 2860.02 real, 148 MB
[runlim] sample:		6256.82 time, 2870.02 real, 148 MB
[runlim] sample:		6266.82 time, 2880.02 real, 148 MB
[runlim] sample:		6276.82 time, 2890.02 real, 148 MB
[runlim] sample:		6286.82 time, 2900.02 real, 148 MB
[runlim] sample:		6296.82 time, 2910.02 real, 148 MB
[runlim] sample:		6306.82 time, 2920.02 real, 148 MB
[runlim] sample:		6316.81 time, 2930.02 real, 148 MB
[runlim] sample:		6326.82 time, 2940.02 real, 148 MB
[runlim] sample:		6336.82 time, 2950.02 real, 148 MB
[runlim] sample:		6346.82 time, 2960.02 real, 148 MB
[runlim] sample:		6356.81 time, 2970.02 real, 148 MB
[runlim] sample:		6366.81 time, 2980.02 real, 148 MB
[runlim] sample:		6376.81 time, 2990.02 real, 148 MB
[runlim] sample:		6386.81 time, 3000.02 real, 148 MB
[runlim] sample:		6396.81 time, 3010.02 real, 148 MB
[runlim] sample:		6406.81 time, 3020.02 real, 148 MB
[runlim] sample:		6416.81 time, 3030.02 real, 148 MB
[runlim] sample:		6426.80 time, 3040.02 real, 148 MB
[runlim] sample:		6436.81 time, 3050.02 real, 148 MB
[runlim] sample:		6446.80 time, 3060.02 real, 148 MB
[runlim] sample:		6456.80 time, 3070.02 real, 148 MB
[runlim] sample:		6466.81 time, 3080.02 real, 148 MB
[runlim] sample:		6476.80 time, 3090.02 real, 148 MB
[runlim] sample:		6486.81 time, 3100.02 real, 148 MB
[runlim] sample:		6496.80 time, 3110.02 real, 148 MB
[runlim] sample:		6506.80 time, 3120.02 real, 148 MB
[runlim] sample:		6516.80 time, 3130.02 real, 148 MB
[runlim] sample:		6526.80 time, 3140.02 real, 148 MB
[runlim] sample:		6536.80 time, 3150.02 real, 148 MB
[runlim] sample:		6546.80 time, 3160.02 real, 148 MB
[runlim] sample:		6556.80 time, 3170.02 real, 148 MB
[runlim] sample:		6566.80 time, 3180.02 real, 148 MB
[runlim] sample:		6576.80 time, 3190.02 real, 148 MB
[runlim] sample:		6586.79 time, 3200.02 real, 148 MB
[runlim] sample:		6596.79 time, 3210.02 real, 148 MB
[runlim] sample:		6606.80 time, 3220.02 real, 148 MB
[runlim] sample:		6616.79 time, 3230.02 real, 148 MB
[runlim] sample:		6626.80 time, 3240.02 real, 148 MB
[runlim] sample:		6636.80 time, 3250.02 real, 148 MB
[runlim] sample:		6646.79 time, 3260.02 real, 148 MB
[runlim] sample:		6656.79 time, 3270.02 real, 148 MB
[runlim] sample:		6666.79 time, 3280.02 real, 148 MB
[runlim] sample:		6676.79 time, 3290.02 real, 148 MB
[runlim] sample:		6686.79 time, 3300.02 real, 148 MB
[runlim] sample:		6696.79 time, 3310.02 real, 148 MB
[runlim] sample:		6706.79 time, 3320.02 real, 148 MB
[runlim] sample:		6716.79 time, 3330.02 real, 148 MB
[runlim] sample:		6726.79 time, 3340.02 real, 148 MB
[runlim] sample:		6736.79 time, 3350.02 real, 148 MB
[runlim] sample:		6746.79 time, 3360.02 real, 148 MB
[runlim] sample:		6756.79 time, 3370.02 real, 148 MB
[runlim] sample:		6766.79 time, 3380.02 real, 148 MB
[runlim] sample:		6776.79 time, 3390.02 real, 148 MB
[runlim] sample:		6786.78 time, 3400.02 real, 148 MB
[runlim] sample:		6796.79 time, 3410.02 real, 148 MB
[runlim] sample:		6806.79 time, 3420.02 real, 148 MB
[runlim] sample:		6816.79 time, 3430.02 real, 148 MB
[runlim] sample:		6826.79 time, 3440.02 real, 148 MB
[runlim] sample:		6836.79 time, 3450.02 real, 148 MB
[runlim] sample:		6846.79 time, 3460.02 real, 148 MB
[runlim] sample:		6856.79 time, 3470.02 real, 148 MB
[runlim] sample:		6866.79 time, 3480.02 real, 148 MB
[runlim] sample:		6876.79 time, 3490.02 real, 148 MB
[runlim] sample:		6886.79 time, 3500.02 real, 148 MB
[runlim] sample:		6896.78 time, 3510.02 real, 148 MB
[runlim] sample:		6906.79 time, 3520.02 real, 148 MB
[runlim] sample:		6916.79 time, 3530.02 real, 148 MB
[runlim] sample:		6926.79 time, 3540.02 real, 148 MB
[runlim] sample:		6936.78 time, 3550.02 real, 148 MB
[runlim] sample:		6946.79 time, 3560.02 real, 148 MB
[runlim] sample:		6956.79 time, 3570.02 real, 148 MB
[runlim] sample:		6966.78 time, 3580.02 real, 148 MB
[runlim] sample:		6976.79 time, 3590.02 real, 148 MB
[runlim] sample:		6986.78 time, 3600.02 real, 148 MB
[runlim] end:			Thu Oct 17 01:32:54 2019
[runlim] status:		out of time
[runlim] result:		2
[runlim] children:		52
[runlim] real:			3600.13 seconds
[runlim] time:			6986.78 seconds
[runlim] space:			497 MB
[runlim] samples:		36000
