[runlim] version:		1.17
[runlim] host:			c3n12
[runlim] time limit:		311040000 seconds
[runlim] real time limit:	3600 seconds
[runlim] space limit:		120000 MB
[runlim] argv[0]:		./run.sh
[runlim] argv[1]:		/tmp/rgW7y1SJ.aig
[runlim] start:			Thu Oct 17 00:43:55 2019
[runlim] child:			18645
[runlim] sample:		30.74 time, 10.02 real, 251 MB
[runlim] sample:		62.51 time, 20.02 real, 275 MB
[runlim] sample:		82.36 time, 30.02 real, 276 MB
[runlim] sample:		102.93 time, 40.02 real, 422 MB
[runlim] sample:		122.91 time, 50.02 real, 440 MB
[runlim] sample:		727.24 time, 60.02 real, 231 MB
[runlim] sample:		777.43 time, 70.02 real, 276 MB
[runlim] sample:		797.44 time, 80.02 real, 299 MB
[runlim] sample:		817.44 time, 90.02 real, 341 MB
[runlim] sample:		837.44 time, 100.02 real, 322 MB
[runlim] sample:		857.44 time, 110.02 real, 337 MB
[runlim] sample:		877.44 time, 120.02 real, 363 MB
[runlim] sample:		897.44 time, 130.02 real, 372 MB
[runlim] sample:		917.43 time, 140.02 real, 384 MB
[runlim] sample:		937.44 time, 150.02 real, 398 MB
[runlim] sample:		957.42 time, 160.02 real, 406 MB
[runlim] sample:		977.43 time, 170.02 real, 419 MB
[runlim] sample:		997.44 time, 180.02 real, 429 MB
[runlim] sample:		1017.43 time, 190.02 real, 439 MB
[runlim] sample:		1037.44 time, 200.02 real, 449 MB
[runlim] sample:		1057.43 time, 210.02 real, 464 MB
[runlim] sample:		1077.43 time, 220.02 real, 474 MB
[runlim] sample:		1097.44 time, 230.02 real, 482 MB
[runlim] sample:		1117.44 time, 240.02 real, 490 MB
[runlim] sample:		1137.44 time, 250.02 real, 498 MB
[runlim] sample:		1157.44 time, 260.02 real, 477 MB
[runlim] sample:		1177.42 time, 270.02 real, 494 MB
[runlim] sample:		1197.44 time, 280.02 real, 506 MB
[runlim] sample:		1217.43 time, 290.02 real, 515 MB
[runlim] sample:		1237.43 time, 300.02 real, 523 MB
[runlim] sample:		1257.44 time, 310.02 real, 353 MB
[runlim] sample:		1277.44 time, 320.02 real, 362 MB
[runlim] sample:		1297.43 time, 330.02 real, 371 MB
[runlim] sample:		1317.44 time, 340.02 real, 380 MB
[runlim] sample:		1337.43 time, 350.02 real, 392 MB
[runlim] sample:		1357.44 time, 360.02 real, 403 MB
[runlim] sample:		1377.44 time, 370.02 real, 412 MB
[runlim] sample:		1397.44 time, 380.02 real, 419 MB
[runlim] sample:		1417.44 time, 390.02 real, 427 MB
[runlim] sample:		1437.44 time, 400.02 real, 437 MB
[runlim] sample:		1457.44 time, 410.02 real, 445 MB
[runlim] sample:		1477.44 time, 420.02 real, 455 MB
[runlim] sample:		1497.44 time, 430.02 real, 463 MB
[runlim] sample:		1517.43 time, 440.02 real, 475 MB
[runlim] sample:		1537.44 time, 450.02 real, 483 MB
[runlim] sample:		1557.43 time, 460.02 real, 491 MB
[runlim] sample:		1577.44 time, 470.02 real, 498 MB
[runlim] sample:		1597.44 time, 480.02 real, 509 MB
[runlim] sample:		1617.44 time, 490.02 real, 518 MB
[runlim] sample:		1637.44 time, 500.02 real, 526 MB
[runlim] sample:		1657.44 time, 510.02 real, 533 MB
[runlim] sample:		1677.43 time, 520.02 real, 541 MB
[runlim] sample:		1697.43 time, 530.02 real, 549 MB
[runlim] sample:		1717.44 time, 540.02 real, 560 MB
[runlim] sample:		1737.44 time, 550.02 real, 567 MB
[runlim] sample:		1757.44 time, 560.02 real, 582 MB
[runlim] sample:		1777.45 time, 570.02 real, 600 MB
[runlim] sample:		1797.44 time, 580.02 real, 612 MB
[runlim] sample:		1817.45 time, 590.02 real, 621 MB
[runlim] sample:		1837.44 time, 600.02 real, 631 MB
[runlim] sample:		1857.44 time, 610.02 real, 641 MB
[runlim] sample:		1877.43 time, 620.02 real, 648 MB
[runlim] sample:		1897.44 time, 630.02 real, 662 MB
[runlim] sample:		1917.45 time, 640.02 real, 679 MB
[runlim] sample:		1937.44 time, 650.02 real, 699 MB
[runlim] sample:		1957.43 time, 660.02 real, 715 MB
[runlim] sample:		1977.44 time, 670.02 real, 728 MB
[runlim] sample:		1997.44 time, 680.02 real, 738 MB
[runlim] sample:		2017.44 time, 690.02 real, 748 MB
[runlim] sample:		2037.44 time, 700.02 real, 755 MB
[runlim] sample:		2057.44 time, 710.02 real, 769 MB
[runlim] sample:		2077.43 time, 720.02 real, 787 MB
[runlim] sample:		2097.45 time, 730.02 real, 805 MB
[runlim] sample:		2117.44 time, 740.02 real, 825 MB
[runlim] sample:		2137.44 time, 750.02 real, 842 MB
[runlim] sample:		2157.44 time, 760.02 real, 858 MB
[runlim] sample:		2177.45 time, 770.02 real, 874 MB
[runlim] sample:		2197.45 time, 780.02 real, 902 MB
[runlim] sample:		2217.45 time, 790.02 real, 554 MB
[runlim] sample:		2237.43 time, 800.02 real, 563 MB
[runlim] sample:		2257.44 time, 810.02 real, 575 MB
[runlim] sample:		2277.43 time, 820.02 real, 589 MB
[runlim] sample:		2297.44 time, 830.02 real, 575 MB
[runlim] sample:		2317.44 time, 840.02 real, 583 MB
[runlim] sample:		2337.43 time, 850.02 real, 591 MB
[runlim] sample:		2357.44 time, 860.02 real, 597 MB
[runlim] sample:		2377.44 time, 870.02 real, 605 MB
[runlim] sample:		2397.44 time, 880.02 real, 614 MB
[runlim] sample:		2417.43 time, 890.02 real, 622 MB
[runlim] sample:		2437.43 time, 900.02 real, 630 MB
[runlim] sample:		2457.43 time, 910.02 real, 639 MB
[runlim] sample:		2477.43 time, 920.02 real, 645 MB
[runlim] sample:		2497.44 time, 930.02 real, 652 MB
[runlim] sample:		2517.45 time, 940.02 real, 659 MB
[runlim] sample:		2537.44 time, 950.02 real, 667 MB
[runlim] sample:		2557.44 time, 960.02 real, 673 MB
[runlim] sample:		2577.43 time, 970.02 real, 680 MB
[runlim] sample:		2597.45 time, 980.02 real, 689 MB
[runlim] sample:		2617.43 time, 990.02 real, 696 MB
[runlim] sample:		2637.43 time, 1000.02 real, 703 MB
[runlim] sample:		2657.44 time, 1010.02 real, 711 MB
[runlim] sample:		2677.43 time, 1020.02 real, 720 MB
[runlim] sample:		2697.44 time, 1030.02 real, 728 MB
[runlim] sample:		2717.44 time, 1040.02 real, 735 MB
[runlim] sample:		2737.44 time, 1050.02 real, 744 MB
[runlim] sample:		5757.73 time, 1060.02 real, 753 MB
[runlim] sample:		7783.25 time, 1070.02 real, 117 MB
[runlim] sample:		7793.25 time, 1080.02 real, 117 MB
[runlim] sample:		7803.24 time, 1090.02 real, 117 MB
[runlim] sample:		7813.25 time, 1100.02 real, 117 MB
[runlim] sample:		8372.25 time, 1110.02 real, 114 MB
[runlim] sample:		8382.25 time, 1120.02 real, 114 MB
[runlim] sample:		8392.25 time, 1130.02 real, 114 MB
[runlim] sample:		8402.24 time, 1140.02 real, 111 MB
[runlim] sample:		8412.25 time, 1150.02 real, 111 MB
[runlim] sample:		8422.24 time, 1160.02 real, 111 MB
[runlim] sample:		8432.23 time, 1170.02 real, 122 MB
[runlim] sample:		8442.23 time, 1180.02 real, 122 MB
[runlim] sample:		8452.23 time, 1190.02 real, 122 MB
[runlim] sample:		8462.23 time, 1200.02 real, 122 MB
[runlim] sample:		8472.22 time, 1210.02 real, 122 MB
[runlim] sample:		8482.23 time, 1220.02 real, 122 MB
[runlim] sample:		8492.22 time, 1230.02 real, 122 MB
[runlim] sample:		8502.22 time, 1240.02 real, 122 MB
[runlim] sample:		8512.22 time, 1250.02 real, 122 MB
[runlim] sample:		8522.22 time, 1260.02 real, 122 MB
[runlim] sample:		8532.21 time, 1270.02 real, 122 MB
[runlim] sample:		8542.21 time, 1280.02 real, 122 MB
[runlim] sample:		8552.21 time, 1290.02 real, 122 MB
[runlim] sample:		8562.21 time, 1300.02 real, 122 MB
[runlim] sample:		8572.21 time, 1310.02 real, 122 MB
[runlim] sample:		8582.20 time, 1320.02 real, 122 MB
[runlim] sample:		8592.21 time, 1330.02 real, 122 MB
[runlim] sample:		8602.20 time, 1340.02 real, 122 MB
[runlim] sample:		8612.20 time, 1350.02 real, 122 MB
[runlim] sample:		8622.20 time, 1360.02 real, 122 MB
[runlim] sample:		8632.20 time, 1370.02 real, 122 MB
[runlim] sample:		8642.19 time, 1380.02 real, 122 MB
[runlim] sample:		8652.19 time, 1390.02 real, 122 MB
[runlim] sample:		8662.19 time, 1400.02 real, 122 MB
[runlim] sample:		8672.18 time, 1410.02 real, 122 MB
[runlim] sample:		8682.19 time, 1420.02 real, 122 MB
[runlim] sample:		8692.18 time, 1430.02 real, 122 MB
[runlim] sample:		8702.18 time, 1440.02 real, 122 MB
[runlim] sample:		8712.18 time, 1450.02 real, 122 MB
[runlim] sample:		8722.18 time, 1460.02 real, 122 MB
[runlim] sample:		8732.18 time, 1470.02 real, 122 MB
[runlim] sample:		8742.18 time, 1480.02 real, 122 MB
[runlim] sample:		8752.17 time, 1490.02 real, 122 MB
[runlim] sample:		8762.17 time, 1500.02 real, 122 MB
[runlim] sample:		8772.17 time, 1510.02 real, 122 MB
[runlim] sample:		8782.16 time, 1520.02 real, 122 MB
[runlim] sample:		8792.17 time, 1530.02 real, 122 MB
[runlim] sample:		8802.17 time, 1540.02 real, 122 MB
[runlim] sample:		8812.16 time, 1550.02 real, 122 MB
[runlim] sample:		8822.16 time, 1560.02 real, 122 MB
[runlim] sample:		8832.15 time, 1570.02 real, 122 MB
[runlim] sample:		8842.15 time, 1580.02 real, 122 MB
[runlim] sample:		8852.15 time, 1590.02 real, 122 MB
[runlim] sample:		8862.14 time, 1600.02 real, 122 MB
[runlim] sample:		8872.14 time, 1610.02 real, 122 MB
[runlim] sample:		8882.15 time, 1620.02 real, 122 MB
[runlim] sample:		8892.14 time, 1630.02 real, 122 MB
[runlim] sample:		8902.14 time, 1640.02 real, 122 MB
[runlim] sample:		8912.13 time, 1650.02 real, 122 MB
[runlim] sample:		8922.14 time, 1660.02 real, 122 MB
[runlim] sample:		8932.13 time, 1670.02 real, 122 MB
[runlim] sample:		8942.14 time, 1680.02 real, 122 MB
[runlim] sample:		8952.13 time, 1690.02 real, 122 MB
[runlim] sample:		8962.12 time, 1700.02 real, 122 MB
[runlim] sample:		8972.13 time, 1710.02 real, 122 MB
[runlim] sample:		8982.12 time, 1720.02 real, 122 MB
[runlim] sample:		8992.12 time, 1730.02 real, 122 MB
[runlim] sample:		9002.12 time, 1740.02 real, 122 MB
[runlim] sample:		9012.12 time, 1750.02 real, 122 MB
[runlim] sample:		9022.12 time, 1760.02 real, 122 MB
[runlim] sample:		9032.11 time, 1770.02 real, 122 MB
[runlim] sample:		9042.12 time, 1780.02 real, 122 MB
[runlim] sample:		9052.11 time, 1790.02 real, 122 MB
[runlim] sample:		9062.10 time, 1800.02 real, 122 MB
[runlim] sample:		9072.10 time, 1810.02 real, 122 MB
[runlim] sample:		9082.11 time, 1820.02 real, 122 MB
[runlim] sample:		9092.10 time, 1830.02 real, 122 MB
[runlim] sample:		9102.10 time, 1840.02 real, 122 MB
[runlim] sample:		9112.09 time, 1850.02 real, 122 MB
[runlim] sample:		9122.10 time, 1860.02 real, 122 MB
[runlim] sample:		9132.09 time, 1870.02 real, 122 MB
[runlim] sample:		9142.09 time, 1880.02 real, 122 MB
[runlim] sample:		9152.09 time, 1890.02 real, 122 MB
[runlim] sample:		9162.09 time, 1900.02 real, 122 MB
[runlim] sample:		9172.08 time, 1910.02 real, 122 MB
[runlim] sample:		9182.08 time, 1920.02 real, 122 MB
[runlim] sample:		9192.09 time, 1930.02 real, 122 MB
[runlim] sample:		9202.09 time, 1940.02 real, 122 MB
[runlim] sample:		9212.09 time, 1950.02 real, 122 MB
[runlim] sample:		9222.08 time, 1960.02 real, 122 MB
[runlim] sample:		9232.08 time, 1970.02 real, 122 MB
[runlim] sample:		9242.09 time, 1980.02 real, 122 MB
[runlim] sample:		9252.09 time, 1990.02 real, 122 MB
[runlim] sample:		9262.09 time, 2000.02 real, 122 MB
[runlim] sample:		9272.08 time, 2010.02 real, 122 MB
[runlim] sample:		9282.08 time, 2020.02 real, 122 MB
[runlim] sample:		9292.09 time, 2030.02 real, 122 MB
[runlim] sample:		9302.09 time, 2040.02 real, 122 MB
[runlim] sample:		9312.08 time, 2050.02 real, 122 MB
[runlim] sample:		9322.09 time, 2060.02 real, 122 MB
[runlim] sample:		9332.08 time, 2070.02 real, 122 MB
[runlim] sample:		9342.09 time, 2080.02 real, 122 MB
[runlim] sample:		9352.09 time, 2090.02 real, 122 MB
[runlim] sample:		9362.08 time, 2100.02 real, 122 MB
[runlim] sample:		9372.09 time, 2110.02 real, 122 MB
[runlim] sample:		9382.09 time, 2120.02 real, 122 MB
[runlim] sample:		9392.09 time, 2130.02 real, 122 MB
[runlim] sample:		9402.09 time, 2140.02 real, 122 MB
[runlim] sample:		9412.09 time, 2150.02 real, 122 MB
[runlim] sample:		9422.09 time, 2160.02 real, 122 MB
[runlim] sample:		9432.09 time, 2170.02 real, 122 MB
[runlim] sample:		9442.09 time, 2180.02 real, 122 MB
[runlim] sample:		9452.09 time, 2190.02 real, 122 MB
[runlim] sample:		9462.09 time, 2200.02 real, 122 MB
[runlim] sample:		9472.09 time, 2210.02 real, 122 MB
[runlim] sample:		9482.09 time, 2220.02 real, 122 MB
[runlim] sample:		9492.09 time, 2230.02 real, 122 MB
[runlim] sample:		9502.09 time, 2240.02 real, 122 MB
[runlim] sample:		9512.09 time, 2250.02 real, 122 MB
[runlim] sample:		9522.09 time, 2260.02 real, 122 MB
[runlim] sample:		9532.09 time, 2270.02 real, 122 MB
[runlim] sample:		9542.09 time, 2280.02 real, 122 MB
[runlim] sample:		9552.09 time, 2290.02 real, 122 MB
[runlim] sample:		9562.09 time, 2300.02 real, 122 MB
[runlim] sample:		9572.09 time, 2310.02 real, 122 MB
[runlim] sample:		9582.09 time, 2320.02 real, 122 MB
[runlim] sample:		9592.09 time, 2330.02 real, 122 MB
[runlim] sample:		9602.09 time, 2340.02 real, 122 MB
[runlim] sample:		9612.09 time, 2350.02 real, 122 MB
[runlim] sample:		9622.09 time, 2360.02 real, 122 MB
[runlim] sample:		9632.09 time, 2370.02 real, 122 MB
[runlim] sample:		9642.09 time, 2380.02 real, 122 MB
[runlim] sample:		9652.09 time, 2390.02 real, 122 MB
[runlim] sample:		9662.09 time, 2400.02 real, 122 MB
[runlim] sample:		9672.10 time, 2410.02 real, 122 MB
[runlim] sample:		9682.09 time, 2420.02 real, 122 MB
[runlim] sample:		9692.09 time, 2430.02 real, 122 MB
[runlim] sample:		9702.10 time, 2440.02 real, 122 MB
[runlim] sample:		9712.09 time, 2450.02 real, 122 MB
[runlim] sample:		9722.10 time, 2460.02 real, 122 MB
[runlim] sample:		9732.09 time, 2470.02 real, 122 MB
[runlim] sample:		9742.09 time, 2480.02 real, 122 MB
[runlim] sample:		9752.09 time, 2490.02 real, 122 MB
[runlim] sample:		9762.10 time, 2500.02 real, 122 MB
[runlim] sample:		9772.09 time, 2510.02 real, 122 MB
[runlim] sample:		9782.09 time, 2520.02 real, 122 MB
[runlim] sample:		9792.09 time, 2530.02 real, 122 MB
[runlim] sample:		9802.09 time, 2540.02 real, 122 MB
[runlim] sample:		9812.09 time, 2550.02 real, 122 MB
[runlim] sample:		9822.10 time, 2560.02 real, 122 MB
[runlim] sample:		9832.09 time, 2570.02 real, 122 MB
[runlim] sample:		9842.10 time, 2580.02 real, 122 MB
[runlim] sample:		9852.09 time, 2590.02 real, 122 MB
[runlim] sample:		9862.10 time, 2600.02 real, 122 MB
[runlim] sample:		9872.10 time, 2610.02 real, 122 MB
[runlim] sample:		9882.09 time, 2620.02 real, 122 MB
[runlim] sample:		9892.09 time, 2630.02 real, 122 MB
[runlim] sample:		9902.10 time, 2640.02 real, 122 MB
[runlim] sample:		9912.09 time, 2650.02 real, 122 MB
[runlim] sample:		9922.09 time, 2660.02 real, 122 MB
[runlim] sample:		9932.09 time, 2670.02 real, 122 MB
[runlim] sample:		9942.10 time, 2680.02 real, 122 MB
[runlim] sample:		9952.09 time, 2690.02 real, 122 MB
[runlim] sample:		9962.09 time, 2700.02 real, 122 MB
[runlim] sample:		9972.09 time, 2710.02 real, 122 MB
[runlim] sample:		9982.10 time, 2720.02 real, 122 MB
[runlim] sample:		9992.09 time, 2730.02 real, 122 MB
[runlim] sample:		10002.10 time, 2740.02 real, 122 MB
[runlim] sample:		10012.09 time, 2750.02 real, 122 MB
[runlim] sample:		10022.09 time, 2760.02 real, 122 MB
[runlim] sample:		10032.09 time, 2770.02 real, 122 MB
[runlim] sample:		10042.09 time, 2780.02 real, 122 MB
[runlim] sample:		10052.10 time, 2790.02 real, 122 MB
[runlim] sample:		10062.09 time, 2800.02 real, 122 MB
[runlim] sample:		10072.10 time, 2810.02 real, 122 MB
[runlim] sample:		10082.10 time, 2820.02 real, 122 MB
[runlim] sample:		10092.10 time, 2830.02 real, 122 MB
[runlim] sample:		10102.09 time, 2840.02 real, 122 MB
[runlim] sample:		10112.09 time, 2850.02 real, 122 MB
[runlim] sample:		10122.09 time, 2860.02 real, 122 MB
[runlim] sample:		10132.10 time, 2870.02 real, 122 MB
[runlim] sample:		10142.09 time, 2880.02 real, 122 MB
[runlim] sample:		10152.10 time, 2890.02 real, 122 MB
[runlim] sample:		10162.10 time, 2900.02 real, 122 MB
[runlim] sample:		10172.10 time, 2910.02 real, 122 MB
[runlim] sample:		10182.09 time, 2920.02 real, 122 MB
[runlim] sample:		10192.10 time, 2930.02 real, 122 MB
[runlim] sample:		10202.10 time, 2940.02 real, 122 MB
[runlim] sample:		10212.10 time, 2950.02 real, 122 MB
[runlim] sample:		10222.10 time, 2960.02 real, 122 MB
[runlim] sample:		10232.10 time, 2970.02 real, 122 MB
[runlim] sample:		10242.10 time, 2980.02 real, 122 MB
[runlim] sample:		10252.09 time, 2990.02 real, 125 MB
[runlim] sample:		10262.09 time, 3000.02 real, 125 MB
[runlim] sample:		10272.10 time, 3010.02 real, 125 MB
[runlim] sample:		10282.09 time, 3020.02 real, 125 MB
[runlim] sample:		10292.10 time, 3030.02 real, 125 MB
[runlim] sample:		10302.10 time, 3040.02 real, 125 MB
[runlim] sample:		10312.09 time, 3050.02 real, 125 MB
[runlim] sample:		10322.09 time, 3060.02 real, 125 MB
[runlim] sample:		10332.10 time, 3070.02 real, 125 MB
[runlim] sample:		10342.10 time, 3080.02 real, 125 MB
[runlim] sample:		10352.10 time, 3090.02 real, 125 MB
[runlim] sample:		10362.10 time, 3100.02 real, 125 MB
[runlim] sample:		10372.10 time, 3110.02 real, 125 MB
[runlim] sample:		10382.10 time, 3120.02 real, 125 MB
[runlim] sample:		10392.10 time, 3130.02 real, 125 MB
[runlim] sample:		10402.10 time, 3140.02 real, 125 MB
[runlim] sample:		10412.10 time, 3150.02 real, 125 MB
[runlim] sample:		10422.10 time, 3160.02 real, 125 MB
[runlim] sample:		10432.10 time, 3170.02 real, 125 MB
[runlim] sample:		10442.10 time, 3180.02 real, 125 MB
[runlim] sample:		10452.10 time, 3190.02 real, 125 MB
[runlim] sample:		10462.10 time, 3200.02 real, 125 MB
[runlim] sample:		10472.10 time, 3210.02 real, 125 MB
[runlim] sample:		10482.10 time, 3220.02 real, 125 MB
[runlim] sample:		10492.10 time, 3230.02 real, 125 MB
[runlim] sample:		10502.10 time, 3240.02 real, 125 MB
[runlim] sample:		10512.10 time, 3250.02 real, 125 MB
[runlim] sample:		10522.10 time, 3260.02 real, 125 MB
[runlim] sample:		10532.11 time, 3270.02 real, 125 MB
[runlim] sample:		10542.10 time, 3280.02 real, 125 MB
[runlim] sample:		10552.10 time, 3290.02 real, 125 MB
[runlim] sample:		10562.10 time, 3300.02 real, 125 MB
[runlim] sample:		10572.11 time, 3310.02 real, 125 MB
[runlim] sample:		10582.10 time, 3320.02 real, 125 MB
[runlim] sample:		10592.11 time, 3330.02 real, 125 MB
[runlim] sample:		10602.10 time, 3340.02 real, 125 MB
[runlim] sample:		10612.11 time, 3350.02 real, 125 MB
[runlim] sample:		10622.11 time, 3360.02 real, 125 MB
[runlim] sample:		10632.10 time, 3370.02 real, 125 MB
[runlim] sample:		10642.10 time, 3380.02 real, 125 MB
[runlim] sample:		10652.10 time, 3390.02 real, 125 MB
[runlim] sample:		10662.10 time, 3400.02 real, 125 MB
[runlim] sample:		10672.10 time, 3410.02 real, 125 MB
[runlim] sample:		10682.10 time, 3420.02 real, 125 MB
[runlim] sample:		10692.11 time, 3430.02 real, 125 MB
[runlim] sample:		10702.10 time, 3440.02 real, 125 MB
[runlim] sample:		10712.11 time, 3450.02 real, 125 MB
[runlim] sample:		10722.10 time, 3460.02 real, 125 MB
[runlim] sample:		10732.11 time, 3470.02 real, 125 MB
[runlim] sample:		10742.11 time, 3480.02 real, 125 MB
[runlim] sample:		10752.10 time, 3490.02 real, 125 MB
[runlim] sample:		10762.10 time, 3500.02 real, 125 MB
[runlim] sample:		10772.10 time, 3510.02 real, 125 MB
[runlim] sample:		10782.11 time, 3520.02 real, 125 MB
[runlim] sample:		10792.10 time, 3530.02 real, 125 MB
[runlim] sample:		10802.11 time, 3540.02 real, 125 MB
[runlim] sample:		10812.11 time, 3550.02 real, 125 MB
[runlim] sample:		10822.10 time, 3560.02 real, 125 MB
[runlim] sample:		10832.10 time, 3570.02 real, 125 MB
[runlim] sample:		10842.10 time, 3580.02 real, 125 MB
[runlim] sample:		10852.10 time, 3590.02 real, 125 MB
[runlim] sample:		10862.11 time, 3600.02 real, 125 MB
[runlim] end:			Thu Oct 17 01:43:55 2019
[runlim] status:		out of time
[runlim] result:		2
[runlim] children:		31
[runlim] real:			3600.11 seconds
[runlim] time:			10862.11 seconds
[runlim] space:			919 MB
[runlim] samples:		36000
