[runlim] version:		1.17
[runlim] host:			c3n01
[runlim] time limit:		311040000 seconds
[runlim] real time limit:	3600 seconds
[runlim] space limit:		120000 MB
[runlim] argv[0]:		./run-conps-btormc-thp.sh
[runlim] argv[1]:		/tmp/xCqV35wq.btor2
[runlim] start:			Thu Oct 17 02:47:05 2019
[runlim] child:			8369
warning: unsupported tag 'output'
[runlim] sample:		9.98 time, 10.02 real, 321 MB
[runlim] sample:		19.98 time, 20.02 real, 580 MB
[runlim] sample:		29.98 time, 30.02 real, 703 MB
[runlim] sample:		39.98 time, 40.02 real, 771 MB
[runlim] sample:		49.98 time, 50.02 real, 899 MB
[runlim] sample:		59.98 time, 60.02 real, 926 MB
[runlim] sample:		69.98 time, 70.02 real, 938 MB
[runlim] sample:		79.98 time, 80.02 real, 948 MB
[runlim] sample:		89.98 time, 90.02 real, 938 MB
[runlim] sample:		99.98 time, 100.02 real, 1020 MB
[runlim] sample:		109.98 time, 110.02 real, 1136 MB
[runlim] sample:		119.98 time, 120.02 real, 1231 MB
[runlim] sample:		129.98 time, 130.02 real, 1362 MB
[runlim] sample:		139.98 time, 140.02 real, 1387 MB
[runlim] sample:		149.98 time, 150.02 real, 1461 MB
[runlim] sample:		159.98 time, 160.02 real, 1512 MB
[runlim] sample:		169.98 time, 170.02 real, 1568 MB
[runlim] end:			Thu Oct 17 02:50:00 2019
[runlim] status:		ok
[runlim] result:		0
[runlim] children:		3
[runlim] real:			175.18 seconds
[runlim] time:			175.08 seconds
[runlim] space:			1602 MB
[runlim] samples:		1751
