[runlim] version:		1.17
[runlim] host:			c3n31
[runlim] time limit:		311040000 seconds
[runlim] real time limit:	3600 seconds
[runlim] space limit:		120000 MB
[runlim] argv[0]:		./run-conps-btormc-thp.sh
[runlim] argv[1]:		/tmp/VYJypEOL.btor2
[runlim] start:			Thu Oct 17 01:26:22 2019
[runlim] child:			27046
warning: unsupported tag 'output'
[runlim] sample:		9.94 time, 10.02 real, 58 MB
[runlim] sample:		19.94 time, 20.01 real, 58 MB
[runlim] sample:		29.94 time, 30.01 real, 61 MB
[runlim] sample:		39.94 time, 40.01 real, 82 MB
[runlim] sample:		49.95 time, 50.01 real, 82 MB
[runlim] sample:		59.95 time, 60.01 real, 82 MB
[runlim] sample:		69.94 time, 70.01 real, 84 MB
[runlim] sample:		79.94 time, 80.01 real, 88 MB
[runlim] sample:		89.94 time, 90.01 real, 90 MB
[runlim] sample:		99.94 time, 100.01 real, 90 MB
[runlim] sample:		109.94 time, 110.02 real, 92 MB
[runlim] sample:		119.94 time, 120.01 real, 92 MB
[runlim] sample:		129.94 time, 130.01 real, 92 MB
[runlim] sample:		139.94 time, 140.02 real, 92 MB
[runlim] sample:		149.94 time, 150.01 real, 92 MB
[runlim] sample:		159.94 time, 160.01 real, 92 MB
[runlim] sample:		169.94 time, 170.01 real, 92 MB
[runlim] sample:		179.94 time, 180.01 real, 92 MB
[runlim] sample:		189.94 time, 190.02 real, 92 MB
[runlim] sample:		199.94 time, 200.01 real, 92 MB
[runlim] sample:		209.94 time, 210.01 real, 92 MB
[runlim] sample:		219.94 time, 220.01 real, 93 MB
[runlim] sample:		229.94 time, 230.01 real, 93 MB
[runlim] sample:		239.94 time, 240.01 real, 93 MB
[runlim] sample:		249.94 time, 250.01 real, 93 MB
[runlim] sample:		259.94 time, 260.01 real, 93 MB
[runlim] sample:		269.94 time, 270.01 real, 93 MB
[runlim] sample:		279.94 time, 280.01 real, 93 MB
[runlim] sample:		289.94 time, 290.01 real, 96 MB
[runlim] sample:		299.94 time, 300.01 real, 96 MB
[runlim] sample:		309.94 time, 310.01 real, 96 MB
[runlim] sample:		319.94 time, 320.01 real, 96 MB
[runlim] sample:		329.94 time, 330.01 real, 96 MB
[runlim] sample:		339.94 time, 340.01 real, 96 MB
[runlim] sample:		349.94 time, 350.01 real, 96 MB
[runlim] sample:		359.94 time, 360.01 real, 96 MB
[runlim] sample:		369.94 time, 370.01 real, 96 MB
[runlim] sample:		379.94 time, 380.01 real, 96 MB
[runlim] sample:		389.94 time, 390.02 real, 96 MB
[runlim] sample:		399.94 time, 400.01 real, 102 MB
[runlim] sample:		409.94 time, 410.01 real, 102 MB
[runlim] sample:		419.94 time, 420.01 real, 102 MB
[runlim] sample:		429.94 time, 430.01 real, 89 MB
[runlim] sample:		439.94 time, 440.01 real, 89 MB
[runlim] sample:		449.94 time, 450.02 real, 90 MB
[runlim] sample:		459.94 time, 460.01 real, 96 MB
[runlim] sample:		469.94 time, 470.02 real, 96 MB
[runlim] sample:		479.94 time, 480.01 real, 96 MB
[runlim] sample:		489.94 time, 490.02 real, 99 MB
[runlim] sample:		499.94 time, 500.02 real, 140 MB
[runlim] sample:		509.94 time, 510.01 real, 140 MB
[runlim] sample:		519.94 time, 520.02 real, 140 MB
[runlim] sample:		529.94 time, 530.02 real, 140 MB
[runlim] sample:		539.94 time, 540.01 real, 140 MB
[runlim] sample:		549.94 time, 550.02 real, 140 MB
[runlim] sample:		559.94 time, 560.02 real, 140 MB
[runlim] sample:		569.94 time, 570.01 real, 140 MB
[runlim] sample:		579.94 time, 580.02 real, 148 MB
[runlim] sample:		589.94 time, 590.02 real, 148 MB
[runlim] sample:		599.94 time, 600.02 real, 148 MB
[runlim] sample:		609.94 time, 610.01 real, 148 MB
[runlim] sample:		619.94 time, 620.01 real, 148 MB
[runlim] sample:		629.94 time, 630.02 real, 156 MB
[runlim] sample:		639.94 time, 640.02 real, 156 MB
[runlim] sample:		649.94 time, 650.01 real, 156 MB
[runlim] sample:		659.94 time, 660.02 real, 156 MB
[runlim] sample:		669.94 time, 670.02 real, 156 MB
[runlim] sample:		679.94 time, 680.01 real, 156 MB
[runlim] sample:		689.94 time, 690.02 real, 156 MB
[runlim] sample:		699.94 time, 700.01 real, 156 MB
[runlim] sample:		709.94 time, 710.02 real, 160 MB
[runlim] sample:		719.94 time, 720.02 real, 160 MB
[runlim] sample:		729.94 time, 730.02 real, 160 MB
[runlim] sample:		739.94 time, 740.01 real, 160 MB
[runlim] sample:		749.94 time, 750.01 real, 160 MB
[runlim] sample:		759.94 time, 760.02 real, 160 MB
[runlim] sample:		769.93 time, 770.02 real, 164 MB
[runlim] sample:		779.93 time, 780.01 real, 164 MB
[runlim] sample:		789.93 time, 790.01 real, 164 MB
[runlim] sample:		799.93 time, 800.01 real, 164 MB
[runlim] sample:		809.93 time, 810.02 real, 164 MB
[runlim] sample:		819.93 time, 820.02 real, 164 MB
[runlim] sample:		829.93 time, 830.02 real, 164 MB
[runlim] sample:		839.93 time, 840.02 real, 164 MB
[runlim] sample:		849.93 time, 850.02 real, 166 MB
[runlim] sample:		859.93 time, 860.01 real, 166 MB
[runlim] sample:		869.93 time, 870.01 real, 168 MB
[runlim] sample:		879.93 time, 880.02 real, 168 MB
[runlim] sample:		889.93 time, 890.02 real, 168 MB
[runlim] sample:		899.93 time, 900.01 real, 168 MB
[runlim] sample:		909.93 time, 910.02 real, 168 MB
[runlim] sample:		919.93 time, 920.02 real, 168 MB
[runlim] sample:		929.94 time, 930.02 real, 168 MB
[runlim] sample:		939.94 time, 940.02 real, 168 MB
[runlim] sample:		949.94 time, 950.01 real, 170 MB
[runlim] sample:		959.94 time, 960.01 real, 170 MB
[runlim] sample:		969.94 time, 970.02 real, 170 MB
[runlim] sample:		979.94 time, 980.02 real, 170 MB
[runlim] sample:		989.94 time, 990.02 real, 170 MB
[runlim] sample:		999.94 time, 1000.01 real, 170 MB
[runlim] sample:		1009.94 time, 1010.02 real, 170 MB
[runlim] sample:		1019.94 time, 1020.02 real, 170 MB
[runlim] sample:		1029.94 time, 1030.02 real, 170 MB
[runlim] sample:		1039.94 time, 1040.02 real, 171 MB
[runlim] sample:		1049.94 time, 1050.01 real, 171 MB
[runlim] sample:		1059.94 time, 1060.01 real, 171 MB
[runlim] sample:		1069.94 time, 1070.02 real, 171 MB
[runlim] sample:		1079.94 time, 1080.02 real, 171 MB
[runlim] sample:		1089.94 time, 1090.02 real, 171 MB
[runlim] sample:		1099.94 time, 1100.01 real, 171 MB
[runlim] sample:		1109.94 time, 1110.02 real, 171 MB
[runlim] sample:		1119.94 time, 1120.02 real, 171 MB
[runlim] sample:		1129.94 time, 1130.02 real, 171 MB
[runlim] sample:		1139.94 time, 1140.02 real, 171 MB
[runlim] sample:		1149.94 time, 1150.01 real, 171 MB
[runlim] sample:		1159.94 time, 1160.02 real, 171 MB
[runlim] sample:		1169.93 time, 1170.02 real, 176 MB
[runlim] sample:		1179.93 time, 1180.02 real, 176 MB
[runlim] sample:		1189.93 time, 1190.02 real, 176 MB
[runlim] sample:		1199.93 time, 1200.02 real, 176 MB
[runlim] sample:		1209.93 time, 1210.02 real, 176 MB
[runlim] sample:		1219.93 time, 1220.01 real, 176 MB
[runlim] sample:		1229.93 time, 1230.02 real, 176 MB
[runlim] sample:		1239.93 time, 1240.01 real, 176 MB
[runlim] sample:		1249.93 time, 1250.01 real, 176 MB
[runlim] sample:		1259.93 time, 1260.02 real, 176 MB
[runlim] sample:		1269.93 time, 1270.02 real, 176 MB
[runlim] sample:		1279.93 time, 1280.01 real, 176 MB
[runlim] sample:		1289.94 time, 1290.01 real, 188 MB
[runlim] sample:		1299.94 time, 1300.01 real, 188 MB
[runlim] sample:		1309.94 time, 1310.01 real, 188 MB
[runlim] sample:		1319.94 time, 1320.02 real, 188 MB
[runlim] sample:		1329.94 time, 1330.01 real, 188 MB
[runlim] sample:		1339.94 time, 1340.02 real, 188 MB
[runlim] sample:		1349.94 time, 1350.02 real, 188 MB
[runlim] sample:		1359.94 time, 1360.01 real, 188 MB
[runlim] sample:		1369.94 time, 1370.01 real, 188 MB
[runlim] sample:		1379.94 time, 1380.02 real, 188 MB
[runlim] sample:		1389.94 time, 1390.02 real, 188 MB
[runlim] sample:		1399.94 time, 1400.02 real, 188 MB
[runlim] sample:		1409.94 time, 1410.01 real, 188 MB
[runlim] sample:		1419.94 time, 1420.01 real, 188 MB
[runlim] sample:		1429.94 time, 1430.01 real, 188 MB
[runlim] sample:		1439.94 time, 1440.01 real, 188 MB
[runlim] sample:		1449.94 time, 1450.01 real, 188 MB
[runlim] sample:		1459.94 time, 1460.02 real, 189 MB
[runlim] sample:		1469.94 time, 1470.01 real, 189 MB
[runlim] sample:		1479.94 time, 1480.01 real, 189 MB
[runlim] sample:		1489.94 time, 1490.02 real, 189 MB
[runlim] sample:		1499.94 time, 1500.01 real, 189 MB
[runlim] sample:		1509.94 time, 1510.02 real, 189 MB
[runlim] sample:		1519.94 time, 1520.02 real, 189 MB
[runlim] sample:		1529.94 time, 1530.02 real, 189 MB
[runlim] sample:		1539.94 time, 1540.02 real, 189 MB
[runlim] sample:		1549.94 time, 1550.01 real, 189 MB
[runlim] sample:		1559.94 time, 1560.02 real, 189 MB
[runlim] sample:		1569.94 time, 1570.02 real, 189 MB
[runlim] sample:		1579.94 time, 1580.01 real, 189 MB
[runlim] sample:		1589.94 time, 1590.01 real, 189 MB
[runlim] sample:		1599.93 time, 1600.02 real, 196 MB
[runlim] sample:		1609.93 time, 1610.01 real, 196 MB
[runlim] sample:		1619.93 time, 1620.02 real, 196 MB
[runlim] sample:		1629.93 time, 1630.01 real, 196 MB
[runlim] sample:		1639.93 time, 1640.02 real, 196 MB
[runlim] sample:		1649.93 time, 1650.02 real, 196 MB
[runlim] sample:		1659.93 time, 1660.02 real, 196 MB
[runlim] sample:		1669.93 time, 1670.02 real, 196 MB
[runlim] sample:		1679.93 time, 1680.02 real, 196 MB
[runlim] sample:		1689.93 time, 1690.02 real, 196 MB
[runlim] sample:		1699.93 time, 1700.02 real, 196 MB
[runlim] sample:		1709.93 time, 1710.02 real, 196 MB
[runlim] sample:		1719.93 time, 1720.01 real, 196 MB
[runlim] sample:		1729.93 time, 1730.01 real, 196 MB
[runlim] sample:		1739.93 time, 1740.01 real, 196 MB
[runlim] sample:		1749.93 time, 1750.02 real, 196 MB
[runlim] sample:		1759.93 time, 1760.02 real, 196 MB
[runlim] sample:		1769.93 time, 1770.02 real, 196 MB
[runlim] sample:		1779.93 time, 1780.02 real, 196 MB
[runlim] sample:		1789.93 time, 1790.01 real, 196 MB
[runlim] sample:		1799.93 time, 1800.02 real, 196 MB
[runlim] sample:		1809.93 time, 1810.02 real, 196 MB
[runlim] sample:		1819.93 time, 1820.02 real, 196 MB
[runlim] sample:		1829.93 time, 1830.02 real, 196 MB
[runlim] sample:		1839.93 time, 1840.02 real, 196 MB
[runlim] sample:		1849.93 time, 1850.01 real, 196 MB
[runlim] sample:		1859.94 time, 1860.01 real, 198 MB
[runlim] sample:		1869.94 time, 1870.02 real, 198 MB
[runlim] sample:		1879.94 time, 1880.02 real, 198 MB
[runlim] sample:		1889.94 time, 1890.02 real, 198 MB
[runlim] sample:		1899.94 time, 1900.02 real, 198 MB
[runlim] sample:		1909.94 time, 1910.02 real, 198 MB
[runlim] sample:		1919.94 time, 1920.02 real, 198 MB
[runlim] sample:		1929.94 time, 1930.02 real, 198 MB
[runlim] sample:		1939.94 time, 1940.02 real, 198 MB
[runlim] sample:		1949.94 time, 1950.02 real, 198 MB
[runlim] sample:		1959.94 time, 1960.02 real, 198 MB
[runlim] sample:		1969.94 time, 1970.02 real, 198 MB
[runlim] sample:		1979.93 time, 1980.02 real, 198 MB
[runlim] sample:		1989.93 time, 1990.02 real, 198 MB
[runlim] sample:		1999.93 time, 2000.02 real, 198 MB
[runlim] sample:		2009.93 time, 2010.02 real, 198 MB
[runlim] sample:		2019.93 time, 2020.02 real, 198 MB
[runlim] sample:		2029.93 time, 2030.02 real, 198 MB
[runlim] sample:		2039.93 time, 2040.02 real, 198 MB
[runlim] sample:		2049.93 time, 2050.02 real, 198 MB
[runlim] sample:		2059.93 time, 2060.02 real, 198 MB
[runlim] sample:		2069.93 time, 2070.02 real, 198 MB
[runlim] sample:		2079.93 time, 2080.02 real, 198 MB
[runlim] sample:		2089.93 time, 2090.02 real, 198 MB
[runlim] sample:		2099.93 time, 2100.02 real, 198 MB
[runlim] sample:		2109.93 time, 2110.02 real, 198 MB
[runlim] sample:		2119.93 time, 2120.02 real, 198 MB
[runlim] sample:		2129.93 time, 2130.02 real, 198 MB
[runlim] sample:		2139.93 time, 2140.02 real, 198 MB
[runlim] sample:		2149.93 time, 2150.02 real, 198 MB
[runlim] sample:		2159.93 time, 2160.02 real, 208 MB
[runlim] sample:		2169.93 time, 2170.02 real, 212 MB
[runlim] sample:		2179.93 time, 2180.02 real, 212 MB
[runlim] sample:		2189.93 time, 2190.02 real, 212 MB
[runlim] sample:		2199.93 time, 2200.02 real, 212 MB
[runlim] sample:		2209.93 time, 2210.02 real, 212 MB
[runlim] sample:		2219.93 time, 2220.02 real, 212 MB
[runlim] sample:		2229.93 time, 2230.02 real, 212 MB
[runlim] sample:		2239.93 time, 2240.02 real, 212 MB
[runlim] sample:		2249.93 time, 2250.02 real, 212 MB
[runlim] sample:		2259.93 time, 2260.02 real, 212 MB
[runlim] sample:		2269.93 time, 2270.02 real, 212 MB
[runlim] sample:		2279.93 time, 2280.02 real, 212 MB
[runlim] sample:		2289.93 time, 2290.02 real, 212 MB
[runlim] sample:		2299.93 time, 2300.02 real, 212 MB
[runlim] sample:		2309.93 time, 2310.02 real, 212 MB
[runlim] sample:		2319.93 time, 2320.02 real, 212 MB
[runlim] sample:		2329.93 time, 2330.02 real, 212 MB
[runlim] sample:		2339.93 time, 2340.02 real, 212 MB
[runlim] sample:		2349.93 time, 2350.02 real, 212 MB
[runlim] sample:		2359.93 time, 2360.02 real, 212 MB
[runlim] sample:		2369.93 time, 2370.02 real, 212 MB
[runlim] sample:		2379.93 time, 2380.02 real, 212 MB
[runlim] sample:		2389.93 time, 2390.02 real, 212 MB
[runlim] sample:		2399.93 time, 2400.01 real, 212 MB
[runlim] sample:		2409.93 time, 2410.02 real, 212 MB
[runlim] sample:		2419.93 time, 2420.02 real, 212 MB
[runlim] sample:		2429.93 time, 2430.02 real, 212 MB
[runlim] sample:		2439.93 time, 2440.02 real, 212 MB
[runlim] sample:		2449.93 time, 2450.02 real, 212 MB
[runlim] sample:		2459.93 time, 2460.02 real, 212 MB
[runlim] sample:		2469.93 time, 2470.02 real, 212 MB
[runlim] sample:		2479.93 time, 2480.02 real, 212 MB
[runlim] sample:		2489.93 time, 2490.02 real, 212 MB
[runlim] sample:		2499.93 time, 2500.02 real, 212 MB
[runlim] sample:		2509.93 time, 2510.02 real, 212 MB
[runlim] sample:		2519.93 time, 2520.02 real, 212 MB
[runlim] sample:		2529.93 time, 2530.02 real, 212 MB
[runlim] sample:		2539.93 time, 2540.02 real, 212 MB
[runlim] sample:		2549.93 time, 2550.02 real, 212 MB
[runlim] sample:		2559.93 time, 2560.02 real, 212 MB
[runlim] sample:		2569.93 time, 2570.02 real, 212 MB
[runlim] sample:		2579.93 time, 2580.02 real, 212 MB
[runlim] sample:		2589.93 time, 2590.02 real, 212 MB
[runlim] sample:		2599.93 time, 2600.02 real, 212 MB
[runlim] sample:		2609.93 time, 2610.02 real, 212 MB
[runlim] sample:		2619.93 time, 2620.02 real, 212 MB
[runlim] sample:		2629.93 time, 2630.02 real, 212 MB
[runlim] sample:		2639.93 time, 2640.01 real, 213 MB
[runlim] sample:		2649.93 time, 2650.02 real, 213 MB
[runlim] sample:		2659.93 time, 2660.02 real, 213 MB
[runlim] sample:		2669.93 time, 2670.02 real, 213 MB
[runlim] sample:		2679.93 time, 2680.02 real, 213 MB
[runlim] sample:		2689.93 time, 2690.02 real, 213 MB
[runlim] sample:		2699.93 time, 2700.01 real, 213 MB
[runlim] sample:		2709.93 time, 2710.02 real, 213 MB
[runlim] sample:		2719.93 time, 2720.02 real, 213 MB
[runlim] sample:		2729.93 time, 2730.02 real, 213 MB
[runlim] sample:		2739.93 time, 2740.02 real, 213 MB
[runlim] sample:		2749.93 time, 2750.02 real, 213 MB
[runlim] sample:		2759.93 time, 2760.01 real, 213 MB
[runlim] sample:		2769.93 time, 2770.02 real, 213 MB
[runlim] sample:		2779.93 time, 2780.02 real, 215 MB
[runlim] sample:		2789.93 time, 2790.02 real, 215 MB
[runlim] sample:		2799.93 time, 2800.01 real, 215 MB
[runlim] sample:		2809.93 time, 2810.02 real, 215 MB
[runlim] sample:		2819.93 time, 2820.01 real, 215 MB
[runlim] sample:		2829.93 time, 2830.01 real, 215 MB
[runlim] sample:		2839.93 time, 2840.01 real, 215 MB
[runlim] sample:		2849.93 time, 2850.02 real, 215 MB
[runlim] sample:		2859.93 time, 2860.02 real, 215 MB
[runlim] sample:		2869.93 time, 2870.02 real, 215 MB
[runlim] sample:		2879.93 time, 2880.02 real, 215 MB
[runlim] sample:		2889.93 time, 2890.02 real, 215 MB
[runlim] sample:		2899.93 time, 2900.02 real, 215 MB
[runlim] sample:		2909.93 time, 2910.02 real, 215 MB
[runlim] sample:		2919.93 time, 2920.02 real, 215 MB
[runlim] sample:		2929.93 time, 2930.02 real, 215 MB
[runlim] sample:		2939.93 time, 2940.02 real, 215 MB
[runlim] sample:		2949.93 time, 2950.02 real, 215 MB
[runlim] sample:		2959.93 time, 2960.02 real, 215 MB
[runlim] sample:		2969.93 time, 2970.02 real, 215 MB
[runlim] sample:		2979.93 time, 2980.02 real, 215 MB
[runlim] sample:		2989.93 time, 2990.02 real, 215 MB
[runlim] sample:		2999.93 time, 3000.02 real, 215 MB
[runlim] sample:		3009.93 time, 3010.02 real, 215 MB
[runlim] sample:		3019.93 time, 3020.02 real, 215 MB
[runlim] sample:		3029.93 time, 3030.01 real, 215 MB
[runlim] sample:		3039.93 time, 3040.02 real, 221 MB
[runlim] sample:		3049.93 time, 3050.02 real, 221 MB
[runlim] sample:		3059.93 time, 3060.02 real, 221 MB
[runlim] sample:		3069.93 time, 3070.02 real, 221 MB
[runlim] sample:		3079.93 time, 3080.02 real, 221 MB
[runlim] sample:		3089.93 time, 3090.02 real, 221 MB
[runlim] sample:		3099.93 time, 3100.01 real, 221 MB
[runlim] sample:		3109.93 time, 3110.02 real, 221 MB
[runlim] sample:		3119.93 time, 3120.02 real, 221 MB
[runlim] sample:		3129.93 time, 3130.02 real, 221 MB
[runlim] sample:		3139.93 time, 3140.02 real, 221 MB
[runlim] sample:		3149.93 time, 3150.02 real, 221 MB
[runlim] sample:		3159.93 time, 3160.02 real, 221 MB
[runlim] sample:		3169.93 time, 3170.02 real, 221 MB
[runlim] sample:		3179.93 time, 3180.02 real, 221 MB
[runlim] sample:		3189.93 time, 3190.02 real, 221 MB
[runlim] sample:		3199.93 time, 3200.02 real, 221 MB
[runlim] sample:		3209.93 time, 3210.02 real, 221 MB
[runlim] sample:		3219.93 time, 3220.02 real, 221 MB
[runlim] sample:		3229.93 time, 3230.02 real, 221 MB
[runlim] sample:		3239.93 time, 3240.02 real, 221 MB
[runlim] sample:		3249.93 time, 3250.02 real, 221 MB
[runlim] sample:		3259.93 time, 3260.02 real, 221 MB
[runlim] sample:		3269.93 time, 3270.02 real, 221 MB
[runlim] sample:		3279.93 time, 3280.02 real, 221 MB
[runlim] sample:		3289.93 time, 3290.02 real, 221 MB
[runlim] sample:		3299.93 time, 3300.02 real, 221 MB
[runlim] sample:		3309.93 time, 3310.02 real, 221 MB
[runlim] sample:		3319.93 time, 3320.02 real, 221 MB
[runlim] sample:		3329.93 time, 3330.02 real, 221 MB
[runlim] sample:		3339.93 time, 3340.01 real, 221 MB
[runlim] sample:		3349.93 time, 3350.01 real, 221 MB
[runlim] sample:		3359.93 time, 3360.02 real, 221 MB
[runlim] sample:		3369.93 time, 3370.02 real, 221 MB
[runlim] sample:		3379.93 time, 3380.02 real, 221 MB
[runlim] sample:		3389.93 time, 3390.02 real, 221 MB
[runlim] sample:		3399.93 time, 3400.02 real, 221 MB
[runlim] sample:		3409.93 time, 3410.02 real, 221 MB
[runlim] sample:		3419.93 time, 3420.02 real, 221 MB
[runlim] sample:		3429.93 time, 3430.02 real, 221 MB
[runlim] sample:		3439.93 time, 3440.02 real, 221 MB
[runlim] sample:		3449.93 time, 3450.02 real, 221 MB
[runlim] sample:		3459.93 time, 3460.02 real, 221 MB
[runlim] sample:		3469.93 time, 3470.02 real, 221 MB
[runlim] sample:		3479.93 time, 3480.02 real, 221 MB
[runlim] sample:		3489.93 time, 3490.02 real, 221 MB
[runlim] sample:		3499.93 time, 3500.02 real, 221 MB
[runlim] sample:		3509.93 time, 3510.02 real, 221 MB
[runlim] sample:		3519.93 time, 3520.02 real, 221 MB
[runlim] sample:		3529.93 time, 3530.02 real, 221 MB
[runlim] sample:		3539.93 time, 3540.02 real, 221 MB
[runlim] sample:		3549.93 time, 3550.02 real, 221 MB
[runlim] sample:		3559.93 time, 3560.02 real, 221 MB
[runlim] sample:		3569.93 time, 3570.02 real, 221 MB
[runlim] sample:		3579.93 time, 3580.02 real, 221 MB
[runlim] sample:		3589.93 time, 3590.02 real, 221 MB
[runlim] sample:		3599.93 time, 3600.02 real, 221 MB
[runlim] end:			Thu Oct 17 02:26:22 2019
[runlim] status:		out of time
[runlim] result:		2
[runlim] children:		3
[runlim] real:			3600.10 seconds
[runlim] time:			3599.93 seconds
[runlim] space:			250 MB
[runlim] samples:		36000
