[runlim] version:		1.17
[runlim] host:			c3n15
[runlim] time limit:		311040000 seconds
[runlim] real time limit:	3600 seconds
[runlim] space limit:		120000 MB
[runlim] argv[0]:		./run-conps-btormc-thp.sh
[runlim] argv[1]:		/tmp/KcM3oIkx.btor2
[runlim] start:			Thu Oct 17 03:44:35 2019
[runlim] child:			27946
warning: unsupported tag 'output'
warning: unsupported tag 'output'
warning: unsupported tag 'output'
warning: unsupported tag 'output'
[runlim] sample:		9.99 time, 10.01 real, 20 MB
[runlim] sample:		19.98 time, 20.01 real, 23 MB
[runlim] sample:		29.98 time, 30.01 real, 27 MB
[runlim] sample:		39.98 time, 40.01 real, 30 MB
[runlim] sample:		49.98 time, 50.01 real, 28 MB
[runlim] sample:		59.97 time, 60.01 real, 32 MB
[runlim] sample:		69.97 time, 70.01 real, 36 MB
[runlim] sample:		79.97 time, 80.01 real, 36 MB
[runlim] sample:		89.97 time, 90.01 real, 37 MB
[runlim] sample:		99.97 time, 100.01 real, 37 MB
[runlim] sample:		109.97 time, 110.01 real, 37 MB
[runlim] sample:		119.97 time, 120.01 real, 37 MB
[runlim] sample:		129.97 time, 130.01 real, 39 MB
[runlim] sample:		139.97 time, 140.01 real, 39 MB
[runlim] sample:		149.97 time, 150.01 real, 39 MB
[runlim] sample:		159.98 time, 160.01 real, 36 MB
[runlim] sample:		169.98 time, 170.01 real, 44 MB
[runlim] sample:		179.98 time, 180.01 real, 44 MB
[runlim] sample:		189.97 time, 190.01 real, 46 MB
[runlim] sample:		199.97 time, 200.01 real, 46 MB
[runlim] sample:		209.97 time, 210.01 real, 46 MB
[runlim] sample:		219.97 time, 220.01 real, 46 MB
[runlim] sample:		229.97 time, 230.01 real, 46 MB
[runlim] sample:		239.97 time, 240.01 real, 47 MB
[runlim] sample:		249.97 time, 250.01 real, 47 MB
[runlim] sample:		259.97 time, 260.01 real, 47 MB
[runlim] sample:		269.97 time, 270.01 real, 47 MB
[runlim] sample:		279.97 time, 280.01 real, 51 MB
[runlim] sample:		289.97 time, 290.01 real, 51 MB
[runlim] sample:		299.97 time, 300.01 real, 51 MB
[runlim] sample:		309.97 time, 310.02 real, 51 MB
[runlim] sample:		319.97 time, 320.01 real, 51 MB
[runlim] sample:		329.97 time, 330.01 real, 51 MB
[runlim] sample:		339.97 time, 340.01 real, 51 MB
[runlim] sample:		349.97 time, 350.01 real, 57 MB
[runlim] sample:		359.97 time, 360.01 real, 57 MB
[runlim] sample:		369.97 time, 370.01 real, 57 MB
[runlim] sample:		379.97 time, 380.01 real, 57 MB
[runlim] sample:		389.97 time, 390.01 real, 57 MB
[runlim] sample:		399.97 time, 400.02 real, 57 MB
[runlim] sample:		409.97 time, 410.01 real, 57 MB
[runlim] sample:		419.97 time, 420.01 real, 57 MB
[runlim] sample:		429.97 time, 430.01 real, 57 MB
[runlim] sample:		439.97 time, 440.01 real, 57 MB
[runlim] sample:		449.97 time, 450.01 real, 59 MB
[runlim] sample:		459.97 time, 460.01 real, 59 MB
[runlim] sample:		469.97 time, 470.01 real, 59 MB
[runlim] sample:		479.97 time, 480.01 real, 52 MB
[runlim] sample:		489.97 time, 490.01 real, 52 MB
[runlim] sample:		499.97 time, 500.01 real, 52 MB
[runlim] sample:		509.97 time, 510.01 real, 52 MB
[runlim] sample:		519.97 time, 520.01 real, 52 MB
[runlim] sample:		529.97 time, 530.01 real, 52 MB
[runlim] sample:		539.97 time, 540.01 real, 52 MB
[runlim] sample:		549.97 time, 550.01 real, 52 MB
[runlim] sample:		559.97 time, 560.01 real, 58 MB
[runlim] sample:		569.97 time, 570.01 real, 62 MB
[runlim] sample:		579.97 time, 580.01 real, 62 MB
[runlim] sample:		589.97 time, 590.01 real, 62 MB
[runlim] sample:		599.98 time, 600.01 real, 44 MB
[runlim] sample:		609.98 time, 610.01 real, 44 MB
[runlim] sample:		619.98 time, 620.01 real, 47 MB
[runlim] sample:		629.98 time, 630.01 real, 47 MB
[runlim] sample:		639.98 time, 640.01 real, 47 MB
[runlim] sample:		649.98 time, 650.01 real, 63 MB
[runlim] sample:		659.97 time, 660.01 real, 69 MB
[runlim] sample:		669.97 time, 670.01 real, 69 MB
[runlim] sample:		679.97 time, 680.01 real, 69 MB
[runlim] sample:		689.97 time, 690.01 real, 69 MB
[runlim] sample:		699.97 time, 700.01 real, 69 MB
[runlim] sample:		709.97 time, 710.01 real, 69 MB
[runlim] sample:		719.97 time, 720.01 real, 69 MB
[runlim] sample:		729.97 time, 730.01 real, 69 MB
[runlim] sample:		739.97 time, 740.01 real, 69 MB
[runlim] sample:		749.97 time, 750.01 real, 51 MB
[runlim] sample:		759.97 time, 760.01 real, 51 MB
[runlim] sample:		769.97 time, 770.01 real, 51 MB
[runlim] sample:		779.97 time, 780.01 real, 51 MB
[runlim] sample:		789.97 time, 790.01 real, 52 MB
[runlim] sample:		799.97 time, 800.01 real, 54 MB
[runlim] sample:		809.97 time, 810.01 real, 60 MB
[runlim] sample:		819.97 time, 820.01 real, 60 MB
[runlim] sample:		829.97 time, 830.01 real, 60 MB
[runlim] sample:		839.97 time, 840.01 real, 60 MB
[runlim] sample:		849.97 time, 850.01 real, 64 MB
[runlim] sample:		859.97 time, 860.01 real, 76 MB
[runlim] sample:		869.97 time, 870.01 real, 76 MB
[runlim] sample:		879.97 time, 880.01 real, 76 MB
[runlim] sample:		889.97 time, 890.01 real, 76 MB
[runlim] sample:		899.97 time, 900.01 real, 76 MB
[runlim] sample:		909.97 time, 910.01 real, 76 MB
[runlim] sample:		919.97 time, 920.01 real, 76 MB
[runlim] sample:		929.97 time, 930.01 real, 76 MB
[runlim] sample:		939.97 time, 940.01 real, 76 MB
[runlim] sample:		949.97 time, 950.01 real, 76 MB
[runlim] sample:		959.97 time, 960.01 real, 76 MB
[runlim] sample:		969.97 time, 970.01 real, 50 MB
[runlim] sample:		979.97 time, 980.01 real, 50 MB
[runlim] sample:		989.97 time, 990.01 real, 50 MB
[runlim] sample:		999.97 time, 1000.01 real, 50 MB
[runlim] sample:		1009.97 time, 1010.01 real, 68 MB
[runlim] sample:		1019.97 time, 1020.01 real, 74 MB
[runlim] sample:		1029.97 time, 1030.01 real, 74 MB
[runlim] sample:		1039.97 time, 1040.01 real, 74 MB
[runlim] sample:		1049.97 time, 1050.01 real, 74 MB
[runlim] sample:		1059.97 time, 1060.01 real, 74 MB
[runlim] sample:		1069.97 time, 1070.01 real, 74 MB
[runlim] sample:		1079.97 time, 1080.01 real, 74 MB
[runlim] sample:		1089.97 time, 1090.01 real, 78 MB
[runlim] sample:		1099.97 time, 1100.01 real, 78 MB
[runlim] sample:		1109.97 time, 1110.01 real, 78 MB
[runlim] sample:		1119.97 time, 1120.01 real, 78 MB
[runlim] sample:		1129.97 time, 1130.01 real, 78 MB
[runlim] sample:		1139.96 time, 1140.01 real, 53 MB
[runlim] sample:		1149.96 time, 1150.01 real, 53 MB
[runlim] sample:		1159.96 time, 1160.02 real, 53 MB
[runlim] sample:		1169.96 time, 1170.01 real, 53 MB
[runlim] sample:		1179.96 time, 1180.01 real, 53 MB
[runlim] sample:		1189.97 time, 1190.01 real, 70 MB
[runlim] sample:		1199.96 time, 1200.01 real, 78 MB
[runlim] sample:		1209.96 time, 1210.01 real, 78 MB
[runlim] sample:		1219.96 time, 1220.01 real, 79 MB
[runlim] sample:		1229.96 time, 1230.01 real, 79 MB
[runlim] sample:		1239.96 time, 1240.01 real, 79 MB
[runlim] sample:		1249.96 time, 1250.01 real, 79 MB
[runlim] sample:		1259.96 time, 1260.01 real, 79 MB
[runlim] sample:		1269.96 time, 1270.01 real, 79 MB
[runlim] sample:		1279.96 time, 1280.01 real, 79 MB
[runlim] sample:		1289.96 time, 1290.01 real, 79 MB
[runlim] sample:		1299.96 time, 1300.01 real, 79 MB
[runlim] sample:		1309.97 time, 1310.01 real, 68 MB
[runlim] sample:		1319.97 time, 1320.01 real, 68 MB
[runlim] sample:		1329.97 time, 1330.01 real, 68 MB
[runlim] sample:		1339.97 time, 1340.01 real, 68 MB
[runlim] sample:		1349.97 time, 1350.02 real, 69 MB
[runlim] sample:		1359.97 time, 1360.02 real, 69 MB
[runlim] sample:		1369.97 time, 1370.01 real, 69 MB
[runlim] sample:		1379.97 time, 1380.01 real, 71 MB
[runlim] sample:		1389.97 time, 1390.01 real, 71 MB
[runlim] sample:		1399.97 time, 1400.01 real, 71 MB
[runlim] sample:		1409.97 time, 1410.01 real, 71 MB
[runlim] sample:		1419.97 time, 1420.01 real, 88 MB
[runlim] sample:		1429.97 time, 1430.01 real, 88 MB
[runlim] sample:		1439.97 time, 1440.01 real, 88 MB
[runlim] sample:		1449.97 time, 1450.01 real, 88 MB
[runlim] sample:		1459.97 time, 1460.01 real, 88 MB
[runlim] sample:		1469.97 time, 1470.01 real, 88 MB
[runlim] sample:		1479.97 time, 1480.01 real, 88 MB
[runlim] sample:		1489.97 time, 1490.01 real, 88 MB
[runlim] sample:		1499.97 time, 1500.01 real, 88 MB
[runlim] sample:		1509.97 time, 1510.01 real, 88 MB
[runlim] sample:		1519.97 time, 1520.01 real, 88 MB
[runlim] sample:		1529.97 time, 1530.01 real, 66 MB
[runlim] sample:		1539.97 time, 1540.01 real, 66 MB
[runlim] sample:		1549.97 time, 1550.01 real, 66 MB
[runlim] sample:		1559.97 time, 1560.01 real, 66 MB
[runlim] sample:		1569.97 time, 1570.01 real, 66 MB
[runlim] sample:		1579.97 time, 1580.01 real, 66 MB
[runlim] sample:		1589.97 time, 1590.01 real, 90 MB
[runlim] sample:		1599.97 time, 1600.01 real, 90 MB
[runlim] sample:		1609.97 time, 1610.01 real, 90 MB
[runlim] sample:		1619.97 time, 1620.01 real, 90 MB
[runlim] sample:		1629.97 time, 1630.01 real, 90 MB
[runlim] sample:		1639.97 time, 1640.01 real, 90 MB
[runlim] sample:		1649.97 time, 1650.01 real, 90 MB
[runlim] sample:		1659.97 time, 1660.01 real, 90 MB
[runlim] sample:		1669.97 time, 1670.01 real, 90 MB
[runlim] sample:		1679.97 time, 1680.01 real, 90 MB
[runlim] sample:		1689.97 time, 1690.01 real, 90 MB
[runlim] sample:		1699.97 time, 1700.01 real, 90 MB
[runlim] sample:		1709.97 time, 1710.01 real, 90 MB
[runlim] sample:		1719.97 time, 1720.01 real, 90 MB
[runlim] sample:		1729.97 time, 1730.01 real, 90 MB
[runlim] sample:		1739.97 time, 1740.01 real, 90 MB
[runlim] sample:		1749.97 time, 1750.01 real, 90 MB
[runlim] sample:		1759.96 time, 1760.01 real, 96 MB
[runlim] sample:		1769.96 time, 1770.01 real, 96 MB
[runlim] sample:		1779.96 time, 1780.01 real, 96 MB
[runlim] sample:		1789.96 time, 1790.01 real, 96 MB
[runlim] sample:		1799.96 time, 1800.01 real, 96 MB
[runlim] sample:		1809.96 time, 1810.01 real, 96 MB
[runlim] sample:		1819.96 time, 1820.01 real, 96 MB
[runlim] sample:		1829.96 time, 1830.01 real, 96 MB
[runlim] sample:		1839.96 time, 1840.01 real, 96 MB
[runlim] sample:		1849.97 time, 1850.01 real, 70 MB
[runlim] sample:		1859.97 time, 1860.01 real, 70 MB
[runlim] sample:		1869.97 time, 1870.01 real, 70 MB
[runlim] sample:		1879.97 time, 1880.01 real, 70 MB
[runlim] sample:		1889.97 time, 1890.02 real, 70 MB
[runlim] sample:		1899.97 time, 1900.01 real, 63 MB
[runlim] sample:		1909.97 time, 1910.01 real, 85 MB
[runlim] sample:		1919.97 time, 1920.01 real, 85 MB
[runlim] sample:		1929.97 time, 1930.01 real, 85 MB
[runlim] sample:		1939.97 time, 1940.02 real, 85 MB
[runlim] sample:		1949.97 time, 1950.01 real, 85 MB
[runlim] sample:		1959.97 time, 1960.01 real, 85 MB
[runlim] sample:		1969.97 time, 1970.01 real, 85 MB
[runlim] sample:		1979.97 time, 1980.01 real, 85 MB
[runlim] sample:		1989.96 time, 1990.01 real, 85 MB
[runlim] sample:		1999.96 time, 2000.01 real, 99 MB
[runlim] sample:		2009.96 time, 2010.01 real, 99 MB
[runlim] sample:		2019.96 time, 2020.01 real, 99 MB
[runlim] sample:		2029.96 time, 2030.01 real, 99 MB
[runlim] sample:		2039.96 time, 2040.01 real, 99 MB
[runlim] sample:		2049.96 time, 2050.01 real, 99 MB
[runlim] sample:		2059.96 time, 2060.01 real, 99 MB
[runlim] sample:		2069.96 time, 2070.01 real, 99 MB
[runlim] sample:		2079.96 time, 2080.01 real, 99 MB
[runlim] sample:		2089.96 time, 2090.01 real, 99 MB
[runlim] sample:		2099.96 time, 2100.01 real, 99 MB
[runlim] sample:		2109.96 time, 2110.01 real, 99 MB
[runlim] sample:		2119.96 time, 2120.01 real, 99 MB
[runlim] sample:		2129.96 time, 2130.02 real, 99 MB
[runlim] sample:		2139.96 time, 2140.01 real, 99 MB
[runlim] sample:		2149.96 time, 2150.01 real, 99 MB
[runlim] sample:		2159.96 time, 2160.01 real, 99 MB
[runlim] sample:		2169.96 time, 2170.01 real, 99 MB
[runlim] sample:		2179.96 time, 2180.01 real, 99 MB
[runlim] sample:		2189.96 time, 2190.01 real, 99 MB
[runlim] sample:		2199.96 time, 2200.01 real, 99 MB
[runlim] sample:		2209.96 time, 2210.01 real, 99 MB
[runlim] sample:		2219.96 time, 2220.01 real, 99 MB
[runlim] sample:		2229.96 time, 2230.01 real, 99 MB
[runlim] sample:		2239.96 time, 2240.01 real, 99 MB
[runlim] sample:		2249.96 time, 2250.01 real, 99 MB
[runlim] sample:		2259.96 time, 2260.01 real, 99 MB
[runlim] sample:		2269.96 time, 2270.01 real, 99 MB
[runlim] sample:		2279.96 time, 2280.01 real, 73 MB
[runlim] sample:		2289.96 time, 2290.01 real, 73 MB
[runlim] sample:		2299.96 time, 2300.01 real, 73 MB
[runlim] sample:		2309.96 time, 2310.01 real, 73 MB
[runlim] sample:		2319.96 time, 2320.01 real, 73 MB
[runlim] sample:		2329.96 time, 2330.01 real, 81 MB
[runlim] sample:		2339.96 time, 2340.02 real, 83 MB
[runlim] sample:		2349.96 time, 2350.01 real, 83 MB
[runlim] sample:		2359.96 time, 2360.01 real, 95 MB
[runlim] sample:		2369.96 time, 2370.01 real, 95 MB
[runlim] sample:		2379.96 time, 2380.01 real, 95 MB
[runlim] sample:		2389.96 time, 2390.01 real, 95 MB
[runlim] sample:		2399.96 time, 2400.01 real, 95 MB
[runlim] sample:		2409.96 time, 2410.01 real, 95 MB
[runlim] sample:		2419.96 time, 2420.01 real, 95 MB
[runlim] sample:		2429.96 time, 2430.01 real, 95 MB
[runlim] sample:		2439.96 time, 2440.01 real, 95 MB
[runlim] sample:		2449.96 time, 2450.01 real, 95 MB
[runlim] sample:		2459.96 time, 2460.01 real, 95 MB
[runlim] sample:		2469.96 time, 2470.01 real, 95 MB
[runlim] sample:		2479.96 time, 2480.01 real, 95 MB
[runlim] sample:		2489.96 time, 2490.01 real, 95 MB
[runlim] sample:		2499.96 time, 2500.01 real, 95 MB
[runlim] sample:		2509.96 time, 2510.01 real, 95 MB
[runlim] sample:		2519.96 time, 2520.01 real, 95 MB
[runlim] sample:		2529.96 time, 2530.01 real, 95 MB
[runlim] sample:		2539.96 time, 2540.01 real, 95 MB
[runlim] sample:		2549.96 time, 2550.02 real, 95 MB
[runlim] sample:		2559.96 time, 2560.01 real, 95 MB
[runlim] sample:		2569.96 time, 2570.01 real, 95 MB
[runlim] sample:		2579.96 time, 2580.01 real, 95 MB
[runlim] sample:		2589.96 time, 2590.01 real, 103 MB
[runlim] sample:		2599.96 time, 2600.01 real, 103 MB
[runlim] sample:		2609.96 time, 2610.01 real, 103 MB
[runlim] sample:		2619.96 time, 2620.01 real, 103 MB
[runlim] sample:		2629.96 time, 2630.01 real, 103 MB
[runlim] sample:		2639.96 time, 2640.01 real, 103 MB
[runlim] sample:		2649.96 time, 2650.01 real, 88 MB
[runlim] sample:		2659.96 time, 2660.01 real, 66 MB
[runlim] sample:		2669.96 time, 2670.01 real, 66 MB
[runlim] sample:		2679.96 time, 2680.01 real, 66 MB
[runlim] sample:		2689.96 time, 2690.01 real, 66 MB
[runlim] sample:		2699.96 time, 2700.01 real, 66 MB
[runlim] sample:		2709.96 time, 2710.01 real, 89 MB
[runlim] sample:		2719.96 time, 2720.01 real, 89 MB
[runlim] sample:		2729.96 time, 2730.01 real, 101 MB
[runlim] sample:		2739.96 time, 2740.01 real, 101 MB
[runlim] sample:		2749.96 time, 2750.01 real, 101 MB
[runlim] sample:		2759.96 time, 2760.01 real, 101 MB
[runlim] sample:		2769.96 time, 2770.01 real, 101 MB
[runlim] sample:		2779.96 time, 2780.01 real, 101 MB
[runlim] sample:		2789.96 time, 2790.01 real, 101 MB
[runlim] sample:		2799.96 time, 2800.01 real, 101 MB
[runlim] sample:		2809.96 time, 2810.01 real, 101 MB
[runlim] sample:		2819.96 time, 2820.01 real, 101 MB
[runlim] sample:		2829.96 time, 2830.01 real, 101 MB
[runlim] sample:		2839.96 time, 2840.01 real, 101 MB
[runlim] sample:		2849.96 time, 2850.01 real, 101 MB
[runlim] sample:		2859.96 time, 2860.01 real, 101 MB
[runlim] sample:		2869.96 time, 2870.01 real, 101 MB
[runlim] sample:		2879.96 time, 2880.01 real, 101 MB
[runlim] sample:		2889.96 time, 2890.02 real, 101 MB
[runlim] sample:		2899.96 time, 2900.01 real, 101 MB
[runlim] sample:		2909.96 time, 2910.01 real, 101 MB
[runlim] sample:		2919.96 time, 2920.01 real, 101 MB
[runlim] sample:		2929.96 time, 2930.01 real, 101 MB
[runlim] sample:		2939.96 time, 2940.01 real, 101 MB
[runlim] sample:		2949.96 time, 2950.01 real, 101 MB
[runlim] sample:		2959.96 time, 2960.01 real, 101 MB
[runlim] sample:		2969.96 time, 2970.01 real, 101 MB
[runlim] sample:		2979.96 time, 2980.01 real, 101 MB
[runlim] sample:		2989.96 time, 2990.01 real, 101 MB
[runlim] sample:		2999.96 time, 3000.01 real, 101 MB
[runlim] sample:		3009.96 time, 3010.01 real, 101 MB
[runlim] sample:		3019.96 time, 3020.01 real, 101 MB
[runlim] sample:		3029.96 time, 3030.01 real, 101 MB
[runlim] sample:		3039.96 time, 3040.01 real, 101 MB
[runlim] sample:		3049.96 time, 3050.01 real, 101 MB
[runlim] sample:		3059.96 time, 3060.01 real, 101 MB
[runlim] end:			Thu Oct 17 04:35:45 2019
[runlim] status:		ok
[runlim] result:		0
[runlim] children:		3
[runlim] real:			3069.55 seconds
[runlim] time:			3069.46 seconds
[runlim] space:			103 MB
[runlim] samples:		30695
