[runlim] version:		1.17
[runlim] host:			c3n17
[runlim] time limit:		311040000 seconds
[runlim] real time limit:	3600 seconds
[runlim] space limit:		120000 MB
[runlim] argv[0]:		./run-conps-btormc-thp.sh
[runlim] argv[1]:		/tmp/Y3uQjCIS.btor2
[runlim] start:			Thu Oct 17 03:14:15 2019
[runlim] child:			12582
warning: unsupported tag 'output'
warning: unsupported tag 'output'
warning: unsupported tag 'output'
[runlim] sample:		9.98 time, 10.01 real, 21 MB
[runlim] sample:		19.98 time, 20.01 real, 25 MB
[runlim] end:			Thu Oct 17 03:14:36 2019
[runlim] status:		ok
[runlim] result:		0
[runlim] children:		3
[runlim] real:			20.26 seconds
[runlim] time:			20.18 seconds
[runlim] space:			25 MB
[runlim] samples:		202
