[runlim] version:		1.17
[runlim] host:			c3n01
[runlim] time limit:		311040000 seconds
[runlim] real time limit:	3600 seconds
[runlim] space limit:		120000 MB
[runlim] argv[0]:		./run-conps-btormc-thp.sh
[runlim] argv[1]:		/tmp/zlhXnC77.btor
[runlim] start:			Thu Oct 17 06:45:36 2019
[runlim] child:			9405
[runlim] sample:		9.98 time, 10.01 real, 93 MB
[runlim] sample:		19.98 time, 20.02 real, 153 MB
[runlim] sample:		29.98 time, 30.01 real, 191 MB
[runlim] sample:		39.98 time, 40.01 real, 241 MB
[runlim] sample:		49.99 time, 50.02 real, 275 MB
[runlim] sample:		59.98 time, 60.02 real, 323 MB
[runlim] sample:		69.99 time, 70.02 real, 349 MB
[runlim] sample:		79.99 time, 80.02 real, 372 MB
[runlim] sample:		89.98 time, 90.02 real, 458 MB
[runlim] sample:		99.99 time, 100.01 real, 524 MB
[runlim] sample:		109.98 time, 110.02 real, 564 MB
[runlim] sample:		119.98 time, 120.02 real, 698 MB
[runlim] sample:		129.98 time, 130.01 real, 698 MB
[runlim] sample:		139.98 time, 140.02 real, 802 MB
[runlim] sample:		149.98 time, 150.02 real, 903 MB
[runlim] sample:		159.99 time, 160.02 real, 997 MB
[runlim] sample:		169.98 time, 170.02 real, 1024 MB
[runlim] sample:		179.99 time, 180.02 real, 1109 MB
[runlim] end:			Thu Oct 17 06:48:45 2019
[runlim] status:		ok
[runlim] result:		0
[runlim] children:		3
[runlim] real:			189.27 seconds
[runlim] time:			189.18 seconds
[runlim] space:			1192 MB
[runlim] samples:		1892
