[runlim] version:		1.17
[runlim] host:			c3n14
[runlim] time limit:		311040000 seconds
[runlim] real time limit:	3600 seconds
[runlim] space limit:		120000 MB
[runlim] argv[0]:		./run-conps-btormc-thp.sh
[runlim] argv[1]:		/tmp/4VKC7FqI.btor
[runlim] start:			Thu Oct 17 06:11:19 2019
[runlim] child:			758
[runlim] sample:		9.98 time, 10.02 real, 63 MB
[runlim] sample:		19.98 time, 20.02 real, 114 MB
[runlim] sample:		29.99 time, 30.02 real, 170 MB
[runlim] sample:		39.99 time, 40.02 real, 186 MB
[runlim] sample:		49.98 time, 50.02 real, 220 MB
[runlim] sample:		59.98 time, 60.01 real, 264 MB
[runlim] sample:		69.98 time, 70.02 real, 278 MB
[runlim] sample:		79.98 time, 80.02 real, 326 MB
[runlim] sample:		89.99 time, 90.02 real, 346 MB
[runlim] sample:		99.98 time, 100.02 real, 374 MB
[runlim] sample:		109.98 time, 110.02 real, 390 MB
[runlim] sample:		119.98 time, 120.02 real, 412 MB
[runlim] sample:		129.98 time, 130.02 real, 442 MB
[runlim] sample:		139.98 time, 140.02 real, 446 MB
[runlim] sample:		149.97 time, 150.01 real, 484 MB
[runlim] sample:		159.98 time, 160.02 real, 528 MB
[runlim] sample:		169.98 time, 170.02 real, 606 MB
[runlim] sample:		179.98 time, 180.02 real, 694 MB
[runlim] sample:		189.98 time, 190.02 real, 804 MB
[runlim] sample:		199.98 time, 200.02 real, 856 MB
[runlim] sample:		209.98 time, 210.01 real, 854 MB
[runlim] sample:		219.98 time, 220.02 real, 854 MB
[runlim] sample:		229.98 time, 230.02 real, 866 MB
[runlim] sample:		239.98 time, 240.02 real, 908 MB
[runlim] sample:		249.98 time, 250.02 real, 925 MB
[runlim] sample:		259.98 time, 260.02 real, 1045 MB
[runlim] sample:		269.98 time, 270.02 real, 1173 MB
[runlim] end:			Thu Oct 17 06:15:53 2019
[runlim] status:		ok
[runlim] result:		0
[runlim] children:		3
[runlim] real:			273.74 seconds
[runlim] time:			273.68 seconds
[runlim] space:			1206 MB
[runlim] samples:		2737
