[runlim] version:		1.17
[runlim] host:			c3n24
[runlim] time limit:		311040000 seconds
[runlim] real time limit:	3600 seconds
[runlim] space limit:		120000 MB
[runlim] argv[0]:		./run-conps-btormc-thp.sh
[runlim] argv[1]:		/tmp/ZqkeV76G.btor
[runlim] start:			Thu Oct 17 05:27:58 2019
[runlim] child:			627
[runlim] sample:		9.99 time, 10.02 real, 58 MB
[runlim] sample:		19.99 time, 20.02 real, 64 MB
[runlim] sample:		29.98 time, 30.01 real, 70 MB
[runlim] sample:		39.98 time, 40.01 real, 76 MB
[runlim] sample:		49.97 time, 50.01 real, 85 MB
[runlim] sample:		59.98 time, 60.01 real, 88 MB
[runlim] sample:		69.98 time, 70.01 real, 88 MB
[runlim] sample:		79.98 time, 80.01 real, 102 MB
[runlim] sample:		89.98 time, 90.01 real, 104 MB
[runlim] sample:		99.98 time, 100.01 real, 108 MB
[runlim] sample:		109.98 time, 110.01 real, 108 MB
[runlim] sample:		119.98 time, 120.01 real, 108 MB
[runlim] sample:		129.98 time, 130.02 real, 114 MB
[runlim] sample:		139.98 time, 140.01 real, 114 MB
[runlim] sample:		149.98 time, 150.01 real, 116 MB
[runlim] sample:		159.98 time, 160.01 real, 117 MB
[runlim] sample:		169.98 time, 170.01 real, 119 MB
[runlim] sample:		179.98 time, 180.01 real, 119 MB
[runlim] sample:		189.99 time, 190.02 real, 138 MB
[runlim] sample:		199.99 time, 200.02 real, 138 MB
[runlim] sample:		209.98 time, 210.01 real, 138 MB
[runlim] sample:		219.99 time, 220.02 real, 138 MB
[runlim] sample:		229.99 time, 230.02 real, 158 MB
[runlim] sample:		239.99 time, 240.02 real, 175 MB
[runlim] sample:		249.99 time, 250.02 real, 175 MB
[runlim] sample:		259.98 time, 260.02 real, 175 MB
[runlim] sample:		269.99 time, 270.02 real, 175 MB
[runlim] sample:		279.99 time, 280.02 real, 175 MB
[runlim] sample:		289.98 time, 290.02 real, 182 MB
[runlim] sample:		299.99 time, 300.01 real, 186 MB
[runlim] sample:		309.98 time, 310.01 real, 190 MB
[runlim] sample:		319.98 time, 320.01 real, 190 MB
[runlim] sample:		329.98 time, 330.01 real, 190 MB
[runlim] sample:		339.98 time, 340.01 real, 190 MB
[runlim] sample:		349.98 time, 350.01 real, 190 MB
[runlim] sample:		359.99 time, 360.02 real, 202 MB
[runlim] sample:		369.99 time, 370.02 real, 202 MB
[runlim] sample:		379.98 time, 380.02 real, 202 MB
[runlim] sample:		389.99 time, 390.02 real, 202 MB
[runlim] sample:		399.98 time, 400.02 real, 202 MB
[runlim] sample:		409.99 time, 410.02 real, 229 MB
[runlim] sample:		419.98 time, 420.01 real, 229 MB
[runlim] sample:		429.99 time, 430.02 real, 229 MB
[runlim] sample:		439.99 time, 440.02 real, 229 MB
[runlim] sample:		449.99 time, 450.02 real, 229 MB
[runlim] sample:		459.99 time, 460.02 real, 229 MB
[runlim] sample:		469.99 time, 470.02 real, 229 MB
[runlim] sample:		479.99 time, 480.02 real, 229 MB
[runlim] sample:		489.99 time, 490.02 real, 229 MB
[runlim] sample:		499.99 time, 500.02 real, 229 MB
[runlim] sample:		509.99 time, 510.02 real, 229 MB
[runlim] sample:		519.99 time, 520.02 real, 229 MB
[runlim] sample:		529.99 time, 530.02 real, 229 MB
[runlim] sample:		539.98 time, 540.01 real, 244 MB
[runlim] sample:		549.98 time, 550.01 real, 244 MB
[runlim] sample:		559.98 time, 560.01 real, 244 MB
[runlim] sample:		569.99 time, 570.02 real, 244 MB
[runlim] sample:		579.98 time, 580.01 real, 262 MB
[runlim] sample:		589.99 time, 590.02 real, 296 MB
[runlim] sample:		599.99 time, 600.01 real, 262 MB
[runlim] sample:		609.99 time, 610.02 real, 262 MB
[runlim] sample:		619.99 time, 620.02 real, 262 MB
[runlim] sample:		629.99 time, 630.02 real, 262 MB
[runlim] sample:		639.99 time, 640.02 real, 262 MB
[runlim] sample:		649.99 time, 650.02 real, 262 MB
[runlim] sample:		659.99 time, 660.02 real, 262 MB
[runlim] sample:		669.99 time, 670.02 real, 262 MB
[runlim] sample:		679.99 time, 680.02 real, 262 MB
[runlim] sample:		689.98 time, 690.01 real, 262 MB
[runlim] sample:		699.99 time, 700.02 real, 262 MB
[runlim] sample:		709.99 time, 710.02 real, 262 MB
[runlim] sample:		719.99 time, 720.02 real, 262 MB
[runlim] sample:		729.98 time, 730.02 real, 262 MB
[runlim] sample:		739.99 time, 740.02 real, 262 MB
[runlim] sample:		749.99 time, 750.02 real, 262 MB
[runlim] sample:		759.99 time, 760.02 real, 262 MB
[runlim] sample:		769.99 time, 770.02 real, 262 MB
[runlim] sample:		779.98 time, 780.01 real, 277 MB
[runlim] sample:		789.98 time, 790.01 real, 287 MB
[runlim] sample:		799.98 time, 800.01 real, 287 MB
[runlim] sample:		809.98 time, 810.01 real, 287 MB
[runlim] sample:		819.98 time, 820.01 real, 287 MB
[runlim] sample:		829.98 time, 830.01 real, 287 MB
[runlim] sample:		839.98 time, 840.01 real, 287 MB
[runlim] sample:		849.99 time, 850.01 real, 336 MB
[runlim] sample:		859.99 time, 860.01 real, 336 MB
[runlim] sample:		869.99 time, 870.01 real, 306 MB
[runlim] sample:		879.99 time, 880.01 real, 306 MB
[runlim] sample:		889.99 time, 890.01 real, 306 MB
[runlim] sample:		899.99 time, 900.01 real, 306 MB
[runlim] sample:		909.99 time, 910.01 real, 306 MB
[runlim] sample:		919.99 time, 920.01 real, 306 MB
[runlim] sample:		929.99 time, 930.01 real, 306 MB
[runlim] sample:		939.99 time, 940.01 real, 306 MB
[runlim] sample:		949.99 time, 950.01 real, 308 MB
[runlim] sample:		959.99 time, 960.01 real, 308 MB
[runlim] sample:		969.98 time, 970.01 real, 380 MB
[runlim] sample:		979.98 time, 980.01 real, 350 MB
[runlim] sample:		989.98 time, 990.01 real, 350 MB
[runlim] sample:		999.98 time, 1000.01 real, 384 MB
[runlim] sample:		1009.98 time, 1010.01 real, 384 MB
[runlim] sample:		1019.99 time, 1020.01 real, 384 MB
[runlim] sample:		1029.99 time, 1030.01 real, 350 MB
[runlim] sample:		1039.99 time, 1040.01 real, 350 MB
[runlim] sample:		1049.99 time, 1050.01 real, 352 MB
[runlim] sample:		1059.99 time, 1060.01 real, 352 MB
[runlim] sample:		1069.99 time, 1070.01 real, 352 MB
[runlim] sample:		1079.99 time, 1080.01 real, 352 MB
[runlim] sample:		1089.99 time, 1090.01 real, 352 MB
[runlim] sample:		1099.99 time, 1100.01 real, 352 MB
[runlim] sample:		1109.99 time, 1110.01 real, 354 MB
[runlim] sample:		1119.99 time, 1120.01 real, 354 MB
[runlim] sample:		1129.99 time, 1130.01 real, 364 MB
[runlim] sample:		1139.99 time, 1140.01 real, 364 MB
[runlim] sample:		1149.99 time, 1150.01 real, 402 MB
[runlim] sample:		1159.99 time, 1160.01 real, 402 MB
[runlim] sample:		1169.99 time, 1170.01 real, 402 MB
[runlim] sample:		1179.99 time, 1180.01 real, 402 MB
[runlim] sample:		1189.99 time, 1190.01 real, 402 MB
[runlim] sample:		1199.99 time, 1200.01 real, 402 MB
[runlim] sample:		1209.99 time, 1210.01 real, 402 MB
[runlim] sample:		1219.99 time, 1220.01 real, 402 MB
[runlim] sample:		1229.99 time, 1230.01 real, 402 MB
[runlim] sample:		1239.99 time, 1240.01 real, 402 MB
[runlim] sample:		1249.99 time, 1250.01 real, 427 MB
[runlim] sample:		1259.98 time, 1260.01 real, 427 MB
[runlim] sample:		1269.98 time, 1270.01 real, 427 MB
[runlim] sample:		1279.99 time, 1280.01 real, 427 MB
[runlim] sample:		1289.99 time, 1290.01 real, 427 MB
[runlim] sample:		1299.99 time, 1300.01 real, 427 MB
[runlim] sample:		1309.99 time, 1310.01 real, 427 MB
[runlim] sample:		1319.99 time, 1320.01 real, 427 MB
[runlim] sample:		1329.99 time, 1330.01 real, 427 MB
[runlim] sample:		1339.99 time, 1340.01 real, 427 MB
[runlim] sample:		1349.99 time, 1350.01 real, 427 MB
[runlim] sample:		1359.99 time, 1360.01 real, 427 MB
[runlim] sample:		1369.99 time, 1370.01 real, 427 MB
[runlim] sample:		1379.99 time, 1380.01 real, 427 MB
[runlim] sample:		1389.99 time, 1390.01 real, 427 MB
[runlim] sample:		1399.99 time, 1400.01 real, 427 MB
[runlim] sample:		1409.99 time, 1410.01 real, 427 MB
[runlim] sample:		1419.99 time, 1420.01 real, 427 MB
[runlim] sample:		1429.99 time, 1430.01 real, 427 MB
[runlim] sample:		1439.99 time, 1440.01 real, 427 MB
[runlim] sample:		1449.99 time, 1450.01 real, 427 MB
[runlim] sample:		1459.99 time, 1460.01 real, 427 MB
[runlim] sample:		1469.99 time, 1470.01 real, 427 MB
[runlim] sample:		1479.99 time, 1480.01 real, 427 MB
[runlim] sample:		1489.99 time, 1490.01 real, 427 MB
[runlim] sample:		1499.99 time, 1500.01 real, 427 MB
[runlim] sample:		1509.99 time, 1510.01 real, 427 MB
[runlim] sample:		1519.99 time, 1520.01 real, 427 MB
[runlim] sample:		1529.99 time, 1530.01 real, 427 MB
[runlim] sample:		1539.99 time, 1540.01 real, 427 MB
[runlim] sample:		1549.99 time, 1550.01 real, 427 MB
[runlim] sample:		1559.99 time, 1560.01 real, 433 MB
[runlim] sample:		1569.99 time, 1570.01 real, 433 MB
[runlim] sample:		1579.99 time, 1580.01 real, 433 MB
[runlim] sample:		1589.99 time, 1590.01 real, 443 MB
[runlim] sample:		1599.99 time, 1600.01 real, 443 MB
[runlim] sample:		1610.00 time, 1610.01 real, 473 MB
[runlim] sample:		1619.99 time, 1620.01 real, 473 MB
[runlim] sample:		1629.99 time, 1630.01 real, 473 MB
[runlim] sample:		1639.99 time, 1640.01 real, 473 MB
[runlim] sample:		1650.00 time, 1650.01 real, 473 MB
[runlim] sample:		1660.00 time, 1660.01 real, 473 MB
[runlim] sample:		1670.00 time, 1670.01 real, 473 MB
[runlim] sample:		1680.00 time, 1680.01 real, 473 MB
[runlim] sample:		1690.00 time, 1690.01 real, 473 MB
[runlim] sample:		1700.00 time, 1700.01 real, 473 MB
[runlim] sample:		1710.00 time, 1710.01 real, 473 MB
[runlim] sample:		1720.00 time, 1720.01 real, 473 MB
[runlim] sample:		1730.00 time, 1730.01 real, 473 MB
[runlim] sample:		1740.00 time, 1740.01 real, 473 MB
[runlim] sample:		1750.00 time, 1750.01 real, 473 MB
[runlim] sample:		1759.99 time, 1760.01 real, 566 MB
[runlim] sample:		1769.99 time, 1770.01 real, 566 MB
[runlim] sample:		1779.99 time, 1780.01 real, 566 MB
[runlim] sample:		1789.99 time, 1790.01 real, 566 MB
[runlim] sample:		1799.99 time, 1800.01 real, 500 MB
[runlim] sample:		1809.99 time, 1810.01 real, 500 MB
[runlim] sample:		1819.99 time, 1820.01 real, 500 MB
[runlim] sample:		1829.99 time, 1830.01 real, 500 MB
[runlim] sample:		1840.00 time, 1840.01 real, 502 MB
[runlim] sample:		1850.00 time, 1850.01 real, 502 MB
[runlim] sample:		1860.00 time, 1860.01 real, 502 MB
[runlim] sample:		1870.00 time, 1870.01 real, 502 MB
[runlim] sample:		1880.00 time, 1880.01 real, 502 MB
[runlim] sample:		1890.00 time, 1890.01 real, 502 MB
[runlim] sample:		1900.00 time, 1900.01 real, 502 MB
[runlim] sample:		1910.00 time, 1910.01 real, 502 MB
[runlim] sample:		1920.00 time, 1920.01 real, 502 MB
[runlim] sample:		1930.00 time, 1930.01 real, 588 MB
[runlim] sample:		1939.99 time, 1940.01 real, 523 MB
[runlim] sample:		1950.00 time, 1950.01 real, 523 MB
[runlim] sample:		1959.99 time, 1960.01 real, 527 MB
[runlim] sample:		1970.00 time, 1970.01 real, 527 MB
[runlim] sample:		1980.00 time, 1980.01 real, 527 MB
[runlim] sample:		1989.99 time, 1990.01 real, 527 MB
[runlim] sample:		1999.99 time, 2000.01 real, 527 MB
[runlim] sample:		2009.99 time, 2010.01 real, 527 MB
[runlim] sample:		2019.99 time, 2020.01 real, 527 MB
[runlim] sample:		2029.99 time, 2030.01 real, 527 MB
[runlim] sample:		2039.99 time, 2040.01 real, 527 MB
[runlim] sample:		2049.99 time, 2050.01 real, 531 MB
[runlim] sample:		2059.99 time, 2060.01 real, 531 MB
[runlim] sample:		2069.99 time, 2070.01 real, 531 MB
[runlim] sample:		2079.99 time, 2080.01 real, 531 MB
[runlim] sample:		2089.99 time, 2090.01 real, 551 MB
[runlim] sample:		2099.99 time, 2100.01 real, 551 MB
[runlim] sample:		2110.00 time, 2110.01 real, 567 MB
[runlim] sample:		2120.00 time, 2120.01 real, 567 MB
[runlim] sample:		2130.00 time, 2130.01 real, 567 MB
[runlim] sample:		2140.00 time, 2140.01 real, 567 MB
[runlim] sample:		2150.00 time, 2150.01 real, 567 MB
[runlim] sample:		2160.00 time, 2160.01 real, 567 MB
[runlim] sample:		2170.00 time, 2170.01 real, 567 MB
[runlim] sample:		2180.00 time, 2180.01 real, 567 MB
[runlim] sample:		2190.00 time, 2190.01 real, 567 MB
[runlim] sample:		2200.00 time, 2200.01 real, 567 MB
[runlim] sample:		2210.00 time, 2210.01 real, 567 MB
[runlim] sample:		2219.99 time, 2220.01 real, 567 MB
[runlim] sample:		2229.99 time, 2230.01 real, 586 MB
[runlim] sample:		2240.00 time, 2240.01 real, 586 MB
[runlim] sample:		2249.99 time, 2250.01 real, 586 MB
[runlim] sample:		2260.00 time, 2260.01 real, 586 MB
[runlim] sample:		2270.00 time, 2270.01 real, 586 MB
[runlim] sample:		2279.99 time, 2280.01 real, 749 MB
[runlim] sample:		2290.00 time, 2290.01 real, 652 MB
[runlim] sample:		2300.00 time, 2300.01 real, 652 MB
[runlim] sample:		2310.00 time, 2310.01 real, 652 MB
[runlim] sample:		2320.00 time, 2320.01 real, 586 MB
[runlim] sample:		2330.00 time, 2330.01 real, 586 MB
[runlim] sample:		2340.00 time, 2340.01 real, 586 MB
[runlim] sample:		2350.00 time, 2350.01 real, 586 MB
[runlim] sample:		2360.00 time, 2360.01 real, 586 MB
[runlim] sample:		2370.00 time, 2370.01 real, 586 MB
[runlim] sample:		2380.00 time, 2380.01 real, 586 MB
[runlim] sample:		2390.00 time, 2390.01 real, 586 MB
[runlim] sample:		2400.00 time, 2400.01 real, 586 MB
[runlim] sample:		2410.00 time, 2410.01 real, 586 MB
[runlim] sample:		2420.00 time, 2420.01 real, 586 MB
[runlim] sample:		2430.00 time, 2430.01 real, 586 MB
[runlim] sample:		2440.00 time, 2440.01 real, 586 MB
[runlim] sample:		2450.00 time, 2450.01 real, 586 MB
[runlim] sample:		2460.00 time, 2460.01 real, 586 MB
[runlim] sample:		2470.00 time, 2470.01 real, 595 MB
[runlim] sample:		2480.00 time, 2480.01 real, 595 MB
[runlim] sample:		2490.00 time, 2490.01 real, 595 MB
[runlim] sample:		2500.00 time, 2500.01 real, 595 MB
[runlim] sample:		2510.00 time, 2510.01 real, 595 MB
[runlim] sample:		2520.00 time, 2520.01 real, 595 MB
[runlim] sample:		2529.99 time, 2530.01 real, 619 MB
[runlim] sample:		2539.99 time, 2540.01 real, 619 MB
[runlim] sample:		2549.99 time, 2550.01 real, 619 MB
[runlim] sample:		2560.00 time, 2560.01 real, 635 MB
[runlim] sample:		2570.00 time, 2570.01 real, 635 MB
[runlim] sample:		2580.00 time, 2580.01 real, 635 MB
[runlim] sample:		2590.00 time, 2590.01 real, 639 MB
[runlim] sample:		2600.00 time, 2600.01 real, 639 MB
[runlim] sample:		2610.00 time, 2610.01 real, 676 MB
[runlim] sample:		2620.00 time, 2620.01 real, 741 MB
[runlim] sample:		2630.00 time, 2630.01 real, 676 MB
[runlim] sample:		2640.00 time, 2640.01 real, 680 MB
[runlim] sample:		2650.00 time, 2650.01 real, 680 MB
[runlim] sample:		2660.00 time, 2660.01 real, 680 MB
[runlim] sample:		2670.00 time, 2670.01 real, 680 MB
[runlim] sample:		2680.00 time, 2680.01 real, 680 MB
[runlim] sample:		2690.00 time, 2690.01 real, 680 MB
[runlim] sample:		2700.00 time, 2700.01 real, 680 MB
[runlim] sample:		2710.00 time, 2710.01 real, 680 MB
[runlim] sample:		2720.00 time, 2720.01 real, 680 MB
[runlim] sample:		2730.00 time, 2730.01 real, 680 MB
[runlim] sample:		2740.00 time, 2740.01 real, 680 MB
[runlim] sample:		2750.00 time, 2750.01 real, 680 MB
[runlim] sample:		2760.00 time, 2760.01 real, 680 MB
[runlim] sample:		2770.00 time, 2770.01 real, 680 MB
[runlim] sample:		2780.00 time, 2780.01 real, 680 MB
[runlim] sample:		2790.00 time, 2790.01 real, 680 MB
[runlim] sample:		2800.00 time, 2800.01 real, 760 MB
[runlim] sample:		2810.00 time, 2810.01 real, 760 MB
[runlim] sample:		2820.00 time, 2820.01 real, 760 MB
[runlim] sample:		2830.00 time, 2830.01 real, 695 MB
[runlim] sample:		2840.00 time, 2840.01 real, 695 MB
[runlim] sample:		2850.00 time, 2850.01 real, 695 MB
[runlim] sample:		2860.00 time, 2860.01 real, 695 MB
[runlim] sample:		2870.01 time, 2870.01 real, 727 MB
[runlim] sample:		2880.01 time, 2880.01 real, 727 MB
[runlim] sample:		2890.01 time, 2890.01 real, 729 MB
[runlim] sample:		2900.01 time, 2900.01 real, 729 MB
[runlim] sample:		2910.01 time, 2910.01 real, 729 MB
[runlim] sample:		2920.01 time, 2920.01 real, 729 MB
[runlim] sample:		2930.01 time, 2930.01 real, 729 MB
[runlim] sample:		2940.01 time, 2940.01 real, 729 MB
[runlim] sample:		2950.01 time, 2950.01 real, 739 MB
[runlim] sample:		2960.01 time, 2960.01 real, 739 MB
[runlim] sample:		2970.00 time, 2970.01 real, 757 MB
[runlim] sample:		2980.00 time, 2980.01 real, 757 MB
[runlim] sample:		2990.00 time, 2990.01 real, 757 MB
[runlim] sample:		3000.00 time, 3000.01 real, 757 MB
[runlim] sample:		3010.00 time, 3010.01 real, 730 MB
[runlim] sample:		3020.01 time, 3020.01 real, 799 MB
[runlim] sample:		3030.00 time, 3030.01 real, 734 MB
[runlim] sample:		3040.00 time, 3040.01 real, 734 MB
[runlim] sample:		3050.00 time, 3050.01 real, 734 MB
[runlim] sample:		3060.00 time, 3060.01 real, 740 MB
[runlim] sample:		3070.00 time, 3070.01 real, 805 MB
[runlim] sample:		3080.00 time, 3080.01 real, 740 MB
[runlim] sample:		3090.00 time, 3090.01 real, 740 MB
[runlim] sample:		3100.01 time, 3100.01 real, 774 MB
[runlim] sample:		3110.01 time, 3110.01 real, 774 MB
[runlim] sample:		3120.01 time, 3120.01 real, 774 MB
[runlim] sample:		3130.00 time, 3130.01 real, 802 MB
[runlim] sample:		3140.00 time, 3140.01 real, 802 MB
[runlim] sample:		3150.00 time, 3150.01 real, 802 MB
[runlim] sample:		3160.00 time, 3160.01 real, 802 MB
[runlim] sample:		3170.00 time, 3170.01 real, 802 MB
[runlim] sample:		3180.00 time, 3180.01 real, 802 MB
[runlim] sample:		3190.00 time, 3190.01 real, 802 MB
[runlim] sample:		3200.00 time, 3200.01 real, 802 MB
[runlim] sample:		3210.00 time, 3210.01 real, 802 MB
[runlim] sample:		3220.00 time, 3220.01 real, 802 MB
[runlim] sample:		3230.00 time, 3230.01 real, 810 MB
[runlim] sample:		3240.00 time, 3240.01 real, 810 MB
[runlim] sample:		3250.00 time, 3250.01 real, 810 MB
[runlim] sample:		3260.00 time, 3260.01 real, 766 MB
[runlim] sample:		3270.00 time, 3270.01 real, 766 MB
[runlim] sample:		3280.00 time, 3280.01 real, 766 MB
[runlim] sample:		3290.00 time, 3290.01 real, 766 MB
[runlim] sample:		3300.00 time, 3300.01 real, 766 MB
[runlim] sample:		3310.00 time, 3310.01 real, 766 MB
[runlim] sample:		3320.00 time, 3320.01 real, 766 MB
[runlim] sample:		3330.00 time, 3330.01 real, 766 MB
[runlim] sample:		3340.00 time, 3340.01 real, 766 MB
[runlim] sample:		3350.00 time, 3350.01 real, 766 MB
[runlim] sample:		3360.00 time, 3360.01 real, 766 MB
[runlim] sample:		3370.00 time, 3370.01 real, 766 MB
[runlim] sample:		3380.00 time, 3380.01 real, 766 MB
[runlim] sample:		3390.00 time, 3390.01 real, 766 MB
[runlim] sample:		3400.00 time, 3400.01 real, 766 MB
[runlim] sample:		3410.00 time, 3410.01 real, 766 MB
[runlim] sample:		3420.00 time, 3420.01 real, 766 MB
[runlim] sample:		3430.00 time, 3430.01 real, 766 MB
[runlim] sample:		3440.00 time, 3440.01 real, 766 MB
[runlim] sample:		3450.00 time, 3450.01 real, 766 MB
[runlim] sample:		3460.00 time, 3460.01 real, 766 MB
[runlim] sample:		3470.00 time, 3470.01 real, 766 MB
[runlim] sample:		3480.00 time, 3480.01 real, 766 MB
[runlim] sample:		3490.00 time, 3490.01 real, 766 MB
[runlim] sample:		3500.00 time, 3500.01 real, 766 MB
[runlim] sample:		3510.00 time, 3510.01 real, 941 MB
[runlim] sample:		3520.00 time, 3520.01 real, 812 MB
[runlim] sample:		3530.00 time, 3530.01 real, 812 MB
[runlim] sample:		3540.00 time, 3540.01 real, 816 MB
[runlim] sample:		3550.00 time, 3550.01 real, 816 MB
[runlim] sample:		3560.00 time, 3560.01 real, 816 MB
[runlim] sample:		3570.00 time, 3570.01 real, 946 MB
[runlim] sample:		3580.01 time, 3580.01 real, 979 MB
[runlim] sample:		3590.00 time, 3590.01 real, 946 MB
[runlim] sample:		3600.01 time, 3600.01 real, 816 MB
[runlim] end:			Thu Oct 17 06:27:58 2019
[runlim] status:		out of time
[runlim] result:		2
[runlim] children:		3
[runlim] real:			3600.10 seconds
[runlim] time:			3600.01 seconds
[runlim] space:			1104 MB
[runlim] samples:		36000
