[runlim] version:		1.17
[runlim] host:			c3n01
[runlim] time limit:		311040000 seconds
[runlim] real time limit:	3600 seconds
[runlim] space limit:		120000 MB
[runlim] argv[0]:		./run-conps-btormc-thp.sh
[runlim] argv[1]:		/tmp/QM9kmINW.btor
[runlim] start:			Thu Oct 17 04:57:43 2019
[runlim] child:			8815
[runlim] sample:		9.98 time, 10.01 real, 79 MB
[runlim] sample:		19.98 time, 20.01 real, 95 MB
[runlim] sample:		29.98 time, 30.01 real, 95 MB
[runlim] sample:		39.99 time, 40.01 real, 99 MB
[runlim] sample:		49.98 time, 50.01 real, 136 MB
[runlim] sample:		59.98 time, 60.01 real, 136 MB
[runlim] sample:		69.98 time, 70.01 real, 146 MB
[runlim] sample:		79.98 time, 80.01 real, 146 MB
[runlim] sample:		89.98 time, 90.01 real, 146 MB
[runlim] sample:		99.98 time, 100.01 real, 146 MB
[runlim] sample:		109.98 time, 110.02 real, 119 MB
[runlim] sample:		119.98 time, 120.02 real, 119 MB
[runlim] end:			Thu Oct 17 04:59:45 2019
[runlim] status:		ok
[runlim] result:		0
[runlim] children:		3
[runlim] real:			122.15 seconds
[runlim] time:			122.08 seconds
[runlim] space:			154 MB
[runlim] samples:		1221
