[runlim] version:		1.17
[runlim] host:			c3n01
[runlim] time limit:		311040000 seconds
[runlim] real time limit:	3600 seconds
[runlim] space limit:		120000 MB
[runlim] argv[0]:		./run-conps-btormc-thp.sh
[runlim] argv[1]:		/tmp/HVfYpnSb.btor
[runlim] start:			Thu Oct 17 06:07:29 2019
[runlim] child:			9039
[runlim] sample:		9.98 time, 10.02 real, 64 MB
[runlim] sample:		19.99 time, 20.02 real, 96 MB
[runlim] sample:		29.99 time, 30.02 real, 132 MB
[runlim] sample:		39.98 time, 40.01 real, 174 MB
[runlim] sample:		49.99 time, 50.02 real, 189 MB
[runlim] sample:		59.98 time, 60.02 real, 221 MB
[runlim] sample:		69.98 time, 70.02 real, 245 MB
[runlim] sample:		79.99 time, 80.02 real, 267 MB
[runlim] sample:		89.98 time, 90.02 real, 275 MB
[runlim] sample:		99.98 time, 100.01 real, 307 MB
[runlim] sample:		109.98 time, 110.01 real, 315 MB
[runlim] sample:		119.98 time, 120.01 real, 333 MB
[runlim] sample:		129.98 time, 130.02 real, 361 MB
[runlim] sample:		139.98 time, 140.02 real, 379 MB
[runlim] sample:		149.98 time, 150.02 real, 393 MB
[runlim] sample:		159.98 time, 160.02 real, 417 MB
[runlim] sample:		169.98 time, 170.02 real, 381 MB
[runlim] sample:		179.99 time, 180.02 real, 395 MB
[runlim] sample:		189.98 time, 190.02 real, 427 MB
[runlim] sample:		199.98 time, 200.01 real, 427 MB
[runlim] sample:		209.98 time, 210.02 real, 427 MB
[runlim] sample:		219.98 time, 220.02 real, 479 MB
[runlim] sample:		229.99 time, 230.02 real, 563 MB
[runlim] sample:		239.98 time, 240.02 real, 603 MB
[runlim] sample:		249.98 time, 250.02 real, 655 MB
[runlim] sample:		259.99 time, 260.02 real, 717 MB
[runlim] sample:		269.98 time, 270.02 real, 783 MB
[runlim] sample:		279.98 time, 280.02 real, 881 MB
[runlim] sample:		289.99 time, 290.02 real, 891 MB
[runlim] sample:		299.99 time, 300.02 real, 905 MB
[runlim] sample:		309.99 time, 310.02 real, 1007 MB
[runlim] sample:		319.98 time, 320.02 real, 1067 MB
[runlim] sample:		329.98 time, 330.02 real, 1155 MB
[runlim] sample:		339.98 time, 340.02 real, 1209 MB
[runlim] sample:		349.98 time, 350.02 real, 1217 MB
[runlim] sample:		359.98 time, 360.02 real, 1225 MB
[runlim] end:			Thu Oct 17 06:13:32 2019
[runlim] status:		ok
[runlim] result:		0
[runlim] children:		3
[runlim] real:			363.09 seconds
[runlim] time:			362.98 seconds
[runlim] space:			1277 MB
[runlim] samples:		3630
