[runlim] version:		1.17
[runlim] host:			c3n28
[runlim] time limit:		311040000 seconds
[runlim] real time limit:	3600 seconds
[runlim] space limit:		120000 MB
[runlim] argv[0]:		./run-conps-btormc-thp.sh
[runlim] argv[1]:		/tmp/SVCDOLIA.btor
[runlim] start:			Thu Oct 17 06:05:38 2019
[runlim] child:			18964
[runlim] sample:		9.98 time, 10.02 real, 69 MB
[runlim] sample:		19.98 time, 20.01 real, 108 MB
[runlim] sample:		29.98 time, 30.01 real, 146 MB
[runlim] sample:		39.99 time, 40.02 real, 174 MB
[runlim] sample:		49.98 time, 50.02 real, 224 MB
[runlim] sample:		59.98 time, 60.02 real, 230 MB
[runlim] sample:		69.98 time, 70.02 real, 252 MB
[runlim] sample:		79.99 time, 80.02 real, 302 MB
[runlim] sample:		89.99 time, 90.02 real, 328 MB
[runlim] sample:		99.98 time, 100.02 real, 334 MB
[runlim] sample:		109.98 time, 110.02 real, 334 MB
[runlim] sample:		119.98 time, 120.02 real, 342 MB
[runlim] sample:		129.98 time, 130.02 real, 360 MB
[runlim] sample:		139.99 time, 140.02 real, 396 MB
[runlim] sample:		149.99 time, 150.02 real, 396 MB
[runlim] sample:		159.99 time, 160.02 real, 410 MB
[runlim] sample:		169.99 time, 170.02 real, 420 MB
[runlim] sample:		179.98 time, 180.02 real, 468 MB
[runlim] sample:		189.98 time, 190.02 real, 468 MB
[runlim] sample:		199.99 time, 200.02 real, 472 MB
[runlim] sample:		209.98 time, 210.02 real, 502 MB
[runlim] sample:		219.99 time, 220.02 real, 504 MB
[runlim] sample:		229.99 time, 230.02 real, 504 MB
[runlim] sample:		239.99 time, 240.01 real, 504 MB
[runlim] sample:		249.99 time, 250.02 real, 516 MB
[runlim] sample:		259.99 time, 260.02 real, 520 MB
[runlim] sample:		269.99 time, 270.02 real, 552 MB
[runlim] sample:		279.98 time, 280.02 real, 598 MB
[runlim] sample:		289.98 time, 290.02 real, 598 MB
[runlim] sample:		299.98 time, 300.02 real, 648 MB
[runlim] sample:		309.98 time, 310.01 real, 630 MB
[runlim] sample:		319.98 time, 320.02 real, 630 MB
[runlim] sample:		329.98 time, 330.02 real, 644 MB
[runlim] sample:		339.98 time, 340.02 real, 648 MB
[runlim] sample:		349.98 time, 350.02 real, 683 MB
[runlim] sample:		359.98 time, 360.02 real, 650 MB
[runlim] sample:		369.98 time, 370.02 real, 650 MB
[runlim] sample:		379.98 time, 380.02 real, 650 MB
[runlim] sample:		389.98 time, 390.02 real, 691 MB
[runlim] sample:		399.98 time, 400.02 real, 660 MB
[runlim] sample:		409.99 time, 410.02 real, 660 MB
[runlim] sample:		419.99 time, 420.02 real, 660 MB
[runlim] sample:		429.98 time, 430.01 real, 676 MB
[runlim] sample:		439.99 time, 440.02 real, 676 MB
[runlim] sample:		449.99 time, 450.02 real, 676 MB
[runlim] sample:		459.99 time, 460.02 real, 676 MB
[runlim] sample:		469.99 time, 470.02 real, 676 MB
[runlim] sample:		479.99 time, 480.02 real, 676 MB
[runlim] sample:		489.99 time, 490.02 real, 676 MB
[runlim] sample:		499.99 time, 500.02 real, 824 MB
[runlim] sample:		509.99 time, 510.02 real, 824 MB
[runlim] sample:		519.98 time, 520.02 real, 792 MB
[runlim] sample:		529.98 time, 530.02 real, 826 MB
[runlim] sample:		539.98 time, 540.01 real, 867 MB
[runlim] sample:		549.98 time, 550.01 real, 871 MB
[runlim] sample:		559.98 time, 560.01 real, 871 MB
[runlim] sample:		569.98 time, 570.01 real, 871 MB
[runlim] sample:		579.98 time, 580.01 real, 871 MB
[runlim] sample:		589.98 time, 590.01 real, 871 MB
[runlim] sample:		599.98 time, 600.01 real, 871 MB
[runlim] sample:		609.98 time, 610.01 real, 871 MB
[runlim] sample:		619.98 time, 620.01 real, 903 MB
[runlim] sample:		629.98 time, 630.02 real, 903 MB
[runlim] sample:		639.98 time, 640.01 real, 905 MB
[runlim] sample:		649.98 time, 650.02 real, 905 MB
[runlim] sample:		659.98 time, 660.02 real, 905 MB
[runlim] sample:		669.98 time, 670.01 real, 905 MB
[runlim] sample:		679.98 time, 680.01 real, 955 MB
[runlim] sample:		689.98 time, 690.02 real, 955 MB
[runlim] sample:		699.99 time, 700.02 real, 955 MB
[runlim] sample:		709.99 time, 710.02 real, 955 MB
[runlim] sample:		719.99 time, 720.02 real, 955 MB
[runlim] sample:		729.99 time, 730.02 real, 955 MB
[runlim] sample:		739.98 time, 740.01 real, 955 MB
[runlim] sample:		749.98 time, 750.01 real, 955 MB
[runlim] sample:		759.98 time, 760.02 real, 955 MB
[runlim] sample:		769.98 time, 770.02 real, 955 MB
[runlim] sample:		779.98 time, 780.02 real, 955 MB
[runlim] sample:		789.98 time, 790.02 real, 955 MB
[runlim] sample:		799.99 time, 800.02 real, 905 MB
[runlim] sample:		809.98 time, 810.01 real, 905 MB
[runlim] sample:		819.98 time, 820.01 real, 905 MB
[runlim] sample:		829.98 time, 830.01 real, 905 MB
[runlim] sample:		839.98 time, 840.01 real, 905 MB
[runlim] sample:		849.98 time, 850.02 real, 905 MB
[runlim] sample:		859.98 time, 860.02 real, 905 MB
[runlim] sample:		869.98 time, 870.02 real, 905 MB
[runlim] sample:		879.98 time, 880.02 real, 905 MB
[runlim] sample:		889.99 time, 890.02 real, 694 MB
[runlim] sample:		899.99 time, 900.02 real, 694 MB
[runlim] sample:		909.99 time, 910.02 real, 694 MB
[runlim] sample:		919.99 time, 920.02 real, 694 MB
[runlim] sample:		929.99 time, 930.02 real, 694 MB
[runlim] sample:		939.99 time, 940.02 real, 694 MB
[runlim] sample:		949.99 time, 950.02 real, 662 MB
[runlim] sample:		959.99 time, 960.01 real, 662 MB
[runlim] sample:		969.99 time, 970.02 real, 700 MB
[runlim] sample:		979.99 time, 980.02 real, 742 MB
[runlim] sample:		989.98 time, 990.01 real, 688 MB
[runlim] sample:		999.98 time, 1000.02 real, 688 MB
[runlim] sample:		1009.98 time, 1010.02 real, 688 MB
[runlim] sample:		1019.98 time, 1020.02 real, 688 MB
[runlim] sample:		1029.99 time, 1030.02 real, 764 MB
[runlim] sample:		1039.99 time, 1040.02 real, 768 MB
[runlim] sample:		1049.99 time, 1050.02 real, 768 MB
[runlim] sample:		1059.99 time, 1060.02 real, 768 MB
[runlim] sample:		1069.99 time, 1070.02 real, 768 MB
[runlim] sample:		1079.99 time, 1080.02 real, 768 MB
[runlim] sample:		1089.99 time, 1090.02 real, 768 MB
[runlim] sample:		1099.99 time, 1100.02 real, 768 MB
[runlim] sample:		1109.98 time, 1110.02 real, 768 MB
[runlim] sample:		1119.98 time, 1120.02 real, 768 MB
[runlim] sample:		1129.98 time, 1130.02 real, 768 MB
[runlim] sample:		1139.98 time, 1140.02 real, 768 MB
[runlim] sample:		1149.98 time, 1150.02 real, 768 MB
[runlim] sample:		1159.98 time, 1160.02 real, 768 MB
[runlim] sample:		1169.98 time, 1170.02 real, 768 MB
[runlim] sample:		1179.99 time, 1180.02 real, 966 MB
[runlim] sample:		1189.99 time, 1190.01 real, 968 MB
[runlim] sample:		1199.99 time, 1200.01 real, 1011 MB
[runlim] sample:		1209.99 time, 1210.01 real, 1011 MB
[runlim] sample:		1219.99 time, 1220.01 real, 1076 MB
[runlim] sample:		1229.99 time, 1230.01 real, 1076 MB
[runlim] sample:		1239.99 time, 1240.01 real, 1076 MB
[runlim] sample:		1249.99 time, 1250.01 real, 1076 MB
[runlim] sample:		1259.99 time, 1260.01 real, 1076 MB
[runlim] sample:		1269.99 time, 1270.01 real, 1076 MB
[runlim] sample:		1279.99 time, 1280.01 real, 1076 MB
[runlim] sample:		1289.99 time, 1290.01 real, 1076 MB
[runlim] sample:		1299.99 time, 1300.01 real, 1076 MB
[runlim] sample:		1309.99 time, 1310.01 real, 1076 MB
[runlim] sample:		1319.99 time, 1320.01 real, 1076 MB
[runlim] sample:		1329.99 time, 1330.01 real, 1076 MB
[runlim] sample:		1339.99 time, 1340.01 real, 1076 MB
[runlim] sample:		1349.99 time, 1350.01 real, 1076 MB
[runlim] sample:		1359.98 time, 1360.01 real, 1096 MB
[runlim] sample:		1369.99 time, 1370.01 real, 1096 MB
[runlim] sample:		1379.99 time, 1380.01 real, 1096 MB
[runlim] sample:		1389.99 time, 1390.02 real, 1096 MB
[runlim] sample:		1399.99 time, 1400.01 real, 1096 MB
[runlim] sample:		1409.99 time, 1410.01 real, 1096 MB
[runlim] sample:		1419.99 time, 1420.01 real, 1144 MB
[runlim] sample:		1429.99 time, 1430.01 real, 1145 MB
[runlim] sample:		1439.99 time, 1440.01 real, 1145 MB
[runlim] sample:		1449.99 time, 1450.01 real, 1145 MB
[runlim] sample:		1459.99 time, 1460.02 real, 1145 MB
[runlim] sample:		1469.99 time, 1470.01 real, 1145 MB
[runlim] sample:		1479.99 time, 1480.01 real, 1145 MB
[runlim] sample:		1489.99 time, 1490.01 real, 1145 MB
[runlim] sample:		1499.99 time, 1500.01 real, 1145 MB
[runlim] sample:		1509.99 time, 1510.01 real, 1145 MB
[runlim] sample:		1519.99 time, 1520.01 real, 1258 MB
[runlim] sample:		1529.99 time, 1530.01 real, 1258 MB
[runlim] sample:		1539.99 time, 1540.01 real, 1258 MB
[runlim] sample:		1549.99 time, 1550.01 real, 1258 MB
[runlim] sample:		1559.99 time, 1560.01 real, 1258 MB
[runlim] sample:		1569.99 time, 1570.01 real, 1258 MB
[runlim] sample:		1579.99 time, 1580.01 real, 1258 MB
[runlim] sample:		1589.99 time, 1590.01 real, 1258 MB
[runlim] sample:		1599.99 time, 1600.01 real, 1258 MB
[runlim] sample:		1609.99 time, 1610.01 real, 1258 MB
[runlim] sample:		1619.99 time, 1620.01 real, 1258 MB
[runlim] sample:		1629.99 time, 1630.01 real, 1258 MB
[runlim] sample:		1639.99 time, 1640.01 real, 1485 MB
[runlim] sample:		1649.99 time, 1650.01 real, 1493 MB
[runlim] sample:		1659.99 time, 1660.02 real, 1493 MB
[runlim] sample:		1669.99 time, 1670.01 real, 1493 MB
[runlim] sample:		1679.99 time, 1680.01 real, 1493 MB
[runlim] sample:		1689.99 time, 1690.01 real, 1493 MB
[runlim] sample:		1699.99 time, 1700.01 real, 1493 MB
[runlim] sample:		1709.99 time, 1710.01 real, 1493 MB
[runlim] sample:		1719.99 time, 1720.01 real, 1493 MB
[runlim] sample:		1729.99 time, 1730.01 real, 1493 MB
[runlim] sample:		1739.99 time, 1740.01 real, 1493 MB
[runlim] sample:		1749.99 time, 1750.02 real, 1493 MB
[runlim] sample:		1759.99 time, 1760.02 real, 1493 MB
[runlim] sample:		1769.99 time, 1770.02 real, 1493 MB
[runlim] sample:		1779.99 time, 1780.02 real, 1493 MB
[runlim] sample:		1789.99 time, 1790.02 real, 1493 MB
[runlim] sample:		1799.99 time, 1800.02 real, 1493 MB
[runlim] sample:		1809.99 time, 1810.02 real, 1493 MB
[runlim] sample:		1819.99 time, 1820.02 real, 1495 MB
[runlim] sample:		1829.99 time, 1830.01 real, 1495 MB
[runlim] sample:		1839.99 time, 1840.01 real, 1495 MB
[runlim] sample:		1849.99 time, 1850.02 real, 1495 MB
[runlim] sample:		1859.99 time, 1860.01 real, 1495 MB
[runlim] sample:		1869.99 time, 1870.01 real, 1495 MB
[runlim] sample:		1879.99 time, 1880.01 real, 1495 MB
[runlim] sample:		1889.99 time, 1890.01 real, 1495 MB
[runlim] sample:		1899.99 time, 1900.01 real, 1495 MB
[runlim] sample:		1909.99 time, 1910.01 real, 1495 MB
[runlim] sample:		1919.99 time, 1920.01 real, 1495 MB
[runlim] sample:		1929.99 time, 1930.01 real, 1495 MB
[runlim] sample:		1939.99 time, 1940.01 real, 1495 MB
[runlim] sample:		1949.99 time, 1950.01 real, 1495 MB
[runlim] sample:		1959.99 time, 1960.01 real, 1495 MB
[runlim] sample:		1969.99 time, 1970.01 real, 1495 MB
[runlim] sample:		1979.99 time, 1980.02 real, 1497 MB
[runlim] sample:		1989.99 time, 1990.02 real, 1497 MB
[runlim] sample:		1999.99 time, 2000.02 real, 1497 MB
[runlim] sample:		2009.99 time, 2010.02 real, 1497 MB
[runlim] sample:		2019.99 time, 2020.02 real, 1497 MB
[runlim] sample:		2029.99 time, 2030.02 real, 1497 MB
[runlim] sample:		2039.99 time, 2040.02 real, 1497 MB
[runlim] sample:		2049.99 time, 2050.02 real, 1497 MB
[runlim] sample:		2059.99 time, 2060.02 real, 1497 MB
[runlim] sample:		2070.00 time, 2070.01 real, 1497 MB
[runlim] sample:		2080.00 time, 2080.01 real, 1497 MB
[runlim] sample:		2090.00 time, 2090.01 real, 1497 MB
[runlim] sample:		2100.00 time, 2100.01 real, 1497 MB
[runlim] sample:		2110.00 time, 2110.01 real, 1497 MB
[runlim] sample:		2120.00 time, 2120.01 real, 1497 MB
[runlim] sample:		2130.00 time, 2130.01 real, 1497 MB
[runlim] sample:		2140.00 time, 2140.01 real, 1497 MB
[runlim] sample:		2150.00 time, 2150.01 real, 1497 MB
[runlim] sample:		2160.00 time, 2160.01 real, 1497 MB
[runlim] sample:		2170.00 time, 2170.01 real, 1497 MB
[runlim] sample:		2180.00 time, 2180.01 real, 1497 MB
[runlim] sample:		2190.00 time, 2190.01 real, 1497 MB
[runlim] sample:		2200.00 time, 2200.01 real, 1497 MB
[runlim] sample:		2210.00 time, 2210.01 real, 1497 MB
[runlim] sample:		2220.00 time, 2220.01 real, 1497 MB
[runlim] sample:		2230.00 time, 2230.01 real, 1497 MB
[runlim] sample:		2240.00 time, 2240.01 real, 1497 MB
[runlim] sample:		2250.00 time, 2250.01 real, 1497 MB
[runlim] sample:		2260.00 time, 2260.01 real, 1497 MB
[runlim] sample:		2270.00 time, 2270.01 real, 1497 MB
[runlim] sample:		2280.00 time, 2280.01 real, 1497 MB
[runlim] sample:		2290.00 time, 2290.01 real, 1497 MB
[runlim] sample:		2300.00 time, 2300.01 real, 1497 MB
[runlim] sample:		2310.00 time, 2310.01 real, 1497 MB
[runlim] sample:		2320.00 time, 2320.01 real, 1497 MB
[runlim] sample:		2329.99 time, 2330.02 real, 806 MB
[runlim] sample:		2340.00 time, 2340.01 real, 810 MB
[runlim] sample:		2349.99 time, 2350.02 real, 810 MB
[runlim] sample:		2359.99 time, 2360.02 real, 810 MB
[runlim] sample:		2369.99 time, 2370.02 real, 824 MB
[runlim] sample:		2379.99 time, 2380.02 real, 824 MB
[runlim] sample:		2389.99 time, 2390.01 real, 776 MB
[runlim] sample:		2399.99 time, 2400.02 real, 776 MB
[runlim] sample:		2409.99 time, 2410.02 real, 776 MB
[runlim] sample:		2419.99 time, 2420.02 real, 776 MB
[runlim] sample:		2429.99 time, 2430.02 real, 776 MB
[runlim] sample:		2439.99 time, 2440.02 real, 776 MB
[runlim] sample:		2449.99 time, 2450.02 real, 832 MB
[runlim] sample:		2459.99 time, 2460.02 real, 888 MB
[runlim] sample:		2469.99 time, 2470.02 real, 888 MB
[runlim] sample:		2479.99 time, 2480.02 real, 948 MB
[runlim] sample:		2489.99 time, 2490.01 real, 892 MB
[runlim] sample:		2499.99 time, 2500.02 real, 900 MB
[runlim] sample:		2510.00 time, 2510.02 real, 938 MB
[runlim] sample:		2520.00 time, 2520.02 real, 914 MB
[runlim] sample:		2529.99 time, 2530.02 real, 914 MB
[runlim] sample:		2539.99 time, 2540.02 real, 914 MB
[runlim] sample:		2549.99 time, 2550.02 real, 914 MB
[runlim] sample:		2559.99 time, 2560.02 real, 914 MB
[runlim] sample:		2569.99 time, 2570.02 real, 914 MB
[runlim] sample:		2579.99 time, 2580.02 real, 914 MB
[runlim] sample:		2589.99 time, 2590.02 real, 914 MB
[runlim] sample:		2599.99 time, 2600.02 real, 914 MB
[runlim] sample:		2609.99 time, 2610.02 real, 914 MB
[runlim] sample:		2619.99 time, 2620.02 real, 1104 MB
[runlim] sample:		2630.00 time, 2630.01 real, 1124 MB
[runlim] sample:		2640.00 time, 2640.01 real, 1189 MB
[runlim] sample:		2649.99 time, 2650.01 real, 1224 MB
[runlim] sample:		2659.99 time, 2660.01 real, 1224 MB
[runlim] sample:		2670.00 time, 2670.01 real, 1258 MB
[runlim] sample:		2680.00 time, 2680.01 real, 1258 MB
[runlim] sample:		2690.00 time, 2690.01 real, 1258 MB
[runlim] sample:		2700.00 time, 2700.01 real, 1258 MB
[runlim] sample:		2710.00 time, 2710.01 real, 1258 MB
[runlim] sample:		2720.00 time, 2720.01 real, 1258 MB
[runlim] sample:		2730.00 time, 2730.01 real, 1258 MB
[runlim] sample:		2740.00 time, 2740.01 real, 1258 MB
[runlim] sample:		2750.00 time, 2750.01 real, 1258 MB
[runlim] sample:		2760.00 time, 2760.01 real, 1258 MB
[runlim] sample:		2770.00 time, 2770.01 real, 1224 MB
[runlim] sample:		2779.99 time, 2780.01 real, 1224 MB
[runlim] sample:		2789.99 time, 2790.02 real, 1224 MB
[runlim] sample:		2799.99 time, 2800.01 real, 1224 MB
[runlim] sample:		2809.99 time, 2810.01 real, 1224 MB
[runlim] sample:		2819.99 time, 2820.01 real, 1261 MB
[runlim] sample:		2829.99 time, 2830.02 real, 1261 MB
[runlim] sample:		2839.99 time, 2840.02 real, 1271 MB
[runlim] sample:		2850.00 time, 2850.02 real, 1271 MB
[runlim] sample:		2859.99 time, 2860.01 real, 1271 MB
[runlim] sample:		2869.99 time, 2870.01 real, 1271 MB
[runlim] sample:		2879.99 time, 2880.01 real, 1271 MB
[runlim] sample:		2889.99 time, 2890.01 real, 1271 MB
[runlim] sample:		2899.99 time, 2900.01 real, 1271 MB
[runlim] sample:		2909.99 time, 2910.02 real, 1271 MB
[runlim] sample:		2919.99 time, 2920.01 real, 1271 MB
[runlim] sample:		2929.99 time, 2930.01 real, 1271 MB
[runlim] sample:		2939.99 time, 2940.01 real, 1271 MB
[runlim] sample:		2949.99 time, 2950.01 real, 1271 MB
[runlim] sample:		2959.99 time, 2960.01 real, 1271 MB
[runlim] sample:		2969.99 time, 2970.01 real, 1271 MB
[runlim] sample:		2979.99 time, 2980.01 real, 1271 MB
[runlim] sample:		2990.00 time, 2990.02 real, 1271 MB
[runlim] sample:		3000.00 time, 3000.02 real, 1271 MB
[runlim] sample:		3010.00 time, 3010.02 real, 914 MB
[runlim] sample:		3020.00 time, 3020.02 real, 882 MB
[runlim] sample:		3029.99 time, 3030.02 real, 882 MB
[runlim] sample:		3039.99 time, 3040.02 real, 996 MB
[runlim] sample:		3050.00 time, 3050.02 real, 1094 MB
[runlim] sample:		3060.00 time, 3060.02 real, 1094 MB
[runlim] sample:		3070.00 time, 3070.02 real, 1100 MB
[runlim] sample:		3080.00 time, 3080.02 real, 1100 MB
[runlim] sample:		3090.00 time, 3090.02 real, 1004 MB
[runlim] sample:		3100.00 time, 3100.02 real, 1020 MB
[runlim] sample:		3110.00 time, 3110.02 real, 1020 MB
[runlim] sample:		3120.00 time, 3120.02 real, 1020 MB
[runlim] sample:		3130.00 time, 3130.02 real, 1020 MB
[runlim] sample:		3140.00 time, 3140.02 real, 1020 MB
[runlim] sample:		3150.00 time, 3150.02 real, 1020 MB
[runlim] sample:		3160.00 time, 3160.02 real, 1020 MB
[runlim] sample:		3170.00 time, 3170.02 real, 1083 MB
[runlim] sample:		3180.00 time, 3180.01 real, 990 MB
[runlim] sample:		3190.00 time, 3190.02 real, 1006 MB
[runlim] sample:		3200.00 time, 3200.02 real, 1106 MB
[runlim] sample:		3210.00 time, 3210.02 real, 1107 MB
[runlim] sample:		3220.00 time, 3220.02 real, 1068 MB
[runlim] sample:		3230.00 time, 3230.01 real, 1050 MB
[runlim] sample:		3239.99 time, 3240.02 real, 1078 MB
[runlim] sample:		3249.99 time, 3250.02 real, 1078 MB
[runlim] sample:		3259.99 time, 3260.02 real, 1078 MB
[runlim] sample:		3269.99 time, 3270.02 real, 1078 MB
[runlim] sample:		3279.99 time, 3280.02 real, 1078 MB
[runlim] sample:		3289.99 time, 3290.02 real, 1078 MB
[runlim] sample:		3299.99 time, 3300.02 real, 1078 MB
[runlim] sample:		3309.99 time, 3310.02 real, 1078 MB
[runlim] sample:		3319.99 time, 3320.02 real, 1078 MB
[runlim] sample:		3329.99 time, 3330.02 real, 1078 MB
[runlim] sample:		3339.99 time, 3340.02 real, 1078 MB
[runlim] sample:		3349.99 time, 3350.02 real, 1325 MB
[runlim] sample:		3360.00 time, 3360.02 real, 1155 MB
[runlim] sample:		3370.00 time, 3370.01 real, 1046 MB
[runlim] sample:		3380.00 time, 3380.02 real, 1092 MB
[runlim] sample:		3390.00 time, 3390.02 real, 1161 MB
[runlim] sample:		3400.00 time, 3400.01 real, 1096 MB
[runlim] sample:		3409.99 time, 3410.02 real, 1054 MB
[runlim] sample:		3419.99 time, 3420.02 real, 1054 MB
[runlim] sample:		3429.99 time, 3430.02 real, 1054 MB
[runlim] sample:		3439.99 time, 3440.02 real, 1054 MB
[runlim] sample:		3449.99 time, 3450.02 real, 1054 MB
[runlim] sample:		3459.99 time, 3460.02 real, 1054 MB
[runlim] sample:		3469.99 time, 3470.02 real, 1054 MB
[runlim] sample:		3479.99 time, 3480.02 real, 1054 MB
[runlim] sample:		3489.99 time, 3490.02 real, 1054 MB
[runlim] sample:		3499.99 time, 3500.02 real, 1054 MB
[runlim] sample:		3509.99 time, 3510.02 real, 1054 MB
[runlim] sample:		3519.99 time, 3520.02 real, 1054 MB
[runlim] sample:		3529.99 time, 3530.02 real, 1054 MB
[runlim] sample:		3539.99 time, 3540.02 real, 1054 MB
[runlim] sample:		3549.99 time, 3550.02 real, 1054 MB
[runlim] sample:		3559.99 time, 3560.02 real, 1054 MB
[runlim] sample:		3569.99 time, 3570.02 real, 1054 MB
[runlim] sample:		3579.99 time, 3580.02 real, 1054 MB
[runlim] sample:		3589.99 time, 3590.02 real, 1054 MB
[runlim] sample:		3600.00 time, 3600.02 real, 1054 MB
[runlim] end:			Thu Oct 17 07:05:38 2019
[runlim] status:		out of time
[runlim] result:		2
[runlim] children:		3
[runlim] real:			3600.11 seconds
[runlim] time:			3600.00 seconds
[runlim] space:			1562 MB
[runlim] samples:		36000
