[runlim] version:		1.17
[runlim] host:			c3n18
[runlim] time limit:		311040000 seconds
[runlim] real time limit:	3600 seconds
[runlim] space limit:		120000 MB
[runlim] argv[0]:		./run-conps-btormc-thp.sh
[runlim] argv[1]:		/tmp/lVEwYfsL.btor
[runlim] start:			Thu Oct 17 06:14:49 2019
[runlim] child:			481
[runlim] sample:		9.98 time, 10.01 real, 98 MB
[runlim] sample:		19.98 time, 20.01 real, 140 MB
[runlim] sample:		29.98 time, 30.01 real, 197 MB
[runlim] sample:		39.98 time, 40.01 real, 212 MB
[runlim] sample:		49.98 time, 50.02 real, 254 MB
[runlim] sample:		59.98 time, 60.02 real, 266 MB
[runlim] sample:		69.98 time, 70.02 real, 275 MB
[runlim] sample:		79.98 time, 80.02 real, 350 MB
[runlim] sample:		89.98 time, 90.02 real, 358 MB
[runlim] sample:		99.98 time, 100.02 real, 386 MB
[runlim] sample:		109.98 time, 110.02 real, 416 MB
[runlim] sample:		119.98 time, 120.02 real, 448 MB
[runlim] sample:		129.98 time, 130.02 real, 576 MB
[runlim] sample:		139.97 time, 140.01 real, 567 MB
[runlim] sample:		149.98 time, 150.02 real, 621 MB
[runlim] sample:		159.98 time, 160.02 real, 709 MB
[runlim] sample:		169.98 time, 170.01 real, 776 MB
[runlim] sample:		179.98 time, 180.01 real, 848 MB
[runlim] sample:		189.98 time, 190.01 real, 956 MB
[runlim] sample:		199.98 time, 200.02 real, 970 MB
[runlim] sample:		209.98 time, 210.02 real, 1056 MB
[runlim] sample:		219.98 time, 220.01 real, 1133 MB
[runlim] sample:		229.98 time, 230.02 real, 1159 MB
[runlim] end:			Thu Oct 17 06:18:43 2019
[runlim] status:		ok
[runlim] result:		0
[runlim] children:		3
[runlim] real:			234.20 seconds
[runlim] time:			234.07 seconds
[runlim] space:			1191 MB
[runlim] samples:		2341
