[runlim] version:		1.17
[runlim] host:			c3n02
[runlim] time limit:		311040000 seconds
[runlim] real time limit:	3600 seconds
[runlim] space limit:		120000 MB
[runlim] argv[0]:		./run-conps-btormc-thp.sh
[runlim] argv[1]:		/tmp/x9Mm7l1u.btor
[runlim] start:			Thu Oct 17 07:16:00 2019
[runlim] child:			2766
[runlim] sample:		9.98 time, 10.02 real, 288 MB
[runlim] sample:		19.98 time, 20.02 real, 412 MB
[runlim] sample:		29.98 time, 30.02 real, 556 MB
[runlim] sample:		39.98 time, 40.02 real, 662 MB
[runlim] sample:		49.99 time, 50.02 real, 710 MB
[runlim] end:			Thu Oct 17 07:16:59 2019
[runlim] status:		ok
[runlim] result:		0
[runlim] children:		3
[runlim] real:			58.54 seconds
[runlim] time:			58.48 seconds
[runlim] space:			810 MB
[runlim] samples:		585
