[runlim] version:		1.17
[runlim] host:			c3n12
[runlim] time limit:		311040000 seconds
[runlim] real time limit:	3600 seconds
[runlim] space limit:		120000 MB
[runlim] argv[0]:		./run-conps-btormc-thp.sh
[runlim] argv[1]:		/tmp/b4PrIonw.btor
[runlim] start:			Thu Oct 17 04:40:12 2019
[runlim] child:			19507
warning: unsupported tag 'output'
warning: unsupported tag 'output'
warning: unsupported tag 'output'
warning: unsupported tag 'output'
warning: unsupported tag 'output'
warning: unsupported tag 'output'
warning: unsupported tag 'output'
warning: unsupported tag 'output'
warning: unsupported tag 'output'
warning: unsupported tag 'output'
warning: unsupported tag 'output'
warning: unsupported tag 'output'
warning: unsupported tag 'output'
warning: unsupported tag 'output'
warning: unsupported tag 'output'
warning: unsupported tag 'output'
warning: unsupported tag 'output'
warning: unsupported tag 'output'
[runlim] sample:		9.98 time, 10.02 real, 303 MB
[runlim] sample:		19.98 time, 20.02 real, 369 MB
[runlim] sample:		29.98 time, 30.02 real, 561 MB
[runlim] sample:		39.98 time, 40.02 real, 679 MB
[runlim] sample:		49.98 time, 50.02 real, 805 MB
[runlim] sample:		59.98 time, 60.02 real, 949 MB
[runlim] sample:		69.98 time, 70.02 real, 951 MB
[runlim] sample:		79.98 time, 80.02 real, 1048 MB
[runlim] sample:		89.98 time, 90.02 real, 1199 MB
[runlim] sample:		99.98 time, 100.02 real, 1352 MB
[runlim] sample:		109.98 time, 110.02 real, 1412 MB
[runlim] sample:		119.98 time, 120.02 real, 1650 MB
[runlim] sample:		129.98 time, 130.02 real, 1766 MB
[runlim] sample:		139.98 time, 140.02 real, 1607 MB
[runlim] sample:		149.98 time, 150.01 real, 1613 MB
[runlim] sample:		159.98 time, 160.02 real, 1885 MB
[runlim] sample:		169.99 time, 170.02 real, 1940 MB
[runlim] sample:		179.98 time, 180.02 real, 2048 MB
[runlim] sample:		189.98 time, 190.02 real, 2105 MB
[runlim] sample:		199.98 time, 200.02 real, 2105 MB
[runlim] sample:		209.98 time, 210.02 real, 2040 MB
[runlim] sample:		219.98 time, 220.02 real, 2429 MB
[runlim] sample:		229.98 time, 230.02 real, 2242 MB
[runlim] sample:		239.98 time, 240.02 real, 2202 MB
[runlim] sample:		249.98 time, 250.02 real, 2202 MB
[runlim] sample:		259.98 time, 260.01 real, 2202 MB
[runlim] sample:		269.98 time, 270.02 real, 2287 MB
[runlim] sample:		279.98 time, 280.02 real, 2547 MB
[runlim] sample:		289.98 time, 290.01 real, 2307 MB
[runlim] sample:		299.98 time, 300.02 real, 2256 MB
[runlim] sample:		309.98 time, 310.02 real, 2583 MB
[runlim] sample:		319.98 time, 320.02 real, 2638 MB
[runlim] sample:		329.98 time, 330.02 real, 2654 MB
[runlim] sample:		339.98 time, 340.02 real, 2423 MB
[runlim] sample:		349.98 time, 350.02 real, 2737 MB
[runlim] sample:		359.99 time, 360.02 real, 2813 MB
[runlim] sample:		369.99 time, 370.02 real, 2878 MB
[runlim] sample:		379.98 time, 380.02 real, 3007 MB
[runlim] sample:		389.98 time, 390.02 real, 2959 MB
[runlim] sample:		399.98 time, 400.02 real, 3275 MB
[runlim] sample:		409.98 time, 410.01 real, 2701 MB
[runlim] sample:		419.98 time, 420.02 real, 3053 MB
[runlim] sample:		429.98 time, 430.02 real, 3132 MB
[runlim] sample:		439.98 time, 440.02 real, 3172 MB
[runlim] sample:		449.98 time, 450.02 real, 3247 MB
[runlim] sample:		459.98 time, 460.02 real, 3484 MB
[runlim] sample:		469.98 time, 470.02 real, 3692 MB
[runlim] sample:		479.98 time, 480.02 real, 3135 MB
[runlim] sample:		489.98 time, 490.02 real, 3103 MB
[runlim] sample:		499.98 time, 500.02 real, 3129 MB
[runlim] sample:		509.99 time, 510.01 real, 3129 MB
[runlim] sample:		519.99 time, 520.01 real, 3129 MB
[runlim] sample:		529.99 time, 530.01 real, 3129 MB
[runlim] sample:		539.99 time, 540.01 real, 3129 MB
[runlim] sample:		549.99 time, 550.01 real, 3129 MB
[runlim] sample:		559.99 time, 560.02 real, 3590 MB
[runlim] sample:		569.98 time, 570.02 real, 3628 MB
[runlim] sample:		579.98 time, 580.02 real, 3721 MB
[runlim] sample:		589.99 time, 590.02 real, 3720 MB
[runlim] end:			Thu Oct 17 04:50:08 2019
[runlim] status:		ok
[runlim] result:		0
[runlim] children:		3
[runlim] real:			596.12 seconds
[runlim] time:			595.98 seconds
[runlim] space:			4399 MB
[runlim] samples:		5961
