[runlim] version:		1.17
[runlim] host:			c3n12
[runlim] time limit:		311040000 seconds
[runlim] real time limit:	3600 seconds
[runlim] space limit:		120000 MB
[runlim] argv[0]:		./run-conps-btormc-thp.sh
[runlim] argv[1]:		/tmp/b0OKYbqc.btor
[runlim] start:			Thu Oct 17 06:50:09 2019
[runlim] child:			19988
[runlim] sample:		9.98 time, 10.02 real, 77 MB
[runlim] sample:		19.99 time, 20.02 real, 122 MB
[runlim] sample:		29.98 time, 30.01 real, 182 MB
[runlim] sample:		39.99 time, 40.02 real, 192 MB
[runlim] sample:		49.99 time, 50.02 real, 234 MB
[runlim] sample:		59.99 time, 60.02 real, 236 MB
[runlim] sample:		69.98 time, 70.02 real, 270 MB
[runlim] sample:		79.98 time, 80.01 real, 322 MB
[runlim] sample:		89.99 time, 90.02 real, 326 MB
[runlim] sample:		99.98 time, 100.02 real, 358 MB
[runlim] sample:		109.98 time, 110.02 real, 372 MB
[runlim] sample:		119.99 time, 120.01 real, 394 MB
[runlim] sample:		129.98 time, 130.02 real, 411 MB
[runlim] sample:		139.98 time, 140.02 real, 425 MB
[runlim] sample:		149.98 time, 150.02 real, 429 MB
[runlim] sample:		159.98 time, 160.01 real, 446 MB
[runlim] sample:		169.98 time, 170.02 real, 486 MB
[runlim] sample:		179.98 time, 180.02 real, 518 MB
[runlim] sample:		189.98 time, 190.02 real, 519 MB
[runlim] sample:		199.98 time, 200.02 real, 519 MB
[runlim] sample:		209.99 time, 210.01 real, 529 MB
[runlim] sample:		219.98 time, 220.02 real, 529 MB
[runlim] sample:		229.99 time, 230.02 real, 556 MB
[runlim] sample:		239.99 time, 240.02 real, 672 MB
[runlim] sample:		249.98 time, 250.02 real, 680 MB
[runlim] sample:		259.98 time, 260.02 real, 682 MB
[runlim] sample:		269.98 time, 270.02 real, 682 MB
[runlim] sample:		279.98 time, 280.02 real, 682 MB
[runlim] sample:		289.98 time, 290.02 real, 726 MB
[runlim] sample:		299.99 time, 300.02 real, 788 MB
[runlim] sample:		309.98 time, 310.02 real, 896 MB
[runlim] sample:		319.98 time, 320.02 real, 898 MB
[runlim] sample:		329.98 time, 330.02 real, 898 MB
[runlim] sample:		339.98 time, 340.02 real, 898 MB
[runlim] sample:		349.98 time, 350.02 real, 917 MB
[runlim] sample:		359.98 time, 360.02 real, 987 MB
[runlim] sample:		369.98 time, 370.01 real, 989 MB
[runlim] sample:		379.99 time, 380.02 real, 1094 MB
[runlim] sample:		389.99 time, 390.02 real, 1195 MB
[runlim] end:			Thu Oct 17 06:56:49 2019
[runlim] status:		ok
[runlim] result:		0
[runlim] children:		3
[runlim] real:			399.82 seconds
[runlim] time:			399.78 seconds
[runlim] space:			1288 MB
[runlim] samples:		3998
