[runlim] version:		1.17
[runlim] host:			c3n25
[runlim] time limit:		311040000 seconds
[runlim] real time limit:	3600 seconds
[runlim] space limit:		120000 MB
[runlim] argv[0]:		./run-conps-btormc-thp.sh
[runlim] argv[1]:		/tmp/LlQTiuyj.btor
[runlim] start:			Thu Oct 17 06:57:23 2019
[runlim] child:			18487
[runlim] sample:		9.98 time, 10.01 real, 140 MB
[runlim] sample:		19.98 time, 20.02 real, 238 MB
[runlim] sample:		29.99 time, 30.02 real, 324 MB
[runlim] sample:		39.98 time, 40.02 real, 400 MB
[runlim] sample:		49.98 time, 50.01 real, 453 MB
[runlim] sample:		59.98 time, 60.01 real, 486 MB
[runlim] sample:		69.99 time, 70.02 real, 582 MB
[runlim] sample:		79.98 time, 80.02 real, 602 MB
[runlim] sample:		89.98 time, 90.02 real, 722 MB
[runlim] sample:		99.98 time, 100.01 real, 732 MB
[runlim] sample:		109.99 time, 110.02 real, 807 MB
[runlim] sample:		119.99 time, 120.01 real, 759 MB
[runlim] sample:		129.98 time, 130.02 real, 869 MB
[runlim] sample:		139.99 time, 140.01 real, 787 MB
[runlim] sample:		149.98 time, 150.02 real, 815 MB
[runlim] sample:		159.98 time, 160.02 real, 950 MB
[runlim] end:			Thu Oct 17 07:00:11 2019
[runlim] status:		ok
[runlim] result:		0
[runlim] children:		3
[runlim] real:			168.43 seconds
[runlim] time:			168.38 seconds
[runlim] space:			968 MB
[runlim] samples:		1684
