[runlim] version:		1.17
[runlim] host:			c3n02
[runlim] time limit:		311040000 seconds
[runlim] real time limit:	3600 seconds
[runlim] space limit:		120000 MB
[runlim] argv[0]:		./run-btormc.sh
[runlim] argv[1]:		/tmp/9BTdlrDO.btor2
[runlim] start:			Wed Oct 16 04:57:22 2019
[runlim] child:			29724
warning: unsupported tag 'output'
[runlim] sample:		10.00 time, 10.02 real, 118 MB
[runlim] sample:		20.00 time, 20.02 real, 164 MB
[runlim] sample:		30.00 time, 30.02 real, 179 MB
[runlim] sample:		40.00 time, 40.02 real, 252 MB
[runlim] sample:		50.00 time, 50.02 real, 308 MB
[runlim] sample:		60.00 time, 60.02 real, 322 MB
[runlim] sample:		70.00 time, 70.02 real, 346 MB
[runlim] sample:		80.00 time, 80.02 real, 423 MB
[runlim] sample:		90.00 time, 90.02 real, 438 MB
[runlim] sample:		100.00 time, 100.02 real, 441 MB
[runlim] sample:		109.99 time, 110.02 real, 443 MB
[runlim] sample:		120.00 time, 120.02 real, 542 MB
[runlim] sample:		130.00 time, 130.01 real, 609 MB
[runlim] sample:		140.00 time, 140.02 real, 616 MB
[runlim] sample:		150.00 time, 150.01 real, 635 MB
[runlim] sample:		160.00 time, 160.02 real, 636 MB
[runlim] sample:		170.00 time, 170.02 real, 636 MB
[runlim] sample:		180.00 time, 180.01 real, 638 MB
[runlim] sample:		190.00 time, 190.02 real, 702 MB
[runlim] sample:		199.99 time, 200.02 real, 730 MB
[runlim] sample:		210.00 time, 210.02 real, 734 MB
[runlim] sample:		220.00 time, 220.02 real, 734 MB
[runlim] sample:		229.99 time, 230.02 real, 741 MB
[runlim] sample:		240.00 time, 240.02 real, 741 MB
[runlim] sample:		250.00 time, 250.02 real, 741 MB
[runlim] sample:		259.99 time, 260.02 real, 751 MB
[runlim] sample:		270.00 time, 270.02 real, 788 MB
[runlim] sample:		279.99 time, 280.02 real, 898 MB
[runlim] sample:		289.99 time, 290.02 real, 879 MB
[runlim] sample:		300.00 time, 300.02 real, 890 MB
[runlim] sample:		309.99 time, 310.02 real, 892 MB
[runlim] sample:		319.99 time, 320.02 real, 892 MB
[runlim] sample:		330.00 time, 330.02 real, 887 MB
[runlim] sample:		340.00 time, 340.02 real, 975 MB
[runlim] sample:		350.00 time, 350.02 real, 981 MB
[runlim] sample:		359.99 time, 360.02 real, 993 MB
[runlim] sample:		369.99 time, 370.02 real, 1010 MB
[runlim] sample:		379.99 time, 380.02 real, 1056 MB
[runlim] sample:		390.00 time, 390.02 real, 1108 MB
[runlim] sample:		400.00 time, 400.02 real, 1081 MB
[runlim] sample:		409.99 time, 410.02 real, 1169 MB
[runlim] sample:		419.99 time, 420.02 real, 1092 MB
[runlim] sample:		429.99 time, 430.02 real, 1094 MB
[runlim] sample:		439.99 time, 440.02 real, 1094 MB
[runlim] sample:		450.00 time, 450.02 real, 1096 MB
[runlim] sample:		460.00 time, 460.02 real, 1097 MB
[runlim] sample:		469.99 time, 470.02 real, 1108 MB
[runlim] sample:		480.00 time, 480.02 real, 1109 MB
[runlim] sample:		490.00 time, 490.02 real, 1110 MB
[runlim] sample:		499.99 time, 500.02 real, 1112 MB
[runlim] sample:		510.00 time, 510.02 real, 1264 MB
[runlim] sample:		519.99 time, 520.02 real, 1267 MB
[runlim] sample:		529.99 time, 530.02 real, 1323 MB
[runlim] sample:		540.00 time, 540.02 real, 1323 MB
[runlim] sample:		549.99 time, 550.02 real, 1217 MB
[runlim] sample:		559.99 time, 560.02 real, 1308 MB
[runlim] sample:		569.99 time, 570.02 real, 1309 MB
[runlim] sample:		579.99 time, 580.02 real, 1321 MB
[runlim] sample:		589.99 time, 590.02 real, 1321 MB
[runlim] sample:		599.99 time, 600.01 real, 1322 MB
[runlim] sample:		609.99 time, 610.02 real, 1407 MB
[runlim] sample:		620.00 time, 620.02 real, 1410 MB
[runlim] sample:		629.99 time, 630.02 real, 1405 MB
[runlim] sample:		639.99 time, 640.02 real, 1405 MB
[runlim] sample:		650.00 time, 650.02 real, 1405 MB
[runlim] sample:		660.00 time, 660.02 real, 1405 MB
[runlim] sample:		669.99 time, 670.02 real, 1415 MB
[runlim] sample:		679.99 time, 680.02 real, 1408 MB
[runlim] sample:		689.99 time, 690.02 real, 1408 MB
[runlim] sample:		699.99 time, 700.02 real, 1536 MB
[runlim] sample:		709.99 time, 710.02 real, 1469 MB
[runlim] sample:		719.99 time, 720.02 real, 1469 MB
[runlim] sample:		729.99 time, 730.02 real, 1515 MB
[runlim] sample:		739.99 time, 740.02 real, 1490 MB
[runlim] sample:		749.99 time, 750.02 real, 1492 MB
[runlim] sample:		759.99 time, 760.02 real, 1459 MB
[runlim] sample:		769.99 time, 770.02 real, 1560 MB
[runlim] sample:		779.99 time, 780.02 real, 1560 MB
[runlim] sample:		789.99 time, 790.02 real, 1588 MB
[runlim] sample:		799.99 time, 800.02 real, 1608 MB
[runlim] sample:		809.99 time, 810.02 real, 1608 MB
[runlim] sample:		819.99 time, 820.02 real, 1609 MB
[runlim] sample:		829.99 time, 830.02 real, 1625 MB
[runlim] sample:		839.99 time, 840.02 real, 1625 MB
[runlim] sample:		849.99 time, 850.02 real, 1625 MB
[runlim] sample:		859.99 time, 860.02 real, 1625 MB
[runlim] sample:		869.99 time, 870.02 real, 1625 MB
[runlim] sample:		879.99 time, 880.02 real, 1625 MB
[runlim] sample:		889.99 time, 890.02 real, 1625 MB
[runlim] sample:		899.99 time, 900.02 real, 1625 MB
[runlim] sample:		909.99 time, 910.02 real, 1803 MB
[runlim] sample:		919.98 time, 920.02 real, 1769 MB
[runlim] sample:		929.99 time, 930.02 real, 1769 MB
[runlim] sample:		939.99 time, 940.02 real, 1769 MB
[runlim] sample:		949.99 time, 950.02 real, 1769 MB
[runlim] sample:		959.98 time, 960.02 real, 1769 MB
[runlim] sample:		969.99 time, 970.02 real, 1850 MB
[runlim] sample:		979.99 time, 980.02 real, 1850 MB
[runlim] sample:		989.99 time, 990.02 real, 1816 MB
[runlim] sample:		999.99 time, 1000.02 real, 1866 MB
[runlim] sample:		1009.99 time, 1010.02 real, 1809 MB
[runlim] sample:		1019.99 time, 1020.02 real, 1809 MB
[runlim] sample:		1029.99 time, 1030.02 real, 1812 MB
[runlim] sample:		1039.98 time, 1040.02 real, 1879 MB
[runlim] sample:		1049.98 time, 1050.02 real, 1880 MB
[runlim] sample:		1059.99 time, 1060.02 real, 1881 MB
[runlim] sample:		1069.99 time, 1070.02 real, 1883 MB
[runlim] sample:		1079.99 time, 1080.02 real, 1751 MB
[runlim] sample:		1089.99 time, 1090.02 real, 1850 MB
[runlim] sample:		1099.99 time, 1100.02 real, 1851 MB
[runlim] sample:		1109.98 time, 1110.02 real, 1853 MB
[runlim] sample:		1119.98 time, 1120.02 real, 1855 MB
[runlim] sample:		1129.98 time, 1130.02 real, 1857 MB
[runlim] sample:		1139.98 time, 1140.02 real, 1867 MB
[runlim] sample:		1149.99 time, 1150.02 real, 1861 MB
[runlim] sample:		1159.99 time, 1160.02 real, 1889 MB
[runlim] sample:		1169.99 time, 1170.02 real, 1876 MB
[runlim] sample:		1179.98 time, 1180.02 real, 1877 MB
[runlim] sample:		1189.98 time, 1190.02 real, 1942 MB
[runlim] sample:		1199.99 time, 1200.02 real, 1923 MB
[runlim] sample:		1209.99 time, 1210.02 real, 1974 MB
[runlim] sample:		1219.99 time, 1220.02 real, 1946 MB
[runlim] sample:		1229.98 time, 1230.02 real, 1948 MB
[runlim] sample:		1239.98 time, 1240.02 real, 1930 MB
[runlim] sample:		1249.99 time, 1250.02 real, 1930 MB
[runlim] sample:		1259.99 time, 1260.02 real, 1931 MB
[runlim] sample:		1269.99 time, 1270.02 real, 1931 MB
[runlim] sample:		1279.98 time, 1280.02 real, 1931 MB
[runlim] sample:		1289.98 time, 1290.02 real, 1937 MB
[runlim] sample:		1299.98 time, 1300.02 real, 1974 MB
[runlim] sample:		1309.99 time, 1310.02 real, 1981 MB
[runlim] sample:		1319.99 time, 1320.02 real, 1981 MB
[runlim] sample:		1329.98 time, 1330.02 real, 1983 MB
[runlim] sample:		1339.98 time, 1340.02 real, 2081 MB
[runlim] sample:		1349.98 time, 1350.02 real, 1984 MB
[runlim] sample:		1359.99 time, 1360.02 real, 1985 MB
[runlim] sample:		1369.98 time, 1370.02 real, 1986 MB
[runlim] sample:		1379.99 time, 1380.02 real, 1987 MB
[runlim] sample:		1389.98 time, 1390.02 real, 1988 MB
[runlim] sample:		1399.98 time, 1400.02 real, 1989 MB
[runlim] sample:		1409.99 time, 1410.02 real, 2178 MB
[runlim] sample:		1419.98 time, 1420.02 real, 2173 MB
[runlim] sample:		1429.98 time, 1430.02 real, 2166 MB
[runlim] sample:		1439.98 time, 1440.02 real, 2246 MB
[runlim] sample:		1449.98 time, 1450.02 real, 2168 MB
[runlim] sample:		1459.98 time, 1460.02 real, 2169 MB
[runlim] sample:		1469.98 time, 1470.02 real, 2170 MB
[runlim] sample:		1479.98 time, 1480.02 real, 2170 MB
[runlim] sample:		1489.99 time, 1490.02 real, 2258 MB
[runlim] sample:		1499.99 time, 1500.02 real, 2260 MB
[runlim] sample:		1509.98 time, 1510.01 real, 2261 MB
[runlim] sample:		1519.98 time, 1520.02 real, 2282 MB
[runlim] sample:		1529.98 time, 1530.02 real, 2279 MB
[runlim] sample:		1539.98 time, 1540.02 real, 2242 MB
[runlim] sample:		1549.98 time, 1550.02 real, 2243 MB
[runlim] sample:		1559.98 time, 1560.02 real, 2245 MB
[runlim] sample:		1569.99 time, 1570.02 real, 2246 MB
[runlim] sample:		1579.98 time, 1580.02 real, 2248 MB
[runlim] sample:		1589.98 time, 1590.01 real, 2248 MB
[runlim] sample:		1599.99 time, 1600.02 real, 2249 MB
[runlim] sample:		1609.98 time, 1610.02 real, 2249 MB
[runlim] sample:		1619.98 time, 1620.02 real, 2264 MB
[runlim] sample:		1629.98 time, 1630.02 real, 2265 MB
[runlim] sample:		1639.98 time, 1640.02 real, 2271 MB
[runlim] sample:		1649.98 time, 1650.02 real, 2272 MB
[runlim] sample:		1659.98 time, 1660.02 real, 2255 MB
[runlim] sample:		1669.98 time, 1670.02 real, 2258 MB
[runlim] sample:		1679.98 time, 1680.02 real, 2473 MB
[runlim] sample:		1689.98 time, 1690.02 real, 2473 MB
[runlim] sample:		1699.98 time, 1700.02 real, 2473 MB
[runlim] sample:		1709.98 time, 1710.02 real, 2474 MB
[runlim] sample:		1719.98 time, 1720.02 real, 2474 MB
[runlim] sample:		1729.98 time, 1730.02 real, 2489 MB
[runlim] sample:		1739.98 time, 1740.02 real, 2475 MB
[runlim] sample:		1749.98 time, 1750.02 real, 2475 MB
[runlim] sample:		1759.98 time, 1760.02 real, 2475 MB
[runlim] sample:		1769.98 time, 1770.02 real, 2475 MB
[runlim] sample:		1779.98 time, 1780.02 real, 2475 MB
[runlim] sample:		1789.98 time, 1790.02 real, 2475 MB
[runlim] sample:		1799.98 time, 1800.02 real, 2476 MB
[runlim] sample:		1809.98 time, 1810.02 real, 2476 MB
[runlim] sample:		1819.98 time, 1820.02 real, 2476 MB
[runlim] sample:		1829.98 time, 1830.02 real, 2476 MB
[runlim] sample:		1839.98 time, 1840.02 real, 2476 MB
[runlim] sample:		1849.98 time, 1850.02 real, 2476 MB
[runlim] sample:		1859.98 time, 1860.02 real, 2476 MB
[runlim] sample:		1869.98 time, 1870.02 real, 2484 MB
[runlim] sample:		1879.97 time, 1880.02 real, 2485 MB
[runlim] sample:		1889.97 time, 1890.01 real, 2486 MB
[runlim] sample:		1899.98 time, 1900.02 real, 2486 MB
[runlim] sample:		1909.97 time, 1910.02 real, 2487 MB
[runlim] sample:		1919.97 time, 1920.02 real, 2812 MB
[runlim] sample:		1929.98 time, 1930.02 real, 2535 MB
[runlim] sample:		1939.98 time, 1940.02 real, 2535 MB
[runlim] sample:		1949.98 time, 1950.02 real, 2535 MB
[runlim] sample:		1959.98 time, 1960.02 real, 2535 MB
[runlim] sample:		1969.98 time, 1970.02 real, 2535 MB
[runlim] sample:		1979.98 time, 1980.02 real, 2535 MB
[runlim] sample:		1989.98 time, 1990.02 real, 2600 MB
[runlim] sample:		1999.98 time, 2000.02 real, 2534 MB
[runlim] sample:		2009.98 time, 2010.02 real, 2438 MB
[runlim] sample:		2019.98 time, 2020.02 real, 2638 MB
[runlim] sample:		2029.97 time, 2030.02 real, 2639 MB
[runlim] sample:		2039.98 time, 2040.02 real, 2640 MB
[runlim] sample:		2049.98 time, 2050.02 real, 2640 MB
[runlim] sample:		2059.98 time, 2060.02 real, 2640 MB
[runlim] sample:		2069.97 time, 2070.02 real, 2640 MB
[runlim] sample:		2079.98 time, 2080.02 real, 2641 MB
[runlim] sample:		2089.98 time, 2090.02 real, 2641 MB
[runlim] sample:		2099.98 time, 2100.02 real, 2641 MB
[runlim] sample:		2109.97 time, 2110.02 real, 2648 MB
[runlim] sample:		2119.97 time, 2120.02 real, 2648 MB
[runlim] sample:		2129.97 time, 2130.02 real, 2648 MB
[runlim] sample:		2139.97 time, 2140.02 real, 2648 MB
[runlim] sample:		2149.97 time, 2150.02 real, 2649 MB
[runlim] sample:		2159.98 time, 2160.02 real, 2649 MB
[runlim] sample:		2169.98 time, 2170.02 real, 2651 MB
[runlim] sample:		2179.98 time, 2180.02 real, 2546 MB
[runlim] sample:		2189.97 time, 2190.02 real, 2687 MB
[runlim] sample:		2199.97 time, 2200.02 real, 2687 MB
[runlim] sample:		2209.97 time, 2210.02 real, 2688 MB
[runlim] sample:		2219.98 time, 2220.02 real, 2689 MB
[runlim] sample:		2229.98 time, 2230.02 real, 2690 MB
[runlim] sample:		2239.98 time, 2240.02 real, 2690 MB
[runlim] sample:		2249.98 time, 2250.02 real, 2691 MB
[runlim] sample:		2259.98 time, 2260.02 real, 2691 MB
[runlim] sample:		2269.98 time, 2270.02 real, 2692 MB
[runlim] sample:		2279.98 time, 2280.02 real, 2627 MB
[runlim] sample:		2289.97 time, 2290.02 real, 2922 MB
[runlim] sample:		2299.97 time, 2300.02 real, 2921 MB
[runlim] sample:		2309.98 time, 2310.02 real, 2922 MB
[runlim] sample:		2319.97 time, 2320.02 real, 2922 MB
[runlim] sample:		2329.97 time, 2330.02 real, 2923 MB
[runlim] sample:		2339.97 time, 2340.02 real, 2923 MB
[runlim] sample:		2349.98 time, 2350.02 real, 2923 MB
[runlim] sample:		2359.97 time, 2360.02 real, 2923 MB
[runlim] sample:		2369.97 time, 2370.02 real, 2923 MB
[runlim] sample:		2379.98 time, 2380.02 real, 2924 MB
[runlim] sample:		2389.98 time, 2390.02 real, 2925 MB
[runlim] sample:		2399.97 time, 2400.02 real, 2973 MB
[runlim] sample:		2409.97 time, 2410.02 real, 2973 MB
[runlim] sample:		2419.97 time, 2420.02 real, 2973 MB
[runlim] sample:		2429.98 time, 2430.02 real, 2973 MB
[runlim] sample:		2439.97 time, 2440.02 real, 2973 MB
[runlim] sample:		2449.98 time, 2450.02 real, 3041 MB
[runlim] sample:		2459.97 time, 2460.02 real, 2850 MB
[runlim] sample:		2469.98 time, 2470.02 real, 2996 MB
[runlim] sample:		2479.97 time, 2480.02 real, 2998 MB
[runlim] sample:		2489.98 time, 2490.02 real, 2999 MB
[runlim] sample:		2499.97 time, 2500.02 real, 2999 MB
[runlim] sample:		2509.97 time, 2510.02 real, 2999 MB
[runlim] sample:		2519.97 time, 2520.02 real, 2999 MB
[runlim] sample:		2529.97 time, 2530.02 real, 3087 MB
[runlim] sample:		2539.97 time, 2540.02 real, 3001 MB
[runlim] sample:		2549.98 time, 2550.02 real, 3001 MB
[runlim] sample:		2559.97 time, 2560.02 real, 3300 MB
[runlim] sample:		2569.98 time, 2570.02 real, 3007 MB
[runlim] sample:		2579.98 time, 2580.02 real, 3007 MB
[runlim] sample:		2589.98 time, 2590.02 real, 3007 MB
[runlim] sample:		2599.97 time, 2600.02 real, 3007 MB
[runlim] sample:		2609.97 time, 2610.02 real, 3007 MB
[runlim] sample:		2619.97 time, 2620.02 real, 3007 MB
[runlim] sample:		2629.97 time, 2630.02 real, 3008 MB
[runlim] sample:		2639.97 time, 2640.02 real, 2921 MB
[runlim] sample:		2649.97 time, 2650.02 real, 3126 MB
[runlim] sample:		2659.97 time, 2660.02 real, 3127 MB
[runlim] sample:		2669.97 time, 2670.02 real, 3127 MB
[runlim] sample:		2679.97 time, 2680.02 real, 3199 MB
[runlim] sample:		2689.98 time, 2690.02 real, 3174 MB
[runlim] sample:		2699.97 time, 2700.02 real, 3174 MB
[runlim] sample:		2709.98 time, 2710.02 real, 3174 MB
[runlim] sample:		2719.97 time, 2720.02 real, 3175 MB
[runlim] sample:		2729.97 time, 2730.02 real, 3175 MB
[runlim] sample:		2739.97 time, 2740.02 real, 3176 MB
[runlim] sample:		2749.97 time, 2750.02 real, 3383 MB
[runlim] sample:		2759.97 time, 2760.02 real, 3177 MB
[runlim] sample:		2769.97 time, 2770.02 real, 3178 MB
[runlim] sample:		2779.97 time, 2780.02 real, 3179 MB
[runlim] sample:		2789.97 time, 2790.02 real, 3179 MB
[runlim] sample:		2799.97 time, 2800.02 real, 3180 MB
[runlim] sample:		2809.97 time, 2810.02 real, 3180 MB
[runlim] sample:		2819.97 time, 2820.01 real, 3180 MB
[runlim] sample:		2829.97 time, 2830.02 real, 3193 MB
[runlim] sample:		2839.98 time, 2840.02 real, 3193 MB
[runlim] sample:		2849.98 time, 2850.02 real, 3193 MB
[runlim] sample:		2859.97 time, 2860.02 real, 3194 MB
[runlim] sample:		2869.97 time, 2870.02 real, 3195 MB
[runlim] sample:		2879.97 time, 2880.02 real, 3195 MB
[runlim] sample:		2889.97 time, 2890.02 real, 3196 MB
[runlim] sample:		2899.97 time, 2900.02 real, 3196 MB
[runlim] sample:		2909.97 time, 2910.02 real, 3196 MB
[runlim] sample:		2919.97 time, 2920.02 real, 3196 MB
[runlim] sample:		2929.97 time, 2930.02 real, 3197 MB
[runlim] sample:		2939.97 time, 2940.02 real, 3198 MB
[runlim] sample:		2949.97 time, 2950.02 real, 3198 MB
[runlim] sample:		2959.97 time, 2960.01 real, 3198 MB
[runlim] sample:		2969.97 time, 2970.02 real, 3200 MB
[runlim] sample:		2979.97 time, 2980.02 real, 3200 MB
[runlim] sample:		2989.97 time, 2990.02 real, 3200 MB
[runlim] sample:		2999.97 time, 3000.02 real, 3200 MB
[runlim] sample:		3009.97 time, 3010.01 real, 3200 MB
[runlim] sample:		3019.97 time, 3020.02 real, 3269 MB
[runlim] sample:		3029.97 time, 3030.02 real, 3082 MB
[runlim] sample:		3039.97 time, 3040.02 real, 3221 MB
[runlim] sample:		3049.97 time, 3050.02 real, 3164 MB
[runlim] sample:		3059.97 time, 3060.02 real, 3256 MB
[runlim] sample:		3069.97 time, 3070.02 real, 3256 MB
[runlim] sample:		3079.97 time, 3080.02 real, 3257 MB
[runlim] sample:		3089.97 time, 3090.02 real, 3525 MB
[runlim] sample:		3099.97 time, 3100.02 real, 3263 MB
[runlim] sample:		3109.97 time, 3110.02 real, 3263 MB
[runlim] sample:		3119.97 time, 3120.02 real, 3263 MB
[runlim] sample:		3129.96 time, 3130.02 real, 3264 MB
[runlim] sample:		3139.97 time, 3140.02 real, 3265 MB
[runlim] sample:		3149.96 time, 3150.02 real, 3266 MB
[runlim] sample:		3159.97 time, 3160.02 real, 3267 MB
[runlim] sample:		3169.97 time, 3170.02 real, 3455 MB
[runlim] sample:		3179.97 time, 3180.02 real, 3455 MB
[runlim] sample:		3189.97 time, 3190.02 real, 3456 MB
[runlim] sample:		3199.97 time, 3200.01 real, 3457 MB
[runlim] sample:		3209.97 time, 3210.02 real, 3457 MB
[runlim] sample:		3219.97 time, 3220.02 real, 3457 MB
[runlim] sample:		3229.96 time, 3230.02 real, 3458 MB
[runlim] sample:		3239.96 time, 3240.02 real, 3458 MB
[runlim] sample:		3249.97 time, 3250.02 real, 3459 MB
[runlim] sample:		3259.97 time, 3260.02 real, 3459 MB
[runlim] sample:		3269.97 time, 3270.01 real, 3460 MB
[runlim] sample:		3279.97 time, 3280.01 real, 3461 MB
[runlim] sample:		3289.97 time, 3290.02 real, 3461 MB
[runlim] sample:		3299.97 time, 3300.02 real, 3461 MB
[runlim] sample:		3309.96 time, 3310.02 real, 3461 MB
[runlim] sample:		3319.97 time, 3320.02 real, 3485 MB
[runlim] sample:		3329.97 time, 3330.02 real, 3336 MB
[runlim] sample:		3339.97 time, 3340.02 real, 3386 MB
[runlim] sample:		3349.96 time, 3350.02 real, 3367 MB
[runlim] sample:		3359.97 time, 3360.02 real, 3369 MB
[runlim] sample:		3369.96 time, 3370.02 real, 3369 MB
[runlim] sample:		3379.97 time, 3380.02 real, 3369 MB
[runlim] sample:		3389.96 time, 3390.02 real, 3369 MB
[runlim] sample:		3399.96 time, 3400.02 real, 3369 MB
[runlim] sample:		3409.97 time, 3410.02 real, 3370 MB
[runlim] sample:		3419.97 time, 3420.02 real, 3371 MB
[runlim] sample:		3429.97 time, 3430.02 real, 3392 MB
[runlim] sample:		3439.97 time, 3440.02 real, 3372 MB
[runlim] sample:		3449.97 time, 3450.02 real, 3372 MB
[runlim] sample:		3459.97 time, 3460.02 real, 3373 MB
[runlim] sample:		3469.97 time, 3470.02 real, 3374 MB
[runlim] sample:		3479.96 time, 3480.02 real, 3375 MB
[runlim] sample:		3489.97 time, 3490.02 real, 3375 MB
[runlim] sample:		3499.96 time, 3500.02 real, 3375 MB
[runlim] sample:		3509.96 time, 3510.02 real, 3579 MB
[runlim] sample:		3519.97 time, 3520.02 real, 3579 MB
[runlim] sample:		3529.97 time, 3530.02 real, 3579 MB
[runlim] sample:		3539.97 time, 3540.02 real, 3579 MB
[runlim] sample:		3549.97 time, 3550.02 real, 3579 MB
[runlim] sample:		3559.96 time, 3560.02 real, 3579 MB
[runlim] sample:		3569.97 time, 3570.02 real, 3579 MB
[runlim] sample:		3579.97 time, 3580.02 real, 3579 MB
[runlim] sample:		3589.97 time, 3590.02 real, 3579 MB
[runlim] sample:		3599.97 time, 3600.01 real, 3579 MB
[runlim] end:			Wed Oct 16 05:57:22 2019
[runlim] status:		out of time
[runlim] result:		2
[runlim] children:		2
[runlim] real:			3600.10 seconds
[runlim] time:			3599.97 seconds
[runlim] space:			3956 MB
[runlim] samples:		36000
