[runlim] version:		1.17
[runlim] host:			c3n10
[runlim] time limit:		311040000 seconds
[runlim] real time limit:	3600 seconds
[runlim] space limit:		120000 MB
[runlim] argv[0]:		./run-btormc.sh
[runlim] argv[1]:		/tmp/VdAT5aXM.btor2
[runlim] start:			Wed Oct 16 04:27:41 2019
[runlim] child:			26942
warning: unsupported tag 'output'
[runlim] sample:		10.00 time, 10.02 real, 141 MB
[runlim] sample:		20.00 time, 20.01 real, 142 MB
[runlim] sample:		30.00 time, 30.02 real, 142 MB
[runlim] sample:		40.00 time, 40.02 real, 143 MB
[runlim] sample:		50.00 time, 50.02 real, 143 MB
[runlim] sample:		60.00 time, 60.02 real, 145 MB
[runlim] sample:		70.00 time, 70.02 real, 147 MB
[runlim] sample:		80.00 time, 80.02 real, 149 MB
[runlim] sample:		90.00 time, 90.02 real, 149 MB
[runlim] sample:		100.00 time, 100.02 real, 149 MB
[runlim] sample:		110.00 time, 110.01 real, 155 MB
[runlim] sample:		120.00 time, 120.01 real, 155 MB
[runlim] sample:		130.00 time, 130.02 real, 155 MB
[runlim] sample:		140.00 time, 140.01 real, 155 MB
[runlim] sample:		150.00 time, 150.02 real, 155 MB
[runlim] sample:		160.00 time, 160.02 real, 155 MB
[runlim] sample:		170.00 time, 170.02 real, 155 MB
[runlim] sample:		180.00 time, 180.01 real, 155 MB
[runlim] sample:		190.00 time, 190.02 real, 155 MB
[runlim] sample:		200.00 time, 200.02 real, 155 MB
[runlim] sample:		210.00 time, 210.02 real, 155 MB
[runlim] sample:		220.00 time, 220.02 real, 155 MB
[runlim] sample:		230.00 time, 230.02 real, 155 MB
[runlim] sample:		240.00 time, 240.02 real, 155 MB
[runlim] sample:		250.00 time, 250.02 real, 284 MB
[runlim] sample:		260.00 time, 260.02 real, 324 MB
[runlim] sample:		270.00 time, 270.02 real, 325 MB
[runlim] sample:		280.00 time, 280.01 real, 323 MB
[runlim] sample:		289.99 time, 290.02 real, 339 MB
[runlim] sample:		300.00 time, 300.01 real, 352 MB
[runlim] sample:		310.00 time, 310.01 real, 311 MB
[runlim] sample:		320.00 time, 320.02 real, 321 MB
[runlim] sample:		330.00 time, 330.01 real, 321 MB
[runlim] sample:		340.00 time, 340.02 real, 320 MB
[runlim] sample:		350.00 time, 350.02 real, 320 MB
[runlim] sample:		359.99 time, 360.02 real, 320 MB
[runlim] sample:		369.99 time, 370.02 real, 321 MB
[runlim] sample:		379.99 time, 380.02 real, 321 MB
[runlim] sample:		389.99 time, 390.02 real, 322 MB
[runlim] sample:		400.00 time, 400.01 real, 324 MB
[runlim] sample:		410.00 time, 410.01 real, 324 MB
[runlim] sample:		420.00 time, 420.01 real, 324 MB
[runlim] sample:		430.00 time, 430.02 real, 325 MB
[runlim] sample:		440.00 time, 440.02 real, 324 MB
[runlim] sample:		449.99 time, 450.02 real, 323 MB
[runlim] sample:		460.00 time, 460.01 real, 323 MB
[runlim] sample:		470.00 time, 470.02 real, 323 MB
[runlim] sample:		479.99 time, 480.02 real, 328 MB
[runlim] sample:		490.00 time, 490.02 real, 310 MB
[runlim] sample:		499.99 time, 500.02 real, 341 MB
[runlim] sample:		509.99 time, 510.01 real, 341 MB
[runlim] sample:		519.99 time, 520.01 real, 342 MB
[runlim] sample:		529.99 time, 530.02 real, 342 MB
[runlim] sample:		539.99 time, 540.02 real, 342 MB
[runlim] sample:		550.00 time, 550.02 real, 373 MB
[runlim] sample:		560.00 time, 560.02 real, 373 MB
[runlim] sample:		570.00 time, 570.02 real, 316 MB
[runlim] sample:		579.99 time, 580.02 real, 317 MB
[runlim] sample:		589.99 time, 590.02 real, 348 MB
[runlim] sample:		599.99 time, 600.02 real, 348 MB
[runlim] sample:		610.00 time, 610.02 real, 379 MB
[runlim] sample:		620.00 time, 620.02 real, 379 MB
[runlim] sample:		630.00 time, 630.02 real, 409 MB
[runlim] sample:		639.99 time, 640.02 real, 411 MB
[runlim] sample:		649.99 time, 650.02 real, 411 MB
[runlim] sample:		659.99 time, 660.02 real, 411 MB
[runlim] sample:		669.99 time, 670.01 real, 411 MB
[runlim] sample:		679.99 time, 680.02 real, 411 MB
[runlim] sample:		690.00 time, 690.02 real, 350 MB
[runlim] sample:		700.00 time, 700.02 real, 350 MB
[runlim] sample:		710.00 time, 710.02 real, 350 MB
[runlim] sample:		720.00 time, 720.02 real, 357 MB
[runlim] sample:		729.99 time, 730.02 real, 354 MB
[runlim] sample:		740.00 time, 740.02 real, 358 MB
[runlim] sample:		750.00 time, 750.01 real, 354 MB
[runlim] sample:		760.00 time, 760.02 real, 393 MB
[runlim] sample:		769.99 time, 770.02 real, 357 MB
[runlim] sample:		779.99 time, 780.02 real, 354 MB
[runlim] sample:		790.00 time, 790.01 real, 353 MB
[runlim] sample:		800.00 time, 800.02 real, 355 MB
[runlim] sample:		810.00 time, 810.01 real, 354 MB
[runlim] sample:		820.00 time, 820.02 real, 357 MB
[runlim] sample:		830.00 time, 830.01 real, 357 MB
[runlim] sample:		840.00 time, 840.01 real, 358 MB
[runlim] sample:		850.00 time, 850.01 real, 358 MB
[runlim] sample:		860.00 time, 860.02 real, 356 MB
[runlim] sample:		869.99 time, 870.01 real, 355 MB
[runlim] sample:		879.99 time, 880.01 real, 357 MB
[runlim] sample:		889.99 time, 890.01 real, 358 MB
[runlim] sample:		900.00 time, 900.02 real, 366 MB
[runlim] sample:		910.00 time, 910.02 real, 366 MB
[runlim] sample:		920.00 time, 920.02 real, 366 MB
[runlim] sample:		930.00 time, 930.02 real, 379 MB
[runlim] sample:		939.99 time, 940.02 real, 356 MB
[runlim] sample:		950.00 time, 950.02 real, 360 MB
[runlim] sample:		960.00 time, 960.02 real, 360 MB
[runlim] sample:		969.99 time, 970.01 real, 365 MB
[runlim] sample:		980.00 time, 980.02 real, 369 MB
[runlim] sample:		989.99 time, 990.01 real, 360 MB
[runlim] sample:		999.99 time, 1000.02 real, 360 MB
[runlim] sample:		1010.00 time, 1010.01 real, 360 MB
[runlim] sample:		1019.99 time, 1020.02 real, 368 MB
[runlim] sample:		1029.99 time, 1030.02 real, 368 MB
[runlim] sample:		1040.00 time, 1040.01 real, 362 MB
[runlim] sample:		1050.00 time, 1050.02 real, 362 MB
[runlim] sample:		1060.00 time, 1060.02 real, 356 MB
[runlim] sample:		1070.00 time, 1070.02 real, 356 MB
[runlim] sample:		1079.99 time, 1080.02 real, 356 MB
[runlim] sample:		1089.99 time, 1090.02 real, 357 MB
[runlim] sample:		1099.99 time, 1100.02 real, 357 MB
[runlim] sample:		1110.00 time, 1110.02 real, 356 MB
[runlim] sample:		1120.00 time, 1120.02 real, 356 MB
[runlim] sample:		1129.99 time, 1130.02 real, 357 MB
[runlim] sample:		1139.99 time, 1140.02 real, 357 MB
[runlim] sample:		1149.99 time, 1150.02 real, 357 MB
[runlim] sample:		1159.99 time, 1160.02 real, 357 MB
[runlim] sample:		1169.99 time, 1170.02 real, 357 MB
[runlim] sample:		1179.99 time, 1180.02 real, 357 MB
[runlim] sample:		1190.00 time, 1190.02 real, 357 MB
[runlim] sample:		1200.00 time, 1200.02 real, 357 MB
[runlim] sample:		1209.99 time, 1210.02 real, 357 MB
[runlim] sample:		1219.99 time, 1220.02 real, 358 MB
[runlim] sample:		1229.99 time, 1230.02 real, 358 MB
[runlim] sample:		1239.99 time, 1240.02 real, 358 MB
[runlim] sample:		1250.00 time, 1250.02 real, 358 MB
[runlim] sample:		1259.99 time, 1260.02 real, 358 MB
[runlim] sample:		1270.00 time, 1270.02 real, 358 MB
[runlim] sample:		1280.00 time, 1280.02 real, 358 MB
[runlim] sample:		1290.00 time, 1290.02 real, 358 MB
[runlim] sample:		1300.00 time, 1300.02 real, 357 MB
[runlim] sample:		1310.00 time, 1310.02 real, 357 MB
[runlim] sample:		1320.00 time, 1320.02 real, 358 MB
[runlim] sample:		1330.00 time, 1330.02 real, 358 MB
[runlim] sample:		1340.00 time, 1340.02 real, 357 MB
[runlim] sample:		1350.00 time, 1350.02 real, 357 MB
[runlim] sample:		1359.99 time, 1360.02 real, 358 MB
[runlim] sample:		1369.99 time, 1370.02 real, 357 MB
[runlim] sample:		1380.00 time, 1380.02 real, 357 MB
[runlim] sample:		1389.99 time, 1390.01 real, 357 MB
[runlim] sample:		1399.99 time, 1400.02 real, 358 MB
[runlim] sample:		1409.99 time, 1410.01 real, 358 MB
[runlim] sample:		1419.99 time, 1420.02 real, 359 MB
[runlim] sample:		1430.00 time, 1430.02 real, 360 MB
[runlim] sample:		1440.00 time, 1440.01 real, 360 MB
[runlim] sample:		1450.00 time, 1450.02 real, 360 MB
[runlim] sample:		1460.00 time, 1460.02 real, 358 MB
[runlim] sample:		1470.00 time, 1470.02 real, 358 MB
[runlim] sample:		1480.00 time, 1480.02 real, 358 MB
[runlim] sample:		1490.00 time, 1490.02 real, 359 MB
[runlim] sample:		1500.00 time, 1500.02 real, 369 MB
[runlim] sample:		1510.00 time, 1510.02 real, 369 MB
[runlim] sample:		1520.00 time, 1520.02 real, 369 MB
[runlim] sample:		1530.00 time, 1530.02 real, 369 MB
[runlim] sample:		1539.99 time, 1540.01 real, 367 MB
[runlim] sample:		1549.99 time, 1550.01 real, 364 MB
[runlim] sample:		1559.99 time, 1560.02 real, 364 MB
[runlim] sample:		1569.99 time, 1570.02 real, 367 MB
[runlim] sample:		1579.99 time, 1580.02 real, 367 MB
[runlim] sample:		1589.99 time, 1590.02 real, 367 MB
[runlim] sample:		1600.00 time, 1600.02 real, 360 MB
[runlim] sample:		1610.00 time, 1610.02 real, 360 MB
[runlim] sample:		1619.99 time, 1620.02 real, 361 MB
[runlim] sample:		1629.99 time, 1630.02 real, 361 MB
[runlim] sample:		1639.99 time, 1640.02 real, 362 MB
[runlim] sample:		1649.99 time, 1650.02 real, 362 MB
[runlim] sample:		1659.99 time, 1660.02 real, 362 MB
[runlim] sample:		1670.00 time, 1670.02 real, 362 MB
[runlim] sample:		1680.00 time, 1680.02 real, 362 MB
[runlim] sample:		1690.00 time, 1690.02 real, 362 MB
[runlim] sample:		1700.00 time, 1700.02 real, 362 MB
[runlim] sample:		1710.00 time, 1710.02 real, 362 MB
[runlim] sample:		1720.00 time, 1720.02 real, 362 MB
[runlim] sample:		1730.00 time, 1730.02 real, 362 MB
[runlim] sample:		1740.00 time, 1740.02 real, 363 MB
[runlim] sample:		1750.00 time, 1750.02 real, 363 MB
[runlim] sample:		1759.99 time, 1760.02 real, 363 MB
[runlim] sample:		1769.99 time, 1770.02 real, 363 MB
[runlim] sample:		1779.99 time, 1780.02 real, 363 MB
[runlim] sample:		1789.99 time, 1790.02 real, 364 MB
[runlim] sample:		1799.99 time, 1800.02 real, 364 MB
[runlim] sample:		1810.00 time, 1810.02 real, 376 MB
[runlim] sample:		1819.99 time, 1820.02 real, 381 MB
[runlim] sample:		1829.99 time, 1830.01 real, 381 MB
[runlim] sample:		1840.00 time, 1840.01 real, 375 MB
[runlim] sample:		1850.00 time, 1850.01 real, 373 MB
[runlim] sample:		1860.00 time, 1860.01 real, 373 MB
[runlim] sample:		1870.00 time, 1870.01 real, 373 MB
[runlim] sample:		1880.00 time, 1880.02 real, 374 MB
[runlim] sample:		1890.00 time, 1890.01 real, 374 MB
[runlim] sample:		1899.99 time, 1900.01 real, 379 MB
[runlim] sample:		1909.99 time, 1910.01 real, 379 MB
[runlim] sample:		1919.99 time, 1920.02 real, 375 MB
[runlim] sample:		1929.99 time, 1930.01 real, 375 MB
[runlim] sample:		1940.00 time, 1940.02 real, 372 MB
[runlim] sample:		1950.00 time, 1950.02 real, 374 MB
[runlim] sample:		1960.00 time, 1960.02 real, 374 MB
[runlim] sample:		1969.99 time, 1970.02 real, 374 MB
[runlim] sample:		1979.99 time, 1980.02 real, 374 MB
[runlim] sample:		1990.00 time, 1990.01 real, 377 MB
[runlim] sample:		2000.00 time, 2000.01 real, 377 MB
[runlim] sample:		2009.99 time, 2010.01 real, 377 MB
[runlim] sample:		2019.99 time, 2020.02 real, 377 MB
[runlim] sample:		2029.99 time, 2030.02 real, 384 MB
[runlim] sample:		2039.99 time, 2040.01 real, 384 MB
[runlim] sample:		2050.00 time, 2050.01 real, 377 MB
[runlim] sample:		2059.99 time, 2060.02 real, 377 MB
[runlim] sample:		2069.99 time, 2070.01 real, 377 MB
[runlim] sample:		2079.99 time, 2080.02 real, 375 MB
[runlim] sample:		2090.00 time, 2090.02 real, 369 MB
[runlim] sample:		2100.00 time, 2100.01 real, 369 MB
[runlim] sample:		2110.00 time, 2110.02 real, 368 MB
[runlim] sample:		2120.00 time, 2120.02 real, 368 MB
[runlim] sample:		2130.00 time, 2130.02 real, 369 MB
[runlim] sample:		2140.00 time, 2140.02 real, 369 MB
[runlim] sample:		2150.00 time, 2150.02 real, 369 MB
[runlim] sample:		2159.99 time, 2160.02 real, 370 MB
[runlim] sample:		2169.99 time, 2170.02 real, 370 MB
[runlim] sample:		2179.99 time, 2180.02 real, 370 MB
[runlim] sample:		2189.99 time, 2190.02 real, 370 MB
[runlim] sample:		2200.00 time, 2200.02 real, 371 MB
[runlim] sample:		2210.00 time, 2210.02 real, 371 MB
[runlim] sample:		2220.00 time, 2220.02 real, 371 MB
[runlim] sample:		2229.99 time, 2230.02 real, 372 MB
[runlim] sample:		2239.99 time, 2240.02 real, 372 MB
[runlim] sample:		2249.99 time, 2250.02 real, 372 MB
[runlim] sample:		2260.00 time, 2260.02 real, 372 MB
[runlim] sample:		2270.00 time, 2270.02 real, 372 MB
[runlim] sample:		2280.00 time, 2280.02 real, 372 MB
[runlim] sample:		2290.00 time, 2290.02 real, 373 MB
[runlim] sample:		2300.00 time, 2300.02 real, 373 MB
[runlim] sample:		2310.00 time, 2310.02 real, 373 MB
[runlim] sample:		2320.00 time, 2320.02 real, 373 MB
[runlim] sample:		2330.00 time, 2330.02 real, 373 MB
[runlim] sample:		2340.00 time, 2340.02 real, 373 MB
[runlim] sample:		2350.00 time, 2350.01 real, 374 MB
[runlim] sample:		2360.00 time, 2360.02 real, 374 MB
[runlim] sample:		2370.00 time, 2370.02 real, 374 MB
[runlim] sample:		2380.00 time, 2380.02 real, 374 MB
[runlim] sample:		2390.00 time, 2390.02 real, 374 MB
[runlim] sample:		2400.00 time, 2400.02 real, 374 MB
[runlim] sample:		2410.00 time, 2410.02 real, 374 MB
[runlim] sample:		2419.99 time, 2420.02 real, 374 MB
[runlim] sample:		2429.99 time, 2430.02 real, 374 MB
[runlim] sample:		2439.99 time, 2440.02 real, 374 MB
[runlim] sample:		2450.00 time, 2450.02 real, 374 MB
[runlim] sample:		2460.00 time, 2460.02 real, 374 MB
[runlim] sample:		2470.00 time, 2470.02 real, 374 MB
[runlim] sample:		2479.99 time, 2480.02 real, 374 MB
[runlim] sample:		2489.99 time, 2490.02 real, 374 MB
[runlim] sample:		2499.99 time, 2500.02 real, 374 MB
[runlim] sample:		2509.99 time, 2510.02 real, 374 MB
[runlim] sample:		2520.00 time, 2520.02 real, 374 MB
[runlim] sample:		2530.00 time, 2530.02 real, 374 MB
[runlim] sample:		2540.00 time, 2540.02 real, 374 MB
[runlim] sample:		2550.00 time, 2550.02 real, 374 MB
[runlim] sample:		2559.99 time, 2560.02 real, 375 MB
[runlim] sample:		2569.99 time, 2570.02 real, 375 MB
[runlim] sample:		2579.99 time, 2580.02 real, 375 MB
[runlim] sample:		2589.99 time, 2590.02 real, 375 MB
[runlim] sample:		2599.99 time, 2600.01 real, 375 MB
[runlim] sample:		2609.99 time, 2610.02 real, 375 MB
[runlim] sample:		2620.00 time, 2620.02 real, 375 MB
[runlim] sample:		2630.00 time, 2630.02 real, 375 MB
[runlim] sample:		2640.00 time, 2640.02 real, 378 MB
[runlim] sample:		2649.99 time, 2650.02 real, 376 MB
[runlim] sample:		2660.00 time, 2660.01 real, 376 MB
[runlim] sample:		2670.00 time, 2670.02 real, 376 MB
[runlim] sample:		2680.00 time, 2680.02 real, 376 MB
[runlim] sample:		2690.00 time, 2690.02 real, 380 MB
[runlim] sample:		2700.00 time, 2700.02 real, 380 MB
[runlim] sample:		2710.00 time, 2710.02 real, 380 MB
[runlim] sample:		2719.99 time, 2720.02 real, 381 MB
[runlim] sample:		2729.99 time, 2730.01 real, 381 MB
[runlim] sample:		2739.99 time, 2740.02 real, 381 MB
[runlim] sample:		2749.99 time, 2750.02 real, 381 MB
[runlim] sample:		2759.99 time, 2760.02 real, 382 MB
[runlim] sample:		2769.99 time, 2770.02 real, 382 MB
[runlim] sample:		2779.99 time, 2780.02 real, 383 MB
[runlim] sample:		2789.99 time, 2790.02 real, 383 MB
[runlim] sample:		2800.00 time, 2800.02 real, 382 MB
[runlim] sample:		2810.00 time, 2810.02 real, 382 MB
[runlim] sample:		2820.00 time, 2820.02 real, 382 MB
[runlim] sample:		2830.00 time, 2830.02 real, 382 MB
[runlim] sample:		2839.99 time, 2840.02 real, 382 MB
[runlim] sample:		2850.00 time, 2850.02 real, 382 MB
[runlim] sample:		2860.00 time, 2860.02 real, 382 MB
[runlim] sample:		2870.00 time, 2870.02 real, 383 MB
[runlim] sample:		2880.00 time, 2880.02 real, 383 MB
[runlim] sample:		2890.00 time, 2890.02 real, 383 MB
[runlim] sample:		2900.00 time, 2900.02 real, 383 MB
[runlim] sample:		2910.00 time, 2910.02 real, 383 MB
[runlim] sample:		2920.00 time, 2920.02 real, 382 MB
[runlim] sample:		2930.00 time, 2930.02 real, 382 MB
[runlim] sample:		2940.00 time, 2940.02 real, 382 MB
[runlim] sample:		2949.99 time, 2950.02 real, 383 MB
[runlim] sample:		2959.99 time, 2960.02 real, 383 MB
[runlim] sample:		2969.99 time, 2970.02 real, 383 MB
[runlim] sample:		2979.99 time, 2980.02 real, 383 MB
[runlim] sample:		2989.99 time, 2990.02 real, 383 MB
[runlim] sample:		2999.99 time, 3000.02 real, 383 MB
[runlim] sample:		3009.99 time, 3010.02 real, 383 MB
[runlim] sample:		3020.00 time, 3020.01 real, 383 MB
[runlim] sample:		3030.00 time, 3030.02 real, 383 MB
[runlim] sample:		3040.00 time, 3040.02 real, 383 MB
[runlim] sample:		3050.00 time, 3050.02 real, 383 MB
[runlim] sample:		3060.00 time, 3060.02 real, 383 MB
[runlim] sample:		3069.99 time, 3070.02 real, 383 MB
[runlim] sample:		3079.99 time, 3080.02 real, 383 MB
[runlim] sample:		3090.00 time, 3090.02 real, 383 MB
[runlim] sample:		3099.99 time, 3100.02 real, 384 MB
[runlim] sample:		3109.99 time, 3110.01 real, 384 MB
[runlim] sample:		3119.99 time, 3120.01 real, 384 MB
[runlim] sample:		3129.99 time, 3130.02 real, 387 MB
[runlim] sample:		3139.99 time, 3140.01 real, 387 MB
[runlim] sample:		3149.99 time, 3150.02 real, 392 MB
[runlim] sample:		3159.99 time, 3160.02 real, 392 MB
[runlim] sample:		3169.99 time, 3170.02 real, 387 MB
[runlim] sample:		3179.99 time, 3180.02 real, 387 MB
[runlim] sample:		3189.99 time, 3190.01 real, 388 MB
[runlim] sample:		3200.00 time, 3200.02 real, 388 MB
[runlim] sample:		3210.00 time, 3210.02 real, 388 MB
[runlim] sample:		3219.99 time, 3220.02 real, 443 MB
[runlim] sample:		3230.00 time, 3230.01 real, 392 MB
[runlim] sample:		3240.00 time, 3240.02 real, 388 MB
[runlim] sample:		3250.00 time, 3250.02 real, 388 MB
[runlim] sample:		3260.00 time, 3260.02 real, 389 MB
[runlim] sample:		3270.00 time, 3270.02 real, 389 MB
[runlim] sample:		3280.00 time, 3280.02 real, 395 MB
[runlim] sample:		3290.00 time, 3290.01 real, 395 MB
[runlim] sample:		3299.99 time, 3300.02 real, 447 MB
[runlim] sample:		3310.00 time, 3310.01 real, 388 MB
[runlim] sample:		3319.99 time, 3320.01 real, 387 MB
[runlim] sample:		3329.99 time, 3330.01 real, 387 MB
[runlim] sample:		3340.00 time, 3340.02 real, 388 MB
[runlim] sample:		3350.00 time, 3350.01 real, 388 MB
[runlim] sample:		3360.00 time, 3360.01 real, 392 MB
[runlim] sample:		3370.00 time, 3370.02 real, 392 MB
[runlim] sample:		3380.00 time, 3380.01 real, 395 MB
[runlim] sample:		3389.99 time, 3390.02 real, 420 MB
[runlim] sample:		3400.00 time, 3400.01 real, 391 MB
[runlim] sample:		3410.00 time, 3410.02 real, 391 MB
[runlim] sample:		3419.99 time, 3420.02 real, 389 MB
[runlim] sample:		3430.00 time, 3430.01 real, 386 MB
[runlim] sample:		3440.00 time, 3440.01 real, 386 MB
[runlim] sample:		3449.99 time, 3450.02 real, 389 MB
[runlim] sample:		3459.99 time, 3460.01 real, 389 MB
[runlim] sample:		3470.00 time, 3470.01 real, 393 MB
[runlim] sample:		3480.00 time, 3480.01 real, 393 MB
[runlim] sample:		3489.99 time, 3490.02 real, 398 MB
[runlim] sample:		3499.99 time, 3500.01 real, 398 MB
[runlim] sample:		3510.00 time, 3510.02 real, 397 MB
[runlim] sample:		3520.00 time, 3520.01 real, 397 MB
[runlim] sample:		3530.00 time, 3530.02 real, 391 MB
[runlim] sample:		3540.00 time, 3540.01 real, 391 MB
[runlim] sample:		3550.00 time, 3550.01 real, 395 MB
[runlim] sample:		3560.00 time, 3560.01 real, 410 MB
[runlim] sample:		3570.00 time, 3570.02 real, 410 MB
[runlim] sample:		3580.00 time, 3580.01 real, 410 MB
[runlim] sample:		3589.99 time, 3590.01 real, 398 MB
[runlim] sample:		3599.99 time, 3600.02 real, 398 MB
[runlim] end:			Wed Oct 16 05:27:41 2019
[runlim] status:		out of time
[runlim] result:		2
[runlim] children:		2
[runlim] real:			3600.10 seconds
[runlim] time:			3599.99 seconds
[runlim] space:			472 MB
[runlim] samples:		36000
