[runlim] version:		1.17
[runlim] host:			c3n09
[runlim] time limit:		311040000 seconds
[runlim] real time limit:	3600 seconds
[runlim] space limit:		120000 MB
[runlim] argv[0]:		./run-btormc.sh
[runlim] argv[1]:		/tmp/CJrvKiQ3.btor2
[runlim] start:			Wed Oct 16 04:49:17 2019
[runlim] child:			10907
warning: unsupported tag 'output'
[runlim] sample:		10.00 time, 10.02 real, 73 MB
[runlim] sample:		20.00 time, 20.02 real, 117 MB
[runlim] sample:		30.00 time, 30.02 real, 143 MB
[runlim] sample:		40.00 time, 40.02 real, 185 MB
[runlim] sample:		50.00 time, 50.02 real, 214 MB
[runlim] sample:		60.00 time, 60.01 real, 215 MB
[runlim] sample:		70.00 time, 70.02 real, 243 MB
[runlim] sample:		80.00 time, 80.02 real, 247 MB
[runlim] sample:		90.00 time, 90.02 real, 265 MB
[runlim] sample:		100.00 time, 100.02 real, 265 MB
[runlim] sample:		110.00 time, 110.02 real, 287 MB
[runlim] sample:		120.00 time, 120.02 real, 303 MB
[runlim] sample:		130.00 time, 130.02 real, 321 MB
[runlim] sample:		140.00 time, 140.02 real, 350 MB
[runlim] sample:		150.00 time, 150.02 real, 354 MB
[runlim] sample:		160.00 time, 160.02 real, 354 MB
[runlim] sample:		170.00 time, 170.02 real, 370 MB
[runlim] sample:		180.00 time, 180.02 real, 398 MB
[runlim] sample:		190.00 time, 190.02 real, 398 MB
[runlim] sample:		200.00 time, 200.02 real, 403 MB
[runlim] sample:		209.99 time, 210.02 real, 398 MB
[runlim] sample:		220.00 time, 220.02 real, 384 MB
[runlim] sample:		230.00 time, 230.02 real, 433 MB
[runlim] sample:		240.00 time, 240.02 real, 419 MB
[runlim] sample:		250.00 time, 250.02 real, 415 MB
[runlim] sample:		260.00 time, 260.02 real, 443 MB
[runlim] sample:		270.00 time, 270.02 real, 459 MB
[runlim] sample:		280.00 time, 280.02 real, 484 MB
[runlim] sample:		290.00 time, 290.02 real, 513 MB
[runlim] sample:		300.00 time, 300.02 real, 514 MB
[runlim] sample:		310.00 time, 310.02 real, 515 MB
[runlim] sample:		320.00 time, 320.02 real, 517 MB
[runlim] sample:		330.00 time, 330.02 real, 517 MB
[runlim] sample:		340.00 time, 340.02 real, 518 MB
[runlim] sample:		350.00 time, 350.02 real, 524 MB
[runlim] sample:		360.00 time, 360.02 real, 525 MB
[runlim] sample:		370.00 time, 370.02 real, 526 MB
[runlim] sample:		380.00 time, 380.02 real, 531 MB
[runlim] sample:		390.00 time, 390.02 real, 545 MB
[runlim] sample:		400.00 time, 400.02 real, 580 MB
[runlim] sample:		410.00 time, 410.02 real, 595 MB
[runlim] sample:		420.00 time, 420.02 real, 596 MB
[runlim] sample:		430.00 time, 430.02 real, 600 MB
[runlim] sample:		440.00 time, 440.02 real, 619 MB
[runlim] sample:		450.00 time, 450.02 real, 620 MB
[runlim] sample:		460.00 time, 460.02 real, 621 MB
[runlim] sample:		470.00 time, 470.02 real, 622 MB
[runlim] sample:		480.00 time, 480.02 real, 588 MB
[runlim] sample:		490.00 time, 490.02 real, 623 MB
[runlim] sample:		500.00 time, 500.02 real, 589 MB
[runlim] sample:		510.00 time, 510.02 real, 638 MB
[runlim] sample:		520.00 time, 520.02 real, 627 MB
[runlim] sample:		530.01 time, 530.02 real, 613 MB
[runlim] sample:		540.00 time, 540.02 real, 626 MB
[runlim] sample:		550.00 time, 550.02 real, 627 MB
[runlim] sample:		560.01 time, 560.02 real, 628 MB
[runlim] sample:		570.00 time, 570.02 real, 628 MB
[runlim] sample:		580.00 time, 580.02 real, 629 MB
[runlim] sample:		590.00 time, 590.02 real, 631 MB
[runlim] sample:		600.00 time, 600.02 real, 632 MB
[runlim] sample:		610.00 time, 610.02 real, 634 MB
[runlim] sample:		620.00 time, 620.02 real, 654 MB
[runlim] sample:		630.00 time, 630.02 real, 654 MB
[runlim] sample:		640.00 time, 640.02 real, 674 MB
[runlim] sample:		650.00 time, 650.02 real, 675 MB
[runlim] sample:		660.00 time, 660.02 real, 675 MB
[runlim] sample:		670.00 time, 670.02 real, 676 MB
[runlim] sample:		680.00 time, 680.02 real, 681 MB
[runlim] sample:		690.00 time, 690.02 real, 678 MB
[runlim] sample:		700.00 time, 700.02 real, 679 MB
[runlim] sample:		710.00 time, 710.02 real, 745 MB
[runlim] sample:		720.00 time, 720.02 real, 748 MB
[runlim] sample:		730.00 time, 730.02 real, 758 MB
[runlim] sample:		740.00 time, 740.02 real, 759 MB
[runlim] sample:		750.01 time, 750.02 real, 760 MB
[runlim] sample:		760.00 time, 760.02 real, 761 MB
[runlim] sample:		770.00 time, 770.02 real, 764 MB
[runlim] sample:		780.00 time, 780.02 real, 823 MB
[runlim] sample:		790.00 time, 790.02 real, 756 MB
[runlim] sample:		800.00 time, 800.02 real, 757 MB
[runlim] sample:		810.00 time, 810.02 real, 759 MB
[runlim] sample:		820.00 time, 820.02 real, 759 MB
[runlim] sample:		830.00 time, 830.02 real, 761 MB
[runlim] sample:		840.00 time, 840.02 real, 762 MB
[runlim] sample:		850.01 time, 850.02 real, 762 MB
[runlim] sample:		860.01 time, 860.02 real, 764 MB
[runlim] sample:		870.00 time, 870.02 real, 765 MB
[runlim] sample:		880.00 time, 880.02 real, 766 MB
[runlim] sample:		890.00 time, 890.02 real, 767 MB
[runlim] sample:		900.00 time, 900.02 real, 768 MB
[runlim] sample:		910.00 time, 910.02 real, 769 MB
[runlim] sample:		920.00 time, 920.02 real, 827 MB
[runlim] sample:		930.00 time, 930.02 real, 841 MB
[runlim] sample:		940.00 time, 940.01 real, 845 MB
[runlim] sample:		950.01 time, 950.02 real, 797 MB
[runlim] sample:		960.01 time, 960.02 real, 797 MB
[runlim] sample:		970.00 time, 970.02 real, 836 MB
[runlim] sample:		980.00 time, 980.02 real, 853 MB
[runlim] sample:		990.01 time, 990.02 real, 854 MB
[runlim] sample:		1000.00 time, 1000.02 real, 855 MB
[runlim] sample:		1010.00 time, 1010.02 real, 855 MB
[runlim] sample:		1020.00 time, 1020.02 real, 857 MB
[runlim] sample:		1030.00 time, 1030.02 real, 916 MB
[runlim] sample:		1040.00 time, 1040.02 real, 944 MB
[runlim] sample:		1050.00 time, 1050.02 real, 930 MB
[runlim] sample:		1060.01 time, 1060.02 real, 940 MB
[runlim] sample:		1070.00 time, 1070.02 real, 958 MB
[runlim] sample:		1080.01 time, 1080.02 real, 959 MB
[runlim] sample:		1090.00 time, 1090.02 real, 960 MB
[runlim] sample:		1100.00 time, 1100.02 real, 962 MB
[runlim] sample:		1110.00 time, 1110.02 real, 962 MB
[runlim] sample:		1120.00 time, 1120.02 real, 990 MB
[runlim] sample:		1130.00 time, 1130.02 real, 968 MB
[runlim] sample:		1140.01 time, 1140.02 real, 966 MB
[runlim] sample:		1150.00 time, 1150.02 real, 966 MB
[runlim] sample:		1160.00 time, 1160.02 real, 967 MB
[runlim] sample:		1170.01 time, 1170.02 real, 968 MB
[runlim] sample:		1180.00 time, 1180.02 real, 969 MB
[runlim] sample:		1190.00 time, 1190.02 real, 970 MB
[runlim] sample:		1200.00 time, 1200.02 real, 972 MB
[runlim] sample:		1210.00 time, 1210.02 real, 973 MB
[runlim] sample:		1220.00 time, 1220.02 real, 973 MB
[runlim] sample:		1230.00 time, 1230.02 real, 988 MB
[runlim] sample:		1240.00 time, 1240.02 real, 989 MB
[runlim] sample:		1250.00 time, 1250.02 real, 990 MB
[runlim] sample:		1260.00 time, 1260.02 real, 991 MB
[runlim] sample:		1270.01 time, 1270.02 real, 1114 MB
[runlim] sample:		1280.00 time, 1280.02 real, 1016 MB
[runlim] sample:		1290.00 time, 1290.02 real, 1016 MB
[runlim] sample:		1300.00 time, 1300.01 real, 1014 MB
[runlim] sample:		1310.00 time, 1310.02 real, 1010 MB
[runlim] sample:		1320.01 time, 1320.02 real, 983 MB
[runlim] sample:		1330.00 time, 1330.02 real, 1050 MB
[runlim] sample:		1340.01 time, 1340.01 real, 1050 MB
[runlim] sample:		1350.01 time, 1350.01 real, 1050 MB
[runlim] sample:		1360.01 time, 1360.01 real, 1051 MB
[runlim] sample:		1370.00 time, 1370.01 real, 1069 MB
[runlim] sample:		1380.00 time, 1380.01 real, 1052 MB
[runlim] sample:		1390.01 time, 1390.01 real, 1053 MB
[runlim] sample:		1400.01 time, 1400.01 real, 1053 MB
[runlim] sample:		1410.00 time, 1410.01 real, 1054 MB
[runlim] sample:		1420.00 time, 1420.01 real, 1054 MB
[runlim] sample:		1430.00 time, 1430.01 real, 1055 MB
[runlim] sample:		1440.00 time, 1440.01 real, 1056 MB
[runlim] sample:		1450.00 time, 1450.02 real, 1056 MB
[runlim] sample:		1460.01 time, 1460.01 real, 1057 MB
[runlim] sample:		1470.00 time, 1470.01 real, 1114 MB
[runlim] sample:		1480.01 time, 1480.01 real, 1192 MB
[runlim] sample:		1490.00 time, 1490.01 real, 1205 MB
[runlim] sample:		1500.00 time, 1500.01 real, 1194 MB
[runlim] sample:		1510.00 time, 1510.01 real, 1195 MB
[runlim] sample:		1520.00 time, 1520.01 real, 1195 MB
[runlim] sample:		1530.00 time, 1530.01 real, 1198 MB
[runlim] sample:		1540.00 time, 1540.01 real, 1198 MB
[runlim] sample:		1550.00 time, 1550.01 real, 1199 MB
[runlim] sample:		1559.99 time, 1560.01 real, 1202 MB
[runlim] sample:		1570.00 time, 1570.01 real, 1205 MB
[runlim] sample:		1579.99 time, 1580.01 real, 1210 MB
[runlim] sample:		1590.00 time, 1590.01 real, 1243 MB
[runlim] sample:		1600.00 time, 1600.01 real, 1222 MB
[runlim] sample:		1610.00 time, 1610.01 real, 1225 MB
[runlim] sample:		1620.00 time, 1620.01 real, 1245 MB
[runlim] sample:		1630.00 time, 1630.01 real, 1235 MB
[runlim] sample:		1639.99 time, 1640.01 real, 1241 MB
[runlim] sample:		1650.00 time, 1650.01 real, 1249 MB
[runlim] sample:		1659.99 time, 1660.01 real, 1252 MB
[runlim] sample:		1669.99 time, 1670.01 real, 1252 MB
[runlim] sample:		1680.00 time, 1680.01 real, 1254 MB
[runlim] sample:		1690.00 time, 1690.01 real, 1254 MB
[runlim] sample:		1700.00 time, 1700.01 real, 1254 MB
[runlim] sample:		1709.99 time, 1710.01 real, 1287 MB
[runlim] sample:		1719.99 time, 1720.01 real, 1255 MB
[runlim] sample:		1730.00 time, 1730.01 real, 1256 MB
[runlim] sample:		1739.99 time, 1740.01 real, 1256 MB
[runlim] sample:		1749.99 time, 1750.01 real, 1256 MB
[runlim] sample:		1759.99 time, 1760.01 real, 1269 MB
[runlim] sample:		1770.00 time, 1770.01 real, 1269 MB
[runlim] sample:		1780.00 time, 1780.01 real, 1269 MB
[runlim] sample:		1789.99 time, 1790.01 real, 1279 MB
[runlim] sample:		1799.99 time, 1800.01 real, 1244 MB
[runlim] sample:		1809.99 time, 1810.01 real, 1308 MB
[runlim] sample:		1820.00 time, 1820.01 real, 1309 MB
[runlim] sample:		1829.99 time, 1830.01 real, 1310 MB
[runlim] sample:		1840.00 time, 1840.01 real, 1311 MB
[runlim] sample:		1850.00 time, 1850.01 real, 1312 MB
[runlim] sample:		1860.00 time, 1860.01 real, 1313 MB
[runlim] sample:		1869.99 time, 1870.01 real, 1314 MB
[runlim] sample:		1880.00 time, 1880.01 real, 1315 MB
[runlim] sample:		1889.99 time, 1890.01 real, 1317 MB
[runlim] sample:		1899.99 time, 1900.01 real, 1317 MB
[runlim] sample:		1909.99 time, 1910.01 real, 1318 MB
[runlim] sample:		1920.00 time, 1920.01 real, 1318 MB
[runlim] sample:		1929.99 time, 1930.01 real, 1325 MB
[runlim] sample:		1939.99 time, 1940.01 real, 1326 MB
[runlim] sample:		1949.99 time, 1950.01 real, 1326 MB
[runlim] sample:		1959.99 time, 1960.01 real, 1327 MB
[runlim] sample:		1969.99 time, 1970.01 real, 1356 MB
[runlim] sample:		1980.00 time, 1980.01 real, 1328 MB
[runlim] sample:		1989.99 time, 1990.01 real, 1353 MB
[runlim] sample:		2000.00 time, 2000.01 real, 1483 MB
[runlim] sample:		2010.00 time, 2010.01 real, 1526 MB
[runlim] sample:		2019.99 time, 2020.01 real, 1503 MB
[runlim] sample:		2029.99 time, 2030.01 real, 1504 MB
[runlim] sample:		2039.99 time, 2040.01 real, 1543 MB
[runlim] sample:		2049.99 time, 2050.01 real, 1511 MB
[runlim] sample:		2059.99 time, 2060.01 real, 1531 MB
[runlim] sample:		2069.99 time, 2070.01 real, 1531 MB
[runlim] sample:		2080.00 time, 2080.01 real, 1537 MB
[runlim] sample:		2089.99 time, 2090.01 real, 1552 MB
[runlim] sample:		2100.00 time, 2100.01 real, 1544 MB
[runlim] sample:		2109.99 time, 2110.01 real, 1575 MB
[runlim] sample:		2119.99 time, 2120.01 real, 1566 MB
[runlim] sample:		2129.99 time, 2130.01 real, 1558 MB
[runlim] sample:		2139.99 time, 2140.01 real, 1558 MB
[runlim] sample:		2149.99 time, 2150.01 real, 1561 MB
[runlim] sample:		2159.99 time, 2160.01 real, 1562 MB
[runlim] sample:		2169.99 time, 2170.01 real, 1564 MB
[runlim] sample:		2179.99 time, 2180.01 real, 1588 MB
[runlim] sample:		2189.99 time, 2190.01 real, 1576 MB
[runlim] sample:		2199.99 time, 2200.01 real, 1596 MB
[runlim] sample:		2209.99 time, 2210.01 real, 1607 MB
[runlim] sample:		2219.99 time, 2220.01 real, 1596 MB
[runlim] sample:		2229.99 time, 2230.01 real, 1599 MB
[runlim] sample:		2239.99 time, 2240.01 real, 1601 MB
[runlim] sample:		2249.99 time, 2250.01 real, 1603 MB
[runlim] sample:		2259.99 time, 2260.01 real, 1604 MB
[runlim] sample:		2269.99 time, 2270.01 real, 1611 MB
[runlim] sample:		2279.99 time, 2280.01 real, 1606 MB
[runlim] sample:		2289.98 time, 2290.01 real, 1608 MB
[runlim] sample:		2299.99 time, 2300.01 real, 1609 MB
[runlim] sample:		2309.99 time, 2310.01 real, 1609 MB
[runlim] sample:		2319.99 time, 2320.01 real, 1609 MB
[runlim] sample:		2329.99 time, 2330.01 real, 1610 MB
[runlim] sample:		2339.99 time, 2340.01 real, 1611 MB
[runlim] sample:		2349.99 time, 2350.01 real, 1611 MB
[runlim] sample:		2359.99 time, 2360.01 real, 1655 MB
[runlim] sample:		2369.98 time, 2370.01 real, 1657 MB
[runlim] sample:		2379.99 time, 2380.01 real, 1657 MB
[runlim] sample:		2389.99 time, 2390.01 real, 1657 MB
[runlim] sample:		2399.98 time, 2400.01 real, 1589 MB
[runlim] sample:		2409.99 time, 2410.01 real, 1619 MB
[runlim] sample:		2419.99 time, 2420.01 real, 1728 MB
[runlim] sample:		2429.98 time, 2430.01 real, 1665 MB
[runlim] sample:		2439.99 time, 2440.01 real, 1665 MB
[runlim] sample:		2449.99 time, 2450.01 real, 1665 MB
[runlim] sample:		2459.98 time, 2460.01 real, 1666 MB
[runlim] sample:		2469.99 time, 2470.01 real, 1668 MB
[runlim] sample:		2479.99 time, 2480.01 real, 1693 MB
[runlim] sample:		2489.99 time, 2490.01 real, 1669 MB
[runlim] sample:		2499.99 time, 2500.01 real, 1696 MB
[runlim] sample:		2509.98 time, 2510.01 real, 1671 MB
[runlim] sample:		2519.99 time, 2520.01 real, 1675 MB
[runlim] sample:		2529.98 time, 2530.01 real, 1675 MB
[runlim] sample:		2539.98 time, 2540.01 real, 1675 MB
[runlim] sample:		2549.98 time, 2550.01 real, 1675 MB
[runlim] sample:		2559.98 time, 2560.01 real, 1676 MB
[runlim] sample:		2569.98 time, 2570.01 real, 1676 MB
[runlim] sample:		2579.98 time, 2580.01 real, 1679 MB
[runlim] sample:		2589.99 time, 2590.01 real, 1680 MB
[runlim] sample:		2599.98 time, 2600.01 real, 1680 MB
[runlim] sample:		2609.98 time, 2610.01 real, 1681 MB
[runlim] sample:		2619.98 time, 2620.01 real, 1681 MB
[runlim] sample:		2629.99 time, 2630.01 real, 1682 MB
[runlim] sample:		2639.98 time, 2640.01 real, 1682 MB
[runlim] sample:		2649.98 time, 2650.01 real, 1685 MB
[runlim] sample:		2659.98 time, 2660.01 real, 1684 MB
[runlim] sample:		2669.98 time, 2670.01 real, 1686 MB
[runlim] sample:		2679.98 time, 2680.01 real, 1710 MB
[runlim] sample:		2689.99 time, 2690.01 real, 1786 MB
[runlim] sample:		2699.98 time, 2700.01 real, 1843 MB
[runlim] sample:		2709.98 time, 2710.01 real, 1869 MB
[runlim] sample:		2719.98 time, 2720.01 real, 1844 MB
[runlim] sample:		2729.98 time, 2730.01 real, 1844 MB
[runlim] sample:		2739.98 time, 2740.01 real, 1847 MB
[runlim] sample:		2749.98 time, 2750.01 real, 1848 MB
[runlim] sample:		2759.98 time, 2760.01 real, 1849 MB
[runlim] sample:		2769.98 time, 2770.01 real, 1852 MB
[runlim] sample:		2779.98 time, 2780.01 real, 1851 MB
[runlim] sample:		2789.98 time, 2790.01 real, 1855 MB
[runlim] sample:		2799.98 time, 2800.01 real, 1857 MB
[runlim] sample:		2809.98 time, 2810.01 real, 1860 MB
[runlim] sample:		2819.98 time, 2820.01 real, 1908 MB
[runlim] sample:		2829.98 time, 2830.01 real, 1865 MB
[runlim] sample:		2839.98 time, 2840.01 real, 1865 MB
[runlim] sample:		2849.98 time, 2850.01 real, 1881 MB
[runlim] sample:		2859.98 time, 2860.01 real, 1874 MB
[runlim] sample:		2869.98 time, 2870.01 real, 1875 MB
[runlim] sample:		2879.98 time, 2880.01 real, 1875 MB
[runlim] sample:		2889.98 time, 2890.01 real, 1879 MB
[runlim] sample:		2899.98 time, 2900.01 real, 1841 MB
[runlim] sample:		2909.98 time, 2910.01 real, 1845 MB
[runlim] sample:		2919.98 time, 2920.01 real, 1893 MB
[runlim] sample:		2929.98 time, 2930.01 real, 1848 MB
[runlim] sample:		2939.98 time, 2940.01 real, 1848 MB
[runlim] sample:		2949.98 time, 2950.01 real, 1848 MB
[runlim] sample:		2959.98 time, 2960.01 real, 1849 MB
[runlim] sample:		2969.98 time, 2970.01 real, 1875 MB
[runlim] sample:		2979.98 time, 2980.01 real, 1875 MB
[runlim] sample:		2989.98 time, 2990.01 real, 1875 MB
[runlim] sample:		2999.98 time, 3000.01 real, 1879 MB
[runlim] sample:		3009.98 time, 3010.01 real, 1877 MB
[runlim] sample:		3019.98 time, 3020.01 real, 1878 MB
[runlim] sample:		3029.98 time, 3030.01 real, 1879 MB
[runlim] sample:		3039.98 time, 3040.01 real, 1880 MB
[runlim] sample:		3049.98 time, 3050.01 real, 1880 MB
[runlim] sample:		3059.98 time, 3060.01 real, 1881 MB
[runlim] sample:		3069.98 time, 3070.01 real, 1883 MB
[runlim] sample:		3079.97 time, 3080.01 real, 1883 MB
[runlim] sample:		3089.98 time, 3090.01 real, 1885 MB
[runlim] sample:		3099.98 time, 3100.01 real, 1885 MB
[runlim] sample:		3109.98 time, 3110.01 real, 1918 MB
[runlim] sample:		3119.97 time, 3120.01 real, 1921 MB
[runlim] sample:		3129.98 time, 3130.01 real, 1874 MB
[runlim] sample:		3139.98 time, 3140.01 real, 1974 MB
[runlim] sample:		3149.98 time, 3150.01 real, 1974 MB
[runlim] sample:		3159.98 time, 3160.01 real, 1974 MB
[runlim] sample:		3169.97 time, 3170.02 real, 1942 MB
[runlim] sample:		3179.98 time, 3180.02 real, 1974 MB
[runlim] sample:		3189.98 time, 3190.02 real, 1994 MB
[runlim] sample:		3199.98 time, 3200.02 real, 1971 MB
[runlim] sample:		3209.97 time, 3210.02 real, 1917 MB
[runlim] sample:		3219.97 time, 3220.02 real, 1917 MB
[runlim] sample:		3229.97 time, 3230.02 real, 1917 MB
[runlim] sample:		3239.98 time, 3240.02 real, 1917 MB
[runlim] sample:		3249.97 time, 3250.02 real, 1917 MB
[runlim] sample:		3259.98 time, 3260.02 real, 2013 MB
[runlim] sample:		3269.98 time, 3270.02 real, 2014 MB
[runlim] sample:		3279.98 time, 3280.02 real, 2014 MB
[runlim] sample:		3289.98 time, 3290.02 real, 2015 MB
[runlim] sample:		3299.97 time, 3300.02 real, 2016 MB
[runlim] sample:		3309.98 time, 3310.02 real, 2017 MB
[runlim] sample:		3319.97 time, 3320.02 real, 2017 MB
[runlim] sample:		3329.98 time, 3330.02 real, 2021 MB
[runlim] sample:		3339.98 time, 3340.02 real, 2021 MB
[runlim] sample:		3349.97 time, 3350.02 real, 2022 MB
[runlim] sample:		3359.97 time, 3360.02 real, 2022 MB
[runlim] sample:		3369.98 time, 3370.02 real, 2024 MB
[runlim] sample:		3379.98 time, 3380.02 real, 2025 MB
[runlim] sample:		3389.98 time, 3390.02 real, 2025 MB
[runlim] sample:		3399.98 time, 3400.02 real, 2025 MB
[runlim] sample:		3409.98 time, 3410.02 real, 2028 MB
[runlim] sample:		3419.98 time, 3420.01 real, 2028 MB
[runlim] sample:		3429.98 time, 3430.02 real, 2028 MB
[runlim] sample:		3439.97 time, 3440.02 real, 2028 MB
[runlim] sample:		3449.98 time, 3450.02 real, 2029 MB
[runlim] sample:		3459.98 time, 3460.02 real, 2030 MB
[runlim] sample:		3469.98 time, 3470.02 real, 2031 MB
[runlim] sample:		3479.98 time, 3480.02 real, 2032 MB
[runlim] sample:		3489.98 time, 3490.02 real, 2032 MB
[runlim] sample:		3499.98 time, 3500.02 real, 2033 MB
[runlim] sample:		3509.97 time, 3510.02 real, 2034 MB
[runlim] sample:		3519.98 time, 3520.02 real, 2035 MB
[runlim] sample:		3529.98 time, 3530.02 real, 2035 MB
[runlim] sample:		3539.98 time, 3540.02 real, 2036 MB
[runlim] sample:		3549.98 time, 3550.02 real, 2036 MB
[runlim] sample:		3559.97 time, 3560.02 real, 2037 MB
[runlim] sample:		3569.98 time, 3570.02 real, 2037 MB
[runlim] sample:		3579.98 time, 3580.02 real, 2037 MB
[runlim] sample:		3589.98 time, 3590.02 real, 2037 MB
[runlim] sample:		3599.98 time, 3600.02 real, 2038 MB
[runlim] end:			Wed Oct 16 05:49:18 2019
[runlim] status:		out of time
[runlim] result:		2
[runlim] children:		2
[runlim] real:			3600.10 seconds
[runlim] time:			3599.98 seconds
[runlim] space:			2152 MB
[runlim] samples:		36000
