[runlim] version:		1.17
[runlim] host:			c3n23
[runlim] time limit:		311040000 seconds
[runlim] real time limit:	3600 seconds
[runlim] space limit:		120000 MB
[runlim] argv[0]:		./run-btormc.sh
[runlim] argv[1]:		/tmp/h9V5Ss5w.btor2
[runlim] start:			Wed Oct 16 05:03:45 2019
[runlim] child:			31039
warning: unsupported tag 'output'
[runlim] sample:		10.00 time, 10.02 real, 431 MB
[runlim] sample:		20.00 time, 20.02 real, 387 MB
[runlim] sample:		30.00 time, 30.02 real, 387 MB
[runlim] sample:		40.00 time, 40.02 real, 388 MB
[runlim] sample:		50.00 time, 50.02 real, 321 MB
[runlim] sample:		60.00 time, 60.02 real, 322 MB
[runlim] sample:		70.00 time, 70.02 real, 357 MB
[runlim] sample:		80.00 time, 80.01 real, 355 MB
[runlim] sample:		89.99 time, 90.01 real, 359 MB
[runlim] sample:		100.00 time, 100.01 real, 323 MB
[runlim] sample:		110.00 time, 110.01 real, 323 MB
[runlim] sample:		120.00 time, 120.01 real, 323 MB
[runlim] sample:		130.00 time, 130.02 real, 323 MB
[runlim] sample:		140.00 time, 140.02 real, 323 MB
[runlim] sample:		150.00 time, 150.02 real, 323 MB
[runlim] sample:		160.00 time, 160.02 real, 323 MB
[runlim] sample:		170.00 time, 170.02 real, 323 MB
[runlim] sample:		180.00 time, 180.01 real, 323 MB
[runlim] sample:		190.00 time, 190.01 real, 323 MB
[runlim] sample:		200.00 time, 200.02 real, 360 MB
[runlim] sample:		210.00 time, 210.01 real, 360 MB
[runlim] sample:		220.00 time, 220.02 real, 361 MB
[runlim] sample:		230.00 time, 230.01 real, 360 MB
[runlim] sample:		240.00 time, 240.02 real, 356 MB
[runlim] sample:		250.00 time, 250.02 real, 363 MB
[runlim] sample:		260.00 time, 260.01 real, 363 MB
[runlim] sample:		270.00 time, 270.02 real, 364 MB
[runlim] sample:		280.00 time, 280.02 real, 360 MB
[runlim] sample:		289.99 time, 290.01 real, 324 MB
[runlim] sample:		299.99 time, 300.02 real, 363 MB
[runlim] sample:		309.99 time, 310.02 real, 363 MB
[runlim] sample:		319.99 time, 320.02 real, 363 MB
[runlim] sample:		329.99 time, 330.02 real, 363 MB
[runlim] sample:		339.99 time, 340.02 real, 363 MB
[runlim] sample:		349.99 time, 350.02 real, 363 MB
[runlim] sample:		359.99 time, 360.02 real, 363 MB
[runlim] sample:		369.99 time, 370.02 real, 364 MB
[runlim] sample:		380.00 time, 380.02 real, 364 MB
[runlim] sample:		390.00 time, 390.02 real, 364 MB
[runlim] sample:		400.00 time, 400.02 real, 378 MB
[runlim] sample:		410.00 time, 410.02 real, 378 MB
[runlim] sample:		419.99 time, 420.02 real, 325 MB
[runlim] sample:		430.00 time, 430.01 real, 325 MB
[runlim] sample:		440.00 time, 440.01 real, 376 MB
[runlim] sample:		450.00 time, 450.02 real, 376 MB
[runlim] sample:		460.00 time, 460.02 real, 376 MB
[runlim] sample:		469.99 time, 470.02 real, 361 MB
[runlim] sample:		480.00 time, 480.02 real, 358 MB
[runlim] sample:		490.00 time, 490.02 real, 358 MB
[runlim] sample:		499.99 time, 500.02 real, 325 MB
[runlim] sample:		510.00 time, 510.02 real, 356 MB
[runlim] sample:		520.00 time, 520.02 real, 325 MB
[runlim] sample:		530.00 time, 530.02 real, 358 MB
[runlim] sample:		540.00 time, 540.02 real, 325 MB
[runlim] sample:		550.00 time, 550.02 real, 359 MB
[runlim] sample:		560.00 time, 560.02 real, 359 MB
[runlim] sample:		570.00 time, 570.02 real, 360 MB
[runlim] sample:		580.00 time, 580.02 real, 360 MB
[runlim] sample:		590.00 time, 590.01 real, 363 MB
[runlim] sample:		600.00 time, 600.02 real, 363 MB
[runlim] sample:		610.00 time, 610.02 real, 363 MB
[runlim] sample:		620.00 time, 620.01 real, 382 MB
[runlim] sample:		630.00 time, 630.01 real, 382 MB
[runlim] sample:		639.99 time, 640.01 real, 373 MB
[runlim] sample:		649.99 time, 650.01 real, 373 MB
[runlim] sample:		659.99 time, 660.02 real, 385 MB
[runlim] sample:		669.99 time, 670.01 real, 385 MB
[runlim] sample:		679.99 time, 680.02 real, 385 MB
[runlim] sample:		689.99 time, 690.01 real, 371 MB
[runlim] sample:		700.00 time, 700.01 real, 366 MB
[runlim] sample:		710.00 time, 710.01 real, 366 MB
[runlim] sample:		720.00 time, 720.01 real, 381 MB
[runlim] sample:		730.00 time, 730.01 real, 381 MB
[runlim] sample:		740.00 time, 740.01 real, 381 MB
[runlim] sample:		750.00 time, 750.01 real, 381 MB
[runlim] sample:		760.00 time, 760.01 real, 381 MB
[runlim] sample:		770.00 time, 770.01 real, 381 MB
[runlim] sample:		780.00 time, 780.01 real, 381 MB
[runlim] sample:		790.00 time, 790.01 real, 381 MB
[runlim] sample:		800.00 time, 800.01 real, 381 MB
[runlim] sample:		810.00 time, 810.01 real, 381 MB
[runlim] sample:		820.00 time, 820.01 real, 446 MB
[runlim] sample:		830.00 time, 830.02 real, 446 MB
[runlim] sample:		840.00 time, 840.02 real, 446 MB
[runlim] sample:		850.00 time, 850.02 real, 446 MB
[runlim] sample:		860.00 time, 860.02 real, 446 MB
[runlim] sample:		870.00 time, 870.02 real, 446 MB
[runlim] sample:		880.00 time, 880.02 real, 446 MB
[runlim] sample:		890.00 time, 890.02 real, 446 MB
[runlim] sample:		899.99 time, 900.02 real, 387 MB
[runlim] sample:		909.99 time, 910.01 real, 387 MB
[runlim] sample:		919.99 time, 920.01 real, 387 MB
[runlim] sample:		929.99 time, 930.02 real, 387 MB
[runlim] sample:		939.99 time, 940.02 real, 387 MB
[runlim] sample:		949.99 time, 950.02 real, 387 MB
[runlim] sample:		959.99 time, 960.01 real, 392 MB
[runlim] sample:		969.99 time, 970.01 real, 392 MB
[runlim] sample:		979.99 time, 980.02 real, 392 MB
[runlim] sample:		989.99 time, 990.02 real, 392 MB
[runlim] sample:		999.99 time, 1000.02 real, 392 MB
[runlim] sample:		1009.99 time, 1010.02 real, 397 MB
[runlim] sample:		1019.99 time, 1020.02 real, 397 MB
[runlim] sample:		1029.99 time, 1030.02 real, 397 MB
[runlim] sample:		1039.99 time, 1040.01 real, 397 MB
[runlim] sample:		1049.99 time, 1050.01 real, 397 MB
[runlim] sample:		1060.00 time, 1060.02 real, 403 MB
[runlim] sample:		1070.00 time, 1070.02 real, 403 MB
[runlim] sample:		1080.00 time, 1080.02 real, 403 MB
[runlim] sample:		1090.00 time, 1090.02 real, 403 MB
[runlim] sample:		1100.00 time, 1100.01 real, 395 MB
[runlim] sample:		1110.00 time, 1110.01 real, 395 MB
[runlim] sample:		1120.00 time, 1120.01 real, 395 MB
[runlim] sample:		1130.00 time, 1130.02 real, 395 MB
[runlim] sample:		1140.00 time, 1140.02 real, 395 MB
[runlim] sample:		1150.00 time, 1150.02 real, 395 MB
[runlim] sample:		1160.00 time, 1160.01 real, 395 MB
[runlim] sample:		1169.99 time, 1170.02 real, 402 MB
[runlim] sample:		1180.00 time, 1180.02 real, 381 MB
[runlim] sample:		1190.00 time, 1190.02 real, 381 MB
[runlim] sample:		1200.00 time, 1200.02 real, 381 MB
[runlim] sample:		1210.00 time, 1210.02 real, 381 MB
[runlim] sample:		1220.00 time, 1220.02 real, 381 MB
[runlim] sample:		1230.00 time, 1230.02 real, 381 MB
[runlim] sample:		1240.00 time, 1240.02 real, 381 MB
[runlim] sample:		1250.00 time, 1250.02 real, 381 MB
[runlim] sample:		1260.00 time, 1260.02 real, 381 MB
[runlim] sample:		1270.00 time, 1270.02 real, 381 MB
[runlim] sample:		1280.00 time, 1280.02 real, 381 MB
[runlim] sample:		1290.00 time, 1290.02 real, 381 MB
[runlim] sample:		1300.00 time, 1300.02 real, 381 MB
[runlim] sample:		1310.00 time, 1310.02 real, 381 MB
[runlim] sample:		1320.00 time, 1320.02 real, 381 MB
[runlim] sample:		1330.00 time, 1330.02 real, 381 MB
[runlim] sample:		1340.00 time, 1340.02 real, 381 MB
[runlim] sample:		1350.00 time, 1350.02 real, 381 MB
[runlim] sample:		1360.00 time, 1360.02 real, 381 MB
[runlim] sample:		1370.00 time, 1370.02 real, 381 MB
[runlim] sample:		1380.00 time, 1380.02 real, 381 MB
[runlim] sample:		1390.00 time, 1390.02 real, 381 MB
[runlim] sample:		1400.00 time, 1400.02 real, 381 MB
[runlim] sample:		1410.00 time, 1410.02 real, 381 MB
[runlim] sample:		1420.00 time, 1420.02 real, 381 MB
[runlim] sample:		1430.00 time, 1430.02 real, 381 MB
[runlim] sample:		1440.00 time, 1440.02 real, 381 MB
[runlim] sample:		1450.00 time, 1450.02 real, 381 MB
[runlim] sample:		1460.00 time, 1460.02 real, 381 MB
[runlim] sample:		1470.00 time, 1470.02 real, 381 MB
[runlim] sample:		1480.00 time, 1480.02 real, 381 MB
[runlim] sample:		1490.00 time, 1490.02 real, 381 MB
[runlim] sample:		1500.00 time, 1500.02 real, 381 MB
[runlim] sample:		1510.00 time, 1510.02 real, 381 MB
[runlim] sample:		1520.00 time, 1520.02 real, 381 MB
[runlim] sample:		1530.00 time, 1530.02 real, 381 MB
[runlim] sample:		1540.00 time, 1540.02 real, 381 MB
[runlim] sample:		1550.00 time, 1550.02 real, 381 MB
[runlim] sample:		1560.00 time, 1560.02 real, 381 MB
[runlim] sample:		1570.00 time, 1570.02 real, 381 MB
[runlim] sample:		1580.00 time, 1580.02 real, 381 MB
[runlim] sample:		1590.00 time, 1590.02 real, 381 MB
[runlim] sample:		1600.00 time, 1600.02 real, 381 MB
[runlim] sample:		1610.00 time, 1610.02 real, 381 MB
[runlim] sample:		1620.00 time, 1620.02 real, 381 MB
[runlim] sample:		1630.00 time, 1630.02 real, 381 MB
[runlim] sample:		1640.00 time, 1640.02 real, 381 MB
[runlim] sample:		1650.00 time, 1650.02 real, 381 MB
[runlim] sample:		1660.00 time, 1660.02 real, 381 MB
[runlim] sample:		1670.00 time, 1670.02 real, 381 MB
[runlim] sample:		1680.00 time, 1680.02 real, 381 MB
[runlim] sample:		1690.00 time, 1690.02 real, 381 MB
[runlim] sample:		1700.00 time, 1700.02 real, 381 MB
[runlim] sample:		1710.00 time, 1710.02 real, 381 MB
[runlim] sample:		1720.00 time, 1720.02 real, 381 MB
[runlim] sample:		1730.00 time, 1730.02 real, 381 MB
[runlim] sample:		1740.00 time, 1740.02 real, 381 MB
[runlim] sample:		1750.00 time, 1750.02 real, 381 MB
[runlim] sample:		1760.00 time, 1760.02 real, 381 MB
[runlim] sample:		1770.00 time, 1770.02 real, 381 MB
[runlim] sample:		1780.00 time, 1780.02 real, 381 MB
[runlim] sample:		1790.00 time, 1790.02 real, 381 MB
[runlim] sample:		1800.00 time, 1800.02 real, 381 MB
[runlim] sample:		1810.00 time, 1810.02 real, 381 MB
[runlim] sample:		1820.00 time, 1820.02 real, 381 MB
[runlim] sample:		1830.00 time, 1830.02 real, 381 MB
[runlim] sample:		1840.00 time, 1840.02 real, 381 MB
[runlim] sample:		1850.00 time, 1850.02 real, 381 MB
[runlim] sample:		1860.00 time, 1860.02 real, 381 MB
[runlim] sample:		1870.00 time, 1870.02 real, 381 MB
[runlim] sample:		1880.00 time, 1880.02 real, 381 MB
[runlim] sample:		1890.00 time, 1890.02 real, 381 MB
[runlim] sample:		1900.00 time, 1900.02 real, 381 MB
[runlim] sample:		1910.00 time, 1910.02 real, 381 MB
[runlim] sample:		1920.00 time, 1920.02 real, 381 MB
[runlim] sample:		1930.00 time, 1930.02 real, 381 MB
[runlim] sample:		1940.00 time, 1940.02 real, 381 MB
[runlim] sample:		1950.00 time, 1950.02 real, 381 MB
[runlim] sample:		1960.00 time, 1960.02 real, 381 MB
[runlim] sample:		1970.00 time, 1970.02 real, 381 MB
[runlim] sample:		1980.00 time, 1980.02 real, 381 MB
[runlim] sample:		1990.00 time, 1990.02 real, 381 MB
[runlim] sample:		2000.00 time, 2000.02 real, 381 MB
[runlim] sample:		2010.00 time, 2010.02 real, 381 MB
[runlim] sample:		2020.00 time, 2020.02 real, 381 MB
[runlim] sample:		2030.00 time, 2030.02 real, 381 MB
[runlim] sample:		2040.00 time, 2040.02 real, 381 MB
[runlim] sample:		2050.00 time, 2050.02 real, 381 MB
[runlim] sample:		2060.00 time, 2060.02 real, 381 MB
[runlim] sample:		2070.00 time, 2070.02 real, 381 MB
[runlim] sample:		2080.00 time, 2080.02 real, 381 MB
[runlim] sample:		2090.00 time, 2090.02 real, 381 MB
[runlim] sample:		2100.00 time, 2100.02 real, 381 MB
[runlim] sample:		2110.00 time, 2110.02 real, 381 MB
[runlim] sample:		2120.00 time, 2120.02 real, 381 MB
[runlim] sample:		2130.00 time, 2130.02 real, 381 MB
[runlim] sample:		2140.00 time, 2140.02 real, 381 MB
[runlim] sample:		2150.00 time, 2150.02 real, 381 MB
[runlim] sample:		2160.00 time, 2160.02 real, 381 MB
[runlim] sample:		2170.00 time, 2170.02 real, 381 MB
[runlim] sample:		2180.00 time, 2180.02 real, 381 MB
[runlim] sample:		2190.00 time, 2190.02 real, 381 MB
[runlim] sample:		2200.00 time, 2200.02 real, 381 MB
[runlim] sample:		2210.00 time, 2210.02 real, 381 MB
[runlim] sample:		2220.00 time, 2220.02 real, 381 MB
[runlim] sample:		2230.00 time, 2230.02 real, 381 MB
[runlim] sample:		2240.00 time, 2240.02 real, 381 MB
[runlim] sample:		2250.00 time, 2250.02 real, 381 MB
[runlim] sample:		2260.00 time, 2260.02 real, 381 MB
[runlim] sample:		2270.00 time, 2270.02 real, 381 MB
[runlim] sample:		2280.00 time, 2280.02 real, 381 MB
[runlim] sample:		2290.00 time, 2290.02 real, 381 MB
[runlim] sample:		2300.00 time, 2300.02 real, 381 MB
[runlim] sample:		2310.00 time, 2310.02 real, 381 MB
[runlim] sample:		2320.00 time, 2320.02 real, 381 MB
[runlim] sample:		2330.00 time, 2330.02 real, 381 MB
[runlim] sample:		2340.00 time, 2340.02 real, 381 MB
[runlim] sample:		2350.00 time, 2350.02 real, 381 MB
[runlim] sample:		2360.00 time, 2360.02 real, 381 MB
[runlim] sample:		2370.00 time, 2370.02 real, 381 MB
[runlim] sample:		2380.00 time, 2380.02 real, 381 MB
[runlim] sample:		2390.00 time, 2390.02 real, 381 MB
[runlim] sample:		2400.00 time, 2400.02 real, 381 MB
[runlim] sample:		2410.00 time, 2410.02 real, 381 MB
[runlim] sample:		2419.99 time, 2420.02 real, 374 MB
[runlim] sample:		2429.99 time, 2430.02 real, 374 MB
[runlim] sample:		2439.99 time, 2440.02 real, 374 MB
[runlim] sample:		2449.99 time, 2450.02 real, 374 MB
[runlim] sample:		2459.99 time, 2460.02 real, 374 MB
[runlim] sample:		2469.99 time, 2470.02 real, 374 MB
[runlim] sample:		2479.99 time, 2480.02 real, 374 MB
[runlim] sample:		2489.99 time, 2490.02 real, 374 MB
[runlim] sample:		2499.99 time, 2500.02 real, 374 MB
[runlim] sample:		2509.99 time, 2510.02 real, 374 MB
[runlim] sample:		2519.99 time, 2520.02 real, 374 MB
[runlim] sample:		2529.99 time, 2530.02 real, 374 MB
[runlim] sample:		2539.99 time, 2540.02 real, 374 MB
[runlim] sample:		2549.99 time, 2550.02 real, 374 MB
[runlim] sample:		2559.99 time, 2560.02 real, 374 MB
[runlim] sample:		2569.99 time, 2570.02 real, 374 MB
[runlim] sample:		2579.99 time, 2580.02 real, 374 MB
[runlim] sample:		2589.99 time, 2590.02 real, 374 MB
[runlim] sample:		2599.99 time, 2600.02 real, 374 MB
[runlim] sample:		2609.99 time, 2610.02 real, 374 MB
[runlim] sample:		2619.99 time, 2620.02 real, 374 MB
[runlim] sample:		2629.99 time, 2630.02 real, 374 MB
[runlim] sample:		2639.99 time, 2640.02 real, 374 MB
[runlim] sample:		2649.99 time, 2650.02 real, 374 MB
[runlim] sample:		2659.99 time, 2660.02 real, 374 MB
[runlim] sample:		2669.99 time, 2670.02 real, 374 MB
[runlim] sample:		2679.99 time, 2680.02 real, 374 MB
[runlim] sample:		2689.99 time, 2690.02 real, 374 MB
[runlim] sample:		2699.99 time, 2700.02 real, 374 MB
[runlim] sample:		2709.99 time, 2710.02 real, 374 MB
[runlim] sample:		2719.99 time, 2720.02 real, 374 MB
[runlim] sample:		2729.99 time, 2730.02 real, 374 MB
[runlim] sample:		2739.99 time, 2740.02 real, 374 MB
[runlim] sample:		2749.99 time, 2750.02 real, 374 MB
[runlim] sample:		2759.99 time, 2760.02 real, 374 MB
[runlim] sample:		2769.99 time, 2770.02 real, 374 MB
[runlim] sample:		2779.99 time, 2780.02 real, 374 MB
[runlim] sample:		2789.99 time, 2790.02 real, 374 MB
[runlim] sample:		2799.99 time, 2800.02 real, 374 MB
[runlim] sample:		2809.99 time, 2810.02 real, 374 MB
[runlim] sample:		2819.99 time, 2820.02 real, 374 MB
[runlim] sample:		2829.99 time, 2830.02 real, 374 MB
[runlim] sample:		2839.99 time, 2840.02 real, 374 MB
[runlim] sample:		2849.99 time, 2850.02 real, 374 MB
[runlim] sample:		2859.99 time, 2860.02 real, 374 MB
[runlim] sample:		2869.99 time, 2870.02 real, 374 MB
[runlim] sample:		2879.99 time, 2880.02 real, 374 MB
[runlim] sample:		2889.99 time, 2890.02 real, 374 MB
[runlim] sample:		2899.99 time, 2900.02 real, 374 MB
[runlim] sample:		2909.99 time, 2910.02 real, 374 MB
[runlim] sample:		2919.99 time, 2920.02 real, 374 MB
[runlim] sample:		2929.99 time, 2930.02 real, 374 MB
[runlim] sample:		2939.99 time, 2940.02 real, 374 MB
[runlim] sample:		2949.99 time, 2950.02 real, 374 MB
[runlim] sample:		2959.99 time, 2960.02 real, 374 MB
[runlim] sample:		2969.99 time, 2970.02 real, 374 MB
[runlim] sample:		2979.99 time, 2980.02 real, 374 MB
[runlim] sample:		2989.99 time, 2990.02 real, 374 MB
[runlim] sample:		2999.99 time, 3000.02 real, 374 MB
[runlim] sample:		3009.99 time, 3010.02 real, 374 MB
[runlim] sample:		3019.99 time, 3020.02 real, 374 MB
[runlim] sample:		3029.99 time, 3030.02 real, 374 MB
[runlim] sample:		3039.99 time, 3040.02 real, 374 MB
[runlim] sample:		3049.99 time, 3050.02 real, 374 MB
[runlim] sample:		3059.99 time, 3060.02 real, 374 MB
[runlim] sample:		3069.99 time, 3070.02 real, 374 MB
[runlim] sample:		3079.99 time, 3080.02 real, 374 MB
[runlim] sample:		3089.99 time, 3090.02 real, 374 MB
[runlim] sample:		3099.99 time, 3100.02 real, 374 MB
[runlim] sample:		3109.99 time, 3110.02 real, 374 MB
[runlim] sample:		3119.99 time, 3120.02 real, 374 MB
[runlim] sample:		3129.99 time, 3130.02 real, 374 MB
[runlim] sample:		3139.99 time, 3140.02 real, 374 MB
[runlim] sample:		3149.99 time, 3150.02 real, 374 MB
[runlim] sample:		3159.99 time, 3160.02 real, 374 MB
[runlim] sample:		3169.99 time, 3170.02 real, 374 MB
[runlim] sample:		3179.99 time, 3180.02 real, 374 MB
[runlim] sample:		3189.99 time, 3190.02 real, 374 MB
[runlim] sample:		3199.99 time, 3200.02 real, 374 MB
[runlim] sample:		3209.99 time, 3210.02 real, 374 MB
[runlim] sample:		3219.99 time, 3220.02 real, 374 MB
[runlim] sample:		3229.99 time, 3230.02 real, 374 MB
[runlim] sample:		3239.99 time, 3240.02 real, 374 MB
[runlim] sample:		3249.99 time, 3250.02 real, 374 MB
[runlim] sample:		3259.99 time, 3260.02 real, 374 MB
[runlim] sample:		3269.99 time, 3270.02 real, 374 MB
[runlim] sample:		3279.99 time, 3280.02 real, 374 MB
[runlim] sample:		3289.99 time, 3290.02 real, 374 MB
[runlim] sample:		3299.99 time, 3300.02 real, 374 MB
[runlim] sample:		3309.99 time, 3310.02 real, 374 MB
[runlim] sample:		3319.99 time, 3320.02 real, 374 MB
[runlim] sample:		3329.99 time, 3330.02 real, 374 MB
[runlim] sample:		3339.99 time, 3340.02 real, 374 MB
[runlim] sample:		3349.99 time, 3350.02 real, 374 MB
[runlim] sample:		3359.99 time, 3360.02 real, 374 MB
[runlim] sample:		3369.99 time, 3370.02 real, 374 MB
[runlim] sample:		3379.99 time, 3380.02 real, 374 MB
[runlim] sample:		3389.99 time, 3390.02 real, 374 MB
[runlim] sample:		3399.99 time, 3400.02 real, 374 MB
[runlim] sample:		3409.99 time, 3410.02 real, 374 MB
[runlim] sample:		3419.99 time, 3420.02 real, 374 MB
[runlim] sample:		3429.99 time, 3430.02 real, 374 MB
[runlim] sample:		3439.99 time, 3440.02 real, 374 MB
[runlim] sample:		3449.99 time, 3450.02 real, 374 MB
[runlim] sample:		3459.99 time, 3460.02 real, 374 MB
[runlim] sample:		3469.99 time, 3470.02 real, 374 MB
[runlim] sample:		3479.99 time, 3480.02 real, 374 MB
[runlim] sample:		3489.99 time, 3490.02 real, 374 MB
[runlim] sample:		3499.99 time, 3500.02 real, 374 MB
[runlim] sample:		3509.99 time, 3510.02 real, 374 MB
[runlim] sample:		3519.99 time, 3520.02 real, 374 MB
[runlim] sample:		3529.99 time, 3530.02 real, 374 MB
[runlim] sample:		3539.99 time, 3540.02 real, 374 MB
[runlim] sample:		3549.99 time, 3550.02 real, 374 MB
[runlim] sample:		3559.99 time, 3560.02 real, 374 MB
[runlim] sample:		3569.99 time, 3570.02 real, 374 MB
[runlim] sample:		3579.99 time, 3580.02 real, 374 MB
[runlim] sample:		3589.99 time, 3590.02 real, 374 MB
[runlim] sample:		3599.99 time, 3600.02 real, 374 MB
[runlim] end:			Wed Oct 16 06:03:45 2019
[runlim] status:		out of time
[runlim] result:		2
[runlim] children:		2
[runlim] real:			3600.10 seconds
[runlim] time:			3599.99 seconds
[runlim] space:			519 MB
[runlim] samples:		36000
