[runlim] version:		1.17
[runlim] host:			c3n06
[runlim] time limit:		311040000 seconds
[runlim] real time limit:	3600 seconds
[runlim] space limit:		120000 MB
[runlim] argv[0]:		./run-btormc.sh
[runlim] argv[1]:		/tmp/UUVA7Nk4.btor2
[runlim] start:			Wed Oct 16 04:00:45 2019
[runlim] child:			27234
warning: unsupported tag 'output'
[runlim] sample:		9.97 time, 10.02 real, 90 MB
[runlim] sample:		19.97 time, 20.02 real, 132 MB
[runlim] sample:		29.97 time, 30.02 real, 157 MB
[runlim] sample:		39.97 time, 40.02 real, 206 MB
[runlim] sample:		49.97 time, 50.02 real, 234 MB
[runlim] sample:		59.97 time, 60.02 real, 210 MB
[runlim] sample:		69.97 time, 70.02 real, 266 MB
[runlim] sample:		79.97 time, 80.02 real, 242 MB
[runlim] sample:		89.97 time, 90.02 real, 217 MB
[runlim] sample:		99.97 time, 100.02 real, 262 MB
[runlim] sample:		109.96 time, 110.02 real, 257 MB
[runlim] sample:		119.97 time, 120.02 real, 285 MB
[runlim] sample:		129.97 time, 130.02 real, 276 MB
[runlim] sample:		139.97 time, 140.02 real, 300 MB
[runlim] sample:		149.97 time, 150.02 real, 336 MB
[runlim] sample:		159.96 time, 160.02 real, 300 MB
[runlim] sample:		169.97 time, 170.02 real, 309 MB
[runlim] sample:		179.97 time, 180.02 real, 309 MB
[runlim] sample:		189.97 time, 190.02 real, 385 MB
[runlim] sample:		199.97 time, 200.02 real, 385 MB
[runlim] sample:		209.97 time, 210.02 real, 423 MB
[runlim] sample:		219.97 time, 220.02 real, 328 MB
[runlim] sample:		229.96 time, 230.02 real, 365 MB
[runlim] sample:		239.97 time, 240.01 real, 368 MB
[runlim] sample:		249.96 time, 250.02 real, 370 MB
[runlim] sample:		259.96 time, 260.02 real, 366 MB
[runlim] sample:		269.97 time, 270.02 real, 344 MB
[runlim] sample:		279.96 time, 280.02 real, 360 MB
[runlim] sample:		289.97 time, 290.02 real, 402 MB
[runlim] sample:		299.96 time, 300.02 real, 403 MB
[runlim] sample:		309.97 time, 310.02 real, 437 MB
[runlim] sample:		319.97 time, 320.02 real, 391 MB
[runlim] sample:		329.97 time, 330.02 real, 389 MB
[runlim] sample:		339.96 time, 340.02 real, 390 MB
[runlim] sample:		349.97 time, 350.02 real, 434 MB
[runlim] sample:		359.97 time, 360.02 real, 389 MB
[runlim] sample:		369.97 time, 370.02 real, 389 MB
[runlim] sample:		379.96 time, 380.01 real, 424 MB
[runlim] sample:		389.97 time, 390.02 real, 356 MB
[runlim] sample:		399.97 time, 400.02 real, 374 MB
[runlim] sample:		409.97 time, 410.02 real, 413 MB
[runlim] sample:		419.97 time, 420.02 real, 413 MB
[runlim] sample:		429.96 time, 430.01 real, 415 MB
[runlim] sample:		439.97 time, 440.01 real, 459 MB
[runlim] sample:		449.97 time, 450.01 real, 415 MB
[runlim] sample:		459.97 time, 460.01 real, 454 MB
[runlim] sample:		469.96 time, 470.01 real, 523 MB
[runlim] sample:		479.96 time, 480.01 real, 523 MB
[runlim] sample:		489.97 time, 490.01 real, 525 MB
[runlim] sample:		499.97 time, 500.01 real, 561 MB
[runlim] sample:		509.97 time, 510.01 real, 578 MB
[runlim] sample:		519.97 time, 520.01 real, 539 MB
[runlim] sample:		529.96 time, 530.01 real, 537 MB
[runlim] sample:		539.97 time, 540.01 real, 537 MB
[runlim] sample:		549.97 time, 550.01 real, 593 MB
[runlim] sample:		559.97 time, 560.01 real, 593 MB
[runlim] sample:		569.97 time, 570.01 real, 602 MB
[runlim] sample:		579.97 time, 580.01 real, 515 MB
[runlim] sample:		589.97 time, 590.01 real, 538 MB
[runlim] sample:		599.96 time, 600.01 real, 603 MB
[runlim] sample:		609.97 time, 610.01 real, 543 MB
[runlim] sample:		619.97 time, 620.01 real, 544 MB
[runlim] sample:		629.97 time, 630.01 real, 562 MB
[runlim] sample:		639.96 time, 640.01 real, 562 MB
[runlim] sample:		649.97 time, 650.01 real, 580 MB
[runlim] sample:		659.96 time, 660.01 real, 661 MB
[runlim] sample:		669.97 time, 670.01 real, 619 MB
[runlim] sample:		679.97 time, 680.01 real, 677 MB
[runlim] sample:		689.97 time, 690.01 real, 624 MB
[runlim] sample:		699.97 time, 700.01 real, 689 MB
[runlim] sample:		709.97 time, 710.01 real, 629 MB
[runlim] sample:		719.97 time, 720.01 real, 706 MB
[runlim] sample:		729.97 time, 730.01 real, 665 MB
[runlim] sample:		739.97 time, 740.01 real, 690 MB
[runlim] sample:		749.97 time, 750.01 real, 697 MB
[runlim] sample:		759.97 time, 760.01 real, 697 MB
[runlim] sample:		769.97 time, 770.01 real, 697 MB
[runlim] sample:		779.96 time, 780.01 real, 700 MB
[runlim] sample:		789.96 time, 790.01 real, 700 MB
[runlim] sample:		799.96 time, 800.01 real, 700 MB
[runlim] sample:		809.97 time, 810.01 real, 634 MB
[runlim] sample:		819.97 time, 820.01 real, 680 MB
[runlim] sample:		829.97 time, 830.01 real, 672 MB
[runlim] sample:		839.97 time, 840.01 real, 673 MB
[runlim] sample:		849.97 time, 850.01 real, 698 MB
[runlim] sample:		859.97 time, 860.01 real, 705 MB
[runlim] sample:		869.97 time, 870.01 real, 705 MB
[runlim] sample:		879.97 time, 880.01 real, 705 MB
[runlim] sample:		889.97 time, 890.01 real, 705 MB
[runlim] sample:		899.97 time, 900.01 real, 705 MB
[runlim] sample:		909.97 time, 910.01 real, 719 MB
[runlim] sample:		919.97 time, 920.01 real, 729 MB
[runlim] sample:		929.97 time, 930.01 real, 729 MB
[runlim] sample:		939.97 time, 940.01 real, 710 MB
[runlim] sample:		949.97 time, 950.01 real, 698 MB
[runlim] sample:		959.97 time, 960.01 real, 698 MB
[runlim] sample:		969.97 time, 970.01 real, 698 MB
[runlim] sample:		979.97 time, 980.01 real, 703 MB
[runlim] sample:		989.97 time, 990.01 real, 703 MB
[runlim] sample:		999.97 time, 1000.01 real, 703 MB
[runlim] sample:		1009.97 time, 1010.01 real, 703 MB
[runlim] sample:		1019.97 time, 1020.01 real, 770 MB
[runlim] sample:		1029.97 time, 1030.01 real, 825 MB
[runlim] sample:		1039.97 time, 1040.01 real, 833 MB
[runlim] sample:		1049.97 time, 1050.01 real, 735 MB
[runlim] sample:		1059.97 time, 1060.01 real, 814 MB
[runlim] sample:		1069.97 time, 1070.01 real, 744 MB
[runlim] sample:		1079.97 time, 1080.01 real, 744 MB
[runlim] sample:		1089.97 time, 1090.01 real, 747 MB
[runlim] sample:		1099.97 time, 1100.01 real, 747 MB
[runlim] sample:		1109.97 time, 1110.01 real, 747 MB
[runlim] sample:		1119.97 time, 1120.01 real, 779 MB
[runlim] sample:		1129.97 time, 1130.01 real, 840 MB
[runlim] sample:		1139.97 time, 1140.01 real, 788 MB
[runlim] sample:		1149.97 time, 1150.01 real, 774 MB
[runlim] sample:		1159.97 time, 1160.01 real, 774 MB
[runlim] sample:		1169.97 time, 1170.01 real, 774 MB
[runlim] sample:		1179.97 time, 1180.01 real, 780 MB
[runlim] sample:		1189.97 time, 1190.01 real, 780 MB
[runlim] sample:		1199.97 time, 1200.01 real, 780 MB
[runlim] sample:		1209.97 time, 1210.01 real, 822 MB
[runlim] sample:		1219.97 time, 1220.01 real, 835 MB
[runlim] sample:		1229.97 time, 1230.01 real, 847 MB
[runlim] sample:		1239.97 time, 1240.01 real, 793 MB
[runlim] sample:		1249.97 time, 1250.01 real, 800 MB
[runlim] sample:		1259.97 time, 1260.01 real, 800 MB
[runlim] sample:		1269.97 time, 1270.01 real, 800 MB
[runlim] sample:		1279.97 time, 1280.01 real, 805 MB
[runlim] sample:		1289.97 time, 1290.01 real, 864 MB
[runlim] sample:		1299.97 time, 1300.01 real, 864 MB
[runlim] sample:		1309.97 time, 1310.01 real, 875 MB
[runlim] sample:		1319.97 time, 1320.01 real, 896 MB
[runlim] sample:		1329.97 time, 1330.01 real, 830 MB
[runlim] sample:		1339.97 time, 1340.01 real, 830 MB
[runlim] sample:		1349.97 time, 1350.01 real, 828 MB
[runlim] sample:		1359.97 time, 1360.01 real, 849 MB
[runlim] sample:		1369.97 time, 1370.01 real, 849 MB
[runlim] sample:		1379.97 time, 1380.01 real, 849 MB
[runlim] sample:		1389.97 time, 1390.01 real, 905 MB
[runlim] sample:		1399.97 time, 1400.01 real, 905 MB
[runlim] sample:		1409.97 time, 1410.01 real, 909 MB
[runlim] sample:		1419.97 time, 1420.01 real, 911 MB
[runlim] sample:		1429.97 time, 1430.01 real, 911 MB
[runlim] sample:		1439.97 time, 1440.01 real, 867 MB
[runlim] sample:		1449.98 time, 1450.01 real, 873 MB
[runlim] sample:		1459.97 time, 1460.01 real, 905 MB
[runlim] sample:		1469.98 time, 1470.01 real, 905 MB
[runlim] sample:		1479.97 time, 1480.01 real, 905 MB
[runlim] sample:		1489.97 time, 1490.01 real, 910 MB
[runlim] sample:		1499.97 time, 1500.01 real, 910 MB
[runlim] sample:		1509.98 time, 1510.01 real, 948 MB
[runlim] sample:		1519.97 time, 1520.01 real, 948 MB
[runlim] sample:		1529.97 time, 1530.01 real, 948 MB
[runlim] sample:		1539.98 time, 1540.01 real, 948 MB
[runlim] sample:		1549.97 time, 1550.01 real, 1052 MB
[runlim] sample:		1559.98 time, 1560.01 real, 968 MB
[runlim] sample:		1569.97 time, 1570.01 real, 994 MB
[runlim] sample:		1579.97 time, 1580.01 real, 969 MB
[runlim] sample:		1589.97 time, 1590.01 real, 1032 MB
[runlim] sample:		1599.97 time, 1600.01 real, 1032 MB
[runlim] sample:		1609.97 time, 1610.01 real, 1033 MB
[runlim] sample:		1619.98 time, 1620.01 real, 1039 MB
[runlim] sample:		1629.98 time, 1630.01 real, 1040 MB
[runlim] sample:		1639.97 time, 1640.01 real, 1040 MB
[runlim] sample:		1649.97 time, 1650.01 real, 1058 MB
[runlim] sample:		1659.97 time, 1660.01 real, 1071 MB
[runlim] sample:		1669.97 time, 1670.01 real, 1071 MB
[runlim] sample:		1679.97 time, 1680.01 real, 1074 MB
[runlim] sample:		1689.97 time, 1690.01 real, 1074 MB
[runlim] sample:		1699.97 time, 1700.01 real, 1074 MB
[runlim] sample:		1709.97 time, 1710.01 real, 1051 MB
[runlim] sample:		1719.97 time, 1720.01 real, 1051 MB
[runlim] sample:		1729.97 time, 1730.01 real, 1092 MB
[runlim] sample:		1739.97 time, 1740.01 real, 1021 MB
[runlim] sample:		1749.98 time, 1750.01 real, 1021 MB
[runlim] sample:		1759.97 time, 1760.01 real, 1072 MB
[runlim] sample:		1769.97 time, 1770.01 real, 1072 MB
[runlim] sample:		1779.97 time, 1780.01 real, 1072 MB
[runlim] sample:		1789.97 time, 1790.01 real, 1072 MB
[runlim] sample:		1799.97 time, 1800.01 real, 1074 MB
[runlim] sample:		1809.97 time, 1810.01 real, 1074 MB
[runlim] sample:		1819.98 time, 1820.01 real, 1074 MB
[runlim] sample:		1829.98 time, 1830.01 real, 1074 MB
[runlim] sample:		1839.98 time, 1840.01 real, 1074 MB
[runlim] sample:		1849.98 time, 1850.01 real, 1222 MB
[runlim] sample:		1859.97 time, 1860.01 real, 1116 MB
[runlim] sample:		1869.97 time, 1870.01 real, 1116 MB
[runlim] sample:		1879.98 time, 1880.01 real, 1079 MB
[runlim] sample:		1889.97 time, 1890.01 real, 1074 MB
[runlim] sample:		1899.97 time, 1900.01 real, 1135 MB
[runlim] sample:		1909.97 time, 1910.01 real, 1134 MB
[runlim] sample:		1919.98 time, 1920.01 real, 1134 MB
[runlim] sample:		1929.97 time, 1930.01 real, 1143 MB
[runlim] sample:		1939.97 time, 1940.01 real, 1143 MB
[runlim] sample:		1949.97 time, 1950.01 real, 1143 MB
[runlim] sample:		1959.97 time, 1960.01 real, 1179 MB
[runlim] sample:		1969.98 time, 1970.01 real, 1179 MB
[runlim] sample:		1979.97 time, 1980.01 real, 1179 MB
[runlim] sample:		1989.98 time, 1990.01 real, 1179 MB
[runlim] sample:		1999.97 time, 2000.01 real, 1183 MB
[runlim] sample:		2009.98 time, 2010.01 real, 1183 MB
[runlim] sample:		2019.97 time, 2020.01 real, 1183 MB
[runlim] sample:		2029.97 time, 2030.01 real, 1189 MB
[runlim] sample:		2039.98 time, 2040.01 real, 1189 MB
[runlim] sample:		2049.98 time, 2050.01 real, 1265 MB
[runlim] sample:		2059.97 time, 2060.01 real, 1133 MB
[runlim] sample:		2069.98 time, 2070.01 real, 1137 MB
[runlim] sample:		2079.97 time, 2080.01 real, 1111 MB
[runlim] sample:		2089.98 time, 2090.01 real, 1123 MB
[runlim] sample:		2099.98 time, 2100.01 real, 1123 MB
[runlim] sample:		2109.98 time, 2110.01 real, 1123 MB
[runlim] sample:		2119.97 time, 2120.01 real, 1082 MB
[runlim] sample:		2129.97 time, 2130.01 real, 1131 MB
[runlim] sample:		2139.97 time, 2140.01 real, 1147 MB
[runlim] sample:		2149.97 time, 2150.01 real, 1147 MB
[runlim] sample:		2159.97 time, 2160.01 real, 1147 MB
[runlim] sample:		2169.98 time, 2170.01 real, 1147 MB
[runlim] sample:		2179.98 time, 2180.01 real, 1147 MB
[runlim] sample:		2189.98 time, 2190.01 real, 1147 MB
[runlim] sample:		2199.97 time, 2200.01 real, 1270 MB
[runlim] sample:		2209.98 time, 2210.01 real, 1180 MB
[runlim] sample:		2219.98 time, 2220.01 real, 1164 MB
[runlim] sample:		2229.98 time, 2230.01 real, 1264 MB
[runlim] sample:		2239.98 time, 2240.01 real, 1160 MB
[runlim] sample:		2249.98 time, 2250.01 real, 1159 MB
[runlim] sample:		2259.97 time, 2260.01 real, 1159 MB
[runlim] sample:		2269.97 time, 2270.01 real, 1159 MB
[runlim] sample:		2279.97 time, 2280.01 real, 1159 MB
[runlim] sample:		2289.98 time, 2290.01 real, 1159 MB
[runlim] sample:		2299.98 time, 2300.01 real, 1159 MB
[runlim] sample:		2309.98 time, 2310.01 real, 1168 MB
[runlim] sample:		2319.98 time, 2320.01 real, 1168 MB
[runlim] sample:		2329.98 time, 2330.01 real, 1168 MB
[runlim] sample:		2339.98 time, 2340.01 real, 1173 MB
[runlim] sample:		2349.97 time, 2350.01 real, 1173 MB
[runlim] sample:		2359.98 time, 2360.01 real, 1173 MB
[runlim] sample:		2369.98 time, 2370.01 real, 1173 MB
[runlim] sample:		2379.98 time, 2380.01 real, 1173 MB
[runlim] sample:		2389.98 time, 2390.01 real, 1173 MB
[runlim] sample:		2399.98 time, 2400.01 real, 1174 MB
[runlim] sample:		2409.97 time, 2410.01 real, 1174 MB
[runlim] sample:		2419.97 time, 2420.01 real, 1174 MB
[runlim] sample:		2429.98 time, 2430.01 real, 1307 MB
[runlim] sample:		2439.97 time, 2440.01 real, 1179 MB
[runlim] sample:		2449.98 time, 2450.01 real, 1179 MB
[runlim] sample:		2459.98 time, 2460.01 real, 1179 MB
[runlim] sample:		2469.97 time, 2470.01 real, 1191 MB
[runlim] sample:		2479.97 time, 2480.01 real, 1215 MB
[runlim] sample:		2489.97 time, 2490.01 real, 1215 MB
[runlim] sample:		2499.98 time, 2500.01 real, 1249 MB
[runlim] sample:		2509.98 time, 2510.01 real, 1141 MB
[runlim] sample:		2519.98 time, 2520.01 real, 1141 MB
[runlim] sample:		2529.98 time, 2530.01 real, 1206 MB
[runlim] sample:		2539.98 time, 2540.01 real, 1206 MB
[runlim] sample:		2549.98 time, 2550.01 real, 1219 MB
[runlim] sample:		2559.98 time, 2560.01 real, 1219 MB
[runlim] sample:		2569.98 time, 2570.01 real, 1219 MB
[runlim] sample:		2579.97 time, 2580.01 real, 1243 MB
[runlim] sample:		2589.97 time, 2590.01 real, 1243 MB
[runlim] sample:		2599.97 time, 2600.01 real, 1243 MB
[runlim] sample:		2609.97 time, 2610.01 real, 1243 MB
[runlim] sample:		2619.97 time, 2620.01 real, 1246 MB
[runlim] sample:		2629.97 time, 2630.01 real, 1246 MB
[runlim] sample:		2639.98 time, 2640.01 real, 1246 MB
[runlim] sample:		2649.98 time, 2650.01 real, 1246 MB
[runlim] sample:		2659.98 time, 2660.01 real, 1280 MB
[runlim] sample:		2669.98 time, 2670.01 real, 1280 MB
[runlim] sample:		2679.97 time, 2680.01 real, 1302 MB
[runlim] sample:		2689.98 time, 2690.01 real, 1203 MB
[runlim] sample:		2699.98 time, 2700.01 real, 1267 MB
[runlim] sample:		2709.98 time, 2710.01 real, 1267 MB
[runlim] sample:		2719.97 time, 2720.01 real, 1272 MB
[runlim] sample:		2729.97 time, 2730.01 real, 1272 MB
[runlim] sample:		2739.98 time, 2740.01 real, 1272 MB
[runlim] sample:		2749.98 time, 2750.01 real, 1272 MB
[runlim] sample:		2759.97 time, 2760.01 real, 1272 MB
[runlim] sample:		2769.98 time, 2770.01 real, 1277 MB
[runlim] sample:		2779.98 time, 2780.01 real, 1277 MB
[runlim] sample:		2789.97 time, 2790.01 real, 1277 MB
[runlim] sample:		2799.98 time, 2800.01 real, 1277 MB
[runlim] sample:		2809.98 time, 2810.01 real, 1277 MB
[runlim] sample:		2819.98 time, 2820.01 real, 1277 MB
[runlim] sample:		2829.98 time, 2830.01 real, 1281 MB
[runlim] sample:		2839.98 time, 2840.01 real, 1326 MB
[runlim] sample:		2849.98 time, 2850.01 real, 1326 MB
[runlim] sample:		2859.98 time, 2860.01 real, 1330 MB
[runlim] sample:		2869.98 time, 2870.01 real, 1251 MB
[runlim] sample:		2879.98 time, 2880.01 real, 1265 MB
[runlim] sample:		2889.98 time, 2890.01 real, 1265 MB
[runlim] sample:		2899.98 time, 2900.01 real, 1265 MB
[runlim] sample:		2909.97 time, 2910.01 real, 1265 MB
[runlim] sample:		2919.98 time, 2920.01 real, 1279 MB
[runlim] sample:		2929.98 time, 2930.01 real, 1279 MB
[runlim] sample:		2939.98 time, 2940.01 real, 1380 MB
[runlim] sample:		2949.98 time, 2950.01 real, 1380 MB
[runlim] sample:		2959.97 time, 2960.01 real, 1380 MB
[runlim] sample:		2969.98 time, 2970.01 real, 1380 MB
[runlim] sample:		2979.97 time, 2980.01 real, 1381 MB
[runlim] sample:		2989.98 time, 2990.01 real, 1381 MB
[runlim] sample:		2999.98 time, 3000.01 real, 1386 MB
[runlim] sample:		3009.98 time, 3010.01 real, 1386 MB
[runlim] sample:		3019.98 time, 3020.01 real, 1386 MB
[runlim] sample:		3029.98 time, 3030.01 real, 1386 MB
[runlim] sample:		3039.97 time, 3040.01 real, 1386 MB
[runlim] sample:		3049.97 time, 3050.01 real, 1386 MB
[runlim] sample:		3059.98 time, 3060.01 real, 1386 MB
[runlim] sample:		3069.98 time, 3070.01 real, 1388 MB
[runlim] sample:		3079.97 time, 3080.01 real, 1388 MB
[runlim] sample:		3089.98 time, 3090.01 real, 1388 MB
[runlim] sample:		3099.98 time, 3100.01 real, 1534 MB
[runlim] sample:		3109.97 time, 3110.01 real, 1346 MB
[runlim] sample:		3119.98 time, 3120.01 real, 1347 MB
[runlim] sample:		3129.97 time, 3130.01 real, 1367 MB
[runlim] sample:		3139.98 time, 3140.01 real, 1369 MB
[runlim] sample:		3149.98 time, 3150.01 real, 1369 MB
[runlim] sample:		3159.98 time, 3160.01 real, 1455 MB
[runlim] sample:		3169.98 time, 3170.01 real, 1455 MB
[runlim] sample:		3179.98 time, 3180.01 real, 1455 MB
[runlim] sample:		3189.98 time, 3190.01 real, 1455 MB
[runlim] sample:		3199.98 time, 3200.01 real, 1465 MB
[runlim] sample:		3209.98 time, 3210.01 real, 1465 MB
[runlim] sample:		3219.98 time, 3220.01 real, 1464 MB
[runlim] sample:		3229.98 time, 3230.01 real, 1464 MB
[runlim] sample:		3239.98 time, 3240.01 real, 1464 MB
[runlim] sample:		3249.98 time, 3250.01 real, 1464 MB
[runlim] sample:		3259.98 time, 3260.01 real, 1464 MB
[runlim] sample:		3269.98 time, 3270.01 real, 1464 MB
[runlim] sample:		3279.98 time, 3280.01 real, 1464 MB
[runlim] sample:		3289.98 time, 3290.01 real, 1613 MB
[runlim] sample:		3299.98 time, 3300.01 real, 1495 MB
[runlim] sample:		3309.98 time, 3310.01 real, 1495 MB
[runlim] sample:		3319.98 time, 3320.01 real, 1495 MB
[runlim] sample:		3329.98 time, 3330.01 real, 1632 MB
[runlim] sample:		3339.98 time, 3340.01 real, 1451 MB
[runlim] sample:		3349.98 time, 3350.01 real, 1487 MB
[runlim] sample:		3359.98 time, 3360.01 real, 1487 MB
[runlim] sample:		3369.98 time, 3370.01 real, 1487 MB
[runlim] sample:		3379.98 time, 3380.01 real, 1487 MB
[runlim] sample:		3389.98 time, 3390.01 real, 1534 MB
[runlim] sample:		3399.98 time, 3400.01 real, 1550 MB
[runlim] sample:		3409.98 time, 3410.01 real, 1538 MB
[runlim] sample:		3419.98 time, 3420.01 real, 1538 MB
[runlim] sample:		3429.98 time, 3430.01 real, 1538 MB
[runlim] sample:		3439.98 time, 3440.01 real, 1539 MB
[runlim] sample:		3449.98 time, 3450.01 real, 1539 MB
[runlim] sample:		3459.98 time, 3460.01 real, 1539 MB
[runlim] sample:		3469.98 time, 3470.01 real, 1540 MB
[runlim] sample:		3479.98 time, 3480.01 real, 1542 MB
[runlim] sample:		3489.98 time, 3490.01 real, 1542 MB
[runlim] sample:		3499.98 time, 3500.01 real, 1542 MB
[runlim] sample:		3509.98 time, 3510.01 real, 1713 MB
[runlim] sample:		3519.98 time, 3520.01 real, 1608 MB
[runlim] sample:		3529.98 time, 3530.01 real, 1608 MB
[runlim] sample:		3539.98 time, 3540.01 real, 1635 MB
[runlim] sample:		3549.98 time, 3550.01 real, 1528 MB
[runlim] sample:		3559.98 time, 3560.01 real, 1529 MB
[runlim] sample:		3569.98 time, 3570.01 real, 1528 MB
[runlim] sample:		3579.98 time, 3580.01 real, 1528 MB
[runlim] sample:		3589.98 time, 3590.01 real, 1534 MB
[runlim] sample:		3599.98 time, 3600.01 real, 1548 MB
[runlim] end:			Wed Oct 16 05:00:45 2019
[runlim] status:		out of time
[runlim] result:		2
[runlim] children:		2
[runlim] real:			3600.10 seconds
[runlim] time:			3599.98 seconds
[runlim] space:			1762 MB
[runlim] samples:		36000
