[runlim] version:		1.17
[runlim] host:			c3n22
[runlim] time limit:		311040000 seconds
[runlim] real time limit:	3600 seconds
[runlim] space limit:		120000 MB
[runlim] argv[0]:		./run-btormc.sh
[runlim] argv[1]:		/tmp/9o5ZrsZV.btor2
[runlim] start:			Wed Oct 16 04:57:01 2019
[runlim] child:			5598
warning: unsupported tag 'output'
[runlim] sample:		10.00 time, 10.02 real, 113 MB
[runlim] sample:		20.00 time, 20.02 real, 150 MB
[runlim] sample:		30.00 time, 30.02 real, 164 MB
[runlim] sample:		40.00 time, 40.02 real, 204 MB
[runlim] sample:		50.00 time, 50.02 real, 236 MB
[runlim] sample:		60.00 time, 60.01 real, 253 MB
[runlim] sample:		70.00 time, 70.01 real, 277 MB
[runlim] sample:		79.99 time, 80.01 real, 321 MB
[runlim] sample:		90.00 time, 90.01 real, 351 MB
[runlim] sample:		100.00 time, 100.01 real, 384 MB
[runlim] sample:		109.99 time, 110.01 real, 385 MB
[runlim] sample:		120.00 time, 120.01 real, 449 MB
[runlim] sample:		130.00 time, 130.01 real, 484 MB
[runlim] sample:		140.00 time, 140.01 real, 436 MB
[runlim] sample:		149.99 time, 150.01 real, 436 MB
[runlim] sample:		159.99 time, 160.01 real, 506 MB
[runlim] sample:		170.00 time, 170.01 real, 505 MB
[runlim] sample:		179.99 time, 180.01 real, 566 MB
[runlim] sample:		190.00 time, 190.01 real, 565 MB
[runlim] sample:		199.99 time, 200.01 real, 580 MB
[runlim] sample:		209.99 time, 210.01 real, 608 MB
[runlim] sample:		220.00 time, 220.01 real, 629 MB
[runlim] sample:		229.99 time, 230.01 real, 632 MB
[runlim] sample:		239.99 time, 240.01 real, 632 MB
[runlim] sample:		249.99 time, 250.01 real, 632 MB
[runlim] sample:		259.99 time, 260.01 real, 657 MB
[runlim] sample:		269.99 time, 270.01 real, 754 MB
[runlim] sample:		280.00 time, 280.01 real, 797 MB
[runlim] sample:		289.99 time, 290.01 real, 758 MB
[runlim] sample:		299.99 time, 300.01 real, 758 MB
[runlim] sample:		309.99 time, 310.01 real, 852 MB
[runlim] sample:		319.99 time, 320.01 real, 854 MB
[runlim] sample:		329.99 time, 330.01 real, 802 MB
[runlim] sample:		339.99 time, 340.01 real, 802 MB
[runlim] sample:		349.99 time, 350.01 real, 802 MB
[runlim] sample:		359.99 time, 360.01 real, 838 MB
[runlim] sample:		369.99 time, 370.01 real, 839 MB
[runlim] sample:		379.99 time, 380.01 real, 916 MB
[runlim] sample:		389.99 time, 390.01 real, 919 MB
[runlim] sample:		399.99 time, 400.01 real, 908 MB
[runlim] sample:		409.99 time, 410.01 real, 908 MB
[runlim] sample:		419.99 time, 420.01 real, 908 MB
[runlim] sample:		429.99 time, 430.01 real, 908 MB
[runlim] sample:		439.99 time, 440.01 real, 908 MB
[runlim] sample:		449.99 time, 450.01 real, 908 MB
[runlim] sample:		459.99 time, 460.01 real, 929 MB
[runlim] sample:		469.99 time, 470.01 real, 881 MB
[runlim] sample:		479.98 time, 480.01 real, 881 MB
[runlim] sample:		489.99 time, 490.01 real, 881 MB
[runlim] sample:		499.99 time, 500.01 real, 881 MB
[runlim] sample:		509.99 time, 510.01 real, 881 MB
[runlim] sample:		519.99 time, 520.01 real, 881 MB
[runlim] sample:		529.99 time, 530.01 real, 881 MB
[runlim] sample:		539.99 time, 540.01 real, 886 MB
[runlim] sample:		549.98 time, 550.01 real, 886 MB
[runlim] sample:		559.99 time, 560.01 real, 937 MB
[runlim] sample:		569.99 time, 570.01 real, 938 MB
[runlim] sample:		579.99 time, 580.01 real, 905 MB
[runlim] sample:		589.99 time, 590.01 real, 868 MB
[runlim] sample:		599.99 time, 600.01 real, 868 MB
[runlim] sample:		609.98 time, 610.01 real, 876 MB
[runlim] sample:		619.99 time, 620.01 real, 964 MB
[runlim] sample:		629.99 time, 630.01 real, 965 MB
[runlim] sample:		639.99 time, 640.01 real, 992 MB
[runlim] sample:		649.98 time, 650.01 real, 993 MB
[runlim] sample:		659.99 time, 660.01 real, 1030 MB
[runlim] sample:		669.98 time, 670.01 real, 1056 MB
[runlim] sample:		679.99 time, 680.01 real, 1096 MB
[runlim] sample:		689.98 time, 690.01 real, 1116 MB
[runlim] sample:		699.98 time, 700.01 real, 1116 MB
[runlim] sample:		709.98 time, 710.01 real, 1116 MB
[runlim] sample:		719.98 time, 720.01 real, 1118 MB
[runlim] sample:		729.99 time, 730.01 real, 1120 MB
[runlim] sample:		739.99 time, 740.01 real, 1138 MB
[runlim] sample:		749.99 time, 750.01 real, 1145 MB
[runlim] sample:		759.99 time, 760.01 real, 1175 MB
[runlim] sample:		769.99 time, 770.01 real, 1150 MB
[runlim] sample:		779.98 time, 780.01 real, 1150 MB
[runlim] sample:		789.98 time, 790.01 real, 1151 MB
[runlim] sample:		799.99 time, 800.01 real, 1152 MB
[runlim] sample:		809.98 time, 810.01 real, 1154 MB
[runlim] sample:		819.98 time, 820.01 real, 1172 MB
[runlim] sample:		829.99 time, 830.01 real, 1182 MB
[runlim] sample:		839.98 time, 840.01 real, 1161 MB
[runlim] sample:		849.98 time, 850.01 real, 1161 MB
[runlim] sample:		859.98 time, 860.01 real, 1262 MB
[runlim] sample:		869.98 time, 870.01 real, 1262 MB
[runlim] sample:		879.98 time, 880.01 real, 1263 MB
[runlim] sample:		889.98 time, 890.01 real, 1263 MB
[runlim] sample:		899.98 time, 900.01 real, 1265 MB
[runlim] sample:		909.99 time, 910.01 real, 1277 MB
[runlim] sample:		919.98 time, 920.01 real, 1277 MB
[runlim] sample:		929.98 time, 930.01 real, 1278 MB
[runlim] sample:		939.99 time, 940.01 real, 1278 MB
[runlim] sample:		949.98 time, 950.01 real, 1279 MB
[runlim] sample:		959.98 time, 960.01 real, 1409 MB
[runlim] sample:		969.98 time, 970.01 real, 1469 MB
[runlim] sample:		979.98 time, 980.01 real, 1442 MB
[runlim] sample:		989.98 time, 990.01 real, 1616 MB
[runlim] sample:		999.98 time, 1000.01 real, 1454 MB
[runlim] sample:		1009.98 time, 1010.01 real, 1454 MB
[runlim] sample:		1019.98 time, 1020.01 real, 1454 MB
[runlim] sample:		1029.98 time, 1030.01 real, 1454 MB
[runlim] sample:		1039.98 time, 1040.01 real, 1560 MB
[runlim] sample:		1049.98 time, 1050.01 real, 1446 MB
[runlim] sample:		1059.98 time, 1060.01 real, 1446 MB
[runlim] sample:		1069.98 time, 1070.01 real, 1446 MB
[runlim] sample:		1079.99 time, 1080.01 real, 1446 MB
[runlim] sample:		1089.98 time, 1090.01 real, 1446 MB
[runlim] sample:		1099.99 time, 1100.01 real, 1447 MB
[runlim] sample:		1109.98 time, 1110.01 real, 1447 MB
[runlim] sample:		1119.98 time, 1120.01 real, 1581 MB
[runlim] sample:		1129.98 time, 1130.01 real, 1695 MB
[runlim] sample:		1139.98 time, 1140.01 real, 1564 MB
[runlim] sample:		1149.98 time, 1150.01 real, 1564 MB
[runlim] sample:		1159.98 time, 1160.01 real, 1564 MB
[runlim] sample:		1169.98 time, 1170.01 real, 1565 MB
[runlim] sample:		1179.98 time, 1180.01 real, 1566 MB
[runlim] sample:		1189.98 time, 1190.01 real, 1567 MB
[runlim] sample:		1199.98 time, 1200.01 real, 1567 MB
[runlim] sample:		1209.98 time, 1210.01 real, 1616 MB
[runlim] sample:		1219.98 time, 1220.01 real, 1617 MB
[runlim] sample:		1229.98 time, 1230.01 real, 1617 MB
[runlim] sample:		1239.98 time, 1240.01 real, 1667 MB
[runlim] sample:		1249.98 time, 1250.01 real, 1617 MB
[runlim] sample:		1259.98 time, 1260.01 real, 1617 MB
[runlim] sample:		1269.98 time, 1270.01 real, 1618 MB
[runlim] sample:		1279.98 time, 1280.01 real, 1625 MB
[runlim] sample:		1289.98 time, 1290.01 real, 1625 MB
[runlim] sample:		1299.98 time, 1300.01 real, 1625 MB
[runlim] sample:		1309.98 time, 1310.01 real, 1625 MB
[runlim] sample:		1319.98 time, 1320.01 real, 1562 MB
[runlim] sample:		1329.98 time, 1330.01 real, 1676 MB
[runlim] sample:		1339.98 time, 1340.01 real, 1676 MB
[runlim] sample:		1349.98 time, 1350.01 real, 1735 MB
[runlim] sample:		1359.98 time, 1360.01 real, 1678 MB
[runlim] sample:		1369.98 time, 1370.01 real, 1678 MB
[runlim] sample:		1379.98 time, 1380.01 real, 1679 MB
[runlim] sample:		1389.98 time, 1390.01 real, 1715 MB
[runlim] sample:		1399.98 time, 1400.01 real, 1715 MB
[runlim] sample:		1409.98 time, 1410.01 real, 1716 MB
[runlim] sample:		1419.98 time, 1420.01 real, 1716 MB
[runlim] sample:		1429.98 time, 1430.01 real, 1716 MB
[runlim] sample:		1439.98 time, 1440.01 real, 1729 MB
[runlim] sample:		1449.98 time, 1450.01 real, 1729 MB
[runlim] sample:		1459.98 time, 1460.01 real, 1730 MB
[runlim] sample:		1469.98 time, 1470.01 real, 1731 MB
[runlim] sample:		1479.98 time, 1480.01 real, 1731 MB
[runlim] sample:		1489.98 time, 1490.01 real, 1731 MB
[runlim] sample:		1499.98 time, 1500.01 real, 1731 MB
[runlim] sample:		1509.98 time, 1510.01 real, 1796 MB
[runlim] sample:		1519.98 time, 1520.01 real, 1796 MB
[runlim] sample:		1529.98 time, 1530.01 real, 1796 MB
[runlim] sample:		1539.98 time, 1540.01 real, 1847 MB
[runlim] sample:		1549.98 time, 1550.01 real, 1918 MB
[runlim] sample:		1559.98 time, 1560.01 real, 1919 MB
[runlim] sample:		1569.98 time, 1570.01 real, 1919 MB
[runlim] sample:		1579.98 time, 1580.01 real, 1920 MB
[runlim] sample:		1589.98 time, 1590.01 real, 1922 MB
[runlim] sample:		1599.98 time, 1600.01 real, 2002 MB
[runlim] sample:		1609.98 time, 1610.01 real, 2002 MB
[runlim] sample:		1619.98 time, 1620.01 real, 1968 MB
[runlim] sample:		1629.98 time, 1630.01 real, 2024 MB
[runlim] sample:		1639.98 time, 1640.01 real, 1983 MB
[runlim] sample:		1649.98 time, 1650.01 real, 1983 MB
[runlim] sample:		1659.98 time, 1660.01 real, 1984 MB
[runlim] sample:		1669.98 time, 1670.01 real, 1984 MB
[runlim] sample:		1679.98 time, 1680.01 real, 1984 MB
[runlim] sample:		1689.98 time, 1690.01 real, 1976 MB
[runlim] sample:		1699.98 time, 1700.01 real, 1976 MB
[runlim] sample:		1709.98 time, 1710.01 real, 1976 MB
[runlim] sample:		1719.98 time, 1720.01 real, 1976 MB
[runlim] sample:		1729.98 time, 1730.01 real, 1976 MB
[runlim] sample:		1739.99 time, 1740.01 real, 1977 MB
[runlim] sample:		1749.98 time, 1750.01 real, 1978 MB
[runlim] sample:		1759.98 time, 1760.01 real, 1978 MB
[runlim] sample:		1769.98 time, 1770.01 real, 1979 MB
[runlim] sample:		1779.98 time, 1780.01 real, 1979 MB
[runlim] sample:		1789.98 time, 1790.01 real, 1979 MB
[runlim] sample:		1799.98 time, 1800.01 real, 1979 MB
[runlim] sample:		1809.98 time, 1810.01 real, 1979 MB
[runlim] sample:		1819.98 time, 1820.01 real, 1979 MB
[runlim] sample:		1829.98 time, 1830.01 real, 1980 MB
[runlim] sample:		1839.98 time, 1840.01 real, 1981 MB
[runlim] sample:		1849.98 time, 1850.01 real, 1981 MB
[runlim] sample:		1859.98 time, 1860.01 real, 1981 MB
[runlim] sample:		1869.98 time, 1870.01 real, 1982 MB
[runlim] sample:		1879.98 time, 1880.01 real, 1984 MB
[runlim] sample:		1889.98 time, 1890.01 real, 2000 MB
[runlim] sample:		1899.98 time, 1900.01 real, 2181 MB
[runlim] sample:		1909.98 time, 1910.01 real, 2184 MB
[runlim] sample:		1919.98 time, 1920.01 real, 2185 MB
[runlim] sample:		1929.98 time, 1930.01 real, 2188 MB
[runlim] sample:		1939.98 time, 1940.01 real, 2189 MB
[runlim] sample:		1949.98 time, 1950.01 real, 2189 MB
[runlim] sample:		1959.98 time, 1960.01 real, 2189 MB
[runlim] sample:		1969.98 time, 1970.01 real, 2189 MB
[runlim] sample:		1979.98 time, 1980.01 real, 2189 MB
[runlim] sample:		1989.98 time, 1990.01 real, 2191 MB
[runlim] sample:		1999.98 time, 2000.01 real, 2192 MB
[runlim] sample:		2009.98 time, 2010.01 real, 2193 MB
[runlim] sample:		2019.98 time, 2020.01 real, 2194 MB
[runlim] sample:		2029.98 time, 2030.01 real, 2194 MB
[runlim] sample:		2039.98 time, 2040.01 real, 2194 MB
[runlim] sample:		2049.98 time, 2050.01 real, 2195 MB
[runlim] sample:		2059.98 time, 2060.01 real, 2195 MB
[runlim] sample:		2069.98 time, 2070.01 real, 2195 MB
[runlim] sample:		2079.98 time, 2080.01 real, 2196 MB
[runlim] sample:		2089.98 time, 2090.01 real, 2196 MB
[runlim] sample:		2099.98 time, 2100.01 real, 2196 MB
[runlim] sample:		2109.98 time, 2110.01 real, 2197 MB
[runlim] sample:		2119.98 time, 2120.01 real, 2197 MB
[runlim] sample:		2129.98 time, 2130.01 real, 2202 MB
[runlim] sample:		2139.98 time, 2140.01 real, 2448 MB
[runlim] sample:		2149.98 time, 2150.01 real, 2209 MB
[runlim] sample:		2159.98 time, 2160.01 real, 2209 MB
[runlim] sample:		2169.98 time, 2170.01 real, 2209 MB
[runlim] sample:		2179.98 time, 2180.01 real, 2250 MB
[runlim] sample:		2189.98 time, 2190.01 real, 2427 MB
[runlim] sample:		2199.98 time, 2200.01 real, 2237 MB
[runlim] sample:		2209.98 time, 2210.01 real, 2237 MB
[runlim] sample:		2219.98 time, 2220.01 real, 2237 MB
[runlim] sample:		2229.98 time, 2230.01 real, 2252 MB
[runlim] sample:		2239.98 time, 2240.01 real, 2285 MB
[runlim] sample:		2249.98 time, 2250.01 real, 2285 MB
[runlim] sample:		2259.98 time, 2260.01 real, 2185 MB
[runlim] sample:		2269.98 time, 2270.01 real, 2390 MB
[runlim] sample:		2279.98 time, 2280.01 real, 2390 MB
[runlim] sample:		2289.98 time, 2290.01 real, 2391 MB
[runlim] sample:		2299.98 time, 2300.01 real, 2392 MB
[runlim] sample:		2309.98 time, 2310.01 real, 2393 MB
[runlim] sample:		2319.98 time, 2320.01 real, 2393 MB
[runlim] sample:		2329.98 time, 2330.01 real, 2393 MB
[runlim] sample:		2339.98 time, 2340.01 real, 2393 MB
[runlim] sample:		2349.98 time, 2350.01 real, 2394 MB
[runlim] sample:		2359.98 time, 2360.01 real, 2394 MB
[runlim] sample:		2369.98 time, 2370.01 real, 2394 MB
[runlim] sample:		2379.98 time, 2380.01 real, 2394 MB
[runlim] sample:		2389.98 time, 2390.01 real, 2396 MB
[runlim] sample:		2399.98 time, 2400.01 real, 2396 MB
[runlim] sample:		2409.98 time, 2410.01 real, 2421 MB
[runlim] sample:		2419.98 time, 2420.01 real, 2421 MB
[runlim] sample:		2429.98 time, 2430.01 real, 2440 MB
[runlim] sample:		2439.98 time, 2440.01 real, 2440 MB
[runlim] sample:		2449.98 time, 2450.01 real, 2440 MB
[runlim] sample:		2459.98 time, 2460.01 real, 2440 MB
[runlim] sample:		2469.98 time, 2470.01 real, 2441 MB
[runlim] sample:		2479.98 time, 2480.01 real, 2441 MB
[runlim] sample:		2489.98 time, 2490.01 real, 2441 MB
[runlim] sample:		2499.98 time, 2500.01 real, 2441 MB
[runlim] sample:		2509.98 time, 2510.01 real, 2442 MB
[runlim] sample:		2519.98 time, 2520.01 real, 2442 MB
[runlim] sample:		2529.98 time, 2530.01 real, 2443 MB
[runlim] sample:		2539.98 time, 2540.01 real, 2444 MB
[runlim] sample:		2549.98 time, 2550.01 real, 2468 MB
[runlim] sample:		2559.98 time, 2560.01 real, 2469 MB
[runlim] sample:		2569.98 time, 2570.01 real, 2469 MB
[runlim] sample:		2579.98 time, 2580.01 real, 2470 MB
[runlim] sample:		2589.98 time, 2590.01 real, 2470 MB
[runlim] sample:		2599.98 time, 2600.01 real, 2470 MB
[runlim] sample:		2609.98 time, 2610.01 real, 2470 MB
[runlim] sample:		2619.98 time, 2620.01 real, 2470 MB
[runlim] sample:		2629.98 time, 2630.01 real, 2470 MB
[runlim] sample:		2639.98 time, 2640.01 real, 2470 MB
[runlim] sample:		2649.98 time, 2650.01 real, 2470 MB
[runlim] sample:		2659.98 time, 2660.01 real, 2470 MB
[runlim] sample:		2669.98 time, 2670.01 real, 2470 MB
[runlim] sample:		2679.98 time, 2680.01 real, 2470 MB
[runlim] sample:		2689.98 time, 2690.01 real, 2470 MB
[runlim] sample:		2699.98 time, 2700.01 real, 2470 MB
[runlim] sample:		2709.98 time, 2710.01 real, 2644 MB
[runlim] sample:		2719.98 time, 2720.01 real, 2471 MB
[runlim] sample:		2729.98 time, 2730.01 real, 2645 MB
[runlim] sample:		2739.98 time, 2740.01 real, 2645 MB
[runlim] sample:		2749.98 time, 2750.01 real, 2646 MB
[runlim] sample:		2759.98 time, 2760.01 real, 2473 MB
[runlim] sample:		2769.98 time, 2770.01 real, 2473 MB
[runlim] sample:		2779.98 time, 2780.01 real, 2473 MB
[runlim] sample:		2789.98 time, 2790.01 real, 2487 MB
[runlim] sample:		2799.98 time, 2800.01 real, 2703 MB
[runlim] sample:		2809.98 time, 2810.01 real, 2703 MB
[runlim] sample:		2819.98 time, 2820.01 real, 2703 MB
[runlim] sample:		2829.98 time, 2830.01 real, 2703 MB
[runlim] sample:		2839.98 time, 2840.01 real, 2703 MB
[runlim] sample:		2849.98 time, 2850.01 real, 2586 MB
[runlim] sample:		2859.98 time, 2860.01 real, 2785 MB
[runlim] sample:		2869.99 time, 2870.01 real, 2759 MB
[runlim] sample:		2879.99 time, 2880.01 real, 2733 MB
[runlim] sample:		2889.98 time, 2890.01 real, 2733 MB
[runlim] sample:		2899.98 time, 2900.01 real, 2733 MB
[runlim] sample:		2909.98 time, 2910.01 real, 2733 MB
[runlim] sample:		2919.98 time, 2920.01 real, 2733 MB
[runlim] sample:		2929.99 time, 2930.01 real, 2733 MB
[runlim] sample:		2939.98 time, 2940.01 real, 2733 MB
[runlim] sample:		2949.98 time, 2950.01 real, 2733 MB
[runlim] sample:		2959.98 time, 2960.01 real, 2734 MB
[runlim] sample:		2969.98 time, 2970.01 real, 2734 MB
[runlim] sample:		2979.98 time, 2980.01 real, 2734 MB
[runlim] sample:		2989.99 time, 2990.01 real, 2734 MB
[runlim] sample:		2999.98 time, 3000.01 real, 2734 MB
[runlim] sample:		3009.98 time, 3010.01 real, 2734 MB
[runlim] sample:		3019.98 time, 3020.01 real, 2734 MB
[runlim] sample:		3029.98 time, 3030.01 real, 2734 MB
[runlim] sample:		3039.98 time, 3040.01 real, 2735 MB
[runlim] sample:		3049.98 time, 3050.01 real, 2736 MB
[runlim] sample:		3059.98 time, 3060.01 real, 2736 MB
[runlim] sample:		3069.99 time, 3070.01 real, 2736 MB
[runlim] sample:		3079.98 time, 3080.01 real, 2736 MB
[runlim] sample:		3089.98 time, 3090.01 real, 2736 MB
[runlim] sample:		3099.98 time, 3100.01 real, 2736 MB
[runlim] sample:		3109.99 time, 3110.01 real, 2736 MB
[runlim] sample:		3119.98 time, 3120.01 real, 2736 MB
[runlim] sample:		3129.98 time, 3130.01 real, 2736 MB
[runlim] sample:		3139.98 time, 3140.01 real, 2737 MB
[runlim] sample:		3149.98 time, 3150.01 real, 2737 MB
[runlim] sample:		3159.99 time, 3160.01 real, 2737 MB
[runlim] sample:		3169.98 time, 3170.01 real, 2737 MB
[runlim] sample:		3179.99 time, 3180.01 real, 2737 MB
[runlim] sample:		3189.98 time, 3190.01 real, 2737 MB
[runlim] sample:		3199.99 time, 3200.01 real, 2737 MB
[runlim] sample:		3209.98 time, 3210.01 real, 2738 MB
[runlim] sample:		3219.98 time, 3220.01 real, 2739 MB
[runlim] sample:		3229.98 time, 3230.01 real, 2742 MB
[runlim] sample:		3239.98 time, 3240.01 real, 2742 MB
[runlim] sample:		3249.98 time, 3250.01 real, 2789 MB
[runlim] sample:		3259.98 time, 3260.01 real, 2859 MB
[runlim] sample:		3269.98 time, 3270.01 real, 2860 MB
[runlim] sample:		3279.98 time, 3280.01 real, 2861 MB
[runlim] sample:		3289.98 time, 3290.01 real, 2862 MB
[runlim] sample:		3299.98 time, 3300.01 real, 2864 MB
[runlim] sample:		3309.99 time, 3310.01 real, 2865 MB
[runlim] sample:		3319.99 time, 3320.01 real, 2865 MB
[runlim] sample:		3329.99 time, 3330.01 real, 2865 MB
[runlim] sample:		3339.99 time, 3340.01 real, 2865 MB
[runlim] sample:		3349.99 time, 3350.01 real, 2865 MB
[runlim] sample:		3359.99 time, 3360.01 real, 2865 MB
[runlim] sample:		3369.98 time, 3370.01 real, 2668 MB
[runlim] sample:		3379.98 time, 3380.01 real, 2668 MB
[runlim] sample:		3389.98 time, 3390.01 real, 2668 MB
[runlim] sample:		3399.98 time, 3400.01 real, 2866 MB
[runlim] sample:		3409.99 time, 3410.01 real, 2670 MB
[runlim] sample:		3419.98 time, 3420.01 real, 2671 MB
[runlim] sample:		3429.98 time, 3430.01 real, 2671 MB
[runlim] sample:		3439.98 time, 3440.01 real, 2671 MB
[runlim] sample:		3449.98 time, 3450.01 real, 2868 MB
[runlim] sample:		3459.98 time, 3460.01 real, 2868 MB
[runlim] sample:		3469.98 time, 3470.01 real, 2868 MB
[runlim] sample:		3479.99 time, 3480.01 real, 2868 MB
[runlim] sample:		3489.98 time, 3490.01 real, 2672 MB
[runlim] sample:		3499.98 time, 3500.01 real, 2673 MB
[runlim] sample:		3509.99 time, 3510.01 real, 2870 MB
[runlim] sample:		3519.98 time, 3520.01 real, 2674 MB
[runlim] sample:		3529.98 time, 3530.01 real, 2688 MB
[runlim] sample:		3539.98 time, 3540.01 real, 2674 MB
[runlim] sample:		3549.98 time, 3550.01 real, 2674 MB
[runlim] sample:		3559.98 time, 3560.01 real, 2675 MB
[runlim] sample:		3569.99 time, 3570.01 real, 2872 MB
[runlim] sample:		3579.98 time, 3580.01 real, 2872 MB
[runlim] sample:		3589.98 time, 3590.01 real, 2872 MB
[runlim] sample:		3599.98 time, 3600.01 real, 2873 MB
[runlim] end:			Wed Oct 16 05:57:01 2019
[runlim] status:		out of time
[runlim] result:		2
[runlim] children:		2
[runlim] real:			3600.10 seconds
[runlim] time:			3599.98 seconds
[runlim] space:			3103 MB
[runlim] samples:		36000
