[runlim] version:		1.17
[runlim] host:			c3n32
[runlim] time limit:		311040000 seconds
[runlim] real time limit:	3600 seconds
[runlim] space limit:		120000 MB
[runlim] argv[0]:		./run-btormc.sh
[runlim] argv[1]:		/tmp/ufIRqnyE.btor2
[runlim] start:			Wed Oct 16 03:51:50 2019
[runlim] child:			28157
warning: unsupported tag 'output'
[runlim] sample:		9.97 time, 10.01 real, 22 MB
[runlim] sample:		19.97 time, 20.01 real, 34 MB
[runlim] sample:		29.97 time, 30.01 real, 33 MB
[runlim] sample:		39.97 time, 40.01 real, 33 MB
[runlim] sample:		49.97 time, 50.01 real, 63 MB
[runlim] sample:		59.97 time, 60.01 real, 63 MB
[runlim] sample:		69.97 time, 70.01 real, 63 MB
[runlim] sample:		79.97 time, 80.01 real, 59 MB
[runlim] sample:		89.97 time, 90.01 real, 56 MB
[runlim] sample:		99.97 time, 100.01 real, 78 MB
[runlim] sample:		109.97 time, 110.01 real, 78 MB
[runlim] sample:		119.97 time, 120.02 real, 78 MB
[runlim] sample:		129.97 time, 130.01 real, 78 MB
[runlim] sample:		139.97 time, 140.01 real, 78 MB
[runlim] sample:		149.97 time, 150.02 real, 86 MB
[runlim] sample:		159.97 time, 160.01 real, 65 MB
[runlim] sample:		169.97 time, 170.01 real, 72 MB
[runlim] sample:		179.97 time, 180.02 real, 74 MB
[runlim] sample:		189.97 time, 190.01 real, 75 MB
[runlim] sample:		199.97 time, 200.02 real, 107 MB
[runlim] sample:		209.97 time, 210.01 real, 114 MB
[runlim] sample:		219.97 time, 220.01 real, 135 MB
[runlim] sample:		229.97 time, 230.02 real, 148 MB
[runlim] sample:		239.97 time, 240.02 real, 148 MB
[runlim] sample:		249.97 time, 250.02 real, 148 MB
[runlim] sample:		259.97 time, 260.01 real, 148 MB
[runlim] sample:		269.97 time, 270.01 real, 113 MB
[runlim] sample:		279.97 time, 280.02 real, 123 MB
[runlim] sample:		289.98 time, 290.01 real, 133 MB
[runlim] sample:		299.98 time, 300.02 real, 133 MB
[runlim] sample:		309.97 time, 310.02 real, 112 MB
[runlim] sample:		319.97 time, 320.02 real, 110 MB
[runlim] sample:		329.97 time, 330.01 real, 112 MB
[runlim] sample:		339.97 time, 340.01 real, 118 MB
[runlim] sample:		349.97 time, 350.02 real, 129 MB
[runlim] sample:		359.97 time, 360.01 real, 140 MB
[runlim] sample:		369.97 time, 370.02 real, 140 MB
[runlim] sample:		379.97 time, 380.02 real, 140 MB
[runlim] sample:		389.97 time, 390.02 real, 140 MB
[runlim] sample:		399.97 time, 400.02 real, 158 MB
[runlim] sample:		409.97 time, 410.02 real, 159 MB
[runlim] sample:		419.97 time, 420.01 real, 159 MB
[runlim] sample:		429.97 time, 430.01 real, 160 MB
[runlim] sample:		439.97 time, 440.02 real, 160 MB
[runlim] sample:		449.97 time, 450.02 real, 160 MB
[runlim] sample:		459.97 time, 460.02 real, 160 MB
[runlim] sample:		469.97 time, 470.02 real, 160 MB
[runlim] sample:		479.97 time, 480.01 real, 158 MB
[runlim] sample:		489.97 time, 490.01 real, 174 MB
[runlim] sample:		499.97 time, 500.01 real, 174 MB
[runlim] sample:		509.97 time, 510.01 real, 189 MB
[runlim] sample:		519.97 time, 520.02 real, 189 MB
[runlim] sample:		529.97 time, 530.02 real, 189 MB
[runlim] sample:		539.97 time, 540.02 real, 189 MB
[runlim] sample:		549.97 time, 550.02 real, 189 MB
[runlim] sample:		559.97 time, 560.02 real, 140 MB
[runlim] sample:		569.97 time, 570.02 real, 159 MB
[runlim] sample:		579.97 time, 580.01 real, 194 MB
[runlim] sample:		589.97 time, 590.01 real, 151 MB
[runlim] sample:		599.97 time, 600.01 real, 153 MB
[runlim] sample:		609.97 time, 610.02 real, 172 MB
[runlim] sample:		619.97 time, 620.02 real, 172 MB
[runlim] sample:		629.97 time, 630.02 real, 172 MB
[runlim] sample:		639.97 time, 640.02 real, 172 MB
[runlim] sample:		649.97 time, 650.02 real, 172 MB
[runlim] sample:		659.97 time, 660.02 real, 173 MB
[runlim] sample:		669.97 time, 670.01 real, 173 MB
[runlim] sample:		679.97 time, 680.01 real, 173 MB
[runlim] sample:		689.97 time, 690.02 real, 173 MB
[runlim] sample:		699.97 time, 700.01 real, 173 MB
[runlim] sample:		709.97 time, 710.01 real, 173 MB
[runlim] sample:		719.97 time, 720.01 real, 173 MB
[runlim] sample:		729.97 time, 730.01 real, 189 MB
[runlim] sample:		739.97 time, 740.01 real, 189 MB
[runlim] sample:		749.97 time, 750.01 real, 189 MB
[runlim] sample:		759.97 time, 760.01 real, 189 MB
[runlim] sample:		769.97 time, 770.01 real, 189 MB
[runlim] sample:		779.97 time, 780.02 real, 189 MB
[runlim] sample:		789.97 time, 790.02 real, 174 MB
[runlim] sample:		799.97 time, 800.01 real, 189 MB
[runlim] sample:		809.97 time, 810.01 real, 191 MB
[runlim] sample:		819.97 time, 820.02 real, 191 MB
[runlim] sample:		829.97 time, 830.02 real, 191 MB
[runlim] sample:		839.97 time, 840.02 real, 191 MB
[runlim] sample:		849.97 time, 850.02 real, 191 MB
[runlim] sample:		859.98 time, 860.02 real, 174 MB
[runlim] sample:		869.98 time, 870.01 real, 175 MB
[runlim] sample:		879.97 time, 880.02 real, 191 MB
[runlim] sample:		889.97 time, 890.01 real, 215 MB
[runlim] sample:		899.97 time, 900.02 real, 215 MB
[runlim] sample:		909.97 time, 910.02 real, 217 MB
[runlim] sample:		919.97 time, 920.02 real, 217 MB
[runlim] sample:		929.97 time, 930.02 real, 217 MB
[runlim] sample:		939.97 time, 940.02 real, 217 MB
[runlim] sample:		949.97 time, 950.02 real, 217 MB
[runlim] sample:		959.97 time, 960.02 real, 217 MB
[runlim] sample:		969.98 time, 970.01 real, 199 MB
[runlim] sample:		979.98 time, 980.01 real, 199 MB
[runlim] sample:		989.98 time, 990.02 real, 213 MB
[runlim] sample:		999.98 time, 1000.01 real, 231 MB
[runlim] sample:		1009.98 time, 1010.02 real, 231 MB
[runlim] sample:		1019.98 time, 1020.02 real, 231 MB
[runlim] sample:		1029.98 time, 1030.02 real, 231 MB
[runlim] sample:		1039.98 time, 1040.02 real, 231 MB
[runlim] sample:		1049.98 time, 1050.02 real, 231 MB
[runlim] sample:		1059.98 time, 1060.02 real, 231 MB
[runlim] sample:		1069.98 time, 1070.01 real, 231 MB
[runlim] sample:		1079.98 time, 1080.01 real, 231 MB
[runlim] sample:		1089.97 time, 1090.01 real, 247 MB
[runlim] sample:		1099.97 time, 1100.02 real, 247 MB
[runlim] sample:		1109.98 time, 1110.02 real, 247 MB
[runlim] sample:		1119.98 time, 1120.02 real, 247 MB
[runlim] sample:		1129.98 time, 1130.01 real, 247 MB
[runlim] sample:		1139.98 time, 1140.02 real, 268 MB
[runlim] sample:		1149.98 time, 1150.02 real, 268 MB
[runlim] sample:		1159.98 time, 1160.02 real, 268 MB
[runlim] sample:		1169.98 time, 1170.02 real, 268 MB
[runlim] sample:		1179.98 time, 1180.02 real, 268 MB
[runlim] sample:		1189.98 time, 1190.02 real, 269 MB
[runlim] sample:		1199.98 time, 1200.01 real, 269 MB
[runlim] sample:		1209.97 time, 1210.01 real, 297 MB
[runlim] sample:		1219.97 time, 1220.01 real, 297 MB
[runlim] sample:		1229.97 time, 1230.01 real, 297 MB
[runlim] sample:		1239.97 time, 1240.01 real, 297 MB
[runlim] sample:		1249.97 time, 1250.01 real, 297 MB
[runlim] sample:		1259.97 time, 1260.02 real, 297 MB
[runlim] sample:		1269.97 time, 1270.01 real, 297 MB
[runlim] sample:		1279.97 time, 1280.01 real, 297 MB
[runlim] sample:		1289.97 time, 1290.01 real, 297 MB
[runlim] sample:		1299.97 time, 1300.02 real, 297 MB
[runlim] sample:		1309.97 time, 1310.02 real, 297 MB
[runlim] sample:		1319.97 time, 1320.02 real, 297 MB
[runlim] sample:		1329.97 time, 1330.02 real, 297 MB
[runlim] sample:		1339.98 time, 1340.01 real, 221 MB
[runlim] sample:		1349.98 time, 1350.01 real, 221 MB
[runlim] sample:		1359.97 time, 1360.01 real, 200 MB
[runlim] sample:		1369.97 time, 1370.02 real, 200 MB
[runlim] sample:		1379.98 time, 1380.02 real, 226 MB
[runlim] sample:		1389.98 time, 1390.02 real, 226 MB
[runlim] sample:		1399.98 time, 1400.02 real, 253 MB
[runlim] sample:		1409.98 time, 1410.02 real, 253 MB
[runlim] sample:		1419.98 time, 1420.02 real, 282 MB
[runlim] sample:		1429.98 time, 1430.02 real, 283 MB
[runlim] sample:		1439.98 time, 1440.01 real, 283 MB
[runlim] sample:		1449.98 time, 1450.01 real, 261 MB
[runlim] sample:		1459.98 time, 1460.01 real, 261 MB
[runlim] sample:		1469.98 time, 1470.01 real, 261 MB
[runlim] sample:		1479.98 time, 1480.01 real, 261 MB
[runlim] sample:		1489.98 time, 1490.01 real, 261 MB
[runlim] sample:		1499.98 time, 1500.02 real, 252 MB
[runlim] sample:		1509.98 time, 1510.02 real, 235 MB
[runlim] sample:		1519.98 time, 1520.02 real, 267 MB
[runlim] sample:		1529.98 time, 1530.01 real, 267 MB
[runlim] sample:		1539.98 time, 1540.02 real, 236 MB
[runlim] sample:		1549.98 time, 1550.02 real, 236 MB
[runlim] sample:		1559.98 time, 1560.02 real, 236 MB
[runlim] sample:		1569.98 time, 1570.02 real, 259 MB
[runlim] sample:		1579.98 time, 1580.01 real, 259 MB
[runlim] sample:		1589.98 time, 1590.02 real, 259 MB
[runlim] sample:		1599.98 time, 1600.02 real, 290 MB
[runlim] sample:		1609.98 time, 1610.01 real, 290 MB
[runlim] sample:		1619.98 time, 1620.02 real, 259 MB
[runlim] sample:		1629.98 time, 1630.02 real, 259 MB
[runlim] sample:		1639.98 time, 1640.02 real, 259 MB
[runlim] sample:		1649.98 time, 1650.02 real, 259 MB
[runlim] sample:		1659.98 time, 1660.02 real, 259 MB
[runlim] sample:		1669.98 time, 1670.01 real, 259 MB
[runlim] sample:		1679.98 time, 1680.02 real, 259 MB
[runlim] sample:		1689.98 time, 1690.02 real, 292 MB
[runlim] sample:		1699.98 time, 1700.02 real, 292 MB
[runlim] sample:		1709.98 time, 1710.02 real, 292 MB
[runlim] sample:		1719.98 time, 1720.02 real, 262 MB
[runlim] sample:		1729.98 time, 1730.01 real, 262 MB
[runlim] sample:		1739.98 time, 1740.01 real, 262 MB
[runlim] sample:		1749.98 time, 1750.01 real, 262 MB
[runlim] sample:		1759.98 time, 1760.02 real, 238 MB
[runlim] sample:		1769.98 time, 1770.02 real, 238 MB
[runlim] sample:		1779.98 time, 1780.02 real, 238 MB
[runlim] sample:		1789.98 time, 1790.02 real, 237 MB
[runlim] sample:		1799.98 time, 1800.02 real, 237 MB
[runlim] sample:		1809.98 time, 1810.02 real, 237 MB
[runlim] sample:		1819.98 time, 1820.01 real, 231 MB
[runlim] sample:		1829.98 time, 1830.01 real, 258 MB
[runlim] sample:		1839.98 time, 1840.02 real, 289 MB
[runlim] sample:		1849.98 time, 1850.02 real, 289 MB
[runlim] sample:		1859.98 time, 1860.02 real, 289 MB
[runlim] sample:		1869.98 time, 1870.02 real, 281 MB
[runlim] sample:		1879.98 time, 1880.01 real, 306 MB
[runlim] sample:		1889.98 time, 1890.01 real, 306 MB
[runlim] sample:		1899.98 time, 1900.02 real, 306 MB
[runlim] sample:		1909.98 time, 1910.02 real, 306 MB
[runlim] sample:		1919.98 time, 1920.02 real, 306 MB
[runlim] sample:		1929.98 time, 1930.02 real, 306 MB
[runlim] sample:		1939.98 time, 1940.02 real, 306 MB
[runlim] sample:		1949.98 time, 1950.01 real, 306 MB
[runlim] sample:		1959.98 time, 1960.02 real, 306 MB
[runlim] sample:		1969.98 time, 1970.02 real, 306 MB
[runlim] sample:		1979.98 time, 1980.01 real, 306 MB
[runlim] sample:		1989.98 time, 1990.02 real, 306 MB
[runlim] sample:		1999.98 time, 2000.02 real, 306 MB
[runlim] sample:		2009.98 time, 2010.01 real, 306 MB
[runlim] sample:		2019.98 time, 2020.01 real, 306 MB
[runlim] sample:		2029.98 time, 2030.01 real, 306 MB
[runlim] sample:		2039.98 time, 2040.01 real, 306 MB
[runlim] sample:		2049.98 time, 2050.02 real, 306 MB
[runlim] sample:		2059.98 time, 2060.01 real, 306 MB
[runlim] sample:		2069.98 time, 2070.01 real, 306 MB
[runlim] sample:		2079.98 time, 2080.02 real, 306 MB
[runlim] sample:		2089.98 time, 2090.02 real, 306 MB
[runlim] sample:		2099.98 time, 2100.02 real, 306 MB
[runlim] sample:		2109.98 time, 2110.02 real, 306 MB
[runlim] sample:		2119.98 time, 2120.02 real, 306 MB
[runlim] sample:		2129.98 time, 2130.02 real, 306 MB
[runlim] sample:		2139.98 time, 2140.02 real, 306 MB
[runlim] sample:		2149.98 time, 2150.02 real, 306 MB
[runlim] sample:		2159.98 time, 2160.02 real, 306 MB
[runlim] sample:		2169.98 time, 2170.02 real, 306 MB
[runlim] sample:		2179.98 time, 2180.02 real, 286 MB
[runlim] sample:		2189.98 time, 2190.01 real, 286 MB
[runlim] sample:		2199.98 time, 2200.01 real, 321 MB
[runlim] sample:		2209.98 time, 2210.02 real, 347 MB
[runlim] sample:		2219.98 time, 2220.01 real, 347 MB
[runlim] sample:		2229.98 time, 2230.02 real, 347 MB
[runlim] sample:		2239.98 time, 2240.01 real, 313 MB
[runlim] sample:		2249.98 time, 2250.02 real, 313 MB
[runlim] sample:		2259.99 time, 2260.02 real, 313 MB
[runlim] sample:		2269.99 time, 2270.02 real, 313 MB
[runlim] sample:		2279.99 time, 2280.02 real, 313 MB
[runlim] sample:		2289.99 time, 2290.02 real, 313 MB
[runlim] sample:		2299.99 time, 2300.02 real, 313 MB
[runlim] sample:		2309.99 time, 2310.02 real, 313 MB
[runlim] sample:		2319.99 time, 2320.02 real, 313 MB
[runlim] sample:		2329.99 time, 2330.02 real, 313 MB
[runlim] sample:		2339.99 time, 2340.01 real, 313 MB
[runlim] sample:		2349.99 time, 2350.01 real, 313 MB
[runlim] sample:		2359.99 time, 2360.02 real, 313 MB
[runlim] sample:		2369.99 time, 2370.02 real, 313 MB
[runlim] sample:		2379.99 time, 2380.02 real, 313 MB
[runlim] sample:		2389.99 time, 2390.01 real, 313 MB
[runlim] sample:		2399.99 time, 2400.01 real, 313 MB
[runlim] sample:		2409.99 time, 2410.02 real, 313 MB
[runlim] sample:		2419.99 time, 2420.01 real, 313 MB
[runlim] sample:		2429.99 time, 2430.02 real, 313 MB
[runlim] sample:		2439.99 time, 2440.02 real, 313 MB
[runlim] sample:		2449.99 time, 2450.02 real, 313 MB
[runlim] sample:		2459.99 time, 2460.02 real, 313 MB
[runlim] sample:		2469.99 time, 2470.02 real, 313 MB
[runlim] sample:		2479.99 time, 2480.02 real, 313 MB
[runlim] sample:		2489.99 time, 2490.02 real, 313 MB
[runlim] sample:		2499.99 time, 2500.02 real, 313 MB
[runlim] sample:		2509.99 time, 2510.02 real, 313 MB
[runlim] sample:		2519.99 time, 2520.02 real, 313 MB
[runlim] sample:		2529.99 time, 2530.02 real, 313 MB
[runlim] sample:		2539.99 time, 2540.02 real, 313 MB
[runlim] sample:		2549.99 time, 2550.02 real, 313 MB
[runlim] sample:		2559.98 time, 2560.02 real, 298 MB
[runlim] sample:		2569.98 time, 2570.02 real, 298 MB
[runlim] sample:		2579.98 time, 2580.01 real, 332 MB
[runlim] sample:		2589.98 time, 2590.01 real, 332 MB
[runlim] sample:		2599.98 time, 2600.01 real, 359 MB
[runlim] sample:		2609.99 time, 2610.02 real, 324 MB
[runlim] sample:		2619.99 time, 2620.01 real, 324 MB
[runlim] sample:		2629.99 time, 2630.02 real, 324 MB
[runlim] sample:		2639.98 time, 2640.02 real, 333 MB
[runlim] sample:		2649.98 time, 2650.02 real, 333 MB
[runlim] sample:		2659.98 time, 2660.02 real, 333 MB
[runlim] sample:		2669.98 time, 2670.02 real, 333 MB
[runlim] sample:		2679.98 time, 2680.02 real, 333 MB
[runlim] sample:		2689.98 time, 2690.02 real, 333 MB
[runlim] sample:		2699.99 time, 2700.01 real, 333 MB
[runlim] sample:		2709.99 time, 2710.01 real, 333 MB
[runlim] sample:		2719.98 time, 2720.01 real, 347 MB
[runlim] sample:		2729.98 time, 2730.02 real, 347 MB
[runlim] sample:		2739.99 time, 2740.01 real, 299 MB
[runlim] sample:		2749.99 time, 2750.02 real, 299 MB
[runlim] sample:		2759.99 time, 2760.02 real, 299 MB
[runlim] sample:		2769.99 time, 2770.02 real, 299 MB
[runlim] sample:		2779.99 time, 2780.02 real, 299 MB
[runlim] sample:		2789.99 time, 2790.02 real, 299 MB
[runlim] sample:		2799.99 time, 2800.02 real, 299 MB
[runlim] sample:		2809.99 time, 2810.01 real, 299 MB
[runlim] sample:		2819.98 time, 2820.02 real, 335 MB
[runlim] sample:		2829.98 time, 2830.02 real, 335 MB
[runlim] sample:		2839.98 time, 2840.02 real, 335 MB
[runlim] sample:		2849.98 time, 2850.01 real, 335 MB
[runlim] sample:		2859.98 time, 2860.01 real, 339 MB
[runlim] sample:		2869.98 time, 2870.01 real, 339 MB
[runlim] sample:		2879.98 time, 2880.01 real, 339 MB
[runlim] sample:		2889.99 time, 2890.02 real, 299 MB
[runlim] sample:		2899.99 time, 2900.02 real, 299 MB
[runlim] sample:		2909.99 time, 2910.02 real, 299 MB
[runlim] sample:		2919.99 time, 2920.01 real, 299 MB
[runlim] sample:		2929.98 time, 2930.02 real, 335 MB
[runlim] sample:		2939.98 time, 2940.02 real, 335 MB
[runlim] sample:		2949.98 time, 2950.01 real, 335 MB
[runlim] sample:		2959.98 time, 2960.01 real, 335 MB
[runlim] sample:		2969.98 time, 2970.02 real, 343 MB
[runlim] sample:		2979.98 time, 2980.02 real, 343 MB
[runlim] sample:		2989.98 time, 2990.02 real, 343 MB
[runlim] sample:		2999.98 time, 3000.02 real, 343 MB
[runlim] sample:		3009.98 time, 3010.02 real, 343 MB
[runlim] sample:		3019.98 time, 3020.01 real, 299 MB
[runlim] sample:		3029.98 time, 3030.02 real, 299 MB
[runlim] sample:		3039.98 time, 3040.01 real, 299 MB
[runlim] sample:		3049.98 time, 3050.02 real, 343 MB
[runlim] sample:		3059.99 time, 3060.01 real, 296 MB
[runlim] sample:		3069.99 time, 3070.01 real, 296 MB
[runlim] sample:		3079.99 time, 3080.01 real, 296 MB
[runlim] sample:		3089.99 time, 3090.02 real, 296 MB
[runlim] sample:		3099.99 time, 3100.01 real, 296 MB
[runlim] sample:		3109.99 time, 3110.02 real, 338 MB
[runlim] sample:		3119.99 time, 3120.02 real, 338 MB
[runlim] sample:		3129.99 time, 3130.02 real, 338 MB
[runlim] sample:		3139.99 time, 3140.02 real, 338 MB
[runlim] sample:		3149.99 time, 3150.02 real, 338 MB
[runlim] sample:		3159.99 time, 3160.02 real, 334 MB
[runlim] sample:		3169.99 time, 3170.02 real, 334 MB
[runlim] sample:		3179.99 time, 3180.02 real, 334 MB
[runlim] sample:		3189.99 time, 3190.02 real, 334 MB
[runlim] sample:		3199.99 time, 3200.02 real, 334 MB
[runlim] sample:		3209.98 time, 3210.01 real, 337 MB
[runlim] sample:		3219.98 time, 3220.02 real, 337 MB
[runlim] sample:		3229.98 time, 3230.02 real, 337 MB
[runlim] sample:		3239.99 time, 3240.01 real, 336 MB
[runlim] sample:		3249.99 time, 3250.01 real, 336 MB
[runlim] sample:		3259.99 time, 3260.02 real, 336 MB
[runlim] sample:		3269.99 time, 3270.01 real, 336 MB
[runlim] sample:		3279.98 time, 3280.02 real, 339 MB
[runlim] sample:		3289.99 time, 3290.02 real, 296 MB
[runlim] sample:		3299.99 time, 3300.02 real, 296 MB
[runlim] sample:		3309.99 time, 3310.01 real, 332 MB
[runlim] sample:		3319.99 time, 3320.01 real, 332 MB
[runlim] sample:		3329.99 time, 3330.02 real, 332 MB
[runlim] sample:		3339.99 time, 3340.02 real, 332 MB
[runlim] sample:		3349.98 time, 3350.02 real, 337 MB
[runlim] sample:		3359.98 time, 3360.02 real, 337 MB
[runlim] sample:		3369.98 time, 3370.02 real, 337 MB
[runlim] sample:		3379.98 time, 3380.02 real, 337 MB
[runlim] sample:		3389.98 time, 3390.02 real, 337 MB
[runlim] sample:		3399.99 time, 3400.02 real, 325 MB
[runlim] sample:		3409.99 time, 3410.01 real, 357 MB
[runlim] sample:		3419.99 time, 3420.01 real, 357 MB
[runlim] sample:		3429.99 time, 3430.01 real, 357 MB
[runlim] sample:		3439.99 time, 3440.01 real, 357 MB
[runlim] sample:		3449.99 time, 3450.02 real, 357 MB
[runlim] sample:		3459.98 time, 3460.02 real, 404 MB
[runlim] sample:		3469.98 time, 3470.02 real, 404 MB
[runlim] sample:		3479.98 time, 3480.02 real, 404 MB
[runlim] sample:		3489.98 time, 3490.02 real, 404 MB
[runlim] sample:		3499.99 time, 3500.02 real, 404 MB
[runlim] sample:		3509.99 time, 3510.02 real, 404 MB
[runlim] sample:		3519.99 time, 3520.02 real, 358 MB
[runlim] sample:		3529.99 time, 3530.02 real, 368 MB
[runlim] sample:		3539.99 time, 3540.02 real, 368 MB
[runlim] sample:		3549.99 time, 3550.02 real, 399 MB
[runlim] sample:		3559.99 time, 3560.01 real, 399 MB
[runlim] sample:		3569.99 time, 3570.02 real, 399 MB
[runlim] sample:		3579.99 time, 3580.01 real, 399 MB
[runlim] sample:		3589.99 time, 3590.01 real, 353 MB
[runlim] sample:		3599.99 time, 3600.02 real, 353 MB
[runlim] end:			Wed Oct 16 04:51:50 2019
[runlim] status:		out of time
[runlim] result:		2
[runlim] children:		2
[runlim] real:			3600.10 seconds
[runlim] time:			3599.99 seconds
[runlim] space:			452 MB
[runlim] samples:		36000
