[runlim] version:		1.17
[runlim] host:			c3n08
[runlim] time limit:		311040000 seconds
[runlim] real time limit:	3600 seconds
[runlim] space limit:		120000 MB
[runlim] argv[0]:		./run-btormc.sh
[runlim] argv[1]:		/tmp/bKXTmGZO.btor2
[runlim] start:			Wed Oct 16 05:24:18 2019
[runlim] child:			26918
warning: unsupported tag 'output'
warning: unsupported tag 'output'
warning: unsupported tag 'output'
[runlim] sample:		10.00 time, 10.02 real, 457 MB
[runlim] sample:		20.00 time, 20.02 real, 385 MB
[runlim] sample:		30.00 time, 30.02 real, 526 MB
[runlim] sample:		40.00 time, 40.02 real, 790 MB
[runlim] sample:		50.00 time, 50.02 real, 1035 MB
[runlim] sample:		60.00 time, 60.02 real, 797 MB
[runlim] sample:		69.99 time, 70.02 real, 740 MB
[runlim] sample:		80.00 time, 80.02 real, 963 MB
[runlim] sample:		90.00 time, 90.02 real, 1126 MB
[runlim] sample:		100.00 time, 100.02 real, 1136 MB
[runlim] sample:		110.00 time, 110.02 real, 1162 MB
[runlim] sample:		119.99 time, 120.02 real, 1159 MB
[runlim] sample:		130.00 time, 130.01 real, 1165 MB
[runlim] sample:		140.00 time, 140.02 real, 1195 MB
[runlim] sample:		150.00 time, 150.02 real, 1218 MB
[runlim] sample:		160.00 time, 160.02 real, 1223 MB
[runlim] sample:		169.99 time, 170.02 real, 1238 MB
[runlim] sample:		180.00 time, 180.02 real, 1252 MB
[runlim] sample:		190.00 time, 190.02 real, 1260 MB
[runlim] sample:		199.99 time, 200.02 real, 1282 MB
[runlim] sample:		210.00 time, 210.02 real, 1399 MB
[runlim] sample:		220.00 time, 220.02 real, 1384 MB
[runlim] sample:		230.00 time, 230.02 real, 1366 MB
[runlim] sample:		240.00 time, 240.02 real, 1368 MB
[runlim] sample:		250.00 time, 250.02 real, 1444 MB
[runlim] sample:		260.00 time, 260.02 real, 1501 MB
[runlim] sample:		270.00 time, 270.02 real, 1411 MB
[runlim] sample:		280.00 time, 280.02 real, 1398 MB
[runlim] sample:		289.99 time, 290.02 real, 1532 MB
[runlim] sample:		300.00 time, 300.02 real, 1711 MB
[runlim] sample:		309.99 time, 310.02 real, 1488 MB
[runlim] sample:		320.00 time, 320.02 real, 1470 MB
[runlim] sample:		330.00 time, 330.01 real, 1561 MB
[runlim] sample:		340.00 time, 340.02 real, 1773 MB
[runlim] sample:		349.99 time, 350.02 real, 1628 MB
[runlim] sample:		360.00 time, 360.02 real, 1631 MB
[runlim] sample:		370.00 time, 370.02 real, 1646 MB
[runlim] sample:		380.00 time, 380.02 real, 1647 MB
[runlim] sample:		390.00 time, 390.02 real, 1650 MB
[runlim] sample:		400.00 time, 400.02 real, 1593 MB
[runlim] sample:		410.00 time, 410.02 real, 1873 MB
[runlim] sample:		420.00 time, 420.02 real, 1606 MB
[runlim] sample:		429.99 time, 430.01 real, 1707 MB
[runlim] sample:		440.00 time, 440.01 real, 1752 MB
[runlim] sample:		449.99 time, 450.02 real, 1713 MB
[runlim] sample:		460.00 time, 460.02 real, 1727 MB
[runlim] sample:		470.00 time, 470.02 real, 1743 MB
[runlim] sample:		480.00 time, 480.02 real, 1743 MB
[runlim] sample:		490.00 time, 490.02 real, 1852 MB
[runlim] sample:		500.00 time, 500.02 real, 1875 MB
[runlim] sample:		510.00 time, 510.01 real, 1878 MB
[runlim] sample:		519.99 time, 520.01 real, 1884 MB
[runlim] sample:		530.00 time, 530.01 real, 1884 MB
[runlim] sample:		540.00 time, 540.01 real, 1892 MB
[runlim] sample:		550.00 time, 550.01 real, 1892 MB
[runlim] sample:		559.99 time, 560.01 real, 1892 MB
[runlim] sample:		570.00 time, 570.01 real, 1879 MB
[runlim] sample:		579.99 time, 580.01 real, 1821 MB
[runlim] sample:		590.00 time, 590.01 real, 1847 MB
[runlim] sample:		600.00 time, 600.01 real, 1857 MB
[runlim] sample:		610.00 time, 610.01 real, 1857 MB
[runlim] sample:		619.99 time, 620.01 real, 1857 MB
[runlim] sample:		630.00 time, 630.01 real, 1933 MB
[runlim] sample:		640.00 time, 640.01 real, 2045 MB
[runlim] sample:		649.99 time, 650.01 real, 2033 MB
[runlim] sample:		659.99 time, 660.01 real, 2146 MB
[runlim] sample:		669.99 time, 670.01 real, 2068 MB
[runlim] sample:		679.99 time, 680.01 real, 2078 MB
[runlim] sample:		689.99 time, 690.01 real, 2078 MB
[runlim] sample:		700.00 time, 700.01 real, 2013 MB
[runlim] sample:		709.99 time, 710.01 real, 2007 MB
[runlim] sample:		720.00 time, 720.01 real, 2042 MB
[runlim] sample:		729.99 time, 730.01 real, 2203 MB
[runlim] sample:		739.99 time, 740.01 real, 2244 MB
[runlim] sample:		749.99 time, 750.01 real, 2210 MB
[runlim] sample:		759.99 time, 760.01 real, 2210 MB
[runlim] sample:		769.99 time, 770.01 real, 2219 MB
[runlim] sample:		779.99 time, 780.01 real, 2219 MB
[runlim] sample:		789.99 time, 790.01 real, 2229 MB
[runlim] sample:		799.99 time, 800.01 real, 2231 MB
[runlim] sample:		809.99 time, 810.01 real, 2235 MB
[runlim] sample:		819.99 time, 820.01 real, 2237 MB
[runlim] sample:		829.99 time, 830.01 real, 2629 MB
[runlim] sample:		839.99 time, 840.01 real, 2214 MB
[runlim] sample:		849.99 time, 850.01 real, 2199 MB
[runlim] sample:		859.99 time, 860.01 real, 2199 MB
[runlim] sample:		869.99 time, 870.01 real, 2207 MB
[runlim] sample:		879.99 time, 880.01 real, 2207 MB
[runlim] sample:		889.99 time, 890.01 real, 2260 MB
[runlim] sample:		899.99 time, 900.01 real, 2207 MB
[runlim] sample:		909.98 time, 910.01 real, 2319 MB
[runlim] sample:		919.99 time, 920.01 real, 2462 MB
[runlim] sample:		929.99 time, 930.01 real, 2422 MB
[runlim] sample:		939.99 time, 940.01 real, 2422 MB
[runlim] sample:		949.99 time, 950.01 real, 2428 MB
[runlim] sample:		959.99 time, 960.01 real, 2666 MB
[runlim] sample:		969.98 time, 970.01 real, 2332 MB
[runlim] sample:		979.99 time, 980.01 real, 2336 MB
[runlim] sample:		989.98 time, 990.01 real, 2336 MB
[runlim] sample:		999.99 time, 1000.01 real, 2346 MB
[runlim] sample:		1009.99 time, 1010.01 real, 2346 MB
[runlim] sample:		1019.99 time, 1020.01 real, 2349 MB
[runlim] sample:		1029.98 time, 1030.01 real, 2343 MB
[runlim] sample:		1039.98 time, 1040.01 real, 2249 MB
[runlim] sample:		1049.98 time, 1050.01 real, 2249 MB
[runlim] sample:		1059.99 time, 1060.01 real, 2262 MB
[runlim] sample:		1069.98 time, 1070.01 real, 2312 MB
[runlim] sample:		1079.99 time, 1080.01 real, 2262 MB
[runlim] sample:		1089.98 time, 1090.01 real, 2504 MB
[runlim] sample:		1099.98 time, 1100.01 real, 2620 MB
[runlim] sample:		1109.98 time, 1110.01 real, 2687 MB
[runlim] sample:		1119.98 time, 1120.01 real, 2641 MB
[runlim] sample:		1129.98 time, 1130.01 real, 2641 MB
[runlim] sample:		1139.99 time, 1140.01 real, 2678 MB
[runlim] sample:		1149.98 time, 1150.01 real, 2678 MB
[runlim] sample:		1159.98 time, 1160.01 real, 2688 MB
[runlim] sample:		1169.98 time, 1170.01 real, 2688 MB
[runlim] sample:		1179.99 time, 1180.01 real, 2691 MB
[runlim] sample:		1189.98 time, 1190.01 real, 2693 MB
[runlim] sample:		1199.98 time, 1200.01 real, 2690 MB
[runlim] sample:		1209.98 time, 1210.01 real, 2682 MB
[runlim] sample:		1219.98 time, 1220.01 real, 2531 MB
[runlim] sample:		1229.98 time, 1230.01 real, 2531 MB
[runlim] sample:		1239.98 time, 1240.01 real, 2531 MB
[runlim] sample:		1249.98 time, 1250.01 real, 2539 MB
[runlim] sample:		1259.98 time, 1260.01 real, 2539 MB
[runlim] sample:		1269.98 time, 1270.01 real, 2558 MB
[runlim] sample:		1279.98 time, 1280.01 real, 2572 MB
[runlim] sample:		1289.98 time, 1290.01 real, 2572 MB
[runlim] sample:		1299.98 time, 1300.01 real, 2575 MB
[runlim] sample:		1309.98 time, 1310.01 real, 2657 MB
[runlim] sample:		1319.98 time, 1320.01 real, 2814 MB
[runlim] sample:		1329.98 time, 1330.01 real, 2861 MB
[runlim] sample:		1339.98 time, 1340.01 real, 2795 MB
[runlim] sample:		1349.98 time, 1350.01 real, 2803 MB
[runlim] sample:		1359.98 time, 1360.01 real, 2803 MB
[runlim] sample:		1369.98 time, 1370.01 real, 2814 MB
[runlim] sample:		1379.97 time, 1380.01 real, 2814 MB
[runlim] sample:		1389.97 time, 1390.01 real, 2814 MB
[runlim] sample:		1399.97 time, 1400.01 real, 2820 MB
[runlim] sample:		1409.98 time, 1410.01 real, 2820 MB
[runlim] sample:		1419.97 time, 1420.01 real, 2825 MB
[runlim] sample:		1429.98 time, 1430.01 real, 2825 MB
[runlim] sample:		1439.98 time, 1440.01 real, 2863 MB
[runlim] sample:		1449.98 time, 1450.01 real, 2864 MB
[runlim] sample:		1459.98 time, 1460.01 real, 2877 MB
[runlim] sample:		1469.98 time, 1470.01 real, 2754 MB
[runlim] sample:		1479.97 time, 1480.01 real, 3125 MB
[runlim] sample:		1489.98 time, 1490.01 real, 2760 MB
[runlim] sample:		1499.98 time, 1500.01 real, 2760 MB
[runlim] sample:		1509.98 time, 1510.01 real, 2776 MB
[runlim] sample:		1519.97 time, 1520.01 real, 2776 MB
[runlim] sample:		1529.97 time, 1530.01 real, 2776 MB
[runlim] sample:		1539.97 time, 1540.01 real, 2784 MB
[runlim] sample:		1549.97 time, 1550.01 real, 2784 MB
[runlim] sample:		1559.97 time, 1560.01 real, 2807 MB
[runlim] sample:		1569.97 time, 1570.01 real, 2971 MB
[runlim] sample:		1579.97 time, 1580.01 real, 3061 MB
[runlim] sample:		1589.97 time, 1590.01 real, 3088 MB
[runlim] sample:		1599.97 time, 1600.01 real, 3081 MB
[runlim] sample:		1609.97 time, 1610.01 real, 3081 MB
[runlim] sample:		1619.97 time, 1620.01 real, 3090 MB
[runlim] sample:		1629.97 time, 1630.01 real, 3090 MB
[runlim] sample:		1639.97 time, 1640.01 real, 3104 MB
[runlim] sample:		1649.97 time, 1650.01 real, 3104 MB
[runlim] sample:		1659.97 time, 1660.01 real, 3104 MB
[runlim] sample:		1669.97 time, 1670.01 real, 3060 MB
[runlim] sample:		1679.96 time, 1680.01 real, 3060 MB
[runlim] sample:		1689.97 time, 1690.01 real, 3060 MB
[runlim] sample:		1699.97 time, 1700.01 real, 3060 MB
[runlim] sample:		1709.97 time, 1710.01 real, 3098 MB
[runlim] sample:		1719.97 time, 1720.01 real, 3099 MB
[runlim] sample:		1729.96 time, 1730.01 real, 3099 MB
[runlim] sample:		1739.96 time, 1740.01 real, 3120 MB
[runlim] sample:		1749.97 time, 1750.01 real, 3120 MB
[runlim] sample:		1759.97 time, 1760.01 real, 3120 MB
[runlim] sample:		1769.97 time, 1770.01 real, 3110 MB
[runlim] sample:		1779.96 time, 1780.01 real, 3110 MB
[runlim] sample:		1789.96 time, 1790.01 real, 3104 MB
[runlim] sample:		1799.97 time, 1800.01 real, 3104 MB
[runlim] sample:		1809.97 time, 1810.01 real, 3104 MB
[runlim] sample:		1819.96 time, 1820.01 real, 3120 MB
[runlim] sample:		1829.96 time, 1830.01 real, 3120 MB
[runlim] sample:		1839.97 time, 1840.01 real, 3120 MB
[runlim] sample:		1849.97 time, 1850.01 real, 3121 MB
[runlim] sample:		1859.96 time, 1860.01 real, 3121 MB
[runlim] sample:		1869.97 time, 1870.01 real, 3210 MB
[runlim] sample:		1879.96 time, 1880.01 real, 3327 MB
[runlim] sample:		1889.96 time, 1890.01 real, 3377 MB
[runlim] sample:		1899.96 time, 1900.01 real, 3383 MB
[runlim] sample:		1909.96 time, 1910.01 real, 3380 MB
[runlim] sample:		1919.96 time, 1920.01 real, 3380 MB
[runlim] sample:		1929.96 time, 1930.01 real, 3340 MB
[runlim] sample:		1939.96 time, 1940.01 real, 3340 MB
[runlim] sample:		1949.96 time, 1950.01 real, 3340 MB
[runlim] sample:		1959.96 time, 1960.01 real, 3353 MB
[runlim] sample:		1969.96 time, 1970.01 real, 3353 MB
[runlim] sample:		1979.96 time, 1980.01 real, 3353 MB
[runlim] sample:		1989.96 time, 1990.01 real, 3353 MB
[runlim] sample:		1999.96 time, 2000.01 real, 3965 MB
[runlim] sample:		2009.96 time, 2010.01 real, 3364 MB
[runlim] sample:		2019.96 time, 2020.01 real, 3364 MB
[runlim] sample:		2029.96 time, 2030.01 real, 3364 MB
[runlim] sample:		2039.96 time, 2040.01 real, 3430 MB
[runlim] sample:		2049.96 time, 2050.01 real, 3364 MB
[runlim] sample:		2059.96 time, 2060.01 real, 3364 MB
[runlim] sample:		2069.95 time, 2070.01 real, 3364 MB
[runlim] sample:		2079.96 time, 2080.01 real, 3378 MB
[runlim] sample:		2089.96 time, 2090.01 real, 3378 MB
[runlim] sample:		2099.96 time, 2100.01 real, 3378 MB
[runlim] sample:		2109.96 time, 2110.01 real, 3367 MB
[runlim] sample:		2119.96 time, 2120.01 real, 3370 MB
[runlim] sample:		2129.96 time, 2130.01 real, 3370 MB
[runlim] sample:		2139.96 time, 2140.01 real, 3370 MB
[runlim] sample:		2149.96 time, 2150.01 real, 3975 MB
[runlim] sample:		2159.96 time, 2160.01 real, 3347 MB
[runlim] sample:		2169.95 time, 2170.01 real, 3347 MB
[runlim] sample:		2179.96 time, 2180.01 real, 3347 MB
[runlim] sample:		2189.95 time, 2190.01 real, 3347 MB
[runlim] sample:		2199.95 time, 2200.01 real, 3378 MB
[runlim] sample:		2209.96 time, 2210.01 real, 3452 MB
[runlim] sample:		2219.96 time, 2220.01 real, 3535 MB
[runlim] sample:		2229.96 time, 2230.01 real, 3658 MB
[runlim] sample:		2239.95 time, 2240.01 real, 3598 MB
[runlim] sample:		2249.96 time, 2250.01 real, 3596 MB
[runlim] sample:		2259.95 time, 2260.01 real, 3596 MB
[runlim] sample:		2269.96 time, 2270.01 real, 3596 MB
[runlim] sample:		2279.95 time, 2280.01 real, 3612 MB
[runlim] sample:		2289.95 time, 2290.01 real, 3612 MB
[runlim] sample:		2299.96 time, 2300.01 real, 3612 MB
[runlim] sample:		2309.95 time, 2310.01 real, 3612 MB
[runlim] sample:		2319.96 time, 2320.01 real, 3619 MB
[runlim] sample:		2329.95 time, 2330.01 real, 3619 MB
[runlim] sample:		2339.95 time, 2340.01 real, 3619 MB
[runlim] sample:		2349.95 time, 2350.01 real, 3619 MB
[runlim] sample:		2359.96 time, 2360.01 real, 3633 MB
[runlim] sample:		2369.95 time, 2370.01 real, 3633 MB
[runlim] sample:		2379.95 time, 2380.01 real, 3637 MB
[runlim] sample:		2389.96 time, 2390.01 real, 3637 MB
[runlim] sample:		2399.95 time, 2400.01 real, 3637 MB
[runlim] sample:		2409.95 time, 2410.01 real, 3637 MB
[runlim] sample:		2419.95 time, 2420.01 real, 3637 MB
[runlim] sample:		2429.95 time, 2430.01 real, 3637 MB
[runlim] sample:		2439.95 time, 2440.01 real, 3637 MB
[runlim] sample:		2449.95 time, 2450.01 real, 3637 MB
[runlim] sample:		2459.95 time, 2460.01 real, 3664 MB
[runlim] sample:		2469.95 time, 2470.01 real, 3664 MB
[runlim] sample:		2479.95 time, 2480.01 real, 3664 MB
[runlim] sample:		2489.95 time, 2490.01 real, 3664 MB
[runlim] sample:		2499.95 time, 2500.01 real, 3664 MB
[runlim] sample:		2509.95 time, 2510.01 real, 3706 MB
[runlim] sample:		2519.95 time, 2520.01 real, 3706 MB
[runlim] sample:		2529.95 time, 2530.01 real, 3706 MB
[runlim] sample:		2539.95 time, 2540.01 real, 3706 MB
[runlim] sample:		2549.95 time, 2550.01 real, 3694 MB
[runlim] sample:		2559.95 time, 2560.01 real, 3691 MB
[runlim] sample:		2569.95 time, 2570.01 real, 3691 MB
[runlim] sample:		2579.95 time, 2580.01 real, 3693 MB
[runlim] sample:		2589.95 time, 2590.01 real, 3693 MB
[runlim] sample:		2599.94 time, 2600.01 real, 3726 MB
[runlim] sample:		2609.95 time, 2610.01 real, 3750 MB
[runlim] sample:		2619.95 time, 2620.01 real, 3825 MB
[runlim] sample:		2629.94 time, 2630.01 real, 3879 MB
[runlim] sample:		2639.95 time, 2640.01 real, 3834 MB
[runlim] sample:		2649.94 time, 2650.01 real, 3844 MB
[runlim] sample:		2659.95 time, 2660.01 real, 3844 MB
[runlim] sample:		2669.94 time, 2670.01 real, 3844 MB
[runlim] sample:		2679.94 time, 2680.01 real, 3869 MB
[runlim] sample:		2689.94 time, 2690.01 real, 3869 MB
[runlim] sample:		2699.94 time, 2700.01 real, 3869 MB
[runlim] sample:		2709.95 time, 2710.01 real, 4580 MB
[runlim] sample:		2719.95 time, 2720.01 real, 3884 MB
[runlim] sample:		2729.94 time, 2730.01 real, 3884 MB
[runlim] sample:		2739.94 time, 2740.01 real, 3884 MB
[runlim] sample:		2749.94 time, 2750.01 real, 3884 MB
[runlim] sample:		2759.94 time, 2760.01 real, 3878 MB
[runlim] sample:		2769.95 time, 2770.01 real, 3882 MB
[runlim] sample:		2779.94 time, 2780.01 real, 3882 MB
[runlim] sample:		2789.94 time, 2790.01 real, 3882 MB
[runlim] sample:		2799.94 time, 2800.01 real, 3882 MB
[runlim] sample:		2809.94 time, 2810.01 real, 3882 MB
[runlim] sample:		2819.94 time, 2820.01 real, 3882 MB
[runlim] sample:		2829.94 time, 2830.01 real, 3882 MB
[runlim] sample:		2839.94 time, 2840.01 real, 3882 MB
[runlim] sample:		2849.94 time, 2850.01 real, 3882 MB
[runlim] sample:		2859.94 time, 2860.01 real, 4508 MB
[runlim] sample:		2869.94 time, 2870.01 real, 3761 MB
[runlim] sample:		2879.94 time, 2880.01 real, 3761 MB
[runlim] sample:		2889.94 time, 2890.01 real, 3761 MB
[runlim] sample:		2899.94 time, 2900.01 real, 3761 MB
[runlim] sample:		2909.94 time, 2910.01 real, 3761 MB
[runlim] sample:		2919.94 time, 2920.01 real, 3761 MB
[runlim] sample:		2929.94 time, 2930.01 real, 4545 MB
[runlim] sample:		2939.94 time, 2940.01 real, 3771 MB
[runlim] sample:		2949.94 time, 2950.01 real, 3771 MB
[runlim] sample:		2959.94 time, 2960.01 real, 3771 MB
[runlim] sample:		2969.94 time, 2970.01 real, 3771 MB
[runlim] sample:		2979.94 time, 2980.01 real, 3768 MB
[runlim] sample:		2989.94 time, 2990.01 real, 3755 MB
[runlim] sample:		2999.93 time, 3000.01 real, 3864 MB
[runlim] sample:		3009.94 time, 3010.01 real, 3830 MB
[runlim] sample:		3019.93 time, 3020.01 real, 3774 MB
[runlim] sample:		3029.94 time, 3030.01 real, 3861 MB
[runlim] sample:		3039.93 time, 3040.01 real, 4000 MB
[runlim] sample:		3049.94 time, 3050.01 real, 4093 MB
[runlim] sample:		3059.94 time, 3060.01 real, 4140 MB
[runlim] sample:		3069.94 time, 3070.01 real, 4218 MB
[runlim] sample:		3079.93 time, 3080.01 real, 4300 MB
[runlim] sample:		3089.93 time, 3090.01 real, 4373 MB
[runlim] sample:		3099.93 time, 3100.01 real, 4388 MB
[runlim] sample:		3109.93 time, 3110.01 real, 4371 MB
[runlim] sample:		3119.93 time, 3120.01 real, 4388 MB
[runlim] sample:		3129.93 time, 3130.01 real, 4388 MB
[runlim] sample:		3139.93 time, 3140.01 real, 4389 MB
[runlim] sample:		3149.93 time, 3150.01 real, 4425 MB
[runlim] sample:		3159.93 time, 3160.01 real, 4426 MB
[runlim] sample:		3169.94 time, 3170.01 real, 4426 MB
[runlim] sample:		3179.93 time, 3180.01 real, 4429 MB
[runlim] sample:		3189.93 time, 3190.01 real, 4429 MB
[runlim] sample:		3199.93 time, 3200.01 real, 4429 MB
[runlim] sample:		3209.93 time, 3210.01 real, 4429 MB
[runlim] sample:		3219.93 time, 3220.01 real, 4429 MB
[runlim] sample:		3229.93 time, 3230.01 real, 4434 MB
[runlim] sample:		3239.94 time, 3240.01 real, 4193 MB
[runlim] sample:		3249.93 time, 3250.01 real, 4193 MB
[runlim] sample:		3259.93 time, 3260.01 real, 4193 MB
[runlim] sample:		3269.93 time, 3270.01 real, 4193 MB
[runlim] sample:		3279.93 time, 3280.01 real, 4193 MB
[runlim] sample:		3289.93 time, 3290.01 real, 4193 MB
[runlim] sample:		3299.93 time, 3300.01 real, 4193 MB
[runlim] sample:		3309.93 time, 3310.01 real, 4193 MB
[runlim] sample:		3319.93 time, 3320.01 real, 4075 MB
[runlim] sample:		3329.93 time, 3330.01 real, 4075 MB
[runlim] sample:		3339.93 time, 3340.01 real, 4075 MB
[runlim] sample:		3349.93 time, 3350.01 real, 4075 MB
[runlim] sample:		3359.93 time, 3360.01 real, 4075 MB
[runlim] sample:		3369.93 time, 3370.01 real, 4075 MB
[runlim] sample:		3379.93 time, 3380.01 real, 4889 MB
[runlim] sample:		3389.93 time, 3390.01 real, 4115 MB
[runlim] sample:		3399.93 time, 3400.01 real, 4115 MB
[runlim] sample:		3409.92 time, 3410.01 real, 4115 MB
[runlim] sample:		3419.93 time, 3420.01 real, 4115 MB
[runlim] sample:		3429.92 time, 3430.01 real, 4115 MB
[runlim] sample:		3439.93 time, 3440.01 real, 4072 MB
[runlim] sample:		3449.93 time, 3450.01 real, 4072 MB
[runlim] sample:		3459.92 time, 3460.01 real, 4072 MB
[runlim] sample:		3469.93 time, 3470.01 real, 4072 MB
[runlim] sample:		3479.93 time, 3480.01 real, 4072 MB
[runlim] sample:		3489.92 time, 3490.01 real, 4072 MB
[runlim] sample:		3499.92 time, 3500.01 real, 4072 MB
[runlim] sample:		3509.93 time, 3510.01 real, 4073 MB
[runlim] sample:		3519.93 time, 3520.01 real, 4073 MB
[runlim] sample:		3529.92 time, 3530.01 real, 4087 MB
[runlim] sample:		3539.93 time, 3540.01 real, 4857 MB
[runlim] sample:		3549.92 time, 3550.01 real, 4043 MB
[runlim] sample:		3559.93 time, 3560.01 real, 4043 MB
[runlim] sample:		3569.92 time, 3570.01 real, 4043 MB
[runlim] sample:		3579.93 time, 3580.01 real, 4068 MB
[runlim] sample:		3589.93 time, 3590.01 real, 4068 MB
[runlim] sample:		3599.92 time, 3600.01 real, 4004 MB
[runlim] end:			Wed Oct 16 06:24:18 2019
[runlim] status:		out of time
[runlim] result:		2
[runlim] children:		2
[runlim] real:			3600.10 seconds
[runlim] time:			3599.92 seconds
[runlim] space:			5196 MB
[runlim] samples:		36000
