[runlim] version:		1.17
[runlim] host:			c3n22
[runlim] time limit:		311040000 seconds
[runlim] real time limit:	3600 seconds
[runlim] space limit:		120000 MB
[runlim] argv[0]:		./run-btormc.sh
[runlim] argv[1]:		/tmp/JWpyNS7h.btor2
[runlim] start:			Wed Oct 16 05:57:02 2019
[runlim] child:			5708
warning: unsupported tag 'output'
warning: unsupported tag 'output'
warning: unsupported tag 'output'
warning: unsupported tag 'output'
[runlim] sample:		10.00 time, 10.01 real, 46 MB
[runlim] sample:		20.00 time, 20.02 real, 57 MB
[runlim] sample:		30.00 time, 30.01 real, 52 MB
[runlim] end:			Wed Oct 16 05:57:34 2019
[runlim] status:		ok
[runlim] result:		0
[runlim] children:		2
[runlim] real:			31.26 seconds
[runlim] time:			31.20 seconds
[runlim] space:			65 MB
[runlim] samples:		312
