[runlim] version:		1.17
[runlim] host:			c3n01
[runlim] time limit:		311040000 seconds
[runlim] real time limit:	3600 seconds
[runlim] space limit:		120000 MB
[runlim] argv[0]:		./run-btormc.sh
[runlim] argv[1]:		/tmp/duLvokt4.btor2
[runlim] start:			Wed Oct 16 05:54:28 2019
[runlim] child:			3455
warning: unsupported tag 'output'
warning: unsupported tag 'output'
warning: unsupported tag 'output'
warning: unsupported tag 'output'
[runlim] sample:		10.00 time, 10.01 real, 36 MB
[runlim] sample:		20.00 time, 20.01 real, 47 MB
[runlim] end:			Wed Oct 16 05:54:52 2019
[runlim] status:		ok
[runlim] result:		0
[runlim] children:		2
[runlim] real:			24.35 seconds
[runlim] time:			24.30 seconds
[runlim] space:			48 MB
[runlim] samples:		243
