[runlim] version:		1.17
[runlim] host:			c3n13
[runlim] time limit:		311040000 seconds
[runlim] real time limit:	3600 seconds
[runlim] space limit:		120000 MB
[runlim] argv[0]:		./run-btormc.sh
[runlim] argv[1]:		/tmp/Qul6euBK.btor
[runlim] start:			Wed Oct 16 09:31:41 2019
[runlim] child:			25987
[runlim] sample:		10.00 time, 10.02 real, 90 MB
[runlim] sample:		20.00 time, 20.01 real, 105 MB
[runlim] sample:		30.00 time, 30.01 real, 121 MB
[runlim] sample:		40.00 time, 40.01 real, 140 MB
[runlim] sample:		50.00 time, 50.01 real, 155 MB
[runlim] sample:		60.00 time, 60.01 real, 190 MB
[runlim] sample:		70.00 time, 70.01 real, 198 MB
[runlim] sample:		79.99 time, 80.01 real, 206 MB
[runlim] sample:		89.99 time, 90.01 real, 220 MB
[runlim] sample:		100.00 time, 100.01 real, 231 MB
[runlim] sample:		110.00 time, 110.01 real, 254 MB
[runlim] sample:		120.00 time, 120.01 real, 266 MB
[runlim] sample:		129.99 time, 130.01 real, 274 MB
[runlim] sample:		139.99 time, 140.01 real, 283 MB
[runlim] sample:		150.00 time, 150.01 real, 295 MB
[runlim] sample:		159.99 time, 160.01 real, 303 MB
[runlim] sample:		170.00 time, 170.01 real, 323 MB
[runlim] sample:		179.99 time, 180.01 real, 324 MB
[runlim] sample:		189.99 time, 190.01 real, 337 MB
[runlim] sample:		199.99 time, 200.01 real, 344 MB
[runlim] sample:		209.99 time, 210.01 real, 356 MB
[runlim] sample:		219.99 time, 220.01 real, 380 MB
[runlim] sample:		230.00 time, 230.01 real, 414 MB
[runlim] sample:		239.99 time, 240.01 real, 416 MB
[runlim] sample:		250.00 time, 250.01 real, 426 MB
[runlim] sample:		259.99 time, 260.01 real, 471 MB
[runlim] sample:		269.99 time, 270.01 real, 436 MB
[runlim] sample:		279.99 time, 280.01 real, 444 MB
[runlim] sample:		289.99 time, 290.01 real, 451 MB
[runlim] sample:		299.99 time, 300.01 real, 451 MB
[runlim] sample:		309.99 time, 310.01 real, 481 MB
[runlim] sample:		319.99 time, 320.01 real, 489 MB
[runlim] sample:		329.99 time, 330.01 real, 501 MB
[runlim] sample:		339.98 time, 340.01 real, 508 MB
[runlim] sample:		349.98 time, 350.01 real, 514 MB
[runlim] sample:		359.99 time, 360.01 real, 522 MB
[runlim] sample:		369.99 time, 370.01 real, 529 MB
[runlim] sample:		379.99 time, 380.01 real, 543 MB
[runlim] sample:		389.99 time, 390.01 real, 543 MB
[runlim] sample:		399.99 time, 400.01 real, 551 MB
[runlim] sample:		409.99 time, 410.01 real, 549 MB
[runlim] sample:		419.98 time, 420.01 real, 599 MB
[runlim] sample:		429.99 time, 430.01 real, 608 MB
[runlim] sample:		439.98 time, 440.01 real, 574 MB
[runlim] sample:		449.99 time, 450.01 real, 592 MB
[runlim] sample:		459.99 time, 460.01 real, 600 MB
[runlim] sample:		469.98 time, 470.01 real, 607 MB
[runlim] sample:		479.99 time, 480.01 real, 615 MB
[runlim] sample:		489.98 time, 490.01 real, 615 MB
[runlim] sample:		499.99 time, 500.01 real, 638 MB
[runlim] sample:		509.98 time, 510.01 real, 645 MB
[runlim] sample:		519.98 time, 520.01 real, 652 MB
[runlim] sample:		529.98 time, 530.01 real, 662 MB
[runlim] sample:		539.98 time, 540.01 real, 668 MB
[runlim] sample:		549.98 time, 550.01 real, 676 MB
[runlim] sample:		559.98 time, 560.01 real, 681 MB
[runlim] sample:		569.98 time, 570.01 real, 690 MB
[runlim] sample:		579.98 time, 580.01 real, 715 MB
[runlim] sample:		589.98 time, 590.02 real, 719 MB
[runlim] sample:		599.98 time, 600.02 real, 728 MB
[runlim] sample:		609.98 time, 610.02 real, 728 MB
[runlim] sample:		619.98 time, 620.02 real, 735 MB
[runlim] sample:		629.98 time, 630.02 real, 760 MB
[runlim] sample:		639.98 time, 640.02 real, 744 MB
[runlim] sample:		649.98 time, 650.02 real, 745 MB
[runlim] sample:		659.98 time, 660.02 real, 748 MB
[runlim] sample:		669.98 time, 670.02 real, 764 MB
[runlim] sample:		679.98 time, 680.01 real, 772 MB
[runlim] sample:		689.98 time, 690.01 real, 779 MB
[runlim] sample:		699.98 time, 700.02 real, 804 MB
[runlim] sample:		709.98 time, 710.01 real, 812 MB
[runlim] sample:		719.98 time, 720.02 real, 809 MB
[runlim] sample:		729.98 time, 730.01 real, 827 MB
[runlim] sample:		739.98 time, 740.01 real, 835 MB
[runlim] sample:		749.98 time, 750.01 real, 843 MB
[runlim] sample:		759.98 time, 760.02 real, 850 MB
[runlim] sample:		769.98 time, 770.02 real, 855 MB
[runlim] sample:		779.98 time, 780.02 real, 864 MB
[runlim] sample:		789.98 time, 790.02 real, 868 MB
[runlim] sample:		799.98 time, 800.01 real, 865 MB
[runlim] sample:		809.98 time, 810.01 real, 879 MB
[runlim] sample:		819.98 time, 820.02 real, 890 MB
[runlim] sample:		829.97 time, 830.02 real, 904 MB
[runlim] sample:		839.98 time, 840.02 real, 921 MB
[runlim] sample:		849.98 time, 850.02 real, 956 MB
[runlim] sample:		859.98 time, 860.02 real, 934 MB
[runlim] sample:		869.98 time, 870.02 real, 949 MB
[runlim] sample:		879.98 time, 880.02 real, 962 MB
[runlim] sample:		889.98 time, 890.02 real, 969 MB
[runlim] sample:		899.98 time, 900.02 real, 964 MB
[runlim] sample:		909.98 time, 910.02 real, 971 MB
[runlim] sample:		919.98 time, 920.02 real, 978 MB
[runlim] sample:		929.98 time, 930.02 real, 996 MB
[runlim] sample:		939.98 time, 940.01 real, 997 MB
[runlim] sample:		949.97 time, 950.02 real, 1011 MB
[runlim] sample:		959.98 time, 960.02 real, 1017 MB
[runlim] sample:		969.98 time, 970.02 real, 1022 MB
[runlim] sample:		979.98 time, 980.02 real, 1030 MB
[runlim] sample:		989.97 time, 990.01 real, 1038 MB
[runlim] sample:		999.98 time, 1000.02 real, 1042 MB
[runlim] sample:		1009.97 time, 1010.02 real, 1039 MB
[runlim] sample:		1019.98 time, 1020.02 real, 1051 MB
[runlim] sample:		1029.98 time, 1030.02 real, 1064 MB
[runlim] sample:		1039.98 time, 1040.02 real, 1073 MB
[runlim] sample:		1049.98 time, 1050.02 real, 1080 MB
[runlim] sample:		1059.98 time, 1060.02 real, 1087 MB
[runlim] sample:		1069.97 time, 1070.01 real, 1095 MB
[runlim] sample:		1079.97 time, 1080.02 real, 1090 MB
[runlim] sample:		1089.98 time, 1090.02 real, 1096 MB
[runlim] sample:		1099.98 time, 1100.01 real, 1117 MB
[runlim] sample:		1109.98 time, 1110.02 real, 1123 MB
[runlim] sample:		1119.97 time, 1120.02 real, 1129 MB
[runlim] sample:		1129.98 time, 1130.02 real, 1137 MB
[runlim] sample:		1139.97 time, 1140.01 real, 1166 MB
[runlim] sample:		1149.98 time, 1150.02 real, 1175 MB
[runlim] sample:		1159.98 time, 1160.01 real, 1148 MB
[runlim] sample:		1169.98 time, 1170.01 real, 1180 MB
[runlim] sample:		1179.98 time, 1180.01 real, 1210 MB
[runlim] sample:		1189.97 time, 1190.02 real, 1243 MB
[runlim] sample:		1199.97 time, 1200.02 real, 1209 MB
[runlim] sample:		1209.97 time, 1210.01 real, 1217 MB
[runlim] sample:		1219.97 time, 1220.02 real, 1223 MB
[runlim] sample:		1229.98 time, 1230.02 real, 1231 MB
[runlim] sample:		1239.97 time, 1240.02 real, 1225 MB
[runlim] sample:		1249.97 time, 1250.02 real, 1244 MB
[runlim] sample:		1259.97 time, 1260.02 real, 1252 MB
[runlim] sample:		1269.98 time, 1270.01 real, 1260 MB
[runlim] sample:		1279.97 time, 1280.01 real, 1266 MB
[runlim] sample:		1289.97 time, 1290.02 real, 1274 MB
[runlim] sample:		1299.97 time, 1300.02 real, 1279 MB
[runlim] sample:		1309.97 time, 1310.01 real, 1286 MB
[runlim] sample:		1319.97 time, 1320.02 real, 1292 MB
[runlim] sample:		1329.98 time, 1330.02 real, 1328 MB
[runlim] sample:		1339.97 time, 1340.01 real, 1335 MB
[runlim] sample:		1349.97 time, 1350.01 real, 1341 MB
[runlim] sample:		1359.97 time, 1360.02 real, 1350 MB
[runlim] sample:		1369.97 time, 1370.01 real, 1356 MB
[runlim] sample:		1379.97 time, 1380.01 real, 1362 MB
[runlim] sample:		1389.97 time, 1390.02 real, 1370 MB
[runlim] sample:		1399.97 time, 1400.01 real, 1362 MB
[runlim] sample:		1409.97 time, 1410.02 real, 1381 MB
[runlim] sample:		1419.97 time, 1420.01 real, 1389 MB
[runlim] sample:		1429.97 time, 1430.01 real, 1395 MB
[runlim] sample:		1439.97 time, 1440.02 real, 1401 MB
[runlim] sample:		1449.97 time, 1450.02 real, 1405 MB
[runlim] sample:		1459.97 time, 1460.02 real, 1415 MB
[runlim] sample:		1469.97 time, 1470.02 real, 1379 MB
[runlim] sample:		1479.97 time, 1480.02 real, 1394 MB
[runlim] sample:		1489.97 time, 1490.01 real, 1403 MB
[runlim] sample:		1499.97 time, 1500.02 real, 1410 MB
[runlim] sample:		1509.97 time, 1510.02 real, 1433 MB
[runlim] sample:		1519.97 time, 1520.02 real, 1435 MB
[runlim] sample:		1529.97 time, 1530.01 real, 1442 MB
[runlim] sample:		1539.97 time, 1540.02 real, 1477 MB
[runlim] sample:		1549.97 time, 1550.02 real, 1469 MB
[runlim] sample:		1559.97 time, 1560.01 real, 1491 MB
[runlim] sample:		1569.97 time, 1570.02 real, 1496 MB
[runlim] sample:		1579.97 time, 1580.01 real, 1500 MB
[runlim] sample:		1589.97 time, 1590.02 real, 1509 MB
[runlim] sample:		1599.97 time, 1600.01 real, 1514 MB
[runlim] sample:		1609.97 time, 1610.02 real, 1521 MB
[runlim] sample:		1619.97 time, 1620.02 real, 1511 MB
[runlim] sample:		1629.97 time, 1630.01 real, 1532 MB
[runlim] sample:		1639.97 time, 1640.01 real, 1539 MB
[runlim] sample:		1649.97 time, 1650.02 real, 1547 MB
[runlim] sample:		1659.97 time, 1660.02 real, 1556 MB
[runlim] sample:		1669.96 time, 1670.02 real, 1595 MB
[runlim] sample:		1679.96 time, 1680.01 real, 1603 MB
[runlim] sample:		1689.97 time, 1690.02 real, 1610 MB
[runlim] sample:		1699.97 time, 1700.02 real, 1548 MB
[runlim] sample:		1709.97 time, 1710.02 real, 1574 MB
[runlim] sample:		1719.96 time, 1720.02 real, 1581 MB
[runlim] sample:		1729.96 time, 1730.02 real, 1567 MB
[runlim] sample:		1739.96 time, 1740.02 real, 1575 MB
[runlim] sample:		1749.96 time, 1750.02 real, 1583 MB
[runlim] sample:		1759.96 time, 1760.02 real, 1625 MB
[runlim] sample:		1769.97 time, 1770.02 real, 1634 MB
[runlim] sample:		1779.96 time, 1780.02 real, 1589 MB
[runlim] sample:		1789.96 time, 1790.01 real, 1612 MB
[runlim] sample:		1799.97 time, 1800.02 real, 1652 MB
[runlim] sample:		1809.96 time, 1810.02 real, 1661 MB
[runlim] sample:		1819.97 time, 1820.02 real, 1667 MB
[runlim] sample:		1829.97 time, 1830.02 real, 1675 MB
[runlim] sample:		1839.97 time, 1840.02 real, 1630 MB
[runlim] sample:		1849.97 time, 1850.02 real, 1652 MB
[runlim] sample:		1859.97 time, 1860.02 real, 1659 MB
[runlim] sample:		1869.97 time, 1870.02 real, 1662 MB
[runlim] sample:		1879.96 time, 1880.01 real, 1673 MB
[runlim] sample:		1889.96 time, 1890.01 real, 1681 MB
[runlim] sample:		1899.97 time, 1900.02 real, 1720 MB
[runlim] sample:		1909.97 time, 1910.02 real, 1728 MB
[runlim] sample:		1919.97 time, 1920.01 real, 1736 MB
[runlim] sample:		1929.96 time, 1930.02 real, 1706 MB
[runlim] sample:		1939.96 time, 1940.01 real, 1713 MB
[runlim] sample:		1949.96 time, 1950.01 real, 1719 MB
[runlim] sample:		1959.96 time, 1960.02 real, 1714 MB
[runlim] sample:		1969.96 time, 1970.02 real, 1733 MB
[runlim] sample:		1979.96 time, 1980.02 real, 1742 MB
[runlim] sample:		1989.96 time, 1990.02 real, 1748 MB
[runlim] sample:		1999.96 time, 2000.01 real, 1755 MB
[runlim] sample:		2009.96 time, 2010.02 real, 1764 MB
[runlim] sample:		2019.96 time, 2020.01 real, 1772 MB
[runlim] sample:		2029.97 time, 2030.01 real, 1852 MB
[runlim] sample:		2039.96 time, 2040.02 real, 1856 MB
[runlim] sample:		2049.97 time, 2050.01 real, 1864 MB
[runlim] sample:		2059.96 time, 2060.02 real, 1900 MB
[runlim] sample:		2069.96 time, 2070.02 real, 1891 MB
[runlim] sample:		2079.96 time, 2080.02 real, 1966 MB
[runlim] sample:		2089.97 time, 2090.01 real, 1974 MB
[runlim] sample:		2099.96 time, 2100.01 real, 1933 MB
[runlim] sample:		2109.96 time, 2110.01 real, 1956 MB
[runlim] sample:		2119.97 time, 2120.01 real, 1953 MB
[runlim] sample:		2129.96 time, 2130.01 real, 1970 MB
[runlim] sample:		2139.96 time, 2140.01 real, 1978 MB
[runlim] sample:		2149.96 time, 2150.01 real, 1984 MB
[runlim] sample:		2159.96 time, 2160.01 real, 1993 MB
[runlim] sample:		2169.96 time, 2170.02 real, 1995 MB
[runlim] sample:		2179.96 time, 2180.02 real, 2045 MB
[runlim] sample:		2189.96 time, 2190.02 real, 1962 MB
[runlim] sample:		2199.96 time, 2200.02 real, 1969 MB
[runlim] sample:		2209.97 time, 2210.02 real, 2005 MB
[runlim] sample:		2219.96 time, 2220.02 real, 2020 MB
[runlim] sample:		2229.96 time, 2230.02 real, 2000 MB
[runlim] sample:		2239.96 time, 2240.02 real, 2021 MB
[runlim] sample:		2249.96 time, 2250.02 real, 2030 MB
[runlim] sample:		2259.96 time, 2260.01 real, 2036 MB
[runlim] sample:		2269.96 time, 2270.01 real, 2044 MB
[runlim] sample:		2279.96 time, 2280.02 real, 2048 MB
[runlim] sample:		2289.96 time, 2290.01 real, 2056 MB
[runlim] sample:		2299.96 time, 2300.01 real, 2059 MB
[runlim] sample:		2309.96 time, 2310.02 real, 2069 MB
[runlim] sample:		2319.96 time, 2320.02 real, 2076 MB
[runlim] sample:		2329.96 time, 2330.02 real, 2081 MB
[runlim] sample:		2339.96 time, 2340.02 real, 2089 MB
[runlim] sample:		2349.96 time, 2350.02 real, 2093 MB
[runlim] sample:		2359.96 time, 2360.02 real, 2101 MB
[runlim] sample:		2369.96 time, 2370.02 real, 2089 MB
[runlim] sample:		2379.96 time, 2380.02 real, 2114 MB
[runlim] sample:		2389.96 time, 2390.01 real, 2108 MB
[runlim] sample:		2399.95 time, 2400.02 real, 2125 MB
[runlim] sample:		2409.95 time, 2410.02 real, 2128 MB
[runlim] sample:		2419.96 time, 2420.02 real, 2138 MB
[runlim] sample:		2429.96 time, 2430.02 real, 2146 MB
[runlim] sample:		2439.96 time, 2440.02 real, 2153 MB
[runlim] sample:		2449.96 time, 2450.02 real, 2160 MB
[runlim] sample:		2459.95 time, 2460.02 real, 2167 MB
[runlim] sample:		2469.96 time, 2470.02 real, 2174 MB
[runlim] sample:		2479.96 time, 2480.02 real, 2181 MB
[runlim] sample:		2489.96 time, 2490.02 real, 2185 MB
[runlim] sample:		2499.96 time, 2500.02 real, 2173 MB
[runlim] sample:		2509.96 time, 2510.02 real, 2198 MB
[runlim] sample:		2519.96 time, 2520.02 real, 2204 MB
[runlim] sample:		2529.96 time, 2530.02 real, 2211 MB
[runlim] sample:		2539.96 time, 2540.02 real, 2198 MB
[runlim] sample:		2549.96 time, 2550.02 real, 2222 MB
[runlim] sample:		2559.96 time, 2560.02 real, 2230 MB
[runlim] sample:		2569.95 time, 2570.02 real, 2240 MB
[runlim] sample:		2579.95 time, 2580.02 real, 2253 MB
[runlim] sample:		2589.96 time, 2590.02 real, 2260 MB
[runlim] sample:		2599.96 time, 2600.01 real, 2266 MB
[runlim] sample:		2609.96 time, 2610.02 real, 2274 MB
[runlim] sample:		2619.96 time, 2620.02 real, 2279 MB
[runlim] sample:		2629.95 time, 2630.02 real, 2288 MB
[runlim] sample:		2639.96 time, 2640.02 real, 2282 MB
[runlim] sample:		2649.95 time, 2650.02 real, 2303 MB
[runlim] sample:		2659.95 time, 2660.02 real, 2311 MB
[runlim] sample:		2669.95 time, 2670.02 real, 2298 MB
[runlim] sample:		2679.96 time, 2680.01 real, 2322 MB
[runlim] sample:		2689.95 time, 2690.02 real, 2320 MB
[runlim] sample:		2699.95 time, 2700.02 real, 2336 MB
[runlim] sample:		2709.95 time, 2710.02 real, 2343 MB
[runlim] sample:		2719.96 time, 2720.02 real, 2329 MB
[runlim] sample:		2729.96 time, 2730.02 real, 2376 MB
[runlim] sample:		2739.95 time, 2740.02 real, 2383 MB
[runlim] sample:		2749.96 time, 2750.02 real, 2310 MB
[runlim] sample:		2759.96 time, 2760.02 real, 2358 MB
[runlim] sample:		2769.95 time, 2770.02 real, 2366 MB
[runlim] sample:		2779.96 time, 2780.02 real, 2353 MB
[runlim] sample:		2789.96 time, 2790.02 real, 2375 MB
[runlim] sample:		2799.96 time, 2800.02 real, 2383 MB
[runlim] sample:		2809.96 time, 2810.02 real, 2389 MB
[runlim] sample:		2819.96 time, 2820.01 real, 2398 MB
[runlim] sample:		2829.95 time, 2830.01 real, 2404 MB
[runlim] sample:		2839.95 time, 2840.01 real, 2411 MB
[runlim] sample:		2849.95 time, 2850.01 real, 2419 MB
[runlim] sample:		2859.95 time, 2860.02 real, 2420 MB
[runlim] sample:		2869.95 time, 2870.02 real, 2430 MB
[runlim] sample:		2879.95 time, 2880.01 real, 2435 MB
[runlim] sample:		2889.95 time, 2890.01 real, 2443 MB
[runlim] sample:		2899.96 time, 2900.01 real, 2450 MB
[runlim] sample:		2909.95 time, 2910.02 real, 2456 MB
[runlim] sample:		2919.96 time, 2920.02 real, 2463 MB
[runlim] sample:		2929.95 time, 2930.02 real, 2471 MB
[runlim] sample:		2939.95 time, 2940.02 real, 2477 MB
[runlim] sample:		2949.96 time, 2950.02 real, 2485 MB
[runlim] sample:		2959.95 time, 2960.02 real, 2492 MB
[runlim] sample:		2969.95 time, 2970.02 real, 2479 MB
[runlim] sample:		2979.95 time, 2980.02 real, 2503 MB
[runlim] sample:		2989.95 time, 2990.02 real, 2492 MB
[runlim] sample:		2999.95 time, 3000.02 real, 2519 MB
[runlim] sample:		3009.95 time, 3010.02 real, 2521 MB
[runlim] sample:		3019.95 time, 3020.02 real, 2510 MB
[runlim] sample:		3029.95 time, 3030.02 real, 2535 MB
[runlim] sample:		3039.95 time, 3040.02 real, 2542 MB
[runlim] sample:		3049.95 time, 3050.02 real, 2550 MB
[runlim] sample:		3059.95 time, 3060.02 real, 2538 MB
[runlim] sample:		3069.95 time, 3070.02 real, 2561 MB
[runlim] sample:		3079.95 time, 3080.02 real, 2566 MB
[runlim] sample:		3089.95 time, 3090.02 real, 2573 MB
[runlim] sample:		3099.95 time, 3100.02 real, 2581 MB
[runlim] sample:		3109.95 time, 3110.02 real, 2589 MB
[runlim] sample:		3119.95 time, 3120.02 real, 2596 MB
[runlim] sample:		3129.95 time, 3130.02 real, 2603 MB
[runlim] sample:		3139.95 time, 3140.01 real, 2602 MB
[runlim] sample:		3149.95 time, 3150.01 real, 2614 MB
[runlim] sample:		3159.95 time, 3160.01 real, 2622 MB
[runlim] sample:		3169.95 time, 3170.01 real, 2629 MB
[runlim] sample:		3179.95 time, 3180.01 real, 2633 MB
[runlim] sample:		3189.94 time, 3190.01 real, 2642 MB
[runlim] sample:		3199.95 time, 3200.01 real, 2648 MB
[runlim] sample:		3209.94 time, 3210.01 real, 2656 MB
[runlim] sample:		3219.95 time, 3220.01 real, 2664 MB
[runlim] sample:		3229.95 time, 3230.01 real, 2672 MB
[runlim] sample:		3239.95 time, 3240.01 real, 2677 MB
[runlim] sample:		3249.94 time, 3250.01 real, 2665 MB
[runlim] sample:		3259.94 time, 3260.01 real, 2702 MB
[runlim] sample:		3269.94 time, 3270.01 real, 2709 MB
[runlim] sample:		3279.95 time, 3280.01 real, 2702 MB
[runlim] sample:		3289.95 time, 3290.01 real, 2723 MB
[runlim] sample:		3299.94 time, 3300.01 real, 2731 MB
[runlim] sample:		3309.95 time, 3310.01 real, 2737 MB
[runlim] sample:		3319.95 time, 3320.01 real, 2745 MB
[runlim] sample:		3329.95 time, 3330.01 real, 2752 MB
[runlim] sample:		3339.94 time, 3340.01 real, 2757 MB
[runlim] sample:		3349.94 time, 3350.01 real, 2765 MB
[runlim] sample:		3359.94 time, 3360.01 real, 2772 MB
[runlim] sample:		3369.94 time, 3370.01 real, 2780 MB
[runlim] sample:		3379.95 time, 3380.01 real, 2784 MB
[runlim] sample:		3389.94 time, 3390.01 real, 2792 MB
[runlim] sample:		3399.94 time, 3400.01 real, 2800 MB
[runlim] sample:		3409.95 time, 3410.01 real, 2813 MB
[runlim] sample:		3419.95 time, 3420.01 real, 2821 MB
[runlim] sample:		3429.94 time, 3430.01 real, 2831 MB
[runlim] sample:		3439.94 time, 3440.01 real, 2839 MB
[runlim] sample:		3449.95 time, 3450.01 real, 2846 MB
[runlim] sample:		3459.94 time, 3460.01 real, 2856 MB
[runlim] sample:		3469.94 time, 3470.01 real, 2865 MB
[runlim] sample:		3479.94 time, 3480.01 real, 2904 MB
[runlim] sample:		3489.94 time, 3490.01 real, 2902 MB
[runlim] sample:		3499.95 time, 3500.01 real, 2902 MB
[runlim] sample:		3509.94 time, 3510.01 real, 2912 MB
[runlim] sample:		3519.94 time, 3520.01 real, 2920 MB
[runlim] sample:		3529.94 time, 3530.01 real, 2906 MB
[runlim] sample:		3539.94 time, 3540.01 real, 2914 MB
[runlim] sample:		3549.95 time, 3550.01 real, 2921 MB
[runlim] sample:		3559.94 time, 3560.01 real, 2926 MB
[runlim] sample:		3569.94 time, 3570.01 real, 2934 MB
[runlim] sample:		3579.94 time, 3580.01 real, 2943 MB
[runlim] sample:		3589.94 time, 3590.01 real, 2946 MB
[runlim] sample:		3599.94 time, 3600.01 real, 2933 MB
[runlim] end:			Wed Oct 16 10:31:42 2019
[runlim] status:		out of time
[runlim] result:		2
[runlim] children:		2
[runlim] real:			3600.10 seconds
[runlim] time:			3599.94 seconds
[runlim] space:			2955 MB
[runlim] samples:		36000
