[runlim] version:		1.17
[runlim] host:			c3n23
[runlim] time limit:		311040000 seconds
[runlim] real time limit:	3600 seconds
[runlim] space limit:		120000 MB
[runlim] argv[0]:		./run-btormc.sh
[runlim] argv[1]:		/tmp/ZyAfJE9A.btor
[runlim] start:			Wed Oct 16 07:26:36 2019
[runlim] child:			31522
[runlim] sample:		10.00 time, 10.02 real, 194 MB
[runlim] sample:		20.00 time, 20.02 real, 254 MB
[runlim] sample:		30.00 time, 30.01 real, 328 MB
[runlim] sample:		40.00 time, 40.02 real, 334 MB
[runlim] sample:		50.00 time, 50.02 real, 338 MB
[runlim] sample:		60.00 time, 60.02 real, 303 MB
[runlim] sample:		70.00 time, 70.01 real, 304 MB
[runlim] sample:		80.00 time, 80.02 real, 358 MB
[runlim] sample:		90.00 time, 90.02 real, 370 MB
[runlim] sample:		100.00 time, 100.02 real, 356 MB
[runlim] sample:		109.99 time, 110.02 real, 358 MB
[runlim] sample:		119.99 time, 120.02 real, 358 MB
[runlim] sample:		129.99 time, 130.02 real, 346 MB
[runlim] sample:		140.00 time, 140.02 real, 307 MB
[runlim] sample:		150.00 time, 150.02 real, 347 MB
[runlim] sample:		160.00 time, 160.02 real, 307 MB
[runlim] sample:		170.00 time, 170.01 real, 353 MB
[runlim] sample:		180.00 time, 180.02 real, 355 MB
[runlim] sample:		190.00 time, 190.02 real, 308 MB
[runlim] sample:		199.99 time, 200.02 real, 357 MB
[runlim] sample:		210.00 time, 210.02 real, 308 MB
[runlim] sample:		220.00 time, 220.01 real, 308 MB
[runlim] sample:		230.00 time, 230.02 real, 375 MB
[runlim] sample:		239.99 time, 240.02 real, 414 MB
[runlim] sample:		250.00 time, 250.01 real, 414 MB
[runlim] sample:		259.99 time, 260.02 real, 380 MB
[runlim] sample:		269.99 time, 270.02 real, 369 MB
[runlim] sample:		279.99 time, 280.02 real, 369 MB
[runlim] sample:		290.00 time, 290.02 real, 392 MB
[runlim] sample:		300.00 time, 300.02 real, 392 MB
[runlim] sample:		310.00 time, 310.02 real, 394 MB
[runlim] sample:		320.00 time, 320.02 real, 432 MB
[runlim] sample:		329.99 time, 330.01 real, 372 MB
[runlim] sample:		340.00 time, 340.02 real, 373 MB
[runlim] sample:		350.00 time, 350.02 real, 377 MB
[runlim] sample:		360.00 time, 360.02 real, 363 MB
[runlim] sample:		370.00 time, 370.02 real, 382 MB
[runlim] sample:		380.00 time, 380.02 real, 382 MB
[runlim] sample:		390.00 time, 390.02 real, 382 MB
[runlim] sample:		400.00 time, 400.02 real, 416 MB
[runlim] sample:		410.00 time, 410.02 real, 416 MB
[runlim] sample:		420.00 time, 420.02 real, 416 MB
[runlim] sample:		430.00 time, 430.02 real, 416 MB
[runlim] sample:		439.99 time, 440.02 real, 457 MB
[runlim] sample:		449.99 time, 450.02 real, 457 MB
[runlim] sample:		460.00 time, 460.02 real, 457 MB
[runlim] sample:		470.00 time, 470.02 real, 465 MB
[runlim] sample:		480.00 time, 480.02 real, 499 MB
[runlim] sample:		490.00 time, 490.02 real, 499 MB
[runlim] sample:		500.00 time, 500.02 real, 499 MB
[runlim] sample:		510.00 time, 510.02 real, 499 MB
[runlim] sample:		520.00 time, 520.02 real, 557 MB
[runlim] sample:		530.00 time, 530.02 real, 557 MB
[runlim] sample:		539.99 time, 540.02 real, 557 MB
[runlim] sample:		550.00 time, 550.02 real, 513 MB
[runlim] sample:		560.00 time, 560.02 real, 391 MB
[runlim] sample:		570.00 time, 570.01 real, 391 MB
[runlim] sample:		580.00 time, 580.01 real, 332 MB
[runlim] sample:		590.00 time, 590.02 real, 332 MB
[runlim] sample:		600.00 time, 600.02 real, 376 MB
[runlim] sample:		609.99 time, 610.01 real, 405 MB
[runlim] sample:		620.00 time, 620.02 real, 380 MB
[runlim] sample:		630.00 time, 630.02 real, 380 MB
[runlim] sample:		640.00 time, 640.02 real, 369 MB
[runlim] sample:		650.00 time, 650.02 real, 386 MB
[runlim] sample:		660.00 time, 660.02 real, 386 MB
[runlim] sample:		670.00 time, 670.02 real, 410 MB
[runlim] sample:		680.00 time, 680.01 real, 410 MB
[runlim] sample:		690.00 time, 690.02 real, 395 MB
[runlim] sample:		700.00 time, 700.02 real, 395 MB
[runlim] sample:		710.00 time, 710.02 real, 395 MB
[runlim] sample:		720.00 time, 720.02 real, 411 MB
[runlim] sample:		730.00 time, 730.02 real, 411 MB
[runlim] sample:		740.00 time, 740.02 real, 419 MB
[runlim] sample:		750.00 time, 750.02 real, 417 MB
[runlim] sample:		760.00 time, 760.02 real, 417 MB
[runlim] sample:		769.99 time, 770.02 real, 391 MB
[runlim] sample:		779.99 time, 780.02 real, 391 MB
[runlim] sample:		790.00 time, 790.02 real, 397 MB
[runlim] sample:		800.00 time, 800.02 real, 397 MB
[runlim] sample:		809.99 time, 810.02 real, 402 MB
[runlim] sample:		820.00 time, 820.02 real, 409 MB
[runlim] sample:		830.00 time, 830.02 real, 409 MB
[runlim] sample:		840.00 time, 840.02 real, 530 MB
[runlim] sample:		849.99 time, 850.02 real, 437 MB
[runlim] sample:		859.99 time, 860.02 real, 437 MB
[runlim] sample:		869.99 time, 870.02 real, 437 MB
[runlim] sample:		880.00 time, 880.02 real, 492 MB
[runlim] sample:		889.99 time, 890.02 real, 492 MB
[runlim] sample:		899.99 time, 900.02 real, 492 MB
[runlim] sample:		910.00 time, 910.02 real, 492 MB
[runlim] sample:		920.00 time, 920.01 real, 504 MB
[runlim] sample:		930.00 time, 930.02 real, 549 MB
[runlim] sample:		939.99 time, 940.02 real, 550 MB
[runlim] sample:		950.00 time, 950.02 real, 550 MB
[runlim] sample:		959.99 time, 960.01 real, 550 MB
[runlim] sample:		970.00 time, 970.02 real, 550 MB
[runlim] sample:		980.00 time, 980.02 real, 582 MB
[runlim] sample:		989.99 time, 990.02 real, 632 MB
[runlim] sample:		1000.00 time, 1000.02 real, 632 MB
[runlim] sample:		1009.99 time, 1010.02 real, 632 MB
[runlim] sample:		1020.00 time, 1020.02 real, 632 MB
[runlim] sample:		1030.00 time, 1030.02 real, 632 MB
[runlim] sample:		1040.00 time, 1040.02 real, 682 MB
[runlim] sample:		1049.99 time, 1050.02 real, 682 MB
[runlim] sample:		1060.00 time, 1060.02 real, 682 MB
[runlim] sample:		1070.00 time, 1070.02 real, 682 MB
[runlim] sample:		1080.00 time, 1080.02 real, 682 MB
[runlim] sample:		1089.99 time, 1090.02 real, 743 MB
[runlim] sample:		1100.00 time, 1100.01 real, 743 MB
[runlim] sample:		1109.99 time, 1110.02 real, 743 MB
[runlim] sample:		1120.00 time, 1120.02 real, 806 MB
[runlim] sample:		1130.00 time, 1130.02 real, 806 MB
[runlim] sample:		1140.00 time, 1140.01 real, 806 MB
[runlim] sample:		1149.99 time, 1150.02 real, 806 MB
[runlim] sample:		1160.00 time, 1160.02 real, 806 MB
[runlim] sample:		1170.00 time, 1170.02 real, 684 MB
[runlim] sample:		1180.00 time, 1180.02 real, 684 MB
[runlim] sample:		1189.99 time, 1190.02 real, 684 MB
[runlim] sample:		1200.00 time, 1200.02 real, 684 MB
[runlim] sample:		1209.99 time, 1210.02 real, 684 MB
[runlim] sample:		1220.00 time, 1220.02 real, 684 MB
[runlim] sample:		1230.00 time, 1230.02 real, 684 MB
[runlim] sample:		1240.00 time, 1240.02 real, 711 MB
[runlim] sample:		1249.99 time, 1250.02 real, 838 MB
[runlim] sample:		1260.00 time, 1260.01 real, 838 MB
[runlim] sample:		1270.00 time, 1270.02 real, 838 MB
[runlim] sample:		1279.99 time, 1280.02 real, 838 MB
[runlim] sample:		1290.00 time, 1290.02 real, 838 MB
[runlim] sample:		1300.00 time, 1300.02 real, 710 MB
[runlim] sample:		1310.00 time, 1310.02 real, 710 MB
[runlim] sample:		1320.00 time, 1320.02 real, 710 MB
[runlim] sample:		1330.00 time, 1330.02 real, 710 MB
[runlim] sample:		1340.00 time, 1340.02 real, 704 MB
[runlim] sample:		1349.99 time, 1350.02 real, 704 MB
[runlim] sample:		1359.99 time, 1360.02 real, 704 MB
[runlim] sample:		1370.00 time, 1370.02 real, 704 MB
[runlim] sample:		1380.00 time, 1380.02 real, 704 MB
[runlim] sample:		1390.00 time, 1390.02 real, 704 MB
[runlim] sample:		1399.99 time, 1400.02 real, 778 MB
[runlim] sample:		1409.99 time, 1410.02 real, 778 MB
[runlim] sample:		1420.00 time, 1420.01 real, 778 MB
[runlim] sample:		1430.00 time, 1430.02 real, 778 MB
[runlim] sample:		1439.99 time, 1440.02 real, 778 MB
[runlim] sample:		1450.00 time, 1450.02 real, 726 MB
[runlim] sample:		1460.00 time, 1460.02 real, 726 MB
[runlim] sample:		1470.00 time, 1470.02 real, 726 MB
[runlim] sample:		1480.00 time, 1480.01 real, 539 MB
[runlim] sample:		1490.00 time, 1490.01 real, 599 MB
[runlim] sample:		1500.00 time, 1500.01 real, 599 MB
[runlim] sample:		1510.00 time, 1510.01 real, 570 MB
[runlim] sample:		1520.00 time, 1520.01 real, 570 MB
[runlim] sample:		1530.00 time, 1530.02 real, 550 MB
[runlim] sample:		1540.00 time, 1540.02 real, 550 MB
[runlim] sample:		1550.00 time, 1550.02 real, 550 MB
[runlim] sample:		1560.00 time, 1560.02 real, 600 MB
[runlim] sample:		1570.00 time, 1570.02 real, 459 MB
[runlim] sample:		1580.00 time, 1580.02 real, 459 MB
[runlim] sample:		1590.00 time, 1590.02 real, 459 MB
[runlim] sample:		1600.00 time, 1600.01 real, 598 MB
[runlim] sample:		1610.00 time, 1610.02 real, 598 MB
[runlim] sample:		1620.00 time, 1620.02 real, 461 MB
[runlim] sample:		1630.00 time, 1630.01 real, 461 MB
[runlim] sample:		1640.00 time, 1640.02 real, 461 MB
[runlim] sample:		1650.00 time, 1650.02 real, 461 MB
[runlim] sample:		1660.00 time, 1660.02 real, 603 MB
[runlim] sample:		1670.00 time, 1670.02 real, 585 MB
[runlim] sample:		1679.99 time, 1680.02 real, 585 MB
[runlim] sample:		1690.00 time, 1690.02 real, 585 MB
[runlim] sample:		1700.00 time, 1700.01 real, 600 MB
[runlim] sample:		1710.00 time, 1710.02 real, 600 MB
[runlim] sample:		1719.99 time, 1720.02 real, 600 MB
[runlim] sample:		1730.00 time, 1730.02 real, 570 MB
[runlim] sample:		1739.99 time, 1740.02 real, 570 MB
[runlim] sample:		1750.00 time, 1750.01 real, 570 MB
[runlim] sample:		1759.99 time, 1760.02 real, 577 MB
[runlim] sample:		1770.00 time, 1770.02 real, 577 MB
[runlim] sample:		1780.00 time, 1780.02 real, 609 MB
[runlim] sample:		1790.00 time, 1790.02 real, 609 MB
[runlim] sample:		1800.00 time, 1800.02 real, 601 MB
[runlim] sample:		1809.99 time, 1810.02 real, 601 MB
[runlim] sample:		1819.99 time, 1820.02 real, 601 MB
[runlim] sample:		1830.00 time, 1830.02 real, 601 MB
[runlim] sample:		1840.00 time, 1840.02 real, 601 MB
[runlim] sample:		1849.99 time, 1850.02 real, 657 MB
[runlim] sample:		1860.00 time, 1860.02 real, 657 MB
[runlim] sample:		1869.99 time, 1870.02 real, 657 MB
[runlim] sample:		1879.99 time, 1880.02 real, 657 MB
[runlim] sample:		1890.00 time, 1890.02 real, 657 MB
[runlim] sample:		1900.00 time, 1900.02 real, 657 MB
[runlim] sample:		1909.99 time, 1910.01 real, 661 MB
[runlim] sample:		1919.99 time, 1920.02 real, 661 MB
[runlim] sample:		1929.99 time, 1930.02 real, 661 MB
[runlim] sample:		1939.99 time, 1940.02 real, 661 MB
[runlim] sample:		1949.99 time, 1950.02 real, 661 MB
[runlim] sample:		1960.00 time, 1960.02 real, 785 MB
[runlim] sample:		1970.00 time, 1970.02 real, 785 MB
[runlim] sample:		1979.99 time, 1980.02 real, 706 MB
[runlim] sample:		1990.00 time, 1990.02 real, 706 MB
[runlim] sample:		2000.00 time, 2000.02 real, 706 MB
[runlim] sample:		2009.99 time, 2010.02 real, 706 MB
[runlim] sample:		2019.99 time, 2020.02 real, 706 MB
[runlim] sample:		2030.00 time, 2030.02 real, 706 MB
[runlim] sample:		2039.99 time, 2040.02 real, 723 MB
[runlim] sample:		2050.00 time, 2050.02 real, 723 MB
[runlim] sample:		2060.00 time, 2060.02 real, 723 MB
[runlim] sample:		2069.99 time, 2070.01 real, 723 MB
[runlim] sample:		2079.99 time, 2080.02 real, 723 MB
[runlim] sample:		2089.99 time, 2090.02 real, 723 MB
[runlim] sample:		2099.99 time, 2100.02 real, 748 MB
[runlim] sample:		2110.00 time, 2110.02 real, 748 MB
[runlim] sample:		2120.00 time, 2120.01 real, 748 MB
[runlim] sample:		2129.99 time, 2130.02 real, 748 MB
[runlim] sample:		2139.99 time, 2140.01 real, 748 MB
[runlim] sample:		2150.00 time, 2150.02 real, 748 MB
[runlim] sample:		2160.00 time, 2160.02 real, 748 MB
[runlim] sample:		2169.99 time, 2170.02 real, 961 MB
[runlim] sample:		2179.99 time, 2180.01 real, 501 MB
[runlim] sample:		2189.99 time, 2190.02 real, 501 MB
[runlim] sample:		2199.99 time, 2200.02 real, 627 MB
[runlim] sample:		2209.99 time, 2210.02 real, 627 MB
[runlim] sample:		2220.00 time, 2220.02 real, 627 MB
[runlim] sample:		2230.00 time, 2230.02 real, 627 MB
[runlim] sample:		2239.99 time, 2240.02 real, 676 MB
[runlim] sample:		2249.99 time, 2250.02 real, 676 MB
[runlim] sample:		2260.00 time, 2260.02 real, 676 MB
[runlim] sample:		2269.99 time, 2270.02 real, 643 MB
[runlim] sample:		2280.00 time, 2280.02 real, 643 MB
[runlim] sample:		2290.00 time, 2290.02 real, 643 MB
[runlim] sample:		2299.99 time, 2300.02 real, 643 MB
[runlim] sample:		2309.99 time, 2310.02 real, 643 MB
[runlim] sample:		2320.00 time, 2320.02 real, 665 MB
[runlim] sample:		2330.00 time, 2330.02 real, 665 MB
[runlim] sample:		2340.00 time, 2340.02 real, 665 MB
[runlim] sample:		2350.00 time, 2350.02 real, 665 MB
[runlim] sample:		2360.00 time, 2360.02 real, 665 MB
[runlim] sample:		2370.00 time, 2370.02 real, 665 MB
[runlim] sample:		2379.99 time, 2380.02 real, 722 MB
[runlim] sample:		2389.99 time, 2390.02 real, 722 MB
[runlim] sample:		2399.99 time, 2400.02 real, 722 MB
[runlim] sample:		2409.99 time, 2410.02 real, 722 MB
[runlim] sample:		2420.00 time, 2420.02 real, 722 MB
[runlim] sample:		2430.00 time, 2430.02 real, 722 MB
[runlim] sample:		2439.99 time, 2440.02 real, 751 MB
[runlim] sample:		2449.99 time, 2450.02 real, 751 MB
[runlim] sample:		2460.00 time, 2460.02 real, 751 MB
[runlim] sample:		2470.00 time, 2470.02 real, 751 MB
[runlim] sample:		2479.99 time, 2480.02 real, 751 MB
[runlim] sample:		2489.99 time, 2490.02 real, 751 MB
[runlim] sample:		2499.99 time, 2500.02 real, 751 MB
[runlim] sample:		2509.99 time, 2510.02 real, 859 MB
[runlim] sample:		2519.99 time, 2520.02 real, 758 MB
[runlim] sample:		2529.99 time, 2530.02 real, 758 MB
[runlim] sample:		2540.00 time, 2540.02 real, 758 MB
[runlim] sample:		2550.00 time, 2550.02 real, 758 MB
[runlim] sample:		2559.99 time, 2560.02 real, 758 MB
[runlim] sample:		2569.99 time, 2570.02 real, 758 MB
[runlim] sample:		2579.99 time, 2580.02 real, 758 MB
[runlim] sample:		2590.00 time, 2590.02 real, 817 MB
[runlim] sample:		2599.99 time, 2600.02 real, 817 MB
[runlim] sample:		2609.99 time, 2610.02 real, 817 MB
[runlim] sample:		2619.99 time, 2620.02 real, 817 MB
[runlim] sample:		2629.99 time, 2630.02 real, 817 MB
[runlim] sample:		2640.00 time, 2640.02 real, 817 MB
[runlim] sample:		2650.00 time, 2650.02 real, 817 MB
[runlim] sample:		2659.99 time, 2660.02 real, 794 MB
[runlim] sample:		2669.99 time, 2670.02 real, 791 MB
[runlim] sample:		2679.99 time, 2680.02 real, 791 MB
[runlim] sample:		2690.00 time, 2690.02 real, 791 MB
[runlim] end:			Wed Oct 16 08:11:34 2019
[runlim] status:		ok
[runlim] result:		0
[runlim] children:		2
[runlim] real:			2698.44 seconds
[runlim] time:			2698.39 seconds
[runlim] space:			1279 MB
[runlim] samples:		26984
