[runlim] version:		1.17
[runlim] host:			c3n04
[runlim] time limit:		311040000 seconds
[runlim] real time limit:	3600 seconds
[runlim] space limit:		120000 MB
[runlim] argv[0]:		./run-btormc.sh
[runlim] argv[1]:		/tmp/tat569tF.btor
[runlim] start:			Wed Oct 16 09:49:17 2019
[runlim] child:			22540
[runlim] sample:		10.00 time, 10.02 real, 81 MB
[runlim] sample:		20.00 time, 20.02 real, 130 MB
[runlim] sample:		29.99 time, 30.02 real, 155 MB
[runlim] sample:		40.00 time, 40.01 real, 179 MB
[runlim] sample:		50.00 time, 50.01 real, 209 MB
[runlim] sample:		60.00 time, 60.02 real, 226 MB
[runlim] sample:		70.00 time, 70.01 real, 265 MB
[runlim] sample:		80.00 time, 80.01 real, 287 MB
[runlim] sample:		89.99 time, 90.01 real, 331 MB
[runlim] sample:		100.00 time, 100.01 real, 358 MB
[runlim] sample:		110.00 time, 110.02 real, 375 MB
[runlim] sample:		120.00 time, 120.02 real, 371 MB
[runlim] sample:		129.99 time, 130.02 real, 378 MB
[runlim] sample:		140.00 time, 140.01 real, 403 MB
[runlim] sample:		150.00 time, 150.02 real, 419 MB
[runlim] sample:		159.99 time, 160.02 real, 431 MB
[runlim] sample:		170.00 time, 170.01 real, 449 MB
[runlim] sample:		180.00 time, 180.02 real, 466 MB
[runlim] sample:		190.00 time, 190.01 real, 468 MB
[runlim] sample:		200.00 time, 200.02 real, 505 MB
[runlim] sample:		209.99 time, 210.01 real, 518 MB
[runlim] sample:		220.00 time, 220.02 real, 527 MB
[runlim] sample:		230.00 time, 230.01 real, 570 MB
[runlim] sample:		240.00 time, 240.01 real, 589 MB
[runlim] sample:		250.00 time, 250.01 real, 605 MB
[runlim] sample:		259.99 time, 260.02 real, 640 MB
[runlim] sample:		270.00 time, 270.01 real, 659 MB
[runlim] sample:		280.00 time, 280.02 real, 652 MB
[runlim] sample:		290.00 time, 290.01 real, 680 MB
[runlim] sample:		300.00 time, 300.02 real, 684 MB
[runlim] sample:		310.00 time, 310.01 real, 713 MB
[runlim] sample:		320.00 time, 320.02 real, 719 MB
[runlim] sample:		330.00 time, 330.01 real, 749 MB
[runlim] sample:		340.00 time, 340.01 real, 764 MB
[runlim] sample:		350.00 time, 350.02 real, 782 MB
[runlim] sample:		359.99 time, 360.01 real, 800 MB
[runlim] sample:		370.00 time, 370.01 real, 818 MB
[runlim] sample:		380.00 time, 380.02 real, 837 MB
[runlim] sample:		390.00 time, 390.01 real, 858 MB
[runlim] sample:		400.00 time, 400.01 real, 875 MB
[runlim] sample:		410.00 time, 410.01 real, 890 MB
[runlim] sample:		420.00 time, 420.02 real, 899 MB
[runlim] sample:		430.00 time, 430.02 real, 925 MB
[runlim] sample:		440.00 time, 440.02 real, 931 MB
[runlim] sample:		450.00 time, 450.02 real, 967 MB
[runlim] sample:		460.00 time, 460.02 real, 986 MB
[runlim] sample:		469.99 time, 470.01 real, 1005 MB
[runlim] sample:		480.00 time, 480.02 real, 1022 MB
[runlim] sample:		490.00 time, 490.01 real, 1041 MB
[runlim] sample:		500.00 time, 500.01 real, 1061 MB
[runlim] sample:		510.00 time, 510.01 real, 1080 MB
[runlim] sample:		520.00 time, 520.01 real, 1101 MB
[runlim] sample:		530.00 time, 530.01 real, 1120 MB
[runlim] sample:		540.00 time, 540.01 real, 1139 MB
[runlim] sample:		550.00 time, 550.01 real, 1185 MB
[runlim] sample:		560.00 time, 560.01 real, 1205 MB
[runlim] sample:		570.00 time, 570.01 real, 1221 MB
[runlim] sample:		579.99 time, 580.01 real, 1241 MB
[runlim] sample:		590.00 time, 590.01 real, 1258 MB
[runlim] sample:		600.00 time, 600.01 real, 1275 MB
[runlim] sample:		609.99 time, 610.02 real, 1283 MB
[runlim] sample:		619.99 time, 620.01 real, 1314 MB
[runlim] sample:		630.00 time, 630.01 real, 1330 MB
[runlim] sample:		639.99 time, 640.01 real, 1349 MB
[runlim] sample:		650.00 time, 650.02 real, 1352 MB
[runlim] sample:		660.00 time, 660.02 real, 1402 MB
[runlim] sample:		669.99 time, 670.02 real, 1386 MB
[runlim] sample:		679.99 time, 680.01 real, 1412 MB
[runlim] sample:		689.99 time, 690.01 real, 1433 MB
[runlim] sample:		699.99 time, 700.01 real, 1449 MB
[runlim] sample:		709.99 time, 710.02 real, 1464 MB
[runlim] sample:		720.00 time, 720.01 real, 1486 MB
[runlim] sample:		729.99 time, 730.01 real, 1510 MB
[runlim] sample:		739.99 time, 740.01 real, 1527 MB
[runlim] sample:		750.00 time, 750.02 real, 1538 MB
[runlim] sample:		760.00 time, 760.01 real, 1564 MB
[runlim] sample:		769.99 time, 770.01 real, 1583 MB
[runlim] sample:		779.99 time, 780.02 real, 1597 MB
[runlim] sample:		789.99 time, 790.01 real, 1620 MB
[runlim] sample:		800.00 time, 800.01 real, 1641 MB
[runlim] sample:		810.00 time, 810.02 real, 1703 MB
[runlim] sample:		819.99 time, 820.01 real, 1724 MB
[runlim] sample:		829.99 time, 830.01 real, 1742 MB
[runlim] sample:		840.00 time, 840.02 real, 1738 MB
[runlim] sample:		849.99 time, 850.01 real, 1773 MB
[runlim] sample:		860.00 time, 860.01 real, 1785 MB
[runlim] sample:		870.00 time, 870.01 real, 1806 MB
[runlim] sample:		879.99 time, 880.01 real, 1825 MB
[runlim] sample:		890.00 time, 890.02 real, 1836 MB
[runlim] sample:		900.00 time, 900.01 real, 1862 MB
[runlim] sample:		910.00 time, 910.02 real, 1895 MB
[runlim] sample:		920.00 time, 920.01 real, 1919 MB
[runlim] sample:		930.00 time, 930.02 real, 1927 MB
[runlim] sample:		940.00 time, 940.02 real, 1930 MB
[runlim] sample:		950.00 time, 950.02 real, 1967 MB
[runlim] sample:		960.00 time, 960.02 real, 1923 MB
[runlim] sample:		970.00 time, 970.02 real, 1896 MB
[runlim] sample:		980.00 time, 980.01 real, 1946 MB
[runlim] sample:		990.00 time, 990.02 real, 1954 MB
[runlim] sample:		999.99 time, 1000.01 real, 1991 MB
[runlim] sample:		1010.00 time, 1010.02 real, 2029 MB
[runlim] sample:		1020.00 time, 1020.01 real, 2060 MB
[runlim] sample:		1029.99 time, 1030.02 real, 2073 MB
[runlim] sample:		1039.99 time, 1040.01 real, 2095 MB
[runlim] sample:		1050.00 time, 1050.01 real, 2111 MB
[runlim] sample:		1059.99 time, 1060.01 real, 2130 MB
[runlim] sample:		1070.00 time, 1070.01 real, 2151 MB
[runlim] sample:		1079.99 time, 1080.02 real, 2150 MB
[runlim] sample:		1090.00 time, 1090.01 real, 2188 MB
[runlim] sample:		1099.99 time, 1100.02 real, 2185 MB
[runlim] sample:		1109.99 time, 1110.01 real, 2223 MB
[runlim] sample:		1120.00 time, 1120.02 real, 2186 MB
[runlim] sample:		1130.00 time, 1130.01 real, 2226 MB
[runlim] sample:		1139.99 time, 1140.02 real, 2220 MB
[runlim] sample:		1150.00 time, 1150.01 real, 2258 MB
[runlim] sample:		1160.00 time, 1160.02 real, 2256 MB
[runlim] sample:		1169.99 time, 1170.01 real, 2310 MB
[runlim] sample:		1180.00 time, 1180.01 real, 2331 MB
[runlim] sample:		1189.99 time, 1190.02 real, 2337 MB
[runlim] sample:		1199.99 time, 1200.01 real, 2355 MB
[runlim] sample:		1210.00 time, 1210.01 real, 2375 MB
[runlim] sample:		1219.99 time, 1220.01 real, 2392 MB
[runlim] sample:		1230.00 time, 1230.02 real, 2389 MB
[runlim] sample:		1240.00 time, 1240.02 real, 2423 MB
[runlim] sample:		1249.99 time, 1250.02 real, 2417 MB
[runlim] sample:		1259.99 time, 1260.02 real, 2456 MB
[runlim] sample:		1270.00 time, 1270.01 real, 2472 MB
[runlim] sample:		1280.00 time, 1280.01 real, 2518 MB
[runlim] sample:		1290.00 time, 1290.01 real, 2537 MB
[runlim] sample:		1300.00 time, 1300.02 real, 2525 MB
[runlim] sample:		1310.00 time, 1310.01 real, 2568 MB
[runlim] sample:		1319.99 time, 1320.02 real, 2564 MB
[runlim] sample:		1330.00 time, 1330.01 real, 2607 MB
[runlim] sample:		1340.00 time, 1340.02 real, 2604 MB
[runlim] sample:		1350.00 time, 1350.01 real, 2680 MB
[runlim] sample:		1360.00 time, 1360.01 real, 2695 MB
[runlim] sample:		1370.00 time, 1370.01 real, 2718 MB
[runlim] sample:		1380.00 time, 1380.01 real, 2734 MB
[runlim] sample:		1390.00 time, 1390.02 real, 2754 MB
[runlim] sample:		1400.00 time, 1400.01 real, 2774 MB
[runlim] sample:		1410.00 time, 1410.02 real, 2778 MB
[runlim] sample:		1420.00 time, 1420.01 real, 2809 MB
[runlim] sample:		1430.00 time, 1430.02 real, 2805 MB
[runlim] sample:		1440.00 time, 1440.01 real, 2845 MB
[runlim] sample:		1450.00 time, 1450.01 real, 2861 MB
[runlim] sample:		1459.99 time, 1460.01 real, 2876 MB
[runlim] sample:		1470.00 time, 1470.01 real, 2901 MB
[runlim] sample:		1479.99 time, 1480.02 real, 2893 MB
[runlim] sample:		1490.00 time, 1490.02 real, 2931 MB
[runlim] sample:		1499.99 time, 1500.01 real, 2949 MB
[runlim] sample:		1509.99 time, 1510.01 real, 2968 MB
[runlim] sample:		1519.99 time, 1520.01 real, 2992 MB
[runlim] sample:		1529.99 time, 1530.02 real, 3005 MB
[runlim] sample:		1539.99 time, 1540.01 real, 3033 MB
[runlim] sample:		1549.99 time, 1550.02 real, 3028 MB
[runlim] sample:		1560.00 time, 1560.01 real, 3073 MB
[runlim] sample:		1570.00 time, 1570.01 real, 3088 MB
[runlim] sample:		1580.00 time, 1580.02 real, 3055 MB
[runlim] sample:		1589.99 time, 1590.01 real, 3082 MB
[runlim] sample:		1599.99 time, 1600.02 real, 3075 MB
[runlim] sample:		1610.00 time, 1610.01 real, 3111 MB
[runlim] sample:		1620.00 time, 1620.01 real, 3133 MB
[runlim] sample:		1629.99 time, 1630.02 real, 3128 MB
[runlim] sample:		1639.99 time, 1640.02 real, 3104 MB
[runlim] sample:		1650.00 time, 1650.02 real, 3148 MB
[runlim] sample:		1660.00 time, 1660.01 real, 3165 MB
[runlim] sample:		1670.00 time, 1670.02 real, 3173 MB
[runlim] sample:		1679.99 time, 1680.01 real, 3201 MB
[runlim] sample:		1689.99 time, 1690.02 real, 3197 MB
[runlim] sample:		1700.00 time, 1700.02 real, 3233 MB
[runlim] sample:		1710.00 time, 1710.01 real, 3255 MB
[runlim] sample:		1720.00 time, 1720.02 real, 3247 MB
[runlim] sample:		1730.00 time, 1730.01 real, 3290 MB
[runlim] sample:		1740.00 time, 1740.01 real, 3309 MB
[runlim] sample:		1750.00 time, 1750.02 real, 3301 MB
[runlim] sample:		1760.00 time, 1760.01 real, 3347 MB
[runlim] sample:		1769.99 time, 1770.01 real, 3365 MB
[runlim] sample:		1780.00 time, 1780.02 real, 3409 MB
[runlim] sample:		1790.00 time, 1790.02 real, 3437 MB
[runlim] sample:		1800.00 time, 1800.01 real, 3451 MB
[runlim] sample:		1809.99 time, 1810.02 real, 3457 MB
[runlim] sample:		1819.99 time, 1820.02 real, 3487 MB
[runlim] sample:		1830.00 time, 1830.01 real, 3502 MB
[runlim] sample:		1840.00 time, 1840.02 real, 3510 MB
[runlim] sample:		1849.99 time, 1850.01 real, 3541 MB
[runlim] sample:		1860.00 time, 1860.01 real, 3556 MB
[runlim] sample:		1869.99 time, 1870.01 real, 3567 MB
[runlim] sample:		1880.00 time, 1880.01 real, 3596 MB
[runlim] sample:		1890.00 time, 1890.01 real, 3611 MB
[runlim] sample:		1899.99 time, 1900.02 real, 3620 MB
[runlim] sample:		1909.99 time, 1910.01 real, 3650 MB
[runlim] sample:		1920.00 time, 1920.02 real, 3667 MB
[runlim] sample:		1930.00 time, 1930.02 real, 3680 MB
[runlim] sample:		1939.99 time, 1940.01 real, 3710 MB
[runlim] sample:		1949.99 time, 1950.01 real, 3725 MB
[runlim] sample:		1959.99 time, 1960.02 real, 3745 MB
[runlim] sample:		1969.99 time, 1970.01 real, 3770 MB
[runlim] sample:		1980.00 time, 1980.01 real, 3784 MB
[runlim] sample:		1990.00 time, 1990.02 real, 3802 MB
[runlim] sample:		2000.00 time, 2000.01 real, 3828 MB
[runlim] sample:		2010.00 time, 2010.01 real, 3841 MB
[runlim] sample:		2020.00 time, 2020.02 real, 3826 MB
[runlim] sample:		2029.99 time, 2030.02 real, 3873 MB
[runlim] sample:		2040.00 time, 2040.01 real, 3892 MB
[runlim] sample:		2049.99 time, 2050.02 real, 3883 MB
[runlim] sample:		2059.99 time, 2060.02 real, 3895 MB
[runlim] sample:		2069.99 time, 2070.02 real, 3934 MB
[runlim] sample:		2079.99 time, 2080.02 real, 3957 MB
[runlim] sample:		2090.00 time, 2090.01 real, 3970 MB
[runlim] sample:		2100.00 time, 2100.01 real, 3969 MB
[runlim] sample:		2110.00 time, 2110.02 real, 3998 MB
[runlim] sample:		2120.00 time, 2120.01 real, 4014 MB
[runlim] sample:		2130.00 time, 2130.02 real, 4020 MB
[runlim] sample:		2139.99 time, 2140.02 real, 4053 MB
[runlim] sample:		2150.00 time, 2150.02 real, 4071 MB
[runlim] sample:		2160.00 time, 2160.02 real, 4067 MB
[runlim] sample:		2170.00 time, 2170.02 real, 4110 MB
[runlim] sample:		2179.99 time, 2180.01 real, 4130 MB
[runlim] sample:		2189.99 time, 2190.02 real, 4124 MB
[runlim] sample:		2199.99 time, 2200.02 real, 4164 MB
[runlim] sample:		2210.00 time, 2210.01 real, 4189 MB
[runlim] sample:		2220.00 time, 2220.01 real, 4203 MB
[runlim] sample:		2229.99 time, 2230.02 real, 4215 MB
[runlim] sample:		2240.00 time, 2240.02 real, 4245 MB
[runlim] sample:		2249.99 time, 2250.02 real, 4262 MB
[runlim] sample:		2259.99 time, 2260.02 real, 4251 MB
[runlim] sample:		2269.99 time, 2270.01 real, 4299 MB
[runlim] sample:		2280.00 time, 2280.01 real, 4320 MB
[runlim] sample:		2290.00 time, 2290.02 real, 4333 MB
[runlim] sample:		2300.00 time, 2300.02 real, 4342 MB
[runlim] sample:		2310.00 time, 2310.01 real, 4372 MB
[runlim] sample:		2320.00 time, 2320.01 real, 4390 MB
[runlim] sample:		2329.99 time, 2330.02 real, 4378 MB
[runlim] sample:		2340.00 time, 2340.02 real, 4421 MB
[runlim] sample:		2350.00 time, 2350.01 real, 4445 MB
[runlim] sample:		2359.99 time, 2360.01 real, 4459 MB
[runlim] sample:		2369.99 time, 2370.01 real, 4468 MB
[runlim] sample:		2380.00 time, 2380.01 real, 4500 MB
[runlim] sample:		2390.00 time, 2390.01 real, 4518 MB
[runlim] sample:		2399.99 time, 2400.02 real, 4529 MB
[runlim] sample:		2410.00 time, 2410.01 real, 4563 MB
[runlim] sample:		2419.99 time, 2420.01 real, 4584 MB
[runlim] sample:		2429.99 time, 2430.01 real, 4596 MB
[runlim] sample:		2439.99 time, 2440.02 real, 4619 MB
[runlim] sample:		2449.99 time, 2450.01 real, 4644 MB
[runlim] sample:		2459.99 time, 2460.01 real, 4659 MB
[runlim] sample:		2470.00 time, 2470.01 real, 4673 MB
[runlim] sample:		2479.99 time, 2480.01 real, 4705 MB
[runlim] sample:		2490.00 time, 2490.01 real, 4724 MB
[runlim] sample:		2499.99 time, 2500.02 real, 4701 MB
[runlim] sample:		2510.00 time, 2510.02 real, 4738 MB
[runlim] sample:		2520.00 time, 2520.02 real, 4788 MB
[runlim] sample:		2529.99 time, 2530.01 real, 4821 MB
[runlim] sample:		2540.00 time, 2540.01 real, 4840 MB
[runlim] sample:		2550.00 time, 2550.02 real, 4806 MB
[runlim] sample:		2559.99 time, 2560.02 real, 4848 MB
[runlim] sample:		2569.99 time, 2570.02 real, 4835 MB
[runlim] sample:		2580.00 time, 2580.02 real, 4869 MB
[runlim] sample:		2590.00 time, 2590.01 real, 4889 MB
[runlim] sample:		2599.99 time, 2600.01 real, 4900 MB
[runlim] sample:		2609.99 time, 2610.02 real, 4919 MB
[runlim] sample:		2619.99 time, 2620.02 real, 4950 MB
[runlim] sample:		2629.99 time, 2630.01 real, 4968 MB
[runlim] sample:		2640.00 time, 2640.02 real, 4992 MB
[runlim] sample:		2650.00 time, 2650.02 real, 5031 MB
[runlim] sample:		2659.99 time, 2660.01 real, 5056 MB
[runlim] sample:		2670.00 time, 2670.01 real, 5071 MB
[runlim] sample:		2680.00 time, 2680.02 real, 5021 MB
[runlim] sample:		2689.99 time, 2690.02 real, 5058 MB
[runlim] sample:		2700.00 time, 2700.01 real, 5085 MB
[runlim] sample:		2709.99 time, 2710.01 real, 5100 MB
[runlim] sample:		2720.00 time, 2720.02 real, 5143 MB
[runlim] sample:		2730.00 time, 2730.01 real, 5177 MB
[runlim] sample:		2740.00 time, 2740.01 real, 5198 MB
[runlim] sample:		2749.99 time, 2750.01 real, 5209 MB
[runlim] sample:		2759.99 time, 2760.02 real, 5160 MB
[runlim] sample:		2769.99 time, 2770.02 real, 5205 MB
[runlim] sample:		2779.99 time, 2780.01 real, 5227 MB
[runlim] sample:		2790.00 time, 2790.01 real, 5239 MB
[runlim] sample:		2799.99 time, 2800.02 real, 5246 MB
[runlim] sample:		2809.99 time, 2810.02 real, 5280 MB
[runlim] sample:		2820.00 time, 2820.01 real, 5301 MB
[runlim] sample:		2830.00 time, 2830.01 real, 5313 MB
[runlim] sample:		2840.00 time, 2840.02 real, 5312 MB
[runlim] sample:		2850.00 time, 2850.02 real, 5348 MB
[runlim] sample:		2860.00 time, 2860.01 real, 5371 MB
[runlim] sample:		2869.99 time, 2870.01 real, 5384 MB
[runlim] sample:		2879.99 time, 2880.02 real, 5396 MB
[runlim] sample:		2890.00 time, 2890.01 real, 5426 MB
[runlim] sample:		2900.00 time, 2900.01 real, 5445 MB
[runlim] sample:		2909.99 time, 2910.01 real, 5455 MB
[runlim] sample:		2919.99 time, 2920.02 real, 5480 MB
[runlim] sample:		2930.00 time, 2930.01 real, 5505 MB
[runlim] sample:		2939.99 time, 2940.01 real, 5521 MB
[runlim] sample:		2949.99 time, 2950.02 real, 5511 MB
[runlim] sample:		2959.99 time, 2960.02 real, 5559 MB
[runlim] sample:		2969.99 time, 2970.01 real, 5583 MB
[runlim] sample:		2980.00 time, 2980.01 real, 5598 MB
[runlim] sample:		2989.99 time, 2990.02 real, 5588 MB
[runlim] sample:		2999.99 time, 3000.01 real, 5635 MB
[runlim] sample:		3009.99 time, 3010.01 real, 5658 MB
[runlim] sample:		3019.99 time, 3020.01 real, 5671 MB
[runlim] sample:		3029.99 time, 3030.02 real, 5695 MB
[runlim] sample:		3040.00 time, 3040.02 real, 5736 MB
[runlim] sample:		3050.00 time, 3050.01 real, 5763 MB
[runlim] sample:		3060.00 time, 3060.01 real, 5781 MB
[runlim] sample:		3070.00 time, 3070.02 real, 5733 MB
[runlim] sample:		3079.99 time, 3080.01 real, 5770 MB
[runlim] sample:		3090.00 time, 3090.01 real, 5799 MB
[runlim] sample:		3099.99 time, 3100.01 real, 5816 MB
[runlim] sample:		3109.99 time, 3110.02 real, 5808 MB
[runlim] sample:		3120.00 time, 3120.01 real, 5851 MB
[runlim] sample:		3129.99 time, 3130.01 real, 5879 MB
[runlim] sample:		3140.00 time, 3140.01 real, 5895 MB
[runlim] sample:		3149.99 time, 3150.02 real, 5885 MB
[runlim] sample:		3160.00 time, 3160.02 real, 5930 MB
[runlim] sample:		3170.00 time, 3170.02 real, 5966 MB
[runlim] sample:		3179.99 time, 3180.02 real, 5996 MB
[runlim] sample:		3189.99 time, 3190.01 real, 6017 MB
[runlim] sample:		3200.00 time, 3200.01 real, 6029 MB
[runlim] sample:		3209.99 time, 3210.02 real, 5973 MB
[runlim] sample:		3220.00 time, 3220.02 real, 6022 MB
[runlim] sample:		3229.99 time, 3230.01 real, 6046 MB
[runlim] sample:		3240.00 time, 3240.01 real, 6061 MB
[runlim] sample:		3250.00 time, 3250.02 real, 6090 MB
[runlim] sample:		3260.00 time, 3260.02 real, 6140 MB
[runlim] sample:		3269.99 time, 3270.01 real, 6165 MB
[runlim] sample:		3280.00 time, 3280.01 real, 6180 MB
[runlim] sample:		3289.99 time, 3290.02 real, 6124 MB
[runlim] sample:		3300.00 time, 3300.02 real, 6158 MB
[runlim] sample:		3309.99 time, 3310.02 real, 6188 MB
[runlim] sample:		3319.99 time, 3320.01 real, 6207 MB
[runlim] sample:		3330.00 time, 3330.01 real, 6219 MB
[runlim] sample:		3339.99 time, 3340.02 real, 6242 MB
[runlim] sample:		3350.00 time, 3350.02 real, 6281 MB
[runlim] sample:		3359.99 time, 3360.01 real, 6309 MB
[runlim] sample:		3369.99 time, 3370.01 real, 6328 MB
[runlim] sample:		3379.99 time, 3380.01 real, 6340 MB
[runlim] sample:		3390.00 time, 3390.02 real, 6306 MB
[runlim] sample:		3400.00 time, 3400.02 real, 6341 MB
[runlim] sample:		3409.99 time, 3410.01 real, 6364 MB
[runlim] sample:		3419.99 time, 3420.01 real, 6378 MB
[runlim] sample:		3430.00 time, 3430.02 real, 6366 MB
[runlim] sample:		3440.00 time, 3440.02 real, 6417 MB
[runlim] sample:		3450.00 time, 3450.01 real, 6443 MB
[runlim] sample:		3459.99 time, 3460.01 real, 6460 MB
[runlim] sample:		3469.99 time, 3470.01 real, 6470 MB
[runlim] sample:		3479.99 time, 3480.02 real, 6486 MB
[runlim] sample:		3489.99 time, 3490.01 real, 6517 MB
[runlim] sample:		3499.99 time, 3500.01 real, 6537 MB
[runlim] sample:		3509.99 time, 3510.01 real, 6550 MB
[runlim] sample:		3520.00 time, 3520.02 real, 6538 MB
[runlim] sample:		3529.99 time, 3530.02 real, 6581 MB
[runlim] sample:		3540.00 time, 3540.02 real, 6608 MB
[runlim] sample:		3550.00 time, 3550.01 real, 6627 MB
[runlim] sample:		3560.00 time, 3560.01 real, 6639 MB
[runlim] sample:		3569.99 time, 3570.01 real, 6632 MB
[runlim] sample:		3579.99 time, 3580.02 real, 6675 MB
[runlim] sample:		3590.00 time, 3590.01 real, 6700 MB
[runlim] sample:		3600.00 time, 3600.01 real, 6718 MB
[runlim] end:			Wed Oct 16 10:49:17 2019
[runlim] status:		out of time
[runlim] result:		2
[runlim] children:		2
[runlim] real:			3600.10 seconds
[runlim] time:			3600.00 seconds
[runlim] space:			6718 MB
[runlim] samples:		36000
