[runlim] version:		1.17
[runlim] host:			c3n12
[runlim] time limit:		311040000 seconds
[runlim] real time limit:	3600 seconds
[runlim] space limit:		120000 MB
[runlim] argv[0]:		./run-btormc.sh
[runlim] argv[1]:		/tmp/lmxI12GK.btor
[runlim] start:			Wed Oct 16 07:51:44 2019
[runlim] child:			15553
[runlim] sample:		10.00 time, 10.02 real, 190 MB
[runlim] sample:		19.99 time, 20.02 real, 186 MB
[runlim] sample:		30.00 time, 30.02 real, 182 MB
[runlim] sample:		40.00 time, 40.02 real, 235 MB
[runlim] sample:		50.00 time, 50.02 real, 266 MB
[runlim] sample:		60.00 time, 60.02 real, 295 MB
[runlim] sample:		70.00 time, 70.02 real, 295 MB
[runlim] sample:		80.00 time, 80.02 real, 287 MB
[runlim] sample:		90.00 time, 90.02 real, 270 MB
[runlim] sample:		100.00 time, 100.02 real, 271 MB
[runlim] sample:		110.00 time, 110.02 real, 290 MB
[runlim] sample:		120.00 time, 120.02 real, 290 MB
[runlim] sample:		130.00 time, 130.02 real, 291 MB
[runlim] sample:		140.00 time, 140.02 real, 291 MB
[runlim] sample:		150.00 time, 150.02 real, 294 MB
[runlim] sample:		160.00 time, 160.02 real, 294 MB
[runlim] sample:		170.00 time, 170.02 real, 297 MB
[runlim] sample:		180.01 time, 180.02 real, 297 MB
[runlim] sample:		190.01 time, 190.02 real, 297 MB
[runlim] sample:		200.01 time, 200.02 real, 297 MB
[runlim] sample:		210.01 time, 210.02 real, 297 MB
[runlim] sample:		220.01 time, 220.02 real, 298 MB
[runlim] sample:		230.01 time, 230.01 real, 298 MB
[runlim] sample:		240.01 time, 240.02 real, 298 MB
[runlim] sample:		250.01 time, 250.02 real, 298 MB
[runlim] end:			Wed Oct 16 07:55:57 2019
[runlim] status:		ok
[runlim] result:		0
[runlim] children:		2
[runlim] real:			253.10 seconds
[runlim] time:			253.01 seconds
[runlim] space:			316 MB
[runlim] samples:		2530
