[runlim] version:		1.17
[runlim] host:			c3n06
[runlim] time limit:		311040000 seconds
[runlim] real time limit:	3600 seconds
[runlim] space limit:		120000 MB
[runlim] argv[0]:		./run-btormc.sh
[runlim] argv[1]:		/tmp/iFJ9754Q.btor
[runlim] start:			Wed Oct 16 08:01:02 2019
[runlim] child:			27876
[runlim] sample:		10.00 time, 10.01 real, 80 MB
[runlim] sample:		20.00 time, 20.01 real, 100 MB
[runlim] sample:		30.00 time, 30.01 real, 111 MB
[runlim] sample:		40.00 time, 40.01 real, 124 MB
[runlim] sample:		50.00 time, 50.01 real, 130 MB
[runlim] sample:		60.00 time, 60.01 real, 144 MB
[runlim] sample:		70.00 time, 70.01 real, 159 MB
[runlim] sample:		80.00 time, 80.01 real, 137 MB
[runlim] sample:		90.00 time, 90.01 real, 169 MB
[runlim] sample:		100.00 time, 100.01 real, 176 MB
[runlim] sample:		110.00 time, 110.01 real, 188 MB
[runlim] sample:		119.99 time, 120.01 real, 201 MB
[runlim] sample:		130.00 time, 130.01 real, 205 MB
[runlim] sample:		139.99 time, 140.01 real, 214 MB
[runlim] sample:		149.99 time, 150.01 real, 227 MB
[runlim] sample:		159.99 time, 160.01 real, 224 MB
[runlim] sample:		169.99 time, 170.01 real, 239 MB
[runlim] sample:		180.00 time, 180.01 real, 237 MB
[runlim] sample:		189.99 time, 190.01 real, 256 MB
[runlim] sample:		199.99 time, 200.01 real, 265 MB
[runlim] sample:		209.99 time, 210.01 real, 268 MB
[runlim] sample:		219.99 time, 220.01 real, 277 MB
[runlim] sample:		230.00 time, 230.01 real, 285 MB
[runlim] sample:		239.99 time, 240.01 real, 303 MB
[runlim] sample:		250.00 time, 250.01 real, 309 MB
[runlim] sample:		260.00 time, 260.01 real, 317 MB
[runlim] sample:		270.00 time, 270.01 real, 325 MB
[runlim] sample:		280.00 time, 280.01 real, 334 MB
[runlim] sample:		290.00 time, 290.01 real, 342 MB
[runlim] sample:		300.00 time, 300.01 real, 354 MB
[runlim] sample:		309.99 time, 310.01 real, 361 MB
[runlim] sample:		320.00 time, 320.01 real, 371 MB
[runlim] sample:		330.00 time, 330.01 real, 380 MB
[runlim] sample:		339.99 time, 340.01 real, 390 MB
[runlim] sample:		350.00 time, 350.01 real, 399 MB
[runlim] sample:		360.00 time, 360.01 real, 414 MB
[runlim] sample:		369.99 time, 370.01 real, 413 MB
[runlim] sample:		379.99 time, 380.01 real, 413 MB
[runlim] sample:		389.99 time, 390.01 real, 413 MB
[runlim] sample:		400.00 time, 400.01 real, 414 MB
[runlim] sample:		409.99 time, 410.01 real, 431 MB
[runlim] sample:		419.99 time, 420.01 real, 403 MB
[runlim] sample:		429.99 time, 430.01 real, 419 MB
[runlim] sample:		440.00 time, 440.01 real, 448 MB
[runlim] sample:		450.00 time, 450.01 real, 461 MB
[runlim] sample:		459.99 time, 460.01 real, 470 MB
[runlim] sample:		469.99 time, 470.01 real, 469 MB
[runlim] sample:		479.99 time, 480.01 real, 485 MB
[runlim] sample:		490.00 time, 490.01 real, 493 MB
[runlim] sample:		499.99 time, 500.01 real, 502 MB
[runlim] sample:		509.99 time, 510.01 real, 510 MB
[runlim] sample:		520.00 time, 520.01 real, 519 MB
[runlim] sample:		529.99 time, 530.01 real, 527 MB
[runlim] sample:		540.00 time, 540.01 real, 537 MB
[runlim] sample:		549.99 time, 550.01 real, 545 MB
[runlim] sample:		559.99 time, 560.01 real, 553 MB
[runlim] sample:		569.99 time, 570.01 real, 562 MB
[runlim] sample:		579.99 time, 580.01 real, 569 MB
[runlim] sample:		589.99 time, 590.01 real, 578 MB
[runlim] sample:		599.99 time, 600.01 real, 582 MB
[runlim] sample:		609.99 time, 610.01 real, 594 MB
[runlim] sample:		619.99 time, 620.01 real, 603 MB
[runlim] sample:		629.99 time, 630.01 real, 610 MB
[runlim] sample:		639.99 time, 640.02 real, 619 MB
[runlim] sample:		649.99 time, 650.02 real, 614 MB
[runlim] sample:		659.99 time, 660.02 real, 614 MB
[runlim] sample:		669.99 time, 670.02 real, 614 MB
[runlim] sample:		679.99 time, 680.02 real, 632 MB
[runlim] sample:		689.99 time, 690.02 real, 633 MB
[runlim] sample:		699.99 time, 700.01 real, 635 MB
[runlim] sample:		709.99 time, 710.01 real, 615 MB
[runlim] sample:		719.99 time, 720.01 real, 664 MB
[runlim] sample:		729.99 time, 730.01 real, 673 MB
[runlim] sample:		739.99 time, 740.01 real, 645 MB
[runlim] sample:		749.99 time, 750.02 real, 653 MB
[runlim] sample:		759.99 time, 760.02 real, 661 MB
[runlim] sample:		769.99 time, 770.02 real, 677 MB
[runlim] sample:		779.99 time, 780.02 real, 686 MB
[runlim] sample:		789.99 time, 790.02 real, 693 MB
[runlim] sample:		799.99 time, 800.02 real, 703 MB
[runlim] sample:		809.99 time, 810.01 real, 712 MB
[runlim] sample:		819.99 time, 820.02 real, 720 MB
[runlim] sample:		829.99 time, 830.02 real, 729 MB
[runlim] sample:		839.99 time, 840.02 real, 736 MB
[runlim] sample:		849.99 time, 850.01 real, 745 MB
[runlim] sample:		859.99 time, 860.01 real, 754 MB
[runlim] sample:		869.99 time, 870.02 real, 770 MB
[runlim] sample:		879.99 time, 880.02 real, 779 MB
[runlim] sample:		889.99 time, 890.02 real, 776 MB
[runlim] sample:		899.99 time, 900.02 real, 794 MB
[runlim] sample:		909.99 time, 910.01 real, 803 MB
[runlim] sample:		919.99 time, 920.02 real, 810 MB
[runlim] sample:		929.99 time, 930.01 real, 819 MB
[runlim] sample:		939.99 time, 940.01 real, 828 MB
[runlim] sample:		949.99 time, 950.01 real, 836 MB
[runlim] sample:		959.99 time, 960.01 real, 844 MB
[runlim] sample:		969.99 time, 970.02 real, 852 MB
[runlim] sample:		979.99 time, 980.02 real, 861 MB
[runlim] sample:		989.99 time, 990.02 real, 870 MB
[runlim] sample:		999.99 time, 1000.02 real, 878 MB
[runlim] sample:		1009.99 time, 1010.01 real, 886 MB
[runlim] sample:		1019.99 time, 1020.01 real, 895 MB
[runlim] sample:		1029.99 time, 1030.02 real, 902 MB
[runlim] sample:		1039.99 time, 1040.02 real, 911 MB
[runlim] sample:		1049.99 time, 1050.01 real, 908 MB
[runlim] sample:		1059.99 time, 1060.02 real, 927 MB
[runlim] sample:		1069.99 time, 1070.02 real, 935 MB
[runlim] sample:		1079.99 time, 1080.02 real, 939 MB
[runlim] sample:		1090.00 time, 1090.01 real, 947 MB
[runlim] sample:		1099.99 time, 1100.01 real, 947 MB
[runlim] sample:		1109.99 time, 1110.02 real, 950 MB
[runlim] sample:		1119.99 time, 1120.02 real, 973 MB
[runlim] sample:		1129.99 time, 1130.02 real, 969 MB
[runlim] sample:		1139.99 time, 1140.02 real, 969 MB
[runlim] sample:		1149.99 time, 1150.02 real, 1009 MB
[runlim] sample:		1159.99 time, 1160.01 real, 1017 MB
[runlim] sample:		1169.99 time, 1170.02 real, 1026 MB
[runlim] sample:		1179.99 time, 1180.02 real, 958 MB
[runlim] sample:		1190.00 time, 1190.02 real, 984 MB
[runlim] sample:		1199.99 time, 1200.02 real, 1003 MB
[runlim] sample:		1209.99 time, 1210.01 real, 1021 MB
[runlim] sample:		1219.99 time, 1220.02 real, 1029 MB
[runlim] sample:		1230.00 time, 1230.01 real, 1038 MB
[runlim] sample:		1239.99 time, 1240.02 real, 1047 MB
[runlim] sample:		1249.99 time, 1250.01 real, 1055 MB
[runlim] sample:		1259.99 time, 1260.02 real, 1064 MB
[runlim] sample:		1270.00 time, 1270.01 real, 1072 MB
[runlim] sample:		1280.00 time, 1280.02 real, 1078 MB
[runlim] sample:		1289.99 time, 1290.02 real, 1086 MB
[runlim] sample:		1299.99 time, 1300.02 real, 1095 MB
[runlim] sample:		1309.99 time, 1310.01 real, 1103 MB
[runlim] sample:		1319.99 time, 1320.02 real, 1110 MB
[runlim] sample:		1329.99 time, 1330.01 real, 1118 MB
[runlim] sample:		1339.99 time, 1340.01 real, 1127 MB
[runlim] sample:		1349.99 time, 1350.02 real, 1134 MB
[runlim] sample:		1359.99 time, 1360.02 real, 1143 MB
[runlim] sample:		1369.99 time, 1370.02 real, 1152 MB
[runlim] sample:		1379.99 time, 1380.01 real, 1160 MB
[runlim] sample:		1389.99 time, 1390.02 real, 1167 MB
[runlim] sample:		1399.99 time, 1400.02 real, 1176 MB
[runlim] sample:		1409.99 time, 1410.01 real, 1184 MB
[runlim] sample:		1419.99 time, 1420.02 real, 1180 MB
[runlim] sample:		1429.99 time, 1430.01 real, 1199 MB
[runlim] sample:		1439.99 time, 1440.01 real, 1208 MB
[runlim] sample:		1449.99 time, 1450.02 real, 1216 MB
[runlim] sample:		1459.99 time, 1460.02 real, 1211 MB
[runlim] sample:		1470.00 time, 1470.01 real, 1232 MB
[runlim] sample:		1479.99 time, 1480.02 real, 1240 MB
[runlim] sample:		1489.99 time, 1490.01 real, 1249 MB
[runlim] sample:		1499.99 time, 1500.02 real, 1256 MB
[runlim] sample:		1510.00 time, 1510.02 real, 1265 MB
[runlim] sample:		1519.99 time, 1520.01 real, 1274 MB
[runlim] sample:		1529.99 time, 1530.02 real, 1282 MB
[runlim] sample:		1540.00 time, 1540.02 real, 1281 MB
[runlim] sample:		1549.99 time, 1550.01 real, 1302 MB
[runlim] sample:		1560.00 time, 1560.02 real, 1310 MB
[runlim] sample:		1569.99 time, 1570.01 real, 1319 MB
[runlim] sample:		1579.99 time, 1580.02 real, 1317 MB
[runlim] sample:		1590.00 time, 1590.02 real, 1401 MB
[runlim] sample:		1600.00 time, 1600.01 real, 1408 MB
[runlim] sample:		1609.99 time, 1610.02 real, 1426 MB
[runlim] sample:		1619.99 time, 1620.02 real, 1434 MB
[runlim] sample:		1629.99 time, 1630.02 real, 1443 MB
[runlim] sample:		1639.99 time, 1640.01 real, 1451 MB
[runlim] sample:		1649.99 time, 1650.02 real, 1462 MB
[runlim] sample:		1660.00 time, 1660.02 real, 1442 MB
[runlim] sample:		1670.00 time, 1670.02 real, 1442 MB
[runlim] sample:		1679.99 time, 1680.02 real, 1442 MB
[runlim] sample:		1689.99 time, 1690.02 real, 1465 MB
[runlim] sample:		1699.99 time, 1700.02 real, 1465 MB
[runlim] sample:		1709.99 time, 1710.02 real, 1493 MB
[runlim] sample:		1719.99 time, 1720.01 real, 1465 MB
[runlim] sample:		1729.99 time, 1730.01 real, 1465 MB
[runlim] sample:		1739.99 time, 1740.02 real, 1500 MB
[runlim] sample:		1749.99 time, 1750.02 real, 1500 MB
[runlim] sample:		1760.00 time, 1760.02 real, 1467 MB
[runlim] sample:		1770.00 time, 1770.02 real, 1467 MB
[runlim] sample:		1780.00 time, 1780.02 real, 1467 MB
[runlim] sample:		1789.99 time, 1790.02 real, 1478 MB
[runlim] sample:		1800.00 time, 1800.02 real, 1447 MB
[runlim] sample:		1809.99 time, 1810.02 real, 1466 MB
[runlim] sample:		1819.99 time, 1820.02 real, 1526 MB
[runlim] sample:		1829.99 time, 1830.02 real, 1534 MB
[runlim] sample:		1839.99 time, 1840.02 real, 1542 MB
[runlim] sample:		1849.99 time, 1850.02 real, 1551 MB
[runlim] sample:		1859.99 time, 1860.02 real, 1524 MB
[runlim] sample:		1869.99 time, 1870.01 real, 1529 MB
[runlim] sample:		1879.99 time, 1880.02 real, 1549 MB
[runlim] sample:		1890.00 time, 1890.01 real, 1558 MB
[runlim] sample:		1899.99 time, 1900.02 real, 1566 MB
[runlim] sample:		1910.00 time, 1910.01 real, 1574 MB
[runlim] sample:		1920.00 time, 1920.01 real, 1578 MB
[runlim] sample:		1929.99 time, 1930.02 real, 1590 MB
[runlim] sample:		1940.00 time, 1940.02 real, 1599 MB
[runlim] sample:		1949.99 time, 1950.02 real, 1607 MB
[runlim] sample:		1960.00 time, 1960.02 real, 1616 MB
[runlim] sample:		1970.00 time, 1970.01 real, 1622 MB
[runlim] sample:		1979.99 time, 1980.02 real, 1631 MB
[runlim] sample:		1989.99 time, 1990.02 real, 1639 MB
[runlim] sample:		1999.99 time, 2000.02 real, 1647 MB
[runlim] sample:		2010.00 time, 2010.02 real, 1640 MB
[runlim] sample:		2020.00 time, 2020.02 real, 1660 MB
[runlim] sample:		2029.99 time, 2030.02 real, 1668 MB
[runlim] sample:		2040.00 time, 2040.02 real, 1676 MB
[runlim] sample:		2049.99 time, 2050.02 real, 1684 MB
[runlim] sample:		2059.99 time, 2060.02 real, 1693 MB
[runlim] sample:		2070.00 time, 2070.02 real, 1699 MB
[runlim] sample:		2079.99 time, 2080.02 real, 1707 MB
[runlim] sample:		2090.00 time, 2090.02 real, 1715 MB
[runlim] sample:		2100.00 time, 2100.02 real, 1723 MB
[runlim] sample:		2110.00 time, 2110.02 real, 1732 MB
[runlim] sample:		2120.00 time, 2120.02 real, 1723 MB
[runlim] sample:		2130.00 time, 2130.01 real, 1744 MB
[runlim] sample:		2139.99 time, 2140.02 real, 1752 MB
[runlim] sample:		2150.00 time, 2150.02 real, 1760 MB
[runlim] sample:		2159.99 time, 2160.02 real, 1769 MB
[runlim] sample:		2169.99 time, 2170.02 real, 1761 MB
[runlim] sample:		2180.00 time, 2180.02 real, 1768 MB
[runlim] sample:		2190.00 time, 2190.02 real, 1789 MB
[runlim] sample:		2200.00 time, 2200.02 real, 1798 MB
[runlim] sample:		2210.00 time, 2210.01 real, 1806 MB
[runlim] sample:		2219.99 time, 2220.02 real, 1815 MB
[runlim] sample:		2230.00 time, 2230.02 real, 1823 MB
[runlim] sample:		2240.00 time, 2240.01 real, 1828 MB
[runlim] sample:		2249.99 time, 2250.02 real, 1789 MB
[runlim] sample:		2260.00 time, 2260.02 real, 1806 MB
[runlim] sample:		2270.00 time, 2270.02 real, 1814 MB
[runlim] sample:		2279.99 time, 2280.02 real, 1822 MB
[runlim] sample:		2289.99 time, 2290.02 real, 1830 MB
[runlim] sample:		2300.00 time, 2300.02 real, 1839 MB
[runlim] sample:		2310.00 time, 2310.02 real, 1844 MB
[runlim] sample:		2320.00 time, 2320.02 real, 1853 MB
[runlim] sample:		2330.00 time, 2330.02 real, 1862 MB
[runlim] sample:		2339.99 time, 2340.02 real, 1870 MB
[runlim] sample:		2350.00 time, 2350.02 real, 1878 MB
[runlim] sample:		2360.00 time, 2360.01 real, 1887 MB
[runlim] sample:		2369.99 time, 2370.02 real, 1882 MB
[runlim] sample:		2380.00 time, 2380.02 real, 1896 MB
[runlim] sample:		2390.00 time, 2390.02 real, 1905 MB
[runlim] sample:		2400.00 time, 2400.02 real, 1913 MB
[runlim] sample:		2409.99 time, 2410.02 real, 1921 MB
[runlim] sample:		2420.00 time, 2420.02 real, 1929 MB
[runlim] sample:		2430.00 time, 2430.02 real, 1919 MB
[runlim] sample:		2440.00 time, 2440.02 real, 1919 MB
[runlim] sample:		2450.00 time, 2450.02 real, 1942 MB
[runlim] sample:		2460.00 time, 2460.02 real, 1942 MB
[runlim] sample:		2470.00 time, 2470.02 real, 1976 MB
[runlim] sample:		2479.99 time, 2480.02 real, 1949 MB
[runlim] sample:		2489.99 time, 2490.01 real, 1980 MB
[runlim] sample:		2500.00 time, 2500.01 real, 1949 MB
[runlim] sample:		2509.99 time, 2510.01 real, 1949 MB
[runlim] sample:		2520.00 time, 2520.02 real, 1989 MB
[runlim] sample:		2529.99 time, 2530.02 real, 1989 MB
[runlim] sample:		2540.00 time, 2540.01 real, 1949 MB
[runlim] sample:		2549.99 time, 2550.02 real, 1958 MB
[runlim] sample:		2559.99 time, 2560.02 real, 1958 MB
[runlim] sample:		2570.00 time, 2570.02 real, 1958 MB
[runlim] sample:		2580.00 time, 2580.02 real, 1958 MB
[runlim] sample:		2589.99 time, 2590.02 real, 1963 MB
[runlim] sample:		2600.00 time, 2600.02 real, 1981 MB
[runlim] sample:		2610.00 time, 2610.02 real, 1990 MB
[runlim] sample:		2620.00 time, 2620.02 real, 1998 MB
[runlim] sample:		2630.00 time, 2630.02 real, 2006 MB
[runlim] sample:		2639.99 time, 2640.02 real, 2015 MB
[runlim] sample:		2650.00 time, 2650.01 real, 1953 MB
[runlim] sample:		2660.00 time, 2660.02 real, 1988 MB
[runlim] sample:		2670.00 time, 2670.02 real, 1997 MB
[runlim] sample:		2679.99 time, 2680.01 real, 2005 MB
[runlim] sample:		2690.00 time, 2690.02 real, 2013 MB
[runlim] sample:		2699.99 time, 2700.02 real, 2022 MB
[runlim] sample:		2710.00 time, 2710.01 real, 2030 MB
[runlim] sample:		2720.00 time, 2720.02 real, 2041 MB
[runlim] sample:		2729.99 time, 2730.02 real, 2049 MB
[runlim] sample:		2740.00 time, 2740.01 real, 2057 MB
[runlim] sample:		2750.00 time, 2750.01 real, 2066 MB
[runlim] sample:		2760.00 time, 2760.01 real, 2074 MB
[runlim] sample:		2770.00 time, 2770.02 real, 2081 MB
[runlim] sample:		2780.00 time, 2780.02 real, 2077 MB
[runlim] sample:		2790.00 time, 2790.02 real, 2100 MB
[runlim] sample:		2799.99 time, 2800.02 real, 2109 MB
[runlim] sample:		2810.00 time, 2810.02 real, 2117 MB
[runlim] sample:		2820.00 time, 2820.02 real, 2125 MB
[runlim] sample:		2830.00 time, 2830.02 real, 2133 MB
[runlim] sample:		2840.00 time, 2840.01 real, 2148 MB
[runlim] sample:		2850.00 time, 2850.02 real, 2156 MB
[runlim] sample:		2860.00 time, 2860.02 real, 2165 MB
[runlim] sample:		2870.00 time, 2870.01 real, 2173 MB
[runlim] sample:		2880.00 time, 2880.01 real, 2182 MB
[runlim] sample:		2890.00 time, 2890.02 real, 2174 MB
[runlim] sample:		2900.00 time, 2900.02 real, 2210 MB
[runlim] sample:		2910.00 time, 2910.02 real, 2219 MB
[runlim] sample:		2920.00 time, 2920.01 real, 2226 MB
[runlim] sample:		2930.00 time, 2930.01 real, 2234 MB
[runlim] sample:		2940.00 time, 2940.02 real, 2242 MB
[runlim] sample:		2950.00 time, 2950.02 real, 2251 MB
[runlim] sample:		2959.99 time, 2960.02 real, 2292 MB
[runlim] sample:		2970.00 time, 2970.01 real, 2300 MB
[runlim] sample:		2979.99 time, 2980.02 real, 2307 MB
[runlim] sample:		2990.00 time, 2990.02 real, 2315 MB
[runlim] sample:		3000.00 time, 3000.02 real, 2323 MB
[runlim] sample:		3010.00 time, 3010.02 real, 2330 MB
[runlim] sample:		3020.00 time, 3020.01 real, 2333 MB
[runlim] sample:		3029.99 time, 3030.02 real, 2344 MB
[runlim] sample:		3040.00 time, 3040.01 real, 2353 MB
[runlim] sample:		3050.00 time, 3050.01 real, 2361 MB
[runlim] sample:		3060.00 time, 3060.02 real, 2369 MB
[runlim] sample:		3070.00 time, 3070.02 real, 2377 MB
[runlim] sample:		3080.00 time, 3080.01 real, 2386 MB
[runlim] sample:		3090.00 time, 3090.02 real, 2391 MB
[runlim] sample:		3100.00 time, 3100.01 real, 2399 MB
[runlim] sample:		3110.00 time, 3110.02 real, 2408 MB
[runlim] sample:		3120.00 time, 3120.02 real, 2416 MB
[runlim] sample:		3129.99 time, 3130.02 real, 2424 MB
[runlim] sample:		3140.00 time, 3140.02 real, 2432 MB
[runlim] sample:		3150.00 time, 3150.02 real, 2435 MB
[runlim] sample:		3159.99 time, 3160.02 real, 2430 MB
[runlim] sample:		3170.00 time, 3170.01 real, 2527 MB
[runlim] sample:		3180.00 time, 3180.02 real, 2535 MB
[runlim] sample:		3190.00 time, 3190.02 real, 2543 MB
[runlim] sample:		3199.99 time, 3200.01 real, 2550 MB
[runlim] sample:		3209.99 time, 3210.01 real, 2558 MB
[runlim] sample:		3220.00 time, 3220.02 real, 2566 MB
[runlim] sample:		3229.99 time, 3230.02 real, 2584 MB
[runlim] sample:		3240.00 time, 3240.01 real, 2595 MB
[runlim] sample:		3249.99 time, 3250.01 real, 2603 MB
[runlim] sample:		3260.00 time, 3260.01 real, 2611 MB
[runlim] sample:		3269.99 time, 3270.01 real, 2619 MB
[runlim] sample:		3280.00 time, 3280.01 real, 2627 MB
[runlim] sample:		3290.00 time, 3290.01 real, 2635 MB
[runlim] sample:		3300.00 time, 3300.02 real, 2646 MB
[runlim] sample:		3310.00 time, 3310.01 real, 2655 MB
[runlim] sample:		3320.00 time, 3320.02 real, 2663 MB
[runlim] sample:		3330.00 time, 3330.02 real, 2671 MB
[runlim] sample:		3340.00 time, 3340.01 real, 2679 MB
[runlim] sample:		3350.00 time, 3350.01 real, 2687 MB
[runlim] sample:		3360.00 time, 3360.02 real, 2677 MB
[runlim] sample:		3369.99 time, 3370.02 real, 2707 MB
[runlim] sample:		3380.00 time, 3380.01 real, 2715 MB
[runlim] sample:		3390.00 time, 3390.01 real, 2723 MB
[runlim] sample:		3400.00 time, 3400.01 real, 2731 MB
[runlim] sample:		3410.00 time, 3410.02 real, 2730 MB
[runlim] sample:		3419.99 time, 3420.02 real, 2756 MB
[runlim] sample:		3430.00 time, 3430.02 real, 2764 MB
[runlim] sample:		3440.00 time, 3440.01 real, 2772 MB
[runlim] sample:		3450.00 time, 3450.02 real, 2781 MB
[runlim] sample:		3460.00 time, 3460.01 real, 2788 MB
[runlim] sample:		3470.00 time, 3470.02 real, 2797 MB
[runlim] sample:		3480.00 time, 3480.02 real, 2826 MB
[runlim] sample:		3489.99 time, 3490.01 real, 2834 MB
[runlim] sample:		3500.00 time, 3500.01 real, 2842 MB
[runlim] sample:		3510.00 time, 3510.02 real, 2849 MB
[runlim] sample:		3520.00 time, 3520.01 real, 2856 MB
[runlim] sample:		3530.00 time, 3530.02 real, 2863 MB
[runlim] sample:		3540.00 time, 3540.02 real, 2871 MB
[runlim] sample:		3550.00 time, 3550.01 real, 2875 MB
[runlim] sample:		3560.00 time, 3560.01 real, 2882 MB
[runlim] sample:		3569.99 time, 3570.01 real, 2889 MB
[runlim] sample:		3580.00 time, 3580.01 real, 2897 MB
[runlim] sample:		3590.00 time, 3590.01 real, 2904 MB
[runlim] sample:		3599.99 time, 3600.01 real, 2912 MB
[runlim] end:			Wed Oct 16 09:01:02 2019
[runlim] status:		out of time
[runlim] result:		2
[runlim] children:		2
[runlim] real:			3600.10 seconds
[runlim] time:			3599.99 seconds
[runlim] space:			2912 MB
[runlim] samples:		36000
