[runlim] version:		1.17
[runlim] host:			c3n24
[runlim] time limit:		311040000 seconds
[runlim] real time limit:	3600 seconds
[runlim] space limit:		120000 MB
[runlim] argv[0]:		./run-btormc.sh
[runlim] argv[1]:		/tmp/rwgeOiUp.btor
[runlim] start:			Wed Oct 16 06:25:26 2019
[runlim] child:			27916
warning: unsupported tag 'output'
warning: unsupported tag 'output'
warning: unsupported tag 'output'
warning: unsupported tag 'output'
warning: unsupported tag 'output'
warning: unsupported tag 'output'
warning: unsupported tag 'output'
warning: unsupported tag 'output'
warning: unsupported tag 'output'
warning: unsupported tag 'output'
[runlim] sample:		10.00 time, 10.02 real, 82 MB
[runlim] sample:		20.00 time, 20.01 real, 110 MB
[runlim] end:			Wed Oct 16 06:25:49 2019
[runlim] status:		ok
[runlim] result:		0
[runlim] children:		2
[runlim] real:			22.70 seconds
[runlim] time:			22.60 seconds
[runlim] space:			117 MB
[runlim] samples:		226
