[runlim] version:		1.17
[runlim] host:			c3n10
[runlim] time limit:		311040000 seconds
[runlim] real time limit:	3600 seconds
[runlim] space limit:		120000 MB
[runlim] argv[0]:		./run-btormc.sh
[runlim] argv[1]:		/tmp/c5QCnGMu.btor
[runlim] start:			Wed Oct 16 08:24:37 2019
[runlim] child:			27658
[runlim] sample:		10.00 time, 10.02 real, 91 MB
[runlim] sample:		20.01 time, 20.01 real, 106 MB
[runlim] sample:		30.01 time, 30.02 real, 114 MB
[runlim] sample:		40.00 time, 40.01 real, 144 MB
[runlim] sample:		50.00 time, 50.01 real, 175 MB
[runlim] sample:		60.00 time, 60.01 real, 208 MB
[runlim] sample:		70.00 time, 70.01 real, 217 MB
[runlim] sample:		79.99 time, 80.01 real, 227 MB
[runlim] sample:		90.00 time, 90.01 real, 237 MB
[runlim] sample:		100.00 time, 100.01 real, 250 MB
[runlim] sample:		110.00 time, 110.01 real, 262 MB
[runlim] sample:		119.99 time, 120.01 real, 275 MB
[runlim] sample:		130.00 time, 130.01 real, 292 MB
[runlim] sample:		140.00 time, 140.02 real, 300 MB
[runlim] sample:		150.00 time, 150.01 real, 316 MB
[runlim] sample:		160.00 time, 160.02 real, 326 MB
[runlim] sample:		169.99 time, 170.01 real, 335 MB
[runlim] sample:		180.00 time, 180.02 real, 337 MB
[runlim] sample:		190.00 time, 190.01 real, 364 MB
[runlim] sample:		200.00 time, 200.01 real, 381 MB
[runlim] sample:		210.00 time, 210.01 real, 389 MB
[runlim] sample:		219.99 time, 220.02 real, 391 MB
[runlim] sample:		230.00 time, 230.02 real, 377 MB
[runlim] sample:		240.00 time, 240.01 real, 415 MB
[runlim] sample:		249.99 time, 250.01 real, 423 MB
[runlim] sample:		259.99 time, 260.02 real, 431 MB
[runlim] sample:		269.99 time, 270.01 real, 440 MB
[runlim] sample:		280.00 time, 280.01 real, 448 MB
[runlim] sample:		290.00 time, 290.02 real, 448 MB
[runlim] sample:		300.00 time, 300.01 real, 463 MB
[runlim] sample:		309.99 time, 310.02 real, 473 MB
[runlim] sample:		319.99 time, 320.02 real, 480 MB
[runlim] sample:		329.99 time, 330.01 real, 508 MB
[runlim] sample:		339.99 time, 340.02 real, 521 MB
[runlim] sample:		350.00 time, 350.02 real, 514 MB
[runlim] sample:		360.00 time, 360.01 real, 525 MB
[runlim] sample:		369.99 time, 370.02 real, 558 MB
[runlim] sample:		380.00 time, 380.01 real, 567 MB
[runlim] sample:		390.00 time, 390.01 real, 584 MB
[runlim] sample:		399.99 time, 400.02 real, 597 MB
[runlim] sample:		410.00 time, 410.01 real, 605 MB
[runlim] sample:		419.99 time, 420.02 real, 612 MB
[runlim] sample:		429.99 time, 430.01 real, 641 MB
[runlim] sample:		440.00 time, 440.02 real, 649 MB
[runlim] sample:		450.00 time, 450.02 real, 656 MB
[runlim] sample:		460.00 time, 460.02 real, 665 MB
[runlim] sample:		469.99 time, 470.02 real, 673 MB
[runlim] sample:		479.99 time, 480.02 real, 681 MB
[runlim] sample:		489.99 time, 490.01 real, 689 MB
[runlim] sample:		499.99 time, 500.01 real, 696 MB
[runlim] sample:		510.00 time, 510.01 real, 703 MB
[runlim] sample:		520.00 time, 520.01 real, 709 MB
[runlim] sample:		529.99 time, 530.02 real, 707 MB
[runlim] sample:		540.00 time, 540.02 real, 734 MB
[runlim] sample:		549.99 time, 550.02 real, 757 MB
[runlim] sample:		560.00 time, 560.02 real, 768 MB
[runlim] sample:		569.99 time, 570.02 real, 801 MB
[runlim] sample:		580.00 time, 580.02 real, 802 MB
[runlim] sample:		590.00 time, 590.02 real, 785 MB
[runlim] sample:		600.00 time, 600.02 real, 782 MB
[runlim] sample:		610.00 time, 610.01 real, 800 MB
[runlim] sample:		619.99 time, 620.02 real, 811 MB
[runlim] sample:		630.00 time, 630.01 real, 841 MB
[runlim] sample:		640.00 time, 640.02 real, 847 MB
[runlim] sample:		650.00 time, 650.02 real, 856 MB
[runlim] sample:		660.00 time, 660.02 real, 863 MB
[runlim] sample:		669.99 time, 670.01 real, 873 MB
[runlim] sample:		680.00 time, 680.02 real, 867 MB
[runlim] sample:		690.00 time, 690.01 real, 885 MB
[runlim] sample:		700.00 time, 700.02 real, 891 MB
[runlim] sample:		709.99 time, 710.02 real, 914 MB
[runlim] sample:		719.99 time, 720.02 real, 933 MB
[runlim] sample:		729.99 time, 730.02 real, 947 MB
[runlim] sample:		740.00 time, 740.01 real, 966 MB
[runlim] sample:		749.99 time, 750.02 real, 963 MB
[runlim] sample:		759.99 time, 760.01 real, 980 MB
[runlim] sample:		769.99 time, 770.02 real, 986 MB
[runlim] sample:		779.99 time, 780.01 real, 993 MB
[runlim] sample:		790.00 time, 790.02 real, 1038 MB
[runlim] sample:		799.99 time, 800.02 real, 997 MB
[runlim] sample:		809.99 time, 810.02 real, 994 MB
[runlim] sample:		819.99 time, 820.02 real, 1039 MB
[runlim] sample:		829.99 time, 830.01 real, 1046 MB
[runlim] sample:		839.99 time, 840.02 real, 1088 MB
[runlim] sample:		849.99 time, 850.02 real, 1011 MB
[runlim] sample:		859.99 time, 860.02 real, 1008 MB
[runlim] sample:		869.99 time, 870.01 real, 1030 MB
[runlim] sample:		879.99 time, 880.02 real, 1037 MB
[runlim] sample:		889.99 time, 890.02 real, 1034 MB
[runlim] sample:		899.99 time, 900.02 real, 1044 MB
[runlim] sample:		909.99 time, 910.02 real, 1060 MB
[runlim] sample:		919.99 time, 920.01 real, 1065 MB
[runlim] sample:		929.99 time, 930.01 real, 1074 MB
[runlim] sample:		939.99 time, 940.02 real, 1080 MB
[runlim] sample:		949.99 time, 950.02 real, 1089 MB
[runlim] sample:		959.99 time, 960.02 real, 1093 MB
[runlim] sample:		969.99 time, 970.01 real, 1102 MB
[runlim] sample:		979.99 time, 980.02 real, 1109 MB
[runlim] sample:		989.99 time, 990.02 real, 1107 MB
[runlim] sample:		999.99 time, 1000.02 real, 1126 MB
[runlim] sample:		1009.99 time, 1010.02 real, 1118 MB
[runlim] sample:		1019.99 time, 1020.02 real, 1139 MB
[runlim] sample:		1029.99 time, 1030.01 real, 1135 MB
[runlim] sample:		1039.99 time, 1040.02 real, 1150 MB
[runlim] sample:		1049.99 time, 1050.02 real, 1187 MB
[runlim] sample:		1059.99 time, 1060.01 real, 1195 MB
[runlim] sample:		1069.99 time, 1070.02 real, 1200 MB
[runlim] sample:		1079.99 time, 1080.02 real, 1231 MB
[runlim] sample:		1089.99 time, 1090.01 real, 1235 MB
[runlim] sample:		1099.99 time, 1100.02 real, 1243 MB
[runlim] sample:		1109.99 time, 1110.02 real, 1261 MB
[runlim] sample:		1119.99 time, 1120.01 real, 1278 MB
[runlim] sample:		1129.99 time, 1130.01 real, 1286 MB
[runlim] sample:		1139.99 time, 1140.02 real, 1298 MB
[runlim] sample:		1149.99 time, 1150.02 real, 1303 MB
[runlim] sample:		1159.99 time, 1160.02 real, 1309 MB
[runlim] sample:		1169.99 time, 1170.01 real, 1326 MB
[runlim] sample:		1179.99 time, 1180.02 real, 1332 MB
[runlim] sample:		1189.99 time, 1190.02 real, 1341 MB
[runlim] sample:		1199.99 time, 1200.02 real, 1397 MB
[runlim] sample:		1209.98 time, 1210.02 real, 1342 MB
[runlim] sample:		1219.99 time, 1220.02 real, 1350 MB
[runlim] sample:		1229.99 time, 1230.02 real, 1360 MB
[runlim] sample:		1239.98 time, 1240.02 real, 1366 MB
[runlim] sample:		1249.99 time, 1250.02 real, 1371 MB
[runlim] sample:		1259.99 time, 1260.02 real, 1378 MB
[runlim] sample:		1269.99 time, 1270.02 real, 1386 MB
[runlim] sample:		1279.99 time, 1280.02 real, 1376 MB
[runlim] sample:		1289.98 time, 1290.02 real, 1398 MB
[runlim] sample:		1299.99 time, 1300.02 real, 1448 MB
[runlim] sample:		1309.98 time, 1310.02 real, 1419 MB
[runlim] sample:		1319.99 time, 1320.02 real, 1445 MB
[runlim] sample:		1329.98 time, 1330.02 real, 1417 MB
[runlim] sample:		1339.99 time, 1340.02 real, 1439 MB
[runlim] sample:		1349.98 time, 1350.02 real, 1430 MB
[runlim] sample:		1359.98 time, 1360.02 real, 1487 MB
[runlim] sample:		1369.99 time, 1370.02 real, 1494 MB
[runlim] sample:		1379.99 time, 1380.02 real, 1498 MB
[runlim] sample:		1389.99 time, 1390.02 real, 1506 MB
[runlim] sample:		1399.99 time, 1400.02 real, 1516 MB
[runlim] sample:		1409.98 time, 1410.01 real, 1509 MB
[runlim] sample:		1419.99 time, 1420.02 real, 1487 MB
[runlim] sample:		1429.98 time, 1430.01 real, 1500 MB
[runlim] sample:		1439.99 time, 1440.01 real, 1508 MB
[runlim] sample:		1449.99 time, 1450.01 real, 1515 MB
[runlim] sample:		1459.99 time, 1460.02 real, 1518 MB
[runlim] sample:		1469.99 time, 1470.02 real, 1559 MB
[runlim] sample:		1479.98 time, 1480.01 real, 1568 MB
[runlim] sample:		1489.99 time, 1490.01 real, 1574 MB
[runlim] sample:		1499.99 time, 1500.02 real, 1539 MB
[runlim] sample:		1509.98 time, 1510.02 real, 1547 MB
[runlim] sample:		1519.99 time, 1520.02 real, 1553 MB
[runlim] sample:		1529.99 time, 1530.02 real, 1562 MB
[runlim] sample:		1539.99 time, 1540.02 real, 1586 MB
[runlim] sample:		1549.99 time, 1550.01 real, 1594 MB
[runlim] sample:		1559.99 time, 1560.02 real, 1600 MB
[runlim] sample:		1569.99 time, 1570.01 real, 1604 MB
[runlim] sample:		1579.99 time, 1580.02 real, 1599 MB
[runlim] sample:		1589.99 time, 1590.02 real, 1620 MB
[runlim] sample:		1599.99 time, 1600.02 real, 1626 MB
[runlim] sample:		1609.98 time, 1610.02 real, 1634 MB
[runlim] sample:		1619.98 time, 1620.02 real, 1640 MB
[runlim] sample:		1629.99 time, 1630.01 real, 1649 MB
[runlim] sample:		1639.99 time, 1640.01 real, 1655 MB
[runlim] sample:		1649.99 time, 1650.01 real, 1660 MB
[runlim] sample:		1659.99 time, 1660.01 real, 1668 MB
[runlim] sample:		1669.99 time, 1670.02 real, 1674 MB
[runlim] sample:		1679.99 time, 1680.02 real, 1683 MB
[runlim] sample:		1689.98 time, 1690.01 real, 1687 MB
[runlim] sample:		1699.98 time, 1700.02 real, 1676 MB
[runlim] sample:		1709.99 time, 1710.01 real, 1699 MB
[runlim] sample:		1719.99 time, 1720.02 real, 1738 MB
[runlim] sample:		1729.98 time, 1730.02 real, 1804 MB
[runlim] sample:		1739.98 time, 1740.02 real, 1842 MB
[runlim] sample:		1749.98 time, 1750.02 real, 1790 MB
[runlim] sample:		1759.98 time, 1760.02 real, 1813 MB
[runlim] sample:		1769.98 time, 1770.02 real, 1791 MB
[runlim] sample:		1779.99 time, 1780.02 real, 1816 MB
[runlim] sample:		1789.99 time, 1790.02 real, 1821 MB
[runlim] sample:		1799.99 time, 1800.02 real, 1815 MB
[runlim] sample:		1809.99 time, 1810.02 real, 1835 MB
[runlim] sample:		1819.98 time, 1820.02 real, 1838 MB
[runlim] sample:		1829.99 time, 1830.02 real, 1841 MB
[runlim] sample:		1839.98 time, 1840.02 real, 1850 MB
[runlim] sample:		1849.98 time, 1850.02 real, 1858 MB
[runlim] sample:		1859.99 time, 1860.02 real, 1861 MB
[runlim] sample:		1869.99 time, 1870.02 real, 1868 MB
[runlim] sample:		1879.99 time, 1880.02 real, 1877 MB
[runlim] sample:		1889.99 time, 1890.02 real, 1886 MB
[runlim] sample:		1899.98 time, 1900.02 real, 1892 MB
[runlim] sample:		1909.98 time, 1910.01 real, 1896 MB
[runlim] sample:		1919.98 time, 1920.02 real, 1899 MB
[runlim] sample:		1929.98 time, 1930.02 real, 1919 MB
[runlim] sample:		1939.98 time, 1940.02 real, 1924 MB
[runlim] sample:		1949.98 time, 1950.01 real, 1913 MB
[runlim] sample:		1959.98 time, 1960.02 real, 1937 MB
[runlim] sample:		1969.98 time, 1970.01 real, 1942 MB
[runlim] sample:		1979.98 time, 1980.01 real, 1947 MB
[runlim] sample:		1989.98 time, 1990.02 real, 1956 MB
[runlim] sample:		1999.98 time, 2000.01 real, 1964 MB
[runlim] sample:		2009.99 time, 2010.01 real, 1970 MB
[runlim] sample:		2019.98 time, 2020.02 real, 1975 MB
[runlim] sample:		2029.98 time, 2030.01 real, 1984 MB
[runlim] sample:		2039.99 time, 2040.01 real, 1989 MB
[runlim] sample:		2049.98 time, 2050.02 real, 1998 MB
[runlim] sample:		2059.98 time, 2060.02 real, 2038 MB
[runlim] sample:		2069.98 time, 2070.02 real, 2063 MB
[runlim] sample:		2079.98 time, 2080.02 real, 2071 MB
[runlim] sample:		2089.98 time, 2090.01 real, 2075 MB
[runlim] sample:		2099.98 time, 2100.02 real, 2041 MB
[runlim] sample:		2109.99 time, 2110.01 real, 2050 MB
[runlim] sample:		2119.98 time, 2120.01 real, 2091 MB
[runlim] sample:		2129.98 time, 2130.01 real, 2057 MB
[runlim] sample:		2139.98 time, 2140.02 real, 2070 MB
[runlim] sample:		2149.98 time, 2150.02 real, 2075 MB
[runlim] sample:		2159.98 time, 2160.02 real, 2102 MB
[runlim] sample:		2169.98 time, 2170.02 real, 2108 MB
[runlim] sample:		2179.98 time, 2180.02 real, 2121 MB
[runlim] sample:		2189.98 time, 2190.02 real, 2134 MB
[runlim] sample:		2199.98 time, 2200.02 real, 2141 MB
[runlim] sample:		2209.98 time, 2210.02 real, 2162 MB
[runlim] sample:		2219.98 time, 2220.02 real, 2150 MB
[runlim] sample:		2229.98 time, 2230.02 real, 2148 MB
[runlim] sample:		2239.98 time, 2240.02 real, 2175 MB
[runlim] sample:		2249.98 time, 2250.02 real, 2158 MB
[runlim] sample:		2259.98 time, 2260.02 real, 2186 MB
[runlim] sample:		2269.98 time, 2270.02 real, 2194 MB
[runlim] sample:		2279.98 time, 2280.02 real, 2199 MB
[runlim] sample:		2289.98 time, 2290.02 real, 2206 MB
[runlim] sample:		2299.98 time, 2300.02 real, 2212 MB
[runlim] sample:		2309.98 time, 2310.02 real, 2219 MB
[runlim] sample:		2319.98 time, 2320.02 real, 2227 MB
[runlim] sample:		2329.98 time, 2330.02 real, 2231 MB
[runlim] sample:		2339.98 time, 2340.02 real, 2239 MB
[runlim] sample:		2349.98 time, 2350.02 real, 2243 MB
[runlim] sample:		2359.98 time, 2360.02 real, 2251 MB
[runlim] sample:		2369.98 time, 2370.02 real, 2254 MB
[runlim] sample:		2379.98 time, 2380.02 real, 2262 MB
[runlim] sample:		2389.98 time, 2390.02 real, 2267 MB
[runlim] sample:		2399.98 time, 2400.02 real, 2274 MB
[runlim] sample:		2409.98 time, 2410.02 real, 2283 MB
[runlim] sample:		2419.98 time, 2420.02 real, 2287 MB
[runlim] sample:		2429.98 time, 2430.02 real, 2295 MB
[runlim] sample:		2439.97 time, 2440.02 real, 2299 MB
[runlim] sample:		2449.98 time, 2450.02 real, 2307 MB
[runlim] sample:		2459.98 time, 2460.02 real, 2310 MB
[runlim] sample:		2469.98 time, 2470.02 real, 2319 MB
[runlim] sample:		2479.98 time, 2480.02 real, 2321 MB
[runlim] sample:		2489.98 time, 2490.02 real, 2309 MB
[runlim] sample:		2499.98 time, 2500.02 real, 2336 MB
[runlim] sample:		2509.98 time, 2510.02 real, 2340 MB
[runlim] sample:		2519.97 time, 2520.01 real, 2349 MB
[runlim] sample:		2529.98 time, 2530.02 real, 2352 MB
[runlim] sample:		2539.97 time, 2540.02 real, 2397 MB
[runlim] sample:		2549.98 time, 2550.02 real, 2367 MB
[runlim] sample:		2559.98 time, 2560.02 real, 2371 MB
[runlim] sample:		2569.98 time, 2570.02 real, 2380 MB
[runlim] sample:		2579.98 time, 2580.02 real, 2385 MB
[runlim] sample:		2589.97 time, 2590.02 real, 2393 MB
[runlim] sample:		2599.97 time, 2600.02 real, 2398 MB
[runlim] sample:		2609.98 time, 2610.02 real, 2406 MB
[runlim] sample:		2619.98 time, 2620.01 real, 2415 MB
[runlim] sample:		2629.97 time, 2630.02 real, 2423 MB
[runlim] sample:		2639.98 time, 2640.02 real, 2404 MB
[runlim] sample:		2649.98 time, 2650.02 real, 2429 MB
[runlim] sample:		2659.98 time, 2660.02 real, 2437 MB
[runlim] sample:		2669.98 time, 2670.02 real, 2442 MB
[runlim] sample:		2679.98 time, 2680.02 real, 2450 MB
[runlim] sample:		2689.98 time, 2690.02 real, 2434 MB
[runlim] sample:		2699.97 time, 2700.02 real, 2464 MB
[runlim] sample:		2709.97 time, 2710.02 real, 2472 MB
[runlim] sample:		2719.98 time, 2720.02 real, 2475 MB
[runlim] sample:		2729.98 time, 2730.01 real, 2483 MB
[runlim] sample:		2739.97 time, 2740.02 real, 2488 MB
[runlim] sample:		2749.97 time, 2750.02 real, 2496 MB
[runlim] sample:		2759.97 time, 2760.02 real, 2504 MB
[runlim] sample:		2769.97 time, 2770.02 real, 2506 MB
[runlim] sample:		2779.98 time, 2780.02 real, 2514 MB
[runlim] sample:		2789.98 time, 2790.02 real, 2521 MB
[runlim] sample:		2799.97 time, 2800.02 real, 2518 MB
[runlim] sample:		2809.98 time, 2810.02 real, 2530 MB
[runlim] sample:		2819.98 time, 2820.02 real, 2554 MB
[runlim] sample:		2829.97 time, 2830.02 real, 2583 MB
[runlim] sample:		2839.98 time, 2840.02 real, 2590 MB
[runlim] sample:		2849.97 time, 2850.02 real, 2598 MB
[runlim] sample:		2859.98 time, 2860.02 real, 2605 MB
[runlim] sample:		2869.97 time, 2870.02 real, 2584 MB
[runlim] sample:		2879.97 time, 2880.02 real, 2613 MB
[runlim] sample:		2889.97 time, 2890.02 real, 2620 MB
[runlim] sample:		2899.98 time, 2900.02 real, 2624 MB
[runlim] sample:		2909.98 time, 2910.02 real, 2631 MB
[runlim] sample:		2919.98 time, 2920.02 real, 2639 MB
[runlim] sample:		2929.97 time, 2930.02 real, 2647 MB
[runlim] sample:		2939.98 time, 2940.02 real, 2644 MB
[runlim] sample:		2949.98 time, 2950.02 real, 2717 MB
[runlim] sample:		2959.97 time, 2960.02 real, 2724 MB
[runlim] sample:		2969.97 time, 2970.02 real, 2751 MB
[runlim] sample:		2979.97 time, 2980.02 real, 2730 MB
[runlim] sample:		2989.97 time, 2990.02 real, 2771 MB
[runlim] sample:		2999.97 time, 3000.02 real, 2778 MB
[runlim] sample:		3009.98 time, 3010.02 real, 2757 MB
[runlim] sample:		3019.97 time, 3020.02 real, 2790 MB
[runlim] sample:		3029.97 time, 3030.02 real, 2797 MB
[runlim] sample:		3039.97 time, 3040.02 real, 2811 MB
[runlim] sample:		3049.97 time, 3050.02 real, 2801 MB
[runlim] sample:		3059.98 time, 3060.02 real, 2878 MB
[runlim] sample:		3069.98 time, 3070.02 real, 2851 MB
[runlim] sample:		3079.98 time, 3080.02 real, 2858 MB
[runlim] sample:		3089.97 time, 3090.02 real, 2887 MB
[runlim] sample:		3099.97 time, 3100.02 real, 2908 MB
[runlim] sample:		3109.97 time, 3110.02 real, 2890 MB
[runlim] sample:		3119.97 time, 3120.02 real, 2919 MB
[runlim] sample:		3129.97 time, 3130.01 real, 2920 MB
[runlim] sample:		3139.98 time, 3140.02 real, 2930 MB
[runlim] sample:		3149.97 time, 3150.02 real, 2933 MB
[runlim] sample:		3159.97 time, 3160.02 real, 2940 MB
[runlim] sample:		3169.97 time, 3170.02 real, 2945 MB
[runlim] sample:		3179.97 time, 3180.02 real, 2952 MB
[runlim] sample:		3189.97 time, 3190.02 real, 2953 MB
[runlim] sample:		3199.97 time, 3200.02 real, 2961 MB
[runlim] sample:		3209.97 time, 3210.02 real, 2968 MB
[runlim] sample:		3219.97 time, 3220.02 real, 2971 MB
[runlim] sample:		3229.97 time, 3230.02 real, 2978 MB
[runlim] sample:		3239.97 time, 3240.02 real, 2959 MB
[runlim] sample:		3249.97 time, 3250.02 real, 2990 MB
[runlim] sample:		3259.97 time, 3260.02 real, 2997 MB
[runlim] sample:		3269.97 time, 3270.02 real, 3001 MB
[runlim] sample:		3279.97 time, 3280.02 real, 3008 MB
[runlim] sample:		3289.97 time, 3290.02 real, 2984 MB
[runlim] sample:		3299.98 time, 3300.02 real, 3018 MB
[runlim] sample:		3309.97 time, 3310.02 real, 3025 MB
[runlim] sample:		3319.97 time, 3320.02 real, 3030 MB
[runlim] sample:		3329.97 time, 3330.02 real, 3037 MB
[runlim] sample:		3339.97 time, 3340.02 real, 3045 MB
[runlim] sample:		3349.97 time, 3350.02 real, 3052 MB
[runlim] sample:		3359.97 time, 3360.01 real, 3060 MB
[runlim] sample:		3369.97 time, 3370.02 real, 3062 MB
[runlim] sample:		3379.97 time, 3380.02 real, 3069 MB
[runlim] sample:		3389.97 time, 3390.02 real, 3044 MB
[runlim] sample:		3399.97 time, 3400.02 real, 3076 MB
[runlim] sample:		3409.97 time, 3410.02 real, 3083 MB
[runlim] sample:		3419.97 time, 3420.02 real, 3058 MB
[runlim] sample:		3429.97 time, 3430.02 real, 3090 MB
[runlim] sample:		3439.97 time, 3440.02 real, 3067 MB
[runlim] sample:		3449.97 time, 3450.02 real, 3099 MB
[runlim] sample:		3459.97 time, 3460.02 real, 3076 MB
[runlim] sample:		3469.97 time, 3470.02 real, 3108 MB
[runlim] sample:		3479.97 time, 3480.02 real, 3114 MB
[runlim] sample:		3489.97 time, 3490.02 real, 3090 MB
[runlim] sample:		3499.97 time, 3500.02 real, 3124 MB
[runlim] sample:		3509.97 time, 3510.02 real, 3132 MB
[runlim] sample:		3519.97 time, 3520.02 real, 3134 MB
[runlim] sample:		3529.97 time, 3530.02 real, 3112 MB
[runlim] sample:		3539.97 time, 3540.02 real, 3143 MB
[runlim] sample:		3549.97 time, 3550.02 real, 3124 MB
[runlim] sample:		3559.97 time, 3560.02 real, 3158 MB
[runlim] sample:		3569.97 time, 3570.02 real, 3162 MB
[runlim] sample:		3579.96 time, 3580.02 real, 3169 MB
[runlim] sample:		3589.97 time, 3590.02 real, 3177 MB
[runlim] sample:		3599.97 time, 3600.02 real, 3153 MB
[runlim] end:			Wed Oct 16 09:24:37 2019
[runlim] status:		out of time
[runlim] result:		2
[runlim] children:		2
[runlim] real:			3600.10 seconds
[runlim] time:			3599.97 seconds
[runlim] space:			3184 MB
[runlim] samples:		36000
