[runlim] version:		1.17
[runlim] host:			c3n30
[runlim] time limit:		311040000 seconds
[runlim] real time limit:	3600 seconds
[runlim] space limit:		120000 MB
[runlim] argv[0]:		./run-btormc.sh
[runlim] argv[1]:		/tmp/ingYi4lF.btor
[runlim] start:			Wed Oct 16 09:03:44 2019
[runlim] child:			9581
[runlim] sample:		10.00 time, 10.01 real, 89 MB
[runlim] sample:		20.00 time, 20.01 real, 105 MB
[runlim] sample:		29.99 time, 30.01 real, 145 MB
[runlim] sample:		39.99 time, 40.01 real, 160 MB
[runlim] sample:		50.00 time, 50.01 real, 175 MB
[runlim] sample:		60.00 time, 60.02 real, 182 MB
[runlim] sample:		70.00 time, 70.01 real, 191 MB
[runlim] sample:		79.99 time, 80.01 real, 208 MB
[runlim] sample:		90.00 time, 90.01 real, 239 MB
[runlim] sample:		100.00 time, 100.01 real, 246 MB
[runlim] sample:		109.99 time, 110.01 real, 254 MB
[runlim] sample:		120.00 time, 120.02 real, 266 MB
[runlim] sample:		130.00 time, 130.02 real, 269 MB
[runlim] sample:		140.00 time, 140.02 real, 308 MB
[runlim] sample:		149.99 time, 150.01 real, 290 MB
[runlim] sample:		160.00 time, 160.02 real, 298 MB
[runlim] sample:		170.00 time, 170.01 real, 306 MB
[runlim] sample:		180.00 time, 180.01 real, 314 MB
[runlim] sample:		190.00 time, 190.01 real, 341 MB
[runlim] sample:		199.99 time, 200.02 real, 342 MB
[runlim] sample:		210.00 time, 210.01 real, 360 MB
[runlim] sample:		219.99 time, 220.02 real, 369 MB
[runlim] sample:		230.00 time, 230.02 real, 396 MB
[runlim] sample:		240.00 time, 240.01 real, 439 MB
[runlim] sample:		249.99 time, 250.01 real, 475 MB
[runlim] sample:		259.99 time, 260.02 real, 479 MB
[runlim] sample:		270.00 time, 270.02 real, 455 MB
[runlim] sample:		279.99 time, 280.01 real, 463 MB
[runlim] sample:		289.99 time, 290.02 real, 470 MB
[runlim] sample:		300.00 time, 300.01 real, 440 MB
[runlim] sample:		309.99 time, 310.02 real, 464 MB
[runlim] sample:		319.99 time, 320.01 real, 471 MB
[runlim] sample:		329.99 time, 330.02 real, 479 MB
[runlim] sample:		340.00 time, 340.01 real, 485 MB
[runlim] sample:		349.99 time, 350.01 real, 507 MB
[runlim] sample:		359.99 time, 360.01 real, 515 MB
[runlim] sample:		370.00 time, 370.01 real, 527 MB
[runlim] sample:		379.99 time, 380.02 real, 528 MB
[runlim] sample:		389.99 time, 390.01 real, 542 MB
[runlim] sample:		399.99 time, 400.02 real, 558 MB
[runlim] sample:		409.99 time, 410.02 real, 564 MB
[runlim] sample:		419.99 time, 420.02 real, 578 MB
[runlim] sample:		429.98 time, 430.01 real, 581 MB
[runlim] sample:		439.99 time, 440.01 real, 592 MB
[runlim] sample:		449.99 time, 450.01 real, 641 MB
[runlim] sample:		460.00 time, 460.02 real, 587 MB
[runlim] sample:		469.99 time, 470.01 real, 595 MB
[runlim] sample:		479.99 time, 480.02 real, 602 MB
[runlim] sample:		489.99 time, 490.02 real, 609 MB
[runlim] sample:		499.99 time, 500.01 real, 631 MB
[runlim] sample:		509.99 time, 510.02 real, 632 MB
[runlim] sample:		519.99 time, 520.02 real, 659 MB
[runlim] sample:		529.99 time, 530.01 real, 665 MB
[runlim] sample:		539.99 time, 540.02 real, 672 MB
[runlim] sample:		549.99 time, 550.02 real, 680 MB
[runlim] sample:		559.99 time, 560.02 real, 687 MB
[runlim] sample:		569.99 time, 570.02 real, 714 MB
[runlim] sample:		579.99 time, 580.01 real, 701 MB
[runlim] sample:		589.99 time, 590.02 real, 690 MB
[runlim] sample:		599.99 time, 600.01 real, 696 MB
[runlim] sample:		609.99 time, 610.01 real, 705 MB
[runlim] sample:		619.99 time, 620.02 real, 715 MB
[runlim] sample:		629.99 time, 630.01 real, 722 MB
[runlim] sample:		639.99 time, 640.02 real, 729 MB
[runlim] sample:		649.98 time, 650.02 real, 725 MB
[runlim] sample:		659.98 time, 660.01 real, 758 MB
[runlim] sample:		669.99 time, 670.02 real, 768 MB
[runlim] sample:		679.99 time, 680.01 real, 776 MB
[runlim] sample:		689.99 time, 690.02 real, 787 MB
[runlim] sample:		699.99 time, 700.01 real, 812 MB
[runlim] sample:		709.99 time, 710.02 real, 809 MB
[runlim] sample:		719.98 time, 720.01 real, 827 MB
[runlim] sample:		729.99 time, 730.02 real, 834 MB
[runlim] sample:		739.99 time, 740.01 real, 839 MB
[runlim] sample:		749.98 time, 750.02 real, 837 MB
[runlim] sample:		759.99 time, 760.02 real, 847 MB
[runlim] sample:		769.99 time, 770.02 real, 813 MB
[runlim] sample:		779.98 time, 780.02 real, 873 MB
[runlim] sample:		789.98 time, 790.02 real, 828 MB
[runlim] sample:		799.98 time, 800.01 real, 833 MB
[runlim] sample:		809.98 time, 810.02 real, 847 MB
[runlim] sample:		819.98 time, 820.02 real, 890 MB
[runlim] sample:		829.99 time, 830.01 real, 895 MB
[runlim] sample:		839.98 time, 840.01 real, 902 MB
[runlim] sample:		849.98 time, 850.02 real, 909 MB
[runlim] sample:		859.99 time, 860.01 real, 915 MB
[runlim] sample:		869.99 time, 870.01 real, 924 MB
[runlim] sample:		879.98 time, 880.02 real, 899 MB
[runlim] sample:		889.99 time, 890.01 real, 914 MB
[runlim] sample:		899.99 time, 900.02 real, 920 MB
[runlim] sample:		909.99 time, 910.02 real, 926 MB
[runlim] sample:		919.98 time, 920.01 real, 932 MB
[runlim] sample:		929.99 time, 930.02 real, 941 MB
[runlim] sample:		939.98 time, 940.01 real, 947 MB
[runlim] sample:		949.98 time, 950.02 real, 955 MB
[runlim] sample:		959.99 time, 960.02 real, 950 MB
[runlim] sample:		969.98 time, 970.01 real, 1006 MB
[runlim] sample:		979.98 time, 980.02 real, 1002 MB
[runlim] sample:		989.98 time, 990.02 real, 1018 MB
[runlim] sample:		999.98 time, 1000.02 real, 1012 MB
[runlim] sample:		1009.98 time, 1010.01 real, 1032 MB
[runlim] sample:		1019.99 time, 1020.02 real, 978 MB
[runlim] sample:		1029.98 time, 1030.01 real, 993 MB
[runlim] sample:		1039.98 time, 1040.02 real, 1000 MB
[runlim] sample:		1049.99 time, 1050.01 real, 1001 MB
[runlim] sample:		1059.98 time, 1060.01 real, 1015 MB
[runlim] sample:		1069.98 time, 1070.01 real, 1025 MB
[runlim] sample:		1079.98 time, 1080.01 real, 1055 MB
[runlim] sample:		1089.97 time, 1090.01 real, 1063 MB
[runlim] sample:		1099.98 time, 1100.01 real, 1070 MB
[runlim] sample:		1109.97 time, 1110.01 real, 1076 MB
[runlim] sample:		1119.98 time, 1120.01 real, 1084 MB
[runlim] sample:		1129.98 time, 1130.01 real, 1090 MB
[runlim] sample:		1139.97 time, 1140.01 real, 1080 MB
[runlim] sample:		1149.98 time, 1150.01 real, 1088 MB
[runlim] sample:		1159.97 time, 1160.01 real, 1110 MB
[runlim] sample:		1169.98 time, 1170.01 real, 1119 MB
[runlim] sample:		1179.97 time, 1180.01 real, 1126 MB
[runlim] sample:		1189.97 time, 1190.01 real, 1132 MB
[runlim] sample:		1199.98 time, 1200.01 real, 1140 MB
[runlim] sample:		1209.98 time, 1210.01 real, 1145 MB
[runlim] sample:		1219.97 time, 1220.01 real, 1150 MB
[runlim] sample:		1229.97 time, 1230.01 real, 1166 MB
[runlim] sample:		1239.98 time, 1240.01 real, 1174 MB
[runlim] sample:		1249.97 time, 1250.01 real, 1168 MB
[runlim] sample:		1259.98 time, 1260.01 real, 1190 MB
[runlim] sample:		1269.97 time, 1270.01 real, 1194 MB
[runlim] sample:		1279.97 time, 1280.01 real, 1203 MB
[runlim] sample:		1289.98 time, 1290.01 real, 1170 MB
[runlim] sample:		1299.97 time, 1300.01 real, 1192 MB
[runlim] sample:		1309.98 time, 1310.01 real, 1201 MB
[runlim] sample:		1319.98 time, 1320.01 real, 1208 MB
[runlim] sample:		1329.97 time, 1330.01 real, 1216 MB
[runlim] sample:		1339.98 time, 1340.01 real, 1234 MB
[runlim] sample:		1349.97 time, 1350.01 real, 1242 MB
[runlim] sample:		1359.97 time, 1360.01 real, 1258 MB
[runlim] sample:		1369.97 time, 1370.01 real, 1264 MB
[runlim] sample:		1379.98 time, 1380.01 real, 1284 MB
[runlim] sample:		1389.98 time, 1390.01 real, 1305 MB
[runlim] sample:		1399.97 time, 1400.01 real, 1312 MB
[runlim] sample:		1409.97 time, 1410.01 real, 1316 MB
[runlim] sample:		1419.97 time, 1420.01 real, 1336 MB
[runlim] sample:		1429.97 time, 1430.01 real, 1329 MB
[runlim] sample:		1439.98 time, 1440.01 real, 1349 MB
[runlim] sample:		1449.97 time, 1450.01 real, 1355 MB
[runlim] sample:		1459.97 time, 1460.01 real, 1363 MB
[runlim] sample:		1469.97 time, 1470.01 real, 1368 MB
[runlim] sample:		1479.97 time, 1480.01 real, 1374 MB
[runlim] sample:		1489.97 time, 1490.01 real, 1381 MB
[runlim] sample:		1499.97 time, 1500.01 real, 1390 MB
[runlim] sample:		1509.96 time, 1510.01 real, 1391 MB
[runlim] sample:		1519.97 time, 1520.01 real, 1399 MB
[runlim] sample:		1529.96 time, 1530.01 real, 1406 MB
[runlim] sample:		1539.97 time, 1540.01 real, 1414 MB
[runlim] sample:		1549.96 time, 1550.01 real, 1419 MB
[runlim] sample:		1559.97 time, 1560.01 real, 1426 MB
[runlim] sample:		1569.98 time, 1570.01 real, 1431 MB
[runlim] sample:		1579.97 time, 1580.01 real, 1439 MB
[runlim] sample:		1589.97 time, 1590.01 real, 1424 MB
[runlim] sample:		1599.97 time, 1600.01 real, 1407 MB
[runlim] sample:		1609.97 time, 1610.01 real, 1415 MB
[runlim] sample:		1619.97 time, 1620.01 real, 1440 MB
[runlim] sample:		1629.97 time, 1630.01 real, 1448 MB
[runlim] sample:		1639.97 time, 1640.01 real, 1452 MB
[runlim] sample:		1649.97 time, 1650.01 real, 1460 MB
[runlim] sample:		1659.97 time, 1660.01 real, 1468 MB
[runlim] sample:		1669.97 time, 1670.01 real, 1473 MB
[runlim] sample:		1679.97 time, 1680.01 real, 1476 MB
[runlim] sample:		1689.96 time, 1690.01 real, 1481 MB
[runlim] sample:		1699.96 time, 1700.01 real, 1491 MB
[runlim] sample:		1709.97 time, 1710.01 real, 1496 MB
[runlim] sample:		1719.97 time, 1720.01 real, 1501 MB
[runlim] sample:		1729.97 time, 1730.01 real, 1509 MB
[runlim] sample:		1739.97 time, 1740.01 real, 1521 MB
[runlim] sample:		1749.96 time, 1750.01 real, 1512 MB
[runlim] sample:		1759.96 time, 1760.01 real, 1535 MB
[runlim] sample:		1769.97 time, 1770.01 real, 1542 MB
[runlim] sample:		1779.96 time, 1780.01 real, 1548 MB
[runlim] sample:		1789.96 time, 1790.01 real, 1556 MB
[runlim] sample:		1799.96 time, 1800.01 real, 1552 MB
[runlim] sample:		1809.97 time, 1810.01 real, 1571 MB
[runlim] sample:		1819.97 time, 1820.01 real, 1579 MB
[runlim] sample:		1829.96 time, 1830.01 real, 1597 MB
[runlim] sample:		1839.97 time, 1840.01 real, 1617 MB
[runlim] sample:		1849.96 time, 1850.01 real, 1608 MB
[runlim] sample:		1859.97 time, 1860.01 real, 1630 MB
[runlim] sample:		1869.97 time, 1870.01 real, 1635 MB
[runlim] sample:		1879.96 time, 1880.01 real, 1643 MB
[runlim] sample:		1889.96 time, 1890.01 real, 1634 MB
[runlim] sample:		1899.97 time, 1900.01 real, 1641 MB
[runlim] sample:		1909.96 time, 1910.01 real, 1630 MB
[runlim] sample:		1919.96 time, 1920.01 real, 1648 MB
[runlim] sample:		1929.96 time, 1930.01 real, 1656 MB
[runlim] sample:		1939.96 time, 1940.01 real, 1671 MB
[runlim] sample:		1949.96 time, 1950.01 real, 1679 MB
[runlim] sample:		1959.96 time, 1960.01 real, 1681 MB
[runlim] sample:		1969.96 time, 1970.01 real, 1674 MB
[runlim] sample:		1979.96 time, 1980.01 real, 1697 MB
[runlim] sample:		1989.97 time, 1990.01 real, 1686 MB
[runlim] sample:		1999.96 time, 2000.01 real, 1707 MB
[runlim] sample:		2009.96 time, 2010.01 real, 1698 MB
[runlim] sample:		2019.97 time, 2020.01 real, 1761 MB
[runlim] sample:		2029.96 time, 2030.01 real, 1766 MB
[runlim] sample:		2039.95 time, 2040.01 real, 1774 MB
[runlim] sample:		2049.96 time, 2050.01 real, 1779 MB
[runlim] sample:		2059.96 time, 2060.01 real, 1787 MB
[runlim] sample:		2069.96 time, 2070.01 real, 1792 MB
[runlim] sample:		2079.95 time, 2080.01 real, 1799 MB
[runlim] sample:		2089.96 time, 2090.01 real, 1804 MB
[runlim] sample:		2099.96 time, 2100.01 real, 1807 MB
[runlim] sample:		2109.96 time, 2110.01 real, 1810 MB
[runlim] sample:		2119.95 time, 2120.01 real, 1827 MB
[runlim] sample:		2129.95 time, 2130.01 real, 1834 MB
[runlim] sample:		2139.95 time, 2140.01 real, 1786 MB
[runlim] sample:		2149.95 time, 2150.01 real, 1818 MB
[runlim] sample:		2159.95 time, 2160.01 real, 1825 MB
[runlim] sample:		2169.95 time, 2170.01 real, 1853 MB
[runlim] sample:		2179.96 time, 2180.01 real, 1874 MB
[runlim] sample:		2189.95 time, 2190.01 real, 1882 MB
[runlim] sample:		2199.96 time, 2200.01 real, 1895 MB
[runlim] sample:		2209.96 time, 2210.01 real, 1903 MB
[runlim] sample:		2219.96 time, 2220.01 real, 1908 MB
[runlim] sample:		2229.96 time, 2230.01 real, 1916 MB
[runlim] sample:		2239.96 time, 2240.01 real, 1884 MB
[runlim] sample:		2249.95 time, 2250.01 real, 1915 MB
[runlim] sample:		2259.95 time, 2260.01 real, 1936 MB
[runlim] sample:		2269.95 time, 2270.01 real, 1903 MB
[runlim] sample:		2279.96 time, 2280.01 real, 1893 MB
[runlim] sample:		2289.96 time, 2290.01 real, 1952 MB
[runlim] sample:		2299.95 time, 2300.01 real, 1958 MB
[runlim] sample:		2309.96 time, 2310.01 real, 1961 MB
[runlim] sample:		2319.96 time, 2320.01 real, 1969 MB
[runlim] sample:		2329.95 time, 2330.01 real, 1977 MB
[runlim] sample:		2339.95 time, 2340.01 real, 1944 MB
[runlim] sample:		2349.95 time, 2350.01 real, 1954 MB
[runlim] sample:		2359.95 time, 2360.01 real, 1962 MB
[runlim] sample:		2369.95 time, 2370.01 real, 1970 MB
[runlim] sample:		2379.96 time, 2380.01 real, 2007 MB
[runlim] sample:		2389.95 time, 2390.01 real, 2012 MB
[runlim] sample:		2399.96 time, 2400.01 real, 1999 MB
[runlim] sample:		2409.95 time, 2410.01 real, 2022 MB
[runlim] sample:		2419.95 time, 2420.01 real, 2027 MB
[runlim] sample:		2429.96 time, 2430.01 real, 2035 MB
[runlim] sample:		2439.95 time, 2440.01 real, 2021 MB
[runlim] sample:		2449.95 time, 2450.01 real, 2013 MB
[runlim] sample:		2459.95 time, 2460.01 real, 2000 MB
[runlim] sample:		2469.96 time, 2470.01 real, 2029 MB
[runlim] sample:		2479.95 time, 2480.01 real, 2038 MB
[runlim] sample:		2489.95 time, 2490.01 real, 2045 MB
[runlim] sample:		2499.95 time, 2500.01 real, 2053 MB
[runlim] sample:		2509.95 time, 2510.01 real, 2071 MB
[runlim] sample:		2519.95 time, 2520.01 real, 2078 MB
[runlim] sample:		2529.95 time, 2530.01 real, 2087 MB
[runlim] sample:		2539.95 time, 2540.01 real, 2089 MB
[runlim] sample:		2549.95 time, 2550.01 real, 2097 MB
[runlim] sample:		2559.95 time, 2560.01 real, 2086 MB
[runlim] sample:		2569.95 time, 2570.01 real, 2109 MB
[runlim] sample:		2579.95 time, 2580.01 real, 2116 MB
[runlim] sample:		2589.95 time, 2590.01 real, 2118 MB
[runlim] sample:		2599.95 time, 2600.01 real, 2125 MB
[runlim] sample:		2609.95 time, 2610.01 real, 2114 MB
[runlim] sample:		2619.94 time, 2620.01 real, 2135 MB
[runlim] sample:		2629.94 time, 2630.01 real, 2143 MB
[runlim] sample:		2639.95 time, 2640.01 real, 2163 MB
[runlim] sample:		2649.95 time, 2650.01 real, 2183 MB
[runlim] sample:		2659.95 time, 2660.01 real, 2191 MB
[runlim] sample:		2669.94 time, 2670.01 real, 2197 MB
[runlim] sample:		2679.95 time, 2680.01 real, 2204 MB
[runlim] sample:		2689.95 time, 2690.01 real, 2237 MB
[runlim] sample:		2699.94 time, 2700.01 real, 2262 MB
[runlim] sample:		2709.95 time, 2710.01 real, 2227 MB
[runlim] sample:		2719.94 time, 2720.01 real, 2234 MB
[runlim] sample:		2729.94 time, 2730.01 real, 2222 MB
[runlim] sample:		2739.95 time, 2740.01 real, 2246 MB
[runlim] sample:		2749.95 time, 2750.01 real, 2253 MB
[runlim] sample:		2759.95 time, 2760.01 real, 2254 MB
[runlim] sample:		2769.95 time, 2770.01 real, 2266 MB
[runlim] sample:		2779.94 time, 2780.01 real, 2270 MB
[runlim] sample:		2789.94 time, 2790.01 real, 2278 MB
[runlim] sample:		2799.94 time, 2800.01 real, 2307 MB
[runlim] sample:		2809.95 time, 2810.01 real, 2330 MB
[runlim] sample:		2819.94 time, 2820.01 real, 2338 MB
[runlim] sample:		2829.95 time, 2830.01 real, 2345 MB
[runlim] sample:		2839.94 time, 2840.01 real, 2351 MB
[runlim] sample:		2849.94 time, 2850.01 real, 2359 MB
[runlim] sample:		2859.95 time, 2860.01 real, 2347 MB
[runlim] sample:		2869.94 time, 2870.01 real, 2307 MB
[runlim] sample:		2879.94 time, 2880.01 real, 2328 MB
[runlim] sample:		2889.95 time, 2890.01 real, 2337 MB
[runlim] sample:		2899.95 time, 2900.01 real, 2341 MB
[runlim] sample:		2909.94 time, 2910.01 real, 2348 MB
[runlim] sample:		2919.94 time, 2920.01 real, 2335 MB
[runlim] sample:		2929.94 time, 2930.01 real, 2360 MB
[runlim] sample:		2939.94 time, 2940.01 real, 2381 MB
[runlim] sample:		2949.95 time, 2950.01 real, 2472 MB
[runlim] sample:		2959.94 time, 2960.01 real, 2480 MB
[runlim] sample:		2969.95 time, 2970.01 real, 2487 MB
[runlim] sample:		2979.94 time, 2980.01 real, 2401 MB
[runlim] sample:		2989.94 time, 2990.01 real, 2409 MB
[runlim] sample:		2999.94 time, 3000.01 real, 2417 MB
[runlim] sample:		3009.94 time, 3010.01 real, 2386 MB
[runlim] sample:		3019.94 time, 3020.01 real, 2408 MB
[runlim] sample:		3029.94 time, 3030.01 real, 2417 MB
[runlim] sample:		3039.94 time, 3040.01 real, 2444 MB
[runlim] sample:		3049.94 time, 3050.01 real, 2470 MB
[runlim] sample:		3059.94 time, 3060.01 real, 2478 MB
[runlim] sample:		3069.94 time, 3070.01 real, 2441 MB
[runlim] sample:		3079.94 time, 3080.01 real, 2449 MB
[runlim] sample:		3089.94 time, 3090.01 real, 2480 MB
[runlim] sample:		3099.94 time, 3100.01 real, 2505 MB
[runlim] sample:		3109.94 time, 3110.01 real, 2512 MB
[runlim] sample:		3119.94 time, 3120.01 real, 2516 MB
[runlim] sample:		3129.93 time, 3130.01 real, 2524 MB
[runlim] sample:		3139.94 time, 3140.01 real, 2532 MB
[runlim] sample:		3149.94 time, 3150.01 real, 2485 MB
[runlim] sample:		3159.94 time, 3160.01 real, 2501 MB
[runlim] sample:		3169.94 time, 3170.01 real, 2532 MB
[runlim] sample:		3179.94 time, 3180.01 real, 2558 MB
[runlim] sample:		3189.94 time, 3190.01 real, 2565 MB
[runlim] sample:		3199.93 time, 3200.01 real, 2573 MB
[runlim] sample:		3209.94 time, 3210.01 real, 2577 MB
[runlim] sample:		3219.94 time, 3220.01 real, 2585 MB
[runlim] sample:		3229.94 time, 3230.01 real, 2593 MB
[runlim] sample:		3239.93 time, 3240.01 real, 2592 MB
[runlim] sample:		3249.94 time, 3250.01 real, 2616 MB
[runlim] sample:		3259.94 time, 3260.01 real, 2623 MB
[runlim] sample:		3269.93 time, 3270.01 real, 2645 MB
[runlim] sample:		3279.94 time, 3280.01 real, 2653 MB
[runlim] sample:		3289.94 time, 3290.01 real, 2660 MB
[runlim] sample:		3299.93 time, 3300.01 real, 2643 MB
[runlim] sample:		3309.93 time, 3310.01 real, 2668 MB
[runlim] sample:		3319.94 time, 3320.01 real, 2676 MB
[runlim] sample:		3329.93 time, 3330.01 real, 2678 MB
[runlim] sample:		3339.94 time, 3340.01 real, 2687 MB
[runlim] sample:		3349.94 time, 3350.01 real, 2695 MB
[runlim] sample:		3359.93 time, 3360.01 real, 2710 MB
[runlim] sample:		3369.94 time, 3370.01 real, 2717 MB
[runlim] sample:		3379.93 time, 3380.01 real, 2690 MB
[runlim] sample:		3389.93 time, 3390.01 real, 2731 MB
[runlim] sample:		3399.93 time, 3400.01 real, 2738 MB
[runlim] sample:		3409.94 time, 3410.01 real, 2746 MB
[runlim] sample:		3419.93 time, 3420.01 real, 2753 MB
[runlim] sample:		3429.94 time, 3430.01 real, 2761 MB
[runlim] sample:		3439.93 time, 3440.01 real, 2746 MB
[runlim] sample:		3449.94 time, 3450.01 real, 2772 MB
[runlim] sample:		3459.93 time, 3460.01 real, 2779 MB
[runlim] sample:		3469.94 time, 3470.01 real, 2786 MB
[runlim] sample:		3479.93 time, 3480.01 real, 2765 MB
[runlim] sample:		3489.93 time, 3490.01 real, 2791 MB
[runlim] sample:		3499.93 time, 3500.01 real, 2798 MB
[runlim] sample:		3509.94 time, 3510.01 real, 2800 MB
[runlim] sample:		3519.93 time, 3520.01 real, 2809 MB
[runlim] sample:		3529.93 time, 3530.01 real, 2813 MB
[runlim] sample:		3539.93 time, 3540.01 real, 2821 MB
[runlim] sample:		3549.93 time, 3550.01 real, 2804 MB
[runlim] sample:		3559.93 time, 3560.01 real, 2827 MB
[runlim] sample:		3569.93 time, 3570.01 real, 2835 MB
[runlim] sample:		3579.93 time, 3580.01 real, 2824 MB
[runlim] sample:		3589.93 time, 3590.01 real, 2845 MB
[runlim] sample:		3599.93 time, 3600.01 real, 2854 MB
[runlim] end:			Wed Oct 16 10:03:44 2019
[runlim] status:		out of time
[runlim] result:		2
[runlim] children:		2
[runlim] real:			3600.10 seconds
[runlim] time:			3599.93 seconds
[runlim] space:			2854 MB
[runlim] samples:		36000
