[runlim] version:		1.17
[runlim] host:			c3n14
[runlim] time limit:		311040000 seconds
[runlim] real time limit:	3600 seconds
[runlim] space limit:		120000 MB
[runlim] argv[0]:		./run-btormc.sh
[runlim] argv[1]:		/tmp/ySwogqPU.btor
[runlim] start:			Wed Oct 16 08:14:24 2019
[runlim] child:			27601
[runlim] sample:		10.00 time, 10.01 real, 62 MB
[runlim] sample:		20.00 time, 20.02 real, 75 MB
[runlim] sample:		30.00 time, 30.01 real, 114 MB
[runlim] sample:		40.00 time, 40.02 real, 131 MB
[runlim] sample:		50.00 time, 50.02 real, 146 MB
[runlim] sample:		60.00 time, 60.01 real, 180 MB
[runlim] sample:		70.00 time, 70.02 real, 244 MB
[runlim] sample:		80.00 time, 80.01 real, 254 MB
[runlim] sample:		90.00 time, 90.02 real, 275 MB
[runlim] sample:		100.00 time, 100.02 real, 283 MB
[runlim] sample:		110.00 time, 110.01 real, 290 MB
[runlim] sample:		120.00 time, 120.02 real, 295 MB
[runlim] sample:		130.00 time, 130.02 real, 333 MB
[runlim] sample:		140.00 time, 140.01 real, 340 MB
[runlim] sample:		150.00 time, 150.02 real, 342 MB
[runlim] sample:		160.00 time, 160.02 real, 349 MB
[runlim] sample:		170.00 time, 170.01 real, 363 MB
[runlim] sample:		180.00 time, 180.01 real, 370 MB
[runlim] sample:		189.99 time, 190.02 real, 383 MB
[runlim] sample:		200.00 time, 200.02 real, 383 MB
[runlim] sample:		210.00 time, 210.02 real, 390 MB
[runlim] sample:		220.00 time, 220.01 real, 404 MB
[runlim] sample:		230.00 time, 230.01 real, 410 MB
[runlim] sample:		240.00 time, 240.02 real, 426 MB
[runlim] sample:		249.99 time, 250.02 real, 448 MB
[runlim] sample:		260.00 time, 260.02 real, 474 MB
[runlim] sample:		270.00 time, 270.02 real, 490 MB
[runlim] sample:		279.99 time, 280.02 real, 497 MB
[runlim] sample:		289.99 time, 290.02 real, 511 MB
[runlim] sample:		300.00 time, 300.02 real, 519 MB
[runlim] sample:		309.99 time, 310.01 real, 527 MB
[runlim] sample:		319.99 time, 320.01 real, 533 MB
[runlim] sample:		330.00 time, 330.02 real, 540 MB
[runlim] sample:		340.00 time, 340.01 real, 545 MB
[runlim] sample:		349.99 time, 350.02 real, 551 MB
[runlim] sample:		359.99 time, 360.01 real, 557 MB
[runlim] sample:		370.00 time, 370.02 real, 602 MB
[runlim] sample:		379.99 time, 380.02 real, 586 MB
[runlim] sample:		390.00 time, 390.02 real, 621 MB
[runlim] sample:		399.99 time, 400.01 real, 656 MB
[runlim] sample:		410.00 time, 410.02 real, 660 MB
[runlim] sample:		419.99 time, 420.02 real, 671 MB
[runlim] sample:		430.00 time, 430.02 real, 675 MB
[runlim] sample:		440.00 time, 440.02 real, 685 MB
[runlim] sample:		449.99 time, 450.02 real, 679 MB
[runlim] sample:		460.00 time, 460.01 real, 669 MB
[runlim] sample:		469.99 time, 470.01 real, 683 MB
[runlim] sample:		479.99 time, 480.02 real, 680 MB
[runlim] sample:		489.99 time, 490.01 real, 698 MB
[runlim] sample:		500.00 time, 500.01 real, 704 MB
[runlim] sample:		510.00 time, 510.01 real, 711 MB
[runlim] sample:		520.00 time, 520.02 real, 761 MB
[runlim] sample:		529.99 time, 530.02 real, 780 MB
[runlim] sample:		539.99 time, 540.02 real, 753 MB
[runlim] sample:		550.00 time, 550.02 real, 748 MB
[runlim] sample:		560.00 time, 560.02 real, 755 MB
[runlim] sample:		570.00 time, 570.01 real, 761 MB
[runlim] sample:		579.99 time, 580.02 real, 770 MB
[runlim] sample:		589.99 time, 590.02 real, 771 MB
[runlim] sample:		600.00 time, 600.02 real, 781 MB
[runlim] sample:		609.99 time, 610.02 real, 784 MB
[runlim] sample:		619.99 time, 620.01 real, 793 MB
[runlim] sample:		630.00 time, 630.02 real, 799 MB
[runlim] sample:		639.99 time, 640.02 real, 799 MB
[runlim] sample:		650.00 time, 650.01 real, 810 MB
[runlim] sample:		659.99 time, 660.02 real, 855 MB
[runlim] sample:		670.00 time, 670.02 real, 862 MB
[runlim] sample:		680.00 time, 680.02 real, 868 MB
[runlim] sample:		690.00 time, 690.02 real, 876 MB
[runlim] sample:		699.99 time, 700.02 real, 882 MB
[runlim] sample:		710.00 time, 710.02 real, 888 MB
[runlim] sample:		720.00 time, 720.01 real, 894 MB
[runlim] sample:		730.00 time, 730.02 real, 901 MB
[runlim] sample:		740.00 time, 740.01 real, 927 MB
[runlim] sample:		749.99 time, 750.02 real, 932 MB
[runlim] sample:		760.00 time, 760.01 real, 954 MB
[runlim] sample:		769.99 time, 770.02 real, 946 MB
[runlim] sample:		779.99 time, 780.02 real, 1006 MB
[runlim] sample:		790.00 time, 790.02 real, 1013 MB
[runlim] sample:		799.99 time, 800.02 real, 987 MB
[runlim] sample:		809.99 time, 810.02 real, 1022 MB
[runlim] sample:		819.99 time, 820.02 real, 984 MB
[runlim] sample:		829.99 time, 830.02 real, 984 MB
[runlim] sample:		839.99 time, 840.02 real, 1004 MB
[runlim] sample:		850.00 time, 850.02 real, 1012 MB
[runlim] sample:		859.99 time, 860.02 real, 1005 MB
[runlim] sample:		869.99 time, 870.02 real, 1043 MB
[runlim] sample:		879.99 time, 880.02 real, 1047 MB
[runlim] sample:		889.99 time, 890.01 real, 1096 MB
[runlim] sample:		900.00 time, 900.01 real, 1119 MB
[runlim] sample:		909.99 time, 910.02 real, 985 MB
[runlim] sample:		919.99 time, 920.02 real, 1048 MB
[runlim] sample:		929.99 time, 930.02 real, 1068 MB
[runlim] sample:		939.99 time, 940.02 real, 1027 MB
[runlim] sample:		949.99 time, 950.02 real, 1121 MB
[runlim] sample:		959.99 time, 960.02 real, 1095 MB
[runlim] sample:		969.99 time, 970.01 real, 1066 MB
[runlim] sample:		979.99 time, 980.02 real, 1066 MB
[runlim] sample:		989.99 time, 990.01 real, 1077 MB
[runlim] sample:		999.99 time, 1000.02 real, 1081 MB
[runlim] sample:		1009.99 time, 1010.01 real, 1090 MB
[runlim] sample:		1019.99 time, 1020.02 real, 1129 MB
[runlim] sample:		1029.99 time, 1030.02 real, 1132 MB
[runlim] sample:		1040.00 time, 1040.02 real, 1139 MB
[runlim] sample:		1049.99 time, 1050.01 real, 1148 MB
[runlim] sample:		1059.99 time, 1060.02 real, 1157 MB
[runlim] sample:		1069.99 time, 1070.02 real, 1114 MB
[runlim] sample:		1079.99 time, 1080.02 real, 1152 MB
[runlim] sample:		1089.99 time, 1090.02 real, 1174 MB
[runlim] sample:		1099.99 time, 1100.01 real, 1180 MB
[runlim] sample:		1109.99 time, 1110.02 real, 1222 MB
[runlim] sample:		1119.99 time, 1120.02 real, 1200 MB
[runlim] sample:		1130.00 time, 1130.02 real, 1239 MB
[runlim] sample:		1139.99 time, 1140.01 real, 1189 MB
[runlim] sample:		1149.99 time, 1150.02 real, 1231 MB
[runlim] sample:		1159.99 time, 1160.02 real, 1239 MB
[runlim] sample:		1169.99 time, 1170.02 real, 1243 MB
[runlim] sample:		1179.99 time, 1180.02 real, 1252 MB
[runlim] sample:		1189.99 time, 1190.02 real, 1259 MB
[runlim] sample:		1199.99 time, 1200.02 real, 1265 MB
[runlim] sample:		1209.99 time, 1210.01 real, 1274 MB
[runlim] sample:		1219.99 time, 1220.01 real, 1244 MB
[runlim] sample:		1229.99 time, 1230.02 real, 1254 MB
[runlim] sample:		1239.99 time, 1240.02 real, 1262 MB
[runlim] sample:		1249.99 time, 1250.01 real, 1303 MB
[runlim] sample:		1259.99 time, 1260.02 real, 1274 MB
[runlim] sample:		1269.99 time, 1270.02 real, 1266 MB
[runlim] sample:		1279.99 time, 1280.01 real, 1319 MB
[runlim] sample:		1289.99 time, 1290.01 real, 1324 MB
[runlim] sample:		1299.99 time, 1300.02 real, 1282 MB
[runlim] sample:		1309.99 time, 1310.02 real, 1305 MB
[runlim] sample:		1319.99 time, 1320.01 real, 1313 MB
[runlim] sample:		1329.99 time, 1330.02 real, 1324 MB
[runlim] sample:		1339.99 time, 1340.02 real, 1326 MB
[runlim] sample:		1349.99 time, 1350.02 real, 1359 MB
[runlim] sample:		1359.99 time, 1360.02 real, 1367 MB
[runlim] sample:		1369.99 time, 1370.02 real, 1373 MB
[runlim] sample:		1379.99 time, 1380.02 real, 1365 MB
[runlim] sample:		1389.99 time, 1390.02 real, 1386 MB
[runlim] sample:		1399.99 time, 1400.02 real, 1392 MB
[runlim] sample:		1409.99 time, 1410.01 real, 1404 MB
[runlim] sample:		1419.99 time, 1420.02 real, 1404 MB
[runlim] sample:		1429.99 time, 1430.02 real, 1393 MB
[runlim] sample:		1439.99 time, 1440.02 real, 1419 MB
[runlim] sample:		1449.99 time, 1450.02 real, 1430 MB
[runlim] sample:		1459.99 time, 1460.02 real, 1457 MB
[runlim] sample:		1469.99 time, 1470.02 real, 1407 MB
[runlim] sample:		1479.99 time, 1480.02 real, 1444 MB
[runlim] sample:		1489.98 time, 1490.02 real, 1493 MB
[runlim] sample:		1499.99 time, 1500.02 real, 1502 MB
[runlim] sample:		1509.99 time, 1510.02 real, 1463 MB
[runlim] sample:		1519.99 time, 1520.02 real, 1471 MB
[runlim] sample:		1529.99 time, 1530.01 real, 1519 MB
[runlim] sample:		1539.98 time, 1540.02 real, 1526 MB
[runlim] sample:		1549.99 time, 1550.01 real, 1534 MB
[runlim] sample:		1559.99 time, 1560.01 real, 1492 MB
[runlim] sample:		1569.99 time, 1570.02 real, 1500 MB
[runlim] sample:		1579.99 time, 1580.01 real, 1510 MB
[runlim] sample:		1589.98 time, 1590.01 real, 1511 MB
[runlim] sample:		1599.99 time, 1600.02 real, 1519 MB
[runlim] sample:		1609.99 time, 1610.02 real, 1526 MB
[runlim] sample:		1619.99 time, 1620.02 real, 1532 MB
[runlim] sample:		1629.99 time, 1630.02 real, 1519 MB
[runlim] sample:		1639.99 time, 1640.01 real, 1543 MB
[runlim] sample:		1649.98 time, 1650.02 real, 1552 MB
[runlim] sample:		1659.99 time, 1660.01 real, 1558 MB
[runlim] sample:		1669.98 time, 1670.02 real, 1565 MB
[runlim] sample:		1679.99 time, 1680.02 real, 1552 MB
[runlim] sample:		1689.99 time, 1690.02 real, 1577 MB
[runlim] sample:		1699.99 time, 1700.02 real, 1583 MB
[runlim] sample:		1709.99 time, 1710.02 real, 1591 MB
[runlim] sample:		1719.99 time, 1720.01 real, 1597 MB
[runlim] sample:		1729.99 time, 1730.01 real, 1606 MB
[runlim] sample:		1739.99 time, 1740.02 real, 1616 MB
[runlim] sample:		1749.99 time, 1750.02 real, 1624 MB
[runlim] sample:		1759.98 time, 1760.02 real, 1610 MB
[runlim] sample:		1769.99 time, 1770.02 real, 1614 MB
[runlim] sample:		1779.98 time, 1780.02 real, 1640 MB
[runlim] sample:		1789.98 time, 1790.02 real, 1627 MB
[runlim] sample:		1799.98 time, 1800.02 real, 1652 MB
[runlim] sample:		1809.99 time, 1810.02 real, 1658 MB
[runlim] sample:		1819.99 time, 1820.02 real, 1645 MB
[runlim] sample:		1829.98 time, 1830.02 real, 1662 MB
[runlim] sample:		1839.99 time, 1840.02 real, 1696 MB
[runlim] sample:		1849.99 time, 1850.02 real, 1699 MB
[runlim] sample:		1859.99 time, 1860.01 real, 1709 MB
[runlim] sample:		1869.99 time, 1870.02 real, 1716 MB
[runlim] sample:		1879.99 time, 1880.02 real, 1794 MB
[runlim] sample:		1889.99 time, 1890.02 real, 1737 MB
[runlim] sample:		1899.99 time, 1900.02 real, 1745 MB
[runlim] sample:		1909.98 time, 1910.02 real, 1778 MB
[runlim] sample:		1919.98 time, 1920.02 real, 1785 MB
[runlim] sample:		1929.98 time, 1930.02 real, 1772 MB
[runlim] sample:		1939.98 time, 1940.02 real, 1797 MB
[runlim] sample:		1949.99 time, 1950.02 real, 1785 MB
[runlim] sample:		1959.98 time, 1960.02 real, 1808 MB
[runlim] sample:		1969.99 time, 1970.02 real, 1814 MB
[runlim] sample:		1979.98 time, 1980.02 real, 1822 MB
[runlim] sample:		1989.98 time, 1990.02 real, 1830 MB
[runlim] sample:		1999.99 time, 2000.02 real, 1814 MB
[runlim] sample:		2009.99 time, 2010.02 real, 1841 MB
[runlim] sample:		2019.98 time, 2020.02 real, 1849 MB
[runlim] sample:		2029.98 time, 2030.02 real, 1853 MB
[runlim] sample:		2039.98 time, 2040.01 real, 1862 MB
[runlim] sample:		2049.98 time, 2050.02 real, 1848 MB
[runlim] sample:		2059.98 time, 2060.01 real, 1875 MB
[runlim] sample:		2069.98 time, 2070.01 real, 1884 MB
[runlim] sample:		2079.99 time, 2080.02 real, 1888 MB
[runlim] sample:		2089.99 time, 2090.01 real, 1897 MB
[runlim] sample:		2099.98 time, 2100.02 real, 1895 MB
[runlim] sample:		2109.99 time, 2110.02 real, 1910 MB
[runlim] sample:		2119.98 time, 2120.01 real, 1921 MB
[runlim] sample:		2129.98 time, 2130.02 real, 1924 MB
[runlim] sample:		2139.98 time, 2140.02 real, 1918 MB
[runlim] sample:		2149.98 time, 2150.02 real, 1937 MB
[runlim] sample:		2159.98 time, 2160.02 real, 1945 MB
[runlim] sample:		2169.99 time, 2170.02 real, 1953 MB
[runlim] sample:		2179.98 time, 2180.02 real, 1933 MB
[runlim] sample:		2189.98 time, 2190.02 real, 1960 MB
[runlim] sample:		2199.98 time, 2200.02 real, 1968 MB
[runlim] sample:		2209.98 time, 2210.02 real, 1973 MB
[runlim] sample:		2219.99 time, 2220.02 real, 1981 MB
[runlim] sample:		2229.98 time, 2230.02 real, 1990 MB
[runlim] sample:		2239.98 time, 2240.01 real, 1998 MB
[runlim] sample:		2249.98 time, 2250.02 real, 2002 MB
[runlim] sample:		2259.99 time, 2260.02 real, 2010 MB
[runlim] sample:		2269.98 time, 2270.02 real, 1993 MB
[runlim] sample:		2279.99 time, 2280.01 real, 2038 MB
[runlim] sample:		2289.99 time, 2290.01 real, 2024 MB
[runlim] sample:		2299.98 time, 2300.02 real, 2032 MB
[runlim] sample:		2309.98 time, 2310.02 real, 2044 MB
[runlim] sample:		2319.98 time, 2320.02 real, 2068 MB
[runlim] sample:		2329.98 time, 2330.02 real, 2054 MB
[runlim] sample:		2339.98 time, 2340.02 real, 2081 MB
[runlim] sample:		2349.98 time, 2350.02 real, 2089 MB
[runlim] sample:		2359.98 time, 2360.02 real, 2074 MB
[runlim] sample:		2369.98 time, 2370.01 real, 2102 MB
[runlim] sample:		2379.99 time, 2380.01 real, 2095 MB
[runlim] sample:		2389.98 time, 2390.01 real, 2115 MB
[runlim] sample:		2399.99 time, 2400.02 real, 2116 MB
[runlim] sample:		2409.98 time, 2410.02 real, 2128 MB
[runlim] sample:		2419.98 time, 2420.01 real, 2192 MB
[runlim] sample:		2429.98 time, 2430.01 real, 2189 MB
[runlim] sample:		2439.98 time, 2440.02 real, 2203 MB
[runlim] sample:		2449.99 time, 2450.02 real, 2186 MB
[runlim] sample:		2459.98 time, 2460.02 real, 2214 MB
[runlim] sample:		2469.98 time, 2470.02 real, 2222 MB
[runlim] sample:		2479.98 time, 2480.02 real, 2230 MB
[runlim] sample:		2489.98 time, 2490.02 real, 2210 MB
[runlim] sample:		2499.98 time, 2500.02 real, 2236 MB
[runlim] sample:		2509.98 time, 2510.02 real, 2244 MB
[runlim] sample:		2519.98 time, 2520.02 real, 2252 MB
[runlim] sample:		2529.98 time, 2530.01 real, 2255 MB
[runlim] sample:		2539.98 time, 2540.02 real, 2239 MB
[runlim] sample:		2549.98 time, 2550.02 real, 2266 MB
[runlim] sample:		2559.98 time, 2560.02 real, 2252 MB
[runlim] sample:		2569.98 time, 2570.02 real, 2259 MB
[runlim] sample:		2579.99 time, 2580.02 real, 2267 MB
[runlim] sample:		2589.98 time, 2590.02 real, 2274 MB
[runlim] sample:		2599.99 time, 2600.02 real, 2276 MB
[runlim] sample:		2609.98 time, 2610.02 real, 2284 MB
[runlim] sample:		2619.98 time, 2620.02 real, 2266 MB
[runlim] sample:		2629.98 time, 2630.02 real, 2293 MB
[runlim] sample:		2639.99 time, 2640.02 real, 2301 MB
[runlim] sample:		2649.98 time, 2650.02 real, 2309 MB
[runlim] sample:		2659.98 time, 2660.02 real, 2312 MB
[runlim] sample:		2669.98 time, 2670.02 real, 2321 MB
[runlim] sample:		2679.98 time, 2680.02 real, 2324 MB
[runlim] sample:		2689.98 time, 2690.01 real, 2351 MB
[runlim] sample:		2699.98 time, 2700.02 real, 2333 MB
[runlim] sample:		2709.98 time, 2710.02 real, 2342 MB
[runlim] sample:		2719.98 time, 2720.01 real, 2344 MB
[runlim] sample:		2729.98 time, 2730.02 real, 2327 MB
[runlim] sample:		2739.98 time, 2740.01 real, 2356 MB
[runlim] sample:		2749.98 time, 2750.02 real, 2361 MB
[runlim] sample:		2759.98 time, 2760.01 real, 2369 MB
[runlim] sample:		2769.98 time, 2770.02 real, 2378 MB
[runlim] sample:		2779.98 time, 2780.02 real, 2354 MB
[runlim] sample:		2789.98 time, 2790.02 real, 2381 MB
[runlim] sample:		2799.98 time, 2800.02 real, 2364 MB
[runlim] sample:		2809.98 time, 2810.01 real, 2394 MB
[runlim] sample:		2819.98 time, 2820.01 real, 2403 MB
[runlim] sample:		2829.98 time, 2830.01 real, 2407 MB
[runlim] sample:		2839.98 time, 2840.02 real, 2389 MB
[runlim] sample:		2849.98 time, 2850.02 real, 2417 MB
[runlim] sample:		2859.98 time, 2860.02 real, 2426 MB
[runlim] sample:		2869.98 time, 2870.02 real, 2434 MB
[runlim] sample:		2879.98 time, 2880.01 real, 2443 MB
[runlim] sample:		2889.98 time, 2890.01 real, 2447 MB
[runlim] sample:		2899.98 time, 2900.02 real, 2457 MB
[runlim] sample:		2909.98 time, 2910.02 real, 2458 MB
[runlim] sample:		2919.98 time, 2920.02 real, 2466 MB
[runlim] sample:		2929.98 time, 2930.02 real, 2471 MB
[runlim] sample:		2939.98 time, 2940.01 real, 2480 MB
[runlim] sample:		2949.98 time, 2950.01 real, 2535 MB
[runlim] sample:		2959.98 time, 2960.02 real, 2553 MB
[runlim] sample:		2969.98 time, 2970.02 real, 2560 MB
[runlim] sample:		2979.97 time, 2980.02 real, 2567 MB
[runlim] sample:		2989.98 time, 2990.02 real, 2571 MB
[runlim] sample:		2999.98 time, 3000.02 real, 2579 MB
[runlim] sample:		3009.98 time, 3010.02 real, 2587 MB
[runlim] sample:		3019.98 time, 3020.02 real, 2588 MB
[runlim] sample:		3029.97 time, 3030.02 real, 2599 MB
[runlim] sample:		3039.98 time, 3040.01 real, 2607 MB
[runlim] sample:		3049.98 time, 3050.01 real, 2609 MB
[runlim] sample:		3059.98 time, 3060.01 real, 2620 MB
[runlim] sample:		3069.97 time, 3070.01 real, 2623 MB
[runlim] sample:		3079.98 time, 3080.01 real, 2632 MB
[runlim] sample:		3089.98 time, 3090.02 real, 2569 MB
[runlim] sample:		3099.98 time, 3100.02 real, 2641 MB
[runlim] sample:		3109.98 time, 3110.02 real, 2616 MB
[runlim] sample:		3119.98 time, 3120.02 real, 2646 MB
[runlim] sample:		3129.98 time, 3130.02 real, 2654 MB
[runlim] sample:		3139.98 time, 3140.01 real, 2659 MB
[runlim] sample:		3149.98 time, 3150.02 real, 2668 MB
[runlim] sample:		3159.98 time, 3160.02 real, 2620 MB
[runlim] sample:		3169.98 time, 3170.02 real, 2649 MB
[runlim] sample:		3179.97 time, 3180.02 real, 2658 MB
[runlim] sample:		3189.97 time, 3190.02 real, 2666 MB
[runlim] sample:		3199.98 time, 3200.02 real, 2671 MB
[runlim] sample:		3209.97 time, 3210.02 real, 2675 MB
[runlim] sample:		3219.98 time, 3220.02 real, 2655 MB
[runlim] sample:		3229.98 time, 3230.01 real, 2684 MB
[runlim] sample:		3239.98 time, 3240.02 real, 2665 MB
[runlim] sample:		3249.98 time, 3250.02 real, 2693 MB
[runlim] sample:		3259.98 time, 3260.02 real, 2702 MB
[runlim] sample:		3269.98 time, 3270.02 real, 2700 MB
[runlim] sample:		3279.97 time, 3280.02 real, 2708 MB
[runlim] sample:		3289.98 time, 3290.02 real, 2715 MB
[runlim] sample:		3299.97 time, 3300.02 real, 2717 MB
[runlim] sample:		3309.98 time, 3310.02 real, 2725 MB
[runlim] sample:		3319.97 time, 3320.02 real, 2705 MB
[runlim] sample:		3329.98 time, 3330.02 real, 2734 MB
[runlim] sample:		3339.98 time, 3340.02 real, 2715 MB
[runlim] sample:		3349.98 time, 3350.02 real, 2741 MB
[runlim] sample:		3359.97 time, 3360.02 real, 2749 MB
[runlim] sample:		3369.98 time, 3370.02 real, 2756 MB
[runlim] sample:		3379.98 time, 3380.01 real, 2749 MB
[runlim] sample:		3389.97 time, 3390.02 real, 2764 MB
[runlim] sample:		3399.97 time, 3400.02 real, 2773 MB
[runlim] sample:		3409.98 time, 3410.02 real, 2757 MB
[runlim] sample:		3419.98 time, 3420.02 real, 2781 MB
[runlim] sample:		3429.97 time, 3430.02 real, 2788 MB
[runlim] sample:		3439.97 time, 3440.02 real, 2796 MB
[runlim] sample:		3449.98 time, 3450.02 real, 2797 MB
[runlim] sample:		3459.98 time, 3460.01 real, 2806 MB
[runlim] sample:		3469.97 time, 3470.02 real, 2817 MB
[runlim] sample:		3479.97 time, 3480.02 real, 2826 MB
[runlim] sample:		3489.98 time, 3490.02 real, 2827 MB
[runlim] sample:		3499.97 time, 3500.02 real, 2835 MB
[runlim] sample:		3509.97 time, 3510.02 real, 2842 MB
[runlim] sample:		3519.98 time, 3520.02 real, 2821 MB
[runlim] sample:		3529.97 time, 3530.02 real, 2849 MB
[runlim] sample:		3539.98 time, 3540.02 real, 2856 MB
[runlim] sample:		3549.98 time, 3550.02 real, 2834 MB
[runlim] sample:		3559.98 time, 3560.02 real, 2865 MB
[runlim] sample:		3569.97 time, 3570.02 real, 2873 MB
[runlim] sample:		3579.97 time, 3580.02 real, 2882 MB
[runlim] sample:		3589.97 time, 3590.02 real, 2858 MB
[runlim] sample:		3599.98 time, 3600.02 real, 2888 MB
[runlim] end:			Wed Oct 16 09:14:24 2019
[runlim] status:		out of time
[runlim] result:		2
[runlim] children:		2
[runlim] real:			3600.10 seconds
[runlim] time:			3599.98 seconds
[runlim] space:			2902 MB
[runlim] samples:		36000
