[runlim] version:		1.17
[runlim] host:			c3n20
[runlim] time limit:		311040000 seconds
[runlim] real time limit:	3600 seconds
[runlim] space limit:		120000 MB
[runlim] argv[0]:		./run-btormc.sh
[runlim] argv[1]:		/tmp/WhTVlqJU.btor
[runlim] start:			Wed Oct 16 07:19:37 2019
[runlim] child:			19904
[runlim] sample:		10.00 time, 10.02 real, 210 MB
[runlim] sample:		20.00 time, 20.02 real, 266 MB
[runlim] sample:		30.00 time, 30.02 real, 258 MB
[runlim] sample:		40.00 time, 40.02 real, 311 MB
[runlim] sample:		50.00 time, 50.02 real, 328 MB
[runlim] sample:		60.00 time, 60.02 real, 310 MB
[runlim] sample:		70.00 time, 70.01 real, 296 MB
[runlim] sample:		80.00 time, 80.01 real, 301 MB
[runlim] sample:		90.00 time, 90.01 real, 324 MB
[runlim] sample:		100.00 time, 100.02 real, 273 MB
[runlim] sample:		110.00 time, 110.02 real, 299 MB
[runlim] sample:		120.00 time, 120.02 real, 299 MB
[runlim] sample:		130.00 time, 130.02 real, 366 MB
[runlim] sample:		140.00 time, 140.02 real, 366 MB
[runlim] sample:		150.00 time, 150.02 real, 328 MB
[runlim] sample:		160.00 time, 160.02 real, 338 MB
[runlim] sample:		170.00 time, 170.02 real, 344 MB
[runlim] sample:		180.00 time, 180.02 real, 350 MB
[runlim] sample:		190.00 time, 190.02 real, 396 MB
[runlim] sample:		200.00 time, 200.02 real, 350 MB
[runlim] sample:		210.00 time, 210.02 real, 395 MB
[runlim] sample:		220.00 time, 220.02 real, 396 MB
[runlim] sample:		229.99 time, 230.02 real, 416 MB
[runlim] sample:		239.99 time, 240.02 real, 416 MB
[runlim] sample:		250.00 time, 250.02 real, 442 MB
[runlim] sample:		260.00 time, 260.02 real, 442 MB
[runlim] sample:		270.00 time, 270.02 real, 442 MB
[runlim] sample:		280.00 time, 280.02 real, 416 MB
[runlim] sample:		290.00 time, 290.02 real, 395 MB
[runlim] sample:		300.00 time, 300.01 real, 371 MB
[runlim] sample:		310.00 time, 310.02 real, 374 MB
[runlim] sample:		320.00 time, 320.02 real, 372 MB
[runlim] sample:		330.00 time, 330.02 real, 373 MB
[runlim] sample:		340.00 time, 340.01 real, 377 MB
[runlim] sample:		350.00 time, 350.02 real, 421 MB
[runlim] sample:		359.99 time, 360.02 real, 375 MB
[runlim] sample:		369.99 time, 370.02 real, 379 MB
[runlim] sample:		380.00 time, 380.02 real, 401 MB
[runlim] sample:		389.99 time, 390.01 real, 423 MB
[runlim] sample:		399.99 time, 400.02 real, 423 MB
[runlim] sample:		410.00 time, 410.01 real, 408 MB
[runlim] sample:		420.00 time, 420.02 real, 408 MB
[runlim] sample:		429.99 time, 430.02 real, 405 MB
[runlim] sample:		439.99 time, 440.02 real, 405 MB
[runlim] sample:		450.00 time, 450.02 real, 405 MB
[runlim] sample:		460.00 time, 460.02 real, 405 MB
[runlim] sample:		470.00 time, 470.02 real, 412 MB
[runlim] sample:		480.00 time, 480.02 real, 387 MB
[runlim] sample:		490.00 time, 490.02 real, 388 MB
[runlim] sample:		500.00 time, 500.02 real, 388 MB
[runlim] sample:		510.00 time, 510.02 real, 396 MB
[runlim] sample:		520.00 time, 520.02 real, 396 MB
[runlim] sample:		530.00 time, 530.02 real, 396 MB
[runlim] sample:		540.00 time, 540.02 real, 403 MB
[runlim] sample:		550.00 time, 550.02 real, 403 MB
[runlim] sample:		560.00 time, 560.02 real, 411 MB
[runlim] sample:		570.00 time, 570.02 real, 411 MB
[runlim] sample:		580.00 time, 580.02 real, 411 MB
[runlim] sample:		590.00 time, 590.02 real, 411 MB
[runlim] sample:		600.00 time, 600.02 real, 411 MB
[runlim] sample:		610.00 time, 610.02 real, 411 MB
[runlim] sample:		619.99 time, 620.02 real, 429 MB
[runlim] sample:		629.99 time, 630.02 real, 429 MB
[runlim] sample:		639.99 time, 640.01 real, 429 MB
[runlim] sample:		649.99 time, 650.02 real, 425 MB
[runlim] sample:		659.99 time, 660.02 real, 425 MB
[runlim] sample:		669.99 time, 670.02 real, 425 MB
[runlim] sample:		680.00 time, 680.02 real, 431 MB
[runlim] sample:		690.00 time, 690.02 real, 431 MB
[runlim] sample:		700.00 time, 700.02 real, 431 MB
[runlim] sample:		710.00 time, 710.02 real, 431 MB
[runlim] sample:		720.00 time, 720.02 real, 431 MB
[runlim] sample:		730.00 time, 730.02 real, 462 MB
[runlim] sample:		740.00 time, 740.02 real, 462 MB
[runlim] sample:		750.00 time, 750.02 real, 462 MB
[runlim] sample:		760.00 time, 760.01 real, 448 MB
[runlim] sample:		770.00 time, 770.02 real, 448 MB
[runlim] sample:		779.99 time, 780.02 real, 435 MB
[runlim] sample:		789.99 time, 790.02 real, 414 MB
[runlim] sample:		799.99 time, 800.01 real, 414 MB
[runlim] sample:		810.00 time, 810.01 real, 483 MB
[runlim] sample:		820.00 time, 820.02 real, 483 MB
[runlim] sample:		830.00 time, 830.02 real, 483 MB
[runlim] sample:		839.99 time, 840.02 real, 512 MB
[runlim] sample:		849.99 time, 850.02 real, 512 MB
[runlim] sample:		860.00 time, 860.02 real, 512 MB
[runlim] sample:		869.99 time, 870.02 real, 606 MB
[runlim] sample:		879.99 time, 880.02 real, 516 MB
[runlim] sample:		890.00 time, 890.01 real, 516 MB
[runlim] sample:		899.99 time, 900.01 real, 516 MB
[runlim] sample:		910.00 time, 910.02 real, 485 MB
[runlim] sample:		920.00 time, 920.02 real, 485 MB
[runlim] sample:		929.99 time, 930.01 real, 449 MB
[runlim] sample:		939.99 time, 940.01 real, 449 MB
[runlim] sample:		949.99 time, 950.02 real, 449 MB
[runlim] sample:		959.99 time, 960.01 real, 446 MB
[runlim] sample:		969.99 time, 970.01 real, 446 MB
[runlim] sample:		979.99 time, 980.01 real, 446 MB
[runlim] sample:		989.99 time, 990.02 real, 429 MB
[runlim] sample:		999.99 time, 1000.02 real, 429 MB
[runlim] sample:		1009.99 time, 1010.01 real, 429 MB
[runlim] sample:		1020.00 time, 1020.01 real, 442 MB
[runlim] sample:		1030.00 time, 1030.02 real, 442 MB
[runlim] sample:		1040.00 time, 1040.01 real, 431 MB
[runlim] sample:		1050.00 time, 1050.01 real, 431 MB
[runlim] sample:		1060.00 time, 1060.02 real, 431 MB
[runlim] sample:		1070.00 time, 1070.02 real, 461 MB
[runlim] sample:		1080.00 time, 1080.02 real, 461 MB
[runlim] sample:		1090.00 time, 1090.02 real, 461 MB
[runlim] sample:		1099.99 time, 1100.02 real, 498 MB
[runlim] sample:		1110.00 time, 1110.02 real, 498 MB
[runlim] sample:		1120.00 time, 1120.02 real, 498 MB
[runlim] sample:		1130.00 time, 1130.02 real, 493 MB
[runlim] sample:		1140.00 time, 1140.02 real, 493 MB
[runlim] sample:		1150.00 time, 1150.02 real, 355 MB
[runlim] sample:		1159.99 time, 1160.02 real, 424 MB
[runlim] sample:		1169.99 time, 1170.02 real, 424 MB
[runlim] sample:		1180.00 time, 1180.02 real, 420 MB
[runlim] sample:		1190.00 time, 1190.02 real, 420 MB
[runlim] sample:		1200.00 time, 1200.02 real, 423 MB
[runlim] sample:		1210.00 time, 1210.02 real, 423 MB
[runlim] sample:		1220.00 time, 1220.02 real, 423 MB
[runlim] sample:		1230.00 time, 1230.01 real, 423 MB
[runlim] sample:		1240.00 time, 1240.02 real, 426 MB
[runlim] sample:		1250.00 time, 1250.02 real, 426 MB
[runlim] sample:		1260.00 time, 1260.02 real, 426 MB
[runlim] sample:		1269.99 time, 1270.01 real, 442 MB
[runlim] sample:		1279.99 time, 1280.02 real, 442 MB
[runlim] sample:		1289.99 time, 1290.02 real, 442 MB
[runlim] sample:		1299.99 time, 1300.02 real, 442 MB
[runlim] sample:		1310.00 time, 1310.01 real, 460 MB
[runlim] sample:		1320.00 time, 1320.02 real, 460 MB
[runlim] sample:		1330.00 time, 1330.02 real, 460 MB
[runlim] sample:		1339.99 time, 1340.02 real, 457 MB
[runlim] sample:		1349.99 time, 1350.02 real, 457 MB
[runlim] sample:		1359.99 time, 1360.02 real, 457 MB
[runlim] sample:		1369.99 time, 1370.02 real, 457 MB
[runlim] sample:		1379.99 time, 1380.02 real, 457 MB
[runlim] sample:		1389.99 time, 1390.02 real, 457 MB
[runlim] sample:		1399.99 time, 1400.02 real, 492 MB
[runlim] sample:		1409.99 time, 1410.02 real, 492 MB
[runlim] sample:		1419.99 time, 1420.02 real, 492 MB
[runlim] sample:		1429.99 time, 1430.02 real, 492 MB
[runlim] sample:		1439.99 time, 1440.02 real, 492 MB
[runlim] sample:		1449.99 time, 1450.02 real, 534 MB
[runlim] sample:		1459.99 time, 1460.02 real, 534 MB
[runlim] sample:		1469.99 time, 1470.02 real, 534 MB
[runlim] sample:		1480.00 time, 1480.02 real, 534 MB
[runlim] sample:		1489.99 time, 1490.02 real, 534 MB
[runlim] sample:		1499.99 time, 1500.02 real, 530 MB
[runlim] sample:		1510.00 time, 1510.02 real, 530 MB
[runlim] sample:		1519.99 time, 1520.02 real, 530 MB
[runlim] sample:		1530.00 time, 1530.02 real, 530 MB
[runlim] sample:		1539.99 time, 1540.02 real, 538 MB
[runlim] sample:		1550.00 time, 1550.02 real, 542 MB
[runlim] sample:		1559.99 time, 1560.02 real, 542 MB
[runlim] sample:		1569.99 time, 1570.02 real, 592 MB
[runlim] sample:		1580.00 time, 1580.02 real, 592 MB
[runlim] sample:		1589.99 time, 1590.02 real, 592 MB
[runlim] sample:		1599.99 time, 1600.02 real, 592 MB
[runlim] sample:		1609.99 time, 1610.02 real, 592 MB
[runlim] sample:		1619.99 time, 1620.02 real, 592 MB
[runlim] sample:		1629.99 time, 1630.02 real, 596 MB
[runlim] sample:		1639.99 time, 1640.02 real, 638 MB
[runlim] sample:		1649.99 time, 1650.02 real, 638 MB
[runlim] sample:		1659.99 time, 1660.01 real, 638 MB
[runlim] sample:		1669.99 time, 1670.02 real, 638 MB
[runlim] sample:		1680.00 time, 1680.02 real, 638 MB
[runlim] sample:		1689.99 time, 1690.02 real, 638 MB
[runlim] sample:		1699.99 time, 1700.02 real, 638 MB
[runlim] sample:		1709.99 time, 1710.02 real, 655 MB
[runlim] sample:		1719.99 time, 1720.02 real, 655 MB
[runlim] sample:		1730.00 time, 1730.02 real, 655 MB
[runlim] sample:		1739.99 time, 1740.02 real, 655 MB
[runlim] sample:		1749.99 time, 1750.02 real, 655 MB
[runlim] sample:		1759.99 time, 1760.02 real, 655 MB
[runlim] sample:		1770.00 time, 1770.02 real, 661 MB
[runlim] sample:		1780.00 time, 1780.02 real, 695 MB
[runlim] sample:		1789.99 time, 1790.01 real, 438 MB
[runlim] sample:		1799.99 time, 1800.01 real, 438 MB
[runlim] sample:		1810.00 time, 1810.02 real, 416 MB
[runlim] sample:		1820.00 time, 1820.02 real, 416 MB
[runlim] sample:		1830.00 time, 1830.02 real, 416 MB
[runlim] sample:		1839.99 time, 1840.02 real, 436 MB
[runlim] sample:		1849.99 time, 1850.02 real, 436 MB
[runlim] sample:		1859.99 time, 1860.02 real, 436 MB
[runlim] sample:		1869.99 time, 1870.02 real, 425 MB
[runlim] sample:		1879.99 time, 1880.02 real, 425 MB
[runlim] sample:		1889.99 time, 1890.02 real, 425 MB
[runlim] sample:		1899.99 time, 1900.02 real, 423 MB
[runlim] sample:		1909.99 time, 1910.01 real, 423 MB
[runlim] sample:		1919.99 time, 1920.02 real, 423 MB
[runlim] sample:		1929.99 time, 1930.02 real, 450 MB
[runlim] sample:		1939.99 time, 1940.02 real, 450 MB
[runlim] sample:		1949.99 time, 1950.01 real, 450 MB
[runlim] sample:		1959.99 time, 1960.02 real, 450 MB
[runlim] sample:		1969.99 time, 1970.01 real, 456 MB
[runlim] sample:		1979.99 time, 1980.02 real, 456 MB
[runlim] sample:		1989.99 time, 1990.02 real, 456 MB
[runlim] sample:		1999.99 time, 2000.02 real, 456 MB
[runlim] sample:		2009.99 time, 2010.02 real, 456 MB
[runlim] sample:		2019.99 time, 2020.02 real, 476 MB
[runlim] sample:		2029.99 time, 2030.02 real, 476 MB
[runlim] sample:		2039.99 time, 2040.02 real, 470 MB
[runlim] sample:		2049.99 time, 2050.02 real, 470 MB
[runlim] sample:		2059.99 time, 2060.01 real, 470 MB
[runlim] sample:		2069.99 time, 2070.02 real, 470 MB
[runlim] sample:		2079.99 time, 2080.02 real, 498 MB
[runlim] sample:		2089.99 time, 2090.02 real, 498 MB
[runlim] sample:		2100.00 time, 2100.02 real, 498 MB
[runlim] sample:		2109.99 time, 2110.02 real, 498 MB
[runlim] sample:		2119.99 time, 2120.01 real, 498 MB
[runlim] sample:		2129.99 time, 2130.02 real, 509 MB
[runlim] sample:		2140.00 time, 2140.02 real, 535 MB
[runlim] sample:		2149.99 time, 2150.02 real, 624 MB
[runlim] sample:		2159.99 time, 2160.02 real, 624 MB
[runlim] sample:		2169.99 time, 2170.02 real, 624 MB
[runlim] sample:		2179.99 time, 2180.02 real, 624 MB
[runlim] sample:		2189.99 time, 2190.02 real, 624 MB
[runlim] sample:		2199.99 time, 2200.02 real, 624 MB
[runlim] sample:		2209.99 time, 2210.02 real, 632 MB
[runlim] sample:		2219.99 time, 2220.02 real, 661 MB
[runlim] sample:		2229.99 time, 2230.02 real, 760 MB
[runlim] sample:		2239.99 time, 2240.02 real, 760 MB
[runlim] sample:		2249.99 time, 2250.02 real, 760 MB
[runlim] sample:		2259.99 time, 2260.01 real, 760 MB
[runlim] sample:		2269.99 time, 2270.02 real, 760 MB
[runlim] sample:		2279.99 time, 2280.02 real, 760 MB
[runlim] sample:		2289.99 time, 2290.02 real, 765 MB
[runlim] sample:		2299.99 time, 2300.01 real, 812 MB
[runlim] sample:		2309.99 time, 2310.02 real, 812 MB
[runlim] sample:		2319.99 time, 2320.02 real, 812 MB
[runlim] sample:		2329.99 time, 2330.01 real, 812 MB
[runlim] sample:		2339.99 time, 2340.02 real, 812 MB
[runlim] sample:		2349.99 time, 2350.02 real, 823 MB
[runlim] sample:		2359.99 time, 2360.02 real, 880 MB
[runlim] sample:		2369.99 time, 2370.02 real, 1021 MB
[runlim] sample:		2379.99 time, 2380.01 real, 1021 MB
[runlim] sample:		2389.99 time, 2390.02 real, 1021 MB
[runlim] sample:		2399.99 time, 2400.02 real, 1021 MB
[runlim] sample:		2409.99 time, 2410.02 real, 1021 MB
[runlim] sample:		2419.99 time, 2420.02 real, 1021 MB
[runlim] sample:		2429.99 time, 2430.02 real, 1021 MB
[runlim] sample:		2439.99 time, 2440.02 real, 957 MB
[runlim] sample:		2449.99 time, 2450.02 real, 957 MB
[runlim] sample:		2459.99 time, 2460.02 real, 957 MB
[runlim] sample:		2469.99 time, 2470.02 real, 957 MB
[runlim] sample:		2479.99 time, 2480.02 real, 957 MB
[runlim] sample:		2489.99 time, 2490.02 real, 969 MB
[runlim] sample:		2499.99 time, 2500.02 real, 969 MB
[runlim] sample:		2509.99 time, 2510.02 real, 972 MB
[runlim] sample:		2519.99 time, 2520.02 real, 613 MB
[runlim] sample:		2529.99 time, 2530.02 real, 613 MB
[runlim] sample:		2539.99 time, 2540.02 real, 613 MB
[runlim] sample:		2549.99 time, 2550.02 real, 613 MB
[runlim] sample:		2559.99 time, 2560.02 real, 613 MB
[runlim] sample:		2569.99 time, 2570.02 real, 613 MB
[runlim] sample:		2579.99 time, 2580.02 real, 613 MB
[runlim] sample:		2589.99 time, 2590.02 real, 613 MB
[runlim] sample:		2599.99 time, 2600.02 real, 755 MB
[runlim] sample:		2609.99 time, 2610.02 real, 755 MB
[runlim] sample:		2619.99 time, 2620.02 real, 613 MB
[runlim] sample:		2629.98 time, 2630.02 real, 613 MB
[runlim] sample:		2639.98 time, 2640.02 real, 613 MB
[runlim] sample:		2649.99 time, 2650.01 real, 613 MB
[runlim] sample:		2659.99 time, 2660.02 real, 613 MB
[runlim] sample:		2669.99 time, 2670.02 real, 739 MB
[runlim] sample:		2679.99 time, 2680.02 real, 739 MB
[runlim] sample:		2689.99 time, 2690.01 real, 739 MB
[runlim] sample:		2699.98 time, 2700.02 real, 739 MB
[runlim] sample:		2709.99 time, 2710.02 real, 613 MB
[runlim] sample:		2719.99 time, 2720.02 real, 613 MB
[runlim] sample:		2729.99 time, 2730.02 real, 613 MB
[runlim] sample:		2739.99 time, 2740.02 real, 745 MB
[runlim] sample:		2749.99 time, 2750.02 real, 745 MB
[runlim] sample:		2759.98 time, 2760.02 real, 745 MB
[runlim] sample:		2769.98 time, 2770.02 real, 745 MB
[runlim] sample:		2779.99 time, 2780.02 real, 613 MB
[runlim] sample:		2789.99 time, 2790.02 real, 613 MB
[runlim] sample:		2799.99 time, 2800.02 real, 613 MB
[runlim] sample:		2809.99 time, 2810.02 real, 726 MB
[runlim] sample:		2819.99 time, 2820.01 real, 726 MB
[runlim] sample:		2829.99 time, 2830.02 real, 726 MB
[runlim] sample:		2839.99 time, 2840.02 real, 726 MB
[runlim] sample:		2849.98 time, 2850.02 real, 613 MB
[runlim] sample:		2859.99 time, 2860.02 real, 613 MB
[runlim] sample:		2869.99 time, 2870.01 real, 613 MB
[runlim] sample:		2879.99 time, 2880.01 real, 613 MB
[runlim] sample:		2889.99 time, 2890.01 real, 777 MB
[runlim] sample:		2899.99 time, 2900.02 real, 777 MB
[runlim] sample:		2909.99 time, 2910.02 real, 777 MB
[runlim] sample:		2919.99 time, 2920.02 real, 779 MB
[runlim] sample:		2929.99 time, 2930.02 real, 692 MB
[runlim] sample:		2939.99 time, 2940.02 real, 692 MB
[runlim] sample:		2949.99 time, 2950.02 real, 692 MB
[runlim] sample:		2959.99 time, 2960.02 real, 692 MB
[runlim] sample:		2969.99 time, 2970.02 real, 692 MB
[runlim] sample:		2979.99 time, 2980.02 real, 959 MB
[runlim] sample:		2989.99 time, 2990.02 real, 959 MB
[runlim] sample:		2999.99 time, 3000.02 real, 959 MB
[runlim] sample:		3009.98 time, 3010.02 real, 959 MB
[runlim] sample:		3019.98 time, 3020.02 real, 959 MB
[runlim] sample:		3029.99 time, 3030.02 real, 959 MB
[runlim] sample:		3039.99 time, 3040.02 real, 1001 MB
[runlim] sample:		3049.99 time, 3050.02 real, 1001 MB
[runlim] sample:		3059.99 time, 3060.02 real, 1001 MB
[runlim] sample:		3069.99 time, 3070.02 real, 1001 MB
[runlim] sample:		3079.98 time, 3080.02 real, 1001 MB
[runlim] sample:		3089.99 time, 3090.02 real, 932 MB
[runlim] sample:		3099.99 time, 3100.02 real, 932 MB
[runlim] sample:		3109.99 time, 3110.02 real, 932 MB
[runlim] sample:		3119.99 time, 3120.02 real, 932 MB
[runlim] sample:		3129.98 time, 3130.02 real, 737 MB
[runlim] sample:		3139.99 time, 3140.02 real, 737 MB
[runlim] sample:		3149.99 time, 3150.02 real, 737 MB
[runlim] sample:		3159.99 time, 3160.02 real, 737 MB
[runlim] sample:		3169.99 time, 3170.01 real, 870 MB
[runlim] sample:		3179.99 time, 3180.02 real, 870 MB
[runlim] sample:		3189.99 time, 3190.02 real, 870 MB
[runlim] sample:		3199.99 time, 3200.02 real, 870 MB
[runlim] sample:		3209.98 time, 3210.02 real, 870 MB
[runlim] sample:		3219.98 time, 3220.02 real, 848 MB
[runlim] sample:		3229.99 time, 3230.02 real, 848 MB
[runlim] sample:		3239.99 time, 3240.01 real, 848 MB
[runlim] sample:		3249.99 time, 3250.02 real, 848 MB
[runlim] sample:		3259.99 time, 3260.02 real, 848 MB
[runlim] sample:		3269.99 time, 3270.02 real, 1118 MB
[runlim] sample:		3279.99 time, 3280.02 real, 1015 MB
[runlim] sample:		3289.99 time, 3290.02 real, 1015 MB
[runlim] sample:		3299.99 time, 3300.02 real, 1015 MB
[runlim] sample:		3309.99 time, 3310.02 real, 1015 MB
[runlim] sample:		3319.98 time, 3320.02 real, 1015 MB
[runlim] sample:		3329.99 time, 3330.02 real, 1032 MB
[runlim] sample:		3339.98 time, 3340.02 real, 1258 MB
[runlim] sample:		3349.99 time, 3350.02 real, 1258 MB
[runlim] sample:		3359.99 time, 3360.02 real, 1018 MB
[runlim] sample:		3369.98 time, 3370.02 real, 1018 MB
[runlim] sample:		3379.99 time, 3380.02 real, 1018 MB
[runlim] sample:		3389.99 time, 3390.02 real, 1018 MB
[runlim] sample:		3399.98 time, 3400.01 real, 1018 MB
[runlim] sample:		3409.98 time, 3410.02 real, 1052 MB
[runlim] sample:		3419.98 time, 3420.02 real, 1119 MB
[runlim] sample:		3429.98 time, 3430.01 real, 1119 MB
[runlim] sample:		3439.98 time, 3440.02 real, 1119 MB
[runlim] sample:		3449.99 time, 3450.02 real, 1119 MB
[runlim] sample:		3459.99 time, 3460.02 real, 1119 MB
[runlim] sample:		3469.98 time, 3470.02 real, 1334 MB
[runlim] sample:		3479.99 time, 3480.02 real, 916 MB
[runlim] sample:		3489.99 time, 3490.02 real, 916 MB
[runlim] sample:		3499.99 time, 3500.02 real, 916 MB
[runlim] sample:		3509.98 time, 3510.02 real, 916 MB
[runlim] sample:		3519.99 time, 3520.02 real, 916 MB
[runlim] sample:		3529.99 time, 3530.02 real, 953 MB
[runlim] sample:		3539.98 time, 3540.02 real, 953 MB
[runlim] sample:		3549.99 time, 3550.02 real, 953 MB
[runlim] sample:		3559.99 time, 3560.02 real, 953 MB
[runlim] sample:		3569.99 time, 3570.02 real, 953 MB
[runlim] sample:		3579.98 time, 3580.02 real, 953 MB
[runlim] sample:		3589.98 time, 3590.02 real, 953 MB
[runlim] sample:		3599.99 time, 3600.02 real, 953 MB
[runlim] end:			Wed Oct 16 08:19:37 2019
[runlim] status:		out of time
[runlim] result:		2
[runlim] children:		2
[runlim] real:			3600.10 seconds
[runlim] time:			3599.99 seconds
[runlim] space:			2076 MB
[runlim] samples:		36000
