[runlim] version:		1.17
[runlim] host:			c3n31
[runlim] time limit:		311040000 seconds
[runlim] real time limit:	3600 seconds
[runlim] space limit:		120000 MB
[runlim] argv[0]:		./run-btormc.sh
[runlim] argv[1]:		/tmp/p9ZTxZ5P.btor
[runlim] start:			Wed Oct 16 09:28:33 2019
[runlim] child:			23248
[runlim] sample:		10.00 time, 10.01 real, 78 MB
[runlim] sample:		20.00 time, 20.01 real, 124 MB
[runlim] sample:		30.00 time, 30.01 real, 145 MB
[runlim] sample:		40.00 time, 40.01 real, 153 MB
[runlim] sample:		50.00 time, 50.01 real, 155 MB
[runlim] sample:		59.99 time, 60.01 real, 169 MB
[runlim] sample:		70.00 time, 70.01 real, 198 MB
[runlim] sample:		80.00 time, 80.01 real, 199 MB
[runlim] sample:		90.00 time, 90.01 real, 207 MB
[runlim] sample:		100.00 time, 100.01 real, 218 MB
[runlim] sample:		110.00 time, 110.01 real, 239 MB
[runlim] sample:		119.99 time, 120.01 real, 248 MB
[runlim] sample:		129.99 time, 130.01 real, 249 MB
[runlim] sample:		140.00 time, 140.01 real, 261 MB
[runlim] sample:		149.99 time, 150.01 real, 269 MB
[runlim] sample:		160.00 time, 160.01 real, 281 MB
[runlim] sample:		170.00 time, 170.01 real, 289 MB
[runlim] sample:		180.00 time, 180.01 real, 297 MB
[runlim] sample:		189.99 time, 190.01 real, 316 MB
[runlim] sample:		199.99 time, 200.01 real, 340 MB
[runlim] sample:		210.00 time, 210.01 real, 337 MB
[runlim] sample:		219.99 time, 220.01 real, 344 MB
[runlim] sample:		229.99 time, 230.01 real, 351 MB
[runlim] sample:		239.99 time, 240.01 real, 363 MB
[runlim] sample:		249.99 time, 250.01 real, 369 MB
[runlim] sample:		259.99 time, 260.01 real, 377 MB
[runlim] sample:		269.99 time, 270.01 real, 403 MB
[runlim] sample:		279.99 time, 280.01 real, 392 MB
[runlim] sample:		289.99 time, 290.01 real, 405 MB
[runlim] sample:		299.99 time, 300.01 real, 413 MB
[runlim] sample:		309.99 time, 310.01 real, 421 MB
[runlim] sample:		319.99 time, 320.01 real, 424 MB
[runlim] sample:		329.99 time, 330.01 real, 438 MB
[runlim] sample:		339.99 time, 340.01 real, 445 MB
[runlim] sample:		349.99 time, 350.01 real, 455 MB
[runlim] sample:		359.99 time, 360.01 real, 501 MB
[runlim] sample:		369.98 time, 370.01 real, 508 MB
[runlim] sample:		379.99 time, 380.01 real, 524 MB
[runlim] sample:		389.99 time, 390.02 real, 532 MB
[runlim] sample:		399.99 time, 400.01 real, 540 MB
[runlim] sample:		409.99 time, 410.02 real, 541 MB
[runlim] sample:		419.99 time, 420.02 real, 573 MB
[runlim] sample:		429.99 time, 430.02 real, 585 MB
[runlim] sample:		439.99 time, 440.01 real, 595 MB
[runlim] sample:		449.99 time, 450.02 real, 622 MB
[runlim] sample:		459.99 time, 460.02 real, 676 MB
[runlim] sample:		469.99 time, 470.02 real, 642 MB
[runlim] sample:		479.99 time, 480.02 real, 625 MB
[runlim] sample:		489.99 time, 490.01 real, 654 MB
[runlim] sample:		499.99 time, 500.02 real, 651 MB
[runlim] sample:		509.98 time, 510.02 real, 664 MB
[runlim] sample:		519.99 time, 520.02 real, 673 MB
[runlim] sample:		529.99 time, 530.02 real, 700 MB
[runlim] sample:		539.99 time, 540.02 real, 707 MB
[runlim] sample:		549.99 time, 550.02 real, 702 MB
[runlim] sample:		559.99 time, 560.02 real, 709 MB
[runlim] sample:		569.99 time, 570.01 real, 725 MB
[runlim] sample:		579.98 time, 580.01 real, 733 MB
[runlim] sample:		589.99 time, 590.02 real, 740 MB
[runlim] sample:		599.99 time, 600.02 real, 767 MB
[runlim] sample:		609.99 time, 610.02 real, 747 MB
[runlim] sample:		619.98 time, 620.02 real, 757 MB
[runlim] sample:		629.99 time, 630.02 real, 765 MB
[runlim] sample:		639.98 time, 640.02 real, 771 MB
[runlim] sample:		649.98 time, 650.01 real, 777 MB
[runlim] sample:		659.99 time, 660.01 real, 786 MB
[runlim] sample:		669.99 time, 670.01 real, 793 MB
[runlim] sample:		679.99 time, 680.01 real, 822 MB
[runlim] sample:		689.98 time, 690.01 real, 829 MB
[runlim] sample:		699.99 time, 700.01 real, 835 MB
[runlim] sample:		709.98 time, 710.01 real, 842 MB
[runlim] sample:		719.98 time, 720.01 real, 849 MB
[runlim] sample:		729.98 time, 730.02 real, 883 MB
[runlim] sample:		739.99 time, 740.02 real, 891 MB
[runlim] sample:		749.99 time, 750.02 real, 898 MB
[runlim] sample:		759.99 time, 760.02 real, 901 MB
[runlim] sample:		769.98 time, 770.01 real, 908 MB
[runlim] sample:		779.99 time, 780.01 real, 914 MB
[runlim] sample:		789.98 time, 790.01 real, 921 MB
[runlim] sample:		799.98 time, 800.02 real, 917 MB
[runlim] sample:		809.98 time, 810.02 real, 894 MB
[runlim] sample:		819.99 time, 820.02 real, 938 MB
[runlim] sample:		829.98 time, 830.02 real, 946 MB
[runlim] sample:		839.98 time, 840.02 real, 922 MB
[runlim] sample:		849.98 time, 850.01 real, 937 MB
[runlim] sample:		859.98 time, 860.02 real, 952 MB
[runlim] sample:		869.98 time, 870.02 real, 957 MB
[runlim] sample:		879.98 time, 880.02 real, 963 MB
[runlim] sample:		889.98 time, 890.02 real, 971 MB
[runlim] sample:		899.98 time, 900.02 real, 979 MB
[runlim] sample:		909.98 time, 910.02 real, 986 MB
[runlim] sample:		919.98 time, 920.02 real, 983 MB
[runlim] sample:		929.99 time, 930.02 real, 999 MB
[runlim] sample:		939.98 time, 940.02 real, 1005 MB
[runlim] sample:		949.99 time, 950.02 real, 1000 MB
[runlim] sample:		959.99 time, 960.02 real, 1006 MB
[runlim] sample:		969.99 time, 970.01 real, 1025 MB
[runlim] sample:		979.99 time, 980.02 real, 1059 MB
[runlim] sample:		989.98 time, 990.02 real, 1064 MB
[runlim] sample:		999.99 time, 1000.01 real, 1072 MB
[runlim] sample:		1009.99 time, 1010.01 real, 1079 MB
[runlim] sample:		1019.98 time, 1020.02 real, 1084 MB
[runlim] sample:		1029.98 time, 1030.02 real, 1092 MB
[runlim] sample:		1039.98 time, 1040.02 real, 1122 MB
[runlim] sample:		1049.98 time, 1050.01 real, 1130 MB
[runlim] sample:		1059.98 time, 1060.01 real, 1110 MB
[runlim] sample:		1069.98 time, 1070.01 real, 1116 MB
[runlim] sample:		1079.98 time, 1080.01 real, 1121 MB
[runlim] sample:		1089.98 time, 1090.02 real, 1115 MB
[runlim] sample:		1099.98 time, 1100.02 real, 1110 MB
[runlim] sample:		1109.98 time, 1110.01 real, 1130 MB
[runlim] sample:		1119.98 time, 1120.02 real, 1089 MB
[runlim] sample:		1129.98 time, 1130.02 real, 1114 MB
[runlim] sample:		1139.98 time, 1140.01 real, 1145 MB
[runlim] sample:		1149.98 time, 1150.02 real, 1161 MB
[runlim] sample:		1159.98 time, 1160.02 real, 1132 MB
[runlim] sample:		1169.98 time, 1170.02 real, 1127 MB
[runlim] sample:		1179.98 time, 1180.02 real, 1156 MB
[runlim] sample:		1189.98 time, 1190.02 real, 1160 MB
[runlim] sample:		1199.98 time, 1200.02 real, 1168 MB
[runlim] sample:		1209.98 time, 1210.02 real, 1173 MB
[runlim] sample:		1219.98 time, 1220.02 real, 1200 MB
[runlim] sample:		1229.98 time, 1230.01 real, 1218 MB
[runlim] sample:		1239.98 time, 1240.02 real, 1223 MB
[runlim] sample:		1249.97 time, 1250.02 real, 1231 MB
[runlim] sample:		1259.98 time, 1260.02 real, 1226 MB
[runlim] sample:		1269.97 time, 1270.02 real, 1243 MB
[runlim] sample:		1279.98 time, 1280.02 real, 1248 MB
[runlim] sample:		1289.98 time, 1290.02 real, 1242 MB
[runlim] sample:		1299.98 time, 1300.01 real, 1262 MB
[runlim] sample:		1309.98 time, 1310.02 real, 1253 MB
[runlim] sample:		1319.98 time, 1320.02 real, 1275 MB
[runlim] sample:		1329.97 time, 1330.02 real, 1235 MB
[runlim] sample:		1339.98 time, 1340.02 real, 1255 MB
[runlim] sample:		1349.98 time, 1350.02 real, 1293 MB
[runlim] sample:		1359.97 time, 1360.02 real, 1301 MB
[runlim] sample:		1369.98 time, 1370.02 real, 1298 MB
[runlim] sample:		1379.98 time, 1380.02 real, 1314 MB
[runlim] sample:		1389.98 time, 1390.01 real, 1312 MB
[runlim] sample:		1399.98 time, 1400.02 real, 1328 MB
[runlim] sample:		1409.97 time, 1410.02 real, 1333 MB
[runlim] sample:		1419.98 time, 1420.02 real, 1341 MB
[runlim] sample:		1429.98 time, 1430.02 real, 1344 MB
[runlim] sample:		1439.98 time, 1440.02 real, 1337 MB
[runlim] sample:		1449.98 time, 1450.02 real, 1344 MB
[runlim] sample:		1459.97 time, 1460.01 real, 1364 MB
[runlim] sample:		1469.98 time, 1470.02 real, 1368 MB
[runlim] sample:		1479.98 time, 1480.02 real, 1377 MB
[runlim] sample:		1489.98 time, 1490.02 real, 1367 MB
[runlim] sample:		1499.98 time, 1500.01 real, 1388 MB
[runlim] sample:		1509.98 time, 1510.01 real, 1396 MB
[runlim] sample:		1519.98 time, 1520.02 real, 1366 MB
[runlim] sample:		1529.97 time, 1530.02 real, 1359 MB
[runlim] sample:		1539.98 time, 1540.02 real, 1380 MB
[runlim] sample:		1549.97 time, 1550.01 real, 1390 MB
[runlim] sample:		1559.98 time, 1560.01 real, 1397 MB
[runlim] sample:		1569.98 time, 1570.02 real, 1422 MB
[runlim] sample:		1579.98 time, 1580.02 real, 1446 MB
[runlim] sample:		1589.98 time, 1590.02 real, 1454 MB
[runlim] sample:		1599.97 time, 1600.02 real, 1420 MB
[runlim] sample:		1609.97 time, 1610.02 real, 1450 MB
[runlim] sample:		1619.97 time, 1620.02 real, 1471 MB
[runlim] sample:		1629.97 time, 1630.01 real, 1476 MB
[runlim] sample:		1639.98 time, 1640.02 real, 1491 MB
[runlim] sample:		1649.98 time, 1650.02 real, 1489 MB
[runlim] sample:		1659.98 time, 1660.01 real, 1497 MB
[runlim] sample:		1669.97 time, 1670.01 real, 1502 MB
[runlim] sample:		1679.97 time, 1680.02 real, 1510 MB
[runlim] sample:		1689.98 time, 1690.02 real, 1513 MB
[runlim] sample:		1699.97 time, 1700.01 real, 1531 MB
[runlim] sample:		1709.97 time, 1710.01 real, 1527 MB
[runlim] sample:		1719.97 time, 1720.02 real, 1535 MB
[runlim] sample:		1729.98 time, 1730.02 real, 1540 MB
[runlim] sample:		1739.98 time, 1740.02 real, 1548 MB
[runlim] sample:		1749.97 time, 1750.02 real, 1538 MB
[runlim] sample:		1759.97 time, 1760.02 real, 1592 MB
[runlim] sample:		1769.98 time, 1770.02 real, 1600 MB
[runlim] sample:		1779.97 time, 1780.01 real, 1610 MB
[runlim] sample:		1789.97 time, 1790.01 real, 1616 MB
[runlim] sample:		1799.98 time, 1800.01 real, 1621 MB
[runlim] sample:		1809.97 time, 1810.02 real, 1630 MB
[runlim] sample:		1819.97 time, 1820.02 real, 1622 MB
[runlim] sample:		1829.98 time, 1830.01 real, 1642 MB
[runlim] sample:		1839.97 time, 1840.02 real, 1648 MB
[runlim] sample:		1849.97 time, 1850.01 real, 1656 MB
[runlim] sample:		1859.97 time, 1860.02 real, 1660 MB
[runlim] sample:		1869.98 time, 1870.02 real, 1669 MB
[runlim] sample:		1879.98 time, 1880.01 real, 1672 MB
[runlim] sample:		1889.98 time, 1890.01 real, 1682 MB
[runlim] sample:		1899.97 time, 1900.01 real, 1691 MB
[runlim] sample:		1909.97 time, 1910.01 real, 1650 MB
[runlim] sample:		1919.97 time, 1920.02 real, 1670 MB
[runlim] sample:		1929.97 time, 1930.02 real, 1677 MB
[runlim] sample:		1939.97 time, 1940.02 real, 1666 MB
[runlim] sample:		1949.97 time, 1950.02 real, 1687 MB
[runlim] sample:		1959.97 time, 1960.02 real, 1678 MB
[runlim] sample:		1969.97 time, 1970.02 real, 1700 MB
[runlim] sample:		1979.97 time, 1980.02 real, 1694 MB
[runlim] sample:		1989.97 time, 1990.02 real, 1714 MB
[runlim] sample:		1999.97 time, 2000.02 real, 1705 MB
[runlim] sample:		2009.97 time, 2010.02 real, 1727 MB
[runlim] sample:		2019.97 time, 2020.02 real, 1731 MB
[runlim] sample:		2029.97 time, 2030.02 real, 1741 MB
[runlim] sample:		2039.97 time, 2040.02 real, 1749 MB
[runlim] sample:		2049.97 time, 2050.01 real, 1753 MB
[runlim] sample:		2059.97 time, 2060.01 real, 1761 MB
[runlim] sample:		2069.97 time, 2070.02 real, 1769 MB
[runlim] sample:		2079.97 time, 2080.01 real, 1773 MB
[runlim] sample:		2089.97 time, 2090.01 real, 1782 MB
[runlim] sample:		2099.97 time, 2100.02 real, 1771 MB
[runlim] sample:		2109.96 time, 2110.01 real, 1791 MB
[runlim] sample:		2119.97 time, 2120.02 real, 1781 MB
[runlim] sample:		2129.96 time, 2130.02 real, 1802 MB
[runlim] sample:		2139.96 time, 2140.02 real, 1790 MB
[runlim] sample:		2149.97 time, 2150.01 real, 1812 MB
[runlim] sample:		2159.96 time, 2160.01 real, 1821 MB
[runlim] sample:		2169.97 time, 2170.02 real, 1864 MB
[runlim] sample:		2179.97 time, 2180.02 real, 1872 MB
[runlim] sample:		2189.97 time, 2190.01 real, 1875 MB
[runlim] sample:		2199.97 time, 2200.02 real, 1883 MB
[runlim] sample:		2209.97 time, 2210.02 real, 1891 MB
[runlim] sample:		2219.96 time, 2220.02 real, 1896 MB
[runlim] sample:		2229.97 time, 2230.02 real, 1904 MB
[runlim] sample:		2239.96 time, 2240.02 real, 1868 MB
[runlim] sample:		2249.96 time, 2250.02 real, 1879 MB
[runlim] sample:		2259.97 time, 2260.01 real, 1887 MB
[runlim] sample:		2269.97 time, 2270.02 real, 1892 MB
[runlim] sample:		2279.97 time, 2280.02 real, 1882 MB
[runlim] sample:		2289.97 time, 2290.02 real, 1888 MB
[runlim] sample:		2299.97 time, 2300.02 real, 1911 MB
[runlim] sample:		2309.97 time, 2310.02 real, 1919 MB
[runlim] sample:		2319.96 time, 2320.02 real, 1927 MB
[runlim] sample:		2329.97 time, 2330.02 real, 1931 MB
[runlim] sample:		2339.97 time, 2340.02 real, 1939 MB
[runlim] sample:		2349.97 time, 2350.02 real, 1947 MB
[runlim] sample:		2359.97 time, 2360.01 real, 1986 MB
[runlim] sample:		2369.97 time, 2370.02 real, 1994 MB
[runlim] sample:		2379.96 time, 2380.02 real, 1941 MB
[runlim] sample:		2389.96 time, 2390.01 real, 1968 MB
[runlim] sample:		2399.96 time, 2400.01 real, 1975 MB
[runlim] sample:		2409.97 time, 2410.02 real, 2012 MB
[runlim] sample:		2419.96 time, 2420.02 real, 2026 MB
[runlim] sample:		2429.96 time, 2430.02 real, 1989 MB
[runlim] sample:		2439.97 time, 2440.01 real, 1999 MB
[runlim] sample:		2449.96 time, 2450.02 real, 1988 MB
[runlim] sample:		2459.97 time, 2460.02 real, 2011 MB
[runlim] sample:		2469.96 time, 2470.02 real, 2058 MB
[runlim] sample:		2479.96 time, 2480.01 real, 2067 MB
[runlim] sample:		2489.97 time, 2490.02 real, 2074 MB
[runlim] sample:		2499.96 time, 2500.01 real, 2083 MB
[runlim] sample:		2509.96 time, 2510.01 real, 2045 MB
[runlim] sample:		2519.97 time, 2520.02 real, 2053 MB
[runlim] sample:		2529.96 time, 2530.02 real, 2100 MB
[runlim] sample:		2539.96 time, 2540.02 real, 2108 MB
[runlim] sample:		2549.96 time, 2550.01 real, 2117 MB
[runlim] sample:		2559.96 time, 2560.01 real, 2079 MB
[runlim] sample:		2569.96 time, 2570.01 real, 2087 MB
[runlim] sample:		2579.96 time, 2580.01 real, 2077 MB
[runlim] sample:		2589.96 time, 2590.01 real, 2100 MB
[runlim] sample:		2599.96 time, 2600.01 real, 2108 MB
[runlim] sample:		2609.96 time, 2610.02 real, 2094 MB
[runlim] sample:		2619.96 time, 2620.02 real, 2118 MB
[runlim] sample:		2629.96 time, 2630.02 real, 2125 MB
[runlim] sample:		2639.96 time, 2640.02 real, 2151 MB
[runlim] sample:		2649.96 time, 2650.01 real, 2175 MB
[runlim] sample:		2659.96 time, 2660.01 real, 2184 MB
[runlim] sample:		2669.96 time, 2670.01 real, 2189 MB
[runlim] sample:		2679.97 time, 2680.01 real, 2197 MB
[runlim] sample:		2689.96 time, 2690.01 real, 2217 MB
[runlim] sample:		2699.96 time, 2700.01 real, 2225 MB
[runlim] sample:		2709.96 time, 2710.01 real, 2228 MB
[runlim] sample:		2719.96 time, 2720.02 real, 2237 MB
[runlim] sample:		2729.96 time, 2730.02 real, 2266 MB
[runlim] sample:		2739.96 time, 2740.01 real, 2250 MB
[runlim] sample:		2749.96 time, 2750.02 real, 2242 MB
[runlim] sample:		2759.96 time, 2760.02 real, 2262 MB
[runlim] sample:		2769.96 time, 2770.02 real, 2251 MB
[runlim] sample:		2779.96 time, 2780.02 real, 2296 MB
[runlim] sample:		2789.96 time, 2790.02 real, 2231 MB
[runlim] sample:		2799.96 time, 2800.02 real, 2238 MB
[runlim] sample:		2809.96 time, 2810.02 real, 2226 MB
[runlim] sample:		2819.96 time, 2820.01 real, 2267 MB
[runlim] sample:		2829.96 time, 2830.02 real, 2275 MB
[runlim] sample:		2839.96 time, 2840.02 real, 2317 MB
[runlim] sample:		2849.96 time, 2850.02 real, 2325 MB
[runlim] sample:		2859.96 time, 2860.02 real, 2332 MB
[runlim] sample:		2869.96 time, 2870.02 real, 2336 MB
[runlim] sample:		2879.96 time, 2880.02 real, 2345 MB
[runlim] sample:		2889.96 time, 2890.01 real, 2350 MB
[runlim] sample:		2899.96 time, 2900.02 real, 2357 MB
[runlim] sample:		2909.96 time, 2910.02 real, 2344 MB
[runlim] sample:		2919.96 time, 2920.01 real, 2369 MB
[runlim] sample:		2929.96 time, 2930.01 real, 2376 MB
[runlim] sample:		2939.96 time, 2940.02 real, 2378 MB
[runlim] sample:		2949.96 time, 2950.01 real, 2387 MB
[runlim] sample:		2959.96 time, 2960.01 real, 2395 MB
[runlim] sample:		2969.96 time, 2970.02 real, 2401 MB
[runlim] sample:		2979.96 time, 2980.02 real, 2408 MB
[runlim] sample:		2989.96 time, 2990.02 real, 2416 MB
[runlim] sample:		2999.96 time, 3000.01 real, 2418 MB
[runlim] sample:		3009.96 time, 3010.02 real, 2428 MB
[runlim] sample:		3019.96 time, 3020.01 real, 2435 MB
[runlim] sample:		3029.95 time, 3030.02 real, 2438 MB
[runlim] sample:		3039.96 time, 3040.02 real, 2445 MB
[runlim] sample:		3049.96 time, 3050.01 real, 2453 MB
[runlim] sample:		3059.96 time, 3060.02 real, 2437 MB
[runlim] sample:		3069.96 time, 3070.02 real, 2460 MB
[runlim] sample:		3079.96 time, 3080.01 real, 2468 MB
[runlim] sample:		3089.96 time, 3090.02 real, 2454 MB
[runlim] sample:		3099.96 time, 3100.02 real, 2479 MB
[runlim] sample:		3109.96 time, 3110.02 real, 2487 MB
[runlim] sample:		3119.96 time, 3120.02 real, 2474 MB
[runlim] sample:		3129.96 time, 3130.02 real, 2495 MB
[runlim] sample:		3139.95 time, 3140.02 real, 2484 MB
[runlim] sample:		3149.96 time, 3150.01 real, 2505 MB
[runlim] sample:		3159.96 time, 3160.01 real, 2514 MB
[runlim] sample:		3169.95 time, 3170.01 real, 2535 MB
[runlim] sample:		3179.96 time, 3180.02 real, 2547 MB
[runlim] sample:		3189.96 time, 3190.02 real, 2543 MB
[runlim] sample:		3199.96 time, 3200.02 real, 2570 MB
[runlim] sample:		3209.96 time, 3210.02 real, 2577 MB
[runlim] sample:		3219.95 time, 3220.02 real, 2506 MB
[runlim] sample:		3229.96 time, 3230.02 real, 2549 MB
[runlim] sample:		3239.96 time, 3240.01 real, 2556 MB
[runlim] sample:		3249.95 time, 3250.02 real, 2561 MB
[runlim] sample:		3259.95 time, 3260.02 real, 2569 MB
[runlim] sample:		3269.96 time, 3270.02 real, 2576 MB
[runlim] sample:		3279.96 time, 3280.02 real, 2562 MB
[runlim] sample:		3289.96 time, 3290.02 real, 2586 MB
[runlim] sample:		3299.96 time, 3300.01 real, 2593 MB
[runlim] sample:		3309.96 time, 3310.01 real, 2609 MB
[runlim] sample:		3319.95 time, 3320.02 real, 2605 MB
[runlim] sample:		3329.95 time, 3330.02 real, 2612 MB
[runlim] sample:		3339.95 time, 3340.02 real, 2595 MB
[runlim] sample:		3349.95 time, 3350.02 real, 2620 MB
[runlim] sample:		3359.96 time, 3360.02 real, 2628 MB
[runlim] sample:		3369.96 time, 3370.02 real, 2614 MB
[runlim] sample:		3379.96 time, 3380.02 real, 2638 MB
[runlim] sample:		3389.95 time, 3390.02 real, 2645 MB
[runlim] sample:		3399.96 time, 3400.02 real, 2646 MB
[runlim] sample:		3409.95 time, 3410.02 real, 2656 MB
[runlim] sample:		3419.95 time, 3420.01 real, 2664 MB
[runlim] sample:		3429.95 time, 3430.02 real, 2650 MB
[runlim] sample:		3439.96 time, 3440.02 real, 2676 MB
[runlim] sample:		3449.96 time, 3450.02 real, 2684 MB
[runlim] sample:		3459.95 time, 3460.01 real, 2674 MB
[runlim] sample:		3469.95 time, 3470.01 real, 2695 MB
[runlim] sample:		3479.95 time, 3480.02 real, 2682 MB
[runlim] sample:		3489.95 time, 3490.02 real, 2705 MB
[runlim] sample:		3499.95 time, 3500.02 real, 2713 MB
[runlim] sample:		3509.96 time, 3510.02 real, 2721 MB
[runlim] sample:		3519.95 time, 3520.02 real, 2729 MB
[runlim] sample:		3529.95 time, 3530.02 real, 2732 MB
[runlim] sample:		3539.95 time, 3540.02 real, 2739 MB
[runlim] sample:		3549.96 time, 3550.02 real, 2746 MB
[runlim] sample:		3559.96 time, 3560.01 real, 2754 MB
[runlim] sample:		3569.95 time, 3570.02 real, 2754 MB
[runlim] sample:		3579.95 time, 3580.02 real, 2762 MB
[runlim] sample:		3589.95 time, 3590.01 real, 2769 MB
[runlim] sample:		3599.96 time, 3600.02 real, 2779 MB
[runlim] end:			Wed Oct 16 10:28:33 2019
[runlim] status:		out of time
[runlim] result:		2
[runlim] children:		2
[runlim] real:			3600.10 seconds
[runlim] time:			3599.96 seconds
[runlim] space:			2793 MB
[runlim] samples:		36000
