[runlim] version:		1.17
[runlim] host:			c3n26
[runlim] time limit:		311040000 seconds
[runlim] real time limit:	3600 seconds
[runlim] space limit:		120000 MB
[runlim] argv[0]:		./run-btormc.sh
[runlim] argv[1]:		/tmp/crZbtDSS.btor
[runlim] start:			Wed Oct 16 08:23:21 2019
[runlim] child:			4833
[runlim] sample:		10.00 time, 10.02 real, 98 MB
[runlim] sample:		20.00 time, 20.02 real, 130 MB
[runlim] sample:		30.00 time, 30.01 real, 151 MB
[runlim] sample:		40.00 time, 40.02 real, 167 MB
[runlim] sample:		50.00 time, 50.02 real, 166 MB
[runlim] sample:		60.00 time, 60.02 real, 175 MB
[runlim] sample:		70.00 time, 70.01 real, 194 MB
[runlim] sample:		80.00 time, 80.01 real, 202 MB
[runlim] sample:		90.00 time, 90.01 real, 216 MB
[runlim] sample:		100.00 time, 100.01 real, 228 MB
[runlim] sample:		110.00 time, 110.02 real, 245 MB
[runlim] sample:		120.00 time, 120.02 real, 271 MB
[runlim] sample:		129.99 time, 130.01 real, 278 MB
[runlim] sample:		140.00 time, 140.01 real, 297 MB
[runlim] sample:		149.99 time, 150.02 real, 347 MB
[runlim] sample:		159.99 time, 160.01 real, 329 MB
[runlim] sample:		170.00 time, 170.01 real, 348 MB
[runlim] sample:		180.00 time, 180.01 real, 355 MB
[runlim] sample:		190.00 time, 190.01 real, 362 MB
[runlim] sample:		200.00 time, 200.01 real, 368 MB
[runlim] sample:		209.99 time, 210.02 real, 387 MB
[runlim] sample:		219.99 time, 220.01 real, 382 MB
[runlim] sample:		229.99 time, 230.02 real, 385 MB
[runlim] sample:		240.00 time, 240.01 real, 399 MB
[runlim] sample:		249.99 time, 250.01 real, 407 MB
[runlim] sample:		260.00 time, 260.01 real, 414 MB
[runlim] sample:		270.00 time, 270.02 real, 430 MB
[runlim] sample:		280.00 time, 280.02 real, 447 MB
[runlim] sample:		289.99 time, 290.02 real, 443 MB
[runlim] sample:		299.99 time, 300.02 real, 449 MB
[runlim] sample:		309.99 time, 310.02 real, 465 MB
[runlim] sample:		319.99 time, 320.02 real, 469 MB
[runlim] sample:		329.99 time, 330.01 real, 478 MB
[runlim] sample:		340.00 time, 340.01 real, 485 MB
[runlim] sample:		350.00 time, 350.02 real, 491 MB
[runlim] sample:		359.99 time, 360.02 real, 497 MB
[runlim] sample:		370.00 time, 370.02 real, 506 MB
[runlim] sample:		379.99 time, 380.02 real, 520 MB
[runlim] sample:		390.00 time, 390.02 real, 522 MB
[runlim] sample:		399.99 time, 400.01 real, 539 MB
[runlim] sample:		409.99 time, 410.02 real, 551 MB
[runlim] sample:		420.00 time, 420.01 real, 575 MB
[runlim] sample:		429.99 time, 430.01 real, 592 MB
[runlim] sample:		440.00 time, 440.01 real, 575 MB
[runlim] sample:		450.00 time, 450.02 real, 572 MB
[runlim] sample:		459.99 time, 460.02 real, 579 MB
[runlim] sample:		470.00 time, 470.01 real, 596 MB
[runlim] sample:		479.99 time, 480.02 real, 602 MB
[runlim] sample:		489.99 time, 490.01 real, 609 MB
[runlim] sample:		499.99 time, 500.01 real, 617 MB
[runlim] sample:		509.99 time, 510.02 real, 623 MB
[runlim] sample:		520.00 time, 520.02 real, 667 MB
[runlim] sample:		529.99 time, 530.02 real, 674 MB
[runlim] sample:		539.99 time, 540.02 real, 692 MB
[runlim] sample:		550.00 time, 550.02 real, 676 MB
[runlim] sample:		559.99 time, 560.01 real, 694 MB
[runlim] sample:		569.99 time, 570.02 real, 658 MB
[runlim] sample:		579.99 time, 580.02 real, 675 MB
[runlim] sample:		589.99 time, 590.02 real, 692 MB
[runlim] sample:		599.99 time, 600.02 real, 699 MB
[runlim] sample:		609.99 time, 610.01 real, 708 MB
[runlim] sample:		619.99 time, 620.02 real, 714 MB
[runlim] sample:		629.99 time, 630.02 real, 719 MB
[runlim] sample:		639.99 time, 640.02 real, 742 MB
[runlim] sample:		649.99 time, 650.02 real, 744 MB
[runlim] sample:		660.00 time, 660.02 real, 762 MB
[runlim] sample:		669.99 time, 670.02 real, 796 MB
[runlim] sample:		679.99 time, 680.02 real, 762 MB
[runlim] sample:		689.99 time, 690.02 real, 770 MB
[runlim] sample:		699.99 time, 700.01 real, 778 MB
[runlim] sample:		709.99 time, 710.01 real, 784 MB
[runlim] sample:		719.99 time, 720.02 real, 765 MB
[runlim] sample:		729.99 time, 730.02 real, 812 MB
[runlim] sample:		739.99 time, 740.01 real, 821 MB
[runlim] sample:		749.99 time, 750.02 real, 836 MB
[runlim] sample:		759.99 time, 760.02 real, 852 MB
[runlim] sample:		769.99 time, 770.02 real, 848 MB
[runlim] sample:		779.99 time, 780.02 real, 867 MB
[runlim] sample:		789.99 time, 790.02 real, 897 MB
[runlim] sample:		799.99 time, 800.01 real, 904 MB
[runlim] sample:		809.99 time, 810.01 real, 912 MB
[runlim] sample:		819.99 time, 820.02 real, 906 MB
[runlim] sample:		829.99 time, 830.02 real, 913 MB
[runlim] sample:		839.99 time, 840.02 real, 944 MB
[runlim] sample:		849.99 time, 850.02 real, 976 MB
[runlim] sample:		859.99 time, 860.02 real, 896 MB
[runlim] sample:		869.99 time, 870.02 real, 908 MB
[runlim] sample:		879.99 time, 880.02 real, 906 MB
[runlim] sample:		889.99 time, 890.02 real, 906 MB
[runlim] sample:		899.99 time, 900.02 real, 974 MB
[runlim] sample:		909.99 time, 910.02 real, 982 MB
[runlim] sample:		919.99 time, 920.01 real, 959 MB
[runlim] sample:		929.99 time, 930.02 real, 952 MB
[runlim] sample:		939.99 time, 940.02 real, 958 MB
[runlim] sample:		949.98 time, 950.01 real, 978 MB
[runlim] sample:		959.99 time, 960.01 real, 985 MB
[runlim] sample:		969.98 time, 970.01 real, 991 MB
[runlim] sample:		979.99 time, 980.01 real, 999 MB
[runlim] sample:		989.98 time, 990.02 real, 1005 MB
[runlim] sample:		999.98 time, 1000.01 real, 1011 MB
[runlim] sample:		1009.98 time, 1010.01 real, 1018 MB
[runlim] sample:		1019.99 time, 1020.01 real, 1025 MB
[runlim] sample:		1029.99 time, 1030.01 real, 1033 MB
[runlim] sample:		1039.99 time, 1040.01 real, 1038 MB
[runlim] sample:		1049.99 time, 1050.02 real, 1045 MB
[runlim] sample:		1059.99 time, 1060.02 real, 1066 MB
[runlim] sample:		1069.99 time, 1070.01 real, 1088 MB
[runlim] sample:		1079.98 time, 1080.01 real, 1062 MB
[runlim] sample:		1089.99 time, 1090.02 real, 1070 MB
[runlim] sample:		1099.98 time, 1100.01 real, 1079 MB
[runlim] sample:		1109.99 time, 1110.02 real, 1116 MB
[runlim] sample:		1119.98 time, 1120.02 real, 1121 MB
[runlim] sample:		1129.98 time, 1130.02 real, 1037 MB
[runlim] sample:		1139.98 time, 1140.02 real, 1079 MB
[runlim] sample:		1149.98 time, 1150.01 real, 1087 MB
[runlim] sample:		1159.98 time, 1160.02 real, 1080 MB
[runlim] sample:		1169.99 time, 1170.02 real, 1102 MB
[runlim] sample:		1179.98 time, 1180.02 real, 1099 MB
[runlim] sample:		1189.99 time, 1190.02 real, 1116 MB
[runlim] sample:		1199.98 time, 1200.02 real, 1109 MB
[runlim] sample:		1209.99 time, 1210.02 real, 1131 MB
[runlim] sample:		1219.99 time, 1220.02 real, 1090 MB
[runlim] sample:		1229.99 time, 1230.02 real, 1143 MB
[runlim] sample:		1239.99 time, 1240.02 real, 1148 MB
[runlim] sample:		1249.99 time, 1250.02 real, 1155 MB
[runlim] sample:		1259.99 time, 1260.01 real, 1163 MB
[runlim] sample:		1269.98 time, 1270.01 real, 1171 MB
[runlim] sample:		1279.98 time, 1280.01 real, 1191 MB
[runlim] sample:		1289.99 time, 1290.01 real, 1199 MB
[runlim] sample:		1299.99 time, 1300.01 real, 1207 MB
[runlim] sample:		1309.99 time, 1310.02 real, 1227 MB
[runlim] sample:		1319.98 time, 1320.01 real, 1236 MB
[runlim] sample:		1329.98 time, 1330.01 real, 1241 MB
[runlim] sample:		1339.98 time, 1340.02 real, 1249 MB
[runlim] sample:		1349.99 time, 1350.02 real, 1283 MB
[runlim] sample:		1359.99 time, 1360.01 real, 1291 MB
[runlim] sample:		1369.98 time, 1370.02 real, 1298 MB
[runlim] sample:		1379.98 time, 1380.01 real, 1305 MB
[runlim] sample:		1389.99 time, 1390.02 real, 1313 MB
[runlim] sample:		1399.98 time, 1400.02 real, 1320 MB
[runlim] sample:		1409.98 time, 1410.02 real, 1328 MB
[runlim] sample:		1419.99 time, 1420.01 real, 1334 MB
[runlim] sample:		1429.98 time, 1430.02 real, 1343 MB
[runlim] sample:		1439.98 time, 1440.02 real, 1349 MB
[runlim] sample:		1449.99 time, 1450.01 real, 1357 MB
[runlim] sample:		1459.99 time, 1460.02 real, 1363 MB
[runlim] sample:		1469.98 time, 1470.01 real, 1372 MB
[runlim] sample:		1479.98 time, 1480.02 real, 1381 MB
[runlim] sample:		1489.99 time, 1490.01 real, 1387 MB
[runlim] sample:		1499.98 time, 1500.01 real, 1384 MB
[runlim] sample:		1509.98 time, 1510.01 real, 1391 MB
[runlim] sample:		1519.98 time, 1520.02 real, 1403 MB
[runlim] sample:		1529.98 time, 1530.02 real, 1414 MB
[runlim] sample:		1539.99 time, 1540.02 real, 1408 MB
[runlim] sample:		1549.99 time, 1550.02 real, 1431 MB
[runlim] sample:		1559.98 time, 1560.02 real, 1422 MB
[runlim] sample:		1569.98 time, 1570.02 real, 1433 MB
[runlim] sample:		1579.98 time, 1580.01 real, 1450 MB
[runlim] sample:		1589.98 time, 1590.02 real, 1456 MB
[runlim] sample:		1599.98 time, 1600.01 real, 1463 MB
[runlim] sample:		1609.98 time, 1610.01 real, 1471 MB
[runlim] sample:		1619.98 time, 1620.02 real, 1511 MB
[runlim] sample:		1629.99 time, 1630.02 real, 1520 MB
[runlim] sample:		1639.98 time, 1640.02 real, 1528 MB
[runlim] sample:		1649.98 time, 1650.02 real, 1518 MB
[runlim] sample:		1659.98 time, 1660.01 real, 1542 MB
[runlim] sample:		1669.98 time, 1670.02 real, 1549 MB
[runlim] sample:		1679.99 time, 1680.01 real, 1554 MB
[runlim] sample:		1689.98 time, 1690.01 real, 1562 MB
[runlim] sample:		1699.98 time, 1700.02 real, 1567 MB
[runlim] sample:		1709.98 time, 1710.02 real, 1576 MB
[runlim] sample:		1719.98 time, 1720.02 real, 1579 MB
[runlim] sample:		1729.98 time, 1730.02 real, 1600 MB
[runlim] sample:		1739.98 time, 1740.01 real, 1608 MB
[runlim] sample:		1749.98 time, 1750.02 real, 1592 MB
[runlim] sample:		1759.98 time, 1760.02 real, 1600 MB
[runlim] sample:		1769.98 time, 1770.02 real, 1608 MB
[runlim] sample:		1779.98 time, 1780.01 real, 1613 MB
[runlim] sample:		1789.98 time, 1790.01 real, 1621 MB
[runlim] sample:		1799.98 time, 1800.02 real, 1610 MB
[runlim] sample:		1809.98 time, 1810.01 real, 1631 MB
[runlim] sample:		1819.98 time, 1820.02 real, 1640 MB
[runlim] sample:		1829.98 time, 1830.02 real, 1618 MB
[runlim] sample:		1839.98 time, 1840.02 real, 1670 MB
[runlim] sample:		1849.98 time, 1850.01 real, 1678 MB
[runlim] sample:		1859.98 time, 1860.01 real, 1686 MB
[runlim] sample:		1869.98 time, 1870.02 real, 1650 MB
[runlim] sample:		1879.98 time, 1880.02 real, 1680 MB
[runlim] sample:		1889.98 time, 1890.02 real, 1702 MB
[runlim] sample:		1899.98 time, 1900.01 real, 1669 MB
[runlim] sample:		1909.98 time, 1910.02 real, 1677 MB
[runlim] sample:		1919.97 time, 1920.02 real, 1720 MB
[runlim] sample:		1929.98 time, 1930.02 real, 1710 MB
[runlim] sample:		1939.98 time, 1940.02 real, 1734 MB
[runlim] sample:		1949.97 time, 1950.02 real, 1742 MB
[runlim] sample:		1959.98 time, 1960.02 real, 1710 MB
[runlim] sample:		1969.98 time, 1970.02 real, 1719 MB
[runlim] sample:		1979.97 time, 1980.02 real, 1727 MB
[runlim] sample:		1989.97 time, 1990.02 real, 1732 MB
[runlim] sample:		1999.98 time, 2000.02 real, 1760 MB
[runlim] sample:		2009.97 time, 2010.02 real, 1748 MB
[runlim] sample:		2019.98 time, 2020.02 real, 1756 MB
[runlim] sample:		2029.97 time, 2030.02 real, 1760 MB
[runlim] sample:		2039.98 time, 2040.01 real, 1768 MB
[runlim] sample:		2049.98 time, 2050.01 real, 1776 MB
[runlim] sample:		2059.97 time, 2060.02 real, 1780 MB
[runlim] sample:		2069.98 time, 2070.01 real, 1788 MB
[runlim] sample:		2079.98 time, 2080.02 real, 1790 MB
[runlim] sample:		2089.98 time, 2090.02 real, 1815 MB
[runlim] sample:		2099.97 time, 2100.02 real, 1820 MB
[runlim] sample:		2109.98 time, 2110.01 real, 1828 MB
[runlim] sample:		2119.97 time, 2120.02 real, 1818 MB
[runlim] sample:		2129.98 time, 2130.01 real, 1858 MB
[runlim] sample:		2139.97 time, 2140.01 real, 1866 MB
[runlim] sample:		2149.97 time, 2150.02 real, 1914 MB
[runlim] sample:		2159.98 time, 2160.02 real, 1921 MB
[runlim] sample:		2169.97 time, 2170.02 real, 1928 MB
[runlim] sample:		2179.98 time, 2180.02 real, 1896 MB
[runlim] sample:		2189.97 time, 2190.02 real, 1904 MB
[runlim] sample:		2199.97 time, 2200.02 real, 1912 MB
[runlim] sample:		2209.98 time, 2210.02 real, 1948 MB
[runlim] sample:		2219.98 time, 2220.02 real, 1933 MB
[runlim] sample:		2229.98 time, 2230.02 real, 1911 MB
[runlim] sample:		2239.98 time, 2240.02 real, 1919 MB
[runlim] sample:		2249.98 time, 2250.02 real, 1927 MB
[runlim] sample:		2259.97 time, 2260.02 real, 1932 MB
[runlim] sample:		2269.97 time, 2270.02 real, 1940 MB
[runlim] sample:		2279.97 time, 2280.02 real, 1944 MB
[runlim] sample:		2289.98 time, 2290.01 real, 1952 MB
[runlim] sample:		2299.98 time, 2300.02 real, 1956 MB
[runlim] sample:		2309.98 time, 2310.02 real, 1965 MB
[runlim] sample:		2319.98 time, 2320.02 real, 1973 MB
[runlim] sample:		2329.97 time, 2330.02 real, 1962 MB
[runlim] sample:		2339.97 time, 2340.01 real, 2023 MB
[runlim] sample:		2349.98 time, 2350.02 real, 2028 MB
[runlim] sample:		2359.97 time, 2360.01 real, 2036 MB
[runlim] sample:		2369.97 time, 2370.02 real, 2042 MB
[runlim] sample:		2379.97 time, 2380.02 real, 2050 MB
[runlim] sample:		2389.97 time, 2390.02 real, 2056 MB
[runlim] sample:		2399.98 time, 2400.01 real, 2064 MB
[runlim] sample:		2409.97 time, 2410.01 real, 2072 MB
[runlim] sample:		2419.97 time, 2420.01 real, 2075 MB
[runlim] sample:		2429.98 time, 2430.02 real, 2084 MB
[runlim] sample:		2439.98 time, 2440.01 real, 2093 MB
[runlim] sample:		2449.98 time, 2450.02 real, 2098 MB
[runlim] sample:		2459.97 time, 2460.01 real, 2107 MB
[runlim] sample:		2469.98 time, 2470.01 real, 2115 MB
[runlim] sample:		2479.97 time, 2480.02 real, 2088 MB
[runlim] sample:		2489.97 time, 2490.01 real, 2096 MB
[runlim] sample:		2499.97 time, 2500.01 real, 2104 MB
[runlim] sample:		2509.97 time, 2510.02 real, 2137 MB
[runlim] sample:		2519.97 time, 2520.02 real, 2163 MB
[runlim] sample:		2529.97 time, 2530.02 real, 2171 MB
[runlim] sample:		2539.97 time, 2540.02 real, 2176 MB
[runlim] sample:		2549.98 time, 2550.01 real, 2185 MB
[runlim] sample:		2559.97 time, 2560.02 real, 2193 MB
[runlim] sample:		2569.97 time, 2570.02 real, 2192 MB
[runlim] sample:		2579.97 time, 2580.02 real, 2203 MB
[runlim] sample:		2589.97 time, 2590.01 real, 2211 MB
[runlim] sample:		2599.97 time, 2600.02 real, 2220 MB
[runlim] sample:		2609.97 time, 2610.02 real, 2240 MB
[runlim] sample:		2619.97 time, 2620.02 real, 2248 MB
[runlim] sample:		2629.97 time, 2630.02 real, 2256 MB
[runlim] sample:		2639.98 time, 2640.01 real, 2272 MB
[runlim] sample:		2649.97 time, 2650.02 real, 2261 MB
[runlim] sample:		2659.97 time, 2660.01 real, 2283 MB
[runlim] sample:		2669.97 time, 2670.02 real, 2318 MB
[runlim] sample:		2679.97 time, 2680.02 real, 2328 MB
[runlim] sample:		2689.97 time, 2690.02 real, 2278 MB
[runlim] sample:		2699.97 time, 2700.02 real, 2285 MB
[runlim] sample:		2709.97 time, 2710.02 real, 2293 MB
[runlim] sample:		2719.97 time, 2720.02 real, 2316 MB
[runlim] sample:		2729.97 time, 2730.02 real, 2324 MB
[runlim] sample:		2739.97 time, 2740.02 real, 2332 MB
[runlim] sample:		2749.97 time, 2750.02 real, 2316 MB
[runlim] sample:		2759.97 time, 2760.02 real, 2343 MB
[runlim] sample:		2769.97 time, 2770.02 real, 2350 MB
[runlim] sample:		2779.97 time, 2780.02 real, 2357 MB
[runlim] sample:		2789.97 time, 2790.02 real, 2365 MB
[runlim] sample:		2799.97 time, 2800.02 real, 2370 MB
[runlim] sample:		2809.97 time, 2810.02 real, 2378 MB
[runlim] sample:		2819.97 time, 2820.02 real, 2386 MB
[runlim] sample:		2829.97 time, 2830.02 real, 2394 MB
[runlim] sample:		2839.97 time, 2840.02 real, 2400 MB
[runlim] sample:		2849.97 time, 2850.02 real, 2408 MB
[runlim] sample:		2859.97 time, 2860.02 real, 2415 MB
[runlim] sample:		2869.96 time, 2870.02 real, 2407 MB
[runlim] sample:		2879.97 time, 2880.02 real, 2427 MB
[runlim] sample:		2889.97 time, 2890.02 real, 2435 MB
[runlim] sample:		2899.97 time, 2900.02 real, 2434 MB
[runlim] sample:		2909.97 time, 2910.02 real, 2451 MB
[runlim] sample:		2919.97 time, 2920.01 real, 2459 MB
[runlim] sample:		2929.97 time, 2930.02 real, 2462 MB
[runlim] sample:		2939.97 time, 2940.02 real, 2471 MB
[runlim] sample:		2949.97 time, 2950.01 real, 2479 MB
[runlim] sample:		2959.96 time, 2960.02 real, 2484 MB
[runlim] sample:		2969.97 time, 2970.01 real, 2492 MB
[runlim] sample:		2979.97 time, 2980.02 real, 2476 MB
[runlim] sample:		2989.96 time, 2990.02 real, 2502 MB
[runlim] sample:		2999.97 time, 3000.02 real, 2490 MB
[runlim] sample:		3009.97 time, 3010.02 real, 2516 MB
[runlim] sample:		3019.97 time, 3020.02 real, 2523 MB
[runlim] sample:		3029.96 time, 3030.02 real, 2527 MB
[runlim] sample:		3039.96 time, 3040.01 real, 2535 MB
[runlim] sample:		3049.97 time, 3050.02 real, 2542 MB
[runlim] sample:		3059.96 time, 3060.02 real, 2530 MB
[runlim] sample:		3069.96 time, 3070.02 real, 2553 MB
[runlim] sample:		3079.96 time, 3080.02 real, 2560 MB
[runlim] sample:		3089.96 time, 3090.02 real, 2569 MB
[runlim] sample:		3099.97 time, 3100.02 real, 2573 MB
[runlim] sample:		3109.96 time, 3110.01 real, 2581 MB
[runlim] sample:		3119.97 time, 3120.02 real, 2589 MB
[runlim] sample:		3129.97 time, 3130.02 real, 2605 MB
[runlim] sample:		3139.96 time, 3140.02 real, 2616 MB
[runlim] sample:		3149.96 time, 3150.02 real, 2625 MB
[runlim] sample:		3159.97 time, 3160.01 real, 2633 MB
[runlim] sample:		3169.97 time, 3170.02 real, 2641 MB
[runlim] sample:		3179.97 time, 3180.02 real, 2649 MB
[runlim] sample:		3189.97 time, 3190.02 real, 2657 MB
[runlim] sample:		3199.97 time, 3200.02 real, 2641 MB
[runlim] sample:		3209.97 time, 3210.02 real, 2666 MB
[runlim] sample:		3219.96 time, 3220.02 real, 2652 MB
[runlim] sample:		3229.97 time, 3230.01 real, 2678 MB
[runlim] sample:		3239.96 time, 3240.01 real, 2685 MB
[runlim] sample:		3249.96 time, 3250.02 real, 2688 MB
[runlim] sample:		3259.96 time, 3260.01 real, 2695 MB
[runlim] sample:		3269.97 time, 3270.01 real, 2702 MB
[runlim] sample:		3279.96 time, 3280.01 real, 2710 MB
[runlim] sample:		3289.96 time, 3290.01 real, 2712 MB
[runlim] sample:		3299.96 time, 3300.02 real, 2721 MB
[runlim] sample:		3309.97 time, 3310.02 real, 2717 MB
[runlim] sample:		3319.96 time, 3320.02 real, 2724 MB
[runlim] sample:		3329.97 time, 3330.02 real, 2732 MB
[runlim] sample:		3339.97 time, 3340.02 real, 2716 MB
[runlim] sample:		3349.97 time, 3350.02 real, 2743 MB
[runlim] sample:		3359.97 time, 3360.02 real, 2750 MB
[runlim] sample:		3369.96 time, 3370.02 real, 2735 MB
[runlim] sample:		3379.96 time, 3380.02 real, 2759 MB
[runlim] sample:		3389.97 time, 3390.01 real, 2768 MB
[runlim] sample:		3399.96 time, 3400.01 real, 2771 MB
[runlim] sample:		3409.97 time, 3410.02 real, 2778 MB
[runlim] sample:		3419.96 time, 3420.01 real, 2785 MB
[runlim] sample:		3429.96 time, 3430.02 real, 2787 MB
[runlim] sample:		3439.97 time, 3440.01 real, 2794 MB
[runlim] sample:		3449.96 time, 3450.01 real, 2801 MB
[runlim] sample:		3459.97 time, 3460.02 real, 2795 MB
[runlim] sample:		3469.97 time, 3470.02 real, 2814 MB
[runlim] sample:		3479.96 time, 3480.02 real, 2821 MB
[runlim] sample:		3489.96 time, 3490.02 real, 2825 MB
[runlim] sample:		3499.97 time, 3500.02 real, 2834 MB
[runlim] sample:		3509.97 time, 3510.02 real, 2842 MB
[runlim] sample:		3519.97 time, 3520.02 real, 2846 MB
[runlim] sample:		3529.96 time, 3530.01 real, 2853 MB
[runlim] sample:		3539.97 time, 3540.02 real, 2839 MB
[runlim] sample:		3549.96 time, 3550.01 real, 2867 MB
[runlim] sample:		3559.96 time, 3560.01 real, 2874 MB
[runlim] sample:		3569.96 time, 3570.01 real, 2881 MB
[runlim] sample:		3579.96 time, 3580.01 real, 2887 MB
[runlim] sample:		3589.96 time, 3590.02 real, 2894 MB
[runlim] sample:		3599.96 time, 3600.01 real, 2901 MB
[runlim] end:			Wed Oct 16 09:23:21 2019
[runlim] status:		out of time
[runlim] result:		2
[runlim] children:		2
[runlim] real:			3600.10 seconds
[runlim] time:			3599.96 seconds
[runlim] space:			2901 MB
[runlim] samples:		36000
