[runlim] version:		1.17
[runlim] host:			c3n15
[runlim] time limit:		311040000 seconds
[runlim] real time limit:	3600 seconds
[runlim] space limit:		120000 MB
[runlim] argv[0]:		./run-btormc.sh
[runlim] argv[1]:		/tmp/nLbPMN3s.btor
[runlim] start:			Wed Oct 16 09:35:49 2019
[runlim] child:			24624
[runlim] sample:		10.00 time, 10.02 real, 120 MB
[runlim] sample:		20.01 time, 20.02 real, 157 MB
[runlim] sample:		30.00 time, 30.01 real, 184 MB
[runlim] sample:		40.00 time, 40.01 real, 210 MB
[runlim] sample:		50.00 time, 50.01 real, 240 MB
[runlim] sample:		60.00 time, 60.02 real, 276 MB
[runlim] sample:		70.00 time, 70.02 real, 303 MB
[runlim] sample:		80.00 time, 80.01 real, 329 MB
[runlim] sample:		90.00 time, 90.01 real, 355 MB
[runlim] sample:		100.00 time, 100.01 real, 381 MB
[runlim] sample:		110.00 time, 110.02 real, 411 MB
[runlim] sample:		119.99 time, 120.02 real, 443 MB
[runlim] sample:		130.00 time, 130.01 real, 481 MB
[runlim] sample:		139.99 time, 140.02 real, 506 MB
[runlim] sample:		150.00 time, 150.01 real, 537 MB
[runlim] sample:		160.00 time, 160.02 real, 562 MB
[runlim] sample:		170.00 time, 170.02 real, 589 MB
[runlim] sample:		179.99 time, 180.01 real, 617 MB
[runlim] sample:		190.00 time, 190.01 real, 643 MB
[runlim] sample:		200.00 time, 200.02 real, 669 MB
[runlim] sample:		209.99 time, 210.02 real, 711 MB
[runlim] sample:		220.00 time, 220.02 real, 710 MB
[runlim] sample:		229.99 time, 230.02 real, 736 MB
[runlim] sample:		240.00 time, 240.01 real, 764 MB
[runlim] sample:		250.00 time, 250.02 real, 791 MB
[runlim] sample:		260.00 time, 260.02 real, 807 MB
[runlim] sample:		269.99 time, 270.02 real, 849 MB
[runlim] sample:		279.99 time, 280.02 real, 865 MB
[runlim] sample:		290.00 time, 290.02 real, 913 MB
[runlim] sample:		299.99 time, 300.01 real, 938 MB
[runlim] sample:		310.00 time, 310.01 real, 964 MB
[runlim] sample:		320.00 time, 320.02 real, 992 MB
[runlim] sample:		329.99 time, 330.01 real, 1018 MB
[runlim] sample:		340.00 time, 340.02 real, 1040 MB
[runlim] sample:		349.99 time, 350.01 real, 1065 MB
[runlim] sample:		360.00 time, 360.02 real, 1088 MB
[runlim] sample:		369.99 time, 370.02 real, 1114 MB
[runlim] sample:		380.00 time, 380.02 real, 1139 MB
[runlim] sample:		390.00 time, 390.02 real, 1165 MB
[runlim] sample:		399.99 time, 400.02 real, 1189 MB
[runlim] sample:		410.00 time, 410.01 real, 1214 MB
[runlim] sample:		419.99 time, 420.02 real, 1239 MB
[runlim] sample:		430.00 time, 430.01 real, 1263 MB
[runlim] sample:		440.00 time, 440.01 real, 1288 MB
[runlim] sample:		449.99 time, 450.02 real, 1333 MB
[runlim] sample:		459.99 time, 460.02 real, 1359 MB
[runlim] sample:		469.99 time, 470.01 real, 1384 MB
[runlim] sample:		479.99 time, 480.02 real, 1410 MB
[runlim] sample:		489.99 time, 490.02 real, 1434 MB
[runlim] sample:		499.99 time, 500.02 real, 1459 MB
[runlim] sample:		510.00 time, 510.02 real, 1482 MB
[runlim] sample:		519.99 time, 520.02 real, 1499 MB
[runlim] sample:		529.99 time, 530.01 real, 1537 MB
[runlim] sample:		540.00 time, 540.01 real, 1563 MB
[runlim] sample:		549.99 time, 550.02 real, 1590 MB
[runlim] sample:		559.99 time, 560.02 real, 1613 MB
[runlim] sample:		569.99 time, 570.01 real, 1637 MB
[runlim] sample:		579.99 time, 580.02 real, 1666 MB
[runlim] sample:		589.99 time, 590.01 real, 1693 MB
[runlim] sample:		599.99 time, 600.02 real, 1719 MB
[runlim] sample:		609.99 time, 610.02 real, 1745 MB
[runlim] sample:		619.99 time, 620.02 real, 1759 MB
[runlim] sample:		629.99 time, 630.02 real, 1820 MB
[runlim] sample:		639.99 time, 640.02 real, 1833 MB
[runlim] sample:		649.99 time, 650.02 real, 1860 MB
[runlim] sample:		659.99 time, 660.02 real, 1878 MB
[runlim] sample:		669.99 time, 670.02 real, 1902 MB
[runlim] sample:		679.99 time, 680.02 real, 1921 MB
[runlim] sample:		689.99 time, 690.01 real, 1951 MB
[runlim] sample:		699.99 time, 700.02 real, 1978 MB
[runlim] sample:		709.99 time, 710.02 real, 1999 MB
[runlim] sample:		719.99 time, 720.02 real, 2027 MB
[runlim] sample:		729.99 time, 730.01 real, 2054 MB
[runlim] sample:		739.99 time, 740.02 real, 2078 MB
[runlim] sample:		749.99 time, 750.02 real, 2102 MB
[runlim] sample:		759.99 time, 760.02 real, 2134 MB
[runlim] sample:		769.99 time, 770.02 real, 2161 MB
[runlim] sample:		779.99 time, 780.01 real, 2186 MB
[runlim] sample:		789.99 time, 790.02 real, 2213 MB
[runlim] sample:		799.99 time, 800.02 real, 2233 MB
[runlim] sample:		809.98 time, 810.01 real, 2263 MB
[runlim] sample:		819.99 time, 820.02 real, 2290 MB
[runlim] sample:		829.99 time, 830.01 real, 2309 MB
[runlim] sample:		839.99 time, 840.01 real, 2342 MB
[runlim] sample:		849.99 time, 850.02 real, 2368 MB
[runlim] sample:		859.98 time, 860.01 real, 2392 MB
[runlim] sample:		869.99 time, 870.02 real, 2421 MB
[runlim] sample:		879.98 time, 880.02 real, 2440 MB
[runlim] sample:		889.99 time, 890.01 real, 2471 MB
[runlim] sample:		899.99 time, 900.02 real, 2497 MB
[runlim] sample:		909.99 time, 910.01 real, 2520 MB
[runlim] sample:		919.98 time, 920.01 real, 2551 MB
[runlim] sample:		929.99 time, 930.02 real, 2569 MB
[runlim] sample:		939.99 time, 940.01 real, 2602 MB
[runlim] sample:		949.99 time, 950.01 real, 2625 MB
[runlim] sample:		959.99 time, 960.01 real, 2653 MB
[runlim] sample:		969.98 time, 970.02 real, 2680 MB
[runlim] sample:		979.98 time, 980.02 real, 2701 MB
[runlim] sample:		989.98 time, 990.01 real, 2734 MB
[runlim] sample:		999.99 time, 1000.02 real, 2739 MB
[runlim] sample:		1009.98 time, 1010.01 real, 2786 MB
[runlim] sample:		1019.99 time, 1020.02 real, 2793 MB
[runlim] sample:		1029.99 time, 1030.02 real, 2835 MB
[runlim] sample:		1039.99 time, 1040.02 real, 2853 MB
[runlim] sample:		1049.99 time, 1050.02 real, 2887 MB
[runlim] sample:		1059.98 time, 1060.02 real, 2908 MB
[runlim] sample:		1069.98 time, 1070.01 real, 2939 MB
[runlim] sample:		1079.98 time, 1080.02 real, 2962 MB
[runlim] sample:		1089.98 time, 1090.02 real, 2991 MB
[runlim] sample:		1099.99 time, 1100.02 real, 3011 MB
[runlim] sample:		1109.98 time, 1110.02 real, 3060 MB
[runlim] sample:		1119.98 time, 1120.02 real, 3080 MB
[runlim] sample:		1129.99 time, 1130.02 real, 3099 MB
[runlim] sample:		1139.98 time, 1140.02 real, 3125 MB
[runlim] sample:		1149.98 time, 1150.02 real, 3147 MB
[runlim] sample:		1159.98 time, 1160.02 real, 3178 MB
[runlim] sample:		1169.98 time, 1170.02 real, 3196 MB
[runlim] sample:		1179.98 time, 1180.02 real, 3230 MB
[runlim] sample:		1189.99 time, 1190.02 real, 3232 MB
[runlim] sample:		1199.99 time, 1200.02 real, 3281 MB
[runlim] sample:		1209.98 time, 1210.01 real, 3300 MB
[runlim] sample:		1219.98 time, 1220.02 real, 3331 MB
[runlim] sample:		1229.98 time, 1230.02 real, 3353 MB
[runlim] sample:		1239.98 time, 1240.02 real, 3388 MB
[runlim] sample:		1249.98 time, 1250.02 real, 3412 MB
[runlim] sample:		1259.98 time, 1260.02 real, 3436 MB
[runlim] sample:		1269.98 time, 1270.02 real, 3464 MB
[runlim] sample:		1279.98 time, 1280.02 real, 3486 MB
[runlim] sample:		1289.98 time, 1290.01 real, 3518 MB
[runlim] sample:		1299.98 time, 1300.02 real, 3533 MB
[runlim] sample:		1309.98 time, 1310.01 real, 3570 MB
[runlim] sample:		1319.98 time, 1320.02 real, 3591 MB
[runlim] sample:		1329.98 time, 1330.02 real, 3622 MB
[runlim] sample:		1339.98 time, 1340.01 real, 3645 MB
[runlim] sample:		1349.98 time, 1350.02 real, 3670 MB
[runlim] sample:		1359.98 time, 1360.01 real, 3698 MB
[runlim] sample:		1369.98 time, 1370.02 real, 3719 MB
[runlim] sample:		1379.98 time, 1380.02 real, 3752 MB
[runlim] sample:		1389.98 time, 1390.02 real, 3752 MB
[runlim] sample:		1399.98 time, 1400.02 real, 3804 MB
[runlim] sample:		1409.98 time, 1410.02 real, 3825 MB
[runlim] sample:		1419.97 time, 1420.02 real, 3853 MB
[runlim] sample:		1429.98 time, 1430.01 real, 3881 MB
[runlim] sample:		1439.98 time, 1440.02 real, 3922 MB
[runlim] sample:		1449.98 time, 1450.01 real, 3957 MB
[runlim] sample:		1459.97 time, 1460.01 real, 3977 MB
[runlim] sample:		1469.98 time, 1470.02 real, 4007 MB
[runlim] sample:		1479.97 time, 1480.01 real, 4033 MB
[runlim] sample:		1489.98 time, 1490.02 real, 4051 MB
[runlim] sample:		1499.97 time, 1500.02 real, 4085 MB
[runlim] sample:		1509.98 time, 1510.01 real, 4103 MB
[runlim] sample:		1519.98 time, 1520.02 real, 4135 MB
[runlim] sample:		1529.97 time, 1530.02 real, 4160 MB
[runlim] sample:		1539.97 time, 1540.02 real, 4181 MB
[runlim] sample:		1549.97 time, 1550.02 real, 4215 MB
[runlim] sample:		1559.97 time, 1560.01 real, 4234 MB
[runlim] sample:		1569.97 time, 1570.02 real, 4266 MB
[runlim] sample:		1579.97 time, 1580.02 real, 4292 MB
[runlim] sample:		1589.97 time, 1590.02 real, 4307 MB
[runlim] sample:		1599.97 time, 1600.02 real, 4344 MB
[runlim] sample:		1609.98 time, 1610.02 real, 4365 MB
[runlim] sample:		1619.97 time, 1620.02 real, 4392 MB
[runlim] sample:		1629.97 time, 1630.01 real, 4422 MB
[runlim] sample:		1639.97 time, 1640.02 real, 4422 MB
[runlim] sample:		1649.98 time, 1650.02 real, 4473 MB
[runlim] sample:		1659.97 time, 1660.01 real, 4497 MB
[runlim] sample:		1669.97 time, 1670.02 real, 4549 MB
[runlim] sample:		1679.97 time, 1680.02 real, 4586 MB
[runlim] sample:		1689.97 time, 1690.02 real, 4610 MB
[runlim] sample:		1699.97 time, 1700.02 real, 4581 MB
[runlim] sample:		1709.97 time, 1710.02 real, 4648 MB
[runlim] sample:		1719.98 time, 1720.02 real, 4678 MB
[runlim] sample:		1729.97 time, 1730.01 real, 4696 MB
[runlim] sample:		1739.97 time, 1740.02 real, 4726 MB
[runlim] sample:		1749.97 time, 1750.01 real, 4755 MB
[runlim] sample:		1759.97 time, 1760.02 real, 4755 MB
[runlim] sample:		1769.98 time, 1770.02 real, 4806 MB
[runlim] sample:		1779.97 time, 1780.02 real, 4831 MB
[runlim] sample:		1789.97 time, 1790.02 real, 4844 MB
[runlim] sample:		1799.97 time, 1800.02 real, 4883 MB
[runlim] sample:		1809.97 time, 1810.02 real, 4906 MB
[runlim] sample:		1819.97 time, 1820.02 real, 4924 MB
[runlim] sample:		1829.97 time, 1830.02 real, 4960 MB
[runlim] sample:		1839.97 time, 1840.02 real, 4983 MB
[runlim] sample:		1849.97 time, 1850.02 real, 5003 MB
[runlim] sample:		1859.97 time, 1860.02 real, 5039 MB
[runlim] sample:		1869.97 time, 1870.02 real, 5061 MB
[runlim] sample:		1879.97 time, 1880.02 real, 5081 MB
[runlim] sample:		1889.97 time, 1890.02 real, 5116 MB
[runlim] sample:		1899.97 time, 1900.02 real, 5137 MB
[runlim] sample:		1909.97 time, 1910.02 real, 5160 MB
[runlim] sample:		1919.97 time, 1920.02 real, 5194 MB
[runlim] sample:		1929.97 time, 1930.02 real, 5215 MB
[runlim] sample:		1939.97 time, 1940.02 real, 5238 MB
[runlim] sample:		1949.97 time, 1950.02 real, 5272 MB
[runlim] sample:		1959.97 time, 1960.02 real, 5294 MB
[runlim] sample:		1969.97 time, 1970.02 real, 5317 MB
[runlim] sample:		1979.97 time, 1980.02 real, 5352 MB
[runlim] sample:		1989.97 time, 1990.02 real, 5376 MB
[runlim] sample:		1999.97 time, 2000.02 real, 5392 MB
[runlim] sample:		2009.97 time, 2010.02 real, 5431 MB
[runlim] sample:		2019.97 time, 2020.02 real, 5455 MB
[runlim] sample:		2029.97 time, 2030.02 real, 5467 MB
[runlim] sample:		2039.97 time, 2040.02 real, 5508 MB
[runlim] sample:		2049.97 time, 2050.02 real, 5535 MB
[runlim] sample:		2059.97 time, 2060.02 real, 5532 MB
[runlim] sample:		2069.97 time, 2070.02 real, 5582 MB
[runlim] sample:		2079.97 time, 2080.02 real, 5611 MB
[runlim] sample:		2089.97 time, 2090.01 real, 5630 MB
[runlim] sample:		2099.97 time, 2100.02 real, 5657 MB
[runlim] sample:		2109.97 time, 2110.02 real, 5690 MB
[runlim] sample:		2119.97 time, 2120.02 real, 5712 MB
[runlim] sample:		2129.97 time, 2130.02 real, 5726 MB
[runlim] sample:		2139.96 time, 2140.02 real, 5767 MB
[runlim] sample:		2149.96 time, 2150.02 real, 5793 MB
[runlim] sample:		2159.97 time, 2160.01 real, 5810 MB
[runlim] sample:		2169.97 time, 2170.02 real, 5841 MB
[runlim] sample:		2179.96 time, 2180.02 real, 5870 MB
[runlim] sample:		2189.97 time, 2190.02 real, 5889 MB
[runlim] sample:		2199.97 time, 2200.02 real, 5913 MB
[runlim] sample:		2209.97 time, 2210.02 real, 5947 MB
[runlim] sample:		2219.97 time, 2220.02 real, 5969 MB
[runlim] sample:		2229.97 time, 2230.01 real, 5978 MB
[runlim] sample:		2239.96 time, 2240.02 real, 6021 MB
[runlim] sample:		2249.97 time, 2250.01 real, 6049 MB
[runlim] sample:		2259.96 time, 2260.01 real, 6068 MB
[runlim] sample:		2269.96 time, 2270.02 real, 6089 MB
[runlim] sample:		2279.96 time, 2280.02 real, 6125 MB
[runlim] sample:		2289.96 time, 2290.02 real, 6149 MB
[runlim] sample:		2299.97 time, 2300.02 real, 6168 MB
[runlim] sample:		2309.96 time, 2310.02 real, 6201 MB
[runlim] sample:		2319.96 time, 2320.02 real, 6230 MB
[runlim] sample:		2329.97 time, 2330.01 real, 6249 MB
[runlim] sample:		2339.96 time, 2340.02 real, 6273 MB
[runlim] sample:		2349.97 time, 2350.02 real, 6309 MB
[runlim] sample:		2359.96 time, 2360.02 real, 6333 MB
[runlim] sample:		2369.96 time, 2370.02 real, 6330 MB
[runlim] sample:		2379.96 time, 2380.02 real, 6384 MB
[runlim] sample:		2389.97 time, 2390.01 real, 6412 MB
[runlim] sample:		2399.96 time, 2400.02 real, 6432 MB
[runlim] sample:		2409.96 time, 2410.02 real, 6452 MB
[runlim] sample:		2419.97 time, 2420.02 real, 6489 MB
[runlim] sample:		2429.96 time, 2430.01 real, 6515 MB
[runlim] sample:		2439.96 time, 2440.02 real, 6531 MB
[runlim] sample:		2449.97 time, 2450.02 real, 6557 MB
[runlim] sample:		2459.96 time, 2460.02 real, 6592 MB
[runlim] sample:		2469.96 time, 2470.01 real, 6616 MB
[runlim] sample:		2479.96 time, 2480.02 real, 6635 MB
[runlim] sample:		2489.96 time, 2490.02 real, 6663 MB
[runlim] sample:		2499.96 time, 2500.02 real, 6695 MB
[runlim] sample:		2509.97 time, 2510.02 real, 6718 MB
[runlim] sample:		2519.96 time, 2520.02 real, 6715 MB
[runlim] sample:		2529.96 time, 2530.02 real, 6768 MB
[runlim] sample:		2539.96 time, 2540.02 real, 6798 MB
[runlim] sample:		2549.96 time, 2550.01 real, 6818 MB
[runlim] sample:		2559.96 time, 2560.02 real, 6830 MB
[runlim] sample:		2569.96 time, 2570.02 real, 6872 MB
[runlim] sample:		2579.96 time, 2580.02 real, 6901 MB
[runlim] sample:		2589.95 time, 2590.01 real, 6921 MB
[runlim] sample:		2599.96 time, 2600.02 real, 6935 MB
[runlim] sample:		2609.96 time, 2610.02 real, 6974 MB
[runlim] sample:		2619.96 time, 2620.02 real, 7002 MB
[runlim] sample:		2629.96 time, 2630.02 real, 7021 MB
[runlim] sample:		2639.96 time, 2640.02 real, 7033 MB
[runlim] sample:		2649.96 time, 2650.02 real, 7093 MB
[runlim] sample:		2659.96 time, 2660.02 real, 7131 MB
[runlim] sample:		2669.96 time, 2670.02 real, 7157 MB
[runlim] sample:		2679.95 time, 2680.02 real, 7177 MB
[runlim] sample:		2689.96 time, 2690.02 real, 7162 MB
[runlim] sample:		2699.96 time, 2700.02 real, 7200 MB
[runlim] sample:		2709.96 time, 2710.02 real, 7227 MB
[runlim] sample:		2719.95 time, 2720.01 real, 7246 MB
[runlim] sample:		2729.96 time, 2730.02 real, 7264 MB
[runlim] sample:		2739.96 time, 2740.02 real, 7301 MB
[runlim] sample:		2749.96 time, 2750.02 real, 7328 MB
[runlim] sample:		2759.96 time, 2760.02 real, 7347 MB
[runlim] sample:		2769.96 time, 2770.02 real, 7331 MB
[runlim] sample:		2779.95 time, 2780.02 real, 7370 MB
[runlim] sample:		2789.96 time, 2790.02 real, 7399 MB
[runlim] sample:		2799.96 time, 2800.01 real, 7420 MB
[runlim] sample:		2809.96 time, 2810.02 real, 7415 MB
[runlim] sample:		2819.95 time, 2820.02 real, 7468 MB
[runlim] sample:		2829.95 time, 2830.02 real, 7498 MB
[runlim] sample:		2839.95 time, 2840.02 real, 7519 MB
[runlim] sample:		2849.96 time, 2850.02 real, 7535 MB
[runlim] sample:		2859.95 time, 2860.02 real, 7564 MB
[runlim] sample:		2869.96 time, 2870.02 real, 7597 MB
[runlim] sample:		2879.96 time, 2880.02 real, 7620 MB
[runlim] sample:		2889.96 time, 2890.01 real, 7637 MB
[runlim] sample:		2899.96 time, 2900.02 real, 7664 MB
[runlim] sample:		2909.96 time, 2910.02 real, 7698 MB
[runlim] sample:		2919.95 time, 2920.02 real, 7723 MB
[runlim] sample:		2929.95 time, 2930.02 real, 7741 MB
[runlim] sample:		2939.96 time, 2940.02 real, 7762 MB
[runlim] sample:		2949.96 time, 2950.02 real, 7798 MB
[runlim] sample:		2959.95 time, 2960.02 real, 7824 MB
[runlim] sample:		2969.96 time, 2970.02 real, 7843 MB
[runlim] sample:		2979.95 time, 2980.02 real, 7859 MB
[runlim] sample:		2989.96 time, 2990.02 real, 7899 MB
[runlim] sample:		2999.96 time, 3000.02 real, 7928 MB
[runlim] sample:		3009.95 time, 3010.02 real, 7949 MB
[runlim] sample:		3019.95 time, 3020.02 real, 7947 MB
[runlim] sample:		3029.96 time, 3030.02 real, 8001 MB
[runlim] sample:		3039.96 time, 3040.02 real, 8032 MB
[runlim] sample:		3049.95 time, 3050.02 real, 8054 MB
[runlim] sample:		3059.95 time, 3060.02 real, 8072 MB
[runlim] sample:		3069.95 time, 3070.02 real, 8093 MB
[runlim] sample:		3079.95 time, 3080.02 real, 8129 MB
[runlim] sample:		3089.95 time, 3090.02 real, 8156 MB
[runlim] sample:		3099.95 time, 3100.02 real, 8175 MB
[runlim] sample:		3109.95 time, 3110.02 real, 8176 MB
[runlim] sample:		3119.95 time, 3120.02 real, 8225 MB
[runlim] sample:		3129.95 time, 3130.02 real, 8258 MB
[runlim] sample:		3139.95 time, 3140.01 real, 8283 MB
[runlim] sample:		3149.95 time, 3150.02 real, 8303 MB
[runlim] sample:		3159.95 time, 3160.02 real, 8319 MB
[runlim] sample:		3169.95 time, 3170.02 real, 8357 MB
[runlim] sample:		3179.95 time, 3180.02 real, 8385 MB
[runlim] sample:		3189.95 time, 3190.02 real, 8406 MB
[runlim] sample:		3199.95 time, 3200.02 real, 8421 MB
[runlim] sample:		3209.95 time, 3210.02 real, 8476 MB
[runlim] sample:		3219.95 time, 3220.02 real, 8512 MB
[runlim] sample:		3229.95 time, 3230.01 real, 8537 MB
[runlim] sample:		3239.95 time, 3240.02 real, 8556 MB
[runlim] sample:		3249.95 time, 3250.02 real, 8550 MB
[runlim] sample:		3259.95 time, 3260.02 real, 8607 MB
[runlim] sample:		3269.95 time, 3270.02 real, 8639 MB
[runlim] sample:		3279.95 time, 3280.02 real, 8665 MB
[runlim] sample:		3289.95 time, 3290.01 real, 8684 MB
[runlim] sample:		3299.95 time, 3300.02 real, 8677 MB
[runlim] sample:		3309.95 time, 3310.02 real, 8729 MB
[runlim] sample:		3319.95 time, 3320.02 real, 8761 MB
[runlim] sample:		3329.94 time, 3330.02 real, 8786 MB
[runlim] sample:		3339.95 time, 3340.02 real, 8805 MB
[runlim] sample:		3349.94 time, 3350.02 real, 8815 MB
[runlim] sample:		3359.95 time, 3360.02 real, 8856 MB
[runlim] sample:		3369.95 time, 3370.02 real, 8886 MB
[runlim] sample:		3379.95 time, 3380.02 real, 8909 MB
[runlim] sample:		3389.95 time, 3390.01 real, 8927 MB
[runlim] sample:		3399.95 time, 3400.02 real, 8948 MB
[runlim] sample:		3409.95 time, 3410.02 real, 8985 MB
[runlim] sample:		3419.95 time, 3420.01 real, 9013 MB
[runlim] sample:		3429.95 time, 3430.02 real, 9033 MB
[runlim] sample:		3439.94 time, 3440.02 real, 9049 MB
[runlim] sample:		3449.95 time, 3450.02 real, 9078 MB
[runlim] sample:		3459.95 time, 3460.02 real, 9114 MB
[runlim] sample:		3469.94 time, 3470.01 real, 9140 MB
[runlim] sample:		3479.95 time, 3480.02 real, 9159 MB
[runlim] sample:		3489.95 time, 3490.02 real, 9153 MB
[runlim] sample:		3499.95 time, 3500.02 real, 9210 MB
[runlim] sample:		3509.94 time, 3510.02 real, 9243 MB
[runlim] sample:		3519.94 time, 3520.02 real, 9268 MB
[runlim] sample:		3529.95 time, 3530.02 real, 9288 MB
[runlim] sample:		3539.95 time, 3540.02 real, 9300 MB
[runlim] sample:		3549.94 time, 3550.02 real, 9342 MB
[runlim] sample:		3559.94 time, 3560.02 real, 9373 MB
[runlim] sample:		3569.94 time, 3570.02 real, 9397 MB
[runlim] sample:		3579.95 time, 3580.02 real, 9414 MB
[runlim] sample:		3589.94 time, 3590.02 real, 9427 MB
[runlim] sample:		3599.94 time, 3600.02 real, 9467 MB
[runlim] end:			Wed Oct 16 10:35:49 2019
[runlim] status:		out of time
[runlim] result:		2
[runlim] children:		2
[runlim] real:			3600.10 seconds
[runlim] time:			3599.94 seconds
[runlim] space:			9467 MB
[runlim] samples:		36000
