[runlim] version:		1.17
[runlim] host:			c3n11
[runlim] time limit:		311040000 seconds
[runlim] real time limit:	3600 seconds
[runlim] space limit:		120000 MB
[runlim] argv[0]:		./run-btormc.sh
[runlim] argv[1]:		/tmp/jh0ub6PX.btor
[runlim] start:			Wed Oct 16 06:59:04 2019
[runlim] child:			16538
warning: unsupported tag 'output'
warning: unsupported tag 'output'
warning: unsupported tag 'output'
warning: unsupported tag 'output'
warning: unsupported tag 'output'
warning: unsupported tag 'output'
warning: unsupported tag 'output'
warning: unsupported tag 'output'
warning: unsupported tag 'output'
[runlim] sample:		10.00 time, 10.01 real, 396 MB
[runlim] sample:		20.00 time, 20.01 real, 534 MB
[runlim] sample:		30.00 time, 30.01 real, 453 MB
[runlim] sample:		40.00 time, 40.01 real, 557 MB
[runlim] sample:		50.00 time, 50.01 real, 622 MB
[runlim] sample:		60.00 time, 60.01 real, 634 MB
[runlim] sample:		70.00 time, 70.01 real, 763 MB
[runlim] sample:		80.00 time, 80.01 real, 834 MB
[runlim] sample:		90.00 time, 90.01 real, 778 MB
[runlim] sample:		99.99 time, 100.01 real, 806 MB
[runlim] sample:		110.00 time, 110.01 real, 914 MB
[runlim] sample:		120.00 time, 120.01 real, 881 MB
[runlim] sample:		130.00 time, 130.01 real, 1026 MB
[runlim] sample:		140.00 time, 140.01 real, 924 MB
[runlim] sample:		149.99 time, 150.01 real, 956 MB
[runlim] sample:		160.00 time, 160.01 real, 1040 MB
[runlim] sample:		169.99 time, 170.01 real, 930 MB
[runlim] sample:		179.99 time, 180.01 real, 1025 MB
[runlim] sample:		190.00 time, 190.01 real, 1034 MB
[runlim] sample:		199.99 time, 200.01 real, 1035 MB
[runlim] sample:		209.99 time, 210.01 real, 1056 MB
[runlim] sample:		220.00 time, 220.01 real, 1091 MB
[runlim] sample:		230.00 time, 230.01 real, 1097 MB
[runlim] sample:		240.00 time, 240.01 real, 1097 MB
[runlim] sample:		249.99 time, 250.01 real, 1244 MB
[runlim] sample:		259.99 time, 260.01 real, 1251 MB
[runlim] sample:		269.99 time, 270.01 real, 1227 MB
[runlim] sample:		280.00 time, 280.01 real, 1227 MB
[runlim] sample:		289.99 time, 290.01 real, 1228 MB
[runlim] sample:		299.99 time, 300.01 real, 1253 MB
[runlim] sample:		309.99 time, 310.01 real, 1254 MB
[runlim] sample:		319.99 time, 320.01 real, 1256 MB
[runlim] sample:		329.99 time, 330.01 real, 1272 MB
[runlim] sample:		339.99 time, 340.01 real, 1323 MB
[runlim] sample:		349.99 time, 350.01 real, 1302 MB
[runlim] sample:		359.99 time, 360.01 real, 1343 MB
[runlim] sample:		369.99 time, 370.01 real, 1337 MB
[runlim] sample:		379.99 time, 380.01 real, 1466 MB
[runlim] sample:		389.99 time, 390.01 real, 1472 MB
[runlim] sample:		399.99 time, 400.01 real, 1477 MB
[runlim] sample:		409.99 time, 410.01 real, 1670 MB
[runlim] sample:		419.99 time, 420.01 real, 1505 MB
[runlim] sample:		429.99 time, 430.01 real, 1507 MB
[runlim] sample:		439.99 time, 440.02 real, 1507 MB
[runlim] sample:		449.99 time, 450.02 real, 1510 MB
[runlim] sample:		459.99 time, 460.02 real, 1535 MB
[runlim] sample:		469.99 time, 470.02 real, 1535 MB
[runlim] sample:		479.99 time, 480.02 real, 1538 MB
[runlim] sample:		489.98 time, 490.02 real, 1543 MB
[runlim] sample:		499.98 time, 500.02 real, 1624 MB
[runlim] sample:		509.99 time, 510.02 real, 1549 MB
[runlim] sample:		519.99 time, 520.02 real, 1610 MB
[runlim] sample:		529.99 time, 530.02 real, 1649 MB
[runlim] sample:		539.99 time, 540.02 real, 1645 MB
[runlim] sample:		549.99 time, 550.02 real, 1660 MB
[runlim] sample:		559.99 time, 560.02 real, 1660 MB
[runlim] sample:		569.99 time, 570.02 real, 1721 MB
[runlim] sample:		579.98 time, 580.02 real, 1721 MB
[runlim] sample:		589.98 time, 590.02 real, 1722 MB
[runlim] sample:		599.99 time, 600.02 real, 1724 MB
[runlim] sample:		609.99 time, 610.02 real, 1726 MB
[runlim] sample:		619.99 time, 620.02 real, 1757 MB
[runlim] sample:		629.99 time, 630.02 real, 1804 MB
[runlim] sample:		639.98 time, 640.02 real, 1807 MB
[runlim] sample:		649.99 time, 650.02 real, 1810 MB
[runlim] sample:		659.98 time, 660.02 real, 1810 MB
[runlim] sample:		669.99 time, 670.02 real, 1837 MB
[runlim] sample:		679.99 time, 680.02 real, 2093 MB
[runlim] sample:		689.98 time, 690.02 real, 1973 MB
[runlim] sample:		699.99 time, 700.01 real, 1846 MB
[runlim] sample:		709.98 time, 710.02 real, 1936 MB
[runlim] sample:		719.99 time, 720.02 real, 1853 MB
[runlim] sample:		729.99 time, 730.02 real, 1900 MB
[runlim] sample:		739.98 time, 740.02 real, 1900 MB
[runlim] sample:		749.99 time, 750.02 real, 2014 MB
[runlim] sample:		759.99 time, 760.02 real, 2019 MB
[runlim] sample:		769.99 time, 770.02 real, 2022 MB
[runlim] sample:		779.98 time, 780.02 real, 2027 MB
[runlim] sample:		789.99 time, 790.02 real, 2109 MB
[runlim] sample:		799.99 time, 800.02 real, 2066 MB
[runlim] sample:		809.99 time, 810.02 real, 2069 MB
[runlim] sample:		819.99 time, 820.02 real, 2069 MB
[runlim] sample:		829.99 time, 830.02 real, 2072 MB
[runlim] sample:		839.98 time, 840.02 real, 2072 MB
[runlim] sample:		849.99 time, 850.02 real, 2076 MB
[runlim] sample:		859.99 time, 860.02 real, 2076 MB
[runlim] sample:		869.99 time, 870.02 real, 2104 MB
[runlim] sample:		879.98 time, 880.02 real, 2108 MB
[runlim] sample:		889.98 time, 890.02 real, 2108 MB
[runlim] sample:		899.99 time, 900.02 real, 2108 MB
[runlim] end:			Wed Oct 16 07:14:07 2019
[runlim] status:		ok
[runlim] result:		0
[runlim] children:		2
[runlim] real:			902.75 seconds
[runlim] time:			902.68 seconds
[runlim] space:			2463 MB
[runlim] samples:		9027
