[runlim] version:		1.17
[runlim] host:			c3n11
[runlim] time limit:		311040000 seconds
[runlim] real time limit:	3600 seconds
[runlim] space limit:		120000 MB
[runlim] argv[0]:		./run-btormc.sh
[runlim] argv[1]:		/tmp/kQa5CS8g.btor
[runlim] start:			Wed Oct 16 08:14:08 2019
[runlim] child:			16714
[runlim] sample:		10.00 time, 10.01 real, 96 MB
[runlim] sample:		20.00 time, 20.01 real, 127 MB
[runlim] sample:		30.00 time, 30.01 real, 106 MB
[runlim] sample:		40.00 time, 40.02 real, 142 MB
[runlim] sample:		50.00 time, 50.01 real, 153 MB
[runlim] sample:		60.00 time, 60.02 real, 175 MB
[runlim] sample:		70.00 time, 70.01 real, 195 MB
[runlim] sample:		79.99 time, 80.02 real, 227 MB
[runlim] sample:		90.00 time, 90.02 real, 215 MB
[runlim] sample:		100.00 time, 100.02 real, 222 MB
[runlim] sample:		109.99 time, 110.01 real, 242 MB
[runlim] sample:		120.00 time, 120.01 real, 251 MB
[runlim] sample:		130.00 time, 130.02 real, 261 MB
[runlim] sample:		140.00 time, 140.01 real, 271 MB
[runlim] sample:		150.00 time, 150.02 real, 302 MB
[runlim] sample:		160.00 time, 160.01 real, 311 MB
[runlim] sample:		170.00 time, 170.02 real, 342 MB
[runlim] sample:		180.00 time, 180.01 real, 357 MB
[runlim] sample:		190.00 time, 190.01 real, 370 MB
[runlim] sample:		200.00 time, 200.02 real, 389 MB
[runlim] sample:		210.00 time, 210.02 real, 398 MB
[runlim] sample:		219.99 time, 220.01 real, 409 MB
[runlim] sample:		230.00 time, 230.02 real, 428 MB
[runlim] sample:		240.00 time, 240.02 real, 437 MB
[runlim] sample:		250.00 time, 250.02 real, 443 MB
[runlim] sample:		260.00 time, 260.02 real, 459 MB
[runlim] sample:		269.99 time, 270.01 real, 468 MB
[runlim] sample:		280.00 time, 280.02 real, 476 MB
[runlim] sample:		290.00 time, 290.01 real, 484 MB
[runlim] sample:		300.00 time, 300.01 real, 493 MB
[runlim] sample:		310.00 time, 310.01 real, 500 MB
[runlim] sample:		320.00 time, 320.02 real, 545 MB
[runlim] sample:		330.00 time, 330.02 real, 535 MB
[runlim] sample:		339.99 time, 340.02 real, 535 MB
[runlim] sample:		350.00 time, 350.02 real, 549 MB
[runlim] sample:		359.99 time, 360.01 real, 567 MB
[runlim] sample:		370.00 time, 370.02 real, 563 MB
[runlim] sample:		380.00 time, 380.02 real, 588 MB
[runlim] sample:		390.00 time, 390.02 real, 595 MB
[runlim] sample:		399.99 time, 400.02 real, 591 MB
[runlim] sample:		410.00 time, 410.01 real, 608 MB
[runlim] sample:		420.00 time, 420.01 real, 625 MB
[runlim] sample:		430.00 time, 430.02 real, 621 MB
[runlim] sample:		440.00 time, 440.02 real, 644 MB
[runlim] sample:		449.99 time, 450.02 real, 654 MB
[runlim] sample:		460.00 time, 460.02 real, 689 MB
[runlim] sample:		470.00 time, 470.01 real, 698 MB
[runlim] sample:		480.00 time, 480.02 real, 700 MB
[runlim] sample:		490.00 time, 490.01 real, 713 MB
[runlim] sample:		499.99 time, 500.02 real, 753 MB
[runlim] sample:		510.00 time, 510.02 real, 760 MB
[runlim] sample:		519.99 time, 520.02 real, 757 MB
[runlim] sample:		530.00 time, 530.02 real, 761 MB
[runlim] sample:		539.99 time, 540.01 real, 771 MB
[runlim] sample:		550.00 time, 550.02 real, 772 MB
[runlim] sample:		560.00 time, 560.02 real, 787 MB
[runlim] sample:		570.00 time, 570.01 real, 795 MB
[runlim] sample:		579.99 time, 580.01 real, 803 MB
[runlim] sample:		590.00 time, 590.01 real, 808 MB
[runlim] sample:		600.00 time, 600.01 real, 815 MB
[runlim] sample:		609.99 time, 610.01 real, 822 MB
[runlim] sample:		620.00 time, 620.01 real, 828 MB
[runlim] sample:		630.00 time, 630.02 real, 832 MB
[runlim] sample:		639.99 time, 640.02 real, 841 MB
[runlim] sample:		650.00 time, 650.02 real, 836 MB
[runlim] sample:		660.00 time, 660.02 real, 856 MB
[runlim] sample:		669.99 time, 670.02 real, 864 MB
[runlim] sample:		680.00 time, 680.01 real, 871 MB
[runlim] sample:		689.99 time, 690.01 real, 879 MB
[runlim] sample:		700.00 time, 700.02 real, 888 MB
[runlim] sample:		709.99 time, 710.02 real, 925 MB
[runlim] sample:		720.00 time, 720.02 real, 932 MB
[runlim] sample:		729.99 time, 730.01 real, 938 MB
[runlim] sample:		739.99 time, 740.01 real, 946 MB
[runlim] sample:		749.99 time, 750.02 real, 951 MB
[runlim] sample:		760.00 time, 760.02 real, 959 MB
[runlim] sample:		769.99 time, 770.01 real, 965 MB
[runlim] sample:		779.99 time, 780.02 real, 972 MB
[runlim] sample:		790.00 time, 790.01 real, 979 MB
[runlim] sample:		799.99 time, 800.02 real, 987 MB
[runlim] sample:		809.99 time, 810.02 real, 994 MB
[runlim] sample:		819.99 time, 820.02 real, 987 MB
[runlim] sample:		829.99 time, 830.02 real, 994 MB
[runlim] sample:		840.00 time, 840.02 real, 1014 MB
[runlim] sample:		850.00 time, 850.02 real, 1010 MB
[runlim] sample:		859.99 time, 860.01 real, 1031 MB
[runlim] sample:		870.00 time, 870.02 real, 1025 MB
[runlim] sample:		879.99 time, 880.02 real, 1084 MB
[runlim] sample:		889.99 time, 890.02 real, 1083 MB
[runlim] sample:		900.00 time, 900.01 real, 1097 MB
[runlim] sample:		910.00 time, 910.02 real, 1105 MB
[runlim] sample:		919.99 time, 920.02 real, 1114 MB
[runlim] sample:		929.99 time, 930.02 real, 1118 MB
[runlim] sample:		939.99 time, 940.02 real, 1126 MB
[runlim] sample:		949.99 time, 950.02 real, 1132 MB
[runlim] sample:		959.99 time, 960.02 real, 1139 MB
[runlim] sample:		970.00 time, 970.02 real, 1130 MB
[runlim] sample:		979.99 time, 980.02 real, 1141 MB
[runlim] sample:		989.99 time, 990.02 real, 1156 MB
[runlim] sample:		999.99 time, 1000.01 real, 1164 MB
[runlim] sample:		1010.00 time, 1010.01 real, 1173 MB
[runlim] sample:		1019.99 time, 1020.02 real, 1181 MB
[runlim] sample:		1029.99 time, 1030.02 real, 1187 MB
[runlim] sample:		1039.99 time, 1040.02 real, 1195 MB
[runlim] sample:		1049.99 time, 1050.02 real, 1200 MB
[runlim] sample:		1059.99 time, 1060.02 real, 1208 MB
[runlim] sample:		1069.99 time, 1070.02 real, 1215 MB
[runlim] sample:		1079.99 time, 1080.02 real, 1223 MB
[runlim] sample:		1089.99 time, 1090.02 real, 1229 MB
[runlim] sample:		1099.99 time, 1100.02 real, 1221 MB
[runlim] sample:		1110.00 time, 1110.02 real, 1244 MB
[runlim] sample:		1119.99 time, 1120.02 real, 1278 MB
[runlim] sample:		1129.99 time, 1130.02 real, 1307 MB
[runlim] sample:		1139.99 time, 1140.01 real, 1331 MB
[runlim] sample:		1149.99 time, 1150.02 real, 1362 MB
[runlim] sample:		1160.00 time, 1160.01 real, 1370 MB
[runlim] sample:		1170.00 time, 1170.01 real, 1378 MB
[runlim] sample:		1179.99 time, 1180.01 real, 1387 MB
[runlim] sample:		1189.99 time, 1190.02 real, 1386 MB
[runlim] sample:		1199.99 time, 1200.02 real, 1410 MB
[runlim] sample:		1209.99 time, 1210.02 real, 1419 MB
[runlim] sample:		1219.99 time, 1220.02 real, 1477 MB
[runlim] sample:		1229.99 time, 1230.02 real, 1482 MB
[runlim] sample:		1240.00 time, 1240.02 real, 1490 MB
[runlim] sample:		1249.99 time, 1250.02 real, 1478 MB
[runlim] sample:		1259.99 time, 1260.02 real, 1502 MB
[runlim] sample:		1269.99 time, 1270.02 real, 1491 MB
[runlim] sample:		1279.99 time, 1280.01 real, 1516 MB
[runlim] sample:		1289.99 time, 1290.02 real, 1522 MB
[runlim] sample:		1299.99 time, 1300.01 real, 1530 MB
[runlim] sample:		1309.99 time, 1310.02 real, 1508 MB
[runlim] sample:		1319.99 time, 1320.02 real, 1451 MB
[runlim] sample:		1329.99 time, 1330.02 real, 1501 MB
[runlim] sample:		1339.99 time, 1340.02 real, 1511 MB
[runlim] sample:		1349.99 time, 1350.02 real, 1533 MB
[runlim] sample:		1359.99 time, 1360.02 real, 1538 MB
[runlim] sample:		1369.99 time, 1370.02 real, 1544 MB
[runlim] sample:		1379.99 time, 1380.02 real, 1550 MB
[runlim] sample:		1389.99 time, 1390.02 real, 1539 MB
[runlim] sample:		1399.99 time, 1400.02 real, 1564 MB
[runlim] sample:		1409.99 time, 1410.02 real, 1573 MB
[runlim] sample:		1419.99 time, 1420.02 real, 1578 MB
[runlim] sample:		1429.99 time, 1430.02 real, 1586 MB
[runlim] sample:		1439.99 time, 1440.02 real, 1593 MB
[runlim] sample:		1449.99 time, 1450.02 real, 1595 MB
[runlim] sample:		1459.99 time, 1460.02 real, 1605 MB
[runlim] sample:		1469.99 time, 1470.02 real, 1611 MB
[runlim] sample:		1479.99 time, 1480.02 real, 1617 MB
[runlim] sample:		1489.99 time, 1490.02 real, 1625 MB
[runlim] sample:		1499.99 time, 1500.02 real, 1613 MB
[runlim] sample:		1509.99 time, 1510.02 real, 1629 MB
[runlim] sample:		1519.99 time, 1520.02 real, 1645 MB
[runlim] sample:		1529.99 time, 1530.02 real, 1651 MB
[runlim] sample:		1539.99 time, 1540.02 real, 1659 MB
[runlim] sample:		1549.99 time, 1550.02 real, 1664 MB
[runlim] sample:		1559.99 time, 1560.02 real, 1673 MB
[runlim] sample:		1569.99 time, 1570.02 real, 1680 MB
[runlim] sample:		1579.99 time, 1580.02 real, 1687 MB
[runlim] sample:		1589.99 time, 1590.02 real, 1693 MB
[runlim] sample:		1599.99 time, 1600.02 real, 1701 MB
[runlim] sample:		1609.99 time, 1610.02 real, 1688 MB
[runlim] sample:		1619.99 time, 1620.02 real, 1716 MB
[runlim] sample:		1629.99 time, 1630.02 real, 1724 MB
[runlim] sample:		1639.99 time, 1640.02 real, 1731 MB
[runlim] sample:		1649.99 time, 1650.02 real, 1736 MB
[runlim] sample:		1659.99 time, 1660.02 real, 1745 MB
[runlim] sample:		1669.99 time, 1670.02 real, 1753 MB
[runlim] sample:		1679.99 time, 1680.02 real, 1757 MB
[runlim] sample:		1689.99 time, 1690.02 real, 1766 MB
[runlim] sample:		1699.99 time, 1700.02 real, 1767 MB
[runlim] sample:		1709.99 time, 1710.02 real, 1774 MB
[runlim] sample:		1719.99 time, 1720.02 real, 1782 MB
[runlim] sample:		1729.99 time, 1730.01 real, 1792 MB
[runlim] sample:		1739.99 time, 1740.02 real, 1801 MB
[runlim] sample:		1749.99 time, 1750.01 real, 1814 MB
[runlim] sample:		1759.99 time, 1760.02 real, 1840 MB
[runlim] sample:		1769.99 time, 1770.02 real, 1848 MB
[runlim] sample:		1779.98 time, 1780.02 real, 1850 MB
[runlim] sample:		1789.98 time, 1790.02 real, 1855 MB
[runlim] sample:		1799.99 time, 1800.02 real, 1862 MB
[runlim] sample:		1809.98 time, 1810.02 real, 1867 MB
[runlim] sample:		1819.99 time, 1820.02 real, 1875 MB
[runlim] sample:		1829.99 time, 1830.02 real, 1882 MB
[runlim] sample:		1839.99 time, 1840.01 real, 1872 MB
[runlim] sample:		1849.99 time, 1850.02 real, 1896 MB
[runlim] sample:		1859.99 time, 1860.02 real, 1914 MB
[runlim] sample:		1869.99 time, 1870.02 real, 1898 MB
[runlim] sample:		1879.99 time, 1880.02 real, 1928 MB
[runlim] sample:		1889.99 time, 1890.02 real, 1980 MB
[runlim] sample:		1899.98 time, 1900.02 real, 2012 MB
[runlim] sample:		1909.99 time, 1910.02 real, 1979 MB
[runlim] sample:		1919.99 time, 1920.02 real, 1983 MB
[runlim] sample:		1929.99 time, 1930.01 real, 2011 MB
[runlim] sample:		1939.99 time, 1940.02 real, 2050 MB
[runlim] sample:		1949.99 time, 1950.01 real, 2058 MB
[runlim] sample:		1959.99 time, 1960.01 real, 2066 MB
[runlim] sample:		1969.99 time, 1970.01 real, 2072 MB
[runlim] sample:		1979.99 time, 1980.01 real, 2054 MB
[runlim] sample:		1989.99 time, 1990.01 real, 2080 MB
[runlim] sample:		1999.99 time, 2000.01 real, 2087 MB
[runlim] sample:		2009.99 time, 2010.01 real, 2094 MB
[runlim] sample:		2019.99 time, 2020.01 real, 2097 MB
[runlim] sample:		2029.99 time, 2030.01 real, 2104 MB
[runlim] sample:		2039.99 time, 2040.01 real, 2110 MB
[runlim] sample:		2049.99 time, 2050.01 real, 2112 MB
[runlim] sample:		2059.99 time, 2060.01 real, 2119 MB
[runlim] sample:		2069.98 time, 2070.01 real, 2126 MB
[runlim] sample:		2079.98 time, 2080.01 real, 2130 MB
[runlim] sample:		2089.98 time, 2090.01 real, 2138 MB
[runlim] sample:		2099.98 time, 2100.01 real, 2142 MB
[runlim] sample:		2109.99 time, 2110.01 real, 2149 MB
[runlim] sample:		2119.98 time, 2120.01 real, 2129 MB
[runlim] sample:		2129.99 time, 2130.01 real, 2159 MB
[runlim] sample:		2139.99 time, 2140.01 real, 2166 MB
[runlim] sample:		2149.98 time, 2150.01 real, 2174 MB
[runlim] sample:		2159.98 time, 2160.01 real, 2177 MB
[runlim] sample:		2169.98 time, 2170.01 real, 2184 MB
[runlim] sample:		2179.98 time, 2180.01 real, 2164 MB
[runlim] sample:		2189.99 time, 2190.01 real, 2193 MB
[runlim] sample:		2199.99 time, 2200.01 real, 2194 MB
[runlim] sample:		2209.98 time, 2210.01 real, 2177 MB
[runlim] sample:		2219.98 time, 2220.01 real, 2207 MB
[runlim] sample:		2229.99 time, 2230.01 real, 2214 MB
[runlim] sample:		2239.98 time, 2240.01 real, 2212 MB
[runlim] sample:		2249.98 time, 2250.01 real, 2227 MB
[runlim] sample:		2259.99 time, 2260.01 real, 2234 MB
[runlim] sample:		2269.98 time, 2270.01 real, 2214 MB
[runlim] sample:		2279.98 time, 2280.01 real, 2244 MB
[runlim] sample:		2289.98 time, 2290.01 real, 2225 MB
[runlim] sample:		2299.98 time, 2300.01 real, 2271 MB
[runlim] sample:		2309.98 time, 2310.01 real, 2276 MB
[runlim] sample:		2319.98 time, 2320.01 real, 2279 MB
[runlim] sample:		2329.99 time, 2330.01 real, 2260 MB
[runlim] sample:		2339.99 time, 2340.01 real, 2292 MB
[runlim] sample:		2349.98 time, 2350.01 real, 2271 MB
[runlim] sample:		2359.99 time, 2360.01 real, 2317 MB
[runlim] sample:		2369.98 time, 2370.01 real, 2325 MB
[runlim] sample:		2379.98 time, 2380.01 real, 2333 MB
[runlim] sample:		2389.98 time, 2390.01 real, 2375 MB
[runlim] sample:		2399.99 time, 2400.01 real, 2376 MB
[runlim] sample:		2409.98 time, 2410.01 real, 2429 MB
[runlim] sample:		2419.98 time, 2420.01 real, 2469 MB
[runlim] sample:		2429.99 time, 2430.01 real, 2477 MB
[runlim] sample:		2439.98 time, 2440.01 real, 2455 MB
[runlim] sample:		2449.99 time, 2450.01 real, 2483 MB
[runlim] sample:		2459.98 time, 2460.01 real, 2491 MB
[runlim] sample:		2469.98 time, 2470.01 real, 2491 MB
[runlim] sample:		2479.99 time, 2480.01 real, 2468 MB
[runlim] sample:		2489.98 time, 2490.01 real, 2498 MB
[runlim] sample:		2499.98 time, 2500.01 real, 2474 MB
[runlim] sample:		2509.98 time, 2510.01 real, 2506 MB
[runlim] sample:		2519.99 time, 2520.01 real, 2514 MB
[runlim] sample:		2529.98 time, 2530.01 real, 2516 MB
[runlim] sample:		2539.99 time, 2540.01 real, 2521 MB
[runlim] sample:		2549.98 time, 2550.01 real, 2502 MB
[runlim] sample:		2559.98 time, 2560.01 real, 2532 MB
[runlim] sample:		2569.98 time, 2570.01 real, 2540 MB
[runlim] sample:		2579.99 time, 2580.01 real, 2622 MB
[runlim] sample:		2589.98 time, 2590.01 real, 2629 MB
[runlim] sample:		2599.98 time, 2600.01 real, 2603 MB
[runlim] sample:		2609.98 time, 2610.01 real, 2646 MB
[runlim] sample:		2619.98 time, 2620.01 real, 2615 MB
[runlim] sample:		2629.98 time, 2630.01 real, 2649 MB
[runlim] sample:		2639.98 time, 2640.01 real, 2656 MB
[runlim] sample:		2649.98 time, 2650.01 real, 2628 MB
[runlim] sample:		2659.98 time, 2660.01 real, 2662 MB
[runlim] sample:		2669.98 time, 2670.01 real, 2669 MB
[runlim] sample:		2679.98 time, 2680.01 real, 2677 MB
[runlim] sample:		2689.98 time, 2690.01 real, 2679 MB
[runlim] sample:		2699.98 time, 2700.01 real, 2654 MB
[runlim] sample:		2709.98 time, 2710.01 real, 2688 MB
[runlim] sample:		2719.98 time, 2720.01 real, 2697 MB
[runlim] sample:		2729.98 time, 2730.01 real, 2683 MB
[runlim] sample:		2739.98 time, 2740.01 real, 2672 MB
[runlim] sample:		2749.98 time, 2750.01 real, 2687 MB
[runlim] sample:		2759.98 time, 2760.01 real, 2721 MB
[runlim] sample:		2769.98 time, 2770.01 real, 2843 MB
[runlim] sample:		2779.98 time, 2780.01 real, 2743 MB
[runlim] sample:		2789.98 time, 2790.01 real, 2761 MB
[runlim] sample:		2799.98 time, 2800.01 real, 2783 MB
[runlim] sample:		2809.98 time, 2810.01 real, 2801 MB
[runlim] sample:		2819.98 time, 2820.01 real, 2701 MB
[runlim] sample:		2829.98 time, 2830.01 real, 2708 MB
[runlim] sample:		2839.98 time, 2840.01 real, 2768 MB
[runlim] sample:		2849.98 time, 2850.01 real, 2795 MB
[runlim] sample:		2859.98 time, 2860.01 real, 2802 MB
[runlim] sample:		2869.97 time, 2870.01 real, 2805 MB
[runlim] sample:		2879.98 time, 2880.01 real, 2778 MB
[runlim] sample:		2889.98 time, 2890.01 real, 2810 MB
[runlim] sample:		2899.98 time, 2900.01 real, 2817 MB
[runlim] sample:		2909.98 time, 2910.01 real, 2824 MB
[runlim] sample:		2919.98 time, 2920.01 real, 2828 MB
[runlim] sample:		2929.98 time, 2930.01 real, 2835 MB
[runlim] sample:		2939.97 time, 2940.01 real, 2808 MB
[runlim] sample:		2949.98 time, 2950.01 real, 2843 MB
[runlim] sample:		2959.98 time, 2960.01 real, 2816 MB
[runlim] sample:		2969.98 time, 2970.01 real, 2851 MB
[runlim] sample:		2979.98 time, 2980.01 real, 2859 MB
[runlim] sample:		2989.98 time, 2990.01 real, 2866 MB
[runlim] sample:		2999.98 time, 3000.01 real, 2838 MB
[runlim] sample:		3009.98 time, 3010.01 real, 2872 MB
[runlim] sample:		3019.98 time, 3020.01 real, 2844 MB
[runlim] sample:		3029.98 time, 3030.01 real, 2879 MB
[runlim] sample:		3039.98 time, 3040.01 real, 2863 MB
[runlim] sample:		3049.98 time, 3050.01 real, 2890 MB
[runlim] sample:		3059.98 time, 3060.01 real, 2893 MB
[runlim] sample:		3069.98 time, 3070.01 real, 2874 MB
[runlim] sample:		3079.98 time, 3080.01 real, 2905 MB
[runlim] sample:		3089.98 time, 3090.01 real, 2879 MB
[runlim] sample:		3099.98 time, 3100.01 real, 2915 MB
[runlim] sample:		3109.97 time, 3110.01 real, 2923 MB
[runlim] sample:		3119.98 time, 3120.01 real, 2926 MB
[runlim] sample:		3129.97 time, 3130.01 real, 2933 MB
[runlim] sample:		3139.97 time, 3140.01 real, 2940 MB
[runlim] sample:		3149.97 time, 3150.01 real, 2913 MB
[runlim] sample:		3159.97 time, 3160.01 real, 2950 MB
[runlim] sample:		3169.97 time, 3170.01 real, 2954 MB
[runlim] sample:		3179.97 time, 3180.01 real, 2961 MB
[runlim] sample:		3189.97 time, 3190.01 real, 2964 MB
[runlim] sample:		3199.98 time, 3200.01 real, 2948 MB
[runlim] sample:		3209.97 time, 3210.01 real, 2976 MB
[runlim] sample:		3219.97 time, 3220.01 real, 2946 MB
[runlim] sample:		3229.98 time, 3230.01 real, 2982 MB
[runlim] sample:		3239.97 time, 3240.01 real, 2956 MB
[runlim] sample:		3249.98 time, 3250.01 real, 2960 MB
[runlim] sample:		3259.97 time, 3260.01 real, 2998 MB
[runlim] sample:		3269.98 time, 3270.01 real, 3005 MB
[runlim] sample:		3279.98 time, 3280.01 real, 3013 MB
[runlim] sample:		3289.98 time, 3290.01 real, 3020 MB
[runlim] sample:		3299.97 time, 3300.01 real, 2991 MB
[runlim] sample:		3309.97 time, 3310.01 real, 3029 MB
[runlim] sample:		3319.97 time, 3320.01 real, 3037 MB
[runlim] sample:		3329.97 time, 3330.01 real, 3044 MB
[runlim] sample:		3339.97 time, 3340.01 real, 3018 MB
[runlim] sample:		3349.98 time, 3350.01 real, 3061 MB
[runlim] sample:		3359.98 time, 3360.01 real, 3068 MB
[runlim] sample:		3369.98 time, 3370.01 real, 3037 MB
[runlim] sample:		3379.97 time, 3380.01 real, 3073 MB
[runlim] sample:		3389.97 time, 3390.01 real, 3080 MB
[runlim] sample:		3399.98 time, 3400.01 real, 3090 MB
[runlim] sample:		3409.98 time, 3410.01 real, 3091 MB
[runlim] sample:		3419.97 time, 3420.01 real, 3098 MB
[runlim] sample:		3429.97 time, 3430.01 real, 3102 MB
[runlim] sample:		3439.97 time, 3440.01 real, 3110 MB
[runlim] sample:		3449.98 time, 3450.01 real, 3082 MB
[runlim] sample:		3459.97 time, 3460.01 real, 3120 MB
[runlim] sample:		3469.98 time, 3470.01 real, 3127 MB
[runlim] sample:		3479.97 time, 3480.01 real, 3135 MB
[runlim] sample:		3489.98 time, 3490.01 real, 3142 MB
[runlim] sample:		3499.98 time, 3500.01 real, 3121 MB
[runlim] sample:		3509.97 time, 3510.01 real, 3149 MB
[runlim] sample:		3519.97 time, 3520.01 real, 3156 MB
[runlim] sample:		3529.97 time, 3530.01 real, 3160 MB
[runlim] sample:		3539.97 time, 3540.01 real, 3167 MB
[runlim] sample:		3549.98 time, 3550.01 real, 3174 MB
[runlim] sample:		3559.97 time, 3560.01 real, 3181 MB
[runlim] sample:		3569.97 time, 3570.01 real, 3182 MB
[runlim] sample:		3579.98 time, 3580.01 real, 3189 MB
[runlim] sample:		3589.97 time, 3590.01 real, 3192 MB
[runlim] sample:		3599.97 time, 3600.01 real, 3199 MB
[runlim] end:			Wed Oct 16 09:14:08 2019
[runlim] status:		out of time
[runlim] result:		2
[runlim] children:		2
[runlim] real:			3600.10 seconds
[runlim] time:			3599.97 seconds
[runlim] space:			3215 MB
[runlim] samples:		36000
