[runlim] version:		1.17
[runlim] host:			c3n32
[runlim] time limit:		311040000 seconds
[runlim] real time limit:	3600 seconds
[runlim] space limit:		120000 MB
[runlim] argv[0]:		./run-btormc.sh
[runlim] argv[1]:		/tmp/ft29gG9s.btor
[runlim] start:			Wed Oct 16 06:51:51 2019
[runlim] child:			28732
warning: unsupported tag 'output'
warning: unsupported tag 'output'
warning: unsupported tag 'output'
warning: unsupported tag 'output'
warning: unsupported tag 'output'
warning: unsupported tag 'output'
warning: unsupported tag 'output'
warning: unsupported tag 'output'
warning: unsupported tag 'output'
warning: unsupported tag 'output'
warning: unsupported tag 'output'
warning: unsupported tag 'output'
warning: unsupported tag 'output'
warning: unsupported tag 'output'
warning: unsupported tag 'output'
warning: unsupported tag 'output'
warning: unsupported tag 'output'
warning: unsupported tag 'output'
[runlim] sample:		10.00 time, 10.02 real, 234 MB
[runlim] sample:		19.99 time, 20.02 real, 331 MB
[runlim] sample:		30.00 time, 30.02 real, 290 MB
[runlim] sample:		40.00 time, 40.02 real, 453 MB
[runlim] sample:		50.00 time, 50.02 real, 637 MB
[runlim] sample:		60.00 time, 60.02 real, 678 MB
[runlim] sample:		70.00 time, 70.02 real, 541 MB
[runlim] sample:		80.00 time, 80.02 real, 551 MB
[runlim] sample:		90.00 time, 90.02 real, 555 MB
[runlim] sample:		100.00 time, 100.02 real, 577 MB
[runlim] sample:		110.00 time, 110.02 real, 651 MB
[runlim] sample:		120.00 time, 120.02 real, 782 MB
[runlim] sample:		130.00 time, 130.02 real, 762 MB
[runlim] sample:		140.00 time, 140.02 real, 763 MB
[runlim] sample:		150.00 time, 150.02 real, 866 MB
[runlim] sample:		160.00 time, 160.02 real, 932 MB
[runlim] sample:		170.00 time, 170.02 real, 932 MB
[runlim] sample:		180.00 time, 180.02 real, 938 MB
[runlim] sample:		189.99 time, 190.02 real, 938 MB
[runlim] sample:		200.00 time, 200.02 real, 953 MB
[runlim] sample:		210.00 time, 210.02 real, 960 MB
[runlim] sample:		220.00 time, 220.02 real, 987 MB
[runlim] sample:		230.00 time, 230.02 real, 1069 MB
[runlim] sample:		240.00 time, 240.02 real, 953 MB
[runlim] sample:		250.00 time, 250.02 real, 1003 MB
[runlim] sample:		259.99 time, 260.02 real, 1005 MB
[runlim] sample:		269.99 time, 270.02 real, 1016 MB
[runlim] sample:		280.00 time, 280.02 real, 1021 MB
[runlim] sample:		290.00 time, 290.02 real, 1026 MB
[runlim] sample:		300.00 time, 300.02 real, 1027 MB
[runlim] sample:		310.00 time, 310.02 real, 1085 MB
[runlim] sample:		320.00 time, 320.02 real, 1088 MB
[runlim] sample:		330.00 time, 330.02 real, 1090 MB
[runlim] sample:		340.00 time, 340.02 real, 1240 MB
[runlim] sample:		350.00 time, 350.02 real, 1298 MB
[runlim] sample:		360.00 time, 360.02 real, 1377 MB
[runlim] sample:		370.00 time, 370.02 real, 1447 MB
[runlim] sample:		380.00 time, 380.02 real, 1309 MB
[runlim] sample:		390.00 time, 390.02 real, 1373 MB
[runlim] sample:		400.00 time, 400.02 real, 1364 MB
[runlim] sample:		410.00 time, 410.02 real, 1409 MB
[runlim] sample:		420.00 time, 420.02 real, 1410 MB
[runlim] sample:		430.00 time, 430.02 real, 1414 MB
[runlim] sample:		439.99 time, 440.02 real, 1414 MB
[runlim] sample:		450.00 time, 450.02 real, 1443 MB
[runlim] sample:		460.00 time, 460.02 real, 1446 MB
[runlim] sample:		470.00 time, 470.02 real, 1455 MB
[runlim] sample:		480.00 time, 480.02 real, 1488 MB
[runlim] sample:		489.99 time, 490.02 real, 1507 MB
[runlim] sample:		499.99 time, 500.02 real, 1509 MB
[runlim] sample:		509.99 time, 510.02 real, 1533 MB
[runlim] sample:		520.00 time, 520.02 real, 1554 MB
[runlim] sample:		529.99 time, 530.02 real, 1501 MB
[runlim] sample:		539.99 time, 540.02 real, 1484 MB
[runlim] sample:		550.00 time, 550.02 real, 1561 MB
[runlim] sample:		560.00 time, 560.02 real, 1561 MB
[runlim] sample:		569.99 time, 570.02 real, 1563 MB
[runlim] sample:		580.00 time, 580.02 real, 1576 MB
[runlim] sample:		589.99 time, 590.02 real, 1587 MB
[runlim] sample:		599.99 time, 600.02 real, 1935 MB
[runlim] sample:		610.00 time, 610.02 real, 1965 MB
[runlim] sample:		619.99 time, 620.02 real, 2004 MB
[runlim] sample:		630.00 time, 630.02 real, 2070 MB
[runlim] sample:		639.99 time, 640.02 real, 2131 MB
[runlim] sample:		650.00 time, 650.02 real, 2133 MB
[runlim] sample:		660.00 time, 660.02 real, 2403 MB
[runlim] sample:		670.00 time, 670.02 real, 2229 MB
[runlim] sample:		680.00 time, 680.02 real, 2229 MB
[runlim] sample:		690.00 time, 690.02 real, 2258 MB
[runlim] sample:		699.99 time, 700.02 real, 2258 MB
[runlim] sample:		709.99 time, 710.02 real, 2258 MB
[runlim] sample:		719.99 time, 720.02 real, 2258 MB
[runlim] sample:		730.00 time, 730.02 real, 2258 MB
[runlim] sample:		740.00 time, 740.02 real, 2258 MB
[runlim] sample:		750.00 time, 750.02 real, 2258 MB
[runlim] sample:		760.00 time, 760.02 real, 2638 MB
[runlim] sample:		770.00 time, 770.02 real, 2451 MB
[runlim] sample:		779.99 time, 780.01 real, 2498 MB
[runlim] sample:		789.99 time, 790.02 real, 2418 MB
[runlim] sample:		799.99 time, 800.02 real, 2538 MB
[runlim] sample:		810.00 time, 810.02 real, 2618 MB
[runlim] sample:		820.00 time, 820.02 real, 2618 MB
[runlim] sample:		830.00 time, 830.02 real, 2852 MB
[runlim] sample:		839.99 time, 840.02 real, 2511 MB
[runlim] sample:		850.00 time, 850.02 real, 2577 MB
[runlim] sample:		859.99 time, 860.02 real, 2578 MB
[runlim] sample:		870.00 time, 870.02 real, 2578 MB
[runlim] sample:		880.00 time, 880.02 real, 2578 MB
[runlim] sample:		890.00 time, 890.02 real, 2579 MB
[runlim] sample:		899.99 time, 900.02 real, 2579 MB
[runlim] sample:		909.99 time, 910.02 real, 2580 MB
[runlim] sample:		920.00 time, 920.02 real, 2581 MB
[runlim] sample:		930.00 time, 930.02 real, 2582 MB
[runlim] sample:		940.00 time, 940.02 real, 2583 MB
[runlim] sample:		950.00 time, 950.02 real, 2583 MB
[runlim] sample:		959.99 time, 960.02 real, 2584 MB
[runlim] sample:		970.00 time, 970.02 real, 2551 MB
[runlim] sample:		980.00 time, 980.02 real, 2616 MB
[runlim] sample:		989.99 time, 990.02 real, 2627 MB
[runlim] sample:		1000.00 time, 1000.02 real, 2641 MB
[runlim] sample:		1010.00 time, 1010.02 real, 2640 MB
[runlim] sample:		1020.00 time, 1020.02 real, 2640 MB
[runlim] sample:		1030.00 time, 1030.02 real, 2641 MB
[runlim] sample:		1040.00 time, 1040.02 real, 2822 MB
[runlim] sample:		1049.99 time, 1050.02 real, 2644 MB
[runlim] sample:		1059.99 time, 1060.02 real, 2644 MB
[runlim] sample:		1069.99 time, 1070.02 real, 2644 MB
[runlim] sample:		1080.00 time, 1080.02 real, 2644 MB
[runlim] sample:		1090.00 time, 1090.02 real, 2644 MB
[runlim] sample:		1100.00 time, 1100.02 real, 2644 MB
[runlim] sample:		1110.00 time, 1110.02 real, 2645 MB
[runlim] sample:		1120.00 time, 1120.02 real, 2645 MB
[runlim] sample:		1130.00 time, 1130.02 real, 2646 MB
[runlim] sample:		1139.99 time, 1140.02 real, 2648 MB
[runlim] sample:		1149.99 time, 1150.02 real, 2695 MB
[runlim] sample:		1160.00 time, 1160.02 real, 2804 MB
[runlim] sample:		1169.99 time, 1170.02 real, 2695 MB
[runlim] sample:		1179.99 time, 1180.02 real, 2695 MB
[runlim] sample:		1189.99 time, 1190.02 real, 2771 MB
[runlim] sample:		1200.00 time, 1200.02 real, 2780 MB
[runlim] sample:		1209.99 time, 1210.02 real, 2809 MB
[runlim] sample:		1220.00 time, 1220.02 real, 2745 MB
[runlim] sample:		1230.00 time, 1230.02 real, 2745 MB
[runlim] sample:		1240.00 time, 1240.02 real, 2711 MB
[runlim] sample:		1250.00 time, 1250.02 real, 2711 MB
[runlim] sample:		1259.99 time, 1260.02 real, 2866 MB
[runlim] sample:		1270.00 time, 1270.02 real, 2866 MB
[runlim] sample:		1280.00 time, 1280.02 real, 2858 MB
[runlim] sample:		1290.00 time, 1290.02 real, 2858 MB
[runlim] sample:		1300.00 time, 1300.02 real, 2859 MB
[runlim] sample:		1309.99 time, 1310.02 real, 2862 MB
[runlim] sample:		1320.00 time, 1320.02 real, 2864 MB
[runlim] sample:		1329.99 time, 1330.02 real, 2864 MB
[runlim] sample:		1340.00 time, 1340.02 real, 2864 MB
[runlim] sample:		1350.00 time, 1350.02 real, 2867 MB
[runlim] sample:		1360.00 time, 1360.02 real, 2867 MB
[runlim] sample:		1369.99 time, 1370.02 real, 2867 MB
[runlim] sample:		1380.00 time, 1380.02 real, 2867 MB
[runlim] sample:		1389.99 time, 1390.02 real, 2869 MB
[runlim] sample:		1399.99 time, 1400.02 real, 2869 MB
[runlim] sample:		1410.00 time, 1410.02 real, 2869 MB
[runlim] sample:		1420.00 time, 1420.02 real, 2869 MB
[runlim] sample:		1429.99 time, 1430.02 real, 2869 MB
[runlim] sample:		1439.99 time, 1440.02 real, 2869 MB
[runlim] sample:		1449.99 time, 1450.02 real, 2869 MB
[runlim] sample:		1460.00 time, 1460.02 real, 2870 MB
[runlim] sample:		1469.99 time, 1470.02 real, 2871 MB
[runlim] sample:		1480.00 time, 1480.02 real, 2911 MB
[runlim] sample:		1489.99 time, 1490.02 real, 2911 MB
[runlim] sample:		1500.00 time, 1500.02 real, 2912 MB
[runlim] sample:		1510.00 time, 1510.02 real, 2916 MB
[runlim] sample:		1519.99 time, 1520.02 real, 2917 MB
[runlim] sample:		1529.99 time, 1530.02 real, 2806 MB
[runlim] sample:		1539.99 time, 1540.02 real, 2944 MB
[runlim] sample:		1550.00 time, 1550.02 real, 2944 MB
[runlim] sample:		1560.00 time, 1560.02 real, 2944 MB
[runlim] sample:		1569.99 time, 1570.02 real, 2946 MB
[runlim] sample:		1579.99 time, 1580.02 real, 2948 MB
[runlim] sample:		1590.00 time, 1590.02 real, 2954 MB
[runlim] sample:		1600.00 time, 1600.02 real, 2954 MB
[runlim] sample:		1610.00 time, 1610.02 real, 2975 MB
[runlim] sample:		1620.00 time, 1620.02 real, 2958 MB
[runlim] sample:		1630.00 time, 1630.02 real, 2959 MB
[runlim] sample:		1640.00 time, 1640.02 real, 2961 MB
[runlim] sample:		1649.99 time, 1650.02 real, 2963 MB
[runlim] sample:		1660.00 time, 1660.02 real, 2966 MB
[runlim] sample:		1669.99 time, 1670.02 real, 2967 MB
[runlim] sample:		1680.00 time, 1680.02 real, 2967 MB
[runlim] sample:		1690.00 time, 1690.02 real, 2985 MB
[runlim] sample:		1699.99 time, 1700.02 real, 3154 MB
[runlim] sample:		1709.99 time, 1710.02 real, 3184 MB
[runlim] sample:		1719.99 time, 1720.02 real, 3196 MB
[runlim] sample:		1730.00 time, 1730.02 real, 3618 MB
[runlim] sample:		1740.00 time, 1740.02 real, 3272 MB
[runlim] sample:		1749.99 time, 1750.02 real, 3316 MB
[runlim] sample:		1760.00 time, 1760.02 real, 3496 MB
[runlim] sample:		1770.00 time, 1770.01 real, 3452 MB
[runlim] sample:		1780.00 time, 1780.02 real, 3452 MB
[runlim] sample:		1790.00 time, 1790.02 real, 3362 MB
[runlim] sample:		1800.00 time, 1800.02 real, 3316 MB
[runlim] sample:		1810.00 time, 1810.02 real, 3412 MB
[runlim] sample:		1819.99 time, 1820.02 real, 3464 MB
[runlim] sample:		1829.99 time, 1830.02 real, 3464 MB
[runlim] sample:		1840.00 time, 1840.02 real, 3813 MB
[runlim] sample:		1850.00 time, 1850.02 real, 3465 MB
[runlim] sample:		1859.99 time, 1860.02 real, 3465 MB
[runlim] sample:		1869.99 time, 1870.02 real, 3466 MB
[runlim] sample:		1880.00 time, 1880.02 real, 3466 MB
[runlim] sample:		1889.99 time, 1890.02 real, 3466 MB
[runlim] sample:		1900.00 time, 1900.02 real, 3466 MB
[runlim] sample:		1909.99 time, 1910.02 real, 3466 MB
[runlim] sample:		1920.00 time, 1920.02 real, 3466 MB
[runlim] sample:		1929.99 time, 1930.02 real, 3466 MB
[runlim] sample:		1940.00 time, 1940.02 real, 3466 MB
[runlim] sample:		1949.99 time, 1950.02 real, 3466 MB
[runlim] sample:		1959.99 time, 1960.02 real, 3466 MB
[runlim] sample:		1969.99 time, 1970.02 real, 3466 MB
[runlim] sample:		1980.00 time, 1980.02 real, 3466 MB
[runlim] sample:		1989.99 time, 1990.02 real, 3466 MB
[runlim] sample:		1999.99 time, 2000.02 real, 3467 MB
[runlim] sample:		2010.00 time, 2010.02 real, 3467 MB
[runlim] sample:		2019.99 time, 2020.02 real, 3467 MB
[runlim] sample:		2030.00 time, 2030.02 real, 3467 MB
[runlim] sample:		2040.00 time, 2040.02 real, 3467 MB
[runlim] sample:		2050.00 time, 2050.02 real, 3467 MB
[runlim] sample:		2060.00 time, 2060.02 real, 3504 MB
[runlim] sample:		2070.00 time, 2070.02 real, 3504 MB
[runlim] sample:		2080.00 time, 2080.02 real, 3504 MB
[runlim] sample:		2089.99 time, 2090.02 real, 3504 MB
[runlim] sample:		2100.00 time, 2100.02 real, 3504 MB
[runlim] sample:		2110.00 time, 2110.02 real, 3504 MB
[runlim] sample:		2120.00 time, 2120.02 real, 3504 MB
[runlim] sample:		2129.99 time, 2130.02 real, 3667 MB
[runlim] sample:		2139.99 time, 2140.02 real, 3672 MB
[runlim] sample:		2150.00 time, 2150.02 real, 3672 MB
[runlim] sample:		2160.00 time, 2160.02 real, 3673 MB
[runlim] sample:		2170.00 time, 2170.02 real, 3691 MB
[runlim] sample:		2180.00 time, 2180.02 real, 4064 MB
[runlim] sample:		2190.00 time, 2190.02 real, 3856 MB
[runlim] sample:		2199.99 time, 2200.02 real, 3812 MB
[runlim] sample:		2209.99 time, 2210.02 real, 3812 MB
[runlim] sample:		2220.00 time, 2220.02 real, 3724 MB
[runlim] sample:		2229.99 time, 2230.02 real, 3784 MB
[runlim] sample:		2239.99 time, 2240.02 real, 3718 MB
[runlim] sample:		2250.00 time, 2250.02 real, 3733 MB
[runlim] sample:		2260.00 time, 2260.02 real, 3733 MB
[runlim] sample:		2270.00 time, 2270.02 real, 3733 MB
[runlim] sample:		2280.00 time, 2280.02 real, 3733 MB
[runlim] sample:		2290.00 time, 2290.02 real, 3733 MB
[runlim] sample:		2300.00 time, 2300.02 real, 3753 MB
[runlim] sample:		2309.99 time, 2310.02 real, 3748 MB
[runlim] sample:		2320.00 time, 2320.02 real, 3748 MB
[runlim] sample:		2330.00 time, 2330.02 real, 3748 MB
[runlim] sample:		2340.00 time, 2340.02 real, 3748 MB
[runlim] sample:		2349.99 time, 2350.02 real, 3748 MB
[runlim] sample:		2359.99 time, 2360.02 real, 3748 MB
[runlim] sample:		2369.99 time, 2370.02 real, 3748 MB
[runlim] sample:		2379.99 time, 2380.02 real, 3748 MB
[runlim] sample:		2390.00 time, 2390.02 real, 4194 MB
[runlim] sample:		2400.00 time, 2400.02 real, 3798 MB
[runlim] sample:		2409.99 time, 2410.02 real, 3831 MB
[runlim] sample:		2420.00 time, 2420.02 real, 3831 MB
[runlim] sample:		2429.99 time, 2430.02 real, 5057 MB
[runlim] sample:		2440.00 time, 2440.02 real, 5114 MB
[runlim] sample:		2449.99 time, 2450.02 real, 5131 MB
[runlim] sample:		2459.99 time, 2460.02 real, 5207 MB
[runlim] sample:		2470.00 time, 2470.02 real, 5217 MB
[runlim] sample:		2480.00 time, 2480.02 real, 5217 MB
[runlim] sample:		2489.99 time, 2490.02 real, 5226 MB
[runlim] sample:		2499.99 time, 2500.02 real, 5231 MB
[runlim] sample:		2510.00 time, 2510.02 real, 5239 MB
[runlim] sample:		2519.99 time, 2520.02 real, 5241 MB
[runlim] sample:		2529.99 time, 2530.02 real, 5367 MB
[runlim] sample:		2540.00 time, 2540.02 real, 5132 MB
[runlim] sample:		2549.99 time, 2550.01 real, 5301 MB
[runlim] sample:		2560.00 time, 2560.02 real, 5301 MB
[runlim] sample:		2569.99 time, 2570.02 real, 5305 MB
[runlim] sample:		2580.00 time, 2580.02 real, 5388 MB
[runlim] sample:		2589.99 time, 2590.02 real, 5309 MB
[runlim] sample:		2599.99 time, 2600.02 real, 5309 MB
[runlim] sample:		2609.99 time, 2610.02 real, 5310 MB
[runlim] sample:		2620.00 time, 2620.02 real, 5311 MB
[runlim] sample:		2630.00 time, 2630.02 real, 5353 MB
[runlim] sample:		2640.00 time, 2640.02 real, 5364 MB
[runlim] sample:		2650.00 time, 2650.02 real, 5379 MB
[runlim] sample:		2660.00 time, 2660.02 real, 5393 MB
[runlim] sample:		2669.99 time, 2670.02 real, 5395 MB
[runlim] sample:		2679.99 time, 2680.02 real, 5401 MB
[runlim] sample:		2690.00 time, 2690.02 real, 5443 MB
[runlim] sample:		2700.00 time, 2700.02 real, 5492 MB
[runlim] sample:		2709.99 time, 2710.02 real, 5452 MB
[runlim] sample:		2719.99 time, 2720.02 real, 5452 MB
[runlim] sample:		2730.00 time, 2730.02 real, 5452 MB
[runlim] sample:		2739.99 time, 2740.02 real, 5452 MB
[runlim] sample:		2750.00 time, 2750.02 real, 5452 MB
[runlim] sample:		2759.99 time, 2760.02 real, 5452 MB
[runlim] sample:		2770.00 time, 2770.02 real, 5452 MB
[runlim] sample:		2780.00 time, 2780.02 real, 6318 MB
[runlim] sample:		2789.99 time, 2790.02 real, 5689 MB
[runlim] sample:		2800.00 time, 2800.02 real, 5689 MB
[runlim] sample:		2809.99 time, 2810.02 real, 5689 MB
[runlim] sample:		2820.00 time, 2820.02 real, 5689 MB
[runlim] sample:		2829.99 time, 2830.02 real, 5689 MB
[runlim] sample:		2840.00 time, 2840.02 real, 5689 MB
[runlim] sample:		2850.00 time, 2850.02 real, 5689 MB
[runlim] sample:		2859.99 time, 2860.02 real, 5689 MB
[runlim] sample:		2870.00 time, 2870.02 real, 5689 MB
[runlim] sample:		2880.00 time, 2880.02 real, 5689 MB
[runlim] sample:		2890.00 time, 2890.02 real, 5729 MB
[runlim] sample:		2900.00 time, 2900.02 real, 5706 MB
[runlim] sample:		2910.00 time, 2910.02 real, 5706 MB
[runlim] sample:		2919.99 time, 2920.02 real, 5706 MB
[runlim] sample:		2930.00 time, 2930.02 real, 5706 MB
[runlim] sample:		2939.99 time, 2940.02 real, 5706 MB
[runlim] sample:		2949.99 time, 2950.02 real, 5726 MB
[runlim] sample:		2960.00 time, 2960.02 real, 5710 MB
[runlim] sample:		2970.00 time, 2970.02 real, 5710 MB
[runlim] sample:		2980.00 time, 2980.02 real, 5710 MB
[runlim] sample:		2990.00 time, 2990.02 real, 5710 MB
[runlim] sample:		2999.99 time, 3000.02 real, 5743 MB
[runlim] sample:		3010.00 time, 3010.02 real, 5723 MB
[runlim] sample:		3020.00 time, 3020.02 real, 5723 MB
[runlim] sample:		3030.00 time, 3030.02 real, 5723 MB
[runlim] sample:		3039.99 time, 3040.02 real, 5723 MB
[runlim] sample:		3050.00 time, 3050.02 real, 5723 MB
[runlim] sample:		3059.99 time, 3060.02 real, 5723 MB
[runlim] sample:		3069.99 time, 3070.02 real, 5723 MB
[runlim] sample:		3080.00 time, 3080.02 real, 5723 MB
[runlim] sample:		3089.99 time, 3090.02 real, 5723 MB
[runlim] sample:		3100.00 time, 3100.02 real, 5723 MB
[runlim] sample:		3109.99 time, 3110.02 real, 5723 MB
[runlim] sample:		3120.00 time, 3120.02 real, 5723 MB
[runlim] sample:		3129.99 time, 3130.02 real, 5723 MB
[runlim] sample:		3140.00 time, 3140.02 real, 5723 MB
[runlim] sample:		3149.99 time, 3150.02 real, 5723 MB
[runlim] sample:		3159.99 time, 3160.02 real, 5723 MB
[runlim] sample:		3170.00 time, 3170.02 real, 5723 MB
[runlim] sample:		3180.00 time, 3180.02 real, 5723 MB
[runlim] sample:		3190.00 time, 3190.02 real, 6554 MB
[runlim] sample:		3200.00 time, 3200.02 real, 5371 MB
[runlim] sample:		3209.99 time, 3210.02 real, 5928 MB
[runlim] sample:		3219.99 time, 3220.02 real, 6081 MB
[runlim] sample:		3230.00 time, 3230.02 real, 6005 MB
[runlim] sample:		3239.99 time, 3240.02 real, 6005 MB
[runlim] sample:		3250.00 time, 3250.02 real, 6005 MB
[runlim] sample:		3260.00 time, 3260.02 real, 5852 MB
[runlim] sample:		3270.00 time, 3270.02 real, 5732 MB
[runlim] sample:		3279.99 time, 3280.01 real, 5732 MB
[runlim] sample:		3290.00 time, 3290.02 real, 5897 MB
[runlim] sample:		3300.00 time, 3300.02 real, 5975 MB
[runlim] sample:		3310.00 time, 3310.02 real, 6096 MB
[runlim] sample:		3319.99 time, 3320.02 real, 6132 MB
[runlim] sample:		3330.00 time, 3330.02 real, 6134 MB
[runlim] sample:		3340.00 time, 3340.02 real, 6723 MB
[runlim] sample:		3349.99 time, 3350.02 real, 6084 MB
[runlim] sample:		3359.99 time, 3360.02 real, 5963 MB
[runlim] sample:		3369.99 time, 3370.02 real, 6616 MB
[runlim] sample:		3380.00 time, 3380.02 real, 5894 MB
[runlim] sample:		3390.00 time, 3390.02 real, 5587 MB
[runlim] sample:		3400.00 time, 3400.02 real, 5587 MB
[runlim] sample:		3409.99 time, 3410.02 real, 5587 MB
[runlim] sample:		3420.00 time, 3420.02 real, 5587 MB
[runlim] sample:		3430.00 time, 3430.02 real, 5587 MB
[runlim] sample:		3440.00 time, 3440.02 real, 5630 MB
[runlim] sample:		3450.00 time, 3450.02 real, 6005 MB
[runlim] sample:		3460.00 time, 3460.02 real, 6005 MB
[runlim] sample:		3470.00 time, 3470.02 real, 6005 MB
[runlim] sample:		3480.00 time, 3480.02 real, 6005 MB
[runlim] sample:		3489.99 time, 3490.02 real, 6005 MB
[runlim] sample:		3500.00 time, 3500.02 real, 6005 MB
[runlim] sample:		3510.00 time, 3510.02 real, 6005 MB
[runlim] sample:		3520.00 time, 3520.02 real, 6005 MB
[runlim] sample:		3529.99 time, 3530.02 real, 6005 MB
[runlim] sample:		3540.00 time, 3540.02 real, 6005 MB
[runlim] sample:		3549.99 time, 3550.02 real, 6047 MB
[runlim] sample:		3560.00 time, 3560.02 real, 6014 MB
[runlim] sample:		3570.00 time, 3570.02 real, 6014 MB
[runlim] sample:		3580.00 time, 3580.02 real, 6014 MB
[runlim] sample:		3590.00 time, 3590.02 real, 6014 MB
[runlim] sample:		3600.00 time, 3600.02 real, 6014 MB
[runlim] end:			Wed Oct 16 07:51:52 2019
[runlim] status:		out of time
[runlim] result:		2
[runlim] children:		2
[runlim] real:			3600.10 seconds
[runlim] time:			3600.00 seconds
[runlim] space:			6779 MB
[runlim] samples:		36000
