[runlim] version:		1.17
[runlim] host:			c3n21
[runlim] time limit:		311040000 seconds
[runlim] real time limit:	3600 seconds
[runlim] space limit:		120000 MB
[runlim] argv[0]:		./run-btormc.sh
[runlim] argv[1]:		/tmp/Li6qx0bk.btor
[runlim] start:			Wed Oct 16 07:10:08 2019
[runlim] child:			11591
warning: unsupported tag 'output'
warning: unsupported tag 'output'
warning: unsupported tag 'output'
warning: unsupported tag 'output'
warning: unsupported tag 'output'
warning: unsupported tag 'output'
warning: unsupported tag 'output'
warning: unsupported tag 'output'
warning: unsupported tag 'output'
warning: unsupported tag 'output'
[runlim] sample:		10.00 time, 10.01 real, 81 MB
[runlim] sample:		20.00 time, 20.01 real, 109 MB
[runlim] end:			Wed Oct 16 07:10:31 2019
[runlim] status:		ok
[runlim] result:		0
[runlim] children:		2
[runlim] real:			22.79 seconds
[runlim] time:			22.70 seconds
[runlim] space:			117 MB
[runlim] samples:		227
