[runlim] version:		1.17
[runlim] host:			c3n27
[runlim] time limit:		311040000 seconds
[runlim] real time limit:	3600 seconds
[runlim] space limit:		120000 MB
[runlim] argv[0]:		./run-btormc.sh
[runlim] argv[1]:		/tmp/nQNyzL7G.btor
[runlim] start:			Wed Oct 16 06:42:10 2019
[runlim] child:			17710
[runlim] sample:		10.00 time, 10.02 real, 154 MB
[runlim] sample:		20.00 time, 20.02 real, 194 MB
[runlim] sample:		30.00 time, 30.01 real, 175 MB
[runlim] sample:		40.00 time, 40.01 real, 176 MB
[runlim] sample:		50.00 time, 50.02 real, 198 MB
[runlim] sample:		60.00 time, 60.02 real, 184 MB
[runlim] sample:		70.00 time, 70.02 real, 204 MB
[runlim] sample:		80.00 time, 80.02 real, 205 MB
[runlim] sample:		90.00 time, 90.02 real, 176 MB
[runlim] sample:		100.00 time, 100.02 real, 185 MB
[runlim] sample:		110.00 time, 110.01 real, 206 MB
[runlim] sample:		120.00 time, 120.01 real, 206 MB
[runlim] sample:		129.99 time, 130.01 real, 189 MB
[runlim] sample:		140.00 time, 140.02 real, 189 MB
[runlim] sample:		150.00 time, 150.02 real, 191 MB
[runlim] sample:		160.00 time, 160.02 real, 213 MB
[runlim] sample:		170.00 time, 170.02 real, 213 MB
[runlim] sample:		180.00 time, 180.02 real, 222 MB
[runlim] sample:		190.00 time, 190.01 real, 222 MB
[runlim] sample:		200.00 time, 200.02 real, 222 MB
[runlim] sample:		210.00 time, 210.02 real, 222 MB
[runlim] sample:		220.00 time, 220.02 real, 222 MB
[runlim] sample:		230.00 time, 230.01 real, 223 MB
[runlim] sample:		240.00 time, 240.02 real, 223 MB
[runlim] sample:		250.00 time, 250.01 real, 223 MB
[runlim] sample:		260.00 time, 260.02 real, 223 MB
[runlim] sample:		270.00 time, 270.01 real, 223 MB
[runlim] sample:		280.00 time, 280.02 real, 223 MB
[runlim] sample:		290.00 time, 290.01 real, 258 MB
[runlim] sample:		299.99 time, 300.02 real, 263 MB
[runlim] sample:		310.00 time, 310.02 real, 263 MB
[runlim] sample:		320.00 time, 320.02 real, 223 MB
[runlim] sample:		330.00 time, 330.01 real, 260 MB
[runlim] sample:		340.00 time, 340.01 real, 260 MB
[runlim] sample:		350.00 time, 350.01 real, 266 MB
[runlim] sample:		360.00 time, 360.01 real, 275 MB
[runlim] sample:		370.00 time, 370.01 real, 268 MB
[runlim] sample:		380.00 time, 380.01 real, 268 MB
[runlim] sample:		390.00 time, 390.01 real, 280 MB
[runlim] sample:		400.00 time, 400.02 real, 270 MB
[runlim] sample:		410.00 time, 410.01 real, 262 MB
[runlim] sample:		420.00 time, 420.02 real, 314 MB
[runlim] sample:		430.00 time, 430.02 real, 263 MB
[runlim] sample:		440.00 time, 440.01 real, 265 MB
[runlim] sample:		450.00 time, 450.01 real, 259 MB
[runlim] sample:		460.00 time, 460.02 real, 224 MB
[runlim] sample:		470.00 time, 470.02 real, 268 MB
[runlim] sample:		479.99 time, 480.01 real, 264 MB
[runlim] sample:		490.00 time, 490.01 real, 282 MB
[runlim] sample:		500.00 time, 500.01 real, 266 MB
[runlim] sample:		510.00 time, 510.02 real, 230 MB
[runlim] sample:		520.00 time, 520.01 real, 267 MB
[runlim] sample:		530.01 time, 530.02 real, 271 MB
[runlim] sample:		540.00 time, 540.02 real, 265 MB
[runlim] sample:		550.00 time, 550.01 real, 268 MB
[runlim] sample:		560.00 time, 560.02 real, 230 MB
[runlim] sample:		570.00 time, 570.01 real, 264 MB
[runlim] sample:		580.00 time, 580.01 real, 230 MB
[runlim] sample:		590.00 time, 590.02 real, 276 MB
[runlim] sample:		600.00 time, 600.02 real, 276 MB
[runlim] sample:		610.00 time, 610.01 real, 286 MB
[runlim] sample:		620.00 time, 620.02 real, 284 MB
[runlim] sample:		630.00 time, 630.02 real, 334 MB
[runlim] sample:		640.00 time, 640.01 real, 287 MB
[runlim] sample:		650.00 time, 650.01 real, 309 MB
[runlim] sample:		660.00 time, 660.02 real, 280 MB
[runlim] sample:		670.00 time, 670.02 real, 338 MB
[runlim] sample:		680.00 time, 680.02 real, 285 MB
[runlim] sample:		690.00 time, 690.02 real, 285 MB
[runlim] sample:		700.00 time, 700.01 real, 288 MB
[runlim] sample:		710.00 time, 710.02 real, 298 MB
[runlim] sample:		720.00 time, 720.02 real, 313 MB
[runlim] sample:		730.00 time, 730.02 real, 294 MB
[runlim] sample:		740.00 time, 740.01 real, 294 MB
[runlim] sample:		750.00 time, 750.01 real, 288 MB
[runlim] sample:		760.00 time, 760.02 real, 295 MB
[runlim] sample:		770.00 time, 770.01 real, 300 MB
[runlim] sample:		780.00 time, 780.01 real, 300 MB
[runlim] sample:		790.01 time, 790.01 real, 300 MB
[runlim] sample:		800.01 time, 800.01 real, 300 MB
[runlim] sample:		810.01 time, 810.01 real, 300 MB
[runlim] sample:		820.00 time, 820.01 real, 294 MB
[runlim] sample:		830.00 time, 830.02 real, 277 MB
[runlim] sample:		840.00 time, 840.01 real, 274 MB
[runlim] sample:		850.00 time, 850.02 real, 280 MB
[runlim] sample:		860.00 time, 860.01 real, 292 MB
[runlim] sample:		870.00 time, 870.02 real, 278 MB
[runlim] sample:		880.00 time, 880.02 real, 276 MB
[runlim] sample:		890.00 time, 890.01 real, 286 MB
[runlim] sample:		900.00 time, 900.01 real, 305 MB
[runlim] sample:		910.00 time, 910.02 real, 377 MB
[runlim] sample:		920.00 time, 920.02 real, 349 MB
[runlim] sample:		930.00 time, 930.02 real, 344 MB
[runlim] sample:		940.00 time, 940.01 real, 366 MB
[runlim] sample:		950.00 time, 950.01 real, 366 MB
[runlim] sample:		960.00 time, 960.01 real, 362 MB
[runlim] sample:		970.00 time, 970.01 real, 353 MB
[runlim] sample:		980.00 time, 980.02 real, 352 MB
[runlim] sample:		990.00 time, 990.02 real, 352 MB
[runlim] sample:		1000.00 time, 1000.02 real, 352 MB
[runlim] sample:		1010.00 time, 1010.01 real, 359 MB
[runlim] sample:		1020.00 time, 1020.01 real, 359 MB
[runlim] sample:		1030.00 time, 1030.02 real, 374 MB
[runlim] sample:		1040.00 time, 1040.02 real, 371 MB
[runlim] sample:		1050.00 time, 1050.02 real, 342 MB
[runlim] sample:		1060.00 time, 1060.01 real, 342 MB
[runlim] sample:		1070.00 time, 1070.01 real, 344 MB
[runlim] sample:		1080.00 time, 1080.02 real, 348 MB
[runlim] sample:		1090.00 time, 1090.02 real, 348 MB
[runlim] sample:		1100.00 time, 1100.01 real, 347 MB
[runlim] sample:		1110.00 time, 1110.01 real, 343 MB
[runlim] sample:		1120.00 time, 1120.02 real, 414 MB
[runlim] sample:		1130.00 time, 1130.01 real, 349 MB
[runlim] sample:		1140.00 time, 1140.01 real, 346 MB
[runlim] sample:		1150.00 time, 1150.02 real, 346 MB
[runlim] sample:		1160.00 time, 1160.01 real, 350 MB
[runlim] sample:		1170.00 time, 1170.02 real, 348 MB
[runlim] sample:		1180.00 time, 1180.02 real, 348 MB
[runlim] sample:		1190.00 time, 1190.02 real, 354 MB
[runlim] sample:		1200.00 time, 1200.01 real, 342 MB
[runlim] sample:		1210.00 time, 1210.02 real, 366 MB
[runlim] sample:		1220.00 time, 1220.02 real, 366 MB
[runlim] sample:		1230.00 time, 1230.02 real, 355 MB
[runlim] sample:		1240.00 time, 1240.01 real, 354 MB
[runlim] sample:		1250.00 time, 1250.02 real, 386 MB
[runlim] sample:		1260.00 time, 1260.02 real, 386 MB
[runlim] sample:		1270.00 time, 1270.02 real, 354 MB
[runlim] sample:		1280.00 time, 1280.02 real, 372 MB
[runlim] sample:		1290.00 time, 1290.02 real, 298 MB
[runlim] end:			Wed Oct 16 07:03:40 2019
[runlim] status:		ok
[runlim] result:		0
[runlim] children:		2
[runlim] real:			1290.22 seconds
[runlim] time:			1290.20 seconds
[runlim] space:			468 MB
[runlim] samples:		12902
