[runlim] version:		1.17
[runlim] host:			c3n20
[runlim] time limit:		311040000 seconds
[runlim] real time limit:	3600 seconds
[runlim] space limit:		120000 MB
[runlim] argv[0]:		./run-btormc.sh
[runlim] argv[1]:		/tmp/RgZK7f8G.btor
[runlim] start:			Wed Oct 16 08:19:37 2019
[runlim] child:			20015
[runlim] sample:		10.00 time, 10.01 real, 94 MB
[runlim] sample:		20.00 time, 20.01 real, 117 MB
[runlim] sample:		30.00 time, 30.01 real, 152 MB
[runlim] sample:		40.00 time, 40.01 real, 154 MB
[runlim] sample:		50.00 time, 50.02 real, 150 MB
[runlim] sample:		60.00 time, 60.01 real, 176 MB
[runlim] sample:		69.99 time, 70.01 real, 193 MB
[runlim] sample:		79.99 time, 80.01 real, 193 MB
[runlim] sample:		90.00 time, 90.02 real, 203 MB
[runlim] sample:		100.00 time, 100.01 real, 215 MB
[runlim] sample:		110.00 time, 110.01 real, 235 MB
[runlim] sample:		120.00 time, 120.01 real, 250 MB
[runlim] sample:		129.99 time, 130.01 real, 249 MB
[runlim] sample:		140.00 time, 140.01 real, 267 MB
[runlim] sample:		150.00 time, 150.02 real, 289 MB
[runlim] sample:		160.00 time, 160.02 real, 303 MB
[runlim] sample:		169.99 time, 170.02 real, 311 MB
[runlim] sample:		179.99 time, 180.01 real, 318 MB
[runlim] sample:		189.99 time, 190.01 real, 330 MB
[runlim] sample:		200.00 time, 200.02 real, 360 MB
[runlim] sample:		210.00 time, 210.02 real, 380 MB
[runlim] sample:		220.00 time, 220.02 real, 375 MB
[runlim] sample:		230.00 time, 230.02 real, 375 MB
[runlim] sample:		240.00 time, 240.02 real, 391 MB
[runlim] sample:		250.00 time, 250.02 real, 394 MB
[runlim] sample:		260.00 time, 260.02 real, 407 MB
[runlim] sample:		270.00 time, 270.01 real, 420 MB
[runlim] sample:		280.00 time, 280.02 real, 440 MB
[runlim] sample:		289.99 time, 290.02 real, 448 MB
[runlim] sample:		299.99 time, 300.02 real, 446 MB
[runlim] sample:		310.00 time, 310.02 real, 460 MB
[runlim] sample:		319.99 time, 320.01 real, 468 MB
[runlim] sample:		330.00 time, 330.02 real, 506 MB
[runlim] sample:		340.00 time, 340.01 real, 536 MB
[runlim] sample:		349.99 time, 350.02 real, 581 MB
[runlim] sample:		360.00 time, 360.02 real, 542 MB
[runlim] sample:		370.00 time, 370.02 real, 550 MB
[runlim] sample:		379.99 time, 380.01 real, 539 MB
[runlim] sample:		389.99 time, 390.02 real, 546 MB
[runlim] sample:		399.99 time, 400.01 real, 553 MB
[runlim] sample:		410.00 time, 410.02 real, 552 MB
[runlim] sample:		419.99 time, 420.02 real, 558 MB
[runlim] sample:		429.99 time, 430.02 real, 574 MB
[runlim] sample:		440.00 time, 440.01 real, 581 MB
[runlim] sample:		449.99 time, 450.02 real, 589 MB
[runlim] sample:		459.99 time, 460.01 real, 595 MB
[runlim] sample:		469.99 time, 470.01 real, 620 MB
[runlim] sample:		479.99 time, 480.02 real, 621 MB
[runlim] sample:		489.99 time, 490.01 real, 658 MB
[runlim] sample:		499.99 time, 500.01 real, 640 MB
[runlim] sample:		509.99 time, 510.01 real, 647 MB
[runlim] sample:		519.99 time, 520.01 real, 654 MB
[runlim] sample:		529.99 time, 530.02 real, 662 MB
[runlim] sample:		540.00 time, 540.01 real, 669 MB
[runlim] sample:		549.99 time, 550.01 real, 677 MB
[runlim] sample:		559.99 time, 560.02 real, 683 MB
[runlim] sample:		569.99 time, 570.01 real, 689 MB
[runlim] sample:		580.00 time, 580.02 real, 690 MB
[runlim] sample:		589.99 time, 590.01 real, 705 MB
[runlim] sample:		599.99 time, 600.01 real, 712 MB
[runlim] sample:		609.99 time, 610.01 real, 719 MB
[runlim] sample:		619.99 time, 620.02 real, 727 MB
[runlim] sample:		630.00 time, 630.02 real, 732 MB
[runlim] sample:		639.99 time, 640.01 real, 739 MB
[runlim] sample:		649.99 time, 650.02 real, 757 MB
[runlim] sample:		659.99 time, 660.01 real, 774 MB
[runlim] sample:		669.99 time, 670.01 real, 769 MB
[runlim] sample:		679.99 time, 680.01 real, 797 MB
[runlim] sample:		689.99 time, 690.01 real, 806 MB
[runlim] sample:		699.99 time, 700.02 real, 826 MB
[runlim] sample:		709.99 time, 710.02 real, 843 MB
[runlim] sample:		719.99 time, 720.02 real, 823 MB
[runlim] sample:		729.99 time, 730.02 real, 830 MB
[runlim] sample:		739.99 time, 740.01 real, 837 MB
[runlim] sample:		749.99 time, 750.02 real, 844 MB
[runlim] sample:		759.99 time, 760.02 real, 841 MB
[runlim] sample:		769.99 time, 770.02 real, 858 MB
[runlim] sample:		779.99 time, 780.02 real, 865 MB
[runlim] sample:		789.99 time, 790.02 real, 873 MB
[runlim] sample:		799.99 time, 800.01 real, 879 MB
[runlim] sample:		809.99 time, 810.02 real, 887 MB
[runlim] sample:		819.99 time, 820.02 real, 894 MB
[runlim] sample:		829.99 time, 830.02 real, 890 MB
[runlim] sample:		839.99 time, 840.01 real, 908 MB
[runlim] sample:		849.99 time, 850.01 real, 916 MB
[runlim] sample:		859.99 time, 860.02 real, 924 MB
[runlim] sample:		869.99 time, 870.01 real, 930 MB
[runlim] sample:		879.99 time, 880.02 real, 938 MB
[runlim] sample:		889.99 time, 890.02 real, 977 MB
[runlim] sample:		899.99 time, 900.02 real, 985 MB
[runlim] sample:		909.99 time, 910.02 real, 956 MB
[runlim] sample:		919.99 time, 920.02 real, 974 MB
[runlim] sample:		929.99 time, 930.02 real, 993 MB
[runlim] sample:		939.98 time, 940.02 real, 1000 MB
[runlim] sample:		949.99 time, 950.02 real, 996 MB
[runlim] sample:		959.99 time, 960.02 real, 1005 MB
[runlim] sample:		969.99 time, 970.02 real, 1015 MB
[runlim] sample:		979.98 time, 980.02 real, 1014 MB
[runlim] sample:		989.99 time, 990.01 real, 1026 MB
[runlim] sample:		999.99 time, 1000.02 real, 1063 MB
[runlim] sample:		1009.99 time, 1010.02 real, 1069 MB
[runlim] sample:		1019.99 time, 1020.01 real, 1074 MB
[runlim] sample:		1029.98 time, 1030.02 real, 1082 MB
[runlim] sample:		1039.99 time, 1040.01 real, 1087 MB
[runlim] sample:		1049.98 time, 1050.01 real, 1094 MB
[runlim] sample:		1059.99 time, 1060.02 real, 1101 MB
[runlim] sample:		1069.99 time, 1070.02 real, 1109 MB
[runlim] sample:		1079.98 time, 1080.02 real, 1111 MB
[runlim] sample:		1089.99 time, 1090.02 real, 1119 MB
[runlim] sample:		1099.99 time, 1100.02 real, 1127 MB
[runlim] sample:		1109.99 time, 1110.02 real, 1133 MB
[runlim] sample:		1119.99 time, 1120.02 real, 1131 MB
[runlim] sample:		1129.99 time, 1130.01 real, 1146 MB
[runlim] sample:		1139.99 time, 1140.01 real, 1153 MB
[runlim] sample:		1149.98 time, 1150.02 real, 1145 MB
[runlim] sample:		1159.99 time, 1160.01 real, 1165 MB
[runlim] sample:		1169.98 time, 1170.01 real, 1200 MB
[runlim] sample:		1179.98 time, 1180.02 real, 1196 MB
[runlim] sample:		1189.99 time, 1190.02 real, 1215 MB
[runlim] sample:		1199.98 time, 1200.01 real, 1223 MB
[runlim] sample:		1209.99 time, 1210.01 real, 1197 MB
[runlim] sample:		1219.98 time, 1220.02 real, 1256 MB
[runlim] sample:		1229.98 time, 1230.02 real, 1239 MB
[runlim] sample:		1239.99 time, 1240.02 real, 1238 MB
[runlim] sample:		1249.98 time, 1250.02 real, 1245 MB
[runlim] sample:		1259.98 time, 1260.02 real, 1251 MB
[runlim] sample:		1269.98 time, 1270.02 real, 1244 MB
[runlim] sample:		1279.98 time, 1280.02 real, 1264 MB
[runlim] sample:		1289.98 time, 1290.01 real, 1273 MB
[runlim] sample:		1299.98 time, 1300.01 real, 1279 MB
[runlim] sample:		1309.98 time, 1310.01 real, 1285 MB
[runlim] sample:		1319.99 time, 1320.02 real, 1292 MB
[runlim] sample:		1329.98 time, 1330.02 real, 1297 MB
[runlim] sample:		1339.98 time, 1340.02 real, 1305 MB
[runlim] sample:		1349.99 time, 1350.02 real, 1313 MB
[runlim] sample:		1359.98 time, 1360.01 real, 1317 MB
[runlim] sample:		1369.98 time, 1370.01 real, 1325 MB
[runlim] sample:		1379.98 time, 1380.02 real, 1317 MB
[runlim] sample:		1389.98 time, 1390.02 real, 1322 MB
[runlim] sample:		1399.99 time, 1400.02 real, 1343 MB
[runlim] sample:		1409.98 time, 1410.02 real, 1351 MB
[runlim] sample:		1419.98 time, 1420.02 real, 1340 MB
[runlim] sample:		1429.98 time, 1430.01 real, 1361 MB
[runlim] sample:		1439.98 time, 1440.02 real, 1369 MB
[runlim] sample:		1449.98 time, 1450.02 real, 1374 MB
[runlim] sample:		1459.98 time, 1460.02 real, 1383 MB
[runlim] sample:		1469.98 time, 1470.02 real, 1419 MB
[runlim] sample:		1479.98 time, 1480.02 real, 1426 MB
[runlim] sample:		1489.98 time, 1490.02 real, 1435 MB
[runlim] sample:		1499.98 time, 1500.02 real, 1427 MB
[runlim] sample:		1509.98 time, 1510.01 real, 1447 MB
[runlim] sample:		1519.98 time, 1520.02 real, 1406 MB
[runlim] sample:		1529.98 time, 1530.02 real, 1428 MB
[runlim] sample:		1539.98 time, 1540.02 real, 1432 MB
[runlim] sample:		1549.98 time, 1550.02 real, 1437 MB
[runlim] sample:		1559.98 time, 1560.02 real, 1446 MB
[runlim] sample:		1569.98 time, 1570.02 real, 1435 MB
[runlim] sample:		1579.98 time, 1580.01 real, 1457 MB
[runlim] sample:		1589.98 time, 1590.02 real, 1463 MB
[runlim] sample:		1599.98 time, 1600.02 real, 1469 MB
[runlim] sample:		1609.98 time, 1610.01 real, 1477 MB
[runlim] sample:		1619.98 time, 1620.02 real, 1498 MB
[runlim] sample:		1629.98 time, 1630.01 real, 1521 MB
[runlim] sample:		1639.98 time, 1640.02 real, 1527 MB
[runlim] sample:		1649.97 time, 1650.01 real, 1535 MB
[runlim] sample:		1659.98 time, 1660.01 real, 1538 MB
[runlim] sample:		1669.98 time, 1670.02 real, 1547 MB
[runlim] sample:		1679.98 time, 1680.02 real, 1550 MB
[runlim] sample:		1689.98 time, 1690.02 real, 1557 MB
[runlim] sample:		1699.98 time, 1700.01 real, 1565 MB
[runlim] sample:		1709.97 time, 1710.02 real, 1605 MB
[runlim] sample:		1719.98 time, 1720.01 real, 1569 MB
[runlim] sample:		1729.98 time, 1730.02 real, 1575 MB
[runlim] sample:		1739.98 time, 1740.01 real, 1582 MB
[runlim] sample:		1749.98 time, 1750.02 real, 1610 MB
[runlim] sample:		1759.98 time, 1760.01 real, 1629 MB
[runlim] sample:		1769.98 time, 1770.01 real, 1638 MB
[runlim] sample:		1779.98 time, 1780.01 real, 1643 MB
[runlim] sample:		1789.98 time, 1790.02 real, 1599 MB
[runlim] sample:		1799.97 time, 1800.01 real, 1614 MB
[runlim] sample:		1809.97 time, 1810.02 real, 1624 MB
[runlim] sample:		1819.98 time, 1820.02 real, 1680 MB
[runlim] sample:		1829.98 time, 1830.01 real, 1662 MB
[runlim] sample:		1839.97 time, 1840.02 real, 1670 MB
[runlim] sample:		1849.98 time, 1850.02 real, 1678 MB
[runlim] sample:		1859.98 time, 1860.01 real, 1683 MB
[runlim] sample:		1869.98 time, 1870.02 real, 1690 MB
[runlim] sample:		1879.98 time, 1880.01 real, 1697 MB
[runlim] sample:		1889.98 time, 1890.01 real, 1700 MB
[runlim] sample:		1899.98 time, 1900.01 real, 1706 MB
[runlim] sample:		1909.98 time, 1910.02 real, 1711 MB
[runlim] sample:		1919.98 time, 1920.02 real, 1738 MB
[runlim] sample:		1929.98 time, 1930.02 real, 1759 MB
[runlim] sample:		1939.98 time, 1940.01 real, 1763 MB
[runlim] sample:		1949.97 time, 1950.02 real, 1756 MB
[runlim] sample:		1959.97 time, 1960.01 real, 1779 MB
[runlim] sample:		1969.97 time, 1970.02 real, 1786 MB
[runlim] sample:		1979.97 time, 1980.02 real, 1791 MB
[runlim] sample:		1989.98 time, 1990.02 real, 1799 MB
[runlim] sample:		1999.97 time, 2000.02 real, 1807 MB
[runlim] sample:		2009.97 time, 2010.01 real, 1812 MB
[runlim] sample:		2019.97 time, 2020.02 real, 1819 MB
[runlim] sample:		2029.97 time, 2030.02 real, 1827 MB
[runlim] sample:		2039.97 time, 2040.01 real, 1831 MB
[runlim] sample:		2049.97 time, 2050.02 real, 1840 MB
[runlim] sample:		2059.98 time, 2060.01 real, 1842 MB
[runlim] sample:		2069.97 time, 2070.02 real, 1837 MB
[runlim] sample:		2079.97 time, 2080.01 real, 1858 MB
[runlim] sample:		2089.97 time, 2090.02 real, 1863 MB
[runlim] sample:		2099.97 time, 2100.02 real, 1850 MB
[runlim] sample:		2109.98 time, 2110.02 real, 1882 MB
[runlim] sample:		2119.97 time, 2120.02 real, 1887 MB
[runlim] sample:		2129.98 time, 2130.02 real, 1876 MB
[runlim] sample:		2139.97 time, 2140.02 real, 1898 MB
[runlim] sample:		2149.97 time, 2150.02 real, 1906 MB
[runlim] sample:		2159.97 time, 2160.02 real, 1912 MB
[runlim] sample:		2169.97 time, 2170.01 real, 1920 MB
[runlim] sample:		2179.97 time, 2180.01 real, 1927 MB
[runlim] sample:		2189.97 time, 2190.02 real, 1934 MB
[runlim] sample:		2199.97 time, 2200.02 real, 1925 MB
[runlim] sample:		2209.97 time, 2210.01 real, 1949 MB
[runlim] sample:		2219.97 time, 2220.02 real, 1995 MB
[runlim] sample:		2229.97 time, 2230.02 real, 1983 MB
[runlim] sample:		2239.97 time, 2240.02 real, 1990 MB
[runlim] sample:		2249.97 time, 2250.02 real, 1999 MB
[runlim] sample:		2259.97 time, 2260.02 real, 2008 MB
[runlim] sample:		2269.97 time, 2270.01 real, 2012 MB
[runlim] sample:		2279.97 time, 2280.02 real, 1987 MB
[runlim] sample:		2289.98 time, 2290.01 real, 1994 MB
[runlim] sample:		2299.97 time, 2300.02 real, 1999 MB
[runlim] sample:		2309.97 time, 2310.01 real, 2006 MB
[runlim] sample:		2319.97 time, 2320.02 real, 2006 MB
[runlim] sample:		2329.97 time, 2330.01 real, 2021 MB
[runlim] sample:		2339.97 time, 2340.01 real, 2024 MB
[runlim] sample:		2349.97 time, 2350.02 real, 2031 MB
[runlim] sample:		2359.97 time, 2360.02 real, 2034 MB
[runlim] sample:		2369.97 time, 2370.02 real, 2025 MB
[runlim] sample:		2379.97 time, 2380.01 real, 2048 MB
[runlim] sample:		2389.97 time, 2390.02 real, 2056 MB
[runlim] sample:		2399.97 time, 2400.01 real, 2061 MB
[runlim] sample:		2409.97 time, 2410.02 real, 2069 MB
[runlim] sample:		2419.97 time, 2420.02 real, 2071 MB
[runlim] sample:		2429.97 time, 2430.01 real, 2079 MB
[runlim] sample:		2439.97 time, 2440.01 real, 2087 MB
[runlim] sample:		2449.97 time, 2450.01 real, 2095 MB
[runlim] sample:		2459.97 time, 2460.01 real, 2103 MB
[runlim] sample:		2469.97 time, 2470.01 real, 2111 MB
[runlim] sample:		2479.97 time, 2480.02 real, 2115 MB
[runlim] sample:		2489.97 time, 2490.02 real, 2123 MB
[runlim] sample:		2499.97 time, 2500.02 real, 2131 MB
[runlim] sample:		2509.97 time, 2510.02 real, 2122 MB
[runlim] sample:		2519.96 time, 2520.02 real, 2140 MB
[runlim] sample:		2529.96 time, 2530.02 real, 2154 MB
[runlim] sample:		2539.97 time, 2540.02 real, 2163 MB
[runlim] sample:		2549.97 time, 2550.01 real, 2171 MB
[runlim] sample:		2559.97 time, 2560.01 real, 2174 MB
[runlim] sample:		2569.97 time, 2570.01 real, 2183 MB
[runlim] sample:		2579.97 time, 2580.01 real, 2187 MB
[runlim] sample:		2589.97 time, 2590.01 real, 2194 MB
[runlim] sample:		2599.97 time, 2600.02 real, 2199 MB
[runlim] sample:		2609.97 time, 2610.02 real, 2207 MB
[runlim] sample:		2619.97 time, 2620.02 real, 2215 MB
[runlim] sample:		2629.97 time, 2630.01 real, 2223 MB
[runlim] sample:		2639.97 time, 2640.02 real, 2208 MB
[runlim] sample:		2649.96 time, 2650.02 real, 2232 MB
[runlim] sample:		2659.97 time, 2660.01 real, 2242 MB
[runlim] sample:		2669.97 time, 2670.02 real, 2243 MB
[runlim] sample:		2679.97 time, 2680.02 real, 2246 MB
[runlim] sample:		2689.97 time, 2690.02 real, 2270 MB
[runlim] sample:		2699.96 time, 2700.01 real, 2277 MB
[runlim] sample:		2709.97 time, 2710.02 real, 2281 MB
[runlim] sample:		2719.97 time, 2720.01 real, 2288 MB
[runlim] sample:		2729.97 time, 2730.01 real, 2293 MB
[runlim] sample:		2739.97 time, 2740.01 real, 2300 MB
[runlim] sample:		2749.97 time, 2750.01 real, 2301 MB
[runlim] sample:		2759.97 time, 2760.02 real, 2312 MB
[runlim] sample:		2769.96 time, 2770.02 real, 2312 MB
[runlim] sample:		2779.97 time, 2780.02 real, 2305 MB
[runlim] sample:		2789.96 time, 2790.02 real, 2339 MB
[runlim] sample:		2799.96 time, 2800.02 real, 2346 MB
[runlim] sample:		2809.97 time, 2810.02 real, 2354 MB
[runlim] sample:		2819.97 time, 2820.02 real, 2357 MB
[runlim] sample:		2829.96 time, 2830.02 real, 2350 MB
[runlim] sample:		2839.96 time, 2840.02 real, 2370 MB
[runlim] sample:		2849.96 time, 2850.02 real, 2376 MB
[runlim] sample:		2859.97 time, 2860.01 real, 2384 MB
[runlim] sample:		2869.96 time, 2870.02 real, 2392 MB
[runlim] sample:		2879.97 time, 2880.02 real, 2408 MB
[runlim] sample:		2889.96 time, 2890.01 real, 2417 MB
[runlim] sample:		2899.97 time, 2900.02 real, 2433 MB
[runlim] sample:		2909.96 time, 2910.02 real, 2367 MB
[runlim] sample:		2919.96 time, 2920.02 real, 2414 MB
[runlim] sample:		2929.97 time, 2930.02 real, 2418 MB
[runlim] sample:		2939.96 time, 2940.01 real, 2427 MB
[runlim] sample:		2949.97 time, 2950.02 real, 2431 MB
[runlim] sample:		2959.96 time, 2960.01 real, 2424 MB
[runlim] sample:		2969.96 time, 2970.02 real, 2444 MB
[runlim] sample:		2979.96 time, 2980.02 real, 2442 MB
[runlim] sample:		2989.96 time, 2990.02 real, 2456 MB
[runlim] sample:		2999.96 time, 3000.02 real, 2463 MB
[runlim] sample:		3009.96 time, 3010.01 real, 2464 MB
[runlim] sample:		3019.96 time, 3020.02 real, 2473 MB
[runlim] sample:		3029.96 time, 3030.02 real, 2459 MB
[runlim] sample:		3039.96 time, 3040.02 real, 2487 MB
[runlim] sample:		3049.96 time, 3050.02 real, 2494 MB
[runlim] sample:		3059.96 time, 3060.02 real, 2501 MB
[runlim] sample:		3069.96 time, 3070.02 real, 2504 MB
[runlim] sample:		3079.96 time, 3080.02 real, 2512 MB
[runlim] sample:		3089.96 time, 3090.02 real, 2519 MB
[runlim] sample:		3099.97 time, 3100.02 real, 2502 MB
[runlim] sample:		3109.96 time, 3110.02 real, 2530 MB
[runlim] sample:		3119.96 time, 3120.02 real, 2515 MB
[runlim] sample:		3129.96 time, 3130.02 real, 2541 MB
[runlim] sample:		3139.96 time, 3140.02 real, 2544 MB
[runlim] sample:		3149.96 time, 3150.02 real, 2552 MB
[runlim] sample:		3159.96 time, 3160.02 real, 2560 MB
[runlim] sample:		3169.96 time, 3170.02 real, 2564 MB
[runlim] sample:		3179.96 time, 3180.02 real, 2572 MB
[runlim] sample:		3189.96 time, 3190.01 real, 2581 MB
[runlim] sample:		3199.96 time, 3200.02 real, 2589 MB
[runlim] sample:		3209.96 time, 3210.02 real, 2572 MB
[runlim] sample:		3219.96 time, 3220.02 real, 2600 MB
[runlim] sample:		3229.96 time, 3230.01 real, 2606 MB
[runlim] sample:		3239.96 time, 3240.02 real, 2592 MB
[runlim] sample:		3249.96 time, 3250.01 real, 2624 MB
[runlim] sample:		3259.96 time, 3260.01 real, 2632 MB
[runlim] sample:		3269.96 time, 3270.02 real, 2622 MB
[runlim] sample:		3279.96 time, 3280.01 real, 2653 MB
[runlim] sample:		3289.96 time, 3290.02 real, 2658 MB
[runlim] sample:		3299.96 time, 3300.01 real, 2685 MB
[runlim] sample:		3309.96 time, 3310.02 real, 2692 MB
[runlim] sample:		3319.96 time, 3320.02 real, 2675 MB
[runlim] sample:		3329.96 time, 3330.02 real, 2704 MB
[runlim] sample:		3339.96 time, 3340.02 real, 2688 MB
[runlim] sample:		3349.96 time, 3350.02 real, 2715 MB
[runlim] sample:		3359.96 time, 3360.02 real, 2723 MB
[runlim] sample:		3369.96 time, 3370.02 real, 2711 MB
[runlim] sample:		3379.96 time, 3380.02 real, 2744 MB
[runlim] sample:		3389.96 time, 3390.02 real, 2753 MB
[runlim] sample:		3399.96 time, 3400.02 real, 2756 MB
[runlim] sample:		3409.96 time, 3410.02 real, 2750 MB
[runlim] sample:		3419.96 time, 3420.01 real, 2770 MB
[runlim] sample:		3429.96 time, 3430.02 real, 2779 MB
[runlim] sample:		3439.96 time, 3440.01 real, 2786 MB
[runlim] sample:		3449.96 time, 3450.01 real, 2794 MB
[runlim] sample:		3459.96 time, 3460.01 real, 2802 MB
[runlim] sample:		3469.96 time, 3470.02 real, 2791 MB
[runlim] sample:		3479.96 time, 3480.02 real, 2804 MB
[runlim] sample:		3489.96 time, 3490.02 real, 2831 MB
[runlim] sample:		3499.96 time, 3500.02 real, 2839 MB
[runlim] sample:		3509.96 time, 3510.02 real, 2846 MB
[runlim] sample:		3519.95 time, 3520.02 real, 2853 MB
[runlim] sample:		3529.95 time, 3530.02 real, 2847 MB
[runlim] sample:		3539.96 time, 3540.02 real, 2875 MB
[runlim] sample:		3549.95 time, 3550.01 real, 2867 MB
[runlim] sample:		3559.95 time, 3560.01 real, 2886 MB
[runlim] sample:		3569.95 time, 3570.02 real, 2893 MB
[runlim] sample:		3579.96 time, 3580.02 real, 2879 MB
[runlim] sample:		3589.96 time, 3590.01 real, 2907 MB
[runlim] sample:		3599.95 time, 3600.02 real, 2914 MB
[runlim] end:			Wed Oct 16 09:19:37 2019
[runlim] status:		out of time
[runlim] result:		2
[runlim] children:		2
[runlim] real:			3600.10 seconds
[runlim] time:			3599.95 seconds
[runlim] space:			2941 MB
[runlim] samples:		36000
