[runlim] version:		1.17
[runlim] host:			c3n25
[runlim] time limit:		311040000 seconds
[runlim] real time limit:	3600 seconds
[runlim] space limit:		120000 MB
[runlim] argv[0]:		./run-btormc.sh
[runlim] argv[1]:		/tmp/O9EpcmfW.btor
[runlim] start:			Wed Oct 16 09:21:08 2019
[runlim] child:			13369
[runlim] sample:		10.00 time, 10.02 real, 96 MB
[runlim] sample:		20.00 time, 20.02 real, 114 MB
[runlim] sample:		30.00 time, 30.02 real, 145 MB
[runlim] sample:		40.00 time, 40.02 real, 149 MB
[runlim] sample:		50.00 time, 50.02 real, 172 MB
[runlim] sample:		59.99 time, 60.02 real, 181 MB
[runlim] sample:		70.00 time, 70.01 real, 187 MB
[runlim] sample:		80.00 time, 80.01 real, 197 MB
[runlim] sample:		90.00 time, 90.02 real, 218 MB
[runlim] sample:		100.00 time, 100.02 real, 218 MB
[runlim] sample:		110.00 time, 110.02 real, 249 MB
[runlim] sample:		119.99 time, 120.02 real, 253 MB
[runlim] sample:		129.99 time, 130.02 real, 235 MB
[runlim] sample:		140.00 time, 140.02 real, 265 MB
[runlim] sample:		150.00 time, 150.02 real, 284 MB
[runlim] sample:		160.00 time, 160.02 real, 303 MB
[runlim] sample:		170.00 time, 170.02 real, 309 MB
[runlim] sample:		180.00 time, 180.02 real, 307 MB
[runlim] sample:		190.00 time, 190.02 real, 322 MB
[runlim] sample:		200.00 time, 200.01 real, 323 MB
[runlim] sample:		210.00 time, 210.01 real, 330 MB
[runlim] sample:		220.00 time, 220.02 real, 460 MB
[runlim] sample:		230.00 time, 230.02 real, 470 MB
[runlim] sample:		240.00 time, 240.02 real, 522 MB
[runlim] sample:		250.00 time, 250.02 real, 517 MB
[runlim] sample:		260.00 time, 260.02 real, 523 MB
[runlim] sample:		270.00 time, 270.02 real, 524 MB
[runlim] sample:		280.00 time, 280.02 real, 635 MB
[runlim] sample:		290.00 time, 290.02 real, 710 MB
[runlim] sample:		300.00 time, 300.02 real, 594 MB
[runlim] sample:		310.00 time, 310.02 real, 603 MB
[runlim] sample:		320.00 time, 320.02 real, 580 MB
[runlim] sample:		330.00 time, 330.02 real, 592 MB
[runlim] sample:		340.00 time, 340.02 real, 581 MB
[runlim] sample:		350.00 time, 350.02 real, 626 MB
[runlim] sample:		360.00 time, 360.02 real, 628 MB
[runlim] sample:		370.00 time, 370.02 real, 630 MB
[runlim] sample:		380.00 time, 380.02 real, 634 MB
[runlim] sample:		390.00 time, 390.02 real, 657 MB
[runlim] sample:		400.00 time, 400.02 real, 680 MB
[runlim] sample:		409.99 time, 410.02 real, 698 MB
[runlim] sample:		420.00 time, 420.02 real, 717 MB
[runlim] sample:		430.00 time, 430.02 real, 705 MB
[runlim] sample:		439.99 time, 440.02 real, 698 MB
[runlim] sample:		450.00 time, 450.02 real, 744 MB
[runlim] sample:		460.00 time, 460.02 real, 716 MB
[runlim] sample:		470.00 time, 470.02 real, 720 MB
[runlim] sample:		479.99 time, 480.02 real, 721 MB
[runlim] sample:		490.00 time, 490.02 real, 727 MB
[runlim] sample:		500.00 time, 500.01 real, 743 MB
[runlim] sample:		510.00 time, 510.02 real, 761 MB
[runlim] sample:		520.00 time, 520.02 real, 763 MB
[runlim] sample:		530.00 time, 530.02 real, 774 MB
[runlim] sample:		540.00 time, 540.02 real, 713 MB
[runlim] sample:		550.00 time, 550.02 real, 698 MB
[runlim] sample:		560.00 time, 560.02 real, 724 MB
[runlim] sample:		569.99 time, 570.01 real, 725 MB
[runlim] sample:		579.99 time, 580.02 real, 712 MB
[runlim] sample:		590.00 time, 590.02 real, 729 MB
[runlim] sample:		599.99 time, 600.02 real, 737 MB
[runlim] sample:		610.00 time, 610.02 real, 726 MB
[runlim] sample:		620.00 time, 620.02 real, 748 MB
[runlim] sample:		630.00 time, 630.02 real, 762 MB
[runlim] sample:		640.00 time, 640.02 real, 719 MB
[runlim] sample:		650.00 time, 650.02 real, 771 MB
[runlim] sample:		659.99 time, 660.02 real, 736 MB
[runlim] sample:		670.00 time, 670.02 real, 745 MB
[runlim] sample:		679.99 time, 680.02 real, 757 MB
[runlim] sample:		690.00 time, 690.02 real, 794 MB
[runlim] sample:		700.00 time, 700.02 real, 795 MB
[runlim] sample:		710.00 time, 710.02 real, 798 MB
[runlim] sample:		720.00 time, 720.01 real, 768 MB
[runlim] sample:		729.99 time, 730.02 real, 812 MB
[runlim] sample:		739.99 time, 740.02 real, 815 MB
[runlim] sample:		750.00 time, 750.02 real, 771 MB
[runlim] sample:		759.99 time, 760.02 real, 810 MB
[runlim] sample:		769.99 time, 770.02 real, 818 MB
[runlim] sample:		780.00 time, 780.02 real, 853 MB
[runlim] sample:		789.99 time, 790.02 real, 813 MB
[runlim] sample:		799.99 time, 800.02 real, 830 MB
[runlim] sample:		809.99 time, 810.02 real, 844 MB
[runlim] sample:		820.00 time, 820.02 real, 845 MB
[runlim] sample:		829.99 time, 830.02 real, 861 MB
[runlim] sample:		839.99 time, 840.02 real, 852 MB
[runlim] sample:		849.99 time, 850.02 real, 851 MB
[runlim] sample:		860.00 time, 860.02 real, 889 MB
[runlim] sample:		870.00 time, 870.02 real, 916 MB
[runlim] sample:		880.00 time, 880.02 real, 925 MB
[runlim] sample:		889.99 time, 890.02 real, 880 MB
[runlim] sample:		899.99 time, 900.02 real, 935 MB
[runlim] sample:		910.00 time, 910.02 real, 967 MB
[runlim] sample:		920.00 time, 920.02 real, 930 MB
[runlim] sample:		930.00 time, 930.02 real, 962 MB
[runlim] sample:		939.99 time, 940.02 real, 970 MB
[runlim] sample:		950.00 time, 950.02 real, 970 MB
[runlim] sample:		960.00 time, 960.02 real, 982 MB
[runlim] sample:		970.00 time, 970.02 real, 969 MB
[runlim] sample:		980.00 time, 980.02 real, 971 MB
[runlim] sample:		989.99 time, 990.02 real, 974 MB
[runlim] sample:		999.99 time, 1000.02 real, 974 MB
[runlim] sample:		1010.00 time, 1010.02 real, 978 MB
[runlim] sample:		1020.00 time, 1020.02 real, 998 MB
[runlim] sample:		1030.00 time, 1030.01 real, 1006 MB
[runlim] sample:		1040.00 time, 1040.02 real, 1043 MB
[runlim] sample:		1050.00 time, 1050.02 real, 1045 MB
[runlim] sample:		1060.00 time, 1060.02 real, 1052 MB
[runlim] sample:		1069.99 time, 1070.01 real, 1070 MB
[runlim] sample:		1080.00 time, 1080.01 real, 1042 MB
[runlim] sample:		1089.99 time, 1090.01 real, 1049 MB
[runlim] sample:		1099.99 time, 1100.01 real, 1014 MB
[runlim] sample:		1110.00 time, 1110.01 real, 1034 MB
[runlim] sample:		1119.99 time, 1120.01 real, 1019 MB
[runlim] sample:		1130.00 time, 1130.01 real, 1041 MB
[runlim] sample:		1140.00 time, 1140.01 real, 1048 MB
[runlim] sample:		1150.00 time, 1150.01 real, 1033 MB
[runlim] sample:		1159.99 time, 1160.01 real, 1058 MB
[runlim] sample:		1170.00 time, 1170.01 real, 1066 MB
[runlim] sample:		1180.00 time, 1180.01 real, 1053 MB
[runlim] sample:		1190.00 time, 1190.01 real, 1055 MB
[runlim] sample:		1200.00 time, 1200.01 real, 1076 MB
[runlim] sample:		1210.00 time, 1210.01 real, 1084 MB
[runlim] sample:		1220.00 time, 1220.01 real, 1092 MB
[runlim] sample:		1230.00 time, 1230.01 real, 1100 MB
[runlim] sample:		1240.00 time, 1240.01 real, 1105 MB
[runlim] sample:		1249.99 time, 1250.01 real, 1112 MB
[runlim] sample:		1260.00 time, 1260.01 real, 1136 MB
[runlim] sample:		1270.00 time, 1270.01 real, 1200 MB
[runlim] sample:		1280.00 time, 1280.01 real, 1146 MB
[runlim] sample:		1289.99 time, 1290.01 real, 1152 MB
[runlim] sample:		1300.00 time, 1300.01 real, 1188 MB
[runlim] sample:		1309.99 time, 1310.01 real, 1195 MB
[runlim] sample:		1319.99 time, 1320.01 real, 1203 MB
[runlim] sample:		1330.00 time, 1330.01 real, 1210 MB
[runlim] sample:		1339.99 time, 1340.01 real, 1142 MB
[runlim] sample:		1349.99 time, 1350.01 real, 1144 MB
[runlim] sample:		1359.99 time, 1360.01 real, 1163 MB
[runlim] sample:		1369.99 time, 1370.01 real, 1151 MB
[runlim] sample:		1379.99 time, 1380.01 real, 1160 MB
[runlim] sample:		1389.99 time, 1390.01 real, 1183 MB
[runlim] sample:		1400.00 time, 1400.01 real, 1191 MB
[runlim] sample:		1409.99 time, 1410.01 real, 1172 MB
[runlim] sample:		1420.00 time, 1420.01 real, 1192 MB
[runlim] sample:		1429.99 time, 1430.01 real, 1177 MB
[runlim] sample:		1440.00 time, 1440.01 real, 1200 MB
[runlim] sample:		1450.00 time, 1450.01 real, 1183 MB
[runlim] sample:		1460.00 time, 1460.01 real, 1205 MB
[runlim] sample:		1469.99 time, 1470.01 real, 1213 MB
[runlim] sample:		1480.00 time, 1480.01 real, 1221 MB
[runlim] sample:		1489.99 time, 1490.01 real, 1225 MB
[runlim] sample:		1500.00 time, 1500.01 real, 1244 MB
[runlim] sample:		1509.99 time, 1510.01 real, 1230 MB
[runlim] sample:		1519.99 time, 1520.01 real, 1255 MB
[runlim] sample:		1529.99 time, 1530.01 real, 1262 MB
[runlim] sample:		1539.99 time, 1540.01 real, 1265 MB
[runlim] sample:		1549.99 time, 1550.01 real, 1271 MB
[runlim] sample:		1559.99 time, 1560.01 real, 1301 MB
[runlim] sample:		1570.00 time, 1570.01 real, 1340 MB
[runlim] sample:		1579.99 time, 1580.01 real, 1401 MB
[runlim] sample:		1589.99 time, 1590.01 real, 1399 MB
[runlim] sample:		1599.99 time, 1600.01 real, 1422 MB
[runlim] sample:		1610.00 time, 1610.01 real, 1480 MB
[runlim] sample:		1619.99 time, 1620.01 real, 1467 MB
[runlim] sample:		1630.00 time, 1630.01 real, 1483 MB
[runlim] sample:		1639.99 time, 1640.01 real, 1491 MB
[runlim] sample:		1649.99 time, 1650.01 real, 1479 MB
[runlim] sample:		1660.00 time, 1660.01 real, 1486 MB
[runlim] sample:		1669.99 time, 1670.01 real, 1467 MB
[runlim] sample:		1680.00 time, 1680.01 real, 1495 MB
[runlim] sample:		1689.99 time, 1690.01 real, 1502 MB
[runlim] sample:		1700.00 time, 1700.01 real, 1484 MB
[runlim] sample:		1709.99 time, 1710.01 real, 1504 MB
[runlim] sample:		1719.99 time, 1720.01 real, 1485 MB
[runlim] sample:		1729.99 time, 1730.01 real, 1510 MB
[runlim] sample:		1739.99 time, 1740.01 real, 1493 MB
[runlim] sample:		1749.99 time, 1750.01 real, 1518 MB
[runlim] sample:		1760.00 time, 1760.01 real, 1497 MB
[runlim] sample:		1770.00 time, 1770.01 real, 1524 MB
[runlim] sample:		1779.99 time, 1780.01 real, 1525 MB
[runlim] sample:		1790.00 time, 1790.01 real, 1532 MB
[runlim] sample:		1800.00 time, 1800.01 real, 1546 MB
[runlim] sample:		1810.00 time, 1810.01 real, 1576 MB
[runlim] sample:		1820.00 time, 1820.01 real, 1601 MB
[runlim] sample:		1830.00 time, 1830.01 real, 1610 MB
[runlim] sample:		1839.99 time, 1840.01 real, 1620 MB
[runlim] sample:		1849.99 time, 1850.01 real, 1620 MB
[runlim] sample:		1860.00 time, 1860.01 real, 1601 MB
[runlim] sample:		1870.00 time, 1870.01 real, 1601 MB
[runlim] sample:		1879.99 time, 1880.01 real, 1602 MB
[runlim] sample:		1889.99 time, 1890.01 real, 1476 MB
[runlim] sample:		1899.99 time, 1900.01 real, 1502 MB
[runlim] sample:		1910.00 time, 1910.01 real, 1487 MB
[runlim] sample:		1920.00 time, 1920.01 real, 1508 MB
[runlim] sample:		1929.99 time, 1930.01 real, 1506 MB
[runlim] sample:		1940.00 time, 1940.01 real, 1506 MB
[runlim] sample:		1949.99 time, 1950.01 real, 1516 MB
[runlim] sample:		1960.00 time, 1960.01 real, 1516 MB
[runlim] sample:		1969.99 time, 1970.01 real, 1539 MB
[runlim] sample:		1979.99 time, 1980.01 real, 1521 MB
[runlim] sample:		1990.00 time, 1990.01 real, 1548 MB
[runlim] sample:		1999.99 time, 2000.01 real, 1528 MB
[runlim] sample:		2009.99 time, 2010.01 real, 1550 MB
[runlim] sample:		2020.00 time, 2020.01 real, 1535 MB
[runlim] sample:		2030.00 time, 2030.01 real, 1605 MB
[runlim] sample:		2040.00 time, 2040.01 real, 1632 MB
[runlim] sample:		2049.99 time, 2050.01 real, 1556 MB
[runlim] sample:		2060.00 time, 2060.01 real, 1585 MB
[runlim] sample:		2069.99 time, 2070.01 real, 1563 MB
[runlim] sample:		2079.99 time, 2080.01 real, 1602 MB
[runlim] sample:		2090.00 time, 2090.01 real, 1602 MB
[runlim] sample:		2100.00 time, 2100.01 real, 1622 MB
[runlim] sample:		2109.99 time, 2110.01 real, 1650 MB
[runlim] sample:		2119.99 time, 2120.01 real, 1658 MB
[runlim] sample:		2129.99 time, 2130.01 real, 1663 MB
[runlim] sample:		2139.99 time, 2140.01 real, 1671 MB
[runlim] sample:		2149.99 time, 2150.01 real, 1671 MB
[runlim] sample:		2159.99 time, 2160.01 real, 1651 MB
[runlim] sample:		2170.00 time, 2170.01 real, 1631 MB
[runlim] sample:		2179.99 time, 2180.01 real, 1662 MB
[runlim] sample:		2189.99 time, 2190.01 real, 1637 MB
[runlim] sample:		2199.99 time, 2200.01 real, 1637 MB
[runlim] sample:		2209.99 time, 2210.01 real, 1640 MB
[runlim] sample:		2220.00 time, 2220.01 real, 1640 MB
[runlim] sample:		2229.99 time, 2230.01 real, 1668 MB
[runlim] sample:		2240.00 time, 2240.01 real, 1643 MB
[runlim] sample:		2249.99 time, 2250.01 real, 1673 MB
[runlim] sample:		2259.99 time, 2260.01 real, 1676 MB
[runlim] sample:		2269.99 time, 2270.01 real, 1684 MB
[runlim] sample:		2279.99 time, 2280.01 real, 1691 MB
[runlim] sample:		2289.99 time, 2290.01 real, 1694 MB
[runlim] sample:		2299.99 time, 2300.01 real, 1701 MB
[runlim] sample:		2309.99 time, 2310.01 real, 1707 MB
[runlim] sample:		2319.99 time, 2320.01 real, 1685 MB
[runlim] sample:		2329.99 time, 2330.01 real, 1726 MB
[runlim] sample:		2339.99 time, 2340.01 real, 1726 MB
[runlim] sample:		2349.99 time, 2350.01 real, 1755 MB
[runlim] sample:		2359.99 time, 2360.01 real, 1763 MB
[runlim] sample:		2369.99 time, 2370.01 real, 1771 MB
[runlim] sample:		2379.99 time, 2380.01 real, 1778 MB
[runlim] sample:		2389.99 time, 2390.01 real, 1787 MB
[runlim] sample:		2399.99 time, 2400.01 real, 1779 MB
[runlim] sample:		2410.00 time, 2410.01 real, 1779 MB
[runlim] sample:		2419.99 time, 2420.01 real, 1742 MB
[runlim] sample:		2429.99 time, 2430.01 real, 1782 MB
[runlim] sample:		2439.99 time, 2440.01 real, 1839 MB
[runlim] sample:		2449.99 time, 2450.01 real, 1738 MB
[runlim] sample:		2459.99 time, 2460.01 real, 1768 MB
[runlim] sample:		2470.00 time, 2470.01 real, 1746 MB
[runlim] sample:		2479.99 time, 2480.01 real, 1746 MB
[runlim] sample:		2489.99 time, 2490.01 real, 1774 MB
[runlim] sample:		2499.99 time, 2500.01 real, 1783 MB
[runlim] sample:		2509.99 time, 2510.01 real, 1791 MB
[runlim] sample:		2519.99 time, 2520.01 real, 1765 MB
[runlim] sample:		2529.99 time, 2530.01 real, 1793 MB
[runlim] sample:		2539.99 time, 2540.01 real, 1769 MB
[runlim] sample:		2549.99 time, 2550.01 real, 1780 MB
[runlim] sample:		2560.00 time, 2560.01 real, 1808 MB
[runlim] sample:		2569.99 time, 2570.01 real, 1787 MB
[runlim] sample:		2579.99 time, 2580.01 real, 1817 MB
[runlim] sample:		2590.00 time, 2590.01 real, 1798 MB
[runlim] sample:		2600.00 time, 2600.01 real, 1796 MB
[runlim] sample:		2609.99 time, 2610.01 real, 1796 MB
[runlim] sample:		2619.99 time, 2620.01 real, 1824 MB
[runlim] sample:		2630.00 time, 2630.01 real, 1831 MB
[runlim] sample:		2639.99 time, 2640.01 real, 1863 MB
[runlim] sample:		2649.99 time, 2650.01 real, 1863 MB
[runlim] sample:		2660.00 time, 2660.01 real, 1865 MB
[runlim] sample:		2669.99 time, 2670.01 real, 1894 MB
[runlim] sample:		2679.99 time, 2680.01 real, 1945 MB
[runlim] sample:		2690.00 time, 2690.01 real, 1865 MB
[runlim] sample:		2700.00 time, 2700.01 real, 1890 MB
[runlim] sample:		2710.00 time, 2710.01 real, 1869 MB
[runlim] sample:		2719.99 time, 2720.01 real, 1896 MB
[runlim] sample:		2729.99 time, 2730.01 real, 1873 MB
[runlim] sample:		2739.99 time, 2740.01 real, 1873 MB
[runlim] sample:		2750.00 time, 2750.01 real, 1902 MB
[runlim] sample:		2760.00 time, 2760.01 real, 1910 MB
[runlim] sample:		2769.99 time, 2770.01 real, 1978 MB
[runlim] sample:		2779.99 time, 2780.01 real, 1917 MB
[runlim] sample:		2789.99 time, 2790.01 real, 1898 MB
[runlim] sample:		2800.00 time, 2800.01 real, 1898 MB
[runlim] sample:		2809.99 time, 2810.01 real, 1927 MB
[runlim] sample:		2819.99 time, 2820.01 real, 1901 MB
[runlim] sample:		2829.99 time, 2830.01 real, 1928 MB
[runlim] sample:		2839.99 time, 2840.01 real, 1904 MB
[runlim] sample:		2849.99 time, 2850.01 real, 1904 MB
[runlim] sample:		2859.99 time, 2860.01 real, 1935 MB
[runlim] sample:		2869.99 time, 2870.01 real, 1944 MB
[runlim] sample:		2879.99 time, 2880.01 real, 1946 MB
[runlim] sample:		2889.99 time, 2890.01 real, 1953 MB
[runlim] sample:		2900.00 time, 2900.01 real, 1927 MB
[runlim] sample:		2909.99 time, 2910.01 real, 1952 MB
[runlim] sample:		2920.00 time, 2920.01 real, 1932 MB
[runlim] sample:		2929.99 time, 2930.01 real, 1932 MB
[runlim] sample:		2939.99 time, 2940.01 real, 1932 MB
[runlim] sample:		2949.99 time, 2950.01 real, 1932 MB
[runlim] sample:		2959.99 time, 2960.01 real, 1937 MB
[runlim] sample:		2969.99 time, 2970.01 real, 1937 MB
[runlim] sample:		2979.99 time, 2980.01 real, 1949 MB
[runlim] sample:		2989.99 time, 2990.01 real, 1943 MB
[runlim] sample:		2999.99 time, 3000.01 real, 1943 MB
[runlim] sample:		3009.99 time, 3010.01 real, 1881 MB
[runlim] sample:		3020.00 time, 3020.01 real, 1938 MB
[runlim] sample:		3029.99 time, 3030.01 real, 1938 MB
[runlim] sample:		3039.99 time, 3040.01 real, 1935 MB
[runlim] sample:		3049.99 time, 3050.01 real, 1942 MB
[runlim] sample:		3059.99 time, 3060.01 real, 1921 MB
[runlim] sample:		3069.99 time, 3070.01 real, 1966 MB
[runlim] sample:		3079.99 time, 3080.01 real, 1943 MB
[runlim] sample:		3089.99 time, 3090.01 real, 1943 MB
[runlim] sample:		3099.99 time, 3100.01 real, 1975 MB
[runlim] sample:		3109.99 time, 3110.01 real, 1983 MB
[runlim] sample:		3119.99 time, 3120.01 real, 1990 MB
[runlim] sample:		3130.00 time, 3130.01 real, 1997 MB
[runlim] sample:		3139.99 time, 3140.01 real, 1975 MB
[runlim] sample:		3149.99 time, 3150.01 real, 2004 MB
[runlim] sample:		3159.99 time, 3160.01 real, 2010 MB
[runlim] sample:		3169.99 time, 3170.01 real, 2017 MB
[runlim] sample:		3179.99 time, 3180.01 real, 2019 MB
[runlim] sample:		3190.00 time, 3190.01 real, 1994 MB
[runlim] sample:		3199.99 time, 3200.01 real, 1994 MB
[runlim] sample:		3209.99 time, 3210.01 real, 2027 MB
[runlim] sample:		3219.99 time, 3220.01 real, 2033 MB
[runlim] sample:		3229.99 time, 3230.01 real, 2039 MB
[runlim] sample:		3239.99 time, 3240.01 real, 2039 MB
[runlim] sample:		3249.99 time, 3250.01 real, 2015 MB
[runlim] sample:		3259.99 time, 3260.01 real, 2033 MB
[runlim] sample:		3269.99 time, 3270.01 real, 2063 MB
[runlim] sample:		3279.99 time, 3280.01 real, 2040 MB
[runlim] sample:		3289.99 time, 3290.01 real, 2040 MB
[runlim] sample:		3299.99 time, 3300.01 real, 2040 MB
[runlim] sample:		3309.99 time, 3310.01 real, 2072 MB
[runlim] sample:		3320.00 time, 3320.01 real, 2081 MB
[runlim] sample:		3329.99 time, 3330.01 real, 2052 MB
[runlim] sample:		3339.99 time, 3340.01 real, 2070 MB
[runlim] sample:		3349.99 time, 3350.01 real, 2101 MB
[runlim] sample:		3359.99 time, 3360.01 real, 2107 MB
[runlim] sample:		3369.99 time, 3370.01 real, 2111 MB
[runlim] sample:		3379.99 time, 3380.01 real, 2118 MB
[runlim] sample:		3389.99 time, 3390.01 real, 2094 MB
[runlim] sample:		3399.99 time, 3400.01 real, 2123 MB
[runlim] sample:		3409.99 time, 3410.01 real, 2096 MB
[runlim] sample:		3419.99 time, 3420.01 real, 2096 MB
[runlim] sample:		3429.99 time, 3430.01 real, 2099 MB
[runlim] sample:		3440.00 time, 3440.01 real, 2200 MB
[runlim] sample:		3449.99 time, 3450.01 real, 2123 MB
[runlim] sample:		3460.00 time, 3460.01 real, 2123 MB
[runlim] sample:		3469.99 time, 3470.01 real, 2122 MB
[runlim] sample:		3480.00 time, 3480.01 real, 2106 MB
[runlim] sample:		3489.99 time, 3490.01 real, 2112 MB
[runlim] sample:		3499.99 time, 3500.01 real, 2119 MB
[runlim] sample:		3509.99 time, 3510.01 real, 2125 MB
[runlim] sample:		3519.99 time, 3520.01 real, 2132 MB
[runlim] sample:		3529.99 time, 3530.01 real, 2141 MB
[runlim] sample:		3539.99 time, 3540.01 real, 2137 MB
[runlim] sample:		3549.99 time, 3550.01 real, 2137 MB
[runlim] sample:		3559.99 time, 3560.01 real, 2137 MB
[runlim] sample:		3569.99 time, 3570.01 real, 2169 MB
[runlim] sample:		3579.99 time, 3580.01 real, 2145 MB
[runlim] sample:		3589.99 time, 3590.01 real, 2145 MB
[runlim] sample:		3599.99 time, 3600.01 real, 2176 MB
[runlim] end:			Wed Oct 16 10:21:08 2019
[runlim] status:		out of time
[runlim] result:		2
[runlim] children:		2
[runlim] real:			3600.10 seconds
[runlim] time:			3599.99 seconds
[runlim] space:			2211 MB
[runlim] samples:		36000
